C:\conda\envs\gnn\lib\site-packages\requests\__init__.py:86: RequestsDependencyWarning: Unable to find acceptable character detection dependency (chardet or charset_normalizer).
  warnings.warn(
C:\conda\envs\gnn\lib\site-packages\outdated\__init__.py:36: UserWarning: pkg_resources is deprecated as an API. See https://setuptools.pypa.io/en/latest/pkg_resources.html. The pkg_resources package is slated for removal as early as 2025-11-30. Refrain from using this package or pin to Setuptools<81.
  from pkg_resources import parse_version
Round    1/30  coverage=0.2534  prec@K=0.0105  accepted=19  loss=nan  (0.1s)
Round    2/30  coverage=0.2574  prec@K=0.0119  accepted=22  loss=nan  (0.1s)
Round    3/30  coverage=0.2608  prec@K=0.0103  accepted=19  loss=nan  (0.0s)
Round    4/30  coverage=0.2643  prec@K=0.0103  accepted=19  loss=nan  (0.0s)
Round    5/30  coverage=0.2677  prec@K=0.0104  accepted=19  loss=nan  (0.1s)
Round    6/30  coverage=0.2695  prec@K=0.0055  accepted=10  loss=nan  (0.1s)
Round    7/30  coverage=0.2704  prec@K=0.0027  accepted=5  loss=nan  (0.1s)
Round    8/30  coverage=0.2735  prec@K=0.0092  accepted=17  loss=nan  (0.1s)
Round    9/30  coverage=0.2784  prec@K=0.0147  accepted=27  loss=nan  (0.1s)
Round   10/30  coverage=0.2800  prec@K=0.0049  accepted=9  loss=nan  (0.1s)
Round   11/30  coverage=0.2829  prec@K=0.0087  accepted=16  loss=nan  (0.1s)
Round   12/30  coverage=0.2848  prec@K=0.0054  accepted=10  loss=nan  (0.1s)
Round   13/30  coverage=0.2884  prec@K=0.0109  accepted=20  loss=nan  (0.1s)
Round   14/30  coverage=0.2922  prec@K=0.0113  accepted=21  loss=nan  (0.1s)
Round   15/30  coverage=0.2944  prec@K=0.0065  accepted=12  loss=nan  (0.1s)
Round   16/30  coverage=0.2967  prec@K=0.0071  accepted=13  loss=nan  (0.1s)
Round   17/30  coverage=0.2985  prec@K=0.0054  accepted=10  loss=nan  (0.2s)
Round   18/30  coverage=0.3013  prec@K=0.0081  accepted=15  loss=nan  (0.2s)
Round   19/30  coverage=0.3052  prec@K=0.0119  accepted=22  loss=nan  (0.2s)
Round   20/30  coverage=0.3067  prec@K=0.0043  accepted=8  loss=nan  (0.2s)
Round   21/30  coverage=0.3103  prec@K=0.0108  accepted=20  loss=nan  (0.2s)
Round   22/30  coverage=0.3147  prec@K=0.0130  accepted=24  loss=nan  (0.2s)
Round   23/30  coverage=0.3183  prec@K=0.0108  accepted=20  loss=nan  (0.2s)
Round   24/30  coverage=0.3199  prec@K=0.0049  accepted=9  loss=nan  (0.2s)
Round   25/30  coverage=0.3212  prec@K=0.0038  accepted=7  loss=nan  (0.2s)
Round   26/30  coverage=0.3219  prec@K=0.0022  accepted=4  loss=nan  (0.3s)
Round   27/30  coverage=0.3246  prec@K=0.0081  accepted=15  loss=nan  (0.2s)
Round   28/30  coverage=0.3270  prec@K=0.0071  accepted=13  loss=nan  (0.3s)
Round   29/30  coverage=0.3279  prec@K=0.0027  accepted=5  loss=nan  (0.3s)
Round   30/30  coverage=0.3293  prec@K=0.0043  accepted=8  loss=nan  (0.3s)

结果已写入 results\online\algo_sweep_dnc_email_v2_s2\dnc_email_random/rounds.csv
