C:\conda\envs\gnn\lib\site-packages\requests\__init__.py:86: RequestsDependencyWarning: Unable to find acceptable character detection dependency (chardet or charset_normalizer).
  warnings.warn(
C:\conda\envs\gnn\lib\site-packages\outdated\__init__.py:36: UserWarning: pkg_resources is deprecated as an API. See https://setuptools.pypa.io/en/latest/pkg_resources.html. The pkg_resources package is slated for removal as early as 2025-11-30. Refrain from using this package or pin to Setuptools<81.
  from pkg_resources import parse_version
Round    1/30  coverage=0.2539  prec@K=0.0121  accepted=22  loss=nan  (0.1s)
Round    2/30  coverage=0.2592  prec@K=0.0157  accepted=29  loss=nan  (0.1s)
Round    3/30  coverage=0.2648  prec@K=0.0167  accepted=31  loss=nan  (0.0s)
Round    4/30  coverage=0.2712  prec@K=0.0189  accepted=35  loss=nan  (0.1s)
Round    5/30  coverage=0.2761  prec@K=0.0148  accepted=27  loss=nan  (0.1s)
Round    6/30  coverage=0.2795  prec@K=0.0104  accepted=19  loss=nan  (0.1s)
Round    7/30  coverage=0.2808  prec@K=0.0038  accepted=7  loss=nan  (0.1s)
Round    8/30  coverage=0.2911  prec@K=0.0307  accepted=57  loss=nan  (0.1s)
Round    9/30  coverage=0.3007  prec@K=0.0288  accepted=53  loss=nan  (0.1s)
Round   10/30  coverage=0.3058  prec@K=0.0152  accepted=28  loss=nan  (0.1s)
Round   11/30  coverage=0.3127  prec@K=0.0206  accepted=38  loss=nan  (0.1s)
Round   12/30  coverage=0.3161  prec@K=0.0104  accepted=19  loss=nan  (0.1s)
Round   13/30  coverage=0.3197  prec@K=0.0109  accepted=20  loss=nan  (0.1s)
Round   14/30  coverage=0.3254  prec@K=0.0167  accepted=31  loss=nan  (0.1s)
Round   15/30  coverage=0.3292  prec@K=0.0114  accepted=21  loss=nan  (0.1s)
Round   16/30  coverage=0.3348  prec@K=0.0169  accepted=31  loss=nan  (0.2s)
Round   17/30  coverage=0.3380  prec@K=0.0098  accepted=18  loss=nan  (0.2s)
Round   18/30  coverage=0.3409  prec@K=0.0087  accepted=16  loss=nan  (0.2s)
Round   19/30  coverage=0.3462  prec@K=0.0157  accepted=29  loss=nan  (0.2s)
Round   20/30  coverage=0.3507  prec@K=0.0137  accepted=25  loss=nan  (0.2s)
Round   21/30  coverage=0.3571  prec@K=0.0188  accepted=35  loss=nan  (0.2s)
Round   22/30  coverage=0.3618  prec@K=0.0140  accepted=26  loss=nan  (0.2s)
Round   23/30  coverage=0.3660  prec@K=0.0125  accepted=23  loss=nan  (0.2s)
Round   24/30  coverage=0.3667  prec@K=0.0022  accepted=4  loss=nan  (0.2s)
Round   25/30  coverage=0.3716  prec@K=0.0147  accepted=27  loss=nan  (0.2s)
Round   26/30  coverage=0.3739  prec@K=0.0071  accepted=13  loss=nan  (0.3s)
Round   27/30  coverage=0.3776  prec@K=0.0109  accepted=20  loss=nan  (0.2s)
Round   28/30  coverage=0.3817  prec@K=0.0126  accepted=23  loss=nan  (0.3s)
Round   29/30  coverage=0.3821  prec@K=0.0011  accepted=2  loss=nan  (0.3s)
Round   30/30  coverage=0.3834  prec@K=0.0038  accepted=7  loss=nan  (0.3s)

结果已写入 results\online\algo_sweep_dnc_email_v2_s2\dnc_email_jaccard/rounds.csv
