C:\conda\envs\gnn\lib\site-packages\requests\__init__.py:86: RequestsDependencyWarning: Unable to find acceptable character detection dependency (chardet or charset_normalizer).
  warnings.warn(
C:\conda\envs\gnn\lib\site-packages\outdated\__init__.py:36: UserWarning: pkg_resources is deprecated as an API. See https://setuptools.pypa.io/en/latest/pkg_resources.html. The pkg_resources package is slated for removal as early as 2025-11-30. Refrain from using this package or pin to Setuptools<81.
  from pkg_resources import parse_version
Round    1/30  coverage=0.2500  prec@K=0.0017  accepted=26  loss=nan  (12.8s)
Round    2/30  coverage=0.2501  prec@K=0.0025  accepted=38  loss=nan  (15.1s)
Round    3/30  coverage=0.2502  prec@K=0.0031  accepted=47  loss=nan  (19.2s)
Round    4/30  coverage=0.2503  prec@K=0.0037  accepted=55  loss=nan  (23.5s)
Round    5/30  coverage=0.2504  prec@K=0.0032  accepted=48  loss=nan  (27.2s)
Round    6/30  coverage=0.2504  prec@K=0.0020  accepted=30  loss=nan  (30.6s)
Round    7/30  coverage=0.2505  prec@K=0.0023  accepted=35  loss=nan  (34.1s)
Round    8/30  coverage=0.2505  prec@K=0.0009  accepted=13  loss=nan  (37.7s)
Round    9/30  coverage=0.2506  prec@K=0.0016  accepted=24  loss=nan  (40.8s)
Round   10/30  coverage=0.2506  prec@K=0.0019  accepted=28  loss=nan  (42.7s)
Round   11/30  coverage=0.2507  prec@K=0.0019  accepted=29  loss=nan  (49.5s)
Round   12/30  coverage=0.2507  prec@K=0.0019  accepted=28  loss=nan  (46.6s)
Round   13/30  coverage=0.2508  prec@K=0.0018  accepted=27  loss=nan  (52.5s)
Round   14/30  coverage=0.2508  prec@K=0.0015  accepted=23  loss=nan  (55.4s)
Round   15/30  coverage=0.2509  prec@K=0.0021  accepted=31  loss=nan  (58.6s)
Round   16/30  coverage=0.2510  prec@K=0.0030  accepted=45  loss=nan  (60.2s)
Round   17/30  coverage=0.2510  prec@K=0.0013  accepted=20  loss=nan  (63.4s)
Round   18/30  coverage=0.2511  prec@K=0.0022  accepted=33  loss=nan  (69.2s)
Round   19/30  coverage=0.2511  prec@K=0.0023  accepted=35  loss=nan  (69.1s)
Round   20/30  coverage=0.2512  prec@K=0.0029  accepted=44  loss=nan  (72.0s)
Round   21/30  coverage=0.2513  prec@K=0.0019  accepted=28  loss=nan  (79.1s)
Round   22/30  coverage=0.2513  prec@K=0.0012  accepted=18  loss=nan  (80.0s)
Round   23/30  coverage=0.2514  prec@K=0.0029  accepted=43  loss=nan  (83.0s)
Round   24/30  coverage=0.2514  prec@K=0.0014  accepted=21  loss=nan  (84.6s)
Round   25/30  coverage=0.2515  prec@K=0.0020  accepted=30  loss=nan  (88.8s)
Round   26/30  coverage=0.2515  prec@K=0.0027  accepted=41  loss=nan  (89.0s)
Round   27/30  coverage=0.2516  prec@K=0.0017  accepted=25  loss=nan  (92.1s)
Round   28/30  coverage=0.2516  prec@K=0.0021  accepted=31  loss=nan  (94.1s)
Round   29/30  coverage=0.2517  prec@K=0.0019  accepted=28  loss=nan  (98.5s)
Round   30/30  coverage=0.2518  prec@K=0.0030  accepted=45  loss=nan  (103.5s)

结果已写入 results\online\algo_sweep_sx_askubuntu_v2_s1\sx_askubuntu_ground_truth/rounds.csv
