C:\conda\envs\gnn\lib\site-packages\requests\__init__.py:86: RequestsDependencyWarning: Unable to find acceptable character detection dependency (chardet or charset_normalizer).
  warnings.warn(
C:\conda\envs\gnn\lib\site-packages\outdated\__init__.py:36: UserWarning: pkg_resources is deprecated as an API. See https://setuptools.pypa.io/en/latest/pkg_resources.html. The pkg_resources package is slated for removal as early as 2025-11-30. Refrain from using this package or pin to Setuptools<81.
  from pkg_resources import parse_version
Round    1/30  coverage=0.2500  prec@K=0.0005  accepted=8  loss=0.7516  (17.3s)
Round    2/30  coverage=0.2500  prec@K=0.0005  accepted=7  loss=0.7500  (18.0s)
Round    3/30  coverage=0.2500  prec@K=0.0003  accepted=5  loss=0.7472  (28.0s)
Round    4/30  coverage=0.2500  prec@K=0.0004  accepted=6  loss=0.7414  (27.0s)
Round    5/30  coverage=0.2501  prec@K=0.0004  accepted=6  loss=0.7345  (31.4s)
Round    6/30  coverage=0.2501  prec@K=0.0002  accepted=3  loss=0.7262  (34.6s)
Round    7/30  coverage=0.2501  prec@K=0.0004  accepted=6  loss=0.7174  (39.9s)
Round    8/30  coverage=0.2501  prec@K=0.0003  accepted=4  loss=0.7088  (42.9s)
Round    9/30  coverage=0.2501  prec@K=0.0004  accepted=6  loss=0.7007  (46.4s)
Round   10/30  coverage=0.2501  prec@K=0.0001  accepted=1  loss=0.6926  (48.6s)
Round   11/30  coverage=0.2501  prec@K=0.0002  accepted=3  loss=0.6855  (55.6s)
Round   12/30  coverage=0.2501  prec@K=0.0003  accepted=4  loss=0.6775  (68.0s)
Round   13/30  coverage=0.2501  prec@K=0.0003  accepted=4  loss=0.6716  (59.5s)
Round   14/30  coverage=0.2501  prec@K=0.0005  accepted=7  loss=0.6672  (60.8s)
Round   15/30  coverage=0.2501  prec@K=0.0007  accepted=11  loss=0.6636  (66.9s)
Round   16/30  coverage=0.2502  prec@K=0.0004  accepted=6  loss=0.6601  (69.2s)
Round   17/30  coverage=0.2502  prec@K=0.0002  accepted=3  loss=0.6573  (70.2s)
Round   18/30  coverage=0.2502  prec@K=0.0003  accepted=5  loss=0.6545  (79.5s)
Round   19/30  coverage=0.2502  prec@K=0.0004  accepted=6  loss=0.6522  (75.4s)
Round   20/30  coverage=0.2502  prec@K=0.0003  accepted=5  loss=0.6495  (79.4s)
Round   21/30  coverage=0.2502  prec@K=0.0002  accepted=3  loss=0.6472  (83.4s)
Round   22/30  coverage=0.2502  prec@K=0.0005  accepted=7  loss=0.6462  (85.9s)
Round   23/30  coverage=0.2502  prec@K=0.0006  accepted=9  loss=0.6442  (99.6s)
Round   24/30  coverage=0.2502  prec@K=0.0002  accepted=3  loss=0.6434  (100.0s)
Round   25/30  coverage=0.2502  prec@K=0.0005  accepted=7  loss=0.6422  (111.2s)
Round   26/30  coverage=0.2503  prec@K=0.0006  accepted=9  loss=0.6410  (96.6s)
Round   27/30  coverage=0.2503  prec@K=0.0008  accepted=12  loss=0.6415  (98.7s)
Round   28/30  coverage=0.2503  prec@K=0.0002  accepted=3  loss=0.6400  (110.1s)
Round   29/30  coverage=0.2503  prec@K=0.0007  accepted=10  loss=0.6401  (107.8s)
Round   30/30  coverage=0.2503  prec@K=0.0005  accepted=7  loss=0.6409  (112.2s)

结果已写入 results\online\algo_sweep_sx_askubuntu_v2_s1\sx_askubuntu_gnn_concat_h8/rounds.csv
