C:\conda\envs\gnn\lib\site-packages\requests\__init__.py:86: RequestsDependencyWarning: Unable to find acceptable character detection dependency (chardet or charset_normalizer).
  warnings.warn(
C:\conda\envs\gnn\lib\site-packages\outdated\__init__.py:36: UserWarning: pkg_resources is deprecated as an API. See https://setuptools.pypa.io/en/latest/pkg_resources.html. The pkg_resources package is slated for removal as early as 2025-11-30. Refrain from using this package or pin to Setuptools<81.
  from pkg_resources import parse_version
Round    1/30  coverage=0.4000  prec@K=0.0031  accepted=23  loss=0.5532  (6.3s)
Round    2/30  coverage=0.4001  prec@K=0.0033  accepted=24  loss=0.5533  (2.9s)
Round    3/30  coverage=0.4001  prec@K=0.0035  accepted=25  loss=0.5520  (3.6s)
Round    4/30  coverage=0.4002  prec@K=0.0036  accepted=26  loss=0.5502  (3.8s)
Round    5/30  coverage=0.4003  prec@K=0.0046  accepted=34  loss=0.5490  (4.6s)
Round    6/30  coverage=0.4003  prec@K=0.0037  accepted=27  loss=0.5451  (11.9s)
Round    7/30  coverage=0.4004  prec@K=0.0051  accepted=37  loss=0.5426  (7.3s)
Round    8/30  coverage=0.4004  prec@K=0.0042  accepted=30  loss=0.5395  (6.2s)
Round    9/30  coverage=0.4005  prec@K=0.0032  accepted=24  loss=0.5367  (7.0s)
Round   10/30  coverage=0.4005  prec@K=0.0019  accepted=14  loss=0.5301  (7.6s)
Round   11/30  coverage=0.4006  prec@K=0.0029  accepted=21  loss=0.5276  (14.0s)
Round   12/30  coverage=0.4006  prec@K=0.0032  accepted=23  loss=0.5253  (8.8s)
Round   13/30  coverage=0.4007  prec@K=0.0043  accepted=31  loss=0.5251  (9.7s)
Round   14/30  coverage=0.4007  prec@K=0.0036  accepted=26  loss=0.5199  (10.8s)
Round   15/30  coverage=0.4008  prec@K=0.0034  accepted=25  loss=0.5158  (11.1s)
Round   16/30  coverage=0.4008  prec@K=0.0035  accepted=26  loss=0.5153  (12.4s)
Round   17/30  coverage=0.4009  prec@K=0.0034  accepted=25  loss=0.5130  (12.5s)
Round   18/30  coverage=0.4009  prec@K=0.0026  accepted=19  loss=0.5090  (18.2s)
Round   19/30  coverage=0.4010  prec@K=0.0047  accepted=34  loss=0.5092  (17.6s)
Round   20/30  coverage=0.4010  prec@K=0.0050  accepted=36  loss=0.5090  (14.7s)
Round   21/30  coverage=0.4011  prec@K=0.0028  accepted=20  loss=0.5035  (18.3s)
Round   22/30  coverage=0.4011  prec@K=0.0023  accepted=17  loss=0.5017  (16.0s)
Round   23/30  coverage=0.4011  prec@K=0.0029  accepted=21  loss=0.5014  (16.4s)
Round   24/30  coverage=0.4012  prec@K=0.0021  accepted=15  loss=0.4988  (27.2s)
Round   25/30  coverage=0.4012  prec@K=0.0020  accepted=15  loss=0.4988  (17.1s)
Round   26/30  coverage=0.4012  prec@K=0.0033  accepted=24  loss=0.5002  (18.6s)
Round   27/30  coverage=0.4013  prec@K=0.0021  accepted=15  loss=0.4985  (19.3s)
Round   28/30  coverage=0.4013  prec@K=0.0021  accepted=15  loss=0.4973  (19.1s)
Round   29/30  coverage=0.4013  prec@K=0.0026  accepted=19  loss=0.4982  (19.9s)
Round   30/30  coverage=0.4014  prec@K=0.0036  accepted=26  loss=0.4997  (20.1s)

结果已写入 results\online\algo_sweep_slashdot_v2_ir40_s0\slashdot_gnn_sum_h8/rounds.csv
