C:\conda\envs\gnn\lib\site-packages\requests\__init__.py:86: RequestsDependencyWarning: Unable to find acceptable character detection dependency (chardet or charset_normalizer).
  warnings.warn(
C:\conda\envs\gnn\lib\site-packages\outdated\__init__.py:36: UserWarning: pkg_resources is deprecated as an API. See https://setuptools.pypa.io/en/latest/pkg_resources.html. The pkg_resources package is slated for removal as early as 2025-11-30. Refrain from using this package or pin to Setuptools<81.
  from pkg_resources import parse_version
Round    1/30  coverage=0.4057  prec@K=0.0177  accepted=32  loss=nan  (0.1s)
Round    2/30  coverage=0.4171  prec@K=0.0347  accepted=63  loss=nan  (0.1s)
Round    3/30  coverage=0.4245  prec@K=0.0226  accepted=41  loss=nan  (0.1s)
Round    4/30  coverage=0.4316  prec@K=0.0214  accepted=39  loss=nan  (0.1s)
Round    5/30  coverage=0.4374  prec@K=0.0174  accepted=32  loss=nan  (0.1s)
Round    6/30  coverage=0.4428  prec@K=0.0164  accepted=30  loss=nan  (0.1s)
Round    7/30  coverage=0.4466  prec@K=0.0116  accepted=21  loss=nan  (0.1s)
Round    8/30  coverage=0.4557  prec@K=0.0269  accepted=50  loss=nan  (0.1s)
Round    9/30  coverage=0.4655  prec@K=0.0295  accepted=54  loss=nan  (0.1s)
Round   10/30  coverage=0.4695  prec@K=0.0119  accepted=22  loss=nan  (0.1s)
Round   11/30  coverage=0.4769  prec@K=0.0223  accepted=41  loss=nan  (0.2s)
Round   12/30  coverage=0.4807  prec@K=0.0116  accepted=21  loss=nan  (0.1s)
Round   13/30  coverage=0.4854  prec@K=0.0140  accepted=26  loss=nan  (0.1s)
Round   14/30  coverage=0.4903  prec@K=0.0148  accepted=27  loss=nan  (0.1s)
Round   15/30  coverage=0.4939  prec@K=0.0109  accepted=20  loss=nan  (0.2s)
Round   16/30  coverage=0.5008  prec@K=0.0209  accepted=38  loss=nan  (0.2s)
Round   17/30  coverage=0.5039  prec@K=0.0093  accepted=17  loss=nan  (0.2s)
Round   18/30  coverage=0.5073  prec@K=0.0103  accepted=19  loss=nan  (0.2s)
Round   19/30  coverage=0.5124  prec@K=0.0153  accepted=28  loss=nan  (0.2s)
Round   20/30  coverage=0.5157  prec@K=0.0098  accepted=18  loss=nan  (0.2s)
Round   21/30  coverage=0.5220  prec@K=0.0190  accepted=35  loss=nan  (0.2s)
Round   22/30  coverage=0.5271  prec@K=0.0152  accepted=28  loss=nan  (0.2s)
Round   23/30  coverage=0.5302  prec@K=0.0093  accepted=17  loss=nan  (0.2s)
Round   24/30  coverage=0.5322  prec@K=0.0060  accepted=11  loss=nan  (0.2s)
Round   25/30  coverage=0.5343  prec@K=0.0066  accepted=12  loss=nan  (0.2s)
Round   26/30  coverage=0.5362  prec@K=0.0055  accepted=10  loss=nan  (0.3s)
Round   27/30  coverage=0.5383  prec@K=0.0066  accepted=12  loss=nan  (0.3s)
Round   28/30  coverage=0.5420  prec@K=0.0109  accepted=20  loss=nan  (0.3s)
Round   29/30  coverage=0.5447  prec@K=0.0082  accepted=15  loss=nan  (0.3s)
Round   30/30  coverage=0.5461  prec@K=0.0044  accepted=8  loss=nan  (0.3s)

结果已写入 results\online\algo_sweep_dnc_email_v2_ir40_s2\dnc_email_aa/rounds.csv
