C:\conda\envs\gnn\lib\site-packages\requests\__init__.py:86: RequestsDependencyWarning: Unable to find acceptable character detection dependency (chardet or charset_normalizer).
  warnings.warn(
C:\conda\envs\gnn\lib\site-packages\outdated\__init__.py:36: UserWarning: pkg_resources is deprecated as an API. See https://setuptools.pypa.io/en/latest/pkg_resources.html. The pkg_resources package is slated for removal as early as 2025-11-30. Refrain from using this package or pin to Setuptools<81.
  from pkg_resources import parse_version
Round    1/30  coverage=0.4033  prec@K=0.0105  accepted=19  loss=nan  (0.1s)
Round    2/30  coverage=0.4100  prec@K=0.0204  accepted=37  loss=nan  (0.1s)
Round    3/30  coverage=0.4162  prec@K=0.0187  accepted=34  loss=nan  (0.1s)
Round    4/30  coverage=0.4216  prec@K=0.0164  accepted=30  loss=nan  (0.1s)
Round    5/30  coverage=0.4250  prec@K=0.0104  accepted=19  loss=nan  (0.1s)
Round    6/30  coverage=0.4281  prec@K=0.0093  accepted=17  loss=nan  (0.1s)
Round    7/30  coverage=0.4303  prec@K=0.0066  accepted=12  loss=nan  (0.1s)
Round    8/30  coverage=0.4372  prec@K=0.0204  accepted=38  loss=nan  (0.1s)
Round    9/30  coverage=0.4432  prec@K=0.0180  accepted=33  loss=nan  (0.1s)
Round   10/30  coverage=0.4472  prec@K=0.0119  accepted=22  loss=nan  (0.1s)
Round   11/30  coverage=0.4526  prec@K=0.0163  accepted=30  loss=nan  (0.1s)
Round   12/30  coverage=0.4564  prec@K=0.0116  accepted=21  loss=nan  (0.1s)
Round   13/30  coverage=0.4589  prec@K=0.0076  accepted=14  loss=nan  (0.1s)
Round   14/30  coverage=0.4647  prec@K=0.0175  accepted=32  loss=nan  (0.1s)
Round   15/30  coverage=0.4689  prec@K=0.0125  accepted=23  loss=nan  (0.1s)
Round   16/30  coverage=0.4729  prec@K=0.0121  accepted=22  loss=nan  (0.2s)
Round   17/30  coverage=0.4763  prec@K=0.0104  accepted=19  loss=nan  (0.1s)
Round   18/30  coverage=0.4789  prec@K=0.0076  accepted=14  loss=nan  (0.2s)
Round   19/30  coverage=0.4840  prec@K=0.0153  accepted=28  loss=nan  (0.2s)
Round   20/30  coverage=0.4883  prec@K=0.0129  accepted=24  loss=nan  (0.2s)
Round   21/30  coverage=0.4941  prec@K=0.0174  accepted=32  loss=nan  (0.2s)
Round   22/30  coverage=0.4977  prec@K=0.0108  accepted=20  loss=nan  (0.2s)
Round   23/30  coverage=0.5006  prec@K=0.0088  accepted=16  loss=nan  (0.2s)
Round   24/30  coverage=0.5019  prec@K=0.0038  accepted=7  loss=nan  (0.2s)
Round   25/30  coverage=0.5053  prec@K=0.0104  accepted=19  loss=nan  (0.2s)
Round   26/30  coverage=0.5063  prec@K=0.0028  accepted=5  loss=nan  (0.2s)
Round   27/30  coverage=0.5090  prec@K=0.0082  accepted=15  loss=nan  (0.2s)
Round   28/30  coverage=0.5139  prec@K=0.0147  accepted=27  loss=nan  (0.2s)
Round   29/30  coverage=0.5153  prec@K=0.0044  accepted=8  loss=nan  (0.3s)
Round   30/30  coverage=0.5162  prec@K=0.0027  accepted=5  loss=nan  (0.3s)

结果已写入 results\online\algo_sweep_dnc_email_v2_ir40_s2\dnc_email_jaccard/rounds.csv
