C:\conda\envs\gnn\lib\site-packages\requests\__init__.py:86: RequestsDependencyWarning: Unable to find acceptable character detection dependency (chardet or charset_normalizer).
  warnings.warn(
C:\conda\envs\gnn\lib\site-packages\outdated\__init__.py:36: UserWarning: pkg_resources is deprecated as an API. See https://setuptools.pypa.io/en/latest/pkg_resources.html. The pkg_resources package is slated for removal as early as 2025-11-30. Refrain from using this package or pin to Setuptools<81.
  from pkg_resources import parse_version
Round    1/30  coverage=0.4006  prec@K=0.0022  accepted=4  loss=0.6829  (0.1s)
Round    2/30  coverage=0.4020  prec@K=0.0044  accepted=8  loss=0.6821  (0.1s)
Round    3/30  coverage=0.4026  prec@K=0.0017  accepted=3  loss=0.6797  (0.1s)
Round    4/30  coverage=0.4026  prec@K=0.0000  accepted=0  loss=nan  (0.1s)
Round    5/30  coverage=0.4029  prec@K=0.0011  accepted=2  loss=0.6799  (0.1s)
Round    6/30  coverage=0.4029  prec@K=0.0000  accepted=0  loss=nan  (0.1s)
Round    7/30  coverage=0.4035  prec@K=0.0017  accepted=3  loss=0.6792  (0.1s)
Round    8/30  coverage=0.4035  prec@K=0.0000  accepted=0  loss=nan  (0.1s)
Round    9/30  coverage=0.4037  prec@K=0.0005  accepted=1  loss=0.6775  (0.2s)
Round   10/30  coverage=0.4038  prec@K=0.0005  accepted=1  loss=0.6763  (0.1s)
Round   11/30  coverage=0.4040  prec@K=0.0005  accepted=1  loss=0.6758  (0.2s)
Round   12/30  coverage=0.4040  prec@K=0.0000  accepted=0  loss=nan  (0.2s)
Round   13/30  coverage=0.4042  prec@K=0.0005  accepted=1  loss=0.6744  (0.2s)
Round   14/30  coverage=0.4049  prec@K=0.0022  accepted=4  loss=0.6733  (0.2s)
Round   15/30  coverage=0.4051  prec@K=0.0005  accepted=1  loss=0.6726  (0.2s)
Round   16/30  coverage=0.4053  prec@K=0.0005  accepted=1  loss=0.6718  (0.2s)
Round   17/30  coverage=0.4053  prec@K=0.0000  accepted=0  loss=nan  (0.1s)
Round   18/30  coverage=0.4055  prec@K=0.0005  accepted=1  loss=0.6709  (0.2s)
Round   19/30  coverage=0.4060  prec@K=0.0016  accepted=3  loss=0.6696  (0.2s)
Round   20/30  coverage=0.4060  prec@K=0.0000  accepted=0  loss=nan  (0.2s)
Round   21/30  coverage=0.4060  prec@K=0.0000  accepted=0  loss=nan  (0.2s)
Round   22/30  coverage=0.4060  prec@K=0.0000  accepted=0  loss=nan  (0.2s)
Round   23/30  coverage=0.4060  prec@K=0.0000  accepted=0  loss=nan  (0.2s)
Round   24/30  coverage=0.4062  prec@K=0.0005  accepted=1  loss=0.6690  (0.2s)
Round   25/30  coverage=0.4062  prec@K=0.0000  accepted=0  loss=nan  (0.2s)
Round   26/30  coverage=0.4062  prec@K=0.0000  accepted=0  loss=nan  (0.2s)
Round   27/30  coverage=0.4062  prec@K=0.0000  accepted=0  loss=nan  (0.2s)
Round   28/30  coverage=0.4064  prec@K=0.0005  accepted=1  loss=0.6676  (0.3s)
Round   29/30  coverage=0.4071  prec@K=0.0022  accepted=4  loss=0.6670  (0.3s)
Round   30/30  coverage=0.4073  prec@K=0.0005  accepted=1  loss=0.6662  (0.3s)

结果已写入 results\online\algo_sweep_dnc_email_v2_ir40_s2\dnc_email_mlp/rounds.csv
