C:\conda\envs\gnn\lib\site-packages\requests\__init__.py:86: RequestsDependencyWarning: Unable to find acceptable character detection dependency (chardet or charset_normalizer).
  warnings.warn(
C:\conda\envs\gnn\lib\site-packages\outdated\__init__.py:36: UserWarning: pkg_resources is deprecated as an API. See https://setuptools.pypa.io/en/latest/pkg_resources.html. The pkg_resources package is slated for removal as early as 2025-11-30. Refrain from using this package or pin to Setuptools<81.
  from pkg_resources import parse_version
Round    1/40  coverage=0.3266  prec@K=0.0074  accepted=12  loss=0.7597  (0.8s)
Round    2/40  coverage=0.3295  prec@K=0.0104  accepted=16  loss=0.7582  (0.4s)
Round    3/40  coverage=0.3328  prec@K=0.0113  accepted=18  loss=0.7580  (0.4s)
Round    4/40  coverage=0.3342  prec@K=0.0049  accepted=8  loss=0.7585  (0.4s)
Round    5/40  coverage=0.3355  prec@K=0.0044  accepted=7  loss=0.7574  (0.4s)
Round    6/40  coverage=0.3366  prec@K=0.0039  accepted=6  loss=0.7556  (0.4s)
Round    7/40  coverage=0.3377  prec@K=0.0038  accepted=6  loss=0.7527  (0.4s)
Round    8/40  coverage=0.3388  prec@K=0.0037  accepted=6  loss=0.7496  (0.5s)
Round    9/40  coverage=0.3391  prec@K=0.0013  accepted=2  loss=0.7460  (0.4s)
Round   10/40  coverage=0.3397  prec@K=0.0019  accepted=3  loss=0.7422  (0.5s)
Round   11/40  coverage=0.3409  prec@K=0.0046  accepted=7  loss=0.7382  (0.5s)
Round   12/40  coverage=0.3419  prec@K=0.0032  accepted=5  loss=0.7349  (0.7s)
Round   13/40  coverage=0.3428  prec@K=0.0032  accepted=5  loss=0.7315  (0.5s)
Round   14/40  coverage=0.3437  prec@K=0.0032  accepted=5  loss=0.7277  (0.5s)
Round   15/40  coverage=0.3448  prec@K=0.0039  accepted=6  loss=0.7236  (0.5s)
Round   16/40  coverage=0.3453  prec@K=0.0019  accepted=3  loss=0.7208  (0.5s)
Round   17/40  coverage=0.3457  prec@K=0.0013  accepted=2  loss=0.7173  (0.5s)
Round   18/40  coverage=0.3462  prec@K=0.0019  accepted=3  loss=0.7140  (0.5s)
Round   19/40  coverage=0.3475  prec@K=0.0044  accepted=7  loss=0.7109  (0.6s)
Round   20/40  coverage=0.3495  prec@K=0.0070  accepted=11  loss=0.7081  (0.6s)
Round   21/40  coverage=0.3507  prec@K=0.0043  accepted=7  loss=0.7061  (0.6s)
Round   22/40  coverage=0.3516  prec@K=0.0030  accepted=5  loss=0.7034  (0.5s)
Round   23/40  coverage=0.3538  prec@K=0.0076  accepted=12  loss=0.7010  (0.5s)
Round   24/40  coverage=0.3547  prec@K=0.0031  accepted=5  loss=0.6991  (0.6s)
Round   25/40  coverage=0.3554  prec@K=0.0026  accepted=4  loss=0.6970  (0.5s)
Round   26/40  coverage=0.3564  prec@K=0.0032  accepted=5  loss=0.6953  (0.6s)
Round   27/40  coverage=0.3571  prec@K=0.0025  accepted=4  loss=0.6935  (0.6s)
Round   28/40  coverage=0.3582  prec@K=0.0038  accepted=6  loss=0.6921  (0.5s)
Round   29/40  coverage=0.3589  prec@K=0.0025  accepted=4  loss=0.6908  (0.5s)
Round   30/40  coverage=0.3593  prec@K=0.0013  accepted=2  loss=0.6896  (0.5s)
Round   31/40  coverage=0.3598  prec@K=0.0019  accepted=3  loss=0.6887  (0.8s)
Round   32/40  coverage=0.3603  prec@K=0.0019  accepted=3  loss=0.6879  (0.6s)
Round   33/40  coverage=0.3609  prec@K=0.0019  accepted=3  loss=0.6872  (0.6s)
Round   34/40  coverage=0.3609  prec@K=0.0000  accepted=0  loss=0.6866  (0.6s)
Round   35/40  coverage=0.3612  prec@K=0.0012  accepted=2  loss=0.6862  (0.6s)
Round   36/40  coverage=0.3618  prec@K=0.0019  accepted=3  loss=0.6859  (0.6s)
Round   37/40  coverage=0.3618  prec@K=0.0000  accepted=0  loss=0.6856  (0.6s)
Round   38/40  coverage=0.3620  prec@K=0.0006  accepted=1  loss=0.6855  (0.6s)
Round   39/40  coverage=0.3623  prec@K=0.0012  accepted=2  loss=0.6854  (0.6s)
Round   40/40  coverage=0.3623  prec@K=0.0000  accepted=0  loss=0.6853  (0.6s)

˝áąűŇŃĐ´Čë results\online\init_strategy_sweep_dnc_email\all_covered_gnn/rounds.csv
