C:\conda\envs\gnn\lib\site-packages\requests\__init__.py:86: RequestsDependencyWarning: Unable to find acceptable character detection dependency (chardet or charset_normalizer).
  warnings.warn(
C:\conda\envs\gnn\lib\site-packages\outdated\__init__.py:36: UserWarning: pkg_resources is deprecated as an API. See https://setuptools.pypa.io/en/latest/pkg_resources.html. The pkg_resources package is slated for removal as early as 2025-11-30. Refrain from using this package or pin to Setuptools<81.
  from pkg_resources import parse_version
Round    1/40  coverage=0.2795  prec@K=0.0900  accepted=163  loss=nan  (0.1s)
Round    2/40  coverage=0.3130  prec@K=0.1011  accepted=185  loss=nan  (0.2s)
Round    3/40  coverage=0.3478  prec@K=0.1037  accepted=192  loss=nan  (0.1s)
Round    4/40  coverage=0.3805  prec@K=0.0989  accepted=180  loss=nan  (0.1s)
Round    5/40  coverage=0.4111  prec@K=0.0920  accepted=169  loss=nan  (0.1s)
Round    6/40  coverage=0.4405  prec@K=0.0892  accepted=162  loss=nan  (0.1s)
Round    7/40  coverage=0.4666  prec@K=0.0783  accepted=144  loss=nan  (0.1s)
Round    8/40  coverage=0.4872  prec@K=0.0625  accepted=114  loss=nan  (0.1s)
Round    9/40  coverage=0.5075  prec@K=0.0610  accepted=112  loss=nan  (0.1s)
Round   10/40  coverage=0.5253  prec@K=0.0535  accepted=98  loss=nan  (0.1s)
Round   11/40  coverage=0.5412  prec@K=0.0478  accepted=88  loss=nan  (0.2s)
Round   12/40  coverage=0.5499  prec@K=0.0259  accepted=48  loss=nan  (0.2s)
Round   13/40  coverage=0.5565  prec@K=0.0197  accepted=36  loss=nan  (0.2s)
Round   14/40  coverage=0.5648  prec@K=0.0249  accepted=46  loss=nan  (0.2s)
Round   15/40  coverage=0.5715  prec@K=0.0201  accepted=37  loss=nan  (0.2s)
Round   16/40  coverage=0.5795  prec@K=0.0242  accepted=44  loss=nan  (0.2s)
Round   17/40  coverage=0.5856  prec@K=0.0185  accepted=34  loss=nan  (0.2s)
Round   18/40  coverage=0.5896  prec@K=0.0120  accepted=22  loss=nan  (0.2s)
Round   19/40  coverage=0.5942  prec@K=0.0136  accepted=25  loss=nan  (0.2s)
Round   20/40  coverage=0.5998  prec@K=0.0171  accepted=31  loss=nan  (0.2s)
Round   21/40  coverage=0.6047  prec@K=0.0147  accepted=27  loss=nan  (0.3s)
Round   22/40  coverage=0.6063  prec@K=0.0049  accepted=9  loss=nan  (0.3s)
Round   23/40  coverage=0.6069  prec@K=0.0016  accepted=3  loss=nan  (0.3s)
Round   24/40  coverage=0.6078  prec@K=0.0027  accepted=5  loss=nan  (0.3s)
Round   25/40  coverage=0.6085  prec@K=0.0022  accepted=4  loss=nan  (0.3s)
Round   26/40  coverage=0.6107  prec@K=0.0066  accepted=12  loss=nan  (0.3s)
Round   27/40  coverage=0.6117  prec@K=0.0033  accepted=6  loss=nan  (0.3s)
Round   28/40  coverage=0.6121  prec@K=0.0011  accepted=2  loss=nan  (0.3s)
Round   29/40  coverage=0.6127  prec@K=0.0016  accepted=3  loss=nan  (0.3s)
Round   30/40  coverage=0.6136  prec@K=0.0027  accepted=5  loss=nan  (0.3s)
Round   31/40  coverage=0.6141  prec@K=0.0016  accepted=3  loss=nan  (0.4s)
Round   32/40  coverage=0.6146  prec@K=0.0016  accepted=3  loss=nan  (0.3s)
Round   33/40  coverage=0.6148  prec@K=0.0005  accepted=1  loss=nan  (0.3s)
Round   34/40  coverage=0.6159  prec@K=0.0033  accepted=6  loss=nan  (0.3s)
Round   35/40  coverage=0.6159  prec@K=0.0000  accepted=0  loss=nan  (0.3s)
Round   36/40  coverage=0.6170  prec@K=0.0033  accepted=6  loss=nan  (0.4s)
Round   37/40  coverage=0.6192  prec@K=0.0065  accepted=12  loss=nan  (0.4s)
Round   38/40  coverage=0.6203  prec@K=0.0033  accepted=6  loss=nan  (0.4s)
Round   39/40  coverage=0.6204  prec@K=0.0006  accepted=1  loss=nan  (0.4s)
Round   40/40  coverage=0.6208  prec@K=0.0011  accepted=2  loss=nan  (0.4s)

˝áąűŇŃĐ´Čë results\online\init_strategy_sweep_dnc_email\forest_fire_ground_truth/rounds.csv
