C:\conda\envs\gnn\lib\site-packages\requests\__init__.py:86: RequestsDependencyWarning: Unable to find acceptable character detection dependency (chardet or charset_normalizer).
  warnings.warn(
C:\conda\envs\gnn\lib\site-packages\outdated\__init__.py:36: UserWarning: pkg_resources is deprecated as an API. See https://setuptools.pypa.io/en/latest/pkg_resources.html. The pkg_resources package is slated for removal as early as 2025-11-30. Refrain from using this package or pin to Setuptools<81.
  from pkg_resources import parse_version
Round    1/40  coverage=0.2722  prec@K=0.0679  accepted=123  loss=nan  (0.2s)
Round    2/40  coverage=0.2985  prec@K=0.0798  accepted=145  loss=nan  (0.2s)
Round    3/40  coverage=0.3259  prec@K=0.0833  accepted=151  loss=nan  (0.1s)
Round    4/40  coverage=0.3449  prec@K=0.0571  accepted=105  loss=nan  (0.2s)
Round    5/40  coverage=0.3638  prec@K=0.0562  accepted=104  loss=nan  (0.2s)
Round    6/40  coverage=0.3747  prec@K=0.0324  accepted=60  loss=nan  (0.2s)
Round    7/40  coverage=0.3848  prec@K=0.0307  accepted=56  loss=nan  (0.2s)
Round    8/40  coverage=0.3953  prec@K=0.0319  accepted=58  loss=nan  (0.2s)
Round    9/40  coverage=0.4042  prec@K=0.0267  accepted=49  loss=nan  (0.2s)
Round   10/40  coverage=0.4144  prec@K=0.0303  accepted=56  loss=nan  (0.3s)
Round   11/40  coverage=0.4218  prec@K=0.0222  accepted=41  loss=nan  (0.4s)
Round   12/40  coverage=0.4279  prec@K=0.0187  accepted=34  loss=nan  (0.3s)
Round   13/40  coverage=0.4325  prec@K=0.0137  accepted=25  loss=nan  (0.3s)
Round   14/40  coverage=0.4386  prec@K=0.0186  accepted=34  loss=nan  (0.3s)
Round   15/40  coverage=0.4454  prec@K=0.0201  accepted=37  loss=nan  (0.3s)
Round   16/40  coverage=0.4515  prec@K=0.0185  accepted=34  loss=nan  (0.3s)
Round   17/40  coverage=0.4559  prec@K=0.0132  accepted=24  loss=nan  (0.3s)
Round   18/40  coverage=0.4600  prec@K=0.0126  accepted=23  loss=nan  (0.3s)
Round   19/40  coverage=0.4640  prec@K=0.0121  accepted=22  loss=nan  (0.3s)
Round   20/40  coverage=0.4671  prec@K=0.0093  accepted=17  loss=nan  (0.4s)
Round   21/40  coverage=0.4693  prec@K=0.0065  accepted=12  loss=nan  (0.4s)
Round   22/40  coverage=0.4707  prec@K=0.0044  accepted=8  loss=nan  (0.4s)
Round   23/40  coverage=0.4729  prec@K=0.0065  accepted=12  loss=nan  (0.4s)
Round   24/40  coverage=0.4742  prec@K=0.0038  accepted=7  loss=nan  (0.4s)
Round   25/40  coverage=0.4756  prec@K=0.0044  accepted=8  loss=nan  (0.4s)
Round   26/40  coverage=0.4782  prec@K=0.0077  accepted=14  loss=nan  (0.4s)
Round   27/40  coverage=0.4796  prec@K=0.0043  accepted=8  loss=nan  (0.4s)
Round   28/40  coverage=0.4820  prec@K=0.0071  accepted=13  loss=nan  (0.4s)
Round   29/40  coverage=0.4841  prec@K=0.0065  accepted=12  loss=nan  (0.4s)
Round   30/40  coverage=0.4861  prec@K=0.0060  accepted=11  loss=nan  (0.4s)
Round   31/40  coverage=0.4876  prec@K=0.0044  accepted=8  loss=nan  (0.5s)
Round   32/40  coverage=0.4883  prec@K=0.0022  accepted=4  loss=nan  (0.4s)
Round   33/40  coverage=0.4892  prec@K=0.0027  accepted=5  loss=nan  (0.4s)
Round   34/40  coverage=0.4894  prec@K=0.0005  accepted=1  loss=nan  (0.4s)
Round   35/40  coverage=0.4903  prec@K=0.0027  accepted=5  loss=nan  (0.5s)
Round   36/40  coverage=0.4910  prec@K=0.0022  accepted=4  loss=nan  (0.5s)
Round   37/40  coverage=0.4918  prec@K=0.0022  accepted=4  loss=nan  (0.5s)
Round   38/40  coverage=0.4928  prec@K=0.0033  accepted=6  loss=nan  (0.5s)
Round   39/40  coverage=0.4932  prec@K=0.0011  accepted=2  loss=nan  (0.5s)
Round   40/40  coverage=0.4936  prec@K=0.0011  accepted=2  loss=nan  (0.5s)

˝áąűŇŃĐ´Čë results\online\init_strategy_sweep_dnc_email\forest_fire_aa/rounds.csv
