C:\conda\envs\gnn\lib\site-packages\requests\__init__.py:86: RequestsDependencyWarning: Unable to find acceptable character detection dependency (chardet or charset_normalizer).
  warnings.warn(
C:\conda\envs\gnn\lib\site-packages\outdated\__init__.py:36: UserWarning: pkg_resources is deprecated as an API. See https://setuptools.pypa.io/en/latest/pkg_resources.html. The pkg_resources package is slated for removal as early as 2025-11-30. Refrain from using this package or pin to Setuptools<81.
  from pkg_resources import parse_version
Round    1/40  coverage=0.2516  prec@K=0.0048  accepted=9  loss=nan  (0.2s)
Round    2/40  coverage=0.2543  prec@K=0.0081  accepted=15  loss=nan  (0.2s)
Round    3/40  coverage=0.2594  prec@K=0.0151  accepted=28  loss=nan  (0.1s)
Round    4/40  coverage=0.2652  prec@K=0.0172  accepted=32  loss=nan  (0.2s)
Round    5/40  coverage=0.2712  prec@K=0.0177  accepted=33  loss=nan  (0.2s)
Round    6/40  coverage=0.2761  prec@K=0.0145  accepted=27  loss=nan  (0.2s)
Round    7/40  coverage=0.2849  prec@K=0.0263  accepted=49  loss=nan  (0.2s)
Round    8/40  coverage=0.2906  prec@K=0.0167  accepted=31  loss=nan  (0.2s)
Round    9/40  coverage=0.2960  prec@K=0.0162  accepted=30  loss=nan  (0.3s)
Round   10/40  coverage=0.3007  prec@K=0.0140  accepted=26  loss=nan  (0.3s)
Round   11/40  coverage=0.3071  prec@K=0.0188  accepted=35  loss=nan  (0.4s)
Round   12/40  coverage=0.3127  prec@K=0.0167  accepted=31  loss=nan  (0.4s)
Round   13/40  coverage=0.3185  prec@K=0.0172  accepted=32  loss=nan  (0.3s)
Round   14/40  coverage=0.3216  prec@K=0.0091  accepted=17  loss=nan  (0.4s)
Round   15/40  coverage=0.3246  prec@K=0.0091  accepted=17  loss=nan  (0.4s)
Round   16/40  coverage=0.3295  prec@K=0.0148  accepted=27  loss=nan  (0.4s)
Round   17/40  coverage=0.3333  prec@K=0.0113  accepted=21  loss=nan  (0.4s)
Round   18/40  coverage=0.3382  prec@K=0.0146  accepted=27  loss=nan  (0.4s)
Round   19/40  coverage=0.3417  prec@K=0.0103  accepted=19  loss=nan  (0.4s)
Round   20/40  coverage=0.3467  prec@K=0.0151  accepted=28  loss=nan  (0.5s)
Round   21/40  coverage=0.3525  prec@K=0.0173  accepted=32  loss=nan  (0.5s)
Round   22/40  coverage=0.3549  prec@K=0.0070  accepted=13  loss=nan  (0.5s)
Round   23/40  coverage=0.3596  prec@K=0.0140  accepted=26  loss=nan  (0.5s)
Round   24/40  coverage=0.3627  prec@K=0.0091  accepted=17  loss=nan  (0.5s)
Round   25/40  coverage=0.3658  prec@K=0.0091  accepted=17  loss=nan  (0.6s)
Round   26/40  coverage=0.3681  prec@K=0.0070  accepted=13  loss=nan  (0.5s)
Round   27/40  coverage=0.3709  prec@K=0.0081  accepted=15  loss=nan  (0.6s)
Round   28/40  coverage=0.3732  prec@K=0.0070  accepted=13  loss=nan  (0.6s)
Round   29/40  coverage=0.3763  prec@K=0.0092  accepted=17  loss=nan  (0.6s)
Round   30/40  coverage=0.3792  prec@K=0.0086  accepted=16  loss=nan  (0.6s)
Round   31/40  coverage=0.3823  prec@K=0.0092  accepted=17  loss=nan  (0.8s)
Round   32/40  coverage=0.3848  prec@K=0.0075  accepted=14  loss=nan  (0.7s)
Round   33/40  coverage=0.3861  prec@K=0.0038  accepted=7  loss=nan  (0.7s)
Round   34/40  coverage=0.3879  prec@K=0.0054  accepted=10  loss=nan  (0.7s)
Round   35/40  coverage=0.3886  prec@K=0.0022  accepted=4  loss=nan  (0.7s)
Round   36/40  coverage=0.3902  prec@K=0.0048  accepted=9  loss=nan  (0.8s)
Round   37/40  coverage=0.3913  prec@K=0.0032  accepted=6  loss=nan  (0.8s)
Round   38/40  coverage=0.3917  prec@K=0.0011  accepted=2  loss=nan  (0.8s)
Round   39/40  coverage=0.3941  prec@K=0.0070  accepted=13  loss=nan  (0.8s)
Round   40/40  coverage=0.3966  prec@K=0.0075  accepted=14  loss=nan  (0.8s)

˝áąűŇŃĐ´Čë results\online\init_strategy_sweep_dnc_email\snowball_aa/rounds.csv
