C:\conda\envs\gnn\lib\site-packages\requests\__init__.py:86: RequestsDependencyWarning: Unable to find acceptable character detection dependency (chardet or charset_normalizer).
  warnings.warn(
C:\conda\envs\gnn\lib\site-packages\outdated\__init__.py:36: UserWarning: pkg_resources is deprecated as an API. See https://setuptools.pypa.io/en/latest/pkg_resources.html. The pkg_resources package is slated for removal as early as 2025-11-30. Refrain from using this package or pin to Setuptools<81.
  from pkg_resources import parse_version
Round    1/40  coverage=0.2519  prec@K=0.0059  accepted=11  loss=nan  (0.2s)
Round    2/40  coverage=0.2538  prec@K=0.0054  accepted=10  loss=nan  (0.2s)
Round    3/40  coverage=0.2558  prec@K=0.0059  accepted=11  loss=nan  (0.1s)
Round    4/40  coverage=0.2572  prec@K=0.0043  accepted=8  loss=nan  (0.2s)
Round    5/40  coverage=0.2601  prec@K=0.0086  accepted=16  loss=nan  (0.2s)
Round    6/40  coverage=0.2641  prec@K=0.0119  accepted=22  loss=nan  (0.2s)
Round    7/40  coverage=0.2679  prec@K=0.0113  accepted=21  loss=nan  (0.2s)
Round    8/40  coverage=0.2735  prec@K=0.0168  accepted=31  loss=nan  (0.2s)
Round    9/40  coverage=0.2802  prec@K=0.0200  accepted=37  loss=nan  (0.2s)
Round   10/40  coverage=0.2855  prec@K=0.0156  accepted=29  loss=nan  (0.2s)
Round   11/40  coverage=0.2904  prec@K=0.0147  accepted=27  loss=nan  (0.3s)
Round   12/40  coverage=0.2967  prec@K=0.0194  accepted=35  loss=nan  (0.3s)
Round   13/40  coverage=0.3040  prec@K=0.0218  accepted=40  loss=nan  (0.3s)
Round   14/40  coverage=0.3150  prec@K=0.0329  accepted=61  loss=nan  (0.3s)
Round   15/40  coverage=0.3216  prec@K=0.0194  accepted=36  loss=nan  (0.3s)
Round   16/40  coverage=0.3304  prec@K=0.0263  accepted=49  loss=nan  (0.3s)
Round   17/40  coverage=0.3375  prec@K=0.0210  accepted=39  loss=nan  (0.3s)
Round   18/40  coverage=0.3444  prec@K=0.0204  accepted=38  loss=nan  (0.4s)
Round   19/40  coverage=0.3500  prec@K=0.0167  accepted=31  loss=nan  (0.3s)
Round   20/40  coverage=0.3538  prec@K=0.0113  accepted=21  loss=nan  (0.4s)
Round   21/40  coverage=0.3571  prec@K=0.0097  accepted=18  loss=nan  (0.5s)
Round   22/40  coverage=0.3614  prec@K=0.0129  accepted=24  loss=nan  (0.4s)
Round   23/40  coverage=0.3661  prec@K=0.0140  accepted=26  loss=nan  (0.4s)
Round   24/40  coverage=0.3709  prec@K=0.0140  accepted=26  loss=nan  (0.4s)
Round   25/40  coverage=0.3734  prec@K=0.0075  accepted=14  loss=nan  (0.4s)
Round   26/40  coverage=0.3767  prec@K=0.0097  accepted=18  loss=nan  (0.4s)
Round   27/40  coverage=0.3796  prec@K=0.0086  accepted=16  loss=nan  (0.5s)
Round   28/40  coverage=0.3823  prec@K=0.0081  accepted=15  loss=nan  (0.5s)
Round   29/40  coverage=0.3846  prec@K=0.0070  accepted=13  loss=nan  (0.5s)
Round   30/40  coverage=0.3866  prec@K=0.0059  accepted=11  loss=nan  (0.5s)
Round   31/40  coverage=0.3877  prec@K=0.0032  accepted=6  loss=nan  (0.7s)
Round   32/40  coverage=0.3902  prec@K=0.0075  accepted=14  loss=nan  (0.6s)
Round   33/40  coverage=0.3921  prec@K=0.0054  accepted=10  loss=nan  (0.6s)
Round   34/40  coverage=0.3937  prec@K=0.0048  accepted=9  loss=nan  (0.6s)
Round   35/40  coverage=0.3960  prec@K=0.0070  accepted=13  loss=nan  (0.6s)
Round   36/40  coverage=0.3984  prec@K=0.0070  accepted=13  loss=nan  (0.6s)
Round   37/40  coverage=0.4011  prec@K=0.0081  accepted=15  loss=nan  (0.6s)
Round   38/40  coverage=0.4026  prec@K=0.0043  accepted=8  loss=nan  (0.6s)
Round   39/40  coverage=0.4047  prec@K=0.0065  accepted=12  loss=nan  (0.7s)
Round   40/40  coverage=0.4060  prec@K=0.0038  accepted=7  loss=nan  (0.7s)

˝áąűŇŃĐ´Čë results\online\init_strategy_sweep_dnc_email\snowball_pa/rounds.csv
