C:\conda\envs\gnn\lib\site-packages\requests\__init__.py:86: RequestsDependencyWarning: Unable to find acceptable character detection dependency (chardet or charset_normalizer).
  warnings.warn(
C:\conda\envs\gnn\lib\site-packages\outdated\__init__.py:36: UserWarning: pkg_resources is deprecated as an API. See https://setuptools.pypa.io/en/latest/pkg_resources.html. The pkg_resources package is slated for removal as early as 2025-11-30. Refrain from using this package or pin to Setuptools<81.
  from pkg_resources import parse_version
Round    1/40  coverage=0.2518  prec@K=0.0054  accepted=10  loss=0.7517  (1.1s)
Round    2/40  coverage=0.2538  prec@K=0.0059  accepted=11  loss=0.7463  (0.6s)
Round    3/40  coverage=0.2565  prec@K=0.0081  accepted=15  loss=0.7467  (0.8s)
Round    4/40  coverage=0.2599  prec@K=0.0102  accepted=19  loss=0.7471  (0.8s)
Round    5/40  coverage=0.2635  prec@K=0.0108  accepted=20  loss=0.7480  (0.7s)
Round    6/40  coverage=0.2674  prec@K=0.0113  accepted=21  loss=0.7468  (0.8s)
Round    7/40  coverage=0.2717  prec@K=0.0129  accepted=24  loss=0.7454  (0.9s)
Round    8/40  coverage=0.2764  prec@K=0.0141  accepted=26  loss=0.7432  (0.9s)
Round    9/40  coverage=0.2808  prec@K=0.0130  accepted=24  loss=0.7441  (0.9s)
Round   10/40  coverage=0.2831  prec@K=0.0070  accepted=13  loss=0.7482  (0.9s)
Round   11/40  coverage=0.2860  prec@K=0.0086  accepted=16  loss=0.7464  (1.0s)
Round   12/40  coverage=0.2880  prec@K=0.0059  accepted=11  loss=0.7467  (0.9s)
Round   13/40  coverage=0.2902  prec@K=0.0065  accepted=12  loss=0.7447  (1.1s)
Round   14/40  coverage=0.2913  prec@K=0.0032  accepted=6  loss=0.7447  (1.1s)
Round   15/40  coverage=0.2931  prec@K=0.0054  accepted=10  loss=0.7419  (1.3s)
Round   16/40  coverage=0.2953  prec@K=0.0065  accepted=12  loss=0.7398  (1.1s)
Round   17/40  coverage=0.2962  prec@K=0.0027  accepted=5  loss=0.7400  (1.2s)
Round   18/40  coverage=0.2984  prec@K=0.0065  accepted=12  loss=0.7371  (1.2s)
Round   19/40  coverage=0.3003  prec@K=0.0060  accepted=11  loss=0.7348  (1.3s)
Round   20/40  coverage=0.3014  prec@K=0.0033  accepted=6  loss=0.7341  (1.3s)
Round   21/40  coverage=0.3051  prec@K=0.0108  accepted=20  loss=0.7287  (1.3s)
Round   22/40  coverage=0.3116  prec@K=0.0195  accepted=36  loss=0.7230  (1.3s)
Round   23/40  coverage=0.3176  prec@K=0.0179  accepted=33  loss=0.7215  (1.3s)
Round   24/40  coverage=0.3217  prec@K=0.0125  accepted=23  loss=0.7206  (1.3s)
Round   25/40  coverage=0.3261  prec@K=0.0131  accepted=24  loss=0.7188  (1.4s)
Round   26/40  coverage=0.3297  prec@K=0.0110  accepted=20  loss=0.7170  (1.3s)
Round   27/40  coverage=0.3351  prec@K=0.0163  accepted=30  loss=0.7136  (1.5s)
Round   28/40  coverage=0.3399  prec@K=0.0141  accepted=26  loss=0.7124  (1.4s)
Round   29/40  coverage=0.3460  prec@K=0.0185  accepted=34  loss=0.7099  (1.3s)
Round   30/40  coverage=0.3493  prec@K=0.0098  accepted=18  loss=0.7100  (1.2s)
Round   31/40  coverage=0.3538  prec@K=0.0136  accepted=25  loss=0.7084  (1.2s)
Round   32/40  coverage=0.3554  prec@K=0.0049  accepted=9  loss=0.7088  (1.3s)
Round   33/40  coverage=0.3578  prec@K=0.0071  accepted=13  loss=0.7077  (1.3s)
Round   34/40  coverage=0.3600  prec@K=0.0065  accepted=12  loss=0.7067  (1.3s)
Round   35/40  coverage=0.3616  prec@K=0.0049  accepted=9  loss=0.7061  (1.3s)
Round   36/40  coverage=0.3632  prec@K=0.0049  accepted=9  loss=0.7056  (1.4s)
Round   37/40  coverage=0.3643  prec@K=0.0033  accepted=6  loss=0.7056  (1.4s)
Round   38/40  coverage=0.3661  prec@K=0.0054  accepted=10  loss=0.7048  (1.6s)
Round   39/40  coverage=0.3678  prec@K=0.0049  accepted=9  loss=0.7050  (1.4s)
Round   40/40  coverage=0.3698  prec@K=0.0060  accepted=11  loss=0.7049  (1.5s)

˝áąűŇŃĐ´Čë results\online\init_strategy_sweep_dnc_email\snowball_gnn/rounds.csv
