C:\conda\envs\gnn\lib\site-packages\requests\__init__.py:86: RequestsDependencyWarning: Unable to find acceptable character detection dependency (chardet or charset_normalizer).
  warnings.warn(
C:\conda\envs\gnn\lib\site-packages\outdated\__init__.py:36: UserWarning: pkg_resources is deprecated as an API. See https://setuptools.pypa.io/en/latest/pkg_resources.html. The pkg_resources package is slated for removal as early as 2025-11-30. Refrain from using this package or pin to Setuptools<81.
  from pkg_resources import parse_version
Round    1/40  coverage=0.2558  prec@K=0.0213  accepted=32  loss=nan  (0.2s)
Round    2/40  coverage=0.2610  prec@K=0.0177  accepted=29  loss=nan  (0.0s)
Round    3/40  coverage=0.2693  prec@K=0.0298  accepted=46  loss=nan  (0.0s)
Round    4/40  coverage=0.2764  prec@K=0.0239  accepted=39  loss=nan  (0.1s)
Round    5/40  coverage=0.2849  prec@K=0.0293  accepted=47  loss=nan  (0.1s)
Round    6/40  coverage=0.2911  prec@K=0.0204  accepted=34  loss=nan  (0.1s)
Round    7/40  coverage=0.2989  prec@K=0.0270  accepted=43  loss=nan  (0.1s)
Round    8/40  coverage=0.3092  prec@K=0.0348  accepted=57  loss=nan  (0.1s)
Round    9/40  coverage=0.3197  prec@K=0.0348  accepted=58  loss=nan  (0.1s)
Round   10/40  coverage=0.3283  prec@K=0.0274  accepted=47  loss=nan  (0.1s)
Round   11/40  coverage=0.3359  prec@K=0.0246  accepted=42  loss=nan  (0.1s)
Round   12/40  coverage=0.3437  prec@K=0.0253  accepted=43  loss=nan  (0.1s)
Round   13/40  coverage=0.3502  prec@K=0.0217  accepted=36  loss=nan  (0.1s)
Round   14/40  coverage=0.3573  prec@K=0.0230  accepted=39  loss=nan  (0.1s)
Round   15/40  coverage=0.3625  prec@K=0.0170  accepted=29  loss=nan  (0.1s)
Round   16/40  coverage=0.3676  prec@K=0.0164  accepted=28  loss=nan  (0.1s)
Round   17/40  coverage=0.3725  prec@K=0.0158  accepted=27  loss=nan  (0.1s)
Round   18/40  coverage=0.3803  prec@K=0.0246  accepted=43  loss=nan  (0.1s)
Round   19/40  coverage=0.3863  prec@K=0.0197  accepted=33  loss=nan  (0.1s)
Round   20/40  coverage=0.3931  prec@K=0.0223  accepted=38  loss=nan  (0.1s)
Round   21/40  coverage=0.3995  prec@K=0.0204  accepted=35  loss=nan  (0.2s)
Round   22/40  coverage=0.4058  prec@K=0.0201  accepted=35  loss=nan  (0.2s)
Round   23/40  coverage=0.4100  prec@K=0.0132  accepted=23  loss=nan  (0.2s)
Round   24/40  coverage=0.4134  prec@K=0.0111  accepted=19  loss=nan  (0.2s)
Round   25/40  coverage=0.4160  prec@K=0.0083  accepted=14  loss=nan  (0.2s)
Round   26/40  coverage=0.4189  prec@K=0.0092  accepted=16  loss=nan  (0.2s)
Round   27/40  coverage=0.4214  prec@K=0.0080  accepted=14  loss=nan  (0.2s)
Round   28/40  coverage=0.4267  prec@K=0.0170  accepted=29  loss=nan  (0.2s)
Round   29/40  coverage=0.4299  prec@K=0.0104  accepted=18  loss=nan  (0.2s)
Round   30/40  coverage=0.4334  prec@K=0.0109  accepted=19  loss=nan  (0.2s)
Round   31/40  coverage=0.4365  prec@K=0.0097  accepted=17  loss=nan  (0.2s)
Round   32/40  coverage=0.4394  prec@K=0.0092  accepted=16  loss=nan  (0.2s)
Round   33/40  coverage=0.4415  prec@K=0.0069  accepted=12  loss=nan  (0.2s)
Round   34/40  coverage=0.4444  prec@K=0.0090  accepted=16  loss=nan  (0.2s)
Round   35/40  coverage=0.4470  prec@K=0.0078  accepted=14  loss=nan  (0.2s)
Round   36/40  coverage=0.4490  prec@K=0.0062  accepted=11  loss=nan  (0.2s)
Round   37/40  coverage=0.4515  prec@K=0.0080  accepted=14  loss=nan  (0.3s)
Round   38/40  coverage=0.4522  prec@K=0.0024  accepted=4  loss=nan  (0.2s)
Round   39/40  coverage=0.4535  prec@K=0.0040  accepted=7  loss=nan  (0.3s)
Round   40/40  coverage=0.4550  prec@K=0.0046  accepted=8  loss=nan  (0.3s)

˝áąűŇŃĐ´Čë results\online\init_strategy_sweep_dnc_email\stratified_random/rounds.csv
