C:\conda\envs\gnn\lib\site-packages\requests\__init__.py:86: RequestsDependencyWarning: Unable to find acceptable character detection dependency (chardet or charset_normalizer).
  warnings.warn(
C:\conda\envs\gnn\lib\site-packages\outdated\__init__.py:36: UserWarning: pkg_resources is deprecated as an API. See https://setuptools.pypa.io/en/latest/pkg_resources.html. The pkg_resources package is slated for removal as early as 2025-11-30. Refrain from using this package or pin to Setuptools<81.
  from pkg_resources import parse_version
Round    1/30  coverage=0.4042  prec@K=0.0291  accepted=102  loss=0.6716  (1.8s)
Round    2/30  coverage=0.4078  prec@K=0.0246  accepted=86  loss=0.6689  (1.0s)
Round    3/30  coverage=0.4126  prec@K=0.0334  accepted=117  loss=0.6652  (1.2s)
Round    4/30  coverage=0.4166  prec@K=0.0283  accepted=98  loss=0.6588  (1.1s)
Round    5/30  coverage=0.4204  prec@K=0.0265  accepted=92  loss=0.6499  (1.2s)
Round    6/30  coverage=0.4229  prec@K=0.0174  accepted=60  loss=0.6385  (1.2s)
Round    7/30  coverage=0.4268  prec@K=0.0268  accepted=93  loss=0.6306  (1.2s)
Round    8/30  coverage=0.4294  prec@K=0.0181  accepted=63  loss=0.6179  (1.2s)
Round    9/30  coverage=0.4316  prec@K=0.0153  accepted=54  loss=0.6104  (1.3s)
Round   10/30  coverage=0.4332  prec@K=0.0108  accepted=38  loss=0.5994  (1.5s)
Round   11/30  coverage=0.4339  prec@K=0.0048  accepted=17  loss=0.5923  (1.5s)
Round   12/30  coverage=0.4352  prec@K=0.0088  accepted=31  loss=0.5866  (1.5s)
Round   13/30  coverage=0.4366  prec@K=0.0096  accepted=34  loss=0.5827  (1.6s)
Round   14/30  coverage=0.4371  prec@K=0.0033  accepted=12  loss=0.5739  (1.6s)
Round   15/30  coverage=0.4376  prec@K=0.0034  accepted=12  loss=0.5701  (1.6s)
Round   16/30  coverage=0.4382  prec@K=0.0043  accepted=15  loss=0.5672  (1.6s)
Round   17/30  coverage=0.4386  prec@K=0.0031  accepted=11  loss=0.5629  (1.8s)
Round   18/30  coverage=0.4393  prec@K=0.0042  accepted=15  loss=0.5601  (1.8s)
Round   19/30  coverage=0.4396  prec@K=0.0020  accepted=7  loss=0.5564  (1.9s)
Round   20/30  coverage=0.4402  prec@K=0.0046  accepted=16  loss=0.5553  (1.9s)
Round   21/30  coverage=0.4407  prec@K=0.0034  accepted=12  loss=0.5526  (2.1s)
Round   22/30  coverage=0.4409  prec@K=0.0014  accepted=5  loss=0.5502  (1.9s)
Round   23/30  coverage=0.4415  prec@K=0.0039  accepted=14  loss=0.5496  (2.3s)
Round   24/30  coverage=0.4419  prec@K=0.0028  accepted=10  loss=0.5475  (2.1s)
Round   25/30  coverage=0.4421  prec@K=0.0011  accepted=4  loss=0.5464  (2.0s)
Round   26/30  coverage=0.4422  prec@K=0.0011  accepted=4  loss=0.5447  (2.0s)
Round   27/30  coverage=0.4425  prec@K=0.0020  accepted=7  loss=0.5449  (2.1s)
Round   28/30  coverage=0.4429  prec@K=0.0026  accepted=9  loss=0.5448  (2.0s)
Round   29/30  coverage=0.4431  prec@K=0.0017  accepted=6  loss=0.5446  (2.2s)
Round   30/30  coverage=0.4433  prec@K=0.0011  accepted=4  loss=0.5438  (2.1s)

结果已写入 results\online\algo_sweep_bitcoin_alpha_v2_ir40_s42\bitcoin_alpha_gnn_concat_h8/rounds.csv
