C:\conda\envs\gnn\lib\site-packages\requests\__init__.py:86: RequestsDependencyWarning: Unable to find acceptable character detection dependency (chardet or charset_normalizer).
  warnings.warn(
C:\conda\envs\gnn\lib\site-packages\outdated\__init__.py:36: UserWarning: pkg_resources is deprecated as an API. See https://setuptools.pypa.io/en/latest/pkg_resources.html. The pkg_resources package is slated for removal as early as 2025-11-30. Refrain from using this package or pin to Setuptools<81.
  from pkg_resources import parse_version
Round    1/30  coverage=0.4036  prec@K=0.0249  accepted=87  loss=nan  (0.2s)
Round    2/30  coverage=0.4069  prec@K=0.0228  accepted=80  loss=nan  (0.1s)
Round    3/30  coverage=0.4101  prec@K=0.0219  accepted=77  loss=nan  (0.1s)
Round    4/30  coverage=0.4139  prec@K=0.0268  accepted=93  loss=nan  (0.1s)
Round    5/30  coverage=0.4166  prec@K=0.0187  accepted=65  loss=nan  (0.2s)
Round    6/30  coverage=0.4186  prec@K=0.0142  accepted=49  loss=nan  (0.2s)
Round    7/30  coverage=0.4219  prec@K=0.0225  accepted=78  loss=nan  (0.2s)
Round    8/30  coverage=0.4252  prec@K=0.0232  accepted=81  loss=nan  (0.2s)
Round    9/30  coverage=0.4271  prec@K=0.0128  accepted=45  loss=nan  (0.2s)
Round   10/30  coverage=0.4306  prec@K=0.0241  accepted=85  loss=nan  (0.2s)
Round   11/30  coverage=0.4318  prec@K=0.0084  accepted=30  loss=nan  (0.4s)
Round   12/30  coverage=0.4346  prec@K=0.0191  accepted=67  loss=nan  (0.3s)
Round   13/30  coverage=0.4374  prec@K=0.0192  accepted=68  loss=nan  (0.3s)
Round   14/30  coverage=0.4394  prec@K=0.0135  accepted=49  loss=nan  (0.3s)
Round   15/30  coverage=0.4415  prec@K=0.0144  accepted=51  loss=nan  (0.3s)
Round   16/30  coverage=0.4432  prec@K=0.0119  accepted=41  loss=nan  (0.3s)
Round   17/30  coverage=0.4453  prec@K=0.0142  accepted=50  loss=nan  (0.4s)
Round   18/30  coverage=0.4472  prec@K=0.0130  accepted=46  loss=nan  (0.4s)
Round   19/30  coverage=0.4487  prec@K=0.0101  accepted=36  loss=nan  (0.4s)
Round   20/30  coverage=0.4505  prec@K=0.0125  accepted=44  loss=nan  (0.4s)
Round   21/30  coverage=0.4526  prec@K=0.0146  accepted=51  loss=nan  (0.6s)
Round   22/30  coverage=0.4540  prec@K=0.0095  accepted=34  loss=nan  (0.4s)
Round   23/30  coverage=0.4558  prec@K=0.0121  accepted=43  loss=nan  (0.5s)
Round   24/30  coverage=0.4577  prec@K=0.0133  accepted=47  loss=nan  (0.4s)
Round   25/30  coverage=0.4587  prec@K=0.0062  accepted=22  loss=nan  (0.5s)
Round   26/30  coverage=0.4603  prec@K=0.0109  accepted=39  loss=nan  (0.5s)
Round   27/30  coverage=0.4617  prec@K=0.0099  accepted=35  loss=nan  (0.5s)
Round   28/30  coverage=0.4630  prec@K=0.0091  accepted=32  loss=nan  (0.5s)
Round   29/30  coverage=0.4638  prec@K=0.0054  accepted=19  loss=nan  (0.6s)
Round   30/30  coverage=0.4648  prec@K=0.0068  accepted=24  loss=nan  (0.6s)

结果已写入 results\online\algo_sweep_bitcoin_alpha_v2_ir40_s42\bitcoin_alpha_pa/rounds.csv
