C:\conda\envs\gnn\lib\site-packages\requests\__init__.py:86: RequestsDependencyWarning: Unable to find acceptable character detection dependency (chardet or charset_normalizer).
  warnings.warn(
C:\conda\envs\gnn\lib\site-packages\outdated\__init__.py:36: UserWarning: pkg_resources is deprecated as an API. See https://setuptools.pypa.io/en/latest/pkg_resources.html. The pkg_resources package is slated for removal as early as 2025-11-30. Refrain from using this package or pin to Setuptools<81.
  from pkg_resources import parse_version
Round    1/30  coverage=0.4013  prec@K=0.0094  accepted=33  loss=0.6687  (0.5s)
Round    2/30  coverage=0.4030  prec@K=0.0114  accepted=40  loss=0.6684  (0.3s)
Round    3/30  coverage=0.4043  prec@K=0.0088  accepted=31  loss=0.6671  (0.3s)
Round    4/30  coverage=0.4054  prec@K=0.0075  accepted=26  loss=0.6656  (0.3s)
Round    5/30  coverage=0.4065  prec@K=0.0081  accepted=28  loss=0.6639  (0.4s)
Round    6/30  coverage=0.4074  prec@K=0.0061  accepted=21  loss=0.6610  (0.3s)
Round    7/30  coverage=0.4084  prec@K=0.0072  accepted=25  loss=0.6589  (0.4s)
Round    8/30  coverage=0.4089  prec@K=0.0035  accepted=12  loss=0.6561  (0.4s)
Round    9/30  coverage=0.4097  prec@K=0.0054  accepted=19  loss=0.6540  (0.5s)
Round   10/30  coverage=0.4103  prec@K=0.0040  accepted=14  loss=0.6514  (0.4s)
Round   11/30  coverage=0.4105  prec@K=0.0017  accepted=6  loss=0.6490  (0.6s)
Round   12/30  coverage=0.4111  prec@K=0.0040  accepted=14  loss=0.6473  (0.5s)
Round   13/30  coverage=0.4118  prec@K=0.0051  accepted=18  loss=0.6451  (0.5s)
Round   14/30  coverage=0.4122  prec@K=0.0025  accepted=9  loss=0.6427  (0.6s)
Round   15/30  coverage=0.4127  prec@K=0.0031  accepted=11  loss=0.6411  (0.6s)
Round   16/30  coverage=0.4131  prec@K=0.0029  accepted=10  loss=0.6393  (0.5s)
Round   17/30  coverage=0.4133  prec@K=0.0017  accepted=6  loss=0.6370  (0.6s)
Round   18/30  coverage=0.4135  prec@K=0.0011  accepted=4  loss=0.6350  (0.5s)
Round   19/30  coverage=0.4137  prec@K=0.0014  accepted=5  loss=0.6339  (0.6s)
Round   20/30  coverage=0.4140  prec@K=0.0017  accepted=6  loss=0.6327  (0.6s)
Round   21/30  coverage=0.4147  prec@K=0.0049  accepted=17  loss=0.6325  (0.7s)
Round   22/30  coverage=0.4147  prec@K=0.0006  accepted=2  loss=0.6304  (0.7s)
Round   23/30  coverage=0.4151  prec@K=0.0023  accepted=8  loss=0.6295  (0.7s)
Round   24/30  coverage=0.4154  prec@K=0.0023  accepted=8  loss=0.6291  (0.7s)
Round   25/30  coverage=0.4156  prec@K=0.0011  accepted=4  loss=0.6285  (0.7s)
Round   26/30  coverage=0.4158  prec@K=0.0017  accepted=6  loss=0.6280  (0.8s)
Round   27/30  coverage=0.4160  prec@K=0.0011  accepted=4  loss=0.6275  (0.8s)
Round   28/30  coverage=0.4161  prec@K=0.0006  accepted=2  loss=0.6273  (0.8s)
Round   29/30  coverage=0.4164  prec@K=0.0023  accepted=8  loss=0.6279  (0.8s)
Round   30/30  coverage=0.4165  prec@K=0.0006  accepted=2  loss=0.6271  (0.8s)

结果已写入 results\online\algo_sweep_bitcoin_alpha_v2_ir40_s42\bitcoin_alpha_node_emb/rounds.csv
