C:\conda\envs\gnn\lib\site-packages\requests\__init__.py:86: RequestsDependencyWarning: Unable to find acceptable character detection dependency (chardet or charset_normalizer).
  warnings.warn(
C:\conda\envs\gnn\lib\site-packages\outdated\__init__.py:36: UserWarning: pkg_resources is deprecated as an API. See https://setuptools.pypa.io/en/latest/pkg_resources.html. The pkg_resources package is slated for removal as early as 2025-11-30. Refrain from using this package or pin to Setuptools<81.
  from pkg_resources import parse_version
Round    1/30  coverage=0.4022  prec@K=0.0151  accepted=53  loss=0.7604  (1.7s)
Round    2/30  coverage=0.4048  prec@K=0.0183  accepted=64  loss=0.7593  (1.0s)
Round    3/30  coverage=0.4071  prec@K=0.0154  accepted=54  loss=0.7595  (1.1s)
Round    4/30  coverage=0.4097  prec@K=0.0182  accepted=63  loss=0.7574  (0.8s)
Round    5/30  coverage=0.4119  prec@K=0.0159  accepted=55  loss=0.7566  (0.9s)
Round    6/30  coverage=0.4132  prec@K=0.0087  accepted=30  loss=0.7570  (1.0s)
Round    7/30  coverage=0.4151  prec@K=0.0133  accepted=46  loss=0.7544  (0.9s)
Round    8/30  coverage=0.4175  prec@K=0.0167  accepted=58  loss=0.7521  (1.0s)
Round    9/30  coverage=0.4191  prec@K=0.0111  accepted=39  loss=0.7511  (0.9s)
Round   10/30  coverage=0.4211  prec@K=0.0136  accepted=48  loss=0.7486  (1.1s)
Round   11/30  coverage=0.4220  prec@K=0.0062  accepted=22  loss=0.7467  (1.2s)
Round   12/30  coverage=0.4235  prec@K=0.0103  accepted=36  loss=0.7434  (1.2s)
Round   13/30  coverage=0.4254  prec@K=0.0131  accepted=46  loss=0.7396  (1.2s)
Round   14/30  coverage=0.4270  prec@K=0.0111  accepted=40  loss=0.7375  (1.4s)
Round   15/30  coverage=0.4286  prec@K=0.0107  accepted=38  loss=0.7338  (1.3s)
Round   16/30  coverage=0.4300  prec@K=0.0096  accepted=33  loss=0.7297  (1.2s)
Round   17/30  coverage=0.4317  prec@K=0.0117  accepted=41  loss=0.7268  (1.3s)
Round   18/30  coverage=0.4334  prec@K=0.0122  accepted=43  loss=0.7241  (1.4s)
Round   19/30  coverage=0.4348  prec@K=0.0097  accepted=34  loss=0.7213  (1.5s)
Round   20/30  coverage=0.4366  prec@K=0.0120  accepted=42  loss=0.7189  (1.5s)
Round   21/30  coverage=0.4383  prec@K=0.0121  accepted=42  loss=0.7170  (1.7s)
Round   22/30  coverage=0.4399  prec@K=0.0108  accepted=38  loss=0.7150  (1.5s)
Round   23/30  coverage=0.4415  prec@K=0.0110  accepted=39  loss=0.7137  (1.5s)
Round   24/30  coverage=0.4436  prec@K=0.0148  accepted=52  loss=0.7125  (1.5s)
Round   25/30  coverage=0.4447  prec@K=0.0074  accepted=26  loss=0.7116  (1.6s)
Round   26/30  coverage=0.4467  prec@K=0.0138  accepted=49  loss=0.7109  (1.7s)
Round   27/30  coverage=0.4485  prec@K=0.0119  accepted=42  loss=0.7102  (1.9s)
Round   28/30  coverage=0.4498  prec@K=0.0091  accepted=32  loss=0.7102  (1.7s)
Round   29/30  coverage=0.4514  prec@K=0.0109  accepted=38  loss=0.7100  (1.9s)
Round   30/30  coverage=0.4529  prec@K=0.0105  accepted=37  loss=0.7099  (1.6s)

结果已写入 results\online\algo_sweep_bitcoin_alpha_v2_ir40_s42\bitcoin_alpha_gnn/rounds.csv
