C:\conda\envs\gnn\lib\site-packages\requests\__init__.py:86: RequestsDependencyWarning: Unable to find acceptable character detection dependency (chardet or charset_normalizer).
  warnings.warn(
C:\conda\envs\gnn\lib\site-packages\outdated\__init__.py:36: UserWarning: pkg_resources is deprecated as an API. See https://setuptools.pypa.io/en/latest/pkg_resources.html. The pkg_resources package is slated for removal as early as 2025-11-30. Refrain from using this package or pin to Setuptools<81.
  from pkg_resources import parse_version
Round    1/30  coverage=0.4015  prec@K=0.0171  accepted=30  loss=0.5569  (0.6s)
Round    2/30  coverage=0.4031  prec@K=0.0183  accepted=33  loss=0.5572  (0.3s)
Round    3/30  coverage=0.4040  prec@K=0.0106  accepted=19  loss=0.5526  (0.3s)
Round    4/30  coverage=0.4058  prec@K=0.0209  accepted=37  loss=0.5554  (0.3s)
Round    5/30  coverage=0.4075  prec@K=0.0183  accepted=33  loss=0.5523  (0.3s)
Round    6/30  coverage=0.4093  prec@K=0.0200  accepted=37  loss=0.5481  (0.5s)
Round    7/30  coverage=0.4113  prec@K=0.0226  accepted=40  loss=0.5479  (0.3s)
Round    8/30  coverage=0.4128  prec@K=0.0173  accepted=31  loss=0.5420  (0.4s)
Round    9/30  coverage=0.4144  prec@K=0.0186  accepted=33  loss=0.5398  (0.4s)
Round   10/30  coverage=0.4161  prec@K=0.0188  accepted=34  loss=0.5368  (0.4s)
Round   11/30  coverage=0.4173  prec@K=0.0139  accepted=25  loss=0.5285  (0.5s)
Round   12/30  coverage=0.4187  prec@K=0.0152  accepted=27  loss=0.5276  (0.4s)
Round   13/30  coverage=0.4198  prec@K=0.0126  accepted=23  loss=0.5218  (0.4s)
Round   14/30  coverage=0.4207  prec@K=0.0105  accepted=19  loss=0.5170  (0.4s)
Round   15/30  coverage=0.4224  prec@K=0.0186  accepted=34  loss=0.5195  (0.5s)
Round   16/30  coverage=0.4239  prec@K=0.0165  accepted=30  loss=0.5151  (0.5s)
Round   17/30  coverage=0.4249  prec@K=0.0117  accepted=21  loss=0.5096  (0.5s)
Round   18/30  coverage=0.4257  prec@K=0.0095  accepted=17  loss=0.5057  (0.5s)
Round   19/30  coverage=0.4263  prec@K=0.0066  accepted=12  loss=0.5021  (0.5s)
Round   20/30  coverage=0.4273  prec@K=0.0106  accepted=19  loss=0.5024  (0.4s)
Round   21/30  coverage=0.4281  prec@K=0.0088  accepted=16  loss=0.4998  (0.5s)
Round   22/30  coverage=0.4287  prec@K=0.0065  accepted=12  loss=0.4954  (0.5s)
Round   23/30  coverage=0.4297  prec@K=0.0124  accepted=22  loss=0.5002  (0.4s)
Round   24/30  coverage=0.4304  prec@K=0.0072  accepted=13  loss=0.4943  (0.4s)
Round   25/30  coverage=0.4308  prec@K=0.0050  accepted=9  loss=0.4913  (0.4s)
Round   26/30  coverage=0.4317  prec@K=0.0093  accepted=17  loss=0.4947  (0.4s)
Round   27/30  coverage=0.4322  prec@K=0.0055  accepted=10  loss=0.4902  (0.4s)
Round   28/30  coverage=0.4330  prec@K=0.0095  accepted=17  loss=0.4941  (0.4s)
Round   29/30  coverage=0.4338  prec@K=0.0089  accepted=16  loss=0.4947  (0.4s)
Round   30/30  coverage=0.4344  prec@K=0.0066  accepted=12  loss=0.4917  (0.5s)

结果已写入 results\online\algo_sweep_college_msg_v2_ir40_s0\college_msg_gnn_sum_h8/rounds.csv
