C:\conda\envs\gnn\lib\site-packages\requests\__init__.py:86: RequestsDependencyWarning: Unable to find acceptable character detection dependency (chardet or charset_normalizer).
  warnings.warn(
C:\conda\envs\gnn\lib\site-packages\outdated\__init__.py:36: UserWarning: pkg_resources is deprecated as an API. See https://setuptools.pypa.io/en/latest/pkg_resources.html. The pkg_resources package is slated for removal as early as 2025-11-30. Refrain from using this package or pin to Setuptools<81.
  from pkg_resources import parse_version
Round    1/30  coverage=0.4062  prec@K=0.0190  accepted=35  loss=0.6195  (1.2s)
Round    2/30  coverage=0.4104  prec@K=0.0126  accepted=23  loss=0.6135  (0.7s)
Round    3/30  coverage=0.4151  prec@K=0.0143  accepted=26  loss=0.6086  (0.6s)
Round    4/30  coverage=0.4192  prec@K=0.0126  accepted=23  loss=0.6076  (0.5s)
Round    5/30  coverage=0.4231  prec@K=0.0116  accepted=21  loss=0.6035  (0.5s)
Round    6/30  coverage=0.4261  prec@K=0.0094  accepted=17  loss=0.5983  (0.6s)
Round    7/30  coverage=0.4301  prec@K=0.0124  accepted=22  loss=0.5993  (0.6s)
Round    8/30  coverage=0.4348  prec@K=0.0143  accepted=26  loss=0.5985  (0.9s)
Round    9/30  coverage=0.4361  prec@K=0.0039  accepted=7  loss=0.5836  (0.6s)
Round   10/30  coverage=0.4394  prec@K=0.0101  accepted=18  loss=0.5868  (0.6s)
Round   11/30  coverage=0.4408  prec@K=0.0044  accepted=8  loss=0.5816  (0.6s)
Round   12/30  coverage=0.4428  prec@K=0.0060  accepted=11  loss=0.5805  (0.8s)
Round   13/30  coverage=0.4484  prec@K=0.0168  accepted=31  loss=0.5895  (0.7s)
Round   14/30  coverage=0.4510  prec@K=0.0078  accepted=14  loss=0.5772  (0.7s)
Round   15/30  coverage=0.4531  prec@K=0.0065  accepted=12  loss=0.5747  (0.7s)
Round   16/30  coverage=0.4557  prec@K=0.0076  accepted=14  loss=0.5701  (0.7s)
Round   17/30  coverage=0.4588  prec@K=0.0095  accepted=17  loss=0.5721  (0.7s)
Round   18/30  coverage=0.4631  prec@K=0.0133  accepted=24  loss=0.5761  (0.9s)
Round   19/30  coverage=0.4651  prec@K=0.0060  accepted=11  loss=0.5650  (0.8s)
Round   20/30  coverage=0.4682  prec@K=0.0092  accepted=17  loss=0.5675  (1.0s)
Round   21/30  coverage=0.4702  prec@K=0.0061  accepted=11  loss=0.5628  (0.7s)
Round   22/30  coverage=0.4711  prec@K=0.0028  accepted=5  loss=0.5595  (0.7s)
Round   23/30  coverage=0.4724  prec@K=0.0038  accepted=7  loss=0.5599  (0.9s)
Round   24/30  coverage=0.4745  prec@K=0.0067  accepted=12  loss=0.5621  (0.6s)
Round   25/30  coverage=0.4749  prec@K=0.0011  accepted=2  loss=0.5540  (0.8s)
Round   26/30  coverage=0.4762  prec@K=0.0039  accepted=7  loss=0.5590  (0.9s)
Round   27/30  coverage=0.4773  prec@K=0.0033  accepted=6  loss=0.5573  (0.8s)
Round   28/30  coverage=0.4789  prec@K=0.0049  accepted=9  loss=0.5580  (1.1s)
Round   29/30  coverage=0.4796  prec@K=0.0022  accepted=4  loss=0.5540  (1.1s)
Round   30/30  coverage=0.4807  prec@K=0.0033  accepted=6  loss=0.5564  (0.9s)

结果已写入 results\online\algo_sweep_dnc_email_v2_ir40_s3\dnc_email_gnn/rounds.csv
