C:\conda\envs\gnn\lib\site-packages\requests\__init__.py:86: RequestsDependencyWarning: Unable to find acceptable character detection dependency (chardet or charset_normalizer).
  warnings.warn(
C:\conda\envs\gnn\lib\site-packages\outdated\__init__.py:36: UserWarning: pkg_resources is deprecated as an API. See https://setuptools.pypa.io/en/latest/pkg_resources.html. The pkg_resources package is slated for removal as early as 2025-11-30. Refrain from using this package or pin to Setuptools<81.
  from pkg_resources import parse_version
Round    1/30  coverage=0.4018  prec@K=0.0060  accepted=11  loss=0.8253  (1.1s)
Round    2/30  coverage=0.4042  prec@K=0.0071  accepted=13  loss=0.8234  (0.9s)
Round    3/30  coverage=0.4075  prec@K=0.0099  accepted=18  loss=0.8237  (0.9s)
Round    4/30  coverage=0.4091  prec@K=0.0049  accepted=9  loss=0.8255  (0.9s)
Round    5/30  coverage=0.4118  prec@K=0.0083  accepted=15  loss=0.8215  (1.0s)
Round    6/30  coverage=0.4138  prec@K=0.0061  accepted=11  loss=0.8207  (0.7s)
Round    7/30  coverage=0.4163  prec@K=0.0079  accepted=14  loss=0.8165  (0.9s)
Round    8/30  coverage=0.4183  prec@K=0.0060  accepted=11  loss=0.8157  (1.1s)
Round    9/30  coverage=0.4189  prec@K=0.0017  accepted=3  loss=0.8166  (0.8s)
Round   10/30  coverage=0.4200  prec@K=0.0034  accepted=6  loss=0.8117  (0.8s)
Round   11/30  coverage=0.4203  prec@K=0.0011  accepted=2  loss=0.8089  (0.9s)
Round   12/30  coverage=0.4209  prec@K=0.0016  accepted=3  loss=0.8038  (1.1s)
Round   13/30  coverage=0.4221  prec@K=0.0038  accepted=7  loss=0.7970  (1.1s)
Round   14/30  coverage=0.4231  prec@K=0.0028  accepted=5  loss=0.7921  (1.0s)
Round   15/30  coverage=0.4245  prec@K=0.0043  accepted=8  loss=0.7840  (0.8s)
Round   16/30  coverage=0.4247  prec@K=0.0005  accepted=1  loss=0.7830  (0.9s)
Round   17/30  coverage=0.4250  prec@K=0.0011  accepted=2  loss=0.7777  (1.2s)
Round   18/30  coverage=0.4256  prec@K=0.0017  accepted=3  loss=0.7726  (0.8s)
Round   19/30  coverage=0.4258  prec@K=0.0005  accepted=1  loss=0.7691  (0.9s)
Round   20/30  coverage=0.4263  prec@K=0.0016  accepted=3  loss=0.7648  (1.2s)
Round   21/30  coverage=0.4265  prec@K=0.0006  accepted=1  loss=0.7623  (0.9s)
Round   22/30  coverage=0.4276  prec@K=0.0033  accepted=6  loss=0.7569  (0.9s)
Round   23/30  coverage=0.4281  prec@K=0.0016  accepted=3  loss=0.7562  (1.2s)
Round   24/30  coverage=0.4289  prec@K=0.0022  accepted=4  loss=0.7536  (0.9s)
Round   25/30  coverage=0.4294  prec@K=0.0016  accepted=3  loss=0.7527  (1.0s)
Round   26/30  coverage=0.4296  prec@K=0.0006  accepted=1  loss=0.7515  (1.2s)
Round   27/30  coverage=0.4298  prec@K=0.0006  accepted=1  loss=0.7512  (1.2s)
Round   28/30  coverage=0.4299  prec@K=0.0005  accepted=1  loss=0.7503  (1.2s)
Round   29/30  coverage=0.4301  prec@K=0.0005  accepted=1  loss=0.7505  (1.1s)
Round   30/30  coverage=0.4301  prec@K=0.0000  accepted=0  loss=0.7505  (1.2s)

结果已写入 results\online\algo_sweep_dnc_email_v2_ir40_s3\dnc_email_gnn_concat_h8/rounds.csv
