C:\conda\envs\gnn\lib\site-packages\requests\__init__.py:86: RequestsDependencyWarning: Unable to find acceptable character detection dependency (chardet or charset_normalizer).
  warnings.warn(
C:\conda\envs\gnn\lib\site-packages\outdated\__init__.py:36: UserWarning: pkg_resources is deprecated as an API. See https://setuptools.pypa.io/en/latest/pkg_resources.html. The pkg_resources package is slated for removal as early as 2025-11-30. Refrain from using this package or pin to Setuptools<81.
  from pkg_resources import parse_version
Round    1/30  coverage=0.4100  prec@K=0.0304  accepted=56  loss=nan  (0.1s)
Round    2/30  coverage=0.4176  prec@K=0.0230  accepted=42  loss=nan  (0.1s)
Round    3/30  coverage=0.4287  prec@K=0.0337  accepted=61  loss=nan  (0.0s)
Round    4/30  coverage=0.4345  prec@K=0.0175  accepted=32  loss=nan  (0.1s)
Round    5/30  coverage=0.4412  prec@K=0.0204  accepted=37  loss=nan  (0.1s)
Round    6/30  coverage=0.4464  prec@K=0.0160  accepted=29  loss=nan  (0.1s)
Round    7/30  coverage=0.4541  prec@K=0.0236  accepted=42  loss=nan  (0.1s)
Round    8/30  coverage=0.4617  prec@K=0.0231  accepted=42  loss=nan  (0.1s)
Round    9/30  coverage=0.4653  prec@K=0.0110  accepted=20  loss=nan  (0.1s)
Round   10/30  coverage=0.4709  prec@K=0.0174  accepted=31  loss=nan  (0.1s)
Round   11/30  coverage=0.4740  prec@K=0.0094  accepted=17  loss=nan  (0.1s)
Round   12/30  coverage=0.4783  prec@K=0.0131  accepted=24  loss=nan  (0.1s)
Round   13/30  coverage=0.4876  prec@K=0.0277  accepted=51  loss=nan  (0.1s)
Round   14/30  coverage=0.4927  prec@K=0.0155  accepted=28  loss=nan  (0.1s)
Round   15/30  coverage=0.4957  prec@K=0.0092  accepted=17  loss=nan  (0.1s)
Round   16/30  coverage=0.4994  prec@K=0.0108  accepted=20  loss=nan  (0.1s)
Round   17/30  coverage=0.5046  prec@K=0.0161  accepted=29  loss=nan  (0.1s)
Round   18/30  coverage=0.5122  prec@K=0.0232  accepted=42  loss=nan  (0.2s)
Round   19/30  coverage=0.5160  prec@K=0.0114  accepted=21  loss=nan  (0.2s)
Round   20/30  coverage=0.5240  prec@K=0.0238  accepted=44  loss=nan  (0.2s)
Round   21/30  coverage=0.5267  prec@K=0.0083  accepted=15  loss=nan  (0.2s)
Round   22/30  coverage=0.5309  prec@K=0.0127  accepted=23  loss=nan  (0.2s)
Round   23/30  coverage=0.5342  prec@K=0.0098  accepted=18  loss=nan  (0.2s)
Round   24/30  coverage=0.5378  prec@K=0.0111  accepted=20  loss=nan  (0.2s)
Round   25/30  coverage=0.5405  prec@K=0.0081  accepted=15  loss=nan  (0.2s)
Round   26/30  coverage=0.5429  prec@K=0.0072  accepted=13  loss=nan  (0.2s)
Round   27/30  coverage=0.5452  prec@K=0.0072  accepted=13  loss=nan  (0.2s)
Round   28/30  coverage=0.5481  prec@K=0.0087  accepted=16  loss=nan  (0.3s)
Round   29/30  coverage=0.5490  prec@K=0.0027  accepted=5  loss=nan  (0.2s)
Round   30/30  coverage=0.5521  prec@K=0.0092  accepted=17  loss=nan  (0.3s)

结果已写入 results\online\algo_sweep_dnc_email_v2_ir40_s3\dnc_email_cn/rounds.csv
