C:\conda\envs\gnn\lib\site-packages\requests\__init__.py:86: RequestsDependencyWarning: Unable to find acceptable character detection dependency (chardet or charset_normalizer).
  warnings.warn(
C:\conda\envs\gnn\lib\site-packages\outdated\__init__.py:36: UserWarning: pkg_resources is deprecated as an API. See https://setuptools.pypa.io/en/latest/pkg_resources.html. The pkg_resources package is slated for removal as early as 2025-11-30. Refrain from using this package or pin to Setuptools<81.
  from pkg_resources import parse_version
Round    1/30  coverage=0.2500  prec@K=0.0017  accepted=30  loss=0.6498  (20.4s)
Round    2/30  coverage=0.2501  prec@K=0.0017  accepted=31  loss=0.6490  (22.0s)
Round    3/30  coverage=0.2501  prec@K=0.0010  accepted=19  loss=0.6473  (29.0s)
Round    4/30  coverage=0.2501  prec@K=0.0015  accepted=27  loss=0.6470  (33.3s)
Round    5/30  coverage=0.2502  prec@K=0.0016  accepted=30  loss=0.6460  (38.4s)
Round    6/30  coverage=0.2502  prec@K=0.0018  accepted=32  loss=0.6448  (44.6s)
Round    7/30  coverage=0.2502  prec@K=0.0012  accepted=21  loss=0.6437  (49.2s)
Round    8/30  coverage=0.2503  prec@K=0.0013  accepted=24  loss=0.6429  (55.2s)
Round    9/30  coverage=0.2503  prec@K=0.0025  accepted=45  loss=0.6425  (56.9s)
Round   10/30  coverage=0.2503  prec@K=0.0012  accepted=21  loss=0.6407  (60.4s)
Round   11/30  coverage=0.2504  prec@K=0.0017  accepted=31  loss=0.6399  (72.7s)
Round   12/30  coverage=0.2504  prec@K=0.0019  accepted=35  loss=0.6390  (68.4s)
Round   13/30  coverage=0.2504  prec@K=0.0014  accepted=25  loss=0.6382  (76.1s)
Round   14/30  coverage=0.2505  prec@K=0.0014  accepted=26  loss=0.6370  (79.1s)
Round   15/30  coverage=0.2505  prec@K=0.0020  accepted=37  loss=0.6366  (82.9s)
Round   16/30  coverage=0.2505  prec@K=0.0016  accepted=29  loss=0.6351  (84.7s)
Round   17/30  coverage=0.2506  prec@K=0.0011  accepted=21  loss=0.6338  (90.2s)
Round   18/30  coverage=0.2506  prec@K=0.0014  accepted=26  loss=0.6333  (91.7s)
Round   19/30  coverage=0.2506  prec@K=0.0013  accepted=24  loss=0.6320  (96.7s)
Round   20/30  coverage=0.2507  prec@K=0.0012  accepted=22  loss=0.6309  (99.3s)
Round   21/30  coverage=0.2507  prec@K=0.0016  accepted=28  loss=0.6306  (112.2s)
Round   22/30  coverage=0.2507  prec@K=0.0013  accepted=24  loss=0.6296  (111.2s)
Round   23/30  coverage=0.2507  prec@K=0.0013  accepted=23  loss=0.6287  (115.4s)
Round   24/30  coverage=0.2508  prec@K=0.0015  accepted=27  loss=0.6278  (117.4s)
Round   25/30  coverage=0.2508  prec@K=0.0018  accepted=33  loss=0.6272  (129.4s)
Round   26/30  coverage=0.2508  prec@K=0.0016  accepted=30  loss=0.6260  (135.4s)
Round   27/30  coverage=0.2509  prec@K=0.0018  accepted=32  loss=0.6253  (133.0s)
Round   28/30  coverage=0.2509  prec@K=0.0011  accepted=20  loss=0.6235  (139.6s)
Round   29/30  coverage=0.2509  prec@K=0.0011  accepted=20  loss=0.6225  (142.2s)
Round   30/30  coverage=0.2510  prec@K=0.0010  accepted=19  loss=0.6217  (149.9s)

结果已写入 results\online\algo_sweep_sx_superuser_v2_s0\sx_superuser_mlp/rounds.csv
