C:\conda\envs\gnn\lib\site-packages\requests\__init__.py:86: RequestsDependencyWarning: Unable to find acceptable character detection dependency (chardet or charset_normalizer).
  warnings.warn(
C:\conda\envs\gnn\lib\site-packages\outdated\__init__.py:36: UserWarning: pkg_resources is deprecated as an API. See https://setuptools.pypa.io/en/latest/pkg_resources.html. The pkg_resources package is slated for removal as early as 2025-11-30. Refrain from using this package or pin to Setuptools<81.
  from pkg_resources import parse_version
Round    1/30  coverage=0.2501  prec@K=0.0029  accepted=52  loss=nan  (20.2s)
Round    2/30  coverage=0.2501  prec@K=0.0035  accepted=64  loss=nan  (22.6s)
Round    3/30  coverage=0.2502  prec@K=0.0020  accepted=36  loss=nan  (31.1s)
Round    4/30  coverage=0.2502  prec@K=0.0029  accepted=52  loss=nan  (34.0s)
Round    5/30  coverage=0.2503  prec@K=0.0033  accepted=60  loss=nan  (39.3s)
Round    6/30  coverage=0.2504  prec@K=0.0029  accepted=52  loss=nan  (44.1s)
Round    7/30  coverage=0.2504  prec@K=0.0018  accepted=33  loss=nan  (47.5s)
Round    8/30  coverage=0.2505  prec@K=0.0024  accepted=44  loss=nan  (52.5s)
Round    9/30  coverage=0.2505  prec@K=0.0030  accepted=55  loss=nan  (56.6s)
Round   10/30  coverage=0.2506  prec@K=0.0019  accepted=34  loss=nan  (60.2s)
Round   11/30  coverage=0.2506  prec@K=0.0030  accepted=54  loss=nan  (72.5s)
Round   12/30  coverage=0.2507  prec@K=0.0034  accepted=62  loss=nan  (68.6s)
Round   13/30  coverage=0.2508  prec@K=0.0033  accepted=59  loss=nan  (73.9s)
Round   14/30  coverage=0.2508  prec@K=0.0023  accepted=42  loss=nan  (79.8s)
Round   15/30  coverage=0.2509  prec@K=0.0032  accepted=59  loss=nan  (82.3s)
Round   16/30  coverage=0.2509  prec@K=0.0025  accepted=46  loss=nan  (85.0s)
Round   17/30  coverage=0.2510  prec@K=0.0018  accepted=32  loss=nan  (94.0s)
Round   18/30  coverage=0.2510  prec@K=0.0032  accepted=58  loss=nan  (96.9s)
Round   19/30  coverage=0.2511  prec@K=0.0020  accepted=36  loss=nan  (101.4s)
Round   20/30  coverage=0.2511  prec@K=0.0022  accepted=40  loss=nan  (106.3s)
Round   21/30  coverage=0.2512  prec@K=0.0027  accepted=48  loss=nan  (117.2s)
Round   22/30  coverage=0.2512  prec@K=0.0024  accepted=43  loss=nan  (115.5s)
Round   23/30  coverage=0.2513  prec@K=0.0024  accepted=43  loss=nan  (121.1s)
Round   24/30  coverage=0.2514  prec@K=0.0042  accepted=76  loss=nan  (120.9s)
Round   25/30  coverage=0.2514  prec@K=0.0029  accepted=52  loss=nan  (129.0s)
Round   26/30  coverage=0.2515  prec@K=0.0030  accepted=55  loss=nan  (132.7s)
Round   27/30  coverage=0.2516  prec@K=0.0033  accepted=59  loss=nan  (134.3s)
Round   28/30  coverage=0.2516  prec@K=0.0019  accepted=34  loss=nan  (143.4s)
Round   29/30  coverage=0.2517  prec@K=0.0017  accepted=31  loss=nan  (144.6s)
Round   30/30  coverage=0.2517  prec@K=0.0020  accepted=36  loss=nan  (150.2s)

结果已写入 results\online\algo_sweep_sx_superuser_v2_s0\sx_superuser_ground_truth/rounds.csv
