C:\conda\envs\gnn\lib\site-packages\requests\__init__.py:86: RequestsDependencyWarning: Unable to find acceptable character detection dependency (chardet or charset_normalizer).
  warnings.warn(
C:\conda\envs\gnn\lib\site-packages\outdated\__init__.py:36: UserWarning: pkg_resources is deprecated as an API. See https://setuptools.pypa.io/en/latest/pkg_resources.html. The pkg_resources package is slated for removal as early as 2025-11-30. Refrain from using this package or pin to Setuptools<81.
  from pkg_resources import parse_version
Round    1/30  coverage=0.2500  prec@K=0.0002  accepted=3  loss=0.6380  (12.5s)
Round    2/30  coverage=0.2500  prec@K=0.0002  accepted=3  loss=0.6375  (14.1s)
Round    3/30  coverage=0.2500  prec@K=0.0004  accepted=6  loss=0.6365  (18.7s)
Round    4/30  coverage=0.2500  prec@K=0.0003  accepted=4  loss=0.6347  (21.9s)
Round    5/30  coverage=0.2500  prec@K=0.0000  accepted=0  loss=nan  (25.3s)
Round    6/30  coverage=0.2500  prec@K=0.0002  accepted=3  loss=0.6324  (27.5s)
Round    7/30  coverage=0.2500  prec@K=0.0003  accepted=4  loss=0.6297  (31.6s)
Round    8/30  coverage=0.2501  prec@K=0.0003  accepted=5  loss=0.6271  (35.9s)
Round    9/30  coverage=0.2501  prec@K=0.0001  accepted=1  loss=0.6241  (42.0s)
Round   10/30  coverage=0.2501  prec@K=0.0001  accepted=1  loss=0.6215  (46.1s)
Round   11/30  coverage=0.2501  prec@K=0.0002  accepted=3  loss=0.6189  (56.0s)
Round   12/30  coverage=0.2501  prec@K=0.0001  accepted=1  loss=0.6163  (53.1s)
Round   13/30  coverage=0.2501  prec@K=0.0001  accepted=2  loss=0.6141  (55.2s)
Round   14/30  coverage=0.2501  prec@K=0.0001  accepted=1  loss=0.6117  (57.6s)
Round   15/30  coverage=0.2501  prec@K=0.0000  accepted=0  loss=nan  (60.3s)
Round   16/30  coverage=0.2501  prec@K=0.0001  accepted=1  loss=0.6095  (73.3s)
Round   17/30  coverage=0.2501  prec@K=0.0003  accepted=4  loss=0.6077  (65.6s)
Round   18/30  coverage=0.2501  prec@K=0.0001  accepted=2  loss=0.6056  (69.9s)
Round   19/30  coverage=0.2501  prec@K=0.0001  accepted=2  loss=0.6035  (72.2s)
Round   20/30  coverage=0.2501  prec@K=0.0000  accepted=0  loss=nan  (75.2s)
Round   21/30  coverage=0.2501  prec@K=0.0000  accepted=0  loss=nan  (80.6s)
Round   22/30  coverage=0.2501  prec@K=0.0000  accepted=0  loss=nan  (80.6s)
Round   23/30  coverage=0.2501  prec@K=0.0001  accepted=2  loss=0.6019  (85.7s)
Round   24/30  coverage=0.2501  prec@K=0.0003  accepted=5  loss=0.6009  (85.3s)
Round   25/30  coverage=0.2501  prec@K=0.0006  accepted=9  loss=0.5999  (88.6s)
Round   26/30  coverage=0.2501  prec@K=0.0001  accepted=1  loss=0.5979  (92.2s)
Round   27/30  coverage=0.2501  prec@K=0.0001  accepted=1  loss=0.5970  (95.2s)
Round   28/30  coverage=0.2501  prec@K=0.0001  accepted=1  loss=0.5960  (101.1s)
Round   29/30  coverage=0.2501  prec@K=0.0000  accepted=0  loss=nan  (101.6s)
Round   30/30  coverage=0.2501  prec@K=0.0001  accepted=2  loss=0.5955  (106.2s)

结果已写入 results\online\algo_sweep_sx_askubuntu_v2_s3\sx_askubuntu_node_emb/rounds.csv
