C:\conda\envs\gnn\lib\site-packages\requests\__init__.py:86: RequestsDependencyWarning: Unable to find acceptable character detection dependency (chardet or charset_normalizer).
  warnings.warn(
C:\conda\envs\gnn\lib\site-packages\outdated\__init__.py:36: UserWarning: pkg_resources is deprecated as an API. See https://setuptools.pypa.io/en/latest/pkg_resources.html. The pkg_resources package is slated for removal as early as 2025-11-30. Refrain from using this package or pin to Setuptools<81.
  from pkg_resources import parse_version
Round    1/30  coverage=0.2500  prec@K=0.0005  accepted=7  loss=0.8481  (16.3s)
Round    2/30  coverage=0.2500  prec@K=0.0005  accepted=8  loss=0.8468  (23.4s)
Round    3/30  coverage=0.2500  prec@K=0.0008  accepted=12  loss=0.8448  (21.1s)
Round    4/30  coverage=0.2501  prec@K=0.0005  accepted=8  loss=0.8428  (25.6s)
Round    5/30  coverage=0.2501  prec@K=0.0003  accepted=4  loss=0.8401  (31.1s)
Round    6/30  coverage=0.2501  prec@K=0.0002  accepted=3  loss=0.8368  (34.3s)
Round    7/30  coverage=0.2501  prec@K=0.0010  accepted=15  loss=0.8315  (38.0s)
Round    8/30  coverage=0.2501  prec@K=0.0006  accepted=9  loss=0.8282  (41.1s)
Round    9/30  coverage=0.2501  prec@K=0.0005  accepted=8  loss=0.8244  (43.8s)
Round   10/30  coverage=0.2501  prec@K=0.0003  accepted=4  loss=0.8212  (47.8s)
Round   11/30  coverage=0.2502  prec@K=0.0005  accepted=7  loss=0.8173  (69.8s)
Round   12/30  coverage=0.2502  prec@K=0.0003  accepted=5  loss=0.8139  (53.6s)
Round   13/30  coverage=0.2502  prec@K=0.0007  accepted=10  loss=0.8100  (55.9s)
Round   14/30  coverage=0.2502  prec@K=0.0005  accepted=7  loss=0.8073  (69.7s)
Round   15/30  coverage=0.2502  prec@K=0.0002  accepted=3  loss=0.8049  (62.8s)
Round   16/30  coverage=0.2502  prec@K=0.0004  accepted=6  loss=0.8021  (66.4s)
Round   17/30  coverage=0.2502  prec@K=0.0009  accepted=13  loss=0.7989  (78.8s)
Round   18/30  coverage=0.2502  prec@K=0.0001  accepted=1  loss=0.7979  (73.3s)
Round   19/30  coverage=0.2502  prec@K=0.0003  accepted=5  loss=0.7956  (78.2s)
Round   20/30  coverage=0.2503  prec@K=0.0004  accepted=6  loss=0.7936  (79.2s)
Round   21/30  coverage=0.2503  prec@K=0.0003  accepted=4  loss=0.7921  (85.5s)
Round   22/30  coverage=0.2503  prec@K=0.0004  accepted=6  loss=0.7904  (85.1s)
Round   23/30  coverage=0.2503  prec@K=0.0003  accepted=5  loss=0.7895  (89.0s)
Round   24/30  coverage=0.2503  prec@K=0.0003  accepted=4  loss=0.7887  (94.8s)
Round   25/30  coverage=0.2503  prec@K=0.0009  accepted=13  loss=0.7867  (114.4s)
Round   26/30  coverage=0.2503  prec@K=0.0003  accepted=5  loss=0.7868  (96.9s)
Round   27/30  coverage=0.2503  prec@K=0.0005  accepted=7  loss=0.7862  (99.8s)
Round   28/30  coverage=0.2503  prec@K=0.0003  accepted=5  loss=0.7860  (121.2s)
Round   29/30  coverage=0.2504  prec@K=0.0007  accepted=10  loss=0.7855  (108.3s)
Round   30/30  coverage=0.2504  prec@K=0.0003  accepted=5  loss=0.7860  (120.3s)

结果已写入 results\online\algo_sweep_sx_askubuntu_v2_s3\sx_askubuntu_gnn_sum_h8/rounds.csv
