C:\conda\envs\gnn\lib\site-packages\requests\__init__.py:86: RequestsDependencyWarning: Unable to find acceptable character detection dependency (chardet or charset_normalizer).
  warnings.warn(
C:\conda\envs\gnn\lib\site-packages\outdated\__init__.py:36: UserWarning: pkg_resources is deprecated as an API. See https://setuptools.pypa.io/en/latest/pkg_resources.html. The pkg_resources package is slated for removal as early as 2025-11-30. Refrain from using this package or pin to Setuptools<81.
  from pkg_resources import parse_version
Round    1/30  coverage=0.2500  prec@K=0.0027  accepted=20  loss=0.7735  (5.2s)
Round    2/30  coverage=0.2501  prec@K=0.0066  accepted=48  loss=0.7676  (3.2s)
Round    3/30  coverage=0.2502  prec@K=0.0020  accepted=15  loss=0.7642  (4.0s)
Round    4/30  coverage=0.2502  prec@K=0.0036  accepted=26  loss=0.7531  (4.7s)
Round    5/30  coverage=0.2503  prec@K=0.0031  accepted=22  loss=0.7419  (4.8s)
Round    6/30  coverage=0.2503  prec@K=0.0022  accepted=16  loss=0.7303  (5.7s)
Round    7/30  coverage=0.2503  prec@K=0.0041  accepted=30  loss=0.7185  (6.4s)
Round    8/30  coverage=0.2504  prec@K=0.0036  accepted=26  loss=0.7076  (6.9s)
Round    9/30  coverage=0.2504  prec@K=0.0037  accepted=27  loss=0.6975  (7.6s)
Round   10/30  coverage=0.2505  prec@K=0.0026  accepted=19  loss=0.6833  (8.4s)
Round   11/30  coverage=0.2506  prec@K=0.0052  accepted=38  loss=0.6703  (10.4s)
Round   12/30  coverage=0.2506  prec@K=0.0048  accepted=35  loss=0.6586  (9.3s)
Round   13/30  coverage=0.2507  prec@K=0.0045  accepted=33  loss=0.6443  (9.8s)
Round   14/30  coverage=0.2507  prec@K=0.0021  accepted=15  loss=0.6286  (10.2s)
Round   15/30  coverage=0.2508  prec@K=0.0026  accepted=19  loss=0.6162  (10.9s)
Round   16/30  coverage=0.2508  prec@K=0.0032  accepted=23  loss=0.6048  (11.9s)
Round   17/30  coverage=0.2508  prec@K=0.0031  accepted=22  loss=0.5920  (12.1s)
Round   18/30  coverage=0.2509  prec@K=0.0025  accepted=18  loss=0.5810  (13.6s)
Round   19/30  coverage=0.2509  prec@K=0.0021  accepted=15  loss=0.5702  (14.4s)
Round   20/30  coverage=0.2509  prec@K=0.0011  accepted=8  loss=0.5606  (15.6s)
Round   21/30  coverage=0.2510  prec@K=0.0038  accepted=28  loss=0.5565  (16.3s)
Round   22/30  coverage=0.2510  prec@K=0.0047  accepted=35  loss=0.5500  (16.0s)
Round   23/30  coverage=0.2511  prec@K=0.0032  accepted=23  loss=0.5417  (17.1s)
Round   24/30  coverage=0.2511  prec@K=0.0023  accepted=17  loss=0.5363  (18.9s)
Round   25/30  coverage=0.2511  prec@K=0.0019  accepted=14  loss=0.5328  (18.3s)
Round   26/30  coverage=0.2512  prec@K=0.0029  accepted=21  loss=0.5307  (18.6s)
Round   27/30  coverage=0.2512  prec@K=0.0018  accepted=13  loss=0.5262  (17.9s)
Round   28/30  coverage=0.2512  prec@K=0.0016  accepted=12  loss=0.5240  (19.0s)
Round   29/30  coverage=0.2513  prec@K=0.0022  accepted=16  loss=0.5256  (20.5s)
Round   30/30  coverage=0.2513  prec@K=0.0028  accepted=20  loss=0.5254  (20.1s)

结果已写入 results\online\algo_sweep_slashdot_v2\slashdot_gnn_h32/rounds.csv
