C:\conda\envs\gnn\lib\site-packages\requests\__init__.py:86: RequestsDependencyWarning: Unable to find acceptable character detection dependency (chardet or charset_normalizer).
  warnings.warn(
C:\conda\envs\gnn\lib\site-packages\outdated\__init__.py:36: UserWarning: pkg_resources is deprecated as an API. See https://setuptools.pypa.io/en/latest/pkg_resources.html. The pkg_resources package is slated for removal as early as 2025-11-30. Refrain from using this package or pin to Setuptools<81.
  from pkg_resources import parse_version
Round    1/30  coverage=0.2500  prec@K=0.0025  accepted=18  loss=0.6730  (4.2s)
Round    2/30  coverage=0.2501  prec@K=0.0048  accepted=35  loss=0.6633  (2.6s)
Round    3/30  coverage=0.2501  prec@K=0.0022  accepted=16  loss=0.6436  (2.9s)
Round    4/30  coverage=0.2502  prec@K=0.0037  accepted=27  loss=0.6172  (3.2s)
Round    5/30  coverage=0.2502  prec@K=0.0042  accepted=30  loss=0.5898  (3.0s)
Round    6/30  coverage=0.2503  prec@K=0.0030  accepted=22  loss=0.5548  (3.5s)
Round    7/30  coverage=0.2503  prec@K=0.0041  accepted=30  loss=0.5174  (3.6s)
Round    8/30  coverage=0.2504  prec@K=0.0039  accepted=28  loss=0.4834  (3.8s)
Round    9/30  coverage=0.2505  prec@K=0.0040  accepted=29  loss=0.4506  (4.1s)
Round   10/30  coverage=0.2505  prec@K=0.0019  accepted=14  loss=0.4079  (4.4s)
Round   11/30  coverage=0.2505  prec@K=0.0047  accepted=34  loss=0.3832  (5.9s)
Round   12/30  coverage=0.2506  prec@K=0.0036  accepted=26  loss=0.3481  (5.0s)
Round   13/30  coverage=0.2506  prec@K=0.0033  accepted=24  loss=0.3112  (5.1s)
Round   14/30  coverage=0.2507  prec@K=0.0026  accepted=19  loss=0.2770  (5.3s)
Round   15/30  coverage=0.2507  prec@K=0.0029  accepted=21  loss=0.2559  (5.6s)
Round   16/30  coverage=0.2508  prec@K=0.0034  accepted=25  loss=0.2362  (6.7s)
Round   17/30  coverage=0.2508  prec@K=0.0028  accepted=20  loss=0.2128  (6.2s)
Round   18/30  coverage=0.2508  prec@K=0.0028  accepted=20  loss=0.1934  (6.6s)
Round   19/30  coverage=0.2509  prec@K=0.0029  accepted=21  loss=0.1827  (7.6s)
Round   20/30  coverage=0.2509  prec@K=0.0022  accepted=16  loss=0.1631  (7.6s)
Round   21/30  coverage=0.2510  prec@K=0.0046  accepted=34  loss=0.1695  (9.4s)
Round   22/30  coverage=0.2510  prec@K=0.0044  accepted=33  loss=0.1630  (8.2s)
Round   23/30  coverage=0.2511  prec@K=0.0033  accepted=24  loss=0.1487  (8.6s)
Round   24/30  coverage=0.2511  prec@K=0.0023  accepted=17  loss=0.1388  (9.6s)
Round   25/30  coverage=0.2512  prec@K=0.0019  accepted=14  loss=0.1285  (9.5s)
Round   26/30  coverage=0.2512  prec@K=0.0032  accepted=23  loss=0.1417  (9.9s)
Round   27/30  coverage=0.2512  prec@K=0.0028  accepted=20  loss=0.1293  (9.9s)
Round   28/30  coverage=0.2513  prec@K=0.0026  accepted=19  loss=0.1277  (10.5s)
Round   29/30  coverage=0.2513  prec@K=0.0024  accepted=18  loss=0.1290  (11.6s)
Round   30/30  coverage=0.2514  prec@K=0.0039  accepted=28  loss=0.1420  (12.1s)

结果已写入 results\online\algo_sweep_slashdot_v2\slashdot_gnn_concat/rounds.csv
