C:\conda\envs\gnn\lib\site-packages\requests\__init__.py:86: RequestsDependencyWarning: Unable to find acceptable character detection dependency (chardet or charset_normalizer).
  warnings.warn(
C:\conda\envs\gnn\lib\site-packages\outdated\__init__.py:36: UserWarning: pkg_resources is deprecated as an API. See https://setuptools.pypa.io/en/latest/pkg_resources.html. The pkg_resources package is slated for removal as early as 2025-11-30. Refrain from using this package or pin to Setuptools<81.
  from pkg_resources import parse_version
Round    1/30  coverage=0.2509  prec@K=0.0103  accepted=18  loss=0.6754  (0.8s)
Round    2/30  coverage=0.2522  prec@K=0.0152  accepted=27  loss=0.6667  (0.6s)
Round    3/30  coverage=0.2533  prec@K=0.0126  accepted=22  loss=0.6487  (0.6s)
Round    4/30  coverage=0.2549  prec@K=0.0179  accepted=32  loss=0.6228  (0.7s)
Round    5/30  coverage=0.2558  prec@K=0.0109  accepted=19  loss=0.5881  (0.8s)
Round    6/30  coverage=0.2570  prec@K=0.0139  accepted=25  loss=0.5526  (0.9s)
Round    7/30  coverage=0.2580  prec@K=0.0115  accepted=20  loss=0.5200  (1.0s)
Round    8/30  coverage=0.2590  prec@K=0.0109  accepted=19  loss=0.4883  (0.9s)
Round    9/30  coverage=0.2595  prec@K=0.0058  accepted=10  loss=0.4502  (0.9s)
Round   10/30  coverage=0.2600  prec@K=0.0062  accepted=11  loss=0.4190  (0.9s)
Round   11/30  coverage=0.2607  prec@K=0.0086  accepted=15  loss=0.3882  (0.9s)
Round   12/30  coverage=0.2609  prec@K=0.0023  accepted=4  loss=0.3489  (0.9s)
Round   13/30  coverage=0.2614  prec@K=0.0050  accepted=9  loss=0.3199  (0.9s)
Round   14/30  coverage=0.2620  prec@K=0.0068  accepted=12  loss=0.2944  (0.8s)
Round   15/30  coverage=0.2630  prec@K=0.0119  accepted=21  loss=0.2796  (0.9s)
Round   16/30  coverage=0.2635  prec@K=0.0062  accepted=11  loss=0.2372  (0.8s)
Round   17/30  coverage=0.2642  prec@K=0.0074  accepted=13  loss=0.2240  (1.0s)
Round   18/30  coverage=0.2647  prec@K=0.0062  accepted=11  loss=0.2025  (1.0s)
Round   19/30  coverage=0.2652  prec@K=0.0056  accepted=10  loss=0.1909  (0.9s)
Round   20/30  coverage=0.2659  prec@K=0.0073  accepted=13  loss=0.1816  (0.9s)
Round   21/30  coverage=0.2667  prec@K=0.0089  accepted=16  loss=0.1800  (0.9s)
Round   22/30  coverage=0.2672  prec@K=0.0061  accepted=11  loss=0.1555  (0.8s)
Round   23/30  coverage=0.2677  prec@K=0.0063  accepted=11  loss=0.1544  (0.8s)
Round   24/30  coverage=0.2681  prec@K=0.0045  accepted=8  loss=0.1407  (0.9s)
Round   25/30  coverage=0.2683  prec@K=0.0023  accepted=4  loss=0.1237  (0.8s)
Round   26/30  coverage=0.2687  prec@K=0.0045  accepted=8  loss=0.1284  (0.9s)
Round   27/30  coverage=0.2691  prec@K=0.0040  accepted=7  loss=0.1241  (0.8s)
Round   28/30  coverage=0.2696  prec@K=0.0061  accepted=11  loss=0.1327  (0.9s)
Round   29/30  coverage=0.2699  prec@K=0.0028  accepted=5  loss=0.1228  (0.9s)
Round   30/30  coverage=0.2701  prec@K=0.0028  accepted=5  loss=0.1186  (1.0s)

结果已写入 results\online\algo_sweep_college_msg_v2_s0\college_msg_gnn_sum/rounds.csv
