C:\conda\envs\gnn\lib\site-packages\requests\__init__.py:86: RequestsDependencyWarning: Unable to find acceptable character detection dependency (chardet or charset_normalizer).
  warnings.warn(
C:\conda\envs\gnn\lib\site-packages\outdated\__init__.py:36: UserWarning: pkg_resources is deprecated as an API. See https://setuptools.pypa.io/en/latest/pkg_resources.html. The pkg_resources package is slated for removal as early as 2025-11-30. Refrain from using this package or pin to Setuptools<81.
  from pkg_resources import parse_version
Round    1/30  coverage=0.2511  prec@K=0.0126  accepted=22  loss=nan  (0.2s)
Round    2/30  coverage=0.2528  prec@K=0.0192  accepted=34  loss=nan  (0.0s)
Round    3/30  coverage=0.2537  prec@K=0.0109  accepted=19  loss=nan  (0.0s)
Round    4/30  coverage=0.2550  prec@K=0.0151  accepted=27  loss=nan  (0.1s)
Round    5/30  coverage=0.2561  prec@K=0.0126  accepted=22  loss=nan  (0.1s)
Round    6/30  coverage=0.2572  prec@K=0.0122  accepted=22  loss=nan  (0.1s)
Round    7/30  coverage=0.2590  prec@K=0.0213  accepted=37  loss=nan  (0.1s)
Round    8/30  coverage=0.2603  prec@K=0.0155  accepted=27  loss=nan  (0.1s)
Round    9/30  coverage=0.2613  prec@K=0.0109  accepted=19  loss=nan  (0.1s)
Round   10/30  coverage=0.2624  prec@K=0.0123  accepted=22  loss=nan  (0.1s)
Round   11/30  coverage=0.2635  prec@K=0.0131  accepted=23  loss=nan  (0.1s)
Round   12/30  coverage=0.2642  prec@K=0.0086  accepted=15  loss=nan  (0.1s)
Round   13/30  coverage=0.2653  prec@K=0.0117  accepted=21  loss=nan  (0.1s)
Round   14/30  coverage=0.2662  prec@K=0.0102  accepted=18  loss=nan  (0.1s)
Round   15/30  coverage=0.2677  prec@K=0.0175  accepted=31  loss=nan  (0.1s)
Round   16/30  coverage=0.2689  prec@K=0.0134  accepted=24  loss=nan  (0.1s)
Round   17/30  coverage=0.2697  prec@K=0.0096  accepted=17  loss=nan  (0.1s)
Round   18/30  coverage=0.2702  prec@K=0.0056  accepted=10  loss=nan  (0.1s)
Round   19/30  coverage=0.2708  prec@K=0.0068  accepted=12  loss=nan  (0.1s)
Round   20/30  coverage=0.2718  prec@K=0.0118  accepted=21  loss=nan  (0.1s)
Round   21/30  coverage=0.2729  prec@K=0.0122  accepted=22  loss=nan  (0.2s)
Round   22/30  coverage=0.2739  prec@K=0.0116  accepted=21  loss=nan  (0.2s)
Round   23/30  coverage=0.2748  prec@K=0.0103  accepted=18  loss=nan  (0.2s)
Round   24/30  coverage=0.2753  prec@K=0.0050  accepted=9  loss=nan  (0.2s)
Round   25/30  coverage=0.2759  prec@K=0.0074  accepted=13  loss=nan  (0.2s)
Round   26/30  coverage=0.2766  prec@K=0.0073  accepted=13  loss=nan  (0.2s)
Round   27/30  coverage=0.2775  prec@K=0.0114  accepted=20  loss=nan  (0.2s)
Round   28/30  coverage=0.2785  prec@K=0.0106  accepted=19  loss=nan  (0.2s)
Round   29/30  coverage=0.2791  prec@K=0.0067  accepted=12  loss=nan  (0.2s)
Round   30/30  coverage=0.2796  prec@K=0.0056  accepted=10  loss=nan  (0.2s)

结果已写入 results\online\algo_sweep_college_msg_v2_s0\college_msg_cn/rounds.csv
