C:\conda\envs\gnn\lib\site-packages\requests\__init__.py:86: RequestsDependencyWarning: Unable to find acceptable character detection dependency (chardet or charset_normalizer).
  warnings.warn(
C:\conda\envs\gnn\lib\site-packages\outdated\__init__.py:36: UserWarning: pkg_resources is deprecated as an API. See https://setuptools.pypa.io/en/latest/pkg_resources.html. The pkg_resources package is slated for removal as early as 2025-11-30. Refrain from using this package or pin to Setuptools<81.
  from pkg_resources import parse_version
Round    1/30  coverage=0.2511  prec@K=0.0132  accepted=23  loss=0.5822  (0.6s)
Round    2/30  coverage=0.2528  prec@K=0.0186  accepted=33  loss=0.5846  (0.4s)
Round    3/30  coverage=0.2540  prec@K=0.0143  accepted=25  loss=0.5820  (0.4s)
Round    4/30  coverage=0.2560  prec@K=0.0224  accepted=40  loss=0.5819  (0.4s)
Round    5/30  coverage=0.2572  prec@K=0.0149  accepted=26  loss=0.5742  (0.4s)
Round    6/30  coverage=0.2587  prec@K=0.0167  accepted=30  loss=0.5692  (0.6s)
Round    7/30  coverage=0.2600  prec@K=0.0149  accepted=26  loss=0.5646  (0.5s)
Round    8/30  coverage=0.2612  prec@K=0.0138  accepted=24  loss=0.5604  (0.5s)
Round    9/30  coverage=0.2626  prec@K=0.0162  accepted=28  loss=0.5571  (0.5s)
Round   10/30  coverage=0.2635  prec@K=0.0101  accepted=18  loss=0.5476  (0.5s)
Round   11/30  coverage=0.2647  prec@K=0.0142  accepted=25  loss=0.5454  (0.5s)
Round   12/30  coverage=0.2654  prec@K=0.0080  accepted=14  loss=0.5378  (0.6s)
Round   13/30  coverage=0.2658  prec@K=0.0050  accepted=9  loss=0.5307  (0.6s)
Round   14/30  coverage=0.2665  prec@K=0.0079  accepted=14  loss=0.5290  (0.5s)
Round   15/30  coverage=0.2673  prec@K=0.0096  accepted=17  loss=0.5265  (0.6s)
Round   16/30  coverage=0.2681  prec@K=0.0090  accepted=16  loss=0.5226  (0.5s)
Round   17/30  coverage=0.2688  prec@K=0.0074  accepted=13  loss=0.5183  (0.6s)
Round   18/30  coverage=0.2692  prec@K=0.0045  accepted=8  loss=0.5135  (0.6s)
Round   19/30  coverage=0.2696  prec@K=0.0051  accepted=9  loss=0.5123  (0.6s)
Round   20/30  coverage=0.2703  prec@K=0.0078  accepted=14  loss=0.5123  (0.5s)
Round   21/30  coverage=0.2710  prec@K=0.0078  accepted=14  loss=0.5100  (0.6s)
Round   22/30  coverage=0.2715  prec@K=0.0061  accepted=11  loss=0.5063  (0.6s)
Round   23/30  coverage=0.2720  prec@K=0.0051  accepted=9  loss=0.5045  (0.6s)
Round   24/30  coverage=0.2723  prec@K=0.0034  accepted=6  loss=0.5017  (0.5s)
Round   25/30  coverage=0.2727  prec@K=0.0045  accepted=8  loss=0.5023  (0.5s)
Round   26/30  coverage=0.2731  prec@K=0.0050  accepted=9  loss=0.5006  (0.6s)
Round   27/30  coverage=0.2733  prec@K=0.0017  accepted=3  loss=0.4980  (0.6s)
Round   28/30  coverage=0.2734  prec@K=0.0016  accepted=3  loss=0.4972  (0.7s)
Round   29/30  coverage=0.2736  prec@K=0.0023  accepted=4  loss=0.4985  (0.5s)
Round   30/30  coverage=0.2737  prec@K=0.0011  accepted=2  loss=0.4969  (0.6s)

结果已写入 results\online\algo_sweep_college_msg_v2_s0\college_msg_gnn/rounds.csv
