C:\conda\envs\gnn\lib\site-packages\requests\__init__.py:86: RequestsDependencyWarning: Unable to find acceptable character detection dependency (chardet or charset_normalizer).
  warnings.warn(
C:\conda\envs\gnn\lib\site-packages\outdated\__init__.py:36: UserWarning: pkg_resources is deprecated as an API. See https://setuptools.pypa.io/en/latest/pkg_resources.html. The pkg_resources package is slated for removal as early as 2025-11-30. Refrain from using this package or pin to Setuptools<81.
  from pkg_resources import parse_version
Round    1/30  coverage=0.4000  prec@K=0.0029  accepted=7  loss=0.8139  (5.1s)
Round    2/30  coverage=0.4001  prec@K=0.0026  accepted=6  loss=0.8091  (2.2s)
Round    3/30  coverage=0.4001  prec@K=0.0029  accepted=7  loss=0.8039  (0.9s)
Round    4/30  coverage=0.4001  prec@K=0.0008  accepted=2  loss=0.8002  (0.9s)
Round    5/30  coverage=0.4001  prec@K=0.0017  accepted=4  loss=0.7876  (1.0s)
Round    6/30  coverage=0.4002  prec@K=0.0046  accepted=11  loss=0.7789  (0.8s)
Round    7/30  coverage=0.4002  prec@K=0.0013  accepted=3  loss=0.7737  (0.8s)
Round    8/30  coverage=0.4002  prec@K=0.0021  accepted=5  loss=0.7680  (0.8s)
Round    9/30  coverage=0.4002  prec@K=0.0021  accepted=5  loss=0.7635  (0.8s)
Round   10/30  coverage=0.4002  prec@K=0.0008  accepted=2  loss=0.7598  (1.1s)
Round   11/30  coverage=0.4002  prec@K=0.0021  accepted=5  loss=0.7550  (3.3s)
Round   12/30  coverage=0.4003  prec@K=0.0013  accepted=3  loss=0.7519  (1.3s)
Round   13/30  coverage=0.4003  prec@K=0.0008  accepted=2  loss=0.7485  (1.2s)
Round   14/30  coverage=0.4003  prec@K=0.0017  accepted=4  loss=0.7453  (1.2s)
Round   15/30  coverage=0.4003  prec@K=0.0021  accepted=5  loss=0.7421  (1.5s)
Round   16/30  coverage=0.4003  prec@K=0.0025  accepted=6  loss=0.7394  (1.5s)
Round   17/30  coverage=0.4003  prec@K=0.0004  accepted=1  loss=0.7374  (1.2s)
Round   18/30  coverage=0.4004  prec@K=0.0013  accepted=3  loss=0.7351  (1.5s)
Round   19/30  coverage=0.4004  prec@K=0.0013  accepted=3  loss=0.7330  (1.5s)
Round   20/30  coverage=0.4004  prec@K=0.0017  accepted=4  loss=0.7310  (1.6s)
Round   21/30  coverage=0.4004  prec@K=0.0004  accepted=1  loss=0.7295  (3.8s)
Round   22/30  coverage=0.4004  prec@K=0.0013  accepted=3  loss=0.7275  (1.6s)
Round   23/30  coverage=0.4004  prec@K=0.0017  accepted=4  loss=0.7265  (1.6s)
Round   24/30  coverage=0.4004  prec@K=0.0000  accepted=0  loss=0.7261  (1.8s)
Round   25/30  coverage=0.4004  prec@K=0.0008  accepted=2  loss=0.7250  (1.8s)
Round   26/30  coverage=0.4004  prec@K=0.0012  accepted=3  loss=0.7247  (3.1s)
Round   27/30  coverage=0.4005  prec@K=0.0013  accepted=3  loss=0.7243  (3.0s)
Round   28/30  coverage=0.4005  prec@K=0.0012  accepted=3  loss=0.7233  (2.5s)
Round   29/30  coverage=0.4005  prec@K=0.0000  accepted=0  loss=0.7232  (1.9s)
Round   30/30  coverage=0.4005  prec@K=0.0008  accepted=2  loss=0.7234  (2.0s)

结果已写入 results\online\algo_sweep_sx_mathoverflow_v2_ir40_s0\sx_mathoverflow_gnn_concat_h8/rounds.csv
