C:\conda\envs\gnn\lib\site-packages\requests\__init__.py:86: RequestsDependencyWarning: Unable to find acceptable character detection dependency (chardet or charset_normalizer).
  warnings.warn(
C:\conda\envs\gnn\lib\site-packages\outdated\__init__.py:36: UserWarning: pkg_resources is deprecated as an API. See https://setuptools.pypa.io/en/latest/pkg_resources.html. The pkg_resources package is slated for removal as early as 2025-11-30. Refrain from using this package or pin to Setuptools<81.
  from pkg_resources import parse_version
Round    1/30  coverage=0.2500  prec@K=0.0027  accepted=20  loss=0.7372  (4.3s)
Round    2/30  coverage=0.2501  prec@K=0.0047  accepted=34  loss=0.7360  (2.6s)
Round    3/30  coverage=0.2501  prec@K=0.0018  accepted=13  loss=0.7362  (2.9s)
Round    4/30  coverage=0.2502  prec@K=0.0021  accepted=15  loss=0.7344  (3.1s)
Round    5/30  coverage=0.2502  prec@K=0.0014  accepted=10  loss=0.7327  (3.7s)
Round    6/30  coverage=0.2502  prec@K=0.0023  accepted=17  loss=0.7299  (4.3s)
Round    7/30  coverage=0.2502  prec@K=0.0009  accepted=7  loss=0.7279  (4.7s)
Round    8/30  coverage=0.2502  prec@K=0.0009  accepted=7  loss=0.7256  (5.1s)
Round    9/30  coverage=0.2503  prec@K=0.0016  accepted=12  loss=0.7229  (5.6s)
Round   10/30  coverage=0.2503  prec@K=0.0019  accepted=14  loss=0.7204  (6.0s)
Round   11/30  coverage=0.2503  prec@K=0.0014  accepted=10  loss=0.7184  (8.5s)
Round   12/30  coverage=0.2503  prec@K=0.0014  accepted=10  loss=0.7161  (7.6s)
Round   13/30  coverage=0.2504  prec@K=0.0027  accepted=20  loss=0.7138  (7.8s)
Round   14/30  coverage=0.2504  prec@K=0.0016  accepted=12  loss=0.7118  (9.1s)
Round   15/30  coverage=0.2504  prec@K=0.0008  accepted=6  loss=0.7100  (9.8s)
Round   16/30  coverage=0.2504  prec@K=0.0022  accepted=16  loss=0.7078  (10.0s)
Round   17/30  coverage=0.2504  prec@K=0.0011  accepted=8  loss=0.7063  (10.6s)
Round   18/30  coverage=0.2505  prec@K=0.0018  accepted=13  loss=0.7047  (11.0s)
Round   19/30  coverage=0.2505  prec@K=0.0011  accepted=8  loss=0.7032  (12.8s)
Round   20/30  coverage=0.2505  prec@K=0.0026  accepted=19  loss=0.7020  (12.8s)
Round   21/30  coverage=0.2505  prec@K=0.0008  accepted=6  loss=0.7011  (14.1s)
Round   22/30  coverage=0.2506  prec@K=0.0015  accepted=11  loss=0.6997  (13.7s)
Round   23/30  coverage=0.2506  prec@K=0.0027  accepted=20  loss=0.6989  (15.9s)
Round   24/30  coverage=0.2506  prec@K=0.0019  accepted=14  loss=0.6983  (16.3s)
Round   25/30  coverage=0.2507  prec@K=0.0022  accepted=16  loss=0.6979  (16.8s)
Round   26/30  coverage=0.2507  prec@K=0.0035  accepted=26  loss=0.6975  (17.2s)
Round   27/30  coverage=0.2508  prec@K=0.0037  accepted=27  loss=0.6974  (18.7s)
Round   28/30  coverage=0.2508  prec@K=0.0016  accepted=12  loss=0.6969  (19.2s)
Round   29/30  coverage=0.2508  prec@K=0.0009  accepted=7  loss=0.6972  (20.4s)
Round   30/30  coverage=0.2508  prec@K=0.0018  accepted=13  loss=0.6968  (22.6s)

结果已写入 results\online\algo_sweep_slashdot_v2_s2\slashdot_node_emb/rounds.csv
