C:\conda\envs\gnn\lib\site-packages\requests\__init__.py:86: RequestsDependencyWarning: Unable to find acceptable character detection dependency (chardet or charset_normalizer).
  warnings.warn(
C:\conda\envs\gnn\lib\site-packages\outdated\__init__.py:36: UserWarning: pkg_resources is deprecated as an API. See https://setuptools.pypa.io/en/latest/pkg_resources.html. The pkg_resources package is slated for removal as early as 2025-11-30. Refrain from using this package or pin to Setuptools<81.
  from pkg_resources import parse_version
Round    1/30  coverage=0.2501  prec@K=0.0036  accepted=27  loss=0.7627  (5.3s)
Round    2/30  coverage=0.2501  prec@K=0.0054  accepted=39  loss=0.7608  (3.2s)
Round    3/30  coverage=0.2502  prec@K=0.0030  accepted=22  loss=0.7606  (8.1s)
Round    4/30  coverage=0.2502  prec@K=0.0049  accepted=35  loss=0.7560  (5.0s)
Round    5/30  coverage=0.2503  prec@K=0.0021  accepted=15  loss=0.7545  (5.5s)
Round    6/30  coverage=0.2504  prec@K=0.0064  accepted=47  loss=0.7481  (6.5s)
Round    7/30  coverage=0.2505  prec@K=0.0068  accepted=50  loss=0.7438  (7.2s)
Round    8/30  coverage=0.2505  prec@K=0.0062  accepted=46  loss=0.7407  (8.4s)
Round    9/30  coverage=0.2506  prec@K=0.0037  accepted=27  loss=0.7379  (8.7s)
Round   10/30  coverage=0.2507  prec@K=0.0044  accepted=32  loss=0.7342  (9.9s)
Round   11/30  coverage=0.2507  prec@K=0.0024  accepted=18  loss=0.7314  (12.7s)
Round   12/30  coverage=0.2508  prec@K=0.0053  accepted=39  loss=0.7273  (10.9s)
Round   13/30  coverage=0.2509  prec@K=0.0085  accepted=62  loss=0.7235  (11.1s)
Round   14/30  coverage=0.2510  prec@K=0.0047  accepted=35  loss=0.7221  (12.2s)
Round   15/30  coverage=0.2510  prec@K=0.0012  accepted=9  loss=0.7216  (13.6s)
Round   16/30  coverage=0.2511  prec@K=0.0058  accepted=42  loss=0.7189  (14.2s)
Round   17/30  coverage=0.2511  prec@K=0.0040  accepted=29  loss=0.7179  (16.5s)
Round   18/30  coverage=0.2511  prec@K=0.0027  accepted=20  loss=0.7169  (14.9s)
Round   19/30  coverage=0.2512  prec@K=0.0054  accepted=39  loss=0.7149  (17.1s)
Round   20/30  coverage=0.2513  prec@K=0.0049  accepted=36  loss=0.7142  (16.2s)
Round   21/30  coverage=0.2513  prec@K=0.0031  accepted=23  loss=0.7139  (18.1s)
Round   22/30  coverage=0.2514  prec@K=0.0049  accepted=36  loss=0.7126  (17.0s)
Round   23/30  coverage=0.2515  prec@K=0.0034  accepted=25  loss=0.7121  (20.8s)
Round   24/30  coverage=0.2515  prec@K=0.0025  accepted=18  loss=0.7119  (19.5s)
Round   25/30  coverage=0.2515  prec@K=0.0036  accepted=26  loss=0.7114  (19.0s)
Round   26/30  coverage=0.2516  prec@K=0.0058  accepted=43  loss=0.7107  (20.1s)
Round   27/30  coverage=0.2517  prec@K=0.0053  accepted=39  loss=0.7104  (21.4s)
Round   28/30  coverage=0.2518  prec@K=0.0036  accepted=26  loss=0.7107  (21.8s)
Round   29/30  coverage=0.2518  prec@K=0.0044  accepted=33  loss=0.7103  (23.0s)
Round   30/30  coverage=0.2519  prec@K=0.0063  accepted=46  loss=0.7101  (23.1s)

结果已写入 results\online\algo_sweep_slashdot_v2_s2\slashdot_gnn/rounds.csv
