C:\conda\envs\gnn\lib\site-packages\requests\__init__.py:86: RequestsDependencyWarning: Unable to find acceptable character detection dependency (chardet or charset_normalizer).
  warnings.warn(
C:\conda\envs\gnn\lib\site-packages\outdated\__init__.py:36: UserWarning: pkg_resources is deprecated as an API. See https://setuptools.pypa.io/en/latest/pkg_resources.html. The pkg_resources package is slated for removal as early as 2025-11-30. Refrain from using this package or pin to Setuptools<81.
  from pkg_resources import parse_version
Round    1/30  coverage=0.2500  prec@K=0.0034  accepted=25  loss=0.6914  (5.3s)
Round    2/30  coverage=0.2501  prec@K=0.0058  accepted=42  loss=0.6889  (3.2s)
Round    3/30  coverage=0.2502  prec@K=0.0040  accepted=29  loss=0.6843  (4.0s)
Round    4/30  coverage=0.2503  prec@K=0.0054  accepted=39  loss=0.6775  (4.6s)
Round    5/30  coverage=0.2503  prec@K=0.0022  accepted=16  loss=0.6678  (6.0s)
Round    6/30  coverage=0.2504  prec@K=0.0070  accepted=51  loss=0.6593  (7.8s)
Round    7/30  coverage=0.2505  prec@K=0.0056  accepted=41  loss=0.6493  (10.1s)
Round    8/30  coverage=0.2506  prec@K=0.0062  accepted=46  loss=0.6398  (7.2s)
Round    9/30  coverage=0.2506  prec@K=0.0040  accepted=29  loss=0.6294  (15.7s)
Round   10/30  coverage=0.2507  prec@K=0.0042  accepted=31  loss=0.6219  (9.9s)
Round   11/30  coverage=0.2507  prec@K=0.0022  accepted=16  loss=0.6123  (11.6s)
Round   12/30  coverage=0.2508  prec@K=0.0046  accepted=34  loss=0.6066  (11.0s)
Round   13/30  coverage=0.2509  prec@K=0.0071  accepted=52  loss=0.6009  (10.9s)
Round   14/30  coverage=0.2509  prec@K=0.0043  accepted=32  loss=0.5926  (11.7s)
Round   15/30  coverage=0.2510  prec@K=0.0016  accepted=12  loss=0.5827  (20.5s)
Round   16/30  coverage=0.2510  prec@K=0.0043  accepted=31  loss=0.5786  (19.1s)
Round   17/30  coverage=0.2510  prec@K=0.0018  accepted=13  loss=0.5695  (13.1s)
Round   18/30  coverage=0.2511  prec@K=0.0028  accepted=21  loss=0.5657  (14.2s)
Round   19/30  coverage=0.2511  prec@K=0.0034  accepted=25  loss=0.5623  (16.1s)
Round   20/30  coverage=0.2512  prec@K=0.0030  accepted=22  loss=0.5571  (16.3s)
Round   21/30  coverage=0.2512  prec@K=0.0018  accepted=13  loss=0.5512  (18.9s)
Round   22/30  coverage=0.2512  prec@K=0.0029  accepted=21  loss=0.5489  (17.0s)
Round   23/30  coverage=0.2513  prec@K=0.0027  accepted=20  loss=0.5473  (19.1s)
Round   24/30  coverage=0.2513  prec@K=0.0029  accepted=21  loss=0.5450  (22.8s)
Round   25/30  coverage=0.2514  prec@K=0.0026  accepted=19  loss=0.5430  (19.3s)
Round   26/30  coverage=0.2514  prec@K=0.0041  accepted=30  loss=0.5439  (20.2s)
Round   27/30  coverage=0.2515  prec@K=0.0037  accepted=27  loss=0.5430  (21.5s)
Round   28/30  coverage=0.2515  prec@K=0.0029  accepted=21  loss=0.5409  (22.0s)
Round   29/30  coverage=0.2515  prec@K=0.0028  accepted=21  loss=0.5399  (23.2s)
Round   30/30  coverage=0.2516  prec@K=0.0029  accepted=21  loss=0.5389  (23.5s)

结果已写入 results\online\algo_sweep_slashdot_v2_s2\slashdot_gnn_concat_h8/rounds.csv
