C:\conda\envs\gnn\lib\site-packages\requests\__init__.py:86: RequestsDependencyWarning: Unable to find acceptable character detection dependency (chardet or charset_normalizer).
  warnings.warn(
C:\conda\envs\gnn\lib\site-packages\outdated\__init__.py:36: UserWarning: pkg_resources is deprecated as an API. See https://setuptools.pypa.io/en/latest/pkg_resources.html. The pkg_resources package is slated for removal as early as 2025-11-30. Refrain from using this package or pin to Setuptools<81.
  from pkg_resources import parse_version
Round    1/30  coverage=0.2500  prec@K=0.0008  accepted=6  loss=0.6825  (4.1s)
Round    2/30  coverage=0.2500  prec@K=0.0023  accepted=17  loss=0.6817  (2.2s)
Round    3/30  coverage=0.2501  prec@K=0.0010  accepted=7  loss=0.6804  (2.6s)
Round    4/30  coverage=0.2501  prec@K=0.0018  accepted=13  loss=0.6796  (3.1s)
Round    5/30  coverage=0.2501  prec@K=0.0008  accepted=6  loss=0.6787  (3.5s)
Round    6/30  coverage=0.2501  prec@K=0.0012  accepted=9  loss=0.6773  (4.3s)
Round    7/30  coverage=0.2501  prec@K=0.0011  accepted=8  loss=0.6767  (5.1s)
Round    8/30  coverage=0.2501  prec@K=0.0008  accepted=6  loss=0.6759  (5.6s)
Round    9/30  coverage=0.2502  prec@K=0.0016  accepted=12  loss=0.6748  (6.1s)
Round   10/30  coverage=0.2502  prec@K=0.0010  accepted=7  loss=0.6740  (6.7s)
Round   11/30  coverage=0.2502  prec@K=0.0005  accepted=4  loss=0.6723  (9.1s)
Round   12/30  coverage=0.2502  prec@K=0.0011  accepted=8  loss=0.6720  (7.8s)
Round   13/30  coverage=0.2502  prec@K=0.0022  accepted=16  loss=0.6710  (8.2s)
Round   14/30  coverage=0.2502  prec@K=0.0007  accepted=5  loss=0.6699  (9.3s)
Round   15/30  coverage=0.2502  prec@K=0.0004  accepted=3  loss=0.6688  (9.9s)
Round   16/30  coverage=0.2503  prec@K=0.0016  accepted=12  loss=0.6681  (10.4s)
Round   17/30  coverage=0.2503  prec@K=0.0010  accepted=7  loss=0.6667  (10.7s)
Round   18/30  coverage=0.2503  prec@K=0.0007  accepted=5  loss=0.6660  (11.5s)
Round   19/30  coverage=0.2503  prec@K=0.0008  accepted=6  loss=0.6648  (12.5s)
Round   20/30  coverage=0.2503  prec@K=0.0018  accepted=13  loss=0.6642  (12.9s)
Round   21/30  coverage=0.2503  prec@K=0.0007  accepted=5  loss=0.6632  (14.6s)
Round   22/30  coverage=0.2504  prec@K=0.0012  accepted=9  loss=0.6619  (13.7s)
Round   23/30  coverage=0.2504  prec@K=0.0018  accepted=13  loss=0.6614  (15.7s)
Round   24/30  coverage=0.2504  prec@K=0.0012  accepted=9  loss=0.6601  (16.0s)
Round   25/30  coverage=0.2504  prec@K=0.0014  accepted=10  loss=0.6594  (16.7s)
Round   26/30  coverage=0.2505  prec@K=0.0026  accepted=19  loss=0.6587  (17.3s)
Round   27/30  coverage=0.2505  prec@K=0.0030  accepted=22  loss=0.6578  (18.6s)
Round   28/30  coverage=0.2505  prec@K=0.0010  accepted=7  loss=0.6564  (19.0s)
Round   29/30  coverage=0.2505  prec@K=0.0009  accepted=7  loss=0.6554  (20.2s)
Round   30/30  coverage=0.2505  prec@K=0.0011  accepted=8  loss=0.6544  (20.3s)

结果已写入 results\online\algo_sweep_slashdot_v2_s2\slashdot_mlp/rounds.csv
