C:\conda\envs\gnn\lib\site-packages\requests\__init__.py:86: RequestsDependencyWarning: Unable to find acceptable character detection dependency (chardet or charset_normalizer).
  warnings.warn(
C:\conda\envs\gnn\lib\site-packages\outdated\__init__.py:36: UserWarning: pkg_resources is deprecated as an API. See https://setuptools.pypa.io/en/latest/pkg_resources.html. The pkg_resources package is slated for removal as early as 2025-11-30. Refrain from using this package or pin to Setuptools<81.
  from pkg_resources import parse_version
Round    1/30  coverage=0.2501  prec@K=0.0050  accepted=37  loss=nan  (3.9s)
Round    2/30  coverage=0.2501  prec@K=0.0054  accepted=39  loss=nan  (2.5s)
Round    3/30  coverage=0.2502  prec@K=0.0047  accepted=34  loss=nan  (2.8s)
Round    4/30  coverage=0.2503  prec@K=0.0053  accepted=38  loss=nan  (3.4s)
Round    5/30  coverage=0.2503  prec@K=0.0037  accepted=27  loss=nan  (4.0s)
Round    6/30  coverage=0.2505  prec@K=0.0090  accepted=66  loss=nan  (4.7s)
Round    7/30  coverage=0.2506  prec@K=0.0072  accepted=53  loss=nan  (5.4s)
Round    8/30  coverage=0.2507  prec@K=0.0077  accepted=57  loss=nan  (6.1s)
Round    9/30  coverage=0.2507  prec@K=0.0045  accepted=33  loss=nan  (5.9s)
Round   10/30  coverage=0.2508  prec@K=0.0042  accepted=31  loss=nan  (6.5s)
Round   11/30  coverage=0.2509  prec@K=0.0038  accepted=28  loss=nan  (9.6s)
Round   12/30  coverage=0.2509  prec@K=0.0058  accepted=43  loss=nan  (8.4s)
Round   13/30  coverage=0.2511  prec@K=0.0083  accepted=61  loss=nan  (9.2s)
Round   14/30  coverage=0.2511  prec@K=0.0046  accepted=34  loss=nan  (10.8s)
Round   15/30  coverage=0.2511  prec@K=0.0018  accepted=13  loss=nan  (11.7s)
Round   16/30  coverage=0.2512  prec@K=0.0067  accepted=49  loss=nan  (11.7s)
Round   17/30  coverage=0.2513  prec@K=0.0058  accepted=42  loss=nan  (12.2s)
Round   18/30  coverage=0.2514  prec@K=0.0038  accepted=28  loss=nan  (12.6s)
Round   19/30  coverage=0.2515  prec@K=0.0065  accepted=47  loss=nan  (13.9s)
Round   20/30  coverage=0.2516  prec@K=0.0069  accepted=50  loss=nan  (13.8s)
Round   21/30  coverage=0.2516  prec@K=0.0051  accepted=37  loss=nan  (15.5s)
Round   22/30  coverage=0.2517  prec@K=0.0062  accepted=45  loss=nan  (15.0s)
Round   23/30  coverage=0.2518  prec@K=0.0049  accepted=36  loss=nan  (15.9s)
Round   24/30  coverage=0.2519  prec@K=0.0043  accepted=31  loss=nan  (16.0s)
Round   25/30  coverage=0.2519  prec@K=0.0047  accepted=34  loss=nan  (15.9s)
Round   26/30  coverage=0.2520  prec@K=0.0084  accepted=62  loss=nan  (17.0s)
Round   27/30  coverage=0.2521  prec@K=0.0060  accepted=44  loss=nan  (17.9s)
Round   28/30  coverage=0.2522  prec@K=0.0052  accepted=38  loss=nan  (17.8s)
Round   29/30  coverage=0.2523  prec@K=0.0046  accepted=34  loss=nan  (18.9s)
Round   30/30  coverage=0.2524  prec@K=0.0076  accepted=56  loss=nan  (19.1s)

结果已写入 results\online\algo_sweep_slashdot_v2_s2\slashdot_aa/rounds.csv
