C:\conda\envs\gnn\lib\site-packages\requests\__init__.py:86: RequestsDependencyWarning: Unable to find acceptable character detection dependency (chardet or charset_normalizer).
  warnings.warn(
C:\conda\envs\gnn\lib\site-packages\outdated\__init__.py:36: UserWarning: pkg_resources is deprecated as an API. See https://setuptools.pypa.io/en/latest/pkg_resources.html. The pkg_resources package is slated for removal as early as 2025-11-30. Refrain from using this package or pin to Setuptools<81.
  from pkg_resources import parse_version
Round    1/30  coverage=0.2500  prec@K=0.0021  accepted=5  loss=0.7670  (2.0s)
Round    2/30  coverage=0.2500  prec@K=0.0021  accepted=5  loss=0.7639  (1.0s)
Round    3/30  coverage=0.2501  prec@K=0.0029  accepted=7  loss=0.7629  (0.8s)
Round    4/30  coverage=0.2501  prec@K=0.0017  accepted=4  loss=0.7593  (0.8s)
Round    5/30  coverage=0.2501  prec@K=0.0017  accepted=4  loss=0.7544  (0.9s)
Round    6/30  coverage=0.2501  prec@K=0.0025  accepted=6  loss=0.7481  (0.9s)
Round    7/30  coverage=0.2502  prec@K=0.0017  accepted=4  loss=0.7418  (5.3s)
Round    8/30  coverage=0.2502  prec@K=0.0025  accepted=6  loss=0.7349  (2.2s)
Round    9/30  coverage=0.2502  prec@K=0.0025  accepted=6  loss=0.7295  (1.0s)
Round   10/30  coverage=0.2502  prec@K=0.0025  accepted=6  loss=0.7248  (5.4s)
Round   11/30  coverage=0.2502  prec@K=0.0013  accepted=3  loss=0.7212  (7.4s)
Round   12/30  coverage=0.2503  prec@K=0.0033  accepted=8  loss=0.7135  (1.0s)
Round   13/30  coverage=0.2503  prec@K=0.0004  accepted=1  loss=0.7072  (1.0s)
Round   14/30  coverage=0.2503  prec@K=0.0034  accepted=8  loss=0.7028  (1.1s)
Round   15/30  coverage=0.2503  prec@K=0.0017  accepted=4  loss=0.7005  (1.5s)
Round   16/30  coverage=0.2503  prec@K=0.0012  accepted=3  loss=0.6964  (1.3s)
Round   17/30  coverage=0.2504  prec@K=0.0021  accepted=5  loss=0.6923  (1.3s)
Round   18/30  coverage=0.2504  prec@K=0.0008  accepted=2  loss=0.6878  (1.5s)
Round   19/30  coverage=0.2504  prec@K=0.0025  accepted=6  loss=0.6860  (1.8s)
Round   20/30  coverage=0.2504  prec@K=0.0012  accepted=3  loss=0.6815  (1.8s)
Round   21/30  coverage=0.2504  prec@K=0.0013  accepted=3  loss=0.6808  (3.3s)
Round   22/30  coverage=0.2504  prec@K=0.0013  accepted=3  loss=0.6808  (1.7s)
Round   23/30  coverage=0.2505  prec@K=0.0025  accepted=6  loss=0.6748  (1.8s)
Round   24/30  coverage=0.2505  prec@K=0.0012  accepted=3  loss=0.6746  (1.8s)
Round   25/30  coverage=0.2505  prec@K=0.0012  accepted=3  loss=0.6752  (2.1s)
Round   26/30  coverage=0.2505  prec@K=0.0021  accepted=5  loss=0.6739  (2.0s)
Round   27/30  coverage=0.2505  prec@K=0.0016  accepted=4  loss=0.6736  (2.3s)
Round   28/30  coverage=0.2505  prec@K=0.0004  accepted=1  loss=0.6737  (2.3s)
Round   29/30  coverage=0.2505  prec@K=0.0004  accepted=1  loss=0.6739  (2.4s)
Round   30/30  coverage=0.2506  prec@K=0.0025  accepted=6  loss=0.6712  (2.5s)

结果已写入 results\online\algo_sweep_sx_mathoverflow_v2_s1\sx_mathoverflow_gnn/rounds.csv
