C:\conda\envs\gnn\lib\site-packages\requests\__init__.py:86: RequestsDependencyWarning: Unable to find acceptable character detection dependency (chardet or charset_normalizer).
  warnings.warn(
C:\conda\envs\gnn\lib\site-packages\outdated\__init__.py:36: UserWarning: pkg_resources is deprecated as an API. See https://setuptools.pypa.io/en/latest/pkg_resources.html. The pkg_resources package is slated for removal as early as 2025-11-30. Refrain from using this package or pin to Setuptools<81.
  from pkg_resources import parse_version
Round    1/30  coverage=0.2502  prec@K=0.0191  accepted=46  loss=nan  (1.3s)
Round    2/30  coverage=0.2504  prec@K=0.0175  accepted=42  loss=nan  (0.3s)
Round    3/30  coverage=0.2506  prec@K=0.0227  accepted=54  loss=nan  (0.2s)
Round    4/30  coverage=0.2508  prec@K=0.0143  accepted=34  loss=nan  (0.3s)
Round    5/30  coverage=0.2510  prec@K=0.0225  accepted=54  loss=nan  (0.3s)
Round    6/30  coverage=0.2512  prec@K=0.0174  accepted=42  loss=nan  (0.3s)
Round    7/30  coverage=0.2515  prec@K=0.0258  accepted=62  loss=nan  (0.3s)
Round    8/30  coverage=0.2517  prec@K=0.0269  accepted=65  loss=nan  (0.4s)
Round    9/30  coverage=0.2520  prec@K=0.0217  accepted=53  loss=nan  (0.4s)
Round   10/30  coverage=0.2522  prec@K=0.0217  accepted=52  loss=nan  (0.4s)
Round   11/30  coverage=0.2524  prec@K=0.0203  accepted=48  loss=nan  (1.5s)
Round   12/30  coverage=0.2527  prec@K=0.0258  accepted=62  loss=nan  (0.4s)
Round   13/30  coverage=0.2529  prec@K=0.0166  accepted=40  loss=nan  (0.5s)
Round   14/30  coverage=0.2532  prec@K=0.0295  accepted=70  loss=nan  (0.4s)
Round   15/30  coverage=0.2535  prec@K=0.0322  accepted=77  loss=nan  (0.5s)
Round   16/30  coverage=0.2537  prec@K=0.0139  accepted=34  loss=nan  (0.5s)
Round   17/30  coverage=0.2539  prec@K=0.0257  accepted=61  loss=nan  (0.5s)
Round   18/30  coverage=0.2542  prec@K=0.0228  accepted=54  loss=nan  (0.6s)
Round   19/30  coverage=0.2544  prec@K=0.0188  accepted=45  loss=nan  (0.6s)
Round   20/30  coverage=0.2545  prec@K=0.0149  accepted=36  loss=nan  (0.6s)
Round   21/30  coverage=0.2549  prec@K=0.0337  accepted=80  loss=nan  (1.7s)
Round   22/30  coverage=0.2550  prec@K=0.0130  accepted=31  loss=nan  (0.7s)
Round   23/30  coverage=0.2554  prec@K=0.0330  accepted=80  loss=nan  (0.7s)
Round   24/30  coverage=0.2556  prec@K=0.0195  accepted=47  loss=nan  (0.7s)
Round   25/30  coverage=0.2558  prec@K=0.0200  accepted=48  loss=nan  (0.8s)
Round   26/30  coverage=0.2560  prec@K=0.0170  accepted=41  loss=nan  (0.8s)
Round   27/30  coverage=0.2562  prec@K=0.0206  accepted=50  loss=nan  (0.9s)
Round   28/30  coverage=0.2564  prec@K=0.0170  accepted=41  loss=nan  (0.8s)
Round   29/30  coverage=0.2565  prec@K=0.0164  accepted=39  loss=nan  (0.8s)
Round   30/30  coverage=0.2569  prec@K=0.0311  accepted=75  loss=nan  (0.9s)

结果已写入 results\online\algo_sweep_sx_mathoverflow_v2_s1\sx_mathoverflow_ground_truth/rounds.csv
