C:\conda\envs\gnn\lib\site-packages\requests\__init__.py:86: RequestsDependencyWarning: Unable to find acceptable character detection dependency (chardet or charset_normalizer).
  warnings.warn(
C:\conda\envs\gnn\lib\site-packages\outdated\__init__.py:36: UserWarning: pkg_resources is deprecated as an API. See https://setuptools.pypa.io/en/latest/pkg_resources.html. The pkg_resources package is slated for removal as early as 2025-11-30. Refrain from using this package or pin to Setuptools<81.
  from pkg_resources import parse_version
Round    1/100  coverage=0.2534  prec@K=0.0234  accepted=82  loss=nan  (0.1s)
Round    2/100  coverage=0.2568  prec@K=0.0243  accepted=83  loss=nan  (0.1s)
Round    3/100  coverage=0.2615  prec@K=0.0318  accepted=113  loss=nan  (0.1s)
Round    4/100  coverage=0.2653  prec@K=0.0263  accepted=93  loss=nan  (0.1s)
Round    5/100  coverage=0.2691  prec@K=0.0257  accepted=91  loss=nan  (0.1s)
Round    6/100  coverage=0.2714  prec@K=0.0163  accepted=57  loss=nan  (0.2s)
Round    7/100  coverage=0.2751  prec@K=0.0255  accepted=89  loss=nan  (0.2s)
Round    8/100  coverage=0.2787  prec@K=0.0247  accepted=87  loss=nan  (0.2s)
Round    9/100  coverage=0.2812  prec@K=0.0169  accepted=60  loss=nan  (0.2s)
Round   10/100  coverage=0.2851  prec@K=0.0273  accepted=94  loss=nan  (0.2s)
Round   11/100  coverage=0.2868  prec@K=0.0114  accepted=41  loss=nan  (0.3s)
Round   12/100  coverage=0.2906  prec@K=0.0260  accepted=92  loss=nan  (0.3s)
Round   13/100  coverage=0.2938  prec@K=0.0223  accepted=79  loss=nan  (0.3s)
Round   14/100  coverage=0.2972  prec@K=0.0223  accepted=80  loss=nan  (0.3s)
Round   15/100  coverage=0.2999  prec@K=0.0194  accepted=67  loss=nan  (0.3s)
Round   16/100  coverage=0.3021  prec@K=0.0150  accepted=52  loss=nan  (0.3s)
Round   17/100  coverage=0.3046  prec@K=0.0170  accepted=60  loss=nan  (0.4s)
Round   18/100  coverage=0.3071  prec@K=0.0174  accepted=62  loss=nan  (0.4s)
Round   19/100  coverage=0.3088  prec@K=0.0117  accepted=41  loss=nan  (0.4s)
Round   20/100  coverage=0.3108  prec@K=0.0131  accepted=47  loss=nan  (0.4s)
Round   21/100  coverage=0.3137  prec@K=0.0203  accepted=72  loss=nan  (0.5s)
Round   22/100  coverage=0.3155  prec@K=0.0118  accepted=42  loss=nan  (0.4s)
Round   23/100  coverage=0.3174  prec@K=0.0130  accepted=46  loss=nan  (0.5s)
Round   24/100  coverage=0.3208  prec@K=0.0238  accepted=84  loss=nan  (0.4s)
Round   25/100  coverage=0.3219  prec@K=0.0071  accepted=25  loss=nan  (0.5s)
Round   26/100  coverage=0.3242  prec@K=0.0160  accepted=57  loss=nan  (0.5s)
Round   27/100  coverage=0.3257  prec@K=0.0099  accepted=35  loss=nan  (0.5s)
Round   28/100  coverage=0.3269  prec@K=0.0086  accepted=30  loss=nan  (0.5s)
Round   29/100  coverage=0.3281  prec@K=0.0082  accepted=29  loss=nan  (0.6s)
Round   30/100  coverage=0.3294  prec@K=0.0085  accepted=30  loss=nan  (0.6s)
Round   31/100  coverage=0.3312  prec@K=0.0127  accepted=45  loss=nan  (0.7s)
Round   32/100  coverage=0.3329  prec@K=0.0111  accepted=40  loss=nan  (0.6s)
Round   33/100  coverage=0.3340  prec@K=0.0073  accepted=26  loss=nan  (0.7s)
Round   34/100  coverage=0.3351  prec@K=0.0077  accepted=27  loss=nan  (0.7s)
Round   35/100  coverage=0.3366  prec@K=0.0104  accepted=37  loss=nan  (0.7s)
Round   36/100  coverage=0.3380  prec@K=0.0092  accepted=33  loss=nan  (0.6s)
Round   37/100  coverage=0.3399  prec@K=0.0128  accepted=46  loss=nan  (0.8s)
Round   38/100  coverage=0.3420  prec@K=0.0144  accepted=51  loss=nan  (0.7s)
Round   39/100  coverage=0.3435  prec@K=0.0102  accepted=36  loss=nan  (0.7s)
Round   40/100  coverage=0.3441  prec@K=0.0045  accepted=16  loss=nan  (0.7s)
Round   41/100  coverage=0.3464  prec@K=0.0156  accepted=56  loss=nan  (0.9s)
Round   42/100  coverage=0.3481  prec@K=0.0114  accepted=41  loss=nan  (0.8s)
Round   43/100  coverage=0.3501  prec@K=0.0132  accepted=47  loss=nan  (0.7s)
Round   44/100  coverage=0.3514  prec@K=0.0090  accepted=32  loss=nan  (0.9s)
Round   45/100  coverage=0.3528  prec@K=0.0099  accepted=35  loss=nan  (0.8s)
Round   46/100  coverage=0.3541  prec@K=0.0084  accepted=30  loss=nan  (0.9s)
Round   47/100  coverage=0.3552  prec@K=0.0077  accepted=27  loss=nan  (0.9s)
Round   48/100  coverage=0.3566  prec@K=0.0094  accepted=33  loss=nan  (0.9s)
Round   49/100  coverage=0.3579  prec@K=0.0089  accepted=31  loss=nan  (0.9s)
Round   50/100  coverage=0.3587  prec@K=0.0059  accepted=21  loss=nan  (0.9s)
Round   51/100  coverage=0.3599  prec@K=0.0082  accepted=29  loss=nan  (1.1s)
Round   52/100  coverage=0.3612  prec@K=0.0084  accepted=30  loss=nan  (0.9s)
Round   53/100  coverage=0.3627  prec@K=0.0104  accepted=37  loss=nan  (0.9s)
Round   54/100  coverage=0.3641  prec@K=0.0099  accepted=35  loss=nan  (0.9s)
Round   55/100  coverage=0.3653  prec@K=0.0076  accepted=27  loss=nan  (1.0s)
Round   56/100  coverage=0.3662  prec@K=0.0062  accepted=22  loss=nan  (1.0s)
Round   57/100  coverage=0.3668  prec@K=0.0045  accepted=16  loss=nan  (0.9s)
Round   58/100  coverage=0.3681  prec@K=0.0091  accepted=32  loss=nan  (0.9s)
Round   59/100  coverage=0.3688  prec@K=0.0048  accepted=17  loss=nan  (1.0s)
Round   60/100  coverage=0.3699  prec@K=0.0074  accepted=26  loss=nan  (1.0s)
Round   61/100  coverage=0.3703  prec@K=0.0028  accepted=10  loss=nan  (1.2s)
Round   62/100  coverage=0.3715  prec@K=0.0077  accepted=27  loss=nan  (0.9s)
Round   63/100  coverage=0.3727  prec@K=0.0081  accepted=29  loss=nan  (0.9s)
Round   64/100  coverage=0.3733  prec@K=0.0042  accepted=15  loss=nan  (1.0s)
Round   65/100  coverage=0.3743  prec@K=0.0071  accepted=25  loss=nan  (1.0s)
Round   66/100  coverage=0.3750  prec@K=0.0045  accepted=16  loss=nan  (1.0s)
Round   67/100  coverage=0.3757  prec@K=0.0050  accepted=18  loss=nan  (1.1s)
Round   68/100  coverage=0.3765  prec@K=0.0055  accepted=19  loss=nan  (1.0s)
Round   69/100  coverage=0.3772  prec@K=0.0046  accepted=16  loss=nan  (1.1s)
Round   70/100  coverage=0.3780  prec@K=0.0056  accepted=20  loss=nan  (1.0s)
Round   71/100  coverage=0.3786  prec@K=0.0040  accepted=14  loss=nan  (1.3s)
Round   72/100  coverage=0.3790  prec@K=0.0031  accepted=11  loss=nan  (1.0s)
Round   73/100  coverage=0.3798  prec@K=0.0051  accepted=18  loss=nan  (1.0s)
Round   74/100  coverage=0.3805  prec@K=0.0048  accepted=17  loss=nan  (1.0s)
Round   75/100  coverage=0.3814  prec@K=0.0066  accepted=23  loss=nan  (1.0s)
Round   76/100  coverage=0.3820  prec@K=0.0043  accepted=15  loss=nan  (1.1s)
Round   77/100  coverage=0.3829  prec@K=0.0057  accepted=20  loss=nan  (1.0s)
Round   78/100  coverage=0.3837  prec@K=0.0059  accepted=21  loss=nan  (1.0s)
Round   79/100  coverage=0.3844  prec@K=0.0047  accepted=17  loss=nan  (1.1s)
Round   80/100  coverage=0.3851  prec@K=0.0046  accepted=16  loss=nan  (1.2s)
Round   81/100  coverage=0.3860  prec@K=0.0059  accepted=21  loss=nan  (1.3s)
Round   82/100  coverage=0.3866  prec@K=0.0042  accepted=15  loss=nan  (1.1s)
Round   83/100  coverage=0.3874  prec@K=0.0057  accepted=20  loss=nan  (1.1s)
Round   84/100  coverage=0.3880  prec@K=0.0043  accepted=15  loss=nan  (1.1s)
Round   85/100  coverage=0.3885  prec@K=0.0034  accepted=12  loss=nan  (1.1s)
Round   86/100  coverage=0.3893  prec@K=0.0055  accepted=19  loss=nan  (1.0s)
Round   87/100  coverage=0.3896  prec@K=0.0020  accepted=7  loss=nan  (1.1s)
Round   88/100  coverage=0.3902  prec@K=0.0040  accepted=14  loss=nan  (1.1s)
Round   89/100  coverage=0.3908  prec@K=0.0039  accepted=14  loss=nan  (1.2s)
Round   90/100  coverage=0.3917  prec@K=0.0061  accepted=22  loss=nan  (1.2s)
Round   91/100  coverage=0.3924  prec@K=0.0048  accepted=17  loss=nan  (1.3s)
Round   92/100  coverage=0.3929  prec@K=0.0034  accepted=12  loss=nan  (1.0s)
Round   93/100  coverage=0.3934  prec@K=0.0034  accepted=12  loss=nan  (1.0s)
Round   94/100  coverage=0.3940  prec@K=0.0043  accepted=15  loss=nan  (1.1s)
Round   95/100  coverage=0.3942  prec@K=0.0017  accepted=6  loss=nan  (1.2s)
Round   96/100  coverage=0.3947  prec@K=0.0031  accepted=11  loss=nan  (1.1s)
Round   97/100  coverage=0.3954  prec@K=0.0048  accepted=17  loss=nan  (1.1s)
Round   98/100  coverage=0.3961  prec@K=0.0045  accepted=16  loss=nan  (1.1s)
Round   99/100  coverage=0.3965  prec@K=0.0031  accepted=11  loss=nan  (1.2s)
Round  100/100  coverage=0.3973  prec@K=0.0050  accepted=18  loss=nan  (1.2s)

˝áąűŇŃĐ´Čë results\online\selector_sweep_bitcoin_alpha\uniform_aa/rounds.csv
