C:\conda\envs\gnn\lib\site-packages\requests\__init__.py:86: RequestsDependencyWarning: Unable to find acceptable character detection dependency (chardet or charset_normalizer).
  warnings.warn(
C:\conda\envs\gnn\lib\site-packages\outdated\__init__.py:36: UserWarning: pkg_resources is deprecated as an API. See https://setuptools.pypa.io/en/latest/pkg_resources.html. The pkg_resources package is slated for removal as early as 2025-11-30. Refrain from using this package or pin to Setuptools<81.
  from pkg_resources import parse_version
Round    1/100  coverage=0.2532  prec@K=0.0223  accepted=78  loss=nan  (0.1s)
Round    2/100  coverage=0.2566  prec@K=0.0237  accepted=81  loss=nan  (0.1s)
Round    3/100  coverage=0.2607  prec@K=0.0282  accepted=100  loss=nan  (0.1s)
Round    4/100  coverage=0.2645  prec@K=0.0257  accepted=91  loss=nan  (0.1s)
Round    5/100  coverage=0.2680  prec@K=0.0246  accepted=87  loss=nan  (0.2s)
Round    6/100  coverage=0.2700  prec@K=0.0137  accepted=48  loss=nan  (0.2s)
Round    7/100  coverage=0.2736  prec@K=0.0246  accepted=86  loss=nan  (0.2s)
Round    8/100  coverage=0.2775  prec@K=0.0267  accepted=94  loss=nan  (0.2s)
Round    9/100  coverage=0.2803  prec@K=0.0191  accepted=68  loss=nan  (0.2s)
Round   10/100  coverage=0.2841  prec@K=0.0270  accepted=93  loss=nan  (0.2s)
Round   11/100  coverage=0.2859  prec@K=0.0117  accepted=42  loss=nan  (0.3s)
Round   12/100  coverage=0.2891  prec@K=0.0224  accepted=79  loss=nan  (0.3s)
Round   13/100  coverage=0.2924  prec@K=0.0225  accepted=80  loss=nan  (0.3s)
Round   14/100  coverage=0.2960  prec@K=0.0240  accepted=86  loss=nan  (0.3s)
Round   15/100  coverage=0.2989  prec@K=0.0202  accepted=70  loss=nan  (0.3s)
Round   16/100  coverage=0.3010  prec@K=0.0147  accepted=51  loss=nan  (0.3s)
Round   17/100  coverage=0.3041  prec@K=0.0209  accepted=74  loss=nan  (0.4s)
Round   18/100  coverage=0.3067  prec@K=0.0177  accepted=63  loss=nan  (0.4s)
Round   19/100  coverage=0.3084  prec@K=0.0123  accepted=43  loss=nan  (0.4s)
Round   20/100  coverage=0.3106  prec@K=0.0145  accepted=52  loss=nan  (0.4s)
Round   21/100  coverage=0.3134  prec@K=0.0194  accepted=69  loss=nan  (0.5s)
Round   22/100  coverage=0.3149  prec@K=0.0101  accepted=36  loss=nan  (0.4s)
Round   23/100  coverage=0.3171  prec@K=0.0150  accepted=53  loss=nan  (0.5s)
Round   24/100  coverage=0.3204  prec@K=0.0220  accepted=78  loss=nan  (0.4s)
Round   25/100  coverage=0.3218  prec@K=0.0097  accepted=34  loss=nan  (0.5s)
Round   26/100  coverage=0.3238  prec@K=0.0137  accepted=49  loss=nan  (0.5s)
Round   27/100  coverage=0.3256  prec@K=0.0124  accepted=44  loss=nan  (0.6s)
Round   28/100  coverage=0.3273  prec@K=0.0120  accepted=42  loss=nan  (0.5s)
Round   29/100  coverage=0.3290  prec@K=0.0110  accepted=39  loss=nan  (0.6s)
Round   30/100  coverage=0.3306  prec@K=0.0116  accepted=41  loss=nan  (0.6s)
Round   31/100  coverage=0.3324  prec@K=0.0121  accepted=43  loss=nan  (0.7s)
Round   32/100  coverage=0.3341  prec@K=0.0111  accepted=40  loss=nan  (0.7s)
Round   33/100  coverage=0.3351  prec@K=0.0068  accepted=24  loss=nan  (0.7s)
Round   34/100  coverage=0.3364  prec@K=0.0091  accepted=32  loss=nan  (0.7s)
Round   35/100  coverage=0.3384  prec@K=0.0138  accepted=49  loss=nan  (0.7s)
Round   36/100  coverage=0.3397  prec@K=0.0086  accepted=31  loss=nan  (0.6s)
Round   37/100  coverage=0.3416  prec@K=0.0125  accepted=45  loss=nan  (0.7s)
Round   38/100  coverage=0.3431  prec@K=0.0105  accepted=37  loss=nan  (0.7s)
Round   39/100  coverage=0.3446  prec@K=0.0104  accepted=37  loss=nan  (0.7s)
Round   40/100  coverage=0.3453  prec@K=0.0045  accepted=16  loss=nan  (0.8s)
Round   41/100  coverage=0.3474  prec@K=0.0145  accepted=52  loss=nan  (0.9s)
Round   42/100  coverage=0.3486  prec@K=0.0078  accepted=28  loss=nan  (0.8s)
Round   43/100  coverage=0.3500  prec@K=0.0093  accepted=33  loss=nan  (0.7s)
Round   44/100  coverage=0.3508  prec@K=0.0059  accepted=21  loss=nan  (0.9s)
Round   45/100  coverage=0.3522  prec@K=0.0093  accepted=33  loss=nan  (0.9s)
Round   46/100  coverage=0.3532  prec@K=0.0070  accepted=25  loss=nan  (0.9s)
Round   47/100  coverage=0.3544  prec@K=0.0079  accepted=28  loss=nan  (0.9s)
Round   48/100  coverage=0.3555  prec@K=0.0077  accepted=27  loss=nan  (0.9s)
Round   49/100  coverage=0.3565  prec@K=0.0068  accepted=24  loss=nan  (0.9s)
Round   50/100  coverage=0.3574  prec@K=0.0065  accepted=23  loss=nan  (0.9s)
Round   51/100  coverage=0.3586  prec@K=0.0079  accepted=28  loss=nan  (1.1s)
Round   52/100  coverage=0.3595  prec@K=0.0061  accepted=22  loss=nan  (1.0s)
Round   53/100  coverage=0.3611  prec@K=0.0110  accepted=39  loss=nan  (1.0s)
Round   54/100  coverage=0.3624  prec@K=0.0085  accepted=30  loss=nan  (0.9s)
Round   55/100  coverage=0.3633  prec@K=0.0064  accepted=23  loss=nan  (1.0s)
Round   56/100  coverage=0.3644  prec@K=0.0076  accepted=27  loss=nan  (1.0s)
Round   57/100  coverage=0.3655  prec@K=0.0076  accepted=27  loss=nan  (1.0s)
Round   58/100  coverage=0.3671  prec@K=0.0107  accepted=38  loss=nan  (1.0s)
Round   59/100  coverage=0.3681  prec@K=0.0067  accepted=24  loss=nan  (1.0s)
Round   60/100  coverage=0.3691  prec@K=0.0071  accepted=25  loss=nan  (1.1s)
Round   61/100  coverage=0.3697  prec@K=0.0037  accepted=13  loss=nan  (1.2s)
Round   62/100  coverage=0.3710  prec@K=0.0089  accepted=31  loss=nan  (1.0s)
Round   63/100  coverage=0.3719  prec@K=0.0065  accepted=23  loss=nan  (1.0s)
Round   64/100  coverage=0.3731  prec@K=0.0081  accepted=29  loss=nan  (1.1s)
Round   65/100  coverage=0.3741  prec@K=0.0071  accepted=25  loss=nan  (1.0s)
Round   66/100  coverage=0.3751  prec@K=0.0062  accepted=22  loss=nan  (1.0s)
Round   67/100  coverage=0.3761  prec@K=0.0069  accepted=25  loss=nan  (1.2s)
Round   68/100  coverage=0.3772  prec@K=0.0080  accepted=28  loss=nan  (1.0s)
Round   69/100  coverage=0.3780  prec@K=0.0052  accepted=18  loss=nan  (1.1s)
Round   70/100  coverage=0.3788  prec@K=0.0054  accepted=19  loss=nan  (1.1s)
Round   71/100  coverage=0.3795  prec@K=0.0051  accepted=18  loss=nan  (1.3s)
Round   72/100  coverage=0.3804  prec@K=0.0059  accepted=21  loss=nan  (1.0s)
Round   73/100  coverage=0.3812  prec@K=0.0053  accepted=19  loss=nan  (1.0s)
Round   74/100  coverage=0.3819  prec@K=0.0048  accepted=17  loss=nan  (1.0s)
Round   75/100  coverage=0.3829  prec@K=0.0069  accepted=24  loss=nan  (1.1s)
Round   76/100  coverage=0.3836  prec@K=0.0048  accepted=17  loss=nan  (1.2s)
Round   77/100  coverage=0.3844  prec@K=0.0053  accepted=19  loss=nan  (1.1s)
Round   78/100  coverage=0.3852  prec@K=0.0059  accepted=21  loss=nan  (1.0s)
Round   79/100  coverage=0.3858  prec@K=0.0041  accepted=15  loss=nan  (1.0s)
Round   80/100  coverage=0.3865  prec@K=0.0045  accepted=16  loss=nan  (1.1s)
Round   81/100  coverage=0.3872  prec@K=0.0051  accepted=18  loss=nan  (1.3s)
Round   82/100  coverage=0.3882  prec@K=0.0062  accepted=22  loss=nan  (1.0s)
Round   83/100  coverage=0.3887  prec@K=0.0037  accepted=13  loss=nan  (1.0s)
Round   84/100  coverage=0.3894  prec@K=0.0049  accepted=17  loss=nan  (1.0s)
Round   85/100  coverage=0.3900  prec@K=0.0043  accepted=15  loss=nan  (1.0s)
Round   86/100  coverage=0.3908  prec@K=0.0057  accepted=20  loss=nan  (0.9s)
Round   87/100  coverage=0.3911  prec@K=0.0020  accepted=7  loss=nan  (1.0s)
Round   88/100  coverage=0.3920  prec@K=0.0060  accepted=21  loss=nan  (1.0s)
Round   89/100  coverage=0.3926  prec@K=0.0042  accepted=15  loss=nan  (1.0s)
Round   90/100  coverage=0.3935  prec@K=0.0056  accepted=20  loss=nan  (1.1s)
Round   91/100  coverage=0.3939  prec@K=0.0034  accepted=12  loss=nan  (1.2s)
Round   92/100  coverage=0.3946  prec@K=0.0049  accepted=17  loss=nan  (0.9s)
Round   93/100  coverage=0.3949  prec@K=0.0017  accepted=6  loss=nan  (0.9s)
Round   94/100  coverage=0.3955  prec@K=0.0043  accepted=15  loss=nan  (1.0s)
Round   95/100  coverage=0.3958  prec@K=0.0020  accepted=7  loss=nan  (1.0s)
Round   96/100  coverage=0.3961  prec@K=0.0020  accepted=7  loss=nan  (1.1s)
Round   97/100  coverage=0.3966  prec@K=0.0030  accepted=11  loss=nan  (1.1s)
Round   98/100  coverage=0.3969  prec@K=0.0022  accepted=8  loss=nan  (1.0s)
Round   99/100  coverage=0.3973  prec@K=0.0026  accepted=9  loss=nan  (1.1s)
Round  100/100  coverage=0.3978  prec@K=0.0033  accepted=12  loss=nan  (1.1s)

˝áąűŇŃĐ´Čë results\online\selector_sweep_bitcoin_alpha\uniform_cn/rounds.csv
