C:\conda\envs\gnn\lib\site-packages\requests\__init__.py:86: RequestsDependencyWarning: Unable to find acceptable character detection dependency (chardet or charset_normalizer).
  warnings.warn(
C:\conda\envs\gnn\lib\site-packages\outdated\__init__.py:36: UserWarning: pkg_resources is deprecated as an API. See https://setuptools.pypa.io/en/latest/pkg_resources.html. The pkg_resources package is slated for removal as early as 2025-11-30. Refrain from using this package or pin to Setuptools<81.
  from pkg_resources import parse_version
Round    1/30  coverage=0.4015  prec@K=0.0230  accepted=155  loss=nan  (0.8s)
Round    2/30  coverage=0.4030  prec@K=0.0235  accepted=158  loss=nan  (0.3s)
Round    3/30  coverage=0.4043  prec@K=0.0195  accepted=132  loss=nan  (0.4s)
Round    4/30  coverage=0.4054  prec@K=0.0177  accepted=120  loss=nan  (0.5s)
Round    5/30  coverage=0.4071  prec@K=0.0252  accepted=171  loss=nan  (0.6s)
Round    6/30  coverage=0.4084  prec@K=0.0200  accepted=136  loss=nan  (0.7s)
Round    7/30  coverage=0.4096  prec@K=0.0184  accepted=125  loss=nan  (0.9s)
Round    8/30  coverage=0.4107  prec@K=0.0169  accepted=114  loss=nan  (0.9s)
Round    9/30  coverage=0.4117  prec@K=0.0151  accepted=101  loss=nan  (1.0s)
Round   10/30  coverage=0.4128  prec@K=0.0164  accepted=111  loss=nan  (1.0s)
Round   11/30  coverage=0.4138  prec@K=0.0156  accepted=107  loss=nan  (1.9s)
Round   12/30  coverage=0.4147  prec@K=0.0142  accepted=97  loss=nan  (1.3s)
Round   13/30  coverage=0.4160  prec@K=0.0192  accepted=130  loss=nan  (1.4s)
Round   14/30  coverage=0.4170  prec@K=0.0157  accepted=106  loss=nan  (1.4s)
Round   15/30  coverage=0.4180  prec@K=0.0149  accepted=100  loss=nan  (1.5s)
Round   16/30  coverage=0.4191  prec@K=0.0173  accepted=117  loss=nan  (1.6s)
Round   17/30  coverage=0.4201  prec@K=0.0148  accepted=100  loss=nan  (1.6s)
Round   18/30  coverage=0.4209  prec@K=0.0129  accepted=87  loss=nan  (1.9s)
Round   19/30  coverage=0.4219  prec@K=0.0160  accepted=109  loss=nan  (2.0s)
Round   20/30  coverage=0.4228  prec@K=0.0139  accepted=93  loss=nan  (2.2s)
Round   21/30  coverage=0.4238  prec@K=0.0145  accepted=98  loss=nan  (2.7s)
Round   22/30  coverage=0.4246  prec@K=0.0125  accepted=84  loss=nan  (2.3s)
Round   23/30  coverage=0.4255  prec@K=0.0134  accepted=91  loss=nan  (2.6s)
Round   24/30  coverage=0.4263  prec@K=0.0128  accepted=86  loss=nan  (2.6s)
Round   25/30  coverage=0.4271  prec@K=0.0124  accepted=83  loss=nan  (2.8s)
Round   26/30  coverage=0.4277  prec@K=0.0089  accepted=60  loss=nan  (2.7s)
Round   27/30  coverage=0.4283  prec@K=0.0093  accepted=63  loss=nan  (3.0s)
Round   28/30  coverage=0.4291  prec@K=0.0127  accepted=85  loss=nan  (2.7s)
Round   29/30  coverage=0.4299  prec@K=0.0116  accepted=79  loss=nan  (3.0s)
Round   30/30  coverage=0.4309  prec@K=0.0155  accepted=103  loss=nan  (3.1s)

结果已写入 results\online\algo_sweep_wiki_vote_v2_ir40_s1\wiki_vote_pa/rounds.csv
