C:\conda\envs\gnn\lib\site-packages\requests\__init__.py:86: RequestsDependencyWarning: Unable to find acceptable character detection dependency (chardet or charset_normalizer).
  warnings.warn(
C:\conda\envs\gnn\lib\site-packages\outdated\__init__.py:36: UserWarning: pkg_resources is deprecated as an API. See https://setuptools.pypa.io/en/latest/pkg_resources.html. The pkg_resources package is slated for removal as early as 2025-11-30. Refrain from using this package or pin to Setuptools<81.
  from pkg_resources import parse_version
Round    1/30  coverage=0.2527  prec@K=0.0193  accepted=67  loss=0.6739  (13.9s)
Round    2/30  coverage=0.2555  prec@K=0.0189  accepted=66  loss=0.6699  (17.6s)
Round    3/30  coverage=0.2571  prec@K=0.0114  accepted=40  loss=0.6658  (10.7s)
Round    4/30  coverage=0.2592  prec@K=0.0145  accepted=51  loss=0.6615  (14.7s)
Round    5/30  coverage=0.2617  prec@K=0.0173  accepted=59  loss=0.6561  (9.8s)
Round    6/30  coverage=0.2632  prec@K=0.0106  accepted=36  loss=0.6510  (31.1s)
Round    7/30  coverage=0.2652  prec@K=0.0135  accepted=48  loss=0.6475  (8.1s)
Round    8/30  coverage=0.2673  prec@K=0.0146  accepted=51  loss=0.6436  (5.3s)
Round    9/30  coverage=0.2690  prec@K=0.0120  accepted=42  loss=0.6389  (6.3s)
Round   10/30  coverage=0.2712  prec@K=0.0154  accepted=54  loss=0.6347  (47.5s)
Round   11/30  coverage=0.2731  prec@K=0.0134  accepted=46  loss=0.6306  (13.4s)
Round   12/30  coverage=0.2750  prec@K=0.0126  accepted=44  loss=0.6262  (7.4s)
Round   13/30  coverage=0.2762  prec@K=0.0082  accepted=29  loss=0.6212  (17.2s)
Round   14/30  coverage=0.2777  prec@K=0.0105  accepted=37  loss=0.6168  (6.9s)
Round   15/30  coverage=0.2800  prec@K=0.0159  accepted=55  loss=0.6155  (7.0s)
Round   16/30  coverage=0.2816  prec@K=0.0114  accepted=40  loss=0.6097  (17.0s)
Round   17/30  coverage=0.2830  prec@K=0.0093  accepted=33  loss=0.6046  (5.9s)
Round   18/30  coverage=0.2841  prec@K=0.0079  accepted=27  loss=0.6004  (11.5s)
Round   19/30  coverage=0.2855  prec@K=0.0101  accepted=35  loss=0.5961  (27.6s)
Round   20/30  coverage=0.2871  prec@K=0.0111  accepted=39  loss=0.5923  (38.7s)
Round   21/30  coverage=0.2884  prec@K=0.0085  accepted=30  loss=0.5883  (18.4s)
Round   22/30  coverage=0.2890  prec@K=0.0040  accepted=14  loss=0.5827  (11.9s)
Round   23/30  coverage=0.2905  prec@K=0.0104  accepted=37  loss=0.5807  (6.2s)
Round   24/30  coverage=0.2914  prec@K=0.0060  accepted=21  loss=0.5759  (13.9s)
Round   25/30  coverage=0.2925  prec@K=0.0078  accepted=27  loss=0.5691  (6.0s)
Round   26/30  coverage=0.2933  prec@K=0.0056  accepted=19  loss=0.5666  (22.4s)
Round   27/30  coverage=0.2943  prec@K=0.0068  accepted=24  loss=0.5630  (10.4s)
Round   28/30  coverage=0.2947  prec@K=0.0028  accepted=10  loss=0.5573  (26.5s)
Round   29/30  coverage=0.2955  prec@K=0.0055  accepted=19  loss=0.5524  (29.6s)
Round   30/30  coverage=0.2966  prec@K=0.0076  accepted=27  loss=0.5489  (33.2s)

结果已写入 results\online\algo_sweep_bitcoin_alpha_v2_constlr_s0\bitcoin_alpha_gnn_sum/rounds.csv
