C:\conda\envs\gnn\lib\site-packages\requests\__init__.py:86: RequestsDependencyWarning: Unable to find acceptable character detection dependency (chardet or charset_normalizer).
  warnings.warn(
C:\conda\envs\gnn\lib\site-packages\outdated\__init__.py:36: UserWarning: pkg_resources is deprecated as an API. See https://setuptools.pypa.io/en/latest/pkg_resources.html. The pkg_resources package is slated for removal as early as 2025-11-30. Refrain from using this package or pin to Setuptools<81.
  from pkg_resources import parse_version
Round    1/30  coverage=0.4056  prec@K=0.0392  accepted=136  loss=0.6870  (1.1s)
Round    2/30  coverage=0.4103  prec@K=0.0324  accepted=113  loss=0.6833  (0.7s)
Round    3/30  coverage=0.4142  prec@K=0.0267  accepted=95  loss=0.6757  (0.7s)
Round    4/30  coverage=0.4168  prec@K=0.0175  accepted=62  loss=0.6641  (0.7s)
Round    5/30  coverage=0.4180  prec@K=0.0086  accepted=30  loss=0.6482  (0.8s)
Round    6/30  coverage=0.4187  prec@K=0.0046  accepted=16  loss=0.6306  (0.8s)
Round    7/30  coverage=0.4190  prec@K=0.0026  accepted=9  loss=0.6113  (0.8s)
Round    8/30  coverage=0.4194  prec@K=0.0023  accepted=8  loss=0.5934  (0.8s)
Round    9/30  coverage=0.4200  prec@K=0.0042  accepted=15  loss=0.5771  (0.8s)
Round   10/30  coverage=0.4202  prec@K=0.0014  accepted=5  loss=0.5618  (0.8s)
Round   11/30  coverage=0.4204  prec@K=0.0014  accepted=5  loss=0.5455  (0.9s)
Round   12/30  coverage=0.4207  prec@K=0.0023  accepted=8  loss=0.5286  (1.8s)
Round   13/30  coverage=0.4209  prec@K=0.0012  accepted=4  loss=0.5157  (1.6s)
Round   14/30  coverage=0.4213  prec@K=0.0028  accepted=10  loss=0.5028  (9.0s)
Round   15/30  coverage=0.4216  prec@K=0.0023  accepted=8  loss=0.4884  (3.3s)
Round   16/30  coverage=0.4219  prec@K=0.0017  accepted=6  loss=0.4717  (0.9s)
Round   17/30  coverage=0.4224  prec@K=0.0037  accepted=13  loss=0.4630  (0.9s)
Round   18/30  coverage=0.4228  prec@K=0.0022  accepted=8  loss=0.4497  (1.1s)
Round   19/30  coverage=0.4233  prec@K=0.0034  accepted=12  loss=0.4429  (1.1s)
Round   20/30  coverage=0.4236  prec@K=0.0023  accepted=8  loss=0.4320  (0.9s)
Round   21/30  coverage=0.4240  prec@K=0.0028  accepted=10  loss=0.4209  (1.0s)
Round   22/30  coverage=0.4245  prec@K=0.0034  accepted=12  loss=0.4173  (1.0s)
Round   23/30  coverage=0.4248  prec@K=0.0023  accepted=8  loss=0.4095  (1.0s)
Round   24/30  coverage=0.4255  prec@K=0.0049  accepted=17  loss=0.4091  (1.0s)
Round   25/30  coverage=0.4257  prec@K=0.0014  accepted=5  loss=0.4011  (1.1s)
Round   26/30  coverage=0.4262  prec@K=0.0034  accepted=12  loss=0.4011  (1.1s)
Round   27/30  coverage=0.4267  prec@K=0.0031  accepted=11  loss=0.3994  (1.2s)
Round   28/30  coverage=0.4271  prec@K=0.0026  accepted=9  loss=0.3963  (1.1s)
Round   29/30  coverage=0.4273  prec@K=0.0014  accepted=5  loss=0.3958  (1.2s)
Round   30/30  coverage=0.4277  prec@K=0.0028  accepted=10  loss=0.3962  (1.1s)

结果已写入 results\online\algo_sweep_bitcoin_alpha_v2_ir40_s1\bitcoin_alpha_gnn_h32/rounds.csv
