C:\conda\envs\gnn\lib\site-packages\requests\__init__.py:86: RequestsDependencyWarning: Unable to find acceptable character detection dependency (chardet or charset_normalizer).
  warnings.warn(
C:\conda\envs\gnn\lib\site-packages\outdated\__init__.py:36: UserWarning: pkg_resources is deprecated as an API. See https://setuptools.pypa.io/en/latest/pkg_resources.html. The pkg_resources package is slated for removal as early as 2025-11-30. Refrain from using this package or pin to Setuptools<81.
  from pkg_resources import parse_version
Round    1/30  coverage=0.4010  prec@K=0.0069  accepted=24  loss=0.7527  (1.9s)
Round    2/30  coverage=0.4020  prec@K=0.0072  accepted=25  loss=0.7506  (1.0s)
Round    3/30  coverage=0.4028  prec@K=0.0056  accepted=20  loss=0.7476  (1.5s)
Round    4/30  coverage=0.4035  prec@K=0.0043  accepted=15  loss=0.7426  (1.1s)
Round    5/30  coverage=0.4044  prec@K=0.0063  accepted=22  loss=0.7351  (2.2s)
Round    6/30  coverage=0.4051  prec@K=0.0051  accepted=18  loss=0.7265  (4.2s)
Round    7/30  coverage=0.4057  prec@K=0.0040  accepted=14  loss=0.7185  (1.3s)
Round    8/30  coverage=0.4061  prec@K=0.0031  accepted=11  loss=0.7100  (1.3s)
Round    9/30  coverage=0.4068  prec@K=0.0042  accepted=15  loss=0.7009  (1.7s)
Round   10/30  coverage=0.4069  prec@K=0.0011  accepted=4  loss=0.6932  (1.7s)
Round   11/30  coverage=0.4074  prec@K=0.0031  accepted=11  loss=0.6859  (1.9s)
Round   12/30  coverage=0.4086  prec@K=0.0085  accepted=30  loss=0.6783  (1.2s)
Round   13/30  coverage=0.4095  prec@K=0.0061  accepted=21  loss=0.6718  (1.5s)
Round   14/30  coverage=0.4118  prec@K=0.0159  accepted=57  loss=0.6673  (1.5s)
Round   15/30  coverage=0.4146  prec@K=0.0187  accepted=66  loss=0.6644  (10.7s)
Round   16/30  coverage=0.4165  prec@K=0.0132  accepted=47  loss=0.6601  (0.9s)
Round   17/30  coverage=0.4184  prec@K=0.0127  accepted=45  loss=0.6571  (0.9s)
Round   18/30  coverage=0.4198  prec@K=0.0098  accepted=35  loss=0.6541  (0.8s)
Round   19/30  coverage=0.4212  prec@K=0.0092  accepted=33  loss=0.6515  (0.8s)
Round   20/30  coverage=0.4226  prec@K=0.0102  accepted=35  loss=0.6489  (0.8s)
Round   21/30  coverage=0.4240  prec@K=0.0093  accepted=33  loss=0.6469  (1.0s)
Round   22/30  coverage=0.4252  prec@K=0.0081  accepted=28  loss=0.6456  (0.9s)
Round   23/30  coverage=0.4263  prec@K=0.0080  accepted=28  loss=0.6437  (0.9s)
Round   24/30  coverage=0.4279  prec@K=0.0107  accepted=37  loss=0.6423  (1.0s)
Round   25/30  coverage=0.4287  prec@K=0.0060  accepted=21  loss=0.6410  (1.1s)
Round   26/30  coverage=0.4298  prec@K=0.0077  accepted=27  loss=0.6401  (1.0s)
Round   27/30  coverage=0.4310  prec@K=0.0080  accepted=28  loss=0.6411  (1.1s)
Round   28/30  coverage=0.4317  prec@K=0.0051  accepted=18  loss=0.6390  (1.3s)
Round   29/30  coverage=0.4330  prec@K=0.0087  accepted=31  loss=0.6399  (2.9s)
Round   30/30  coverage=0.4340  prec@K=0.0066  accepted=23  loss=0.6390  (1.1s)

结果已写入 results\online\algo_sweep_bitcoin_alpha_v2_ir40_s1\bitcoin_alpha_gnn_concat_h8/rounds.csv
