C:\conda\envs\gnn\lib\site-packages\requests\__init__.py:86: RequestsDependencyWarning: Unable to find acceptable character detection dependency (chardet or charset_normalizer).
  warnings.warn(
C:\conda\envs\gnn\lib\site-packages\outdated\__init__.py:36: UserWarning: pkg_resources is deprecated as an API. See https://setuptools.pypa.io/en/latest/pkg_resources.html. The pkg_resources package is slated for removal as early as 2025-11-30. Refrain from using this package or pin to Setuptools<81.
  from pkg_resources import parse_version
Round    1/30  coverage=0.2535  prec@K=0.0245  accepted=84  loss=0.7601  (1.3s)
Round    2/30  coverage=0.2571  prec@K=0.0260  accepted=89  loss=0.7594  (0.5s)
Round    3/30  coverage=0.2595  prec@K=0.0166  accepted=58  loss=0.7596  (0.6s)
Round    4/30  coverage=0.2628  prec@K=0.0233  accepted=80  loss=0.7563  (0.6s)
Round    5/30  coverage=0.2666  prec@K=0.0263  accepted=91  loss=0.7530  (0.6s)
Round    6/30  coverage=0.2695  prec@K=0.0201  accepted=70  loss=0.7493  (0.6s)
Round    7/30  coverage=0.2722  prec@K=0.0191  accepted=66  loss=0.7458  (0.7s)
Round    8/30  coverage=0.2761  prec@K=0.0272  accepted=93  loss=0.7396  (0.7s)
Round    9/30  coverage=0.2793  prec@K=0.0227  accepted=78  loss=0.7377  (0.7s)
Round   10/30  coverage=0.2829  prec@K=0.0246  accepted=87  loss=0.7331  (0.8s)
Round   11/30  coverage=0.2864  prec@K=0.0236  accepted=84  loss=0.7290  (0.9s)
Round   12/30  coverage=0.2905  prec@K=0.0286  accepted=100  loss=0.7260  (0.9s)
Round   13/30  coverage=0.2953  prec@K=0.0333  accepted=116  loss=0.7222  (0.8s)
Round   14/30  coverage=0.2990  prec@K=0.0258  accepted=90  loss=0.7203  (0.8s)
Round   15/30  coverage=0.3018  prec@K=0.0194  accepted=67  loss=0.7194  (1.5s)
Round   16/30  coverage=0.3051  prec@K=0.0230  accepted=80  loss=0.7171  (1.9s)
Round   17/30  coverage=0.3090  prec@K=0.0270  accepted=95  loss=0.7156  (1.6s)
Round   18/30  coverage=0.3110  prec@K=0.0138  accepted=48  loss=0.7158  (1.3s)
Round   19/30  coverage=0.3144  prec@K=0.0231  accepted=81  loss=0.7133  (1.5s)
Round   20/30  coverage=0.3165  prec@K=0.0150  accepted=52  loss=0.7133  (1.8s)
Round   21/30  coverage=0.3194  prec@K=0.0196  accepted=69  loss=0.7119  (1.1s)
Round   22/30  coverage=0.3213  prec@K=0.0131  accepted=47  loss=0.7115  (1.1s)
Round   23/30  coverage=0.3234  prec@K=0.0147  accepted=51  loss=0.7105  (1.1s)
Round   24/30  coverage=0.3254  prec@K=0.0134  accepted=47  loss=0.7102  (1.1s)
Round   25/30  coverage=0.3280  prec@K=0.0179  accepted=63  loss=0.7095  (2.6s)
Round   26/30  coverage=0.3299  prec@K=0.0133  accepted=46  loss=0.7097  (7.2s)
Round   27/30  coverage=0.3314  prec@K=0.0103  accepted=37  loss=0.7091  (8.1s)
Round   28/30  coverage=0.3328  prec@K=0.0096  accepted=34  loss=0.7090  (9.0s)
Round   29/30  coverage=0.3350  prec@K=0.0155  accepted=54  loss=0.7088  (3.6s)
Round   30/30  coverage=0.3366  prec@K=0.0105  accepted=37  loss=0.7091  (1.4s)

结果已写入 results\online\algo_sweep_bitcoin_alpha_v2_s2\bitcoin_alpha_gnn/rounds.csv
