C:\conda\envs\gnn\lib\site-packages\requests\__init__.py:86: RequestsDependencyWarning: Unable to find acceptable character detection dependency (chardet or charset_normalizer).
  warnings.warn(
C:\conda\envs\gnn\lib\site-packages\outdated\__init__.py:36: UserWarning: pkg_resources is deprecated as an API. See https://setuptools.pypa.io/en/latest/pkg_resources.html. The pkg_resources package is slated for removal as early as 2025-11-30. Refrain from using this package or pin to Setuptools<81.
  from pkg_resources import parse_version
Round    1/30  coverage=0.2512  prec@K=0.0085  accepted=29  loss=0.5296  (1.0s)
Round    2/30  coverage=0.2525  prec@K=0.0091  accepted=31  loss=0.5280  (0.6s)
Round    3/30  coverage=0.2534  prec@K=0.0066  accepted=23  loss=0.5247  (0.7s)
Round    4/30  coverage=0.2544  prec@K=0.0067  accepted=23  loss=0.5195  (0.6s)
Round    5/30  coverage=0.2554  prec@K=0.0075  accepted=26  loss=0.5134  (0.7s)
Round    6/30  coverage=0.2558  prec@K=0.0026  accepted=9  loss=0.5015  (0.7s)
Round    7/30  coverage=0.2565  prec@K=0.0049  accepted=17  loss=0.4954  (0.7s)
Round    8/30  coverage=0.2574  prec@K=0.0065  accepted=22  loss=0.4891  (0.7s)
Round    9/30  coverage=0.2581  prec@K=0.0047  accepted=16  loss=0.4781  (0.8s)
Round   10/30  coverage=0.2587  prec@K=0.0045  accepted=16  loss=0.4713  (0.8s)
Round   11/30  coverage=0.2592  prec@K=0.0028  accepted=10  loss=0.4618  (1.0s)
Round   12/30  coverage=0.2599  prec@K=0.0049  accepted=17  loss=0.4566  (0.9s)
Round   13/30  coverage=0.2606  prec@K=0.0049  accepted=17  loss=0.4484  (0.9s)
Round   14/30  coverage=0.2611  prec@K=0.0040  accepted=14  loss=0.4416  (0.9s)
Round   15/30  coverage=0.2613  prec@K=0.0014  accepted=5  loss=0.4319  (0.9s)
Round   16/30  coverage=0.2621  prec@K=0.0055  accepted=19  loss=0.4334  (1.7s)
Round   17/30  coverage=0.2627  prec@K=0.0040  accepted=14  loss=0.4243  (1.3s)
Round   18/30  coverage=0.2631  prec@K=0.0026  accepted=9  loss=0.4172  (1.4s)
Round   19/30  coverage=0.2637  prec@K=0.0043  accepted=15  loss=0.4152  (1.1s)
Round   20/30  coverage=0.2639  prec@K=0.0015  accepted=5  loss=0.4069  (1.0s)
Round   21/30  coverage=0.2642  prec@K=0.0020  accepted=7  loss=0.4036  (1.1s)
Round   22/30  coverage=0.2645  prec@K=0.0017  accepted=6  loss=0.4005  (1.1s)
Round   23/30  coverage=0.2647  prec@K=0.0014  accepted=5  loss=0.3974  (5.5s)
Round   24/30  coverage=0.2648  prec@K=0.0009  accepted=3  loss=0.3953  (2.1s)
Round   25/30  coverage=0.2651  prec@K=0.0023  accepted=8  loss=0.3949  (1.1s)
Round   26/30  coverage=0.2654  prec@K=0.0023  accepted=8  loss=0.3948  (1.2s)
Round   27/30  coverage=0.2657  prec@K=0.0020  accepted=7  loss=0.3930  (2.2s)
Round   28/30  coverage=0.2659  prec@K=0.0014  accepted=5  loss=0.3915  (1.9s)
Round   29/30  coverage=0.2662  prec@K=0.0020  accepted=7  loss=0.3914  (1.6s)
Round   30/30  coverage=0.2664  prec@K=0.0011  accepted=4  loss=0.3909  (1.5s)

结果已写入 results\online\algo_sweep_bitcoin_alpha_v2_s2\bitcoin_alpha_gnn_sum_h8/rounds.csv
