C:\conda\envs\gnn\lib\site-packages\requests\__init__.py:86: RequestsDependencyWarning: Unable to find acceptable character detection dependency (chardet or charset_normalizer).
  warnings.warn(
C:\conda\envs\gnn\lib\site-packages\outdated\__init__.py:36: UserWarning: pkg_resources is deprecated as an API. See https://setuptools.pypa.io/en/latest/pkg_resources.html. The pkg_resources package is slated for removal as early as 2025-11-30. Refrain from using this package or pin to Setuptools<81.
  from pkg_resources import parse_version
Round    1/30  coverage=0.2544  prec@K=0.0309  accepted=106  loss=0.6931  (1.0s)
Round    2/30  coverage=0.2590  prec@K=0.0327  accepted=112  loss=0.6916  (0.6s)
Round    3/30  coverage=0.2619  prec@K=0.0200  accepted=70  loss=0.6873  (0.6s)
Round    4/30  coverage=0.2659  prec@K=0.0282  accepted=97  loss=0.6812  (0.6s)
Round    5/30  coverage=0.2705  prec@K=0.0323  accepted=112  loss=0.6735  (0.7s)
Round    6/30  coverage=0.2736  prec@K=0.0212  accepted=74  loss=0.6616  (0.7s)
Round    7/30  coverage=0.2759  prec@K=0.0159  accepted=55  loss=0.6511  (0.8s)
Round    8/30  coverage=0.2794  prec@K=0.0248  accepted=85  loss=0.6441  (0.7s)
Round    9/30  coverage=0.2825  prec@K=0.0221  accepted=76  loss=0.6347  (0.7s)
Round   10/30  coverage=0.2854  prec@K=0.0197  accepted=70  loss=0.6263  (0.9s)
Round   11/30  coverage=0.2883  prec@K=0.0200  accepted=71  loss=0.6206  (1.0s)
Round   12/30  coverage=0.2916  prec@K=0.0226  accepted=79  loss=0.6125  (0.8s)
Round   13/30  coverage=0.2955  prec@K=0.0267  accepted=93  loss=0.6073  (0.9s)
Round   14/30  coverage=0.2979  prec@K=0.0166  accepted=58  loss=0.5975  (0.9s)
Round   15/30  coverage=0.2998  prec@K=0.0138  accepted=48  loss=0.5887  (0.9s)
Round   16/30  coverage=0.3017  prec@K=0.0126  accepted=44  loss=0.5820  (1.0s)
Round   17/30  coverage=0.3041  prec@K=0.0170  accepted=60  loss=0.5786  (1.0s)
Round   18/30  coverage=0.3053  prec@K=0.0081  accepted=28  loss=0.5672  (2.2s)
Round   19/30  coverage=0.3074  prec@K=0.0142  accepted=50  loss=0.5670  (1.2s)
Round   20/30  coverage=0.3085  prec@K=0.0078  accepted=27  loss=0.5579  (1.1s)
Round   21/30  coverage=0.3097  prec@K=0.0085  accepted=30  loss=0.5542  (1.2s)
Round   22/30  coverage=0.3105  prec@K=0.0053  accepted=19  loss=0.5495  (1.1s)
Round   23/30  coverage=0.3115  prec@K=0.0072  accepted=25  loss=0.5475  (1.2s)
Round   24/30  coverage=0.3123  prec@K=0.0051  accepted=18  loss=0.5448  (1.2s)
Round   25/30  coverage=0.3131  prec@K=0.0057  accepted=20  loss=0.5420  (1.2s)
Round   26/30  coverage=0.3140  prec@K=0.0064  accepted=22  loss=0.5421  (1.2s)
Round   27/30  coverage=0.3149  prec@K=0.0056  accepted=20  loss=0.5406  (1.3s)
Round   28/30  coverage=0.3157  prec@K=0.0057  accepted=20  loss=0.5396  (1.4s)
Round   29/30  coverage=0.3167  prec@K=0.0069  accepted=24  loss=0.5391  (1.4s)
Round   30/30  coverage=0.3174  prec@K=0.0052  accepted=18  loss=0.5393  (1.5s)

结果已写入 results\online\algo_sweep_bitcoin_alpha_v2_s2\bitcoin_alpha_gnn_concat_h8/rounds.csv
