C:\conda\envs\gnn\lib\site-packages\requests\__init__.py:86: RequestsDependencyWarning: Unable to find acceptable character detection dependency (chardet or charset_normalizer).
  warnings.warn(
C:\conda\envs\gnn\lib\site-packages\outdated\__init__.py:36: UserWarning: pkg_resources is deprecated as an API. See https://setuptools.pypa.io/en/latest/pkg_resources.html. The pkg_resources package is slated for removal as early as 2025-11-30. Refrain from using this package or pin to Setuptools<81.
  from pkg_resources import parse_version
Round    1/30  coverage=0.2526  prec@K=0.0187  accepted=64  loss=0.6825  (2.5s)
Round    2/30  coverage=0.2563  prec@K=0.0257  accepted=88  loss=0.6775  (2.0s)
Round    3/30  coverage=0.2583  prec@K=0.0140  accepted=49  loss=0.6605  (0.8s)
Round    4/30  coverage=0.2610  prec@K=0.0189  accepted=65  loss=0.6393  (0.8s)
Round    5/30  coverage=0.2637  prec@K=0.0191  accepted=66  loss=0.6143  (4.2s)
Round    6/30  coverage=0.2654  prec@K=0.0121  accepted=42  loss=0.5832  (2.6s)
Round    7/30  coverage=0.2664  prec@K=0.0070  accepted=24  loss=0.5532  (2.7s)
Round    8/30  coverage=0.2671  prec@K=0.0044  accepted=15  loss=0.5218  (2.8s)
Round    9/30  coverage=0.2679  prec@K=0.0058  accepted=20  loss=0.4943  (0.8s)
Round   10/30  coverage=0.2684  prec@K=0.0034  accepted=12  loss=0.4629  (1.1s)
Round   11/30  coverage=0.2690  prec@K=0.0039  accepted=14  loss=0.4336  (1.4s)
Round   12/30  coverage=0.2694  prec@K=0.0031  accepted=11  loss=0.4041  (2.8s)
Round   13/30  coverage=0.2703  prec@K=0.0063  accepted=22  loss=0.3814  (3.5s)
Round   14/30  coverage=0.2707  prec@K=0.0029  accepted=10  loss=0.3530  (1.1s)
Round   15/30  coverage=0.2713  prec@K=0.0037  accepted=13  loss=0.3302  (1.1s)
Round   16/30  coverage=0.2719  prec@K=0.0046  accepted=16  loss=0.3110  (5.1s)
Round   17/30  coverage=0.2725  prec@K=0.0040  accepted=14  loss=0.2883  (1.1s)
Round   18/30  coverage=0.2729  prec@K=0.0026  accepted=9  loss=0.2695  (1.0s)
Round   19/30  coverage=0.2735  prec@K=0.0045  accepted=16  loss=0.2588  (1.1s)
Round   20/30  coverage=0.2739  prec@K=0.0023  accepted=8  loss=0.2394  (1.1s)
Round   21/30  coverage=0.2745  prec@K=0.0040  accepted=14  loss=0.2304  (2.8s)
Round   22/30  coverage=0.2748  prec@K=0.0025  accepted=9  loss=0.2180  (1.1s)
Round   23/30  coverage=0.2751  prec@K=0.0020  accepted=7  loss=0.2077  (5.1s)
Round   24/30  coverage=0.2754  prec@K=0.0023  accepted=8  loss=0.2056  (1.4s)
Round   25/30  coverage=0.2758  prec@K=0.0023  accepted=8  loss=0.1972  (1.4s)
Round   26/30  coverage=0.2762  prec@K=0.0032  accepted=11  loss=0.2016  (1.4s)
Round   27/30  coverage=0.2765  prec@K=0.0020  accepted=7  loss=0.1903  (1.7s)
Round   28/30  coverage=0.2767  prec@K=0.0014  accepted=5  loss=0.1864  (1.6s)
Round   29/30  coverage=0.2771  prec@K=0.0026  accepted=9  loss=0.1883  (1.5s)
Round   30/30  coverage=0.2773  prec@K=0.0012  accepted=4  loss=0.1864  (1.5s)

结果已写入 results\online\algo_sweep_bitcoin_alpha_v2_s2\bitcoin_alpha_gnn_sum/rounds.csv
