C:\conda\envs\gnn\lib\site-packages\requests\__init__.py:86: RequestsDependencyWarning: Unable to find acceptable character detection dependency (chardet or charset_normalizer).
  warnings.warn(
C:\conda\envs\gnn\lib\site-packages\outdated\__init__.py:36: UserWarning: pkg_resources is deprecated as an API. See https://setuptools.pypa.io/en/latest/pkg_resources.html. The pkg_resources package is slated for removal as early as 2025-11-30. Refrain from using this package or pin to Setuptools<81.
  from pkg_resources import parse_version
Round    1/30  coverage=0.2500  prec@K=0.0004  accepted=6  loss=0.6614  (16.9s)
Round    2/30  coverage=0.2500  prec@K=0.0006  accepted=9  loss=0.6583  (31.5s)
Round    3/30  coverage=0.2500  prec@K=0.0007  accepted=10  loss=0.6517  (21.3s)
Round    4/30  coverage=0.2501  prec@K=0.0005  accepted=7  loss=0.6435  (27.0s)
Round    5/30  coverage=0.2501  prec@K=0.0001  accepted=2  loss=0.6342  (30.7s)
Round    6/30  coverage=0.2501  prec@K=0.0002  accepted=3  loss=0.6226  (36.1s)
Round    7/30  coverage=0.2501  prec@K=0.0000  accepted=0  loss=0.6116  (50.0s)
Round    8/30  coverage=0.2501  prec@K=0.0001  accepted=1  loss=0.6014  (44.7s)
Round    9/30  coverage=0.2501  prec@K=0.0001  accepted=1  loss=0.5905  (47.9s)
Round   10/30  coverage=0.2501  prec@K=0.0004  accepted=6  loss=0.5802  (72.5s)
Round   11/30  coverage=0.2501  prec@K=0.0004  accepted=6  loss=0.5694  (55.4s)
Round   12/30  coverage=0.2501  prec@K=0.0003  accepted=5  loss=0.5585  (56.3s)
Round   13/30  coverage=0.2501  prec@K=0.0003  accepted=4  loss=0.5468  (57.0s)
Round   14/30  coverage=0.2501  prec@K=0.0001  accepted=1  loss=0.5347  (84.4s)
Round   15/30  coverage=0.2501  prec@K=0.0001  accepted=1  loss=0.5241  (62.9s)
Round   16/30  coverage=0.2501  prec@K=0.0003  accepted=4  loss=0.5146  (66.3s)
Round   17/30  coverage=0.2501  prec@K=0.0003  accepted=5  loss=0.5034  (69.4s)
Round   18/30  coverage=0.2501  prec@K=0.0000  accepted=0  loss=0.4931  (73.8s)
Round   19/30  coverage=0.2501  prec@K=0.0001  accepted=2  loss=0.4850  (90.4s)
Round   20/30  coverage=0.2501  prec@K=0.0001  accepted=1  loss=0.4779  (77.3s)
Round   21/30  coverage=0.2501  prec@K=0.0002  accepted=3  loss=0.4697  (105.4s)
Round   22/30  coverage=0.2502  prec@K=0.0003  accepted=5  loss=0.4632  (102.2s)
Round   23/30  coverage=0.2502  prec@K=0.0002  accepted=3  loss=0.4589  (89.7s)
Round   24/30  coverage=0.2502  prec@K=0.0001  accepted=1  loss=0.4543  (92.1s)
Round   25/30  coverage=0.2502  prec@K=0.0001  accepted=2  loss=0.4503  (90.7s)
Round   26/30  coverage=0.2502  prec@K=0.0003  accepted=4  loss=0.4476  (99.8s)
Round   27/30  coverage=0.2502  prec@K=0.0001  accepted=2  loss=0.4464  (100.0s)
Round   28/30  coverage=0.2502  prec@K=0.0005  accepted=7  loss=0.4447  (132.7s)
Round   29/30  coverage=0.2502  prec@K=0.0003  accepted=5  loss=0.4439  (110.2s)
Round   30/30  coverage=0.2502  prec@K=0.0004  accepted=6  loss=0.4459  (115.5s)

结果已写入 results\online\algo_sweep_sx_askubuntu_v2_s2\sx_askubuntu_gnn_h32/rounds.csv
