C:\conda\envs\gnn\lib\site-packages\requests\__init__.py:86: RequestsDependencyWarning: Unable to find acceptable character detection dependency (chardet or charset_normalizer).
  warnings.warn(
C:\conda\envs\gnn\lib\site-packages\outdated\__init__.py:36: UserWarning: pkg_resources is deprecated as an API. See https://setuptools.pypa.io/en/latest/pkg_resources.html. The pkg_resources package is slated for removal as early as 2025-11-30. Refrain from using this package or pin to Setuptools<81.
  from pkg_resources import parse_version
Round    1/30  coverage=0.2500  prec@K=0.0027  accepted=20  loss=0.7115  (6.1s)
Round    2/30  coverage=0.2501  prec@K=0.0020  accepted=15  loss=0.7031  (3.6s)
Round    3/30  coverage=0.2501  prec@K=0.0030  accepted=22  loss=0.6809  (9.7s)
Round    4/30  coverage=0.2501  prec@K=0.0023  accepted=17  loss=0.6498  (7.9s)
Round    5/30  coverage=0.2502  prec@K=0.0027  accepted=20  loss=0.6135  (5.1s)
Round    6/30  coverage=0.2502  prec@K=0.0021  accepted=15  loss=0.5682  (7.8s)
Round    7/30  coverage=0.2502  prec@K=0.0011  accepted=8  loss=0.5235  (7.1s)
Round    8/30  coverage=0.2503  prec@K=0.0022  accepted=16  loss=0.4807  (7.1s)
Round    9/30  coverage=0.2503  prec@K=0.0030  accepted=22  loss=0.4379  (7.4s)
Round   10/30  coverage=0.2503  prec@K=0.0033  accepted=24  loss=0.4028  (8.5s)
Round   11/30  coverage=0.2504  prec@K=0.0018  accepted=13  loss=0.3551  (9.8s)
Round   12/30  coverage=0.2504  prec@K=0.0030  accepted=22  loss=0.3213  (15.7s)
Round   13/30  coverage=0.2504  prec@K=0.0025  accepted=18  loss=0.2834  (13.3s)
Round   14/30  coverage=0.2505  prec@K=0.0031  accepted=23  loss=0.2590  (11.2s)
Round   15/30  coverage=0.2505  prec@K=0.0021  accepted=15  loss=0.2203  (14.1s)
Round   16/30  coverage=0.2505  prec@K=0.0019  accepted=14  loss=0.1959  (14.5s)
Round   17/30  coverage=0.2506  prec@K=0.0024  accepted=18  loss=0.1815  (16.2s)
Round   18/30  coverage=0.2506  prec@K=0.0021  accepted=15  loss=0.1586  (16.7s)
Round   19/30  coverage=0.2506  prec@K=0.0012  accepted=9  loss=0.1365  (16.4s)
Round   20/30  coverage=0.2507  prec@K=0.0030  accepted=22  loss=0.1436  (17.1s)
Round   21/30  coverage=0.2507  prec@K=0.0025  accepted=18  loss=0.1303  (20.2s)
Round   22/30  coverage=0.2507  prec@K=0.0018  accepted=13  loss=0.1131  (28.8s)
Round   23/30  coverage=0.2508  prec@K=0.0029  accepted=21  loss=0.1255  (19.3s)
Round   24/30  coverage=0.2508  prec@K=0.0024  accepted=18  loss=0.1107  (20.3s)
Round   25/30  coverage=0.2508  prec@K=0.0019  accepted=14  loss=0.1037  (21.0s)
Round   26/30  coverage=0.2509  prec@K=0.0021  accepted=15  loss=0.1083  (21.3s)
Round   27/30  coverage=0.2509  prec@K=0.0028  accepted=20  loss=0.1094  (21.0s)
Round   28/30  coverage=0.2509  prec@K=0.0018  accepted=13  loss=0.0956  (21.8s)
Round   29/30  coverage=0.2510  prec@K=0.0024  accepted=17  loss=0.1090  (28.9s)
Round   30/30  coverage=0.2510  prec@K=0.0012  accepted=9  loss=0.0909  (24.9s)

结果已写入 results\online\algo_sweep_slashdot_v2_s1\slashdot_gnn_sum/rounds.csv
