C:\conda\envs\gnn\lib\site-packages\requests\__init__.py:86: RequestsDependencyWarning: Unable to find acceptable character detection dependency (chardet or charset_normalizer).
  warnings.warn(
C:\conda\envs\gnn\lib\site-packages\outdated\__init__.py:36: UserWarning: pkg_resources is deprecated as an API. See https://setuptools.pypa.io/en/latest/pkg_resources.html. The pkg_resources package is slated for removal as early as 2025-11-30. Refrain from using this package or pin to Setuptools<81.
  from pkg_resources import parse_version
Round    1/30  coverage=0.2502  prec@K=0.0142  accepted=104  loss=nan  (3.8s)
Round    2/30  coverage=0.2504  prec@K=0.0106  accepted=78  loss=nan  (2.1s)
Round    3/30  coverage=0.2506  prec@K=0.0142  accepted=103  loss=nan  (2.4s)
Round    4/30  coverage=0.2508  prec@K=0.0145  accepted=106  loss=nan  (3.5s)
Round    5/30  coverage=0.2510  prec@K=0.0139  accepted=102  loss=nan  (3.6s)
Round    6/30  coverage=0.2511  prec@K=0.0111  accepted=80  loss=nan  (3.7s)
Round    7/30  coverage=0.2513  prec@K=0.0119  accepted=88  loss=nan  (4.8s)
Round    8/30  coverage=0.2515  prec@K=0.0159  accepted=116  loss=nan  (4.7s)
Round    9/30  coverage=0.2517  prec@K=0.0168  accepted=122  loss=nan  (5.2s)
Round   10/30  coverage=0.2519  prec@K=0.0118  accepted=86  loss=nan  (7.2s)
Round   11/30  coverage=0.2521  prec@K=0.0103  accepted=75  loss=nan  (10.0s)
Round   12/30  coverage=0.2522  prec@K=0.0128  accepted=94  loss=nan  (8.8s)
Round   13/30  coverage=0.2524  prec@K=0.0152  accepted=111  loss=nan  (9.5s)
Round   14/30  coverage=0.2526  prec@K=0.0139  accepted=102  loss=nan  (9.9s)
Round   15/30  coverage=0.2529  prec@K=0.0171  accepted=124  loss=nan  (10.1s)
Round   16/30  coverage=0.2531  prec@K=0.0139  accepted=102  loss=nan  (11.1s)
Round   17/30  coverage=0.2533  prec@K=0.0128  accepted=95  loss=nan  (11.7s)
Round   18/30  coverage=0.2535  prec@K=0.0131  accepted=95  loss=nan  (11.8s)
Round   19/30  coverage=0.2536  prec@K=0.0118  accepted=86  loss=nan  (12.7s)
Round   20/30  coverage=0.2538  prec@K=0.0143  accepted=105  loss=nan  (12.8s)
Round   21/30  coverage=0.2540  prec@K=0.0121  accepted=89  loss=nan  (14.8s)
Round   22/30  coverage=0.2542  prec@K=0.0175  accepted=128  loss=nan  (14.1s)
Round   23/30  coverage=0.2544  prec@K=0.0148  accepted=108  loss=nan  (14.7s)
Round   24/30  coverage=0.2547  prec@K=0.0175  accepted=129  loss=nan  (15.0s)
Round   25/30  coverage=0.2549  prec@K=0.0156  accepted=114  loss=nan  (16.2s)
Round   26/30  coverage=0.2551  prec@K=0.0114  accepted=83  loss=nan  (17.4s)
Round   27/30  coverage=0.2553  prec@K=0.0140  accepted=102  loss=nan  (17.3s)
Round   28/30  coverage=0.2555  prec@K=0.0175  accepted=128  loss=nan  (18.5s)
Round   29/30  coverage=0.2557  prec@K=0.0097  accepted=70  loss=nan  (19.5s)
Round   30/30  coverage=0.2558  prec@K=0.0095  accepted=70  loss=nan  (20.4s)

结果已写入 results\online\algo_sweep_slashdot_v2_s1\slashdot_ground_truth/rounds.csv
