C:\conda\envs\gnn\lib\site-packages\requests\__init__.py:86: RequestsDependencyWarning: Unable to find acceptable character detection dependency (chardet or charset_normalizer).
  warnings.warn(
C:\conda\envs\gnn\lib\site-packages\outdated\__init__.py:36: UserWarning: pkg_resources is deprecated as an API. See https://setuptools.pypa.io/en/latest/pkg_resources.html. The pkg_resources package is slated for removal as early as 2025-11-30. Refrain from using this package or pin to Setuptools<81.
  from pkg_resources import parse_version
Round    1/30  coverage=0.4084  prec@K=0.2158  accepted=210  loss=0.7024  (0.6s)
Round    2/30  coverage=0.4164  prec@K=0.2073  accepted=199  loss=0.6987  (0.2s)
Round    3/30  coverage=0.4226  prec@K=0.1608  accepted=156  loss=0.6960  (0.3s)
Round    4/30  coverage=0.4278  prec@K=0.1329  accepted=129  loss=0.6866  (0.3s)
Round    5/30  coverage=0.4303  prec@K=0.0649  accepted=63  loss=0.6707  (0.3s)
Round    6/30  coverage=0.4310  prec@K=0.0168  accepted=16  loss=0.6492  (0.3s)
Round    7/30  coverage=0.4313  prec@K=0.0093  accepted=9  loss=0.6332  (0.3s)
Round    8/30  coverage=0.4315  prec@K=0.0051  accepted=5  loss=0.6137  (0.3s)
Round    9/30  coverage=0.4321  prec@K=0.0154  accepted=15  loss=0.6024  (0.3s)
Round   10/30  coverage=0.4325  prec@K=0.0093  accepted=9  loss=0.5772  (0.3s)
Round   11/30  coverage=0.4336  prec@K=0.0267  accepted=26  loss=0.5725  (0.5s)
Round   12/30  coverage=0.4348  prec@K=0.0327  accepted=32  loss=0.5472  (0.3s)
Round   13/30  coverage=0.4362  prec@K=0.0360  accepted=35  loss=0.5390  (0.2s)
Round   14/30  coverage=0.4380  prec@K=0.0444  accepted=43  loss=0.5275  (0.2s)
Round   15/30  coverage=0.4397  prec@K=0.0453  accepted=44  loss=0.5185  (0.2s)
Round   16/30  coverage=0.4404  prec@K=0.0164  accepted=16  loss=0.4791  (0.3s)
Round   17/30  coverage=0.4412  prec@K=0.0216  accepted=21  loss=0.4767  (0.3s)
Round   18/30  coverage=0.4419  prec@K=0.0166  accepted=16  loss=0.4576  (0.3s)
Round   19/30  coverage=0.4425  prec@K=0.0174  accepted=17  loss=0.4551  (0.3s)
Round   20/30  coverage=0.4431  prec@K=0.0134  accepted=13  loss=0.4372  (0.3s)
Round   21/30  coverage=0.4439  prec@K=0.0206  accepted=20  loss=0.4303  (0.4s)
Round   22/30  coverage=0.4443  prec@K=0.0103  accepted=10  loss=0.4173  (0.2s)
Round   23/30  coverage=0.4448  prec@K=0.0133  accepted=13  loss=0.4150  (0.2s)
Round   24/30  coverage=0.4451  prec@K=0.0082  accepted=8  loss=0.4102  (0.2s)
Round   25/30  coverage=0.4456  prec@K=0.0133  accepted=13  loss=0.4109  (0.2s)
Round   26/30  coverage=0.4461  prec@K=0.0122  accepted=12  loss=0.4042  (0.2s)
Round   27/30  coverage=0.4465  prec@K=0.0103  accepted=10  loss=0.4040  (0.2s)
Round   28/30  coverage=0.4473  prec@K=0.0194  accepted=19  loss=0.4106  (0.2s)
Round   29/30  coverage=0.4478  prec@K=0.0143  accepted=14  loss=0.3977  (0.3s)
Round   30/30  coverage=0.4481  prec@K=0.0072  accepted=7  loss=0.3943  (0.2s)

结果已写入 results\online\algo_sweep_email_eu_v2_ir40_s0\email_eu_gnn_h32/rounds.csv
