C:\conda\envs\gnn\lib\site-packages\requests\__init__.py:86: RequestsDependencyWarning: Unable to find acceptable character detection dependency (chardet or charset_normalizer).
  warnings.warn(
C:\conda\envs\gnn\lib\site-packages\outdated\__init__.py:36: UserWarning: pkg_resources is deprecated as an API. See https://setuptools.pypa.io/en/latest/pkg_resources.html. The pkg_resources package is slated for removal as early as 2025-11-30. Refrain from using this package or pin to Setuptools<81.
  from pkg_resources import parse_version
Round    1/30  coverage=0.4039  prec@K=0.0997  accepted=97  loss=0.6736  (1.5s)
Round    2/30  coverage=0.4079  prec@K=0.1052  accepted=101  loss=0.6668  (7.4s)
Round    3/30  coverage=0.4106  prec@K=0.0691  accepted=67  loss=0.6415  (7.2s)
Round    4/30  coverage=0.4131  prec@K=0.0649  accepted=63  loss=0.6116  (1.1s)
Round    5/30  coverage=0.4152  prec@K=0.0526  accepted=51  loss=0.5731  (1.4s)
Round    6/30  coverage=0.4171  prec@K=0.0493  accepted=47  loss=0.5362  (3.0s)
Round    7/30  coverage=0.4180  prec@K=0.0247  accepted=24  loss=0.4769  (0.9s)
Round    8/30  coverage=0.4187  prec@K=0.0173  accepted=17  loss=0.4257  (1.1s)
Round    9/30  coverage=0.4196  prec@K=0.0237  accepted=23  loss=0.3933  (1.0s)
Round   10/30  coverage=0.4202  prec@K=0.0154  accepted=15  loss=0.3381  (1.1s)
Round   11/30  coverage=0.4209  prec@K=0.0175  accepted=17  loss=0.3066  (1.3s)
Round   12/30  coverage=0.4216  prec@K=0.0173  accepted=17  loss=0.2622  (1.1s)
Round   13/30  coverage=0.4222  prec@K=0.0165  accepted=16  loss=0.2352  (1.0s)
Round   14/30  coverage=0.4227  prec@K=0.0114  accepted=11  loss=0.1965  (3.2s)
Round   15/30  coverage=0.4232  prec@K=0.0144  accepted=14  loss=0.1822  (7.3s)
Round   16/30  coverage=0.4239  prec@K=0.0164  accepted=16  loss=0.1648  (8.0s)
Round   17/30  coverage=0.4244  prec@K=0.0144  accepted=14  loss=0.1488  (1.4s)
Round   18/30  coverage=0.4249  prec@K=0.0114  accepted=11  loss=0.1284  (0.3s)
Round   19/30  coverage=0.4253  prec@K=0.0103  accepted=10  loss=0.1210  (1.4s)
Round   20/30  coverage=0.4258  prec@K=0.0123  accepted=12  loss=0.1143  (0.3s)
Round   21/30  coverage=0.4264  prec@K=0.0165  accepted=16  loss=0.1283  (0.4s)
Round   22/30  coverage=0.4266  prec@K=0.0041  accepted=4  loss=0.0755  (0.3s)
Round   23/30  coverage=0.4272  prec@K=0.0164  accepted=16  loss=0.1194  (0.2s)
Round   24/30  coverage=0.4275  prec@K=0.0072  accepted=7  loss=0.0851  (0.2s)
Round   25/30  coverage=0.4281  prec@K=0.0144  accepted=14  loss=0.1100  (0.2s)
Round   26/30  coverage=0.4285  prec@K=0.0122  accepted=12  loss=0.0989  (0.3s)
Round   27/30  coverage=0.4288  prec@K=0.0072  accepted=7  loss=0.0804  (0.2s)
Round   28/30  coverage=0.4293  prec@K=0.0122  accepted=12  loss=0.0992  (0.3s)
Round   29/30  coverage=0.4297  prec@K=0.0102  accepted=10  loss=0.0867  (0.3s)
Round   30/30  coverage=0.4300  prec@K=0.0082  accepted=8  loss=0.0835  (0.3s)

结果已写入 results\online\algo_sweep_email_eu_v2_ir40_s0\email_eu_gnn_concat/rounds.csv
