C:\conda\envs\gnn\lib\site-packages\requests\__init__.py:86: RequestsDependencyWarning: Unable to find acceptable character detection dependency (chardet or charset_normalizer).
  warnings.warn(
C:\conda\envs\gnn\lib\site-packages\outdated\__init__.py:36: UserWarning: pkg_resources is deprecated as an API. See https://setuptools.pypa.io/en/latest/pkg_resources.html. The pkg_resources package is slated for removal as early as 2025-11-30. Refrain from using this package or pin to Setuptools<81.
  from pkg_resources import parse_version
Round    1/30  coverage=0.4080  prec@K=0.2066  accepted=201  loss=nan  (0.2s)
Round    2/30  coverage=0.4163  prec@K=0.2161  accepted=207  loss=nan  (0.0s)
Round    3/30  coverage=0.4237  prec@K=0.1887  accepted=183  loss=nan  (0.0s)
Round    4/30  coverage=0.4316  prec@K=0.2039  accepted=198  loss=nan  (0.0s)
Round    5/30  coverage=0.4386  prec@K=0.1804  accepted=175  loss=nan  (0.0s)
Round    6/30  coverage=0.4458  prec@K=0.1872  accepted=178  loss=nan  (0.0s)
Round    7/30  coverage=0.4529  prec@K=0.1833  accepted=178  loss=nan  (0.0s)
Round    8/30  coverage=0.4610  prec@K=0.2051  accepted=201  loss=nan  (0.0s)
Round    9/30  coverage=0.4680  prec@K=0.1788  accepted=174  loss=nan  (0.0s)
Round   10/30  coverage=0.4741  prec@K=0.1576  accepted=153  loss=nan  (0.0s)
Round   11/30  coverage=0.4790  prec@K=0.1262  accepted=123  loss=nan  (0.3s)
Round   12/30  coverage=0.4857  prec@K=0.1704  accepted=167  loss=nan  (0.0s)
Round   13/30  coverage=0.4930  prec@K=0.1870  accepted=181  loss=nan  (0.0s)
Round   14/30  coverage=0.4995  prec@K=0.1662  accepted=161  loss=nan  (0.0s)
Round   15/30  coverage=0.5057  prec@K=0.1596  accepted=155  loss=nan  (0.0s)
Round   16/30  coverage=0.5125  prec@K=0.1754  accepted=171  loss=nan  (0.1s)
Round   17/30  coverage=0.5180  prec@K=0.1387  accepted=135  loss=nan  (0.0s)
Round   18/30  coverage=0.5229  prec@K=0.1276  accepted=123  loss=nan  (0.0s)
Round   19/30  coverage=0.5279  prec@K=0.1273  accepted=124  loss=nan  (0.1s)
Round   20/30  coverage=0.5337  prec@K=0.1501  accepted=146  loss=nan  (0.1s)
Round   21/30  coverage=0.5386  prec@K=0.1245  accepted=121  loss=nan  (0.3s)
Round   22/30  coverage=0.5433  prec@K=0.1213  accepted=118  loss=nan  (0.1s)
Round   23/30  coverage=0.5480  prec@K=0.1209  accepted=118  loss=nan  (0.1s)
Round   24/30  coverage=0.5530  prec@K=0.1265  accepted=124  loss=nan  (0.1s)
Round   25/30  coverage=0.5573  prec@K=0.1088  accepted=106  loss=nan  (0.1s)
Round   26/30  coverage=0.5614  prec@K=0.1051  accepted=103  loss=nan  (0.1s)
Round   27/30  coverage=0.5648  prec@K=0.0885  accepted=86  loss=nan  (0.1s)
Round   28/30  coverage=0.5689  prec@K=0.1032  accepted=101  loss=nan  (0.1s)
Round   29/30  coverage=0.5728  prec@K=0.1000  accepted=98  loss=nan  (0.1s)
Round   30/30  coverage=0.5767  prec@K=0.0984  accepted=96  loss=nan  (0.1s)

结果已写入 results\online\algo_sweep_email_eu_v2_ir40_s0\email_eu_jaccard/rounds.csv
