C:\conda\envs\gnn\lib\site-packages\requests\__init__.py:86: RequestsDependencyWarning: Unable to find acceptable character detection dependency (chardet or charset_normalizer).
  warnings.warn(
C:\conda\envs\gnn\lib\site-packages\outdated\__init__.py:36: UserWarning: pkg_resources is deprecated as an API. See https://setuptools.pypa.io/en/latest/pkg_resources.html. The pkg_resources package is slated for removal as early as 2025-11-30. Refrain from using this package or pin to Setuptools<81.
  from pkg_resources import parse_version
Round    1/30  coverage=0.4036  prec@K=0.0925  accepted=90  loss=nan  (0.2s)
Round    2/30  coverage=0.4072  prec@K=0.0952  accepted=91  loss=nan  (0.0s)
Round    3/30  coverage=0.4103  prec@K=0.0794  accepted=77  loss=nan  (0.0s)
Round    4/30  coverage=0.4145  prec@K=0.1082  accepted=105  loss=nan  (0.0s)
Round    5/30  coverage=0.4181  prec@K=0.0928  accepted=90  loss=nan  (0.0s)
Round    6/30  coverage=0.4213  prec@K=0.0821  accepted=78  loss=nan  (0.0s)
Round    7/30  coverage=0.4237  prec@K=0.0618  accepted=60  loss=nan  (0.0s)
Round    8/30  coverage=0.4269  prec@K=0.0816  accepted=80  loss=nan  (0.0s)
Round    9/30  coverage=0.4301  prec@K=0.0814  accepted=79  loss=nan  (0.0s)
Round   10/30  coverage=0.4319  prec@K=0.0484  accepted=47  loss=nan  (0.0s)
Round   11/30  coverage=0.4342  prec@K=0.0578  accepted=56  loss=nan  (0.2s)
Round   12/30  coverage=0.4373  prec@K=0.0796  accepted=78  loss=nan  (0.0s)
Round   13/30  coverage=0.4395  prec@K=0.0558  accepted=54  loss=nan  (0.0s)
Round   14/30  coverage=0.4423  prec@K=0.0731  accepted=70  loss=nan  (0.0s)
Round   15/30  coverage=0.4445  prec@K=0.0566  accepted=55  loss=nan  (0.0s)
Round   16/30  coverage=0.4473  prec@K=0.0708  accepted=69  loss=nan  (0.0s)
Round   17/30  coverage=0.4492  prec@K=0.0484  accepted=47  loss=nan  (0.0s)
Round   18/30  coverage=0.4515  prec@K=0.0617  accepted=59  loss=nan  (0.0s)
Round   19/30  coverage=0.4538  prec@K=0.0593  accepted=58  loss=nan  (0.0s)
Round   20/30  coverage=0.4559  prec@K=0.0534  accepted=52  loss=nan  (0.0s)
Round   21/30  coverage=0.4579  prec@K=0.0506  accepted=49  loss=nan  (0.2s)
Round   22/30  coverage=0.4596  prec@K=0.0436  accepted=42  loss=nan  (0.0s)
Round   23/30  coverage=0.4618  prec@K=0.0554  accepted=54  loss=nan  (0.0s)
Round   24/30  coverage=0.4626  prec@K=0.0206  accepted=20  loss=nan  (0.0s)
Round   25/30  coverage=0.4644  prec@K=0.0460  accepted=45  loss=nan  (0.0s)
Round   26/30  coverage=0.4661  prec@K=0.0439  accepted=43  loss=nan  (0.0s)
Round   27/30  coverage=0.4680  prec@K=0.0505  accepted=49  loss=nan  (0.0s)
Round   28/30  coverage=0.4701  prec@K=0.0510  accepted=50  loss=nan  (0.0s)
Round   29/30  coverage=0.4716  prec@K=0.0398  accepted=39  loss=nan  (0.0s)
Round   30/30  coverage=0.4731  prec@K=0.0390  accepted=38  loss=nan  (0.0s)

结果已写入 results\online\algo_sweep_email_eu_v2_ir40_s0\email_eu_pa/rounds.csv
