C:\conda\envs\gnn\lib\site-packages\requests\__init__.py:86: RequestsDependencyWarning: Unable to find acceptable character detection dependency (chardet or charset_normalizer).
  warnings.warn(
C:\conda\envs\gnn\lib\site-packages\outdated\__init__.py:36: UserWarning: pkg_resources is deprecated as an API. See https://setuptools.pypa.io/en/latest/pkg_resources.html. The pkg_resources package is slated for removal as early as 2025-11-30. Refrain from using this package or pin to Setuptools<81.
  from pkg_resources import parse_version
Round    1/40  coverage=0.2545  prec@K=0.0395  accepted=109  loss=nan  (0.2s)
Round    2/40  coverage=0.2598  prec@K=0.0462  accepted=128  loss=nan  (0.1s)
Round    3/40  coverage=0.2661  prec@K=0.0537  accepted=152  loss=nan  (0.1s)
Round    4/40  coverage=0.2710  prec@K=0.0416  accepted=120  loss=nan  (0.2s)
Round    5/40  coverage=0.2788  prec@K=0.0634  accepted=189  loss=nan  (0.2s)
Round    6/40  coverage=0.2864  prec@K=0.0606  accepted=182  loss=nan  (0.2s)
Round    7/40  coverage=0.2926  prec@K=0.0500  accepted=151  loss=nan  (0.2s)
Round    8/40  coverage=0.2987  prec@K=0.0480  accepted=148  loss=nan  (0.2s)
Round    9/40  coverage=0.3036  prec@K=0.0385  accepted=117  loss=nan  (0.3s)
Round   10/40  coverage=0.3091  prec@K=0.0441  accepted=134  loss=nan  (0.3s)
Round   11/40  coverage=0.3146  prec@K=0.0437  accepted=132  loss=nan  (0.4s)
Round   12/40  coverage=0.3203  prec@K=0.0443  accepted=138  loss=nan  (0.3s)
Round   13/40  coverage=0.3257  prec@K=0.0421  accepted=131  loss=nan  (0.4s)
Round   14/40  coverage=0.3296  prec@K=0.0296  accepted=95  loss=nan  (0.4s)
Round   15/40  coverage=0.3341  prec@K=0.0350  accepted=108  loss=nan  (0.4s)
Round   16/40  coverage=0.3376  prec@K=0.0272  accepted=85  loss=nan  (0.3s)
Round   17/40  coverage=0.3418  prec@K=0.0326  accepted=102  loss=nan  (0.4s)
Round   18/40  coverage=0.3456  prec@K=0.0284  accepted=91  loss=nan  (0.4s)
Round   19/40  coverage=0.3478  prec@K=0.0168  accepted=54  loss=nan  (0.4s)
Round   20/40  coverage=0.3506  prec@K=0.0215  accepted=67  loss=nan  (0.4s)
Round   21/40  coverage=0.3534  prec@K=0.0223  accepted=69  loss=nan  (0.6s)
Round   22/40  coverage=0.3560  prec@K=0.0199  accepted=62  loss=nan  (0.4s)
Round   23/40  coverage=0.3588  prec@K=0.0220  accepted=69  loss=nan  (0.4s)
Round   24/40  coverage=0.3614  prec@K=0.0191  accepted=63  loss=nan  (0.4s)
Round   25/40  coverage=0.3643  prec@K=0.0218  accepted=70  loss=nan  (0.4s)
Round   26/40  coverage=0.3665  prec@K=0.0160  accepted=51  loss=nan  (0.5s)
Round   27/40  coverage=0.3675  prec@K=0.0080  accepted=25  loss=nan  (0.4s)
Round   28/40  coverage=0.3688  prec@K=0.0102  accepted=32  loss=nan  (0.5s)
Round   29/40  coverage=0.3701  prec@K=0.0101  accepted=32  loss=nan  (0.5s)
Round   30/40  coverage=0.3715  prec@K=0.0100  accepted=32  loss=nan  (0.5s)
Round   31/40  coverage=0.3726  prec@K=0.0090  accepted=28  loss=nan  (0.7s)
Round   32/40  coverage=0.3736  prec@K=0.0081  accepted=25  loss=nan  (0.4s)
Round   33/40  coverage=0.3746  prec@K=0.0075  accepted=23  loss=nan  (0.4s)
Round   34/40  coverage=0.3760  prec@K=0.0110  accepted=35  loss=nan  (0.5s)
Round   35/40  coverage=0.3770  prec@K=0.0070  accepted=22  loss=nan  (0.5s)
Round   36/40  coverage=0.3786  prec@K=0.0127  accepted=41  loss=nan  (0.4s)
Round   37/40  coverage=0.3795  prec@K=0.0062  accepted=20  loss=nan  (0.5s)
Round   38/40  coverage=0.3803  prec@K=0.0064  accepted=21  loss=nan  (0.5s)
Round   39/40  coverage=0.3811  prec@K=0.0056  accepted=18  loss=nan  (0.5s)
Round   40/40  coverage=0.3821  prec@K=0.0076  accepted=24  loss=nan  (0.5s)

˝áąűŇŃĐ´Čë results\online\init_strategy_sweep_bitcoin_alpha\all_covered_aa/rounds.csv
