C:\conda\envs\gnn\lib\site-packages\requests\__init__.py:86: RequestsDependencyWarning: Unable to find acceptable character detection dependency (chardet or charset_normalizer).
  warnings.warn(
C:\conda\envs\gnn\lib\site-packages\outdated\__init__.py:36: UserWarning: pkg_resources is deprecated as an API. See https://setuptools.pypa.io/en/latest/pkg_resources.html. The pkg_resources package is slated for removal as early as 2025-11-30. Refrain from using this package or pin to Setuptools<81.
  from pkg_resources import parse_version
Round    1/40  coverage=0.2561  prec@K=0.0419  accepted=147  loss=0.7529  (1.7s)
Round    2/40  coverage=0.2633  prec@K=0.0501  accepted=176  loss=0.7516  (1.0s)
Round    3/40  coverage=0.2698  prec@K=0.0447  accepted=157  loss=0.7534  (1.3s)
Round    4/40  coverage=0.2756  prec@K=0.0397  accepted=139  loss=0.7539  (1.3s)
Round    5/40  coverage=0.2824  prec@K=0.0460  accepted=166  loss=0.7524  (1.2s)
Round    6/40  coverage=0.2885  prec@K=0.0412  accepted=147  loss=0.7515  (1.3s)
Round    7/40  coverage=0.2933  prec@K=0.0327  accepted=116  loss=0.7519  (1.4s)
Round    8/40  coverage=0.2968  prec@K=0.0241  accepted=85  loss=0.7518  (1.4s)
Round    9/40  coverage=0.3007  prec@K=0.0263  accepted=93  loss=0.7497  (1.6s)
Round   10/40  coverage=0.3043  prec@K=0.0248  accepted=88  loss=0.7478  (1.7s)
Round   11/40  coverage=0.3064  prec@K=0.0142  accepted=50  loss=0.7476  (1.8s)
Round   12/40  coverage=0.3094  prec@K=0.0205  accepted=73  loss=0.7439  (1.7s)
Round   13/40  coverage=0.3121  prec@K=0.0187  accepted=66  loss=0.7420  (1.7s)
Round   14/40  coverage=0.3152  prec@K=0.0212  accepted=74  loss=0.7383  (1.6s)
Round   15/40  coverage=0.3189  prec@K=0.0261  accepted=89  loss=0.7343  (1.8s)
Round   16/40  coverage=0.3236  prec@K=0.0322  accepted=115  loss=0.7299  (1.7s)
Round   17/40  coverage=0.3292  prec@K=0.0386  accepted=136  loss=0.7254  (1.8s)
Round   18/40  coverage=0.3349  prec@K=0.0386  accepted=137  loss=0.7221  (1.9s)
Round   19/40  coverage=0.3407  prec@K=0.0398  accepted=141  loss=0.7183  (2.0s)
Round   20/40  coverage=0.3466  prec@K=0.0403  accepted=143  loss=0.7148  (2.1s)
Round   21/40  coverage=0.3522  prec@K=0.0374  accepted=135  loss=0.7119  (2.5s)
Round   22/40  coverage=0.3576  prec@K=0.0358  accepted=129  loss=0.7084  (2.0s)
Round   23/40  coverage=0.3633  prec@K=0.0383  accepted=138  loss=0.7052  (2.0s)
Round   24/40  coverage=0.3682  prec@K=0.0337  accepted=119  loss=0.7023  (1.8s)
Round   25/40  coverage=0.3722  prec@K=0.0273  accepted=97  loss=0.6996  (2.0s)
Round   26/40  coverage=0.3765  prec@K=0.0294  accepted=104  loss=0.6967  (1.9s)
Round   27/40  coverage=0.3806  prec@K=0.0280  accepted=98  loss=0.6943  (2.0s)
Round   28/40  coverage=0.3841  prec@K=0.0239  accepted=86  loss=0.6919  (2.2s)
Round   29/40  coverage=0.3876  prec@K=0.0238  accepted=85  loss=0.6901  (2.1s)
Round   30/40  coverage=0.3911  prec@K=0.0237  accepted=85  loss=0.6884  (2.3s)
Round   31/40  coverage=0.3942  prec@K=0.0208  accepted=75  loss=0.6871  (2.1s)
Round   32/40  coverage=0.3970  prec@K=0.0186  accepted=67  loss=0.6857  (1.8s)
Round   33/40  coverage=0.3991  prec@K=0.0142  accepted=50  loss=0.6845  (1.9s)
Round   34/40  coverage=0.4007  prec@K=0.0111  accepted=40  loss=0.6831  (2.0s)
Round   35/40  coverage=0.4031  prec@K=0.0163  accepted=58  loss=0.6830  (2.0s)
Round   36/40  coverage=0.4050  prec@K=0.0125  accepted=45  loss=0.6824  (2.2s)
Round   37/40  coverage=0.4066  prec@K=0.0109  accepted=39  loss=0.6822  (1.9s)
Round   38/40  coverage=0.4079  prec@K=0.0086  accepted=31  loss=0.6815  (2.0s)
Round   39/40  coverage=0.4095  prec@K=0.0110  accepted=39  loss=0.6818  (1.9s)
Round   40/40  coverage=0.4107  prec@K=0.0083  accepted=30  loss=0.6812  (2.2s)

˝áąűŇŃĐ´Čë results\online\init_strategy_sweep_bitcoin_alpha\random_gnn/rounds.csv
