C:\conda\envs\gnn\lib\site-packages\requests\__init__.py:86: RequestsDependencyWarning: Unable to find acceptable character detection dependency (chardet or charset_normalizer).
  warnings.warn(
C:\conda\envs\gnn\lib\site-packages\outdated\__init__.py:36: UserWarning: pkg_resources is deprecated as an API. See https://setuptools.pypa.io/en/latest/pkg_resources.html. The pkg_resources package is slated for removal as early as 2025-11-30. Refrain from using this package or pin to Setuptools<81.
  from pkg_resources import parse_version
Round    1/40  coverage=0.2509  prec@K=0.0058  accepted=22  loss=nan  (0.4s)
Round    2/40  coverage=0.2522  prec@K=0.0082  accepted=31  loss=nan  (0.3s)
Round    3/40  coverage=0.2533  prec@K=0.0072  accepted=27  loss=nan  (0.4s)
Round    4/40  coverage=0.2549  prec@K=0.0106  accepted=40  loss=nan  (0.4s)
Round    5/40  coverage=0.2566  prec@K=0.0109  accepted=41  loss=nan  (0.5s)
Round    6/40  coverage=0.2579  prec@K=0.0082  accepted=31  loss=nan  (0.6s)
Round    7/40  coverage=0.2593  prec@K=0.0090  accepted=34  loss=nan  (0.6s)
Round    8/40  coverage=0.2615  prec@K=0.0139  accepted=52  loss=nan  (0.8s)
Round    9/40  coverage=0.2629  prec@K=0.0093  accepted=35  loss=nan  (0.8s)
Round   10/40  coverage=0.2643  prec@K=0.0088  accepted=33  loss=nan  (0.9s)
Round   11/40  coverage=0.2662  prec@K=0.0123  accepted=46  loss=nan  (1.1s)
Round   12/40  coverage=0.2678  prec@K=0.0102  accepted=38  loss=nan  (1.0s)
Round   13/40  coverage=0.2692  prec@K=0.0092  accepted=34  loss=nan  (1.1s)
Round   14/40  coverage=0.2711  prec@K=0.0127  accepted=47  loss=nan  (1.1s)
Round   15/40  coverage=0.2729  prec@K=0.0119  accepted=44  loss=nan  (1.2s)
Round   16/40  coverage=0.2749  prec@K=0.0129  accepted=48  loss=nan  (1.3s)
Round   17/40  coverage=0.2772  prec@K=0.0148  accepted=55  loss=nan  (1.3s)
Round   18/40  coverage=0.2787  prec@K=0.0100  accepted=37  loss=nan  (1.5s)
Round   19/40  coverage=0.2806  prec@K=0.0121  accepted=45  loss=nan  (1.4s)
Round   20/40  coverage=0.2824  prec@K=0.0122  accepted=45  loss=nan  (1.5s)
Round   21/40  coverage=0.2837  prec@K=0.0081  accepted=30  loss=nan  (1.7s)
Round   22/40  coverage=0.2849  prec@K=0.0081  accepted=30  loss=nan  (1.6s)
Round   23/40  coverage=0.2864  prec@K=0.0101  accepted=37  loss=nan  (1.6s)
Round   24/40  coverage=0.2879  prec@K=0.0095  accepted=35  loss=nan  (1.7s)
Round   25/40  coverage=0.2893  prec@K=0.0095  accepted=35  loss=nan  (1.7s)
Round   26/40  coverage=0.2910  prec@K=0.0108  accepted=40  loss=nan  (1.8s)
Round   27/40  coverage=0.2926  prec@K=0.0105  accepted=39  loss=nan  (1.9s)
Round   28/40  coverage=0.2939  prec@K=0.0084  accepted=31  loss=nan  (1.8s)
Round   29/40  coverage=0.2949  prec@K=0.0068  accepted=25  loss=nan  (1.7s)
Round   30/40  coverage=0.2961  prec@K=0.0078  accepted=29  loss=nan  (1.8s)
Round   31/40  coverage=0.2979  prec@K=0.0115  accepted=42  loss=nan  (2.2s)
Round   32/40  coverage=0.2993  prec@K=0.0097  accepted=36  loss=nan  (1.9s)
Round   33/40  coverage=0.3008  prec@K=0.0098  accepted=36  loss=nan  (1.9s)
Round   34/40  coverage=0.3021  prec@K=0.0084  accepted=31  loss=nan  (2.0s)
Round   35/40  coverage=0.3034  prec@K=0.0082  accepted=30  loss=nan  (2.2s)
Round   36/40  coverage=0.3051  prec@K=0.0114  accepted=42  loss=nan  (2.4s)
Round   37/40  coverage=0.3064  prec@K=0.0084  accepted=31  loss=nan  (2.4s)
Round   38/40  coverage=0.3076  prec@K=0.0079  accepted=29  loss=nan  (2.3s)
Round   39/40  coverage=0.3088  prec@K=0.0081  accepted=30  loss=nan  (2.5s)
Round   40/40  coverage=0.3102  prec@K=0.0090  accepted=33  loss=nan  (2.6s)

˝áąűŇŃĐ´Čë results\online\init_strategy_sweep_bitcoin_alpha\snowball_pa/rounds.csv
