C:\conda\envs\gnn\lib\site-packages\requests\__init__.py:86: RequestsDependencyWarning: Unable to find acceptable character detection dependency (chardet or charset_normalizer).
  warnings.warn(
C:\conda\envs\gnn\lib\site-packages\outdated\__init__.py:36: UserWarning: pkg_resources is deprecated as an API. See https://setuptools.pypa.io/en/latest/pkg_resources.html. The pkg_resources package is slated for removal as early as 2025-11-30. Refrain from using this package or pin to Setuptools<81.
  from pkg_resources import parse_version
Round    1/40  coverage=0.2505  prec@K=0.0034  accepted=13  loss=nan  (0.4s)
Round    2/40  coverage=0.2511  prec@K=0.0037  accepted=14  loss=nan  (0.3s)
Round    3/40  coverage=0.2522  prec@K=0.0072  accepted=27  loss=nan  (0.4s)
Round    4/40  coverage=0.2536  prec@K=0.0090  accepted=34  loss=nan  (0.5s)
Round    5/40  coverage=0.2547  prec@K=0.0069  accepted=26  loss=nan  (0.6s)
Round    6/40  coverage=0.2556  prec@K=0.0061  accepted=23  loss=nan  (0.7s)
Round    7/40  coverage=0.2570  prec@K=0.0090  accepted=34  loss=nan  (0.7s)
Round    8/40  coverage=0.2581  prec@K=0.0070  accepted=26  loss=nan  (0.8s)
Round    9/40  coverage=0.2594  prec@K=0.0082  accepted=31  loss=nan  (0.9s)
Round   10/40  coverage=0.2611  prec@K=0.0106  accepted=40  loss=nan  (0.9s)
Round   11/40  coverage=0.2623  prec@K=0.0083  accepted=31  loss=nan  (1.3s)
Round   12/40  coverage=0.2642  prec@K=0.0123  accepted=46  loss=nan  (1.1s)
Round   13/40  coverage=0.2657  prec@K=0.0096  accepted=36  loss=nan  (1.1s)
Round   14/40  coverage=0.2675  prec@K=0.0112  accepted=42  loss=nan  (1.3s)
Round   15/40  coverage=0.2693  prec@K=0.0118  accepted=44  loss=nan  (1.2s)
Round   16/40  coverage=0.2710  prec@K=0.0112  accepted=42  loss=nan  (1.5s)
Round   17/40  coverage=0.2728  prec@K=0.0112  accepted=42  loss=nan  (1.4s)
Round   18/40  coverage=0.2750  prec@K=0.0142  accepted=53  loss=nan  (1.4s)
Round   19/40  coverage=0.2771  prec@K=0.0141  accepted=53  loss=nan  (1.6s)
Round   20/40  coverage=0.2795  prec@K=0.0149  accepted=56  loss=nan  (1.6s)
Round   21/40  coverage=0.2816  prec@K=0.0139  accepted=52  loss=nan  (1.7s)
Round   22/40  coverage=0.2840  prec@K=0.0158  accepted=59  loss=nan  (1.8s)
Round   23/40  coverage=0.2858  prec@K=0.0115  accepted=43  loss=nan  (1.8s)
Round   24/40  coverage=0.2872  prec@K=0.0092  accepted=34  loss=nan  (2.0s)
Round   25/40  coverage=0.2886  prec@K=0.0091  accepted=34  loss=nan  (2.1s)
Round   26/40  coverage=0.2907  prec@K=0.0136  accepted=51  loss=nan  (2.1s)
Round   27/40  coverage=0.2923  prec@K=0.0098  accepted=37  loss=nan  (2.0s)
Round   28/40  coverage=0.2943  prec@K=0.0134  accepted=50  loss=nan  (2.0s)
Round   29/40  coverage=0.2967  prec@K=0.0149  accepted=56  loss=nan  (2.2s)
Round   30/40  coverage=0.2988  prec@K=0.0138  accepted=51  loss=nan  (2.2s)
Round   31/40  coverage=0.3007  prec@K=0.0126  accepted=47  loss=nan  (2.6s)
Round   32/40  coverage=0.3022  prec@K=0.0096  accepted=36  loss=nan  (2.4s)
Round   33/40  coverage=0.3040  prec@K=0.0118  accepted=44  loss=nan  (2.5s)
Round   34/40  coverage=0.3059  prec@K=0.0121  accepted=45  loss=nan  (2.7s)
Round   35/40  coverage=0.3076  prec@K=0.0110  accepted=41  loss=nan  (2.7s)
Round   36/40  coverage=0.3092  prec@K=0.0107  accepted=40  loss=nan  (2.3s)
Round   37/40  coverage=0.3116  prec@K=0.0152  accepted=57  loss=nan  (2.4s)
Round   38/40  coverage=0.3134  prec@K=0.0117  accepted=44  loss=nan  (2.4s)
Round   39/40  coverage=0.3151  prec@K=0.0106  accepted=40  loss=nan  (2.8s)
Round   40/40  coverage=0.3168  prec@K=0.0112  accepted=42  loss=nan  (3.2s)

˝áąűŇŃĐ´Čë results\online\init_strategy_sweep_bitcoin_alpha\snowball_aa/rounds.csv
