C:\conda\envs\gnn\lib\site-packages\requests\__init__.py:86: RequestsDependencyWarning: Unable to find acceptable character detection dependency (chardet or charset_normalizer).
  warnings.warn(
C:\conda\envs\gnn\lib\site-packages\outdated\__init__.py:36: UserWarning: pkg_resources is deprecated as an API. See https://setuptools.pypa.io/en/latest/pkg_resources.html. The pkg_resources package is slated for removal as early as 2025-11-30. Refrain from using this package or pin to Setuptools<81.
  from pkg_resources import parse_version
Round    1/30  coverage=0.2547  prec@K=0.0479  accepted=223  loss=0.6980  (9.0s)
Round    2/30  coverage=0.2594  prec@K=0.0469  accepted=222  loss=0.6973  (32.6s)
Round    3/30  coverage=0.2642  prec@K=0.0478  accepted=227  loss=0.6962  (18.0s)
Round    4/30  coverage=0.2680  prec@K=0.0378  accepted=175  loss=0.6952  (23.2s)
Round    5/30  coverage=0.2726  prec@K=0.0464  accepted=220  loss=0.6944  (18.4s)
Round    6/30  coverage=0.2775  prec@K=0.0490  accepted=232  loss=0.6934  (5.0s)
Round    7/30  coverage=0.2819  prec@K=0.0438  accepted=207  loss=0.6932  (19.3s)
Round    8/30  coverage=0.2854  prec@K=0.0347  accepted=163  loss=0.6921  (23.6s)
Round    9/30  coverage=0.2883  prec@K=0.0290  accepted=138  loss=0.6904  (20.5s)
Round   10/30  coverage=0.2917  prec@K=0.0340  accepted=161  loss=0.6898  (7.4s)
Round   11/30  coverage=0.2953  prec@K=0.0346  accepted=166  loss=0.6891  (25.2s)
Round   12/30  coverage=0.2982  prec@K=0.0289  accepted=138  loss=0.6877  (18.7s)
Round   13/30  coverage=0.3005  prec@K=0.0226  accepted=107  loss=0.6858  (26.0s)
Round   14/30  coverage=0.3034  prec@K=0.0287  accepted=138  loss=0.6851  (21.8s)
Round   15/30  coverage=0.3054  prec@K=0.0203  accepted=97  loss=0.6834  (7.3s)
Round   16/30  coverage=0.3076  prec@K=0.0211  accepted=103  loss=0.6821  (26.4s)
Round   17/30  coverage=0.3101  prec@K=0.0246  accepted=117  loss=0.6812  (25.4s)
Round   18/30  coverage=0.3118  prec@K=0.0162  accepted=79  loss=0.6792  (17.6s)
Round   19/30  coverage=0.3137  prec@K=0.0191  accepted=91  loss=0.6780  (15.0s)
Round   20/30  coverage=0.3157  prec@K=0.0192  accepted=92  loss=0.6764  (16.6s)
Round   21/30  coverage=0.3171  prec@K=0.0142  accepted=69  loss=0.6752  (31.9s)
Round   22/30  coverage=0.3183  prec@K=0.0118  accepted=57  loss=0.6736  (28.7s)
Round   23/30  coverage=0.3196  prec@K=0.0120  accepted=58  loss=0.6726  (16.6s)
Round   24/30  coverage=0.3209  prec@K=0.0125  accepted=61  loss=0.6710  (9.1s)
Round   25/30  coverage=0.3220  prec@K=0.0112  accepted=54  loss=0.6697  (30.8s)
Round   26/30  coverage=0.3229  prec@K=0.0091  accepted=44  loss=0.6682  (29.5s)
Round   27/30  coverage=0.3240  prec@K=0.0103  accepted=50  loss=0.6665  (7.5s)
Round   28/30  coverage=0.3245  prec@K=0.0049  accepted=24  loss=0.6647  (8.3s)
Round   29/30  coverage=0.3253  prec@K=0.0078  accepted=38  loss=0.6634  (28.9s)
Round   30/30  coverage=0.3259  prec@K=0.0053  accepted=26  loss=0.6616  (31.0s)

结果已写入 results\online\algo_sweep_advogato_v2_constlr_s0\advogato_gnn_h32/rounds.csv
