C:\conda\envs\gnn\lib\site-packages\requests\__init__.py:86: RequestsDependencyWarning: Unable to find acceptable character detection dependency (chardet or charset_normalizer).
  warnings.warn(
C:\conda\envs\gnn\lib\site-packages\outdated\__init__.py:36: UserWarning: pkg_resources is deprecated as an API. See https://setuptools.pypa.io/en/latest/pkg_resources.html. The pkg_resources package is slated for removal as early as 2025-11-30. Refrain from using this package or pin to Setuptools<81.
  from pkg_resources import parse_version
Round    1/30  coverage=0.4002  prec@K=0.0205  accepted=49  loss=nan  (2.5s)
Round    2/30  coverage=0.4004  prec@K=0.0188  accepted=45  loss=nan  (0.2s)
Round    3/30  coverage=0.4006  prec@K=0.0158  accepted=38  loss=nan  (0.2s)
Round    4/30  coverage=0.4007  prec@K=0.0127  accepted=30  loss=nan  (0.2s)
Round    5/30  coverage=0.4009  prec@K=0.0219  accepted=53  loss=nan  (0.3s)
Round    6/30  coverage=0.4011  prec@K=0.0184  accepted=44  loss=nan  (0.3s)
Round    7/30  coverage=0.4012  prec@K=0.0110  accepted=26  loss=nan  (0.3s)
Round    8/30  coverage=0.4015  prec@K=0.0206  accepted=49  loss=nan  (0.3s)
Round    9/30  coverage=0.4017  prec@K=0.0269  accepted=63  loss=nan  (0.3s)
Round   10/30  coverage=0.4019  prec@K=0.0138  accepted=33  loss=nan  (0.4s)
Round   11/30  coverage=0.4020  prec@K=0.0154  accepted=36  loss=nan  (2.7s)
Round   12/30  coverage=0.4023  prec@K=0.0234  accepted=56  loss=nan  (0.4s)
Round   13/30  coverage=0.4024  prec@K=0.0110  accepted=26  loss=nan  (0.4s)
Round   14/30  coverage=0.4026  prec@K=0.0198  accepted=48  loss=nan  (0.4s)
Round   15/30  coverage=0.4028  prec@K=0.0143  accepted=34  loss=nan  (0.4s)
Round   16/30  coverage=0.4028  prec@K=0.0072  accepted=17  loss=nan  (0.4s)
Round   17/30  coverage=0.4030  prec@K=0.0173  accepted=42  loss=nan  (0.4s)
Round   18/30  coverage=0.4032  prec@K=0.0135  accepted=32  loss=nan  (0.5s)
Round   19/30  coverage=0.4033  prec@K=0.0134  accepted=32  loss=nan  (0.5s)
Round   20/30  coverage=0.4035  prec@K=0.0222  accepted=54  loss=nan  (0.5s)
Round   21/30  coverage=0.4037  prec@K=0.0140  accepted=34  loss=nan  (2.9s)
Round   22/30  coverage=0.4038  prec@K=0.0125  accepted=30  loss=nan  (0.5s)
Round   23/30  coverage=0.4040  prec@K=0.0169  accepted=41  loss=nan  (0.6s)
Round   24/30  coverage=0.4041  prec@K=0.0138  accepted=33  loss=nan  (0.6s)
Round   25/30  coverage=0.4044  prec@K=0.0231  accepted=56  loss=nan  (0.7s)
Round   26/30  coverage=0.4045  prec@K=0.0148  accepted=35  loss=nan  (0.6s)
Round   27/30  coverage=0.4046  prec@K=0.0092  accepted=22  loss=nan  (0.6s)
Round   28/30  coverage=0.4048  prec@K=0.0133  accepted=32  loss=nan  (0.6s)
Round   29/30  coverage=0.4050  prec@K=0.0163  accepted=39  loss=nan  (0.6s)
Round   30/30  coverage=0.4051  prec@K=0.0135  accepted=32  loss=nan  (0.7s)

结果已写入 results\online\algo_sweep_sx_mathoverflow_v2_ir40_s2\sx_mathoverflow_ground_truth/rounds.csv
