C:\conda\envs\gnn\lib\site-packages\requests\__init__.py:86: RequestsDependencyWarning: Unable to find acceptable character detection dependency (chardet or charset_normalizer).
  warnings.warn(
C:\conda\envs\gnn\lib\site-packages\outdated\__init__.py:36: UserWarning: pkg_resources is deprecated as an API. See https://setuptools.pypa.io/en/latest/pkg_resources.html. The pkg_resources package is slated for removal as early as 2025-11-30. Refrain from using this package or pin to Setuptools<81.
  from pkg_resources import parse_version
Round    1/30  coverage=0.4001  prec@K=0.0104  accepted=25  loss=nan  (2.6s)
Round    2/30  coverage=0.4002  prec@K=0.0133  accepted=32  loss=nan  (0.3s)
Round    3/30  coverage=0.4003  prec@K=0.0058  accepted=14  loss=nan  (0.3s)
Round    4/30  coverage=0.4004  prec@K=0.0081  accepted=19  loss=nan  (0.4s)
Round    5/30  coverage=0.4005  prec@K=0.0099  accepted=24  loss=nan  (0.4s)
Round    6/30  coverage=0.4006  prec@K=0.0075  accepted=18  loss=nan  (0.4s)
Round    7/30  coverage=0.4006  prec@K=0.0063  accepted=15  loss=nan  (0.4s)
Round    8/30  coverage=0.4008  prec@K=0.0109  accepted=26  loss=nan  (0.4s)
Round    9/30  coverage=0.4009  prec@K=0.0098  accepted=23  loss=nan  (0.4s)
Round   10/30  coverage=0.4009  prec@K=0.0054  accepted=13  loss=nan  (0.4s)
Round   11/30  coverage=0.4010  prec@K=0.0069  accepted=16  loss=nan  (2.8s)
Round   12/30  coverage=0.4011  prec@K=0.0105  accepted=25  loss=nan  (0.5s)
Round   13/30  coverage=0.4012  prec@K=0.0055  accepted=13  loss=nan  (0.5s)
Round   14/30  coverage=0.4012  prec@K=0.0074  accepted=18  loss=nan  (0.6s)
Round   15/30  coverage=0.4013  prec@K=0.0072  accepted=17  loss=nan  (0.5s)
Round   16/30  coverage=0.4013  prec@K=0.0042  accepted=10  loss=nan  (0.6s)
Round   17/30  coverage=0.4015  prec@K=0.0107  accepted=26  loss=nan  (0.6s)
Round   18/30  coverage=0.4015  prec@K=0.0046  accepted=11  loss=nan  (0.7s)
Round   19/30  coverage=0.4016  prec@K=0.0084  accepted=20  loss=nan  (0.7s)
Round   20/30  coverage=0.4017  prec@K=0.0119  accepted=29  loss=nan  (0.7s)
Round   21/30  coverage=0.4018  prec@K=0.0070  accepted=17  loss=nan  (3.1s)
Round   22/30  coverage=0.4019  prec@K=0.0084  accepted=20  loss=nan  (0.6s)
Round   23/30  coverage=0.4020  prec@K=0.0074  accepted=18  loss=nan  (0.7s)
Round   24/30  coverage=0.4020  prec@K=0.0034  accepted=8  loss=nan  (0.7s)
Round   25/30  coverage=0.4021  prec@K=0.0091  accepted=22  loss=nan  (0.7s)
Round   26/30  coverage=0.4022  prec@K=0.0097  accepted=23  loss=nan  (0.7s)
Round   27/30  coverage=0.4023  prec@K=0.0050  accepted=12  loss=nan  (0.7s)
Round   28/30  coverage=0.4023  prec@K=0.0071  accepted=17  loss=nan  (0.8s)
Round   29/30  coverage=0.4024  prec@K=0.0067  accepted=16  loss=nan  (0.8s)
Round   30/30  coverage=0.4025  prec@K=0.0080  accepted=19  loss=nan  (0.8s)

结果已写入 results\online\algo_sweep_sx_mathoverflow_v2_ir40_s2\sx_mathoverflow_aa/rounds.csv
