C:\conda\envs\gnn\lib\site-packages\requests\__init__.py:86: RequestsDependencyWarning: Unable to find acceptable character detection dependency (chardet or charset_normalizer).
  warnings.warn(
C:\conda\envs\gnn\lib\site-packages\outdated\__init__.py:36: UserWarning: pkg_resources is deprecated as an API. See https://setuptools.pypa.io/en/latest/pkg_resources.html. The pkg_resources package is slated for removal as early as 2025-11-30. Refrain from using this package or pin to Setuptools<81.
  from pkg_resources import parse_version
Round    1/30  coverage=0.4026  prec@K=0.0182  accepted=63  loss=0.6594  (6.1s)
Round    2/30  coverage=0.4054  prec@K=0.0201  accepted=69  loss=0.6509  (8.4s)
Round    3/30  coverage=0.4066  prec@K=0.0084  accepted=29  loss=0.6325  (7.1s)
Round    4/30  coverage=0.4073  prec@K=0.0043  accepted=15  loss=0.6105  (3.7s)
Round    5/30  coverage=0.4080  prec@K=0.0049  accepted=17  loss=0.5908  (6.9s)
Round    6/30  coverage=0.4084  prec@K=0.0029  accepted=10  loss=0.5651  (7.9s)
Round    7/30  coverage=0.4089  prec@K=0.0037  accepted=13  loss=0.5429  (6.6s)
Round    8/30  coverage=0.4097  prec@K=0.0057  accepted=20  loss=0.5194  (6.1s)
Round    9/30  coverage=0.4102  prec@K=0.0028  accepted=10  loss=0.4907  (5.3s)
Round   10/30  coverage=0.4107  prec@K=0.0039  accepted=14  loss=0.4617  (4.7s)
Round   11/30  coverage=0.4114  prec@K=0.0043  accepted=15  loss=0.4324  (9.9s)
Round   12/30  coverage=0.4118  prec@K=0.0028  accepted=10  loss=0.4001  (4.6s)
Round   13/30  coverage=0.4122  prec@K=0.0031  accepted=11  loss=0.3716  (6.8s)
Round   14/30  coverage=0.4127  prec@K=0.0034  accepted=12  loss=0.3462  (7.4s)
Round   15/30  coverage=0.4129  prec@K=0.0012  accepted=4  loss=0.3155  (16.9s)
Round   16/30  coverage=0.4133  prec@K=0.0032  accepted=11  loss=0.2924  (7.1s)
Round   17/30  coverage=0.4138  prec@K=0.0032  accepted=11  loss=0.2714  (4.4s)
Round   18/30  coverage=0.4140  prec@K=0.0011  accepted=4  loss=0.2479  (4.3s)
Round   19/30  coverage=0.4144  prec@K=0.0031  accepted=11  loss=0.2340  (11.2s)
Round   20/30  coverage=0.4147  prec@K=0.0023  accepted=8  loss=0.2190  (16.9s)
Round   21/30  coverage=0.4150  prec@K=0.0014  accepted=5  loss=0.2012  (7.5s)
Round   22/30  coverage=0.4153  prec@K=0.0023  accepted=8  loss=0.1950  (8.8s)
Round   23/30  coverage=0.4157  prec@K=0.0028  accepted=10  loss=0.1867  (6.7s)
Round   24/30  coverage=0.4160  prec@K=0.0020  accepted=7  loss=0.1793  (6.5s)
Round   25/30  coverage=0.4162  prec@K=0.0014  accepted=5  loss=0.1684  (6.6s)
Round   26/30  coverage=0.4163  prec@K=0.0006  accepted=2  loss=0.1651  (19.2s)
Round   27/30  coverage=0.4166  prec@K=0.0020  accepted=7  loss=0.1653  (8.6s)
Round   28/30  coverage=0.4168  prec@K=0.0014  accepted=5  loss=0.1622  (9.2s)
Round   29/30  coverage=0.4169  prec@K=0.0011  accepted=4  loss=0.1600  (8.5s)
Round   30/30  coverage=0.4173  prec@K=0.0029  accepted=10  loss=0.1688  (13.2s)

结果已写入 results\online\algo_sweep_bitcoin_alpha_v2_ir40_s2\bitcoin_alpha_gnn_concat/rounds.csv
