C:\conda\envs\gnn\lib\site-packages\requests\__init__.py:86: RequestsDependencyWarning: Unable to find acceptable character detection dependency (chardet or charset_normalizer).
  warnings.warn(
C:\conda\envs\gnn\lib\site-packages\outdated\__init__.py:36: UserWarning: pkg_resources is deprecated as an API. See https://setuptools.pypa.io/en/latest/pkg_resources.html. The pkg_resources package is slated for removal as early as 2025-11-30. Refrain from using this package or pin to Setuptools<81.
  from pkg_resources import parse_version
Round    1/30  coverage=0.4095  prec@K=0.0664  accepted=230  loss=nan  (0.2s)
Round    2/30  coverage=0.4183  prec@K=0.0616  accepted=212  loss=nan  (0.1s)
Round    3/30  coverage=0.4243  prec@K=0.0424  accepted=147  loss=nan  (0.1s)
Round    4/30  coverage=0.4324  prec@K=0.0559  accepted=194  loss=nan  (0.1s)
Round    5/30  coverage=0.4426  prec@K=0.0716  accepted=248  loss=nan  (0.1s)
Round    6/30  coverage=0.4487  prec@K=0.0424  accepted=148  loss=nan  (0.1s)
Round    7/30  coverage=0.4540  prec@K=0.0366  accepted=128  loss=nan  (0.1s)
Round    8/30  coverage=0.4616  prec@K=0.0524  accepted=183  loss=nan  (0.2s)
Round    9/30  coverage=0.4675  prec@K=0.0405  accepted=143  loss=nan  (0.2s)
Round   10/30  coverage=0.4742  prec@K=0.0451  accepted=161  loss=nan  (0.2s)
Round   11/30  coverage=0.4799  prec@K=0.0391  accepted=139  loss=nan  (0.4s)
Round   12/30  coverage=0.4873  prec@K=0.0506  accepted=180  loss=nan  (0.2s)
Round   13/30  coverage=0.4940  prec@K=0.0451  accepted=160  loss=nan  (0.3s)
Round   14/30  coverage=0.4988  prec@K=0.0330  accepted=116  loss=nan  (0.3s)
Round   15/30  coverage=0.5024  prec@K=0.0251  accepted=88  loss=nan  (0.3s)
Round   16/30  coverage=0.5070  prec@K=0.0321  accepted=112  loss=nan  (0.3s)
Round   17/30  coverage=0.5127  prec@K=0.0394  accepted=137  loss=nan  (0.3s)
Round   18/30  coverage=0.5161  prec@K=0.0234  accepted=83  loss=nan  (0.3s)
Round   19/30  coverage=0.5210  prec@K=0.0330  accepted=118  loss=nan  (0.4s)
Round   20/30  coverage=0.5244  prec@K=0.0234  accepted=82  loss=nan  (0.3s)
Round   21/30  coverage=0.5280  prec@K=0.0244  accepted=87  loss=nan  (0.5s)
Round   22/30  coverage=0.5311  prec@K=0.0207  accepted=74  loss=nan  (0.4s)
Round   23/30  coverage=0.5351  prec@K=0.0276  accepted=98  loss=nan  (0.4s)
Round   24/30  coverage=0.5375  prec@K=0.0164  accepted=58  loss=nan  (0.5s)
Round   25/30  coverage=0.5413  prec@K=0.0257  accepted=92  loss=nan  (0.5s)
Round   26/30  coverage=0.5449  prec@K=0.0249  accepted=87  loss=nan  (0.5s)
Round   27/30  coverage=0.5474  prec@K=0.0173  accepted=61  loss=nan  (0.5s)
Round   28/30  coverage=0.5502  prec@K=0.0190  accepted=68  loss=nan  (0.5s)
Round   29/30  coverage=0.5544  prec@K=0.0286  accepted=101  loss=nan  (0.5s)
Round   30/30  coverage=0.5572  prec@K=0.0195  accepted=67  loss=nan  (0.5s)

结果已写入 results\online\algo_sweep_bitcoin_alpha_v2_ir40_s2\bitcoin_alpha_ground_truth/rounds.csv
