C:\conda\envs\gnn\lib\site-packages\requests\__init__.py:86: RequestsDependencyWarning: Unable to find acceptable character detection dependency (chardet or charset_normalizer).
  warnings.warn(
C:\conda\envs\gnn\lib\site-packages\outdated\__init__.py:36: UserWarning: pkg_resources is deprecated as an API. See https://setuptools.pypa.io/en/latest/pkg_resources.html. The pkg_resources package is slated for removal as early as 2025-11-30. Refrain from using this package or pin to Setuptools<81.
  from pkg_resources import parse_version
Round    1/30  coverage=0.4039  prec@K=0.0274  accepted=95  loss=nan  (0.2s)
Round    2/30  coverage=0.4079  prec@K=0.0282  accepted=97  loss=nan  (0.1s)
Round    3/30  coverage=0.4107  prec@K=0.0197  accepted=68  loss=nan  (0.1s)
Round    4/30  coverage=0.4143  prec@K=0.0248  accepted=86  loss=nan  (0.1s)
Round    5/30  coverage=0.4184  prec@K=0.0286  accepted=99  loss=nan  (0.1s)
Round    6/30  coverage=0.4206  prec@K=0.0155  accepted=54  loss=nan  (0.2s)
Round    7/30  coverage=0.4233  prec@K=0.0186  accepted=65  loss=nan  (0.2s)
Round    8/30  coverage=0.4272  prec@K=0.0269  accepted=94  loss=nan  (0.2s)
Round    9/30  coverage=0.4305  prec@K=0.0224  accepted=79  loss=nan  (0.2s)
Round   10/30  coverage=0.4337  prec@K=0.0221  accepted=79  loss=nan  (0.2s)
Round   11/30  coverage=0.4360  prec@K=0.0156  accepted=55  loss=nan  (0.4s)
Round   12/30  coverage=0.4394  prec@K=0.0231  accepted=82  loss=nan  (0.3s)
Round   13/30  coverage=0.4424  prec@K=0.0208  accepted=74  loss=nan  (0.3s)
Round   14/30  coverage=0.4449  prec@K=0.0167  accepted=59  loss=nan  (0.3s)
Round   15/30  coverage=0.4464  prec@K=0.0106  accepted=37  loss=nan  (0.3s)
Round   16/30  coverage=0.4485  prec@K=0.0144  accepted=50  loss=nan  (0.3s)
Round   17/30  coverage=0.4506  prec@K=0.0150  accepted=52  loss=nan  (0.3s)
Round   18/30  coverage=0.4529  prec@K=0.0153  accepted=54  loss=nan  (0.3s)
Round   19/30  coverage=0.4552  prec@K=0.0157  accepted=56  loss=nan  (0.4s)
Round   20/30  coverage=0.4568  prec@K=0.0114  accepted=40  loss=nan  (0.4s)
Round   21/30  coverage=0.4584  prec@K=0.0107  accepted=38  loss=nan  (0.5s)
Round   22/30  coverage=0.4601  prec@K=0.0112  accepted=40  loss=nan  (0.4s)
Round   23/30  coverage=0.4620  prec@K=0.0130  accepted=46  loss=nan  (0.4s)
Round   24/30  coverage=0.4633  prec@K=0.0094  accepted=33  loss=nan  (0.4s)
Round   25/30  coverage=0.4648  prec@K=0.0101  accepted=36  loss=nan  (0.4s)
Round   26/30  coverage=0.4664  prec@K=0.0109  accepted=38  loss=nan  (0.5s)
Round   27/30  coverage=0.4680  prec@K=0.0108  accepted=38  loss=nan  (0.5s)
Round   28/30  coverage=0.4691  prec@K=0.0079  accepted=28  loss=nan  (0.5s)
Round   29/30  coverage=0.4711  prec@K=0.0137  accepted=48  loss=nan  (0.5s)
Round   30/30  coverage=0.4727  prec@K=0.0113  accepted=39  loss=nan  (0.6s)

结果已写入 results\online\algo_sweep_bitcoin_alpha_v2_ir40_s2\bitcoin_alpha_cn/rounds.csv
