C:\conda\envs\gnn\lib\site-packages\requests\__init__.py:86: RequestsDependencyWarning: Unable to find acceptable character detection dependency (chardet or charset_normalizer).
  warnings.warn(
C:\conda\envs\gnn\lib\site-packages\outdated\__init__.py:36: UserWarning: pkg_resources is deprecated as an API. See https://setuptools.pypa.io/en/latest/pkg_resources.html. The pkg_resources package is slated for removal as early as 2025-11-30. Refrain from using this package or pin to Setuptools<81.
  from pkg_resources import parse_version
Round    1/30  coverage=0.4022  prec@K=0.0153  accepted=53  loss=nan  (0.2s)
Round    2/30  coverage=0.4046  prec@K=0.0169  accepted=58  loss=nan  (0.1s)
Round    3/30  coverage=0.4059  prec@K=0.0090  accepted=31  loss=nan  (0.1s)
Round    4/30  coverage=0.4080  prec@K=0.0153  accepted=53  loss=nan  (0.1s)
Round    5/30  coverage=0.4102  prec@K=0.0150  accepted=52  loss=nan  (0.1s)
Round    6/30  coverage=0.4116  prec@K=0.0098  accepted=34  loss=nan  (0.2s)
Round    7/30  coverage=0.4131  prec@K=0.0106  accepted=37  loss=nan  (0.2s)
Round    8/30  coverage=0.4157  prec@K=0.0175  accepted=61  loss=nan  (0.2s)
Round    9/30  coverage=0.4175  prec@K=0.0125  accepted=44  loss=nan  (0.2s)
Round   10/30  coverage=0.4191  prec@K=0.0110  accepted=39  loss=nan  (0.2s)
Round   11/30  coverage=0.4207  prec@K=0.0111  accepted=39  loss=nan  (0.4s)
Round   12/30  coverage=0.4226  prec@K=0.0133  accepted=47  loss=nan  (0.3s)
Round   13/30  coverage=0.4253  prec@K=0.0181  accepted=64  loss=nan  (0.3s)
Round   14/30  coverage=0.4271  prec@K=0.0128  accepted=45  loss=nan  (0.3s)
Round   15/30  coverage=0.4285  prec@K=0.0092  accepted=32  loss=nan  (0.3s)
Round   16/30  coverage=0.4297  prec@K=0.0087  accepted=30  loss=nan  (0.3s)
Round   17/30  coverage=0.4312  prec@K=0.0101  accepted=35  loss=nan  (0.3s)
Round   18/30  coverage=0.4321  prec@K=0.0066  accepted=23  loss=nan  (0.3s)
Round   19/30  coverage=0.4337  prec@K=0.0110  accepted=39  loss=nan  (0.4s)
Round   20/30  coverage=0.4345  prec@K=0.0057  accepted=20  loss=nan  (0.4s)
Round   21/30  coverage=0.4354  prec@K=0.0057  accepted=20  loss=nan  (0.5s)
Round   22/30  coverage=0.4361  prec@K=0.0051  accepted=18  loss=nan  (0.4s)
Round   23/30  coverage=0.4369  prec@K=0.0054  accepted=19  loss=nan  (0.4s)
Round   24/30  coverage=0.4376  prec@K=0.0048  accepted=17  loss=nan  (0.5s)
Round   25/30  coverage=0.4386  prec@K=0.0068  accepted=24  loss=nan  (0.5s)
Round   26/30  coverage=0.4393  prec@K=0.0052  accepted=18  loss=nan  (0.4s)
Round   27/30  coverage=0.4402  prec@K=0.0060  accepted=21  loss=nan  (0.5s)
Round   28/30  coverage=0.4411  prec@K=0.0062  accepted=22  loss=nan  (0.5s)
Round   29/30  coverage=0.4427  prec@K=0.0108  accepted=38  loss=nan  (0.5s)
Round   30/30  coverage=0.4434  prec@K=0.0052  accepted=18  loss=nan  (0.5s)

结果已写入 results\online\algo_sweep_bitcoin_alpha_v2_ir40_s2\bitcoin_alpha_jaccard/rounds.csv
