C:\conda\envs\gnn\lib\site-packages\requests\__init__.py:86: RequestsDependencyWarning: Unable to find acceptable character detection dependency (chardet or charset_normalizer).
  warnings.warn(
C:\conda\envs\gnn\lib\site-packages\outdated\__init__.py:36: UserWarning: pkg_resources is deprecated as an API. See https://setuptools.pypa.io/en/latest/pkg_resources.html. The pkg_resources package is slated for removal as early as 2025-11-30. Refrain from using this package or pin to Setuptools<81.
  from pkg_resources import parse_version
Round    1/30  coverage=0.4040  prec@K=0.0283  accepted=98  loss=0.7654  (2.3s)
Round    2/30  coverage=0.4079  prec@K=0.0270  accepted=93  loss=0.7649  (2.3s)
Round    3/30  coverage=0.4102  prec@K=0.0162  accepted=56  loss=0.7650  (5.2s)
Round    4/30  coverage=0.4140  prec@K=0.0266  accepted=92  loss=0.7604  (2.8s)
Round    5/30  coverage=0.4180  prec@K=0.0278  accepted=96  loss=0.7570  (5.2s)
Round    6/30  coverage=0.4209  prec@K=0.0204  accepted=71  loss=0.7535  (2.5s)
Round    7/30  coverage=0.4234  prec@K=0.0172  accepted=60  loss=0.7494  (1.7s)
Round    8/30  coverage=0.4267  prec@K=0.0229  accepted=80  loss=0.7442  (1.6s)
Round    9/30  coverage=0.4300  prec@K=0.0229  accepted=81  loss=0.7406  (1.8s)
Round   10/30  coverage=0.4331  prec@K=0.0205  accepted=73  loss=0.7366  (1.8s)
Round   11/30  coverage=0.4362  prec@K=0.0218  accepted=77  loss=0.7321  (4.7s)
Round   12/30  coverage=0.4397  prec@K=0.0237  accepted=84  loss=0.7288  (3.4s)
Round   13/30  coverage=0.4437  prec@K=0.0271  accepted=96  loss=0.7246  (4.3s)
Round   14/30  coverage=0.4470  prec@K=0.0230  accepted=81  loss=0.7218  (3.1s)
Round   15/30  coverage=0.4493  prec@K=0.0158  accepted=55  loss=0.7205  (2.8s)
Round   16/30  coverage=0.4522  prec@K=0.0202  accepted=70  loss=0.7182  (3.2s)
Round   17/30  coverage=0.4560  prec@K=0.0262  accepted=91  loss=0.7164  (3.0s)
Round   18/30  coverage=0.4593  prec@K=0.0229  accepted=81  loss=0.7152  (2.1s)
Round   19/30  coverage=0.4627  prec@K=0.0228  accepted=81  loss=0.7136  (3.0s)
Round   20/30  coverage=0.4648  prec@K=0.0145  accepted=51  loss=0.7133  (2.2s)
Round   21/30  coverage=0.4682  prec@K=0.0231  accepted=82  loss=0.7116  (2.5s)
Round   22/30  coverage=0.4701  prec@K=0.0131  accepted=47  loss=0.7115  (6.3s)
Round   23/30  coverage=0.4725  prec@K=0.0164  accepted=58  loss=0.7105  (3.1s)
Round   24/30  coverage=0.4747  prec@K=0.0153  accepted=54  loss=0.7100  (2.6s)
Round   25/30  coverage=0.4778  prec@K=0.0208  accepted=74  loss=0.7090  (2.5s)
Round   26/30  coverage=0.4800  prec@K=0.0154  accepted=54  loss=0.7095  (2.6s)
Round   27/30  coverage=0.4814  prec@K=0.0094  accepted=33  loss=0.7092  (3.0s)
Round   28/30  coverage=0.4830  prec@K=0.0113  accepted=40  loss=0.7089  (4.1s)
Round   29/30  coverage=0.4852  prec@K=0.0145  accepted=51  loss=0.7088  (3.8s)
Round   30/30  coverage=0.4866  prec@K=0.0105  accepted=36  loss=0.7091  (5.9s)

结果已写入 results\online\algo_sweep_bitcoin_alpha_v2_ir40_s2\bitcoin_alpha_gnn/rounds.csv
