=== advogato_gnn_sum_s3  started 2026-05-09T22:15:34 ===

C:\conda\envs\gnn\lib\site-packages\requests\__init__.py:86: RequestsDependencyWarning: Unable to find acceptable character detection dependency (chardet or charset_normalizer).
  warnings.warn(
C:\conda\envs\gnn\lib\site-packages\outdated\__init__.py:36: UserWarning: pkg_resources is deprecated as an API. See https://setuptools.pypa.io/en/latest/pkg_resources.html. The pkg_resources package is slated for removal as early as 2025-11-30. Refrain from using this package or pin to Setuptools<81.
  from pkg_resources import parse_version
Round    1/30  coverage=0.6018  prec@K=0.0173  accepted=86  auc=0.6591  uauc=0.6364  loss=0.7511  (9.0s)
Round    2/30  coverage=0.6036  prec@K=0.0164  accepted=82  auc=0.6418  uauc=0.6679  loss=0.7487  (7.7s)
Round    3/30  coverage=0.6053  prec@K=0.0163  accepted=80  auc=0.6277  uauc=0.5676  loss=0.7470  (7.0s)
Round    4/30  coverage=0.6066  prec@K=0.0130  accepted=65  auc=0.5979  uauc=0.6854  loss=0.7451  (7.7s)
Round    5/30  coverage=0.6080  prec@K=0.0126  accepted=63  auc=0.6890  uauc=0.7146  loss=0.7425  (8.0s)
Round    6/30  coverage=0.6092  prec@K=0.0111  accepted=56  auc=0.5698  uauc=0.6169  loss=0.7414  (7.4s)
Round    7/30  coverage=0.6103  prec@K=0.0107  accepted=53  auc=0.5925  uauc=0.5681  loss=0.7373  (7.9s)
Round    8/30  coverage=0.6110  prec@K=0.0068  accepted=34  auc=0.6198  uauc=0.6194  loss=0.7353  (7.9s)
Round    9/30  coverage=0.6121  prec@K=0.0103  accepted=52  auc=0.5854  uauc=0.6716  loss=0.7333  (8.0s)
Round   10/30  coverage=0.6132  prec@K=0.0103  accepted=52  auc=0.5607  uauc=0.7549  loss=0.7314  (8.0s)
Round   11/30  coverage=0.6141  prec@K=0.0083  accepted=41  auc=0.6117  uauc=0.7027  loss=0.7283  (8.5s)
Round   12/30  coverage=0.6147  prec@K=0.0058  accepted=29  auc=0.5775  uauc=0.6141  loss=0.7266  (7.6s)
Round   13/30  coverage=0.6153  prec@K=0.0060  accepted=30  auc=0.5377  uauc=0.7270  loss=0.7246  (7.9s)
Round   14/30  coverage=0.6159  prec@K=0.0050  accepted=25  auc=0.6321  uauc=0.6021  loss=0.7223  (7.9s)
Round   15/30  coverage=0.6167  prec@K=0.0079  accepted=40  auc=0.6252  uauc=0.5991  loss=0.7196  (7.9s)
Round   16/30  coverage=0.6174  prec@K=0.0062  accepted=31  auc=0.5930  uauc=0.6932  loss=0.7183  (8.0s)
Round   17/30  coverage=0.6182  prec@K=0.0079  accepted=40  auc=0.5057  uauc=0.6193  loss=0.7172  (8.0s)
Round   18/30  coverage=0.6186  prec@K=0.0038  accepted=19  auc=0.6601  uauc=0.6936  loss=0.7134  (7.9s)
Round   19/30  coverage=0.6193  prec@K=0.0063  accepted=32  auc=0.5924  uauc=0.5738  loss=0.7114  (8.3s)
Round   20/30  coverage=0.6198  prec@K=0.0050  accepted=25  auc=0.5711  uauc=0.5044  loss=0.7094  (8.2s)
Round   21/30  coverage=0.6205  prec@K=0.0060  accepted=30  auc=0.6450  uauc=0.6330  loss=0.7079  (8.2s)
Round   22/30  coverage=0.6209  prec@K=0.0044  accepted=22  auc=0.5106  uauc=0.5979  loss=0.7051  (8.4s)
Round   23/30  coverage=0.6214  prec@K=0.0046  accepted=23  auc=0.5174  uauc=0.5694  loss=0.7031  (7.6s)
Round   24/30  coverage=0.6218  prec@K=0.0032  accepted=16  auc=0.6281  uauc=0.5903  loss=0.7002  (8.5s)
Round   25/30  coverage=0.6221  prec@K=0.0034  accepted=17  auc=0.6468  uauc=0.6068  loss=0.6985  (8.1s)
Round   26/30  coverage=0.6224  prec@K=0.0024  accepted=12  auc=0.4353  uauc=0.6157  loss=0.6952  (8.2s)
Round   27/30  coverage=0.6227  prec@K=0.0032  accepted=16  auc=0.4437  uauc=0.6037  loss=0.6950  (8.0s)
Round   28/30  coverage=0.6230  prec@K=0.0024  accepted=12  auc=0.4855  uauc=0.6215  loss=0.6912  (8.0s)
Round   29/30  coverage=0.6232  prec@K=0.0024  accepted=12  auc=0.4388  uauc=0.5926  loss=0.6906  (7.9s)
Round   30/30  coverage=0.6234  prec@K=0.0018  accepted=9  auc=0.5477  uauc=0.7160  loss=0.6877  (8.0s)

结果已写入 results\orchestrator\runs\ir60_constlr5e5_multiseed_bidir\advogato\gnn_sum_s3/rounds.csv
