=== advogato_aa_s1  started 2026-05-09T22:00:54 ===

C:\conda\envs\gnn\lib\site-packages\requests\__init__.py:86: RequestsDependencyWarning: Unable to find acceptable character detection dependency (chardet or charset_normalizer).
  warnings.warn(
C:\conda\envs\gnn\lib\site-packages\outdated\__init__.py:36: UserWarning: pkg_resources is deprecated as an API. See https://setuptools.pypa.io/en/latest/pkg_resources.html. The pkg_resources package is slated for removal as early as 2025-11-30. Refrain from using this package or pin to Setuptools<81.
  from pkg_resources import parse_version
Round    1/30  coverage=0.6030  prec@K=0.0282  accepted=142  auc=0.8815  uauc=0.7611  loss=nan  (0.7s)
Round    2/30  coverage=0.6065  prec@K=0.0331  accepted=164  auc=0.8483  uauc=0.7479  loss=nan  (0.5s)
Round    3/30  coverage=0.6098  prec@K=0.0313  accepted=157  auc=0.8453  uauc=0.7682  loss=nan  (0.5s)
Round    4/30  coverage=0.6132  prec@K=0.0322  accepted=161  auc=0.8475  uauc=0.7221  loss=nan  (0.4s)
Round    5/30  coverage=0.6157  prec@K=0.0228  accepted=114  auc=0.8613  uauc=0.7305  loss=nan  (0.4s)
Round    6/30  coverage=0.6180  prec@K=0.0224  accepted=112  auc=0.8877  uauc=0.7471  loss=nan  (0.5s)
Round    7/30  coverage=0.6211  prec@K=0.0290  accepted=146  auc=0.8556  uauc=0.7461  loss=nan  (0.5s)
Round    8/30  coverage=0.6242  prec@K=0.0286  accepted=144  auc=0.8495  uauc=0.7368  loss=nan  (0.5s)
Round    9/30  coverage=0.6271  prec@K=0.0276  accepted=138  auc=0.8555  uauc=0.7468  loss=nan  (0.6s)
Round   10/30  coverage=0.6290  prec@K=0.0181  accepted=90  auc=0.8624  uauc=0.7637  loss=nan  (0.5s)
Round   11/30  coverage=0.6312  prec@K=0.0205  accepted=104  auc=0.8592  uauc=0.7130  loss=nan  (0.9s)
Round   12/30  coverage=0.6331  prec@K=0.0173  accepted=86  auc=0.8757  uauc=0.7528  loss=nan  (0.5s)
Round   13/30  coverage=0.6352  prec@K=0.0203  accepted=101  auc=0.8805  uauc=0.8054  loss=nan  (0.5s)
Round   14/30  coverage=0.6375  prec@K=0.0215  accepted=107  auc=0.8841  uauc=0.7595  loss=nan  (0.6s)
Round   15/30  coverage=0.6393  prec@K=0.0175  accepted=88  auc=0.8478  uauc=0.7679  loss=nan  (0.5s)
Round   16/30  coverage=0.6414  prec@K=0.0195  accepted=98  auc=0.8682  uauc=0.7331  loss=nan  (0.6s)
Round   17/30  coverage=0.6434  prec@K=0.0193  accepted=96  auc=0.8614  uauc=0.7134  loss=nan  (0.6s)
Round   18/30  coverage=0.6459  prec@K=0.0231  accepted=115  auc=0.8867  uauc=0.7827  loss=nan  (0.6s)
Round   19/30  coverage=0.6477  prec@K=0.0171  accepted=86  auc=0.8493  uauc=0.7135  loss=nan  (0.6s)
Round   20/30  coverage=0.6495  prec@K=0.0167  accepted=84  auc=0.8672  uauc=0.7356  loss=nan  (0.6s)
Round   21/30  coverage=0.6512  prec@K=0.0158  accepted=79  auc=0.8617  uauc=0.7633  loss=nan  (1.0s)
Round   22/30  coverage=0.6526  prec@K=0.0136  accepted=68  auc=0.8523  uauc=0.7091  loss=nan  (0.6s)
Round   23/30  coverage=0.6538  prec@K=0.0114  accepted=57  auc=0.8528  uauc=0.7044  loss=nan  (0.6s)
Round   24/30  coverage=0.6556  prec@K=0.0165  accepted=83  auc=0.8868  uauc=0.7406  loss=nan  (0.7s)
Round   25/30  coverage=0.6573  prec@K=0.0159  accepted=81  auc=0.9015  uauc=0.8169  loss=nan  (0.6s)
Round   26/30  coverage=0.6583  prec@K=0.0096  accepted=48  auc=0.8695  uauc=0.7088  loss=nan  (0.6s)
Round   27/30  coverage=0.6600  prec@K=0.0156  accepted=78  auc=0.9159  uauc=0.7589  loss=nan  (0.7s)
Round   28/30  coverage=0.6618  prec@K=0.0171  accepted=86  auc=0.8679  uauc=0.6915  loss=nan  (0.7s)
Round   29/30  coverage=0.6634  prec@K=0.0149  accepted=75  auc=0.8880  uauc=0.7311  loss=nan  (0.7s)
Round   30/30  coverage=0.6648  prec@K=0.0131  accepted=66  auc=0.8771  uauc=0.7230  loss=nan  (0.7s)

结果已写入 results\orchestrator\runs\ir60_constlr5e5_multiseed_bidir\advogato\aa_s1/rounds.csv
