=== advogato_pa_s1  started 2026-05-09T22:23:21 ===

C:\conda\envs\gnn\lib\site-packages\requests\__init__.py:86: RequestsDependencyWarning: Unable to find acceptable character detection dependency (chardet or charset_normalizer).
  warnings.warn(
C:\conda\envs\gnn\lib\site-packages\outdated\__init__.py:36: UserWarning: pkg_resources is deprecated as an API. See https://setuptools.pypa.io/en/latest/pkg_resources.html. The pkg_resources package is slated for removal as early as 2025-11-30. Refrain from using this package or pin to Setuptools<81.
  from pkg_resources import parse_version
Round    1/30  coverage=0.6013  prec@K=0.0125  accepted=63  auc=0.7517  uauc=0.5845  loss=nan  (0.5s)
Round    2/30  coverage=0.6025  prec@K=0.0113  accepted=56  auc=0.7164  uauc=0.5769  loss=nan  (0.2s)
Round    3/30  coverage=0.6042  prec@K=0.0156  accepted=78  auc=0.7226  uauc=0.5916  loss=nan  (0.3s)
Round    4/30  coverage=0.6053  prec@K=0.0106  accepted=53  auc=0.7519  uauc=0.5969  loss=nan  (0.3s)
Round    5/30  coverage=0.6063  prec@K=0.0098  accepted=49  auc=0.6915  uauc=0.5767  loss=nan  (0.3s)
Round    6/30  coverage=0.6074  prec@K=0.0096  accepted=48  auc=0.7959  uauc=0.6659  loss=nan  (0.3s)
Round    7/30  coverage=0.6084  prec@K=0.0094  accepted=47  auc=0.7119  uauc=0.6091  loss=nan  (0.3s)
Round    8/30  coverage=0.6097  prec@K=0.0121  accepted=61  auc=0.7730  uauc=0.6059  loss=nan  (0.3s)
Round    9/30  coverage=0.6105  prec@K=0.0080  accepted=40  auc=0.7010  uauc=0.7027  loss=nan  (0.4s)
Round   10/30  coverage=0.6113  prec@K=0.0077  accepted=38  auc=0.8146  uauc=0.5524  loss=nan  (0.3s)
Round   11/30  coverage=0.6122  prec@K=0.0087  accepted=44  auc=0.7967  uauc=0.5719  loss=nan  (0.7s)
Round   12/30  coverage=0.6132  prec@K=0.0093  accepted=46  auc=0.7698  uauc=0.5602  loss=nan  (0.3s)
Round   13/30  coverage=0.6140  prec@K=0.0072  accepted=36  auc=0.7540  uauc=0.6404  loss=nan  (0.3s)
Round   14/30  coverage=0.6149  prec@K=0.0088  accepted=44  auc=0.8159  uauc=0.6666  loss=nan  (0.4s)
Round   15/30  coverage=0.6160  prec@K=0.0104  accepted=52  auc=0.8069  uauc=0.6380  loss=nan  (0.3s)
Round   16/30  coverage=0.6167  prec@K=0.0066  accepted=33  auc=0.8139  uauc=0.6782  loss=nan  (0.4s)
Round   17/30  coverage=0.6175  prec@K=0.0071  accepted=35  auc=0.8338  uauc=0.7112  loss=nan  (0.4s)
Round   18/30  coverage=0.6185  prec@K=0.0101  accepted=50  auc=0.8414  uauc=0.5871  loss=nan  (0.4s)
Round   19/30  coverage=0.6192  prec@K=0.0068  accepted=34  auc=0.7814  uauc=0.6684  loss=nan  (0.4s)
Round   20/30  coverage=0.6201  prec@K=0.0082  accepted=41  auc=0.8405  uauc=0.7258  loss=nan  (0.4s)
Round   21/30  coverage=0.6212  prec@K=0.0100  accepted=50  auc=0.8494  uauc=0.6917  loss=nan  (0.8s)
Round   22/30  coverage=0.6220  prec@K=0.0074  accepted=37  auc=0.8186  uauc=0.6124  loss=nan  (0.4s)
Round   23/30  coverage=0.6229  prec@K=0.0090  accepted=45  auc=0.8334  uauc=0.6196  loss=nan  (0.4s)
Round   24/30  coverage=0.6235  prec@K=0.0058  accepted=29  auc=0.7929  uauc=0.5287  loss=nan  (0.4s)
Round   25/30  coverage=0.6242  prec@K=0.0061  accepted=31  auc=0.8675  uauc=0.6042  loss=nan  (0.4s)
Round   26/30  coverage=0.6248  prec@K=0.0054  accepted=27  auc=0.8863  uauc=0.6050  loss=nan  (0.4s)
Round   27/30  coverage=0.6255  prec@K=0.0074  accepted=37  auc=0.8323  uauc=0.6562  loss=nan  (0.4s)
Round   28/30  coverage=0.6263  prec@K=0.0074  accepted=37  auc=0.7856  uauc=0.5973  loss=nan  (0.5s)
Round   29/30  coverage=0.6271  prec@K=0.0070  accepted=35  auc=0.9095  uauc=0.6743  loss=nan  (0.5s)
Round   30/30  coverage=0.6275  prec@K=0.0044  accepted=22  auc=0.8288  uauc=0.6033  loss=nan  (0.5s)

结果已写入 results\orchestrator\runs\ir60_constlr5e5_multiseed_bidir\advogato\pa_s1/rounds.csv
