=== advogato_gnn_s3  started 2026-05-09T22:06:21 ===

C:\conda\envs\gnn\lib\site-packages\requests\__init__.py:86: RequestsDependencyWarning: Unable to find acceptable character detection dependency (chardet or charset_normalizer).
  warnings.warn(
C:\conda\envs\gnn\lib\site-packages\outdated\__init__.py:36: UserWarning: pkg_resources is deprecated as an API. See https://setuptools.pypa.io/en/latest/pkg_resources.html. The pkg_resources package is slated for removal as early as 2025-11-30. Refrain from using this package or pin to Setuptools<81.
  from pkg_resources import parse_version
Round    1/30  coverage=0.6020  prec@K=0.0185  accepted=92  auc=0.7367  uauc=0.6556  loss=0.6087  (9.6s)
Round    2/30  coverage=0.6039  prec@K=0.0188  accepted=94  auc=0.7000  uauc=0.7073  loss=0.6082  (8.6s)
Round    3/30  coverage=0.6056  prec@K=0.0159  accepted=78  auc=0.7136  uauc=0.6269  loss=0.6071  (7.7s)
Round    4/30  coverage=0.6075  prec@K=0.0182  accepted=91  auc=0.7125  uauc=0.5938  loss=0.6073  (8.5s)
Round    5/30  coverage=0.6092  prec@K=0.0156  accepted=78  auc=0.7416  uauc=0.6369  loss=0.6066  (8.7s)
Round    6/30  coverage=0.6105  prec@K=0.0125  accepted=63  auc=0.7615  uauc=0.7059  loss=0.6061  (8.0s)
Round    7/30  coverage=0.6118  prec@K=0.0121  accepted=60  auc=0.6985  uauc=0.5803  loss=0.6056  (8.9s)
Round    8/30  coverage=0.6131  prec@K=0.0120  accepted=60  auc=0.7912  uauc=0.6237  loss=0.6055  (8.5s)
Round    9/30  coverage=0.6143  prec@K=0.0111  accepted=56  auc=0.7211  uauc=0.5628  loss=0.6051  (8.0s)
Round   10/30  coverage=0.6156  prec@K=0.0121  accepted=61  auc=0.7307  uauc=0.6854  loss=0.6057  (8.0s)
Round   11/30  coverage=0.6169  prec@K=0.0125  accepted=62  auc=0.7200  uauc=0.6359  loss=0.6057  (8.7s)
Round   12/30  coverage=0.6179  prec@K=0.0096  accepted=48  auc=0.7140  uauc=0.6653  loss=0.6040  (7.8s)
Round   13/30  coverage=0.6188  prec@K=0.0086  accepted=43  auc=0.6928  uauc=0.6058  loss=0.6040  (7.9s)
Round   14/30  coverage=0.6202  prec@K=0.0135  accepted=68  auc=0.7489  uauc=0.6166  loss=0.6050  (8.2s)
Round   15/30  coverage=0.6214  prec@K=0.0111  accepted=56  auc=0.6858  uauc=0.6071  loss=0.6042  (8.1s)
Round   16/30  coverage=0.6226  prec@K=0.0106  accepted=53  auc=0.7542  uauc=0.6784  loss=0.6037  (8.0s)
Round   17/30  coverage=0.6237  prec@K=0.0103  accepted=52  auc=0.7457  uauc=0.6978  loss=0.6038  (7.9s)
Round   18/30  coverage=0.6247  prec@K=0.0102  accepted=51  auc=0.7389  uauc=0.6410  loss=0.6029  (8.1s)
Round   19/30  coverage=0.6258  prec@K=0.0095  accepted=48  auc=0.6998  uauc=0.6734  loss=0.6036  (8.4s)
Round   20/30  coverage=0.6267  prec@K=0.0087  accepted=44  auc=0.7720  uauc=0.5531  loss=0.6024  (8.0s)
Round   21/30  coverage=0.6276  prec@K=0.0086  accepted=43  auc=0.7895  uauc=0.6925  loss=0.6016  (8.3s)
Round   22/30  coverage=0.6285  prec@K=0.0088  accepted=44  auc=0.7844  uauc=0.7236  loss=0.6024  (8.3s)
Round   23/30  coverage=0.6294  prec@K=0.0084  accepted=42  auc=0.7844  uauc=0.6352  loss=0.6021  (7.7s)
Round   24/30  coverage=0.6302  prec@K=0.0076  accepted=38  auc=0.8036  uauc=0.6271  loss=0.6017  (8.0s)
Round   25/30  coverage=0.6309  prec@K=0.0065  accepted=33  auc=0.7811  uauc=0.6552  loss=0.6008  (8.1s)
Round   26/30  coverage=0.6317  prec@K=0.0075  accepted=38  auc=0.7482  uauc=0.5822  loss=0.6013  (8.5s)
Round   27/30  coverage=0.6325  prec@K=0.0068  accepted=34  auc=0.7121  uauc=0.6887  loss=0.6009  (7.8s)
Round   28/30  coverage=0.6332  prec@K=0.0073  accepted=37  auc=0.7929  uauc=0.6067  loss=0.6009  (8.1s)
Round   29/30  coverage=0.6342  prec@K=0.0090  accepted=45  auc=0.8088  uauc=0.6191  loss=0.6005  (7.9s)
Round   30/30  coverage=0.6352  prec@K=0.0097  accepted=48  auc=0.7375  uauc=0.6478  loss=0.6009  (8.1s)

结果已写入 results\orchestrator\runs\ir60_constlr5e5_multiseed_bidir\advogato\gnn_s3/rounds.csv
