=== bitcoin_alpha_gat_emb_s0  started 2026-05-09T21:47:36 ===

C:\conda\envs\gnn\lib\site-packages\requests\__init__.py:86: RequestsDependencyWarning: Unable to find acceptable character detection dependency (chardet or charset_normalizer).
  warnings.warn(
C:\conda\envs\gnn\lib\site-packages\outdated\__init__.py:36: UserWarning: pkg_resources is deprecated as an API. See https://setuptools.pypa.io/en/latest/pkg_resources.html. The pkg_resources package is slated for removal as early as 2025-11-30. Refrain from using this package or pin to Setuptools<81.
  from pkg_resources import parse_version
Round    1/30  coverage=0.6010  prec@K=0.0070  accepted=25  auc=0.2909  uauc=0.4813  loss=0.7459  (5.2s)
Round    2/30  coverage=0.6018  prec@K=0.0056  accepted=20  auc=0.4159  uauc=0.6462  loss=0.7459  (4.2s)
Round    3/30  coverage=0.6022  prec@K=0.0025  accepted=9  auc=0.3724  uauc=0.6744  loss=0.7461  (4.4s)
Round    4/30  coverage=0.6026  prec@K=0.0027  accepted=10  auc=0.4749  uauc=0.6466  loss=0.7460  (4.4s)
Round    5/30  coverage=0.6032  prec@K=0.0039  accepted=14  auc=0.2926  uauc=0.5733  loss=0.7457  (4.4s)
Round    6/30  coverage=0.6035  prec@K=0.0019  accepted=7  auc=0.2730  uauc=0.4921  loss=0.7458  (4.4s)
Round    7/30  coverage=0.6037  prec@K=0.0014  accepted=5  auc=0.1722  uauc=0.6000  loss=0.7457  (4.3s)
Round    8/30  coverage=0.6040  prec@K=0.0022  accepted=8  auc=0.3383  uauc=0.5000  loss=0.7454  (4.5s)
Round    9/30  coverage=0.6049  prec@K=0.0055  accepted=20  auc=0.3298  uauc=0.5323  loss=0.7449  (4.6s)
Round   10/30  coverage=0.6054  prec@K=0.0036  accepted=13  auc=0.2705  uauc=0.4704  loss=0.7450  (4.6s)
Round   11/30  coverage=0.6059  prec@K=0.0036  accepted=13  auc=0.2590  uauc=0.6615  loss=0.7449  (4.7s)
Round   12/30  coverage=0.6064  prec@K=0.0033  accepted=12  auc=0.3791  uauc=0.5708  loss=0.7448  (4.6s)
Round   13/30  coverage=0.6068  prec@K=0.0025  accepted=9  auc=0.1989  uauc=0.4583  loss=0.7447  (4.2s)
Round   14/30  coverage=0.6073  prec@K=0.0031  accepted=11  auc=0.3669  uauc=0.4667  loss=0.7445  (4.9s)
Round   15/30  coverage=0.6077  prec@K=0.0031  accepted=11  auc=0.2888  uauc=0.4444  loss=0.7443  (4.7s)
Round   16/30  coverage=0.6083  prec@K=0.0042  accepted=15  auc=0.2969  uauc=0.6416  loss=0.7441  (4.4s)
Round   17/30  coverage=0.6089  prec@K=0.0039  accepted=14  auc=0.2086  uauc=0.2222  loss=0.7440  (4.6s)
Round   18/30  coverage=0.6091  prec@K=0.0011  accepted=4  auc=0.5072  uauc=0.7639  loss=0.7442  (4.4s)
Round   19/30  coverage=0.6094  prec@K=0.0025  accepted=9  auc=0.2407  uauc=0.5802  loss=0.7439  (4.8s)
Round   20/30  coverage=0.6098  prec@K=0.0023  accepted=8  auc=0.4105  uauc=0.5754  loss=0.7437  (4.8s)
Round   21/30  coverage=0.6103  prec@K=0.0034  accepted=12  auc=0.2235  uauc=0.5688  loss=0.7435  (4.9s)
Round   22/30  coverage=0.6105  prec@K=0.0014  accepted=5  auc=0.2768  uauc=0.6076  loss=0.7436  (4.6s)
Round   23/30  coverage=0.6109  prec@K=0.0028  accepted=10  auc=0.2131  uauc=0.8028  loss=0.7433  (4.8s)
Round   24/30  coverage=0.6111  prec@K=0.0014  accepted=5  auc=0.2939  uauc=0.6476  loss=0.7433  (4.4s)
Round   25/30  coverage=0.6118  prec@K=0.0044  accepted=16  auc=0.3175  uauc=0.7321  loss=0.7428  (5.1s)
Round   26/30  coverage=0.6119  prec@K=0.0011  accepted=4  auc=0.1811  uauc=0.6667  loss=0.7430  (4.3s)
Round   27/30  coverage=0.6123  prec@K=0.0025  accepted=9  auc=0.1796  uauc=0.6587  loss=0.7427  (4.9s)
Round   28/30  coverage=0.6125  prec@K=0.0017  accepted=6  auc=0.2734  uauc=0.3386  loss=0.7426  (4.4s)
Round   29/30  coverage=0.6128  prec@K=0.0020  accepted=7  auc=0.3667  uauc=0.6429  loss=0.7425  (4.7s)
Round   30/30  coverage=0.6132  prec@K=0.0028  accepted=10  auc=0.2225  uauc=0.6056  loss=0.7422  (5.2s)

结果已写入 results\orchestrator\runs\ir60_constlr5e5_multiseed_bidir\bitcoin_alpha\gat_emb_s0/rounds.csv
