=== bitcoin_otc_aa_s0  started 2026-05-09T22:24:00 ===

C:\conda\envs\gnn\lib\site-packages\requests\__init__.py:86: RequestsDependencyWarning: Unable to find acceptable character detection dependency (chardet or charset_normalizer).
  warnings.warn(
C:\conda\envs\gnn\lib\site-packages\outdated\__init__.py:36: UserWarning: pkg_resources is deprecated as an API. See https://setuptools.pypa.io/en/latest/pkg_resources.html. The pkg_resources package is slated for removal as early as 2025-11-30. Refrain from using this package or pin to Setuptools<81.
  from pkg_resources import parse_version
Round    1/30  coverage=0.6016  prec@K=0.0101  accepted=57  auc=0.8948  uauc=0.7195  loss=nan  (0.7s)
Round    2/30  coverage=0.6034  prec@K=0.0115  accepted=64  auc=0.8994  uauc=0.6620  loss=nan  (0.4s)
Round    3/30  coverage=0.6053  prec@K=0.0119  accepted=67  auc=0.9040  uauc=0.6631  loss=nan  (0.4s)
Round    4/30  coverage=0.6075  prec@K=0.0142  accepted=79  auc=0.8955  uauc=0.6781  loss=nan  (0.4s)
Round    5/30  coverage=0.6091  prec@K=0.0102  accepted=58  auc=0.9058  uauc=0.7791  loss=nan  (0.6s)
Round    6/30  coverage=0.6106  prec@K=0.0094  accepted=53  auc=0.9063  uauc=0.7711  loss=nan  (0.4s)
Round    7/30  coverage=0.6122  prec@K=0.0104  accepted=58  auc=0.9103  uauc=0.7171  loss=nan  (0.5s)
Round    8/30  coverage=0.6136  prec@K=0.0087  accepted=49  auc=0.8731  uauc=0.6793  loss=nan  (0.5s)
Round    9/30  coverage=0.6155  prec@K=0.0121  accepted=68  auc=0.9077  uauc=0.7399  loss=nan  (0.5s)
Round   10/30  coverage=0.6171  prec@K=0.0097  accepted=55  auc=0.8835  uauc=0.6722  loss=nan  (0.5s)
Round   11/30  coverage=0.6189  prec@K=0.0116  accepted=65  auc=0.8779  uauc=0.6601  loss=nan  (0.8s)
Round   12/30  coverage=0.6206  prec@K=0.0105  accepted=59  auc=0.9012  uauc=0.6817  loss=nan  (0.5s)
Round   13/30  coverage=0.6222  prec@K=0.0101  accepted=57  auc=0.9068  uauc=0.6976  loss=nan  (0.6s)
Round   14/30  coverage=0.6237  prec@K=0.0098  accepted=56  auc=0.9075  uauc=0.7534  loss=nan  (0.5s)
Round   15/30  coverage=0.6246  prec@K=0.0051  accepted=29  auc=0.8504  uauc=0.6553  loss=nan  (0.5s)
Round   16/30  coverage=0.6257  prec@K=0.0073  accepted=41  auc=0.8582  uauc=0.6729  loss=nan  (0.5s)
Round   17/30  coverage=0.6272  prec@K=0.0093  accepted=53  auc=0.8970  uauc=0.6056  loss=nan  (0.6s)
Round   18/30  coverage=0.6288  prec@K=0.0105  accepted=59  auc=0.8914  uauc=0.6132  loss=nan  (0.6s)
Round   19/30  coverage=0.6298  prec@K=0.0060  accepted=34  auc=0.9138  uauc=0.6784  loss=nan  (0.6s)
Round   20/30  coverage=0.6314  prec@K=0.0103  accepted=58  auc=0.8852  uauc=0.7244  loss=nan  (0.6s)
Round   21/30  coverage=0.6325  prec@K=0.0070  accepted=39  auc=0.8807  uauc=0.6686  loss=nan  (1.0s)
Round   22/30  coverage=0.6336  prec@K=0.0066  accepted=37  auc=0.8637  uauc=0.6545  loss=nan  (0.6s)
Round   23/30  coverage=0.6344  prec@K=0.0051  accepted=29  auc=0.8351  uauc=0.7170  loss=nan  (0.7s)
Round   24/30  coverage=0.6355  prec@K=0.0072  accepted=40  auc=0.8634  uauc=0.6269  loss=nan  (0.6s)
Round   25/30  coverage=0.6365  prec@K=0.0066  accepted=37  auc=0.9052  uauc=0.6835  loss=nan  (0.6s)
Round   26/30  coverage=0.6374  prec@K=0.0057  accepted=32  auc=0.8823  uauc=0.6144  loss=nan  (0.7s)
Round   27/30  coverage=0.6382  prec@K=0.0048  accepted=27  auc=0.8821  uauc=0.6396  loss=nan  (0.7s)
Round   28/30  coverage=0.6394  prec@K=0.0075  accepted=42  auc=0.9193  uauc=0.6927  loss=nan  (0.7s)
Round   29/30  coverage=0.6405  prec@K=0.0071  accepted=40  auc=0.8907  uauc=0.6501  loss=nan  (0.7s)
Round   30/30  coverage=0.6416  prec@K=0.0067  accepted=38  auc=0.8905  uauc=0.6840  loss=nan  (0.8s)

结果已写入 results\orchestrator\runs\ir60_constlr5e5_multiseed_bidir\bitcoin_otc\aa_s0/rounds.csv
