=== bitcoin_alpha_gnn_s1  started 2026-05-09T21:48:45 ===

C:\conda\envs\gnn\lib\site-packages\requests\__init__.py:86: RequestsDependencyWarning: Unable to find acceptable character detection dependency (chardet or charset_normalizer).
  warnings.warn(
C:\conda\envs\gnn\lib\site-packages\outdated\__init__.py:36: UserWarning: pkg_resources is deprecated as an API. See https://setuptools.pypa.io/en/latest/pkg_resources.html. The pkg_resources package is slated for removal as early as 2025-11-30. Refrain from using this package or pin to Setuptools<81.
  from pkg_resources import parse_version
Round    1/30  coverage=0.6007  prec@K=0.0047  accepted=17  auc=0.3681  uauc=0.6389  loss=0.7654  (5.2s)
Round    2/30  coverage=0.6015  prec@K=0.0052  accepted=19  auc=0.3359  uauc=0.6397  loss=0.7649  (4.6s)
Round    3/30  coverage=0.6023  prec@K=0.0058  accepted=21  auc=0.2956  uauc=0.5611  loss=0.7650  (4.4s)
Round    4/30  coverage=0.6029  prec@K=0.0036  accepted=13  auc=0.3621  uauc=0.6551  loss=0.7644  (4.2s)
Round    5/30  coverage=0.6034  prec@K=0.0036  accepted=13  auc=0.3080  uauc=0.7323  loss=0.7635  (4.9s)
Round    6/30  coverage=0.6044  prec@K=0.0067  accepted=24  auc=0.3270  uauc=0.6126  loss=0.7628  (4.7s)
Round    7/30  coverage=0.6050  prec@K=0.0041  accepted=15  auc=0.1695  uauc=0.8264  loss=0.7630  (4.8s)
Round    8/30  coverage=0.6058  prec@K=0.0053  accepted=19  auc=0.2893  uauc=0.5603  loss=0.7628  (4.4s)
Round    9/30  coverage=0.6061  prec@K=0.0017  accepted=6  auc=0.2122  uauc=0.7500  loss=0.7632  (4.5s)
Round   10/30  coverage=0.6063  prec@K=0.0019  accepted=7  auc=0.1615  uauc=0.7222  loss=0.7635  (4.5s)
Round   11/30  coverage=0.6067  prec@K=0.0022  accepted=8  auc=0.1920  uauc=0.7778  loss=0.7627  (4.5s)
Round   12/30  coverage=0.6071  prec@K=0.0030  accepted=11  auc=0.3899  uauc=0.5524  loss=0.7616  (4.4s)
Round   13/30  coverage=0.6075  prec@K=0.0023  accepted=8  auc=0.3590  uauc=0.4931  loss=0.7625  (4.0s)
Round   14/30  coverage=0.6080  prec@K=0.0039  accepted=14  auc=0.2175  uauc=0.6865  loss=0.7613  (4.7s)
Round   15/30  coverage=0.6085  prec@K=0.0028  accepted=10  auc=0.2265  uauc=0.6633  loss=0.7615  (4.4s)
Round   16/30  coverage=0.6089  prec@K=0.0028  accepted=10  auc=0.2723  uauc=0.5611  loss=0.7596  (4.9s)
Round   17/30  coverage=0.6092  prec@K=0.0019  accepted=7  auc=0.3372  uauc=0.5926  loss=0.7601  (4.9s)
Round   18/30  coverage=0.6094  prec@K=0.0014  accepted=5  auc=0.2481  uauc=0.4778  loss=0.7595  (4.4s)
Round   19/30  coverage=0.6098  prec@K=0.0031  accepted=11  auc=0.2742  uauc=0.6768  loss=0.7601  (4.4s)
Round   20/30  coverage=0.6099  prec@K=0.0008  accepted=3  auc=0.1032  uauc=0.6429  loss=0.7595  (4.3s)
Round   21/30  coverage=0.6102  prec@K=0.0020  accepted=7  auc=0.3120  uauc=0.4932  loss=0.7586  (4.8s)
Round   22/30  coverage=0.6105  prec@K=0.0019  accepted=7  auc=0.2028  uauc=0.7302  loss=0.7592  (4.5s)
Round   23/30  coverage=0.6108  prec@K=0.0022  accepted=8  auc=0.2292  uauc=0.7292  loss=0.7587  (4.5s)
Round   24/30  coverage=0.6111  prec@K=0.0017  accepted=6  auc=0.2392  uauc=0.5236  loss=0.7577  (4.8s)
Round   25/30  coverage=0.6113  prec@K=0.0011  accepted=4  auc=0.3527  uauc=0.5278  loss=0.7580  (4.4s)
Round   26/30  coverage=0.6115  prec@K=0.0016  accepted=6  auc=0.3053  uauc=0.7315  loss=0.7564  (4.9s)
Round   27/30  coverage=0.6115  prec@K=0.0000  accepted=0  loss=0.7585  (4.1s)
Round   28/30  coverage=0.6116  prec@K=0.0008  accepted=3  auc=0.4396  uauc=0.5000  loss=0.7573  (4.4s)
Round   29/30  coverage=0.6120  prec@K=0.0025  accepted=9  auc=0.4114  uauc=0.6590  loss=0.7569  (4.7s)
Round   30/30  coverage=0.6121  prec@K=0.0008  accepted=3  auc=0.2275  uauc=0.2593  loss=0.7563  (4.7s)

结果已写入 results\orchestrator\runs\ir60_constlr5e5_multiseed_bidir\bitcoin_alpha\gnn_s1/rounds.csv
