=== bitcoin_otc_jaccard_s3  started 2026-05-09T22:42:26 ===

C:\conda\envs\gnn\lib\site-packages\requests\__init__.py:86: RequestsDependencyWarning: Unable to find acceptable character detection dependency (chardet or charset_normalizer).
  warnings.warn(
C:\conda\envs\gnn\lib\site-packages\outdated\__init__.py:36: UserWarning: pkg_resources is deprecated as an API. See https://setuptools.pypa.io/en/latest/pkg_resources.html. The pkg_resources package is slated for removal as early as 2025-11-30. Refrain from using this package or pin to Setuptools<81.
  from pkg_resources import parse_version
Round    1/30  coverage=0.6008  prec@K=0.0053  accepted=30  auc=0.3374  uauc=0.7437  loss=nan  (0.5s)
Round    2/30  coverage=0.6022  prec@K=0.0086  accepted=48  auc=0.2780  uauc=0.6266  loss=nan  (0.3s)
Round    3/30  coverage=0.6033  prec@K=0.0071  accepted=40  auc=0.2748  uauc=0.6627  loss=nan  (0.3s)
Round    4/30  coverage=0.6040  prec@K=0.0043  accepted=24  auc=0.2918  uauc=0.5878  loss=nan  (0.3s)
Round    5/30  coverage=0.6045  prec@K=0.0034  accepted=19  auc=0.3506  uauc=0.5998  loss=nan  (0.4s)
Round    6/30  coverage=0.6051  prec@K=0.0036  accepted=20  auc=0.3762  uauc=0.6279  loss=nan  (0.3s)
Round    7/30  coverage=0.6062  prec@K=0.0069  accepted=39  auc=0.3081  uauc=0.4867  loss=nan  (0.3s)
Round    8/30  coverage=0.6070  prec@K=0.0052  accepted=29  auc=0.3349  uauc=0.7386  loss=nan  (0.3s)
Round    9/30  coverage=0.6078  prec@K=0.0052  accepted=29  auc=0.3566  uauc=0.6408  loss=nan  (0.3s)
Round   10/30  coverage=0.6087  prec@K=0.0057  accepted=32  auc=0.3545  uauc=0.6593  loss=nan  (0.3s)
Round   11/30  coverage=0.6095  prec@K=0.0048  accepted=27  auc=0.2384  uauc=0.5989  loss=nan  (0.6s)
Round   12/30  coverage=0.6105  prec@K=0.0067  accepted=37  auc=0.2799  uauc=0.6439  loss=nan  (0.3s)
Round   13/30  coverage=0.6111  prec@K=0.0039  accepted=22  auc=0.2182  uauc=0.6949  loss=nan  (0.4s)
Round   14/30  coverage=0.6120  prec@K=0.0059  accepted=33  auc=0.3060  uauc=0.6435  loss=nan  (0.4s)
Round   15/30  coverage=0.6126  prec@K=0.0034  accepted=19  auc=0.3302  uauc=0.6330  loss=nan  (0.4s)
Round   16/30  coverage=0.6133  prec@K=0.0049  accepted=27  auc=0.3200  uauc=0.4997  loss=nan  (0.4s)
Round   17/30  coverage=0.6141  prec@K=0.0048  accepted=27  auc=0.3138  uauc=0.6841  loss=nan  (0.4s)
Round   18/30  coverage=0.6147  prec@K=0.0040  accepted=22  auc=0.2953  uauc=0.6632  loss=nan  (0.4s)
Round   19/30  coverage=0.6154  prec@K=0.0043  accepted=24  auc=0.3106  uauc=0.6286  loss=nan  (0.4s)
Round   20/30  coverage=0.6162  prec@K=0.0054  accepted=30  auc=0.2971  uauc=0.6573  loss=nan  (0.4s)
Round   21/30  coverage=0.6168  prec@K=0.0036  accepted=20  auc=0.2463  uauc=0.5777  loss=nan  (0.7s)
Round   22/30  coverage=0.6178  prec@K=0.0064  accepted=36  auc=0.3016  uauc=0.6647  loss=nan  (0.5s)
Round   23/30  coverage=0.6183  prec@K=0.0034  accepted=19  auc=0.2767  uauc=0.7034  loss=nan  (0.5s)
Round   24/30  coverage=0.6188  prec@K=0.0031  accepted=17  auc=0.2775  uauc=0.6086  loss=nan  (0.5s)
Round   25/30  coverage=0.6192  prec@K=0.0025  accepted=14  auc=0.2822  uauc=0.6837  loss=nan  (0.4s)
Round   26/30  coverage=0.6197  prec@K=0.0032  accepted=18  auc=0.2429  uauc=0.5556  loss=nan  (0.4s)
Round   27/30  coverage=0.6203  prec@K=0.0036  accepted=20  auc=0.3166  uauc=0.6725  loss=nan  (0.5s)
Round   28/30  coverage=0.6209  prec@K=0.0037  accepted=21  auc=0.3218  uauc=0.6513  loss=nan  (0.6s)
Round   29/30  coverage=0.6214  prec@K=0.0033  accepted=19  auc=0.1984  uauc=0.5186  loss=nan  (0.5s)
Round   30/30  coverage=0.6220  prec@K=0.0037  accepted=21  auc=0.2401  uauc=0.6679  loss=nan  (0.4s)

结果已写入 results\orchestrator\runs\ir60_constlr5e5_multiseed_bidir\bitcoin_otc\jaccard_s3/rounds.csv
