=== bitcoin_otc_gnn_sum_h8_s3  started 2026-05-09T22:38:54 ===

C:\conda\envs\gnn\lib\site-packages\requests\__init__.py:86: RequestsDependencyWarning: Unable to find acceptable character detection dependency (chardet or charset_normalizer).
  warnings.warn(
C:\conda\envs\gnn\lib\site-packages\outdated\__init__.py:36: UserWarning: pkg_resources is deprecated as an API. See https://setuptools.pypa.io/en/latest/pkg_resources.html. The pkg_resources package is slated for removal as early as 2025-11-30. Refrain from using this package or pin to Setuptools<81.
  from pkg_resources import parse_version
Round    1/30  coverage=0.6020  prec@K=0.0124  accepted=70  auc=0.6892  uauc=0.9202  loss=0.8472  (7.6s)
Round    2/30  coverage=0.6039  prec@K=0.0125  accepted=70  auc=0.6628  uauc=0.9150  loss=0.8467  (6.6s)
Round    3/30  coverage=0.6057  prec@K=0.0112  accepted=63  auc=0.6701  uauc=0.8337  loss=0.8470  (6.5s)
Round    4/30  coverage=0.6072  prec@K=0.0097  accepted=54  auc=0.6695  uauc=0.8696  loss=0.8476  (6.7s)
Round    5/30  coverage=0.6085  prec@K=0.0084  accepted=47  auc=0.6741  uauc=0.9410  loss=0.8476  (6.2s)
Round    6/30  coverage=0.6097  prec@K=0.0071  accepted=40  auc=0.7348  uauc=0.8187  loss=0.8469  (6.1s)
Round    7/30  coverage=0.6117  prec@K=0.0130  accepted=73  auc=0.7374  uauc=0.9149  loss=0.8451  (6.4s)
Round    8/30  coverage=0.6130  prec@K=0.0084  accepted=47  auc=0.6615  uauc=0.8853  loss=0.8466  (6.2s)
Round    9/30  coverage=0.6145  prec@K=0.0093  accepted=52  auc=0.6837  uauc=0.8802  loss=0.8460  (6.3s)
Round   10/30  coverage=0.6163  prec@K=0.0114  accepted=64  auc=0.6888  uauc=0.9243  loss=0.8455  (6.7s)
Round   11/30  coverage=0.6176  prec@K=0.0083  accepted=47  auc=0.6441  uauc=0.8855  loss=0.8464  (6.7s)
Round   12/30  coverage=0.6190  prec@K=0.0087  accepted=48  auc=0.6783  uauc=0.8665  loss=0.8456  (6.2s)
Round   13/30  coverage=0.6202  prec@K=0.0076  accepted=43  auc=0.6892  uauc=0.8567  loss=0.8454  (6.5s)
Round   14/30  coverage=0.6217  prec@K=0.0100  accepted=56  auc=0.7330  uauc=0.9460  loss=0.8444  (6.6s)
Round   15/30  coverage=0.6233  prec@K=0.0098  accepted=55  auc=0.7125  uauc=0.9105  loss=0.8441  (6.2s)
Round   16/30  coverage=0.6241  prec@K=0.0052  accepted=29  auc=0.6841  uauc=0.9776  loss=0.8459  (6.6s)
Round   17/30  coverage=0.6252  prec@K=0.0068  accepted=38  auc=0.6688  uauc=0.9263  loss=0.8452  (6.5s)
Round   18/30  coverage=0.6262  prec@K=0.0063  accepted=35  auc=0.7117  uauc=0.9318  loss=0.8447  (6.4s)
Round   19/30  coverage=0.6275  prec@K=0.0086  accepted=48  auc=0.7055  uauc=0.9132  loss=0.8438  (6.8s)
Round   20/30  coverage=0.6286  prec@K=0.0069  accepted=38  auc=0.7126  uauc=0.8872  loss=0.8442  (6.4s)
Round   21/30  coverage=0.6298  prec@K=0.0079  accepted=44  auc=0.6932  uauc=0.9026  loss=0.8434  (7.1s)
Round   22/30  coverage=0.6310  prec@K=0.0075  accepted=42  auc=0.7594  uauc=0.9314  loss=0.8430  (6.9s)
Round   23/30  coverage=0.6320  prec@K=0.0066  accepted=37  auc=0.6844  uauc=0.9782  loss=0.8439  (6.9s)
Round   24/30  coverage=0.6334  prec@K=0.0091  accepted=50  auc=0.7008  uauc=0.9110  loss=0.8425  (6.4s)
Round   25/30  coverage=0.6345  prec@K=0.0066  accepted=37  auc=0.6609  uauc=0.9403  loss=0.8432  (6.7s)
Round   26/30  coverage=0.6355  prec@K=0.0063  accepted=35  auc=0.6395  uauc=0.8826  loss=0.8433  (6.7s)
Round   27/30  coverage=0.6363  prec@K=0.0055  accepted=31  auc=0.7389  uauc=0.9540  loss=0.8431  (6.8s)
Round   28/30  coverage=0.6372  prec@K=0.0053  accepted=30  auc=0.7300  uauc=0.9361  loss=0.8428  (7.1s)
Round   29/30  coverage=0.6379  prec@K=0.0047  accepted=27  auc=0.7074  uauc=0.9630  loss=0.8429  (6.3s)
Round   30/30  coverage=0.6391  prec@K=0.0074  accepted=42  auc=0.6985  uauc=0.9256  loss=0.8417  (6.9s)

结果已写入 results\orchestrator\runs\ir60_constlr5e5_multiseed_bidir\bitcoin_otc\gnn_sum_h8_s3/rounds.csv
