=== bitcoin_otc_gat_emb_s0  started 2026-05-09T22:25:02 ===

C:\conda\envs\gnn\lib\site-packages\requests\__init__.py:86: RequestsDependencyWarning: Unable to find acceptable character detection dependency (chardet or charset_normalizer).
  warnings.warn(
C:\conda\envs\gnn\lib\site-packages\outdated\__init__.py:36: UserWarning: pkg_resources is deprecated as an API. See https://setuptools.pypa.io/en/latest/pkg_resources.html. The pkg_resources package is slated for removal as early as 2025-11-30. Refrain from using this package or pin to Setuptools<81.
  from pkg_resources import parse_version
Round    1/30  coverage=0.6005  prec@K=0.0034  accepted=19  auc=0.6208  uauc=0.6457  loss=0.6225  (7.9s)
Round    2/30  coverage=0.6009  prec@K=0.0025  accepted=14  auc=0.5012  uauc=0.6177  loss=0.6222  (6.3s)
Round    3/30  coverage=0.6017  prec@K=0.0048  accepted=27  auc=0.3585  uauc=0.6092  loss=0.6225  (6.8s)
Round    4/30  coverage=0.6023  prec@K=0.0038  accepted=21  auc=0.6080  uauc=0.5679  loss=0.6222  (6.3s)
Round    5/30  coverage=0.6029  prec@K=0.0042  accepted=24  auc=0.4840  uauc=0.5672  loss=0.6222  (6.8s)
Round    6/30  coverage=0.6035  prec@K=0.0035  accepted=20  auc=0.4246  uauc=0.4877  loss=0.6219  (6.6s)
Round    7/30  coverage=0.6040  prec@K=0.0032  accepted=18  auc=0.4287  uauc=0.4431  loss=0.6217  (6.5s)
Round    8/30  coverage=0.6045  prec@K=0.0032  accepted=18  auc=0.4351  uauc=0.5998  loss=0.6215  (6.6s)
Round    9/30  coverage=0.6051  prec@K=0.0037  accepted=21  auc=0.4281  uauc=0.5095  loss=0.6215  (6.9s)
Round   10/30  coverage=0.6056  prec@K=0.0028  accepted=16  auc=0.4909  uauc=0.5104  loss=0.6212  (6.6s)
Round   11/30  coverage=0.6062  prec@K=0.0041  accepted=23  auc=0.5060  uauc=0.7357  loss=0.6212  (7.0s)
Round   12/30  coverage=0.6067  prec@K=0.0030  accepted=17  auc=0.4466  uauc=0.4835  loss=0.6209  (6.7s)
Round   13/30  coverage=0.6070  prec@K=0.0023  accepted=13  auc=0.3034  uauc=0.5171  loss=0.6207  (7.0s)
Round   14/30  coverage=0.6076  prec@K=0.0033  accepted=19  auc=0.2843  uauc=0.5620  loss=0.6207  (6.9s)
Round   15/30  coverage=0.6079  prec@K=0.0023  accepted=13  auc=0.5716  uauc=0.6496  loss=0.6203  (6.4s)
Round   16/30  coverage=0.6086  prec@K=0.0041  accepted=23  auc=0.4467  uauc=0.6085  loss=0.6205  (6.7s)
Round   17/30  coverage=0.6090  prec@K=0.0023  accepted=13  auc=0.5736  uauc=0.4912  loss=0.6201  (7.1s)
Round   18/30  coverage=0.6092  prec@K=0.0014  accepted=8  auc=0.4067  uauc=0.7440  loss=0.6198  (6.9s)
Round   19/30  coverage=0.6095  prec@K=0.0023  accepted=13  auc=0.5042  uauc=0.5451  loss=0.6198  (6.7s)
Round   20/30  coverage=0.6101  prec@K=0.0034  accepted=19  auc=0.3943  uauc=0.3979  loss=0.6199  (6.9s)
Round   21/30  coverage=0.6104  prec@K=0.0020  accepted=11  auc=0.1700  uauc=0.1397  loss=0.6195  (7.2s)
Round   22/30  coverage=0.6107  prec@K=0.0021  accepted=12  auc=0.6160  uauc=0.6553  loss=0.6194  (6.7s)
Round   23/30  coverage=0.6112  prec@K=0.0028  accepted=16  auc=0.4991  uauc=0.5880  loss=0.6193  (7.2s)
Round   24/30  coverage=0.6115  prec@K=0.0022  accepted=12  auc=0.5602  uauc=0.3569  loss=0.6190  (6.7s)
Round   25/30  coverage=0.6118  prec@K=0.0016  accepted=9  auc=0.5004  uauc=0.3950  loss=0.6188  (6.8s)
Round   26/30  coverage=0.6121  prec@K=0.0021  accepted=12  auc=0.3442  uauc=0.6000  loss=0.6188  (6.7s)
Round   27/30  coverage=0.6122  prec@K=0.0005  accepted=3  auc=0.0320  uauc=0.5972  loss=0.6184  (6.8s)
Round   28/30  coverage=0.6126  prec@K=0.0027  accepted=15  auc=0.3180  uauc=0.6282  loss=0.6186  (6.9s)
Round   29/30  coverage=0.6128  prec@K=0.0014  accepted=8  auc=0.1219  uauc=0.5000  loss=0.6182  (6.9s)
Round   30/30  coverage=0.6133  prec@K=0.0027  accepted=15  auc=0.3132  uauc=0.5427  loss=0.6183  (6.8s)

结果已写入 results\orchestrator\runs\ir60_constlr5e5_multiseed_bidir\bitcoin_otc\gat_emb_s0/rounds.csv
