=== bitcoin_otc_pa_s2  started 2026-05-09T22:42:52 ===

C:\conda\envs\gnn\lib\site-packages\requests\__init__.py:86: RequestsDependencyWarning: Unable to find acceptable character detection dependency (chardet or charset_normalizer).
  warnings.warn(
C:\conda\envs\gnn\lib\site-packages\outdated\__init__.py:36: UserWarning: pkg_resources is deprecated as an API. See https://setuptools.pypa.io/en/latest/pkg_resources.html. The pkg_resources package is slated for removal as early as 2025-11-30. Refrain from using this package or pin to Setuptools<81.
  from pkg_resources import parse_version
Round    1/30  coverage=0.6014  prec@K=0.0089  accepted=50  auc=0.8286  uauc=0.6411  loss=nan  (0.5s)
Round    2/30  coverage=0.6027  prec@K=0.0085  accepted=48  auc=0.7628  uauc=0.6399  loss=nan  (0.2s)
Round    3/30  coverage=0.6043  prec@K=0.0101  accepted=57  auc=0.8034  uauc=0.6136  loss=nan  (0.2s)
Round    4/30  coverage=0.6057  prec@K=0.0083  accepted=47  auc=0.8384  uauc=0.7266  loss=nan  (0.2s)
Round    5/30  coverage=0.6076  prec@K=0.0118  accepted=67  auc=0.8113  uauc=0.5855  loss=nan  (0.4s)
Round    6/30  coverage=0.6089  prec@K=0.0083  accepted=47  auc=0.8436  uauc=0.5974  loss=nan  (0.3s)
Round    7/30  coverage=0.6101  prec@K=0.0074  accepted=42  auc=0.8131  uauc=0.6422  loss=nan  (0.3s)
Round    8/30  coverage=0.6113  prec@K=0.0080  accepted=45  auc=0.8376  uauc=0.6219  loss=nan  (0.3s)
Round    9/30  coverage=0.6124  prec@K=0.0070  accepted=39  auc=0.7957  uauc=0.6984  loss=nan  (0.3s)
Round   10/30  coverage=0.6136  prec@K=0.0078  accepted=44  auc=0.8069  uauc=0.6368  loss=nan  (0.3s)
Round   11/30  coverage=0.6148  prec@K=0.0071  accepted=40  auc=0.8018  uauc=0.5882  loss=nan  (0.6s)
Round   12/30  coverage=0.6157  prec@K=0.0059  accepted=33  auc=0.7926  uauc=0.6032  loss=nan  (0.3s)
Round   13/30  coverage=0.6167  prec@K=0.0066  accepted=37  auc=0.8584  uauc=0.6496  loss=nan  (0.3s)
Round   14/30  coverage=0.6177  prec@K=0.0059  accepted=33  auc=0.8218  uauc=0.6060  loss=nan  (0.4s)
Round   15/30  coverage=0.6188  prec@K=0.0071  accepted=40  auc=0.8232  uauc=0.5945  loss=nan  (0.3s)
Round   16/30  coverage=0.6199  prec@K=0.0072  accepted=41  auc=0.8190  uauc=0.5290  loss=nan  (0.3s)
Round   17/30  coverage=0.6211  prec@K=0.0074  accepted=41  auc=0.7899  uauc=0.6448  loss=nan  (0.3s)
Round   18/30  coverage=0.6220  prec@K=0.0056  accepted=31  auc=0.8764  uauc=0.5794  loss=nan  (0.4s)
Round   19/30  coverage=0.6229  prec@K=0.0061  accepted=34  auc=0.8098  uauc=0.6159  loss=nan  (0.4s)
Round   20/30  coverage=0.6242  prec@K=0.0082  accepted=46  auc=0.8483  uauc=0.6046  loss=nan  (0.4s)
Round   21/30  coverage=0.6252  prec@K=0.0064  accepted=36  auc=0.8305  uauc=0.6333  loss=nan  (0.7s)
Round   22/30  coverage=0.6259  prec@K=0.0044  accepted=25  auc=0.8984  uauc=0.7325  loss=nan  (0.4s)
Round   23/30  coverage=0.6269  prec@K=0.0062  accepted=35  auc=0.8433  uauc=0.6263  loss=nan  (0.4s)
Round   24/30  coverage=0.6284  prec@K=0.0092  accepted=52  auc=0.8884  uauc=0.7507  loss=nan  (0.4s)
Round   25/30  coverage=0.6293  prec@K=0.0058  accepted=33  auc=0.8618  uauc=0.5216  loss=nan  (0.5s)
Round   26/30  coverage=0.6303  prec@K=0.0063  accepted=35  auc=0.8190  uauc=0.5619  loss=nan  (0.4s)
Round   27/30  coverage=0.6311  prec@K=0.0053  accepted=30  auc=0.8290  uauc=0.5804  loss=nan  (0.5s)
Round   28/30  coverage=0.6321  prec@K=0.0063  accepted=35  auc=0.9133  uauc=0.6172  loss=nan  (0.5s)
Round   29/30  coverage=0.6327  prec@K=0.0038  accepted=21  auc=0.9095  uauc=0.6812  loss=nan  (0.4s)
Round   30/30  coverage=0.6335  prec@K=0.0050  accepted=28  auc=0.8706  uauc=0.6501  loss=nan  (0.5s)

结果已写入 results\orchestrator\runs\ir60_constlr5e5_multiseed_bidir\bitcoin_otc\pa_s2/rounds.csv
