=== bitcoin_alpha_pa_s1  started 2026-05-09T22:00:07 ===

C:\conda\envs\gnn\lib\site-packages\requests\__init__.py:86: RequestsDependencyWarning: Unable to find acceptable character detection dependency (chardet or charset_normalizer).
  warnings.warn(
C:\conda\envs\gnn\lib\site-packages\outdated\__init__.py:36: UserWarning: pkg_resources is deprecated as an API. See https://setuptools.pypa.io/en/latest/pkg_resources.html. The pkg_resources package is slated for removal as early as 2025-11-30. Refrain from using this package or pin to Setuptools<81.
  from pkg_resources import parse_version
Round    1/30  coverage=0.6018  prec@K=0.0125  accepted=45  auc=0.7415  uauc=0.6626  loss=nan  (0.3s)
Round    2/30  coverage=0.6040  prec@K=0.0143  accepted=52  auc=0.8284  uauc=0.6291  loss=nan  (0.2s)
Round    3/30  coverage=0.6061  prec@K=0.0138  accepted=50  auc=0.7494  uauc=0.6168  loss=nan  (0.1s)
Round    4/30  coverage=0.6080  prec@K=0.0131  accepted=47  auc=0.8048  uauc=0.6093  loss=nan  (0.1s)
Round    5/30  coverage=0.6101  prec@K=0.0144  accepted=52  auc=0.7913  uauc=0.5855  loss=nan  (0.1s)
Round    6/30  coverage=0.6127  prec@K=0.0174  accepted=62  auc=0.8463  uauc=0.6411  loss=nan  (0.2s)
Round    7/30  coverage=0.6145  prec@K=0.0119  accepted=43  auc=0.8128  uauc=0.6003  loss=nan  (0.2s)
Round    8/30  coverage=0.6165  prec@K=0.0134  accepted=48  auc=0.7716  uauc=0.5283  loss=nan  (0.2s)
Round    9/30  coverage=0.6180  prec@K=0.0104  accepted=37  auc=0.8462  uauc=0.5431  loss=nan  (0.2s)
Round   10/30  coverage=0.6188  prec@K=0.0052  accepted=19  auc=0.7884  uauc=0.5317  loss=nan  (0.1s)
Round   11/30  coverage=0.6204  prec@K=0.0104  accepted=38  auc=0.8775  uauc=0.5553  loss=nan  (0.3s)
Round   12/30  coverage=0.6222  prec@K=0.0124  accepted=45  auc=0.8573  uauc=0.6101  loss=nan  (0.2s)
Round   13/30  coverage=0.6236  prec@K=0.0096  accepted=34  auc=0.8157  uauc=0.6075  loss=nan  (0.2s)
Round   14/30  coverage=0.6249  prec@K=0.0083  accepted=30  auc=0.7668  uauc=0.6262  loss=nan  (0.2s)
Round   15/30  coverage=0.6261  prec@K=0.0083  accepted=30  auc=0.8593  uauc=0.6127  loss=nan  (0.2s)
Round   16/30  coverage=0.6275  prec@K=0.0092  accepted=33  auc=0.8876  uauc=0.5893  loss=nan  (0.2s)
Round   17/30  coverage=0.6286  prec@K=0.0076  accepted=28  auc=0.9120  uauc=0.7391  loss=nan  (0.2s)
Round   18/30  coverage=0.6294  prec@K=0.0053  accepted=19  auc=0.8297  uauc=0.5451  loss=nan  (0.2s)
Round   19/30  coverage=0.6305  prec@K=0.0075  accepted=27  auc=0.8723  uauc=0.6034  loss=nan  (0.2s)
Round   20/30  coverage=0.6319  prec@K=0.0093  accepted=33  auc=0.8633  uauc=0.5364  loss=nan  (0.2s)
Round   21/30  coverage=0.6328  prec@K=0.0062  accepted=22  auc=0.8669  uauc=0.5944  loss=nan  (0.5s)
Round   22/30  coverage=0.6339  prec@K=0.0075  accepted=27  auc=0.8078  uauc=0.5670  loss=nan  (0.2s)
Round   23/30  coverage=0.6348  prec@K=0.0059  accepted=21  auc=0.8552  uauc=0.6580  loss=nan  (0.2s)
Round   24/30  coverage=0.6360  prec@K=0.0083  accepted=30  auc=0.8707  uauc=0.6849  loss=nan  (0.2s)
Round   25/30  coverage=0.6371  prec@K=0.0072  accepted=26  auc=0.8191  uauc=0.4370  loss=nan  (0.2s)
Round   26/30  coverage=0.6381  prec@K=0.0066  accepted=24  auc=0.9197  uauc=0.6156  loss=nan  (0.2s)
Round   27/30  coverage=0.6387  prec@K=0.0039  accepted=14  auc=0.8950  uauc=0.6250  loss=nan  (0.2s)
Round   28/30  coverage=0.6395  prec@K=0.0059  accepted=21  auc=0.8934  uauc=0.6806  loss=nan  (0.2s)
Round   29/30  coverage=0.6408  prec@K=0.0086  accepted=31  auc=0.8475  uauc=0.5892  loss=nan  (0.2s)
Round   30/30  coverage=0.6420  prec@K=0.0077  accepted=28  auc=0.9059  uauc=0.5889  loss=nan  (0.2s)

结果已写入 results\orchestrator\runs\ir60_constlr5e5_multiseed_bidir\bitcoin_alpha\pa_s1/rounds.csv
