=== bitcoin_otc_jaccard_s42  started 2026-05-09T22:42:35 ===

C:\conda\envs\gnn\lib\site-packages\requests\__init__.py:86: RequestsDependencyWarning: Unable to find acceptable character detection dependency (chardet or charset_normalizer).
  warnings.warn(
C:\conda\envs\gnn\lib\site-packages\outdated\__init__.py:36: UserWarning: pkg_resources is deprecated as an API. See https://setuptools.pypa.io/en/latest/pkg_resources.html. The pkg_resources package is slated for removal as early as 2025-11-30. Refrain from using this package or pin to Setuptools<81.
  from pkg_resources import parse_version
Round    1/30  coverage=0.6007  prec@K=0.0043  accepted=24  auc=0.2721  uauc=0.7418  loss=nan  (0.5s)
Round    2/30  coverage=0.6016  prec@K=0.0058  accepted=33  auc=0.3233  uauc=0.5729  loss=nan  (0.2s)
Round    3/30  coverage=0.6026  prec@K=0.0062  accepted=35  auc=0.3180  uauc=0.7245  loss=nan  (0.3s)
Round    4/30  coverage=0.6038  prec@K=0.0077  accepted=44  auc=0.3354  uauc=0.6922  loss=nan  (0.3s)
Round    5/30  coverage=0.6048  prec@K=0.0060  accepted=34  auc=0.2880  uauc=0.6154  loss=nan  (0.4s)
Round    6/30  coverage=0.6056  prec@K=0.0055  accepted=31  auc=0.2669  uauc=0.6687  loss=nan  (0.3s)
Round    7/30  coverage=0.6065  prec@K=0.0053  accepted=30  auc=0.2848  uauc=0.5876  loss=nan  (0.3s)
Round    8/30  coverage=0.6072  prec@K=0.0044  accepted=25  auc=0.2712  uauc=0.6757  loss=nan  (0.3s)
Round    9/30  coverage=0.6080  prec@K=0.0052  accepted=29  auc=0.2459  uauc=0.6055  loss=nan  (0.3s)
Round   10/30  coverage=0.6087  prec@K=0.0044  accepted=25  auc=0.3011  uauc=0.5997  loss=nan  (0.3s)
Round   11/30  coverage=0.6095  prec@K=0.0050  accepted=28  auc=0.2336  uauc=0.6818  loss=nan  (0.6s)
Round   12/30  coverage=0.6105  prec@K=0.0062  accepted=35  auc=0.2842  uauc=0.6794  loss=nan  (0.4s)
Round   13/30  coverage=0.6110  prec@K=0.0030  accepted=17  auc=0.3356  uauc=0.5781  loss=nan  (0.4s)
Round   14/30  coverage=0.6116  prec@K=0.0043  accepted=24  auc=0.3898  uauc=0.6790  loss=nan  (0.4s)
Round   15/30  coverage=0.6123  prec@K=0.0045  accepted=25  auc=0.2756  uauc=0.4470  loss=nan  (0.4s)
Round   16/30  coverage=0.6129  prec@K=0.0036  accepted=20  auc=0.2712  uauc=0.5727  loss=nan  (0.4s)
Round   17/30  coverage=0.6135  prec@K=0.0036  accepted=20  auc=0.2914  uauc=0.7032  loss=nan  (0.4s)
Round   18/30  coverage=0.6143  prec@K=0.0055  accepted=31  auc=0.2984  uauc=0.7530  loss=nan  (0.4s)
Round   19/30  coverage=0.6149  prec@K=0.0034  accepted=19  auc=0.3029  uauc=0.6648  loss=nan  (0.4s)
Round   20/30  coverage=0.6156  prec@K=0.0050  accepted=28  auc=0.2444  uauc=0.5674  loss=nan  (0.4s)
Round   21/30  coverage=0.6160  prec@K=0.0025  accepted=14  auc=0.3724  uauc=0.7277  loss=nan  (0.8s)
Round   22/30  coverage=0.6166  prec@K=0.0036  accepted=20  auc=0.3727  uauc=0.6235  loss=nan  (0.5s)
Round   23/30  coverage=0.6173  prec@K=0.0045  accepted=25  auc=0.2522  uauc=0.5492  loss=nan  (0.5s)
Round   24/30  coverage=0.6179  prec@K=0.0039  accepted=22  auc=0.2381  uauc=0.5150  loss=nan  (0.5s)
Round   25/30  coverage=0.6185  prec@K=0.0039  accepted=22  auc=0.2588  uauc=0.5187  loss=nan  (0.5s)
Round   26/30  coverage=0.6190  prec@K=0.0032  accepted=18  auc=0.2577  uauc=0.4663  loss=nan  (0.5s)
Round   27/30  coverage=0.6199  prec@K=0.0055  accepted=31  auc=0.3363  uauc=0.7243  loss=nan  (0.5s)
Round   28/30  coverage=0.6206  prec@K=0.0046  accepted=26  auc=0.2575  uauc=0.6661  loss=nan  (0.5s)
Round   29/30  coverage=0.6210  prec@K=0.0025  accepted=14  auc=0.3086  uauc=0.5767  loss=nan  (0.5s)
Round   30/30  coverage=0.6214  prec@K=0.0025  accepted=14  auc=0.2571  uauc=0.6597  loss=nan  (0.5s)

结果已写入 results\orchestrator\runs\ir60_constlr5e5_multiseed_bidir\bitcoin_otc\jaccard_s42/rounds.csv
