=== bitcoin_alpha_gnn_h32_s42  started 2026-05-09T21:54:48 ===

C:\conda\envs\gnn\lib\site-packages\requests\__init__.py:86: RequestsDependencyWarning: Unable to find acceptable character detection dependency (chardet or charset_normalizer).
  warnings.warn(
C:\conda\envs\gnn\lib\site-packages\outdated\__init__.py:36: UserWarning: pkg_resources is deprecated as an API. See https://setuptools.pypa.io/en/latest/pkg_resources.html. The pkg_resources package is slated for removal as early as 2025-11-30. Refrain from using this package or pin to Setuptools<81.
  from pkg_resources import parse_version
Round    1/30  coverage=0.6018  prec@K=0.0120  accepted=43  auc=0.1521  uauc=0.6235  loss=0.7720  (5.0s)
Round    2/30  coverage=0.6031  prec@K=0.0092  accepted=33  auc=0.1436  uauc=0.7501  loss=0.7714  (4.5s)
Round    3/30  coverage=0.6045  prec@K=0.0095  accepted=34  auc=0.1620  uauc=0.6778  loss=0.7703  (4.7s)
Round    4/30  coverage=0.6056  prec@K=0.0074  accepted=27  auc=0.1759  uauc=0.7410  loss=0.7701  (4.5s)
Round    5/30  coverage=0.6069  prec@K=0.0088  accepted=31  auc=0.1401  uauc=0.7124  loss=0.7692  (4.4s)
Round    6/30  coverage=0.6078  prec@K=0.0062  accepted=22  auc=0.1582  uauc=0.6088  loss=0.7693  (4.0s)
Round    7/30  coverage=0.6087  prec@K=0.0058  accepted=21  auc=0.1338  uauc=0.7283  loss=0.7679  (4.7s)
Round    8/30  coverage=0.6100  prec@K=0.0089  accepted=32  auc=0.2018  uauc=0.6977  loss=0.7663  (4.7s)
Round    9/30  coverage=0.6110  prec@K=0.0067  accepted=24  auc=0.1571  uauc=0.6408  loss=0.7664  (4.0s)
Round   10/30  coverage=0.6121  prec@K=0.0072  accepted=26  auc=0.1407  uauc=0.7250  loss=0.7648  (4.9s)
Round   11/30  coverage=0.6132  prec@K=0.0072  accepted=26  auc=0.0771  uauc=0.6603  loss=0.7651  (4.2s)
Round   12/30  coverage=0.6145  prec@K=0.0091  accepted=33  auc=0.1366  uauc=0.7665  loss=0.7630  (4.6s)
Round   13/30  coverage=0.6156  prec@K=0.0070  accepted=25  auc=0.1253  uauc=0.7946  loss=0.7627  (4.5s)
Round   14/30  coverage=0.6169  prec@K=0.0088  accepted=32  auc=0.1302  uauc=0.7645  loss=0.7612  (5.0s)
Round   15/30  coverage=0.6183  prec@K=0.0093  accepted=34  auc=0.1859  uauc=0.7089  loss=0.7595  (5.6s)
Round   16/30  coverage=0.6184  prec@K=0.0008  accepted=3  auc=0.2688  uauc=0.6667  loss=0.7613  (4.2s)
Round   17/30  coverage=0.6191  prec@K=0.0044  accepted=16  auc=0.1540  uauc=0.7292  loss=0.7591  (4.8s)
Round   18/30  coverage=0.6201  prec@K=0.0067  accepted=24  auc=0.1556  uauc=0.7179  loss=0.7577  (4.7s)
Round   19/30  coverage=0.6208  prec@K=0.0048  accepted=17  auc=0.3225  uauc=0.6954  loss=0.7581  (4.3s)
Round   20/30  coverage=0.6220  prec@K=0.0080  accepted=29  auc=0.1819  uauc=0.7133  loss=0.7566  (4.4s)
Round   21/30  coverage=0.6228  prec@K=0.0056  accepted=20  auc=0.1754  uauc=0.6796  loss=0.7559  (4.6s)
Round   22/30  coverage=0.6233  prec@K=0.0036  accepted=13  auc=0.1026  uauc=0.7083  loss=0.7555  (4.3s)
Round   23/30  coverage=0.6239  prec@K=0.0036  accepted=13  auc=0.1617  uauc=0.7453  loss=0.7545  (4.3s)
Round   24/30  coverage=0.6248  prec@K=0.0061  accepted=22  auc=0.1484  uauc=0.7694  loss=0.7516  (5.1s)
Round   25/30  coverage=0.6257  prec@K=0.0064  accepted=23  auc=0.1889  uauc=0.7252  loss=0.7536  (4.0s)
Round   26/30  coverage=0.6264  prec@K=0.0047  accepted=17  auc=0.2247  uauc=0.7951  loss=0.7510  (4.5s)
Round   27/30  coverage=0.6270  prec@K=0.0039  accepted=14  auc=0.2085  uauc=0.8798  loss=0.7507  (4.5s)
Round   28/30  coverage=0.6279  prec@K=0.0058  accepted=21  auc=0.1362  uauc=0.8337  loss=0.7494  (4.7s)
Round   29/30  coverage=0.6285  prec@K=0.0042  accepted=15  auc=0.0900  uauc=0.7444  loss=0.7488  (4.5s)
Round   30/30  coverage=0.6292  prec@K=0.0044  accepted=16  auc=0.1569  uauc=0.8190  loss=0.7476  (4.3s)

结果已写入 results\orchestrator\runs\ir60_constlr5e5_multiseed_bidir\bitcoin_alpha\gnn_h32_s42/rounds.csv
