=== bitcoin_otc_gnn_s3  started 2026-05-09T22:28:33 ===

C:\conda\envs\gnn\lib\site-packages\requests\__init__.py:86: RequestsDependencyWarning: Unable to find acceptable character detection dependency (chardet or charset_normalizer).
  warnings.warn(
C:\conda\envs\gnn\lib\site-packages\outdated\__init__.py:36: UserWarning: pkg_resources is deprecated as an API. See https://setuptools.pypa.io/en/latest/pkg_resources.html. The pkg_resources package is slated for removal as early as 2025-11-30. Refrain from using this package or pin to Setuptools<81.
  from pkg_resources import parse_version
Round    1/30  coverage=0.6004  prec@K=0.0027  accepted=15  auc=0.7087  uauc=0.5984  loss=0.6060  (7.2s)
Round    2/30  coverage=0.6013  prec@K=0.0057  accepted=32  auc=0.7551  uauc=0.7738  loss=0.6066  (6.3s)
Round    3/30  coverage=0.6023  prec@K=0.0064  accepted=36  auc=0.7556  uauc=0.5577  loss=0.6061  (6.2s)
Round    4/30  coverage=0.6031  prec@K=0.0052  accepted=29  auc=0.7693  uauc=0.7188  loss=0.6062  (6.5s)
Round    5/30  coverage=0.6038  prec@K=0.0045  accepted=25  auc=0.8240  uauc=0.5682  loss=0.6055  (6.0s)
Round    6/30  coverage=0.6044  prec@K=0.0037  accepted=21  auc=0.7263  uauc=0.5725  loss=0.6055  (6.1s)
Round    7/30  coverage=0.6051  prec@K=0.0041  accepted=23  auc=0.7964  uauc=0.6936  loss=0.6049  (6.2s)
Round    8/30  coverage=0.6056  prec@K=0.0036  accepted=20  auc=0.7830  uauc=0.6806  loss=0.6043  (5.9s)
Round    9/30  coverage=0.6064  prec@K=0.0047  accepted=26  auc=0.7389  uauc=0.6387  loss=0.6048  (6.1s)
Round   10/30  coverage=0.6072  prec@K=0.0050  accepted=28  auc=0.8200  uauc=0.6584  loss=0.6045  (6.5s)
Round   11/30  coverage=0.6078  prec@K=0.0041  accepted=23  auc=0.7908  uauc=0.7180  loss=0.6038  (6.6s)
Round   12/30  coverage=0.6085  prec@K=0.0043  accepted=24  auc=0.8175  uauc=0.4536  loss=0.6035  (6.2s)
Round   13/30  coverage=0.6089  prec@K=0.0028  accepted=16  auc=0.8257  uauc=0.4965  loss=0.6033  (6.2s)
Round   14/30  coverage=0.6095  prec@K=0.0034  accepted=19  auc=0.6814  uauc=0.5835  loss=0.6032  (6.3s)
Round   15/30  coverage=0.6101  prec@K=0.0037  accepted=21  auc=0.6883  uauc=0.5935  loss=0.6029  (6.0s)
Round   16/30  coverage=0.6107  prec@K=0.0040  accepted=22  auc=0.7995  uauc=0.6094  loss=0.6030  (6.5s)
Round   17/30  coverage=0.6110  prec@K=0.0018  accepted=10  auc=0.7573  uauc=0.5864  loss=0.6023  (6.3s)
Round   18/30  coverage=0.6115  prec@K=0.0034  accepted=19  auc=0.8434  uauc=0.6181  loss=0.6023  (6.3s)
Round   19/30  coverage=0.6120  prec@K=0.0034  accepted=19  auc=0.8005  uauc=0.6315  loss=0.6022  (6.6s)
Round   20/30  coverage=0.6124  prec@K=0.0025  accepted=14  auc=0.8348  uauc=0.6133  loss=0.6014  (6.4s)
Round   21/30  coverage=0.6130  prec@K=0.0036  accepted=20  auc=0.6901  uauc=0.6235  loss=0.6021  (7.1s)
Round   22/30  coverage=0.6134  prec@K=0.0027  accepted=15  auc=0.7486  uauc=0.5735  loss=0.6020  (6.7s)
Round   23/30  coverage=0.6140  prec@K=0.0039  accepted=22  auc=0.7868  uauc=0.4765  loss=0.6017  (6.8s)
Round   24/30  coverage=0.6144  prec@K=0.0024  accepted=13  auc=0.6625  uauc=0.5267  loss=0.6008  (6.6s)
Round   25/30  coverage=0.6146  prec@K=0.0016  accepted=9  auc=0.7894  uauc=0.6337  loss=0.6008  (6.7s)
Round   26/30  coverage=0.6148  prec@K=0.0009  accepted=5  auc=0.8420  uauc=0.8444  loss=0.5997  (6.6s)
Round   27/30  coverage=0.6151  prec@K=0.0018  accepted=10  auc=0.8071  uauc=0.6254  loss=0.6001  (6.6s)
Round   28/30  coverage=0.6153  prec@K=0.0018  accepted=10  auc=0.7143  uauc=0.7000  loss=0.6006  (6.9s)
Round   29/30  coverage=0.6156  prec@K=0.0016  accepted=9  auc=0.8839  uauc=0.5123  loss=0.5993  (6.1s)
Round   30/30  coverage=0.6159  prec@K=0.0021  accepted=12  auc=0.8026  uauc=0.4977  loss=0.5993  (6.7s)

结果已写入 results\orchestrator\runs\ir60_constlr5e5_multiseed_bidir\bitcoin_otc\gnn_s3/rounds.csv
