=== bitcoin_alpha_random_s3  started 2026-05-09T22:00:27 ===

C:\conda\envs\gnn\lib\site-packages\requests\__init__.py:86: RequestsDependencyWarning: Unable to find acceptable character detection dependency (chardet or charset_normalizer).
  warnings.warn(
C:\conda\envs\gnn\lib\site-packages\outdated\__init__.py:36: UserWarning: pkg_resources is deprecated as an API. See https://setuptools.pypa.io/en/latest/pkg_resources.html. The pkg_resources package is slated for removal as early as 2025-11-30. Refrain from using this package or pin to Setuptools<81.
  from pkg_resources import parse_version
Round    1/30  coverage=0.6007  prec@K=0.0050  accepted=18  loss=nan  (0.2s)
Round    2/30  coverage=0.6015  prec@K=0.0050  accepted=18  loss=nan  (0.1s)
Round    3/30  coverage=0.6019  prec@K=0.0027  accepted=10  loss=nan  (0.1s)
Round    4/30  coverage=0.6026  prec@K=0.0048  accepted=17  loss=nan  (0.1s)
Round    5/30  coverage=0.6030  prec@K=0.0031  accepted=11  loss=nan  (0.1s)
Round    6/30  coverage=0.6036  prec@K=0.0039  accepted=14  loss=nan  (0.1s)
Round    7/30  coverage=0.6043  prec@K=0.0044  accepted=16  loss=nan  (0.1s)
Round    8/30  coverage=0.6049  prec@K=0.0041  accepted=15  loss=nan  (0.1s)
Round    9/30  coverage=0.6054  prec@K=0.0036  accepted=13  loss=nan  (0.1s)
Round   10/30  coverage=0.6057  prec@K=0.0017  accepted=6  loss=nan  (0.1s)
Round   11/30  coverage=0.6063  prec@K=0.0039  accepted=14  loss=nan  (0.3s)
Round   12/30  coverage=0.6067  prec@K=0.0031  accepted=11  loss=nan  (0.1s)
Round   13/30  coverage=0.6070  prec@K=0.0017  accepted=6  loss=nan  (0.1s)
Round   14/30  coverage=0.6077  prec@K=0.0047  accepted=17  loss=nan  (0.1s)
Round   15/30  coverage=0.6084  prec@K=0.0050  accepted=18  loss=nan  (0.1s)
Round   16/30  coverage=0.6087  prec@K=0.0019  accepted=7  loss=nan  (0.1s)
Round   17/30  coverage=0.6092  prec@K=0.0031  accepted=11  loss=nan  (0.1s)
Round   18/30  coverage=0.6099  prec@K=0.0047  accepted=17  loss=nan  (0.1s)
Round   19/30  coverage=0.6104  prec@K=0.0039  accepted=14  loss=nan  (0.1s)
Round   20/30  coverage=0.6111  prec@K=0.0047  accepted=17  loss=nan  (0.2s)
Round   21/30  coverage=0.6119  prec@K=0.0049  accepted=18  loss=nan  (0.3s)
Round   22/30  coverage=0.6126  prec@K=0.0046  accepted=17  loss=nan  (0.2s)
Round   23/30  coverage=0.6131  prec@K=0.0036  accepted=13  loss=nan  (0.1s)
Round   24/30  coverage=0.6137  prec@K=0.0039  accepted=14  loss=nan  (0.1s)
Round   25/30  coverage=0.6142  prec@K=0.0036  accepted=13  loss=nan  (0.2s)
Round   26/30  coverage=0.6147  prec@K=0.0030  accepted=11  loss=nan  (0.2s)
Round   27/30  coverage=0.6152  prec@K=0.0034  accepted=12  loss=nan  (0.3s)
Round   28/30  coverage=0.6158  prec@K=0.0041  accepted=15  loss=nan  (0.2s)
Round   29/30  coverage=0.6161  prec@K=0.0020  accepted=7  loss=nan  (0.2s)
Round   30/30  coverage=0.6164  prec@K=0.0020  accepted=7  loss=nan  (0.2s)

结果已写入 results\orchestrator\runs\ir60_constlr5e5_multiseed_bidir\bitcoin_alpha\random_s3/rounds.csv
