=== bitcoin_otc_jaccard_s1  started 2026-05-09T22:42:18 ===

C:\conda\envs\gnn\lib\site-packages\requests\__init__.py:86: RequestsDependencyWarning: Unable to find acceptable character detection dependency (chardet or charset_normalizer).
  warnings.warn(
C:\conda\envs\gnn\lib\site-packages\outdated\__init__.py:36: UserWarning: pkg_resources is deprecated as an API. See https://setuptools.pypa.io/en/latest/pkg_resources.html. The pkg_resources package is slated for removal as early as 2025-11-30. Refrain from using this package or pin to Setuptools<81.
  from pkg_resources import parse_version
Round    1/30  coverage=0.6010  prec@K=0.0064  accepted=36  auc=0.3521  uauc=0.6125  loss=nan  (0.5s)
Round    2/30  coverage=0.6020  prec@K=0.0063  accepted=35  auc=0.2976  uauc=0.6255  loss=nan  (0.2s)
Round    3/30  coverage=0.6027  prec@K=0.0044  accepted=25  auc=0.2658  uauc=0.6641  loss=nan  (0.3s)
Round    4/30  coverage=0.6035  prec@K=0.0052  accepted=29  auc=0.3123  uauc=0.6547  loss=nan  (0.3s)
Round    5/30  coverage=0.6047  prec@K=0.0076  accepted=42  auc=0.3367  uauc=0.6246  loss=nan  (0.4s)
Round    6/30  coverage=0.6057  prec@K=0.0062  accepted=35  auc=0.2680  uauc=0.6186  loss=nan  (0.3s)
Round    7/30  coverage=0.6065  prec@K=0.0055  accepted=31  auc=0.2926  uauc=0.7227  loss=nan  (0.3s)
Round    8/30  coverage=0.6074  prec@K=0.0054  accepted=30  auc=0.2596  uauc=0.6035  loss=nan  (0.3s)
Round    9/30  coverage=0.6083  prec@K=0.0057  accepted=32  auc=0.3090  uauc=0.6034  loss=nan  (0.3s)
Round   10/30  coverage=0.6091  prec@K=0.0052  accepted=29  auc=0.2593  uauc=0.6259  loss=nan  (0.3s)
Round   11/30  coverage=0.6099  prec@K=0.0052  accepted=29  auc=0.2898  uauc=0.5964  loss=nan  (0.6s)
Round   12/30  coverage=0.6107  prec@K=0.0052  accepted=29  auc=0.3203  uauc=0.6710  loss=nan  (0.4s)
Round   13/30  coverage=0.6118  prec@K=0.0067  accepted=38  auc=0.2923  uauc=0.5141  loss=nan  (0.4s)
Round   14/30  coverage=0.6126  prec@K=0.0049  accepted=28  auc=0.2678  uauc=0.6497  loss=nan  (0.4s)
Round   15/30  coverage=0.6132  prec@K=0.0037  accepted=21  auc=0.2471  uauc=0.5543  loss=nan  (0.4s)
Round   16/30  coverage=0.6140  prec@K=0.0052  accepted=29  auc=0.2452  uauc=0.6630  loss=nan  (0.4s)
Round   17/30  coverage=0.6148  prec@K=0.0049  accepted=28  auc=0.2787  uauc=0.6162  loss=nan  (0.4s)
Round   18/30  coverage=0.6154  prec@K=0.0039  accepted=22  auc=0.2690  uauc=0.5595  loss=nan  (0.4s)
Round   19/30  coverage=0.6160  prec@K=0.0041  accepted=23  auc=0.2727  uauc=0.5586  loss=nan  (0.4s)
Round   20/30  coverage=0.6167  prec@K=0.0043  accepted=24  auc=0.3271  uauc=0.7383  loss=nan  (0.4s)
Round   21/30  coverage=0.6172  prec@K=0.0034  accepted=19  auc=0.2268  uauc=0.5989  loss=nan  (0.7s)
Round   22/30  coverage=0.6180  prec@K=0.0049  accepted=28  auc=0.2770  uauc=0.7042  loss=nan  (0.5s)
Round   23/30  coverage=0.6185  prec@K=0.0030  accepted=17  auc=0.4313  uauc=0.8442  loss=nan  (0.4s)
Round   24/30  coverage=0.6195  prec@K=0.0064  accepted=36  auc=0.2776  uauc=0.6932  loss=nan  (0.4s)
Round   25/30  coverage=0.6206  prec@K=0.0065  accepted=37  auc=0.3112  uauc=0.6785  loss=nan  (0.5s)
Round   26/30  coverage=0.6213  prec@K=0.0046  accepted=26  auc=0.1991  uauc=0.5285  loss=nan  (0.5s)
Round   27/30  coverage=0.6217  prec@K=0.0023  accepted=13  auc=0.2243  uauc=0.5220  loss=nan  (0.4s)
Round   28/30  coverage=0.6227  prec@K=0.0066  accepted=37  auc=0.2325  uauc=0.6071  loss=nan  (0.5s)
Round   29/30  coverage=0.6232  prec@K=0.0034  accepted=19  auc=0.2651  uauc=0.7021  loss=nan  (0.5s)
Round   30/30  coverage=0.6237  prec@K=0.0029  accepted=16  auc=0.3001  uauc=0.7932  loss=nan  (0.6s)

结果已写入 results\orchestrator\runs\ir60_constlr5e5_multiseed_bidir\bitcoin_otc\jaccard_s1/rounds.csv
