=== bitcoin_alpha_gnn_s0  started 2026-05-09T21:48:43 ===

C:\conda\envs\gnn\lib\site-packages\requests\__init__.py:86: RequestsDependencyWarning: Unable to find acceptable character detection dependency (chardet or charset_normalizer).
  warnings.warn(
C:\conda\envs\gnn\lib\site-packages\outdated\__init__.py:36: UserWarning: pkg_resources is deprecated as an API. See https://setuptools.pypa.io/en/latest/pkg_resources.html. The pkg_resources package is slated for removal as early as 2025-11-30. Refrain from using this package or pin to Setuptools<81.
  from pkg_resources import parse_version
Round    1/30  coverage=0.6009  prec@K=0.0064  accepted=23  auc=0.3810  uauc=0.6474  loss=0.5765  (5.0s)
Round    2/30  coverage=0.6019  prec@K=0.0067  accepted=24  auc=0.3483  uauc=0.6537  loss=0.5764  (4.2s)
Round    3/30  coverage=0.6029  prec@K=0.0064  accepted=23  auc=0.2415  uauc=0.5490  loss=0.5761  (4.4s)
Round    4/30  coverage=0.6039  prec@K=0.0066  accepted=24  auc=0.2428  uauc=0.7158  loss=0.5759  (4.6s)
Round    5/30  coverage=0.6046  prec@K=0.0052  accepted=19  auc=0.3070  uauc=0.7088  loss=0.5751  (4.4s)
Round    6/30  coverage=0.6053  prec@K=0.0044  accepted=16  auc=0.3381  uauc=0.6151  loss=0.5746  (4.3s)
Round    7/30  coverage=0.6061  prec@K=0.0050  accepted=18  auc=0.1920  uauc=0.5889  loss=0.5746  (4.4s)
Round    8/30  coverage=0.6071  prec@K=0.0070  accepted=25  auc=0.1947  uauc=0.7820  loss=0.5748  (4.7s)
Round    9/30  coverage=0.6080  prec@K=0.0058  accepted=21  auc=0.1779  uauc=0.8090  loss=0.5744  (4.4s)
Round   10/30  coverage=0.6087  prec@K=0.0050  accepted=18  auc=0.2451  uauc=0.6665  loss=0.5737  (4.3s)
Round   11/30  coverage=0.6096  prec@K=0.0061  accepted=22  auc=0.2173  uauc=0.6259  loss=0.5739  (4.8s)
Round   12/30  coverage=0.6103  prec@K=0.0044  accepted=16  auc=0.1758  uauc=0.8415  loss=0.5729  (4.5s)
Round   13/30  coverage=0.6106  prec@K=0.0022  accepted=8  auc=0.3574  uauc=0.6587  loss=0.5724  (4.1s)
Round   14/30  coverage=0.6118  prec@K=0.0084  accepted=30  auc=0.2872  uauc=0.5726  loss=0.5736  (4.9s)
Round   15/30  coverage=0.6125  prec@K=0.0048  accepted=17  auc=0.1984  uauc=0.5718  loss=0.5726  (4.7s)
Round   16/30  coverage=0.6133  prec@K=0.0053  accepted=19  auc=0.4216  uauc=0.6806  loss=0.5722  (4.3s)
Round   17/30  coverage=0.6141  prec@K=0.0050  accepted=18  auc=0.2448  uauc=0.5375  loss=0.5719  (4.5s)
Round   18/30  coverage=0.6144  prec@K=0.0025  accepted=9  auc=0.0779  uauc=0.9012  loss=0.5710  (4.3s)
Round   19/30  coverage=0.6153  prec@K=0.0059  accepted=21  auc=0.1279  uauc=0.6642  loss=0.5716  (4.7s)
Round   20/30  coverage=0.6159  prec@K=0.0037  accepted=13  auc=0.1828  uauc=0.7027  loss=0.5705  (4.8s)
Round   21/30  coverage=0.6167  prec@K=0.0056  accepted=20  auc=0.1728  uauc=0.5037  loss=0.5710  (4.6s)
Round   22/30  coverage=0.6173  prec@K=0.0042  accepted=15  auc=0.1272  uauc=0.5160  loss=0.5704  (4.7s)
Round   23/30  coverage=0.6182  prec@K=0.0062  accepted=22  auc=0.1558  uauc=0.8059  loss=0.5707  (4.6s)
Round   24/30  coverage=0.6185  prec@K=0.0023  accepted=8  auc=0.1643  uauc=0.6632  loss=0.5693  (4.3s)
Round   25/30  coverage=0.6192  prec@K=0.0044  accepted=16  auc=0.3258  uauc=0.8413  loss=0.5695  (4.8s)
Round   26/30  coverage=0.6197  prec@K=0.0031  accepted=11  auc=0.2082  uauc=0.7309  loss=0.5690  (4.2s)
Round   27/30  coverage=0.6203  prec@K=0.0042  accepted=15  auc=0.2101  uauc=0.6306  loss=0.5690  (4.5s)
Round   28/30  coverage=0.6210  prec@K=0.0048  accepted=17  auc=0.2603  uauc=0.7555  loss=0.5691  (4.1s)
Round   29/30  coverage=0.6216  prec@K=0.0045  accepted=16  auc=0.2200  uauc=0.7329  loss=0.5685  (4.6s)
Round   30/30  coverage=0.6224  prec@K=0.0050  accepted=18  auc=0.0956  uauc=0.7331  loss=0.5681  (5.0s)

结果已写入 results\orchestrator\runs\ir60_constlr5e5_multiseed_bidir\bitcoin_alpha\gnn_s0/rounds.csv
