=== college_msg_graphsage_emb_s1  started 2026-05-09T21:45:05 ===

C:\conda\envs\gnn\lib\site-packages\requests\__init__.py:86: RequestsDependencyWarning: Unable to find acceptable character detection dependency (chardet or charset_normalizer).
  warnings.warn(
C:\conda\envs\gnn\lib\site-packages\outdated\__init__.py:36: UserWarning: pkg_resources is deprecated as an API. See https://setuptools.pypa.io/en/latest/pkg_resources.html. The pkg_resources package is slated for removal as early as 2025-11-30. Refrain from using this package or pin to Setuptools<81.
  from pkg_resources import parse_version
Round    1/30  coverage=0.6004  prec@K=0.0043  accepted=8  auc=0.4460  uauc=0.6111  loss=0.6741  (4.1s)
Round    2/30  coverage=0.6009  prec@K=0.0054  accepted=10  auc=0.2623  uauc=0.7284  loss=0.6738  (3.5s)
Round    3/30  coverage=0.6011  prec@K=0.0022  accepted=4  auc=0.3652  uauc=0.3056  loss=0.6733  (3.1s)
Round    4/30  coverage=0.6013  prec@K=0.0027  accepted=5  auc=0.2006  uauc=0.4222  loss=0.6728  (3.2s)
Round    5/30  coverage=0.6016  prec@K=0.0032  accepted=6  auc=0.4419  uauc=0.6389  loss=0.6724  (3.3s)
Round    6/30  coverage=0.6018  prec@K=0.0021  accepted=4  auc=0.2955  uauc=0.5000  loss=0.6722  (3.4s)
Round    7/30  coverage=0.6022  prec@K=0.0043  accepted=8  auc=0.4754  uauc=0.6508  loss=0.6723  (3.1s)
Round    8/30  coverage=0.6025  prec@K=0.0032  accepted=6  auc=0.3463  uauc=0.3704  loss=0.6711  (3.3s)
Round    9/30  coverage=0.6028  prec@K=0.0038  accepted=7  auc=0.3426  uauc=0.5079  loss=0.6713  (3.5s)
Round   10/30  coverage=0.6031  prec@K=0.0027  accepted=5  auc=0.2836  uauc=0.5778  loss=0.6705  (3.3s)
Round   11/30  coverage=0.6033  prec@K=0.0027  accepted=5  auc=0.3852  uauc=0.3333  loss=0.6700  (3.4s)
Round   12/30  coverage=0.6035  prec@K=0.0022  accepted=4  auc=0.3237  uauc=0.4028  loss=0.6700  (3.2s)
Round   13/30  coverage=0.6036  prec@K=0.0011  accepted=2  auc=0.1181  uauc=0.2222  loss=0.6691  (3.3s)
Round   14/30  coverage=0.6039  prec@K=0.0032  accepted=6  auc=0.3657  uauc=0.3704  loss=0.6693  (3.3s)
Round   15/30  coverage=0.6041  prec@K=0.0022  accepted=4  auc=0.1566  uauc=0.5162  loss=0.6688  (3.4s)
Round   16/30  coverage=0.6044  prec@K=0.0027  accepted=5  auc=0.3864  uauc=0.6962  loss=0.6679  (3.1s)
Round   17/30  coverage=0.6046  prec@K=0.0022  accepted=4  auc=0.1214  uauc=0.3148  loss=0.6674  (3.1s)
Round   18/30  coverage=0.6048  prec@K=0.0027  accepted=5  auc=0.1976  uauc=0.7444  loss=0.6671  (3.3s)
Round   19/30  coverage=0.6050  prec@K=0.0021  accepted=4  auc=0.4741  uauc=0.5556  loss=0.6666  (3.3s)
Round   20/30  coverage=0.6052  prec@K=0.0022  accepted=4  auc=0.3588  uauc=0.3889  loss=0.6661  (3.7s)
Round   21/30  coverage=0.6056  prec@K=0.0044  accepted=8  auc=0.2630  uauc=0.4757  loss=0.6661  (3.4s)
Round   22/30  coverage=0.6059  prec@K=0.0032  accepted=6  auc=0.3953  uauc=0.4444  loss=0.6658  (3.6s)
Round   23/30  coverage=0.6061  prec@K=0.0027  accepted=5  auc=0.3017  uauc=0.3889  loss=0.6656  (3.5s)
Round   24/30  coverage=0.6064  prec@K=0.0027  accepted=5  auc=0.2393  uauc=0.2222  loss=0.6647  (3.4s)
Round   25/30  coverage=0.6066  prec@K=0.0027  accepted=5  auc=0.3648  uauc=0.7465  loss=0.6641  (3.4s)
Round   26/30  coverage=0.6068  prec@K=0.0022  accepted=4  auc=0.2925  uauc=0.7778  loss=0.6639  (3.5s)
Round   27/30  coverage=0.6071  prec@K=0.0033  accepted=6  auc=0.2827  uauc=0.6296  loss=0.6633  (3.4s)
Round   28/30  coverage=0.6073  prec@K=0.0016  accepted=3  auc=0.2681  uauc=0.4074  loss=0.6629  (3.7s)
Round   29/30  coverage=0.6075  prec@K=0.0021  accepted=4  auc=0.3351  uauc=0.2500  loss=0.6628  (3.2s)
Round   30/30  coverage=0.6076  prec@K=0.0016  accepted=3  auc=0.1134  uauc=0.2812  loss=0.6618  (3.9s)

结果已写入 results\orchestrator\runs\ir60_constlr5e5_multiseed_bidir\college_msg\graphsage_emb_s1/rounds.csv
