=== college_msg_pa_s2  started 2026-05-09T21:46:48 ===

C:\conda\envs\gnn\lib\site-packages\requests\__init__.py:86: RequestsDependencyWarning: Unable to find acceptable character detection dependency (chardet or charset_normalizer).
  warnings.warn(
C:\conda\envs\gnn\lib\site-packages\outdated\__init__.py:36: UserWarning: pkg_resources is deprecated as an API. See https://setuptools.pypa.io/en/latest/pkg_resources.html. The pkg_resources package is slated for removal as early as 2025-11-30. Refrain from using this package or pin to Setuptools<81.
  from pkg_resources import parse_version
Round    1/30  coverage=0.6011  prec@K=0.0125  accepted=23  auc=0.8076  uauc=0.6247  loss=nan  (0.2s)
Round    2/30  coverage=0.6025  prec@K=0.0156  accepted=29  auc=0.8059  uauc=0.4598  loss=nan  (0.1s)
Round    3/30  coverage=0.6042  prec@K=0.0176  accepted=33  auc=0.8296  uauc=0.5573  loss=nan  (0.1s)
Round    4/30  coverage=0.6055  prec@K=0.0149  accepted=28  auc=0.8504  uauc=0.6164  loss=nan  (0.1s)
Round    5/30  coverage=0.6068  prec@K=0.0134  accepted=25  auc=0.8692  uauc=0.6311  loss=nan  (0.1s)
Round    6/30  coverage=0.6079  prec@K=0.0124  accepted=23  auc=0.7784  uauc=0.5625  loss=nan  (0.1s)
Round    7/30  coverage=0.6092  prec@K=0.0139  accepted=26  auc=0.8135  uauc=0.4507  loss=nan  (0.1s)
Round    8/30  coverage=0.6101  prec@K=0.0103  accepted=19  auc=0.8519  uauc=0.5531  loss=nan  (0.1s)
Round    9/30  coverage=0.6114  prec@K=0.0140  accepted=26  auc=0.8675  uauc=0.4419  loss=nan  (0.1s)
Round   10/30  coverage=0.6123  prec@K=0.0097  accepted=18  auc=0.8034  uauc=0.5723  loss=nan  (0.1s)
Round   11/30  coverage=0.6134  prec@K=0.0120  accepted=22  auc=0.9054  uauc=0.5417  loss=nan  (0.2s)
Round   12/30  coverage=0.6142  prec@K=0.0091  accepted=17  auc=0.8656  uauc=0.6407  loss=nan  (0.1s)
Round   13/30  coverage=0.6152  prec@K=0.0109  accepted=20  auc=0.8510  uauc=0.6017  loss=nan  (0.1s)
Round   14/30  coverage=0.6162  prec@K=0.0107  accepted=20  auc=0.8510  uauc=0.6722  loss=nan  (0.1s)
Round   15/30  coverage=0.6176  prec@K=0.0154  accepted=29  auc=0.8568  uauc=0.5453  loss=nan  (0.1s)
Round   16/30  coverage=0.6189  prec@K=0.0139  accepted=26  auc=0.8305  uauc=0.5075  loss=nan  (0.1s)
Round   17/30  coverage=0.6195  prec@K=0.0070  accepted=13  auc=0.8409  uauc=0.5278  loss=nan  (0.1s)
Round   18/30  coverage=0.6205  prec@K=0.0102  accepted=19  auc=0.8330  uauc=0.5968  loss=nan  (0.1s)
Round   19/30  coverage=0.6210  prec@K=0.0054  accepted=10  auc=0.8483  uauc=0.5424  loss=nan  (0.1s)
Round   20/30  coverage=0.6216  prec@K=0.0075  accepted=14  auc=0.8444  uauc=0.5526  loss=nan  (0.1s)
Round   21/30  coverage=0.6225  prec@K=0.0091  accepted=17  auc=0.8872  uauc=0.4768  loss=nan  (0.2s)
Round   22/30  coverage=0.6235  prec@K=0.0108  accepted=20  auc=0.8963  uauc=0.6397  loss=nan  (0.1s)
Round   23/30  coverage=0.6239  prec@K=0.0042  accepted=8  auc=0.9357  uauc=0.6081  loss=nan  (0.1s)
Round   24/30  coverage=0.6241  prec@K=0.0027  accepted=5  auc=0.8559  uauc=0.7333  loss=nan  (0.1s)
Round   25/30  coverage=0.6248  prec@K=0.0069  accepted=13  auc=0.9155  uauc=0.7309  loss=nan  (0.1s)
Round   26/30  coverage=0.6252  prec@K=0.0053  accepted=10  auc=0.8833  uauc=0.6167  loss=nan  (0.1s)
Round   27/30  coverage=0.6264  prec@K=0.0128  accepted=24  auc=0.8563  uauc=0.5646  loss=nan  (0.1s)
Round   28/30  coverage=0.6274  prec@K=0.0108  accepted=20  auc=0.8360  uauc=0.4282  loss=nan  (0.1s)
Round   29/30  coverage=0.6282  prec@K=0.0082  accepted=15  auc=0.8294  uauc=0.5972  loss=nan  (0.1s)
Round   30/30  coverage=0.6285  prec@K=0.0038  accepted=7  auc=0.8921  uauc=0.5556  loss=nan  (0.1s)

结果已写入 results\orchestrator\runs\ir60_constlr5e5_multiseed_bidir\college_msg\pa_s2/rounds.csv
