=== college_msg_gnn_sum_h8_s3  started 2026-05-09T21:44:48 ===

C:\conda\envs\gnn\lib\site-packages\requests\__init__.py:86: RequestsDependencyWarning: Unable to find acceptable character detection dependency (chardet or charset_normalizer).
  warnings.warn(
C:\conda\envs\gnn\lib\site-packages\outdated\__init__.py:36: UserWarning: pkg_resources is deprecated as an API. See https://setuptools.pypa.io/en/latest/pkg_resources.html. The pkg_resources package is slated for removal as early as 2025-11-30. Refrain from using this package or pin to Setuptools<81.
  from pkg_resources import parse_version
Round    1/30  coverage=0.6022  prec@K=0.0243  accepted=45  auc=0.6195  uauc=0.8935  loss=0.8451  (4.3s)
Round    2/30  coverage=0.6039  prec@K=0.0183  accepted=34  auc=0.6044  uauc=0.8307  loss=0.8471  (3.3s)
Round    3/30  coverage=0.6054  prec@K=0.0166  accepted=31  auc=0.6253  uauc=0.9416  loss=0.8472  (3.1s)
Round    4/30  coverage=0.6080  prec@K=0.0283  accepted=52  auc=0.6190  uauc=0.8616  loss=0.8425  (3.3s)
Round    5/30  coverage=0.6103  prec@K=0.0251  accepted=47  auc=0.6586  uauc=0.9180  loss=0.8438  (3.7s)
Round    6/30  coverage=0.6123  prec@K=0.0219  accepted=41  auc=0.6984  uauc=0.9450  loss=0.8439  (3.5s)
Round    7/30  coverage=0.6140  prec@K=0.0186  accepted=35  auc=0.5751  uauc=0.8377  loss=0.8455  (3.5s)
Round    8/30  coverage=0.6156  prec@K=0.0177  accepted=33  auc=0.5361  uauc=0.9190  loss=0.8463  (3.0s)
Round    9/30  coverage=0.6172  prec@K=0.0167  accepted=31  auc=0.6553  uauc=0.9639  loss=0.8456  (3.1s)
Round   10/30  coverage=0.6186  prec@K=0.0156  accepted=29  auc=0.6143  uauc=0.9426  loss=0.8460  (3.2s)
Round   11/30  coverage=0.6201  prec@K=0.0167  accepted=31  auc=0.5950  uauc=0.8616  loss=0.8447  (3.6s)
Round   12/30  coverage=0.6212  prec@K=0.0112  accepted=21  auc=0.6549  uauc=0.9736  loss=0.8465  (3.2s)
Round   13/30  coverage=0.6223  prec@K=0.0130  accepted=24  auc=0.7178  uauc=0.9141  loss=0.8454  (3.4s)
Round   14/30  coverage=0.6238  prec@K=0.0155  accepted=29  auc=0.6887  uauc=0.9656  loss=0.8445  (3.4s)
Round   15/30  coverage=0.6250  prec@K=0.0133  accepted=25  auc=0.6590  uauc=0.9467  loss=0.8452  (3.4s)
Round   16/30  coverage=0.6270  prec@K=0.0213  accepted=40  auc=0.6457  uauc=0.8824  loss=0.8420  (3.4s)
Round   17/30  coverage=0.6284  prec@K=0.0150  accepted=28  auc=0.6468  uauc=0.8580  loss=0.8434  (3.1s)
Round   18/30  coverage=0.6294  prec@K=0.0118  accepted=22  auc=0.6755  uauc=0.8578  loss=0.8442  (3.3s)
Round   19/30  coverage=0.6307  prec@K=0.0134  accepted=25  auc=0.6876  uauc=0.9071  loss=0.8439  (3.2s)
Round   20/30  coverage=0.6324  prec@K=0.0195  accepted=36  auc=0.6797  uauc=0.8759  loss=0.8409  (3.4s)
Round   21/30  coverage=0.6337  prec@K=0.0139  accepted=26  auc=0.6327  uauc=0.9044  loss=0.8433  (3.3s)
Round   22/30  coverage=0.6355  prec@K=0.0200  accepted=37  auc=0.6479  uauc=0.9125  loss=0.8410  (3.4s)
Round   23/30  coverage=0.6368  prec@K=0.0133  accepted=25  auc=0.6318  uauc=0.9191  loss=0.8433  (3.1s)
Round   24/30  coverage=0.6377  prec@K=0.0097  accepted=18  auc=0.6956  uauc=0.8485  loss=0.8436  (3.2s)
Round   25/30  coverage=0.6390  prec@K=0.0146  accepted=27  auc=0.6446  uauc=0.8873  loss=0.8423  (3.1s)
Round   26/30  coverage=0.6400  prec@K=0.0107  accepted=20  auc=0.6539  uauc=0.8603  loss=0.8432  (3.2s)
Round   27/30  coverage=0.6411  prec@K=0.0122  accepted=23  auc=0.7148  uauc=0.9444  loss=0.8427  (3.5s)
Round   28/30  coverage=0.6420  prec@K=0.0102  accepted=19  auc=0.6314  uauc=0.8942  loss=0.8431  (3.1s)
Round   29/30  coverage=0.6433  prec@K=0.0133  accepted=25  auc=0.7367  uauc=0.8927  loss=0.8413  (3.5s)
Round   30/30  coverage=0.6445  prec@K=0.0135  accepted=25  auc=0.7091  uauc=0.9514  loss=0.8414  (3.3s)

结果已写入 results\orchestrator\runs\ir60_constlr5e5_multiseed_bidir\college_msg\gnn_sum_h8_s3/rounds.csv
