=== college_msg_gnn_sum_s1  started 2026-05-09T21:43:07 ===

C:\conda\envs\gnn\lib\site-packages\requests\__init__.py:86: RequestsDependencyWarning: Unable to find acceptable character detection dependency (chardet or charset_normalizer).
  warnings.warn(
C:\conda\envs\gnn\lib\site-packages\outdated\__init__.py:36: UserWarning: pkg_resources is deprecated as an API. See https://setuptools.pypa.io/en/latest/pkg_resources.html. The pkg_resources package is slated for removal as early as 2025-11-30. Refrain from using this package or pin to Setuptools<81.
  from pkg_resources import parse_version
Round    1/30  coverage=0.6007  prec@K=0.0081  accepted=15  auc=0.3477  uauc=0.7815  loss=0.7162  (4.1s)
Round    2/30  coverage=0.6015  prec@K=0.0086  accepted=16  auc=0.3324  uauc=0.7507  loss=0.7124  (3.7s)
Round    3/30  coverage=0.6022  prec@K=0.0075  accepted=14  auc=0.3189  uauc=0.7817  loss=0.7100  (3.6s)
Round    4/30  coverage=0.6029  prec@K=0.0075  accepted=14  auc=0.3675  uauc=0.7821  loss=0.7076  (3.4s)
Round    5/30  coverage=0.6035  prec@K=0.0069  accepted=13  auc=0.2488  uauc=0.6581  loss=0.7055  (3.3s)
Round    6/30  coverage=0.6045  prec@K=0.0107  accepted=20  auc=0.2875  uauc=0.7102  loss=0.7018  (3.4s)
Round    7/30  coverage=0.6049  prec@K=0.0048  accepted=9  auc=0.3757  uauc=0.8827  loss=0.7008  (3.1s)
Round    8/30  coverage=0.6056  prec@K=0.0070  accepted=13  auc=0.2780  uauc=0.8667  loss=0.6978  (3.3s)
Round    9/30  coverage=0.6064  prec@K=0.0087  accepted=16  auc=0.3048  uauc=0.5748  loss=0.6937  (3.5s)
Round   10/30  coverage=0.6072  prec@K=0.0092  accepted=17  auc=0.2303  uauc=0.8319  loss=0.6910  (3.3s)
Round   11/30  coverage=0.6081  prec@K=0.0103  accepted=19  auc=0.2543  uauc=0.6806  loss=0.6886  (3.5s)
Round   12/30  coverage=0.6089  prec@K=0.0086  accepted=16  auc=0.2359  uauc=0.8110  loss=0.6864  (3.3s)
Round   13/30  coverage=0.6100  prec@K=0.0117  accepted=22  auc=0.2730  uauc=0.6879  loss=0.6837  (3.3s)
Round   14/30  coverage=0.6102  prec@K=0.0021  accepted=4  auc=0.2032  uauc=0.7407  loss=0.6816  (3.2s)
Round   15/30  coverage=0.6107  prec@K=0.0054  accepted=10  auc=0.2977  uauc=0.8086  loss=0.6775  (3.3s)
Round   16/30  coverage=0.6111  prec@K=0.0038  accepted=7  auc=0.2542  uauc=0.8095  loss=0.6769  (3.1s)
Round   17/30  coverage=0.6115  prec@K=0.0054  accepted=10  auc=0.3280  uauc=0.6319  loss=0.6721  (3.2s)
Round   18/30  coverage=0.6119  prec@K=0.0038  accepted=7  auc=0.3046  uauc=0.7877  loss=0.6699  (3.2s)
Round   19/30  coverage=0.6124  prec@K=0.0054  accepted=10  auc=0.3020  uauc=0.8395  loss=0.6671  (3.5s)
Round   20/30  coverage=0.6129  prec@K=0.0054  accepted=10  auc=0.1964  uauc=0.6890  loss=0.6635  (3.5s)
Round   21/30  coverage=0.6134  prec@K=0.0054  accepted=10  auc=0.3596  uauc=0.7496  loss=0.6621  (3.6s)
Round   22/30  coverage=0.6143  prec@K=0.0096  accepted=18  auc=0.3533  uauc=0.8259  loss=0.6565  (3.7s)
Round   23/30  coverage=0.6148  prec@K=0.0059  accepted=11  auc=0.2828  uauc=0.9042  loss=0.6565  (3.5s)
Round   24/30  coverage=0.6157  prec@K=0.0101  accepted=19  auc=0.2524  uauc=0.9052  loss=0.6558  (3.5s)
Round   25/30  coverage=0.6164  prec@K=0.0074  accepted=14  auc=0.3264  uauc=0.8565  loss=0.6525  (3.3s)
Round   26/30  coverage=0.6166  prec@K=0.0016  accepted=3  auc=0.4357  uauc=0.8148  loss=0.6479  (3.3s)
Round   27/30  coverage=0.6172  prec@K=0.0065  accepted=12  auc=0.2788  uauc=0.7797  loss=0.6462  (3.6s)
Round   28/30  coverage=0.6177  prec@K=0.0059  accepted=11  auc=0.2744  uauc=0.8788  loss=0.6436  (3.4s)
Round   29/30  coverage=0.6181  prec@K=0.0038  accepted=7  auc=0.2488  uauc=0.8056  loss=0.6396  (3.4s)
Round   30/30  coverage=0.6186  prec@K=0.0059  accepted=11  auc=0.3248  uauc=0.7284  loss=0.6398  (3.3s)

结果已写入 results\orchestrator\runs\ir60_constlr5e5_multiseed_bidir\college_msg\gnn_sum_s1/rounds.csv
