=== college_msg_jaccard_s2  started 2026-05-09T21:46:34 ===

C:\conda\envs\gnn\lib\site-packages\requests\__init__.py:86: RequestsDependencyWarning: Unable to find acceptable character detection dependency (chardet or charset_normalizer).
  warnings.warn(
C:\conda\envs\gnn\lib\site-packages\outdated\__init__.py:36: UserWarning: pkg_resources is deprecated as an API. See https://setuptools.pypa.io/en/latest/pkg_resources.html. The pkg_resources package is slated for removal as early as 2025-11-30. Refrain from using this package or pin to Setuptools<81.
  from pkg_resources import parse_version
Round    1/30  coverage=0.6006  prec@K=0.0071  accepted=13  auc=0.4206  uauc=0.6973  loss=nan  (0.2s)
Round    2/30  coverage=0.6015  prec@K=0.0102  accepted=19  auc=0.3456  uauc=0.5860  loss=nan  (0.1s)
Round    3/30  coverage=0.6021  prec@K=0.0064  accepted=12  auc=0.3283  uauc=0.4789  loss=nan  (0.1s)
Round    4/30  coverage=0.6028  prec@K=0.0069  accepted=13  auc=0.3199  uauc=0.4809  loss=nan  (0.1s)
Round    5/30  coverage=0.6031  prec@K=0.0037  accepted=7  auc=0.6026  uauc=0.9048  loss=nan  (0.1s)
Round    6/30  coverage=0.6037  prec@K=0.0059  accepted=11  auc=0.3806  uauc=0.5316  loss=nan  (0.1s)
Round    7/30  coverage=0.6044  prec@K=0.0075  accepted=14  auc=0.3832  uauc=0.6539  loss=nan  (0.1s)
Round    8/30  coverage=0.6047  prec@K=0.0043  accepted=8  auc=0.2998  uauc=0.4550  loss=nan  (0.1s)
Round    9/30  coverage=0.6054  prec@K=0.0070  accepted=13  auc=0.4416  uauc=0.6715  loss=nan  (0.1s)
Round   10/30  coverage=0.6058  prec@K=0.0048  accepted=9  auc=0.4747  uauc=0.8116  loss=nan  (0.1s)
Round   11/30  coverage=0.6063  prec@K=0.0054  accepted=10  auc=0.2706  uauc=0.6021  loss=nan  (0.2s)
Round   12/30  coverage=0.6068  prec@K=0.0054  accepted=10  auc=0.3648  uauc=0.6059  loss=nan  (0.1s)
Round   13/30  coverage=0.6074  prec@K=0.0065  accepted=12  auc=0.3257  uauc=0.6497  loss=nan  (0.1s)
Round   14/30  coverage=0.6081  prec@K=0.0070  accepted=13  auc=0.2804  uauc=0.4953  loss=nan  (0.1s)
Round   15/30  coverage=0.6085  prec@K=0.0048  accepted=9  auc=0.3798  uauc=0.5432  loss=nan  (0.1s)
Round   16/30  coverage=0.6089  prec@K=0.0043  accepted=8  auc=0.4022  uauc=0.6508  loss=nan  (0.1s)
Round   17/30  coverage=0.6090  prec@K=0.0016  accepted=3  auc=0.5925  uauc=0.7593  loss=nan  (0.1s)
Round   18/30  coverage=0.6093  prec@K=0.0032  accepted=6  auc=0.3479  uauc=0.7361  loss=nan  (0.1s)
Round   19/30  coverage=0.6098  prec@K=0.0048  accepted=9  auc=0.4340  uauc=0.5938  loss=nan  (0.1s)
Round   20/30  coverage=0.6103  prec@K=0.0054  accepted=10  auc=0.2642  uauc=0.6190  loss=nan  (0.1s)
Round   21/30  coverage=0.6107  prec@K=0.0043  accepted=8  auc=0.3621  uauc=0.4931  loss=nan  (0.2s)
Round   22/30  coverage=0.6110  prec@K=0.0033  accepted=6  auc=0.3952  uauc=0.7685  loss=nan  (0.1s)
Round   23/30  coverage=0.6114  prec@K=0.0042  accepted=8  auc=0.2966  uauc=0.5660  loss=nan  (0.1s)
Round   24/30  coverage=0.6116  prec@K=0.0027  accepted=5  auc=0.4171  uauc=0.6222  loss=nan  (0.1s)
Round   25/30  coverage=0.6120  prec@K=0.0048  accepted=9  auc=0.2713  uauc=0.6757  loss=nan  (0.1s)
Round   26/30  coverage=0.6124  prec@K=0.0037  accepted=7  auc=0.3702  uauc=0.7381  loss=nan  (0.1s)
Round   27/30  coverage=0.6130  prec@K=0.0064  accepted=12  auc=0.2938  uauc=0.5448  loss=nan  (0.1s)
Round   28/30  coverage=0.6132  prec@K=0.0027  accepted=5  auc=0.3576  uauc=0.7111  loss=nan  (0.1s)
Round   29/30  coverage=0.6137  prec@K=0.0049  accepted=9  auc=0.3384  uauc=0.4939  loss=nan  (0.1s)
Round   30/30  coverage=0.6139  prec@K=0.0021  accepted=4  auc=0.3344  uauc=0.3472  loss=nan  (0.1s)

结果已写入 results\orchestrator\runs\ir60_constlr5e5_multiseed_bidir\college_msg\jaccard_s2/rounds.csv
