=== college_msg_pa_s3  started 2026-05-09T21:46:48 ===

C:\conda\envs\gnn\lib\site-packages\requests\__init__.py:86: RequestsDependencyWarning: Unable to find acceptable character detection dependency (chardet or charset_normalizer).
  warnings.warn(
C:\conda\envs\gnn\lib\site-packages\outdated\__init__.py:36: UserWarning: pkg_resources is deprecated as an API. See https://setuptools.pypa.io/en/latest/pkg_resources.html. The pkg_resources package is slated for removal as early as 2025-11-30. Refrain from using this package or pin to Setuptools<81.
  from pkg_resources import parse_version
Round    1/30  coverage=0.6011  prec@K=0.0119  accepted=22  auc=0.8198  uauc=0.4998  loss=nan  (0.2s)
Round    2/30  coverage=0.6020  prec@K=0.0102  accepted=19  auc=0.8185  uauc=0.4718  loss=nan  (0.1s)
Round    3/30  coverage=0.6036  prec@K=0.0177  accepted=33  auc=0.8768  uauc=0.6249  loss=nan  (0.1s)
Round    4/30  coverage=0.6046  prec@K=0.0109  accepted=20  auc=0.9011  uauc=0.5193  loss=nan  (0.1s)
Round    5/30  coverage=0.6059  prec@K=0.0144  accepted=27  auc=0.8439  uauc=0.5627  loss=nan  (0.1s)
Round    6/30  coverage=0.6069  prec@K=0.0102  accepted=19  auc=0.8919  uauc=0.5302  loss=nan  (0.1s)
Round    7/30  coverage=0.6081  prec@K=0.0133  accepted=25  auc=0.7851  uauc=0.5569  loss=nan  (0.1s)
Round    8/30  coverage=0.6092  prec@K=0.0118  accepted=22  auc=0.8380  uauc=0.4112  loss=nan  (0.1s)
Round    9/30  coverage=0.6104  prec@K=0.0130  accepted=24  auc=0.8524  uauc=0.6016  loss=nan  (0.1s)
Round   10/30  coverage=0.6112  prec@K=0.0091  accepted=17  auc=0.9070  uauc=0.6611  loss=nan  (0.1s)
Round   11/30  coverage=0.6123  prec@K=0.0119  accepted=22  auc=0.8911  uauc=0.5865  loss=nan  (0.2s)
Round   12/30  coverage=0.6131  prec@K=0.0086  accepted=16  auc=0.8424  uauc=0.2970  loss=nan  (0.1s)
Round   13/30  coverage=0.6139  prec@K=0.0087  accepted=16  auc=0.8408  uauc=0.5035  loss=nan  (0.1s)
Round   14/30  coverage=0.6150  prec@K=0.0128  accepted=24  auc=0.9000  uauc=0.5847  loss=nan  (0.1s)
Round   15/30  coverage=0.6161  prec@K=0.0117  accepted=22  auc=0.8805  uauc=0.5723  loss=nan  (0.1s)
Round   16/30  coverage=0.6170  prec@K=0.0096  accepted=18  auc=0.8272  uauc=0.5915  loss=nan  (0.1s)
Round   17/30  coverage=0.6175  prec@K=0.0048  accepted=9  auc=0.8446  uauc=0.4753  loss=nan  (0.1s)
Round   18/30  coverage=0.6189  prec@K=0.0161  accepted=30  auc=0.8338  uauc=0.4917  loss=nan  (0.1s)
Round   19/30  coverage=0.6197  prec@K=0.0086  accepted=16  auc=0.8347  uauc=0.4782  loss=nan  (0.1s)
Round   20/30  coverage=0.6212  prec@K=0.0163  accepted=30  auc=0.8802  uauc=0.5633  loss=nan  (0.1s)
Round   21/30  coverage=0.6222  prec@K=0.0112  accepted=21  auc=0.8935  uauc=0.5835  loss=nan  (0.2s)
Round   22/30  coverage=0.6229  prec@K=0.0076  accepted=14  auc=0.8285  uauc=0.5287  loss=nan  (0.1s)
Round   23/30  coverage=0.6236  prec@K=0.0075  accepted=14  auc=0.9202  uauc=0.7082  loss=nan  (0.1s)
Round   24/30  coverage=0.6244  prec@K=0.0086  accepted=16  auc=0.8720  uauc=0.6870  loss=nan  (0.1s)
Round   25/30  coverage=0.6251  prec@K=0.0081  accepted=15  auc=0.8701  uauc=0.5550  loss=nan  (0.1s)
Round   26/30  coverage=0.6258  prec@K=0.0075  accepted=14  auc=0.9344  uauc=0.5705  loss=nan  (0.1s)
Round   27/30  coverage=0.6268  prec@K=0.0106  accepted=20  auc=0.8758  uauc=0.6449  loss=nan  (0.1s)
Round   28/30  coverage=0.6276  prec@K=0.0080  accepted=15  auc=0.8511  uauc=0.6179  loss=nan  (0.1s)
Round   29/30  coverage=0.6278  prec@K=0.0027  accepted=5  auc=0.8078  uauc=0.4333  loss=nan  (0.1s)
Round   30/30  coverage=0.6286  prec@K=0.0086  accepted=16  auc=0.9157  uauc=0.5374  loss=nan  (0.1s)

结果已写入 results\orchestrator\runs\ir60_constlr5e5_multiseed_bidir\college_msg\pa_s3/rounds.csv
