=== college_msg_aa_s1  started 2026-05-09T21:37:23 ===

C:\conda\envs\gnn\lib\site-packages\requests\__init__.py:86: RequestsDependencyWarning: Unable to find acceptable character detection dependency (chardet or charset_normalizer).
  warnings.warn(
C:\conda\envs\gnn\lib\site-packages\outdated\__init__.py:36: UserWarning: pkg_resources is deprecated as an API. See https://setuptools.pypa.io/en/latest/pkg_resources.html. The pkg_resources package is slated for removal as early as 2025-11-30. Refrain from using this package or pin to Setuptools<81.
  from pkg_resources import parse_version
Round    1/30  coverage=0.6011  prec@K=0.0118  accepted=22  auc=0.7474  uauc=0.5515  loss=nan  (0.3s)
Round    2/30  coverage=0.6025  prec@K=0.0156  accepted=29  auc=0.8464  uauc=0.7109  loss=nan  (0.1s)
Round    3/30  coverage=0.6034  prec@K=0.0097  accepted=18  auc=0.8491  uauc=0.6076  loss=nan  (0.1s)
Round    4/30  coverage=0.6041  prec@K=0.0075  accepted=14  auc=0.6845  uauc=0.4470  loss=nan  (0.1s)
Round    5/30  coverage=0.6055  prec@K=0.0159  accepted=30  auc=0.8388  uauc=0.6009  loss=nan  (0.1s)
Round    6/30  coverage=0.6064  prec@K=0.0097  accepted=18  auc=0.8436  uauc=0.5402  loss=nan  (0.1s)
Round    7/30  coverage=0.6073  prec@K=0.0097  accepted=18  auc=0.8769  uauc=0.5975  loss=nan  (0.1s)
Round    8/30  coverage=0.6085  prec@K=0.0129  accepted=24  auc=0.7908  uauc=0.4805  loss=nan  (0.1s)
Round    9/30  coverage=0.6097  prec@K=0.0130  accepted=24  auc=0.7242  uauc=0.4571  loss=nan  (0.2s)
Round   10/30  coverage=0.6106  prec@K=0.0097  accepted=18  auc=0.7247  uauc=0.4718  loss=nan  (0.1s)
Round   11/30  coverage=0.6118  prec@K=0.0136  accepted=25  auc=0.8279  uauc=0.5201  loss=nan  (0.3s)
Round   12/30  coverage=0.6125  prec@K=0.0081  accepted=15  auc=0.8625  uauc=0.7332  loss=nan  (0.1s)
Round   13/30  coverage=0.6131  prec@K=0.0064  accepted=12  auc=0.8684  uauc=0.6000  loss=nan  (0.1s)
Round   14/30  coverage=0.6140  prec@K=0.0096  accepted=18  auc=0.8228  uauc=0.6528  loss=nan  (0.1s)
Round   15/30  coverage=0.6146  prec@K=0.0059  accepted=11  auc=0.6974  uauc=0.5455  loss=nan  (0.1s)
Round   16/30  coverage=0.6153  prec@K=0.0080  accepted=15  auc=0.8623  uauc=0.5664  loss=nan  (0.1s)
Round   17/30  coverage=0.6164  prec@K=0.0119  accepted=22  auc=0.8334  uauc=0.5624  loss=nan  (0.1s)
Round   18/30  coverage=0.6174  prec@K=0.0108  accepted=20  auc=0.7833  uauc=0.5660  loss=nan  (0.2s)
Round   19/30  coverage=0.6185  prec@K=0.0129  accepted=24  auc=0.7741  uauc=0.5987  loss=nan  (0.2s)
Round   20/30  coverage=0.6194  prec@K=0.0097  accepted=18  auc=0.7972  uauc=0.5838  loss=nan  (0.1s)
Round   21/30  coverage=0.6204  prec@K=0.0103  accepted=19  auc=0.7738  uauc=0.5408  loss=nan  (0.3s)
Round   22/30  coverage=0.6213  prec@K=0.0096  accepted=18  auc=0.7894  uauc=0.5128  loss=nan  (0.2s)
Round   23/30  coverage=0.6219  prec@K=0.0069  accepted=13  auc=0.8569  uauc=0.4873  loss=nan  (0.2s)
Round   24/30  coverage=0.6227  prec@K=0.0085  accepted=16  auc=0.8944  uauc=0.5827  loss=nan  (0.1s)
Round   25/30  coverage=0.6234  prec@K=0.0074  accepted=14  auc=0.8090  uauc=0.5000  loss=nan  (0.2s)
Round   26/30  coverage=0.6242  prec@K=0.0086  accepted=16  auc=0.8487  uauc=0.6801  loss=nan  (0.2s)
Round   27/30  coverage=0.6248  prec@K=0.0070  accepted=13  auc=0.8446  uauc=0.6198  loss=nan  (0.2s)
Round   28/30  coverage=0.6254  prec@K=0.0065  accepted=12  auc=0.8453  uauc=0.4653  loss=nan  (0.1s)
Round   29/30  coverage=0.6262  prec@K=0.0091  accepted=17  auc=0.8297  uauc=0.4908  loss=nan  (0.1s)
Round   30/30  coverage=0.6265  prec@K=0.0027  accepted=5  auc=0.7547  uauc=0.5000  loss=nan  (0.1s)

结果已写入 results\orchestrator\runs\ir60_constlr5e5_multiseed_bidir\college_msg\aa_s1/rounds.csv
