=== dnc_email_gnn_concat_s0  started 2026-05-09T21:33:17 ===

C:\conda\envs\gnn\lib\site-packages\requests\__init__.py:86: RequestsDependencyWarning: Unable to find acceptable character detection dependency (chardet or charset_normalizer).
  warnings.warn(
C:\conda\envs\gnn\lib\site-packages\outdated\__init__.py:36: UserWarning: pkg_resources is deprecated as an API. See https://setuptools.pypa.io/en/latest/pkg_resources.html. The pkg_resources package is slated for removal as early as 2025-11-30. Refrain from using this package or pin to Setuptools<81.
  from pkg_resources import parse_version
Round    1/30  coverage=0.6009  prec@K=0.0028  accepted=5  auc=0.7564  uauc=0.8125  loss=0.6882  (2.4s)
Round    2/30  coverage=0.6020  prec@K=0.0033  accepted=6  auc=0.5208  uauc=0.7403  loss=0.6864  (1.3s)
Round    3/30  coverage=0.6025  prec@K=0.0017  accepted=3  auc=0.2850  uauc=0.7222  loss=0.6850  (1.4s)
Round    4/30  coverage=0.6030  prec@K=0.0017  accepted=3  auc=0.9708  uauc=1.0000  loss=0.6828  (1.3s)
Round    5/30  coverage=0.6043  prec@K=0.0039  accepted=7  auc=0.0898  uauc=0.6275  loss=0.6786  (1.5s)
Round    6/30  coverage=0.6049  prec@K=0.0017  accepted=3  auc=0.3138  uauc=0.4630  loss=0.6774  (1.4s)
Round    7/30  coverage=0.6074  prec@K=0.0078  accepted=14  auc=0.4430  uauc=0.8908  loss=0.6751  (1.5s)
Round    8/30  coverage=0.6087  prec@K=0.0039  accepted=7  auc=0.4930  uauc=0.7857  loss=0.6736  (1.3s)
Round    9/30  coverage=0.6098  prec@K=0.0033  accepted=6  auc=0.5093  uauc=0.9259  loss=0.6706  (1.6s)
Round   10/30  coverage=0.6105  prec@K=0.0022  accepted=4  auc=0.5146  uauc=0.8681  loss=0.6683  (1.5s)
Round   11/30  coverage=0.6114  prec@K=0.0027  accepted=5  auc=0.2216  uauc=0.8333  loss=0.6660  (1.6s)
Round   12/30  coverage=0.6121  prec@K=0.0022  accepted=4  auc=0.5750  uauc=0.8750  loss=0.6645  (1.5s)
Round   13/30  coverage=0.6130  prec@K=0.0028  accepted=5  auc=0.2427  uauc=0.8394  loss=0.6598  (1.6s)
Round   14/30  coverage=0.6146  prec@K=0.0050  accepted=9  auc=0.2347  uauc=0.9191  loss=0.6604  (1.4s)
Round   15/30  coverage=0.6146  prec@K=0.0000  accepted=0  loss=0.6576  (1.4s)
Round   16/30  coverage=0.6152  prec@K=0.0017  accepted=3  auc=0.1507  uauc=0.6111  loss=0.6540  (1.5s)
Round   17/30  coverage=0.6152  prec@K=0.0000  accepted=0  loss=0.6519  (1.4s)
Round   18/30  coverage=0.6161  prec@K=0.0027  accepted=5  auc=0.1536  uauc=0.6389  loss=0.6501  (1.5s)
Round   19/30  coverage=0.6174  prec@K=0.0039  accepted=7  auc=0.1264  uauc=0.8611  loss=0.6471  (1.5s)
Round   20/30  coverage=0.6181  prec@K=0.0022  accepted=4  auc=0.5882  uauc=0.6389  loss=0.6454  (1.5s)
Round   21/30  coverage=0.6181  prec@K=0.0000  accepted=0  loss=0.6403  (1.6s)
Round   22/30  coverage=0.6185  prec@K=0.0011  accepted=2  auc=0.2172  uauc=0.3750  loss=0.6379  (1.6s)
Round   23/30  coverage=0.6199  prec@K=0.0044  accepted=8  auc=0.2099  uauc=0.8958  loss=0.6374  (1.6s)
Round   24/30  coverage=0.6208  prec@K=0.0028  accepted=5  auc=0.1191  uauc=0.4778  loss=0.6346  (1.5s)
Round   25/30  coverage=0.6208  prec@K=0.0000  accepted=0  loss=0.6308  (1.6s)
Round   26/30  coverage=0.6210  prec@K=0.0006  accepted=1  auc=0.8454  uauc=0.5000  loss=0.6288  (1.6s)
Round   27/30  coverage=0.6214  prec@K=0.0011  accepted=2  auc=0.1943  uauc=0.5833  loss=0.6275  (1.5s)
Round   28/30  coverage=0.6215  prec@K=0.0005  accepted=1  auc=0.5033  uauc=1.0000  loss=0.6228  (1.6s)
Round   29/30  coverage=0.6221  prec@K=0.0016  accepted=3  auc=0.2187  uauc=0.7188  loss=0.6245  (1.4s)
Round   30/30  coverage=0.6221  prec@K=0.0000  accepted=0  loss=0.6185  (1.6s)

结果已写入 results\orchestrator\runs\ir60_constlr5e5_multiseed_bidir\dnc_email\gnn_concat_s0/rounds.csv
