=== dnc_email_seal_s0  started 2026-05-09T21:37:11 ===

C:\conda\envs\gnn\lib\site-packages\requests\__init__.py:86: RequestsDependencyWarning: Unable to find acceptable character detection dependency (chardet or charset_normalizer).
  warnings.warn(
C:\conda\envs\gnn\lib\site-packages\outdated\__init__.py:36: UserWarning: pkg_resources is deprecated as an API. See https://setuptools.pypa.io/en/latest/pkg_resources.html. The pkg_resources package is slated for removal as early as 2025-11-30. Refrain from using this package or pin to Setuptools<81.
  from pkg_resources import parse_version
Round    1/30  coverage=0.6036  prec@K=0.0112  accepted=20  auc=0.8775  uauc=0.6115  loss=0.6428  (2.4s)
Round    2/30  coverage=0.6072  prec@K=0.0111  accepted=20  auc=0.8968  uauc=0.5720  loss=0.6416  (1.4s)
Round    3/30  coverage=0.6092  prec@K=0.0061  accepted=11  auc=0.9468  uauc=0.7437  loss=0.6407  (1.4s)
Round    4/30  coverage=0.6123  prec@K=0.0094  accepted=17  auc=0.9351  uauc=0.6806  loss=0.6404  (1.3s)
Round    5/30  coverage=0.6154  prec@K=0.0094  accepted=17  auc=0.9343  uauc=0.8047  loss=0.6403  (1.6s)
Round    6/30  coverage=0.6175  prec@K=0.0067  accepted=12  auc=0.9100  uauc=0.6520  loss=0.6392  (1.4s)
Round    7/30  coverage=0.6203  prec@K=0.0083  accepted=15  auc=0.7919  uauc=0.6761  loss=0.6398  (1.5s)
Round    8/30  coverage=0.6219  prec@K=0.0050  accepted=9  auc=0.9468  uauc=0.6304  loss=0.6381  (1.3s)
Round    9/30  coverage=0.6259  prec@K=0.0122  accepted=22  auc=0.8349  uauc=0.6762  loss=0.6389  (1.6s)
Round   10/30  coverage=0.6279  prec@K=0.0061  accepted=11  auc=0.8108  uauc=0.7169  loss=0.6374  (1.5s)
Round   11/30  coverage=0.6301  prec@K=0.0066  accepted=12  auc=0.6366  uauc=0.5856  loss=0.6376  (1.5s)
Round   12/30  coverage=0.6313  prec@K=0.0039  accepted=7  auc=0.5935  uauc=0.7540  loss=0.6363  (1.5s)
Round   13/30  coverage=0.6339  prec@K=0.0077  accepted=14  auc=0.8139  uauc=0.8835  loss=0.6365  (1.7s)
Round   14/30  coverage=0.6362  prec@K=0.0072  accepted=13  auc=0.7187  uauc=0.6887  loss=0.6365  (1.4s)
Round   15/30  coverage=0.6362  prec@K=0.0000  accepted=0  loss=0.6351  (1.4s)
Round   16/30  coverage=0.6373  prec@K=0.0033  accepted=6  auc=0.4138  uauc=0.6687  loss=0.6348  (1.5s)
Round   17/30  coverage=0.6382  prec@K=0.0027  accepted=5  auc=0.8920  uauc=0.6889  loss=0.6351  (1.5s)
Round   18/30  coverage=0.6400  prec@K=0.0055  accepted=10  auc=0.6293  uauc=0.4815  loss=0.6348  (1.5s)
Round   19/30  coverage=0.6409  prec@K=0.0028  accepted=5  auc=0.8277  uauc=0.4778  loss=0.6333  (1.6s)
Round   20/30  coverage=0.6420  prec@K=0.0033  accepted=6  auc=0.6647  uauc=0.4722  loss=0.6336  (1.5s)
Round   21/30  coverage=0.6435  prec@K=0.0044  accepted=8  auc=0.3914  uauc=0.6138  loss=0.6333  (1.7s)
Round   22/30  coverage=0.6447  prec@K=0.0039  accepted=7  auc=0.2472  uauc=0.5040  loss=0.6324  (1.6s)
Round   23/30  coverage=0.6462  prec@K=0.0044  accepted=8  auc=0.5073  uauc=0.7698  loss=0.6328  (1.6s)
Round   24/30  coverage=0.6471  prec@K=0.0028  accepted=5  auc=0.5813  uauc=0.5111  loss=0.6317  (1.6s)
Round   25/30  coverage=0.6493  prec@K=0.0067  accepted=12  auc=0.2620  uauc=0.6910  loss=0.6306  (1.6s)
Round   26/30  coverage=0.6496  prec@K=0.0011  accepted=2  auc=0.2788  uauc=0.3611  loss=0.6295  (1.5s)
Round   27/30  coverage=0.6505  prec@K=0.0027  accepted=5  auc=0.2033  uauc=0.8750  loss=0.6309  (1.5s)
Round   28/30  coverage=0.6511  prec@K=0.0016  accepted=3  auc=0.2814  uauc=0.3148  loss=0.6295  (1.7s)
Round   29/30  coverage=0.6518  prec@K=0.0022  accepted=4  auc=0.5040  uauc=0.5880  loss=0.6300  (1.4s)
Round   30/30  coverage=0.6527  prec@K=0.0027  accepted=5  auc=0.3782  uauc=0.7130  loss=0.6278  (1.6s)

结果已写入 results\orchestrator\runs\ir60_constlr5e5_multiseed_bidir\dnc_email\seal_s0/rounds.csv
