=== dnc_email_gnn_sum_h8_s1  started 2026-05-09T21:35:42 ===

C:\conda\envs\gnn\lib\site-packages\requests\__init__.py:86: RequestsDependencyWarning: Unable to find acceptable character detection dependency (chardet or charset_normalizer).
  warnings.warn(
C:\conda\envs\gnn\lib\site-packages\outdated\__init__.py:36: UserWarning: pkg_resources is deprecated as an API. See https://setuptools.pypa.io/en/latest/pkg_resources.html. The pkg_resources package is slated for removal as early as 2025-11-30. Refrain from using this package or pin to Setuptools<81.
  from pkg_resources import parse_version
Round    1/30  coverage=0.6011  prec@K=0.0033  accepted=6  auc=0.3604  uauc=0.6171  loss=0.8027  (2.3s)
Round    2/30  coverage=0.6030  prec@K=0.0061  accepted=11  auc=0.4686  uauc=0.6689  loss=0.8022  (1.6s)
Round    3/30  coverage=0.6040  prec@K=0.0028  accepted=5  auc=0.5685  uauc=0.6094  loss=0.8018  (1.3s)
Round    4/30  coverage=0.6045  prec@K=0.0017  accepted=3  auc=0.8346  uauc=0.9444  loss=0.8022  (1.3s)
Round    5/30  coverage=0.6074  prec@K=0.0089  accepted=16  auc=0.5729  uauc=0.8485  loss=0.8001  (1.5s)
Round    6/30  coverage=0.6079  prec@K=0.0016  accepted=3  auc=0.8409  uauc=0.9630  loss=0.8012  (1.4s)
Round    7/30  coverage=0.6088  prec@K=0.0028  accepted=5  auc=0.6360  uauc=0.7726  loss=0.8015  (1.5s)
Round    8/30  coverage=0.6098  prec@K=0.0028  accepted=5  auc=0.5716  uauc=0.8000  loss=0.7993  (1.5s)
Round    9/30  coverage=0.6112  prec@K=0.0044  accepted=8  auc=0.6497  uauc=0.7639  loss=0.7991  (1.4s)
Round   10/30  coverage=0.6123  prec@K=0.0033  accepted=6  auc=0.4071  uauc=0.9625  loss=0.8005  (1.6s)
Round   11/30  coverage=0.6128  prec@K=0.0017  accepted=3  auc=0.4058  uauc=0.7593  loss=0.7999  (1.6s)
Round   12/30  coverage=0.6141  prec@K=0.0038  accepted=7  auc=0.4957  uauc=0.6528  loss=0.7989  (1.6s)
Round   13/30  coverage=0.6146  prec@K=0.0017  accepted=3  auc=0.5503  uauc=0.6000  loss=0.8000  (1.5s)
Round   14/30  coverage=0.6154  prec@K=0.0023  accepted=4  auc=0.4578  uauc=0.9630  loss=0.7985  (1.6s)
Round   15/30  coverage=0.6154  prec@K=0.0000  accepted=0  loss=0.7991  (1.3s)
Round   16/30  coverage=0.6161  prec@K=0.0022  accepted=4  auc=0.5432  uauc=0.7593  loss=0.7982  (1.5s)
Round   17/30  coverage=0.6165  prec@K=0.0011  accepted=2  auc=0.6088  uauc=0.4444  loss=0.7991  (1.5s)
Round   18/30  coverage=0.6170  prec@K=0.0017  accepted=3  auc=0.5516  uauc=0.9444  loss=0.7982  (1.5s)
Round   19/30  coverage=0.6181  prec@K=0.0033  accepted=6  auc=0.6116  uauc=0.8079  loss=0.7980  (1.7s)
Round   20/30  coverage=0.6186  prec@K=0.0016  accepted=3  auc=0.2112  uauc=0.8733  loss=0.7977  (1.6s)
Round   21/30  coverage=0.6192  prec@K=0.0017  accepted=3  auc=0.3458  uauc=0.9286  loss=0.7965  (1.4s)
Round   22/30  coverage=0.6199  prec@K=0.0022  accepted=4  auc=0.5355  uauc=0.7083  loss=0.7965  (1.4s)
Round   23/30  coverage=0.6215  prec@K=0.0050  accepted=9  auc=0.4646  uauc=0.7014  loss=0.7954  (1.6s)
Round   24/30  coverage=0.6219  prec@K=0.0011  accepted=2  auc=0.2835  uauc=0.8889  loss=0.7968  (1.6s)
Round   25/30  coverage=0.6233  prec@K=0.0044  accepted=8  auc=0.6271  uauc=0.6806  loss=0.7955  (1.6s)
Round   26/30  coverage=0.6241  prec@K=0.0022  accepted=4  auc=0.5725  uauc=0.7500  loss=0.7953  (1.4s)
Round   27/30  coverage=0.6241  prec@K=0.0000  accepted=0  loss=0.7966  (1.5s)
Round   28/30  coverage=0.6244  prec@K=0.0011  accepted=2  auc=0.7018  uauc=0.8333  loss=0.7954  (1.4s)
Round   29/30  coverage=0.6252  prec@K=0.0022  accepted=4  auc=0.3678  uauc=0.7917  loss=0.7952  (1.6s)
Round   30/30  coverage=0.6252  prec@K=0.0000  accepted=0  loss=0.7948  (1.5s)

结果已写入 results\orchestrator\runs\ir60_constlr5e5_multiseed_bidir\dnc_email\gnn_sum_h8_s1/rounds.csv
