=== dnc_email_aa_s42  started 2026-05-09T21:31:55 ===

C:\conda\envs\gnn\lib\site-packages\requests\__init__.py:86: RequestsDependencyWarning: Unable to find acceptable character detection dependency (chardet or charset_normalizer).
  warnings.warn(
C:\conda\envs\gnn\lib\site-packages\outdated\__init__.py:36: UserWarning: pkg_resources is deprecated as an API. See https://setuptools.pypa.io/en/latest/pkg_resources.html. The pkg_resources package is slated for removal as early as 2025-11-30. Refrain from using this package or pin to Setuptools<81.
  from pkg_resources import parse_version
Round    1/30  coverage=0.6050  prec@K=0.0154  accepted=28  auc=0.9320  uauc=0.7744  loss=nan  (0.1s)
Round    2/30  coverage=0.6094  prec@K=0.0132  accepted=24  auc=0.9246  uauc=0.6729  loss=nan  (0.1s)
Round    3/30  coverage=0.6141  prec@K=0.0143  accepted=26  auc=0.9687  uauc=0.6979  loss=nan  (0.1s)
Round    4/30  coverage=0.6188  prec@K=0.0142  accepted=26  auc=0.9314  uauc=0.7958  loss=nan  (0.1s)
Round    5/30  coverage=0.6203  prec@K=0.0045  accepted=8  auc=0.9406  uauc=0.7168  loss=nan  (0.1s)
Round    6/30  coverage=0.6248  prec@K=0.0138  accepted=25  auc=0.9634  uauc=0.6890  loss=nan  (0.1s)
Round    7/30  coverage=0.6290  prec@K=0.0127  accepted=23  auc=0.9336  uauc=0.6599  loss=nan  (0.1s)
Round    8/30  coverage=0.6335  prec@K=0.0137  accepted=25  auc=0.9529  uauc=0.5918  loss=nan  (0.1s)
Round    9/30  coverage=0.6375  prec@K=0.0124  accepted=22  auc=0.9625  uauc=0.7214  loss=nan  (0.1s)
Round   10/30  coverage=0.6393  prec@K=0.0055  accepted=10  auc=0.9655  uauc=0.7886  loss=nan  (0.1s)
Round   11/30  coverage=0.6426  prec@K=0.0099  accepted=18  auc=0.9743  uauc=0.6892  loss=nan  (0.1s)
Round   12/30  coverage=0.6464  prec@K=0.0116  accepted=21  auc=0.9469  uauc=0.5944  loss=nan  (0.1s)
Round   13/30  coverage=0.6504  prec@K=0.0120  accepted=22  auc=0.9796  uauc=0.8542  loss=nan  (0.1s)
Round   14/30  coverage=0.6534  prec@K=0.0094  accepted=17  auc=0.9588  uauc=0.7790  loss=nan  (0.1s)
Round   15/30  coverage=0.6571  prec@K=0.0110  accepted=20  auc=0.9737  uauc=0.6700  loss=nan  (0.1s)
Round   16/30  coverage=0.6592  prec@K=0.0067  accepted=12  auc=0.9475  uauc=0.6368  loss=nan  (0.1s)
Round   17/30  coverage=0.6629  prec@K=0.0113  accepted=20  auc=0.9512  uauc=0.6786  loss=nan  (0.1s)
Round   18/30  coverage=0.6659  prec@K=0.0094  accepted=17  auc=0.9652  uauc=0.7108  loss=nan  (0.1s)
Round   19/30  coverage=0.6674  prec@K=0.0044  accepted=8  auc=0.9682  uauc=0.6597  loss=nan  (0.1s)
Round   20/30  coverage=0.6687  prec@K=0.0039  accepted=7  auc=0.9078  uauc=0.6470  loss=nan  (0.1s)
Round   21/30  coverage=0.6708  prec@K=0.0066  accepted=12  auc=0.8845  uauc=0.7033  loss=nan  (0.2s)
Round   22/30  coverage=0.6730  prec@K=0.0067  accepted=12  auc=0.9772  uauc=0.7745  loss=nan  (0.1s)
Round   23/30  coverage=0.6757  prec@K=0.0083  accepted=15  auc=0.9817  uauc=0.7648  loss=nan  (0.1s)
Round   24/30  coverage=0.6774  prec@K=0.0049  accepted=9  auc=0.9735  uauc=0.7321  loss=nan  (0.1s)
Round   25/30  coverage=0.6786  prec@K=0.0039  accepted=7  auc=0.9527  uauc=0.6810  loss=nan  (0.1s)
Round   26/30  coverage=0.6810  prec@K=0.0071  accepted=13  auc=0.9770  uauc=0.6876  loss=nan  (0.1s)
Round   27/30  coverage=0.6823  prec@K=0.0039  accepted=7  auc=0.9408  uauc=0.3049  loss=nan  (0.1s)
Round   28/30  coverage=0.6835  prec@K=0.0038  accepted=7  auc=0.9735  uauc=0.6222  loss=nan  (0.2s)
Round   29/30  coverage=0.6864  prec@K=0.0089  accepted=16  auc=0.9314  uauc=0.6879  loss=nan  (0.2s)
Round   30/30  coverage=0.6890  prec@K=0.0077  accepted=14  auc=0.9666  uauc=0.7050  loss=nan  (0.1s)

结果已写入 results\orchestrator\runs\ir60_constlr5e5_multiseed_bidir\dnc_email\aa_s42/rounds.csv
