=== dnc_email_gat_emb_s2  started 2026-05-09T21:32:14 ===

C:\conda\envs\gnn\lib\site-packages\requests\__init__.py:86: RequestsDependencyWarning: Unable to find acceptable character detection dependency (chardet or charset_normalizer).
  warnings.warn(
C:\conda\envs\gnn\lib\site-packages\outdated\__init__.py:36: UserWarning: pkg_resources is deprecated as an API. See https://setuptools.pypa.io/en/latest/pkg_resources.html. The pkg_resources package is slated for removal as early as 2025-11-30. Refrain from using this package or pin to Setuptools<81.
  from pkg_resources import parse_version
Round    1/30  coverage=0.6011  prec@K=0.0034  accepted=6  auc=0.3461  uauc=0.6944  loss=0.6850  (2.4s)
Round    2/30  coverage=0.6023  prec@K=0.0039  accepted=7  auc=0.2562  uauc=0.4603  loss=0.6846  (1.6s)
Round    3/30  coverage=0.6034  prec@K=0.0033  accepted=6  auc=0.0914  uauc=0.5767  loss=0.6846  (1.4s)
Round    4/30  coverage=0.6047  prec@K=0.0039  accepted=7  auc=0.3000  uauc=0.6736  loss=0.6845  (1.4s)
Round    5/30  coverage=0.6056  prec@K=0.0028  accepted=5  auc=0.1803  uauc=0.7179  loss=0.6842  (1.5s)
Round    6/30  coverage=0.6065  prec@K=0.0028  accepted=5  auc=0.2728  uauc=0.6000  loss=0.6840  (1.4s)
Round    7/30  coverage=0.6070  prec@K=0.0017  accepted=3  auc=0.3421  uauc=0.7222  loss=0.6838  (1.4s)
Round    8/30  coverage=0.6076  prec@K=0.0016  accepted=3  auc=0.2289  uauc=0.9630  loss=0.6837  (1.7s)
Round    9/30  coverage=0.6083  prec@K=0.0022  accepted=4  auc=0.1904  uauc=0.4861  loss=0.6833  (1.6s)
Round   10/30  coverage=0.6083  prec@K=0.0000  accepted=0  loss=0.6835  (1.4s)
Round   11/30  coverage=0.6088  prec@K=0.0017  accepted=3  auc=0.1588  uauc=0.7222  loss=0.6831  (1.6s)
Round   12/30  coverage=0.6088  prec@K=0.0000  accepted=0  loss=0.6833  (1.5s)
Round   13/30  coverage=0.6090  prec@K=0.0006  accepted=1  auc=0.1458  uauc=0.8889  loss=0.6830  (1.5s)
Round   14/30  coverage=0.6092  prec@K=0.0005  accepted=1  auc=0.1498  uauc=0.0000  loss=0.6828  (1.5s)
Round   15/30  coverage=0.6101  prec@K=0.0028  accepted=5  auc=0.2833  uauc=0.6778  loss=0.6825  (1.6s)
Round   16/30  coverage=0.6105  prec@K=0.0011  accepted=2  auc=0.1458  uauc=0.6111  loss=0.6824  (1.6s)
Round   17/30  coverage=0.6112  prec@K=0.0022  accepted=4  auc=0.1370  uauc=0.5238  loss=0.6824  (1.4s)
Round   18/30  coverage=0.6112  prec@K=0.0000  accepted=0  loss=0.6821  (1.5s)
Round   19/30  coverage=0.6119  prec@K=0.0022  accepted=4  auc=0.0942  uauc=0.7143  loss=0.6820  (1.5s)
Round   20/30  coverage=0.6136  prec@K=0.0050  accepted=9  auc=0.0838  uauc=0.7271  loss=0.6819  (1.5s)
Round   21/30  coverage=0.6154  prec@K=0.0055  accepted=10  auc=0.1936  uauc=0.7977  loss=0.6816  (1.7s)
Round   22/30  coverage=0.6157  prec@K=0.0011  accepted=2  auc=0.1182  uauc=0.7222  loss=0.6812  (1.7s)
Round   23/30  coverage=0.6166  prec@K=0.0028  accepted=5  auc=0.2736  uauc=0.8316  loss=0.6813  (1.7s)
Round   24/30  coverage=0.6174  prec@K=0.0022  accepted=4  auc=0.1166  uauc=0.3750  loss=0.6813  (1.4s)
Round   25/30  coverage=0.6174  prec@K=0.0000  accepted=0  loss=0.6809  (1.6s)
Round   26/30  coverage=0.6175  prec@K=0.0006  accepted=1  auc=0.5841  uauc=0.5000  loss=0.6808  (1.5s)
Round   27/30  coverage=0.6177  prec@K=0.0005  accepted=1  auc=0.2326  uauc=0.3333  loss=0.6804  (1.6s)
Round   28/30  coverage=0.6183  prec@K=0.0016  accepted=3  auc=0.1502  uauc=0.6875  loss=0.6805  (1.6s)
Round   29/30  coverage=0.6185  prec@K=0.0006  accepted=1  auc=0.0967  uauc=1.0000  loss=0.6804  (1.5s)
Round   30/30  coverage=0.6188  prec@K=0.0011  accepted=2  auc=0.1538  uauc=1.0000  loss=0.6804  (1.5s)

结果已写入 results\orchestrator\runs\ir60_constlr5e5_multiseed_bidir\dnc_email\gat_emb_s2/rounds.csv
