=== dnc_email_gnn_concat_s3  started 2026-05-09T21:33:57 ===

C:\conda\envs\gnn\lib\site-packages\requests\__init__.py:86: RequestsDependencyWarning: Unable to find acceptable character detection dependency (chardet or charset_normalizer).
  warnings.warn(
C:\conda\envs\gnn\lib\site-packages\outdated\__init__.py:36: UserWarning: pkg_resources is deprecated as an API. See https://setuptools.pypa.io/en/latest/pkg_resources.html. The pkg_resources package is slated for removal as early as 2025-11-30. Refrain from using this package or pin to Setuptools<81.
  from pkg_resources import parse_version
Round    1/30  coverage=0.6030  prec@K=0.0094  accepted=17  auc=0.8194  uauc=0.5715  loss=0.5975  (2.3s)
Round    2/30  coverage=0.6050  prec@K=0.0061  accepted=11  auc=0.8381  uauc=0.9394  loss=0.5928  (1.4s)
Round    3/30  coverage=0.6083  prec@K=0.0098  accepted=18  auc=0.7922  uauc=0.7926  loss=0.5916  (1.6s)
Round    4/30  coverage=0.6108  prec@K=0.0077  accepted=14  auc=0.7524  uauc=0.8185  loss=0.5877  (1.4s)
Round    5/30  coverage=0.6125  prec@K=0.0050  accepted=9  auc=0.7490  uauc=0.9593  loss=0.5838  (1.5s)
Round    6/30  coverage=0.6137  prec@K=0.0039  accepted=7  auc=0.5180  uauc=0.7778  loss=0.5816  (1.4s)
Round    7/30  coverage=0.6168  prec@K=0.0094  accepted=17  auc=0.7197  uauc=0.8280  loss=0.5816  (1.4s)
Round    8/30  coverage=0.6194  prec@K=0.0076  accepted=14  auc=0.7406  uauc=0.8675  loss=0.5787  (1.7s)
Round    9/30  coverage=0.6212  prec@K=0.0055  accepted=10  auc=0.6794  uauc=0.6394  loss=0.5740  (1.4s)
Round   10/30  coverage=0.6226  prec@K=0.0043  accepted=8  auc=0.7306  uauc=0.8556  loss=0.5704  (1.4s)
Round   11/30  coverage=0.6243  prec@K=0.0050  accepted=9  auc=0.7590  uauc=0.9206  loss=0.5686  (1.5s)
Round   12/30  coverage=0.6253  prec@K=0.0033  accepted=6  auc=0.5589  uauc=0.8889  loss=0.5659  (1.5s)
Round   13/30  coverage=0.6293  prec@K=0.0121  accepted=22  auc=0.6545  uauc=0.8925  loss=0.5673  (1.6s)
Round   14/30  coverage=0.6304  prec@K=0.0033  accepted=6  auc=0.5691  uauc=0.9667  loss=0.5611  (1.6s)
Round   15/30  coverage=0.6317  prec@K=0.0038  accepted=7  auc=0.6859  uauc=0.7656  loss=0.5586  (1.5s)
Round   16/30  coverage=0.6335  prec@K=0.0055  accepted=10  auc=0.7823  uauc=0.6937  loss=0.5566  (1.5s)
Round   17/30  coverage=0.6355  prec@K=0.0061  accepted=11  auc=0.4967  uauc=0.8650  loss=0.5547  (1.6s)
Round   18/30  coverage=0.6382  prec@K=0.0084  accepted=15  auc=0.6638  uauc=0.8580  loss=0.5530  (1.6s)
Round   19/30  coverage=0.6393  prec@K=0.0032  accepted=6  auc=0.6610  uauc=0.7667  loss=0.5479  (1.6s)
Round   20/30  coverage=0.6427  prec@K=0.0104  accepted=19  auc=0.6756  uauc=0.9048  loss=0.5489  (1.7s)
Round   21/30  coverage=0.6436  prec@K=0.0027  accepted=5  auc=0.6534  uauc=0.5417  loss=0.5436  (1.4s)
Round   22/30  coverage=0.6447  prec@K=0.0033  accepted=6  auc=0.6533  uauc=0.9028  loss=0.5411  (1.4s)
Round   23/30  coverage=0.6460  prec@K=0.0038  accepted=7  auc=0.5456  uauc=0.9484  loss=0.5389  (1.6s)
Round   24/30  coverage=0.6465  prec@K=0.0017  accepted=3  auc=0.2837  uauc=0.8194  loss=0.5358  (1.5s)
Round   25/30  coverage=0.6471  prec@K=0.0016  accepted=3  auc=0.5705  uauc=0.8264  loss=0.5330  (1.4s)
Round   26/30  coverage=0.6487  prec@K=0.0049  accepted=9  auc=0.3209  uauc=0.8560  loss=0.5321  (1.5s)
Round   27/30  coverage=0.6489  prec@K=0.0006  accepted=1  auc=0.0595  uauc=1.0000  loss=0.5276  (1.5s)
Round   28/30  coverage=0.6509  prec@K=0.0061  accepted=11  auc=0.6244  uauc=0.7989  loss=0.5275  (1.6s)
Round   29/30  coverage=0.6514  prec@K=0.0016  accepted=3  auc=0.7068  uauc=0.8889  loss=0.5230  (1.5s)
Round   30/30  coverage=0.6523  prec@K=0.0028  accepted=5  auc=0.1027  uauc=0.8229  loss=0.5207  (1.6s)

结果已写入 results\orchestrator\runs\ir60_constlr5e5_multiseed_bidir\dnc_email\gnn_concat_s3/rounds.csv
