=== email_eu_cn_s0  started 2026-05-09T21:23:22 ===

C:\conda\envs\gnn\lib\site-packages\requests\__init__.py:86: RequestsDependencyWarning: Unable to find acceptable character detection dependency (chardet or charset_normalizer).
  warnings.warn(
C:\conda\envs\gnn\lib\site-packages\outdated\__init__.py:36: UserWarning: pkg_resources is deprecated as an API. See https://setuptools.pypa.io/en/latest/pkg_resources.html. The pkg_resources package is slated for removal as early as 2025-11-30. Refrain from using this package or pin to Setuptools<81.
  from pkg_resources import parse_version
Round    1/30  coverage=0.6051  prec@K=0.1296  accepted=127  auc=0.7774  uauc=0.6953  loss=nan  (0.3s)
Round    2/30  coverage=0.6105  prec@K=0.1388  accepted=136  auc=0.7985  uauc=0.6927  loss=nan  (0.1s)
Round    3/30  coverage=0.6153  prec@K=0.1235  accepted=120  auc=0.7983  uauc=0.7234  loss=nan  (0.1s)
Round    4/30  coverage=0.6197  prec@K=0.1105  accepted=108  auc=0.8108  uauc=0.6991  loss=nan  (0.1s)
Round    5/30  coverage=0.6233  prec@K=0.0929  accepted=91  auc=0.7833  uauc=0.6562  loss=nan  (0.1s)
Round    6/30  coverage=0.6271  prec@K=0.0977  accepted=95  auc=0.8462  uauc=0.6942  loss=nan  (0.1s)
Round    7/30  coverage=0.6305  prec@K=0.0850  accepted=83  auc=0.8123  uauc=0.7036  loss=nan  (0.1s)
Round    8/30  coverage=0.6343  prec@K=0.0969  accepted=95  auc=0.8177  uauc=0.6772  loss=nan  (0.1s)
Round    9/30  coverage=0.6379  prec@K=0.0929  accepted=91  auc=0.7856  uauc=0.6622  loss=nan  (0.1s)
Round   10/30  coverage=0.6417  prec@K=0.0959  accepted=93  auc=0.8460  uauc=0.7292  loss=nan  (0.1s)
Round   11/30  coverage=0.6454  prec@K=0.0940  accepted=92  auc=0.8245  uauc=0.6913  loss=nan  (0.3s)
Round   12/30  coverage=0.6491  prec@K=0.0959  accepted=94  auc=0.8385  uauc=0.7598  loss=nan  (0.1s)
Round   13/30  coverage=0.6529  prec@K=0.0955  accepted=93  auc=0.8077  uauc=0.7533  loss=nan  (0.1s)
Round   14/30  coverage=0.6572  prec@K=0.1117  accepted=109  auc=0.8440  uauc=0.7283  loss=nan  (0.1s)
Round   15/30  coverage=0.6612  prec@K=0.1031  accepted=100  auc=0.8263  uauc=0.6886  loss=nan  (0.1s)
Round   16/30  coverage=0.6648  prec@K=0.0909  accepted=89  auc=0.8256  uauc=0.6992  loss=nan  (0.1s)
Round   17/30  coverage=0.6676  prec@K=0.0714  accepted=70  auc=0.8219  uauc=0.6288  loss=nan  (0.1s)
Round   18/30  coverage=0.6709  prec@K=0.0850  accepted=83  auc=0.8071  uauc=0.6271  loss=nan  (0.1s)
Round   19/30  coverage=0.6742  prec@K=0.0832  accepted=81  auc=0.8607  uauc=0.7301  loss=nan  (0.1s)
Round   20/30  coverage=0.6772  prec@K=0.0776  accepted=76  auc=0.8439  uauc=0.7219  loss=nan  (0.1s)
Round   21/30  coverage=0.6809  prec@K=0.0944  accepted=91  auc=0.7921  uauc=0.6474  loss=nan  (0.3s)
Round   22/30  coverage=0.6838  prec@K=0.0754  accepted=73  auc=0.8245  uauc=0.6658  loss=nan  (0.1s)
Round   23/30  coverage=0.6871  prec@K=0.0827  accepted=81  auc=0.8744  uauc=0.7187  loss=nan  (0.1s)
Round   24/30  coverage=0.6896  prec@K=0.0657  accepted=64  auc=0.8027  uauc=0.6931  loss=nan  (0.1s)
Round   25/30  coverage=0.6926  prec@K=0.0755  accepted=74  auc=0.8534  uauc=0.7102  loss=nan  (0.1s)
Round   26/30  coverage=0.6952  prec@K=0.0669  accepted=65  auc=0.8640  uauc=0.7307  loss=nan  (0.1s)
Round   27/30  coverage=0.6981  prec@K=0.0738  accepted=72  auc=0.8267  uauc=0.6962  loss=nan  (0.1s)
Round   28/30  coverage=0.7016  prec@K=0.0893  accepted=87  auc=0.8224  uauc=0.6837  loss=nan  (0.1s)
Round   29/30  coverage=0.7041  prec@K=0.0643  accepted=63  auc=0.7604  uauc=0.6480  loss=nan  (0.1s)
Round   30/30  coverage=0.7069  prec@K=0.0714  accepted=70  auc=0.8576  uauc=0.6885  loss=nan  (0.1s)

结果已写入 results\orchestrator\runs\ir60_constlr5e5_multiseed_bidir\email_eu\cn_s0/rounds.csv
