=== email_eu_cn_s2  started 2026-05-09T21:23:22 ===

C:\conda\envs\gnn\lib\site-packages\requests\__init__.py:86: RequestsDependencyWarning: Unable to find acceptable character detection dependency (chardet or charset_normalizer).
  warnings.warn(
C:\conda\envs\gnn\lib\site-packages\outdated\__init__.py:36: UserWarning: pkg_resources is deprecated as an API. See https://setuptools.pypa.io/en/latest/pkg_resources.html. The pkg_resources package is slated for removal as early as 2025-11-30. Refrain from using this package or pin to Setuptools<81.
  from pkg_resources import parse_version
Round    1/30  coverage=0.6039  prec@K=0.0994  accepted=97  auc=0.7933  uauc=0.6903  loss=nan  (0.3s)
Round    2/30  coverage=0.6081  prec@K=0.1076  accepted=105  auc=0.7990  uauc=0.6523  loss=nan  (0.1s)
Round    3/30  coverage=0.6128  prec@K=0.1207  accepted=118  auc=0.8440  uauc=0.7234  loss=nan  (0.1s)
Round    4/30  coverage=0.6175  prec@K=0.1199  accepted=117  auc=0.8366  uauc=0.7005  loss=nan  (0.1s)
Round    5/30  coverage=0.6219  prec@K=0.1133  accepted=110  auc=0.8414  uauc=0.7131  loss=nan  (0.1s)
Round    6/30  coverage=0.6269  prec@K=0.1276  accepted=125  auc=0.8440  uauc=0.6580  loss=nan  (0.1s)
Round    7/30  coverage=0.6320  prec@K=0.1276  accepted=125  auc=0.8158  uauc=0.6984  loss=nan  (0.1s)
Round    8/30  coverage=0.6360  prec@K=0.1025  accepted=100  auc=0.8083  uauc=0.6910  loss=nan  (0.1s)
Round    9/30  coverage=0.6395  prec@K=0.0898  accepted=88  auc=0.8647  uauc=0.7575  loss=nan  (0.1s)
Round   10/30  coverage=0.6436  prec@K=0.1041  accepted=102  auc=0.8117  uauc=0.7337  loss=nan  (0.1s)
Round   11/30  coverage=0.6479  prec@K=0.1096  accepted=107  auc=0.7882  uauc=0.6364  loss=nan  (0.3s)
Round   12/30  coverage=0.6516  prec@K=0.0942  accepted=92  auc=0.8183  uauc=0.6513  loss=nan  (0.1s)
Round   13/30  coverage=0.6556  prec@K=0.1031  accepted=101  auc=0.8277  uauc=0.6672  loss=nan  (0.1s)
Round   14/30  coverage=0.6596  prec@K=0.1003  accepted=98  auc=0.8245  uauc=0.6993  loss=nan  (0.1s)
Round   15/30  coverage=0.6622  prec@K=0.0663  accepted=65  auc=0.7915  uauc=0.6669  loss=nan  (0.1s)
Round   16/30  coverage=0.6651  prec@K=0.0756  accepted=74  auc=0.8538  uauc=0.7310  loss=nan  (0.1s)
Round   17/30  coverage=0.6685  prec@K=0.0867  accepted=85  auc=0.8304  uauc=0.6968  loss=nan  (0.1s)
Round   18/30  coverage=0.6717  prec@K=0.0821  accepted=80  auc=0.8165  uauc=0.6852  loss=nan  (0.1s)
Round   19/30  coverage=0.6750  prec@K=0.0837  accepted=82  auc=0.8216  uauc=0.6876  loss=nan  (0.1s)
Round   20/30  coverage=0.6784  prec@K=0.0857  accepted=84  auc=0.8043  uauc=0.6831  loss=nan  (0.1s)
Round   21/30  coverage=0.6813  prec@K=0.0724  accepted=71  auc=0.8188  uauc=0.6358  loss=nan  (0.3s)
Round   22/30  coverage=0.6835  prec@K=0.0571  accepted=56  auc=0.7968  uauc=0.6161  loss=nan  (0.1s)
Round   23/30  coverage=0.6863  prec@K=0.0704  accepted=69  auc=0.7959  uauc=0.6108  loss=nan  (0.1s)
Round   24/30  coverage=0.6892  prec@K=0.0756  accepted=74  auc=0.8293  uauc=0.7632  loss=nan  (0.1s)
Round   25/30  coverage=0.6923  prec@K=0.0786  accepted=77  auc=0.8018  uauc=0.7529  loss=nan  (0.1s)
Round   26/30  coverage=0.6953  prec@K=0.0755  accepted=74  auc=0.8410  uauc=0.7888  loss=nan  (0.1s)
Round   27/30  coverage=0.6977  prec@K=0.0630  accepted=61  auc=0.8019  uauc=0.6980  loss=nan  (0.1s)
Round   28/30  coverage=0.7010  prec@K=0.0829  accepted=81  auc=0.8336  uauc=0.6147  loss=nan  (0.1s)
Round   29/30  coverage=0.7038  prec@K=0.0704  accepted=69  auc=0.8802  uauc=0.6900  loss=nan  (0.1s)
Round   30/30  coverage=0.7063  prec@K=0.0654  accepted=64  auc=0.8547  uauc=0.6372  loss=nan  (0.1s)

结果已写入 results\orchestrator\runs\ir60_constlr5e5_multiseed_bidir\email_eu\cn_s2/rounds.csv
