=== email_eu_gnn_sum_h8_s42  started 2026-05-09T21:30:00 ===

C:\conda\envs\gnn\lib\site-packages\requests\__init__.py:86: RequestsDependencyWarning: Unable to find acceptable character detection dependency (chardet or charset_normalizer).
  warnings.warn(
C:\conda\envs\gnn\lib\site-packages\outdated\__init__.py:36: UserWarning: pkg_resources is deprecated as an API. See https://setuptools.pypa.io/en/latest/pkg_resources.html. The pkg_resources package is slated for removal as early as 2025-11-30. Refrain from using this package or pin to Setuptools<81.
  from pkg_resources import parse_version
Round    1/30  coverage=0.6027  prec@K=0.0697  accepted=68  auc=0.6968  uauc=0.5857  loss=0.6716  (3.6s)
Round    2/30  coverage=0.6059  prec@K=0.0820  accepted=80  auc=0.6424  uauc=0.4747  loss=0.6752  (2.7s)
Round    3/30  coverage=0.6084  prec@K=0.0623  accepted=61  auc=0.7502  uauc=0.5043  loss=0.6704  (2.4s)
Round    4/30  coverage=0.6106  prec@K=0.0561  accepted=55  auc=0.6143  uauc=0.5706  loss=0.6780  (2.8s)
Round    5/30  coverage=0.6129  prec@K=0.0602  accepted=59  auc=0.6823  uauc=0.4950  loss=0.6776  (2.9s)
Round    6/30  coverage=0.6150  prec@K=0.0532  accepted=52  auc=0.6623  uauc=0.5291  loss=0.6735  (2.6s)
Round    7/30  coverage=0.6178  prec@K=0.0711  accepted=69  auc=0.6500  uauc=0.5503  loss=0.6781  (2.7s)
Round    8/30  coverage=0.6201  prec@K=0.0582  accepted=57  auc=0.6526  uauc=0.6346  loss=0.6720  (2.8s)
Round    9/30  coverage=0.6218  prec@K=0.0429  accepted=42  auc=0.7427  uauc=0.5103  loss=0.6721  (2.6s)
Round   10/30  coverage=0.6240  prec@K=0.0562  accepted=55  auc=0.6839  uauc=0.6095  loss=0.6745  (2.8s)
Round   11/30  coverage=0.6258  prec@K=0.0459  accepted=45  auc=0.6355  uauc=0.4747  loss=0.6697  (2.9s)
Round   12/30  coverage=0.6278  prec@K=0.0520  accepted=51  auc=0.6492  uauc=0.4784  loss=0.6758  (2.9s)
Round   13/30  coverage=0.6300  prec@K=0.0554  accepted=54  auc=0.6321  uauc=0.5523  loss=0.6728  (2.6s)
Round   14/30  coverage=0.6324  prec@K=0.0625  accepted=61  auc=0.6269  uauc=0.5314  loss=0.6734  (2.9s)
Round   15/30  coverage=0.6340  prec@K=0.0393  accepted=38  auc=0.7278  uauc=0.5216  loss=0.6669  (2.5s)
Round   16/30  coverage=0.6355  prec@K=0.0398  accepted=39  auc=0.6290  uauc=0.5551  loss=0.6728  (2.8s)
Round   17/30  coverage=0.6375  prec@K=0.0490  accepted=48  auc=0.6590  uauc=0.5045  loss=0.6745  (2.8s)
Round   18/30  coverage=0.6395  prec@K=0.0521  accepted=51  auc=0.6609  uauc=0.4809  loss=0.6729  (2.8s)
Round   19/30  coverage=0.6415  prec@K=0.0500  accepted=49  auc=0.6225  uauc=0.5007  loss=0.6705  (2.7s)
Round   20/30  coverage=0.6430  prec@K=0.0398  accepted=39  auc=0.5929  uauc=0.5187  loss=0.6717  (2.8s)
Round   21/30  coverage=0.6447  prec@K=0.0421  accepted=41  auc=0.6295  uauc=0.4728  loss=0.6718  (3.0s)
Round   22/30  coverage=0.6462  prec@K=0.0384  accepted=37  auc=0.6363  uauc=0.5235  loss=0.6712  (2.9s)
Round   23/30  coverage=0.6477  prec@K=0.0406  accepted=39  auc=0.6505  uauc=0.5113  loss=0.6695  (2.7s)
Round   24/30  coverage=0.6492  prec@K=0.0370  accepted=36  auc=0.6225  uauc=0.5321  loss=0.6685  (2.7s)
Round   25/30  coverage=0.6509  prec@K=0.0451  accepted=44  auc=0.6050  uauc=0.4494  loss=0.6668  (2.7s)
Round   26/30  coverage=0.6527  prec@K=0.0452  accepted=44  auc=0.6148  uauc=0.4209  loss=0.6699  (2.8s)
Round   27/30  coverage=0.6544  prec@K=0.0439  accepted=43  auc=0.5383  uauc=0.5071  loss=0.6699  (2.9s)
Round   28/30  coverage=0.6554  prec@K=0.0248  accepted=24  auc=0.5842  uauc=0.4981  loss=0.6679  (2.8s)
Round   29/30  coverage=0.6567  prec@K=0.0351  accepted=34  auc=0.6566  uauc=0.5308  loss=0.6678  (2.8s)
Round   30/30  coverage=0.6583  prec@K=0.0400  accepted=39  auc=0.6466  uauc=0.5609  loss=0.6656  (2.5s)

结果已写入 results\orchestrator\runs\ir60_constlr5e5_multiseed_bidir\email_eu\gnn_sum_h8_s42/rounds.csv
