=== email_eu_aa_s2  started 2026-05-09T21:23:22 ===

C:\conda\envs\gnn\lib\site-packages\requests\__init__.py:86: RequestsDependencyWarning: Unable to find acceptable character detection dependency (chardet or charset_normalizer).
  warnings.warn(
C:\conda\envs\gnn\lib\site-packages\outdated\__init__.py:36: UserWarning: pkg_resources is deprecated as an API. See https://setuptools.pypa.io/en/latest/pkg_resources.html. The pkg_resources package is slated for removal as early as 2025-11-30. Refrain from using this package or pin to Setuptools<81.
  from pkg_resources import parse_version
Round    1/30  coverage=0.6040  prec@K=0.1035  accepted=101  auc=0.8005  uauc=0.6748  loss=nan  (0.3s)
Round    2/30  coverage=0.6086  prec@K=0.1168  accepted=114  auc=0.8182  uauc=0.6854  loss=nan  (0.2s)
Round    3/30  coverage=0.6134  prec@K=0.1227  accepted=120  auc=0.8603  uauc=0.7305  loss=nan  (0.2s)
Round    4/30  coverage=0.6182  prec@K=0.1230  accepted=120  auc=0.8545  uauc=0.7489  loss=nan  (0.2s)
Round    5/30  coverage=0.6225  prec@K=0.1092  accepted=106  auc=0.8433  uauc=0.7012  loss=nan  (0.2s)
Round    6/30  coverage=0.6275  prec@K=0.1286  accepted=126  auc=0.8499  uauc=0.6588  loss=nan  (0.1s)
Round    7/30  coverage=0.6327  prec@K=0.1306  accepted=128  auc=0.8459  uauc=0.6988  loss=nan  (0.2s)
Round    8/30  coverage=0.6371  prec@K=0.1137  accepted=111  auc=0.8277  uauc=0.7193  loss=nan  (0.2s)
Round    9/30  coverage=0.6407  prec@K=0.0898  accepted=88  auc=0.8832  uauc=0.7760  loss=nan  (0.1s)
Round   10/30  coverage=0.6448  prec@K=0.1041  accepted=102  auc=0.8446  uauc=0.7761  loss=nan  (0.2s)
Round   11/30  coverage=0.6490  prec@K=0.1086  accepted=106  auc=0.8291  uauc=0.6994  loss=nan  (0.4s)
Round   12/30  coverage=0.6531  prec@K=0.1035  accepted=101  auc=0.8486  uauc=0.6959  loss=nan  (0.2s)
Round   13/30  coverage=0.6573  prec@K=0.1082  accepted=106  auc=0.8399  uauc=0.7461  loss=nan  (0.2s)
Round   14/30  coverage=0.6610  prec@K=0.0952  accepted=93  auc=0.7898  uauc=0.7291  loss=nan  (0.2s)
Round   15/30  coverage=0.6642  prec@K=0.0796  accepted=78  auc=0.8280  uauc=0.6935  loss=nan  (0.2s)
Round   16/30  coverage=0.6672  prec@K=0.0766  accepted=75  auc=0.8493  uauc=0.7624  loss=nan  (0.2s)
Round   17/30  coverage=0.6707  prec@K=0.0898  accepted=88  auc=0.8844  uauc=0.7232  loss=nan  (0.2s)
Round   18/30  coverage=0.6737  prec@K=0.0761  accepted=74  auc=0.8255  uauc=0.7262  loss=nan  (0.2s)
Round   19/30  coverage=0.6770  prec@K=0.0857  accepted=84  auc=0.8576  uauc=0.7651  loss=nan  (0.2s)
Round   20/30  coverage=0.6813  prec@K=0.1092  accepted=107  auc=0.8498  uauc=0.7661  loss=nan  (0.2s)
Round   21/30  coverage=0.6843  prec@K=0.0755  accepted=74  auc=0.7768  uauc=0.6978  loss=nan  (0.4s)
Round   22/30  coverage=0.6863  prec@K=0.0520  accepted=51  auc=0.7728  uauc=0.6769  loss=nan  (0.2s)
Round   23/30  coverage=0.6895  prec@K=0.0796  accepted=78  auc=0.8685  uauc=0.7294  loss=nan  (0.2s)
Round   24/30  coverage=0.6928  prec@K=0.0838  accepted=82  auc=0.8465  uauc=0.6791  loss=nan  (0.2s)
Round   25/30  coverage=0.6964  prec@K=0.0929  accepted=91  auc=0.7961  uauc=0.7166  loss=nan  (0.2s)
Round   26/30  coverage=0.6993  prec@K=0.0735  accepted=72  auc=0.8223  uauc=0.6901  loss=nan  (0.2s)
Round   27/30  coverage=0.7022  prec@K=0.0734  accepted=71  auc=0.8269  uauc=0.7120  loss=nan  (0.2s)
Round   28/30  coverage=0.7050  prec@K=0.0737  accepted=72  auc=0.8886  uauc=0.8027  loss=nan  (0.2s)
Round   29/30  coverage=0.7076  prec@K=0.0643  accepted=63  auc=0.8461  uauc=0.6681  loss=nan  (0.2s)
Round   30/30  coverage=0.7101  prec@K=0.0633  accepted=62  auc=0.7760  uauc=0.6434  loss=nan  (0.2s)

结果已写入 results\orchestrator\runs\ir60_constlr5e5_multiseed_bidir\email_eu\aa_s2/rounds.csv
