=== epinions_seal_s42  started 2026-05-10T00:13:32 ===

C:\conda\envs\gnn\lib\site-packages\requests\__init__.py:86: RequestsDependencyWarning: Unable to find acceptable character detection dependency (chardet or charset_normalizer).
  warnings.warn(
C:\conda\envs\gnn\lib\site-packages\outdated\__init__.py:36: UserWarning: pkg_resources is deprecated as an API. See https://setuptools.pypa.io/en/latest/pkg_resources.html. The pkg_resources package is slated for removal as early as 2025-11-30. Refrain from using this package or pin to Setuptools<81.
  from pkg_resources import parse_version
Round    1/30  coverage=0.6001  prec@K=0.0107  accepted=73  auc=0.8522  uauc=0.7710  loss=0.6514  (15.7s)
Round    2/30  coverage=0.6003  prec@K=0.0118  accepted=80  auc=0.7901  uauc=0.6734  loss=0.6513  (7.5s)
Round    3/30  coverage=0.6004  prec@K=0.0090  accepted=61  auc=0.8369  uauc=0.7528  loss=0.6488  (7.3s)
Round    4/30  coverage=0.6005  prec@K=0.0087  accepted=60  auc=0.8395  uauc=0.6858  loss=0.6493  (7.5s)
Round    5/30  coverage=0.6006  prec@K=0.0081  accepted=55  auc=0.8218  uauc=0.7349  loss=0.6515  (7.8s)
Round    6/30  coverage=0.6008  prec@K=0.0096  accepted=66  auc=0.8272  uauc=0.7210  loss=0.6486  (7.1s)
Round    7/30  coverage=0.6009  prec@K=0.0114  accepted=78  auc=0.8248  uauc=0.7372  loss=0.6469  (7.9s)
Round    8/30  coverage=0.6011  prec@K=0.0135  accepted=92  auc=0.8225  uauc=0.6795  loss=0.6463  (7.6s)
Round    9/30  coverage=0.6012  prec@K=0.0091  accepted=63  auc=0.8399  uauc=0.7284  loss=0.6458  (8.1s)
Round   10/30  coverage=0.6014  prec@K=0.0101  accepted=69  auc=0.8626  uauc=0.7250  loss=0.6459  (7.9s)
Round   11/30  coverage=0.6015  prec@K=0.0085  accepted=57  auc=0.8193  uauc=0.7088  loss=0.6467  (14.9s)
Round   12/30  coverage=0.6016  prec@K=0.0121  accepted=83  auc=0.8550  uauc=0.7946  loss=0.6456  (8.0s)
Round   13/30  coverage=0.6017  prec@K=0.0078  accepted=53  auc=0.8618  uauc=0.7875  loss=0.6453  (8.3s)
Round   14/30  coverage=0.6019  prec@K=0.0093  accepted=63  auc=0.7749  uauc=0.6077  loss=0.6432  (8.2s)
Round   15/30  coverage=0.6020  prec@K=0.0099  accepted=68  auc=0.8799  uauc=0.7021  loss=0.6434  (9.1s)
Round   16/30  coverage=0.6021  prec@K=0.0105  accepted=71  auc=0.7827  uauc=0.6832  loss=0.6427  (8.2s)
Round   17/30  coverage=0.6022  prec@K=0.0058  accepted=40  auc=0.7325  uauc=0.6338  loss=0.6447  (8.3s)
Round   18/30  coverage=0.6023  prec@K=0.0066  accepted=45  auc=0.8029  uauc=0.6629  loss=0.6420  (8.8s)
Round   19/30  coverage=0.6025  prec@K=0.0102  accepted=70  auc=0.8728  uauc=0.6950  loss=0.6421  (8.7s)
Round   20/30  coverage=0.6026  prec@K=0.0108  accepted=73  auc=0.8502  uauc=0.6625  loss=0.6415  (9.1s)
Round   21/30  coverage=0.6027  prec@K=0.0086  accepted=58  auc=0.8527  uauc=0.6917  loss=0.6409  (16.7s)
Round   22/30  coverage=0.6028  prec@K=0.0078  accepted=54  auc=0.8093  uauc=0.7966  loss=0.6404  (10.5s)
Round   23/30  coverage=0.6030  prec@K=0.0111  accepted=76  auc=0.8316  uauc=0.7537  loss=0.6407  (9.8s)
Round   24/30  coverage=0.6031  prec@K=0.0081  accepted=55  auc=0.8224  uauc=0.7267  loss=0.6394  (9.8s)
Round   25/30  coverage=0.6032  prec@K=0.0100  accepted=68  auc=0.7933  uauc=0.7168  loss=0.6394  (10.2s)
Round   26/30  coverage=0.6033  prec@K=0.0095  accepted=64  auc=0.8457  uauc=0.6797  loss=0.6387  (10.3s)
Round   27/30  coverage=0.6035  prec@K=0.0092  accepted=63  auc=0.8442  uauc=0.7148  loss=0.6382  (10.5s)
Round   28/30  coverage=0.6036  prec@K=0.0090  accepted=61  auc=0.8388  uauc=0.7513  loss=0.6377  (10.5s)
Round   29/30  coverage=0.6037  prec@K=0.0085  accepted=57  auc=0.8497  uauc=0.7624  loss=0.6375  (10.7s)
Round   30/30  coverage=0.6039  prec@K=0.0131  accepted=89  auc=0.7821  uauc=0.6977  loss=0.6376  (11.7s)

结果已写入 results\orchestrator\runs\ir60_constlr5e5_multiseed_bidir\epinions\seal_s42/rounds.csv
