=== epinions_pa_s42  started 2026-05-10T00:11:47 ===

C:\conda\envs\gnn\lib\site-packages\requests\__init__.py:86: RequestsDependencyWarning: Unable to find acceptable character detection dependency (chardet or charset_normalizer).
  warnings.warn(
C:\conda\envs\gnn\lib\site-packages\outdated\__init__.py:36: UserWarning: pkg_resources is deprecated as an API. See https://setuptools.pypa.io/en/latest/pkg_resources.html. The pkg_resources package is slated for removal as early as 2025-11-30. Refrain from using this package or pin to Setuptools<81.
  from pkg_resources import parse_version
Round    1/30  coverage=0.6001  prec@K=0.0048  accepted=33  auc=0.6319  uauc=0.5118  loss=nan  (7.8s)
Round    2/30  coverage=0.6001  prec@K=0.0054  accepted=37  auc=0.5327  uauc=0.5422  loss=nan  (0.6s)
Round    3/30  coverage=0.6002  prec@K=0.0056  accepted=38  auc=0.5901  uauc=0.6677  loss=nan  (0.6s)
Round    4/30  coverage=0.6003  prec@K=0.0047  accepted=32  auc=0.5605  uauc=0.5733  loss=nan  (0.7s)
Round    5/30  coverage=0.6003  prec@K=0.0046  accepted=31  auc=0.5831  uauc=0.4182  loss=nan  (0.7s)
Round    6/30  coverage=0.6004  prec@K=0.0044  accepted=30  auc=0.6087  uauc=0.5831  loss=nan  (0.7s)
Round    7/30  coverage=0.6005  prec@K=0.0061  accepted=42  auc=0.5178  uauc=0.5339  loss=nan  (0.8s)
Round    8/30  coverage=0.6006  prec@K=0.0057  accepted=39  auc=0.5054  uauc=0.5677  loss=nan  (0.9s)
Round    9/30  coverage=0.6006  prec@K=0.0062  accepted=43  auc=0.6322  uauc=0.4953  loss=nan  (1.0s)
Round   10/30  coverage=0.6007  prec@K=0.0048  accepted=33  auc=0.6368  uauc=0.6164  loss=nan  (1.0s)
Round   11/30  coverage=0.6008  prec@K=0.0043  accepted=29  auc=0.6301  uauc=0.5134  loss=nan  (8.4s)
Round   12/30  coverage=0.6008  prec@K=0.0041  accepted=28  auc=0.4534  uauc=0.5114  loss=nan  (1.2s)
Round   13/30  coverage=0.6009  prec@K=0.0049  accepted=33  auc=0.6738  uauc=0.5503  loss=nan  (1.4s)
Round   14/30  coverage=0.6010  prec@K=0.0063  accepted=43  auc=0.4555  uauc=0.4997  loss=nan  (1.5s)
Round   15/30  coverage=0.6010  prec@K=0.0038  accepted=26  auc=0.6773  uauc=0.6253  loss=nan  (1.7s)
Round   16/30  coverage=0.6011  prec@K=0.0049  accepted=33  auc=0.4988  uauc=0.4716  loss=nan  (1.9s)
Round   17/30  coverage=0.6011  prec@K=0.0045  accepted=31  auc=0.6191  uauc=0.4805  loss=nan  (2.2s)
Round   18/30  coverage=0.6012  prec@K=0.0034  accepted=23  auc=0.5714  uauc=0.5291  loss=nan  (2.2s)
Round   19/30  coverage=0.6012  prec@K=0.0034  accepted=23  auc=0.4683  uauc=0.3749  loss=nan  (2.4s)
Round   20/30  coverage=0.6013  prec@K=0.0033  accepted=22  auc=0.6338  uauc=0.4755  loss=nan  (2.3s)
Round   21/30  coverage=0.6013  prec@K=0.0044  accepted=30  auc=0.6637  uauc=0.5327  loss=nan  (9.9s)
Round   22/30  coverage=0.6014  prec@K=0.0053  accepted=37  auc=0.5640  uauc=0.5451  loss=nan  (2.4s)
Round   23/30  coverage=0.6015  prec@K=0.0048  accepted=33  auc=0.5288  uauc=0.5074  loss=nan  (2.5s)
Round   24/30  coverage=0.6015  prec@K=0.0040  accepted=27  auc=0.5503  uauc=0.5045  loss=nan  (2.8s)
Round   25/30  coverage=0.6016  prec@K=0.0047  accepted=32  auc=0.6908  uauc=0.5517  loss=nan  (2.7s)
Round   26/30  coverage=0.6016  prec@K=0.0044  accepted=30  auc=0.6598  uauc=0.5963  loss=nan  (3.0s)
Round   27/30  coverage=0.6017  prec@K=0.0057  accepted=39  auc=0.6843  uauc=0.6400  loss=nan  (2.9s)
Round   28/30  coverage=0.6018  prec@K=0.0043  accepted=29  auc=0.5377  uauc=0.5750  loss=nan  (3.1s)
Round   29/30  coverage=0.6018  prec@K=0.0043  accepted=29  auc=0.5921  uauc=0.5910  loss=nan  (3.4s)
Round   30/30  coverage=0.6019  prec@K=0.0058  accepted=39  auc=0.5735  uauc=0.5909  loss=nan  (3.3s)

结果已写入 results\orchestrator\runs\ir60_constlr5e5_multiseed_bidir\epinions\pa_s42/rounds.csv
