=== epinions_gnn_sum_h8_s42  started 2026-05-10T00:04:39 ===

C:\conda\envs\gnn\lib\site-packages\requests\__init__.py:86: RequestsDependencyWarning: Unable to find acceptable character detection dependency (chardet or charset_normalizer).
  warnings.warn(
C:\conda\envs\gnn\lib\site-packages\outdated\__init__.py:36: UserWarning: pkg_resources is deprecated as an API. See https://setuptools.pypa.io/en/latest/pkg_resources.html. The pkg_resources package is slated for removal as early as 2025-11-30. Refrain from using this package or pin to Setuptools<81.
  from pkg_resources import parse_version
Round    1/30  coverage=0.6001  prec@K=0.0105  accepted=72  auc=0.7534  uauc=0.7000  loss=0.6437  (15.6s)
Round    2/30  coverage=0.6003  prec@K=0.0129  accepted=88  auc=0.7602  uauc=0.7125  loss=0.6431  (8.0s)
Round    3/30  coverage=0.6005  prec@K=0.0104  accepted=71  auc=0.7203  uauc=0.6733  loss=0.6425  (7.6s)
Round    4/30  coverage=0.6006  prec@K=0.0084  accepted=58  auc=0.7338  uauc=0.6444  loss=0.6431  (7.9s)
Round    5/30  coverage=0.6007  prec@K=0.0091  accepted=62  auc=0.7737  uauc=0.6957  loss=0.6424  (8.1s)
Round    6/30  coverage=0.6008  prec@K=0.0108  accepted=74  auc=0.7176  uauc=0.6511  loss=0.6424  (7.9s)
Round    7/30  coverage=0.6010  prec@K=0.0093  accepted=64  auc=0.7178  uauc=0.6234  loss=0.6418  (8.1s)
Round    8/30  coverage=0.6011  prec@K=0.0104  accepted=71  auc=0.7600  uauc=0.7037  loss=0.6410  (8.0s)
Round    9/30  coverage=0.6012  prec@K=0.0071  accepted=49  auc=0.7234  uauc=0.6930  loss=0.6409  (8.5s)
Round   10/30  coverage=0.6014  prec@K=0.0117  accepted=80  auc=0.7729  uauc=0.6953  loss=0.6406  (7.9s)
Round   11/30  coverage=0.6015  prec@K=0.0092  accepted=62  auc=0.7795  uauc=0.6936  loss=0.6403  (15.1s)
Round   12/30  coverage=0.6016  prec@K=0.0110  accepted=75  auc=0.7923  uauc=0.7532  loss=0.6400  (8.4s)
Round   13/30  coverage=0.6017  prec@K=0.0078  accepted=53  auc=0.7471  uauc=0.7033  loss=0.6396  (8.8s)
Round   14/30  coverage=0.6019  prec@K=0.0093  accepted=63  auc=0.6623  uauc=0.5785  loss=0.6383  (8.7s)
Round   15/30  coverage=0.6020  prec@K=0.0088  accepted=60  auc=0.8008  uauc=0.7435  loss=0.6388  (8.6s)
Round   16/30  coverage=0.6021  prec@K=0.0093  accepted=63  auc=0.6841  uauc=0.6419  loss=0.6383  (8.5s)
Round   17/30  coverage=0.6022  prec@K=0.0076  accepted=52  auc=0.6911  uauc=0.6499  loss=0.6385  (8.8s)
Round   18/30  coverage=0.6023  prec@K=0.0065  accepted=44  auc=0.7293  uauc=0.7355  loss=0.6371  (9.6s)
Round   19/30  coverage=0.6024  prec@K=0.0092  accepted=63  auc=0.7870  uauc=0.7333  loss=0.6374  (9.0s)
Round   20/30  coverage=0.6025  prec@K=0.0083  accepted=56  auc=0.7730  uauc=0.6484  loss=0.6365  (9.5s)
Round   21/30  coverage=0.6026  prec@K=0.0077  accepted=52  auc=0.7486  uauc=0.6489  loss=0.6363  (16.7s)
Round   22/30  coverage=0.6027  prec@K=0.0078  accepted=54  auc=0.7087  uauc=0.6523  loss=0.6359  (10.4s)
Round   23/30  coverage=0.6028  prec@K=0.0083  accepted=57  auc=0.7375  uauc=0.7006  loss=0.6363  (9.9s)
Round   24/30  coverage=0.6030  prec@K=0.0094  accepted=64  auc=0.7210  uauc=0.6349  loss=0.6357  (10.6s)
Round   25/30  coverage=0.6031  prec@K=0.0102  accepted=69  auc=0.7582  uauc=0.6863  loss=0.6357  (11.4s)
Round   26/30  coverage=0.6032  prec@K=0.0081  accepted=55  auc=0.8134  uauc=0.7820  loss=0.6344  (11.3s)
Round   27/30  coverage=0.6033  prec@K=0.0098  accepted=67  auc=0.7258  uauc=0.6963  loss=0.6346  (11.8s)
Round   28/30  coverage=0.6035  prec@K=0.0093  accepted=63  auc=0.7190  uauc=0.6039  loss=0.6343  (11.6s)
Round   29/30  coverage=0.6036  prec@K=0.0073  accepted=49  auc=0.6277  uauc=0.7170  loss=0.6347  (11.7s)
Round   30/30  coverage=0.6037  prec@K=0.0114  accepted=77  auc=0.7749  uauc=0.7211  loss=0.6349  (12.5s)

结果已写入 results\orchestrator\runs\ir60_constlr5e5_multiseed_bidir\epinions\gnn_sum_h8_s42/rounds.csv
