=== epinions_pa_s2  started 2026-05-10T00:10:14 ===

C:\conda\envs\gnn\lib\site-packages\requests\__init__.py:86: RequestsDependencyWarning: Unable to find acceptable character detection dependency (chardet or charset_normalizer).
  warnings.warn(
C:\conda\envs\gnn\lib\site-packages\outdated\__init__.py:36: UserWarning: pkg_resources is deprecated as an API. See https://setuptools.pypa.io/en/latest/pkg_resources.html. The pkg_resources package is slated for removal as early as 2025-11-30. Refrain from using this package or pin to Setuptools<81.
  from pkg_resources import parse_version
Round    1/30  coverage=0.6001  prec@K=0.0046  accepted=32  auc=0.5944  uauc=0.6134  loss=nan  (7.9s)
Round    2/30  coverage=0.6001  prec@K=0.0042  accepted=29  auc=0.5095  uauc=0.5509  loss=nan  (0.6s)
Round    3/30  coverage=0.6002  prec@K=0.0049  accepted=34  auc=0.6714  uauc=0.6225  loss=nan  (0.7s)
Round    4/30  coverage=0.6003  prec@K=0.0054  accepted=37  auc=0.5691  uauc=0.5002  loss=nan  (0.7s)
Round    5/30  coverage=0.6003  prec@K=0.0053  accepted=36  auc=0.5648  uauc=0.5735  loss=nan  (0.7s)
Round    6/30  coverage=0.6004  prec@K=0.0059  accepted=40  auc=0.5439  uauc=0.3868  loss=nan  (0.8s)
Round    7/30  coverage=0.6005  prec@K=0.0032  accepted=22  auc=0.5875  uauc=0.5810  loss=nan  (0.9s)
Round    8/30  coverage=0.6005  prec@K=0.0040  accepted=27  auc=0.5640  uauc=0.4444  loss=nan  (0.9s)
Round    9/30  coverage=0.6006  prec@K=0.0064  accepted=44  auc=0.7265  uauc=0.6411  loss=nan  (1.0s)
Round   10/30  coverage=0.6007  prec@K=0.0048  accepted=33  auc=0.5409  uauc=0.5447  loss=nan  (1.2s)
Round   11/30  coverage=0.6007  prec@K=0.0043  accepted=30  auc=0.5359  uauc=0.6066  loss=nan  (8.2s)
Round   12/30  coverage=0.6008  prec@K=0.0044  accepted=30  auc=0.7014  uauc=0.4738  loss=nan  (1.8s)
Round   13/30  coverage=0.6008  prec@K=0.0052  accepted=36  auc=0.6330  uauc=0.5755  loss=nan  (1.5s)
Round   14/30  coverage=0.6009  prec@K=0.0050  accepted=34  auc=0.6308  uauc=0.6284  loss=nan  (1.7s)
Round   15/30  coverage=0.6010  prec@K=0.0052  accepted=36  auc=0.6367  uauc=0.5343  loss=nan  (1.8s)
Round   16/30  coverage=0.6011  prec@K=0.0059  accepted=40  auc=0.6172  uauc=0.4900  loss=nan  (2.0s)
Round   17/30  coverage=0.6011  prec@K=0.0054  accepted=37  auc=0.5652  uauc=0.5966  loss=nan  (1.9s)
Round   18/30  coverage=0.6012  prec@K=0.0047  accepted=32  auc=0.6978  uauc=0.4901  loss=nan  (2.2s)
Round   19/30  coverage=0.6012  prec@K=0.0039  accepted=27  auc=0.6481  uauc=0.5470  loss=nan  (2.3s)
Round   20/30  coverage=0.6013  prec@K=0.0062  accepted=42  auc=0.5889  uauc=0.6029  loss=nan  (2.2s)
Round   21/30  coverage=0.6014  prec@K=0.0066  accepted=45  auc=0.5705  uauc=0.5708  loss=nan  (9.7s)
Round   22/30  coverage=0.6015  prec@K=0.0050  accepted=34  auc=0.6255  uauc=0.4597  loss=nan  (2.5s)
Round   23/30  coverage=0.6016  prec@K=0.0050  accepted=34  auc=0.5524  uauc=0.5975  loss=nan  (2.8s)
Round   24/30  coverage=0.6016  prec@K=0.0044  accepted=30  auc=0.5500  uauc=0.6098  loss=nan  (2.7s)
Round   25/30  coverage=0.6017  prec@K=0.0043  accepted=29  auc=0.6275  uauc=0.6405  loss=nan  (3.0s)
Round   26/30  coverage=0.6017  prec@K=0.0032  accepted=22  auc=0.6840  uauc=0.5250  loss=nan  (2.8s)
Round   27/30  coverage=0.6018  prec@K=0.0057  accepted=40  auc=0.5871  uauc=0.6287  loss=nan  (3.1s)
Round   28/30  coverage=0.6018  prec@K=0.0038  accepted=26  auc=0.6246  uauc=0.5992  loss=nan  (3.4s)
Round   29/30  coverage=0.6019  prec@K=0.0045  accepted=31  auc=0.5912  uauc=0.4885  loss=nan  (3.5s)
Round   30/30  coverage=0.6020  prec@K=0.0043  accepted=29  auc=0.6635  uauc=0.6179  loss=nan  (4.0s)

结果已写入 results\orchestrator\runs\ir60_constlr5e5_multiseed_bidir\epinions\pa_s2/rounds.csv
