=== epinions_gat_emb_s2  started 2026-05-09T23:43:16 ===

C:\conda\envs\gnn\lib\site-packages\requests\__init__.py:86: RequestsDependencyWarning: Unable to find acceptable character detection dependency (chardet or charset_normalizer).
  warnings.warn(
C:\conda\envs\gnn\lib\site-packages\outdated\__init__.py:36: UserWarning: pkg_resources is deprecated as an API. See https://setuptools.pypa.io/en/latest/pkg_resources.html. The pkg_resources package is slated for removal as early as 2025-11-30. Refrain from using this package or pin to Setuptools<81.
  from pkg_resources import parse_version
Round    1/30  coverage=0.6001  prec@K=0.0058  accepted=40  auc=0.6016  uauc=0.4736  loss=0.7160  (15.9s)
Round    2/30  coverage=0.6002  prec@K=0.0063  accepted=43  auc=0.5632  uauc=0.5060  loss=0.7158  (7.8s)
Round    3/30  coverage=0.6002  prec@K=0.0040  accepted=28  auc=0.4696  uauc=0.4870  loss=0.7158  (8.5s)
Round    4/30  coverage=0.6003  prec@K=0.0056  accepted=38  auc=0.5900  uauc=0.5302  loss=0.7156  (8.1s)
Round    5/30  coverage=0.6004  prec@K=0.0063  accepted=43  auc=0.4928  uauc=0.6451  loss=0.7154  (7.8s)
Round    6/30  coverage=0.6004  prec@K=0.0047  accepted=32  auc=0.3835  uauc=0.4389  loss=0.7153  (7.9s)
Round    7/30  coverage=0.6005  prec@K=0.0047  accepted=32  auc=0.4240  uauc=0.6092  loss=0.7152  (8.2s)
Round    8/30  coverage=0.6005  prec@K=0.0029  accepted=20  auc=0.3435  uauc=0.4755  loss=0.7151  (7.9s)
Round    9/30  coverage=0.6006  prec@K=0.0040  accepted=28  auc=0.3246  uauc=0.5138  loss=0.7149  (8.5s)
Round   10/30  coverage=0.6007  prec@K=0.0049  accepted=34  auc=0.3613  uauc=0.5641  loss=0.7147  (8.3s)
Round   11/30  coverage=0.6007  prec@K=0.0062  accepted=43  auc=0.4384  uauc=0.5231  loss=0.7145  (15.3s)
Round   12/30  coverage=0.6008  prec@K=0.0039  accepted=27  auc=0.3942  uauc=0.4134  loss=0.7145  (9.0s)
Round   13/30  coverage=0.6009  prec@K=0.0044  accepted=30  auc=0.3489  uauc=0.5155  loss=0.7143  (9.0s)
Round   14/30  coverage=0.6009  prec@K=0.0038  accepted=26  auc=0.3379  uauc=0.6157  loss=0.7142  (8.8s)
Round   15/30  coverage=0.6010  prec@K=0.0041  accepted=28  auc=0.3153  uauc=0.5360  loss=0.7141  (9.6s)
Round   16/30  coverage=0.6010  prec@K=0.0035  accepted=24  auc=0.3240  uauc=0.4302  loss=0.7140  (9.9s)
Round   17/30  coverage=0.6011  prec@K=0.0050  accepted=34  auc=0.3732  uauc=0.4787  loss=0.7138  (9.7s)
Round   18/30  coverage=0.6011  prec@K=0.0039  accepted=27  auc=0.2993  uauc=0.4729  loss=0.7137  (9.9s)
Round   19/30  coverage=0.6012  prec@K=0.0034  accepted=23  auc=0.2307  uauc=0.4488  loss=0.7136  (9.5s)
Round   20/30  coverage=0.6012  prec@K=0.0039  accepted=26  auc=0.2327  uauc=0.4419  loss=0.7134  (9.1s)
Round   21/30  coverage=0.6013  prec@K=0.0048  accepted=33  auc=0.3400  uauc=0.5614  loss=0.7132  (17.1s)
Round   22/30  coverage=0.6013  prec@K=0.0034  accepted=23  auc=0.2114  uauc=0.4792  loss=0.7132  (10.1s)
Round   23/30  coverage=0.6014  prec@K=0.0038  accepted=26  auc=0.3734  uauc=0.4941  loss=0.7130  (10.4s)
Round   24/30  coverage=0.6014  prec@K=0.0040  accepted=27  auc=0.2741  uauc=0.3741  loss=0.7129  (10.9s)
Round   25/30  coverage=0.6015  prec@K=0.0028  accepted=19  auc=0.2677  uauc=0.3782  loss=0.7128  (10.2s)
Round   26/30  coverage=0.6015  prec@K=0.0028  accepted=19  auc=0.3387  uauc=0.5765  loss=0.7127  (10.8s)
Round   27/30  coverage=0.6016  prec@K=0.0032  accepted=22  auc=0.2443  uauc=0.5019  loss=0.7125  (11.0s)
Round   28/30  coverage=0.6016  prec@K=0.0032  accepted=22  auc=0.2760  uauc=0.5662  loss=0.7124  (11.3s)
Round   29/30  coverage=0.6016  prec@K=0.0032  accepted=22  auc=0.2018  uauc=0.4464  loss=0.7122  (11.0s)
Round   30/30  coverage=0.6017  prec@K=0.0033  accepted=22  auc=0.2842  uauc=0.5606  loss=0.7121  (11.6s)

结果已写入 results\orchestrator\runs\ir60_constlr5e5_multiseed_bidir\epinions\gat_emb_s2/rounds.csv
