=== slashdot_cn_s1  started 2026-05-10T00:16:50 ===

C:\conda\envs\gnn\lib\site-packages\requests\__init__.py:86: RequestsDependencyWarning: Unable to find acceptable character detection dependency (chardet or charset_normalizer).
  warnings.warn(
C:\conda\envs\gnn\lib\site-packages\outdated\__init__.py:36: UserWarning: pkg_resources is deprecated as an API. See https://setuptools.pypa.io/en/latest/pkg_resources.html. The pkg_resources package is slated for removal as early as 2025-11-30. Refrain from using this package or pin to Setuptools<81.
  from pkg_resources import parse_version
Round    1/30  coverage=0.6001  prec@K=0.0042  accepted=31  auc=0.7902  uauc=0.6803  loss=nan  (6.5s)
Round    2/30  coverage=0.6001  prec@K=0.0038  accepted=27  auc=0.7761  uauc=0.6879  loss=nan  (0.6s)
Round    3/30  coverage=0.6002  prec@K=0.0031  accepted=23  auc=0.8476  uauc=0.6857  loss=nan  (0.7s)
Round    4/30  coverage=0.6002  prec@K=0.0030  accepted=22  auc=0.8757  uauc=0.7944  loss=nan  (0.7s)
Round    5/30  coverage=0.6003  prec@K=0.0039  accepted=28  auc=0.7388  uauc=0.6620  loss=nan  (0.8s)
Round    6/30  coverage=0.6003  prec@K=0.0029  accepted=21  auc=0.7724  uauc=0.6315  loss=nan  (0.8s)
Round    7/30  coverage=0.6003  prec@K=0.0023  accepted=17  auc=0.7674  uauc=0.6714  loss=nan  (0.9s)
Round    8/30  coverage=0.6004  prec@K=0.0029  accepted=21  auc=0.7546  uauc=0.6615  loss=nan  (1.0s)
Round    9/30  coverage=0.6004  prec@K=0.0023  accepted=17  auc=0.8921  uauc=0.7647  loss=nan  (1.0s)
Round   10/30  coverage=0.6004  prec@K=0.0034  accepted=25  auc=0.7323  uauc=0.6177  loss=nan  (1.3s)
Round   11/30  coverage=0.6005  prec@K=0.0036  accepted=26  auc=0.6974  uauc=0.5235  loss=nan  (7.0s)
Round   12/30  coverage=0.6005  prec@K=0.0022  accepted=16  auc=0.8358  uauc=0.6794  loss=nan  (1.5s)
Round   13/30  coverage=0.6006  prec@K=0.0021  accepted=15  auc=0.8144  uauc=0.6255  loss=nan  (1.7s)
Round   14/30  coverage=0.6006  prec@K=0.0018  accepted=13  auc=0.7651  uauc=0.6270  loss=nan  (1.7s)
Round   15/30  coverage=0.6006  prec@K=0.0034  accepted=25  auc=0.7088  uauc=0.5870  loss=nan  (1.9s)
Round   16/30  coverage=0.6007  prec@K=0.0029  accepted=21  auc=0.7661  uauc=0.6773  loss=nan  (1.9s)
Round   17/30  coverage=0.6007  prec@K=0.0020  accepted=15  auc=0.8204  uauc=0.6963  loss=nan  (2.1s)
Round   18/30  coverage=0.6008  prec@K=0.0042  accepted=31  auc=0.8282  uauc=0.6317  loss=nan  (2.4s)
Round   19/30  coverage=0.6008  prec@K=0.0023  accepted=17  auc=0.7010  uauc=0.6410  loss=nan  (2.3s)
Round   20/30  coverage=0.6008  prec@K=0.0019  accepted=14  auc=0.7729  uauc=0.6405  loss=nan  (2.5s)
Round   21/30  coverage=0.6009  prec@K=0.0026  accepted=19  auc=0.7098  uauc=0.6569  loss=nan  (8.6s)
Round   22/30  coverage=0.6009  prec@K=0.0018  accepted=13  auc=0.7702  uauc=0.6439  loss=nan  (2.8s)
Round   23/30  coverage=0.6009  prec@K=0.0026  accepted=19  auc=0.7737  uauc=0.6622  loss=nan  (3.0s)
Round   24/30  coverage=0.6010  prec@K=0.0042  accepted=31  auc=0.8527  uauc=0.7882  loss=nan  (2.7s)
Round   25/30  coverage=0.6010  prec@K=0.0018  accepted=13  auc=0.7037  uauc=0.6111  loss=nan  (2.9s)
Round   26/30  coverage=0.6010  prec@K=0.0024  accepted=18  auc=0.8803  uauc=0.7075  loss=nan  (3.5s)
Round   27/30  coverage=0.6011  prec@K=0.0015  accepted=11  auc=0.7224  uauc=0.5778  loss=nan  (3.2s)
Round   28/30  coverage=0.6011  prec@K=0.0034  accepted=25  auc=0.8682  uauc=0.7029  loss=nan  (3.3s)
Round   29/30  coverage=0.6012  prec@K=0.0031  accepted=23  auc=0.7655  uauc=0.7105  loss=nan  (3.8s)
Round   30/30  coverage=0.6012  prec@K=0.0018  accepted=13  auc=0.7543  uauc=0.6427  loss=nan  (3.9s)

结果已写入 results\orchestrator\runs\ir60_constlr5e5_multiseed_bidir\slashdot\cn_s1/rounds.csv
