=== slashdot_jaccard_s1  started 2026-05-10T00:46:17 ===

C:\conda\envs\gnn\lib\site-packages\requests\__init__.py:86: RequestsDependencyWarning: Unable to find acceptable character detection dependency (chardet or charset_normalizer).
  warnings.warn(
C:\conda\envs\gnn\lib\site-packages\outdated\__init__.py:36: UserWarning: pkg_resources is deprecated as an API. See https://setuptools.pypa.io/en/latest/pkg_resources.html. The pkg_resources package is slated for removal as early as 2025-11-30. Refrain from using this package or pin to Setuptools<81.
  from pkg_resources import parse_version
Round    1/30  coverage=0.6000  prec@K=0.0033  accepted=24  auc=0.5876  uauc=0.7203  loss=nan  (6.8s)
Round    2/30  coverage=0.6001  prec@K=0.0031  accepted=22  auc=0.6461  uauc=0.6732  loss=nan  (0.7s)
Round    3/30  coverage=0.6001  prec@K=0.0029  accepted=21  auc=0.5509  uauc=0.7410  loss=nan  (0.8s)
Round    4/30  coverage=0.6002  prec@K=0.0020  accepted=15  auc=0.5607  uauc=0.8193  loss=nan  (0.8s)
Round    5/30  coverage=0.6002  prec@K=0.0031  accepted=22  auc=0.5367  uauc=0.8069  loss=nan  (0.8s)
Round    6/30  coverage=0.6002  prec@K=0.0029  accepted=21  auc=0.5330  uauc=0.5042  loss=nan  (0.9s)
Round    7/30  coverage=0.6003  prec@K=0.0016  accepted=12  auc=0.5553  uauc=0.5856  loss=nan  (0.9s)
Round    8/30  coverage=0.6003  prec@K=0.0025  accepted=18  auc=0.6033  uauc=0.6140  loss=nan  (1.0s)
Round    9/30  coverage=0.6003  prec@K=0.0012  accepted=9  auc=0.5251  uauc=0.8642  loss=nan  (1.2s)
Round   10/30  coverage=0.6004  prec@K=0.0027  accepted=20  auc=0.5350  uauc=0.6881  loss=nan  (1.4s)
Round   11/30  coverage=0.6004  prec@K=0.0026  accepted=19  auc=0.5462  uauc=0.5511  loss=nan  (7.2s)
Round   12/30  coverage=0.6004  prec@K=0.0019  accepted=14  auc=0.6145  uauc=0.6664  loss=nan  (1.7s)
Round   13/30  coverage=0.6004  prec@K=0.0015  accepted=11  auc=0.5030  uauc=0.7172  loss=nan  (1.8s)
Round   14/30  coverage=0.6005  prec@K=0.0015  accepted=11  auc=0.4975  uauc=0.5691  loss=nan  (1.9s)
Round   15/30  coverage=0.6005  prec@K=0.0037  accepted=27  auc=0.6415  uauc=0.6922  loss=nan  (2.2s)
Round   16/30  coverage=0.6006  prec@K=0.0032  accepted=23  auc=0.5223  uauc=0.7598  loss=nan  (2.2s)
Round   17/30  coverage=0.6006  prec@K=0.0011  accepted=8  auc=0.5366  uauc=0.5278  loss=nan  (2.4s)
Round   18/30  coverage=0.6006  prec@K=0.0027  accepted=20  auc=0.5751  uauc=0.6247  loss=nan  (2.6s)
Round   19/30  coverage=0.6006  prec@K=0.0015  accepted=11  auc=0.4622  uauc=0.5556  loss=nan  (2.9s)
Round   20/30  coverage=0.6007  prec@K=0.0012  accepted=9  auc=0.5945  uauc=0.4375  loss=nan  (3.1s)
Round   21/30  coverage=0.6007  prec@K=0.0027  accepted=20  auc=0.5256  uauc=0.6733  loss=nan  (10.2s)
Round   22/30  coverage=0.6007  prec@K=0.0015  accepted=11  auc=0.5392  uauc=0.8364  loss=nan  (3.3s)
Round   23/30  coverage=0.6007  prec@K=0.0022  accepted=16  auc=0.5117  uauc=0.7897  loss=nan  (3.6s)
Round   24/30  coverage=0.6008  prec@K=0.0019  accepted=14  auc=0.5887  uauc=0.7498  loss=nan  (3.2s)
Round   25/30  coverage=0.6008  prec@K=0.0014  accepted=10  auc=0.4986  uauc=0.8357  loss=nan  (3.5s)
Round   26/30  coverage=0.6008  prec@K=0.0016  accepted=12  auc=0.6249  uauc=0.8476  loss=nan  (4.1s)
Round   27/30  coverage=0.6008  prec@K=0.0008  accepted=6  auc=0.4807  uauc=0.7333  loss=nan  (3.7s)
Round   28/30  coverage=0.6008  prec@K=0.0012  accepted=9  auc=0.5826  uauc=0.6315  loss=nan  (3.9s)
Round   29/30  coverage=0.6009  prec@K=0.0023  accepted=17  auc=0.5891  uauc=0.6560  loss=nan  (4.4s)
Round   30/30  coverage=0.6009  prec@K=0.0012  accepted=9  auc=0.4735  uauc=0.5486  loss=nan  (4.5s)

结果已写入 results\orchestrator\runs\ir60_constlr5e5_multiseed_bidir\slashdot\jaccard_s1/rounds.csv
