=== slashdot_cn_s3  started 2026-05-10T00:16:57 ===

C:\conda\envs\gnn\lib\site-packages\requests\__init__.py:86: RequestsDependencyWarning: Unable to find acceptable character detection dependency (chardet or charset_normalizer).
  warnings.warn(
C:\conda\envs\gnn\lib\site-packages\outdated\__init__.py:36: UserWarning: pkg_resources is deprecated as an API. See https://setuptools.pypa.io/en/latest/pkg_resources.html. The pkg_resources package is slated for removal as early as 2025-11-30. Refrain from using this package or pin to Setuptools<81.
  from pkg_resources import parse_version
Round    1/30  coverage=0.6000  prec@K=0.0032  accepted=23  auc=0.8476  uauc=0.7435  loss=nan  (6.6s)
Round    2/30  coverage=0.6001  prec@K=0.0030  accepted=22  auc=0.7539  uauc=0.7014  loss=nan  (0.6s)
Round    3/30  coverage=0.6002  prec@K=0.0047  accepted=34  auc=0.8769  uauc=0.7390  loss=nan  (0.7s)
Round    4/30  coverage=0.6002  prec@K=0.0039  accepted=28  auc=0.8208  uauc=0.7090  loss=nan  (0.7s)
Round    5/30  coverage=0.6002  prec@K=0.0020  accepted=14  auc=0.7088  uauc=0.6282  loss=nan  (0.7s)
Round    6/30  coverage=0.6003  prec@K=0.0027  accepted=20  auc=0.8259  uauc=0.6810  loss=nan  (0.8s)
Round    7/30  coverage=0.6003  prec@K=0.0033  accepted=24  auc=0.7143  uauc=0.6728  loss=nan  (0.8s)
Round    8/30  coverage=0.6004  prec@K=0.0026  accepted=19  auc=0.7333  uauc=0.6460  loss=nan  (0.9s)
Round    9/30  coverage=0.6004  prec@K=0.0040  accepted=29  auc=0.7318  uauc=0.7011  loss=nan  (1.0s)
Round   10/30  coverage=0.6005  prec@K=0.0037  accepted=27  auc=0.7964  uauc=0.6696  loss=nan  (1.2s)
Round   11/30  coverage=0.6005  prec@K=0.0046  accepted=33  auc=0.7288  uauc=0.6529  loss=nan  (6.9s)
Round   12/30  coverage=0.6006  prec@K=0.0050  accepted=37  auc=0.8280  uauc=0.6928  loss=nan  (1.5s)
Round   13/30  coverage=0.6006  prec@K=0.0031  accepted=23  auc=0.8705  uauc=0.8077  loss=nan  (1.6s)
Round   14/30  coverage=0.6007  prec@K=0.0029  accepted=21  auc=0.8177  uauc=0.6636  loss=nan  (1.9s)
Round   15/30  coverage=0.6007  prec@K=0.0034  accepted=25  auc=0.8078  uauc=0.6155  loss=nan  (1.8s)
Round   16/30  coverage=0.6008  prec@K=0.0025  accepted=18  auc=0.8280  uauc=0.5922  loss=nan  (2.0s)
Round   17/30  coverage=0.6008  prec@K=0.0022  accepted=16  auc=0.8055  uauc=0.7618  loss=nan  (2.1s)
Round   18/30  coverage=0.6008  prec@K=0.0018  accepted=13  auc=0.7062  uauc=0.6722  loss=nan  (2.3s)
Round   19/30  coverage=0.6009  prec@K=0.0036  accepted=26  auc=0.8140  uauc=0.6281  loss=nan  (2.5s)
Round   20/30  coverage=0.6009  prec@K=0.0017  accepted=12  auc=0.8380  uauc=0.6831  loss=nan  (2.3s)
Round   21/30  coverage=0.6009  prec@K=0.0023  accepted=17  auc=0.8191  uauc=0.6476  loss=nan  (8.7s)
Round   22/30  coverage=0.6010  prec@K=0.0026  accepted=19  auc=0.8353  uauc=0.6487  loss=nan  (2.9s)
Round   23/30  coverage=0.6010  prec@K=0.0033  accepted=24  auc=0.7661  uauc=0.7222  loss=nan  (2.9s)
Round   24/30  coverage=0.6011  prec@K=0.0026  accepted=19  auc=0.8671  uauc=0.6702  loss=nan  (2.9s)
Round   25/30  coverage=0.6011  prec@K=0.0018  accepted=13  auc=0.8285  uauc=0.7607  loss=nan  (3.0s)
Round   26/30  coverage=0.6011  prec@K=0.0023  accepted=17  auc=0.6812  uauc=0.6193  loss=nan  (3.2s)
Round   27/30  coverage=0.6012  prec@K=0.0037  accepted=27  auc=0.9030  uauc=0.7306  loss=nan  (3.5s)
Round   28/30  coverage=0.6012  prec@K=0.0014  accepted=10  auc=0.8721  uauc=0.7389  loss=nan  (3.6s)
Round   29/30  coverage=0.6012  prec@K=0.0017  accepted=12  auc=0.6553  uauc=0.5868  loss=nan  (3.2s)
Round   30/30  coverage=0.6012  prec@K=0.0025  accepted=18  auc=0.8671  uauc=0.7400  loss=nan  (4.0s)

结果已写入 results\orchestrator\runs\ir60_constlr5e5_multiseed_bidir\slashdot\cn_s3/rounds.csv
