=== sx_askubuntu_gnn_concat_s0  started 2026-05-10T01:21:16 ===

C:\conda\envs\gnn\lib\site-packages\requests\__init__.py:86: RequestsDependencyWarning: Unable to find acceptable character detection dependency (chardet or charset_normalizer).
  warnings.warn(
C:\conda\envs\gnn\lib\site-packages\outdated\__init__.py:36: UserWarning: pkg_resources is deprecated as an API. See https://setuptools.pypa.io/en/latest/pkg_resources.html. The pkg_resources package is slated for removal as early as 2025-11-30. Refrain from using this package or pin to Setuptools<81.
  from pkg_resources import parse_version
Round    1/30  coverage=0.6000  prec@K=0.0002  accepted=3  auc=0.3907  uauc=0.5556  loss=0.6885  (41.7s)
Round    2/30  coverage=0.6000  prec@K=0.0006  accepted=8  auc=0.3907  uauc=0.6519  loss=0.6862  (24.5s)
Round    3/30  coverage=0.6000  prec@K=0.0003  accepted=5  auc=0.1466  uauc=0.7000  loss=0.6840  (19.5s)
Round    4/30  coverage=0.6000  prec@K=0.0004  accepted=6  auc=0.3057  uauc=0.6333  loss=0.6815  (24.8s)
Round    5/30  coverage=0.6000  prec@K=0.0001  accepted=2  auc=0.1373  uauc=0.8889  loss=0.6797  (20.6s)
Round    6/30  coverage=0.6001  prec@K=0.0003  accepted=5  auc=0.5790  uauc=1.0000  loss=0.6776  (22.2s)
Round    7/30  coverage=0.6001  prec@K=0.0006  accepted=9  auc=0.4201  uauc=0.8770  loss=0.6753  (22.3s)
Round    8/30  coverage=0.6001  prec@K=0.0007  accepted=10  auc=0.2005  uauc=0.8333  loss=0.6729  (24.6s)
Round    9/30  coverage=0.6001  prec@K=0.0003  accepted=4  auc=0.4941  uauc=0.6304  loss=0.6706  (24.3s)
Round   10/30  coverage=0.6001  prec@K=0.0006  accepted=8  auc=0.1301  uauc=0.7500  loss=0.6684  (25.5s)
Round   11/30  coverage=0.6001  prec@K=0.0003  accepted=5  auc=0.3219  uauc=0.8750  loss=0.6658  (41.1s)
Round   12/30  coverage=0.6001  prec@K=0.0004  accepted=6  auc=0.0898  uauc=1.0000  loss=0.6635  (26.7s)
Round   13/30  coverage=0.6001  prec@K=0.0003  accepted=4  auc=0.0501  uauc=0.9722  loss=0.6606  (28.3s)
Round   14/30  coverage=0.6001  prec@K=0.0003  accepted=4  auc=0.3916  uauc=0.8941  loss=0.6582  (27.8s)
Round   15/30  coverage=0.6002  prec@K=0.0003  accepted=4  auc=0.3011  uauc=0.5396  loss=0.6564  (29.2s)
Round   16/30  coverage=0.6002  prec@K=0.0003  accepted=5  auc=0.2471  uauc=0.8556  loss=0.6542  (29.6s)
Round   17/30  coverage=0.6002  prec@K=0.0003  accepted=5  auc=0.3176  uauc=0.7889  loss=0.6517  (30.2s)
Round   18/30  coverage=0.6002  prec@K=0.0003  accepted=5  auc=0.0909  uauc=0.7891  loss=0.6492  (30.8s)
Round   19/30  coverage=0.6002  prec@K=0.0002  accepted=3  auc=0.2072  uauc=0.7963  loss=0.6467  (32.8s)
Round   20/30  coverage=0.6002  prec@K=0.0006  accepted=8  auc=0.2941  uauc=0.5201  loss=0.6437  (32.8s)
Round   21/30  coverage=0.6002  prec@K=0.0001  accepted=2  auc=0.4667  uauc=0.6944  loss=0.6418  (48.5s)
Round   22/30  coverage=0.6002  prec@K=0.0006  accepted=8  auc=0.2175  uauc=0.5873  loss=0.6390  (34.3s)
Round   23/30  coverage=0.6002  prec@K=0.0003  accepted=4  auc=0.1922  uauc=0.8056  loss=0.6369  (34.1s)
Round   24/30  coverage=0.6002  prec@K=0.0002  accepted=3  auc=0.5216  uauc=0.6296  loss=0.6338  (34.0s)
Round   25/30  coverage=0.6002  prec@K=0.0003  accepted=5  auc=0.1888  uauc=0.7333  loss=0.6312  (37.1s)
Round   26/30  coverage=0.6002  prec@K=0.0003  accepted=4  auc=0.4563  uauc=0.6250  loss=0.6291  (34.7s)
Round   27/30  coverage=0.6003  prec@K=0.0003  accepted=4  auc=0.3883  uauc=0.7292  loss=0.6258  (42.4s)
Round   28/30  coverage=0.6003  prec@K=0.0003  accepted=4  auc=0.3734  uauc=0.8333  loss=0.6238  (40.7s)
Round   29/30  coverage=0.6003  prec@K=0.0005  accepted=7  auc=0.4251  uauc=0.5935  loss=0.6216  (40.3s)
Round   30/30  coverage=0.6003  prec@K=0.0004  accepted=6  auc=0.2019  uauc=0.7870  loss=0.6191  (46.2s)

结果已写入 results\orchestrator\runs\ir60_constlr5e5_multiseed_bidir\sx_askubuntu\gnn_concat_s0/rounds.csv
