=== sx_askubuntu_gnn_s3  started 2026-05-10T01:15:55 ===

C:\conda\envs\gnn\lib\site-packages\requests\__init__.py:86: RequestsDependencyWarning: Unable to find acceptable character detection dependency (chardet or charset_normalizer).
  warnings.warn(
C:\conda\envs\gnn\lib\site-packages\outdated\__init__.py:36: UserWarning: pkg_resources is deprecated as an API. See https://setuptools.pypa.io/en/latest/pkg_resources.html. The pkg_resources package is slated for removal as early as 2025-11-30. Refrain from using this package or pin to Setuptools<81.
  from pkg_resources import parse_version
Round    1/30  coverage=0.6000  prec@K=0.0001  accepted=2  auc=0.9053  uauc=0.6111  loss=0.5997  (37.1s)
Round    2/30  coverage=0.6000  prec@K=0.0003  accepted=5  auc=0.9333  uauc=0.8778  loss=0.5993  (17.1s)
Round    3/30  coverage=0.6000  prec@K=0.0006  accepted=8  auc=0.5511  uauc=0.5439  loss=0.5994  (17.3s)
Round    4/30  coverage=0.6000  prec@K=0.0003  accepted=4  auc=0.6215  uauc=0.7778  loss=0.5991  (18.4s)
Round    5/30  coverage=0.6000  prec@K=0.0003  accepted=4  auc=0.8173  uauc=0.7361  loss=0.5989  (18.8s)
Round    6/30  coverage=0.6001  prec@K=0.0003  accepted=5  auc=0.6868  uauc=0.8222  loss=0.5984  (24.7s)
Round    7/30  coverage=0.6001  prec@K=0.0002  accepted=3  auc=0.3888  uauc=0.3889  loss=0.5983  (21.3s)
Round    8/30  coverage=0.6001  prec@K=0.0004  accepted=6  auc=0.6378  uauc=0.5648  loss=0.5982  (21.3s)
Round    9/30  coverage=0.6001  prec@K=0.0002  accepted=3  auc=0.5112  uauc=0.7259  loss=0.5979  (27.2s)
Round   10/30  coverage=0.6001  prec@K=0.0002  accepted=3  auc=0.5103  uauc=0.5344  loss=0.5977  (22.6s)
Round   11/30  coverage=0.6001  prec@K=0.0004  accepted=6  auc=0.7551  uauc=0.8519  loss=0.5975  (39.1s)
Round   12/30  coverage=0.6001  prec@K=0.0003  accepted=5  auc=0.7227  uauc=0.4667  loss=0.5972  (24.7s)
Round   13/30  coverage=0.6001  prec@K=0.0003  accepted=5  auc=0.6451  uauc=0.7111  loss=0.5971  (26.8s)
Round   14/30  coverage=0.6001  prec@K=0.0006  accepted=8  auc=0.7591  uauc=0.5620  loss=0.5970  (33.5s)
Round   15/30  coverage=0.6001  prec@K=0.0003  accepted=5  auc=0.5729  uauc=0.5611  loss=0.5967  (31.8s)
Round   16/30  coverage=0.6001  prec@K=0.0001  accepted=1  auc=0.9439  uauc=1.0000  loss=0.5962  (28.4s)
Round   17/30  coverage=0.6001  prec@K=0.0001  accepted=2  auc=0.4070  uauc=0.6111  loss=0.5963  (32.6s)
Round   18/30  coverage=0.6001  prec@K=0.0003  accepted=5  auc=0.8739  uauc=0.6444  loss=0.5957  (29.5s)
Round   19/30  coverage=0.6002  prec@K=0.0003  accepted=4  auc=0.7780  uauc=0.7083  loss=0.5961  (32.0s)
Round   20/30  coverage=0.6002  prec@K=0.0001  accepted=1  auc=0.6605  uauc=0.7778  loss=0.5955  (30.5s)
Round   21/30  coverage=0.6002  prec@K=0.0004  accepted=5  auc=0.5800  uauc=0.4965  loss=0.5954  (47.4s)
Round   22/30  coverage=0.6002  prec@K=0.0001  accepted=2  auc=0.5344  uauc=0.4444  loss=0.5950  (31.8s)
Round   23/30  coverage=0.6002  prec@K=0.0001  accepted=2  auc=0.4681  uauc=0.6944  loss=0.5950  (34.4s)
Round   24/30  coverage=0.6002  prec@K=0.0004  accepted=6  auc=0.8035  uauc=0.5463  loss=0.5948  (34.7s)
Round   25/30  coverage=0.6002  prec@K=0.0003  accepted=5  auc=0.7027  uauc=0.4222  loss=0.5947  (34.8s)
Round   26/30  coverage=0.6002  prec@K=0.0003  accepted=4  auc=0.3974  uauc=0.5370  loss=0.5943  (36.6s)
Round   27/30  coverage=0.6002  prec@K=0.0001  accepted=2  auc=0.6319  uauc=0.9167  loss=0.5945  (38.1s)
Round   28/30  coverage=0.6002  prec@K=0.0001  accepted=2  auc=0.9389  uauc=0.1389  loss=0.5937  (39.0s)
Round   29/30  coverage=0.6002  prec@K=0.0002  accepted=3  auc=0.6428  uauc=0.7037  loss=0.5938  (38.7s)
Round   30/30  coverage=0.6002  prec@K=0.0001  accepted=2  auc=0.4709  uauc=0.7500  loss=0.5936  (40.1s)

结果已写入 results\orchestrator\runs\ir60_constlr5e5_multiseed_bidir\sx_askubuntu\gnn_s3/rounds.csv
