=== sx_askubuntu_random_s1  started 2026-05-10T02:36:16 ===

C:\conda\envs\gnn\lib\site-packages\requests\__init__.py:86: RequestsDependencyWarning: Unable to find acceptable character detection dependency (chardet or charset_normalizer).
  warnings.warn(
C:\conda\envs\gnn\lib\site-packages\outdated\__init__.py:36: UserWarning: pkg_resources is deprecated as an API. See https://setuptools.pypa.io/en/latest/pkg_resources.html. The pkg_resources package is slated for removal as early as 2025-11-30. Refrain from using this package or pin to Setuptools<81.
  from pkg_resources import parse_version
Round    1/30  coverage=0.6000  prec@K=0.0005  accepted=7  loss=nan  (19.1s)
Round    2/30  coverage=0.6000  prec@K=0.0001  accepted=2  loss=nan  (1.4s)
Round    3/30  coverage=0.6000  prec@K=0.0001  accepted=1  loss=nan  (2.2s)
Round    4/30  coverage=0.6000  prec@K=0.0003  accepted=5  loss=nan  (3.3s)
Round    5/30  coverage=0.6000  prec@K=0.0002  accepted=3  loss=nan  (3.8s)
Round    6/30  coverage=0.6000  prec@K=0.0001  accepted=1  loss=nan  (4.7s)
Round    7/30  coverage=0.6000  prec@K=0.0004  accepted=6  loss=nan  (5.2s)
Round    8/30  coverage=0.6001  prec@K=0.0002  accepted=3  loss=nan  (6.3s)
Round    9/30  coverage=0.6001  prec@K=0.0003  accepted=4  loss=nan  (6.9s)
Round   10/30  coverage=0.6001  prec@K=0.0002  accepted=3  loss=nan  (7.5s)
Round   11/30  coverage=0.6001  prec@K=0.0002  accepted=3  loss=nan  (25.2s)
Round   12/30  coverage=0.6001  prec@K=0.0003  accepted=4  loss=nan  (9.2s)
Round   13/30  coverage=0.6001  prec@K=0.0003  accepted=4  loss=nan  (10.4s)
Round   14/30  coverage=0.6001  prec@K=0.0000  accepted=0  loss=nan  (10.0s)
Round   15/30  coverage=0.6001  prec@K=0.0002  accepted=3  loss=nan  (10.0s)
Round   16/30  coverage=0.6001  prec@K=0.0001  accepted=1  loss=nan  (11.4s)
Round   17/30  coverage=0.6001  prec@K=0.0003  accepted=4  loss=nan  (13.7s)
Round   18/30  coverage=0.6001  prec@K=0.0001  accepted=2  loss=nan  (13.3s)
Round   19/30  coverage=0.6001  prec@K=0.0002  accepted=3  loss=nan  (12.8s)
Round   20/30  coverage=0.6001  prec@K=0.0001  accepted=2  loss=nan  (15.6s)
Round   21/30  coverage=0.6001  prec@K=0.0002  accepted=3  loss=nan  (31.9s)
Round   22/30  coverage=0.6001  prec@K=0.0002  accepted=3  loss=nan  (16.2s)
Round   23/30  coverage=0.6001  prec@K=0.0001  accepted=1  loss=nan  (17.5s)
Round   24/30  coverage=0.6001  prec@K=0.0001  accepted=2  loss=nan  (18.9s)
Round   25/30  coverage=0.6001  prec@K=0.0005  accepted=7  loss=nan  (18.5s)
Round   26/30  coverage=0.6001  prec@K=0.0001  accepted=2  loss=nan  (22.5s)
Round   27/30  coverage=0.6002  prec@K=0.0003  accepted=5  loss=nan  (18.7s)
Round   28/30  coverage=0.6002  prec@K=0.0001  accepted=2  loss=nan  (22.1s)
Round   29/30  coverage=0.6002  prec@K=0.0003  accepted=4  loss=nan  (22.8s)
Round   30/30  coverage=0.6002  prec@K=0.0002  accepted=3  loss=nan  (22.5s)

结果已写入 results\orchestrator\runs\ir60_constlr5e5_multiseed_bidir\sx_askubuntu\random_s1/rounds.csv
