=== sx_askubuntu_pa_s42  started 2026-05-10T02:35:40 ===

C:\conda\envs\gnn\lib\site-packages\requests\__init__.py:86: RequestsDependencyWarning: Unable to find acceptable character detection dependency (chardet or charset_normalizer).
  warnings.warn(
C:\conda\envs\gnn\lib\site-packages\outdated\__init__.py:36: UserWarning: pkg_resources is deprecated as an API. See https://setuptools.pypa.io/en/latest/pkg_resources.html. The pkg_resources package is slated for removal as early as 2025-11-30. Refrain from using this package or pin to Setuptools<81.
  from pkg_resources import parse_version
Round    1/30  coverage=0.6000  prec@K=0.0006  accepted=8  auc=0.9302  uauc=0.8750  loss=nan  (19.6s)
Round    2/30  coverage=0.6000  prec@K=0.0004  accepted=6  auc=0.6681  uauc=0.6481  loss=nan  (2.1s)
Round    3/30  coverage=0.6000  prec@K=0.0006  accepted=8  auc=0.8289  uauc=0.7361  loss=nan  (2.8s)
Round    4/30  coverage=0.6001  prec@K=0.0006  accepted=9  auc=0.7116  uauc=0.8254  loss=nan  (4.0s)
Round    5/30  coverage=0.6001  prec@K=0.0007  accepted=10  auc=0.8327  uauc=0.8048  loss=nan  (4.7s)
Round    6/30  coverage=0.6001  prec@K=0.0007  accepted=10  auc=0.7728  uauc=0.6778  loss=nan  (5.3s)
Round    7/30  coverage=0.6001  prec@K=0.0002  accepted=3  auc=0.8541  uauc=0.8889  loss=nan  (6.3s)
Round    8/30  coverage=0.6001  prec@K=0.0006  accepted=9  auc=0.8653  uauc=0.7407  loss=nan  (6.8s)
Round    9/30  coverage=0.6001  prec@K=0.0008  accepted=11  auc=0.7840  uauc=0.7980  loss=nan  (6.8s)
Round   10/30  coverage=0.6002  prec@K=0.0007  accepted=10  auc=0.5340  uauc=0.4500  loss=nan  (7.6s)
Round   11/30  coverage=0.6002  prec@K=0.0007  accepted=10  auc=0.7844  uauc=0.7056  loss=nan  (25.4s)
Round   12/30  coverage=0.6002  prec@K=0.0005  accepted=7  auc=0.7050  uauc=0.6448  loss=nan  (9.8s)
Round   13/30  coverage=0.6002  prec@K=0.0005  accepted=7  auc=0.7786  uauc=0.6349  loss=nan  (10.0s)
Round   14/30  coverage=0.6002  prec@K=0.0003  accepted=4  auc=0.7866  uauc=0.6111  loss=nan  (10.2s)
Round   15/30  coverage=0.6002  prec@K=0.0007  accepted=10  auc=0.8645  uauc=0.7728  loss=nan  (10.7s)
Round   16/30  coverage=0.6002  prec@K=0.0006  accepted=8  auc=0.8685  uauc=0.6528  loss=nan  (12.3s)
Round   17/30  coverage=0.6003  prec@K=0.0006  accepted=8  auc=0.6490  uauc=0.6502  loss=nan  (12.0s)
Round   18/30  coverage=0.6003  prec@K=0.0004  accepted=6  auc=0.9270  uauc=0.7593  loss=nan  (13.2s)
Round   19/30  coverage=0.6003  prec@K=0.0008  accepted=12  auc=0.7806  uauc=0.5602  loss=nan  (13.2s)
Round   20/30  coverage=0.6003  prec@K=0.0005  accepted=7  auc=0.8706  uauc=0.8495  loss=nan  (15.0s)
Round   21/30  coverage=0.6003  prec@K=0.0007  accepted=10  auc=0.9101  uauc=0.6000  loss=nan  (34.8s)
Round   22/30  coverage=0.6003  prec@K=0.0008  accepted=12  auc=0.7112  uauc=0.5185  loss=nan  (16.0s)
Round   23/30  coverage=0.6004  prec@K=0.0006  accepted=8  auc=0.8431  uauc=0.5694  loss=nan  (16.6s)
Round   24/30  coverage=0.6004  prec@K=0.0011  accepted=16  auc=0.8011  uauc=0.7177  loss=nan  (17.4s)
Round   25/30  coverage=0.6004  prec@K=0.0007  accepted=10  auc=0.7822  uauc=0.7052  loss=nan  (22.0s)
Round   26/30  coverage=0.6004  prec@K=0.0010  accepted=14  auc=0.7674  uauc=0.5587  loss=nan  (21.1s)
Round   27/30  coverage=0.6004  prec@K=0.0004  accepted=5  auc=0.7539  uauc=0.6889  loss=nan  (20.4s)
Round   28/30  coverage=0.6004  prec@K=0.0005  accepted=7  auc=0.6705  uauc=0.7968  loss=nan  (20.4s)
Round   29/30  coverage=0.6005  prec@K=0.0006  accepted=8  auc=0.8667  uauc=0.4861  loss=nan  (22.2s)
Round   30/30  coverage=0.6005  prec@K=0.0004  accepted=6  auc=0.8597  uauc=0.5704  loss=nan  (24.6s)

结果已写入 results\orchestrator\runs\ir60_constlr5e5_multiseed_bidir\sx_askubuntu\pa_s42/rounds.csv
