=== sx_mathoverflow_gnn_concat_h8_s1  started 2026-05-09T23:30:31 ===

C:\conda\envs\gnn\lib\site-packages\requests\__init__.py:86: RequestsDependencyWarning: Unable to find acceptable character detection dependency (chardet or charset_normalizer).
  warnings.warn(
C:\conda\envs\gnn\lib\site-packages\outdated\__init__.py:36: UserWarning: pkg_resources is deprecated as an API. See https://setuptools.pypa.io/en/latest/pkg_resources.html. The pkg_resources package is slated for removal as early as 2025-11-30. Refrain from using this package or pin to Setuptools<81.
  from pkg_resources import parse_version
Round    1/30  coverage=0.6000  prec@K=0.0004  accepted=1  auc=0.7957  uauc=1.0000  loss=0.7453  (9.1s)
Round    2/30  coverage=0.6000  prec@K=0.0008  accepted=2  auc=0.4759  uauc=0.2778  loss=0.7448  (3.2s)
Round    3/30  coverage=0.6000  prec@K=0.0004  accepted=1  auc=0.8395  uauc=0.1111  loss=0.7455  (3.1s)
Round    4/30  coverage=0.6000  prec@K=0.0004  accepted=1  auc=0.8682  uauc=0.5556  loss=0.7441  (3.3s)
Round    5/30  coverage=0.6000  prec@K=0.0017  accepted=4  auc=0.4141  uauc=0.5139  loss=0.7434  (3.3s)
Round    6/30  coverage=0.6000  prec@K=0.0008  accepted=2  auc=0.6735  uauc=0.3611  loss=0.7438  (3.1s)
Round    7/30  coverage=0.6001  prec@K=0.0012  accepted=3  auc=0.8987  uauc=0.6250  loss=0.7432  (3.3s)
Round    8/30  coverage=0.6001  prec@K=0.0004  accepted=1  auc=0.8114  uauc=0.5000  loss=0.7429  (3.3s)
Round    9/30  coverage=0.6001  prec@K=0.0000  accepted=0  loss=0.7410  (3.3s)
Round   10/30  coverage=0.6001  prec@K=0.0013  accepted=3  auc=0.6171  uauc=0.8259  loss=0.7419  (3.3s)
Round   11/30  coverage=0.6001  prec@K=0.0000  accepted=0  loss=0.7410  (7.7s)
Round   12/30  coverage=0.6001  prec@K=0.0004  accepted=1  auc=0.2539  uauc=0.5000  loss=0.7409  (3.5s)
Round   13/30  coverage=0.6001  prec@K=0.0000  accepted=0  loss=0.7400  (3.3s)
Round   14/30  coverage=0.6001  prec@K=0.0000  accepted=0  loss=0.7405  (3.6s)
Round   15/30  coverage=0.6001  prec@K=0.0000  accepted=0  loss=0.7406  (3.6s)
Round   16/30  coverage=0.6001  prec@K=0.0000  accepted=0  loss=0.7385  (3.5s)
Round   17/30  coverage=0.6001  prec@K=0.0004  accepted=1  auc=0.8719  uauc=0.5556  loss=0.7391  (3.4s)
Round   18/30  coverage=0.6001  prec@K=0.0004  accepted=1  auc=0.8795  uauc=0.5556  loss=0.7387  (3.8s)
Round   19/30  coverage=0.6001  prec@K=0.0008  accepted=2  auc=0.9690  uauc=0.5000  loss=0.7368  (3.1s)
Round   20/30  coverage=0.6001  prec@K=0.0000  accepted=0  loss=0.7368  (3.5s)
Round   21/30  coverage=0.6001  prec@K=0.0000  accepted=0  loss=0.7372  (8.3s)
Round   22/30  coverage=0.6001  prec@K=0.0000  accepted=0  loss=0.7361  (3.3s)
Round   23/30  coverage=0.6001  prec@K=0.0000  accepted=0  loss=0.7361  (3.8s)
Round   24/30  coverage=0.6001  prec@K=0.0004  accepted=1  auc=0.0069  uauc=0.1111  loss=0.7350  (3.5s)
Round   25/30  coverage=0.6001  prec@K=0.0000  accepted=0  loss=0.7359  (3.2s)
Round   26/30  coverage=0.6001  prec@K=0.0004  accepted=1  auc=0.8079  uauc=0.0556  loss=0.7340  (3.7s)
Round   27/30  coverage=0.6001  prec@K=0.0008  accepted=2  auc=0.8110  uauc=0.5278  loss=0.7334  (4.1s)
Round   28/30  coverage=0.6001  prec@K=0.0004  accepted=1  auc=0.7687  uauc=0.5000  loss=0.7338  (4.0s)
Round   29/30  coverage=0.6001  prec@K=0.0004  accepted=1  auc=0.2680  uauc=0.5000  loss=0.7333  (3.6s)
Round   30/30  coverage=0.6001  prec@K=0.0004  accepted=1  auc=0.2578  uauc=0.5000  loss=0.7337  (3.7s)

结果已写入 results\orchestrator\runs\ir60_constlr5e5_multiseed_bidir\sx_mathoverflow\gnn_concat_h8_s1/rounds.csv
