=== sx_mathoverflow_cn_s1  started 2026-05-09T23:23:22 ===

C:\conda\envs\gnn\lib\site-packages\requests\__init__.py:86: RequestsDependencyWarning: Unable to find acceptable character detection dependency (chardet or charset_normalizer).
  warnings.warn(
C:\conda\envs\gnn\lib\site-packages\outdated\__init__.py:36: UserWarning: pkg_resources is deprecated as an API. See https://setuptools.pypa.io/en/latest/pkg_resources.html. The pkg_resources package is slated for removal as early as 2025-11-30. Refrain from using this package or pin to Setuptools<81.
  from pkg_resources import parse_version
Round    1/30  coverage=0.6000  prec@K=0.0021  accepted=5  auc=0.9613  uauc=0.6889  loss=nan  (5.0s)
Round    2/30  coverage=0.6001  prec@K=0.0038  accepted=9  auc=0.8906  uauc=0.7908  loss=nan  (0.2s)
Round    3/30  coverage=0.6001  prec@K=0.0029  accepted=7  auc=0.9566  uauc=0.6753  loss=nan  (0.2s)
Round    4/30  coverage=0.6001  prec@K=0.0017  accepted=4  auc=0.8462  uauc=0.6111  loss=nan  (0.2s)
Round    5/30  coverage=0.6001  prec@K=0.0025  accepted=6  auc=0.7430  uauc=0.5093  loss=nan  (0.2s)
Round    6/30  coverage=0.6002  prec@K=0.0021  accepted=5  auc=0.9694  uauc=0.6556  loss=nan  (0.2s)
Round    7/30  coverage=0.6002  prec@K=0.0037  accepted=9  auc=0.8766  uauc=0.8469  loss=nan  (0.2s)
Round    8/30  coverage=0.6002  prec@K=0.0030  accepted=7  auc=0.8670  uauc=0.6349  loss=nan  (0.2s)
Round    9/30  coverage=0.6003  prec@K=0.0037  accepted=9  auc=0.9315  uauc=0.7639  loss=nan  (0.2s)
Round   10/30  coverage=0.6003  prec@K=0.0029  accepted=7  auc=0.8269  uauc=0.8175  loss=nan  (0.2s)
Round   11/30  coverage=0.6003  prec@K=0.0012  accepted=3  auc=0.7391  uauc=0.5370  loss=nan  (4.8s)
Round   12/30  coverage=0.6003  prec@K=0.0025  accepted=6  auc=0.9464  uauc=0.5463  loss=nan  (0.3s)
Round   13/30  coverage=0.6004  prec@K=0.0016  accepted=4  auc=0.9597  uauc=0.5000  loss=nan  (0.3s)
Round   14/30  coverage=0.6004  prec@K=0.0029  accepted=7  auc=0.9700  uauc=0.7940  loss=nan  (0.3s)
Round   15/30  coverage=0.6004  prec@K=0.0042  accepted=10  auc=0.9739  uauc=0.9552  loss=nan  (0.3s)
Round   16/30  coverage=0.6005  prec@K=0.0029  accepted=7  auc=0.8303  uauc=0.7698  loss=nan  (0.3s)
Round   17/30  coverage=0.6005  prec@K=0.0017  accepted=4  auc=0.9792  uauc=0.8889  loss=nan  (0.3s)
Round   18/30  coverage=0.6005  prec@K=0.0025  accepted=6  auc=0.9179  uauc=0.5868  loss=nan  (0.3s)
Round   19/30  coverage=0.6005  prec@K=0.0017  accepted=4  auc=0.7397  uauc=0.4965  loss=nan  (0.3s)
Round   20/30  coverage=0.6005  prec@K=0.0025  accepted=6  auc=0.9689  uauc=0.5575  loss=nan  (0.3s)
Round   21/30  coverage=0.6006  prec@K=0.0017  accepted=4  auc=0.9592  uauc=0.9155  loss=nan  (5.0s)
Round   22/30  coverage=0.6006  prec@K=0.0029  accepted=7  auc=0.9771  uauc=0.7354  loss=nan  (0.3s)
Round   23/30  coverage=0.6006  prec@K=0.0041  accepted=10  auc=0.9200  uauc=0.8016  loss=nan  (0.3s)
Round   24/30  coverage=0.6007  prec@K=0.0021  accepted=5  auc=0.7864  uauc=0.5111  loss=nan  (0.3s)
Round   25/30  coverage=0.6007  prec@K=0.0029  accepted=7  auc=0.9345  uauc=0.6366  loss=nan  (0.3s)
Round   26/30  coverage=0.6007  prec@K=0.0029  accepted=7  auc=0.9370  uauc=0.8968  loss=nan  (0.3s)
Round   27/30  coverage=0.6007  prec@K=0.0016  accepted=4  auc=0.9548  uauc=0.7326  loss=nan  (0.3s)
Round   28/30  coverage=0.6008  prec@K=0.0013  accepted=3  auc=0.9634  uauc=0.6852  loss=nan  (0.3s)
Round   29/30  coverage=0.6008  prec@K=0.0029  accepted=7  auc=0.8228  uauc=0.4365  loss=nan  (0.3s)
Round   30/30  coverage=0.6008  prec@K=0.0063  accepted=15  auc=0.8732  uauc=0.5980  loss=nan  (0.3s)

结果已写入 results\orchestrator\runs\ir60_constlr5e5_multiseed_bidir\sx_mathoverflow\cn_s1/rounds.csv
