=== sx_mathoverflow_gnn_h32_s3  started 2026-05-09T23:32:47 ===

C:\conda\envs\gnn\lib\site-packages\requests\__init__.py:86: RequestsDependencyWarning: Unable to find acceptable character detection dependency (chardet or charset_normalizer).
  warnings.warn(
C:\conda\envs\gnn\lib\site-packages\outdated\__init__.py:36: UserWarning: pkg_resources is deprecated as an API. See https://setuptools.pypa.io/en/latest/pkg_resources.html. The pkg_resources package is slated for removal as early as 2025-11-30. Refrain from using this package or pin to Setuptools<81.
  from pkg_resources import parse_version
Round    1/30  coverage=0.6000  prec@K=0.0004  accepted=1  auc=0.7735  uauc=0.1667  loss=0.6512  (8.5s)
Round    2/30  coverage=0.6000  prec@K=0.0008  accepted=2  auc=0.6377  uauc=0.5000  loss=0.6505  (3.3s)
Round    3/30  coverage=0.6000  prec@K=0.0000  accepted=0  loss=0.6496  (3.7s)
Round    4/30  coverage=0.6000  prec@K=0.0004  accepted=1  auc=0.2401  uauc=0.5000  loss=0.6484  (2.9s)
Round    5/30  coverage=0.6000  prec@K=0.0009  accepted=2  auc=0.8868  uauc=0.4444  loss=0.6476  (3.1s)
Round    6/30  coverage=0.6000  prec@K=0.0004  accepted=1  auc=0.8795  uauc=1.0000  loss=0.6471  (3.3s)
Round    7/30  coverage=0.6000  prec@K=0.0004  accepted=1  auc=0.7945  uauc=0.8889  loss=0.6456  (3.5s)
Round    8/30  coverage=0.6000  prec@K=0.0012  accepted=3  auc=0.8998  uauc=0.5590  loss=0.6449  (3.6s)
Round    9/30  coverage=0.6001  prec@K=0.0004  accepted=1  auc=0.9710  uauc=0.5000  loss=0.6436  (2.9s)
Round   10/30  coverage=0.6001  prec@K=0.0004  accepted=1  auc=0.9283  uauc=0.1667  loss=0.6428  (3.5s)
Round   11/30  coverage=0.6001  prec@K=0.0000  accepted=0  loss=0.6415  (7.6s)
Round   12/30  coverage=0.6001  prec@K=0.0021  accepted=5  auc=0.9107  uauc=0.9111  loss=0.6409  (3.6s)
Round   13/30  coverage=0.6001  prec@K=0.0012  accepted=3  auc=0.3347  uauc=0.4074  loss=0.6396  (3.2s)
Round   14/30  coverage=0.6001  prec@K=0.0008  accepted=2  auc=0.5481  uauc=0.0833  loss=0.6391  (3.2s)
Round   15/30  coverage=0.6001  prec@K=0.0000  accepted=0  loss=0.6379  (3.2s)
Round   16/30  coverage=0.6001  prec@K=0.0013  accepted=3  auc=0.6548  uauc=0.4722  loss=0.6368  (3.3s)
Round   17/30  coverage=0.6001  prec@K=0.0004  accepted=1  auc=0.7554  uauc=0.5556  loss=0.6356  (3.6s)
Round   18/30  coverage=0.6001  prec@K=0.0004  accepted=1  auc=0.8568  uauc=0.6667  loss=0.6343  (3.8s)
Round   19/30  coverage=0.6001  prec@K=0.0000  accepted=0  loss=0.6339  (3.0s)
Round   20/30  coverage=0.6001  prec@K=0.0004  accepted=1  auc=0.8538  uauc=0.2222  loss=0.6330  (3.3s)
Round   21/30  coverage=0.6001  prec@K=0.0004  accepted=1  auc=0.4156  uauc=0.5000  loss=0.6321  (8.0s)
Round   22/30  coverage=0.6001  prec@K=0.0004  accepted=1  auc=0.2356  uauc=0.2778  loss=0.6305  (3.7s)
Round   23/30  coverage=0.6002  prec@K=0.0017  accepted=4  auc=0.3172  uauc=0.6806  loss=0.6299  (3.6s)
Round   24/30  coverage=0.6002  prec@K=0.0004  accepted=1  auc=0.1635  uauc=0.7778  loss=0.6290  (3.4s)
Round   25/30  coverage=0.6002  prec@K=0.0008  accepted=2  auc=0.3127  uauc=0.5000  loss=0.6285  (3.2s)
Round   26/30  coverage=0.6002  prec@K=0.0004  accepted=1  auc=0.1522  uauc=0.1111  loss=0.6265  (3.6s)
Round   27/30  coverage=0.6002  prec@K=0.0000  accepted=0  loss=0.6259  (3.4s)
Round   28/30  coverage=0.6002  prec@K=0.0000  accepted=0  loss=0.6246  (3.3s)
Round   29/30  coverage=0.6002  prec@K=0.0004  accepted=1  auc=0.6613  uauc=0.5000  loss=0.6243  (3.1s)
Round   30/30  coverage=0.6002  prec@K=0.0008  accepted=2  auc=0.2023  uauc=0.9444  loss=0.6229  (3.5s)

结果已写入 results\orchestrator\runs\ir60_constlr5e5_multiseed_bidir\sx_mathoverflow\gnn_h32_s3/rounds.csv
