=== sx_mathoverflow_gnn_concat_s2  started 2026-05-09T23:28:49 ===

C:\conda\envs\gnn\lib\site-packages\requests\__init__.py:86: RequestsDependencyWarning: Unable to find acceptable character detection dependency (chardet or charset_normalizer).
  warnings.warn(
C:\conda\envs\gnn\lib\site-packages\outdated\__init__.py:36: UserWarning: pkg_resources is deprecated as an API. See https://setuptools.pypa.io/en/latest/pkg_resources.html. The pkg_resources package is slated for removal as early as 2025-11-30. Refrain from using this package or pin to Setuptools<81.
  from pkg_resources import parse_version
Round    1/30  coverage=0.6000  prec@K=0.0017  accepted=4  auc=0.3895  uauc=0.8472  loss=0.6604  (8.7s)
Round    2/30  coverage=0.6000  prec@K=0.0020  accepted=5  auc=0.3714  uauc=0.8611  loss=0.6576  (3.5s)
Round    3/30  coverage=0.6001  prec@K=0.0012  accepted=3  auc=0.3901  uauc=0.7407  loss=0.6555  (3.4s)
Round    4/30  coverage=0.6001  prec@K=0.0004  accepted=1  auc=0.4135  uauc=0.9444  loss=0.6531  (3.2s)
Round    5/30  coverage=0.6001  prec@K=0.0021  accepted=5  auc=0.1894  uauc=0.6528  loss=0.6510  (3.3s)
Round    6/30  coverage=0.6001  prec@K=0.0008  accepted=2  auc=0.2709  uauc=0.9167  loss=0.6481  (3.6s)
Round    7/30  coverage=0.6001  prec@K=0.0004  accepted=1  auc=0.2577  uauc=0.8889  loss=0.6471  (3.3s)
Round    8/30  coverage=0.6001  prec@K=0.0008  accepted=2  auc=0.0309  uauc=0.9375  loss=0.6443  (3.8s)
Round    9/30  coverage=0.6001  prec@K=0.0016  accepted=4  auc=0.1001  uauc=0.7778  loss=0.6425  (3.5s)
Round   10/30  coverage=0.6001  prec@K=0.0004  accepted=1  auc=0.0828  uauc=0.1111  loss=0.6414  (3.3s)
Round   11/30  coverage=0.6001  prec@K=0.0004  accepted=1  auc=0.0833  uauc=0.7778  loss=0.6389  (7.8s)
Round   12/30  coverage=0.6001  prec@K=0.0012  accepted=3  auc=0.1274  uauc=0.5000  loss=0.6361  (3.8s)
Round   13/30  coverage=0.6001  prec@K=0.0008  accepted=2  auc=0.2929  uauc=0.5000  loss=0.6356  (3.1s)
Round   14/30  coverage=0.6002  prec@K=0.0012  accepted=3  auc=0.1433  uauc=0.7037  loss=0.6330  (3.5s)
Round   15/30  coverage=0.6002  prec@K=0.0004  accepted=1  auc=0.1368  uauc=0.7778  loss=0.6303  (3.8s)
Round   16/30  coverage=0.6002  prec@K=0.0004  accepted=1  auc=0.0947  uauc=0.8889  loss=0.6295  (3.3s)
Round   17/30  coverage=0.6002  prec@K=0.0000  accepted=0  loss=0.6270  (3.5s)
Round   18/30  coverage=0.6002  prec@K=0.0004  accepted=1  auc=0.3836  uauc=0.5714  loss=0.6257  (3.5s)
Round   19/30  coverage=0.6002  prec@K=0.0000  accepted=0  loss=0.6240  (3.4s)
Round   20/30  coverage=0.6002  prec@K=0.0000  accepted=0  loss=0.6219  (3.3s)
Round   21/30  coverage=0.6002  prec@K=0.0000  accepted=0  loss=0.6204  (8.0s)
Round   22/30  coverage=0.6002  prec@K=0.0008  accepted=2  auc=0.1926  uauc=0.6389  loss=0.6189  (3.7s)
Round   23/30  coverage=0.6002  prec@K=0.0008  accepted=2  auc=0.5466  uauc=0.7222  loss=0.6178  (3.4s)
Round   24/30  coverage=0.6002  prec@K=0.0004  accepted=1  auc=0.2662  uauc=0.5000  loss=0.6157  (3.3s)
Round   25/30  coverage=0.6002  prec@K=0.0012  accepted=3  auc=0.1022  uauc=0.4815  loss=0.6138  (3.7s)
Round   26/30  coverage=0.6002  prec@K=0.0000  accepted=0  loss=0.6122  (3.6s)
Round   27/30  coverage=0.6002  prec@K=0.0004  accepted=1  auc=0.0144  uauc=0.8889  loss=0.6116  (3.4s)
Round   28/30  coverage=0.6002  prec@K=0.0004  accepted=1  auc=0.9308  uauc=0.7778  loss=0.6095  (3.5s)
Round   29/30  coverage=0.6002  prec@K=0.0004  accepted=1  auc=0.1712  uauc=0.0000  loss=0.6070  (3.7s)
Round   30/30  coverage=0.6002  prec@K=0.0000  accepted=0  loss=0.6065  (3.4s)

结果已写入 results\orchestrator\runs\ir60_constlr5e5_multiseed_bidir\sx_mathoverflow\gnn_concat_s2/rounds.csv
