=== sx_mathoverflow_gnn_sum_h8_s0  started 2026-05-09T23:34:53 ===

C:\conda\envs\gnn\lib\site-packages\requests\__init__.py:86: RequestsDependencyWarning: Unable to find acceptable character detection dependency (chardet or charset_normalizer).
  warnings.warn(
C:\conda\envs\gnn\lib\site-packages\outdated\__init__.py:36: UserWarning: pkg_resources is deprecated as an API. See https://setuptools.pypa.io/en/latest/pkg_resources.html. The pkg_resources package is slated for removal as early as 2025-11-30. Refrain from using this package or pin to Setuptools<81.
  from pkg_resources import parse_version
Round    1/30  coverage=0.6000  prec@K=0.0012  accepted=3  auc=0.6242  uauc=0.5926  loss=0.5492  (8.8s)
Round    2/30  coverage=0.6000  prec@K=0.0029  accepted=7  auc=0.4281  uauc=0.6587  loss=0.5492  (3.7s)
Round    3/30  coverage=0.6001  prec@K=0.0013  accepted=3  auc=0.5901  uauc=0.5741  loss=0.5488  (3.3s)
Round    4/30  coverage=0.6001  prec@K=0.0008  accepted=2  auc=0.6414  uauc=0.5833  loss=0.5490  (3.2s)
Round    5/30  coverage=0.6001  prec@K=0.0025  accepted=6  auc=0.5189  uauc=0.6312  loss=0.5487  (3.4s)
Round    6/30  coverage=0.6001  prec@K=0.0012  accepted=3  auc=0.4963  uauc=0.8148  loss=0.5487  (3.3s)
Round    7/30  coverage=0.6001  prec@K=0.0012  accepted=3  auc=0.4269  uauc=0.5556  loss=0.5484  (3.5s)
Round    8/30  coverage=0.6001  prec@K=0.0030  accepted=7  auc=0.4857  uauc=0.6746  loss=0.5490  (3.3s)
Round    9/30  coverage=0.6002  prec@K=0.0004  accepted=1  auc=0.9382  uauc=0.5000  loss=0.5479  (3.5s)
Round   10/30  coverage=0.6002  prec@K=0.0025  accepted=6  auc=0.4852  uauc=0.8444  loss=0.5485  (3.0s)
Round   11/30  coverage=0.6002  prec@K=0.0008  accepted=2  auc=0.3493  uauc=0.6111  loss=0.5478  (7.9s)
Round   12/30  coverage=0.6002  prec@K=0.0004  accepted=1  auc=0.2185  uauc=1.0000  loss=0.5474  (3.6s)
Round   13/30  coverage=0.6002  prec@K=0.0004  accepted=1  auc=0.6054  uauc=0.8889  loss=0.5475  (3.5s)
Round   14/30  coverage=0.6002  prec@K=0.0008  accepted=2  auc=0.4153  uauc=0.6667  loss=0.5474  (3.6s)
Round   15/30  coverage=0.6002  prec@K=0.0017  accepted=4  auc=0.7827  uauc=0.8611  loss=0.5475  (3.6s)
Round   16/30  coverage=0.6002  prec@K=0.0021  accepted=5  auc=0.3738  uauc=0.8778  loss=0.5478  (3.5s)
Round   17/30  coverage=0.6003  prec@K=0.0008  accepted=2  auc=0.6791  uauc=0.6944  loss=0.5472  (3.3s)
Round   18/30  coverage=0.6003  prec@K=0.0017  accepted=4  auc=0.4627  uauc=0.5972  loss=0.5474  (3.3s)
Round   19/30  coverage=0.6003  prec@K=0.0017  accepted=4  auc=0.3987  uauc=0.6632  loss=0.5477  (3.2s)
Round   20/30  coverage=0.6003  prec@K=0.0017  accepted=4  auc=0.5070  uauc=0.7639  loss=0.5473  (3.3s)
Round   21/30  coverage=0.6003  prec@K=0.0012  accepted=3  auc=0.6726  uauc=0.6111  loss=0.5466  (8.3s)
Round   22/30  coverage=0.6003  prec@K=0.0017  accepted=4  auc=0.3602  uauc=0.5972  loss=0.5462  (3.8s)
Round   23/30  coverage=0.6003  prec@K=0.0013  accepted=3  auc=0.2987  uauc=0.9259  loss=0.5462  (3.6s)
Round   24/30  coverage=0.6004  prec@K=0.0017  accepted=4  auc=0.4386  uauc=0.7500  loss=0.5463  (3.6s)
Round   25/30  coverage=0.6004  prec@K=0.0021  accepted=5  auc=0.5513  uauc=0.6667  loss=0.5460  (3.6s)
Round   26/30  coverage=0.6004  prec@K=0.0004  accepted=1  auc=0.4458  uauc=0.7778  loss=0.5463  (3.2s)
Round   27/30  coverage=0.6004  prec@K=0.0008  accepted=2  auc=0.2802  uauc=0.8333  loss=0.5462  (3.4s)
Round   28/30  coverage=0.6004  prec@K=0.0025  accepted=6  auc=0.3680  uauc=0.7315  loss=0.5456  (3.9s)
Round   29/30  coverage=0.6005  prec@K=0.0025  accepted=6  auc=0.4206  uauc=0.6481  loss=0.5456  (3.9s)
Round   30/30  coverage=0.6005  prec@K=0.0017  accepted=4  auc=0.2109  uauc=0.8519  loss=0.5455  (3.7s)

结果已写入 results\orchestrator\runs\ir60_constlr5e5_multiseed_bidir\sx_mathoverflow\gnn_sum_h8_s0/rounds.csv
