=== sx_superuser_gnn_concat_s42  started 2026-05-10T03:37:17 ===

C:\conda\envs\gnn\lib\site-packages\requests\__init__.py:86: RequestsDependencyWarning: Unable to find acceptable character detection dependency (chardet or charset_normalizer).
  warnings.warn(
C:\conda\envs\gnn\lib\site-packages\outdated\__init__.py:36: UserWarning: pkg_resources is deprecated as an API. See https://setuptools.pypa.io/en/latest/pkg_resources.html. The pkg_resources package is slated for removal as early as 2025-11-30. Refrain from using this package or pin to Setuptools<81.
  from pkg_resources import parse_version
Round    1/30  coverage=0.6000  prec@K=0.0002  accepted=4  auc=0.3596  uauc=0.7778  loss=0.6790  (76.0s)
Round    2/30  coverage=0.6000  prec@K=0.0004  accepted=7  auc=0.3767  uauc=0.5056  loss=0.6765  (30.6s)
Round    3/30  coverage=0.6000  prec@K=0.0003  accepted=6  auc=0.2377  uauc=0.4259  loss=0.6752  (38.6s)
Round    4/30  coverage=0.6000  prec@K=0.0007  accepted=12  auc=0.2040  uauc=0.5851  loss=0.6723  (35.9s)
Round    5/30  coverage=0.6000  prec@K=0.0005  accepted=9  auc=0.1907  uauc=0.4722  loss=0.6702  (32.0s)
Round    6/30  coverage=0.6001  prec@K=0.0003  accepted=5  auc=0.3515  uauc=0.5521  loss=0.6685  (40.8s)
Round    7/30  coverage=0.6001  prec@K=0.0003  accepted=6  auc=0.1755  uauc=0.7315  loss=0.6660  (42.2s)
Round    8/30  coverage=0.6001  prec@K=0.0002  accepted=4  auc=0.1566  uauc=0.6944  loss=0.6634  (38.2s)
Round    9/30  coverage=0.6001  prec@K=0.0004  accepted=7  auc=0.3008  uauc=0.4444  loss=0.6622  (39.3s)
Round   10/30  coverage=0.6001  prec@K=0.0004  accepted=7  auc=0.2534  uauc=0.6032  loss=0.6598  (43.1s)
Round   11/30  coverage=0.6001  prec@K=0.0004  accepted=7  auc=0.4070  uauc=0.5556  loss=0.6574  (82.9s)
Round   12/30  coverage=0.6001  prec@K=0.0006  accepted=11  auc=0.2842  uauc=0.3452  loss=0.6550  (42.7s)
Round   13/30  coverage=0.6001  prec@K=0.0006  accepted=11  auc=0.2881  uauc=0.4646  loss=0.6523  (39.9s)
Round   14/30  coverage=0.6001  prec@K=0.0003  accepted=5  auc=0.1737  uauc=0.9444  loss=0.6506  (45.9s)
Round   15/30  coverage=0.6001  prec@K=0.0004  accepted=8  auc=0.2572  uauc=0.5625  loss=0.6478  (47.2s)
Round   16/30  coverage=0.6001  prec@K=0.0002  accepted=3  auc=0.3895  uauc=0.8333  loss=0.6460  (42.2s)
Round   17/30  coverage=0.6001  prec@K=0.0006  accepted=10  auc=0.2790  uauc=0.7444  loss=0.6436  (44.7s)
Round   18/30  coverage=0.6002  prec@K=0.0004  accepted=7  auc=0.2721  uauc=0.7460  loss=0.6414  (49.1s)
Round   19/30  coverage=0.6002  prec@K=0.0003  accepted=6  auc=0.3775  uauc=0.5611  loss=0.6388  (58.9s)
Round   20/30  coverage=0.6002  prec@K=0.0003  accepted=5  auc=0.2236  uauc=0.8556  loss=0.6371  (50.8s)
Round   21/30  coverage=0.6002  prec@K=0.0004  accepted=8  auc=0.1198  uauc=0.7917  loss=0.6349  (101.7s)
Round   22/30  coverage=0.6002  prec@K=0.0004  accepted=8  auc=0.3419  uauc=0.7917  loss=0.6324  (49.4s)
Round   23/30  coverage=0.6002  prec@K=0.0004  accepted=7  auc=0.1781  uauc=0.8730  loss=0.6294  (55.3s)
Round   24/30  coverage=0.6002  prec@K=0.0004  accepted=8  auc=0.3868  uauc=0.7153  loss=0.6277  (50.7s)
Round   25/30  coverage=0.6002  prec@K=0.0004  accepted=7  auc=0.1139  uauc=0.9167  loss=0.6251  (54.5s)
Round   26/30  coverage=0.6002  prec@K=0.0007  accepted=12  auc=0.2420  uauc=0.8333  loss=0.6229  (53.2s)
Round   27/30  coverage=0.6002  prec@K=0.0002  accepted=4  auc=0.2916  uauc=0.6806  loss=0.6206  (59.3s)
Round   28/30  coverage=0.6002  prec@K=0.0005  accepted=9  auc=0.2195  uauc=0.7185  loss=0.6180  (60.1s)
Round   29/30  coverage=0.6002  prec@K=0.0002  accepted=4  auc=0.1810  uauc=0.9722  loss=0.6159  (69.5s)
Round   30/30  coverage=0.6002  prec@K=0.0002  accepted=4  auc=0.3044  uauc=0.7049  loss=0.6135  (62.0s)

结果已写入 results\orchestrator\runs\ir60_constlr5e5_multiseed_bidir\sx_superuser\gnn_concat_s42/rounds.csv
