=== wiki_vote_aa_s42  started 2026-05-09T22:45:50 ===

C:\conda\envs\gnn\lib\site-packages\requests\__init__.py:86: RequestsDependencyWarning: Unable to find acceptable character detection dependency (chardet or charset_normalizer).
  warnings.warn(
C:\conda\envs\gnn\lib\site-packages\outdated\__init__.py:36: UserWarning: pkg_resources is deprecated as an API. See https://setuptools.pypa.io/en/latest/pkg_resources.html. The pkg_resources package is slated for removal as early as 2025-11-30. Refrain from using this package or pin to Setuptools<81.
  from pkg_resources import parse_version
Round    1/30  coverage=0.6009  prec@K=0.0133  accepted=94  auc=0.8614  uauc=0.5698  loss=nan  (1.9s)
Round    2/30  coverage=0.6018  prec@K=0.0124  accepted=88  auc=0.8756  uauc=0.6317  loss=nan  (1.0s)
Round    3/30  coverage=0.6024  prec@K=0.0099  accepted=70  auc=0.8667  uauc=0.5475  loss=nan  (0.9s)
Round    4/30  coverage=0.6032  prec@K=0.0114  accepted=80  auc=0.8415  uauc=0.6073  loss=nan  (1.0s)
Round    5/30  coverage=0.6040  prec@K=0.0123  accepted=87  auc=0.8653  uauc=0.6038  loss=nan  (1.2s)
Round    6/30  coverage=0.6048  prec@K=0.0106  accepted=75  auc=0.8327  uauc=0.5591  loss=nan  (1.1s)
Round    7/30  coverage=0.6055  prec@K=0.0110  accepted=78  auc=0.8748  uauc=0.5849  loss=nan  (1.1s)
Round    8/30  coverage=0.6064  prec@K=0.0127  accepted=90  auc=0.8741  uauc=0.5134  loss=nan  (1.2s)
Round    9/30  coverage=0.6072  prec@K=0.0123  accepted=87  auc=0.8618  uauc=0.5651  loss=nan  (1.3s)
Round   10/30  coverage=0.6080  prec@K=0.0122  accepted=86  auc=0.8607  uauc=0.5850  loss=nan  (1.2s)
Round   11/30  coverage=0.6089  prec@K=0.0122  accepted=86  auc=0.8489  uauc=0.5116  loss=nan  (2.3s)
Round   12/30  coverage=0.6096  prec@K=0.0109  accepted=77  auc=0.8664  uauc=0.5344  loss=nan  (1.3s)
Round   13/30  coverage=0.6105  prec@K=0.0132  accepted=94  auc=0.8765  uauc=0.6465  loss=nan  (1.3s)
Round   14/30  coverage=0.6112  prec@K=0.0096  accepted=68  auc=0.8844  uauc=0.6192  loss=nan  (1.3s)
Round   15/30  coverage=0.6120  prec@K=0.0116  accepted=82  auc=0.8779  uauc=0.5737  loss=nan  (1.3s)
Round   16/30  coverage=0.6127  prec@K=0.0106  accepted=75  auc=0.9037  uauc=0.6152  loss=nan  (1.4s)
Round   17/30  coverage=0.6133  prec@K=0.0088  accepted=62  auc=0.8353  uauc=0.5247  loss=nan  (1.4s)
Round   18/30  coverage=0.6139  prec@K=0.0088  accepted=62  auc=0.8880  uauc=0.5507  loss=nan  (1.3s)
Round   19/30  coverage=0.6147  prec@K=0.0116  accepted=82  auc=0.8708  uauc=0.4823  loss=nan  (1.4s)
Round   20/30  coverage=0.6151  prec@K=0.0067  accepted=47  auc=0.8826  uauc=0.4861  loss=nan  (1.5s)
Round   21/30  coverage=0.6159  prec@K=0.0106  accepted=75  auc=0.8700  uauc=0.5265  loss=nan  (2.7s)
Round   22/30  coverage=0.6166  prec@K=0.0106  accepted=75  auc=0.8895  uauc=0.5852  loss=nan  (1.5s)
Round   23/30  coverage=0.6172  prec@K=0.0089  accepted=63  auc=0.9074  uauc=0.7231  loss=nan  (1.5s)
Round   24/30  coverage=0.6180  prec@K=0.0115  accepted=81  auc=0.8873  uauc=0.6334  loss=nan  (1.6s)
Round   25/30  coverage=0.6187  prec@K=0.0112  accepted=79  auc=0.8849  uauc=0.5877  loss=nan  (1.5s)
Round   26/30  coverage=0.6193  prec@K=0.0082  accepted=58  auc=0.9011  uauc=0.6960  loss=nan  (1.6s)
Round   27/30  coverage=0.6200  prec@K=0.0105  accepted=74  auc=0.8979  uauc=0.6466  loss=nan  (1.7s)
Round   28/30  coverage=0.6207  prec@K=0.0095  accepted=67  auc=0.8639  uauc=0.5805  loss=nan  (1.6s)
Round   29/30  coverage=0.6210  prec@K=0.0051  accepted=36  auc=0.9013  uauc=0.5479  loss=nan  (1.8s)
Round   30/30  coverage=0.6218  prec@K=0.0112  accepted=79  auc=0.8921  uauc=0.5520  loss=nan  (1.7s)

结果已写入 results\orchestrator\runs\ir60_constlr5e5_multiseed_bidir\wiki_vote\aa_s42/rounds.csv
