=== wiki_vote_random_s2  started 2026-05-09T23:21:14 ===

C:\conda\envs\gnn\lib\site-packages\requests\__init__.py:86: RequestsDependencyWarning: Unable to find acceptable character detection dependency (chardet or charset_normalizer).
  warnings.warn(
C:\conda\envs\gnn\lib\site-packages\outdated\__init__.py:36: UserWarning: pkg_resources is deprecated as an API. See https://setuptools.pypa.io/en/latest/pkg_resources.html. The pkg_resources package is slated for removal as early as 2025-11-30. Refrain from using this package or pin to Setuptools<81.
  from pkg_resources import parse_version
Round    1/30  coverage=0.6003  prec@K=0.0050  accepted=35  loss=nan  (1.3s)
Round    2/30  coverage=0.6006  prec@K=0.0040  accepted=28  loss=nan  (0.4s)
Round    3/30  coverage=0.6008  prec@K=0.0035  accepted=25  loss=nan  (0.4s)
Round    4/30  coverage=0.6011  prec@K=0.0037  accepted=26  loss=nan  (0.4s)
Round    5/30  coverage=0.6013  prec@K=0.0031  accepted=22  loss=nan  (0.4s)
Round    6/30  coverage=0.6015  prec@K=0.0034  accepted=24  loss=nan  (0.5s)
Round    7/30  coverage=0.6018  prec@K=0.0037  accepted=26  loss=nan  (0.5s)
Round    8/30  coverage=0.6020  prec@K=0.0037  accepted=26  loss=nan  (0.6s)
Round    9/30  coverage=0.6024  prec@K=0.0047  accepted=33  loss=nan  (0.8s)
Round   10/30  coverage=0.6026  prec@K=0.0035  accepted=25  loss=nan  (0.6s)
Round   11/30  coverage=0.6028  prec@K=0.0025  accepted=18  loss=nan  (1.9s)
Round   12/30  coverage=0.6030  prec@K=0.0030  accepted=21  loss=nan  (0.9s)
Round   13/30  coverage=0.6032  prec@K=0.0031  accepted=22  loss=nan  (0.9s)
Round   14/30  coverage=0.6034  prec@K=0.0027  accepted=19  loss=nan  (0.9s)
Round   15/30  coverage=0.6036  prec@K=0.0037  accepted=26  loss=nan  (1.0s)
Round   16/30  coverage=0.6038  prec@K=0.0030  accepted=21  loss=nan  (0.9s)
Round   17/30  coverage=0.6041  prec@K=0.0038  accepted=27  loss=nan  (1.1s)
Round   18/30  coverage=0.6043  prec@K=0.0026  accepted=18  loss=nan  (1.0s)
Round   19/30  coverage=0.6045  prec@K=0.0042  accepted=30  loss=nan  (1.1s)
Round   20/30  coverage=0.6047  prec@K=0.0023  accepted=16  loss=nan  (1.0s)
Round   21/30  coverage=0.6050  prec@K=0.0037  accepted=26  loss=nan  (2.2s)
Round   22/30  coverage=0.6053  prec@K=0.0047  accepted=33  loss=nan  (1.3s)
Round   23/30  coverage=0.6054  prec@K=0.0023  accepted=16  loss=nan  (1.2s)
Round   24/30  coverage=0.6056  prec@K=0.0027  accepted=19  loss=nan  (1.2s)
Round   25/30  coverage=0.6058  prec@K=0.0024  accepted=17  loss=nan  (1.3s)
Round   26/30  coverage=0.6061  prec@K=0.0041  accepted=29  loss=nan  (1.3s)
Round   27/30  coverage=0.6063  prec@K=0.0037  accepted=26  loss=nan  (1.4s)
Round   28/30  coverage=0.6066  prec@K=0.0037  accepted=26  loss=nan  (1.6s)
Round   29/30  coverage=0.6067  prec@K=0.0021  accepted=15  loss=nan  (1.3s)
Round   30/30  coverage=0.6069  prec@K=0.0033  accepted=23  loss=nan  (1.6s)

结果已写入 results\orchestrator\runs\ir60_constlr5e5_multiseed_bidir\wiki_vote\random_s2/rounds.csv
