=== wiki_vote_gnn_s1  started 2026-05-09T22:48:12 ===

C:\conda\envs\gnn\lib\site-packages\requests\__init__.py:86: RequestsDependencyWarning: Unable to find acceptable character detection dependency (chardet or charset_normalizer).
  warnings.warn(
C:\conda\envs\gnn\lib\site-packages\outdated\__init__.py:36: UserWarning: pkg_resources is deprecated as an API. See https://setuptools.pypa.io/en/latest/pkg_resources.html. The pkg_resources package is slated for removal as early as 2025-11-30. Refrain from using this package or pin to Setuptools<81.
  from pkg_resources import parse_version
Round    1/30  coverage=0.6001  prec@K=0.0017  accepted=12  auc=0.2986  uauc=0.5463  loss=0.7690  (13.4s)
Round    2/30  coverage=0.6002  prec@K=0.0018  accepted=13  auc=0.2738  uauc=0.5043  loss=0.7685  (12.2s)
Round    3/30  coverage=0.6004  prec@K=0.0017  accepted=12  auc=0.1627  uauc=0.4848  loss=0.7683  (12.1s)
Round    4/30  coverage=0.6004  prec@K=0.0014  accepted=10  auc=0.2629  uauc=0.4877  loss=0.7684  (12.1s)
Round    5/30  coverage=0.6005  prec@K=0.0013  accepted=9  auc=0.2561  uauc=0.6293  loss=0.7674  (12.8s)
Round    6/30  coverage=0.6006  prec@K=0.0013  accepted=9  auc=0.1904  uauc=0.4444  loss=0.7672  (12.4s)
Round    7/30  coverage=0.6007  prec@K=0.0004  accepted=3  auc=0.1643  uauc=0.6111  loss=0.7675  (12.8s)
Round    8/30  coverage=0.6007  prec@K=0.0010  accepted=7  auc=0.2035  uauc=0.4365  loss=0.7668  (12.3s)
Round    9/30  coverage=0.6008  prec@K=0.0011  accepted=8  auc=0.0737  uauc=0.5635  loss=0.7670  (12.2s)
Round   10/30  coverage=0.6009  prec@K=0.0014  accepted=10  auc=0.2084  uauc=0.4389  loss=0.7661  (12.2s)
Round   11/30  coverage=0.6010  prec@K=0.0018  accepted=13  auc=0.1974  uauc=0.4104  loss=0.7659  (13.6s)
Round   12/30  coverage=0.6011  prec@K=0.0006  accepted=4  auc=0.1855  uauc=0.4444  loss=0.7655  (12.6s)
Round   13/30  coverage=0.6012  prec@K=0.0014  accepted=10  auc=0.2761  uauc=0.4556  loss=0.7644  (12.7s)
Round   14/30  coverage=0.6012  prec@K=0.0014  accepted=10  auc=0.3573  uauc=0.6389  loss=0.7648  (12.1s)
Round   15/30  coverage=0.6014  prec@K=0.0016  accepted=11  auc=0.2205  uauc=0.3978  loss=0.7643  (12.2s)
Round   16/30  coverage=0.6015  prec@K=0.0018  accepted=13  auc=0.3466  uauc=0.5726  loss=0.7642  (12.1s)
Round   17/30  coverage=0.6016  prec@K=0.0021  accepted=15  auc=0.2529  uauc=0.5014  loss=0.7636  (12.7s)
Round   18/30  coverage=0.6017  prec@K=0.0013  accepted=9  auc=0.1652  uauc=0.5617  loss=0.7634  (12.5s)
Round   19/30  coverage=0.6018  prec@K=0.0006  accepted=4  auc=0.5190  uauc=0.5694  loss=0.7638  (12.1s)
Round   20/30  coverage=0.6018  prec@K=0.0011  accepted=8  auc=0.1713  uauc=0.4792  loss=0.7631  (12.8s)
Round   21/30  coverage=0.6019  prec@K=0.0014  accepted=10  auc=0.2663  uauc=0.6416  loss=0.7625  (14.3s)
Round   22/30  coverage=0.6020  prec@K=0.0016  accepted=11  auc=0.1601  uauc=0.6010  loss=0.7628  (12.1s)
Round   23/30  coverage=0.6021  prec@K=0.0011  accepted=8  auc=0.2442  uauc=0.4861  loss=0.7624  (12.9s)
Round   24/30  coverage=0.6022  prec@K=0.0007  accepted=5  auc=0.1995  uauc=0.5222  loss=0.7621  (12.5s)
Round   25/30  coverage=0.6022  prec@K=0.0008  accepted=6  auc=0.1923  uauc=0.4630  loss=0.7615  (13.1s)
Round   26/30  coverage=0.6023  prec@K=0.0011  accepted=8  auc=0.2181  uauc=0.5625  loss=0.7613  (12.6s)
Round   27/30  coverage=0.6023  prec@K=0.0009  accepted=6  auc=0.2854  uauc=0.4815  loss=0.7610  (12.8s)
Round   28/30  coverage=0.6024  prec@K=0.0011  accepted=8  auc=0.2507  uauc=0.4821  loss=0.7610  (12.5s)
Round   29/30  coverage=0.6025  prec@K=0.0007  accepted=5  auc=0.0954  uauc=0.4889  loss=0.7602  (12.8s)
Round   30/30  coverage=0.6026  prec@K=0.0013  accepted=9  auc=0.0676  uauc=0.5123  loss=0.7597  (13.4s)

结果已写入 results\orchestrator\runs\ir60_constlr5e5_multiseed_bidir\wiki_vote\gnn_s1/rounds.csv
