=== wiki_vote_aa_s3  started 2026-05-09T22:45:49 ===

C:\conda\envs\gnn\lib\site-packages\requests\__init__.py:86: RequestsDependencyWarning: Unable to find acceptable character detection dependency (chardet or charset_normalizer).
  warnings.warn(
C:\conda\envs\gnn\lib\site-packages\outdated\__init__.py:36: UserWarning: pkg_resources is deprecated as an API. See https://setuptools.pypa.io/en/latest/pkg_resources.html. The pkg_resources package is slated for removal as early as 2025-11-30. Refrain from using this package or pin to Setuptools<81.
  from pkg_resources import parse_version
Round    1/30  coverage=0.6008  prec@K=0.0122  accepted=86  auc=0.8981  uauc=0.5753  loss=nan  (1.9s)
Round    2/30  coverage=0.6016  prec@K=0.0110  accepted=78  auc=0.9002  uauc=0.5591  loss=nan  (0.9s)
Round    3/30  coverage=0.6022  prec@K=0.0091  accepted=64  auc=0.8466  uauc=0.6140  loss=nan  (1.0s)
Round    4/30  coverage=0.6031  prec@K=0.0127  accepted=90  auc=0.8478  uauc=0.5506  loss=nan  (1.0s)
Round    5/30  coverage=0.6039  prec@K=0.0128  accepted=90  auc=0.8561  uauc=0.6382  loss=nan  (1.1s)
Round    6/30  coverage=0.6047  prec@K=0.0112  accepted=79  auc=0.8712  uauc=0.5231  loss=nan  (1.1s)
Round    7/30  coverage=0.6055  prec@K=0.0121  accepted=86  auc=0.8748  uauc=0.5152  loss=nan  (1.2s)
Round    8/30  coverage=0.6065  prec@K=0.0148  accepted=105  auc=0.8648  uauc=0.5984  loss=nan  (1.1s)
Round    9/30  coverage=0.6073  prec@K=0.0116  accepted=82  auc=0.7949  uauc=0.5535  loss=nan  (1.2s)
Round   10/30  coverage=0.6083  prec@K=0.0142  accepted=100  auc=0.8461  uauc=0.5527  loss=nan  (1.2s)
Round   11/30  coverage=0.6091  prec@K=0.0126  accepted=89  auc=0.8937  uauc=0.6339  loss=nan  (2.3s)
Round   12/30  coverage=0.6099  prec@K=0.0118  accepted=83  auc=0.8905  uauc=0.6374  loss=nan  (1.3s)
Round   13/30  coverage=0.6107  prec@K=0.0117  accepted=83  auc=0.8958  uauc=0.6152  loss=nan  (1.3s)
Round   14/30  coverage=0.6115  prec@K=0.0111  accepted=79  auc=0.8917  uauc=0.6088  loss=nan  (1.2s)
Round   15/30  coverage=0.6122  prec@K=0.0105  accepted=74  auc=0.8754  uauc=0.6010  loss=nan  (1.5s)
Round   16/30  coverage=0.6130  prec@K=0.0110  accepted=78  auc=0.8745  uauc=0.5577  loss=nan  (1.4s)
Round   17/30  coverage=0.6137  prec@K=0.0110  accepted=78  auc=0.8672  uauc=0.6078  loss=nan  (1.4s)
Round   18/30  coverage=0.6144  prec@K=0.0100  accepted=71  auc=0.8627  uauc=0.5626  loss=nan  (1.4s)
Round   19/30  coverage=0.6150  prec@K=0.0089  accepted=63  auc=0.8765  uauc=0.6346  loss=nan  (1.4s)
Round   20/30  coverage=0.6158  prec@K=0.0113  accepted=80  auc=0.8827  uauc=0.5601  loss=nan  (1.6s)
Round   21/30  coverage=0.6164  prec@K=0.0095  accepted=67  auc=0.8516  uauc=0.5367  loss=nan  (2.6s)
Round   22/30  coverage=0.6171  prec@K=0.0100  accepted=71  auc=0.8585  uauc=0.5416  loss=nan  (1.6s)
Round   23/30  coverage=0.6178  prec@K=0.0106  accepted=75  auc=0.8782  uauc=0.5810  loss=nan  (1.6s)
Round   24/30  coverage=0.6185  prec@K=0.0095  accepted=67  auc=0.8877  uauc=0.5412  loss=nan  (1.6s)
Round   25/30  coverage=0.6193  prec@K=0.0113  accepted=80  auc=0.8600  uauc=0.5329  loss=nan  (1.7s)
Round   26/30  coverage=0.6203  prec@K=0.0148  accepted=105  auc=0.8960  uauc=0.5786  loss=nan  (1.8s)
Round   27/30  coverage=0.6210  prec@K=0.0110  accepted=78  auc=0.9046  uauc=0.5970  loss=nan  (1.6s)
Round   28/30  coverage=0.6215  prec@K=0.0075  accepted=53  auc=0.8642  uauc=0.5205  loss=nan  (1.7s)
Round   29/30  coverage=0.6222  prec@K=0.0097  accepted=69  auc=0.9161  uauc=0.6215  loss=nan  (1.9s)
Round   30/30  coverage=0.6230  prec@K=0.0115  accepted=81  auc=0.8734  uauc=0.5730  loss=nan  (1.8s)

结果已写入 results\orchestrator\runs\ir60_constlr5e5_multiseed_bidir\wiki_vote\aa_s3/rounds.csv
