=== wiki_vote_gnn_s42  started 2026-05-09T22:53:40 ===

C:\conda\envs\gnn\lib\site-packages\requests\__init__.py:86: RequestsDependencyWarning: Unable to find acceptable character detection dependency (chardet or charset_normalizer).
  warnings.warn(
C:\conda\envs\gnn\lib\site-packages\outdated\__init__.py:36: UserWarning: pkg_resources is deprecated as an API. See https://setuptools.pypa.io/en/latest/pkg_resources.html. The pkg_resources package is slated for removal as early as 2025-11-30. Refrain from using this package or pin to Setuptools<81.
  from pkg_resources import parse_version
Round    1/30  coverage=0.6010  prec@K=0.0147  accepted=104  auc=0.8552  uauc=0.6300  loss=0.7605  (14.0s)
Round    2/30  coverage=0.6019  prec@K=0.0135  accepted=96  auc=0.8832  uauc=0.6354  loss=0.7606  (11.8s)
Round    3/30  coverage=0.6026  prec@K=0.0097  accepted=69  auc=0.8294  uauc=0.5671  loss=0.7612  (12.3s)
Round    4/30  coverage=0.6033  prec@K=0.0098  accepted=69  auc=0.8524  uauc=0.5141  loss=0.7610  (12.3s)
Round    5/30  coverage=0.6043  prec@K=0.0147  accepted=104  auc=0.8636  uauc=0.5913  loss=0.7602  (12.0s)
Round    6/30  coverage=0.6050  prec@K=0.0105  accepted=74  auc=0.8506  uauc=0.5474  loss=0.7607  (12.5s)
Round    7/30  coverage=0.6058  prec@K=0.0125  accepted=88  auc=0.8802  uauc=0.5506  loss=0.7603  (12.0s)
Round    8/30  coverage=0.6067  prec@K=0.0132  accepted=93  auc=0.8844  uauc=0.6659  loss=0.7601  (13.3s)
Round    9/30  coverage=0.6074  prec@K=0.0095  accepted=67  auc=0.8510  uauc=0.5679  loss=0.7608  (13.1s)
Round   10/30  coverage=0.6084  prec@K=0.0148  accepted=105  auc=0.8742  uauc=0.6460  loss=0.7598  (12.3s)
Round   11/30  coverage=0.6091  prec@K=0.0113  accepted=80  auc=0.8652  uauc=0.6585  loss=0.7603  (13.6s)
Round   12/30  coverage=0.6101  prec@K=0.0144  accepted=102  auc=0.8530  uauc=0.4841  loss=0.7597  (12.6s)
Round   13/30  coverage=0.6111  prec@K=0.0137  accepted=97  auc=0.8597  uauc=0.5647  loss=0.7598  (12.9s)
Round   14/30  coverage=0.6119  prec@K=0.0117  accepted=83  auc=0.8919  uauc=0.5456  loss=0.7598  (12.0s)
Round   15/30  coverage=0.6127  prec@K=0.0126  accepted=89  auc=0.9012  uauc=0.6803  loss=0.7597  (12.2s)
Round   16/30  coverage=0.6135  prec@K=0.0110  accepted=78  auc=0.8889  uauc=0.5711  loss=0.7598  (12.4s)
Round   17/30  coverage=0.6143  prec@K=0.0115  accepted=81  auc=0.8818  uauc=0.5994  loss=0.7596  (12.7s)
Round   18/30  coverage=0.6147  prec@K=0.0069  accepted=49  auc=0.8537  uauc=0.6241  loss=0.7603  (12.3s)
Round   19/30  coverage=0.6155  prec@K=0.0112  accepted=79  auc=0.8613  uauc=0.6279  loss=0.7596  (12.8s)
Round   20/30  coverage=0.6161  prec@K=0.0089  accepted=63  auc=0.8750  uauc=0.5969  loss=0.7597  (12.9s)
Round   21/30  coverage=0.6167  prec@K=0.0092  accepted=65  auc=0.8792  uauc=0.6154  loss=0.7596  (13.8s)
Round   22/30  coverage=0.6176  prec@K=0.0132  accepted=93  auc=0.8993  uauc=0.5877  loss=0.7589  (13.0s)
Round   23/30  coverage=0.6183  prec@K=0.0105  accepted=74  auc=0.8612  uauc=0.5317  loss=0.7593  (13.4s)
Round   24/30  coverage=0.6192  prec@K=0.0121  accepted=85  auc=0.8404  uauc=0.5665  loss=0.7590  (13.2s)
Round   25/30  coverage=0.6201  prec@K=0.0138  accepted=97  auc=0.8853  uauc=0.5522  loss=0.7587  (12.8s)
Round   26/30  coverage=0.6206  prec@K=0.0079  accepted=56  auc=0.9111  uauc=0.6263  loss=0.7593  (12.8s)
Round   27/30  coverage=0.6213  prec@K=0.0105  accepted=74  auc=0.8566  uauc=0.6285  loss=0.7587  (12.8s)
Round   28/30  coverage=0.6220  prec@K=0.0092  accepted=65  auc=0.8843  uauc=0.5805  loss=0.7589  (12.8s)
Round   29/30  coverage=0.6227  prec@K=0.0101  accepted=71  auc=0.8796  uauc=0.5866  loss=0.7587  (12.7s)
Round   30/30  coverage=0.6233  prec@K=0.0092  accepted=65  auc=0.8881  uauc=0.5790  loss=0.7587  (13.3s)

结果已写入 results\orchestrator\runs\ir60_constlr5e5_multiseed_bidir\wiki_vote\gnn_s42/rounds.csv
