=== wiki_vote_cn_s42  started 2026-05-09T22:46:53 ===

C:\conda\envs\gnn\lib\site-packages\requests\__init__.py:86: RequestsDependencyWarning: Unable to find acceptable character detection dependency (chardet or charset_normalizer).
  warnings.warn(
C:\conda\envs\gnn\lib\site-packages\outdated\__init__.py:36: UserWarning: pkg_resources is deprecated as an API. See https://setuptools.pypa.io/en/latest/pkg_resources.html. The pkg_resources package is slated for removal as early as 2025-11-30. Refrain from using this package or pin to Setuptools<81.
  from pkg_resources import parse_version
Round    1/30  coverage=0.6009  prec@K=0.0130  accepted=92  auc=0.8613  uauc=0.6086  loss=nan  (1.6s)
Round    2/30  coverage=0.6017  prec@K=0.0124  accepted=88  auc=0.8829  uauc=0.6528  loss=nan  (0.6s)
Round    3/30  coverage=0.6024  prec@K=0.0100  accepted=71  auc=0.8512  uauc=0.5462  loss=nan  (0.6s)
Round    4/30  coverage=0.6031  prec@K=0.0108  accepted=76  auc=0.8401  uauc=0.6289  loss=nan  (0.6s)
Round    5/30  coverage=0.6040  prec@K=0.0123  accepted=87  auc=0.8443  uauc=0.6060  loss=nan  (0.8s)
Round    6/30  coverage=0.6048  prec@K=0.0116  accepted=82  auc=0.8683  uauc=0.6021  loss=nan  (0.7s)
Round    7/30  coverage=0.6053  prec@K=0.0084  accepted=59  auc=0.8519  uauc=0.5188  loss=nan  (0.7s)
Round    8/30  coverage=0.6062  prec@K=0.0127  accepted=90  auc=0.8669  uauc=0.5628  loss=nan  (0.9s)
Round    9/30  coverage=0.6069  prec@K=0.0099  accepted=70  auc=0.8718  uauc=0.6333  loss=nan  (0.9s)
Round   10/30  coverage=0.6077  prec@K=0.0122  accepted=86  auc=0.8751  uauc=0.6000  loss=nan  (0.8s)
Round   11/30  coverage=0.6086  prec@K=0.0123  accepted=87  auc=0.8584  uauc=0.6049  loss=nan  (1.9s)
Round   12/30  coverage=0.6092  prec@K=0.0097  accepted=69  auc=0.8685  uauc=0.6153  loss=nan  (0.9s)
Round   13/30  coverage=0.6100  prec@K=0.0114  accepted=81  auc=0.8459  uauc=0.5759  loss=nan  (1.0s)
Round   14/30  coverage=0.6107  prec@K=0.0106  accepted=75  auc=0.8494  uauc=0.4832  loss=nan  (1.0s)
Round   15/30  coverage=0.6115  prec@K=0.0119  accepted=84  auc=0.8863  uauc=0.5684  loss=nan  (1.0s)
Round   16/30  coverage=0.6123  prec@K=0.0107  accepted=76  auc=0.8777  uauc=0.5678  loss=nan  (1.1s)
Round   17/30  coverage=0.6129  prec@K=0.0085  accepted=60  auc=0.8453  uauc=0.5586  loss=nan  (1.0s)
Round   18/30  coverage=0.6135  prec@K=0.0102  accepted=72  auc=0.8835  uauc=0.5931  loss=nan  (1.0s)
Round   19/30  coverage=0.6143  prec@K=0.0110  accepted=78  auc=0.8816  uauc=0.5449  loss=nan  (1.0s)
Round   20/30  coverage=0.6149  prec@K=0.0088  accepted=62  auc=0.9136  uauc=0.5777  loss=nan  (1.1s)
Round   21/30  coverage=0.6155  prec@K=0.0085  accepted=60  auc=0.8573  uauc=0.5331  loss=nan  (2.3s)
Round   22/30  coverage=0.6162  prec@K=0.0111  accepted=78  auc=0.8884  uauc=0.5635  loss=nan  (1.1s)
Round   23/30  coverage=0.6169  prec@K=0.0103  accepted=73  auc=0.8938  uauc=0.6112  loss=nan  (1.1s)
Round   24/30  coverage=0.6176  prec@K=0.0102  accepted=72  auc=0.9114  uauc=0.6235  loss=nan  (1.2s)
Round   25/30  coverage=0.6182  prec@K=0.0091  accepted=64  auc=0.8547  uauc=0.5763  loss=nan  (1.1s)
Round   26/30  coverage=0.6189  prec@K=0.0093  accepted=66  auc=0.8871  uauc=0.5897  loss=nan  (1.2s)
Round   27/30  coverage=0.6195  prec@K=0.0092  accepted=65  auc=0.9031  uauc=0.5353  loss=nan  (1.3s)
Round   28/30  coverage=0.6201  prec@K=0.0092  accepted=65  auc=0.8798  uauc=0.5742  loss=nan  (1.1s)
Round   29/30  coverage=0.6208  prec@K=0.0097  accepted=68  auc=0.9013  uauc=0.5777  loss=nan  (1.3s)
Round   30/30  coverage=0.6215  prec@K=0.0106  accepted=75  auc=0.8861  uauc=0.5542  loss=nan  (1.3s)

结果已写入 results\orchestrator\runs\ir60_constlr5e5_multiseed_bidir\wiki_vote\cn_s42/rounds.csv
