=== wiki_vote_seal_s1  started 2026-05-09T23:21:45 ===

C:\conda\envs\gnn\lib\site-packages\requests\__init__.py:86: RequestsDependencyWarning: Unable to find acceptable character detection dependency (chardet or charset_normalizer).
  warnings.warn(
C:\conda\envs\gnn\lib\site-packages\outdated\__init__.py:36: UserWarning: pkg_resources is deprecated as an API. See https://setuptools.pypa.io/en/latest/pkg_resources.html. The pkg_resources package is slated for removal as early as 2025-11-30. Refrain from using this package or pin to Setuptools<81.
  from pkg_resources import parse_version
Round    1/30  coverage=0.6005  prec@K=0.0068  accepted=48  auc=0.7509  uauc=0.6302  loss=0.7635  (13.3s)
Round    2/30  coverage=0.6009  prec@K=0.0062  accepted=44  auc=0.6731  uauc=0.6337  loss=0.7631  (12.3s)
Round    3/30  coverage=0.6013  prec@K=0.0059  accepted=42  auc=0.7237  uauc=0.5628  loss=0.7629  (12.0s)
Round    4/30  coverage=0.6017  prec@K=0.0054  accepted=38  auc=0.6900  uauc=0.6121  loss=0.7627  (11.5s)
Round    5/30  coverage=0.6021  prec@K=0.0061  accepted=43  auc=0.7149  uauc=0.5387  loss=0.7618  (12.5s)
Round    6/30  coverage=0.6025  prec@K=0.0062  accepted=44  auc=0.5986  uauc=0.6331  loss=0.7619  (12.1s)
Round    7/30  coverage=0.6028  prec@K=0.0051  accepted=36  auc=0.7612  uauc=0.6657  loss=0.7614  (12.4s)
Round    8/30  coverage=0.6032  prec@K=0.0048  accepted=34  auc=0.5481  uauc=0.5619  loss=0.7613  (12.1s)
Round    9/30  coverage=0.6035  prec@K=0.0054  accepted=38  auc=0.6133  uauc=0.5977  loss=0.7604  (11.7s)
Round   10/30  coverage=0.6039  prec@K=0.0058  accepted=41  auc=0.6107  uauc=0.5574  loss=0.7603  (12.0s)
Round   11/30  coverage=0.6043  prec@K=0.0059  accepted=42  auc=0.6598  uauc=0.6513  loss=0.7597  (13.7s)
Round   12/30  coverage=0.6046  prec@K=0.0034  accepted=24  auc=0.6324  uauc=0.5924  loss=0.7597  (12.5s)
Round   13/30  coverage=0.6049  prec@K=0.0051  accepted=36  auc=0.5508  uauc=0.5204  loss=0.7590  (12.7s)
Round   14/30  coverage=0.6053  prec@K=0.0054  accepted=38  auc=0.6230  uauc=0.5444  loss=0.7587  (12.1s)
Round   15/30  coverage=0.6054  prec@K=0.0024  accepted=17  auc=0.6077  uauc=0.5495  loss=0.7588  (12.5s)
Round   16/30  coverage=0.6059  prec@K=0.0060  accepted=42  auc=0.5653  uauc=0.6093  loss=0.7572  (12.0s)
Round   17/30  coverage=0.6061  prec@K=0.0044  accepted=31  auc=0.4782  uauc=0.5437  loss=0.7577  (12.6s)
Round   18/30  coverage=0.6064  prec@K=0.0031  accepted=22  auc=0.4503  uauc=0.6024  loss=0.7572  (12.2s)
Round   19/30  coverage=0.6067  prec@K=0.0045  accepted=32  auc=0.5117  uauc=0.4848  loss=0.7572  (11.9s)
Round   20/30  coverage=0.6069  prec@K=0.0040  accepted=28  auc=0.5577  uauc=0.5711  loss=0.7566  (12.4s)
Round   21/30  coverage=0.6072  prec@K=0.0043  accepted=30  auc=0.5230  uauc=0.6496  loss=0.7561  (14.1s)
Round   22/30  coverage=0.6076  prec@K=0.0051  accepted=36  auc=0.4447  uauc=0.5179  loss=0.7560  (12.2s)
Round   23/30  coverage=0.6078  prec@K=0.0028  accepted=20  auc=0.4441  uauc=0.6021  loss=0.7560  (12.6s)
Round   24/30  coverage=0.6081  prec@K=0.0044  accepted=31  auc=0.4033  uauc=0.5113  loss=0.7552  (12.5s)
Round   25/30  coverage=0.6083  prec@K=0.0035  accepted=25  auc=0.4152  uauc=0.4771  loss=0.7547  (13.5s)
Round   26/30  coverage=0.6085  prec@K=0.0034  accepted=24  auc=0.3915  uauc=0.4426  loss=0.7546  (13.1s)
Round   27/30  coverage=0.6088  prec@K=0.0035  accepted=25  auc=0.3474  uauc=0.5376  loss=0.7540  (13.5s)
Round   28/30  coverage=0.6090  prec@K=0.0034  accepted=24  auc=0.3007  uauc=0.5954  loss=0.7542  (13.0s)
Round   29/30  coverage=0.6093  prec@K=0.0040  accepted=28  auc=0.3981  uauc=0.4839  loss=0.7526  (13.6s)
Round   30/30  coverage=0.6095  prec@K=0.0027  accepted=19  auc=0.4157  uauc=0.6718  loss=0.7526  (13.3s)

结果已写入 results\orchestrator\runs\ir60_constlr5e5_multiseed_bidir\wiki_vote\seal_s1/rounds.csv
