=== wiki_vote_gnn_sum_s3  started 2026-05-09T23:07:14 ===

C:\conda\envs\gnn\lib\site-packages\requests\__init__.py:86: RequestsDependencyWarning: Unable to find acceptable character detection dependency (chardet or charset_normalizer).
  warnings.warn(
C:\conda\envs\gnn\lib\site-packages\outdated\__init__.py:36: UserWarning: pkg_resources is deprecated as an API. See https://setuptools.pypa.io/en/latest/pkg_resources.html. The pkg_resources package is slated for removal as early as 2025-11-30. Refrain from using this package or pin to Setuptools<81.
  from pkg_resources import parse_version
Round    1/30  coverage=0.6007  prec@K=0.0104  accepted=73  auc=0.7522  uauc=0.6392  loss=0.7485  (14.2s)
Round    2/30  coverage=0.6013  prec@K=0.0086  accepted=61  auc=0.7403  uauc=0.5405  loss=0.7480  (11.6s)
Round    3/30  coverage=0.6018  prec@K=0.0079  accepted=56  auc=0.8275  uauc=0.6081  loss=0.7437  (13.0s)
Round    4/30  coverage=0.6023  prec@K=0.0071  accepted=50  auc=0.7919  uauc=0.6726  loss=0.7420  (12.3s)
Round    5/30  coverage=0.6029  prec@K=0.0088  accepted=62  auc=0.7478  uauc=0.6459  loss=0.7401  (12.2s)
Round    6/30  coverage=0.6034  prec@K=0.0076  accepted=54  auc=0.7464  uauc=0.6117  loss=0.7390  (12.1s)
Round    7/30  coverage=0.6040  prec@K=0.0083  accepted=59  auc=0.7721  uauc=0.6701  loss=0.7356  (13.3s)
Round    8/30  coverage=0.6046  prec@K=0.0093  accepted=66  auc=0.7015  uauc=0.6146  loss=0.7345  (12.3s)
Round    9/30  coverage=0.6053  prec@K=0.0090  accepted=64  auc=0.8077  uauc=0.6285  loss=0.7323  (13.0s)
Round   10/30  coverage=0.6058  prec@K=0.0078  accepted=55  auc=0.8140  uauc=0.6656  loss=0.7282  (13.0s)
Round   11/30  coverage=0.6063  prec@K=0.0082  accepted=58  auc=0.8249  uauc=0.5990  loss=0.7263  (14.2s)
Round   12/30  coverage=0.6068  prec@K=0.0072  accepted=51  auc=0.8820  uauc=0.5556  loss=0.7247  (12.6s)
Round   13/30  coverage=0.6076  prec@K=0.0106  accepted=75  auc=0.8107  uauc=0.5999  loss=0.7230  (13.2s)
Round   14/30  coverage=0.6079  prec@K=0.0052  accepted=37  auc=0.7823  uauc=0.6190  loss=0.7216  (12.7s)
Round   15/30  coverage=0.6084  prec@K=0.0068  accepted=48  auc=0.8295  uauc=0.6390  loss=0.7172  (13.5s)
Round   16/30  coverage=0.6088  prec@K=0.0059  accepted=42  auc=0.8387  uauc=0.6389  loss=0.7145  (13.2s)
Round   17/30  coverage=0.6092  prec@K=0.0058  accepted=41  auc=0.8839  uauc=0.5456  loss=0.7157  (12.4s)
Round   18/30  coverage=0.6096  prec@K=0.0064  accepted=45  auc=0.7970  uauc=0.5990  loss=0.7112  (12.9s)
Round   19/30  coverage=0.6100  prec@K=0.0055  accepted=39  auc=0.8040  uauc=0.6307  loss=0.7099  (12.8s)
Round   20/30  coverage=0.6103  prec@K=0.0051  accepted=36  auc=0.7550  uauc=0.4874  loss=0.7071  (13.3s)
Round   21/30  coverage=0.6108  prec@K=0.0065  accepted=46  auc=0.8682  uauc=0.6003  loss=0.7050  (14.3s)
Round   22/30  coverage=0.6111  prec@K=0.0049  accepted=35  auc=0.8004  uauc=0.6259  loss=0.7036  (13.2s)
Round   23/30  coverage=0.6114  prec@K=0.0042  accepted=30  auc=0.8097  uauc=0.5826  loss=0.7012  (13.1s)
Round   24/30  coverage=0.6117  prec@K=0.0042  accepted=30  auc=0.7844  uauc=0.6493  loss=0.7000  (13.5s)
Round   25/30  coverage=0.6120  prec@K=0.0047  accepted=33  auc=0.7187  uauc=0.5546  loss=0.6976  (14.2s)
Round   26/30  coverage=0.6124  prec@K=0.0051  accepted=36  auc=0.7174  uauc=0.6229  loss=0.6939  (14.0s)
Round   27/30  coverage=0.6126  prec@K=0.0040  accepted=28  auc=0.6531  uauc=0.5464  loss=0.6942  (13.4s)
Round   28/30  coverage=0.6127  prec@K=0.0017  accepted=12  auc=0.7065  uauc=0.6111  loss=0.6912  (13.3s)
Round   29/30  coverage=0.6129  prec@K=0.0018  accepted=13  auc=0.7310  uauc=0.7276  loss=0.6885  (13.8s)
Round   30/30  coverage=0.6130  prec@K=0.0025  accepted=18  auc=0.7267  uauc=0.5123  loss=0.6878  (13.7s)

结果已写入 results\orchestrator\runs\ir60_constlr5e5_multiseed_bidir\wiki_vote\gnn_sum_s3/rounds.csv
