C:\conda\envs\gnn\lib\site-packages\requests\__init__.py:86: RequestsDependencyWarning: Unable to find acceptable character detection dependency (chardet or charset_normalizer).
  warnings.warn(
C:\conda\envs\gnn\lib\site-packages\outdated\__init__.py:36: UserWarning: pkg_resources is deprecated as an API. See https://setuptools.pypa.io/en/latest/pkg_resources.html. The pkg_resources package is slated for removal as early as 2025-11-30. Refrain from using this package or pin to Setuptools<81.
  from pkg_resources import parse_version
Round    1/30  coverage=0.4060  prec@K=0.0921  accepted=623  loss=nan  (0.7s)
Round    2/30  coverage=0.4117  prec@K=0.0888  accepted=595  loss=nan  (0.2s)
Round    3/30  coverage=0.4178  prec@K=0.0924  accepted=629  loss=nan  (0.3s)
Round    4/30  coverage=0.4237  prec@K=0.0896  accepted=609  loss=nan  (0.4s)
Round    5/30  coverage=0.4295  prec@K=0.0895  accepted=607  loss=nan  (0.4s)
Round    6/30  coverage=0.4347  prec@K=0.0781  accepted=532  loss=nan  (0.5s)
Round    7/30  coverage=0.4405  prec@K=0.0878  accepted=603  loss=nan  (0.6s)
Round    8/30  coverage=0.4461  prec@K=0.0856  accepted=581  loss=nan  (0.8s)
Round    9/30  coverage=0.4517  prec@K=0.0855  accepted=582  loss=nan  (0.8s)
Round   10/30  coverage=0.4567  prec@K=0.0759  accepted=521  loss=nan  (0.9s)
Round   11/30  coverage=0.4623  prec@K=0.0848  accepted=578  loss=nan  (1.7s)
Round   12/30  coverage=0.4670  prec@K=0.0705  accepted=483  loss=nan  (1.2s)
Round   13/30  coverage=0.4718  prec@K=0.0741  accepted=502  loss=nan  (1.1s)
Round   14/30  coverage=0.4767  prec@K=0.0757  accepted=510  loss=nan  (1.2s)
Round   15/30  coverage=0.4819  prec@K=0.0793  accepted=541  loss=nan  (1.2s)
Round   16/30  coverage=0.4857  prec@K=0.0577  accepted=387  loss=nan  (1.6s)
Round   17/30  coverage=0.4900  prec@K=0.0669  accepted=454  loss=nan  (1.7s)
Round   18/30  coverage=0.4952  prec@K=0.0788  accepted=532  loss=nan  (1.8s)
Round   19/30  coverage=0.4999  prec@K=0.0724  accepted=494  loss=nan  (1.6s)
Round   20/30  coverage=0.5045  prec@K=0.0698  accepted=477  loss=nan  (2.0s)
Round   21/30  coverage=0.5089  prec@K=0.0661  accepted=448  loss=nan  (2.7s)
Round   22/30  coverage=0.5135  prec@K=0.0708  accepted=483  loss=nan  (2.2s)
Round   23/30  coverage=0.5178  prec@K=0.0660  accepted=449  loss=nan  (2.4s)
Round   24/30  coverage=0.5218  prec@K=0.0609  accepted=413  loss=nan  (2.4s)
Round   25/30  coverage=0.5259  prec@K=0.0626  accepted=424  loss=nan  (2.5s)
Round   26/30  coverage=0.5301  prec@K=0.0643  accepted=431  loss=nan  (2.4s)
Round   27/30  coverage=0.5332  prec@K=0.0480  accepted=324  loss=nan  (2.7s)
Round   28/30  coverage=0.5367  prec@K=0.0531  accepted=361  loss=nan  (2.7s)
Round   29/30  coverage=0.5404  prec@K=0.0570  accepted=389  loss=nan  (2.9s)
Round   30/30  coverage=0.5439  prec@K=0.0534  accepted=360  loss=nan  (3.0s)

结果已写入 results\online\algo_sweep_wiki_vote_v2_ir40_s0\wiki_vote_ground_truth/rounds.csv
