C:\conda\envs\gnn\lib\site-packages\requests\__init__.py:86: RequestsDependencyWarning: Unable to find acceptable character detection dependency (chardet or charset_normalizer).
  warnings.warn(
C:\conda\envs\gnn\lib\site-packages\outdated\__init__.py:36: UserWarning: pkg_resources is deprecated as an API. See https://setuptools.pypa.io/en/latest/pkg_resources.html. The pkg_resources package is slated for removal as early as 2025-11-30. Refrain from using this package or pin to Setuptools<81.
  from pkg_resources import parse_version
Round    1/30  coverage=0.4006  prec@K=0.0095  accepted=64  loss=0.5801  (2.0s)
Round    2/30  coverage=0.4012  prec@K=0.0093  accepted=62  loss=0.5789  (1.3s)
Round    3/30  coverage=0.4018  prec@K=0.0096  accepted=65  loss=0.5771  (1.4s)
Round    4/30  coverage=0.4024  prec@K=0.0093  accepted=63  loss=0.5741  (1.6s)
Round    5/30  coverage=0.4030  prec@K=0.0080  accepted=54  loss=0.5695  (1.7s)
Round    6/30  coverage=0.4034  prec@K=0.0069  accepted=47  loss=0.5638  (1.7s)
Round    7/30  coverage=0.4040  prec@K=0.0095  accepted=65  loss=0.5605  (2.3s)
Round    8/30  coverage=0.4046  prec@K=0.0092  accepted=62  loss=0.5555  (2.0s)
Round    9/30  coverage=0.4052  prec@K=0.0078  accepted=53  loss=0.5500  (2.3s)
Round   10/30  coverage=0.4056  prec@K=0.0064  accepted=44  loss=0.5446  (2.6s)
Round   11/30  coverage=0.4060  prec@K=0.0071  accepted=48  loss=0.5405  (3.4s)
Round   12/30  coverage=0.4066  prec@K=0.0078  accepted=53  loss=0.5369  (3.0s)
Round   13/30  coverage=0.4069  prec@K=0.0046  accepted=31  loss=0.5304  (3.1s)
Round   14/30  coverage=0.4073  prec@K=0.0071  accepted=48  loss=0.5283  (3.7s)
Round   15/30  coverage=0.4077  prec@K=0.0062  accepted=42  loss=0.5239  (7.8s)
Round   16/30  coverage=0.4080  prec@K=0.0046  accepted=31  loss=0.5199  (3.2s)
Round   17/30  coverage=0.4084  prec@K=0.0062  accepted=42  loss=0.5177  (3.8s)
Round   18/30  coverage=0.4089  prec@K=0.0076  accepted=51  loss=0.5160  (4.0s)
Round   19/30  coverage=0.4093  prec@K=0.0062  accepted=42  loss=0.5122  (4.1s)
Round   20/30  coverage=0.4097  prec@K=0.0057  accepted=39  loss=0.5098  (4.4s)
Round   21/30  coverage=0.4101  prec@K=0.0070  accepted=47  loss=0.5098  (7.6s)
Round   22/30  coverage=0.4106  prec@K=0.0072  accepted=49  loss=0.5077  (4.6s)
Round   23/30  coverage=0.4110  prec@K=0.0064  accepted=43  loss=0.5057  (5.8s)
Round   24/30  coverage=0.4114  prec@K=0.0056  accepted=38  loss=0.5039  (5.0s)
Round   25/30  coverage=0.4118  prec@K=0.0056  accepted=38  loss=0.5031  (5.7s)
Round   26/30  coverage=0.4120  prec@K=0.0039  accepted=26  loss=0.5008  (5.5s)
Round   27/30  coverage=0.4122  prec@K=0.0034  accepted=23  loss=0.5004  (6.2s)
Round   28/30  coverage=0.4125  prec@K=0.0043  accepted=29  loss=0.5006  (6.3s)
Round   29/30  coverage=0.4129  prec@K=0.0053  accepted=36  loss=0.5013  (15.1s)
Round   30/30  coverage=0.4132  prec@K=0.0052  accepted=35  loss=0.5015  (6.7s)

结果已写入 results\online\algo_sweep_wiki_vote_v2_ir40_s0\wiki_vote_gnn/rounds.csv
