C:\conda\envs\gnn\lib\site-packages\requests\__init__.py:86: RequestsDependencyWarning: Unable to find acceptable character detection dependency (chardet or charset_normalizer).
  warnings.warn(
C:\conda\envs\gnn\lib\site-packages\outdated\__init__.py:36: UserWarning: pkg_resources is deprecated as an API. See https://setuptools.pypa.io/en/latest/pkg_resources.html. The pkg_resources package is slated for removal as early as 2025-11-30. Refrain from using this package or pin to Setuptools<81.
  from pkg_resources import parse_version
Round    1/30  coverage=0.4011  prec@K=0.0164  accepted=111  loss=0.5619  (4.9s)
Round    2/30  coverage=0.4019  prec@K=0.0124  accepted=83  loss=0.5586  (6.4s)
Round    3/30  coverage=0.4028  prec@K=0.0137  accepted=93  loss=0.5585  (6.7s)
Round    4/30  coverage=0.4036  prec@K=0.0130  accepted=88  loss=0.5567  (2.8s)
Round    5/30  coverage=0.4044  prec@K=0.0123  accepted=83  loss=0.5543  (1.7s)
Round    6/30  coverage=0.4050  prec@K=0.0093  accepted=63  loss=0.5486  (2.2s)
Round    7/30  coverage=0.4059  prec@K=0.0140  accepted=96  loss=0.5492  (2.6s)
Round    8/30  coverage=0.4068  prec@K=0.0129  accepted=87  loss=0.5453  (2.4s)
Round    9/30  coverage=0.4075  prec@K=0.0112  accepted=76  loss=0.5415  (2.1s)
Round   10/30  coverage=0.4081  prec@K=0.0086  accepted=59  loss=0.5361  (3.3s)
Round   11/30  coverage=0.4088  prec@K=0.0105  accepted=71  loss=0.5344  (3.9s)
Round   12/30  coverage=0.4094  prec@K=0.0097  accepted=66  loss=0.5313  (2.9s)
Round   13/30  coverage=0.4100  prec@K=0.0098  accepted=66  loss=0.5278  (2.8s)
Round   14/30  coverage=0.4107  prec@K=0.0100  accepted=67  loss=0.5248  (3.6s)
Round   15/30  coverage=0.4115  prec@K=0.0122  accepted=83  loss=0.5246  (3.4s)
Round   16/30  coverage=0.4120  prec@K=0.0078  accepted=52  loss=0.5189  (3.7s)
Round   17/30  coverage=0.4125  prec@K=0.0077  accepted=52  loss=0.5155  (6.1s)
Round   18/30  coverage=0.4131  prec@K=0.0098  accepted=66  loss=0.5159  (4.4s)
Round   19/30  coverage=0.4139  prec@K=0.0113  accepted=77  loss=0.5146  (6.3s)
Round   20/30  coverage=0.4146  prec@K=0.0110  accepted=75  loss=0.5129  (4.4s)
Round   21/30  coverage=0.4151  prec@K=0.0084  accepted=57  loss=0.5104  (27.4s)
Round   22/30  coverage=0.4157  prec@K=0.0090  accepted=61  loss=0.5082  (5.7s)
Round   23/30  coverage=0.4164  prec@K=0.0098  accepted=66  loss=0.5081  (6.0s)
Round   24/30  coverage=0.4169  prec@K=0.0074  accepted=50  loss=0.5045  (7.4s)
Round   25/30  coverage=0.4175  prec@K=0.0096  accepted=65  loss=0.5064  (7.9s)
Round   26/30  coverage=0.4180  prec@K=0.0082  accepted=55  loss=0.5038  (14.0s)
Round   27/30  coverage=0.4185  prec@K=0.0076  accepted=51  loss=0.5033  (7.7s)
Round   28/30  coverage=0.4189  prec@K=0.0062  accepted=42  loss=0.5021  (7.5s)
Round   29/30  coverage=0.4194  prec@K=0.0071  accepted=48  loss=0.5024  (8.0s)
Round   30/30  coverage=0.4198  prec@K=0.0060  accepted=40  loss=0.5026  (8.4s)

结果已写入 results\online\algo_sweep_wiki_vote_v2_ir40_s0\wiki_vote_gnn_sum_h8/rounds.csv
