C:\conda\envs\gnn\lib\site-packages\requests\__init__.py:86: RequestsDependencyWarning: Unable to find acceptable character detection dependency (chardet or charset_normalizer).
  warnings.warn(
C:\conda\envs\gnn\lib\site-packages\outdated\__init__.py:36: UserWarning: pkg_resources is deprecated as an API. See https://setuptools.pypa.io/en/latest/pkg_resources.html. The pkg_resources package is slated for removal as early as 2025-11-30. Refrain from using this package or pin to Setuptools<81.
  from pkg_resources import parse_version
Round    1/30  coverage=0.2536  prec@K=0.0958  accepted=91  loss=0.6775  (0.1s)
Round    2/30  coverage=0.2572  prec@K=0.0961  accepted=89  loss=0.6774  (0.0s)
Round    3/30  coverage=0.2607  prec@K=0.0913  accepted=88  loss=0.6766  (0.0s)
Round    4/30  coverage=0.2636  prec@K=0.0752  accepted=71  loss=0.6745  (0.0s)
Round    5/30  coverage=0.2664  prec@K=0.0726  accepted=70  loss=0.6718  (0.0s)
Round    6/30  coverage=0.2694  prec@K=0.0782  accepted=74  loss=0.6700  (0.0s)
Round    7/30  coverage=0.2722  prec@K=0.0732  accepted=70  loss=0.6662  (0.0s)
Round    8/30  coverage=0.2747  prec@K=0.0644  accepted=63  loss=0.6646  (0.0s)
Round    9/30  coverage=0.2777  prec@K=0.0780  accepted=75  loss=0.6651  (0.0s)
Round   10/30  coverage=0.2806  prec@K=0.0750  accepted=71  loss=0.6609  (0.1s)
Round   11/30  coverage=0.2826  prec@K=0.0517  accepted=50  loss=0.6565  (0.1s)
Round   12/30  coverage=0.2853  prec@K=0.0699  accepted=67  loss=0.6573  (0.0s)
Round   13/30  coverage=0.2879  prec@K=0.0696  accepted=67  loss=0.6553  (0.0s)
Round   14/30  coverage=0.2902  prec@K=0.0588  accepted=57  loss=0.6515  (0.0s)
Round   15/30  coverage=0.2925  prec@K=0.0589  accepted=57  loss=0.6505  (0.0s)
Round   16/30  coverage=0.2947  prec@K=0.0558  accepted=54  loss=0.6478  (0.0s)
Round   17/30  coverage=0.2966  prec@K=0.0494  accepted=48  loss=0.6465  (0.0s)
Round   18/30  coverage=0.2982  prec@K=0.0428  accepted=41  loss=0.6433  (0.0s)
Round   19/30  coverage=0.2995  prec@K=0.0316  accepted=31  loss=0.6400  (0.1s)
Round   20/30  coverage=0.3014  prec@K=0.0498  accepted=48  loss=0.6405  (0.1s)
Round   21/30  coverage=0.3029  prec@K=0.0397  accepted=38  loss=0.6384  (0.1s)
Round   22/30  coverage=0.3045  prec@K=0.0402  accepted=39  loss=0.6375  (0.0s)
Round   23/30  coverage=0.3062  prec@K=0.0449  accepted=43  loss=0.6397  (0.1s)
Round   24/30  coverage=0.3080  prec@K=0.0456  accepted=44  loss=0.6382  (0.1s)
Round   25/30  coverage=0.3102  prec@K=0.0565  accepted=55  loss=0.6384  (0.0s)
Round   26/30  coverage=0.3114  prec@K=0.0317  accepted=31  loss=0.6339  (0.1s)
Round   27/30  coverage=0.3132  prec@K=0.0471  accepted=45  loss=0.6365  (0.1s)
Round   28/30  coverage=0.3149  prec@K=0.0409  accepted=40  loss=0.6367  (0.1s)
Round   29/30  coverage=0.3161  prec@K=0.0312  accepted=30  loss=0.6341  (0.1s)
Round   30/30  coverage=0.3167  prec@K=0.0168  accepted=16  loss=0.6299  (0.0s)

结果已写入 results\online\algo_sweep_email_eu_v2_s2\email_eu_node_emb/rounds.csv
