C:\conda\envs\gnn\lib\site-packages\requests\__init__.py:86: RequestsDependencyWarning: Unable to find acceptable character detection dependency (chardet or charset_normalizer).
  warnings.warn(
C:\conda\envs\gnn\lib\site-packages\outdated\__init__.py:36: UserWarning: pkg_resources is deprecated as an API. See https://setuptools.pypa.io/en/latest/pkg_resources.html. The pkg_resources package is slated for removal as early as 2025-11-30. Refrain from using this package or pin to Setuptools<81.
  from pkg_resources import parse_version
Round    1/30  coverage=0.2572  prec@K=0.1884  accepted=179  loss=nan  (0.1s)
Round    2/30  coverage=0.2652  prec@K=0.2160  accepted=200  loss=nan  (0.0s)
Round    3/30  coverage=0.2753  prec@K=0.2609  accepted=252  loss=nan  (0.0s)
Round    4/30  coverage=0.2838  prec@K=0.2228  accepted=211  loss=nan  (0.0s)
Round    5/30  coverage=0.2925  prec@K=0.2251  accepted=217  loss=nan  (0.0s)
Round    6/30  coverage=0.3007  prec@K=0.2167  accepted=205  loss=nan  (0.0s)
Round    7/30  coverage=0.3086  prec@K=0.2035  accepted=196  loss=nan  (0.0s)
Round    8/30  coverage=0.3172  prec@K=0.2206  accepted=216  loss=nan  (0.0s)
Round    9/30  coverage=0.3242  prec@K=0.1838  accepted=175  loss=nan  (0.0s)
Round   10/30  coverage=0.3333  prec@K=0.2369  accepted=226  loss=nan  (0.0s)
Round   11/30  coverage=0.3409  prec@K=0.1971  accepted=190  loss=nan  (0.2s)
Round   12/30  coverage=0.3487  prec@K=0.2008  accepted=194  loss=nan  (0.0s)
Round   13/30  coverage=0.3565  prec@K=0.2006  accepted=194  loss=nan  (0.0s)
Round   14/30  coverage=0.3648  prec@K=0.2134  accepted=207  loss=nan  (0.0s)
Round   15/30  coverage=0.3707  prec@K=0.1517  accepted=147  loss=nan  (0.0s)
Round   16/30  coverage=0.3767  prec@K=0.1545  accepted=150  loss=nan  (0.0s)
Round   17/30  coverage=0.3833  prec@K=0.1687  accepted=164  loss=nan  (0.0s)
Round   18/30  coverage=0.3898  prec@K=0.1682  accepted=162  loss=nan  (0.0s)
Round   19/30  coverage=0.3963  prec@K=0.1670  accepted=163  loss=nan  (0.0s)
Round   20/30  coverage=0.4038  prec@K=0.1916  accepted=186  loss=nan  (0.0s)
Round   21/30  coverage=0.4091  prec@K=0.1378  accepted=133  loss=nan  (0.2s)
Round   22/30  coverage=0.4133  prec@K=0.1057  accepted=103  loss=nan  (0.0s)
Round   23/30  coverage=0.4185  prec@K=0.1360  accepted=131  loss=nan  (0.1s)
Round   24/30  coverage=0.4256  prec@K=0.1832  accepted=177  loss=nan  (0.1s)
Round   25/30  coverage=0.4325  prec@K=0.1776  accepted=173  loss=nan  (0.1s)
Round   26/30  coverage=0.4380  prec@K=0.1395  accepted=136  loss=nan  (0.1s)
Round   27/30  coverage=0.4434  prec@K=0.1409  accepted=135  loss=nan  (0.1s)
Round   28/30  coverage=0.4490  prec@K=0.1418  accepted=139  loss=nan  (0.1s)
Round   29/30  coverage=0.4538  prec@K=0.1250  accepted=121  loss=nan  (0.1s)
Round   30/30  coverage=0.4576  prec@K=0.0978  accepted=93  loss=nan  (0.1s)

结果已写入 results\online\algo_sweep_email_eu_v2_s2\email_eu_jaccard/rounds.csv
