=== advogato_seal_s2  started 2026-05-10T01:17:02 ===

C:\conda\envs\gnn\lib\site-packages\requests\__init__.py:86: RequestsDependencyWarning: Unable to find acceptable character detection dependency (chardet or charset_normalizer).
  warnings.warn(
C:\conda\envs\gnn\lib\site-packages\outdated\__init__.py:36: UserWarning: pkg_resources is deprecated as an API. See https://setuptools.pypa.io/en/latest/pkg_resources.html. The pkg_resources package is slated for removal as early as 2025-11-30. Refrain from using this package or pin to Setuptools<81.
  from pkg_resources import parse_version
Round    1/30  coverage=0.6009  prec@K=0.0087  accepted=44  auc=0.5471  uauc=0.6459  loss=0.6846  (10.4s)
Round    2/30  coverage=0.6020  prec@K=0.0100  accepted=50  auc=0.4611  uauc=0.6521  loss=0.6843  (9.8s)
Round    3/30  coverage=0.6030  prec@K=0.0092  accepted=46  auc=0.5572  uauc=0.6982  loss=0.6838  (9.1s)
Round    4/30  coverage=0.6039  prec@K=0.0086  accepted=43  auc=0.4345  uauc=0.7198  loss=0.6827  (9.4s)
Round    5/30  coverage=0.6048  prec@K=0.0084  accepted=42  auc=0.7048  uauc=0.6725  loss=0.6830  (9.4s)
Round    6/30  coverage=0.6059  prec@K=0.0104  accepted=52  auc=0.5505  uauc=0.6448  loss=0.6827  (9.3s)
Round    7/30  coverage=0.6069  prec@K=0.0096  accepted=48  auc=0.5655  uauc=0.6673  loss=0.6824  (10.2s)
Round    8/30  coverage=0.6076  prec@K=0.0070  accepted=35  auc=0.5045  uauc=0.7229  loss=0.6822  (9.0s)
Round    9/30  coverage=0.6086  prec@K=0.0090  accepted=45  auc=0.5602  uauc=0.6630  loss=0.6817  (9.3s)
Round   10/30  coverage=0.6094  prec@K=0.0079  accepted=40  auc=0.6453  uauc=0.7427  loss=0.6817  (10.3s)
Round   11/30  coverage=0.6103  prec@K=0.0078  accepted=39  auc=0.5815  uauc=0.7145  loss=0.6806  (13.9s)
Round   12/30  coverage=0.6110  prec@K=0.0070  accepted=35  auc=0.7203  uauc=0.6599  loss=0.6805  (9.3s)
Round   13/30  coverage=0.6118  prec@K=0.0073  accepted=36  auc=0.4931  uauc=0.6884  loss=0.6796  (9.2s)
Round   14/30  coverage=0.6123  prec@K=0.0053  accepted=27  auc=0.6027  uauc=0.7481  loss=0.6804  (9.3s)
Round   15/30  coverage=0.6131  prec@K=0.0074  accepted=37  auc=0.6703  uauc=0.7121  loss=0.6805  (9.5s)
Round   16/30  coverage=0.6138  prec@K=0.0060  accepted=30  auc=0.6139  uauc=0.6940  loss=0.6794  (9.5s)
Round   17/30  coverage=0.6145  prec@K=0.0071  accepted=36  auc=0.7004  uauc=0.6403  loss=0.6790  (14.0s)
Round   18/30  coverage=0.6151  prec@K=0.0058  accepted=29  auc=0.5948  uauc=0.6358  loss=0.6793  (9.3s)
Round   19/30  coverage=0.6155  prec@K=0.0036  accepted=18  auc=0.7251  uauc=0.5245  loss=0.6792  (9.4s)
Round   20/30  coverage=0.6160  prec@K=0.0042  accepted=21  auc=0.7442  uauc=0.7213  loss=0.6785  (9.5s)
Round   21/30  coverage=0.6167  prec@K=0.0068  accepted=34  auc=0.7427  uauc=0.6544  loss=0.6787  (9.8s)
Round   22/30  coverage=0.6172  prec@K=0.0052  accepted=26  auc=0.6939  uauc=0.6336  loss=0.6788  (9.6s)
Round   23/30  coverage=0.6176  prec@K=0.0030  accepted=15  auc=0.8506  uauc=0.5764  loss=0.6777  (9.4s)
Round   24/30  coverage=0.6181  prec@K=0.0054  accepted=27  auc=0.6816  uauc=0.7240  loss=0.6770  (9.1s)
Round   25/30  coverage=0.6189  prec@K=0.0076  accepted=38  auc=0.6954  uauc=0.7145  loss=0.6778  (10.2s)
Round   26/30  coverage=0.6196  prec@K=0.0058  accepted=29  auc=0.6646  uauc=0.6778  loss=0.6774  (10.7s)
Round   27/30  coverage=0.6201  prec@K=0.0052  accepted=26  auc=0.8042  uauc=0.5931  loss=0.6772  (10.1s)
Round   28/30  coverage=0.6207  prec@K=0.0054  accepted=27  auc=0.5504  uauc=0.7308  loss=0.6761  (10.2s)
Round   29/30  coverage=0.6212  prec@K=0.0052  accepted=26  auc=0.8461  uauc=0.6829  loss=0.6768  (9.9s)
Round   30/30  coverage=0.6218  prec@K=0.0052  accepted=26  auc=0.7193  uauc=0.7470  loss=0.6761  (10.6s)

结果已写入 results\orchestrator\runs\seal_full_compare\advogato\seal_s2/rounds.csv

