=== bitcoin_alpha_seal_s1  started 2026-05-10T01:06:57 ===

C:\conda\envs\gnn\lib\site-packages\requests\__init__.py:86: RequestsDependencyWarning: Unable to find acceptable character detection dependency (chardet or charset_normalizer).
  warnings.warn(
C:\conda\envs\gnn\lib\site-packages\outdated\__init__.py:36: UserWarning: pkg_resources is deprecated as an API. See https://setuptools.pypa.io/en/latest/pkg_resources.html. The pkg_resources package is slated for removal as early as 2025-11-30. Refrain from using this package or pin to Setuptools<81.
  from pkg_resources import parse_version
Round    1/30  coverage=0.6007  prec@K=0.0050  accepted=18  auc=0.5917  uauc=0.5711  loss=0.7648  (6.1s)
Round    2/30  coverage=0.6012  prec@K=0.0033  accepted=12  auc=0.5966  uauc=0.7715  loss=0.7646  (5.3s)
Round    3/30  coverage=0.6017  prec@K=0.0033  accepted=12  auc=0.6259  uauc=0.5822  loss=0.7651  (5.2s)
Round    4/30  coverage=0.6023  prec@K=0.0039  accepted=14  auc=0.7324  uauc=0.6768  loss=0.7623  (5.2s)
Round    5/30  coverage=0.6029  prec@K=0.0041  accepted=15  auc=0.5340  uauc=0.5144  loss=0.7632  (5.5s)
Round    6/30  coverage=0.6034  prec@K=0.0036  accepted=13  auc=0.4686  uauc=0.7039  loss=0.7611  (5.7s)
Round    7/30  coverage=0.6039  prec@K=0.0028  accepted=10  auc=0.5534  uauc=0.3765  loss=0.7621  (5.7s)
Round    8/30  coverage=0.6043  prec@K=0.0031  accepted=11  auc=0.6222  uauc=0.6684  loss=0.7616  (5.2s)
Round    9/30  coverage=0.6048  prec@K=0.0034  accepted=12  auc=0.7589  uauc=0.6528  loss=0.7610  (5.4s)
Round   10/30  coverage=0.6050  prec@K=0.0011  accepted=4  auc=0.6565  uauc=0.8472  loss=0.7608  (5.0s)
Round   11/30  coverage=0.6053  prec@K=0.0022  accepted=8  auc=0.5145  uauc=0.5000  loss=0.7608  (5.6s)
Round   12/30  coverage=0.6056  prec@K=0.0019  accepted=7  auc=0.5938  uauc=0.7593  loss=0.7595  (5.2s)
Round   13/30  coverage=0.6059  prec@K=0.0020  accepted=7  auc=0.5166  uauc=0.7143  loss=0.7602  (4.9s)
Round   14/30  coverage=0.6063  prec@K=0.0028  accepted=10  auc=0.3617  uauc=0.5645  loss=0.7599  (5.5s)
Round   15/30  coverage=0.6066  prec@K=0.0022  accepted=8  auc=0.3027  uauc=0.5139  loss=0.7590  (5.7s)
Round   16/30  coverage=0.6069  prec@K=0.0020  accepted=7  auc=0.7253  uauc=0.7130  loss=0.7550  (5.5s)
Round   17/30  coverage=0.6070  prec@K=0.0008  accepted=3  auc=0.9041  uauc=0.9630  loss=0.7569  (5.6s)
Round   18/30  coverage=0.6071  prec@K=0.0006  accepted=2  auc=0.8465  uauc=0.1667  loss=0.7572  (5.5s)
Round   19/30  coverage=0.6075  prec@K=0.0025  accepted=9  auc=0.5959  uauc=0.5994  loss=0.7575  (5.4s)
Round   20/30  coverage=0.6077  prec@K=0.0011  accepted=4  auc=0.4833  uauc=0.4444  loss=0.7545  (5.4s)
Round   21/30  coverage=0.6079  prec@K=0.0017  accepted=6  auc=0.3580  uauc=0.4590  loss=0.7539  (5.5s)
Round   22/30  coverage=0.6082  prec@K=0.0019  accepted=7  auc=0.4528  uauc=0.5000  loss=0.7541  (5.4s)
Round   23/30  coverage=0.6084  prec@K=0.0014  accepted=5  auc=0.2314  uauc=0.4778  loss=0.7541  (8.2s)
Round   24/30  coverage=0.6087  prec@K=0.0017  accepted=6  auc=0.6250  uauc=0.6111  loss=0.7529  (7.6s)
Round   25/30  coverage=0.6090  prec@K=0.0025  accepted=9  auc=0.2663  uauc=0.5988  loss=0.7527  (4.9s)
Round   26/30  coverage=0.6092  prec@K=0.0008  accepted=3  auc=0.5342  uauc=0.5741  loss=0.7500  (5.5s)
Round   27/30  coverage=0.6092  prec@K=0.0006  accepted=2  auc=0.9539  uauc=0.1667  loss=0.7542  (4.6s)
Round   28/30  coverage=0.6093  prec@K=0.0003  accepted=1  auc=0.1562  uauc=1.0000  loss=0.7518  (7.0s)
Round   29/30  coverage=0.6094  prec@K=0.0006  accepted=2  auc=0.5275  uauc=0.4167  loss=0.7517  (8.7s)
Round   30/30  coverage=0.6095  prec@K=0.0011  accepted=4  auc=0.3627  uauc=0.6250  loss=0.7490  (8.9s)

结果已写入 results\orchestrator\runs\seal_full_compare\bitcoin_alpha\seal_s1/rounds.csv
