=== bitcoin_alpha_seal_full_s42  started 2026-05-10T01:15:25 ===

C:\conda\envs\gnn\lib\site-packages\requests\__init__.py:86: RequestsDependencyWarning: Unable to find acceptable character detection dependency (chardet or charset_normalizer).
  warnings.warn(
C:\conda\envs\gnn\lib\site-packages\outdated\__init__.py:36: UserWarning: pkg_resources is deprecated as an API. See https://setuptools.pypa.io/en/latest/pkg_resources.html. The pkg_resources package is slated for removal as early as 2025-11-30. Refrain from using this package or pin to Setuptools<81.
  from pkg_resources import parse_version
Round    1/30  coverage=0.6022  prec@K=0.0154  accepted=55  auc=0.8128  uauc=0.6976  loss=0.6692  (14.1s)
Round    2/30  coverage=0.6046  prec@K=0.0162  accepted=58  auc=0.7686  uauc=0.6661  loss=0.6692  (9.1s)
Round    3/30  coverage=0.6068  prec@K=0.0148  accepted=53  auc=0.8567  uauc=0.7663  loss=0.6690  (8.8s)
Round    4/30  coverage=0.6088  prec@K=0.0129  accepted=47  auc=0.8481  uauc=0.7207  loss=0.6687  (8.5s)
Round    5/30  coverage=0.6105  prec@K=0.0116  accepted=41  auc=0.8064  uauc=0.6893  loss=0.6685  (8.3s)
Round    6/30  coverage=0.6120  prec@K=0.0101  accepted=36  auc=0.8794  uauc=0.6881  loss=0.6682  (7.9s)
Round    7/30  coverage=0.6133  prec@K=0.0088  accepted=32  auc=0.7759  uauc=0.7440  loss=0.6680  (8.6s)
Round    8/30  coverage=0.6152  prec@K=0.0131  accepted=47  auc=0.8145  uauc=0.8234  loss=0.6681  (11.9s)
Round    9/30  coverage=0.6165  prec@K=0.0086  accepted=31  auc=0.7788  uauc=0.7171  loss=0.6677  (9.2s)
Round   10/30  coverage=0.6177  prec@K=0.0077  accepted=28  auc=0.8442  uauc=0.7725  loss=0.6675  (8.4s)
Round   11/30  coverage=0.6187  prec@K=0.0067  accepted=24  auc=0.7979  uauc=0.7267  loss=0.6672  (7.6s)
Round   12/30  coverage=0.6204  prec@K=0.0113  accepted=41  auc=0.8410  uauc=0.6165  loss=0.6674  (8.2s)
Round   13/30  coverage=0.6214  prec@K=0.0067  accepted=24  auc=0.8146  uauc=0.8025  loss=0.6669  (8.5s)
Round   14/30  coverage=0.6225  prec@K=0.0077  accepted=28  auc=0.8617  uauc=0.7027  loss=0.6668  (8.5s)
Round   15/30  coverage=0.6240  prec@K=0.0102  accepted=37  auc=0.8377  uauc=0.7780  loss=0.6669  (8.8s)
Round   16/30  coverage=0.6251  prec@K=0.0070  accepted=25  auc=0.7619  uauc=0.6498  loss=0.6665  (7.4s)
Round   17/30  coverage=0.6260  prec@K=0.0064  accepted=23  auc=0.7952  uauc=0.7865  loss=0.6663  (8.0s)
Round   18/30  coverage=0.6269  prec@K=0.0061  accepted=22  auc=0.5995  uauc=0.6764  loss=0.6661  (8.7s)
Round   19/30  coverage=0.6279  prec@K=0.0067  accepted=24  auc=0.6740  uauc=0.5818  loss=0.6660  (7.8s)
Round   20/30  coverage=0.6292  prec@K=0.0085  accepted=31  auc=0.6587  uauc=0.7385  loss=0.6659  (8.4s)
Round   21/30  coverage=0.6300  prec@K=0.0056  accepted=20  auc=0.6909  uauc=0.6985  loss=0.6656  (8.7s)
Round   22/30  coverage=0.6308  prec@K=0.0053  accepted=19  auc=0.5414  uauc=0.7554  loss=0.6654  (10.0s)
Round   23/30  coverage=0.6312  prec@K=0.0025  accepted=9  auc=0.6134  uauc=0.7708  loss=0.6651  (11.5s)
Round   24/30  coverage=0.6323  prec@K=0.0074  accepted=27  auc=0.6433  uauc=0.6999  loss=0.6652  (9.3s)
Round   25/30  coverage=0.6332  prec@K=0.0058  accepted=21  auc=0.5463  uauc=0.7222  loss=0.6650  (8.1s)
Round   26/30  coverage=0.6340  prec@K=0.0053  accepted=19  auc=0.4717  uauc=0.6953  loss=0.6648  (8.6s)
Round   27/30  coverage=0.6344  prec@K=0.0031  accepted=11  auc=0.5104  uauc=0.6608  loss=0.6646  (8.1s)
Round   28/30  coverage=0.6350  prec@K=0.0036  accepted=13  auc=0.4130  uauc=0.6540  loss=0.6644  (8.7s)
Round   29/30  coverage=0.6355  prec@K=0.0036  accepted=13  auc=0.3479  uauc=0.7924  loss=0.6642  (8.3s)
Round   30/30  coverage=0.6359  prec@K=0.0030  accepted=11  auc=0.3956  uauc=0.7500  loss=0.6640  (13.3s)

结果已写入 results\orchestrator\runs\seal_full_compare\bitcoin_alpha\seal_full_s42/rounds.csv
42/rounds.csv
