=== bitcoin_alpha_seal_s42  started 2026-05-10T01:08:38 ===

C:\conda\envs\gnn\lib\site-packages\requests\__init__.py:86: RequestsDependencyWarning: Unable to find acceptable character detection dependency (chardet or charset_normalizer).
  warnings.warn(
C:\conda\envs\gnn\lib\site-packages\outdated\__init__.py:36: UserWarning: pkg_resources is deprecated as an API. See https://setuptools.pypa.io/en/latest/pkg_resources.html. The pkg_resources package is slated for removal as early as 2025-11-30. Refrain from using this package or pin to Setuptools<81.
  from pkg_resources import parse_version
Round    1/30  coverage=0.6030  prec@K=0.0207  accepted=74  auc=0.8353  uauc=0.7651  loss=0.6540  (6.4s)
Round    2/30  coverage=0.6063  prec@K=0.0218  accepted=78  auc=0.8625  uauc=0.7629  loss=0.6539  (5.3s)
Round    3/30  coverage=0.6088  prec@K=0.0173  accepted=62  auc=0.8433  uauc=0.7764  loss=0.6546  (5.6s)
Round    4/30  coverage=0.6116  prec@K=0.0186  accepted=68  auc=0.8780  uauc=0.7775  loss=0.6532  (7.7s)
Round    5/30  coverage=0.6139  prec@K=0.0153  accepted=54  auc=0.8635  uauc=0.6746  loss=0.6542  (7.6s)
Round    6/30  coverage=0.6158  prec@K=0.0129  accepted=46  auc=0.9022  uauc=0.7725  loss=0.6500  (4.9s)
Round    7/30  coverage=0.6182  prec@K=0.0160  accepted=58  auc=0.8782  uauc=0.7536  loss=0.6520  (5.3s)
Round    8/30  coverage=0.6211  prec@K=0.0194  accepted=70  auc=0.8550  uauc=0.7607  loss=0.6516  (5.3s)
Round    9/30  coverage=0.6231  prec@K=0.0139  accepted=50  auc=0.8167  uauc=0.6486  loss=0.6502  (5.8s)
Round   10/30  coverage=0.6256  prec@K=0.0166  accepted=60  auc=0.9134  uauc=0.8104  loss=0.6493  (9.1s)
Round   11/30  coverage=0.6268  prec@K=0.0081  accepted=29  auc=0.8633  uauc=0.7783  loss=0.6481  (8.1s)
Round   12/30  coverage=0.6287  prec@K=0.0127  accepted=46  auc=0.8759  uauc=0.8199  loss=0.6495  (7.1s)
Round   13/30  coverage=0.6307  prec@K=0.0131  accepted=47  auc=0.8916  uauc=0.7651  loss=0.6486  (5.4s)
Round   14/30  coverage=0.6330  prec@K=0.0154  accepted=56  auc=0.9220  uauc=0.7413  loss=0.6489  (5.6s)
Round   15/30  coverage=0.6352  prec@K=0.0145  accepted=53  auc=0.8685  uauc=0.7591  loss=0.6487  (6.0s)
Round   16/30  coverage=0.6371  prec@K=0.0132  accepted=47  auc=0.8544  uauc=0.8005  loss=0.6456  (5.4s)
Round   17/30  coverage=0.6392  prec@K=0.0138  accepted=50  auc=0.9226  uauc=0.7588  loss=0.6463  (5.3s)
Round   18/30  coverage=0.6412  prec@K=0.0133  accepted=48  auc=0.8420  uauc=0.6939  loss=0.6469  (5.6s)
Round   19/30  coverage=0.6430  prec@K=0.0126  accepted=45  auc=0.8378  uauc=0.7891  loss=0.6449  (5.4s)
Round   20/30  coverage=0.6449  prec@K=0.0124  accepted=45  auc=0.8897  uauc=0.8474  loss=0.6445  (5.3s)
Round   21/30  coverage=0.6467  prec@K=0.0125  accepted=45  auc=0.8957  uauc=0.6733  loss=0.6442  (5.6s)
Round   22/30  coverage=0.6481  prec@K=0.0094  accepted=34  auc=0.9397  uauc=0.7796  loss=0.6427  (5.2s)
Round   23/30  coverage=0.6501  prec@K=0.0132  accepted=48  auc=0.9088  uauc=0.7486  loss=0.6426  (5.2s)
Round   24/30  coverage=0.6517  prec@K=0.0107  accepted=39  auc=0.9039  uauc=0.8373  loss=0.6436  (6.0s)
Round   25/30  coverage=0.6528  prec@K=0.0069  accepted=25  auc=0.8559  uauc=0.8622  loss=0.6406  (4.8s)
Round   26/30  coverage=0.6542  prec@K=0.0097  accepted=35  auc=0.8779  uauc=0.8142  loss=0.6412  (5.4s)
Round   27/30  coverage=0.6557  prec@K=0.0101  accepted=36  auc=0.8966  uauc=0.7195  loss=0.6400  (5.4s)
Round   28/30  coverage=0.6576  prec@K=0.0128  accepted=46  auc=0.8954  uauc=0.7517  loss=0.6396  (5.4s)
Round   29/30  coverage=0.6589  prec@K=0.0087  accepted=31  auc=0.9297  uauc=0.8819  loss=0.6391  (5.7s)
Round   30/30  coverage=0.6601  prec@K=0.0083  accepted=30  auc=0.9318  uauc=0.7286  loss=0.6387  (6.0s)

结果已写入 results\orchestrator\runs\seal_full_compare\bitcoin_alpha\seal_s42/rounds.csv
