=== bitcoin_otc_seal_full_s0  started 2026-05-10T01:40:15 ===

C:\conda\envs\gnn\lib\site-packages\requests\__init__.py:86: RequestsDependencyWarning: Unable to find acceptable character detection dependency (chardet or charset_normalizer).
  warnings.warn(
C:\conda\envs\gnn\lib\site-packages\outdated\__init__.py:36: UserWarning: pkg_resources is deprecated as an API. See https://setuptools.pypa.io/en/latest/pkg_resources.html. The pkg_resources package is slated for removal as early as 2025-11-30. Refrain from using this package or pin to Setuptools<81.
  from pkg_resources import parse_version
Round    1/30  coverage=0.6008  prec@K=0.0051  accepted=29  auc=0.4082  uauc=0.7137  loss=0.6632  (19.0s)
Round    2/30  coverage=0.6014  prec@K=0.0039  accepted=22  auc=0.5916  uauc=0.6976  loss=0.6630  (17.6s)
Round    3/30  coverage=0.6024  prec@K=0.0060  accepted=34  auc=0.2825  uauc=0.6316  loss=0.6630  (19.0s)
Round    4/30  coverage=0.6030  prec@K=0.0038  accepted=21  auc=0.4469  uauc=0.7181  loss=0.6627  (19.2s)
Round    5/30  coverage=0.6038  prec@K=0.0053  accepted=30  auc=0.2746  uauc=0.6469  loss=0.6626  (20.7s)
Round    6/30  coverage=0.6045  prec@K=0.0042  accepted=24  auc=0.3215  uauc=0.6305  loss=0.6624  (19.3s)
Round    7/30  coverage=0.6050  prec@K=0.0032  accepted=18  auc=0.3291  uauc=0.7843  loss=0.6622  (19.5s)
Round    8/30  coverage=0.6055  prec@K=0.0034  accepted=19  auc=0.3916  uauc=0.6732  loss=0.6620  (19.4s)
Round    9/30  coverage=0.6062  prec@K=0.0041  accepted=23  auc=0.3681  uauc=0.7686  loss=0.6620  (19.0s)
Round   10/30  coverage=0.6067  prec@K=0.0032  accepted=18  auc=0.3027  uauc=0.7593  loss=0.6618  (19.0s)
Round   11/30  coverage=0.6074  prec@K=0.0044  accepted=25  auc=0.3352  uauc=0.5877  loss=0.6617  (18.8s)
Round   12/30  coverage=0.6080  prec@K=0.0041  accepted=23  auc=0.3219  uauc=0.5290  loss=0.6615  (19.5s)
Round   13/30  coverage=0.6085  prec@K=0.0030  accepted=17  auc=0.3737  uauc=0.8201  loss=0.6613  (21.2s)
Round   14/30  coverage=0.6093  prec@K=0.0051  accepted=29  auc=0.3611  uauc=0.7031  loss=0.6613  (21.1s)
Round   15/30  coverage=0.6097  prec@K=0.0027  accepted=15  auc=0.2799  uauc=0.6880  loss=0.6610  (20.8s)
Round   16/30  coverage=0.6104  prec@K=0.0043  accepted=24  auc=0.4127  uauc=0.7875  loss=0.6610  (17.3s)
Round   17/30  coverage=0.6109  prec@K=0.0032  accepted=18  auc=0.3043  uauc=0.7380  loss=0.6608  (21.4s)
Round   18/30  coverage=0.6115  prec@K=0.0035  accepted=20  auc=0.2809  uauc=0.6714  loss=0.6607  (17.0s)
Round   19/30  coverage=0.6118  prec@K=0.0018  accepted=10  auc=0.3301  uauc=0.7500  loss=0.6605  (17.0s)
Round   20/30  coverage=0.6123  prec@K=0.0032  accepted=18  auc=0.5498  uauc=0.8391  loss=0.6604  (20.5s)
Round   21/30  coverage=0.6125  prec@K=0.0014  accepted=8  auc=0.2325  uauc=0.7153  loss=0.6601  (16.1s)
Round   22/30  coverage=0.6129  prec@K=0.0027  accepted=15  auc=0.2473  uauc=0.7444  loss=0.6601  (17.2s)
Round   23/30  coverage=0.6134  prec@K=0.0028  accepted=16  auc=0.3848  uauc=0.8328  loss=0.6599  (18.2s)
Round   24/30  coverage=0.6139  prec@K=0.0036  accepted=20  auc=0.3852  uauc=0.8426  loss=0.6599  (16.5s)
Round   25/30  coverage=0.6143  prec@K=0.0021  accepted=12  auc=0.3292  uauc=0.8049  loss=0.6596  (16.0s)
Round   26/30  coverage=0.6147  prec@K=0.0029  accepted=16  auc=0.2212  uauc=0.8667  loss=0.6596  (23.0s)
Round   27/30  coverage=0.6151  prec@K=0.0027  accepted=15  auc=0.2802  uauc=0.7741  loss=0.6594  (17.4s)
Round   28/30  coverage=0.6154  prec@K=0.0016  accepted=9  auc=0.3316  uauc=0.7937  loss=0.6591  (15.9s)
Round   29/30  coverage=0.6157  prec@K=0.0021  accepted=12  auc=0.2743  uauc=0.7454  loss=0.6591  (15.7s)
Round   30/30  coverage=0.6162  prec@K=0.0030  accepted=17  auc=0.3194  uauc=0.8700  loss=0.6590  (15.1s)

结果已写入 results\orchestrator\runs\seal_full_compare\bitcoin_otc\seal_full_s0/rounds.csv
