=== college_msg_seal_full_s42  started 2026-05-10T01:04:59 ===

C:\conda\envs\gnn\lib\site-packages\requests\__init__.py:86: RequestsDependencyWarning: Unable to find acceptable character detection dependency (chardet or charset_normalizer).
  warnings.warn(
C:\conda\envs\gnn\lib\site-packages\outdated\__init__.py:36: UserWarning: pkg_resources is deprecated as an API. See https://setuptools.pypa.io/en/latest/pkg_resources.html. The pkg_resources package is slated for removal as early as 2025-11-30. Refrain from using this package or pin to Setuptools<81.
  from pkg_resources import parse_version
Round    1/30  coverage=0.6015  prec@K=0.0176  accepted=32  auc=0.8719  uauc=0.7837  loss=0.6695  (8.3s)
Round    2/30  coverage=0.6030  prec@K=0.0156  accepted=29  auc=0.8345  uauc=0.8235  loss=0.6692  (7.7s)
Round    3/30  coverage=0.6048  prec@K=0.0205  accepted=37  auc=0.8512  uauc=0.7677  loss=0.6693  (7.8s)
Round    4/30  coverage=0.6055  prec@K=0.0081  accepted=15  auc=0.8384  uauc=0.7853  loss=0.6685  (7.7s)
Round    5/30  coverage=0.6070  prec@K=0.0157  accepted=29  auc=0.7931  uauc=0.7667  loss=0.6688  (8.5s)
Round    6/30  coverage=0.6082  prec@K=0.0134  accepted=25  auc=0.8297  uauc=0.6286  loss=0.6685  (7.4s)
Round    7/30  coverage=0.6099  prec@K=0.0184  accepted=34  auc=0.8392  uauc=0.7147  loss=0.6687  (6.9s)
Round    8/30  coverage=0.6110  prec@K=0.0118  accepted=22  auc=0.8381  uauc=0.8330  loss=0.6681  (6.5s)
Round    9/30  coverage=0.6118  prec@K=0.0099  accepted=18  auc=0.8634  uauc=0.6933  loss=0.6678  (7.0s)
Round   10/30  coverage=0.6129  prec@K=0.0113  accepted=21  auc=0.8668  uauc=0.7729  loss=0.6678  (6.6s)
Round   11/30  coverage=0.6142  prec@K=0.0146  accepted=27  auc=0.8804  uauc=0.7367  loss=0.6677  (7.2s)
Round   12/30  coverage=0.6154  prec@K=0.0130  accepted=24  auc=0.8752  uauc=0.7149  loss=0.6676  (6.5s)
Round   13/30  coverage=0.6160  prec@K=0.0069  accepted=13  auc=0.8658  uauc=0.8492  loss=0.6670  (6.2s)
Round   14/30  coverage=0.6172  prec@K=0.0125  accepted=23  auc=0.8586  uauc=0.7815  loss=0.6671  (6.7s)
Round   15/30  coverage=0.6180  prec@K=0.0086  accepted=16  auc=0.8670  uauc=0.7650  loss=0.6668  (6.6s)
Round   16/30  coverage=0.6190  prec@K=0.0114  accepted=21  auc=0.8898  uauc=0.8129  loss=0.6668  (6.2s)
Round   17/30  coverage=0.6196  prec@K=0.0070  accepted=13  auc=0.9054  uauc=0.8947  loss=0.6664  (6.2s)
Round   18/30  coverage=0.6201  prec@K=0.0053  accepted=10  auc=0.7316  uauc=0.7556  loss=0.6661  (6.3s)
Round   19/30  coverage=0.6209  prec@K=0.0086  accepted=16  auc=0.8387  uauc=0.7398  loss=0.6662  (6.1s)
Round   20/30  coverage=0.6217  prec@K=0.0086  accepted=16  auc=0.8847  uauc=0.6956  loss=0.6660  (7.2s)
Round   21/30  coverage=0.6223  prec@K=0.0070  accepted=13  auc=0.7907  uauc=0.5926  loss=0.6658  (7.2s)
Round   22/30  coverage=0.6230  prec@K=0.0075  accepted=14  auc=0.7522  uauc=0.6838  loss=0.6657  (6.8s)
Round   23/30  coverage=0.6240  prec@K=0.0103  accepted=19  auc=0.8197  uauc=0.7714  loss=0.6657  (7.3s)
Round   24/30  coverage=0.6247  prec@K=0.0075  accepted=14  auc=0.5308  uauc=0.7251  loss=0.6653  (6.9s)
Round   25/30  coverage=0.6251  prec@K=0.0048  accepted=9  auc=0.5212  uauc=0.6910  loss=0.6650  (6.9s)
Round   26/30  coverage=0.6256  prec@K=0.0059  accepted=11  auc=0.5281  uauc=0.6515  loss=0.6649  (6.8s)
Round   27/30  coverage=0.6261  prec@K=0.0048  accepted=9  auc=0.3258  uauc=0.6173  loss=0.6647  (7.2s)
Round   28/30  coverage=0.6268  prec@K=0.0075  accepted=14  auc=0.4598  uauc=0.6972  loss=0.6647  (7.4s)
Round   29/30  coverage=0.6274  prec@K=0.0064  accepted=12  auc=0.4346  uauc=0.7963  loss=0.6645  (7.3s)
Round   30/30  coverage=0.6280  prec@K=0.0064  accepted=12  auc=0.5306  uauc=0.7806  loss=0.6644  (7.1s)

结果已写入 results\orchestrator\runs\seal_full_compare\college_msg\seal_full_s42/rounds.csv
