=== college_msg_seal_s42  started 2026-05-10T01:01:21 ===

C:\conda\envs\gnn\lib\site-packages\requests\__init__.py:86: RequestsDependencyWarning: Unable to find acceptable character detection dependency (chardet or charset_normalizer).
  warnings.warn(
C:\conda\envs\gnn\lib\site-packages\outdated\__init__.py:36: UserWarning: pkg_resources is deprecated as an API. See https://setuptools.pypa.io/en/latest/pkg_resources.html. The pkg_resources package is slated for removal as early as 2025-11-30. Refrain from using this package or pin to Setuptools<81.
  from pkg_resources import parse_version
Round    1/30  coverage=0.6021  prec@K=0.0242  accepted=44  auc=0.8982  uauc=0.8680  loss=0.6535  (5.0s)
Round    2/30  coverage=0.6043  prec@K=0.0237  accepted=44  auc=0.8764  uauc=0.8268  loss=0.6516  (4.4s)
Round    3/30  coverage=0.6065  prec@K=0.0243  accepted=44  auc=0.8355  uauc=0.7493  loss=0.6525  (4.2s)
Round    4/30  coverage=0.6082  prec@K=0.0189  accepted=35  auc=0.8945  uauc=0.8006  loss=0.6507  (4.2s)
Round    5/30  coverage=0.6106  prec@K=0.0261  accepted=48  auc=0.8771  uauc=0.8160  loss=0.6517  (4.4s)
Round    6/30  coverage=0.6129  prec@K=0.0252  accepted=47  auc=0.8398  uauc=0.8130  loss=0.6513  (4.3s)
Round    7/30  coverage=0.6151  prec@K=0.0249  accepted=46  auc=0.8909  uauc=0.8412  loss=0.6506  (4.1s)
Round    8/30  coverage=0.6172  prec@K=0.0225  accepted=42  auc=0.8931  uauc=0.8223  loss=0.6501  (4.2s)
Round    9/30  coverage=0.6193  prec@K=0.0231  accepted=42  auc=0.8983  uauc=0.8477  loss=0.6489  (4.5s)
Round   10/30  coverage=0.6211  prec@K=0.0193  accepted=36  auc=0.8772  uauc=0.8390  loss=0.6492  (4.4s)
Round   11/30  coverage=0.6236  prec@K=0.0277  accepted=51  auc=0.8844  uauc=0.7969  loss=0.6485  (4.7s)
Round   12/30  coverage=0.6254  prec@K=0.0200  accepted=37  auc=0.8910  uauc=0.8730  loss=0.6477  (4.4s)
Round   13/30  coverage=0.6270  prec@K=0.0176  accepted=33  auc=0.9104  uauc=0.7956  loss=0.6462  (4.1s)
Round   14/30  coverage=0.6288  prec@K=0.0195  accepted=36  auc=0.8546  uauc=0.8277  loss=0.6465  (4.0s)
Round   15/30  coverage=0.6306  prec@K=0.0200  accepted=37  auc=0.8450  uauc=0.7671  loss=0.6462  (4.3s)
Round   16/30  coverage=0.6324  prec@K=0.0195  accepted=36  auc=0.8519  uauc=0.7551  loss=0.6461  (4.6s)
Round   17/30  coverage=0.6338  prec@K=0.0157  accepted=29  auc=0.8520  uauc=0.8036  loss=0.6443  (4.4s)
Round   18/30  coverage=0.6354  prec@K=0.0175  accepted=33  auc=0.9354  uauc=0.8331  loss=0.6440  (4.3s)
Round   19/30  coverage=0.6372  prec@K=0.0193  accepted=36  auc=0.9406  uauc=0.8676  loss=0.6438  (4.5s)
Round   20/30  coverage=0.6385  prec@K=0.0144  accepted=27  auc=0.8788  uauc=0.8816  loss=0.6428  (4.4s)
Round   21/30  coverage=0.6395  prec@K=0.0102  accepted=19  auc=0.8916  uauc=0.7606  loss=0.6421  (4.6s)
Round   22/30  coverage=0.6416  prec@K=0.0224  accepted=42  auc=0.8876  uauc=0.7541  loss=0.6431  (4.2s)
Round   23/30  coverage=0.6431  prec@K=0.0174  accepted=32  auc=0.9053  uauc=0.8423  loss=0.6419  (4.5s)
Round   24/30  coverage=0.6446  prec@K=0.0160  accepted=30  auc=0.8190  uauc=0.7405  loss=0.6409  (4.0s)
Round   25/30  coverage=0.6461  prec@K=0.0167  accepted=31  auc=0.8686  uauc=0.7741  loss=0.6405  (4.4s)
Round   26/30  coverage=0.6477  prec@K=0.0172  accepted=32  auc=0.7995  uauc=0.8026  loss=0.6404  (4.8s)
Round   27/30  coverage=0.6491  prec@K=0.0150  accepted=28  auc=0.9128  uauc=0.8362  loss=0.6394  (4.4s)
Round   28/30  coverage=0.6504  prec@K=0.0144  accepted=27  auc=0.9132  uauc=0.7776  loss=0.6385  (4.1s)
Round   29/30  coverage=0.6516  prec@K=0.0123  accepted=23  auc=0.9375  uauc=0.7654  loss=0.6375  (4.4s)
Round   30/30  coverage=0.6530  prec@K=0.0160  accepted=30  auc=0.8483  uauc=0.6907  loss=0.6378  (4.5s)

结果已写入 results\orchestrator\runs\seal_full_compare\college_msg\seal_s42/rounds.csv
