=== college_msg_seal_s2  started 2026-05-10T00:59:48 ===

C:\conda\envs\gnn\lib\site-packages\requests\__init__.py:86: RequestsDependencyWarning: Unable to find acceptable character detection dependency (chardet or charset_normalizer).
  warnings.warn(
C:\conda\envs\gnn\lib\site-packages\outdated\__init__.py:36: UserWarning: pkg_resources is deprecated as an API. See https://setuptools.pypa.io/en/latest/pkg_resources.html. The pkg_resources package is slated for removal as early as 2025-11-30. Refrain from using this package or pin to Setuptools<81.
  from pkg_resources import parse_version
Round    1/30  coverage=0.6012  prec@K=0.0131  accepted=24  auc=0.6463  uauc=0.6990  loss=0.6823  (5.2s)
Round    2/30  coverage=0.6023  prec@K=0.0129  accepted=24  auc=0.7016  uauc=0.6134  loss=0.6825  (4.4s)
Round    3/30  coverage=0.6034  prec@K=0.0118  accepted=22  auc=0.7924  uauc=0.8041  loss=0.6817  (4.6s)
Round    4/30  coverage=0.6047  prec@K=0.0138  accepted=26  auc=0.7964  uauc=0.8468  loss=0.6817  (4.7s)
Round    5/30  coverage=0.6060  prec@K=0.0139  accepted=26  auc=0.8868  uauc=0.7923  loss=0.6818  (4.5s)
Round    6/30  coverage=0.6069  prec@K=0.0103  accepted=19  auc=0.8272  uauc=0.6894  loss=0.6809  (4.3s)
Round    7/30  coverage=0.6081  prec@K=0.0123  accepted=23  auc=0.7781  uauc=0.7638  loss=0.6808  (4.3s)
Round    8/30  coverage=0.6088  prec@K=0.0086  accepted=16  auc=0.8579  uauc=0.7411  loss=0.6804  (4.2s)
Round    9/30  coverage=0.6100  prec@K=0.0129  accepted=24  auc=0.7282  uauc=0.6707  loss=0.6800  (4.5s)
Round   10/30  coverage=0.6116  prec@K=0.0172  accepted=32  auc=0.8522  uauc=0.7421  loss=0.6801  (4.4s)
Round   11/30  coverage=0.6131  prec@K=0.0168  accepted=31  auc=0.9010  uauc=0.8065  loss=0.6798  (4.8s)
Round   12/30  coverage=0.6138  prec@K=0.0070  accepted=13  auc=0.9352  uauc=0.8175  loss=0.6790  (3.9s)
Round   13/30  coverage=0.6152  prec@K=0.0157  accepted=29  auc=0.7837  uauc=0.8416  loss=0.6796  (4.3s)
Round   14/30  coverage=0.6162  prec@K=0.0112  accepted=21  auc=0.7530  uauc=0.8092  loss=0.6792  (4.5s)
Round   15/30  coverage=0.6175  prec@K=0.0138  accepted=26  auc=0.8448  uauc=0.7186  loss=0.6792  (4.4s)
Round   16/30  coverage=0.6187  prec@K=0.0128  accepted=24  auc=0.8267  uauc=0.6780  loss=0.6781  (4.9s)
Round   17/30  coverage=0.6197  prec@K=0.0107  accepted=20  auc=0.7703  uauc=0.6701  loss=0.6776  (4.6s)
Round   18/30  coverage=0.6206  prec@K=0.0096  accepted=18  auc=0.8665  uauc=0.7807  loss=0.6778  (4.6s)
Round   19/30  coverage=0.6212  prec@K=0.0070  accepted=13  auc=0.8632  uauc=0.8857  loss=0.6782  (4.5s)
Round   20/30  coverage=0.6221  prec@K=0.0102  accepted=19  auc=0.9395  uauc=0.7912  loss=0.6771  (4.4s)
Round   21/30  coverage=0.6229  prec@K=0.0086  accepted=16  auc=0.7321  uauc=0.7794  loss=0.6771  (4.2s)
Round   22/30  coverage=0.6238  prec@K=0.0092  accepted=17  auc=0.9208  uauc=0.8276  loss=0.6766  (4.1s)
Round   23/30  coverage=0.6244  prec@K=0.0069  accepted=13  auc=0.7797  uauc=0.8033  loss=0.6766  (4.1s)
Round   24/30  coverage=0.6251  prec@K=0.0081  accepted=15  auc=0.7226  uauc=0.7650  loss=0.6762  (4.0s)
Round   25/30  coverage=0.6263  prec@K=0.0123  accepted=23  auc=0.8555  uauc=0.7960  loss=0.6765  (4.6s)
Round   26/30  coverage=0.6269  prec@K=0.0069  accepted=13  auc=0.7214  uauc=0.8056  loss=0.6757  (4.0s)
Round   27/30  coverage=0.6278  prec@K=0.0096  accepted=18  auc=0.7350  uauc=0.7971  loss=0.6756  (4.4s)
Round   28/30  coverage=0.6286  prec@K=0.0092  accepted=17  auc=0.7990  uauc=0.8831  loss=0.6754  (4.2s)
Round   29/30  coverage=0.6293  prec@K=0.0071  accepted=13  auc=0.7905  uauc=0.7948  loss=0.6751  (4.0s)
Round   30/30  coverage=0.6301  prec@K=0.0091  accepted=17  auc=0.5964  uauc=0.8029  loss=0.6748  (3.9s)

结果已写入 results\orchestrator\runs\seal_full_compare\college_msg\seal_s2/rounds.csv
