=== email_eu_seal_s1  started 2026-05-10T00:49:09 ===

C:\conda\envs\gnn\lib\site-packages\requests\__init__.py:86: RequestsDependencyWarning: Unable to find acceptable character detection dependency (chardet or charset_normalizer).
  warnings.warn(
C:\conda\envs\gnn\lib\site-packages\outdated\__init__.py:36: UserWarning: pkg_resources is deprecated as an API. See https://setuptools.pypa.io/en/latest/pkg_resources.html. The pkg_resources package is slated for removal as early as 2025-11-30. Refrain from using this package or pin to Setuptools<81.
  from pkg_resources import parse_version
Round    1/30  coverage=0.6003  prec@K=0.0082  accepted=8  auc=0.5443  uauc=0.5417  loss=0.7021  (5.1s)
Round    2/30  coverage=0.6006  prec@K=0.0082  accepted=8  auc=0.7051  uauc=0.4583  loss=0.6805  (3.9s)
Round    3/30  coverage=0.6009  prec@K=0.0082  accepted=8  auc=0.4265  uauc=0.6840  loss=0.6818  (4.0s)
Round    4/30  coverage=0.6012  prec@K=0.0062  accepted=6  auc=0.5395  uauc=0.5648  loss=0.6995  (3.4s)
Round    5/30  coverage=0.6015  prec@K=0.0072  accepted=7  auc=0.4370  uauc=0.4491  loss=0.6865  (3.8s)
Round    6/30  coverage=0.6019  prec@K=0.0102  accepted=10  auc=0.5093  uauc=0.6988  loss=0.6866  (3.4s)
Round    7/30  coverage=0.6020  prec@K=0.0031  accepted=3  auc=0.5870  uauc=0.9074  loss=0.6750  (3.9s)
Round    8/30  coverage=0.6022  prec@K=0.0062  accepted=6  auc=0.5951  uauc=0.5111  loss=0.6730  (3.9s)
Round    9/30  coverage=0.6025  prec@K=0.0062  accepted=6  auc=0.4336  uauc=0.5833  loss=0.6796  (3.8s)
Round   10/30  coverage=0.6025  prec@K=0.0010  accepted=1  auc=0.8202  uauc=1.0000  loss=0.6787  (3.4s)
Round   11/30  coverage=0.6027  prec@K=0.0041  accepted=4  auc=0.4676  uauc=0.3056  loss=0.6903  (3.5s)
Round   12/30  coverage=0.6029  prec@K=0.0062  accepted=6  auc=0.4432  uauc=0.6056  loss=0.6677  (3.8s)
Round   13/30  coverage=0.6032  prec@K=0.0072  accepted=7  auc=0.4651  uauc=0.4734  loss=0.6499  (4.1s)
Round   14/30  coverage=0.6032  prec@K=0.0010  accepted=1  auc=0.6057  uauc=0.5000  loss=0.6777  (3.6s)
Round   15/30  coverage=0.6033  prec@K=0.0010  accepted=1  auc=0.7472  uauc=0.7222  loss=0.6783  (3.6s)
Round   16/30  coverage=0.6034  prec@K=0.0031  accepted=3  auc=0.7723  uauc=0.3704  loss=0.6593  (3.4s)
Round   17/30  coverage=0.6036  prec@K=0.0041  accepted=4  auc=0.5330  uauc=0.3333  loss=0.6658  (3.3s)
Round   18/30  coverage=0.6037  prec@K=0.0031  accepted=3  auc=0.0584  uauc=0.3472  loss=0.6802  (3.4s)
Round   19/30  coverage=0.6038  prec@K=0.0021  accepted=2  auc=0.3511  uauc=0.3611  loss=0.6609  (3.7s)
Round   20/30  coverage=0.6039  prec@K=0.0031  accepted=3  auc=0.6453  uauc=0.5000  loss=0.6600  (3.4s)
Round   21/30  coverage=0.6040  prec@K=0.0021  accepted=2  auc=0.5021  uauc=0.5000  loss=0.6291  (4.1s)
Round   22/30  coverage=0.6042  prec@K=0.0051  accepted=5  auc=0.4310  uauc=0.4444  loss=0.6511  (3.6s)
Round   23/30  coverage=0.6043  prec@K=0.0041  accepted=4  auc=0.3627  uauc=0.3611  loss=0.6453  (3.6s)
Round   24/30  coverage=0.6044  prec@K=0.0010  accepted=1  auc=0.0041  uauc=0.1111  loss=0.6349  (3.7s)
Round   25/30  coverage=0.6045  prec@K=0.0041  accepted=4  auc=0.4326  uauc=0.4167  loss=0.6500  (3.7s)
Round   26/30  coverage=0.6047  prec@K=0.0041  accepted=4  auc=0.5686  uauc=0.5000  loss=0.6360  (4.8s)
Round   27/30  coverage=0.6048  prec@K=0.0021  accepted=2  auc=0.3076  uauc=0.5278  loss=0.6485  (3.6s)
Round   28/30  coverage=0.6049  prec@K=0.0031  accepted=3  auc=0.6273  uauc=0.4444  loss=0.6417  (3.4s)
Round   29/30  coverage=0.6050  prec@K=0.0031  accepted=3  auc=0.0575  uauc=0.3704  loss=0.6324  (3.8s)
Round   30/30  coverage=0.6051  prec@K=0.0021  accepted=2  auc=0.4458  uauc=0.4722  loss=0.6182  (3.8s)

结果已写入 results\orchestrator\runs\seal_full_compare\email_eu\seal_s1/rounds.csv
