=== email_eu_seal_s42  started 2026-05-10T00:51:11 ===

C:\conda\envs\gnn\lib\site-packages\requests\__init__.py:86: RequestsDependencyWarning: Unable to find acceptable character detection dependency (chardet or charset_normalizer).
  warnings.warn(
C:\conda\envs\gnn\lib\site-packages\outdated\__init__.py:36: UserWarning: pkg_resources is deprecated as an API. See https://setuptools.pypa.io/en/latest/pkg_resources.html. The pkg_resources package is slated for removal as early as 2025-11-30. Refrain from using this package or pin to Setuptools<81.
  from pkg_resources import parse_version
Round    1/30  coverage=0.6043  prec@K=0.1107  accepted=108  auc=0.7205  uauc=0.6888  loss=0.7463  (5.0s)
Round    2/30  coverage=0.6094  prec@K=0.1291  accepted=126  auc=0.7306  uauc=0.6077  loss=0.7629  (3.9s)
Round    3/30  coverage=0.6134  prec@K=0.1021  accepted=100  auc=0.7306  uauc=0.6303  loss=0.7268  (3.7s)
Round    4/30  coverage=0.6169  prec@K=0.0888  accepted=87  auc=0.6582  uauc=0.6487  loss=0.8072  (3.8s)
Round    5/30  coverage=0.6198  prec@K=0.0755  accepted=74  auc=0.6916  uauc=0.6559  loss=0.8048  (4.0s)
Round    6/30  coverage=0.6226  prec@K=0.0716  accepted=70  auc=0.6979  uauc=0.6491  loss=0.8002  (3.7s)
Round    7/30  coverage=0.6265  prec@K=0.0978  accepted=95  auc=0.6567  uauc=0.6626  loss=0.7800  (3.7s)
Round    8/30  coverage=0.6299  prec@K=0.0867  accepted=85  auc=0.7242  uauc=0.6361  loss=0.7534  (3.9s)
Round    9/30  coverage=0.6328  prec@K=0.0735  accepted=72  auc=0.6963  uauc=0.5130  loss=0.7686  (3.6s)
Round   10/30  coverage=0.6356  prec@K=0.0726  accepted=71  auc=0.6660  uauc=0.6598  loss=0.7645  (3.7s)
Round   11/30  coverage=0.6385  prec@K=0.0735  accepted=72  auc=0.7000  uauc=0.6494  loss=0.7472  (4.0s)
Round   12/30  coverage=0.6421  prec@K=0.0918  accepted=90  auc=0.6873  uauc=0.6671  loss=0.7531  (4.2s)
Round   13/30  coverage=0.6446  prec@K=0.0636  accepted=62  auc=0.6982  uauc=0.6141  loss=0.7334  (3.6s)
Round   14/30  coverage=0.6482  prec@K=0.0912  accepted=89  auc=0.6447  uauc=0.6331  loss=0.7729  (3.9s)
Round   15/30  coverage=0.6512  prec@K=0.0776  accepted=75  auc=0.7026  uauc=0.5860  loss=0.7334  (3.4s)
Round   16/30  coverage=0.6543  prec@K=0.0806  accepted=79  auc=0.5937  uauc=0.5173  loss=0.7627  (3.9s)
Round   17/30  coverage=0.6569  prec@K=0.0653  accepted=64  auc=0.6675  uauc=0.6733  loss=0.7565  (3.8s)
Round   18/30  coverage=0.6601  prec@K=0.0807  accepted=79  auc=0.6572  uauc=0.5695  loss=0.7436  (3.9s)
Round   19/30  coverage=0.6624  prec@K=0.0602  accepted=59  auc=0.7063  uauc=0.6649  loss=0.7309  (3.6s)
Round   20/30  coverage=0.6649  prec@K=0.0622  accepted=61  auc=0.7037  uauc=0.7017  loss=0.7285  (3.9s)
Round   21/30  coverage=0.6672  prec@K=0.0585  accepted=57  auc=0.6948  uauc=0.6618  loss=0.7270  (4.0s)
Round   22/30  coverage=0.6698  prec@K=0.0675  accepted=65  auc=0.5619  uauc=0.6395  loss=0.7472  (3.7s)
Round   23/30  coverage=0.6718  prec@K=0.0531  accepted=51  auc=0.6083  uauc=0.6667  loss=0.7215  (3.8s)
Round   24/30  coverage=0.6738  prec@K=0.0505  accepted=49  auc=0.6363  uauc=0.6061  loss=0.7211  (3.6s)
Round   25/30  coverage=0.6761  prec@K=0.0594  accepted=58  auc=0.6577  uauc=0.6286  loss=0.7028  (3.9s)
Round   26/30  coverage=0.6786  prec@K=0.0626  accepted=61  auc=0.6309  uauc=0.6870  loss=0.7054  (3.9s)
Round   27/30  coverage=0.6810  prec@K=0.0612  accepted=60  auc=0.5811  uauc=0.6398  loss=0.6938  (3.9s)
Round   28/30  coverage=0.6833  prec@K=0.0600  accepted=58  auc=0.6181  uauc=0.5093  loss=0.6959  (3.7s)
Round   29/30  coverage=0.6851  prec@K=0.0455  accepted=44  auc=0.6372  uauc=0.5575  loss=0.6880  (3.7s)
Round   30/30  coverage=0.6869  prec@K=0.0472  accepted=46  auc=0.7341  uauc=0.6320  loss=0.6742  (3.4s)

结果已写入 results\orchestrator\runs\seal_full_compare\email_eu\seal_s42/rounds.csv
