=== wiki_vote_seal_full_s3  started 2026-05-10T02:07:39 ===

C:\conda\envs\gnn\lib\site-packages\requests\__init__.py:86: RequestsDependencyWarning: Unable to find acceptable character detection dependency (chardet or charset_normalizer).
  warnings.warn(
C:\conda\envs\gnn\lib\site-packages\outdated\__init__.py:36: UserWarning: pkg_resources is deprecated as an API. See https://setuptools.pypa.io/en/latest/pkg_resources.html. The pkg_resources package is slated for removal as early as 2025-11-30. Refrain from using this package or pin to Setuptools<81.
  from pkg_resources import parse_version
Round    1/30  coverage=0.6003  prec@K=0.0044  accepted=31  auc=0.6837  uauc=0.6122  loss=0.6242  (32.9s)
Round    2/30  coverage=0.6005  prec@K=0.0034  accepted=24  auc=0.7405  uauc=0.6539  loss=0.6239  (30.3s)
Round    3/30  coverage=0.6008  prec@K=0.0034  accepted=24  auc=0.6317  uauc=0.5471  loss=0.6238  (33.5s)
Round    4/30  coverage=0.6010  prec@K=0.0031  accepted=22  auc=0.6027  uauc=0.5806  loss=0.6236  (30.2s)
Round    5/30  coverage=0.6012  prec@K=0.0027  accepted=19  auc=0.5843  uauc=0.4825  loss=0.6234  (30.0s)
Round    6/30  coverage=0.6014  prec@K=0.0030  accepted=21  auc=0.5409  uauc=0.5393  loss=0.6234  (30.6s)
Round    7/30  coverage=0.6017  prec@K=0.0049  accepted=35  auc=0.4892  uauc=0.5097  loss=0.6236  (34.7s)
Round    8/30  coverage=0.6020  prec@K=0.0047  accepted=33  auc=0.4168  uauc=0.4617  loss=0.6235  (29.2s)
Round    9/30  coverage=0.6024  prec@K=0.0051  accepted=36  auc=0.3378  uauc=0.5433  loss=0.6234  (37.3s)
Round   10/30  coverage=0.6026  prec@K=0.0040  accepted=28  auc=0.3173  uauc=0.5751  loss=0.6231  (29.4s)
Round   11/30  coverage=0.6028  prec@K=0.0024  accepted=17  auc=0.2059  uauc=0.4959  loss=0.6228  (30.7s)
Round   12/30  coverage=0.6031  prec@K=0.0041  accepted=29  auc=0.2075  uauc=0.4787  loss=0.6230  (30.8s)
Round   13/30  coverage=0.6034  prec@K=0.0041  accepted=29  auc=0.2697  uauc=0.6133  loss=0.6228  (31.7s)
Round   14/30  coverage=0.6036  prec@K=0.0042  accepted=30  auc=0.2467  uauc=0.5288  loss=0.6227  (28.9s)
Round   15/30  coverage=0.6040  prec@K=0.0048  accepted=34  auc=0.1641  uauc=0.4825  loss=0.6228  (34.1s)
Round   16/30  coverage=0.6042  prec@K=0.0041  accepted=29  auc=0.2086  uauc=0.4680  loss=0.6225  (31.1s)
Round   17/30  coverage=0.6045  prec@K=0.0041  accepted=29  auc=0.2006  uauc=0.4379  loss=0.6224  (27.6s)
Round   18/30  coverage=0.6048  prec@K=0.0038  accepted=27  auc=0.1901  uauc=0.5152  loss=0.6223  (26.2s)
Round   19/30  coverage=0.6050  prec@K=0.0037  accepted=26  auc=0.2445  uauc=0.5501  loss=0.6222  (26.3s)
Round   20/30  coverage=0.6053  prec@K=0.0041  accepted=29  auc=0.1508  uauc=0.4845  loss=0.6221  (35.0s)
Round   21/30  coverage=0.6056  prec@K=0.0038  accepted=27  auc=0.2661  uauc=0.5852  loss=0.6220  (28.5s)
Round   22/30  coverage=0.6059  prec@K=0.0047  accepted=33  auc=0.2039  uauc=0.4764  loss=0.6220  (29.1s)
Round   23/30  coverage=0.6062  prec@K=0.0051  accepted=36  auc=0.1827  uauc=0.5080  loss=0.6220  (30.3s)
Round   24/30  coverage=0.6066  prec@K=0.0050  accepted=35  auc=0.1883  uauc=0.5447  loss=0.6219  (26.6s)
Round   25/30  coverage=0.6070  prec@K=0.0055  accepted=39  auc=0.2141  uauc=0.6071  loss=0.6219  (30.9s)
Round   26/30  coverage=0.6072  prec@K=0.0041  accepted=29  auc=0.2069  uauc=0.5510  loss=0.6215  (31.0s)
Round   27/30  coverage=0.6076  prec@K=0.0048  accepted=34  auc=0.1995  uauc=0.4646  loss=0.6216  (29.0s)
Round   28/30  coverage=0.6079  prec@K=0.0050  accepted=35  auc=0.2336  uauc=0.5204  loss=0.6215  (28.9s)
Round   29/30  coverage=0.6083  prec@K=0.0059  accepted=42  auc=0.1886  uauc=0.6678  loss=0.6216  (29.8s)
Round   30/30  coverage=0.6087  prec@K=0.0061  accepted=43  auc=0.2355  uauc=0.6141  loss=0.6215  (26.7s)

结果已写入 results\orchestrator\runs\seal_full_compare\wiki_vote\seal_full_s3/rounds.csv
