=== wiki_vote_seal_full_s42  started 2026-05-10T02:14:10 ===

C:\conda\envs\gnn\lib\site-packages\requests\__init__.py:86: RequestsDependencyWarning: Unable to find acceptable character detection dependency (chardet or charset_normalizer).
  warnings.warn(
C:\conda\envs\gnn\lib\site-packages\outdated\__init__.py:36: UserWarning: pkg_resources is deprecated as an API. See https://setuptools.pypa.io/en/latest/pkg_resources.html. The pkg_resources package is slated for removal as early as 2025-11-30. Refrain from using this package or pin to Setuptools<81.
  from pkg_resources import parse_version
Round    1/30  coverage=0.6004  prec@K=0.0057  accepted=40  auc=0.7301  uauc=0.6400  loss=0.6687  (33.5s)
Round    2/30  coverage=0.6007  prec@K=0.0044  accepted=31  auc=0.7526  uauc=0.5358  loss=0.6684  (28.3s)
Round    3/30  coverage=0.6010  prec@K=0.0044  accepted=31  auc=0.7385  uauc=0.6362  loss=0.6683  (34.5s)
Round    4/30  coverage=0.6013  prec@K=0.0048  accepted=34  auc=0.7316  uauc=0.6137  loss=0.6681  (30.8s)
Round    5/30  coverage=0.6018  prec@K=0.0068  accepted=48  auc=0.7959  uauc=0.5795  loss=0.6681  (27.3s)
Round    6/30  coverage=0.6021  prec@K=0.0041  accepted=29  auc=0.7547  uauc=0.6739  loss=0.6678  (26.5s)
Round    7/30  coverage=0.6023  prec@K=0.0034  accepted=24  auc=0.8232  uauc=0.6563  loss=0.6676  (26.8s)
Round    8/30  coverage=0.6025  prec@K=0.0031  accepted=22  auc=0.7478  uauc=0.6186  loss=0.6674  (33.2s)
Round    9/30  coverage=0.6026  prec@K=0.0021  accepted=15  auc=0.6790  uauc=0.4926  loss=0.6672  (27.2s)
Round   10/30  coverage=0.6029  prec@K=0.0042  accepted=30  auc=0.7498  uauc=0.6387  loss=0.6672  (27.8s)
Round   11/30  coverage=0.6032  prec@K=0.0038  accepted=27  auc=0.7752  uauc=0.5664  loss=0.6670  (33.9s)
Round   12/30  coverage=0.6035  prec@K=0.0045  accepted=32  auc=0.7247  uauc=0.4960  loss=0.6669  (29.6s)
Round   13/30  coverage=0.6039  prec@K=0.0055  accepted=39  auc=0.7505  uauc=0.5271  loss=0.6668  (27.6s)
Round   14/30  coverage=0.6041  prec@K=0.0033  accepted=23  auc=0.8141  uauc=0.4915  loss=0.6665  (25.1s)
Round   15/30  coverage=0.6043  prec@K=0.0030  accepted=21  auc=0.7461  uauc=0.4637  loss=0.6664  (27.9s)
Round   16/30  coverage=0.6046  prec@K=0.0044  accepted=31  auc=0.7943  uauc=0.5657  loss=0.6663  (28.4s)
Round   17/30  coverage=0.6048  prec@K=0.0037  accepted=26  auc=0.7758  uauc=0.6187  loss=0.6661  (28.7s)
Round   18/30  coverage=0.6050  prec@K=0.0025  accepted=18  auc=0.7899  uauc=0.4599  loss=0.6659  (25.6s)
Round   19/30  coverage=0.6052  prec@K=0.0020  accepted=14  auc=0.8077  uauc=0.5214  loss=0.6657  (29.7s)
Round   20/30  coverage=0.6054  prec@K=0.0030  accepted=21  auc=0.8066  uauc=0.6332  loss=0.6657  (25.8s)
Round   21/30  coverage=0.6055  prec@K=0.0027  accepted=19  auc=0.7073  uauc=0.4931  loss=0.6655  (28.0s)
Round   22/30  coverage=0.6058  prec@K=0.0033  accepted=23  auc=0.8663  uauc=0.6548  loss=0.6654  (28.0s)
Round   23/30  coverage=0.6060  prec@K=0.0031  accepted=22  auc=0.6429  uauc=0.4279  loss=0.6652  (30.4s)
Round   24/30  coverage=0.6063  prec@K=0.0047  accepted=33  auc=0.8096  uauc=0.5870  loss=0.6652  (28.7s)
Round   25/30  coverage=0.6065  prec@K=0.0034  accepted=24  auc=0.6945  uauc=0.6135  loss=0.6650  (27.4s)
Round   26/30  coverage=0.6067  prec@K=0.0024  accepted=17  auc=0.4931  uauc=0.5751  loss=0.6648  (29.6s)
Round   27/30  coverage=0.6069  prec@K=0.0034  accepted=24  auc=0.6629  uauc=0.6688  loss=0.6647  (28.3s)
Round   28/30  coverage=0.6071  prec@K=0.0023  accepted=16  auc=0.4845  uauc=0.5521  loss=0.6645  (28.3s)
Round   29/30  coverage=0.6072  prec@K=0.0023  accepted=16  auc=0.4465  uauc=0.6537  loss=0.6644  (26.1s)
Round   30/30  coverage=0.6075  prec@K=0.0033  accepted=23  auc=0.4430  uauc=0.6269  loss=0.6643  (33.6s)

结果已写入 results\orchestrator\runs\seal_full_compare\wiki_vote\seal_full_s42/rounds.csv
