=== wiki_vote_seal_s2  started 2026-05-10T01:52:48 ===

C:\conda\envs\gnn\lib\site-packages\requests\__init__.py:86: RequestsDependencyWarning: Unable to find acceptable character detection dependency (chardet or charset_normalizer).
  warnings.warn(
C:\conda\envs\gnn\lib\site-packages\outdated\__init__.py:36: UserWarning: pkg_resources is deprecated as an API. See https://setuptools.pypa.io/en/latest/pkg_resources.html. The pkg_resources package is slated for removal as early as 2025-11-30. Refrain from using this package or pin to Setuptools<81.
  from pkg_resources import parse_version
Round    1/30  coverage=0.6002  prec@K=0.0037  accepted=26  auc=0.5564  uauc=0.6147  loss=0.6826  (17.9s)
Round    2/30  coverage=0.6004  prec@K=0.0030  accepted=21  auc=0.5772  uauc=0.5004  loss=0.6818  (15.5s)
Round    3/30  coverage=0.6008  prec@K=0.0047  accepted=33  auc=0.5546  uauc=0.5538  loss=0.6815  (14.6s)
Round    4/30  coverage=0.6011  prec@K=0.0050  accepted=35  auc=0.6906  uauc=0.5385  loss=0.6811  (15.7s)
Round    5/30  coverage=0.6014  prec@K=0.0038  accepted=27  auc=0.4199  uauc=0.5720  loss=0.6811  (14.4s)
Round    6/30  coverage=0.6016  prec@K=0.0035  accepted=25  auc=0.4255  uauc=0.4508  loss=0.6804  (14.4s)
Round    7/30  coverage=0.6018  prec@K=0.0028  accepted=20  auc=0.6313  uauc=0.6278  loss=0.6806  (15.5s)
Round    8/30  coverage=0.6021  prec@K=0.0037  accepted=26  auc=0.5001  uauc=0.4090  loss=0.6805  (16.0s)
Round    9/30  coverage=0.6023  prec@K=0.0031  accepted=22  auc=0.5635  uauc=0.5753  loss=0.6800  (15.7s)
Round   10/30  coverage=0.6026  prec@K=0.0048  accepted=34  auc=0.4651  uauc=0.5764  loss=0.6793  (14.6s)
Round   11/30  coverage=0.6028  prec@K=0.0034  accepted=24  auc=0.3619  uauc=0.5895  loss=0.6797  (16.7s)
Round   12/30  coverage=0.6031  prec@K=0.0034  accepted=24  auc=0.5574  uauc=0.4837  loss=0.6790  (14.6s)
Round   13/30  coverage=0.6032  prec@K=0.0023  accepted=16  auc=0.4503  uauc=0.6146  loss=0.6788  (16.5s)
Round   14/30  coverage=0.6034  prec@K=0.0031  accepted=22  auc=0.5264  uauc=0.5546  loss=0.6789  (17.0s)
Round   15/30  coverage=0.6036  prec@K=0.0031  accepted=22  auc=0.4139  uauc=0.5501  loss=0.6789  (17.2s)
Round   16/30  coverage=0.6040  prec@K=0.0047  accepted=33  auc=0.3682  uauc=0.5685  loss=0.6783  (15.6s)
Round   17/30  coverage=0.6042  prec@K=0.0030  accepted=21  auc=0.4036  uauc=0.4399  loss=0.6783  (17.2s)
Round   18/30  coverage=0.6044  prec@K=0.0030  accepted=21  auc=0.2725  uauc=0.5534  loss=0.6778  (16.4s)
Round   19/30  coverage=0.6045  prec@K=0.0027  accepted=19  auc=0.4500  uauc=0.5567  loss=0.6777  (15.9s)
Round   20/30  coverage=0.6047  prec@K=0.0024  accepted=17  auc=0.5027  uauc=0.5395  loss=0.6773  (15.6s)
Round   21/30  coverage=0.6049  prec@K=0.0033  accepted=23  auc=0.2623  uauc=0.5354  loss=0.6770  (17.3s)
Round   22/30  coverage=0.6050  prec@K=0.0013  accepted=9  auc=0.4297  uauc=0.4815  loss=0.6769  (17.1s)
Round   23/30  coverage=0.6052  prec@K=0.0021  accepted=15  auc=0.3466  uauc=0.5037  loss=0.6765  (16.1s)
Round   24/30  coverage=0.6053  prec@K=0.0024  accepted=17  auc=0.2299  uauc=0.5165  loss=0.6763  (17.5s)
Round   25/30  coverage=0.6055  prec@K=0.0020  accepted=14  auc=0.3181  uauc=0.6111  loss=0.6763  (16.9s)
Round   26/30  coverage=0.6057  prec@K=0.0031  accepted=22  auc=0.4449  uauc=0.4747  loss=0.6758  (17.6s)
Round   27/30  coverage=0.6058  prec@K=0.0020  accepted=14  auc=0.4078  uauc=0.5911  loss=0.6755  (17.8s)
Round   28/30  coverage=0.6059  prec@K=0.0021  accepted=15  auc=0.5526  uauc=0.5317  loss=0.6751  (19.5s)
Round   29/30  coverage=0.6061  prec@K=0.0024  accepted=17  auc=0.3450  uauc=0.6094  loss=0.6750  (16.2s)
Round   30/30  coverage=0.6063  prec@K=0.0021  accepted=15  auc=0.4498  uauc=0.4124  loss=0.6748  (15.6s)

结果已写入 results\orchestrator\runs\seal_full_compare\wiki_vote\seal_s2/rounds.csv

