C:\conda\envs\gnn\lib\site-packages\requests\__init__.py:86: RequestsDependencyWarning: Unable to find acceptable character detection dependency (chardet or charset_normalizer).
  warnings.warn(
C:\conda\envs\gnn\lib\site-packages\outdated\__init__.py:36: UserWarning: pkg_resources is deprecated as an API. See https://setuptools.pypa.io/en/latest/pkg_resources.html. The pkg_resources package is slated for removal as early as 2025-11-30. Refrain from using this package or pin to Setuptools<81.
  from pkg_resources import parse_version
Round    1/30  coverage=0.2500  prec@K=0.0005  accepted=8  loss=0.6754  (27.0s)
Round    2/30  coverage=0.2500  prec@K=0.0008  accepted=12  loss=0.6649  (23.7s)
Round    3/30  coverage=0.2501  prec@K=0.0008  accepted=12  loss=0.6471  (31.7s)
Round    4/30  coverage=0.2501  prec@K=0.0006  accepted=9  loss=0.6193  (38.5s)
Round    5/30  coverage=0.2501  prec@K=0.0004  accepted=6  loss=0.5886  (45.2s)
Round    6/30  coverage=0.2501  prec@K=0.0007  accepted=10  loss=0.5494  (49.7s)
Round    7/30  coverage=0.2501  prec@K=0.0005  accepted=7  loss=0.5093  (54.1s)
Round    8/30  coverage=0.2501  prec@K=0.0004  accepted=6  loss=0.4685  (58.5s)
Round    9/30  coverage=0.2501  prec@K=0.0007  accepted=11  loss=0.4307  (56.8s)
Round   10/30  coverage=0.2502  prec@K=0.0007  accepted=11  loss=0.3908  (64.4s)
Round   11/30  coverage=0.2502  prec@K=0.0004  accepted=6  loss=0.3502  (77.6s)
Round   12/30  coverage=0.2502  prec@K=0.0007  accepted=10  loss=0.3157  (72.8s)
Round   13/30  coverage=0.2502  prec@K=0.0006  accepted=9  loss=0.2793  (76.9s)
Round   14/30  coverage=0.2502  prec@K=0.0003  accepted=5  loss=0.2485  (79.0s)
Round   15/30  coverage=0.2502  prec@K=0.0002  accepted=3  loss=0.2157  (84.1s)
Round   16/30  coverage=0.2503  prec@K=0.0010  accepted=15  loss=0.1992  (91.7s)
Round   17/30  coverage=0.2503  prec@K=0.0009  accepted=14  loss=0.1784  (97.2s)
Round   18/30  coverage=0.2503  prec@K=0.0007  accepted=11  loss=0.1590  (96.1s)
Round   19/30  coverage=0.2503  prec@K=0.0005  accepted=7  loss=0.1380  (102.9s)
Round   20/30  coverage=0.2503  prec@K=0.0007  accepted=11  loss=0.1297  (110.2s)
Round   21/30  coverage=0.2503  prec@K=0.0003  accepted=5  loss=0.1138  (116.0s)
Round   22/30  coverage=0.2504  prec@K=0.0007  accepted=11  loss=0.1119  (112.9s)
Round   23/30  coverage=0.2504  prec@K=0.0004  accepted=6  loss=0.1012  (104.8s)
Round   24/30  coverage=0.2504  prec@K=0.0012  accepted=18  loss=0.1069  (100.5s)
Round   25/30  coverage=0.2504  prec@K=0.0003  accepted=4  loss=0.0905  (109.5s)
Round   26/30  coverage=0.2504  prec@K=0.0005  accepted=7  loss=0.0922  (126.8s)
Round   27/30  coverage=0.2504  prec@K=0.0004  accepted=6  loss=0.0890  (136.1s)
Round   28/30  coverage=0.2504  prec@K=0.0003  accepted=4  loss=0.0840  (138.5s)
Round   29/30  coverage=0.2505  prec@K=0.0006  accepted=9  loss=0.0896  (145.5s)
Round   30/30  coverage=0.2505  prec@K=0.0002  accepted=3  loss=0.0826  (154.5s)

结果已写入 results\online\algo_sweep_sx_askubuntu_v2\sx_askubuntu_gnn_concat/rounds.csv
