C:\conda\envs\gnn\lib\site-packages\requests\__init__.py:86: RequestsDependencyWarning: Unable to find acceptable character detection dependency (chardet or charset_normalizer).
  warnings.warn(
C:\conda\envs\gnn\lib\site-packages\outdated\__init__.py:36: UserWarning: pkg_resources is deprecated as an API. See https://setuptools.pypa.io/en/latest/pkg_resources.html. The pkg_resources package is slated for removal as early as 2025-11-30. Refrain from using this package or pin to Setuptools<81.
  from pkg_resources import parse_version
Round    1/30  coverage=0.2500  prec@K=0.0007  accepted=10  loss=nan  (9.3s)
Round    2/30  coverage=0.2501  prec@K=0.0012  accepted=18  loss=nan  (9.1s)
Round    3/30  coverage=0.2501  prec@K=0.0013  accepted=19  loss=nan  (11.9s)
Round    4/30  coverage=0.2501  prec@K=0.0007  accepted=10  loss=nan  (13.3s)
Round    5/30  coverage=0.2501  prec@K=0.0007  accepted=10  loss=nan  (14.4s)
Round    6/30  coverage=0.2502  prec@K=0.0010  accepted=15  loss=nan  (16.3s)
Round    7/30  coverage=0.2502  prec@K=0.0009  accepted=14  loss=nan  (17.8s)
Round    8/30  coverage=0.2502  prec@K=0.0008  accepted=12  loss=nan  (21.6s)
Round    9/30  coverage=0.2502  prec@K=0.0011  accepted=16  loss=nan  (22.8s)
Round   10/30  coverage=0.2503  prec@K=0.0013  accepted=20  loss=nan  (24.5s)
Round   11/30  coverage=0.2503  prec@K=0.0012  accepted=18  loss=nan  (27.0s)
Round   12/30  coverage=0.2503  prec@K=0.0009  accepted=13  loss=nan  (27.7s)
Round   13/30  coverage=0.2503  prec@K=0.0008  accepted=12  loss=nan  (29.5s)
Round   14/30  coverage=0.2504  prec@K=0.0007  accepted=11  loss=nan  (31.5s)
Round   15/30  coverage=0.2504  prec@K=0.0007  accepted=10  loss=nan  (36.9s)
Round   16/30  coverage=0.2504  prec@K=0.0016  accepted=24  loss=nan  (38.5s)
Round   17/30  coverage=0.2504  prec@K=0.0009  accepted=13  loss=nan  (41.1s)
Round   18/30  coverage=0.2505  prec@K=0.0010  accepted=15  loss=nan  (44.1s)
Round   19/30  coverage=0.2505  prec@K=0.0007  accepted=11  loss=nan  (43.5s)
Round   20/30  coverage=0.2505  prec@K=0.0015  accepted=22  loss=nan  (46.1s)
Round   21/30  coverage=0.2506  prec@K=0.0006  accepted=9  loss=nan  (52.1s)
Round   22/30  coverage=0.2506  prec@K=0.0011  accepted=16  loss=nan  (53.4s)
Round   23/30  coverage=0.2506  prec@K=0.0007  accepted=11  loss=nan  (52.4s)
Round   24/30  coverage=0.2506  prec@K=0.0015  accepted=22  loss=nan  (52.7s)
Round   25/30  coverage=0.2507  prec@K=0.0010  accepted=15  loss=nan  (58.6s)
Round   26/30  coverage=0.2507  prec@K=0.0005  accepted=8  loss=nan  (64.0s)
Round   27/30  coverage=0.2507  prec@K=0.0005  accepted=7  loss=nan  (64.1s)
Round   28/30  coverage=0.2507  prec@K=0.0007  accepted=10  loss=nan  (66.3s)
Round   29/30  coverage=0.2507  prec@K=0.0007  accepted=11  loss=nan  (68.0s)
Round   30/30  coverage=0.2508  prec@K=0.0013  accepted=20  loss=nan  (70.6s)

结果已写入 results\online\algo_sweep_sx_askubuntu_v2\sx_askubuntu_aa/rounds.csv
