C:\conda\envs\gnn\lib\site-packages\requests\__init__.py:86: RequestsDependencyWarning: Unable to find acceptable character detection dependency (chardet or charset_normalizer).
  warnings.warn(
C:\conda\envs\gnn\lib\site-packages\outdated\__init__.py:36: UserWarning: pkg_resources is deprecated as an API. See https://setuptools.pypa.io/en/latest/pkg_resources.html. The pkg_resources package is slated for removal as early as 2025-11-30. Refrain from using this package or pin to Setuptools<81.
  from pkg_resources import parse_version
Round    1/30  coverage=0.2500  prec@K=0.0003  accepted=5  loss=0.6515  (9.2s)
Round    2/30  coverage=0.2500  prec@K=0.0003  accepted=5  loss=0.6511  (8.4s)
Round    3/30  coverage=0.2500  prec@K=0.0001  accepted=2  loss=0.6501  (10.5s)
Round    4/30  coverage=0.2500  prec@K=0.0001  accepted=2  loss=0.6488  (11.8s)
Round    5/30  coverage=0.2500  prec@K=0.0001  accepted=1  loss=0.6470  (13.4s)
Round    6/30  coverage=0.2500  prec@K=0.0004  accepted=6  loss=0.6452  (15.1s)
Round    7/30  coverage=0.2500  prec@K=0.0003  accepted=4  loss=0.6429  (16.6s)
Round    8/30  coverage=0.2500  prec@K=0.0001  accepted=2  loss=0.6407  (26.4s)
Round    9/30  coverage=0.2501  prec@K=0.0001  accepted=1  loss=0.6386  (22.5s)
Round   10/30  coverage=0.2501  prec@K=0.0001  accepted=1  loss=0.6365  (23.7s)
Round   11/30  coverage=0.2501  prec@K=0.0001  accepted=2  loss=0.6345  (28.4s)
Round   12/30  coverage=0.2501  prec@K=0.0001  accepted=2  loss=0.6325  (27.3s)
Round   13/30  coverage=0.2501  prec@K=0.0001  accepted=1  loss=0.6305  (28.9s)
Round   14/30  coverage=0.2501  prec@K=0.0001  accepted=1  loss=0.6287  (30.4s)
Round   15/30  coverage=0.2501  prec@K=0.0001  accepted=1  loss=0.6270  (32.7s)
Round   16/30  coverage=0.2501  prec@K=0.0002  accepted=3  loss=0.6255  (35.3s)
Round   17/30  coverage=0.2501  prec@K=0.0001  accepted=1  loss=0.6239  (38.2s)
Round   18/30  coverage=0.2501  prec@K=0.0002  accepted=3  loss=0.6228  (41.9s)
Round   19/30  coverage=0.2501  prec@K=0.0001  accepted=2  loss=0.6214  (42.5s)
Round   20/30  coverage=0.2501  prec@K=0.0002  accepted=3  loss=0.6202  (43.9s)
Round   21/30  coverage=0.2501  prec@K=0.0001  accepted=2  loss=0.6193  (49.1s)
Round   22/30  coverage=0.2501  prec@K=0.0001  accepted=2  loss=0.6184  (49.2s)
Round   23/30  coverage=0.2501  prec@K=0.0000  accepted=0  loss=nan  (52.2s)
Round   24/30  coverage=0.2501  prec@K=0.0004  accepted=6  loss=0.6179  (53.1s)
Round   25/30  coverage=0.2501  prec@K=0.0001  accepted=2  loss=0.6172  (59.3s)
Round   26/30  coverage=0.2501  prec@K=0.0001  accepted=1  loss=0.6166  (60.0s)
Round   27/30  coverage=0.2501  prec@K=0.0001  accepted=2  loss=0.6163  (61.8s)
Round   28/30  coverage=0.2501  prec@K=0.0001  accepted=2  loss=0.6161  (65.3s)
Round   29/30  coverage=0.2501  prec@K=0.0001  accepted=2  loss=0.6160  (66.1s)
Round   30/30  coverage=0.2501  prec@K=0.0002  accepted=3  loss=0.6158  (69.4s)

结果已写入 results\online\algo_sweep_sx_askubuntu_v2\sx_askubuntu_node_emb/rounds.csv
