=== advogato_aa_s42  started 2026-05-08T20:32:46 ===

C:\conda\envs\gnn\lib\site-packages\requests\__init__.py:86: RequestsDependencyWarning: Unable to find acceptable character detection dependency (chardet or charset_normalizer).
  warnings.warn(
C:\conda\envs\gnn\lib\site-packages\outdated\__init__.py:36: UserWarning: pkg_resources is deprecated as an API. See https://setuptools.pypa.io/en/latest/pkg_resources.html. The pkg_resources package is slated for removal as early as 2025-11-30. Refrain from using this package or pin to Setuptools<81.
  from pkg_resources import parse_version
Round    1/30  coverage=0.5045  prec@K=0.0432  accepted=212  auc=0.8478  uauc=0.7051  loss=nan  (0.6s)
Round    2/30  coverage=0.5084  prec@K=0.0366  accepted=183  auc=0.8219  uauc=0.7064  loss=nan  (0.4s)
Round    3/30  coverage=0.5120  prec@K=0.0349  accepted=172  auc=0.8727  uauc=0.7234  loss=nan  (0.4s)
Round    4/30  coverage=0.5163  prec@K=0.0408  accepted=203  auc=0.8549  uauc=0.7126  loss=nan  (0.4s)
Round    5/30  coverage=0.5202  prec@K=0.0366  accepted=183  auc=0.8429  uauc=0.6836  loss=nan  (0.4s)
Round    6/30  coverage=0.5238  prec@K=0.0342  accepted=171  auc=0.8507  uauc=0.6968  loss=nan  (0.4s)
Round    7/30  coverage=0.5277  prec@K=0.0362  accepted=182  auc=0.8442  uauc=0.6887  loss=nan  (0.5s)
Round    8/30  coverage=0.5306  prec@K=0.0279  accepted=139  auc=0.8453  uauc=0.6867  loss=nan  (0.5s)
Round    9/30  coverage=0.5342  prec@K=0.0338  accepted=169  auc=0.8575  uauc=0.7211  loss=nan  (0.6s)
Round   10/30  coverage=0.5375  prec@K=0.0304  accepted=153  auc=0.8747  uauc=0.7023  loss=nan  (0.5s)
Round   11/30  coverage=0.5404  prec@K=0.0271  accepted=137  auc=0.8574  uauc=0.7127  loss=nan  (0.8s)
Round   12/30  coverage=0.5429  prec@K=0.0236  accepted=117  auc=0.8756  uauc=0.7647  loss=nan  (0.5s)
Round   13/30  coverage=0.5457  prec@K=0.0270  accepted=135  auc=0.8871  uauc=0.7427  loss=nan  (0.5s)
Round   14/30  coverage=0.5484  prec@K=0.0255  accepted=128  auc=0.8738  uauc=0.7105  loss=nan  (0.5s)
Round   15/30  coverage=0.5508  prec@K=0.0221  accepted=111  auc=0.8667  uauc=0.7193  loss=nan  (0.6s)
Round   16/30  coverage=0.5530  prec@K=0.0208  accepted=104  auc=0.8756  uauc=0.7103  loss=nan  (0.5s)
Round   17/30  coverage=0.5559  prec@K=0.0275  accepted=137  auc=0.8541  uauc=0.7127  loss=nan  (0.6s)
Round   18/30  coverage=0.5585  prec@K=0.0245  accepted=123  auc=0.8689  uauc=0.6653  loss=nan  (0.5s)
Round   19/30  coverage=0.5606  prec@K=0.0193  accepted=97  auc=0.8325  uauc=0.7007  loss=nan  (0.5s)
Round   20/30  coverage=0.5634  prec@K=0.0266  accepted=133  auc=0.8618  uauc=0.7000  loss=nan  (0.6s)
Round   21/30  coverage=0.5655  prec@K=0.0196  accepted=99  auc=0.8630  uauc=0.6798  loss=nan  (1.0s)
Round   22/30  coverage=0.5680  prec@K=0.0239  accepted=119  auc=0.8732  uauc=0.7253  loss=nan  (0.6s)
Round   23/30  coverage=0.5697  prec@K=0.0156  accepted=78  auc=0.8700  uauc=0.7193  loss=nan  (0.6s)
Round   24/30  coverage=0.5718  prec@K=0.0197  accepted=98  auc=0.8611  uauc=0.7168  loss=nan  (0.6s)
Round   25/30  coverage=0.5736  prec@K=0.0174  accepted=86  auc=0.8716  uauc=0.7397  loss=nan  (0.6s)
Round   26/30  coverage=0.5755  prec@K=0.0176  accepted=88  auc=0.8953  uauc=0.7654  loss=nan  (0.6s)
Round   27/30  coverage=0.5772  prec@K=0.0161  accepted=80  auc=0.8742  uauc=0.6635  loss=nan  (0.6s)
Round   28/30  coverage=0.5787  prec@K=0.0150  accepted=75  auc=0.8873  uauc=0.7672  loss=nan  (0.7s)
Round   29/30  coverage=0.5807  prec@K=0.0186  accepted=93  auc=0.8668  uauc=0.7112  loss=nan  (0.7s)
Round   30/30  coverage=0.5832  prec@K=0.0235  accepted=118  auc=0.8719  uauc=0.6872  loss=nan  (0.7s)

结果已写入 results\orchestrator\runs\ir50_constlr5e5_multiseed_bidir\advogato\aa_s42/rounds.csv
