=== advogato_aa_s0  started 2026-05-08T20:32:21 ===

C:\conda\envs\gnn\lib\site-packages\requests\__init__.py:86: RequestsDependencyWarning: Unable to find acceptable character detection dependency (chardet or charset_normalizer).
  warnings.warn(
C:\conda\envs\gnn\lib\site-packages\outdated\__init__.py:36: UserWarning: pkg_resources is deprecated as an API. See https://setuptools.pypa.io/en/latest/pkg_resources.html. The pkg_resources package is slated for removal as early as 2025-11-30. Refrain from using this package or pin to Setuptools<81.
  from pkg_resources import parse_version
Round    1/30  coverage=0.5037  prec@K=0.0348  accepted=174  auc=0.8682  uauc=0.6545  loss=nan  (0.6s)
Round    2/30  coverage=0.5072  prec@K=0.0339  accepted=168  auc=0.8492  uauc=0.6921  loss=nan  (0.4s)
Round    3/30  coverage=0.5110  prec@K=0.0354  accepted=176  auc=0.8505  uauc=0.7014  loss=nan  (0.4s)
Round    4/30  coverage=0.5147  prec@K=0.0352  accepted=174  auc=0.8559  uauc=0.6995  loss=nan  (0.4s)
Round    5/30  coverage=0.5183  prec@K=0.0333  accepted=169  auc=0.8430  uauc=0.6610  loss=nan  (0.4s)
Round    6/30  coverage=0.5224  prec@K=0.0392  accepted=195  auc=0.8501  uauc=0.7138  loss=nan  (0.4s)
Round    7/30  coverage=0.5257  prec@K=0.0319  accepted=158  auc=0.8606  uauc=0.7197  loss=nan  (0.5s)
Round    8/30  coverage=0.5290  prec@K=0.0305  accepted=153  auc=0.8416  uauc=0.7003  loss=nan  (0.5s)
Round    9/30  coverage=0.5322  prec@K=0.0302  accepted=150  auc=0.8316  uauc=0.6543  loss=nan  (0.5s)
Round   10/30  coverage=0.5350  prec@K=0.0268  accepted=133  auc=0.8650  uauc=0.7402  loss=nan  (0.5s)
Round   11/30  coverage=0.5382  prec@K=0.0296  accepted=149  auc=0.8395  uauc=0.6973  loss=nan  (0.7s)
Round   12/30  coverage=0.5412  prec@K=0.0289  accepted=145  auc=0.8745  uauc=0.7270  loss=nan  (0.5s)
Round   13/30  coverage=0.5441  prec@K=0.0273  accepted=137  auc=0.8710  uauc=0.6759  loss=nan  (0.5s)
Round   14/30  coverage=0.5471  prec@K=0.0276  accepted=139  auc=0.8645  uauc=0.7282  loss=nan  (0.5s)
Round   15/30  coverage=0.5496  prec@K=0.0238  accepted=119  auc=0.8581  uauc=0.7439  loss=nan  (0.5s)
Round   16/30  coverage=0.5525  prec@K=0.0272  accepted=137  auc=0.8829  uauc=0.7466  loss=nan  (0.5s)
Round   17/30  coverage=0.5553  prec@K=0.0261  accepted=132  auc=0.8536  uauc=0.7258  loss=nan  (0.6s)
Round   18/30  coverage=0.5578  prec@K=0.0236  accepted=118  auc=0.8947  uauc=0.7151  loss=nan  (0.6s)
Round   19/30  coverage=0.5606  prec@K=0.0260  accepted=129  auc=0.8761  uauc=0.6714  loss=nan  (0.5s)
Round   20/30  coverage=0.5628  prec@K=0.0212  accepted=106  auc=0.8836  uauc=0.7325  loss=nan  (0.6s)
Round   21/30  coverage=0.5654  prec@K=0.0247  accepted=124  auc=0.8694  uauc=0.7099  loss=nan  (0.9s)
Round   22/30  coverage=0.5676  prec@K=0.0207  accepted=104  auc=0.8872  uauc=0.7338  loss=nan  (0.6s)
Round   23/30  coverage=0.5704  prec@K=0.0264  accepted=132  auc=0.9076  uauc=0.7614  loss=nan  (0.6s)
Round   24/30  coverage=0.5723  prec@K=0.0177  accepted=88  auc=0.8408  uauc=0.6828  loss=nan  (0.6s)
Round   25/30  coverage=0.5749  prec@K=0.0242  accepted=122  auc=0.9026  uauc=0.7332  loss=nan  (0.7s)
Round   26/30  coverage=0.5771  prec@K=0.0212  accepted=105  auc=0.8952  uauc=0.7637  loss=nan  (0.7s)
Round   27/30  coverage=0.5789  prec@K=0.0165  accepted=82  auc=0.8540  uauc=0.7335  loss=nan  (0.6s)
Round   28/30  coverage=0.5804  prec@K=0.0142  accepted=71  auc=0.8752  uauc=0.7112  loss=nan  (0.7s)
Round   29/30  coverage=0.5823  prec@K=0.0183  accepted=92  auc=0.9043  uauc=0.7568  loss=nan  (0.6s)
Round   30/30  coverage=0.5839  prec@K=0.0145  accepted=73  auc=0.8658  uauc=0.6571  loss=nan  (0.6s)

结果已写入 results\orchestrator\runs\ir50_constlr5e5_multiseed_bidir\advogato\aa_s0/rounds.csv
