=== advogato_gnn_sum_s3  started 2026-05-08T20:47:22 ===

C:\conda\envs\gnn\lib\site-packages\requests\__init__.py:86: RequestsDependencyWarning: Unable to find acceptable character detection dependency (chardet or charset_normalizer).
  warnings.warn(
C:\conda\envs\gnn\lib\site-packages\outdated\__init__.py:36: UserWarning: pkg_resources is deprecated as an API. See https://setuptools.pypa.io/en/latest/pkg_resources.html. The pkg_resources package is slated for removal as early as 2025-11-30. Refrain from using this package or pin to Setuptools<81.
  from pkg_resources import parse_version
Round    1/30  coverage=0.5027  prec@K=0.0257  accepted=127  auc=0.6546  uauc=0.6622  loss=0.7496  (9.3s)
Round    2/30  coverage=0.5048  prec@K=0.0202  accepted=101  auc=0.6095  uauc=0.6380  loss=0.7479  (8.1s)
Round    3/30  coverage=0.5066  prec@K=0.0172  accepted=84  auc=0.5900  uauc=0.6574  loss=0.7465  (6.9s)
Round    4/30  coverage=0.5083  prec@K=0.0162  accepted=81  auc=0.5361  uauc=0.6511  loss=0.7448  (7.8s)
Round    5/30  coverage=0.5103  prec@K=0.0183  accepted=91  auc=0.5899  uauc=0.6926  loss=0.7417  (8.7s)
Round    6/30  coverage=0.5118  prec@K=0.0144  accepted=72  auc=0.5692  uauc=0.5957  loss=0.7409  (7.2s)
Round    7/30  coverage=0.5130  prec@K=0.0117  accepted=58  auc=0.6538  uauc=0.6464  loss=0.7371  (8.1s)
Round    8/30  coverage=0.5140  prec@K=0.0094  accepted=47  auc=0.5619  uauc=0.6922  loss=0.7351  (8.0s)
Round    9/30  coverage=0.5155  prec@K=0.0138  accepted=69  auc=0.6196  uauc=0.6307  loss=0.7328  (8.3s)
Round   10/30  coverage=0.5163  prec@K=0.0077  accepted=39  auc=0.6299  uauc=0.6847  loss=0.7315  (8.1s)
Round   11/30  coverage=0.5175  prec@K=0.0113  accepted=56  auc=0.6013  uauc=0.6366  loss=0.7285  (8.5s)
Round   12/30  coverage=0.5183  prec@K=0.0076  accepted=38  auc=0.4739  uauc=0.5926  loss=0.7266  (8.0s)
Round   13/30  coverage=0.5193  prec@K=0.0097  accepted=48  auc=0.5667  uauc=0.6081  loss=0.7245  (8.3s)
Round   14/30  coverage=0.5201  prec@K=0.0078  accepted=39  auc=0.6383  uauc=0.6056  loss=0.7224  (8.4s)
Round   15/30  coverage=0.5212  prec@K=0.0100  accepted=50  auc=0.5990  uauc=0.6875  loss=0.7198  (8.1s)
Round   16/30  coverage=0.5219  prec@K=0.0064  accepted=32  auc=0.5868  uauc=0.7074  loss=0.7186  (8.1s)
Round   17/30  coverage=0.5229  prec@K=0.0099  accepted=50  auc=0.5441  uauc=0.6143  loss=0.7177  (8.0s)
Round   18/30  coverage=0.5238  prec@K=0.0076  accepted=38  auc=0.6122  uauc=0.5948  loss=0.7132  (8.2s)
Round   19/30  coverage=0.5245  prec@K=0.0072  accepted=36  auc=0.6186  uauc=0.5668  loss=0.7119  (8.4s)
Round   20/30  coverage=0.5251  prec@K=0.0058  accepted=29  auc=0.5497  uauc=0.7293  loss=0.7103  (8.0s)
Round   21/30  coverage=0.5260  prec@K=0.0082  accepted=41  auc=0.7282  uauc=0.6646  loss=0.7084  (7.9s)
Round   22/30  coverage=0.5266  prec@K=0.0054  accepted=27  auc=0.4736  uauc=0.6829  loss=0.7059  (8.1s)
Round   23/30  coverage=0.5271  prec@K=0.0052  accepted=26  auc=0.5076  uauc=0.5722  loss=0.7040  (7.2s)
Round   24/30  coverage=0.5274  prec@K=0.0028  accepted=14  auc=0.6519  uauc=0.7011  loss=0.7010  (7.8s)
Round   25/30  coverage=0.5278  prec@K=0.0038  accepted=19  auc=0.5625  uauc=0.6667  loss=0.6991  (8.1s)
Round   26/30  coverage=0.5282  prec@K=0.0034  accepted=17  auc=0.3322  uauc=0.4646  loss=0.6964  (8.0s)
Round   27/30  coverage=0.5285  prec@K=0.0028  accepted=14  auc=0.3624  uauc=0.5171  loss=0.6960  (7.9s)
Round   28/30  coverage=0.5287  prec@K=0.0016  accepted=8  auc=0.4976  uauc=0.4167  loss=0.6923  (7.8s)
Round   29/30  coverage=0.5289  prec@K=0.0022  accepted=11  auc=0.5000  uauc=0.6414  loss=0.6919  (7.9s)
Round   30/30  coverage=0.5291  prec@K=0.0016  accepted=8  auc=0.4585  uauc=0.5347  loss=0.6890  (8.0s)

结果已写入 results\orchestrator\runs\ir50_constlr5e5_multiseed_bidir\advogato\gnn_sum_s3/rounds.csv
