=== advogato_seal_s2  started 2026-05-08T20:55:37 ===

C:\conda\envs\gnn\lib\site-packages\requests\__init__.py:86: RequestsDependencyWarning: Unable to find acceptable character detection dependency (chardet or charset_normalizer).
  warnings.warn(
C:\conda\envs\gnn\lib\site-packages\outdated\__init__.py:36: UserWarning: pkg_resources is deprecated as an API. See https://setuptools.pypa.io/en/latest/pkg_resources.html. The pkg_resources package is slated for removal as early as 2025-11-30. Refrain from using this package or pin to Setuptools<81.
  from pkg_resources import parse_version
Round    1/30  coverage=0.5016  prec@K=0.0151  accepted=76  auc=0.4788  uauc=0.6593  loss=0.6821  (7.8s)
Round    2/30  coverage=0.5033  prec@K=0.0158  accepted=79  auc=0.5397  uauc=0.5992  loss=0.6821  (7.4s)
Round    3/30  coverage=0.5046  prec@K=0.0125  accepted=62  auc=0.5427  uauc=0.6612  loss=0.6818  (7.2s)
Round    4/30  coverage=0.5060  prec@K=0.0132  accepted=66  auc=0.4560  uauc=0.6107  loss=0.6810  (7.2s)
Round    5/30  coverage=0.5071  prec@K=0.0102  accepted=51  auc=0.6055  uauc=0.6213  loss=0.6810  (7.2s)
Round    6/30  coverage=0.5088  prec@K=0.0163  accepted=81  auc=0.5768  uauc=0.6209  loss=0.6809  (7.3s)
Round    7/30  coverage=0.5099  prec@K=0.0106  accepted=53  auc=0.6049  uauc=0.6365  loss=0.6806  (7.3s)
Round    8/30  coverage=0.5112  prec@K=0.0119  accepted=59  auc=0.5675  uauc=0.6502  loss=0.6804  (7.3s)
Round    9/30  coverage=0.5122  prec@K=0.0094  accepted=47  auc=0.6266  uauc=0.6629  loss=0.6801  (7.2s)
Round   10/30  coverage=0.5133  prec@K=0.0110  accepted=55  auc=0.6259  uauc=0.6215  loss=0.6805  (6.8s)
Round   11/30  coverage=0.5144  prec@K=0.0100  accepted=50  auc=0.6717  uauc=0.6612  loss=0.6792  (7.8s)
Round   12/30  coverage=0.5150  prec@K=0.0054  accepted=27  auc=0.6781  uauc=0.6085  loss=0.6790  (7.1s)
Round   13/30  coverage=0.5158  prec@K=0.0075  accepted=37  auc=0.3959  uauc=0.7010  loss=0.6786  (6.4s)
Round   14/30  coverage=0.5165  prec@K=0.0068  accepted=34  auc=0.5514  uauc=0.7269  loss=0.6788  (7.2s)
Round   15/30  coverage=0.5175  prec@K=0.0096  accepted=48  auc=0.5645  uauc=0.6967  loss=0.6790  (7.5s)
Round   16/30  coverage=0.5182  prec@K=0.0066  accepted=33  auc=0.6022  uauc=0.7419  loss=0.6781  (7.3s)
Round   17/30  coverage=0.5191  prec@K=0.0086  accepted=43  auc=0.5709  uauc=0.7011  loss=0.6778  (7.2s)
Round   18/30  coverage=0.5198  prec@K=0.0064  accepted=32  auc=0.4971  uauc=0.6355  loss=0.6778  (6.7s)
Round   19/30  coverage=0.5206  prec@K=0.0080  accepted=40  auc=0.6818  uauc=0.6839  loss=0.6779  (7.7s)
Round   20/30  coverage=0.5212  prec@K=0.0050  accepted=25  auc=0.6014  uauc=0.7651  loss=0.6774  (7.2s)
Round   21/30  coverage=0.5217  prec@K=0.0052  accepted=26  auc=0.6103  uauc=0.6855  loss=0.6774  (7.7s)
Round   22/30  coverage=0.5222  prec@K=0.0048  accepted=24  auc=0.5940  uauc=0.5887  loss=0.6778  (7.5s)
Round   23/30  coverage=0.5226  prec@K=0.0036  accepted=18  auc=0.7271  uauc=0.6758  loss=0.6768  (7.5s)
Round   24/30  coverage=0.5233  prec@K=0.0063  accepted=31  auc=0.5446  uauc=0.6713  loss=0.6764  (7.1s)
Round   25/30  coverage=0.5240  prec@K=0.0068  accepted=34  auc=0.6380  uauc=0.7133  loss=0.6769  (7.8s)
Round   26/30  coverage=0.5245  prec@K=0.0044  accepted=22  auc=0.4544  uauc=0.5331  loss=0.6761  (7.8s)
Round   27/30  coverage=0.5251  prec@K=0.0059  accepted=30  auc=0.5904  uauc=0.6123  loss=0.6762  (7.5s)
Round   28/30  coverage=0.5257  prec@K=0.0058  accepted=29  auc=0.5521  uauc=0.5174  loss=0.6754  (7.6s)
Round   29/30  coverage=0.5265  prec@K=0.0074  accepted=37  auc=0.6280  uauc=0.5670  loss=0.6761  (7.5s)
Round   30/30  coverage=0.5270  prec@K=0.0050  accepted=25  auc=0.5285  uauc=0.6036  loss=0.6753  (7.9s)

结果已写入 results\orchestrator\runs\ir50_constlr5e5_multiseed_bidir\advogato\seal_s2/rounds.csv
