=== advogato_pa_s0  started 2026-05-08T20:54:54 ===

C:\conda\envs\gnn\lib\site-packages\requests\__init__.py:86: RequestsDependencyWarning: Unable to find acceptable character detection dependency (chardet or charset_normalizer).
  warnings.warn(
C:\conda\envs\gnn\lib\site-packages\outdated\__init__.py:36: UserWarning: pkg_resources is deprecated as an API. See https://setuptools.pypa.io/en/latest/pkg_resources.html. The pkg_resources package is slated for removal as early as 2025-11-30. Refrain from using this package or pin to Setuptools<81.
  from pkg_resources import parse_version
Round    1/30  coverage=0.5019  prec@K=0.0184  accepted=92  auc=0.7260  uauc=0.4880  loss=nan  (0.5s)
Round    2/30  coverage=0.5037  prec@K=0.0164  accepted=81  auc=0.7114  uauc=0.5947  loss=nan  (0.2s)
Round    3/30  coverage=0.5055  prec@K=0.0179  accepted=89  auc=0.6947  uauc=0.5466  loss=nan  (0.2s)
Round    4/30  coverage=0.5072  prec@K=0.0154  accepted=76  auc=0.7162  uauc=0.5703  loss=nan  (0.2s)
Round    5/30  coverage=0.5088  prec@K=0.0154  accepted=78  auc=0.8038  uauc=0.6157  loss=nan  (0.2s)
Round    6/30  coverage=0.5105  prec@K=0.0157  accepted=78  auc=0.7078  uauc=0.5679  loss=nan  (0.3s)
Round    7/30  coverage=0.5120  prec@K=0.0149  accepted=74  auc=0.7540  uauc=0.5744  loss=nan  (0.3s)
Round    8/30  coverage=0.5134  prec@K=0.0132  accepted=66  auc=0.7960  uauc=0.6403  loss=nan  (0.3s)
Round    9/30  coverage=0.5147  prec@K=0.0121  accepted=60  auc=0.8009  uauc=0.6663  loss=nan  (0.4s)
Round   10/30  coverage=0.5163  prec@K=0.0149  accepted=74  auc=0.7664  uauc=0.5916  loss=nan  (0.3s)
Round   11/30  coverage=0.5176  prec@K=0.0125  accepted=63  auc=0.7758  uauc=0.6387  loss=nan  (0.6s)
Round   12/30  coverage=0.5190  prec@K=0.0126  accepted=63  auc=0.7713  uauc=0.5937  loss=nan  (0.4s)
Round   13/30  coverage=0.5202  prec@K=0.0114  accepted=57  auc=0.7896  uauc=0.6382  loss=nan  (0.3s)
Round   14/30  coverage=0.5215  prec@K=0.0127  accepted=64  auc=0.8079  uauc=0.6551  loss=nan  (0.4s)
Round   15/30  coverage=0.5227  prec@K=0.0110  accepted=55  auc=0.8441  uauc=0.6964  loss=nan  (0.4s)
Round   16/30  coverage=0.5241  prec@K=0.0133  accepted=67  auc=0.8376  uauc=0.6734  loss=nan  (0.4s)
Round   17/30  coverage=0.5252  prec@K=0.0103  accepted=52  auc=0.8076  uauc=0.6386  loss=nan  (0.4s)
Round   18/30  coverage=0.5265  prec@K=0.0119  accepted=59  auc=0.7904  uauc=0.6503  loss=nan  (0.4s)
Round   19/30  coverage=0.5273  prec@K=0.0075  accepted=37  auc=0.8398  uauc=0.5934  loss=nan  (0.5s)
Round   20/30  coverage=0.5286  prec@K=0.0124  accepted=62  auc=0.7992  uauc=0.6369  loss=nan  (0.5s)
Round   21/30  coverage=0.5298  prec@K=0.0118  accepted=59  auc=0.8488  uauc=0.6975  loss=nan  (0.7s)
Round   22/30  coverage=0.5309  prec@K=0.0100  accepted=50  auc=0.8039  uauc=0.5728  loss=nan  (0.5s)
Round   23/30  coverage=0.5317  prec@K=0.0082  accepted=41  auc=0.8122  uauc=0.6703  loss=nan  (0.4s)
Round   24/30  coverage=0.5324  prec@K=0.0066  accepted=33  auc=0.8173  uauc=0.6887  loss=nan  (0.5s)
Round   25/30  coverage=0.5334  prec@K=0.0093  accepted=47  auc=0.7997  uauc=0.6401  loss=nan  (0.5s)
Round   26/30  coverage=0.5343  prec@K=0.0085  accepted=42  auc=0.8832  uauc=0.6509  loss=nan  (0.5s)
Round   27/30  coverage=0.5352  prec@K=0.0085  accepted=42  auc=0.8017  uauc=0.6305  loss=nan  (0.5s)
Round   28/30  coverage=0.5360  prec@K=0.0070  accepted=35  auc=0.8295  uauc=0.5607  loss=nan  (0.6s)
Round   29/30  coverage=0.5369  prec@K=0.0090  accepted=45  auc=0.8350  uauc=0.6772  loss=nan  (0.5s)
Round   30/30  coverage=0.5377  prec@K=0.0074  accepted=37  auc=0.8212  uauc=0.5544  loss=nan  (0.5s)

结果已写入 results\orchestrator\runs\ir50_constlr5e5_multiseed_bidir\advogato\pa_s0/rounds.csv
