=== advogato_jaccard_s42  started 2026-05-08T20:54:50 ===

C:\conda\envs\gnn\lib\site-packages\requests\__init__.py:86: RequestsDependencyWarning: Unable to find acceptable character detection dependency (chardet or charset_normalizer).
  warnings.warn(
C:\conda\envs\gnn\lib\site-packages\outdated\__init__.py:36: UserWarning: pkg_resources is deprecated as an API. See https://setuptools.pypa.io/en/latest/pkg_resources.html. The pkg_resources package is slated for removal as early as 2025-11-30. Refrain from using this package or pin to Setuptools<81.
  from pkg_resources import parse_version
Round    1/30  coverage=0.5032  prec@K=0.0305  accepted=150  auc=0.5252  uauc=0.6851  loss=nan  (0.5s)
Round    2/30  coverage=0.5057  prec@K=0.0236  accepted=118  auc=0.5252  uauc=0.6903  loss=nan  (0.3s)
Round    3/30  coverage=0.5081  prec@K=0.0231  accepted=114  auc=0.5557  uauc=0.6637  loss=nan  (0.3s)
Round    4/30  coverage=0.5108  prec@K=0.0257  accepted=128  auc=0.5745  uauc=0.6582  loss=nan  (0.3s)
Round    5/30  coverage=0.5135  prec@K=0.0252  accepted=126  auc=0.5283  uauc=0.6485  loss=nan  (0.3s)
Round    6/30  coverage=0.5162  prec@K=0.0254  accepted=127  auc=0.4898  uauc=0.6597  loss=nan  (0.4s)
Round    7/30  coverage=0.5189  prec@K=0.0255  accepted=128  auc=0.5049  uauc=0.6831  loss=nan  (0.4s)
Round    8/30  coverage=0.5207  prec@K=0.0169  accepted=84  auc=0.5368  uauc=0.6725  loss=nan  (0.4s)
Round    9/30  coverage=0.5232  prec@K=0.0242  accepted=121  auc=0.5235  uauc=0.6328  loss=nan  (0.5s)
Round   10/30  coverage=0.5255  prec@K=0.0215  accepted=108  auc=0.5307  uauc=0.6868  loss=nan  (0.4s)
Round   11/30  coverage=0.5276  prec@K=0.0194  accepted=98  auc=0.5355  uauc=0.7035  loss=nan  (0.7s)
Round   12/30  coverage=0.5295  prec@K=0.0181  accepted=90  auc=0.4910  uauc=0.6324  loss=nan  (0.4s)
Round   13/30  coverage=0.5320  prec@K=0.0234  accepted=117  auc=0.5520  uauc=0.6792  loss=nan  (0.4s)
Round   14/30  coverage=0.5340  prec@K=0.0190  accepted=95  auc=0.4803  uauc=0.5990  loss=nan  (0.4s)
Round   15/30  coverage=0.5357  prec@K=0.0156  accepted=78  auc=0.5654  uauc=0.6972  loss=nan  (0.5s)
Round   16/30  coverage=0.5372  prec@K=0.0140  accepted=70  auc=0.5108  uauc=0.6460  loss=nan  (0.5s)
Round   17/30  coverage=0.5391  prec@K=0.0183  accepted=91  auc=0.5670  uauc=0.6545  loss=nan  (0.5s)
Round   18/30  coverage=0.5407  prec@K=0.0155  accepted=78  auc=0.5377  uauc=0.6601  loss=nan  (0.5s)
Round   19/30  coverage=0.5424  prec@K=0.0152  accepted=76  auc=0.5364  uauc=0.7608  loss=nan  (0.5s)
Round   20/30  coverage=0.5444  prec@K=0.0194  accepted=97  auc=0.5583  uauc=0.7193  loss=nan  (0.5s)
Round   21/30  coverage=0.5461  prec@K=0.0155  accepted=78  auc=0.4861  uauc=0.6038  loss=nan  (0.8s)
Round   22/30  coverage=0.5476  prec@K=0.0145  accepted=72  auc=0.5072  uauc=0.6430  loss=nan  (0.6s)
Round   23/30  coverage=0.5490  prec@K=0.0134  accepted=67  auc=0.5285  uauc=0.6772  loss=nan  (0.6s)
Round   24/30  coverage=0.5505  prec@K=0.0139  accepted=69  auc=0.5567  uauc=0.6986  loss=nan  (0.6s)
Round   25/30  coverage=0.5521  prec@K=0.0150  accepted=74  auc=0.5223  uauc=0.6533  loss=nan  (0.6s)
Round   26/30  coverage=0.5536  prec@K=0.0142  accepted=71  auc=0.5020  uauc=0.6481  loss=nan  (0.5s)
Round   27/30  coverage=0.5546  prec@K=0.0103  accepted=51  auc=0.5216  uauc=0.7287  loss=nan  (0.5s)
Round   28/30  coverage=0.5560  prec@K=0.0132  accepted=66  auc=0.5049  uauc=0.6354  loss=nan  (0.6s)
Round   29/30  coverage=0.5573  prec@K=0.0120  accepted=60  auc=0.5450  uauc=0.6581  loss=nan  (0.6s)
Round   30/30  coverage=0.5588  prec@K=0.0144  accepted=72  auc=0.4935  uauc=0.6425  loss=nan  (0.6s)

结果已写入 results\orchestrator\runs\ir50_constlr5e5_multiseed_bidir\advogato\jaccard_s42/rounds.csv
