=== advogato_gat_emb_s1  started 2026-05-08T20:33:25 ===

C:\conda\envs\gnn\lib\site-packages\requests\__init__.py:86: RequestsDependencyWarning: Unable to find acceptable character detection dependency (chardet or charset_normalizer).
  warnings.warn(
C:\conda\envs\gnn\lib\site-packages\outdated\__init__.py:36: UserWarning: pkg_resources is deprecated as an API. See https://setuptools.pypa.io/en/latest/pkg_resources.html. The pkg_resources package is slated for removal as early as 2025-11-30. Refrain from using this package or pin to Setuptools<81.
  from pkg_resources import parse_version
Round    1/30  coverage=0.5015  prec@K=0.0144  accepted=72  auc=0.5049  uauc=0.5579  loss=0.7642  (8.3s)
Round    2/30  coverage=0.5028  prec@K=0.0124  accepted=62  auc=0.6295  uauc=0.5241  loss=0.7645  (7.5s)
Round    3/30  coverage=0.5039  prec@K=0.0102  accepted=51  auc=0.4228  uauc=0.5273  loss=0.7647  (7.6s)
Round    4/30  coverage=0.5050  prec@K=0.0098  accepted=49  auc=0.4251  uauc=0.6029  loss=0.7647  (7.3s)
Round    5/30  coverage=0.5061  prec@K=0.0104  accepted=52  auc=0.4966  uauc=0.5742  loss=0.7644  (7.5s)
Round    6/30  coverage=0.5070  prec@K=0.0090  accepted=45  auc=0.3628  uauc=0.4576  loss=0.7645  (6.7s)
Round    7/30  coverage=0.5081  prec@K=0.0099  accepted=50  auc=0.3855  uauc=0.4597  loss=0.7641  (7.7s)
Round    8/30  coverage=0.5090  prec@K=0.0088  accepted=44  auc=0.4419  uauc=0.5131  loss=0.7642  (11.0s)
Round    9/30  coverage=0.5099  prec@K=0.0082  accepted=41  auc=0.4912  uauc=0.5560  loss=0.7642  (8.8s)
Round   10/30  coverage=0.5103  prec@K=0.0042  accepted=21  auc=0.5775  uauc=0.5772  loss=0.7647  (9.2s)
Round   11/30  coverage=0.5109  prec@K=0.0054  accepted=27  auc=0.3549  uauc=0.5064  loss=0.7643  (9.3s)
Round   12/30  coverage=0.5117  prec@K=0.0074  accepted=37  auc=0.4137  uauc=0.6085  loss=0.7638  (8.6s)
Round   13/30  coverage=0.5124  prec@K=0.0069  accepted=34  auc=0.2671  uauc=0.5755  loss=0.7638  (9.3s)
Round   14/30  coverage=0.5129  prec@K=0.0050  accepted=25  auc=0.3443  uauc=0.5365  loss=0.7639  (9.6s)
Round   15/30  coverage=0.5136  prec@K=0.0064  accepted=32  auc=0.3603  uauc=0.5599  loss=0.7635  (8.5s)
Round   16/30  coverage=0.5140  prec@K=0.0038  accepted=19  auc=0.3687  uauc=0.5658  loss=0.7638  (8.3s)
Round   17/30  coverage=0.5144  prec@K=0.0038  accepted=19  auc=0.3632  uauc=0.5526  loss=0.7636  (8.9s)
Round   18/30  coverage=0.5151  prec@K=0.0060  accepted=30  auc=0.2637  uauc=0.5701  loss=0.7631  (8.2s)
Round   19/30  coverage=0.5154  prec@K=0.0032  accepted=16  auc=0.2723  uauc=0.5979  loss=0.7634  (8.6s)
Round   20/30  coverage=0.5158  prec@K=0.0040  accepted=20  auc=0.2610  uauc=0.6458  loss=0.7631  (8.1s)
Round   21/30  coverage=0.5162  prec@K=0.0034  accepted=17  auc=0.3494  uauc=0.5392  loss=0.7631  (8.6s)
Round   22/30  coverage=0.5167  prec@K=0.0046  accepted=23  auc=0.2729  uauc=0.5240  loss=0.7628  (7.9s)
Round   23/30  coverage=0.5172  prec@K=0.0046  accepted=23  auc=0.3112  uauc=0.5252  loss=0.7626  (7.8s)
Round   24/30  coverage=0.5176  prec@K=0.0040  accepted=20  auc=0.2847  uauc=0.4597  loss=0.7625  (8.5s)
Round   25/30  coverage=0.5179  prec@K=0.0034  accepted=17  auc=0.3496  uauc=0.5033  loss=0.7625  (7.9s)
Round   26/30  coverage=0.5183  prec@K=0.0030  accepted=15  auc=0.3310  uauc=0.7111  loss=0.7624  (8.0s)
Round   27/30  coverage=0.5188  prec@K=0.0048  accepted=24  auc=0.3827  uauc=0.6338  loss=0.7619  (8.6s)
Round   28/30  coverage=0.5192  prec@K=0.0038  accepted=19  auc=0.3500  uauc=0.6181  loss=0.7619  (8.7s)
Round   29/30  coverage=0.5195  prec@K=0.0028  accepted=14  auc=0.1919  uauc=0.5995  loss=0.7620  (8.5s)
Round   30/30  coverage=0.5198  prec@K=0.0032  accepted=16  auc=0.2420  uauc=0.5583  loss=0.7617  (8.7s)

结果已写入 results\orchestrator\runs\ir50_constlr5e5_multiseed_bidir\advogato\gat_emb_s1/rounds.csv
