=== bitcoin_alpha_aa_s2  started 2026-05-08T20:20:14 ===

C:\conda\envs\gnn\lib\site-packages\requests\__init__.py:86: RequestsDependencyWarning: Unable to find acceptable character detection dependency (chardet or charset_normalizer).
  warnings.warn(
C:\conda\envs\gnn\lib\site-packages\outdated\__init__.py:36: UserWarning: pkg_resources is deprecated as an API. See https://setuptools.pypa.io/en/latest/pkg_resources.html. The pkg_resources package is slated for removal as early as 2025-11-30. Refrain from using this package or pin to Setuptools<81.
  from pkg_resources import parse_version
Round    1/30  coverage=0.5033  prec@K=0.0221  accepted=79  auc=0.8781  uauc=0.6857  loss=nan  (0.3s)
Round    2/30  coverage=0.5064  prec@K=0.0211  accepted=75  auc=0.9024  uauc=0.7205  loss=nan  (0.2s)
Round    3/30  coverage=0.5088  prec@K=0.0164  accepted=58  auc=0.8933  uauc=0.6516  loss=nan  (0.2s)
Round    4/30  coverage=0.5119  prec@K=0.0213  accepted=77  auc=0.9156  uauc=0.6339  loss=nan  (0.2s)
Round    5/30  coverage=0.5151  prec@K=0.0214  accepted=77  auc=0.9077  uauc=0.7104  loss=nan  (0.2s)
Round    6/30  coverage=0.5182  prec@K=0.0204  accepted=73  auc=0.8776  uauc=0.5131  loss=nan  (0.2s)
Round    7/30  coverage=0.5202  prec@K=0.0140  accepted=50  auc=0.9227  uauc=0.7404  loss=nan  (0.2s)
Round    8/30  coverage=0.5234  prec@K=0.0215  accepted=78  auc=0.9074  uauc=0.5890  loss=nan  (0.2s)
Round    9/30  coverage=0.5253  prec@K=0.0125  accepted=45  auc=0.8930  uauc=0.6784  loss=nan  (0.2s)
Round   10/30  coverage=0.5275  prec@K=0.0146  accepted=53  auc=0.8871  uauc=0.6236  loss=nan  (0.3s)
Round   11/30  coverage=0.5297  prec@K=0.0147  accepted=53  auc=0.9041  uauc=0.5948  loss=nan  (0.4s)
Round   12/30  coverage=0.5326  prec@K=0.0197  accepted=71  auc=0.8857  uauc=0.6285  loss=nan  (0.3s)
Round   13/30  coverage=0.5350  prec@K=0.0157  accepted=57  auc=0.9058  uauc=0.6226  loss=nan  (0.3s)
Round   14/30  coverage=0.5367  prec@K=0.0114  accepted=41  auc=0.9364  uauc=0.5865  loss=nan  (0.3s)
Round   15/30  coverage=0.5385  prec@K=0.0126  accepted=45  auc=0.8806  uauc=0.6364  loss=nan  (0.3s)
Round   16/30  coverage=0.5404  prec@K=0.0127  accepted=45  auc=0.9103  uauc=0.7441  loss=nan  (0.3s)
Round   17/30  coverage=0.5426  prec@K=0.0148  accepted=53  auc=0.8938  uauc=0.5952  loss=nan  (0.3s)
Round   18/30  coverage=0.5443  prec@K=0.0113  accepted=41  auc=0.9209  uauc=0.6213  loss=nan  (0.3s)
Round   19/30  coverage=0.5461  prec@K=0.0125  accepted=45  auc=0.8889  uauc=0.5916  loss=nan  (0.3s)
Round   20/30  coverage=0.5479  prec@K=0.0118  accepted=43  auc=0.9316  uauc=0.7300  loss=nan  (0.3s)
Round   21/30  coverage=0.5498  prec@K=0.0128  accepted=46  auc=0.9155  uauc=0.6273  loss=nan  (0.5s)
Round   22/30  coverage=0.5509  prec@K=0.0069  accepted=25  auc=0.9038  uauc=0.6809  loss=nan  (0.3s)
Round   23/30  coverage=0.5526  prec@K=0.0116  accepted=42  auc=0.9154  uauc=0.5636  loss=nan  (0.3s)
Round   24/30  coverage=0.5537  prec@K=0.0072  accepted=26  auc=0.8640  uauc=0.6052  loss=nan  (0.3s)
Round   25/30  coverage=0.5556  prec@K=0.0128  accepted=46  auc=0.8876  uauc=0.5708  loss=nan  (0.3s)
Round   26/30  coverage=0.5568  prec@K=0.0084  accepted=30  auc=0.9041  uauc=0.6124  loss=nan  (0.3s)
Round   27/30  coverage=0.5584  prec@K=0.0106  accepted=38  auc=0.8733  uauc=0.6317  loss=nan  (0.3s)
Round   28/30  coverage=0.5590  prec@K=0.0044  accepted=16  auc=0.8891  uauc=0.6667  loss=nan  (0.3s)
Round   29/30  coverage=0.5607  prec@K=0.0115  accepted=41  auc=0.9132  uauc=0.6412  loss=nan  (0.3s)
Round   30/30  coverage=0.5621  prec@K=0.0093  accepted=33  auc=0.9154  uauc=0.6973  loss=nan  (0.3s)

结果已写入 results\orchestrator\runs\ir50_constlr5e5_multiseed_bidir\bitcoin_alpha\aa_s2/rounds.csv
