=== bitcoin_alpha_aa_s0  started 2026-05-08T20:20:11 ===

C:\conda\envs\gnn\lib\site-packages\requests\__init__.py:86: RequestsDependencyWarning: Unable to find acceptable character detection dependency (chardet or charset_normalizer).
  warnings.warn(
C:\conda\envs\gnn\lib\site-packages\outdated\__init__.py:36: UserWarning: pkg_resources is deprecated as an API. See https://setuptools.pypa.io/en/latest/pkg_resources.html. The pkg_resources package is slated for removal as early as 2025-11-30. Refrain from using this package or pin to Setuptools<81.
  from pkg_resources import parse_version
Round    1/30  coverage=0.5024  prec@K=0.0165  accepted=58  auc=0.8547  uauc=0.5551  loss=nan  (0.3s)
Round    2/30  coverage=0.5054  prec@K=0.0201  accepted=72  auc=0.8794  uauc=0.6790  loss=nan  (0.2s)
Round    3/30  coverage=0.5074  prec@K=0.0136  accepted=49  auc=0.8998  uauc=0.6433  loss=nan  (0.2s)
Round    4/30  coverage=0.5099  prec@K=0.0169  accepted=61  auc=0.9180  uauc=0.7019  loss=nan  (0.2s)
Round    5/30  coverage=0.5136  prec@K=0.0243  accepted=88  auc=0.8802  uauc=0.6281  loss=nan  (0.2s)
Round    6/30  coverage=0.5156  prec@K=0.0137  accepted=49  auc=0.8789  uauc=0.6615  loss=nan  (0.2s)
Round    7/30  coverage=0.5181  prec@K=0.0172  accepted=61  auc=0.8983  uauc=0.6562  loss=nan  (0.2s)
Round    8/30  coverage=0.5209  prec@K=0.0191  accepted=68  auc=0.9212  uauc=0.6284  loss=nan  (0.2s)
Round    9/30  coverage=0.5237  prec@K=0.0185  accepted=67  auc=0.9100  uauc=0.6086  loss=nan  (0.3s)
Round   10/30  coverage=0.5263  prec@K=0.0179  accepted=64  auc=0.8893  uauc=0.6670  loss=nan  (0.2s)
Round   11/30  coverage=0.5289  prec@K=0.0174  accepted=62  auc=0.9015  uauc=0.6855  loss=nan  (0.4s)
Round   12/30  coverage=0.5316  prec@K=0.0184  accepted=66  auc=0.9189  uauc=0.6670  loss=nan  (0.3s)
Round   13/30  coverage=0.5333  prec@K=0.0116  accepted=41  auc=0.8486  uauc=0.6456  loss=nan  (0.3s)
Round   14/30  coverage=0.5355  prec@K=0.0148  accepted=53  auc=0.8545  uauc=0.6218  loss=nan  (0.3s)
Round   15/30  coverage=0.5375  prec@K=0.0133  accepted=47  auc=0.9358  uauc=0.6871  loss=nan  (0.3s)
Round   16/30  coverage=0.5393  prec@K=0.0127  accepted=45  auc=0.8959  uauc=0.5987  loss=nan  (0.3s)
Round   17/30  coverage=0.5411  prec@K=0.0116  accepted=42  auc=0.8810  uauc=0.5697  loss=nan  (0.3s)
Round   18/30  coverage=0.5425  prec@K=0.0094  accepted=34  auc=0.9359  uauc=0.7263  loss=nan  (0.3s)
Round   19/30  coverage=0.5442  prec@K=0.0121  accepted=43  auc=0.9082  uauc=0.6704  loss=nan  (0.3s)
Round   20/30  coverage=0.5464  prec@K=0.0148  accepted=52  auc=0.9415  uauc=0.7425  loss=nan  (0.3s)
Round   21/30  coverage=0.5480  prec@K=0.0110  accepted=39  auc=0.9433  uauc=0.6349  loss=nan  (0.5s)
Round   22/30  coverage=0.5494  prec@K=0.0096  accepted=34  auc=0.9233  uauc=0.7063  loss=nan  (0.3s)
Round   23/30  coverage=0.5507  prec@K=0.0087  accepted=31  auc=0.8984  uauc=0.6800  loss=nan  (0.3s)
Round   24/30  coverage=0.5522  prec@K=0.0104  accepted=37  auc=0.8833  uauc=0.6802  loss=nan  (0.3s)
Round   25/30  coverage=0.5539  prec@K=0.0111  accepted=40  auc=0.8533  uauc=0.6491  loss=nan  (0.3s)
Round   26/30  coverage=0.5554  prec@K=0.0106  accepted=37  auc=0.9122  uauc=0.7743  loss=nan  (0.3s)
Round   27/30  coverage=0.5564  prec@K=0.0064  accepted=23  auc=0.9197  uauc=0.7728  loss=nan  (0.3s)
Round   28/30  coverage=0.5577  prec@K=0.0089  accepted=32  auc=0.8568  uauc=0.7302  loss=nan  (0.3s)
Round   29/30  coverage=0.5590  prec@K=0.0093  accepted=33  auc=0.8559  uauc=0.5939  loss=nan  (0.3s)
Round   30/30  coverage=0.5608  prec@K=0.0117  accepted=42  auc=0.9110  uauc=0.6458  loss=nan  (0.3s)

结果已写入 results\orchestrator\runs\ir50_constlr5e5_multiseed_bidir\bitcoin_alpha\aa_s0/rounds.csv
