=== bitcoin_alpha_cn_s3  started 2026-05-08T20:20:38 ===

C:\conda\envs\gnn\lib\site-packages\requests\__init__.py:86: RequestsDependencyWarning: Unable to find acceptable character detection dependency (chardet or charset_normalizer).
  warnings.warn(
C:\conda\envs\gnn\lib\site-packages\outdated\__init__.py:36: UserWarning: pkg_resources is deprecated as an API. See https://setuptools.pypa.io/en/latest/pkg_resources.html. The pkg_resources package is slated for removal as early as 2025-11-30. Refrain from using this package or pin to Setuptools<81.
  from pkg_resources import parse_version
Round    1/30  coverage=0.5027  prec@K=0.0180  accepted=65  auc=0.8576  uauc=0.6348  loss=nan  (0.2s)
Round    2/30  coverage=0.5045  prec@K=0.0122  accepted=43  auc=0.8725  uauc=0.6978  loss=nan  (0.1s)
Round    3/30  coverage=0.5071  prec@K=0.0174  accepted=63  auc=0.8754  uauc=0.6864  loss=nan  (0.1s)
Round    4/30  coverage=0.5093  prec@K=0.0152  accepted=54  auc=0.8583  uauc=0.6319  loss=nan  (0.1s)
Round    5/30  coverage=0.5112  prec@K=0.0132  accepted=47  auc=0.8322  uauc=0.5837  loss=nan  (0.1s)
Round    6/30  coverage=0.5134  prec@K=0.0149  accepted=53  auc=0.8467  uauc=0.6065  loss=nan  (0.2s)
Round    7/30  coverage=0.5165  prec@K=0.0207  accepted=74  auc=0.8656  uauc=0.6369  loss=nan  (0.2s)
Round    8/30  coverage=0.5187  prec@K=0.0150  accepted=54  auc=0.9154  uauc=0.6707  loss=nan  (0.2s)
Round    9/30  coverage=0.5210  prec@K=0.0153  accepted=55  auc=0.8782  uauc=0.6399  loss=nan  (0.2s)
Round   10/30  coverage=0.5231  prec@K=0.0139  accepted=50  auc=0.8821  uauc=0.5660  loss=nan  (0.2s)
Round   11/30  coverage=0.5253  prec@K=0.0150  accepted=54  auc=0.8744  uauc=0.6453  loss=nan  (0.3s)
Round   12/30  coverage=0.5272  prec@K=0.0126  accepted=45  auc=0.8709  uauc=0.6296  loss=nan  (0.2s)
Round   13/30  coverage=0.5288  prec@K=0.0111  accepted=39  auc=0.9127  uauc=0.6903  loss=nan  (0.2s)
Round   14/30  coverage=0.5308  prec@K=0.0134  accepted=48  auc=0.8695  uauc=0.6097  loss=nan  (0.2s)
Round   15/30  coverage=0.5325  prec@K=0.0116  accepted=42  auc=0.8292  uauc=0.6131  loss=nan  (0.2s)
Round   16/30  coverage=0.5345  prec@K=0.0133  accepted=48  auc=0.9349  uauc=0.6095  loss=nan  (0.2s)
Round   17/30  coverage=0.5363  prec@K=0.0127  accepted=45  auc=0.8663  uauc=0.6151  loss=nan  (0.2s)
Round   18/30  coverage=0.5380  prec@K=0.0113  accepted=41  auc=0.8967  uauc=0.6045  loss=nan  (0.2s)
Round   19/30  coverage=0.5393  prec@K=0.0087  accepted=31  auc=0.8466  uauc=0.6113  loss=nan  (0.2s)
Round   20/30  coverage=0.5413  prec@K=0.0138  accepted=49  auc=0.9116  uauc=0.6393  loss=nan  (0.2s)
Round   21/30  coverage=0.5431  prec@K=0.0116  accepted=42  auc=0.8605  uauc=0.5711  loss=nan  (0.5s)
Round   22/30  coverage=0.5449  prec@K=0.0118  accepted=43  auc=0.8918  uauc=0.5863  loss=nan  (0.2s)
Round   23/30  coverage=0.5461  prec@K=0.0085  accepted=31  auc=0.8648  uauc=0.6255  loss=nan  (0.2s)
Round   24/30  coverage=0.5476  prec@K=0.0097  accepted=35  auc=0.9118  uauc=0.6714  loss=nan  (0.2s)
Round   25/30  coverage=0.5490  prec@K=0.0098  accepted=35  auc=0.9278  uauc=0.6156  loss=nan  (0.2s)
Round   26/30  coverage=0.5501  prec@K=0.0071  accepted=26  auc=0.9086  uauc=0.5909  loss=nan  (0.2s)
Round   27/30  coverage=0.5518  prec@K=0.0119  accepted=42  auc=0.9213  uauc=0.6876  loss=nan  (0.2s)
Round   28/30  coverage=0.5533  prec@K=0.0100  accepted=36  auc=0.9180  uauc=0.5653  loss=nan  (0.3s)
Round   29/30  coverage=0.5552  prec@K=0.0124  accepted=44  auc=0.9282  uauc=0.6220  loss=nan  (0.2s)
Round   30/30  coverage=0.5564  prec@K=0.0088  accepted=31  auc=0.9208  uauc=0.5748  loss=nan  (0.2s)

结果已写入 results\orchestrator\runs\ir50_constlr5e5_multiseed_bidir\bitcoin_alpha\cn_s3/rounds.csv
