=== bitcoin_otc_gnn_concat_s2  started 2026-05-08T21:02:44 ===

C:\conda\envs\gnn\lib\site-packages\requests\__init__.py:86: RequestsDependencyWarning: Unable to find acceptable character detection dependency (chardet or charset_normalizer).
  warnings.warn(
C:\conda\envs\gnn\lib\site-packages\outdated\__init__.py:36: UserWarning: pkg_resources is deprecated as an API. See https://setuptools.pypa.io/en/latest/pkg_resources.html. The pkg_resources package is slated for removal as early as 2025-11-30. Refrain from using this package or pin to Setuptools<81.
  from pkg_resources import parse_version
Round    1/30  coverage=0.5010  prec@K=0.0063  accepted=35  auc=0.4024  uauc=0.6518  loss=0.6599  (7.0s)
Round    2/30  coverage=0.5017  prec@K=0.0045  accepted=25  auc=0.3445  uauc=0.6087  loss=0.6576  (5.8s)
Round    3/30  coverage=0.5030  prec@K=0.0081  accepted=45  auc=0.3690  uauc=0.5917  loss=0.6556  (6.2s)
Round    4/30  coverage=0.5040  prec@K=0.0066  accepted=37  auc=0.3443  uauc=0.6894  loss=0.6530  (6.1s)
Round    5/30  coverage=0.5048  prec@K=0.0050  accepted=28  auc=0.3095  uauc=0.6297  loss=0.6506  (6.1s)
Round    6/30  coverage=0.5054  prec@K=0.0037  accepted=21  auc=0.3610  uauc=0.6235  loss=0.6480  (6.3s)
Round    7/30  coverage=0.5060  prec@K=0.0039  accepted=22  auc=0.3923  uauc=0.5853  loss=0.6464  (6.6s)
Round    8/30  coverage=0.5066  prec@K=0.0041  accepted=23  auc=0.2787  uauc=0.6330  loss=0.6443  (6.2s)
Round    9/30  coverage=0.5072  prec@K=0.0038  accepted=21  auc=0.4288  uauc=0.6662  loss=0.6423  (6.3s)
Round   10/30  coverage=0.5077  prec@K=0.0030  accepted=17  auc=0.3122  uauc=0.6259  loss=0.6398  (6.7s)
Round   11/30  coverage=0.5083  prec@K=0.0036  accepted=20  auc=0.3127  uauc=0.5223  loss=0.6383  (6.8s)
Round   12/30  coverage=0.5088  prec@K=0.0034  accepted=19  auc=0.2789  uauc=0.5469  loss=0.6365  (6.3s)
Round   13/30  coverage=0.5092  prec@K=0.0025  accepted=14  auc=0.2092  uauc=0.5566  loss=0.6348  (6.3s)
Round   14/30  coverage=0.5095  prec@K=0.0020  accepted=11  auc=0.1817  uauc=0.6356  loss=0.6320  (6.7s)
Round   15/30  coverage=0.5098  prec@K=0.0018  accepted=10  auc=0.3158  uauc=0.6071  loss=0.6306  (6.5s)
Round   16/30  coverage=0.5100  prec@K=0.0012  accepted=7  auc=0.3333  uauc=0.4921  loss=0.6289  (6.5s)
Round   17/30  coverage=0.5104  prec@K=0.0029  accepted=16  auc=0.3903  uauc=0.5417  loss=0.6272  (6.4s)
Round   18/30  coverage=0.5107  prec@K=0.0018  accepted=10  auc=0.2001  uauc=0.5062  loss=0.6252  (6.6s)
Round   19/30  coverage=0.5110  prec@K=0.0020  accepted=11  auc=0.2171  uauc=0.5429  loss=0.6231  (6.6s)
Round   20/30  coverage=0.5112  prec@K=0.0009  accepted=5  auc=0.1956  uauc=0.3444  loss=0.6216  (6.7s)
Round   21/30  coverage=0.5113  prec@K=0.0009  accepted=5  auc=0.3399  uauc=0.4556  loss=0.6202  (7.1s)
Round   22/30  coverage=0.5114  prec@K=0.0007  accepted=4  auc=0.0553  uauc=0.7639  loss=0.6180  (6.7s)
Round   23/30  coverage=0.5115  prec@K=0.0005  accepted=3  auc=0.0899  uauc=0.8148  loss=0.6167  (6.8s)
Round   24/30  coverage=0.5117  prec@K=0.0012  accepted=7  auc=0.1346  uauc=0.3197  loss=0.6146  (7.5s)
Round   25/30  coverage=0.5119  prec@K=0.0012  accepted=7  auc=0.3386  uauc=0.6190  loss=0.6136  (7.1s)
Round   26/30  coverage=0.5120  prec@K=0.0009  accepted=5  auc=0.2709  uauc=0.5222  loss=0.6124  (7.0s)
Round   27/30  coverage=0.5123  prec@K=0.0016  accepted=9  auc=0.2918  uauc=0.5955  loss=0.6108  (7.3s)
Round   28/30  coverage=0.5124  prec@K=0.0011  accepted=6  auc=0.2603  uauc=0.5648  loss=0.6086  (7.0s)
Round   29/30  coverage=0.5125  prec@K=0.0005  accepted=3  auc=0.0328  uauc=0.3704  loss=0.6078  (6.7s)
Round   30/30  coverage=0.5128  prec@K=0.0014  accepted=8  auc=0.1267  uauc=0.4147  loss=0.6066  (7.2s)

结果已写入 results\orchestrator\runs\ir50_constlr5e5_multiseed_bidir\bitcoin_otc\gnn_concat_s2/rounds.csv
