=== bitcoin_otc_gnn_sum_h8_s1  started 2026-05-08T21:09:35 ===

C:\conda\envs\gnn\lib\site-packages\requests\__init__.py:86: RequestsDependencyWarning: Unable to find acceptable character detection dependency (chardet or charset_normalizer).
  warnings.warn(
C:\conda\envs\gnn\lib\site-packages\outdated\__init__.py:36: UserWarning: pkg_resources is deprecated as an API. See https://setuptools.pypa.io/en/latest/pkg_resources.html. The pkg_resources package is slated for removal as early as 2025-11-30. Refrain from using this package or pin to Setuptools<81.
  from pkg_resources import parse_version
Round    1/30  coverage=0.5019  prec@K=0.0124  accepted=69  auc=0.5233  uauc=0.8210  loss=0.8003  (7.2s)
Round    2/30  coverage=0.5040  prec@K=0.0130  accepted=72  auc=0.5139  uauc=0.8410  loss=0.7997  (6.3s)
Round    3/30  coverage=0.5056  prec@K=0.0107  accepted=60  auc=0.5818  uauc=0.8909  loss=0.7992  (6.4s)
Round    4/30  coverage=0.5072  prec@K=0.0101  accepted=56  auc=0.5159  uauc=0.9150  loss=0.7992  (6.1s)
Round    5/30  coverage=0.5089  prec@K=0.0105  accepted=58  auc=0.5039  uauc=0.8380  loss=0.7982  (6.0s)
Round    6/30  coverage=0.5107  prec@K=0.0118  accepted=65  auc=0.5406  uauc=0.9155  loss=0.7987  (6.1s)
Round    7/30  coverage=0.5121  prec@K=0.0091  accepted=51  auc=0.5589  uauc=0.9006  loss=0.7987  (6.5s)
Round    8/30  coverage=0.5135  prec@K=0.0092  accepted=51  auc=0.5356  uauc=0.8653  loss=0.7983  (6.2s)
Round    9/30  coverage=0.5151  prec@K=0.0098  accepted=55  auc=0.5162  uauc=0.8953  loss=0.7983  (6.5s)
Round   10/30  coverage=0.5165  prec@K=0.0089  accepted=49  auc=0.5155  uauc=0.8638  loss=0.7979  (6.9s)
Round   11/30  coverage=0.5180  prec@K=0.0096  accepted=54  auc=0.4466  uauc=0.8552  loss=0.7977  (6.8s)
Round   12/30  coverage=0.5194  prec@K=0.0092  accepted=51  auc=0.4603  uauc=0.9125  loss=0.7971  (6.4s)
Round   13/30  coverage=0.5209  prec@K=0.0093  accepted=52  auc=0.4937  uauc=0.8128  loss=0.7970  (6.8s)
Round   14/30  coverage=0.5226  prec@K=0.0111  accepted=62  auc=0.4932  uauc=0.8348  loss=0.7960  (6.4s)
Round   15/30  coverage=0.5239  prec@K=0.0079  accepted=44  auc=0.4413  uauc=0.9020  loss=0.7968  (6.5s)
Round   16/30  coverage=0.5252  prec@K=0.0084  accepted=47  auc=0.2942  uauc=0.8558  loss=0.7963  (6.8s)
Round   17/30  coverage=0.5264  prec@K=0.0078  accepted=44  auc=0.4345  uauc=0.8886  loss=0.7963  (6.7s)
Round   18/30  coverage=0.5274  prec@K=0.0066  accepted=37  auc=0.5074  uauc=0.8371  loss=0.7961  (6.7s)
Round   19/30  coverage=0.5286  prec@K=0.0074  accepted=41  auc=0.4844  uauc=0.7100  loss=0.7960  (6.6s)
Round   20/30  coverage=0.5295  prec@K=0.0058  accepted=32  auc=0.4343  uauc=0.9053  loss=0.7958  (6.6s)
Round   21/30  coverage=0.5305  prec@K=0.0066  accepted=37  auc=0.4467  uauc=0.8532  loss=0.7950  (7.1s)
Round   22/30  coverage=0.5314  prec@K=0.0055  accepted=31  auc=0.3761  uauc=0.9145  loss=0.7952  (6.9s)
Round   23/30  coverage=0.5324  prec@K=0.0065  accepted=36  auc=0.3772  uauc=0.8139  loss=0.7953  (6.8s)
Round   24/30  coverage=0.5334  prec@K=0.0061  accepted=34  auc=0.3831  uauc=0.8232  loss=0.7942  (7.5s)
Round   25/30  coverage=0.5341  prec@K=0.0046  accepted=26  auc=0.3608  uauc=0.8540  loss=0.7947  (6.9s)
Round   26/30  coverage=0.5355  prec@K=0.0090  accepted=51  auc=0.3420  uauc=0.8824  loss=0.7934  (7.3s)
Round   27/30  coverage=0.5365  prec@K=0.0059  accepted=33  auc=0.3085  uauc=0.8431  loss=0.7936  (7.3s)
Round   28/30  coverage=0.5377  prec@K=0.0079  accepted=44  auc=0.2547  uauc=0.8487  loss=0.7924  (7.6s)
Round   29/30  coverage=0.5384  prec@K=0.0045  accepted=25  auc=0.3040  uauc=0.8703  loss=0.7936  (6.9s)
Round   30/30  coverage=0.5393  prec@K=0.0057  accepted=32  auc=0.4015  uauc=0.8284  loss=0.7926  (7.2s)

结果已写入 results\orchestrator\runs\ir50_constlr5e5_multiseed_bidir\bitcoin_otc\gnn_sum_h8_s1/rounds.csv
