=== bitcoin_otc_gnn_concat_h8_s3  started 2026-05-08T21:03:52 ===

C:\conda\envs\gnn\lib\site-packages\requests\__init__.py:86: RequestsDependencyWarning: Unable to find acceptable character detection dependency (chardet or charset_normalizer).
  warnings.warn(
C:\conda\envs\gnn\lib\site-packages\outdated\__init__.py:36: UserWarning: pkg_resources is deprecated as an API. See https://setuptools.pypa.io/en/latest/pkg_resources.html. The pkg_resources package is slated for removal as early as 2025-11-30. Refrain from using this package or pin to Setuptools<81.
  from pkg_resources import parse_version
Round    1/30  coverage=0.5004  prec@K=0.0025  accepted=14  auc=0.4361  uauc=0.4688  loss=0.8322  (7.2s)
Round    2/30  coverage=0.5008  prec@K=0.0027  accepted=15  auc=0.5412  uauc=0.4957  loss=0.8321  (6.6s)
Round    3/30  coverage=0.5013  prec@K=0.0034  accepted=19  auc=0.5721  uauc=0.4591  loss=0.8318  (6.2s)
Round    4/30  coverage=0.5018  prec@K=0.0029  accepted=16  auc=0.5559  uauc=0.5751  loss=0.8319  (6.5s)
Round    5/30  coverage=0.5021  prec@K=0.0020  accepted=11  auc=0.4814  uauc=0.6403  loss=0.8321  (5.9s)
Round    6/30  coverage=0.5026  prec@K=0.0032  accepted=18  auc=0.4711  uauc=0.6232  loss=0.8316  (6.3s)
Round    7/30  coverage=0.5030  prec@K=0.0022  accepted=12  auc=0.4936  uauc=0.5713  loss=0.8319  (6.5s)
Round    8/30  coverage=0.5033  prec@K=0.0020  accepted=11  auc=0.5726  uauc=0.5319  loss=0.8319  (6.1s)
Round    9/30  coverage=0.5035  prec@K=0.0018  accepted=10  auc=0.2450  uauc=0.3813  loss=0.8320  (6.3s)
Round   10/30  coverage=0.5039  prec@K=0.0025  accepted=14  auc=0.3205  uauc=0.4722  loss=0.8317  (6.6s)
Round   11/30  coverage=0.5041  prec@K=0.0012  accepted=7  auc=0.5693  uauc=0.4206  loss=0.8320  (6.8s)
Round   12/30  coverage=0.5048  prec@K=0.0042  accepted=23  auc=0.5995  uauc=0.5760  loss=0.8309  (6.1s)
Round   13/30  coverage=0.5051  prec@K=0.0023  accepted=13  auc=0.6230  uauc=0.5597  loss=0.8315  (6.5s)
Round   14/30  coverage=0.5054  prec@K=0.0016  accepted=9  auc=0.5542  uauc=0.5911  loss=0.8317  (6.7s)
Round   15/30  coverage=0.5057  prec@K=0.0020  accepted=11  auc=0.5125  uauc=0.4694  loss=0.8315  (6.1s)
Round   16/30  coverage=0.5060  prec@K=0.0016  accepted=9  auc=0.4786  uauc=0.7438  loss=0.8315  (6.5s)
Round   17/30  coverage=0.5063  prec@K=0.0020  accepted=11  auc=0.4583  uauc=0.3778  loss=0.8314  (6.6s)
Round   18/30  coverage=0.5066  prec@K=0.0023  accepted=13  auc=0.5576  uauc=0.5256  loss=0.8312  (6.5s)
Round   19/30  coverage=0.5068  prec@K=0.0011  accepted=6  auc=0.5093  uauc=0.3125  loss=0.8315  (6.7s)
Round   20/30  coverage=0.5071  prec@K=0.0016  accepted=9  auc=0.5934  uauc=0.4691  loss=0.8313  (6.6s)
Round   21/30  coverage=0.5074  prec@K=0.0021  accepted=12  auc=0.5045  uauc=0.6741  loss=0.8311  (7.1s)
Round   22/30  coverage=0.5078  prec@K=0.0029  accepted=16  auc=0.5844  uauc=0.5339  loss=0.8308  (7.0s)
Round   23/30  coverage=0.5081  prec@K=0.0014  accepted=8  auc=0.4699  uauc=0.6042  loss=0.8311  (7.0s)
Round   24/30  coverage=0.5085  prec@K=0.0026  accepted=14  auc=0.5979  uauc=0.6297  loss=0.8307  (6.9s)
Round   25/30  coverage=0.5087  prec@K=0.0014  accepted=8  auc=0.6106  uauc=0.7222  loss=0.8310  (6.9s)
Round   26/30  coverage=0.5091  prec@K=0.0027  accepted=15  auc=0.7063  uauc=0.7691  loss=0.8305  (6.8s)
Round   27/30  coverage=0.5096  prec@K=0.0034  accepted=19  auc=0.6713  uauc=0.6092  loss=0.8302  (7.0s)
Round   28/30  coverage=0.5101  prec@K=0.0028  accepted=16  auc=0.6205  uauc=0.6773  loss=0.8303  (7.5s)
Round   29/30  coverage=0.5105  prec@K=0.0027  accepted=15  auc=0.6877  uauc=0.6891  loss=0.8302  (6.4s)
Round   30/30  coverage=0.5112  prec@K=0.0041  accepted=23  auc=0.7169  uauc=0.7436  loss=0.8296  (6.9s)

结果已写入 results\orchestrator\runs\ir50_constlr5e5_multiseed_bidir\bitcoin_otc\gnn_concat_h8_s3/rounds.csv
