=== bitcoin_otc_random_s42  started 2026-05-08T21:15:06 ===

C:\conda\envs\gnn\lib\site-packages\requests\__init__.py:86: RequestsDependencyWarning: Unable to find acceptable character detection dependency (chardet or charset_normalizer).
  warnings.warn(
C:\conda\envs\gnn\lib\site-packages\outdated\__init__.py:36: UserWarning: pkg_resources is deprecated as an API. See https://setuptools.pypa.io/en/latest/pkg_resources.html. The pkg_resources package is slated for removal as early as 2025-11-30. Refrain from using this package or pin to Setuptools<81.
  from pkg_resources import parse_version
Round    1/30  coverage=0.5006  prec@K=0.0042  accepted=23  loss=nan  (0.3s)
Round    2/30  coverage=0.5014  prec@K=0.0049  accepted=28  loss=nan  (0.1s)
Round    3/30  coverage=0.5023  prec@K=0.0055  accepted=31  loss=nan  (0.1s)
Round    4/30  coverage=0.5032  prec@K=0.0056  accepted=32  loss=nan  (0.2s)
Round    5/30  coverage=0.5039  prec@K=0.0043  accepted=24  loss=nan  (0.2s)
Round    6/30  coverage=0.5046  prec@K=0.0048  accepted=27  loss=nan  (0.2s)
Round    7/30  coverage=0.5051  prec@K=0.0031  accepted=17  loss=nan  (0.2s)
Round    8/30  coverage=0.5058  prec@K=0.0043  accepted=24  loss=nan  (0.2s)
Round    9/30  coverage=0.5064  prec@K=0.0038  accepted=21  loss=nan  (0.2s)
Round   10/30  coverage=0.5072  prec@K=0.0054  accepted=30  loss=nan  (0.3s)
Round   11/30  coverage=0.5079  prec@K=0.0043  accepted=24  loss=nan  (0.6s)
Round   12/30  coverage=0.5087  prec@K=0.0048  accepted=27  loss=nan  (0.3s)
Round   13/30  coverage=0.5092  prec@K=0.0037  accepted=21  loss=nan  (0.3s)
Round   14/30  coverage=0.5099  prec@K=0.0045  accepted=25  loss=nan  (0.3s)
Round   15/30  coverage=0.5107  prec@K=0.0047  accepted=26  loss=nan  (0.4s)
Round   16/30  coverage=0.5112  prec@K=0.0036  accepted=20  loss=nan  (0.4s)
Round   17/30  coverage=0.5118  prec@K=0.0036  accepted=20  loss=nan  (0.4s)
Round   18/30  coverage=0.5124  prec@K=0.0041  accepted=23  loss=nan  (0.4s)
Round   19/30  coverage=0.5128  prec@K=0.0025  accepted=14  loss=nan  (0.5s)
Round   20/30  coverage=0.5135  prec@K=0.0041  accepted=23  loss=nan  (0.4s)
Round   21/30  coverage=0.5142  prec@K=0.0048  accepted=27  loss=nan  (0.8s)
Round   22/30  coverage=0.5148  prec@K=0.0036  accepted=20  loss=nan  (0.5s)
Round   23/30  coverage=0.5153  prec@K=0.0029  accepted=16  loss=nan  (0.5s)
Round   24/30  coverage=0.5157  prec@K=0.0030  accepted=17  loss=nan  (0.6s)
Round   25/30  coverage=0.5163  prec@K=0.0038  accepted=21  loss=nan  (0.5s)
Round   26/30  coverage=0.5167  prec@K=0.0022  accepted=12  loss=nan  (0.6s)
Round   27/30  coverage=0.5173  prec@K=0.0039  accepted=22  loss=nan  (0.6s)
Round   28/30  coverage=0.5178  prec@K=0.0036  accepted=20  loss=nan  (0.6s)
Round   29/30  coverage=0.5185  prec@K=0.0043  accepted=24  loss=nan  (0.6s)
Round   30/30  coverage=0.5190  prec@K=0.0028  accepted=16  loss=nan  (0.6s)

结果已写入 results\orchestrator\runs\ir50_constlr5e5_multiseed_bidir\bitcoin_otc\random_s42/rounds.csv
