=== bitcoin_alpha_gnn_s42  started 2026-05-08T20:22:58 ===

C:\conda\envs\gnn\lib\site-packages\requests\__init__.py:86: RequestsDependencyWarning: Unable to find acceptable character detection dependency (chardet or charset_normalizer).
  warnings.warn(
C:\conda\envs\gnn\lib\site-packages\outdated\__init__.py:36: UserWarning: pkg_resources is deprecated as an API. See https://setuptools.pypa.io/en/latest/pkg_resources.html. The pkg_resources package is slated for removal as early as 2025-11-30. Refrain from using this package or pin to Setuptools<81.
  from pkg_resources import parse_version
Round    1/30  coverage=0.5018  prec@K=0.0124  accepted=44  auc=0.7734  uauc=0.6194  loss=0.7620  (4.4s)
Round    2/30  coverage=0.5034  prec@K=0.0110  accepted=39  auc=0.6881  uauc=0.5738  loss=0.7622  (3.8s)
Round    3/30  coverage=0.5052  prec@K=0.0121  accepted=43  auc=0.8089  uauc=0.6275  loss=0.7621  (3.8s)
Round    4/30  coverage=0.5067  prec@K=0.0096  accepted=35  auc=0.7875  uauc=0.5748  loss=0.7621  (3.8s)
Round    5/30  coverage=0.5081  prec@K=0.0101  accepted=36  auc=0.8239  uauc=0.6079  loss=0.7620  (3.7s)
Round    6/30  coverage=0.5092  prec@K=0.0073  accepted=26  auc=0.6141  uauc=0.5345  loss=0.7623  (3.6s)
Round    7/30  coverage=0.5100  prec@K=0.0053  accepted=19  auc=0.8716  uauc=0.6397  loss=0.7626  (4.1s)
Round    8/30  coverage=0.5114  prec@K=0.0095  accepted=34  auc=0.7838  uauc=0.5754  loss=0.7620  (3.9s)
Round    9/30  coverage=0.5125  prec@K=0.0073  accepted=26  auc=0.7822  uauc=0.6004  loss=0.7623  (3.5s)
Round   10/30  coverage=0.5139  prec@K=0.0092  accepted=33  auc=0.8090  uauc=0.6725  loss=0.7619  (4.2s)
Round   11/30  coverage=0.5146  prec@K=0.0053  accepted=19  auc=0.7556  uauc=0.6225  loss=0.7623  (3.6s)
Round   12/30  coverage=0.5162  prec@K=0.0104  accepted=37  auc=0.8447  uauc=0.5850  loss=0.7615  (4.1s)
Round   13/30  coverage=0.5175  prec@K=0.0090  accepted=32  auc=0.7535  uauc=0.6282  loss=0.7617  (4.1s)
Round   14/30  coverage=0.5187  prec@K=0.0080  accepted=29  auc=0.8624  uauc=0.5630  loss=0.7619  (4.2s)
Round   15/30  coverage=0.5195  prec@K=0.0055  accepted=20  auc=0.8752  uauc=0.6798  loss=0.7622  (4.3s)
Round   16/30  coverage=0.5204  prec@K=0.0059  accepted=21  auc=0.7134  uauc=0.5104  loss=0.7619  (3.7s)
Round   17/30  coverage=0.5216  prec@K=0.0081  accepted=29  auc=0.8301  uauc=0.6147  loss=0.7615  (4.1s)
Round   18/30  coverage=0.5223  prec@K=0.0047  accepted=17  auc=0.7614  uauc=0.6644  loss=0.7621  (4.3s)
Round   19/30  coverage=0.5231  prec@K=0.0057  accepted=20  auc=0.7102  uauc=0.5254  loss=0.7615  (3.9s)
Round   20/30  coverage=0.5238  prec@K=0.0047  accepted=17  auc=0.7597  uauc=0.5745  loss=0.7618  (4.2s)
Round   21/30  coverage=0.5249  prec@K=0.0073  accepted=26  auc=0.7807  uauc=0.5997  loss=0.7613  (4.1s)
Round   22/30  coverage=0.5254  prec@K=0.0034  accepted=12  auc=0.8459  uauc=0.6225  loss=0.7618  (4.0s)
Round   23/30  coverage=0.5257  prec@K=0.0022  accepted=8  auc=0.8865  uauc=0.7183  loss=0.7618  (4.0s)
Round   24/30  coverage=0.5268  prec@K=0.0072  accepted=26  auc=0.8085  uauc=0.6906  loss=0.7613  (4.5s)
Round   25/30  coverage=0.5273  prec@K=0.0033  accepted=12  auc=0.8113  uauc=0.5549  loss=0.7614  (3.3s)
Round   26/30  coverage=0.5282  prec@K=0.0058  accepted=21  auc=0.8295  uauc=0.6316  loss=0.7612  (4.0s)
Round   27/30  coverage=0.5291  prec@K=0.0067  accepted=24  auc=0.8394  uauc=0.5909  loss=0.7608  (4.1s)
Round   28/30  coverage=0.5301  prec@K=0.0064  accepted=23  auc=0.8389  uauc=0.6184  loss=0.7609  (4.3s)
Round   29/30  coverage=0.5306  prec@K=0.0031  accepted=11  auc=0.8758  uauc=0.5758  loss=0.7611  (3.9s)
Round   30/30  coverage=0.5310  prec@K=0.0031  accepted=11  auc=0.8671  uauc=0.4622  loss=0.7612  (4.0s)

结果已写入 results\orchestrator\runs\ir50_constlr5e5_multiseed_bidir\bitcoin_alpha\gnn_s42/rounds.csv
