=== bitcoin_otc_gat_emb_s3  started 2026-05-08T20:59:18 ===

C:\conda\envs\gnn\lib\site-packages\requests\__init__.py:86: RequestsDependencyWarning: Unable to find acceptable character detection dependency (chardet or charset_normalizer).
  warnings.warn(
C:\conda\envs\gnn\lib\site-packages\outdated\__init__.py:36: UserWarning: pkg_resources is deprecated as an API. See https://setuptools.pypa.io/en/latest/pkg_resources.html. The pkg_resources package is slated for removal as early as 2025-11-30. Refrain from using this package or pin to Setuptools<81.
  from pkg_resources import parse_version
Round    1/30  coverage=0.5007  prec@K=0.0043  accepted=24  auc=0.5930  uauc=0.5727  loss=0.6559  (7.7s)
Round    2/30  coverage=0.5016  prec@K=0.0059  accepted=33  auc=0.3789  uauc=0.4944  loss=0.6559  (6.5s)
Round    3/30  coverage=0.5025  prec@K=0.0059  accepted=33  auc=0.5015  uauc=0.5864  loss=0.6557  (6.2s)
Round    4/30  coverage=0.5031  prec@K=0.0034  accepted=19  auc=0.3965  uauc=0.5420  loss=0.6554  (6.7s)
Round    5/30  coverage=0.5037  prec@K=0.0043  accepted=24  auc=0.4173  uauc=0.5798  loss=0.6554  (6.0s)
Round    6/30  coverage=0.5045  prec@K=0.0048  accepted=27  auc=0.4502  uauc=0.5718  loss=0.6553  (6.1s)
Round    7/30  coverage=0.5056  prec@K=0.0072  accepted=40  auc=0.3348  uauc=0.6056  loss=0.6553  (6.3s)
Round    8/30  coverage=0.5063  prec@K=0.0043  accepted=24  auc=0.3062  uauc=0.4902  loss=0.6549  (5.9s)
Round    9/30  coverage=0.5069  prec@K=0.0038  accepted=21  auc=0.3213  uauc=0.5925  loss=0.6548  (6.1s)
Round   10/30  coverage=0.5075  prec@K=0.0037  accepted=21  auc=0.2753  uauc=0.5145  loss=0.6546  (6.5s)
Round   11/30  coverage=0.5080  prec@K=0.0030  accepted=17  auc=0.2967  uauc=0.6753  loss=0.6544  (6.6s)
Round   12/30  coverage=0.5086  prec@K=0.0040  accepted=22  auc=0.3871  uauc=0.5406  loss=0.6544  (6.2s)
Round   13/30  coverage=0.5091  prec@K=0.0032  accepted=18  auc=0.4671  uauc=0.4028  loss=0.6542  (6.5s)
Round   14/30  coverage=0.5096  prec@K=0.0036  accepted=20  auc=0.2993  uauc=0.5178  loss=0.6541  (6.6s)
Round   15/30  coverage=0.5100  prec@K=0.0023  accepted=13  auc=0.3888  uauc=0.5723  loss=0.6538  (5.9s)
Round   16/30  coverage=0.5106  prec@K=0.0036  accepted=20  auc=0.4096  uauc=0.6595  loss=0.6538  (6.8s)
Round   17/30  coverage=0.5109  prec@K=0.0020  accepted=11  auc=0.2720  uauc=0.8000  loss=0.6535  (6.4s)
Round   18/30  coverage=0.5115  prec@K=0.0040  accepted=22  auc=0.1594  uauc=0.5874  loss=0.6536  (6.3s)
Round   19/30  coverage=0.5118  prec@K=0.0022  accepted=12  auc=0.2097  uauc=0.6389  loss=0.6533  (6.8s)
Round   20/30  coverage=0.5124  prec@K=0.0036  accepted=20  auc=0.3846  uauc=0.4493  loss=0.6533  (6.6s)
Round   21/30  coverage=0.5128  prec@K=0.0025  accepted=14  auc=0.4034  uauc=0.5118  loss=0.6530  (7.4s)
Round   22/30  coverage=0.5137  prec@K=0.0057  accepted=32  auc=0.2144  uauc=0.5647  loss=0.6532  (7.3s)
Round   23/30  coverage=0.5141  prec@K=0.0025  accepted=14  auc=0.2172  uauc=0.6599  loss=0.6528  (7.2s)
Round   24/30  coverage=0.5146  prec@K=0.0036  accepted=20  auc=0.2231  uauc=0.4287  loss=0.6527  (7.0s)
Round   25/30  coverage=0.5150  prec@K=0.0023  accepted=13  auc=0.2001  uauc=0.3010  loss=0.6525  (6.8s)
Round   26/30  coverage=0.5154  prec@K=0.0027  accepted=15  auc=0.3549  uauc=0.5702  loss=0.6524  (7.1s)
Round   27/30  coverage=0.5157  prec@K=0.0016  accepted=9  auc=0.2836  uauc=0.6156  loss=0.6521  (7.1s)
Round   28/30  coverage=0.5160  prec@K=0.0021  accepted=12  auc=0.3318  uauc=0.4352  loss=0.6520  (7.2s)
Round   29/30  coverage=0.5163  prec@K=0.0018  accepted=10  auc=0.2871  uauc=0.4524  loss=0.6519  (6.7s)
Round   30/30  coverage=0.5166  prec@K=0.0021  accepted=12  auc=0.1790  uauc=0.4694  loss=0.6518  (7.2s)

结果已写入 results\orchestrator\runs\ir50_constlr5e5_multiseed_bidir\bitcoin_otc\gat_emb_s3/rounds.csv
