=== bitcoin_otc_gat_emb_s1  started 2026-05-08T20:56:46 ===

C:\conda\envs\gnn\lib\site-packages\requests\__init__.py:86: RequestsDependencyWarning: Unable to find acceptable character detection dependency (chardet or charset_normalizer).
  warnings.warn(
C:\conda\envs\gnn\lib\site-packages\outdated\__init__.py:36: UserWarning: pkg_resources is deprecated as an API. See https://setuptools.pypa.io/en/latest/pkg_resources.html. The pkg_resources package is slated for removal as early as 2025-11-30. Refrain from using this package or pin to Setuptools<81.
  from pkg_resources import parse_version
Round    1/30  coverage=0.5011  prec@K=0.0072  accepted=40  auc=0.4034  uauc=0.5701  loss=0.6215  (7.4s)
Round    2/30  coverage=0.5022  prec@K=0.0072  accepted=40  auc=0.3009  uauc=0.5750  loss=0.6214  (6.4s)
Round    3/30  coverage=0.5026  prec@K=0.0023  accepted=13  auc=0.4382  uauc=0.5171  loss=0.6204  (6.1s)
Round    4/30  coverage=0.5033  prec@K=0.0043  accepted=24  auc=0.2510  uauc=0.5441  loss=0.6207  (6.0s)
Round    5/30  coverage=0.5040  prec@K=0.0043  accepted=24  auc=0.2047  uauc=0.5275  loss=0.6205  (5.9s)
Round    6/30  coverage=0.5047  prec@K=0.0047  accepted=26  auc=0.3201  uauc=0.4966  loss=0.6205  (6.1s)
Round    7/30  coverage=0.5053  prec@K=0.0039  accepted=22  auc=0.3656  uauc=0.5152  loss=0.6202  (6.6s)
Round    8/30  coverage=0.5058  prec@K=0.0034  accepted=19  auc=0.3123  uauc=0.6580  loss=0.6200  (6.2s)
Round    9/30  coverage=0.5066  prec@K=0.0048  accepted=27  auc=0.2895  uauc=0.5295  loss=0.6201  (6.5s)
Round   10/30  coverage=0.5072  prec@K=0.0042  accepted=23  auc=0.3106  uauc=0.4960  loss=0.6198  (6.6s)
Round   11/30  coverage=0.5080  prec@K=0.0045  accepted=25  auc=0.2920  uauc=0.5409  loss=0.6198  (6.7s)
Round   12/30  coverage=0.5085  prec@K=0.0038  accepted=21  auc=0.3162  uauc=0.6713  loss=0.6195  (6.4s)
Round   13/30  coverage=0.5092  prec@K=0.0043  accepted=24  auc=0.2608  uauc=0.3979  loss=0.6194  (7.0s)
Round   14/30  coverage=0.5099  prec@K=0.0041  accepted=23  auc=0.2708  uauc=0.5428  loss=0.6194  (6.4s)
Round   15/30  coverage=0.5102  prec@K=0.0023  accepted=13  auc=0.1599  uauc=0.6296  loss=0.6189  (6.6s)
Round   16/30  coverage=0.5107  prec@K=0.0030  accepted=17  auc=0.2825  uauc=0.5195  loss=0.6188  (6.9s)
Round   17/30  coverage=0.5110  prec@K=0.0020  accepted=11  auc=0.3230  uauc=0.6124  loss=0.6185  (6.9s)
Round   18/30  coverage=0.5116  prec@K=0.0038  accepted=21  auc=0.1653  uauc=0.5733  loss=0.6188  (6.6s)
Round   19/30  coverage=0.5119  prec@K=0.0020  accepted=11  auc=0.0983  uauc=0.5182  loss=0.6183  (6.4s)
Round   20/30  coverage=0.5121  prec@K=0.0013  accepted=7  auc=0.2234  uauc=0.6815  loss=0.6180  (6.5s)
Round   21/30  coverage=0.5124  prec@K=0.0018  accepted=10  auc=0.3225  uauc=0.6133  loss=0.6180  (6.7s)
Round   22/30  coverage=0.5126  prec@K=0.0011  accepted=6  auc=0.1314  uauc=0.8889  loss=0.6177  (6.5s)
Round   23/30  coverage=0.5128  prec@K=0.0016  accepted=9  auc=0.2203  uauc=0.6120  loss=0.6176  (6.9s)
Round   24/30  coverage=0.5131  prec@K=0.0021  accepted=12  auc=0.1746  uauc=0.6465  loss=0.6176  (7.6s)
Round   25/30  coverage=0.5134  prec@K=0.0018  accepted=10  auc=0.2551  uauc=0.6133  loss=0.6174  (6.9s)
Round   26/30  coverage=0.5140  prec@K=0.0035  accepted=20  auc=0.1579  uauc=0.5789  loss=0.6176  (7.2s)
Round   27/30  coverage=0.5144  prec@K=0.0025  accepted=14  auc=0.2173  uauc=0.5633  loss=0.6173  (7.3s)
Round   28/30  coverage=0.5151  prec@K=0.0045  accepted=25  auc=0.2647  uauc=0.5599  loss=0.6176  (7.4s)
Round   29/30  coverage=0.5155  prec@K=0.0029  accepted=16  auc=0.1766  uauc=0.5576  loss=0.6171  (6.8s)
Round   30/30  coverage=0.5156  prec@K=0.0007  accepted=4  auc=0.2474  uauc=0.9306  loss=0.6166  (6.9s)

结果已写入 results\orchestrator\runs\ir50_constlr5e5_multiseed_bidir\bitcoin_otc\gat_emb_s1/rounds.csv
