=== bitcoin_alpha_random_s3  started 2026-05-08T20:32:12 ===

C:\conda\envs\gnn\lib\site-packages\requests\__init__.py:86: RequestsDependencyWarning: Unable to find acceptable character detection dependency (chardet or charset_normalizer).
  warnings.warn(
C:\conda\envs\gnn\lib\site-packages\outdated\__init__.py:36: UserWarning: pkg_resources is deprecated as an API. See https://setuptools.pypa.io/en/latest/pkg_resources.html. The pkg_resources package is slated for removal as early as 2025-11-30. Refrain from using this package or pin to Setuptools<81.
  from pkg_resources import parse_version
Round    1/30  coverage=0.5007  prec@K=0.0047  accepted=17  loss=nan  (0.2s)
Round    2/30  coverage=0.5014  prec@K=0.0051  accepted=18  loss=nan  (0.1s)
Round    3/30  coverage=0.5026  prec@K=0.0077  accepted=28  loss=nan  (0.1s)
Round    4/30  coverage=0.5037  prec@K=0.0073  accepted=26  loss=nan  (0.1s)
Round    5/30  coverage=0.5042  prec@K=0.0034  accepted=12  loss=nan  (0.1s)
Round    6/30  coverage=0.5050  prec@K=0.0056  accepted=20  loss=nan  (0.1s)
Round    7/30  coverage=0.5060  prec@K=0.0067  accepted=24  loss=nan  (0.1s)
Round    8/30  coverage=0.5072  prec@K=0.0078  accepted=28  loss=nan  (0.1s)
Round    9/30  coverage=0.5078  prec@K=0.0045  accepted=16  loss=nan  (0.1s)
Round   10/30  coverage=0.5085  prec@K=0.0044  accepted=16  loss=nan  (0.1s)
Round   11/30  coverage=0.5094  prec@K=0.0064  accepted=23  loss=nan  (0.3s)
Round   12/30  coverage=0.5102  prec@K=0.0053  accepted=19  loss=nan  (0.1s)
Round   13/30  coverage=0.5110  prec@K=0.0051  accepted=18  loss=nan  (0.1s)
Round   14/30  coverage=0.5122  prec@K=0.0081  accepted=29  loss=nan  (0.1s)
Round   15/30  coverage=0.5129  prec@K=0.0053  accepted=19  loss=nan  (0.1s)
Round   16/30  coverage=0.5139  prec@K=0.0064  accepted=23  loss=nan  (0.1s)
Round   17/30  coverage=0.5146  prec@K=0.0051  accepted=18  loss=nan  (0.1s)
Round   18/30  coverage=0.5155  prec@K=0.0061  accepted=22  loss=nan  (0.1s)
Round   19/30  coverage=0.5158  prec@K=0.0020  accepted=7  loss=nan  (0.2s)
Round   20/30  coverage=0.5162  prec@K=0.0023  accepted=8  loss=nan  (0.2s)
Round   21/30  coverage=0.5170  prec@K=0.0058  accepted=21  loss=nan  (0.3s)
Round   22/30  coverage=0.5181  prec@K=0.0069  accepted=25  loss=nan  (0.2s)
Round   23/30  coverage=0.5187  prec@K=0.0041  accepted=15  loss=nan  (0.2s)
Round   24/30  coverage=0.5193  prec@K=0.0042  accepted=15  loss=nan  (0.2s)
Round   25/30  coverage=0.5201  prec@K=0.0051  accepted=18  loss=nan  (0.2s)
Round   26/30  coverage=0.5205  prec@K=0.0033  accepted=12  loss=nan  (0.2s)
Round   27/30  coverage=0.5214  prec@K=0.0057  accepted=20  loss=nan  (0.2s)
Round   28/30  coverage=0.5220  prec@K=0.0042  accepted=15  loss=nan  (0.2s)
Round   29/30  coverage=0.5227  prec@K=0.0051  accepted=18  loss=nan  (0.3s)
Round   30/30  coverage=0.5234  prec@K=0.0042  accepted=15  loss=nan  (0.2s)

结果已写入 results\orchestrator\runs\ir50_constlr5e5_multiseed_bidir\bitcoin_alpha\random_s3/rounds.csv
