=== bitcoin_alpha_gnn_sum_s0  started 2026-05-08T20:27:16 ===

C:\conda\envs\gnn\lib\site-packages\requests\__init__.py:86: RequestsDependencyWarning: Unable to find acceptable character detection dependency (chardet or charset_normalizer).
  warnings.warn(
C:\conda\envs\gnn\lib\site-packages\outdated\__init__.py:36: UserWarning: pkg_resources is deprecated as an API. See https://setuptools.pypa.io/en/latest/pkg_resources.html. The pkg_resources package is slated for removal as early as 2025-11-30. Refrain from using this package or pin to Setuptools<81.
  from pkg_resources import parse_version
Round    1/30  coverage=0.5019  prec@K=0.0131  accepted=46  auc=0.6296  uauc=0.6561  loss=0.6820  (4.5s)
Round    2/30  coverage=0.5034  prec@K=0.0103  accepted=37  auc=0.6151  uauc=0.6410  loss=0.6795  (3.6s)
Round    3/30  coverage=0.5048  prec@K=0.0089  accepted=32  auc=0.6270  uauc=0.7096  loss=0.6772  (3.8s)
Round    4/30  coverage=0.5061  prec@K=0.0092  accepted=33  auc=0.6716  uauc=0.7658  loss=0.6752  (4.0s)
Round    5/30  coverage=0.5079  prec@K=0.0119  accepted=43  auc=0.6199  uauc=0.6337  loss=0.6719  (4.0s)
Round    6/30  coverage=0.5092  prec@K=0.0090  accepted=32  auc=0.6149  uauc=0.7914  loss=0.6697  (3.9s)
Round    7/30  coverage=0.5107  prec@K=0.0099  accepted=35  auc=0.5995  uauc=0.8433  loss=0.6673  (3.9s)
Round    8/30  coverage=0.5122  prec@K=0.0101  accepted=36  auc=0.5251  uauc=0.7719  loss=0.6650  (4.0s)
Round    9/30  coverage=0.5137  prec@K=0.0102  accepted=37  auc=0.3787  uauc=0.7733  loss=0.6629  (4.0s)
Round   10/30  coverage=0.5156  prec@K=0.0132  accepted=47  auc=0.4806  uauc=0.7476  loss=0.6606  (4.0s)
Round   11/30  coverage=0.5175  prec@K=0.0127  accepted=45  auc=0.4601  uauc=0.7149  loss=0.6581  (4.2s)
Round   12/30  coverage=0.5188  prec@K=0.0086  accepted=31  auc=0.2975  uauc=0.6706  loss=0.6555  (4.1s)
Round   13/30  coverage=0.5199  prec@K=0.0079  accepted=28  auc=0.3246  uauc=0.7766  loss=0.6540  (3.5s)
Round   14/30  coverage=0.5215  prec@K=0.0106  accepted=38  auc=0.3496  uauc=0.6987  loss=0.6509  (4.0s)
Round   15/30  coverage=0.5226  prec@K=0.0074  accepted=26  auc=0.2564  uauc=0.6870  loss=0.6488  (4.0s)
Round   16/30  coverage=0.5234  prec@K=0.0059  accepted=21  auc=0.2744  uauc=0.7431  loss=0.6453  (3.9s)
Round   17/30  coverage=0.5248  prec@K=0.0088  accepted=32  auc=0.2226  uauc=0.8022  loss=0.6439  (4.2s)
Round   18/30  coverage=0.5256  prec@K=0.0053  accepted=19  auc=0.1970  uauc=0.7328  loss=0.6410  (3.8s)
Round   19/30  coverage=0.5269  prec@K=0.0090  accepted=32  auc=0.2504  uauc=0.7444  loss=0.6387  (4.2s)
Round   20/30  coverage=0.5280  prec@K=0.0077  accepted=27  auc=0.1830  uauc=0.8076  loss=0.6363  (4.3s)
Round   21/30  coverage=0.5293  prec@K=0.0087  accepted=31  auc=0.1874  uauc=0.6940  loss=0.6340  (4.3s)
Round   22/30  coverage=0.5303  prec@K=0.0068  accepted=24  auc=0.1828  uauc=0.7367  loss=0.6314  (3.9s)
Round   23/30  coverage=0.5315  prec@K=0.0085  accepted=30  auc=0.2818  uauc=0.8863  loss=0.6286  (4.3s)
Round   24/30  coverage=0.5322  prec@K=0.0048  accepted=17  auc=0.2399  uauc=0.7540  loss=0.6263  (4.0s)
Round   25/30  coverage=0.5338  prec@K=0.0109  accepted=39  auc=0.2632  uauc=0.7480  loss=0.6238  (4.2s)
Round   26/30  coverage=0.5347  prec@K=0.0063  accepted=22  auc=0.2252  uauc=0.6026  loss=0.6222  (3.8s)
Round   27/30  coverage=0.5358  prec@K=0.0076  accepted=27  auc=0.1908  uauc=0.7655  loss=0.6196  (4.4s)
Round   28/30  coverage=0.5365  prec@K=0.0042  accepted=15  auc=0.2676  uauc=0.7004  loss=0.6171  (3.9s)
Round   29/30  coverage=0.5373  prec@K=0.0054  accepted=19  auc=0.1551  uauc=0.6426  loss=0.6143  (4.1s)
Round   30/30  coverage=0.5385  prec@K=0.0081  accepted=29  auc=0.1867  uauc=0.7592  loss=0.6116  (4.6s)

结果已写入 results\orchestrator\runs\ir50_constlr5e5_multiseed_bidir\bitcoin_alpha\gnn_sum_s0/rounds.csv
