=== bitcoin_alpha_jaccard_s2  started 2026-05-08T20:31:32 ===

C:\conda\envs\gnn\lib\site-packages\requests\__init__.py:86: RequestsDependencyWarning: Unable to find acceptable character detection dependency (chardet or charset_normalizer).
  warnings.warn(
C:\conda\envs\gnn\lib\site-packages\outdated\__init__.py:36: UserWarning: pkg_resources is deprecated as an API. See https://setuptools.pypa.io/en/latest/pkg_resources.html. The pkg_resources package is slated for removal as early as 2025-11-30. Refrain from using this package or pin to Setuptools<81.
  from pkg_resources import parse_version
Round    1/30  coverage=0.5015  prec@K=0.0103  accepted=37  auc=0.3636  uauc=0.5625  loss=nan  (0.2s)
Round    2/30  coverage=0.5031  prec@K=0.0104  accepted=37  auc=0.3186  uauc=0.5933  loss=nan  (0.1s)
Round    3/30  coverage=0.5039  prec@K=0.0059  accepted=21  auc=0.3778  uauc=0.6651  loss=nan  (0.1s)
Round    4/30  coverage=0.5053  prec@K=0.0091  accepted=33  auc=0.3244  uauc=0.7604  loss=nan  (0.1s)
Round    5/30  coverage=0.5067  prec@K=0.0092  accepted=33  auc=0.2061  uauc=0.5546  loss=nan  (0.1s)
Round    6/30  coverage=0.5079  prec@K=0.0087  accepted=31  auc=0.2776  uauc=0.6062  loss=nan  (0.2s)
Round    7/30  coverage=0.5089  prec@K=0.0067  accepted=24  auc=0.2596  uauc=0.6069  loss=nan  (0.1s)
Round    8/30  coverage=0.5107  prec@K=0.0116  accepted=42  auc=0.3661  uauc=0.6514  loss=nan  (0.2s)
Round    9/30  coverage=0.5117  prec@K=0.0072  accepted=26  auc=0.2849  uauc=0.5369  loss=nan  (0.2s)
Round   10/30  coverage=0.5130  prec@K=0.0085  accepted=31  auc=0.2869  uauc=0.6014  loss=nan  (0.2s)
Round   11/30  coverage=0.5143  prec@K=0.0083  accepted=30  auc=0.3207  uauc=0.5695  loss=nan  (0.3s)
Round   12/30  coverage=0.5158  prec@K=0.0105  accepted=38  auc=0.3139  uauc=0.6131  loss=nan  (0.2s)
Round   13/30  coverage=0.5171  prec@K=0.0083  accepted=30  auc=0.3186  uauc=0.6442  loss=nan  (0.2s)
Round   14/30  coverage=0.5181  prec@K=0.0069  accepted=25  auc=0.2751  uauc=0.6029  loss=nan  (0.2s)
Round   15/30  coverage=0.5190  prec@K=0.0062  accepted=22  auc=0.2847  uauc=0.6618  loss=nan  (0.2s)
Round   16/30  coverage=0.5198  prec@K=0.0056  accepted=20  auc=0.3166  uauc=0.5400  loss=nan  (0.2s)
Round   17/30  coverage=0.5210  prec@K=0.0081  accepted=29  auc=0.2576  uauc=0.6069  loss=nan  (0.2s)
Round   18/30  coverage=0.5217  prec@K=0.0044  accepted=16  auc=0.3340  uauc=0.6695  loss=nan  (0.2s)
Round   19/30  coverage=0.5229  prec@K=0.0078  accepted=28  auc=0.2817  uauc=0.6088  loss=nan  (0.2s)
Round   20/30  coverage=0.5239  prec@K=0.0066  accepted=24  auc=0.3208  uauc=0.6171  loss=nan  (0.2s)
Round   21/30  coverage=0.5247  prec@K=0.0058  accepted=21  auc=0.3392  uauc=0.6183  loss=nan  (0.5s)
Round   22/30  coverage=0.5256  prec@K=0.0055  accepted=20  auc=0.2237  uauc=0.6307  loss=nan  (0.2s)
Round   23/30  coverage=0.5264  prec@K=0.0056  accepted=20  auc=0.2950  uauc=0.6230  loss=nan  (0.2s)
Round   24/30  coverage=0.5273  prec@K=0.0061  accepted=22  auc=0.3000  uauc=0.6116  loss=nan  (0.2s)
Round   25/30  coverage=0.5286  prec@K=0.0086  accepted=31  auc=0.3600  uauc=0.6208  loss=nan  (0.2s)
Round   26/30  coverage=0.5290  prec@K=0.0031  accepted=11  auc=0.2931  uauc=0.5050  loss=nan  (0.2s)
Round   27/30  coverage=0.5296  prec@K=0.0039  accepted=14  auc=0.3501  uauc=0.5833  loss=nan  (0.3s)
Round   28/30  coverage=0.5303  prec@K=0.0044  accepted=16  auc=0.3198  uauc=0.5720  loss=nan  (0.2s)
Round   29/30  coverage=0.5315  prec@K=0.0084  accepted=30  auc=0.2942  uauc=0.6856  loss=nan  (0.2s)
Round   30/30  coverage=0.5322  prec@K=0.0048  accepted=17  auc=0.2989  uauc=0.7052  loss=nan  (0.2s)

结果已写入 results\orchestrator\runs\ir50_constlr5e5_multiseed_bidir\bitcoin_alpha\jaccard_s2/rounds.csv
