=== bitcoin_alpha_gat_emb_s3  started 2026-05-08T20:21:41 ===

C:\conda\envs\gnn\lib\site-packages\requests\__init__.py:86: RequestsDependencyWarning: Unable to find acceptable character detection dependency (chardet or charset_normalizer).
  warnings.warn(
C:\conda\envs\gnn\lib\site-packages\outdated\__init__.py:36: UserWarning: pkg_resources is deprecated as an API. See https://setuptools.pypa.io/en/latest/pkg_resources.html. The pkg_resources package is slated for removal as early as 2025-11-30. Refrain from using this package or pin to Setuptools<81.
  from pkg_resources import parse_version
Round    1/30  coverage=0.5008  prec@K=0.0052  accepted=19  auc=0.5753  uauc=0.5813  loss=0.7533  (4.7s)
Round    2/30  coverage=0.5020  prec@K=0.0085  accepted=30  auc=0.5017  uauc=0.5918  loss=0.7528  (3.9s)
Round    3/30  coverage=0.5030  prec@K=0.0063  accepted=23  auc=0.4567  uauc=0.5875  loss=0.7529  (4.0s)
Round    4/30  coverage=0.5041  prec@K=0.0073  accepted=26  auc=0.4653  uauc=0.5359  loss=0.7525  (3.8s)
Round    5/30  coverage=0.5048  prec@K=0.0053  accepted=19  auc=0.5958  uauc=0.5794  loss=0.7525  (3.7s)
Round    6/30  coverage=0.5057  prec@K=0.0062  accepted=22  auc=0.5856  uauc=0.6206  loss=0.7521  (4.1s)
Round    7/30  coverage=0.5067  prec@K=0.0061  accepted=22  auc=0.4427  uauc=0.6281  loss=0.7519  (3.9s)
Round    8/30  coverage=0.5074  prec@K=0.0050  accepted=18  auc=0.5866  uauc=0.4463  loss=0.7520  (4.2s)
Round    9/30  coverage=0.5081  prec@K=0.0045  accepted=16  auc=0.4908  uauc=0.6435  loss=0.7520  (3.8s)
Round   10/30  coverage=0.5087  prec@K=0.0042  accepted=15  auc=0.5150  uauc=0.5642  loss=0.7516  (4.0s)
Round   11/30  coverage=0.5096  prec@K=0.0058  accepted=21  auc=0.5413  uauc=0.4400  loss=0.7512  (4.0s)
Round   12/30  coverage=0.5101  prec@K=0.0036  accepted=13  auc=0.5117  uauc=0.6412  loss=0.7512  (4.3s)
Round   13/30  coverage=0.5108  prec@K=0.0048  accepted=17  auc=0.5121  uauc=0.4495  loss=0.7510  (3.9s)
Round   14/30  coverage=0.5115  prec@K=0.0050  accepted=18  auc=0.5348  uauc=0.5970  loss=0.7509  (4.0s)
Round   15/30  coverage=0.5120  prec@K=0.0030  accepted=11  auc=0.4847  uauc=0.4988  loss=0.7508  (4.2s)
Round   16/30  coverage=0.5127  prec@K=0.0050  accepted=18  auc=0.4441  uauc=0.6864  loss=0.7505  (4.0s)
Round   17/30  coverage=0.5134  prec@K=0.0042  accepted=15  auc=0.4878  uauc=0.3657  loss=0.7503  (4.3s)
Round   18/30  coverage=0.5138  prec@K=0.0028  accepted=10  auc=0.5548  uauc=0.4151  loss=0.7502  (4.2s)
Round   19/30  coverage=0.5143  prec@K=0.0036  accepted=13  auc=0.5005  uauc=0.3900  loss=0.7499  (3.8s)
Round   20/30  coverage=0.5148  prec@K=0.0031  accepted=11  auc=0.6295  uauc=0.4601  loss=0.7497  (4.0s)
Round   21/30  coverage=0.5158  prec@K=0.0067  accepted=24  auc=0.4598  uauc=0.6412  loss=0.7492  (4.5s)
Round   22/30  coverage=0.5165  prec@K=0.0047  accepted=17  auc=0.4765  uauc=0.4368  loss=0.7493  (4.0s)
Round   23/30  coverage=0.5170  prec@K=0.0036  accepted=13  auc=0.5205  uauc=0.6649  loss=0.7491  (4.0s)
Round   24/30  coverage=0.5175  prec@K=0.0036  accepted=13  auc=0.5384  uauc=0.6178  loss=0.7490  (4.3s)
Round   25/30  coverage=0.5184  prec@K=0.0056  accepted=20  auc=0.4806  uauc=0.4834  loss=0.7485  (3.8s)
Round   26/30  coverage=0.5188  prec@K=0.0027  accepted=10  auc=0.5651  uauc=0.5149  loss=0.7487  (4.3s)
Round   27/30  coverage=0.5194  prec@K=0.0040  accepted=14  auc=0.5484  uauc=0.6389  loss=0.7483  (4.1s)
Round   28/30  coverage=0.5196  prec@K=0.0014  accepted=5  auc=0.5412  uauc=0.3889  loss=0.7485  (4.2s)
Round   29/30  coverage=0.5200  prec@K=0.0028  accepted=10  auc=0.3589  uauc=0.4869  loss=0.7482  (4.2s)
Round   30/30  coverage=0.5202  prec@K=0.0017  accepted=6  auc=0.4712  uauc=0.3704  loss=0.7480  (4.1s)

结果已写入 results\orchestrator\runs\ir50_constlr5e5_multiseed_bidir\bitcoin_alpha\gat_emb_s3/rounds.csv
