=== bitcoin_otc_aa_s42  started 2026-05-08T20:56:02 ===

C:\conda\envs\gnn\lib\site-packages\requests\__init__.py:86: RequestsDependencyWarning: Unable to find acceptable character detection dependency (chardet or charset_normalizer).
  warnings.warn(
C:\conda\envs\gnn\lib\site-packages\outdated\__init__.py:36: UserWarning: pkg_resources is deprecated as an API. See https://setuptools.pypa.io/en/latest/pkg_resources.html. The pkg_resources package is slated for removal as early as 2025-11-30. Refrain from using this package or pin to Setuptools<81.
  from pkg_resources import parse_version
Round    1/30  coverage=0.5019  prec@K=0.0125  accepted=69  auc=0.8872  uauc=0.6965  loss=nan  (0.6s)
Round    2/30  coverage=0.5043  prec@K=0.0146  accepted=83  auc=0.8506  uauc=0.6491  loss=nan  (0.4s)
Round    3/30  coverage=0.5067  prec@K=0.0150  accepted=85  auc=0.8782  uauc=0.6457  loss=nan  (0.4s)
Round    4/30  coverage=0.5094  prec@K=0.0174  accepted=99  auc=0.8968  uauc=0.6857  loss=nan  (0.4s)
Round    5/30  coverage=0.5115  prec@K=0.0131  accepted=74  auc=0.8703  uauc=0.5921  loss=nan  (0.4s)
Round    6/30  coverage=0.5138  prec@K=0.0145  accepted=81  auc=0.8940  uauc=0.6656  loss=nan  (0.6s)
Round    7/30  coverage=0.5156  prec@K=0.0116  accepted=64  auc=0.8691  uauc=0.6592  loss=nan  (0.5s)
Round    8/30  coverage=0.5173  prec@K=0.0110  accepted=62  auc=0.8674  uauc=0.6731  loss=nan  (0.5s)
Round    9/30  coverage=0.5188  prec@K=0.0093  accepted=52  auc=0.8568  uauc=0.6689  loss=nan  (0.5s)
Round   10/30  coverage=0.5204  prec@K=0.0100  accepted=56  auc=0.9150  uauc=0.6935  loss=nan  (0.5s)
Round   11/30  coverage=0.5220  prec@K=0.0102  accepted=57  auc=0.8596  uauc=0.6062  loss=nan  (0.7s)
Round   12/30  coverage=0.5239  prec@K=0.0120  accepted=67  auc=0.8990  uauc=0.6876  loss=nan  (0.5s)
Round   13/30  coverage=0.5258  prec@K=0.0126  accepted=71  auc=0.8606  uauc=0.5785  loss=nan  (0.6s)
Round   14/30  coverage=0.5274  prec@K=0.0100  accepted=56  auc=0.8743  uauc=0.5973  loss=nan  (0.6s)
Round   15/30  coverage=0.5288  prec@K=0.0088  accepted=49  auc=0.8992  uauc=0.6745  loss=nan  (0.6s)
Round   16/30  coverage=0.5304  prec@K=0.0101  accepted=56  auc=0.8971  uauc=0.6302  loss=nan  (0.6s)
Round   17/30  coverage=0.5317  prec@K=0.0082  accepted=46  auc=0.8712  uauc=0.6009  loss=nan  (0.6s)
Round   18/30  coverage=0.5337  prec@K=0.0127  accepted=71  auc=0.8817  uauc=0.6424  loss=nan  (0.6s)
Round   19/30  coverage=0.5354  prec@K=0.0110  accepted=61  auc=0.8754  uauc=0.6775  loss=nan  (0.6s)
Round   20/30  coverage=0.5369  prec@K=0.0099  accepted=55  auc=0.8961  uauc=0.5488  loss=nan  (0.6s)
Round   21/30  coverage=0.5384  prec@K=0.0090  accepted=51  auc=0.8740  uauc=0.6335  loss=nan  (1.0s)
Round   22/30  coverage=0.5397  prec@K=0.0084  accepted=47  auc=0.9250  uauc=0.6606  loss=nan  (0.7s)
Round   23/30  coverage=0.5412  prec@K=0.0096  accepted=53  auc=0.9326  uauc=0.6713  loss=nan  (0.7s)
Round   24/30  coverage=0.5427  prec@K=0.0094  accepted=53  auc=0.9271  uauc=0.6441  loss=nan  (0.8s)
Round   25/30  coverage=0.5441  prec@K=0.0090  accepted=50  auc=0.9255  uauc=0.5724  loss=nan  (0.7s)
Round   26/30  coverage=0.5453  prec@K=0.0077  accepted=43  auc=0.8623  uauc=0.6188  loss=nan  (0.8s)
Round   27/30  coverage=0.5471  prec@K=0.0115  accepted=65  auc=0.8611  uauc=0.6370  loss=nan  (0.8s)
Round   28/30  coverage=0.5488  prec@K=0.0107  accepted=60  auc=0.8606  uauc=0.6845  loss=nan  (0.8s)
Round   29/30  coverage=0.5503  prec@K=0.0095  accepted=53  auc=0.8822  uauc=0.6821  loss=nan  (0.8s)
Round   30/30  coverage=0.5517  prec@K=0.0088  accepted=50  auc=0.8986  uauc=0.6272  loss=nan  (0.8s)

结果已写入 results\orchestrator\runs\ir50_constlr5e5_multiseed_bidir\bitcoin_otc\aa_s42/rounds.csv
