=== bitcoin_otc_seal_s0  started 2026-05-08T21:15:20 ===

C:\conda\envs\gnn\lib\site-packages\requests\__init__.py:86: RequestsDependencyWarning: Unable to find acceptable character detection dependency (chardet or charset_normalizer).
  warnings.warn(
C:\conda\envs\gnn\lib\site-packages\outdated\__init__.py:36: UserWarning: pkg_resources is deprecated as an API. See https://setuptools.pypa.io/en/latest/pkg_resources.html. The pkg_resources package is slated for removal as early as 2025-11-30. Refrain from using this package or pin to Setuptools<81.
  from pkg_resources import parse_version
Round    1/30  coverage=0.5017  prec@K=0.0107  accepted=60  auc=0.7709  uauc=0.6315  loss=0.6421  (6.9s)
Round    2/30  coverage=0.5033  prec@K=0.0103  accepted=57  auc=0.7675  uauc=0.6946  loss=0.6416  (6.1s)
Round    3/30  coverage=0.5048  prec@K=0.0094  accepted=53  auc=0.8209  uauc=0.5526  loss=0.6413  (6.6s)
Round    4/30  coverage=0.5059  prec@K=0.0074  accepted=41  auc=0.7836  uauc=0.6602  loss=0.6407  (6.0s)
Round    5/30  coverage=0.5073  prec@K=0.0085  accepted=48  auc=0.7946  uauc=0.6829  loss=0.6402  (6.0s)
Round    6/30  coverage=0.5085  prec@K=0.0079  accepted=44  auc=0.7981  uauc=0.6153  loss=0.6400  (6.0s)
Round    7/30  coverage=0.5094  prec@K=0.0056  accepted=31  auc=0.8460  uauc=0.6066  loss=0.6391  (6.0s)
Round    8/30  coverage=0.5103  prec@K=0.0059  accepted=33  auc=0.7533  uauc=0.6764  loss=0.6389  (6.1s)
Round    9/30  coverage=0.5115  prec@K=0.0078  accepted=44  auc=0.8012  uauc=0.6194  loss=0.6389  (6.3s)
Round   10/30  coverage=0.5125  prec@K=0.0060  accepted=34  auc=0.8547  uauc=0.5985  loss=0.6383  (6.4s)
Round   11/30  coverage=0.5135  prec@K=0.0061  accepted=34  auc=0.7172  uauc=0.6234  loss=0.6379  (6.5s)
Round   12/30  coverage=0.5144  prec@K=0.0063  accepted=35  auc=0.7858  uauc=0.6403  loss=0.6379  (6.6s)
Round   13/30  coverage=0.5153  prec@K=0.0052  accepted=29  auc=0.7899  uauc=0.6188  loss=0.6373  (6.4s)
Round   14/30  coverage=0.5162  prec@K=0.0056  accepted=32  auc=0.7918  uauc=0.6215  loss=0.6367  (6.5s)
Round   15/30  coverage=0.5168  prec@K=0.0043  accepted=24  auc=0.8520  uauc=0.7024  loss=0.6362  (6.1s)
Round   16/30  coverage=0.5178  prec@K=0.0061  accepted=34  auc=0.7162  uauc=0.6440  loss=0.6363  (6.4s)
Round   17/30  coverage=0.5186  prec@K=0.0053  accepted=30  auc=0.7717  uauc=0.6251  loss=0.6359  (6.8s)
Round   18/30  coverage=0.5194  prec@K=0.0046  accepted=26  auc=0.8020  uauc=0.6301  loss=0.6353  (6.5s)
Round   19/30  coverage=0.5200  prec@K=0.0039  accepted=22  auc=0.7236  uauc=0.6554  loss=0.6349  (6.6s)
Round   20/30  coverage=0.5206  prec@K=0.0038  accepted=21  auc=0.6779  uauc=0.6483  loss=0.6345  (6.4s)
Round   21/30  coverage=0.5213  prec@K=0.0047  accepted=26  auc=0.6892  uauc=0.6951  loss=0.6342  (6.8s)
Round   22/30  coverage=0.5219  prec@K=0.0038  accepted=21  auc=0.6822  uauc=0.5702  loss=0.6339  (6.4s)
Round   23/30  coverage=0.5225  prec@K=0.0037  accepted=21  auc=0.6213  uauc=0.5535  loss=0.6335  (7.1s)
Round   24/30  coverage=0.5231  prec@K=0.0038  accepted=21  auc=0.8210  uauc=0.7595  loss=0.6332  (6.5s)
Round   25/30  coverage=0.5235  prec@K=0.0029  accepted=16  auc=0.6255  uauc=0.5748  loss=0.6326  (6.7s)
Round   26/30  coverage=0.5239  prec@K=0.0027  accepted=15  auc=0.5976  uauc=0.5218  loss=0.6324  (6.8s)
Round   27/30  coverage=0.5241  prec@K=0.0013  accepted=7  auc=0.2384  uauc=0.6296  loss=0.6319  (6.6s)
Round   28/30  coverage=0.5245  prec@K=0.0022  accepted=12  auc=0.5046  uauc=0.6701  loss=0.6313  (6.9s)
Round   29/30  coverage=0.5249  prec@K=0.0027  accepted=15  auc=0.4657  uauc=0.5833  loss=0.6313  (6.5s)
Round   30/30  coverage=0.5253  prec@K=0.0025  accepted=14  auc=0.4063  uauc=0.6296  loss=0.6311  (6.8s)

结果已写入 results\orchestrator\runs\ir50_constlr5e5_multiseed_bidir\bitcoin_otc\seal_s0/rounds.csv
