=== bitcoin_otc_gnn_s3  started 2026-05-08T21:00:09 ===

C:\conda\envs\gnn\lib\site-packages\requests\__init__.py:86: RequestsDependencyWarning: Unable to find acceptable character detection dependency (chardet or charset_normalizer).
  warnings.warn(
C:\conda\envs\gnn\lib\site-packages\outdated\__init__.py:36: UserWarning: pkg_resources is deprecated as an API. See https://setuptools.pypa.io/en/latest/pkg_resources.html. The pkg_resources package is slated for removal as early as 2025-11-30. Refrain from using this package or pin to Setuptools<81.
  from pkg_resources import parse_version
Round    1/30  coverage=0.5010  prec@K=0.0061  accepted=34  auc=0.7746  uauc=0.5574  loss=0.6053  (7.2s)
Round    2/30  coverage=0.5022  prec@K=0.0077  accepted=43  auc=0.7576  uauc=0.6218  loss=0.6060  (6.3s)
Round    3/30  coverage=0.5033  prec@K=0.0070  accepted=39  auc=0.6896  uauc=0.5816  loss=0.6051  (6.0s)
Round    4/30  coverage=0.5042  prec@K=0.0057  accepted=32  auc=0.7534  uauc=0.6157  loss=0.6051  (6.3s)
Round    5/30  coverage=0.5052  prec@K=0.0068  accepted=38  auc=0.8165  uauc=0.6212  loss=0.6045  (5.9s)
Round    6/30  coverage=0.5057  prec@K=0.0032  accepted=18  auc=0.7371  uauc=0.7253  loss=0.6040  (5.9s)
Round    7/30  coverage=0.5066  prec@K=0.0057  accepted=32  auc=0.7518  uauc=0.6753  loss=0.6040  (6.0s)
Round    8/30  coverage=0.5074  prec@K=0.0049  accepted=27  auc=0.7419  uauc=0.5570  loss=0.6032  (5.7s)
Round    9/30  coverage=0.5083  prec@K=0.0059  accepted=33  auc=0.7181  uauc=0.5201  loss=0.6039  (6.1s)
Round   10/30  coverage=0.5091  prec@K=0.0048  accepted=27  auc=0.7601  uauc=0.6799  loss=0.6032  (6.3s)
Round   11/30  coverage=0.5098  prec@K=0.0046  accepted=26  auc=0.8016  uauc=0.6654  loss=0.6029  (6.2s)
Round   12/30  coverage=0.5108  prec@K=0.0062  accepted=34  auc=0.8129  uauc=0.5953  loss=0.6026  (5.8s)
Round   13/30  coverage=0.5114  prec@K=0.0043  accepted=24  auc=0.7368  uauc=0.4422  loss=0.6025  (6.1s)
Round   14/30  coverage=0.5124  prec@K=0.0063  accepted=35  auc=0.7694  uauc=0.6326  loss=0.6023  (6.3s)
Round   15/30  coverage=0.5130  prec@K=0.0040  accepted=22  auc=0.7768  uauc=0.5832  loss=0.6014  (5.8s)
Round   16/30  coverage=0.5139  prec@K=0.0054  accepted=30  auc=0.7622  uauc=0.5171  loss=0.6021  (6.6s)
Round   17/30  coverage=0.5146  prec@K=0.0043  accepted=24  auc=0.7732  uauc=0.5217  loss=0.6014  (6.6s)
Round   18/30  coverage=0.5152  prec@K=0.0041  accepted=23  auc=0.7706  uauc=0.6750  loss=0.6014  (6.1s)
Round   19/30  coverage=0.5156  prec@K=0.0027  accepted=15  auc=0.7396  uauc=0.6458  loss=0.6010  (6.9s)
Round   20/30  coverage=0.5163  prec@K=0.0044  accepted=24  auc=0.8262  uauc=0.6683  loss=0.6008  (6.5s)
Round   21/30  coverage=0.5169  prec@K=0.0039  accepted=22  auc=0.7896  uauc=0.6242  loss=0.6010  (6.9s)
Round   22/30  coverage=0.5176  prec@K=0.0041  accepted=23  auc=0.7397  uauc=0.6635  loss=0.6008  (6.8s)
Round   23/30  coverage=0.5183  prec@K=0.0050  accepted=28  auc=0.8479  uauc=0.6293  loss=0.6008  (6.9s)
Round   24/30  coverage=0.5189  prec@K=0.0035  accepted=19  auc=0.7744  uauc=0.6355  loss=0.5997  (6.8s)
Round   25/30  coverage=0.5194  prec@K=0.0036  accepted=20  auc=0.8229  uauc=0.5450  loss=0.6000  (6.9s)
Round   26/30  coverage=0.5200  prec@K=0.0034  accepted=19  auc=0.8807  uauc=0.4285  loss=0.5992  (6.7s)
Round   27/30  coverage=0.5204  prec@K=0.0027  accepted=15  auc=0.7816  uauc=0.6777  loss=0.5992  (6.9s)
Round   28/30  coverage=0.5208  prec@K=0.0023  accepted=13  auc=0.7586  uauc=0.5983  loss=0.5996  (7.0s)
Round   29/30  coverage=0.5211  prec@K=0.0021  accepted=12  auc=0.8769  uauc=0.7027  loss=0.5983  (6.1s)
Round   30/30  coverage=0.5214  prec@K=0.0019  accepted=11  auc=0.7988  uauc=0.6364  loss=0.5982  (6.7s)

结果已写入 results\orchestrator\runs\ir50_constlr5e5_multiseed_bidir\bitcoin_otc\gnn_s3/rounds.csv
