=== bitcoin_alpha_cn_s1  started 2026-05-08T20:20:37 ===

C:\conda\envs\gnn\lib\site-packages\requests\__init__.py:86: RequestsDependencyWarning: Unable to find acceptable character detection dependency (chardet or charset_normalizer).
  warnings.warn(
C:\conda\envs\gnn\lib\site-packages\outdated\__init__.py:36: UserWarning: pkg_resources is deprecated as an API. See https://setuptools.pypa.io/en/latest/pkg_resources.html. The pkg_resources package is slated for removal as early as 2025-11-30. Refrain from using this package or pin to Setuptools<81.
  from pkg_resources import parse_version
Round    1/30  coverage=0.5027  prec@K=0.0183  accepted=66  auc=0.8766  uauc=0.7060  loss=nan  (0.2s)
Round    2/30  coverage=0.5057  prec@K=0.0200  accepted=72  auc=0.8558  uauc=0.5765  loss=nan  (0.1s)
Round    3/30  coverage=0.5083  prec@K=0.0171  accepted=62  auc=0.8742  uauc=0.6353  loss=nan  (0.1s)
Round    4/30  coverage=0.5107  prec@K=0.0162  accepted=58  auc=0.9021  uauc=0.6935  loss=nan  (0.1s)
Round    5/30  coverage=0.5136  prec@K=0.0197  accepted=71  auc=0.8505  uauc=0.6564  loss=nan  (0.1s)
Round    6/30  coverage=0.5167  prec@K=0.0215  accepted=76  auc=0.8556  uauc=0.5958  loss=nan  (0.2s)
Round    7/30  coverage=0.5194  prec@K=0.0178  accepted=64  auc=0.9138  uauc=0.6319  loss=nan  (0.2s)
Round    8/30  coverage=0.5225  prec@K=0.0211  accepted=76  auc=0.8994  uauc=0.6163  loss=nan  (0.2s)
Round    9/30  coverage=0.5250  prec@K=0.0166  accepted=59  auc=0.8953  uauc=0.6024  loss=nan  (0.2s)
Round   10/30  coverage=0.5267  prec@K=0.0117  accepted=42  auc=0.8623  uauc=0.5747  loss=nan  (0.1s)
Round   11/30  coverage=0.5295  prec@K=0.0184  accepted=67  auc=0.9308  uauc=0.6493  loss=nan  (0.3s)
Round   12/30  coverage=0.5313  prec@K=0.0122  accepted=44  auc=0.9062  uauc=0.6180  loss=nan  (0.2s)
Round   13/30  coverage=0.5330  prec@K=0.0117  accepted=41  auc=0.8941  uauc=0.6514  loss=nan  (0.2s)
Round   14/30  coverage=0.5351  prec@K=0.0139  accepted=50  auc=0.8890  uauc=0.5746  loss=nan  (0.2s)
Round   15/30  coverage=0.5368  prec@K=0.0117  accepted=42  auc=0.9160  uauc=0.5689  loss=nan  (0.2s)
Round   16/30  coverage=0.5389  prec@K=0.0146  accepted=52  auc=0.9110  uauc=0.6936  loss=nan  (0.2s)
Round   17/30  coverage=0.5408  prec@K=0.0124  accepted=45  auc=0.9055  uauc=0.6117  loss=nan  (0.2s)
Round   18/30  coverage=0.5427  prec@K=0.0125  accepted=45  auc=0.8846  uauc=0.5928  loss=nan  (0.2s)
Round   19/30  coverage=0.5442  prec@K=0.0100  accepted=36  auc=0.8475  uauc=0.6060  loss=nan  (0.2s)
Round   20/30  coverage=0.5463  prec@K=0.0150  accepted=53  auc=0.8894  uauc=0.6001  loss=nan  (0.2s)
Round   21/30  coverage=0.5485  prec@K=0.0143  accepted=51  auc=0.9009  uauc=0.5986  loss=nan  (0.5s)
Round   22/30  coverage=0.5501  prec@K=0.0111  accepted=40  auc=0.8806  uauc=0.5849  loss=nan  (0.2s)
Round   23/30  coverage=0.5512  prec@K=0.0076  accepted=27  auc=0.9084  uauc=0.6332  loss=nan  (0.2s)
Round   24/30  coverage=0.5531  prec@K=0.0125  accepted=45  auc=0.9108  uauc=0.6379  loss=nan  (0.2s)
Round   25/30  coverage=0.5546  prec@K=0.0100  accepted=36  auc=0.9236  uauc=0.6075  loss=nan  (0.2s)
Round   26/30  coverage=0.5566  prec@K=0.0134  accepted=49  auc=0.9184  uauc=0.6199  loss=nan  (0.3s)
Round   27/30  coverage=0.5577  prec@K=0.0073  accepted=26  auc=0.8654  uauc=0.5911  loss=nan  (0.2s)
Round   28/30  coverage=0.5590  prec@K=0.0093  accepted=33  auc=0.8630  uauc=0.5871  loss=nan  (0.2s)
Round   29/30  coverage=0.5607  prec@K=0.0111  accepted=40  auc=0.9244  uauc=0.6287  loss=nan  (0.3s)
Round   30/30  coverage=0.5622  prec@K=0.0100  accepted=36  auc=0.9194  uauc=0.6808  loss=nan  (0.2s)

结果已写入 results\orchestrator\runs\ir50_constlr5e5_multiseed_bidir\bitcoin_alpha\cn_s1/rounds.csv
