=== college_msg_jaccard_s2  started 2026-05-08T20:19:49 ===

C:\conda\envs\gnn\lib\site-packages\requests\__init__.py:86: RequestsDependencyWarning: Unable to find acceptable character detection dependency (chardet or charset_normalizer).
  warnings.warn(
C:\conda\envs\gnn\lib\site-packages\outdated\__init__.py:36: UserWarning: pkg_resources is deprecated as an API. See https://setuptools.pypa.io/en/latest/pkg_resources.html. The pkg_resources package is slated for removal as early as 2025-11-30. Refrain from using this package or pin to Setuptools<81.
  from pkg_resources import parse_version
Round    1/30  coverage=0.5008  prec@K=0.0087  accepted=16  auc=0.4459  uauc=0.7284  loss=nan  (0.2s)
Round    2/30  coverage=0.5014  prec@K=0.0064  accepted=12  auc=0.4041  uauc=0.6008  loss=nan  (0.1s)
Round    3/30  coverage=0.5021  prec@K=0.0075  accepted=14  auc=0.3589  uauc=0.6032  loss=nan  (0.1s)
Round    4/30  coverage=0.5029  prec@K=0.0085  accepted=16  auc=0.4145  uauc=0.7234  loss=nan  (0.1s)
Round    5/30  coverage=0.5038  prec@K=0.0101  accepted=19  auc=0.4013  uauc=0.6151  loss=nan  (0.1s)
Round    6/30  coverage=0.5043  prec@K=0.0059  accepted=11  auc=0.5088  uauc=0.7469  loss=nan  (0.1s)
Round    7/30  coverage=0.5050  prec@K=0.0075  accepted=14  auc=0.5062  uauc=0.6310  loss=nan  (0.1s)
Round    8/30  coverage=0.5060  prec@K=0.0108  accepted=20  auc=0.3481  uauc=0.6612  loss=nan  (0.1s)
Round    9/30  coverage=0.5065  prec@K=0.0054  accepted=10  auc=0.3667  uauc=0.5367  loss=nan  (0.1s)
Round   10/30  coverage=0.5072  prec@K=0.0082  accepted=15  auc=0.3862  uauc=0.6667  loss=nan  (0.1s)
Round   11/30  coverage=0.5082  prec@K=0.0103  accepted=19  auc=0.3302  uauc=0.4824  loss=nan  (0.2s)
Round   12/30  coverage=0.5085  prec@K=0.0038  accepted=7  auc=0.2960  uauc=0.3095  loss=nan  (0.1s)
Round   13/30  coverage=0.5092  prec@K=0.0070  accepted=13  auc=0.3806  uauc=0.6004  loss=nan  (0.1s)
Round   14/30  coverage=0.5099  prec@K=0.0075  accepted=14  auc=0.3470  uauc=0.5152  loss=nan  (0.1s)
Round   15/30  coverage=0.5105  prec@K=0.0074  accepted=14  auc=0.3822  uauc=0.6175  loss=nan  (0.1s)
Round   16/30  coverage=0.5111  prec@K=0.0058  accepted=11  auc=0.3158  uauc=0.6142  loss=nan  (0.1s)
Round   17/30  coverage=0.5117  prec@K=0.0064  accepted=12  auc=0.4225  uauc=0.5644  loss=nan  (0.1s)
Round   18/30  coverage=0.5121  prec@K=0.0043  accepted=8  auc=0.3724  uauc=0.5883  loss=nan  (0.1s)
Round   19/30  coverage=0.5125  prec@K=0.0049  accepted=9  auc=0.4074  uauc=0.5920  loss=nan  (0.1s)
Round   20/30  coverage=0.5131  prec@K=0.0064  accepted=12  auc=0.2973  uauc=0.5236  loss=nan  (0.1s)
Round   21/30  coverage=0.5134  prec@K=0.0027  accepted=5  auc=0.4139  uauc=0.6556  loss=nan  (0.2s)
Round   22/30  coverage=0.5138  prec@K=0.0054  accepted=10  auc=0.3046  uauc=0.4761  loss=nan  (0.1s)
Round   23/30  coverage=0.5144  prec@K=0.0064  accepted=12  auc=0.3811  uauc=0.4586  loss=nan  (0.1s)
Round   24/30  coverage=0.5148  prec@K=0.0038  accepted=7  auc=0.3650  uauc=0.5000  loss=nan  (0.1s)
Round   25/30  coverage=0.5155  prec@K=0.0080  accepted=15  auc=0.3692  uauc=0.5578  loss=nan  (0.1s)
Round   26/30  coverage=0.5159  prec@K=0.0037  accepted=7  auc=0.3877  uauc=0.6720  loss=nan  (0.1s)
Round   27/30  coverage=0.5164  prec@K=0.0059  accepted=11  auc=0.2906  uauc=0.3924  loss=nan  (0.1s)
Round   28/30  coverage=0.5168  prec@K=0.0038  accepted=7  auc=0.3500  uauc=0.5397  loss=nan  (0.1s)
Round   29/30  coverage=0.5171  prec@K=0.0043  accepted=8  auc=0.4216  uauc=0.5683  loss=nan  (0.1s)
Round   30/30  coverage=0.5174  prec@K=0.0027  accepted=5  auc=0.3770  uauc=0.4778  loss=nan  (0.1s)

结果已写入 results\orchestrator\runs\ir50_constlr5e5_multiseed_bidir\college_msg\jaccard_s2/rounds.csv
