=== college_msg_gnn_concat_s2  started 2026-05-08T20:13:48 ===

C:\conda\envs\gnn\lib\site-packages\requests\__init__.py:86: RequestsDependencyWarning: Unable to find acceptable character detection dependency (chardet or charset_normalizer).
  warnings.warn(
C:\conda\envs\gnn\lib\site-packages\outdated\__init__.py:36: UserWarning: pkg_resources is deprecated as an API. See https://setuptools.pypa.io/en/latest/pkg_resources.html. The pkg_resources package is slated for removal as early as 2025-11-30. Refrain from using this package or pin to Setuptools<81.
  from pkg_resources import parse_version
Round    1/30  coverage=0.5008  prec@K=0.0087  accepted=16  auc=0.3909  uauc=0.4736  loss=0.6582  (3.7s)
Round    2/30  coverage=0.5014  prec@K=0.0064  accepted=12  auc=0.4652  uauc=0.5867  loss=0.6557  (2.7s)
Round    3/30  coverage=0.5022  prec@K=0.0091  accepted=17  auc=0.3377  uauc=0.5764  loss=0.6528  (2.9s)
Round    4/30  coverage=0.5030  prec@K=0.0085  accepted=16  auc=0.3326  uauc=0.5625  loss=0.6500  (3.2s)
Round    5/30  coverage=0.5035  prec@K=0.0059  accepted=11  auc=0.1427  uauc=0.4400  loss=0.6477  (3.0s)
Round    6/30  coverage=0.5041  prec@K=0.0065  accepted=12  auc=0.2590  uauc=0.5562  loss=0.6461  (2.9s)
Round    7/30  coverage=0.5047  prec@K=0.0059  accepted=11  auc=0.1489  uauc=0.6556  loss=0.6443  (2.8s)
Round    8/30  coverage=0.5054  prec@K=0.0076  accepted=14  auc=0.2055  uauc=0.4322  loss=0.6421  (3.0s)
Round    9/30  coverage=0.5058  prec@K=0.0048  accepted=9  auc=0.2757  uauc=0.6296  loss=0.6393  (3.0s)
Round   10/30  coverage=0.5060  prec@K=0.0022  accepted=4  auc=0.2565  uauc=0.4861  loss=0.6369  (3.0s)
Round   11/30  coverage=0.5065  prec@K=0.0049  accepted=9  auc=0.1815  uauc=0.7166  loss=0.6352  (3.2s)
Round   12/30  coverage=0.5066  prec@K=0.0016  accepted=3  auc=0.1895  uauc=0.4815  loss=0.6339  (2.7s)
Round   13/30  coverage=0.5071  prec@K=0.0054  accepted=10  auc=0.1590  uauc=0.4278  loss=0.6312  (2.9s)
Round   14/30  coverage=0.5073  prec@K=0.0027  accepted=5  auc=0.1169  uauc=0.3333  loss=0.6290  (2.9s)
Round   15/30  coverage=0.5074  prec@K=0.0011  accepted=2  auc=0.1463  uauc=0.6111  loss=0.6262  (2.9s)
Round   16/30  coverage=0.5079  prec@K=0.0048  accepted=9  auc=0.2349  uauc=0.4938  loss=0.6266  (2.8s)
Round   17/30  coverage=0.5081  prec@K=0.0027  accepted=5  auc=0.2358  uauc=0.4111  loss=0.6241  (2.9s)
Round   18/30  coverage=0.5086  prec@K=0.0054  accepted=10  auc=0.2019  uauc=0.4414  loss=0.6227  (2.8s)
Round   19/30  coverage=0.5090  prec@K=0.0038  accepted=7  auc=0.3141  uauc=0.5544  loss=0.6195  (3.0s)
Round   20/30  coverage=0.5092  prec@K=0.0021  accepted=4  auc=0.0751  uauc=0.3056  loss=0.6184  (2.9s)
Round   21/30  coverage=0.5094  prec@K=0.0027  accepted=5  auc=0.2194  uauc=0.5111  loss=0.6176  (2.8s)
Round   22/30  coverage=0.5096  prec@K=0.0022  accepted=4  auc=0.0356  uauc=0.6111  loss=0.6156  (2.8s)
Round   23/30  coverage=0.5098  prec@K=0.0016  accepted=3  auc=0.1225  uauc=0.5741  loss=0.6131  (2.7s)
Round   24/30  coverage=0.5100  prec@K=0.0021  accepted=4  auc=0.0726  uauc=0.7361  loss=0.6126  (2.6s)
Round   25/30  coverage=0.5102  prec@K=0.0027  accepted=5  auc=0.2228  uauc=0.6771  loss=0.6099  (3.1s)
Round   26/30  coverage=0.5104  prec@K=0.0021  accepted=4  auc=0.3958  uauc=0.5556  loss=0.6100  (2.7s)
Round   27/30  coverage=0.5106  prec@K=0.0022  accepted=4  auc=0.1238  uauc=0.6111  loss=0.6069  (2.7s)
Round   28/30  coverage=0.5109  prec@K=0.0032  accepted=6  auc=0.2045  uauc=0.4815  loss=0.6062  (2.9s)
Round   29/30  coverage=0.5112  prec@K=0.0038  accepted=7  auc=0.1279  uauc=0.4921  loss=0.6052  (2.9s)
Round   30/30  coverage=0.5114  prec@K=0.0016  accepted=3  auc=0.1994  uauc=0.6111  loss=0.6035  (2.7s)

结果已写入 results\orchestrator\runs\ir50_constlr5e5_multiseed_bidir\college_msg\gnn_concat_s2/rounds.csv
