=== college_msg_gnn_sum_s1  started 2026-05-08T20:16:47 ===

C:\conda\envs\gnn\lib\site-packages\requests\__init__.py:86: RequestsDependencyWarning: Unable to find acceptable character detection dependency (chardet or charset_normalizer).
  warnings.warn(
C:\conda\envs\gnn\lib\site-packages\outdated\__init__.py:36: UserWarning: pkg_resources is deprecated as an API. See https://setuptools.pypa.io/en/latest/pkg_resources.html. The pkg_resources package is slated for removal as early as 2025-11-30. Refrain from using this package or pin to Setuptools<81.
  from pkg_resources import parse_version
Round    1/30  coverage=0.5010  prec@K=0.0107  accepted=20  auc=0.3272  uauc=0.8662  loss=0.7174  (3.7s)
Round    2/30  coverage=0.5021  prec@K=0.0123  accepted=23  auc=0.2413  uauc=0.6073  loss=0.7133  (3.2s)
Round    3/30  coverage=0.5030  prec@K=0.0098  accepted=18  auc=0.2971  uauc=0.8098  loss=0.7105  (2.8s)
Round    4/30  coverage=0.5038  prec@K=0.0092  accepted=17  auc=0.2939  uauc=0.7669  loss=0.7086  (2.7s)
Round    5/30  coverage=0.5047  prec@K=0.0096  accepted=18  auc=0.2673  uauc=0.6354  loss=0.7065  (2.7s)
Round    6/30  coverage=0.5055  prec@K=0.0086  accepted=16  auc=0.2966  uauc=0.8990  loss=0.7026  (2.9s)
Round    7/30  coverage=0.5062  prec@K=0.0071  accepted=13  auc=0.3387  uauc=0.8124  loss=0.7010  (2.8s)
Round    8/30  coverage=0.5073  prec@K=0.0130  accepted=24  auc=0.2237  uauc=0.7224  loss=0.6989  (2.8s)
Round    9/30  coverage=0.5082  prec@K=0.0099  accepted=18  auc=0.2788  uauc=0.6094  loss=0.6948  (3.1s)
Round   10/30  coverage=0.5092  prec@K=0.0108  accepted=20  auc=0.1990  uauc=0.6398  loss=0.6925  (2.8s)
Round   11/30  coverage=0.5102  prec@K=0.0115  accepted=21  auc=0.2593  uauc=0.8439  loss=0.6896  (3.0s)
Round   12/30  coverage=0.5113  prec@K=0.0115  accepted=21  auc=0.2250  uauc=0.7276  loss=0.6880  (2.9s)
Round   13/30  coverage=0.5121  prec@K=0.0091  accepted=17  auc=0.2935  uauc=0.7963  loss=0.6845  (2.9s)
Round   14/30  coverage=0.5126  prec@K=0.0053  accepted=10  auc=0.1962  uauc=0.8568  loss=0.6826  (2.9s)
Round   15/30  coverage=0.5136  prec@K=0.0114  accepted=21  auc=0.2529  uauc=0.7738  loss=0.6790  (2.9s)
Round   16/30  coverage=0.5144  prec@K=0.0081  accepted=15  auc=0.2191  uauc=0.8040  loss=0.6783  (2.8s)
Round   17/30  coverage=0.5151  prec@K=0.0081  accepted=15  auc=0.2943  uauc=0.7748  loss=0.6732  (2.8s)
Round   18/30  coverage=0.5158  prec@K=0.0075  accepted=14  auc=0.2783  uauc=0.7419  loss=0.6723  (2.8s)
Round   19/30  coverage=0.5169  prec@K=0.0113  accepted=21  auc=0.2412  uauc=0.6493  loss=0.6695  (3.0s)
Round   20/30  coverage=0.5174  prec@K=0.0064  accepted=12  auc=0.2019  uauc=0.7556  loss=0.6648  (3.2s)
Round   21/30  coverage=0.5180  prec@K=0.0060  accepted=11  auc=0.2455  uauc=0.6102  loss=0.6633  (3.1s)
Round   22/30  coverage=0.5188  prec@K=0.0092  accepted=17  auc=0.3289  uauc=0.6763  loss=0.6574  (3.3s)
Round   23/30  coverage=0.5195  prec@K=0.0070  accepted=13  auc=0.2237  uauc=0.7576  loss=0.6578  (3.0s)
Round   24/30  coverage=0.5201  prec@K=0.0070  accepted=13  auc=0.2942  uauc=0.7604  loss=0.6574  (3.1s)
Round   25/30  coverage=0.5207  prec@K=0.0064  accepted=12  auc=0.2176  uauc=0.7531  loss=0.6546  (3.0s)
Round   26/30  coverage=0.5210  prec@K=0.0032  accepted=6  auc=0.2098  uauc=0.7806  loss=0.6486  (2.9s)
Round   27/30  coverage=0.5219  prec@K=0.0103  accepted=19  auc=0.3001  uauc=0.8116  loss=0.6486  (3.1s)
Round   28/30  coverage=0.5225  prec@K=0.0065  accepted=12  auc=0.2909  uauc=0.6605  loss=0.6444  (2.8s)
Round   29/30  coverage=0.5230  prec@K=0.0049  accepted=9  auc=0.2635  uauc=0.7986  loss=0.6418  (2.9s)
Round   30/30  coverage=0.5239  prec@K=0.0103  accepted=19  auc=0.2728  uauc=0.6890  loss=0.6413  (3.1s)

结果已写入 results\orchestrator\runs\ir50_constlr5e5_multiseed_bidir\college_msg\gnn_sum_s1/rounds.csv
