=== college_msg_pa_s1  started 2026-05-08T20:20:00 ===

C:\conda\envs\gnn\lib\site-packages\requests\__init__.py:86: RequestsDependencyWarning: Unable to find acceptable character detection dependency (chardet or charset_normalizer).
  warnings.warn(
C:\conda\envs\gnn\lib\site-packages\outdated\__init__.py:36: UserWarning: pkg_resources is deprecated as an API. See https://setuptools.pypa.io/en/latest/pkg_resources.html. The pkg_resources package is slated for removal as early as 2025-11-30. Refrain from using this package or pin to Setuptools<81.
  from pkg_resources import parse_version
Round    1/30  coverage=0.5013  prec@K=0.0145  accepted=27  auc=0.7923  uauc=0.5277  loss=nan  (0.2s)
Round    2/30  coverage=0.5038  prec@K=0.0273  accepted=51  auc=0.8407  uauc=0.5389  loss=nan  (0.1s)
Round    3/30  coverage=0.5047  prec@K=0.0092  accepted=17  auc=0.8080  uauc=0.5273  loss=nan  (0.1s)
Round    4/30  coverage=0.5059  prec@K=0.0136  accepted=25  auc=0.7962  uauc=0.6001  loss=nan  (0.1s)
Round    5/30  coverage=0.5076  prec@K=0.0181  accepted=34  auc=0.8801  uauc=0.5726  loss=nan  (0.1s)
Round    6/30  coverage=0.5091  prec@K=0.0162  accepted=30  auc=0.8186  uauc=0.5501  loss=nan  (0.1s)
Round    7/30  coverage=0.5109  prec@K=0.0207  accepted=38  auc=0.8475  uauc=0.5245  loss=nan  (0.1s)
Round    8/30  coverage=0.5125  prec@K=0.0174  accepted=32  auc=0.8703  uauc=0.5879  loss=nan  (0.1s)
Round    9/30  coverage=0.5137  prec@K=0.0137  accepted=25  auc=0.8094  uauc=0.4936  loss=nan  (0.1s)
Round   10/30  coverage=0.5147  prec@K=0.0108  accepted=20  auc=0.8441  uauc=0.6070  loss=nan  (0.1s)
Round   11/30  coverage=0.5160  prec@K=0.0137  accepted=25  auc=0.8300  uauc=0.4846  loss=nan  (0.2s)
Round   12/30  coverage=0.5173  prec@K=0.0147  accepted=27  auc=0.8093  uauc=0.4239  loss=nan  (0.1s)
Round   13/30  coverage=0.5185  prec@K=0.0134  accepted=25  auc=0.8097  uauc=0.4819  loss=nan  (0.1s)
Round   14/30  coverage=0.5197  prec@K=0.0128  accepted=24  auc=0.8850  uauc=0.5946  loss=nan  (0.1s)
Round   15/30  coverage=0.5205  prec@K=0.0086  accepted=16  auc=0.8206  uauc=0.6266  loss=nan  (0.1s)
Round   16/30  coverage=0.5220  prec@K=0.0163  accepted=30  auc=0.8493  uauc=0.5081  loss=nan  (0.1s)
Round   17/30  coverage=0.5236  prec@K=0.0173  accepted=32  auc=0.7813  uauc=0.6491  loss=nan  (0.1s)
Round   18/30  coverage=0.5246  prec@K=0.0113  accepted=21  auc=0.8889  uauc=0.5980  loss=nan  (0.1s)
Round   19/30  coverage=0.5256  prec@K=0.0108  accepted=20  auc=0.8487  uauc=0.6248  loss=nan  (0.1s)
Round   20/30  coverage=0.5269  prec@K=0.0139  accepted=26  auc=0.8835  uauc=0.6182  loss=nan  (0.1s)
Round   21/30  coverage=0.5284  prec@K=0.0169  accepted=31  auc=0.8202  uauc=0.5500  loss=nan  (0.2s)
Round   22/30  coverage=0.5294  prec@K=0.0108  accepted=20  auc=0.8261  uauc=0.5588  loss=nan  (0.1s)
Round   23/30  coverage=0.5300  prec@K=0.0070  accepted=13  auc=0.9361  uauc=0.6651  loss=nan  (0.1s)
Round   24/30  coverage=0.5311  prec@K=0.0119  accepted=22  auc=0.8526  uauc=0.4772  loss=nan  (0.1s)
Round   25/30  coverage=0.5318  prec@K=0.0075  accepted=14  auc=0.8930  uauc=0.4822  loss=nan  (0.1s)
Round   26/30  coverage=0.5324  prec@K=0.0070  accepted=13  auc=0.8235  uauc=0.5208  loss=nan  (0.1s)
Round   27/30  coverage=0.5337  prec@K=0.0141  accepted=26  auc=0.8670  uauc=0.5077  loss=nan  (0.1s)
Round   28/30  coverage=0.5344  prec@K=0.0076  accepted=14  auc=0.8317  uauc=0.5230  loss=nan  (0.1s)
Round   29/30  coverage=0.5352  prec@K=0.0092  accepted=17  auc=0.8929  uauc=0.6625  loss=nan  (0.1s)
Round   30/30  coverage=0.5364  prec@K=0.0129  accepted=24  auc=0.8126  uauc=0.4691  loss=nan  (0.1s)

结果已写入 results\orchestrator\runs\ir50_constlr5e5_multiseed_bidir\college_msg\pa_s1/rounds.csv
