=== college_msg_seal_s2  started 2026-05-08T20:20:10 ===

C:\conda\envs\gnn\lib\site-packages\requests\__init__.py:86: RequestsDependencyWarning: Unable to find acceptable character detection dependency (chardet or charset_normalizer).
  warnings.warn(
C:\conda\envs\gnn\lib\site-packages\outdated\__init__.py:36: UserWarning: pkg_resources is deprecated as an API. See https://setuptools.pypa.io/en/latest/pkg_resources.html. The pkg_resources package is slated for removal as early as 2025-11-30. Refrain from using this package or pin to Setuptools<81.
  from pkg_resources import parse_version
Round    1/30  coverage=0.5016  prec@K=0.0174  accepted=32  auc=0.7538  uauc=0.5338  loss=0.6813  (3.5s)
Round    2/30  coverage=0.5026  prec@K=0.0107  accepted=20  auc=0.7340  uauc=0.7412  loss=0.6812  (2.7s)
Round    3/30  coverage=0.5039  prec@K=0.0150  accepted=28  auc=0.6361  uauc=0.7230  loss=0.6810  (2.9s)
Round    4/30  coverage=0.5051  prec@K=0.0128  accepted=24  auc=0.7637  uauc=0.7823  loss=0.6807  (3.0s)
Round    5/30  coverage=0.5068  prec@K=0.0181  accepted=34  auc=0.8347  uauc=0.7622  loss=0.6808  (2.9s)
Round    6/30  coverage=0.5076  prec@K=0.0091  accepted=17  auc=0.7286  uauc=0.6236  loss=0.6801  (2.6s)
Round    7/30  coverage=0.5086  prec@K=0.0102  accepted=19  auc=0.6669  uauc=0.8103  loss=0.6799  (2.8s)
Round    8/30  coverage=0.5098  prec@K=0.0136  accepted=25  auc=0.8205  uauc=0.6912  loss=0.6796  (2.9s)
Round    9/30  coverage=0.5109  prec@K=0.0118  accepted=22  auc=0.6267  uauc=0.7867  loss=0.6791  (2.9s)
Round   10/30  coverage=0.5118  prec@K=0.0098  accepted=18  auc=0.8178  uauc=0.8339  loss=0.6793  (2.7s)
Round   11/30  coverage=0.5126  prec@K=0.0086  accepted=16  auc=0.8831  uauc=0.8889  loss=0.6791  (3.0s)
Round   12/30  coverage=0.5129  prec@K=0.0038  accepted=7  auc=0.9108  uauc=0.7697  loss=0.6783  (2.6s)
Round   13/30  coverage=0.5133  prec@K=0.0038  accepted=7  auc=0.7110  uauc=0.8970  loss=0.6786  (3.0s)
Round   14/30  coverage=0.5140  prec@K=0.0081  accepted=15  auc=0.7613  uauc=0.7685  loss=0.6782  (2.8s)
Round   15/30  coverage=0.5149  prec@K=0.0101  accepted=19  auc=0.8047  uauc=0.6602  loss=0.6783  (2.9s)
Round   16/30  coverage=0.5159  prec@K=0.0101  accepted=19  auc=0.6155  uauc=0.6712  loss=0.6775  (2.7s)
Round   17/30  coverage=0.5169  prec@K=0.0118  accepted=22  auc=0.8491  uauc=0.5926  loss=0.6769  (2.6s)
Round   18/30  coverage=0.5177  prec@K=0.0086  accepted=16  auc=0.5763  uauc=0.6667  loss=0.6772  (2.8s)
Round   19/30  coverage=0.5182  prec@K=0.0054  accepted=10  auc=0.8114  uauc=0.5926  loss=0.6774  (3.0s)
Round   20/30  coverage=0.5194  prec@K=0.0123  accepted=23  auc=0.7368  uauc=0.7920  loss=0.6768  (2.9s)
Round   21/30  coverage=0.5203  prec@K=0.0108  accepted=20  auc=0.6221  uauc=0.6691  loss=0.6766  (2.8s)
Round   22/30  coverage=0.5214  prec@K=0.0113  accepted=21  auc=0.6448  uauc=0.7698  loss=0.6761  (2.6s)
Round   23/30  coverage=0.5223  prec@K=0.0096  accepted=18  auc=0.8465  uauc=0.6481  loss=0.6759  (2.8s)
Round   24/30  coverage=0.5232  prec@K=0.0097  accepted=18  auc=0.5300  uauc=0.8715  loss=0.6758  (2.7s)
Round   25/30  coverage=0.5245  prec@K=0.0149  accepted=28  auc=0.7392  uauc=0.6769  loss=0.6761  (3.0s)
Round   26/30  coverage=0.5253  prec@K=0.0080  accepted=15  auc=0.8797  uauc=0.7955  loss=0.6752  (2.6s)
Round   27/30  coverage=0.5264  prec@K=0.0119  accepted=22  auc=0.6358  uauc=0.6666  loss=0.6751  (2.8s)
Round   28/30  coverage=0.5271  prec@K=0.0086  accepted=16  auc=0.6745  uauc=0.8113  loss=0.6750  (2.7s)
Round   29/30  coverage=0.5279  prec@K=0.0081  accepted=15  auc=0.5380  uauc=0.6340  loss=0.6746  (2.6s)
Round   30/30  coverage=0.5291  prec@K=0.0129  accepted=24  auc=0.4714  uauc=0.7959  loss=0.6746  (2.5s)

结果已写入 results\orchestrator\runs\ir50_constlr5e5_multiseed_bidir\college_msg\seal_s2/rounds.csv
