=== college_msg_graphsage_emb_s3  started 2026-05-08T20:18:32 ===

C:\conda\envs\gnn\lib\site-packages\requests\__init__.py:86: RequestsDependencyWarning: Unable to find acceptable character detection dependency (chardet or charset_normalizer).
  warnings.warn(
C:\conda\envs\gnn\lib\site-packages\outdated\__init__.py:36: UserWarning: pkg_resources is deprecated as an API. See https://setuptools.pypa.io/en/latest/pkg_resources.html. The pkg_resources package is slated for removal as early as 2025-11-30. Refrain from using this package or pin to Setuptools<81.
  from pkg_resources import parse_version
Round    1/30  coverage=0.5002  prec@K=0.0022  accepted=4  auc=0.6274  uauc=0.4722  loss=0.6801  (3.6s)
Round    2/30  coverage=0.5007  prec@K=0.0054  accepted=10  auc=0.1781  uauc=0.4352  loss=0.6801  (2.8s)
Round    3/30  coverage=0.5010  prec@K=0.0032  accepted=6  auc=0.1642  uauc=0.5833  loss=0.6795  (2.7s)
Round    4/30  coverage=0.5015  prec@K=0.0055  accepted=10  auc=0.2457  uauc=0.4599  loss=0.6790  (2.6s)
Round    5/30  coverage=0.5019  prec@K=0.0043  accepted=8  auc=0.2580  uauc=0.3482  loss=0.6788  (3.1s)
Round    6/30  coverage=0.5025  prec@K=0.0064  accepted=12  auc=0.3031  uauc=0.4293  loss=0.6785  (2.9s)
Round    7/30  coverage=0.5028  prec@K=0.0037  accepted=7  auc=0.3301  uauc=0.5714  loss=0.6784  (3.0s)
Round    8/30  coverage=0.5030  prec@K=0.0016  accepted=3  auc=0.5153  uauc=0.8889  loss=0.6784  (2.6s)
Round    9/30  coverage=0.5034  prec@K=0.0054  accepted=10  auc=0.2747  uauc=0.4778  loss=0.6776  (2.8s)
Round   10/30  coverage=0.5038  prec@K=0.0038  accepted=7  auc=0.2612  uauc=0.5197  loss=0.6776  (2.9s)
Round   11/30  coverage=0.5041  prec@K=0.0038  accepted=7  auc=0.2943  uauc=0.3968  loss=0.6771  (3.0s)
Round   12/30  coverage=0.5044  prec@K=0.0027  accepted=5  auc=0.1394  uauc=0.6444  loss=0.6766  (2.6s)
Round   13/30  coverage=0.5047  prec@K=0.0032  accepted=6  auc=0.3885  uauc=0.6056  loss=0.6762  (2.8s)
Round   14/30  coverage=0.5048  prec@K=0.0016  accepted=3  auc=0.2787  uauc=0.2593  loss=0.6758  (2.9s)
Round   15/30  coverage=0.5050  prec@K=0.0016  accepted=3  auc=0.4106  uauc=0.4074  loss=0.6757  (2.9s)
Round   16/30  coverage=0.5054  prec@K=0.0048  accepted=9  auc=0.1379  uauc=0.6032  loss=0.6753  (2.9s)
Round   17/30  coverage=0.5055  prec@K=0.0011  accepted=2  auc=0.1459  uauc=0.5556  loss=0.6748  (2.6s)
Round   18/30  coverage=0.5058  prec@K=0.0027  accepted=5  auc=0.2721  uauc=0.2000  loss=0.6743  (2.8s)
Round   19/30  coverage=0.5060  prec@K=0.0022  accepted=4  auc=0.3990  uauc=0.5833  loss=0.6744  (2.8s)
Round   20/30  coverage=0.5063  prec@K=0.0033  accepted=6  auc=0.2709  uauc=0.7222  loss=0.6737  (3.0s)
Round   21/30  coverage=0.5065  prec@K=0.0021  accepted=4  auc=0.1566  uauc=0.4444  loss=0.6736  (2.9s)
Round   22/30  coverage=0.5068  prec@K=0.0043  accepted=8  auc=0.3436  uauc=0.4167  loss=0.6731  (3.0s)
Round   23/30  coverage=0.5071  prec@K=0.0027  accepted=5  auc=0.2530  uauc=0.4774  loss=0.6733  (2.8s)
Round   24/30  coverage=0.5075  prec@K=0.0043  accepted=8  auc=0.4171  uauc=0.5625  loss=0.6722  (2.9s)
Round   25/30  coverage=0.5077  prec@K=0.0027  accepted=5  auc=0.3198  uauc=0.4618  loss=0.6721  (2.6s)
Round   26/30  coverage=0.5080  prec@K=0.0027  accepted=5  auc=0.2933  uauc=0.6493  loss=0.6724  (2.9s)
Round   27/30  coverage=0.5082  prec@K=0.0021  accepted=4  auc=0.1787  uauc=0.4444  loss=0.6716  (3.1s)
Round   28/30  coverage=0.5084  prec@K=0.0021  accepted=4  auc=0.2234  uauc=0.6389  loss=0.6718  (2.8s)
Round   29/30  coverage=0.5087  prec@K=0.0032  accepted=6  auc=0.2608  uauc=0.4681  loss=0.6712  (3.1s)
Round   30/30  coverage=0.5090  prec@K=0.0038  accepted=7  auc=0.4059  uauc=0.5501  loss=0.6703  (2.9s)

结果已写入 results\orchestrator\runs\ir50_constlr5e5_multiseed_bidir\college_msg\graphsage_emb_s3/rounds.csv
