=== college_msg_random_s3  started 2026-05-08T20:20:07 ===

C:\conda\envs\gnn\lib\site-packages\requests\__init__.py:86: RequestsDependencyWarning: Unable to find acceptable character detection dependency (chardet or charset_normalizer).
  warnings.warn(
C:\conda\envs\gnn\lib\site-packages\outdated\__init__.py:36: UserWarning: pkg_resources is deprecated as an API. See https://setuptools.pypa.io/en/latest/pkg_resources.html. The pkg_resources package is slated for removal as early as 2025-11-30. Refrain from using this package or pin to Setuptools<81.
  from pkg_resources import parse_version
Round    1/30  coverage=0.5005  prec@K=0.0054  accepted=10  loss=nan  (0.1s)
Round    2/30  coverage=0.5008  prec@K=0.0032  accepted=6  loss=nan  (0.0s)
Round    3/30  coverage=0.5012  prec@K=0.0048  accepted=9  loss=nan  (0.0s)
Round    4/30  coverage=0.5021  prec@K=0.0093  accepted=17  loss=nan  (0.0s)
Round    5/30  coverage=0.5030  prec@K=0.0097  accepted=18  loss=nan  (0.0s)
Round    6/30  coverage=0.5036  prec@K=0.0069  accepted=13  loss=nan  (0.0s)
Round    7/30  coverage=0.5041  prec@K=0.0059  accepted=11  loss=nan  (0.0s)
Round    8/30  coverage=0.5048  prec@K=0.0070  accepted=13  loss=nan  (0.0s)
Round    9/30  coverage=0.5051  prec@K=0.0038  accepted=7  loss=nan  (0.0s)
Round   10/30  coverage=0.5057  prec@K=0.0065  accepted=12  loss=nan  (0.0s)
Round   11/30  coverage=0.5066  prec@K=0.0092  accepted=17  loss=nan  (0.1s)
Round   12/30  coverage=0.5069  prec@K=0.0037  accepted=7  loss=nan  (0.0s)
Round   13/30  coverage=0.5075  prec@K=0.0070  accepted=13  loss=nan  (0.0s)
Round   14/30  coverage=0.5081  prec@K=0.0059  accepted=11  loss=nan  (0.1s)
Round   15/30  coverage=0.5087  prec@K=0.0064  accepted=12  loss=nan  (0.1s)
Round   16/30  coverage=0.5096  prec@K=0.0096  accepted=18  loss=nan  (0.1s)
Round   17/30  coverage=0.5101  prec@K=0.0054  accepted=10  loss=nan  (0.1s)
Round   18/30  coverage=0.5106  prec@K=0.0064  accepted=12  loss=nan  (0.1s)
Round   19/30  coverage=0.5113  prec@K=0.0070  accepted=13  loss=nan  (0.1s)
Round   20/30  coverage=0.5117  prec@K=0.0049  accepted=9  loss=nan  (0.1s)
Round   21/30  coverage=0.5121  prec@K=0.0043  accepted=8  loss=nan  (0.2s)
Round   22/30  coverage=0.5127  prec@K=0.0059  accepted=11  loss=nan  (0.1s)
Round   23/30  coverage=0.5131  prec@K=0.0048  accepted=9  loss=nan  (0.1s)
Round   24/30  coverage=0.5140  prec@K=0.0096  accepted=18  loss=nan  (0.1s)
Round   25/30  coverage=0.5146  prec@K=0.0070  accepted=13  loss=nan  (0.1s)
Round   26/30  coverage=0.5151  prec@K=0.0049  accepted=9  loss=nan  (0.1s)
Round   27/30  coverage=0.5158  prec@K=0.0080  accepted=15  loss=nan  (0.1s)
Round   28/30  coverage=0.5161  prec@K=0.0027  accepted=5  loss=nan  (0.1s)
Round   29/30  coverage=0.5165  prec@K=0.0043  accepted=8  loss=nan  (0.1s)
Round   30/30  coverage=0.5169  prec@K=0.0054  accepted=10  loss=nan  (0.1s)

结果已写入 results\orchestrator\runs\ir50_constlr5e5_multiseed_bidir\college_msg\random_s3/rounds.csv
