=== dnc_email_gnn_s3  started 2026-05-08T20:07:31 ===

C:\conda\envs\gnn\lib\site-packages\requests\__init__.py:86: RequestsDependencyWarning: Unable to find acceptable character detection dependency (chardet or charset_normalizer).
  warnings.warn(
C:\conda\envs\gnn\lib\site-packages\outdated\__init__.py:36: UserWarning: pkg_resources is deprecated as an API. See https://setuptools.pypa.io/en/latest/pkg_resources.html. The pkg_resources package is slated for removal as early as 2025-11-30. Refrain from using this package or pin to Setuptools<81.
  from pkg_resources import parse_version
Round    1/30  coverage=0.5030  prec@K=0.0094  accepted=17  auc=0.7457  uauc=0.4912  loss=0.6039  (2.0s)
Round    2/30  coverage=0.5048  prec@K=0.0056  accepted=10  auc=0.7557  uauc=0.6605  loss=0.6017  (1.2s)
Round    3/30  coverage=0.5086  prec@K=0.0117  accepted=21  auc=0.8286  uauc=0.6397  loss=0.6050  (1.3s)
Round    4/30  coverage=0.5095  prec@K=0.0028  accepted=5  auc=0.8142  uauc=0.6778  loss=0.6011  (1.2s)
Round    5/30  coverage=0.5121  prec@K=0.0077  accepted=14  auc=0.9220  uauc=0.6824  loss=0.6019  (1.2s)
Round    6/30  coverage=0.5142  prec@K=0.0067  accepted=12  auc=0.8431  uauc=0.5667  loss=0.6011  (1.2s)
Round    7/30  coverage=0.5166  prec@K=0.0072  accepted=13  auc=0.8592  uauc=0.6344  loss=0.6032  (1.3s)
Round    8/30  coverage=0.5195  prec@K=0.0089  accepted=16  auc=0.7911  uauc=0.6985  loss=0.6026  (1.4s)
Round    9/30  coverage=0.5208  prec@K=0.0038  accepted=7  auc=0.8070  uauc=0.5764  loss=0.5997  (1.3s)
Round   10/30  coverage=0.5224  prec@K=0.0049  accepted=9  auc=0.9608  uauc=0.5722  loss=0.6002  (1.2s)
Round   11/30  coverage=0.5233  prec@K=0.0028  accepted=5  auc=0.8733  uauc=0.6772  loss=0.5996  (1.3s)
Round   12/30  coverage=0.5244  prec@K=0.0033  accepted=6  auc=0.9666  uauc=0.7593  loss=0.5993  (1.5s)
Round   13/30  coverage=0.5293  prec@K=0.0151  accepted=27  auc=0.7464  uauc=0.6181  loss=0.6035  (1.5s)
Round   14/30  coverage=0.5302  prec@K=0.0027  accepted=5  auc=0.6117  uauc=0.3667  loss=0.6006  (1.4s)
Round   15/30  coverage=0.5316  prec@K=0.0044  accepted=8  auc=0.8482  uauc=0.6667  loss=0.5997  (1.3s)
Round   16/30  coverage=0.5333  prec@K=0.0049  accepted=9  auc=0.7811  uauc=0.7421  loss=0.5993  (1.4s)
Round   17/30  coverage=0.5354  prec@K=0.0067  accepted=12  auc=0.9487  uauc=0.5582  loss=0.6005  (1.5s)
Round   18/30  coverage=0.5371  prec@K=0.0050  accepted=9  auc=0.9092  uauc=0.7364  loss=0.5994  (1.5s)
Round   19/30  coverage=0.5383  prec@K=0.0038  accepted=7  auc=0.9091  uauc=0.4884  loss=0.5987  (1.4s)
Round   20/30  coverage=0.5411  prec@K=0.0083  accepted=15  auc=0.9461  uauc=0.7183  loss=0.6008  (1.6s)
Round   21/30  coverage=0.5416  prec@K=0.0016  accepted=3  auc=0.8675  uauc=0.6667  loss=0.5976  (1.4s)
Round   22/30  coverage=0.5430  prec@K=0.0044  accepted=8  auc=0.8685  uauc=0.9067  loss=0.5979  (1.4s)
Round   23/30  coverage=0.5454  prec@K=0.0070  accepted=13  auc=0.8875  uauc=0.6255  loss=0.5986  (1.5s)
Round   24/30  coverage=0.5469  prec@K=0.0044  accepted=8  auc=0.7826  uauc=0.6657  loss=0.5982  (1.3s)
Round   25/30  coverage=0.5478  prec@K=0.0027  accepted=5  auc=0.8665  uauc=0.7540  loss=0.5965  (1.4s)
Round   26/30  coverage=0.5488  prec@K=0.0033  accepted=6  auc=0.5786  uauc=0.5000  loss=0.5980  (1.4s)
Round   27/30  coverage=0.5496  prec@K=0.0022  accepted=4  auc=0.9492  uauc=0.8889  loss=0.5980  (1.4s)
Round   28/30  coverage=0.5508  prec@K=0.0038  accepted=7  auc=0.8393  uauc=0.4520  loss=0.5970  (1.5s)
Round   29/30  coverage=0.5516  prec@K=0.0022  accepted=4  auc=0.8430  uauc=0.5694  loss=0.5954  (1.4s)
Round   30/30  coverage=0.5532  prec@K=0.0049  accepted=9  auc=0.9017  uauc=0.7044  loss=0.5965  (1.4s)

结果已写入 results\orchestrator\runs\ir50_constlr5e5_multiseed_bidir\dnc_email\gnn_s3/rounds.csv
