=== dnc_email_random_s3  started 2026-05-08T20:11:20 ===

C:\conda\envs\gnn\lib\site-packages\requests\__init__.py:86: RequestsDependencyWarning: Unable to find acceptable character detection dependency (chardet or charset_normalizer).
  warnings.warn(
C:\conda\envs\gnn\lib\site-packages\outdated\__init__.py:36: UserWarning: pkg_resources is deprecated as an API. See https://setuptools.pypa.io/en/latest/pkg_resources.html. The pkg_resources package is slated for removal as early as 2025-11-30. Refrain from using this package or pin to Setuptools<81.
  from pkg_resources import parse_version
Round    1/30  coverage=0.5008  prec@K=0.0028  accepted=5  loss=nan  (0.1s)
Round    2/30  coverage=0.5019  prec@K=0.0033  accepted=6  loss=nan  (0.0s)
Round    3/30  coverage=0.5037  prec@K=0.0056  accepted=10  loss=nan  (0.0s)
Round    4/30  coverage=0.5050  prec@K=0.0039  accepted=7  loss=nan  (0.0s)
Round    5/30  coverage=0.5063  prec@K=0.0038  accepted=7  loss=nan  (0.0s)
Round    6/30  coverage=0.5082  prec@K=0.0061  accepted=11  loss=nan  (0.0s)
Round    7/30  coverage=0.5106  prec@K=0.0072  accepted=13  loss=nan  (0.1s)
Round    8/30  coverage=0.5124  prec@K=0.0056  accepted=10  loss=nan  (0.1s)
Round    9/30  coverage=0.5128  prec@K=0.0011  accepted=2  loss=nan  (0.1s)
Round   10/30  coverage=0.5144  prec@K=0.0049  accepted=9  loss=nan  (0.1s)
Round   11/30  coverage=0.5151  prec@K=0.0023  accepted=4  loss=nan  (0.1s)
Round   12/30  coverage=0.5157  prec@K=0.0016  accepted=3  loss=nan  (0.1s)
Round   13/30  coverage=0.5169  prec@K=0.0039  accepted=7  loss=nan  (0.1s)
Round   14/30  coverage=0.5179  prec@K=0.0027  accepted=5  loss=nan  (0.1s)
Round   15/30  coverage=0.5184  prec@K=0.0017  accepted=3  loss=nan  (0.1s)
Round   16/30  coverage=0.5204  prec@K=0.0060  accepted=11  loss=nan  (0.1s)
Round   17/30  coverage=0.5220  prec@K=0.0050  accepted=9  loss=nan  (0.1s)
Round   18/30  coverage=0.5227  prec@K=0.0022  accepted=4  loss=nan  (0.1s)
Round   19/30  coverage=0.5237  prec@K=0.0027  accepted=5  loss=nan  (0.1s)
Round   20/30  coverage=0.5249  prec@K=0.0039  accepted=7  loss=nan  (0.1s)
Round   21/30  coverage=0.5255  prec@K=0.0016  accepted=3  loss=nan  (0.1s)
Round   22/30  coverage=0.5258  prec@K=0.0011  accepted=2  loss=nan  (0.1s)
Round   23/30  coverage=0.5273  prec@K=0.0043  accepted=8  loss=nan  (0.1s)
Round   24/30  coverage=0.5285  prec@K=0.0039  accepted=7  loss=nan  (0.1s)
Round   25/30  coverage=0.5295  prec@K=0.0027  accepted=5  loss=nan  (0.1s)
Round   26/30  coverage=0.5309  prec@K=0.0044  accepted=8  loss=nan  (0.1s)
Round   27/30  coverage=0.5316  prec@K=0.0022  accepted=4  loss=nan  (0.1s)
Round   28/30  coverage=0.5320  prec@K=0.0011  accepted=2  loss=nan  (0.1s)
Round   29/30  coverage=0.5333  prec@K=0.0038  accepted=7  loss=nan  (0.1s)
Round   30/30  coverage=0.5345  prec@K=0.0038  accepted=7  loss=nan  (0.1s)

结果已写入 results\orchestrator\runs\ir50_constlr5e5_multiseed_bidir\dnc_email\random_s3/rounds.csv
