=== dnc_email_seal_s42  started 2026-05-08T20:11:32 ===

C:\conda\envs\gnn\lib\site-packages\requests\__init__.py:86: RequestsDependencyWarning: Unable to find acceptable character detection dependency (chardet or charset_normalizer).
  warnings.warn(
C:\conda\envs\gnn\lib\site-packages\outdated\__init__.py:36: UserWarning: pkg_resources is deprecated as an API. See https://setuptools.pypa.io/en/latest/pkg_resources.html. The pkg_resources package is slated for removal as early as 2025-11-30. Refrain from using this package or pin to Setuptools<81.
  from pkg_resources import parse_version
Round    1/30  coverage=0.5044  prec@K=0.0141  accepted=25  auc=0.9571  uauc=0.4096  loss=0.6503  (1.9s)
Round    2/30  coverage=0.5090  prec@K=0.0137  accepted=25  auc=0.9720  uauc=0.6365  loss=0.6532  (1.3s)
Round    3/30  coverage=0.5122  prec@K=0.0100  accepted=18  auc=0.9779  uauc=0.7461  loss=0.6514  (1.2s)
Round    4/30  coverage=0.5179  prec@K=0.0170  accepted=31  auc=0.9454  uauc=0.6074  loss=0.6561  (1.5s)
Round    5/30  coverage=0.5209  prec@K=0.0093  accepted=17  auc=0.9501  uauc=0.6850  loss=0.6515  (1.2s)
Round    6/30  coverage=0.5253  prec@K=0.0131  accepted=24  auc=0.9313  uauc=0.6565  loss=0.6538  (1.5s)
Round    7/30  coverage=0.5287  prec@K=0.0104  accepted=19  auc=0.9224  uauc=0.6976  loss=0.6557  (1.4s)
Round    8/30  coverage=0.5345  prec@K=0.0175  accepted=32  auc=0.9191  uauc=0.6707  loss=0.6556  (1.4s)
Round    9/30  coverage=0.5380  prec@K=0.0105  accepted=19  auc=0.9468  uauc=0.6626  loss=0.6511  (1.4s)
Round   10/30  coverage=0.5396  prec@K=0.0049  accepted=9  auc=0.8909  uauc=0.6131  loss=0.6484  (1.3s)
Round   11/30  coverage=0.5434  prec@K=0.0116  accepted=21  auc=0.9703  uauc=0.5925  loss=0.6505  (1.4s)
Round   12/30  coverage=0.5450  prec@K=0.0049  accepted=9  auc=0.9271  uauc=0.7005  loss=0.6511  (1.4s)
Round   13/30  coverage=0.5478  prec@K=0.0082  accepted=15  auc=0.9602  uauc=0.5822  loss=0.6532  (1.4s)
Round   14/30  coverage=0.5519  prec@K=0.0126  accepted=23  auc=0.9462  uauc=0.7344  loss=0.6544  (1.5s)
Round   15/30  coverage=0.5565  prec@K=0.0136  accepted=25  auc=0.9463  uauc=0.7385  loss=0.6492  (1.5s)
Round   16/30  coverage=0.5588  prec@K=0.0071  accepted=13  auc=0.9735  uauc=0.7246  loss=0.6499  (1.5s)
Round   17/30  coverage=0.5619  prec@K=0.0094  accepted=17  auc=0.9579  uauc=0.6554  loss=0.6494  (1.5s)
Round   18/30  coverage=0.5652  prec@K=0.0098  accepted=18  auc=0.8413  uauc=0.5256  loss=0.6467  (1.4s)
Round   19/30  coverage=0.5657  prec@K=0.0016  accepted=3  auc=0.9847  uauc=0.7037  loss=0.6478  (1.4s)
Round   20/30  coverage=0.5677  prec@K=0.0060  accepted=11  auc=0.9286  uauc=0.5548  loss=0.6478  (1.6s)
Round   21/30  coverage=0.5695  prec@K=0.0054  accepted=10  auc=0.9156  uauc=0.6597  loss=0.6468  (1.5s)
Round   22/30  coverage=0.5728  prec@K=0.0099  accepted=18  auc=0.9279  uauc=0.7002  loss=0.6445  (1.4s)
Round   23/30  coverage=0.5766  prec@K=0.0115  accepted=21  auc=0.9497  uauc=0.5272  loss=0.6422  (1.3s)
Round   24/30  coverage=0.5789  prec@K=0.0070  accepted=13  auc=0.9694  uauc=0.4745  loss=0.6424  (1.4s)
Round   25/30  coverage=0.5822  prec@K=0.0099  accepted=18  auc=0.9442  uauc=0.4011  loss=0.6431  (1.3s)
Round   26/30  coverage=0.5840  prec@K=0.0055  accepted=10  auc=0.9596  uauc=0.6339  loss=0.6456  (1.4s)
Round   27/30  coverage=0.5849  prec@K=0.0027  accepted=5  auc=0.9751  uauc=0.8733  loss=0.6428  (1.5s)
Round   28/30  coverage=0.5873  prec@K=0.0071  accepted=13  auc=0.9099  uauc=0.4275  loss=0.6407  (1.5s)
Round   29/30  coverage=0.5904  prec@K=0.0093  accepted=17  auc=0.9774  uauc=0.5255  loss=0.6398  (1.4s)
Round   30/30  coverage=0.5940  prec@K=0.0109  accepted=20  auc=0.8445  uauc=0.4181  loss=0.6411  (1.4s)

结果已写入 results\orchestrator\runs\ir50_constlr5e5_multiseed_bidir\dnc_email\seal_s42/rounds.csv
