=== dnc_email_random_s0  started 2026-05-08T20:11:13 ===

C:\conda\envs\gnn\lib\site-packages\requests\__init__.py:86: RequestsDependencyWarning: Unable to find acceptable character detection dependency (chardet or charset_normalizer).
  warnings.warn(
C:\conda\envs\gnn\lib\site-packages\outdated\__init__.py:36: UserWarning: pkg_resources is deprecated as an API. See https://setuptools.pypa.io/en/latest/pkg_resources.html. The pkg_resources package is slated for removal as early as 2025-11-30. Refrain from using this package or pin to Setuptools<81.
  from pkg_resources import parse_version
Round    1/30  coverage=0.5012  prec@K=0.0039  accepted=7  loss=nan  (0.1s)
Round    2/30  coverage=0.5023  prec@K=0.0033  accepted=6  loss=nan  (0.0s)
Round    3/30  coverage=0.5030  prec@K=0.0022  accepted=4  loss=nan  (0.0s)
Round    4/30  coverage=0.5046  prec@K=0.0050  accepted=9  loss=nan  (0.0s)
Round    5/30  coverage=0.5055  prec@K=0.0028  accepted=5  loss=nan  (0.0s)
Round    6/30  coverage=0.5059  prec@K=0.0011  accepted=2  loss=nan  (0.0s)
Round    7/30  coverage=0.5070  prec@K=0.0034  accepted=6  loss=nan  (0.0s)
Round    8/30  coverage=0.5079  prec@K=0.0028  accepted=5  loss=nan  (0.0s)
Round    9/30  coverage=0.5095  prec@K=0.0051  accepted=9  loss=nan  (0.1s)
Round   10/30  coverage=0.5111  prec@K=0.0050  accepted=9  loss=nan  (0.1s)
Round   11/30  coverage=0.5119  prec@K=0.0022  accepted=4  loss=nan  (0.1s)
Round   12/30  coverage=0.5126  prec@K=0.0022  accepted=4  loss=nan  (0.1s)
Round   13/30  coverage=0.5139  prec@K=0.0038  accepted=7  loss=nan  (0.1s)
Round   14/30  coverage=0.5144  prec@K=0.0017  accepted=3  loss=nan  (0.1s)
Round   15/30  coverage=0.5150  prec@K=0.0017  accepted=3  loss=nan  (0.1s)
Round   16/30  coverage=0.5159  prec@K=0.0027  accepted=5  loss=nan  (0.1s)
Round   17/30  coverage=0.5173  prec@K=0.0044  accepted=8  loss=nan  (0.1s)
Round   18/30  coverage=0.5180  prec@K=0.0022  accepted=4  loss=nan  (0.1s)
Round   19/30  coverage=0.5193  prec@K=0.0038  accepted=7  loss=nan  (0.1s)
Round   20/30  coverage=0.5198  prec@K=0.0017  accepted=3  loss=nan  (0.1s)
Round   21/30  coverage=0.5215  prec@K=0.0050  accepted=9  loss=nan  (0.1s)
Round   22/30  coverage=0.5226  prec@K=0.0034  accepted=6  loss=nan  (0.1s)
Round   23/30  coverage=0.5238  prec@K=0.0038  accepted=7  loss=nan  (0.1s)
Round   24/30  coverage=0.5240  prec@K=0.0006  accepted=1  loss=nan  (0.1s)
Round   25/30  coverage=0.5262  prec@K=0.0066  accepted=12  loss=nan  (0.1s)
Round   26/30  coverage=0.5271  prec@K=0.0028  accepted=5  loss=nan  (0.1s)
Round   27/30  coverage=0.5276  prec@K=0.0016  accepted=3  loss=nan  (0.1s)
Round   28/30  coverage=0.5282  prec@K=0.0017  accepted=3  loss=nan  (0.1s)
Round   29/30  coverage=0.5289  prec@K=0.0022  accepted=4  loss=nan  (0.1s)
Round   30/30  coverage=0.5298  prec@K=0.0027  accepted=5  loss=nan  (0.1s)

结果已写入 results\orchestrator\runs\ir50_constlr5e5_multiseed_bidir\dnc_email\random_s0/rounds.csv
