=== dnc_email_seal_s2  started 2026-05-08T20:11:27 ===

C:\conda\envs\gnn\lib\site-packages\requests\__init__.py:86: RequestsDependencyWarning: Unable to find acceptable character detection dependency (chardet or charset_normalizer).
  warnings.warn(
C:\conda\envs\gnn\lib\site-packages\outdated\__init__.py:36: UserWarning: pkg_resources is deprecated as an API. See https://setuptools.pypa.io/en/latest/pkg_resources.html. The pkg_resources package is slated for removal as early as 2025-11-30. Refrain from using this package or pin to Setuptools<81.
  from pkg_resources import parse_version
Round    1/30  coverage=0.5015  prec@K=0.0050  accepted=9  auc=0.4066  uauc=0.8552  loss=0.6818  (1.9s)
Round    2/30  coverage=0.5035  prec@K=0.0061  accepted=11  auc=0.5739  uauc=0.7014  loss=0.6815  (1.4s)
Round    3/30  coverage=0.5050  prec@K=0.0044  accepted=8  auc=0.7548  uauc=0.3789  loss=0.6811  (1.3s)
Round    4/30  coverage=0.5068  prec@K=0.0056  accepted=10  auc=0.4548  uauc=0.6485  loss=0.6814  (1.2s)
Round    5/30  coverage=0.5084  prec@K=0.0050  accepted=9  auc=0.5777  uauc=0.6988  loss=0.6801  (1.3s)
Round    6/30  coverage=0.5101  prec@K=0.0049  accepted=9  auc=0.5833  uauc=0.7925  loss=0.6802  (1.2s)
Round    7/30  coverage=0.5110  prec@K=0.0028  accepted=5  auc=0.3802  uauc=0.8264  loss=0.6788  (1.2s)
Round    8/30  coverage=0.5133  prec@K=0.0071  accepted=13  auc=0.7854  uauc=0.7299  loss=0.6820  (1.5s)
Round    9/30  coverage=0.5155  prec@K=0.0066  accepted=12  auc=0.6791  uauc=0.7285  loss=0.6818  (1.5s)
Round   10/30  coverage=0.5168  prec@K=0.0038  accepted=7  auc=0.4477  uauc=0.8264  loss=0.6797  (1.3s)
Round   11/30  coverage=0.5195  prec@K=0.0084  accepted=15  auc=0.7601  uauc=0.7608  loss=0.6791  (1.4s)
Round   12/30  coverage=0.5215  prec@K=0.0060  accepted=11  auc=0.6426  uauc=0.7946  loss=0.6787  (1.3s)
Round   13/30  coverage=0.5229  prec@K=0.0044  accepted=8  auc=0.7585  uauc=0.7917  loss=0.6794  (1.2s)
Round   14/30  coverage=0.5251  prec@K=0.0066  accepted=12  auc=0.8014  uauc=0.7795  loss=0.6804  (1.4s)
Round   15/30  coverage=0.5271  prec@K=0.0060  accepted=11  auc=0.8983  uauc=0.6726  loss=0.6802  (1.4s)
Round   16/30  coverage=0.5293  prec@K=0.0066  accepted=12  auc=0.9643  uauc=0.6141  loss=0.6802  (1.3s)
Round   17/30  coverage=0.5298  prec@K=0.0017  accepted=3  auc=0.9908  uauc=0.5278  loss=0.6771  (1.2s)
Round   18/30  coverage=0.5318  prec@K=0.0060  accepted=11  auc=0.6025  uauc=0.6273  loss=0.6797  (1.4s)
Round   19/30  coverage=0.5334  prec@K=0.0049  accepted=9  auc=0.9403  uauc=0.6875  loss=0.6782  (1.4s)
Round   20/30  coverage=0.5351  prec@K=0.0050  accepted=9  auc=0.9603  uauc=0.5395  loss=0.6778  (1.4s)
Round   21/30  coverage=0.5380  prec@K=0.0088  accepted=16  auc=0.7733  uauc=0.8155  loss=0.6783  (1.6s)
Round   22/30  coverage=0.5400  prec@K=0.0060  accepted=11  auc=0.7154  uauc=0.4922  loss=0.6776  (1.5s)
Round   23/30  coverage=0.5425  prec@K=0.0078  accepted=14  auc=0.8406  uauc=0.6874  loss=0.6781  (1.5s)
Round   24/30  coverage=0.5432  prec@K=0.0022  accepted=4  auc=0.3052  uauc=0.8889  loss=0.6766  (1.4s)
Round   25/30  coverage=0.5452  prec@K=0.0061  accepted=11  auc=0.8985  uauc=0.8204  loss=0.6784  (1.5s)
Round   26/30  coverage=0.5461  prec@K=0.0028  accepted=5  auc=0.8996  uauc=0.5781  loss=0.6760  (1.3s)
Round   27/30  coverage=0.5478  prec@K=0.0050  accepted=9  auc=0.9844  uauc=0.5482  loss=0.6761  (1.4s)
Round   28/30  coverage=0.5503  prec@K=0.0076  accepted=14  auc=0.9520  uauc=0.6627  loss=0.6765  (1.4s)
Round   29/30  coverage=0.5512  prec@K=0.0028  accepted=5  auc=0.6326  uauc=0.7413  loss=0.6750  (1.3s)
Round   30/30  coverage=0.5517  prec@K=0.0017  accepted=3  auc=0.3503  uauc=0.7153  loss=0.6754  (1.3s)

结果已写入 results\orchestrator\runs\ir50_constlr5e5_multiseed_bidir\dnc_email\seal_s2/rounds.csv
