=== dnc_email_gnn_h32_s1  started 2026-05-08T20:09:03 ===

C:\conda\envs\gnn\lib\site-packages\requests\__init__.py:86: RequestsDependencyWarning: Unable to find acceptable character detection dependency (chardet or charset_normalizer).
  warnings.warn(
C:\conda\envs\gnn\lib\site-packages\outdated\__init__.py:36: UserWarning: pkg_resources is deprecated as an API. See https://setuptools.pypa.io/en/latest/pkg_resources.html. The pkg_resources package is slated for removal as early as 2025-11-30. Refrain from using this package or pin to Setuptools<81.
  from pkg_resources import parse_version
Round    1/30  coverage=0.5028  prec@K=0.0090  accepted=16  auc=0.9156  uauc=0.8061  loss=0.6873  (2.1s)
Round    2/30  coverage=0.5128  prec@K=0.0304  accepted=55  auc=0.7185  uauc=0.7011  loss=0.6864  (1.4s)
Round    3/30  coverage=0.5177  prec@K=0.0148  accepted=27  auc=0.8645  uauc=0.7914  loss=0.6857  (1.3s)
Round    4/30  coverage=0.5202  prec@K=0.0078  accepted=14  auc=0.9147  uauc=0.7500  loss=0.6848  (1.1s)
Round    5/30  coverage=0.5260  prec@K=0.0179  accepted=32  auc=0.8272  uauc=0.6014  loss=0.6836  (1.4s)
Round    6/30  coverage=0.5284  prec@K=0.0071  accepted=13  auc=0.8281  uauc=0.8879  loss=0.6826  (1.2s)
Round    7/30  coverage=0.5334  prec@K=0.0155  accepted=28  auc=0.8042  uauc=0.6983  loss=0.6823  (1.5s)
Round    8/30  coverage=0.5383  prec@K=0.0149  accepted=27  auc=0.7170  uauc=0.7024  loss=0.6817  (1.4s)
Round    9/30  coverage=0.5414  prec@K=0.0094  accepted=17  auc=0.8739  uauc=0.6824  loss=0.6803  (1.3s)
Round   10/30  coverage=0.5467  prec@K=0.0159  accepted=29  auc=0.4531  uauc=0.7485  loss=0.6794  (1.6s)
Round   11/30  coverage=0.5521  prec@K=0.0169  accepted=30  auc=0.5800  uauc=0.6651  loss=0.6787  (1.5s)
Round   12/30  coverage=0.5583  prec@K=0.0186  accepted=34  auc=0.4963  uauc=0.6645  loss=0.6782  (1.5s)
Round   13/30  coverage=0.5606  prec@K=0.0072  accepted=13  auc=0.3621  uauc=0.7619  loss=0.6766  (1.5s)
Round   14/30  coverage=0.5648  prec@K=0.0129  accepted=23  auc=0.2130  uauc=0.7147  loss=0.6762  (1.5s)
Round   15/30  coverage=0.5659  prec@K=0.0033  accepted=6  auc=0.3220  uauc=0.6319  loss=0.6750  (1.3s)
Round   16/30  coverage=0.5686  prec@K=0.0084  accepted=15  auc=0.3296  uauc=0.7493  loss=0.6743  (1.4s)
Round   17/30  coverage=0.5702  prec@K=0.0049  accepted=9  auc=0.2966  uauc=0.6250  loss=0.6727  (1.5s)
Round   18/30  coverage=0.5737  prec@K=0.0104  accepted=19  auc=0.1123  uauc=0.6060  loss=0.6724  (1.5s)
Round   19/30  coverage=0.5768  prec@K=0.0094  accepted=17  auc=0.1237  uauc=0.6242  loss=0.6714  (1.6s)
Round   20/30  coverage=0.5808  prec@K=0.0121  accepted=22  auc=0.0802  uauc=0.7395  loss=0.6711  (1.6s)
Round   21/30  coverage=0.5818  prec@K=0.0033  accepted=6  auc=0.0395  uauc=0.6157  loss=0.6702  (1.4s)
Round   22/30  coverage=0.5835  prec@K=0.0050  accepted=9  auc=0.0711  uauc=0.7378  loss=0.6696  (1.4s)
Round   23/30  coverage=0.5866  prec@K=0.0094  accepted=17  auc=0.0550  uauc=0.7717  loss=0.6689  (1.5s)
Round   24/30  coverage=0.5884  prec@K=0.0056  accepted=10  auc=0.1558  uauc=0.6722  loss=0.6668  (1.6s)
Round   25/30  coverage=0.5898  prec@K=0.0044  accepted=8  auc=0.2355  uauc=0.7111  loss=0.6663  (1.5s)
Round   26/30  coverage=0.5904  prec@K=0.0016  accepted=3  auc=0.2933  uauc=0.7500  loss=0.6664  (1.4s)
Round   27/30  coverage=0.5918  prec@K=0.0044  accepted=8  auc=0.0404  uauc=0.9246  loss=0.6652  (1.4s)
Round   28/30  coverage=0.5922  prec@K=0.0011  accepted=2  auc=0.0458  uauc=0.8333  loss=0.6639  (1.4s)
Round   29/30  coverage=0.5938  prec@K=0.0050  accepted=9  auc=0.1953  uauc=0.7847  loss=0.6622  (1.7s)
Round   30/30  coverage=0.5945  prec@K=0.0022  accepted=4  auc=0.0071  uauc=0.4375  loss=0.6633  (1.4s)

结果已写入 results\orchestrator\runs\ir50_constlr5e5_multiseed_bidir\dnc_email\gnn_h32_s1/rounds.csv
