=== dnc_email_gnn_sum_s2  started 2026-05-08T20:09:51 ===

C:\conda\envs\gnn\lib\site-packages\requests\__init__.py:86: RequestsDependencyWarning: Unable to find acceptable character detection dependency (chardet or charset_normalizer).
  warnings.warn(
C:\conda\envs\gnn\lib\site-packages\outdated\__init__.py:36: UserWarning: pkg_resources is deprecated as an API. See https://setuptools.pypa.io/en/latest/pkg_resources.html. The pkg_resources package is slated for removal as early as 2025-11-30. Refrain from using this package or pin to Setuptools<81.
  from pkg_resources import parse_version
Round    1/30  coverage=0.5034  prec@K=0.0106  accepted=19  auc=0.2520  uauc=0.7794  loss=0.6858  (2.0s)
Round    2/30  coverage=0.5101  prec@K=0.0204  accepted=37  auc=0.1876  uauc=0.7268  loss=0.6838  (1.4s)
Round    3/30  coverage=0.5153  prec@K=0.0159  accepted=29  auc=0.1266  uauc=0.6270  loss=0.6823  (1.3s)
Round    4/30  coverage=0.5222  prec@K=0.0211  accepted=38  auc=0.1536  uauc=0.5958  loss=0.6816  (1.3s)
Round    5/30  coverage=0.5253  prec@K=0.0094  accepted=17  auc=0.1037  uauc=0.6709  loss=0.6770  (1.3s)
Round    6/30  coverage=0.5280  prec@K=0.0082  accepted=15  auc=0.1769  uauc=0.7686  loss=0.6753  (1.2s)
Round    7/30  coverage=0.5305  prec@K=0.0077  accepted=14  auc=0.1672  uauc=0.7262  loss=0.6748  (1.3s)
Round    8/30  coverage=0.5358  prec@K=0.0159  accepted=29  auc=0.0989  uauc=0.7222  loss=0.6710  (1.7s)
Round    9/30  coverage=0.5392  prec@K=0.0104  accepted=19  auc=0.0890  uauc=0.7614  loss=0.6696  (1.6s)
Round   10/30  coverage=0.5414  prec@K=0.0066  accepted=12  auc=0.0778  uauc=0.8021  loss=0.6683  (1.3s)
Round   11/30  coverage=0.5467  prec@K=0.0162  accepted=29  auc=0.1063  uauc=0.6903  loss=0.6667  (1.5s)
Round   12/30  coverage=0.5490  prec@K=0.0071  accepted=13  auc=0.0968  uauc=0.6672  loss=0.6662  (1.4s)
Round   13/30  coverage=0.5514  prec@K=0.0072  accepted=13  auc=0.0767  uauc=0.8346  loss=0.6615  (1.4s)
Round   14/30  coverage=0.5546  prec@K=0.0098  accepted=18  auc=0.0529  uauc=0.5588  loss=0.6612  (1.4s)
Round   15/30  coverage=0.5590  prec@K=0.0132  accepted=24  auc=0.0772  uauc=0.6850  loss=0.6581  (1.5s)
Round   16/30  coverage=0.5630  prec@K=0.0121  accepted=22  auc=0.0740  uauc=0.8226  loss=0.6574  (1.5s)
Round   17/30  coverage=0.5653  prec@K=0.0072  accepted=13  auc=0.0296  uauc=0.7332  loss=0.6559  (1.3s)
Round   18/30  coverage=0.5668  prec@K=0.0044  accepted=8  auc=0.0371  uauc=0.7837  loss=0.6505  (1.5s)
Round   19/30  coverage=0.5697  prec@K=0.0088  accepted=16  auc=0.0838  uauc=0.8463  loss=0.6520  (1.5s)
Round   20/30  coverage=0.5710  prec@K=0.0039  accepted=7  auc=0.1462  uauc=0.7028  loss=0.6478  (1.4s)
Round   21/30  coverage=0.5740  prec@K=0.0093  accepted=17  auc=0.0939  uauc=0.6696  loss=0.6465  (1.7s)
Round   22/30  coverage=0.5759  prec@K=0.0055  accepted=10  auc=0.1091  uauc=0.9350  loss=0.6434  (1.6s)
Round   23/30  coverage=0.5775  prec@K=0.0050  accepted=9  auc=0.1087  uauc=0.5936  loss=0.6424  (1.6s)
Round   24/30  coverage=0.5780  prec@K=0.0016  accepted=3  auc=0.1589  uauc=0.8148  loss=0.6414  (1.5s)
Round   25/30  coverage=0.5788  prec@K=0.0022  accepted=4  auc=0.0994  uauc=0.8229  loss=0.6376  (1.6s)
Round   26/30  coverage=0.5797  prec@K=0.0028  accepted=5  auc=0.0191  uauc=0.8108  loss=0.6384  (1.4s)
Round   27/30  coverage=0.5802  prec@K=0.0017  accepted=3  auc=0.0299  uauc=0.9688  loss=0.6361  (1.5s)
Round   28/30  coverage=0.5815  prec@K=0.0038  accepted=7  auc=0.1070  uauc=0.8125  loss=0.6335  (1.6s)
Round   29/30  coverage=0.5815  prec@K=0.0000  accepted=0  loss=0.6329  (1.3s)
Round   30/30  coverage=0.5822  prec@K=0.0022  accepted=4  auc=0.0676  uauc=0.9583  loss=0.6308  (1.4s)

结果已写入 results\orchestrator\runs\ir50_constlr5e5_multiseed_bidir\dnc_email\gnn_sum_s2/rounds.csv
