=== dnc_email_gnn_concat_s2  started 2026-05-08T20:08:13 ===

C:\conda\envs\gnn\lib\site-packages\requests\__init__.py:86: RequestsDependencyWarning: Unable to find acceptable character detection dependency (chardet or charset_normalizer).
  warnings.warn(
C:\conda\envs\gnn\lib\site-packages\outdated\__init__.py:36: UserWarning: pkg_resources is deprecated as an API. See https://setuptools.pypa.io/en/latest/pkg_resources.html. The pkg_resources package is slated for removal as early as 2025-11-30. Refrain from using this package or pin to Setuptools<81.
  from pkg_resources import parse_version
Round    1/30  coverage=0.5015  prec@K=0.0050  accepted=9  auc=0.6135  uauc=0.6786  loss=0.6613  (2.0s)
Round    2/30  coverage=0.5059  prec@K=0.0133  accepted=24  auc=0.6092  uauc=0.5730  loss=0.6599  (1.4s)
Round    3/30  coverage=0.5090  prec@K=0.0093  accepted=17  auc=0.4680  uauc=0.7804  loss=0.6574  (1.3s)
Round    4/30  coverage=0.5128  prec@K=0.0117  accepted=21  auc=0.4786  uauc=0.4136  loss=0.6562  (1.1s)
Round    5/30  coverage=0.5142  prec@K=0.0044  accepted=8  auc=0.5120  uauc=0.5486  loss=0.6528  (1.2s)
Round    6/30  coverage=0.5164  prec@K=0.0066  accepted=12  auc=0.4460  uauc=0.7427  loss=0.6505  (1.2s)
Round    7/30  coverage=0.5177  prec@K=0.0039  accepted=7  auc=0.5110  uauc=0.6419  loss=0.6479  (1.3s)
Round    8/30  coverage=0.5195  prec@K=0.0055  accepted=10  auc=0.0973  uauc=0.6943  loss=0.6465  (1.5s)
Round    9/30  coverage=0.5227  prec@K=0.0098  accepted=18  auc=0.2459  uauc=0.7030  loss=0.6450  (1.5s)
Round   10/30  coverage=0.5242  prec@K=0.0044  accepted=8  auc=0.3523  uauc=0.5937  loss=0.6432  (1.4s)
Round   11/30  coverage=0.5267  prec@K=0.0078  accepted=14  auc=0.1371  uauc=0.4891  loss=0.6418  (1.4s)
Round   12/30  coverage=0.5275  prec@K=0.0022  accepted=4  auc=0.1487  uauc=0.6111  loss=0.6384  (1.4s)
Round   13/30  coverage=0.5275  prec@K=0.0000  accepted=0  loss=0.6364  (1.4s)
Round   14/30  coverage=0.5284  prec@K=0.0027  accepted=5  auc=0.2117  uauc=0.7812  loss=0.6345  (1.4s)
Round   15/30  coverage=0.5291  prec@K=0.0022  accepted=4  auc=0.3132  uauc=0.4861  loss=0.6332  (1.5s)
Round   16/30  coverage=0.5300  prec@K=0.0028  accepted=5  auc=0.1453  uauc=0.5222  loss=0.6307  (1.5s)
Round   17/30  coverage=0.5300  prec@K=0.0000  accepted=0  loss=0.6295  (1.3s)
Round   18/30  coverage=0.5302  prec@K=0.0005  accepted=1  auc=0.0773  uauc=0.0000  loss=0.6281  (1.5s)
Round   19/30  coverage=0.5307  prec@K=0.0016  accepted=3  auc=0.1953  uauc=0.4630  loss=0.6262  (1.5s)
Round   20/30  coverage=0.5309  prec@K=0.0006  accepted=1  auc=0.5281  uauc=0.5000  loss=0.6248  (1.4s)
Round   21/30  coverage=0.5316  prec@K=0.0022  accepted=4  auc=0.0414  uauc=0.7778  loss=0.6226  (1.6s)
Round   22/30  coverage=0.5316  prec@K=0.0000  accepted=0  loss=0.6207  (1.6s)
Round   23/30  coverage=0.5324  prec@K=0.0022  accepted=4  auc=0.2506  uauc=0.6111  loss=0.6191  (1.6s)
Round   24/30  coverage=0.5324  prec@K=0.0000  accepted=0  loss=0.6189  (1.4s)
Round   25/30  coverage=0.5325  prec@K=0.0006  accepted=1  auc=0.8825  uauc=0.5625  loss=0.6167  (1.6s)
Round   26/30  coverage=0.5327  prec@K=0.0006  accepted=1  auc=0.0643  uauc=0.5000  loss=0.6162  (1.4s)
Round   27/30  coverage=0.5327  prec@K=0.0000  accepted=0  loss=0.6139  (1.5s)
Round   28/30  coverage=0.5331  prec@K=0.0011  accepted=2  auc=0.1851  uauc=0.4167  loss=0.6131  (1.5s)
Round   29/30  coverage=0.5331  prec@K=0.0000  accepted=0  loss=0.6123  (1.4s)
Round   30/30  coverage=0.5331  prec@K=0.0000  accepted=0  loss=0.6104  (1.4s)

结果已写入 results\orchestrator\runs\ir50_constlr5e5_multiseed_bidir\dnc_email\gnn_concat_s2/rounds.csv
