=== dnc_email_graphsage_emb_s0  started 2026-05-08T20:10:42 ===

C:\conda\envs\gnn\lib\site-packages\requests\__init__.py:86: RequestsDependencyWarning: Unable to find acceptable character detection dependency (chardet or charset_normalizer).
  warnings.warn(
C:\conda\envs\gnn\lib\site-packages\outdated\__init__.py:36: UserWarning: pkg_resources is deprecated as an API. See https://setuptools.pypa.io/en/latest/pkg_resources.html. The pkg_resources package is slated for removal as early as 2025-11-30. Refrain from using this package or pin to Setuptools<81.
  from pkg_resources import parse_version
Round    1/30  coverage=0.5005  prec@K=0.0017  accepted=3  auc=0.0515  uauc=0.6667  loss=0.6869  (2.1s)
Round    2/30  coverage=0.5008  prec@K=0.0011  accepted=2  auc=0.1747  uauc=0.4444  loss=0.6862  (1.3s)
Round    3/30  coverage=0.5015  prec@K=0.0022  accepted=4  auc=0.2647  uauc=0.5000  loss=0.6858  (1.2s)
Round    4/30  coverage=0.5034  prec@K=0.0056  accepted=10  auc=0.2550  uauc=0.5679  loss=0.6860  (1.2s)
Round    5/30  coverage=0.5041  prec@K=0.0023  accepted=4  auc=0.0717  uauc=0.8889  loss=0.6854  (1.5s)
Round    6/30  coverage=0.5044  prec@K=0.0011  accepted=2  auc=0.4600  uauc=0.5000  loss=0.6850  (1.2s)
Round    7/30  coverage=0.5050  prec@K=0.0017  accepted=3  auc=0.2279  uauc=0.6389  loss=0.6843  (1.4s)
Round    8/30  coverage=0.5052  prec@K=0.0006  accepted=1  auc=0.0164  uauc=1.0000  loss=0.6850  (1.4s)
Round    9/30  coverage=0.5053  prec@K=0.0006  accepted=1  auc=0.1907  uauc=0.1111  loss=0.6835  (1.5s)
Round   10/30  coverage=0.5057  prec@K=0.0011  accepted=2  auc=0.4699  uauc=0.7222  loss=0.6838  (1.6s)
Round   11/30  coverage=0.5061  prec@K=0.0011  accepted=2  auc=0.2258  uauc=0.4722  loss=0.6835  (1.4s)
Round   12/30  coverage=0.5064  prec@K=0.0011  accepted=2  auc=0.2933  uauc=0.2222  loss=0.6834  (1.5s)
Round   13/30  coverage=0.5073  prec@K=0.0027  accepted=5  auc=0.2679  uauc=0.3730  loss=0.6821  (1.6s)
Round   14/30  coverage=0.5077  prec@K=0.0011  accepted=2  auc=0.1244  uauc=0.3889  loss=0.6825  (1.4s)
Round   15/30  coverage=0.5079  prec@K=0.0006  accepted=1  auc=0.0227  loss=0.6827  (1.3s)
Round   16/30  coverage=0.5082  prec@K=0.0011  accepted=2  auc=0.0201  uauc=0.1875  loss=0.6817  (1.5s)
Round   17/30  coverage=0.5090  prec@K=0.0022  accepted=4  auc=0.3335  uauc=0.1759  loss=0.6812  (1.5s)
Round   18/30  coverage=0.5092  prec@K=0.0005  accepted=1  auc=0.0011  uauc=0.0000  loss=0.6817  (1.5s)
Round   19/30  coverage=0.5095  prec@K=0.0011  accepted=2  auc=0.0454  uauc=0.5000  loss=0.6809  (1.6s)
Round   20/30  coverage=0.5101  prec@K=0.0017  accepted=3  auc=0.1789  uauc=0.5938  loss=0.6804  (1.4s)
Round   21/30  coverage=0.5102  prec@K=0.0006  accepted=1  auc=0.1128  uauc=0.1111  loss=0.6798  (1.5s)
Round   22/30  coverage=0.5110  prec@K=0.0022  accepted=4  auc=0.3523  uauc=0.6991  loss=0.6787  (1.5s)
Round   23/30  coverage=0.5113  prec@K=0.0011  accepted=2  auc=0.1975  uauc=1.0000  loss=0.6793  (1.6s)
Round   24/30  coverage=0.5119  prec@K=0.0017  accepted=3  auc=0.2180  uauc=0.3889  loss=0.6791  (1.5s)
Round   25/30  coverage=0.5122  prec@K=0.0011  accepted=2  auc=0.0237  uauc=0.2778  loss=0.6785  (1.5s)
Round   26/30  coverage=0.5122  prec@K=0.0000  accepted=0  loss=0.6781  (1.5s)
Round   27/30  coverage=0.5126  prec@K=0.0011  accepted=2  auc=0.1047  uauc=0.5000  loss=0.6777  (1.5s)
Round   28/30  coverage=0.5128  prec@K=0.0006  accepted=1  auc=0.1074  uauc=0.0000  loss=0.6766  (1.6s)
Round   29/30  coverage=0.5133  prec@K=0.0017  accepted=3  auc=0.0399  uauc=0.7500  loss=0.6775  (1.3s)
Round   30/30  coverage=0.5133  prec@K=0.0000  accepted=0  loss=0.6777  (1.6s)

结果已写入 results\orchestrator\runs\ir50_constlr5e5_multiseed_bidir\dnc_email\graphsage_emb_s0/rounds.csv
