=== email_eu_aa_s1  started 2026-05-08T19:57:48 ===

C:\conda\envs\gnn\lib\site-packages\requests\__init__.py:86: RequestsDependencyWarning: Unable to find acceptable character detection dependency (chardet or charset_normalizer).
  warnings.warn(
C:\conda\envs\gnn\lib\site-packages\outdated\__init__.py:36: UserWarning: pkg_resources is deprecated as an API. See https://setuptools.pypa.io/en/latest/pkg_resources.html. The pkg_resources package is slated for removal as early as 2025-11-30. Refrain from using this package or pin to Setuptools<81.
  from pkg_resources import parse_version
Round    1/30  coverage=0.5064  prec@K=0.1634  accepted=160  auc=0.8164  uauc=0.6927  loss=nan  (0.4s)
Round    2/30  coverage=0.5130  prec@K=0.1677  accepted=164  auc=0.8031  uauc=0.7414  loss=nan  (0.2s)
Round    3/30  coverage=0.5189  prec@K=0.1511  accepted=147  auc=0.8369  uauc=0.7096  loss=nan  (0.2s)
Round    4/30  coverage=0.5232  prec@K=0.1124  accepted=109  auc=0.8553  uauc=0.6402  loss=nan  (0.2s)
Round    5/30  coverage=0.5296  prec@K=0.1616  accepted=158  auc=0.8442  uauc=0.7061  loss=nan  (0.2s)
Round    6/30  coverage=0.5347  prec@K=0.1296  accepted=127  auc=0.8113  uauc=0.6761  loss=nan  (0.2s)
Round    7/30  coverage=0.5397  prec@K=0.1276  accepted=125  auc=0.8090  uauc=0.7076  loss=nan  (0.2s)
Round    8/30  coverage=0.5453  prec@K=0.1449  accepted=141  auc=0.7845  uauc=0.6028  loss=nan  (0.2s)
Round    9/30  coverage=0.5506  prec@K=0.1352  accepted=132  auc=0.8345  uauc=0.6590  loss=nan  (0.2s)
Round   10/30  coverage=0.5545  prec@K=0.0994  accepted=96  auc=0.8421  uauc=0.6754  loss=nan  (0.1s)
Round   11/30  coverage=0.5591  prec@K=0.1163  accepted=114  auc=0.8506  uauc=0.6507  loss=nan  (0.3s)
Round   12/30  coverage=0.5636  prec@K=0.1172  accepted=114  auc=0.8313  uauc=0.7234  loss=nan  (0.2s)
Round   13/30  coverage=0.5695  prec@K=0.1484  accepted=145  auc=0.8215  uauc=0.6254  loss=nan  (0.2s)
Round   14/30  coverage=0.5738  prec@K=0.1125  accepted=109  auc=0.8418  uauc=0.7322  loss=nan  (0.2s)
Round   15/30  coverage=0.5775  prec@K=0.0939  accepted=92  auc=0.8413  uauc=0.6687  loss=nan  (0.2s)
Round   16/30  coverage=0.5828  prec@K=0.1358  accepted=132  auc=0.8395  uauc=0.7310  loss=nan  (0.1s)
Round   17/30  coverage=0.5861  prec@K=0.0837  accepted=82  auc=0.8458  uauc=0.6907  loss=nan  (0.2s)
Round   18/30  coverage=0.5902  prec@K=0.1034  accepted=101  auc=0.8273  uauc=0.6916  loss=nan  (0.2s)
Round   19/30  coverage=0.5944  prec@K=0.1080  accepted=105  auc=0.8545  uauc=0.6919  loss=nan  (0.2s)
Round   20/30  coverage=0.5986  prec@K=0.1071  accepted=105  auc=0.8707  uauc=0.7296  loss=nan  (0.2s)
Round   21/30  coverage=0.6032  prec@K=0.1172  accepted=114  auc=0.8276  uauc=0.6732  loss=nan  (0.4s)
Round   22/30  coverage=0.6065  prec@K=0.0857  accepted=84  auc=0.8391  uauc=0.6232  loss=nan  (0.1s)
Round   23/30  coverage=0.6107  prec@K=0.1051  accepted=103  auc=0.8018  uauc=0.6726  loss=nan  (0.2s)
Round   24/30  coverage=0.6145  prec@K=0.0980  accepted=96  auc=0.8411  uauc=0.7681  loss=nan  (0.2s)
Round   25/30  coverage=0.6182  prec@K=0.0963  accepted=93  auc=0.8413  uauc=0.6919  loss=nan  (0.2s)
Round   26/30  coverage=0.6225  prec@K=0.1082  accepted=106  auc=0.8309  uauc=0.6700  loss=nan  (0.2s)
Round   27/30  coverage=0.6259  prec@K=0.0867  accepted=85  auc=0.8530  uauc=0.6809  loss=nan  (0.2s)
Round   28/30  coverage=0.6294  prec@K=0.0906  accepted=88  auc=0.8365  uauc=0.6907  loss=nan  (0.2s)
Round   29/30  coverage=0.6326  prec@K=0.0814  accepted=79  auc=0.8719  uauc=0.7431  loss=nan  (0.2s)
Round   30/30  coverage=0.6357  prec@K=0.0796  accepted=78  auc=0.8535  uauc=0.6725  loss=nan  (0.2s)

结果已写入 results\orchestrator\runs\ir50_constlr5e5_multiseed_bidir\email_eu\aa_s1/rounds.csv
