=== email_eu_jaccard_s2  started 2026-05-08T20:05:53 ===

C:\conda\envs\gnn\lib\site-packages\requests\__init__.py:86: RequestsDependencyWarning: Unable to find acceptable character detection dependency (chardet or charset_normalizer).
  warnings.warn(
C:\conda\envs\gnn\lib\site-packages\outdated\__init__.py:36: UserWarning: pkg_resources is deprecated as an API. See https://setuptools.pypa.io/en/latest/pkg_resources.html. The pkg_resources package is slated for removal as early as 2025-11-30. Refrain from using this package or pin to Setuptools<81.
  from pkg_resources import parse_version
Round    1/30  coverage=0.5048  prec@K=0.1219  accepted=119  auc=0.7490  uauc=0.6508  loss=nan  (0.3s)
Round    2/30  coverage=0.5093  prec@K=0.1159  accepted=113  auc=0.7447  uauc=0.7092  loss=nan  (0.1s)
Round    3/30  coverage=0.5159  prec@K=0.1691  accepted=165  auc=0.7503  uauc=0.6897  loss=nan  (0.1s)
Round    4/30  coverage=0.5216  prec@K=0.1455  accepted=142  auc=0.7237  uauc=0.6443  loss=nan  (0.1s)
Round    5/30  coverage=0.5266  prec@K=0.1277  accepted=124  auc=0.7087  uauc=0.6204  loss=nan  (0.1s)
Round    6/30  coverage=0.5318  prec@K=0.1333  accepted=130  auc=0.7372  uauc=0.6579  loss=nan  (0.1s)
Round    7/30  coverage=0.5373  prec@K=0.1398  accepted=137  auc=0.7252  uauc=0.7040  loss=nan  (0.1s)
Round    8/30  coverage=0.5424  prec@K=0.1301  accepted=127  auc=0.7162  uauc=0.6803  loss=nan  (0.1s)
Round    9/30  coverage=0.5460  prec@K=0.0913  accepted=89  auc=0.7751  uauc=0.7637  loss=nan  (0.1s)
Round   10/30  coverage=0.5512  prec@K=0.1327  accepted=130  auc=0.7266  uauc=0.7080  loss=nan  (0.1s)
Round   11/30  coverage=0.5563  prec@K=0.1323  accepted=129  auc=0.7895  uauc=0.7118  loss=nan  (0.3s)
Round   12/30  coverage=0.5604  prec@K=0.1039  accepted=101  auc=0.7057  uauc=0.7211  loss=nan  (0.1s)
Round   13/30  coverage=0.5652  prec@K=0.1214  accepted=119  auc=0.7779  uauc=0.7206  loss=nan  (0.1s)
Round   14/30  coverage=0.5703  prec@K=0.1320  accepted=129  auc=0.7247  uauc=0.6685  loss=nan  (0.1s)
Round   15/30  coverage=0.5736  prec@K=0.0827  accepted=81  auc=0.7315  uauc=0.7172  loss=nan  (0.1s)
Round   16/30  coverage=0.5774  prec@K=0.0984  accepted=96  auc=0.7343  uauc=0.7135  loss=nan  (0.1s)
Round   17/30  coverage=0.5819  prec@K=0.1143  accepted=112  auc=0.7387  uauc=0.7285  loss=nan  (0.1s)
Round   18/30  coverage=0.5863  prec@K=0.1131  accepted=110  auc=0.7577  uauc=0.6442  loss=nan  (0.1s)
Round   19/30  coverage=0.5901  prec@K=0.0959  accepted=94  auc=0.7350  uauc=0.6705  loss=nan  (0.1s)
Round   20/30  coverage=0.5946  prec@K=0.1153  accepted=113  auc=0.7704  uauc=0.7394  loss=nan  (0.1s)
Round   21/30  coverage=0.5985  prec@K=0.0969  accepted=95  auc=0.7592  uauc=0.7068  loss=nan  (0.4s)
Round   22/30  coverage=0.6014  prec@K=0.0758  accepted=74  auc=0.7342  uauc=0.6695  loss=nan  (0.1s)
Round   23/30  coverage=0.6054  prec@K=0.1010  accepted=99  auc=0.7730  uauc=0.7110  loss=nan  (0.1s)
Round   24/30  coverage=0.6095  prec@K=0.1045  accepted=102  auc=0.7381  uauc=0.7111  loss=nan  (0.1s)
Round   25/30  coverage=0.6131  prec@K=0.0918  accepted=90  auc=0.7651  uauc=0.7387  loss=nan  (0.1s)
Round   26/30  coverage=0.6168  prec@K=0.0929  accepted=91  auc=0.7249  uauc=0.6604  loss=nan  (0.1s)
Round   27/30  coverage=0.6202  prec@K=0.0900  accepted=87  auc=0.7980  uauc=0.6938  loss=nan  (0.1s)
Round   28/30  coverage=0.6239  prec@K=0.0946  accepted=92  auc=0.7285  uauc=0.6545  loss=nan  (0.1s)
Round   29/30  coverage=0.6271  prec@K=0.0806  accepted=79  auc=0.8046  uauc=0.7146  loss=nan  (0.1s)
Round   30/30  coverage=0.6306  prec@K=0.0891  accepted=87  auc=0.7116  uauc=0.6427  loss=nan  (0.1s)

结果已写入 results\orchestrator\runs\ir50_constlr5e5_multiseed_bidir\email_eu\jaccard_s2/rounds.csv
