=== email_eu_cn_s1  started 2026-05-08T19:57:48 ===

C:\conda\envs\gnn\lib\site-packages\requests\__init__.py:86: RequestsDependencyWarning: Unable to find acceptable character detection dependency (chardet or charset_normalizer).
  warnings.warn(
C:\conda\envs\gnn\lib\site-packages\outdated\__init__.py:36: UserWarning: pkg_resources is deprecated as an API. See https://setuptools.pypa.io/en/latest/pkg_resources.html. The pkg_resources package is slated for removal as early as 2025-11-30. Refrain from using this package or pin to Setuptools<81.
  from pkg_resources import parse_version
Round    1/30  coverage=0.5060  prec@K=0.1542  accepted=151  auc=0.8123  uauc=0.6702  loss=nan  (0.3s)
Round    2/30  coverage=0.5124  prec@K=0.1616  accepted=158  auc=0.7942  uauc=0.7030  loss=nan  (0.1s)
Round    3/30  coverage=0.5182  prec@K=0.1480  accepted=144  auc=0.8104  uauc=0.6695  loss=nan  (0.1s)
Round    4/30  coverage=0.5223  prec@K=0.1062  accepted=103  auc=0.8467  uauc=0.6550  loss=nan  (0.1s)
Round    5/30  coverage=0.5287  prec@K=0.1636  accepted=160  auc=0.8148  uauc=0.6810  loss=nan  (0.1s)
Round    6/30  coverage=0.5333  prec@K=0.1163  accepted=114  auc=0.8293  uauc=0.6849  loss=nan  (0.1s)
Round    7/30  coverage=0.5388  prec@K=0.1398  accepted=137  auc=0.8009  uauc=0.6843  loss=nan  (0.1s)
Round    8/30  coverage=0.5443  prec@K=0.1418  accepted=138  auc=0.8011  uauc=0.6391  loss=nan  (0.1s)
Round    9/30  coverage=0.5496  prec@K=0.1342  accepted=131  auc=0.8268  uauc=0.6120  loss=nan  (0.1s)
Round   10/30  coverage=0.5532  prec@K=0.0942  accepted=91  auc=0.8642  uauc=0.6779  loss=nan  (0.1s)
Round   11/30  coverage=0.5575  prec@K=0.1082  accepted=106  auc=0.8686  uauc=0.7155  loss=nan  (0.4s)
Round   12/30  coverage=0.5621  prec@K=0.1192  accepted=116  auc=0.8074  uauc=0.6516  loss=nan  (0.1s)
Round   13/30  coverage=0.5672  prec@K=0.1300  accepted=127  auc=0.8231  uauc=0.6767  loss=nan  (0.1s)
Round   14/30  coverage=0.5716  prec@K=0.1124  accepted=109  auc=0.8065  uauc=0.7102  loss=nan  (0.1s)
Round   15/30  coverage=0.5754  prec@K=0.0980  accepted=96  auc=0.8582  uauc=0.7367  loss=nan  (0.1s)
Round   16/30  coverage=0.5806  prec@K=0.1324  accepted=129  auc=0.8051  uauc=0.6760  loss=nan  (0.1s)
Round   17/30  coverage=0.5844  prec@K=0.0959  accepted=94  auc=0.8428  uauc=0.6928  loss=nan  (0.1s)
Round   18/30  coverage=0.5878  prec@K=0.0870  accepted=85  auc=0.8099  uauc=0.6618  loss=nan  (0.1s)
Round   19/30  coverage=0.5919  prec@K=0.1057  accepted=103  auc=0.8202  uauc=0.6884  loss=nan  (0.1s)
Round   20/30  coverage=0.5959  prec@K=0.1000  accepted=98  auc=0.8774  uauc=0.7391  loss=nan  (0.1s)
Round   21/30  coverage=0.5999  prec@K=0.1028  accepted=100  auc=0.8158  uauc=0.6910  loss=nan  (0.3s)
Round   22/30  coverage=0.6038  prec@K=0.0990  accepted=97  auc=0.8455  uauc=0.6728  loss=nan  (0.1s)
Round   23/30  coverage=0.6076  prec@K=0.0990  accepted=97  auc=0.8248  uauc=0.6835  loss=nan  (0.1s)
Round   24/30  coverage=0.6117  prec@K=0.1020  accepted=100  auc=0.8114  uauc=0.6651  loss=nan  (0.1s)
Round   25/30  coverage=0.6153  prec@K=0.0941  accepted=91  auc=0.8410  uauc=0.6561  loss=nan  (0.1s)
Round   26/30  coverage=0.6196  prec@K=0.1092  accepted=107  auc=0.7976  uauc=0.6703  loss=nan  (0.1s)
Round   27/30  coverage=0.6228  prec@K=0.0816  accepted=80  auc=0.8110  uauc=0.7028  loss=nan  (0.1s)
Round   28/30  coverage=0.6259  prec@K=0.0793  accepted=77  auc=0.8395  uauc=0.6447  loss=nan  (0.1s)
Round   29/30  coverage=0.6291  prec@K=0.0835  accepted=81  auc=0.8208  uauc=0.7150  loss=nan  (0.1s)
Round   30/30  coverage=0.6325  prec@K=0.0857  accepted=84  auc=0.8529  uauc=0.7041  loss=nan  (0.1s)

结果已写入 results\orchestrator\runs\ir50_constlr5e5_multiseed_bidir\email_eu\cn_s1/rounds.csv
