=== email_eu_gat_emb_s1  started 2026-05-08T19:58:03 ===

C:\conda\envs\gnn\lib\site-packages\requests\__init__.py:86: RequestsDependencyWarning: Unable to find acceptable character detection dependency (chardet or charset_normalizer).
  warnings.warn(
C:\conda\envs\gnn\lib\site-packages\outdated\__init__.py:36: UserWarning: pkg_resources is deprecated as an API. See https://setuptools.pypa.io/en/latest/pkg_resources.html. The pkg_resources package is slated for removal as early as 2025-11-30. Refrain from using this package or pin to Setuptools<81.
  from pkg_resources import parse_version
Round    1/30  coverage=0.5018  prec@K=0.0470  accepted=46  auc=0.3921  uauc=0.6176  loss=0.6262  (4.4s)
Round    2/30  coverage=0.5035  prec@K=0.0419  accepted=41  auc=0.4065  uauc=0.5119  loss=0.6248  (3.1s)
Round    3/30  coverage=0.5047  prec@K=0.0319  accepted=31  auc=0.4211  uauc=0.5391  loss=0.6229  (3.2s)
Round    4/30  coverage=0.5061  prec@K=0.0351  accepted=34  auc=0.3211  uauc=0.6177  loss=0.6234  (2.7s)
Round    5/30  coverage=0.5080  prec@K=0.0481  accepted=47  auc=0.3474  uauc=0.7027  loss=0.6255  (3.1s)
Round    6/30  coverage=0.5093  prec@K=0.0337  accepted=33  auc=0.3510  uauc=0.6912  loss=0.6230  (2.7s)
Round    7/30  coverage=0.5104  prec@K=0.0286  accepted=28  auc=0.3678  uauc=0.6991  loss=0.6218  (2.7s)
Round    8/30  coverage=0.5121  prec@K=0.0432  accepted=42  auc=0.4095  uauc=0.6234  loss=0.6241  (3.0s)
Round    9/30  coverage=0.5136  prec@K=0.0389  accepted=38  auc=0.3125  uauc=0.6498  loss=0.6234  (3.1s)
Round   10/30  coverage=0.5145  prec@K=0.0228  accepted=22  auc=0.4083  uauc=0.5966  loss=0.6206  (2.8s)
Round   11/30  coverage=0.5155  prec@K=0.0265  accepted=26  auc=0.3027  uauc=0.6447  loss=0.6211  (2.9s)
Round   12/30  coverage=0.5169  prec@K=0.0360  accepted=35  auc=0.3615  uauc=0.6564  loss=0.6225  (3.1s)
Round   13/30  coverage=0.5189  prec@K=0.0491  accepted=48  auc=0.3459  uauc=0.6820  loss=0.6246  (3.3s)
Round   14/30  coverage=0.5204  prec@K=0.0392  accepted=38  auc=0.3624  uauc=0.6187  loss=0.6229  (2.9s)
Round   15/30  coverage=0.5216  prec@K=0.0306  accepted=30  auc=0.3012  uauc=0.5742  loss=0.6213  (2.7s)
Round   16/30  coverage=0.5230  prec@K=0.0350  accepted=34  auc=0.3382  uauc=0.6511  loss=0.6223  (2.7s)
Round   17/30  coverage=0.5241  prec@K=0.0286  accepted=28  auc=0.3447  uauc=0.5797  loss=0.6206  (2.6s)
Round   18/30  coverage=0.5253  prec@K=0.0297  accepted=29  auc=0.4235  uauc=0.5571  loss=0.6209  (2.5s)
Round   19/30  coverage=0.5265  prec@K=0.0309  accepted=30  auc=0.2928  uauc=0.5692  loss=0.6210  (2.8s)
Round   20/30  coverage=0.5277  prec@K=0.0327  accepted=32  auc=0.3092  uauc=0.6316  loss=0.6211  (2.6s)
Round   21/30  coverage=0.5287  prec@K=0.0247  accepted=24  auc=0.3818  uauc=0.5540  loss=0.6193  (3.2s)
Round   22/30  coverage=0.5300  prec@K=0.0327  accepted=32  auc=0.3640  uauc=0.6821  loss=0.6207  (2.7s)
Round   23/30  coverage=0.5311  prec@K=0.0286  accepted=28  auc=0.3956  uauc=0.7138  loss=0.6201  (2.7s)
Round   24/30  coverage=0.5322  prec@K=0.0265  accepted=26  auc=0.4439  uauc=0.4723  loss=0.6195  (2.9s)
Round   25/30  coverage=0.5330  prec@K=0.0207  accepted=20  auc=0.3687  uauc=0.6166  loss=0.6182  (2.7s)
Round   26/30  coverage=0.5338  prec@K=0.0224  accepted=22  auc=0.4058  uauc=0.6262  loss=0.6185  (2.9s)
Round   27/30  coverage=0.5346  prec@K=0.0204  accepted=20  auc=0.3333  uauc=0.6648  loss=0.6181  (2.7s)
Round   28/30  coverage=0.5356  prec@K=0.0258  accepted=25  auc=0.3023  uauc=0.7770  loss=0.6189  (2.5s)
Round   29/30  coverage=0.5366  prec@K=0.0258  accepted=25  auc=0.3668  uauc=0.6567  loss=0.6188  (2.8s)
Round   30/30  coverage=0.5375  prec@K=0.0214  accepted=21  auc=0.4920  uauc=0.6492  loss=0.6178  (2.8s)

结果已写入 results\orchestrator\runs\ir50_constlr5e5_multiseed_bidir\email_eu\gat_emb_s1/rounds.csv
