=== email_eu_gnn_s0  started 2026-05-08T19:58:03 ===

C:\conda\envs\gnn\lib\site-packages\requests\__init__.py:86: RequestsDependencyWarning: Unable to find acceptable character detection dependency (chardet or charset_normalizer).
  warnings.warn(
C:\conda\envs\gnn\lib\site-packages\outdated\__init__.py:36: UserWarning: pkg_resources is deprecated as an API. See https://setuptools.pypa.io/en/latest/pkg_resources.html. The pkg_resources package is slated for removal as early as 2025-11-30. Refrain from using this package or pin to Setuptools<81.
  from pkg_resources import parse_version
Round    1/30  coverage=0.5027  prec@K=0.0684  accepted=67  auc=0.2097  uauc=0.6104  loss=0.5895  (4.2s)
Round    2/30  coverage=0.5050  prec@K=0.0602  accepted=59  auc=0.2507  uauc=0.5687  loss=0.5870  (2.9s)
Round    3/30  coverage=0.5080  prec@K=0.0761  accepted=74  auc=0.1881  uauc=0.7034  loss=0.5914  (2.9s)
Round    4/30  coverage=0.5105  prec@K=0.0646  accepted=63  auc=0.2069  uauc=0.6809  loss=0.5886  (3.0s)
Round    5/30  coverage=0.5136  prec@K=0.0786  accepted=77  auc=0.1783  uauc=0.6884  loss=0.5915  (2.9s)
Round    6/30  coverage=0.5167  prec@K=0.0792  accepted=77  auc=0.1993  uauc=0.6587  loss=0.5922  (2.6s)
Round    7/30  coverage=0.5191  prec@K=0.0615  accepted=60  auc=0.1595  uauc=0.6536  loss=0.5858  (2.8s)
Round    8/30  coverage=0.5220  prec@K=0.0735  accepted=72  auc=0.1948  uauc=0.6778  loss=0.5884  (2.9s)
Round    9/30  coverage=0.5240  prec@K=0.0510  accepted=50  auc=0.2477  uauc=0.7146  loss=0.5819  (2.7s)
Round   10/30  coverage=0.5268  prec@K=0.0722  accepted=70  auc=0.1895  uauc=0.6653  loss=0.5884  (2.8s)
Round   11/30  coverage=0.5292  prec@K=0.0615  accepted=60  auc=0.1613  uauc=0.7071  loss=0.5849  (2.9s)
Round   12/30  coverage=0.5326  prec@K=0.0857  accepted=84  auc=0.2280  uauc=0.7005  loss=0.5920  (3.0s)
Round   13/30  coverage=0.5355  prec@K=0.0749  accepted=73  auc=0.1931  uauc=0.7063  loss=0.5871  (3.0s)
Round   14/30  coverage=0.5380  prec@K=0.0645  accepted=63  auc=0.2170  uauc=0.6472  loss=0.5841  (3.2s)
Round   15/30  coverage=0.5409  prec@K=0.0743  accepted=72  auc=0.2168  uauc=0.6719  loss=0.5870  (2.8s)
Round   16/30  coverage=0.5441  prec@K=0.0821  accepted=80  auc=0.1875  uauc=0.7293  loss=0.5880  (2.8s)
Round   17/30  coverage=0.5472  prec@K=0.0786  accepted=77  auc=0.2073  uauc=0.8449  loss=0.5879  (2.6s)
Round   18/30  coverage=0.5506  prec@K=0.0853  accepted=83  auc=0.2430  uauc=0.7455  loss=0.5892  (2.8s)
Round   19/30  coverage=0.5528  prec@K=0.0576  accepted=56  auc=0.2234  uauc=0.7414  loss=0.5820  (2.5s)
Round   20/30  coverage=0.5558  prec@K=0.0765  accepted=75  auc=0.2234  uauc=0.7303  loss=0.5854  (2.7s)
Round   21/30  coverage=0.5585  prec@K=0.0705  accepted=68  auc=0.1944  uauc=0.7282  loss=0.5840  (2.9s)
Round   22/30  coverage=0.5610  prec@K=0.0623  accepted=60  auc=0.2728  uauc=0.7403  loss=0.5812  (2.6s)
Round   23/30  coverage=0.5638  prec@K=0.0714  accepted=70  auc=0.2346  uauc=0.6916  loss=0.5836  (2.8s)
Round   24/30  coverage=0.5661  prec@K=0.0597  accepted=58  auc=0.2036  uauc=0.7313  loss=0.5803  (2.4s)
Round   25/30  coverage=0.5674  prec@K=0.0337  accepted=33  auc=0.2385  uauc=0.6987  loss=0.5717  (2.5s)
Round   26/30  coverage=0.5706  prec@K=0.0813  accepted=79  auc=0.2269  uauc=0.6751  loss=0.5850  (2.7s)
Round   27/30  coverage=0.5731  prec@K=0.0637  accepted=62  auc=0.1971  uauc=0.7066  loss=0.5805  (2.6s)
Round   28/30  coverage=0.5757  prec@K=0.0669  accepted=65  auc=0.2108  uauc=0.7576  loss=0.5816  (2.7s)
Round   29/30  coverage=0.5783  prec@K=0.0663  accepted=65  auc=0.1810  uauc=0.7341  loss=0.5802  (2.7s)
Round   30/30  coverage=0.5799  prec@K=0.0418  accepted=41  auc=0.1698  uauc=0.7422  loss=0.5726  (2.5s)

结果已写入 results\orchestrator\runs\ir50_constlr5e5_multiseed_bidir\email_eu\gnn_s0/rounds.csv
