=== email_eu_pa_s1  started 2026-05-08T20:05:56 ===

C:\conda\envs\gnn\lib\site-packages\requests\__init__.py:86: RequestsDependencyWarning: Unable to find acceptable character detection dependency (chardet or charset_normalizer).
  warnings.warn(
C:\conda\envs\gnn\lib\site-packages\outdated\__init__.py:36: UserWarning: pkg_resources is deprecated as an API. See https://setuptools.pypa.io/en/latest/pkg_resources.html. The pkg_resources package is slated for removal as early as 2025-11-30. Refrain from using this package or pin to Setuptools<81.
  from pkg_resources import parse_version
Round    1/30  coverage=0.5030  prec@K=0.0776  accepted=76  auc=0.8545  uauc=0.7009  loss=nan  (0.3s)
Round    2/30  coverage=0.5053  prec@K=0.0583  accepted=57  auc=0.7275  uauc=0.4899  loss=nan  (0.1s)
Round    3/30  coverage=0.5079  prec@K=0.0658  accepted=64  auc=0.8394  uauc=0.6055  loss=nan  (0.1s)
Round    4/30  coverage=0.5101  prec@K=0.0577  accepted=56  auc=0.8223  uauc=0.5776  loss=nan  (0.1s)
Round    5/30  coverage=0.5126  prec@K=0.0624  accepted=61  auc=0.8570  uauc=0.5946  loss=nan  (0.1s)
Round    6/30  coverage=0.5139  prec@K=0.0327  accepted=32  auc=0.8822  uauc=0.6450  loss=nan  (0.1s)
Round    7/30  coverage=0.5156  prec@K=0.0449  accepted=44  auc=0.8484  uauc=0.6960  loss=nan  (0.1s)
Round    8/30  coverage=0.5178  prec@K=0.0555  accepted=54  auc=0.8595  uauc=0.6505  loss=nan  (0.1s)
Round    9/30  coverage=0.5205  prec@K=0.0697  accepted=68  auc=0.8221  uauc=0.6081  loss=nan  (0.1s)
Round   10/30  coverage=0.5221  prec@K=0.0404  accepted=39  auc=0.7786  uauc=0.4652  loss=nan  (0.1s)
Round   11/30  coverage=0.5240  prec@K=0.0490  accepted=48  auc=0.8484  uauc=0.6255  loss=nan  (0.3s)
Round   12/30  coverage=0.5257  prec@K=0.0432  accepted=42  auc=0.8374  uauc=0.5295  loss=nan  (0.1s)
Round   13/30  coverage=0.5278  prec@K=0.0532  accepted=52  auc=0.7906  uauc=0.5633  loss=nan  (0.1s)
Round   14/30  coverage=0.5299  prec@K=0.0535  accepted=52  auc=0.8494  uauc=0.5640  loss=nan  (0.1s)
Round   15/30  coverage=0.5313  prec@K=0.0367  accepted=36  auc=0.9037  uauc=0.6312  loss=nan  (0.1s)
Round   16/30  coverage=0.5330  prec@K=0.0441  accepted=43  auc=0.7962  uauc=0.5386  loss=nan  (0.1s)
Round   17/30  coverage=0.5346  prec@K=0.0408  accepted=40  auc=0.8227  uauc=0.5354  loss=nan  (0.1s)
Round   18/30  coverage=0.5365  prec@K=0.0483  accepted=47  auc=0.8467  uauc=0.6226  loss=nan  (0.1s)
Round   19/30  coverage=0.5389  prec@K=0.0595  accepted=58  auc=0.8642  uauc=0.5419  loss=nan  (0.1s)
Round   20/30  coverage=0.5411  prec@K=0.0582  accepted=57  auc=0.8591  uauc=0.6519  loss=nan  (0.1s)
Round   21/30  coverage=0.5433  prec@K=0.0545  accepted=53  auc=0.8358  uauc=0.6147  loss=nan  (0.3s)
Round   22/30  coverage=0.5446  prec@K=0.0337  accepted=33  auc=0.8396  uauc=0.6608  loss=nan  (0.1s)
Round   23/30  coverage=0.5467  prec@K=0.0541  accepted=53  auc=0.8680  uauc=0.6967  loss=nan  (0.1s)
Round   24/30  coverage=0.5481  prec@K=0.0357  accepted=35  auc=0.8748  uauc=0.5551  loss=nan  (0.1s)
Round   25/30  coverage=0.5492  prec@K=0.0290  accepted=28  auc=0.8191  uauc=0.6775  loss=nan  (0.1s)
Round   26/30  coverage=0.5511  prec@K=0.0469  accepted=46  auc=0.8232  uauc=0.5963  loss=nan  (0.1s)
Round   27/30  coverage=0.5527  prec@K=0.0418  accepted=41  auc=0.8693  uauc=0.7219  loss=nan  (0.1s)
Round   28/30  coverage=0.5541  prec@K=0.0352  accepted=34  auc=0.8436  uauc=0.6258  loss=nan  (0.1s)
Round   29/30  coverage=0.5560  prec@K=0.0495  accepted=48  auc=0.8745  uauc=0.5319  loss=nan  (0.1s)
Round   30/30  coverage=0.5575  prec@K=0.0378  accepted=37  auc=0.8620  uauc=0.6822  loss=nan  (0.1s)

结果已写入 results\orchestrator\runs\ir50_constlr5e5_multiseed_bidir\email_eu\pa_s1/rounds.csv
