=== email_eu_aa_s2  started 2026-05-08T19:57:48 ===

C:\conda\envs\gnn\lib\site-packages\requests\__init__.py:86: RequestsDependencyWarning: Unable to find acceptable character detection dependency (chardet or charset_normalizer).
  warnings.warn(
C:\conda\envs\gnn\lib\site-packages\outdated\__init__.py:36: UserWarning: pkg_resources is deprecated as an API. See https://setuptools.pypa.io/en/latest/pkg_resources.html. The pkg_resources package is slated for removal as early as 2025-11-30. Refrain from using this package or pin to Setuptools<81.
  from pkg_resources import parse_version
Round    1/30  coverage=0.5052  prec@K=0.1342  accepted=131  auc=0.8077  uauc=0.6575  loss=nan  (0.4s)
Round    2/30  coverage=0.5107  prec@K=0.1405  accepted=137  auc=0.8049  uauc=0.6657  loss=nan  (0.2s)
Round    3/30  coverage=0.5176  prec@K=0.1752  accepted=171  auc=0.8589  uauc=0.7117  loss=nan  (0.2s)
Round    4/30  coverage=0.5226  prec@K=0.1270  accepted=124  auc=0.8283  uauc=0.7187  loss=nan  (0.2s)
Round    5/30  coverage=0.5291  prec@K=0.1679  accepted=163  auc=0.8441  uauc=0.6757  loss=nan  (0.2s)
Round    6/30  coverage=0.5354  prec@K=0.1610  accepted=157  auc=0.8229  uauc=0.6015  loss=nan  (0.2s)
Round    7/30  coverage=0.5411  prec@K=0.1449  accepted=142  auc=0.8444  uauc=0.7396  loss=nan  (0.2s)
Round    8/30  coverage=0.5457  prec@K=0.1178  accepted=115  auc=0.8006  uauc=0.6784  loss=nan  (0.2s)
Round    9/30  coverage=0.5502  prec@K=0.1138  accepted=111  auc=0.8732  uauc=0.6309  loss=nan  (0.2s)
Round   10/30  coverage=0.5550  prec@K=0.1235  accepted=121  auc=0.8267  uauc=0.7250  loss=nan  (0.1s)
Round   11/30  coverage=0.5600  prec@K=0.1282  accepted=125  auc=0.8402  uauc=0.6593  loss=nan  (0.4s)
Round   12/30  coverage=0.5651  prec@K=0.1307  accepted=127  auc=0.8671  uauc=0.7613  loss=nan  (0.2s)
Round   13/30  coverage=0.5701  prec@K=0.1276  accepted=125  auc=0.8396  uauc=0.7012  loss=nan  (0.2s)
Round   14/30  coverage=0.5750  prec@K=0.1228  accepted=120  auc=0.8083  uauc=0.6794  loss=nan  (0.2s)
Round   15/30  coverage=0.5793  prec@K=0.1112  accepted=109  auc=0.8580  uauc=0.7067  loss=nan  (0.2s)
Round   16/30  coverage=0.5837  prec@K=0.1126  accepted=110  auc=0.8556  uauc=0.6662  loss=nan  (0.2s)
Round   17/30  coverage=0.5880  prec@K=0.1092  accepted=107  auc=0.8867  uauc=0.7933  loss=nan  (0.2s)
Round   18/30  coverage=0.5919  prec@K=0.0996  accepted=97  auc=0.8360  uauc=0.7037  loss=nan  (0.2s)
Round   19/30  coverage=0.5958  prec@K=0.0980  accepted=96  auc=0.7911  uauc=0.6365  loss=nan  (0.2s)
Round   20/30  coverage=0.6012  prec@K=0.1378  accepted=135  auc=0.8434  uauc=0.7259  loss=nan  (0.2s)
Round   21/30  coverage=0.6050  prec@K=0.0969  accepted=95  auc=0.8276  uauc=0.6617  loss=nan  (0.4s)
Round   22/30  coverage=0.6080  prec@K=0.0779  accepted=76  auc=0.7760  uauc=0.6551  loss=nan  (0.2s)
Round   23/30  coverage=0.6119  prec@K=0.0990  accepted=97  auc=0.8090  uauc=0.6571  loss=nan  (0.2s)
Round   24/30  coverage=0.6161  prec@K=0.1051  accepted=103  auc=0.8734  uauc=0.7754  loss=nan  (0.2s)
Round   25/30  coverage=0.6203  prec@K=0.1082  accepted=106  auc=0.7926  uauc=0.6541  loss=nan  (0.2s)
Round   26/30  coverage=0.6239  prec@K=0.0898  accepted=88  auc=0.8195  uauc=0.6459  loss=nan  (0.2s)
Round   27/30  coverage=0.6273  prec@K=0.0888  accepted=86  auc=0.8444  uauc=0.7650  loss=nan  (0.2s)
Round   28/30  coverage=0.6312  prec@K=0.0998  accepted=97  auc=0.8422  uauc=0.7423  loss=nan  (0.2s)
Round   29/30  coverage=0.6337  prec@K=0.0643  accepted=63  auc=0.8424  uauc=0.6900  loss=nan  (0.2s)
Round   30/30  coverage=0.6365  prec@K=0.0704  accepted=69  auc=0.8630  uauc=0.7417  loss=nan  (0.2s)

结果已写入 results\orchestrator\runs\ir50_constlr5e5_multiseed_bidir\email_eu\aa_s2/rounds.csv
