=== email_eu_cn_s0  started 2026-05-08T19:57:48 ===

C:\conda\envs\gnn\lib\site-packages\requests\__init__.py:86: RequestsDependencyWarning: Unable to find acceptable character detection dependency (chardet or charset_normalizer).
  warnings.warn(
C:\conda\envs\gnn\lib\site-packages\outdated\__init__.py:36: UserWarning: pkg_resources is deprecated as an API. See https://setuptools.pypa.io/en/latest/pkg_resources.html. The pkg_resources package is slated for removal as early as 2025-11-30. Refrain from using this package or pin to Setuptools<81.
  from pkg_resources import parse_version
Round    1/30  coverage=0.5061  prec@K=0.1561  accepted=153  auc=0.8060  uauc=0.7129  loss=nan  (0.3s)
Round    2/30  coverage=0.5115  prec@K=0.1357  accepted=133  auc=0.7751  uauc=0.6164  loss=nan  (0.1s)
Round    3/30  coverage=0.5167  prec@K=0.1337  accepted=130  auc=0.8207  uauc=0.6535  loss=nan  (0.1s)
Round    4/30  coverage=0.5215  prec@K=0.1231  accepted=120  auc=0.8121  uauc=0.7362  loss=nan  (0.1s)
Round    5/30  coverage=0.5268  prec@K=0.1357  accepted=133  auc=0.8213  uauc=0.7210  loss=nan  (0.1s)
Round    6/30  coverage=0.5321  prec@K=0.1348  accepted=131  auc=0.8402  uauc=0.6504  loss=nan  (0.1s)
Round    7/30  coverage=0.5366  prec@K=0.1158  accepted=113  auc=0.8139  uauc=0.6787  loss=nan  (0.1s)
Round    8/30  coverage=0.5422  prec@K=0.1418  accepted=139  auc=0.8256  uauc=0.6225  loss=nan  (0.1s)
Round    9/30  coverage=0.5478  prec@K=0.1429  accepted=140  auc=0.7664  uauc=0.6403  loss=nan  (0.1s)
Round   10/30  coverage=0.5524  prec@K=0.1187  accepted=115  auc=0.7974  uauc=0.6258  loss=nan  (0.1s)
Round   11/30  coverage=0.5564  prec@K=0.1014  accepted=99  auc=0.8207  uauc=0.6493  loss=nan  (0.4s)
Round   12/30  coverage=0.5610  prec@K=0.1173  accepted=115  auc=0.8303  uauc=0.6880  loss=nan  (0.1s)
Round   13/30  coverage=0.5656  prec@K=0.1170  accepted=114  auc=0.7764  uauc=0.7188  loss=nan  (0.1s)
Round   14/30  coverage=0.5701  prec@K=0.1148  accepted=112  auc=0.8125  uauc=0.6695  loss=nan  (0.1s)
Round   15/30  coverage=0.5752  prec@K=0.1331  accepted=129  auc=0.8154  uauc=0.6432  loss=nan  (0.1s)
Round   16/30  coverage=0.5806  prec@K=0.1383  accepted=135  auc=0.8576  uauc=0.7621  loss=nan  (0.1s)
Round   17/30  coverage=0.5848  prec@K=0.1051  accepted=103  auc=0.8481  uauc=0.6148  loss=nan  (0.1s)
Round   18/30  coverage=0.5893  prec@K=0.1150  accepted=112  auc=0.8320  uauc=0.6780  loss=nan  (0.1s)
Round   19/30  coverage=0.5931  prec@K=0.0986  accepted=96  auc=0.8707  uauc=0.6780  loss=nan  (0.1s)
Round   20/30  coverage=0.5976  prec@K=0.1143  accepted=112  auc=0.8067  uauc=0.6973  loss=nan  (0.1s)
Round   21/30  coverage=0.6016  prec@K=0.1037  accepted=100  auc=0.8512  uauc=0.7629  loss=nan  (0.3s)
Round   22/30  coverage=0.6056  prec@K=0.1026  accepted=99  auc=0.8630  uauc=0.7280  loss=nan  (0.1s)
Round   23/30  coverage=0.6097  prec@K=0.1031  accepted=101  auc=0.8302  uauc=0.6240  loss=nan  (0.1s)
Round   24/30  coverage=0.6129  prec@K=0.0842  accepted=82  auc=0.8311  uauc=0.6213  loss=nan  (0.1s)
Round   25/30  coverage=0.6162  prec@K=0.0827  accepted=81  auc=0.8578  uauc=0.6696  loss=nan  (0.1s)
Round   26/30  coverage=0.6197  prec@K=0.0895  accepted=87  auc=0.8214  uauc=0.6885  loss=nan  (0.1s)
Round   27/30  coverage=0.6232  prec@K=0.0903  accepted=88  auc=0.8439  uauc=0.6663  loss=nan  (0.1s)
Round   28/30  coverage=0.6267  prec@K=0.0893  accepted=87  auc=0.8193  uauc=0.6449  loss=nan  (0.1s)
Round   29/30  coverage=0.6301  prec@K=0.0878  accepted=86  auc=0.7830  uauc=0.6251  loss=nan  (0.1s)
Round   30/30  coverage=0.6330  prec@K=0.0714  accepted=70  auc=0.8897  uauc=0.6945  loss=nan  (0.1s)

结果已写入 results\orchestrator\runs\ir50_constlr5e5_multiseed_bidir\email_eu\cn_s0/rounds.csv
