=== email_eu_jaccard_s1  started 2026-05-08T20:05:52 ===

C:\conda\envs\gnn\lib\site-packages\requests\__init__.py:86: RequestsDependencyWarning: Unable to find acceptable character detection dependency (chardet or charset_normalizer).
  warnings.warn(
C:\conda\envs\gnn\lib\site-packages\outdated\__init__.py:36: UserWarning: pkg_resources is deprecated as an API. See https://setuptools.pypa.io/en/latest/pkg_resources.html. The pkg_resources package is slated for removal as early as 2025-11-30. Refrain from using this package or pin to Setuptools<81.
  from pkg_resources import parse_version
Round    1/30  coverage=0.5060  prec@K=0.1542  accepted=151  auc=0.7070  uauc=0.6360  loss=nan  (0.3s)
Round    2/30  coverage=0.5116  prec@K=0.1411  accepted=138  auc=0.7514  uauc=0.7061  loss=nan  (0.1s)
Round    3/30  coverage=0.5174  prec@K=0.1490  accepted=145  auc=0.7108  uauc=0.7101  loss=nan  (0.1s)
Round    4/30  coverage=0.5214  prec@K=0.1041  accepted=101  auc=0.7048  uauc=0.6363  loss=nan  (0.1s)
Round    5/30  coverage=0.5272  prec@K=0.1472  accepted=144  auc=0.7934  uauc=0.7236  loss=nan  (0.1s)
Round    6/30  coverage=0.5318  prec@K=0.1153  accepted=113  auc=0.7236  uauc=0.6676  loss=nan  (0.1s)
Round    7/30  coverage=0.5368  prec@K=0.1276  accepted=125  auc=0.7243  uauc=0.6240  loss=nan  (0.1s)
Round    8/30  coverage=0.5426  prec@K=0.1501  accepted=146  auc=0.7397  uauc=0.6958  loss=nan  (0.1s)
Round    9/30  coverage=0.5477  prec@K=0.1291  accepted=126  auc=0.7328  uauc=0.7093  loss=nan  (0.1s)
Round   10/30  coverage=0.5516  prec@K=0.1004  accepted=97  auc=0.7156  uauc=0.6593  loss=nan  (0.1s)
Round   11/30  coverage=0.5551  prec@K=0.0898  accepted=88  auc=0.7172  uauc=0.6837  loss=nan  (0.3s)
Round   12/30  coverage=0.5600  prec@K=0.1264  accepted=123  auc=0.7112  uauc=0.6755  loss=nan  (0.1s)
Round   13/30  coverage=0.5654  prec@K=0.1361  accepted=133  auc=0.7141  uauc=0.6758  loss=nan  (0.1s)
Round   14/30  coverage=0.5697  prec@K=0.1104  accepted=107  auc=0.7456  uauc=0.6193  loss=nan  (0.1s)
Round   15/30  coverage=0.5737  prec@K=0.1031  accepted=101  auc=0.7088  uauc=0.6354  loss=nan  (0.1s)
Round   16/30  coverage=0.5778  prec@K=0.1060  accepted=103  auc=0.7368  uauc=0.7096  loss=nan  (0.1s)
Round   17/30  coverage=0.5811  prec@K=0.0816  accepted=80  auc=0.7358  uauc=0.6544  loss=nan  (0.1s)
Round   18/30  coverage=0.5848  prec@K=0.0956  accepted=93  auc=0.6934  uauc=0.6335  loss=nan  (0.1s)
Round   19/30  coverage=0.5888  prec@K=0.1019  accepted=99  auc=0.7367  uauc=0.6476  loss=nan  (0.1s)
Round   20/30  coverage=0.5924  prec@K=0.0929  accepted=91  auc=0.7408  uauc=0.7088  loss=nan  (0.1s)
Round   21/30  coverage=0.5967  prec@K=0.1089  accepted=106  auc=0.7734  uauc=0.6424  loss=nan  (0.4s)
Round   22/30  coverage=0.6004  prec@K=0.0949  accepted=93  auc=0.7372  uauc=0.6355  loss=nan  (0.1s)
Round   23/30  coverage=0.6039  prec@K=0.0898  accepted=88  auc=0.7123  uauc=0.5944  loss=nan  (0.1s)
Round   24/30  coverage=0.6078  prec@K=0.1000  accepted=98  auc=0.8248  uauc=0.7809  loss=nan  (0.1s)
Round   25/30  coverage=0.6115  prec@K=0.0952  accepted=92  auc=0.7193  uauc=0.6149  loss=nan  (0.1s)
Round   26/30  coverage=0.6157  prec@K=0.1061  accepted=104  auc=0.7099  uauc=0.6457  loss=nan  (0.1s)
Round   27/30  coverage=0.6190  prec@K=0.0827  accepted=81  auc=0.7008  uauc=0.6573  loss=nan  (0.1s)
Round   28/30  coverage=0.6214  prec@K=0.0640  accepted=62  auc=0.7155  uauc=0.6894  loss=nan  (0.1s)
Round   29/30  coverage=0.6249  prec@K=0.0886  accepted=86  auc=0.7376  uauc=0.7083  loss=nan  (0.1s)
Round   30/30  coverage=0.6279  prec@K=0.0776  accepted=76  auc=0.7702  uauc=0.7211  loss=nan  (0.1s)

结果已写入 results\orchestrator\runs\ir50_constlr5e5_multiseed_bidir\email_eu\jaccard_s1/rounds.csv
