=== epinions_random_s42  started 2026-05-08T22:44:35 ===

C:\conda\envs\gnn\lib\site-packages\requests\__init__.py:86: RequestsDependencyWarning: Unable to find acceptable character detection dependency (chardet or charset_normalizer).
  warnings.warn(
C:\conda\envs\gnn\lib\site-packages\outdated\__init__.py:36: UserWarning: pkg_resources is deprecated as an API. See https://setuptools.pypa.io/en/latest/pkg_resources.html. The pkg_resources package is slated for removal as early as 2025-11-30. Refrain from using this package or pin to Setuptools<81.
  from pkg_resources import parse_version
Round    1/30  coverage=0.5001  prec@K=0.0041  accepted=28  loss=nan  (6.1s)
Round    2/30  coverage=0.5001  prec@K=0.0059  accepted=40  loss=nan  (0.4s)
Round    3/30  coverage=0.5002  prec@K=0.0053  accepted=36  loss=nan  (0.4s)
Round    4/30  coverage=0.5003  prec@K=0.0045  accepted=31  loss=nan  (0.5s)
Round    5/30  coverage=0.5003  prec@K=0.0047  accepted=32  loss=nan  (0.6s)
Round    6/30  coverage=0.5004  prec@K=0.0051  accepted=35  loss=nan  (0.7s)
Round    7/30  coverage=0.5005  prec@K=0.0058  accepted=40  loss=nan  (0.9s)
Round    8/30  coverage=0.5006  prec@K=0.0066  accepted=45  loss=nan  (1.2s)
Round    9/30  coverage=0.5006  prec@K=0.0064  accepted=44  loss=nan  (1.4s)
Round   10/30  coverage=0.5007  prec@K=0.0039  accepted=27  loss=nan  (1.5s)
Round   11/30  coverage=0.5008  prec@K=0.0061  accepted=41  loss=nan  (6.9s)
Round   12/30  coverage=0.5008  prec@K=0.0048  accepted=33  loss=nan  (1.9s)
Round   13/30  coverage=0.5009  prec@K=0.0049  accepted=33  loss=nan  (2.0s)
Round   14/30  coverage=0.5010  prec@K=0.0059  accepted=40  loss=nan  (2.1s)
Round   15/30  coverage=0.5010  prec@K=0.0042  accepted=29  loss=nan  (2.4s)
Round   16/30  coverage=0.5011  prec@K=0.0063  accepted=43  loss=nan  (2.5s)
Round   17/30  coverage=0.5012  prec@K=0.0050  accepted=34  loss=nan  (2.9s)
Round   18/30  coverage=0.5013  prec@K=0.0038  accepted=26  loss=nan  (3.0s)
Round   19/30  coverage=0.5014  prec@K=0.0078  accepted=54  loss=nan  (3.3s)
Round   20/30  coverage=0.5014  prec@K=0.0054  accepted=37  loss=nan  (3.4s)
Round   21/30  coverage=0.5015  prec@K=0.0053  accepted=36  loss=nan  (8.5s)
Round   22/30  coverage=0.5016  prec@K=0.0063  accepted=44  loss=nan  (3.5s)
Round   23/30  coverage=0.5017  prec@K=0.0050  accepted=35  loss=nan  (3.6s)
Round   24/30  coverage=0.5017  prec@K=0.0041  accepted=28  loss=nan  (4.2s)
Round   25/30  coverage=0.5018  prec@K=0.0047  accepted=32  loss=nan  (3.9s)
Round   26/30  coverage=0.5018  prec@K=0.0047  accepted=32  loss=nan  (4.9s)
Round   27/30  coverage=0.5019  prec@K=0.0049  accepted=34  loss=nan  (4.4s)
Round   28/30  coverage=0.5020  prec@K=0.0057  accepted=39  loss=nan  (4.6s)
Round   29/30  coverage=0.5021  prec@K=0.0053  accepted=36  loss=nan  (5.0s)
Round   30/30  coverage=0.5021  prec@K=0.0056  accepted=38  loss=nan  (4.8s)

结果已写入 results\orchestrator\runs\ir50_constlr5e5_multiseed_bidir\epinions\random_s42/rounds.csv
