=== epinions_aa_s0  started 2026-05-08T22:10:24 ===

C:\conda\envs\gnn\lib\site-packages\requests\__init__.py:86: RequestsDependencyWarning: Unable to find acceptable character detection dependency (chardet or charset_normalizer).
  warnings.warn(
C:\conda\envs\gnn\lib\site-packages\outdated\__init__.py:36: UserWarning: pkg_resources is deprecated as an API. See https://setuptools.pypa.io/en/latest/pkg_resources.html. The pkg_resources package is slated for removal as early as 2025-11-30. Refrain from using this package or pin to Setuptools<81.
  from pkg_resources import parse_version
Round    1/30  coverage=0.5002  prec@K=0.0171  accepted=118  auc=0.9342  uauc=0.7665  loss=nan  (6.3s)
Round    2/30  coverage=0.5004  prec@K=0.0146  accepted=100  auc=0.9271  uauc=0.7418  loss=nan  (0.8s)
Round    3/30  coverage=0.5006  prec@K=0.0143  accepted=99  auc=0.9148  uauc=0.7377  loss=nan  (0.9s)
Round    4/30  coverage=0.5008  prec@K=0.0130  accepted=90  auc=0.9007  uauc=0.6802  loss=nan  (0.9s)
Round    5/30  coverage=0.5010  prec@K=0.0148  accepted=100  auc=0.9295  uauc=0.7065  loss=nan  (0.9s)
Round    6/30  coverage=0.5012  prec@K=0.0117  accepted=80  auc=0.8883  uauc=0.6762  loss=nan  (1.0s)
Round    7/30  coverage=0.5014  prec@K=0.0159  accepted=109  auc=0.9066  uauc=0.7508  loss=nan  (1.1s)
Round    8/30  coverage=0.5016  prec@K=0.0145  accepted=100  auc=0.9007  uauc=0.6464  loss=nan  (1.3s)
Round    9/30  coverage=0.5018  prec@K=0.0153  accepted=105  auc=0.9061  uauc=0.7211  loss=nan  (1.3s)
Round   10/30  coverage=0.5020  prec@K=0.0147  accepted=100  auc=0.9144  uauc=0.7175  loss=nan  (1.6s)
Round   11/30  coverage=0.5022  prec@K=0.0169  accepted=118  auc=0.9169  uauc=0.7439  loss=nan  (7.1s)
Round   12/30  coverage=0.5024  prec@K=0.0166  accepted=113  auc=0.9120  uauc=0.7502  loss=nan  (2.1s)
Round   13/30  coverage=0.5026  prec@K=0.0167  accepted=115  auc=0.9156  uauc=0.7170  loss=nan  (2.2s)
Round   14/30  coverage=0.5029  prec@K=0.0167  accepted=115  auc=0.9143  uauc=0.7413  loss=nan  (2.5s)
Round   15/30  coverage=0.5031  prec@K=0.0158  accepted=110  auc=0.9228  uauc=0.7227  loss=nan  (2.5s)
Round   16/30  coverage=0.5033  prec@K=0.0125  accepted=85  auc=0.9368  uauc=0.7492  loss=nan  (2.5s)
Round   17/30  coverage=0.5034  prec@K=0.0130  accepted=91  auc=0.9159  uauc=0.6677  loss=nan  (2.9s)
Round   18/30  coverage=0.5037  prec@K=0.0163  accepted=113  auc=0.9220  uauc=0.7399  loss=nan  (3.0s)
Round   19/30  coverage=0.5038  prec@K=0.0088  accepted=60  auc=0.9172  uauc=0.6924  loss=nan  (3.3s)
Round   20/30  coverage=0.5039  prec@K=0.0103  accepted=71  auc=0.9133  uauc=0.7071  loss=nan  (3.5s)
Round   21/30  coverage=0.5041  prec@K=0.0106  accepted=73  auc=0.9084  uauc=0.7010  loss=nan  (9.4s)
Round   22/30  coverage=0.5043  prec@K=0.0147  accepted=102  auc=0.8944  uauc=0.6888  loss=nan  (3.6s)
Round   23/30  coverage=0.5044  prec@K=0.0118  accepted=82  auc=0.9221  uauc=0.7756  loss=nan  (3.8s)
Round   24/30  coverage=0.5046  prec@K=0.0154  accepted=107  auc=0.9293  uauc=0.7341  loss=nan  (4.0s)
Round   25/30  coverage=0.5048  prec@K=0.0144  accepted=98  auc=0.9233  uauc=0.7341  loss=nan  (4.1s)
Round   26/30  coverage=0.5050  prec@K=0.0115  accepted=79  auc=0.9279  uauc=0.7849  loss=nan  (4.0s)
Round   27/30  coverage=0.5051  prec@K=0.0124  accepted=85  auc=0.9184  uauc=0.7452  loss=nan  (4.7s)
Round   28/30  coverage=0.5053  prec@K=0.0124  accepted=86  auc=0.9294  uauc=0.7110  loss=nan  (4.9s)
Round   29/30  coverage=0.5055  prec@K=0.0123  accepted=86  auc=0.8972  uauc=0.6874  loss=nan  (4.8s)
Round   30/30  coverage=0.5056  prec@K=0.0103  accepted=72  auc=0.9365  uauc=0.7299  loss=nan  (6.0s)

结果已写入 results\orchestrator\runs\ir50_constlr5e5_multiseed_bidir\epinions\aa_s0/rounds.csv
