=== epinions_gnn_h32_s2  started 2026-05-08T22:25:50 ===

C:\conda\envs\gnn\lib\site-packages\requests\__init__.py:86: RequestsDependencyWarning: Unable to find acceptable character detection dependency (chardet or charset_normalizer).
  warnings.warn(
C:\conda\envs\gnn\lib\site-packages\outdated\__init__.py:36: UserWarning: pkg_resources is deprecated as an API. See https://setuptools.pypa.io/en/latest/pkg_resources.html. The pkg_resources package is slated for removal as early as 2025-11-30. Refrain from using this package or pin to Setuptools<81.
  from pkg_resources import parse_version
Round    1/30  coverage=0.5001  prec@K=0.0063  accepted=44  auc=0.7376  uauc=0.7478  loss=0.6620  (13.3s)
Round    2/30  coverage=0.5002  prec@K=0.0073  accepted=50  auc=0.6723  uauc=0.6284  loss=0.6614  (7.9s)
Round    3/30  coverage=0.5003  prec@K=0.0053  accepted=37  auc=0.7465  uauc=0.6572  loss=0.6603  (7.9s)
Round    4/30  coverage=0.5004  prec@K=0.0091  accepted=62  auc=0.7393  uauc=0.5839  loss=0.6600  (7.6s)
Round    5/30  coverage=0.5004  prec@K=0.0051  accepted=35  auc=0.6820  uauc=0.5176  loss=0.6587  (7.3s)
Round    6/30  coverage=0.5005  prec@K=0.0060  accepted=41  auc=0.6176  uauc=0.5535  loss=0.6578  (7.6s)
Round    7/30  coverage=0.5006  prec@K=0.0038  accepted=26  auc=0.6656  uauc=0.5781  loss=0.6568  (8.0s)
Round    8/30  coverage=0.5007  prec@K=0.0066  accepted=45  auc=0.6099  uauc=0.6072  loss=0.6562  (7.5s)
Round    9/30  coverage=0.5007  prec@K=0.0058  accepted=41  auc=0.7168  uauc=0.6704  loss=0.6554  (8.4s)
Round   10/30  coverage=0.5008  prec@K=0.0059  accepted=41  auc=0.6370  uauc=0.5943  loss=0.6545  (8.2s)
Round   11/30  coverage=0.5009  prec@K=0.0065  accepted=45  auc=0.5501  uauc=0.5440  loss=0.6538  (13.7s)
Round   12/30  coverage=0.5010  prec@K=0.0037  accepted=26  auc=0.6008  uauc=0.6017  loss=0.6526  (9.1s)
Round   13/30  coverage=0.5011  prec@K=0.0072  accepted=50  auc=0.5876  uauc=0.6887  loss=0.6523  (9.1s)
Round   14/30  coverage=0.5011  prec@K=0.0047  accepted=32  auc=0.4702  uauc=0.5747  loss=0.6512  (8.9s)
Round   15/30  coverage=0.5012  prec@K=0.0062  accepted=43  auc=0.3406  uauc=0.5784  loss=0.6506  (9.7s)
Round   16/30  coverage=0.5013  prec@K=0.0051  accepted=35  auc=0.4382  uauc=0.5185  loss=0.6498  (9.7s)
Round   17/30  coverage=0.5014  prec@K=0.0063  accepted=43  auc=0.4128  uauc=0.6178  loss=0.6492  (10.1s)
Round   18/30  coverage=0.5014  prec@K=0.0039  accepted=27  auc=0.5282  uauc=0.6193  loss=0.6481  (10.2s)
Round   19/30  coverage=0.5015  prec@K=0.0041  accepted=28  auc=0.4672  uauc=0.5255  loss=0.6475  (10.7s)
Round   20/30  coverage=0.5015  prec@K=0.0040  accepted=27  auc=0.3759  uauc=0.6753  loss=0.6468  (9.6s)
Round   21/30  coverage=0.5016  prec@K=0.0068  accepted=46  auc=0.3393  uauc=0.5721  loss=0.6464  (15.9s)
Round   22/30  coverage=0.5017  prec@K=0.0038  accepted=26  auc=0.2993  uauc=0.6282  loss=0.6453  (10.4s)
Round   23/30  coverage=0.5017  prec@K=0.0046  accepted=32  auc=0.3023  uauc=0.5081  loss=0.6447  (11.4s)
Round   24/30  coverage=0.5018  prec@K=0.0048  accepted=33  auc=0.2401  uauc=0.5477  loss=0.6439  (11.4s)
Round   25/30  coverage=0.5019  prec@K=0.0043  accepted=29  auc=0.2665  uauc=0.4817  loss=0.6433  (11.3s)
Round   26/30  coverage=0.5019  prec@K=0.0025  accepted=17  auc=0.2057  uauc=0.4802  loss=0.6425  (11.7s)
Round   27/30  coverage=0.5019  prec@K=0.0043  accepted=30  auc=0.2384  uauc=0.5420  loss=0.6421  (12.0s)
Round   28/30  coverage=0.5020  prec@K=0.0037  accepted=25  auc=0.2521  uauc=0.5179  loss=0.6415  (12.1s)
Round   29/30  coverage=0.5020  prec@K=0.0023  accepted=16  auc=0.1894  uauc=0.4222  loss=0.6405  (12.2s)
Round   30/30  coverage=0.5021  prec@K=0.0040  accepted=27  auc=0.2260  uauc=0.5286  loss=0.6402  (12.4s)

结果已写入 results\orchestrator\runs\ir50_constlr5e5_multiseed_bidir\epinions\gnn_h32_s2/rounds.csv
