=== epinions_pa_s0  started 2026-05-08T22:42:33 ===

C:\conda\envs\gnn\lib\site-packages\requests\__init__.py:86: RequestsDependencyWarning: Unable to find acceptable character detection dependency (chardet or charset_normalizer).
  warnings.warn(
C:\conda\envs\gnn\lib\site-packages\outdated\__init__.py:36: UserWarning: pkg_resources is deprecated as an API. See https://setuptools.pypa.io/en/latest/pkg_resources.html. The pkg_resources package is slated for removal as early as 2025-11-30. Refrain from using this package or pin to Setuptools<81.
  from pkg_resources import parse_version
Round    1/30  coverage=0.5001  prec@K=0.0087  accepted=60  auc=0.6268  uauc=0.5206  loss=nan  (6.1s)
Round    2/30  coverage=0.5002  prec@K=0.0058  accepted=40  auc=0.6393  uauc=0.4881  loss=nan  (0.6s)
Round    3/30  coverage=0.5003  prec@K=0.0052  accepted=36  auc=0.6254  uauc=0.5684  loss=nan  (0.6s)
Round    4/30  coverage=0.5003  prec@K=0.0052  accepted=36  auc=0.5812  uauc=0.5261  loss=nan  (0.7s)
Round    5/30  coverage=0.5004  prec@K=0.0072  accepted=49  auc=0.6194  uauc=0.5678  loss=nan  (0.7s)
Round    6/30  coverage=0.5005  prec@K=0.0074  accepted=51  auc=0.6853  uauc=0.5378  loss=nan  (0.8s)
Round    7/30  coverage=0.5006  prec@K=0.0075  accepted=51  auc=0.5621  uauc=0.5515  loss=nan  (0.9s)
Round    8/30  coverage=0.5007  prec@K=0.0067  accepted=46  auc=0.6420  uauc=0.5046  loss=nan  (1.4s)
Round    9/30  coverage=0.5008  prec@K=0.0060  accepted=41  auc=0.6426  uauc=0.6142  loss=nan  (1.4s)
Round   10/30  coverage=0.5009  prec@K=0.0071  accepted=48  auc=0.6846  uauc=0.5206  loss=nan  (1.6s)
Round   11/30  coverage=0.5010  prec@K=0.0067  accepted=47  auc=0.6822  uauc=0.5418  loss=nan  (6.9s)
Round   12/30  coverage=0.5011  prec@K=0.0062  accepted=42  auc=0.6253  uauc=0.4676  loss=nan  (1.7s)
Round   13/30  coverage=0.5012  prec@K=0.0061  accepted=42  auc=0.6357  uauc=0.5493  loss=nan  (1.9s)
Round   14/30  coverage=0.5012  prec@K=0.0064  accepted=44  auc=0.6512  uauc=0.5274  loss=nan  (2.3s)
Round   15/30  coverage=0.5013  prec@K=0.0072  accepted=50  auc=0.6611  uauc=0.5243  loss=nan  (2.4s)
Round   16/30  coverage=0.5014  prec@K=0.0044  accepted=30  auc=0.6155  uauc=0.6171  loss=nan  (2.5s)
Round   17/30  coverage=0.5015  prec@K=0.0059  accepted=41  auc=0.7013  uauc=0.6081  loss=nan  (2.8s)
Round   18/30  coverage=0.5016  prec@K=0.0052  accepted=36  auc=0.6825  uauc=0.6171  loss=nan  (2.8s)
Round   19/30  coverage=0.5016  prec@K=0.0053  accepted=36  auc=0.7117  uauc=0.5525  loss=nan  (3.0s)
Round   20/30  coverage=0.5017  prec@K=0.0070  accepted=48  auc=0.6672  uauc=0.5724  loss=nan  (3.3s)
Round   21/30  coverage=0.5018  prec@K=0.0054  accepted=37  auc=0.6439  uauc=0.5713  loss=nan  (9.2s)
Round   22/30  coverage=0.5019  prec@K=0.0075  accepted=52  auc=0.5380  uauc=0.5271  loss=nan  (3.3s)
Round   23/30  coverage=0.5020  prec@K=0.0048  accepted=33  auc=0.6063  uauc=0.6099  loss=nan  (3.7s)
Round   24/30  coverage=0.5020  prec@K=0.0048  accepted=33  auc=0.6841  uauc=0.5409  loss=nan  (3.8s)
Round   25/30  coverage=0.5021  prec@K=0.0051  accepted=35  auc=0.7142  uauc=0.5235  loss=nan  (3.9s)
Round   26/30  coverage=0.5022  prec@K=0.0054  accepted=37  auc=0.6856  uauc=0.6732  loss=nan  (3.9s)
Round   27/30  coverage=0.5022  prec@K=0.0058  accepted=40  auc=0.6810  uauc=0.4788  loss=nan  (4.4s)
Round   28/30  coverage=0.5023  prec@K=0.0050  accepted=35  auc=0.7079  uauc=0.5882  loss=nan  (4.7s)
Round   29/30  coverage=0.5024  prec@K=0.0047  accepted=33  auc=0.6790  uauc=0.6048  loss=nan  (4.5s)
Round   30/30  coverage=0.5024  prec@K=0.0037  accepted=26  auc=0.5360  uauc=0.4188  loss=nan  (5.5s)

结果已写入 results\orchestrator\runs\ir50_constlr5e5_multiseed_bidir\epinions\pa_s0/rounds.csv
