=== epinions_gat_emb_s42  started 2026-05-08T22:14:28 ===

C:\conda\envs\gnn\lib\site-packages\requests\__init__.py:86: RequestsDependencyWarning: Unable to find acceptable character detection dependency (chardet or charset_normalizer).
  warnings.warn(
C:\conda\envs\gnn\lib\site-packages\outdated\__init__.py:36: UserWarning: pkg_resources is deprecated as an API. See https://setuptools.pypa.io/en/latest/pkg_resources.html. The pkg_resources package is slated for removal as early as 2025-11-30. Refrain from using this package or pin to Setuptools<81.
  from pkg_resources import parse_version
Round    1/30  coverage=0.5001  prec@K=0.0064  accepted=44  auc=0.7310  uauc=0.6084  loss=0.7874  (14.1s)
Round    2/30  coverage=0.5002  prec@K=0.0063  accepted=43  auc=0.5662  uauc=0.5467  loss=0.7874  (8.0s)
Round    3/30  coverage=0.5003  prec@K=0.0070  accepted=48  auc=0.5732  uauc=0.5548  loss=0.7870  (7.3s)
Round    4/30  coverage=0.5004  prec@K=0.0068  accepted=47  auc=0.5619  uauc=0.5066  loss=0.7870  (7.6s)
Round    5/30  coverage=0.5004  prec@K=0.0056  accepted=38  auc=0.4920  uauc=0.4741  loss=0.7871  (7.8s)
Round    6/30  coverage=0.5005  prec@K=0.0054  accepted=37  auc=0.3824  uauc=0.5142  loss=0.7871  (7.3s)
Round    7/30  coverage=0.5006  prec@K=0.0075  accepted=52  auc=0.4819  uauc=0.6252  loss=0.7864  (8.1s)
Round    8/30  coverage=0.5007  prec@K=0.0076  accepted=52  auc=0.5745  uauc=0.6448  loss=0.7863  (8.5s)
Round    9/30  coverage=0.5008  prec@K=0.0077  accepted=53  auc=0.5046  uauc=0.5572  loss=0.7860  (9.1s)
Round   10/30  coverage=0.5009  prec@K=0.0053  accepted=36  auc=0.4942  uauc=0.5197  loss=0.7867  (8.5s)
Round   11/30  coverage=0.5010  prec@K=0.0071  accepted=48  auc=0.4917  uauc=0.5321  loss=0.7860  (14.1s)
Round   12/30  coverage=0.5011  prec@K=0.0067  accepted=46  auc=0.3783  uauc=0.6222  loss=0.7861  (9.1s)
Round   13/30  coverage=0.5011  prec@K=0.0059  accepted=40  auc=0.4912  uauc=0.5283  loss=0.7862  (9.3s)
Round   14/30  coverage=0.5012  prec@K=0.0063  accepted=43  auc=0.2591  uauc=0.5259  loss=0.7860  (9.5s)
Round   15/30  coverage=0.5013  prec@K=0.0048  accepted=33  auc=0.3805  uauc=0.4746  loss=0.7862  (10.0s)
Round   16/30  coverage=0.5014  prec@K=0.0063  accepted=43  auc=0.3291  uauc=0.5554  loss=0.7858  (9.4s)
Round   17/30  coverage=0.5014  prec@K=0.0044  accepted=30  auc=0.2641  uauc=0.5563  loss=0.7861  (9.9s)
Round   18/30  coverage=0.5015  prec@K=0.0032  accepted=22  auc=0.3030  uauc=0.5831  loss=0.7863  (10.3s)
Round   19/30  coverage=0.5016  prec@K=0.0058  accepted=40  auc=0.3380  uauc=0.6262  loss=0.7855  (10.6s)
Round   20/30  coverage=0.5016  prec@K=0.0054  accepted=37  auc=0.2581  uauc=0.5678  loss=0.7855  (11.1s)
Round   21/30  coverage=0.5017  prec@K=0.0049  accepted=33  auc=0.2746  uauc=0.5135  loss=0.7856  (16.2s)
Round   22/30  coverage=0.5018  prec@K=0.0065  accepted=45  auc=0.2579  uauc=0.5972  loss=0.7851  (11.9s)
Round   23/30  coverage=0.5019  prec@K=0.0060  accepted=42  auc=0.2845  uauc=0.5511  loss=0.7851  (11.2s)
Round   24/30  coverage=0.5019  prec@K=0.0053  accepted=36  auc=0.2066  uauc=0.5694  loss=0.7851  (11.3s)
Round   25/30  coverage=0.5020  prec@K=0.0054  accepted=37  auc=0.2280  uauc=0.6047  loss=0.7850  (11.5s)
Round   26/30  coverage=0.5021  prec@K=0.0034  accepted=23  auc=0.2439  uauc=0.4357  loss=0.7854  (12.3s)
Round   27/30  coverage=0.5021  prec@K=0.0040  accepted=28  auc=0.2263  uauc=0.5112  loss=0.7852  (12.4s)
Round   28/30  coverage=0.5022  prec@K=0.0042  accepted=29  auc=0.2516  uauc=0.5014  loss=0.7850  (12.2s)
Round   29/30  coverage=0.5022  prec@K=0.0050  accepted=34  auc=0.2301  uauc=0.6151  loss=0.7846  (12.7s)
Round   30/30  coverage=0.5023  prec@K=0.0044  accepted=30  auc=0.3827  uauc=0.5776  loss=0.7847  (13.3s)

结果已写入 results\orchestrator\runs\ir50_constlr5e5_multiseed_bidir\epinions\gat_emb_s42/rounds.csv
