=== epinions_gnn_sum_h8_s2  started 2026-05-08T22:34:54 ===

C:\conda\envs\gnn\lib\site-packages\requests\__init__.py:86: RequestsDependencyWarning: Unable to find acceptable character detection dependency (chardet or charset_normalizer).
  warnings.warn(
C:\conda\envs\gnn\lib\site-packages\outdated\__init__.py:36: UserWarning: pkg_resources is deprecated as an API. See https://setuptools.pypa.io/en/latest/pkg_resources.html. The pkg_resources package is slated for removal as early as 2025-11-30. Refrain from using this package or pin to Setuptools<81.
  from pkg_resources import parse_version
Round    1/30  coverage=0.5001  prec@K=0.0049  accepted=34  auc=0.3029  uauc=0.4724  loss=0.5249  (13.6s)
Round    2/30  coverage=0.5001  prec@K=0.0050  accepted=34  auc=0.3017  uauc=0.5395  loss=0.5243  (7.6s)
Round    3/30  coverage=0.5002  prec@K=0.0030  accepted=21  auc=0.1778  uauc=0.4367  loss=0.5230  (8.4s)
Round    4/30  coverage=0.5002  prec@K=0.0050  accepted=34  auc=0.1600  uauc=0.3024  loss=0.5240  (7.7s)
Round    5/30  coverage=0.5003  prec@K=0.0030  accepted=21  auc=0.0989  uauc=0.1533  loss=0.5227  (7.4s)
Round    6/30  coverage=0.5003  prec@K=0.0039  accepted=27  auc=0.1582  uauc=0.3298  loss=0.5225  (7.8s)
Round    7/30  coverage=0.5004  prec@K=0.0025  accepted=17  auc=0.2153  uauc=0.5104  loss=0.5208  (8.2s)
Round    8/30  coverage=0.5004  prec@K=0.0034  accepted=23  auc=0.1482  uauc=0.3542  loss=0.5212  (7.9s)
Round    9/30  coverage=0.5005  prec@K=0.0034  accepted=24  auc=0.2486  uauc=0.4597  loss=0.5209  (9.0s)
Round   10/30  coverage=0.5005  prec@K=0.0035  accepted=24  auc=0.2110  uauc=0.3689  loss=0.5204  (8.6s)
Round   11/30  coverage=0.5006  prec@K=0.0045  accepted=31  auc=0.1951  uauc=0.3619  loss=0.5210  (14.1s)
Round   12/30  coverage=0.5006  prec@K=0.0026  accepted=18  auc=0.1882  uauc=0.4052  loss=0.5197  (9.8s)
Round   13/30  coverage=0.5007  prec@K=0.0042  accepted=29  auc=0.2587  uauc=0.4848  loss=0.5201  (9.5s)
Round   14/30  coverage=0.5007  prec@K=0.0031  accepted=21  auc=0.2359  uauc=0.3296  loss=0.5184  (9.7s)
Round   15/30  coverage=0.5008  prec@K=0.0042  accepted=29  auc=0.1614  uauc=0.4143  loss=0.5195  (10.1s)
Round   16/30  coverage=0.5008  prec@K=0.0031  accepted=21  auc=0.2164  uauc=0.3121  loss=0.5182  (10.4s)
Round   17/30  coverage=0.5009  prec@K=0.0053  accepted=36  auc=0.2804  uauc=0.4472  loss=0.5194  (10.2s)
Round   18/30  coverage=0.5009  prec@K=0.0020  accepted=14  auc=0.2383  uauc=0.2288  loss=0.5171  (10.4s)
Round   19/30  coverage=0.5009  prec@K=0.0032  accepted=22  auc=0.1950  uauc=0.3644  loss=0.5173  (10.3s)
Round   20/30  coverage=0.5010  prec@K=0.0028  accepted=19  auc=0.2330  uauc=0.5099  loss=0.5167  (9.9s)
Round   21/30  coverage=0.5010  prec@K=0.0052  accepted=35  auc=0.1675  uauc=0.4677  loss=0.5181  (16.9s)
Round   22/30  coverage=0.5011  prec@K=0.0028  accepted=19  auc=0.2171  uauc=0.4524  loss=0.5158  (10.8s)
Round   23/30  coverage=0.5011  prec@K=0.0035  accepted=24  auc=0.1921  uauc=0.5985  loss=0.5162  (11.5s)
Round   24/30  coverage=0.5012  prec@K=0.0034  accepted=23  auc=0.1891  uauc=0.3202  loss=0.5157  (11.5s)
Round   25/30  coverage=0.5012  prec@K=0.0034  accepted=23  auc=0.1415  uauc=0.4042  loss=0.5147  (11.4s)
Round   26/30  coverage=0.5013  prec@K=0.0022  accepted=15  auc=0.2036  uauc=0.2917  loss=0.5144  (11.9s)
Round   27/30  coverage=0.5013  prec@K=0.0036  accepted=25  auc=0.2001  uauc=0.4980  loss=0.5147  (12.0s)
Round   28/30  coverage=0.5013  prec@K=0.0031  accepted=21  auc=0.2335  uauc=0.6038  loss=0.5134  (12.1s)
Round   29/30  coverage=0.5014  prec@K=0.0020  accepted=14  auc=0.1450  uauc=0.2500  loss=0.5127  (12.1s)
Round   30/30  coverage=0.5014  prec@K=0.0038  accepted=26  auc=0.2842  uauc=0.4025  loss=0.5135  (12.5s)

结果已写入 results\orchestrator\runs\ir50_constlr5e5_multiseed_bidir\epinions\gnn_sum_h8_s2/rounds.csv
