=== epinions_gnn_sum_s1  started 2026-05-08T22:31:15 ===

C:\conda\envs\gnn\lib\site-packages\requests\__init__.py:86: RequestsDependencyWarning: Unable to find acceptable character detection dependency (chardet or charset_normalizer).
  warnings.warn(
C:\conda\envs\gnn\lib\site-packages\outdated\__init__.py:36: UserWarning: pkg_resources is deprecated as an API. See https://setuptools.pypa.io/en/latest/pkg_resources.html. The pkg_resources package is slated for removal as early as 2025-11-30. Refrain from using this package or pin to Setuptools<81.
  from pkg_resources import parse_version
Round    1/30  coverage=0.5001  prec@K=0.0050  accepted=34  auc=0.2452  uauc=0.6837  loss=0.7253  (14.0s)
Round    2/30  coverage=0.5001  prec@K=0.0055  accepted=38  auc=0.2684  uauc=0.7216  loss=0.7230  (7.1s)
Round    3/30  coverage=0.5002  prec@K=0.0073  accepted=50  auc=0.2899  uauc=0.5744  loss=0.7199  (8.3s)
Round    4/30  coverage=0.5003  prec@K=0.0059  accepted=40  auc=0.2559  uauc=0.7462  loss=0.7180  (7.4s)
Round    5/30  coverage=0.5004  prec@K=0.0046  accepted=32  auc=0.3255  uauc=0.5372  loss=0.7145  (7.6s)
Round    6/30  coverage=0.5005  prec@K=0.0055  accepted=38  auc=0.2716  uauc=0.6790  loss=0.7117  (7.9s)
Round    7/30  coverage=0.5005  prec@K=0.0038  accepted=26  auc=0.2276  uauc=0.5999  loss=0.7112  (7.7s)
Round    8/30  coverage=0.5006  prec@K=0.0047  accepted=32  auc=0.2490  uauc=0.6139  loss=0.7070  (8.3s)
Round    9/30  coverage=0.5006  prec@K=0.0044  accepted=30  auc=0.2771  uauc=0.7312  loss=0.7044  (8.4s)
Round   10/30  coverage=0.5007  prec@K=0.0060  accepted=42  auc=0.1743  uauc=0.6717  loss=0.7023  (9.0s)
Round   11/30  coverage=0.5008  prec@K=0.0058  accepted=40  auc=0.2378  uauc=0.5925  loss=0.6994  (14.8s)
Round   12/30  coverage=0.5009  prec@K=0.0061  accepted=42  auc=0.2577  uauc=0.7312  loss=0.6969  (9.3s)
Round   13/30  coverage=0.5010  prec@K=0.0076  accepted=52  auc=0.2723  uauc=0.6488  loss=0.6933  (9.5s)
Round   14/30  coverage=0.5010  prec@K=0.0046  accepted=32  auc=0.2562  uauc=0.7098  loss=0.6920  (9.0s)
Round   15/30  coverage=0.5011  prec@K=0.0042  accepted=29  auc=0.2881  uauc=0.6951  loss=0.6883  (9.9s)
Round   16/30  coverage=0.5012  prec@K=0.0054  accepted=37  auc=0.2828  uauc=0.7392  loss=0.6871  (9.4s)
Round   17/30  coverage=0.5013  prec@K=0.0069  accepted=48  auc=0.2199  uauc=0.6663  loss=0.6846  (10.1s)
Round   18/30  coverage=0.5013  prec@K=0.0052  accepted=36  auc=0.2712  uauc=0.6183  loss=0.6810  (10.7s)
Round   19/30  coverage=0.5014  prec@K=0.0041  accepted=28  auc=0.2501  uauc=0.6008  loss=0.6784  (11.4s)
Round   20/30  coverage=0.5015  prec@K=0.0066  accepted=46  auc=0.2557  uauc=0.7255  loss=0.6760  (11.1s)
Round   21/30  coverage=0.5015  prec@K=0.0049  accepted=34  auc=0.2677  uauc=0.6269  loss=0.6745  (16.4s)
Round   22/30  coverage=0.5016  prec@K=0.0068  accepted=46  auc=0.2664  uauc=0.7381  loss=0.6721  (10.6s)
Round   23/30  coverage=0.5017  prec@K=0.0056  accepted=39  auc=0.2710  uauc=0.7592  loss=0.6696  (11.1s)
Round   24/30  coverage=0.5018  prec@K=0.0046  accepted=32  auc=0.2670  uauc=0.6479  loss=0.6671  (11.5s)
Round   25/30  coverage=0.5018  prec@K=0.0055  accepted=38  auc=0.1945  uauc=0.6438  loss=0.6656  (11.5s)
Round   26/30  coverage=0.5019  prec@K=0.0035  accepted=24  auc=0.2142  uauc=0.6046  loss=0.6619  (12.1s)
Round   27/30  coverage=0.5020  prec@K=0.0055  accepted=38  auc=0.2240  uauc=0.5124  loss=0.6605  (11.8s)
Round   28/30  coverage=0.5021  prec@K=0.0064  accepted=44  auc=0.2186  uauc=0.5788  loss=0.6561  (12.3s)
Round   29/30  coverage=0.5021  prec@K=0.0049  accepted=34  auc=0.1949  uauc=0.6538  loss=0.6552  (12.0s)
Round   30/30  coverage=0.5022  prec@K=0.0049  accepted=33  auc=0.2531  uauc=0.7162  loss=0.6510  (12.5s)

结果已写入 results\orchestrator\runs\ir50_constlr5e5_multiseed_bidir\epinions\gnn_sum_s1/rounds.csv
