=== epinions_jaccard_s3  started 2026-05-08T22:42:29 ===

C:\conda\envs\gnn\lib\site-packages\requests\__init__.py:86: RequestsDependencyWarning: Unable to find acceptable character detection dependency (chardet or charset_normalizer).
  warnings.warn(
C:\conda\envs\gnn\lib\site-packages\outdated\__init__.py:36: UserWarning: pkg_resources is deprecated as an API. See https://setuptools.pypa.io/en/latest/pkg_resources.html. The pkg_resources package is slated for removal as early as 2025-11-30. Refrain from using this package or pin to Setuptools<81.
  from pkg_resources import parse_version
Round    1/30  coverage=0.5002  prec@K=0.0115  accepted=78  auc=0.6553  uauc=0.6124  loss=nan  (6.2s)
Round    2/30  coverage=0.5003  prec@K=0.0092  accepted=63  auc=0.6183  uauc=0.6858  loss=nan  (0.7s)
Round    3/30  coverage=0.5004  prec@K=0.0110  accepted=76  auc=0.6114  uauc=0.6078  loss=nan  (0.7s)
Round    4/30  coverage=0.5006  prec@K=0.0095  accepted=64  auc=0.6104  uauc=0.5593  loss=nan  (0.8s)
Round    5/30  coverage=0.5007  prec@K=0.0089  accepted=61  auc=0.6196  uauc=0.6470  loss=nan  (0.9s)
Round    6/30  coverage=0.5008  prec@K=0.0083  accepted=57  auc=0.5852  uauc=0.6370  loss=nan  (0.9s)
Round    7/30  coverage=0.5009  prec@K=0.0120  accepted=82  auc=0.6018  uauc=0.6897  loss=nan  (1.0s)
Round    8/30  coverage=0.5011  prec@K=0.0082  accepted=56  auc=0.5879  uauc=0.5344  loss=nan  (1.5s)
Round    9/30  coverage=0.5013  prec@K=0.0160  accepted=110  auc=0.5839  uauc=0.6260  loss=nan  (1.6s)
Round   10/30  coverage=0.5014  prec@K=0.0100  accepted=70  auc=0.5924  uauc=0.6633  loss=nan  (1.8s)
Round   11/30  coverage=0.5016  prec@K=0.0115  accepted=79  auc=0.5928  uauc=0.6694  loss=nan  (7.2s)
Round   12/30  coverage=0.5017  prec@K=0.0087  accepted=61  auc=0.6108  uauc=0.6467  loss=nan  (2.1s)
Round   13/30  coverage=0.5018  prec@K=0.0111  accepted=76  auc=0.5785  uauc=0.6756  loss=nan  (2.3s)
Round   14/30  coverage=0.5020  prec@K=0.0129  accepted=90  auc=0.5667  uauc=0.5843  loss=nan  (2.3s)
Round   15/30  coverage=0.5021  prec@K=0.0091  accepted=63  auc=0.5995  uauc=0.5645  loss=nan  (2.9s)
Round   16/30  coverage=0.5023  prec@K=0.0107  accepted=73  auc=0.5894  uauc=0.6802  loss=nan  (3.0s)
Round   17/30  coverage=0.5024  prec@K=0.0120  accepted=81  auc=0.6126  uauc=0.6527  loss=nan  (3.0s)
Round   18/30  coverage=0.5026  prec@K=0.0119  accepted=83  auc=0.6185  uauc=0.6940  loss=nan  (3.3s)
Round   19/30  coverage=0.5027  prec@K=0.0074  accepted=51  auc=0.5539  uauc=0.6728  loss=nan  (3.3s)
Round   20/30  coverage=0.5028  prec@K=0.0100  accepted=69  auc=0.6756  uauc=0.6686  loss=nan  (3.8s)
Round   21/30  coverage=0.5030  prec@K=0.0116  accepted=79  auc=0.6098  uauc=0.6434  loss=nan  (9.3s)
Round   22/30  coverage=0.5031  prec@K=0.0110  accepted=77  auc=0.5796  uauc=0.6351  loss=nan  (3.9s)
Round   23/30  coverage=0.5033  prec@K=0.0085  accepted=57  auc=0.6453  uauc=0.7265  loss=nan  (4.1s)
Round   24/30  coverage=0.5034  prec@K=0.0105  accepted=73  auc=0.5997  uauc=0.7131  loss=nan  (4.2s)
Round   25/30  coverage=0.5035  prec@K=0.0099  accepted=68  auc=0.6309  uauc=0.6188  loss=nan  (4.8s)
Round   26/30  coverage=0.5037  prec@K=0.0133  accepted=92  auc=0.5961  uauc=0.6596  loss=nan  (4.5s)
Round   27/30  coverage=0.5038  prec@K=0.0097  accepted=66  auc=0.6246  uauc=0.7184  loss=nan  (4.7s)
Round   28/30  coverage=0.5040  prec@K=0.0089  accepted=61  auc=0.5984  uauc=0.5623  loss=nan  (5.1s)
Round   29/30  coverage=0.5041  prec@K=0.0095  accepted=65  auc=0.5790  uauc=0.7283  loss=nan  (5.3s)
Round   30/30  coverage=0.5042  prec@K=0.0081  accepted=56  auc=0.5987  uauc=0.7507  loss=nan  (5.6s)

结果已写入 results\orchestrator\runs\ir50_constlr5e5_multiseed_bidir\epinions\jaccard_s3/rounds.csv
