=== epinions_jaccard_s2  started 2026-05-08T22:42:29 ===

C:\conda\envs\gnn\lib\site-packages\requests\__init__.py:86: RequestsDependencyWarning: Unable to find acceptable character detection dependency (chardet or charset_normalizer).
  warnings.warn(
C:\conda\envs\gnn\lib\site-packages\outdated\__init__.py:36: UserWarning: pkg_resources is deprecated as an API. See https://setuptools.pypa.io/en/latest/pkg_resources.html. The pkg_resources package is slated for removal as early as 2025-11-30. Refrain from using this package or pin to Setuptools<81.
  from pkg_resources import parse_version
Round    1/30  coverage=0.5002  prec@K=0.0115  accepted=80  auc=0.6109  uauc=0.6350  loss=nan  (6.1s)
Round    2/30  coverage=0.5003  prec@K=0.0099  accepted=68  auc=0.5939  uauc=0.6555  loss=nan  (0.7s)
Round    3/30  coverage=0.5004  prec@K=0.0084  accepted=58  auc=0.5417  uauc=0.5771  loss=nan  (0.7s)
Round    4/30  coverage=0.5006  prec@K=0.0111  accepted=76  auc=0.6448  uauc=0.6090  loss=nan  (0.8s)
Round    5/30  coverage=0.5007  prec@K=0.0092  accepted=63  auc=0.6152  uauc=0.7064  loss=nan  (0.9s)
Round    6/30  coverage=0.5008  prec@K=0.0095  accepted=65  auc=0.6102  uauc=0.7882  loss=nan  (1.0s)
Round    7/30  coverage=0.5009  prec@K=0.0089  accepted=61  auc=0.5865  uauc=0.6720  loss=nan  (1.3s)
Round    8/30  coverage=0.5010  prec@K=0.0081  accepted=55  auc=0.5625  uauc=0.6771  loss=nan  (1.4s)
Round    9/30  coverage=0.5011  prec@K=0.0080  accepted=56  auc=0.6060  uauc=0.6495  loss=nan  (1.7s)
Round   10/30  coverage=0.5013  prec@K=0.0107  accepted=74  auc=0.6191  uauc=0.5672  loss=nan  (1.9s)
Round   11/30  coverage=0.5015  prec@K=0.0122  accepted=85  auc=0.6296  uauc=0.7426  loss=nan  (7.3s)
Round   12/30  coverage=0.5016  prec@K=0.0085  accepted=59  auc=0.5752  uauc=0.6013  loss=nan  (2.1s)
Round   13/30  coverage=0.5017  prec@K=0.0125  accepted=87  auc=0.5847  uauc=0.5941  loss=nan  (2.2s)
Round   14/30  coverage=0.5019  prec@K=0.0090  accepted=62  auc=0.5970  uauc=0.6203  loss=nan  (2.5s)
Round   15/30  coverage=0.5020  prec@K=0.0127  accepted=88  auc=0.5988  uauc=0.5504  loss=nan  (2.8s)
Round   16/30  coverage=0.5022  prec@K=0.0102  accepted=70  auc=0.5924  uauc=0.6486  loss=nan  (3.0s)
Round   17/30  coverage=0.5023  prec@K=0.0122  accepted=83  auc=0.6463  uauc=0.6695  loss=nan  (3.0s)
Round   18/30  coverage=0.5024  prec@K=0.0080  accepted=55  auc=0.6071  uauc=0.6691  loss=nan  (3.4s)
Round   19/30  coverage=0.5026  prec@K=0.0092  accepted=63  auc=0.5905  uauc=0.6396  loss=nan  (3.5s)
Round   20/30  coverage=0.5027  prec@K=0.0081  accepted=55  auc=0.5735  uauc=0.5228  loss=nan  (3.3s)
Round   21/30  coverage=0.5028  prec@K=0.0127  accepted=86  auc=0.6211  uauc=0.6330  loss=nan  (9.6s)
Round   22/30  coverage=0.5030  prec@K=0.0100  accepted=68  auc=0.5814  uauc=0.6489  loss=nan  (3.7s)
Round   23/30  coverage=0.5031  prec@K=0.0084  accepted=58  auc=0.6320  uauc=0.6327  loss=nan  (4.3s)
Round   24/30  coverage=0.5033  prec@K=0.0151  accepted=103  auc=0.5913  uauc=0.6410  loss=nan  (4.2s)
Round   25/30  coverage=0.5034  prec@K=0.0109  accepted=74  auc=0.6262  uauc=0.6485  loss=nan  (4.8s)
Round   26/30  coverage=0.5036  prec@K=0.0091  accepted=63  auc=0.6217  uauc=0.7202  loss=nan  (4.5s)
Round   27/30  coverage=0.5037  prec@K=0.0100  accepted=70  auc=0.5793  uauc=0.4975  loss=nan  (4.8s)
Round   28/30  coverage=0.5039  prec@K=0.0117  accepted=80  auc=0.5559  uauc=0.5908  loss=nan  (5.1s)
Round   29/30  coverage=0.5040  prec@K=0.0087  accepted=60  auc=0.6020  uauc=0.6716  loss=nan  (5.2s)
Round   30/30  coverage=0.5041  prec@K=0.0072  accepted=49  auc=0.6206  uauc=0.5943  loss=nan  (5.9s)

结果已写入 results\orchestrator\runs\ir50_constlr5e5_multiseed_bidir\epinions\jaccard_s2/rounds.csv
