=== epinions_graphsage_emb_s1  started 2026-05-08T22:37:00 ===

C:\conda\envs\gnn\lib\site-packages\requests\__init__.py:86: RequestsDependencyWarning: Unable to find acceptable character detection dependency (chardet or charset_normalizer).
  warnings.warn(
C:\conda\envs\gnn\lib\site-packages\outdated\__init__.py:36: UserWarning: pkg_resources is deprecated as an API. See https://setuptools.pypa.io/en/latest/pkg_resources.html. The pkg_resources package is slated for removal as early as 2025-11-30. Refrain from using this package or pin to Setuptools<81.
  from pkg_resources import parse_version
Round    1/30  coverage=0.5001  prec@K=0.0068  accepted=47  auc=0.7630  uauc=0.5284  loss=0.7997  (13.6s)
Round    2/30  coverage=0.5002  prec@K=0.0090  accepted=62  auc=0.7109  uauc=0.6189  loss=0.7985  (7.4s)
Round    3/30  coverage=0.5003  prec@K=0.0088  accepted=61  auc=0.7557  uauc=0.5709  loss=0.7978  (7.6s)
Round    4/30  coverage=0.5004  prec@K=0.0071  accepted=48  auc=0.7043  uauc=0.6562  loss=0.7973  (7.3s)
Round    5/30  coverage=0.5005  prec@K=0.0078  accepted=54  auc=0.7248  uauc=0.5915  loss=0.7970  (7.5s)
Round    6/30  coverage=0.5006  prec@K=0.0061  accepted=42  auc=0.7211  uauc=0.5626  loss=0.7962  (7.7s)
Round    7/30  coverage=0.5007  prec@K=0.0063  accepted=43  auc=0.7197  uauc=0.5762  loss=0.7961  (7.3s)
Round    8/30  coverage=0.5008  prec@K=0.0074  accepted=51  auc=0.7265  uauc=0.5153  loss=0.7947  (7.9s)
Round    9/30  coverage=0.5009  prec@K=0.0059  accepted=40  auc=0.6976  uauc=0.5782  loss=0.7950  (8.1s)
Round   10/30  coverage=0.5010  prec@K=0.0062  accepted=43  auc=0.7668  uauc=0.6193  loss=0.7943  (8.8s)
Round   11/30  coverage=0.5011  prec@K=0.0069  accepted=47  auc=0.7232  uauc=0.6933  loss=0.7937  (14.3s)
Round   12/30  coverage=0.5012  prec@K=0.0073  accepted=50  auc=0.7346  uauc=0.5484  loss=0.7928  (8.8s)
Round   13/30  coverage=0.5013  prec@K=0.0093  accepted=64  auc=0.7051  uauc=0.6001  loss=0.7916  (9.4s)
Round   14/30  coverage=0.5014  prec@K=0.0058  accepted=40  auc=0.7115  uauc=0.5378  loss=0.7917  (9.1s)
Round   15/30  coverage=0.5014  prec@K=0.0043  accepted=30  auc=0.6804  uauc=0.6722  loss=0.7918  (9.9s)
Round   16/30  coverage=0.5015  prec@K=0.0056  accepted=38  auc=0.6788  uauc=0.3671  loss=0.7907  (9.3s)
Round   17/30  coverage=0.5016  prec@K=0.0083  accepted=58  auc=0.7160  uauc=0.5521  loss=0.7898  (9.7s)
Round   18/30  coverage=0.5017  prec@K=0.0067  accepted=46  auc=0.6733  uauc=0.6471  loss=0.7895  (10.9s)
Round   19/30  coverage=0.5018  prec@K=0.0064  accepted=44  auc=0.7356  uauc=0.5008  loss=0.7890  (10.5s)
Round   20/30  coverage=0.5019  prec@K=0.0069  accepted=48  auc=0.7112  uauc=0.6359  loss=0.7881  (10.7s)
Round   21/30  coverage=0.5020  prec@K=0.0078  accepted=54  auc=0.7403  uauc=0.6447  loss=0.7870  (16.0s)
Round   22/30  coverage=0.5021  prec@K=0.0084  accepted=57  auc=0.6626  uauc=0.6201  loss=0.7865  (10.8s)
Round   23/30  coverage=0.5022  prec@K=0.0078  accepted=54  auc=0.7156  uauc=0.5876  loss=0.7864  (11.0s)
Round   24/30  coverage=0.5023  prec@K=0.0071  accepted=49  auc=0.6593  uauc=0.4566  loss=0.7859  (11.3s)
Round   25/30  coverage=0.5024  prec@K=0.0075  accepted=52  auc=0.7345  uauc=0.6390  loss=0.7848  (11.4s)
Round   26/30  coverage=0.5025  prec@K=0.0064  accepted=44  auc=0.7276  uauc=0.5691  loss=0.7844  (11.9s)
Round   27/30  coverage=0.5026  prec@K=0.0068  accepted=47  auc=0.7291  uauc=0.6500  loss=0.7841  (11.9s)
Round   28/30  coverage=0.5027  prec@K=0.0085  accepted=59  auc=0.7445  uauc=0.6048  loss=0.7832  (12.4s)
Round   29/30  coverage=0.5028  prec@K=0.0073  accepted=50  auc=0.7372  uauc=0.5827  loss=0.7828  (11.9s)
Round   30/30  coverage=0.5029  prec@K=0.0062  accepted=42  auc=0.7124  uauc=0.5361  loss=0.7825  (12.6s)

结果已写入 results\orchestrator\runs\ir50_constlr5e5_multiseed_bidir\epinions\graphsage_emb_s1/rounds.csv
