=== epinions_gnn_sum_h8_s0  started 2026-05-08T22:31:22 ===

C:\conda\envs\gnn\lib\site-packages\requests\__init__.py:86: RequestsDependencyWarning: Unable to find acceptable character detection dependency (chardet or charset_normalizer).
  warnings.warn(
C:\conda\envs\gnn\lib\site-packages\outdated\__init__.py:36: UserWarning: pkg_resources is deprecated as an API. See https://setuptools.pypa.io/en/latest/pkg_resources.html. The pkg_resources package is slated for removal as early as 2025-11-30. Refrain from using this package or pin to Setuptools<81.
  from pkg_resources import parse_version
Round    1/30  coverage=0.5002  prec@K=0.0118  accepted=81  auc=0.6381  uauc=0.6916  loss=0.5554  (13.7s)
Round    2/30  coverage=0.5003  prec@K=0.0095  accepted=65  auc=0.6171  uauc=0.7016  loss=0.5541  (7.2s)
Round    3/30  coverage=0.5004  prec@K=0.0092  accepted=64  auc=0.6010  uauc=0.7905  loss=0.5539  (8.1s)
Round    4/30  coverage=0.5005  prec@K=0.0082  accepted=57  auc=0.6331  uauc=0.7159  loss=0.5533  (7.9s)
Round    5/30  coverage=0.5007  prec@K=0.0097  accepted=66  auc=0.5266  uauc=0.7417  loss=0.5539  (8.0s)
Round    6/30  coverage=0.5008  prec@K=0.0085  accepted=58  auc=0.5598  uauc=0.6378  loss=0.5534  (7.7s)
Round    7/30  coverage=0.5009  prec@K=0.0092  accepted=63  auc=0.6359  uauc=0.7099  loss=0.5538  (8.1s)
Round    8/30  coverage=0.5010  prec@K=0.0074  accepted=51  auc=0.6832  uauc=0.6925  loss=0.5530  (8.4s)
Round    9/30  coverage=0.5011  prec@K=0.0101  accepted=69  auc=0.6389  uauc=0.7425  loss=0.5538  (8.4s)
Round   10/30  coverage=0.5012  prec@K=0.0074  accepted=50  auc=0.5585  uauc=0.6727  loss=0.5524  (8.8s)
Round   11/30  coverage=0.5013  prec@K=0.0077  accepted=54  auc=0.5691  uauc=0.6828  loss=0.5525  (14.6s)
Round   12/30  coverage=0.5014  prec@K=0.0087  accepted=59  auc=0.5719  uauc=0.7425  loss=0.5528  (9.0s)
Round   13/30  coverage=0.5016  prec@K=0.0096  accepted=66  auc=0.5517  uauc=0.7046  loss=0.5531  (9.5s)
Round   14/30  coverage=0.5017  prec@K=0.0077  accepted=53  auc=0.6588  uauc=0.7640  loss=0.5521  (9.9s)
Round   15/30  coverage=0.5018  prec@K=0.0084  accepted=58  auc=0.6276  uauc=0.7195  loss=0.5524  (9.5s)
Round   16/30  coverage=0.5019  prec@K=0.0063  accepted=43  auc=0.5890  uauc=0.7698  loss=0.5515  (9.7s)
Round   17/30  coverage=0.5020  prec@K=0.0069  accepted=48  auc=0.6030  uauc=0.6531  loss=0.5513  (10.7s)
Round   18/30  coverage=0.5021  prec@K=0.0069  accepted=48  auc=0.5552  uauc=0.7977  loss=0.5514  (11.1s)
Round   19/30  coverage=0.5021  prec@K=0.0055  accepted=38  auc=0.5800  uauc=0.7146  loss=0.5508  (11.0s)
Round   20/30  coverage=0.5022  prec@K=0.0070  accepted=48  auc=0.6236  uauc=0.6600  loss=0.5514  (11.0s)
Round   21/30  coverage=0.5023  prec@K=0.0062  accepted=43  auc=0.5306  uauc=0.8153  loss=0.5508  (16.1s)
Round   22/30  coverage=0.5024  prec@K=0.0087  accepted=60  auc=0.6540  uauc=0.6467  loss=0.5514  (11.5s)
Round   23/30  coverage=0.5025  prec@K=0.0079  accepted=55  auc=0.5500  uauc=0.7944  loss=0.5514  (11.3s)
Round   24/30  coverage=0.5026  prec@K=0.0063  accepted=44  auc=0.6464  uauc=0.7557  loss=0.5506  (11.6s)
Round   25/30  coverage=0.5027  prec@K=0.0068  accepted=46  auc=0.6066  uauc=0.7171  loss=0.5505  (11.4s)
Round   26/30  coverage=0.5028  prec@K=0.0062  accepted=43  auc=0.5768  uauc=0.6361  loss=0.5498  (11.7s)
Round   27/30  coverage=0.5029  prec@K=0.0058  accepted=40  auc=0.6485  uauc=0.7422  loss=0.5500  (11.9s)
Round   28/30  coverage=0.5030  prec@K=0.0053  accepted=37  auc=0.6049  uauc=0.7623  loss=0.5498  (12.7s)
Round   29/30  coverage=0.5030  prec@K=0.0062  accepted=43  auc=0.5942  uauc=0.7341  loss=0.5496  (12.8s)
Round   30/30  coverage=0.5031  prec@K=0.0056  accepted=39  auc=0.6293  uauc=0.7551  loss=0.5497  (13.4s)

结果已写入 results\orchestrator\runs\ir50_constlr5e5_multiseed_bidir\epinions\gnn_sum_h8_s0/rounds.csv
