=== slashdot_seal_s0  started 2026-05-08T23:22:38 ===

C:\conda\envs\gnn\lib\site-packages\requests\__init__.py:86: RequestsDependencyWarning: Unable to find acceptable character detection dependency (chardet or charset_normalizer).
  warnings.warn(
C:\conda\envs\gnn\lib\site-packages\outdated\__init__.py:36: UserWarning: pkg_resources is deprecated as an API. See https://setuptools.pypa.io/en/latest/pkg_resources.html. The pkg_resources package is slated for removal as early as 2025-11-30. Refrain from using this package or pin to Setuptools<81.
  from pkg_resources import parse_version
Round    1/30  coverage=0.5001  prec@K=0.0042  accepted=30  auc=0.8145  uauc=0.6297  loss=0.6389  (12.3s)
Round    2/30  coverage=0.5001  prec@K=0.0033  accepted=24  auc=0.8226  uauc=0.7728  loss=0.6383  (6.7s)
Round    3/30  coverage=0.5001  prec@K=0.0030  accepted=22  auc=0.7563  uauc=0.6393  loss=0.6381  (7.6s)
Round    4/30  coverage=0.5002  prec@K=0.0034  accepted=25  auc=0.7958  uauc=0.6935  loss=0.6379  (7.8s)
Round    5/30  coverage=0.5002  prec@K=0.0026  accepted=19  auc=0.9056  uauc=0.8079  loss=0.6374  (7.7s)
Round    6/30  coverage=0.5003  prec@K=0.0039  accepted=28  auc=0.8334  uauc=0.7460  loss=0.6374  (7.7s)
Round    7/30  coverage=0.5003  prec@K=0.0038  accepted=28  auc=0.8749  uauc=0.5048  loss=0.6372  (7.8s)
Round    8/30  coverage=0.5004  prec@K=0.0029  accepted=21  auc=0.8995  uauc=0.8068  loss=0.6367  (7.7s)
Round    9/30  coverage=0.5004  prec@K=0.0030  accepted=22  auc=0.7791  uauc=0.6222  loss=0.6364  (8.0s)
Round   10/30  coverage=0.5005  prec@K=0.0030  accepted=22  auc=0.8456  uauc=0.5553  loss=0.6362  (8.6s)
Round   11/30  coverage=0.5005  prec@K=0.0032  accepted=23  auc=0.7786  uauc=0.7591  loss=0.6360  (13.3s)
Round   12/30  coverage=0.5005  prec@K=0.0022  accepted=16  auc=0.7094  uauc=0.6109  loss=0.6355  (8.9s)
Round   13/30  coverage=0.5006  prec@K=0.0026  accepted=19  auc=0.6234  uauc=0.6095  loss=0.6353  (9.3s)
Round   14/30  coverage=0.5006  prec@K=0.0029  accepted=21  auc=0.7655  uauc=0.7019  loss=0.6350  (9.6s)
Round   15/30  coverage=0.5006  prec@K=0.0020  accepted=15  auc=0.7228  uauc=0.6884  loss=0.6347  (10.1s)
Round   16/30  coverage=0.5007  prec@K=0.0026  accepted=19  auc=0.9134  uauc=0.7556  loss=0.6344  (10.4s)
Round   17/30  coverage=0.5007  prec@K=0.0028  accepted=20  auc=0.6623  uauc=0.7167  loss=0.6343  (9.9s)
Round   18/30  coverage=0.5008  prec@K=0.0025  accepted=18  auc=0.7024  uauc=0.8128  loss=0.6339  (10.1s)
Round   19/30  coverage=0.5008  prec@K=0.0028  accepted=20  auc=0.5978  uauc=0.6115  loss=0.6337  (11.0s)
Round   20/30  coverage=0.5009  prec@K=0.0038  accepted=28  auc=0.7439  uauc=0.6147  loss=0.6336  (10.7s)
Round   21/30  coverage=0.5009  prec@K=0.0029  accepted=21  auc=0.7676  uauc=0.6473  loss=0.6332  (15.8s)
Round   22/30  coverage=0.5009  prec@K=0.0025  accepted=18  auc=0.7666  uauc=0.5759  loss=0.6328  (11.3s)
Round   23/30  coverage=0.5010  prec@K=0.0018  accepted=13  auc=0.7877  uauc=0.6538  loss=0.6325  (11.7s)
Round   24/30  coverage=0.5010  prec@K=0.0029  accepted=21  auc=0.6024  uauc=0.6633  loss=0.6323  (11.1s)
Round   25/30  coverage=0.5010  prec@K=0.0022  accepted=16  auc=0.6852  uauc=0.7361  loss=0.6320  (11.4s)
Round   26/30  coverage=0.5010  prec@K=0.0014  accepted=10  auc=0.7756  uauc=0.8605  loss=0.6316  (11.1s)
Round   27/30  coverage=0.5011  prec@K=0.0025  accepted=18  auc=0.6166  uauc=0.7533  loss=0.6315  (11.5s)
Round   28/30  coverage=0.5011  prec@K=0.0012  accepted=9  auc=0.5433  uauc=0.7302  loss=0.6310  (12.5s)
Round   29/30  coverage=0.5011  prec@K=0.0023  accepted=17  auc=0.6531  uauc=0.6492  loss=0.6309  (12.1s)
Round   30/30  coverage=0.5012  prec@K=0.0026  accepted=19  auc=0.5053  uauc=0.5804  loss=0.6307  (11.3s)

结果已写入 results\orchestrator\runs\ir50_constlr5e5_multiseed_bidir\slashdot\seal_s0/rounds.csv
