=== slashdot_cn_s42  started 2026-05-08T22:50:22 ===

C:\conda\envs\gnn\lib\site-packages\requests\__init__.py:86: RequestsDependencyWarning: Unable to find acceptable character detection dependency (chardet or charset_normalizer).
  warnings.warn(
C:\conda\envs\gnn\lib\site-packages\outdated\__init__.py:36: UserWarning: pkg_resources is deprecated as an API. See https://setuptools.pypa.io/en/latest/pkg_resources.html. The pkg_resources package is slated for removal as early as 2025-11-30. Refrain from using this package or pin to Setuptools<81.
  from pkg_resources import parse_version
Round    1/30  coverage=0.5000  prec@K=0.0032  accepted=23  auc=0.7801  uauc=0.6588  loss=nan  (5.2s)
Round    2/30  coverage=0.5001  prec@K=0.0029  accepted=21  auc=0.8529  uauc=0.6490  loss=nan  (0.6s)
Round    3/30  coverage=0.5001  prec@K=0.0024  accepted=17  auc=0.8384  uauc=0.6957  loss=nan  (0.6s)
Round    4/30  coverage=0.5002  prec@K=0.0036  accepted=26  auc=0.7630  uauc=0.6227  loss=nan  (0.7s)
Round    5/30  coverage=0.5002  prec@K=0.0037  accepted=27  auc=0.7524  uauc=0.6407  loss=nan  (0.7s)
Round    6/30  coverage=0.5003  prec@K=0.0037  accepted=26  auc=0.7935  uauc=0.6462  loss=nan  (0.9s)
Round    7/30  coverage=0.5003  prec@K=0.0040  accepted=29  auc=0.8291  uauc=0.6460  loss=nan  (1.0s)
Round    8/30  coverage=0.5004  prec@K=0.0027  accepted=20  auc=0.7491  uauc=0.6571  loss=nan  (1.1s)
Round    9/30  coverage=0.5004  prec@K=0.0028  accepted=20  auc=0.8416  uauc=0.7546  loss=nan  (1.5s)
Round   10/30  coverage=0.5004  prec@K=0.0030  accepted=22  auc=0.7502  uauc=0.6804  loss=nan  (1.7s)
Round   11/30  coverage=0.5005  prec@K=0.0040  accepted=29  auc=0.7892  uauc=0.7367  loss=nan  (6.2s)
Round   12/30  coverage=0.5005  prec@K=0.0033  accepted=24  auc=0.8304  uauc=0.6605  loss=nan  (1.9s)
Round   13/30  coverage=0.5006  prec@K=0.0039  accepted=28  auc=0.8408  uauc=0.7543  loss=nan  (2.1s)
Round   14/30  coverage=0.5007  prec@K=0.0045  accepted=33  auc=0.8000  uauc=0.6500  loss=nan  (2.2s)
Round   15/30  coverage=0.5007  prec@K=0.0022  accepted=16  auc=0.8248  uauc=0.6111  loss=nan  (2.6s)
Round   16/30  coverage=0.5008  prec@K=0.0038  accepted=27  auc=0.8260  uauc=0.7121  loss=nan  (2.7s)
Round   17/30  coverage=0.5008  prec@K=0.0029  accepted=21  auc=0.8088  uauc=0.6880  loss=nan  (2.8s)
Round   18/30  coverage=0.5008  prec@K=0.0037  accepted=27  auc=0.8638  uauc=0.6861  loss=nan  (3.0s)
Round   19/30  coverage=0.5009  prec@K=0.0030  accepted=22  auc=0.8151  uauc=0.6735  loss=nan  (3.1s)
Round   20/30  coverage=0.5009  prec@K=0.0021  accepted=15  auc=0.8283  uauc=0.7965  loss=nan  (3.2s)
Round   21/30  coverage=0.5010  prec@K=0.0030  accepted=22  auc=0.8397  uauc=0.7054  loss=nan  (8.0s)
Round   22/30  coverage=0.5010  prec@K=0.0019  accepted=14  auc=0.8454  uauc=0.6076  loss=nan  (3.4s)
Round   23/30  coverage=0.5011  prec@K=0.0048  accepted=35  auc=0.7732  uauc=0.6897  loss=nan  (3.6s)
Round   24/30  coverage=0.5011  prec@K=0.0036  accepted=26  auc=0.7878  uauc=0.5770  loss=nan  (4.0s)
Round   25/30  coverage=0.5011  prec@K=0.0031  accepted=23  auc=0.8406  uauc=0.7162  loss=nan  (4.4s)
Round   26/30  coverage=0.5012  prec@K=0.0026  accepted=19  auc=0.7608  uauc=0.6319  loss=nan  (4.3s)
Round   27/30  coverage=0.5012  prec@K=0.0045  accepted=33  auc=0.8341  uauc=0.6494  loss=nan  (4.8s)
Round   28/30  coverage=0.5013  prec@K=0.0030  accepted=22  auc=0.8872  uauc=0.6352  loss=nan  (4.5s)
Round   29/30  coverage=0.5013  prec@K=0.0027  accepted=20  auc=0.7672  uauc=0.6637  loss=nan  (5.0s)
Round   30/30  coverage=0.5014  prec@K=0.0031  accepted=23  auc=0.8835  uauc=0.6636  loss=nan  (5.1s)

结果已写入 results\orchestrator\runs\ir50_constlr5e5_multiseed_bidir\slashdot\cn_s42/rounds.csv
