=== slashdot_aa_s0  started 2026-05-08T22:46:30 ===

C:\conda\envs\gnn\lib\site-packages\requests\__init__.py:86: RequestsDependencyWarning: Unable to find acceptable character detection dependency (chardet or charset_normalizer).
  warnings.warn(
C:\conda\envs\gnn\lib\site-packages\outdated\__init__.py:36: UserWarning: pkg_resources is deprecated as an API. See https://setuptools.pypa.io/en/latest/pkg_resources.html. The pkg_resources package is slated for removal as early as 2025-11-30. Refrain from using this package or pin to Setuptools<81.
  from pkg_resources import parse_version
Round    1/30  coverage=0.5001  prec@K=0.0046  accepted=33  auc=0.9151  uauc=0.7127  loss=nan  (5.5s)
Round    2/30  coverage=0.5001  prec@K=0.0044  accepted=32  auc=0.9026  uauc=0.6947  loss=nan  (0.7s)
Round    3/30  coverage=0.5002  prec@K=0.0030  accepted=22  auc=0.9187  uauc=0.6867  loss=nan  (0.8s)
Round    4/30  coverage=0.5002  prec@K=0.0048  accepted=35  auc=0.9316  uauc=0.6208  loss=nan  (0.9s)
Round    5/30  coverage=0.5003  prec@K=0.0045  accepted=33  auc=0.8921  uauc=0.6843  loss=nan  (1.0s)
Round    6/30  coverage=0.5004  prec@K=0.0050  accepted=36  auc=0.9450  uauc=0.7435  loss=nan  (1.1s)
Round    7/30  coverage=0.5004  prec@K=0.0037  accepted=27  auc=0.8832  uauc=0.6708  loss=nan  (1.2s)
Round    8/30  coverage=0.5005  prec@K=0.0039  accepted=28  auc=0.9305  uauc=0.6875  loss=nan  (1.5s)
Round    9/30  coverage=0.5005  prec@K=0.0033  accepted=24  auc=0.9345  uauc=0.7542  loss=nan  (1.7s)
Round   10/30  coverage=0.5006  prec@K=0.0042  accepted=31  auc=0.8881  uauc=0.6044  loss=nan  (1.9s)
Round   11/30  coverage=0.5006  prec@K=0.0036  accepted=26  auc=0.9184  uauc=0.7490  loss=nan  (6.6s)
Round   12/30  coverage=0.5007  prec@K=0.0042  accepted=30  auc=0.8901  uauc=0.7433  loss=nan  (1.9s)
Round   13/30  coverage=0.5007  prec@K=0.0035  accepted=26  auc=0.9233  uauc=0.7375  loss=nan  (2.4s)
Round   14/30  coverage=0.5008  prec@K=0.0030  accepted=22  auc=0.9462  uauc=0.7583  loss=nan  (2.6s)
Round   15/30  coverage=0.5008  prec@K=0.0030  accepted=22  auc=0.8848  uauc=0.7812  loss=nan  (2.7s)
Round   16/30  coverage=0.5009  prec@K=0.0038  accepted=28  auc=0.9451  uauc=0.8068  loss=nan  (2.6s)
Round   17/30  coverage=0.5009  prec@K=0.0043  accepted=31  auc=0.9362  uauc=0.7167  loss=nan  (3.1s)
Round   18/30  coverage=0.5010  prec@K=0.0041  accepted=30  auc=0.8691  uauc=0.6503  loss=nan  (3.3s)
Round   19/30  coverage=0.5011  prec@K=0.0047  accepted=34  auc=0.8801  uauc=0.7207  loss=nan  (3.0s)
Round   20/30  coverage=0.5011  prec@K=0.0056  accepted=41  auc=0.9414  uauc=0.7181  loss=nan  (3.4s)
Round   21/30  coverage=0.5012  prec@K=0.0050  accepted=37  auc=0.9100  uauc=0.7040  loss=nan  (8.9s)
Round   22/30  coverage=0.5013  prec@K=0.0037  accepted=27  auc=0.9445  uauc=0.7245  loss=nan  (3.8s)
Round   23/30  coverage=0.5013  prec@K=0.0027  accepted=20  auc=0.9054  uauc=0.7915  loss=nan  (4.1s)
Round   24/30  coverage=0.5014  prec@K=0.0047  accepted=34  auc=0.9180  uauc=0.7119  loss=nan  (3.8s)
Round   25/30  coverage=0.5014  prec@K=0.0037  accepted=27  auc=0.9005  uauc=0.6944  loss=nan  (3.9s)
Round   26/30  coverage=0.5015  prec@K=0.0033  accepted=24  auc=0.8461  uauc=0.6010  loss=nan  (4.0s)
Round   27/30  coverage=0.5015  prec@K=0.0032  accepted=23  auc=0.9313  uauc=0.6858  loss=nan  (4.8s)
Round   28/30  coverage=0.5016  prec@K=0.0026  accepted=19  auc=0.9468  uauc=0.7650  loss=nan  (4.9s)
Round   29/30  coverage=0.5016  prec@K=0.0039  accepted=28  auc=0.8974  uauc=0.7433  loss=nan  (4.9s)
Round   30/30  coverage=0.5017  prec@K=0.0044  accepted=32  auc=0.8868  uauc=0.6013  loss=nan  (4.3s)

结果已写入 results\orchestrator\runs\ir50_constlr5e5_multiseed_bidir\slashdot\aa_s0/rounds.csv
