=== slashdot_pa_s1  started 2026-05-08T23:20:47 ===

C:\conda\envs\gnn\lib\site-packages\requests\__init__.py:86: RequestsDependencyWarning: Unable to find acceptable character detection dependency (chardet or charset_normalizer).
  warnings.warn(
C:\conda\envs\gnn\lib\site-packages\outdated\__init__.py:36: UserWarning: pkg_resources is deprecated as an API. See https://setuptools.pypa.io/en/latest/pkg_resources.html. The pkg_resources package is slated for removal as early as 2025-11-30. Refrain from using this package or pin to Setuptools<81.
  from pkg_resources import parse_version
Round    1/30  coverage=0.5000  prec@K=0.0033  accepted=24  auc=0.6319  uauc=0.5549  loss=nan  (5.2s)
Round    2/30  coverage=0.5001  prec@K=0.0039  accepted=28  auc=0.5863  uauc=0.6160  loss=nan  (0.5s)
Round    3/30  coverage=0.5002  prec@K=0.0038  accepted=28  auc=0.8024  uauc=0.6039  loss=nan  (0.6s)
Round    4/30  coverage=0.5002  prec@K=0.0045  accepted=33  auc=0.7943  uauc=0.5564  loss=nan  (0.7s)
Round    5/30  coverage=0.5003  prec@K=0.0040  accepted=29  auc=0.6858  uauc=0.6002  loss=nan  (0.7s)
Round    6/30  coverage=0.5003  prec@K=0.0041  accepted=30  auc=0.6709  uauc=0.6657  loss=nan  (0.9s)
Round    7/30  coverage=0.5004  prec@K=0.0025  accepted=18  auc=0.7783  uauc=0.6765  loss=nan  (1.1s)
Round    8/30  coverage=0.5004  prec@K=0.0023  accepted=17  auc=0.7908  uauc=0.6562  loss=nan  (1.4s)
Round    9/30  coverage=0.5004  prec@K=0.0024  accepted=17  auc=0.7233  uauc=0.5719  loss=nan  (1.4s)
Round   10/30  coverage=0.5005  prec@K=0.0038  accepted=28  auc=0.6745  uauc=0.5672  loss=nan  (1.6s)
Round   11/30  coverage=0.5005  prec@K=0.0033  accepted=24  auc=0.5319  uauc=0.4781  loss=nan  (6.2s)
Round   12/30  coverage=0.5006  prec@K=0.0017  accepted=12  auc=0.6664  uauc=0.6162  loss=nan  (1.8s)
Round   13/30  coverage=0.5006  prec@K=0.0030  accepted=22  auc=0.8316  uauc=0.6639  loss=nan  (2.1s)
Round   14/30  coverage=0.5006  prec@K=0.0022  accepted=16  auc=0.7609  uauc=0.5764  loss=nan  (2.1s)
Round   15/30  coverage=0.5007  prec@K=0.0045  accepted=33  auc=0.7004  uauc=0.6895  loss=nan  (2.5s)
Round   16/30  coverage=0.5007  prec@K=0.0036  accepted=26  auc=0.6075  uauc=0.6974  loss=nan  (2.6s)
Round   17/30  coverage=0.5008  prec@K=0.0023  accepted=17  auc=0.6839  uauc=0.8111  loss=nan  (2.6s)
Round   18/30  coverage=0.5008  prec@K=0.0031  accepted=23  auc=0.7126  uauc=0.6381  loss=nan  (2.9s)
Round   19/30  coverage=0.5009  prec@K=0.0034  accepted=25  auc=0.7499  uauc=0.5808  loss=nan  (3.1s)
Round   20/30  coverage=0.5009  prec@K=0.0033  accepted=24  auc=0.8621  uauc=0.7572  loss=nan  (3.3s)
Round   21/30  coverage=0.5010  prec@K=0.0033  accepted=24  auc=0.7423  uauc=0.7368  loss=nan  (8.0s)
Round   22/30  coverage=0.5010  prec@K=0.0032  accepted=23  auc=0.8059  uauc=0.6756  loss=nan  (3.5s)
Round   23/30  coverage=0.5011  prec@K=0.0034  accepted=25  auc=0.6761  uauc=0.5400  loss=nan  (3.7s)
Round   24/30  coverage=0.5011  prec@K=0.0034  accepted=25  auc=0.7328  uauc=0.5595  loss=nan  (3.7s)
Round   25/30  coverage=0.5012  prec@K=0.0037  accepted=27  auc=0.8323  uauc=0.6986  loss=nan  (3.9s)
Round   26/30  coverage=0.5012  prec@K=0.0030  accepted=22  auc=0.7555  uauc=0.6422  loss=nan  (4.6s)
Round   27/30  coverage=0.5012  prec@K=0.0029  accepted=21  auc=0.8421  uauc=0.6750  loss=nan  (4.2s)
Round   28/30  coverage=0.5013  prec@K=0.0033  accepted=24  auc=0.6667  uauc=0.6182  loss=nan  (4.3s)
Round   29/30  coverage=0.5013  prec@K=0.0025  accepted=18  auc=0.6455  uauc=0.5421  loss=nan  (4.4s)
Round   30/30  coverage=0.5014  prec@K=0.0036  accepted=26  auc=0.7424  uauc=0.7024  loss=nan  (4.8s)

结果已写入 results\orchestrator\runs\ir50_constlr5e5_multiseed_bidir\slashdot\pa_s1/rounds.csv
