=== slashdot_aa_s3  started 2026-05-08T22:48:25 ===

C:\conda\envs\gnn\lib\site-packages\requests\__init__.py:86: RequestsDependencyWarning: Unable to find acceptable character detection dependency (chardet or charset_normalizer).
  warnings.warn(
C:\conda\envs\gnn\lib\site-packages\outdated\__init__.py:36: UserWarning: pkg_resources is deprecated as an API. See https://setuptools.pypa.io/en/latest/pkg_resources.html. The pkg_resources package is slated for removal as early as 2025-11-30. Refrain from using this package or pin to Setuptools<81.
  from pkg_resources import parse_version
Round    1/30  coverage=0.5001  prec@K=0.0042  accepted=30  auc=0.9440  uauc=0.7590  loss=nan  (5.4s)
Round    2/30  coverage=0.5001  prec@K=0.0046  accepted=33  auc=0.9080  uauc=0.6126  loss=nan  (0.8s)
Round    3/30  coverage=0.5002  prec@K=0.0050  accepted=37  auc=0.9176  uauc=0.6703  loss=nan  (0.8s)
Round    4/30  coverage=0.5003  prec@K=0.0042  accepted=30  auc=0.9013  uauc=0.7824  loss=nan  (0.9s)
Round    5/30  coverage=0.5003  prec@K=0.0036  accepted=26  auc=0.9247  uauc=0.7528  loss=nan  (1.0s)
Round    6/30  coverage=0.5004  prec@K=0.0039  accepted=29  auc=0.9293  uauc=0.8261  loss=nan  (1.0s)
Round    7/30  coverage=0.5004  prec@K=0.0057  accepted=42  auc=0.9275  uauc=0.6912  loss=nan  (1.1s)
Round    8/30  coverage=0.5005  prec@K=0.0040  accepted=29  auc=0.8913  uauc=0.7665  loss=nan  (1.4s)
Round    9/30  coverage=0.5006  prec@K=0.0041  accepted=30  auc=0.9111  uauc=0.6776  loss=nan  (1.8s)
Round   10/30  coverage=0.5006  prec@K=0.0051  accepted=37  auc=0.9104  uauc=0.6652  loss=nan  (1.8s)
Round   11/30  coverage=0.5007  prec@K=0.0055  accepted=40  auc=0.9059  uauc=0.6765  loss=nan  (6.4s)
Round   12/30  coverage=0.5008  prec@K=0.0060  accepted=44  auc=0.9198  uauc=0.7808  loss=nan  (2.2s)
Round   13/30  coverage=0.5008  prec@K=0.0044  accepted=32  auc=0.9228  uauc=0.7041  loss=nan  (2.2s)
Round   14/30  coverage=0.5009  prec@K=0.0034  accepted=25  auc=0.8799  uauc=0.6867  loss=nan  (2.6s)
Round   15/30  coverage=0.5010  prec@K=0.0038  accepted=28  auc=0.9108  uauc=0.6695  loss=nan  (2.7s)
Round   16/30  coverage=0.5010  prec@K=0.0030  accepted=22  auc=0.8411  uauc=0.4976  loss=nan  (2.9s)
Round   17/30  coverage=0.5010  prec@K=0.0031  accepted=23  auc=0.9443  uauc=0.7325  loss=nan  (2.9s)
Round   18/30  coverage=0.5011  prec@K=0.0037  accepted=27  auc=0.9105  uauc=0.6458  loss=nan  (3.3s)
Round   19/30  coverage=0.5011  prec@K=0.0037  accepted=27  auc=0.9199  uauc=0.7394  loss=nan  (3.4s)
Round   20/30  coverage=0.5012  prec@K=0.0035  accepted=25  auc=0.8973  uauc=0.6920  loss=nan  (3.2s)
Round   21/30  coverage=0.5012  prec@K=0.0039  accepted=29  auc=0.9088  uauc=0.6398  loss=nan  (8.9s)
Round   22/30  coverage=0.5013  prec@K=0.0025  accepted=18  auc=0.8579  uauc=0.7171  loss=nan  (4.0s)
Round   23/30  coverage=0.5013  prec@K=0.0044  accepted=32  auc=0.8992  uauc=0.7232  loss=nan  (4.0s)
Round   24/30  coverage=0.5014  prec@K=0.0046  accepted=34  auc=0.8871  uauc=0.6835  loss=nan  (3.9s)
Round   25/30  coverage=0.5015  prec@K=0.0036  accepted=26  auc=0.8676  uauc=0.6903  loss=nan  (4.0s)
Round   26/30  coverage=0.5015  prec@K=0.0032  accepted=23  auc=0.9360  uauc=0.7208  loss=nan  (4.6s)
Round   27/30  coverage=0.5016  prec@K=0.0048  accepted=35  auc=0.9288  uauc=0.7113  loss=nan  (5.1s)
Round   28/30  coverage=0.5016  prec@K=0.0029  accepted=21  auc=0.8338  uauc=0.6857  loss=nan  (4.9s)
Round   29/30  coverage=0.5017  prec@K=0.0032  accepted=23  auc=0.9311  uauc=0.7348  loss=nan  (4.6s)
Round   30/30  coverage=0.5017  prec@K=0.0038  accepted=28  auc=0.9299  uauc=0.8043  loss=nan  (5.2s)

结果已写入 results\orchestrator\runs\ir50_constlr5e5_multiseed_bidir\slashdot\aa_s3/rounds.csv
