=== slashdot_gnn_concat_s1  started 2026-05-08T22:57:43 ===

C:\conda\envs\gnn\lib\site-packages\requests\__init__.py:86: RequestsDependencyWarning: Unable to find acceptable character detection dependency (chardet or charset_normalizer).
  warnings.warn(
C:\conda\envs\gnn\lib\site-packages\outdated\__init__.py:36: UserWarning: pkg_resources is deprecated as an API. See https://setuptools.pypa.io/en/latest/pkg_resources.html. The pkg_resources package is slated for removal as early as 2025-11-30. Refrain from using this package or pin to Setuptools<81.
  from pkg_resources import parse_version
Round    1/30  coverage=0.5000  prec@K=0.0029  accepted=21  auc=0.2038  uauc=0.4275  loss=0.7300  (13.4s)
Round    2/30  coverage=0.5001  prec@K=0.0025  accepted=18  auc=0.1957  uauc=0.6143  loss=0.7280  (8.3s)
Round    3/30  coverage=0.5001  prec@K=0.0024  accepted=18  auc=0.2037  uauc=0.6033  loss=0.7261  (8.5s)
Round    4/30  coverage=0.5001  prec@K=0.0018  accepted=13  auc=0.2709  uauc=0.5536  loss=0.7222  (8.1s)
Round    5/30  coverage=0.5002  prec@K=0.0026  accepted=19  auc=0.1206  uauc=0.5069  loss=0.7205  (7.9s)
Round    6/30  coverage=0.5002  prec@K=0.0023  accepted=17  auc=0.0864  uauc=0.5042  loss=0.7171  (8.5s)
Round    7/30  coverage=0.5002  prec@K=0.0012  accepted=9  auc=0.1862  uauc=0.6910  loss=0.7149  (8.4s)
Round    8/30  coverage=0.5002  prec@K=0.0016  accepted=12  auc=0.0752  uauc=0.4622  loss=0.7126  (8.7s)
Round    9/30  coverage=0.5003  prec@K=0.0014  accepted=10  auc=0.2848  uauc=0.4972  loss=0.7097  (9.3s)
Round   10/30  coverage=0.5003  prec@K=0.0015  accepted=11  auc=0.1597  uauc=0.5914  loss=0.7076  (9.6s)
Round   11/30  coverage=0.5003  prec@K=0.0028  accepted=20  auc=0.1594  uauc=0.5163  loss=0.7049  (13.9s)
Round   12/30  coverage=0.5003  prec@K=0.0012  accepted=9  auc=0.1782  uauc=0.5868  loss=0.7023  (9.9s)
Round   13/30  coverage=0.5004  prec@K=0.0011  accepted=8  auc=0.3358  uauc=0.6910  loss=0.7000  (10.0s)
Round   14/30  coverage=0.5004  prec@K=0.0015  accepted=11  auc=0.2414  uauc=0.7475  loss=0.6969  (9.6s)
Round   15/30  coverage=0.5004  prec@K=0.0023  accepted=17  auc=0.3744  uauc=0.5611  loss=0.6944  (10.6s)
Round   16/30  coverage=0.5004  prec@K=0.0022  accepted=16  auc=0.1880  uauc=0.6451  loss=0.6928  (10.3s)
Round   17/30  coverage=0.5005  prec@K=0.0014  accepted=10  auc=0.1992  uauc=0.4784  loss=0.6899  (10.4s)
Round   18/30  coverage=0.5005  prec@K=0.0018  accepted=13  auc=0.3184  uauc=0.8207  loss=0.6876  (11.1s)
Round   19/30  coverage=0.5005  prec@K=0.0008  accepted=6  auc=0.1749  uauc=0.6667  loss=0.6855  (10.9s)
Round   20/30  coverage=0.5005  prec@K=0.0007  accepted=5  auc=0.2021  uauc=0.8778  loss=0.6832  (11.4s)
Round   21/30  coverage=0.5005  prec@K=0.0014  accepted=10  auc=0.2342  uauc=0.4340  loss=0.6813  (16.1s)
Round   22/30  coverage=0.5005  prec@K=0.0015  accepted=11  auc=0.1587  uauc=0.8535  loss=0.6787  (11.8s)
Round   23/30  coverage=0.5006  prec@K=0.0026  accepted=19  auc=0.1973  uauc=0.7441  loss=0.6766  (11.5s)
Round   24/30  coverage=0.5006  prec@K=0.0023  accepted=17  auc=0.2019  uauc=0.7835  loss=0.6740  (11.9s)
Round   25/30  coverage=0.5006  prec@K=0.0018  accepted=13  auc=0.2778  uauc=0.6852  loss=0.6718  (11.7s)
Round   26/30  coverage=0.5007  prec@K=0.0016  accepted=12  auc=0.1723  uauc=0.7664  loss=0.6702  (12.8s)
Round   27/30  coverage=0.5007  prec@K=0.0007  accepted=5  auc=0.3021  uauc=0.8472  loss=0.6679  (12.2s)
Round   28/30  coverage=0.5007  prec@K=0.0019  accepted=14  auc=0.1586  uauc=0.7407  loss=0.6654  (12.7s)
Round   29/30  coverage=0.5007  prec@K=0.0030  accepted=22  auc=0.2195  uauc=0.7111  loss=0.6635  (12.9s)
Round   30/30  coverage=0.5008  prec@K=0.0015  accepted=11  auc=0.1472  uauc=0.5864  loss=0.6622  (12.6s)

结果已写入 results\orchestrator\runs\ir50_constlr5e5_multiseed_bidir\slashdot\gnn_concat_s1/rounds.csv
