=== sx_askubuntu_aa_s3  started 2026-05-08T23:28:05 ===

C:\conda\envs\gnn\lib\site-packages\requests\__init__.py:86: RequestsDependencyWarning: Unable to find acceptable character detection dependency (chardet or charset_normalizer).
  warnings.warn(
C:\conda\envs\gnn\lib\site-packages\outdated\__init__.py:36: UserWarning: pkg_resources is deprecated as an API. See https://setuptools.pypa.io/en/latest/pkg_resources.html. The pkg_resources package is slated for removal as early as 2025-11-30. Refrain from using this package or pin to Setuptools<81.
  from pkg_resources import parse_version
Round    1/30  coverage=0.5000  prec@K=0.0006  accepted=8  auc=0.8338  uauc=0.6944  loss=nan  (13.0s)
Round    2/30  coverage=0.5000  prec@K=0.0008  accepted=12  auc=0.8758  uauc=0.6361  loss=nan  (2.6s)
Round    3/30  coverage=0.5001  prec@K=0.0008  accepted=11  auc=0.9086  uauc=0.6840  loss=nan  (2.8s)
Round    4/30  coverage=0.5001  prec@K=0.0008  accepted=11  auc=0.8667  uauc=0.6414  loss=nan  (4.3s)
Round    5/30  coverage=0.5001  prec@K=0.0006  accepted=9  auc=0.8911  uauc=0.7066  loss=nan  (5.4s)
Round    6/30  coverage=0.5001  prec@K=0.0003  accepted=5  auc=0.9518  uauc=0.5833  loss=nan  (6.6s)
Round    7/30  coverage=0.5001  prec@K=0.0003  accepted=4  auc=0.9182  uauc=0.5903  loss=nan  (6.9s)
Round    8/30  coverage=0.5001  prec@K=0.0011  accepted=16  auc=0.9216  uauc=0.7078  loss=nan  (7.8s)
Round    9/30  coverage=0.5002  prec@K=0.0010  accepted=14  auc=0.8885  uauc=0.5873  loss=nan  (8.8s)
Round   10/30  coverage=0.5002  prec@K=0.0008  accepted=11  auc=0.9207  uauc=0.8384  loss=nan  (9.8s)
Round   11/30  coverage=0.5002  prec@K=0.0004  accepted=6  auc=0.9610  uauc=0.8981  loss=nan  (20.5s)
Round   12/30  coverage=0.5002  prec@K=0.0008  accepted=11  auc=0.9417  uauc=0.8434  loss=nan  (11.3s)
Round   13/30  coverage=0.5002  prec@K=0.0007  accepted=10  auc=0.8896  uauc=0.7333  loss=nan  (13.0s)
Round   14/30  coverage=0.5003  prec@K=0.0010  accepted=15  auc=0.8636  uauc=0.5926  loss=nan  (13.6s)
Round   15/30  coverage=0.5003  prec@K=0.0006  accepted=9  auc=0.8680  uauc=0.6235  loss=nan  (14.1s)
Round   16/30  coverage=0.5003  prec@K=0.0005  accepted=7  auc=0.8534  uauc=0.4683  loss=nan  (16.1s)
Round   17/30  coverage=0.5003  prec@K=0.0009  accepted=13  auc=0.9549  uauc=0.7735  loss=nan  (15.5s)
Round   18/30  coverage=0.5003  prec@K=0.0005  accepted=7  auc=0.8773  uauc=0.6508  loss=nan  (17.6s)
Round   19/30  coverage=0.5003  prec@K=0.0007  accepted=10  auc=0.8756  uauc=0.6246  loss=nan  (18.3s)
Round   20/30  coverage=0.5004  prec@K=0.0006  accepted=9  auc=0.8228  uauc=0.6474  loss=nan  (18.4s)
Round   21/30  coverage=0.5004  prec@K=0.0007  accepted=10  auc=0.8380  uauc=0.5741  loss=nan  (29.0s)
Round   22/30  coverage=0.5004  prec@K=0.0004  accepted=6  auc=0.8672  uauc=0.7844  loss=nan  (19.2s)
Round   23/30  coverage=0.5004  prec@K=0.0003  accepted=4  auc=0.8829  uauc=0.6806  loss=nan  (22.4s)
Round   24/30  coverage=0.5004  prec@K=0.0008  accepted=11  auc=0.8250  uauc=0.6364  loss=nan  (23.5s)
Round   25/30  coverage=0.5004  prec@K=0.0008  accepted=11  auc=0.8982  uauc=0.7828  loss=nan  (22.5s)
Round   26/30  coverage=0.5004  prec@K=0.0003  accepted=5  auc=0.7990  uauc=0.4306  loss=nan  (23.2s)
Round   27/30  coverage=0.5005  prec@K=0.0003  accepted=5  auc=0.7356  uauc=0.6111  loss=nan  (25.1s)
Round   28/30  coverage=0.5005  prec@K=0.0008  accepted=11  auc=0.9070  uauc=0.5931  loss=nan  (26.3s)
Round   29/30  coverage=0.5005  prec@K=0.0007  accepted=10  auc=0.8734  uauc=0.7667  loss=nan  (26.9s)
Round   30/30  coverage=0.5005  prec@K=0.0004  accepted=6  auc=0.8514  uauc=0.5093  loss=nan  (28.4s)

结果已写入 results\orchestrator\runs\ir50_constlr5e5_multiseed_bidir\sx_askubuntu\aa_s3/rounds.csv
