=== sx_askubuntu_gnn_s0  started 2026-05-08T23:37:49 ===

C:\conda\envs\gnn\lib\site-packages\requests\__init__.py:86: RequestsDependencyWarning: Unable to find acceptable character detection dependency (chardet or charset_normalizer).
  warnings.warn(
C:\conda\envs\gnn\lib\site-packages\outdated\__init__.py:36: UserWarning: pkg_resources is deprecated as an API. See https://setuptools.pypa.io/en/latest/pkg_resources.html. The pkg_resources package is slated for removal as early as 2025-11-30. Refrain from using this package or pin to Setuptools<81.
  from pkg_resources import parse_version
Round    1/30  coverage=0.5000  prec@K=0.0003  accepted=5  auc=0.3087  uauc=0.8194  loss=0.5763  (25.4s)
Round    2/30  coverage=0.5000  prec@K=0.0005  accepted=7  auc=0.2396  uauc=0.2596  loss=0.5761  (12.8s)
Round    3/30  coverage=0.5000  prec@K=0.0003  accepted=5  auc=0.3518  uauc=0.6528  loss=0.5757  (12.8s)
Round    4/30  coverage=0.5000  prec@K=0.0006  accepted=8  auc=0.2567  uauc=0.4913  loss=0.5756  (14.0s)
Round    5/30  coverage=0.5001  prec@K=0.0003  accepted=4  auc=0.2342  uauc=0.5926  loss=0.5753  (13.7s)
Round    6/30  coverage=0.5001  prec@K=0.0005  accepted=7  auc=0.1474  uauc=0.5635  loss=0.5751  (16.1s)
Round    7/30  coverage=0.5001  prec@K=0.0004  accepted=5  auc=0.2802  uauc=0.6250  loss=0.5748  (15.9s)
Round    8/30  coverage=0.5001  prec@K=0.0005  accepted=8  auc=0.1239  uauc=0.5347  loss=0.5746  (18.4s)
Round    9/30  coverage=0.5001  prec@K=0.0005  accepted=7  auc=0.1766  uauc=0.5659  loss=0.5744  (18.4s)
Round   10/30  coverage=0.5001  prec@K=0.0005  accepted=7  auc=0.1484  uauc=0.5873  loss=0.5741  (19.3s)
Round   11/30  coverage=0.5001  prec@K=0.0003  accepted=5  auc=0.2329  uauc=0.6944  loss=0.5738  (30.4s)
Round   12/30  coverage=0.5001  prec@K=0.0003  accepted=5  auc=0.1959  uauc=0.5694  loss=0.5735  (21.3s)
Round   13/30  coverage=0.5001  prec@K=0.0002  accepted=3  auc=0.1818  uauc=0.4815  loss=0.5732  (22.2s)
Round   14/30  coverage=0.5001  prec@K=0.0004  accepted=5  auc=0.2451  uauc=0.7222  loss=0.5731  (22.1s)
Round   15/30  coverage=0.5002  prec@K=0.0005  accepted=7  auc=0.3118  uauc=0.6270  loss=0.5729  (23.6s)
Round   16/30  coverage=0.5002  prec@K=0.0003  accepted=5  auc=0.1716  uauc=0.6333  loss=0.5726  (24.7s)
Round   17/30  coverage=0.5002  prec@K=0.0005  accepted=7  auc=0.2463  uauc=0.4841  loss=0.5724  (24.7s)
Round   18/30  coverage=0.5002  prec@K=0.0005  accepted=7  auc=0.1776  uauc=0.8095  loss=0.5722  (25.9s)
Round   19/30  coverage=0.5002  prec@K=0.0001  accepted=1  auc=0.0874  uauc=1.0000  loss=0.5718  (28.7s)
Round   20/30  coverage=0.5002  prec@K=0.0007  accepted=10  auc=0.2241  uauc=0.6129  loss=0.5717  (27.9s)
Round   21/30  coverage=0.5002  prec@K=0.0005  accepted=7  auc=0.1285  uauc=0.5714  loss=0.5715  (38.2s)
Round   22/30  coverage=0.5002  prec@K=0.0003  accepted=4  auc=0.4519  uauc=0.7619  loss=0.5711  (29.6s)
Round   23/30  coverage=0.5002  prec@K=0.0002  accepted=3  auc=0.2771  uauc=0.4815  loss=0.5709  (29.1s)
Round   24/30  coverage=0.5002  prec@K=0.0003  accepted=4  auc=0.3032  uauc=0.7500  loss=0.5707  (31.9s)
Round   25/30  coverage=0.5003  prec@K=0.0004  accepted=6  auc=0.2188  uauc=0.5926  loss=0.5704  (33.2s)
Round   26/30  coverage=0.5003  prec@K=0.0002  accepted=3  auc=0.2811  uauc=0.6250  loss=0.5702  (32.5s)
Round   27/30  coverage=0.5003  prec@K=0.0006  accepted=9  auc=0.2578  uauc=0.6910  loss=0.5700  (34.6s)
Round   28/30  coverage=0.5003  prec@K=0.0006  accepted=9  auc=0.1290  uauc=0.7917  loss=0.5698  (33.8s)
Round   29/30  coverage=0.5003  prec@K=0.0003  accepted=5  auc=0.3068  uauc=0.5569  loss=0.5695  (35.0s)
Round   30/30  coverage=0.5003  prec@K=0.0001  accepted=2  auc=0.3688  uauc=0.4167  loss=0.5692  (38.2s)

结果已写入 results\orchestrator\runs\ir50_constlr5e5_multiseed_bidir\sx_askubuntu\gnn_s0/rounds.csv
