=== sx_askubuntu_gnn_concat_s42  started 2026-05-08T23:53:46 ===

C:\conda\envs\gnn\lib\site-packages\requests\__init__.py:86: RequestsDependencyWarning: Unable to find acceptable character detection dependency (chardet or charset_normalizer).
  warnings.warn(
C:\conda\envs\gnn\lib\site-packages\outdated\__init__.py:36: UserWarning: pkg_resources is deprecated as an API. See https://setuptools.pypa.io/en/latest/pkg_resources.html. The pkg_resources package is slated for removal as early as 2025-11-30. Refrain from using this package or pin to Setuptools<81.
  from pkg_resources import parse_version
Round    1/30  coverage=0.5000  prec@K=0.0002  accepted=3  auc=0.3476  uauc=0.3889  loss=0.6807  (22.3s)
Round    2/30  coverage=0.5000  prec@K=0.0004  accepted=6  auc=0.1397  uauc=0.5198  loss=0.6784  (13.9s)
Round    3/30  coverage=0.5000  prec@K=0.0004  accepted=6  auc=0.0750  uauc=0.4847  loss=0.6763  (14.4s)
Round    4/30  coverage=0.5000  prec@K=0.0006  accepted=8  auc=0.1592  uauc=0.8148  loss=0.6737  (14.3s)
Round    5/30  coverage=0.5001  prec@K=0.0006  accepted=9  auc=0.2197  uauc=0.5926  loss=0.6729  (15.3s)
Round    6/30  coverage=0.5001  prec@K=0.0004  accepted=6  auc=0.4156  uauc=0.4352  loss=0.6701  (16.4s)
Round    7/30  coverage=0.5001  prec@K=0.0003  accepted=4  auc=0.3651  uauc=0.8472  loss=0.6679  (16.6s)
Round    8/30  coverage=0.5001  prec@K=0.0006  accepted=9  auc=0.3074  uauc=0.6260  loss=0.6657  (17.9s)
Round    9/30  coverage=0.5001  prec@K=0.0008  accepted=12  auc=0.2564  uauc=0.6296  loss=0.6632  (18.5s)
Round   10/30  coverage=0.5001  prec@K=0.0007  accepted=10  auc=0.1511  uauc=0.5722  loss=0.6615  (19.0s)
Round   11/30  coverage=0.5001  prec@K=0.0005  accepted=7  auc=0.1560  uauc=0.6270  loss=0.6586  (29.9s)
Round   12/30  coverage=0.5002  prec@K=0.0006  accepted=8  auc=0.1603  uauc=0.5694  loss=0.6569  (20.9s)
Round   13/30  coverage=0.5002  prec@K=0.0004  accepted=6  auc=0.2096  uauc=0.5231  loss=0.6547  (23.1s)
Round   14/30  coverage=0.5002  prec@K=0.0000  accepted=0  loss=0.6528  (22.9s)
Round   15/30  coverage=0.5002  prec@K=0.0009  accepted=13  auc=0.2637  uauc=0.7431  loss=0.6501  (24.0s)
Round   16/30  coverage=0.5002  prec@K=0.0008  accepted=11  auc=0.1855  uauc=0.7472  loss=0.6482  (24.9s)
Round   17/30  coverage=0.5002  prec@K=0.0005  accepted=7  auc=0.2603  uauc=0.7190  loss=0.6459  (25.2s)
Round   18/30  coverage=0.5002  prec@K=0.0002  accepted=3  auc=0.0313  uauc=0.7593  loss=0.6439  (26.5s)
Round   19/30  coverage=0.5003  prec@K=0.0007  accepted=10  auc=0.2863  uauc=0.7110  loss=0.6413  (26.4s)
Round   20/30  coverage=0.5003  prec@K=0.0003  accepted=5  auc=0.1292  uauc=0.4889  loss=0.6386  (29.3s)
Round   21/30  coverage=0.5003  prec@K=0.0006  accepted=8  auc=0.3089  uauc=0.5764  loss=0.6369  (38.0s)
Round   22/30  coverage=0.5003  prec@K=0.0002  accepted=3  auc=0.1077  uauc=0.7593  loss=0.6345  (29.9s)
Round   23/30  coverage=0.5003  prec@K=0.0002  accepted=3  auc=0.1469  uauc=0.9630  loss=0.6324  (31.5s)
Round   24/30  coverage=0.5003  prec@K=0.0007  accepted=10  auc=0.2405  uauc=0.7982  loss=0.6296  (31.4s)
Round   25/30  coverage=0.5003  prec@K=0.0001  accepted=2  auc=0.0508  uauc=0.5278  loss=0.6281  (34.3s)
Round   26/30  coverage=0.5003  prec@K=0.0005  accepted=7  auc=0.1592  uauc=0.6230  loss=0.6260  (35.8s)
Round   27/30  coverage=0.5003  prec@K=0.0006  accepted=9  auc=0.2346  uauc=0.7222  loss=0.6234  (32.0s)
Round   28/30  coverage=0.5003  prec@K=0.0003  accepted=4  auc=0.1733  uauc=0.9722  loss=0.6213  (35.1s)
Round   29/30  coverage=0.5004  prec@K=0.0008  accepted=11  auc=0.2620  uauc=0.8333  loss=0.6190  (35.4s)
Round   30/30  coverage=0.5004  prec@K=0.0003  accepted=5  auc=0.1406  uauc=0.8556  loss=0.6165  (38.2s)

结果已写入 results\orchestrator\runs\ir50_constlr5e5_multiseed_bidir\sx_askubuntu\gnn_concat_s42/rounds.csv
