=== sx_askubuntu_graphsage_emb_s1  started 2026-05-09T00:31:11 ===

C:\conda\envs\gnn\lib\site-packages\requests\__init__.py:86: RequestsDependencyWarning: Unable to find acceptable character detection dependency (chardet or charset_normalizer).
  warnings.warn(
C:\conda\envs\gnn\lib\site-packages\outdated\__init__.py:36: UserWarning: pkg_resources is deprecated as an API. See https://setuptools.pypa.io/en/latest/pkg_resources.html. The pkg_resources package is slated for removal as early as 2025-11-30. Refrain from using this package or pin to Setuptools<81.
  from pkg_resources import parse_version
Round    1/30  coverage=0.5000  prec@K=0.0006  accepted=8  auc=0.4563  uauc=0.3356  loss=0.7876  (21.3s)
Round    2/30  coverage=0.5000  prec@K=0.0004  accepted=6  auc=0.3581  uauc=0.5899  loss=0.7873  (13.3s)
Round    3/30  coverage=0.5000  prec@K=0.0003  accepted=4  auc=0.4133  uauc=0.5278  loss=0.7869  (13.2s)
Round    4/30  coverage=0.5000  prec@K=0.0003  accepted=5  auc=0.1893  uauc=0.5556  loss=0.7864  (14.0s)
Round    5/30  coverage=0.5000  prec@K=0.0001  accepted=2  auc=0.2948  uauc=0.0000  loss=0.7860  (13.8s)
Round    6/30  coverage=0.5001  prec@K=0.0003  accepted=4  auc=0.3504  uauc=0.5278  loss=0.7857  (15.2s)
Round    7/30  coverage=0.5001  prec@K=0.0006  accepted=8  auc=0.0814  uauc=0.7188  loss=0.7852  (16.3s)
Round    8/30  coverage=0.5001  prec@K=0.0002  accepted=3  auc=0.4540  uauc=0.7222  loss=0.7849  (17.7s)
Round    9/30  coverage=0.5001  prec@K=0.0004  accepted=6  auc=0.2938  uauc=0.4389  loss=0.7844  (18.3s)
Round   10/30  coverage=0.5001  prec@K=0.0005  accepted=7  auc=0.1145  uauc=0.6704  loss=0.7840  (19.1s)
Round   11/30  coverage=0.5001  prec@K=0.0003  accepted=4  auc=0.2832  uauc=0.6667  loss=0.7836  (28.5s)
Round   12/30  coverage=0.5001  prec@K=0.0002  accepted=3  auc=0.5414  uauc=0.7130  loss=0.7833  (21.5s)
Round   13/30  coverage=0.5001  prec@K=0.0003  accepted=4  auc=0.2837  uauc=0.7292  loss=0.7829  (21.6s)
Round   14/30  coverage=0.5001  prec@K=0.0004  accepted=6  auc=0.1513  uauc=0.6296  loss=0.7826  (22.1s)
Round   15/30  coverage=0.5001  prec@K=0.0001  accepted=2  auc=0.4042  uauc=0.7778  loss=0.7822  (22.3s)
Round   16/30  coverage=0.5001  prec@K=0.0001  accepted=2  auc=0.1050  uauc=0.5000  loss=0.7817  (23.8s)
Round   17/30  coverage=0.5001  prec@K=0.0004  accepted=6  auc=0.1875  uauc=0.3889  loss=0.7813  (25.4s)
Round   18/30  coverage=0.5002  prec@K=0.0004  accepted=6  auc=0.1956  uauc=0.6111  loss=0.7809  (25.1s)
Round   19/30  coverage=0.5002  prec@K=0.0001  accepted=1  auc=0.1640  uauc=0.3333  loss=0.7805  (26.2s)
Round   20/30  coverage=0.5002  prec@K=0.0001  accepted=1  auc=0.6147  loss=0.7801  (28.4s)
Round   21/30  coverage=0.5002  prec@K=0.0002  accepted=3  auc=0.2443  uauc=0.6296  loss=0.7797  (37.4s)
Round   22/30  coverage=0.5002  prec@K=0.0002  accepted=3  auc=0.4323  uauc=0.8889  loss=0.7795  (29.3s)
Round   23/30  coverage=0.5002  prec@K=0.0001  accepted=2  auc=0.5499  uauc=0.2778  loss=0.7789  (29.7s)
Round   24/30  coverage=0.5002  prec@K=0.0004  accepted=6  auc=0.2985  uauc=0.5000  loss=0.7786  (31.7s)
Round   25/30  coverage=0.5002  prec@K=0.0002  accepted=3  auc=0.2523  uauc=0.0714  loss=0.7782  (31.3s)
Round   26/30  coverage=0.5002  prec@K=0.0003  accepted=4  auc=0.1438  uauc=0.4514  loss=0.7777  (33.4s)
Round   27/30  coverage=0.5002  prec@K=0.0004  accepted=6  auc=0.4213  uauc=0.5556  loss=0.7772  (33.3s)
Round   28/30  coverage=0.5002  prec@K=0.0002  accepted=3  auc=0.5704  uauc=0.1481  loss=0.7769  (33.7s)
Round   29/30  coverage=0.5002  prec@K=0.0002  accepted=3  auc=0.0962  uauc=0.6667  loss=0.7765  (36.2s)
Round   30/30  coverage=0.5002  prec@K=0.0004  accepted=6  auc=0.3509  uauc=0.8426  loss=0.7761  (37.4s)

结果已写入 results\orchestrator\runs\ir50_constlr5e5_multiseed_bidir\sx_askubuntu\graphsage_emb_s1/rounds.csv
