=== sx_askubuntu_gnn_concat_s1  started 2026-05-08T23:51:09 ===

C:\conda\envs\gnn\lib\site-packages\requests\__init__.py:86: RequestsDependencyWarning: Unable to find acceptable character detection dependency (chardet or charset_normalizer).
  warnings.warn(
C:\conda\envs\gnn\lib\site-packages\outdated\__init__.py:36: UserWarning: pkg_resources is deprecated as an API. See https://setuptools.pypa.io/en/latest/pkg_resources.html. The pkg_resources package is slated for removal as early as 2025-11-30. Refrain from using this package or pin to Setuptools<81.
  from pkg_resources import parse_version
Round    1/30  coverage=0.5000  prec@K=0.0004  accepted=6  auc=0.5255  uauc=0.4389  loss=0.7293  (22.8s)
Round    2/30  coverage=0.5000  prec@K=0.0003  accepted=5  auc=0.3813  uauc=0.5000  loss=0.7268  (13.4s)
Round    3/30  coverage=0.5000  prec@K=0.0001  accepted=1  auc=0.1554  uauc=0.2500  loss=0.7240  (15.5s)
Round    4/30  coverage=0.5000  prec@K=0.0003  accepted=4  auc=0.3167  uauc=0.6746  loss=0.7213  (14.2s)
Round    5/30  coverage=0.5000  prec@K=0.0002  accepted=3  auc=0.1878  uauc=0.2963  loss=0.7186  (15.0s)
Round    6/30  coverage=0.5000  prec@K=0.0002  accepted=3  auc=0.2812  uauc=0.6296  loss=0.7160  (16.5s)
Round    7/30  coverage=0.5001  prec@K=0.0006  accepted=9  auc=0.3144  uauc=0.5714  loss=0.7132  (16.9s)
Round    8/30  coverage=0.5001  prec@K=0.0003  accepted=4  auc=0.3749  uauc=0.5185  loss=0.7107  (18.2s)
Round    9/30  coverage=0.5001  prec@K=0.0002  accepted=3  auc=0.2018  uauc=0.5833  loss=0.7081  (18.9s)
Round   10/30  coverage=0.5001  prec@K=0.0004  accepted=6  auc=0.3678  uauc=0.6089  loss=0.7055  (20.5s)
Round   11/30  coverage=0.5001  prec@K=0.0003  accepted=5  auc=0.4823  uauc=0.7000  loss=0.7029  (30.4s)
Round   12/30  coverage=0.5001  prec@K=0.0002  accepted=3  auc=0.5020  uauc=0.6343  loss=0.7006  (21.8s)
Round   13/30  coverage=0.5001  prec@K=0.0003  accepted=5  auc=0.3753  uauc=0.6083  loss=0.6981  (22.5s)
Round   14/30  coverage=0.5001  prec@K=0.0005  accepted=7  auc=0.2962  uauc=0.6429  loss=0.6957  (22.7s)
Round   15/30  coverage=0.5001  prec@K=0.0004  accepted=6  auc=0.3800  uauc=1.0000  loss=0.6931  (23.4s)
Round   16/30  coverage=0.5001  prec@K=0.0006  accepted=9  auc=0.2381  uauc=0.7526  loss=0.6907  (24.6s)
Round   17/30  coverage=0.5002  prec@K=0.0003  accepted=4  auc=0.2342  uauc=0.8750  loss=0.6883  (25.4s)
Round   18/30  coverage=0.5002  prec@K=0.0003  accepted=4  auc=0.2488  uauc=0.8750  loss=0.6861  (26.2s)
Round   19/30  coverage=0.5002  prec@K=0.0000  accepted=0  loss=0.6838  (26.6s)
Round   20/30  coverage=0.5002  prec@K=0.0002  accepted=3  auc=0.2946  uauc=0.6667  loss=0.6816  (29.1s)
Round   21/30  coverage=0.5002  prec@K=0.0005  accepted=7  auc=0.2610  uauc=0.9127  loss=0.6796  (38.6s)
Round   22/30  coverage=0.5002  prec@K=0.0001  accepted=2  auc=0.5021  uauc=1.0000  loss=0.6776  (29.7s)
Round   23/30  coverage=0.5002  prec@K=0.0002  accepted=3  auc=0.2732  uauc=0.6667  loss=0.6749  (30.8s)
Round   24/30  coverage=0.5002  prec@K=0.0003  accepted=4  auc=0.2378  uauc=0.8194  loss=0.6730  (32.1s)
Round   25/30  coverage=0.5002  prec@K=0.0006  accepted=9  auc=0.3384  uauc=0.7004  loss=0.6710  (32.5s)
Round   26/30  coverage=0.5002  prec@K=0.0003  accepted=4  auc=0.2773  uauc=0.6753  loss=0.6691  (35.2s)
Round   27/30  coverage=0.5002  prec@K=0.0006  accepted=9  auc=0.2450  uauc=0.8241  loss=0.6666  (33.7s)
Round   28/30  coverage=0.5002  prec@K=0.0004  accepted=5  auc=0.2485  uauc=0.7889  loss=0.6647  (35.1s)
Round   29/30  coverage=0.5002  prec@K=0.0001  accepted=2  auc=0.2304  uauc=1.0000  loss=0.6628  (36.0s)
Round   30/30  coverage=0.5003  prec@K=0.0003  accepted=4  auc=0.3066  uauc=0.7639  loss=0.6611  (38.2s)

结果已写入 results\orchestrator\runs\ir50_constlr5e5_multiseed_bidir\sx_askubuntu\gnn_concat_s1/rounds.csv
