=== sx_askubuntu_pa_s1  started 2026-05-09T00:46:18 ===

C:\conda\envs\gnn\lib\site-packages\requests\__init__.py:86: RequestsDependencyWarning: Unable to find acceptable character detection dependency (chardet or charset_normalizer).
  warnings.warn(
C:\conda\envs\gnn\lib\site-packages\outdated\__init__.py:36: UserWarning: pkg_resources is deprecated as an API. See https://setuptools.pypa.io/en/latest/pkg_resources.html. The pkg_resources package is slated for removal as early as 2025-11-30. Refrain from using this package or pin to Setuptools<81.
  from pkg_resources import parse_version
Round    1/30  coverage=0.5000  prec@K=0.0012  accepted=17  auc=0.7900  uauc=0.5157  loss=nan  (10.1s)
Round    2/30  coverage=0.5001  prec@K=0.0010  accepted=14  auc=0.7998  uauc=0.6403  loss=nan  (1.4s)
Round    3/30  coverage=0.5001  prec@K=0.0011  accepted=16  auc=0.8224  uauc=0.5868  loss=nan  (1.7s)
Round    4/30  coverage=0.5001  prec@K=0.0011  accepted=16  auc=0.9061  uauc=0.7724  loss=nan  (2.0s)
Round    5/30  coverage=0.5001  prec@K=0.0006  accepted=9  auc=0.8608  uauc=0.5309  loss=nan  (3.6s)
Round    6/30  coverage=0.5001  prec@K=0.0006  accepted=8  auc=0.8186  uauc=0.8333  loss=nan  (4.1s)
Round    7/30  coverage=0.5002  prec@K=0.0008  accepted=12  auc=0.7959  uauc=0.5707  loss=nan  (5.1s)
Round    8/30  coverage=0.5002  prec@K=0.0007  accepted=10  auc=0.8584  uauc=0.6571  loss=nan  (6.4s)
Round    9/30  coverage=0.5002  prec@K=0.0012  accepted=17  auc=0.8404  uauc=0.8090  loss=nan  (7.5s)
Round   10/30  coverage=0.5002  prec@K=0.0009  accepted=13  auc=0.7544  uauc=0.6065  loss=nan  (8.0s)
Round   11/30  coverage=0.5003  prec@K=0.0004  accepted=6  auc=0.9108  uauc=0.5370  loss=nan  (16.9s)
Round   12/30  coverage=0.5003  prec@K=0.0010  accepted=14  auc=0.8255  uauc=0.6939  loss=nan  (9.6s)
Round   13/30  coverage=0.5003  prec@K=0.0008  accepted=12  auc=0.7915  uauc=0.8163  loss=nan  (11.3s)
Round   14/30  coverage=0.5003  prec@K=0.0007  accepted=10  auc=0.8540  uauc=0.7167  loss=nan  (11.2s)
Round   15/30  coverage=0.5003  prec@K=0.0006  accepted=9  auc=0.8240  uauc=0.7500  loss=nan  (11.3s)
Round   16/30  coverage=0.5004  prec@K=0.0007  accepted=10  auc=0.8851  uauc=0.6556  loss=nan  (13.1s)
Round   17/30  coverage=0.5004  prec@K=0.0009  accepted=13  auc=0.8472  uauc=0.6331  loss=nan  (13.8s)
Round   18/30  coverage=0.5004  prec@K=0.0008  accepted=12  auc=0.9546  uauc=0.6063  loss=nan  (14.5s)
Round   19/30  coverage=0.5004  prec@K=0.0008  accepted=12  auc=0.8671  uauc=0.6296  loss=nan  (14.6s)
Round   20/30  coverage=0.5004  prec@K=0.0004  accepted=5  auc=0.8085  uauc=0.6111  loss=nan  (16.3s)
Round   21/30  coverage=0.5005  prec@K=0.0008  accepted=11  auc=0.8790  uauc=0.7778  loss=nan  (25.0s)
Round   22/30  coverage=0.5005  prec@K=0.0005  accepted=7  auc=0.7706  uauc=0.6852  loss=nan  (18.0s)
Round   23/30  coverage=0.5005  prec@K=0.0014  accepted=20  auc=0.8834  uauc=0.6408  loss=nan  (18.3s)
Round   24/30  coverage=0.5005  prec@K=0.0006  accepted=8  auc=0.8199  uauc=0.7292  loss=nan  (20.2s)
Round   25/30  coverage=0.5005  prec@K=0.0008  accepted=11  auc=0.7075  uauc=0.5922  loss=nan  (20.7s)
Round   26/30  coverage=0.5006  prec@K=0.0010  accepted=15  auc=0.8518  uauc=0.7065  loss=nan  (22.6s)
Round   27/30  coverage=0.5006  prec@K=0.0006  accepted=8  auc=0.9049  uauc=0.7292  loss=nan  (21.6s)
Round   28/30  coverage=0.5006  prec@K=0.0005  accepted=7  auc=0.9444  uauc=0.6825  loss=nan  (22.8s)
Round   29/30  coverage=0.5006  prec@K=0.0008  accepted=12  auc=0.9111  uauc=0.4444  loss=nan  (23.2s)
Round   30/30  coverage=0.5006  prec@K=0.0008  accepted=11  auc=0.8098  uauc=0.5960  loss=nan  (24.8s)

结果已写入 results\orchestrator\runs\ir50_constlr5e5_multiseed_bidir\sx_askubuntu\pa_s1/rounds.csv
