=== sx_askubuntu_gnn_h32_s42  started 2026-05-09T00:13:17 ===

C:\conda\envs\gnn\lib\site-packages\requests\__init__.py:86: RequestsDependencyWarning: Unable to find acceptable character detection dependency (chardet or charset_normalizer).
  warnings.warn(
C:\conda\envs\gnn\lib\site-packages\outdated\__init__.py:36: UserWarning: pkg_resources is deprecated as an API. See https://setuptools.pypa.io/en/latest/pkg_resources.html. The pkg_resources package is slated for removal as early as 2025-11-30. Refrain from using this package or pin to Setuptools<81.
  from pkg_resources import parse_version
Round    1/30  coverage=0.5000  prec@K=0.0000  accepted=0  loss=0.7772  (21.4s)
Round    2/30  coverage=0.5000  prec@K=0.0003  accepted=4  auc=0.4691  uauc=0.6964  loss=0.7764  (12.4s)
Round    3/30  coverage=0.5000  prec@K=0.0003  accepted=5  auc=0.0142  uauc=0.7556  loss=0.7759  (13.6s)
Round    4/30  coverage=0.5000  prec@K=0.0002  accepted=3  auc=0.5790  uauc=0.5000  loss=0.7751  (13.7s)
Round    5/30  coverage=0.5000  prec@K=0.0004  accepted=6  auc=0.1687  uauc=0.5000  loss=0.7746  (14.4s)
Round    6/30  coverage=0.5000  prec@K=0.0003  accepted=5  auc=0.1815  uauc=0.8472  loss=0.7738  (15.6s)
Round    7/30  coverage=0.5000  prec@K=0.0001  accepted=1  auc=0.0139  uauc=0.2778  loss=0.7732  (15.3s)
Round    8/30  coverage=0.5000  prec@K=0.0002  accepted=3  auc=0.0803  uauc=0.5926  loss=0.7724  (15.7s)
Round    9/30  coverage=0.5001  prec@K=0.0005  accepted=7  auc=0.2904  uauc=0.6825  loss=0.7717  (16.5s)
Round   10/30  coverage=0.5001  prec@K=0.0005  accepted=7  auc=0.2108  uauc=0.6111  loss=0.7710  (17.2s)
Round   11/30  coverage=0.5001  prec@K=0.0004  accepted=6  auc=0.2887  uauc=0.5370  loss=0.7702  (28.8s)
Round   12/30  coverage=0.5001  prec@K=0.0003  accepted=4  auc=0.2095  uauc=0.6528  loss=0.7696  (19.0s)
Round   13/30  coverage=0.5001  prec@K=0.0002  accepted=3  auc=0.1873  uauc=0.7500  loss=0.7688  (21.8s)
Round   14/30  coverage=0.5001  prec@K=0.0005  accepted=7  auc=0.0670  uauc=0.7698  loss=0.7684  (20.8s)
Round   15/30  coverage=0.5001  prec@K=0.0006  accepted=9  auc=0.1091  uauc=0.6319  loss=0.7675  (22.8s)
Round   16/30  coverage=0.5001  prec@K=0.0003  accepted=4  auc=0.2659  uauc=0.5417  loss=0.7668  (24.0s)
Round   17/30  coverage=0.5001  prec@K=0.0005  accepted=7  auc=0.1585  uauc=0.6413  loss=0.7662  (24.2s)
Round   18/30  coverage=0.5001  prec@K=0.0001  accepted=1  auc=0.2521  uauc=0.5000  loss=0.7655  (25.1s)
Round   19/30  coverage=0.5002  prec@K=0.0003  accepted=4  auc=0.2165  uauc=0.4323  loss=0.7649  (25.4s)
Round   20/30  coverage=0.5002  prec@K=0.0003  accepted=4  auc=0.0603  uauc=0.6250  loss=0.7639  (28.2s)
Round   21/30  coverage=0.5002  prec@K=0.0003  accepted=4  auc=0.1721  uauc=0.7917  loss=0.7631  (37.4s)
Round   22/30  coverage=0.5002  prec@K=0.0002  accepted=3  auc=0.2185  uauc=0.7963  loss=0.7625  (28.9s)
Round   23/30  coverage=0.5002  prec@K=0.0002  accepted=3  auc=0.1031  uauc=0.7037  loss=0.7618  (30.7s)
Round   24/30  coverage=0.5002  prec@K=0.0004  accepted=6  auc=0.1575  uauc=0.6012  loss=0.7607  (30.8s)
Round   25/30  coverage=0.5002  prec@K=0.0003  accepted=4  auc=0.0568  uauc=0.8611  loss=0.7603  (33.0s)
Round   26/30  coverage=0.5002  prec@K=0.0006  accepted=8  auc=0.2184  uauc=0.6409  loss=0.7595  (35.0s)
Round   27/30  coverage=0.5002  prec@K=0.0003  accepted=4  auc=0.3420  uauc=0.5972  loss=0.7587  (31.1s)
Round   28/30  coverage=0.5002  prec@K=0.0003  accepted=5  auc=0.1693  uauc=0.6222  loss=0.7581  (33.3s)
Round   29/30  coverage=0.5002  prec@K=0.0003  accepted=4  auc=0.2543  uauc=0.6667  loss=0.7571  (35.2s)
Round   30/30  coverage=0.5002  prec@K=0.0002  accepted=3  auc=0.1631  uauc=0.7037  loss=0.7564  (37.3s)

结果已写入 results\orchestrator\runs\ir50_constlr5e5_multiseed_bidir\sx_askubuntu\gnn_h32_s42/rounds.csv
