=== sx_askubuntu_random_s42  started 2026-05-09T00:53:35 ===

C:\conda\envs\gnn\lib\site-packages\requests\__init__.py:86: RequestsDependencyWarning: Unable to find acceptable character detection dependency (chardet or charset_normalizer).
  warnings.warn(
C:\conda\envs\gnn\lib\site-packages\outdated\__init__.py:36: UserWarning: pkg_resources is deprecated as an API. See https://setuptools.pypa.io/en/latest/pkg_resources.html. The pkg_resources package is slated for removal as early as 2025-11-30. Refrain from using this package or pin to Setuptools<81.
  from pkg_resources import parse_version
Round    1/30  coverage=0.5000  prec@K=0.0000  accepted=0  loss=nan  (9.8s)
Round    2/30  coverage=0.5000  prec@K=0.0003  accepted=5  loss=nan  (0.8s)
Round    3/30  coverage=0.5000  prec@K=0.0002  accepted=3  loss=nan  (1.3s)
Round    4/30  coverage=0.5000  prec@K=0.0005  accepted=7  loss=nan  (1.6s)
Round    5/30  coverage=0.5000  prec@K=0.0003  accepted=4  loss=nan  (2.8s)
Round    6/30  coverage=0.5000  prec@K=0.0002  accepted=3  loss=nan  (4.0s)
Round    7/30  coverage=0.5001  prec@K=0.0004  accepted=6  loss=nan  (5.3s)
Round    8/30  coverage=0.5001  prec@K=0.0003  accepted=4  loss=nan  (6.0s)
Round    9/30  coverage=0.5001  prec@K=0.0001  accepted=2  loss=nan  (6.0s)
Round   10/30  coverage=0.5001  prec@K=0.0004  accepted=6  loss=nan  (7.0s)
Round   11/30  coverage=0.5001  prec@K=0.0001  accepted=2  loss=nan  (16.8s)
Round   12/30  coverage=0.5001  prec@K=0.0003  accepted=4  loss=nan  (9.5s)
Round   13/30  coverage=0.5001  prec@K=0.0004  accepted=6  loss=nan  (11.1s)
Round   14/30  coverage=0.5001  prec@K=0.0001  accepted=2  loss=nan  (11.3s)
Round   15/30  coverage=0.5001  prec@K=0.0002  accepted=3  loss=nan  (11.7s)
Round   16/30  coverage=0.5001  prec@K=0.0001  accepted=2  loss=nan  (13.1s)
Round   17/30  coverage=0.5001  prec@K=0.0006  accepted=8  loss=nan  (13.3s)
Round   18/30  coverage=0.5001  prec@K=0.0000  accepted=0  loss=nan  (14.7s)
Round   19/30  coverage=0.5001  prec@K=0.0003  accepted=4  loss=nan  (14.3s)
Round   20/30  coverage=0.5001  prec@K=0.0004  accepted=6  loss=nan  (17.1s)
Round   21/30  coverage=0.5001  prec@K=0.0002  accepted=3  loss=nan  (25.3s)
Round   22/30  coverage=0.5002  prec@K=0.0002  accepted=3  loss=nan  (17.8s)
Round   23/30  coverage=0.5002  prec@K=0.0001  accepted=2  loss=nan  (19.6s)
Round   24/30  coverage=0.5002  prec@K=0.0002  accepted=3  loss=nan  (19.5s)
Round   25/30  coverage=0.5002  prec@K=0.0001  accepted=2  loss=nan  (22.9s)
Round   26/30  coverage=0.5002  prec@K=0.0006  accepted=8  loss=nan  (24.3s)
Round   27/30  coverage=0.5002  prec@K=0.0001  accepted=2  loss=nan  (20.3s)
Round   28/30  coverage=0.5002  prec@K=0.0002  accepted=3  loss=nan  (23.1s)
Round   29/30  coverage=0.5002  prec@K=0.0001  accepted=2  loss=nan  (23.9s)
Round   30/30  coverage=0.5002  prec@K=0.0004  accepted=6  loss=nan  (26.0s)

结果已写入 results\orchestrator\runs\ir50_constlr5e5_multiseed_bidir\sx_askubuntu\random_s42/rounds.csv
