=== sx_mathoverflow_gnn_concat_s2  started 2026-05-08T22:00:01 ===

C:\conda\envs\gnn\lib\site-packages\requests\__init__.py:86: RequestsDependencyWarning: Unable to find acceptable character detection dependency (chardet or charset_normalizer).
  warnings.warn(
C:\conda\envs\gnn\lib\site-packages\outdated\__init__.py:36: UserWarning: pkg_resources is deprecated as an API. See https://setuptools.pypa.io/en/latest/pkg_resources.html. The pkg_resources package is slated for removal as early as 2025-11-30. Refrain from using this package or pin to Setuptools<81.
  from pkg_resources import parse_version
Round    1/30  coverage=0.5000  prec@K=0.0033  accepted=8  auc=0.5019  uauc=0.7917  loss=0.6602  (7.5s)
Round    2/30  coverage=0.5001  prec@K=0.0029  accepted=7  auc=0.3337  uauc=0.6984  loss=0.6576  (3.3s)
Round    3/30  coverage=0.5001  prec@K=0.0041  accepted=10  auc=0.3832  uauc=0.8318  loss=0.6557  (3.2s)
Round    4/30  coverage=0.5001  prec@K=0.0008  accepted=2  auc=0.4114  uauc=0.9722  loss=0.6528  (3.1s)
Round    5/30  coverage=0.5001  prec@K=0.0029  accepted=7  auc=0.2019  uauc=0.6736  loss=0.6511  (3.2s)
Round    6/30  coverage=0.5002  prec@K=0.0041  accepted=10  auc=0.3498  uauc=0.8038  loss=0.6484  (3.3s)
Round    7/30  coverage=0.5002  prec@K=0.0012  accepted=3  auc=0.3672  uauc=1.0000  loss=0.6474  (3.1s)
Round    8/30  coverage=0.5002  prec@K=0.0033  accepted=8  auc=0.3337  uauc=0.5744  loss=0.6447  (3.5s)
Round    9/30  coverage=0.5002  prec@K=0.0004  accepted=1  auc=0.0303  uauc=1.0000  loss=0.6425  (3.3s)
Round   10/30  coverage=0.5003  prec@K=0.0012  accepted=3  auc=0.0762  uauc=0.6296  loss=0.6417  (3.1s)
Round   11/30  coverage=0.5003  prec@K=0.0021  accepted=5  auc=0.3789  uauc=0.5139  loss=0.6393  (6.4s)
Round   12/30  coverage=0.5003  prec@K=0.0021  accepted=5  auc=0.0847  uauc=0.6889  loss=0.6365  (3.6s)
Round   13/30  coverage=0.5003  prec@K=0.0029  accepted=7  auc=0.2213  uauc=0.6032  loss=0.6361  (2.9s)
Round   14/30  coverage=0.5003  prec@K=0.0000  accepted=0  loss=0.6330  (3.4s)
Round   15/30  coverage=0.5003  prec@K=0.0012  accepted=3  auc=0.3072  uauc=0.7037  loss=0.6310  (3.7s)
Round   16/30  coverage=0.5004  prec@K=0.0013  accepted=3  auc=0.0625  uauc=0.5370  loss=0.6298  (3.1s)
Round   17/30  coverage=0.5004  prec@K=0.0012  accepted=3  auc=0.1269  uauc=0.4074  loss=0.6277  (3.3s)
Round   18/30  coverage=0.5004  prec@K=0.0008  accepted=2  auc=0.2011  uauc=0.6181  loss=0.6264  (3.2s)
Round   19/30  coverage=0.5004  prec@K=0.0000  accepted=0  loss=0.6246  (3.4s)
Round   20/30  coverage=0.5004  prec@K=0.0004  accepted=1  auc=0.3461  uauc=0.5000  loss=0.6226  (3.3s)
Round   21/30  coverage=0.5004  prec@K=0.0008  accepted=2  auc=0.3088  uauc=0.5278  loss=0.6213  (6.9s)
Round   22/30  coverage=0.5004  prec@K=0.0012  accepted=3  auc=0.1528  uauc=0.8704  loss=0.6198  (3.4s)
Round   23/30  coverage=0.5004  prec@K=0.0016  accepted=4  auc=0.4021  uauc=0.5694  loss=0.6186  (3.5s)
Round   24/30  coverage=0.5004  prec@K=0.0004  accepted=1  auc=0.1645  uauc=0.7778  loss=0.6163  (3.4s)
Round   25/30  coverage=0.5004  prec@K=0.0012  accepted=3  auc=0.3566  uauc=0.4444  loss=0.6146  (3.8s)
Round   26/30  coverage=0.5005  prec@K=0.0017  accepted=4  auc=0.0668  uauc=0.7130  loss=0.6132  (3.5s)
Round   27/30  coverage=0.5005  prec@K=0.0012  accepted=3  auc=0.6790  uauc=0.5926  loss=0.6126  (3.4s)
Round   28/30  coverage=0.5005  prec@K=0.0016  accepted=4  auc=0.1922  uauc=0.6310  loss=0.6112  (3.5s)
Round   29/30  coverage=0.5005  prec@K=0.0004  accepted=1  auc=0.0824  uauc=0.2778  loss=0.6080  (3.7s)
Round   30/30  coverage=0.5005  prec@K=0.0000  accepted=0  loss=0.6076  (3.4s)

结果已写入 results\orchestrator\runs\ir50_constlr5e5_multiseed_bidir\sx_mathoverflow\gnn_concat_s2/rounds.csv
