=== sx_mathoverflow_pa_s3  started 2026-05-08T22:09:22 ===

C:\conda\envs\gnn\lib\site-packages\requests\__init__.py:86: RequestsDependencyWarning: Unable to find acceptable character detection dependency (chardet or charset_normalizer).
  warnings.warn(
C:\conda\envs\gnn\lib\site-packages\outdated\__init__.py:36: UserWarning: pkg_resources is deprecated as an API. See https://setuptools.pypa.io/en/latest/pkg_resources.html. The pkg_resources package is slated for removal as early as 2025-11-30. Refrain from using this package or pin to Setuptools<81.
  from pkg_resources import parse_version
Round    1/30  coverage=0.5001  prec@K=0.0058  accepted=14  auc=0.9537  uauc=0.7818  loss=nan  (3.7s)
Round    2/30  coverage=0.5001  prec@K=0.0050  accepted=12  auc=0.7802  uauc=0.4715  loss=nan  (0.2s)
Round    3/30  coverage=0.5002  prec@K=0.0045  accepted=11  auc=0.7954  uauc=0.6358  loss=nan  (0.2s)
Round    4/30  coverage=0.5002  prec@K=0.0029  accepted=7  auc=0.7531  uauc=0.7619  loss=nan  (0.2s)
Round    5/30  coverage=0.5002  prec@K=0.0013  accepted=3  auc=0.8897  uauc=0.6111  loss=nan  (0.2s)
Round    6/30  coverage=0.5002  prec@K=0.0038  accepted=9  auc=0.8775  uauc=0.6146  loss=nan  (0.2s)
Round    7/30  coverage=0.5003  prec@K=0.0025  accepted=6  auc=0.8094  uauc=0.6481  loss=nan  (0.2s)
Round    8/30  coverage=0.5003  prec@K=0.0053  accepted=13  auc=0.9127  uauc=0.6443  loss=nan  (0.2s)
Round    9/30  coverage=0.5004  prec@K=0.0025  accepted=6  auc=0.9469  uauc=0.5926  loss=nan  (0.2s)
Round   10/30  coverage=0.5004  prec@K=0.0046  accepted=11  auc=0.8659  uauc=0.5203  loss=nan  (0.2s)
Round   11/30  coverage=0.5004  prec@K=0.0025  accepted=6  auc=0.7839  uauc=0.6759  loss=nan  (3.6s)
Round   12/30  coverage=0.5005  prec@K=0.0079  accepted=19  auc=0.9151  uauc=0.6776  loss=nan  (0.3s)
Round   13/30  coverage=0.5005  prec@K=0.0029  accepted=7  auc=0.8617  uauc=0.5361  loss=nan  (0.2s)
Round   14/30  coverage=0.5006  prec@K=0.0029  accepted=7  auc=0.9417  uauc=0.8708  loss=nan  (0.3s)
Round   15/30  coverage=0.5006  prec@K=0.0042  accepted=10  auc=0.8311  uauc=0.5494  loss=nan  (0.3s)
Round   16/30  coverage=0.5007  prec@K=0.0050  accepted=12  auc=0.8263  uauc=0.6035  loss=nan  (0.3s)
Round   17/30  coverage=0.5007  prec@K=0.0033  accepted=8  auc=0.8440  uauc=0.6111  loss=nan  (0.3s)
Round   18/30  coverage=0.5008  prec@K=0.0049  accepted=12  auc=0.9232  uauc=0.7683  loss=nan  (0.3s)
Round   19/30  coverage=0.5008  prec@K=0.0025  accepted=6  auc=0.8146  uauc=0.5111  loss=nan  (0.4s)
Round   20/30  coverage=0.5008  prec@K=0.0041  accepted=10  auc=0.9498  uauc=0.6798  loss=nan  (0.4s)
Round   21/30  coverage=0.5009  prec@K=0.0030  accepted=7  auc=0.9378  uauc=0.6667  loss=nan  (3.7s)
Round   22/30  coverage=0.5009  prec@K=0.0042  accepted=10  auc=0.8627  uauc=0.7222  loss=nan  (0.4s)
Round   23/30  coverage=0.5009  prec@K=0.0021  accepted=5  auc=0.7957  uauc=0.6233  loss=nan  (0.4s)
Round   24/30  coverage=0.5010  prec@K=0.0053  accepted=13  auc=0.9335  uauc=0.6229  loss=nan  (0.4s)
Round   25/30  coverage=0.5010  prec@K=0.0046  accepted=11  auc=0.9694  uauc=0.6933  loss=nan  (0.4s)
Round   26/30  coverage=0.5011  prec@K=0.0062  accepted=15  auc=0.8323  uauc=0.6357  loss=nan  (0.5s)
Round   27/30  coverage=0.5011  prec@K=0.0037  accepted=9  auc=0.8541  uauc=0.4853  loss=nan  (0.4s)
Round   28/30  coverage=0.5012  prec@K=0.0042  accepted=10  auc=0.9032  uauc=0.6667  loss=nan  (0.5s)
Round   29/30  coverage=0.5012  prec@K=0.0033  accepted=8  auc=0.8491  uauc=0.7371  loss=nan  (0.5s)
Round   30/30  coverage=0.5012  prec@K=0.0025  accepted=6  auc=0.9602  uauc=0.8148  loss=nan  (0.4s)

结果已写入 results\orchestrator\runs\ir50_constlr5e5_multiseed_bidir\sx_mathoverflow\pa_s3/rounds.csv
