=== sx_superuser_jaccard_s0  started 2026-05-09T02:49:50 ===

C:\conda\envs\gnn\lib\site-packages\requests\__init__.py:86: RequestsDependencyWarning: Unable to find acceptable character detection dependency (chardet or charset_normalizer).
  warnings.warn(
C:\conda\envs\gnn\lib\site-packages\outdated\__init__.py:36: UserWarning: pkg_resources is deprecated as an API. See https://setuptools.pypa.io/en/latest/pkg_resources.html. The pkg_resources package is slated for removal as early as 2025-11-30. Refrain from using this package or pin to Setuptools<81.
  from pkg_resources import parse_version
Round    1/30  coverage=0.5000  prec@K=0.0002  accepted=3  auc=0.5674  uauc=0.7963  loss=nan  (20.0s)
Round    2/30  coverage=0.5000  prec@K=0.0003  accepted=5  auc=0.3464  uauc=0.7646  loss=nan  (2.5s)
Round    3/30  coverage=0.5000  prec@K=0.0001  accepted=2  auc=0.5152  uauc=0.7222  loss=nan  (3.0s)
Round    4/30  coverage=0.5000  prec@K=0.0004  accepted=7  auc=0.3559  uauc=0.7139  loss=nan  (3.7s)
Round    5/30  coverage=0.5000  prec@K=0.0003  accepted=5  auc=0.5854  uauc=0.8869  loss=nan  (5.9s)
Round    6/30  coverage=0.5000  prec@K=0.0007  accepted=13  auc=0.3380  uauc=0.7260  loss=nan  (6.5s)
Round    7/30  coverage=0.5000  prec@K=0.0004  accepted=8  auc=0.3773  uauc=0.3542  loss=nan  (7.9s)
Round    8/30  coverage=0.5001  prec@K=0.0001  accepted=2  auc=0.5063  uauc=0.6111  loss=nan  (9.6s)
Round    9/30  coverage=0.5001  prec@K=0.0002  accepted=3  auc=0.5025  uauc=0.5926  loss=nan  (11.0s)
Round   10/30  coverage=0.5001  prec@K=0.0003  accepted=5  auc=0.4530  uauc=0.4785  loss=nan  (11.7s)
Round   11/30  coverage=0.5001  prec@K=0.0006  accepted=11  auc=0.4225  uauc=0.3889  loss=nan  (31.3s)
Round   12/30  coverage=0.5001  prec@K=0.0002  accepted=4  auc=0.3801  uauc=0.5880  loss=nan  (14.2s)
Round   13/30  coverage=0.5001  prec@K=0.0004  accepted=7  auc=0.4421  uauc=0.6519  loss=nan  (16.4s)
Round   14/30  coverage=0.5001  prec@K=0.0002  accepted=4  auc=0.3941  uauc=0.3333  loss=nan  (17.6s)
Round   15/30  coverage=0.5001  prec@K=0.0004  accepted=7  auc=0.3770  uauc=0.5741  loss=nan  (18.5s)
Round   16/30  coverage=0.5001  prec@K=0.0003  accepted=6  auc=0.3025  uauc=0.6771  loss=nan  (18.3s)
Round   17/30  coverage=0.5001  prec@K=0.0000  accepted=0  loss=nan  (20.4s)
Round   18/30  coverage=0.5001  prec@K=0.0001  accepted=2  auc=0.3887  uauc=0.2222  loss=nan  (19.9s)
Round   19/30  coverage=0.5001  prec@K=0.0004  accepted=7  auc=0.4088  uauc=0.7143  loss=nan  (21.9s)
Round   20/30  coverage=0.5001  prec@K=0.0003  accepted=6  auc=0.3305  uauc=0.5648  loss=nan  (23.0s)
Round   21/30  coverage=0.5001  prec@K=0.0001  accepted=2  auc=0.3299  uauc=0.4889  loss=nan  (46.2s)
Round   22/30  coverage=0.5001  prec@K=0.0004  accepted=7  auc=0.4384  uauc=0.6621  loss=nan  (26.7s)
Round   23/30  coverage=0.5001  prec@K=0.0003  accepted=6  auc=0.3759  uauc=0.5556  loss=nan  (27.9s)
Round   24/30  coverage=0.5001  prec@K=0.0002  accepted=4  auc=0.3589  uauc=0.8056  loss=nan  (27.4s)
Round   25/30  coverage=0.5002  prec@K=0.0003  accepted=6  auc=0.4895  uauc=0.6016  loss=nan  (31.5s)
Round   26/30  coverage=0.5002  prec@K=0.0003  accepted=6  auc=0.4243  uauc=0.6812  loss=nan  (31.8s)
Round   27/30  coverage=0.5002  prec@K=0.0004  accepted=8  auc=0.4060  uauc=0.6111  loss=nan  (32.7s)
Round   28/30  coverage=0.5002  prec@K=0.0002  accepted=4  auc=0.4235  uauc=0.4271  loss=nan  (34.4s)
Round   29/30  coverage=0.5002  prec@K=0.0002  accepted=4  auc=0.3729  uauc=0.6065  loss=nan  (34.3s)
Round   30/30  coverage=0.5002  prec@K=0.0003  accepted=6  auc=0.5068  uauc=0.5535  loss=nan  (35.8s)

结果已写入 results\orchestrator\runs\ir50_constlr5e5_multiseed_bidir\sx_superuser\jaccard_s0/rounds.csv
