=== sx_superuser_gnn_concat_s42  started 2026-05-09T01:42:46 ===

C:\conda\envs\gnn\lib\site-packages\requests\__init__.py:86: RequestsDependencyWarning: Unable to find acceptable character detection dependency (chardet or charset_normalizer).
  warnings.warn(
C:\conda\envs\gnn\lib\site-packages\outdated\__init__.py:36: UserWarning: pkg_resources is deprecated as an API. See https://setuptools.pypa.io/en/latest/pkg_resources.html. The pkg_resources package is slated for removal as early as 2025-11-30. Refrain from using this package or pin to Setuptools<81.
  from pkg_resources import parse_version
Round    1/30  coverage=0.5000  prec@K=0.0002  accepted=4  auc=0.3546  uauc=0.8148  loss=0.6794  (39.1s)
Round    2/30  coverage=0.5000  prec@K=0.0003  accepted=6  auc=0.1418  uauc=0.6806  loss=0.6771  (19.2s)
Round    3/30  coverage=0.5000  prec@K=0.0004  accepted=7  auc=0.1276  uauc=0.6746  loss=0.6756  (19.3s)
Round    4/30  coverage=0.5000  prec@K=0.0006  accepted=10  auc=0.2131  uauc=0.5278  loss=0.6726  (20.1s)
Round    5/30  coverage=0.5000  prec@K=0.0004  accepted=8  auc=0.1967  uauc=0.8403  loss=0.6707  (21.3s)
Round    6/30  coverage=0.5000  prec@K=0.0002  accepted=3  auc=0.2629  uauc=0.2037  loss=0.6690  (21.9s)
Round    7/30  coverage=0.5001  prec@K=0.0004  accepted=7  auc=0.0825  uauc=0.3730  loss=0.6665  (25.0s)
Round    8/30  coverage=0.5001  prec@K=0.0003  accepted=6  auc=0.2378  uauc=0.7315  loss=0.6638  (25.2s)
Round    9/30  coverage=0.5001  prec@K=0.0003  accepted=6  auc=0.1504  uauc=0.5648  loss=0.6628  (25.2s)
Round   10/30  coverage=0.5001  prec@K=0.0004  accepted=7  auc=0.1283  uauc=0.7778  loss=0.6605  (27.0s)
Round   11/30  coverage=0.5001  prec@K=0.0008  accepted=14  auc=0.1845  uauc=0.7436  loss=0.6578  (47.1s)
Round   12/30  coverage=0.5001  prec@K=0.0009  accepted=16  auc=0.2265  uauc=0.5109  loss=0.6554  (29.8s)
Round   13/30  coverage=0.5001  prec@K=0.0006  accepted=11  auc=0.2431  uauc=0.5253  loss=0.6529  (32.8s)
Round   14/30  coverage=0.5001  prec@K=0.0004  accepted=7  auc=0.1881  uauc=0.6481  loss=0.6514  (32.2s)
Round   15/30  coverage=0.5001  prec@K=0.0009  accepted=16  auc=0.2232  uauc=0.7292  loss=0.6483  (35.4s)
Round   16/30  coverage=0.5002  prec@K=0.0004  accepted=7  auc=0.3230  uauc=0.5714  loss=0.6465  (34.4s)
Round   17/30  coverage=0.5002  prec@K=0.0007  accepted=13  auc=0.2551  uauc=0.6978  loss=0.6444  (36.1s)
Round   18/30  coverage=0.5002  prec@K=0.0003  accepted=6  auc=0.1463  uauc=0.6389  loss=0.6423  (36.7s)
Round   19/30  coverage=0.5002  prec@K=0.0003  accepted=6  auc=0.2396  uauc=0.7616  loss=0.6398  (38.4s)
Round   20/30  coverage=0.5002  prec@K=0.0003  accepted=5  auc=0.2378  uauc=0.8889  loss=0.6378  (38.8s)
Round   21/30  coverage=0.5002  prec@K=0.0004  accepted=8  auc=0.1366  uauc=0.5417  loss=0.6357  (58.7s)
Round   22/30  coverage=0.5002  prec@K=0.0005  accepted=9  auc=0.2521  uauc=0.6389  loss=0.6332  (42.6s)
Round   23/30  coverage=0.5002  prec@K=0.0003  accepted=5  auc=0.2625  uauc=0.7833  loss=0.6304  (43.2s)
Round   24/30  coverage=0.5002  prec@K=0.0004  accepted=7  auc=0.2419  uauc=0.7778  loss=0.6284  (44.6s)
Round   25/30  coverage=0.5002  prec@K=0.0007  accepted=12  auc=0.1588  uauc=0.7639  loss=0.6262  (44.0s)
Round   26/30  coverage=0.5003  prec@K=0.0007  accepted=12  auc=0.2107  uauc=0.4954  loss=0.6239  (47.3s)
Round   27/30  coverage=0.5003  prec@K=0.0005  accepted=9  auc=0.1379  uauc=0.7469  loss=0.6215  (48.8s)
Round   28/30  coverage=0.5003  prec@K=0.0005  accepted=9  auc=0.2577  uauc=0.8090  loss=0.6191  (49.2s)
Round   29/30  coverage=0.5003  prec@K=0.0005  accepted=9  auc=0.1477  uauc=0.6420  loss=0.6167  (52.8s)
Round   30/30  coverage=0.5003  prec@K=0.0006  accepted=11  auc=0.1382  uauc=0.9141  loss=0.6145  (52.4s)

结果已写入 results\orchestrator\runs\ir50_constlr5e5_multiseed_bidir\sx_superuser\gnn_concat_s42/rounds.csv
