=== sx_superuser_aa_s1  started 2026-05-09T00:59:22 ===

C:\conda\envs\gnn\lib\site-packages\requests\__init__.py:86: RequestsDependencyWarning: Unable to find acceptable character detection dependency (chardet or charset_normalizer).
  warnings.warn(
C:\conda\envs\gnn\lib\site-packages\outdated\__init__.py:36: UserWarning: pkg_resources is deprecated as an API. See https://setuptools.pypa.io/en/latest/pkg_resources.html. The pkg_resources package is slated for removal as early as 2025-11-30. Refrain from using this package or pin to Setuptools<81.
  from pkg_resources import parse_version
Round    1/30  coverage=0.5000  prec@K=0.0009  accepted=16  auc=0.8445  uauc=0.5611  loss=nan  (23.2s)
Round    2/30  coverage=0.5000  prec@K=0.0007  accepted=12  auc=0.9386  uauc=0.6919  loss=nan  (5.2s)
Round    3/30  coverage=0.5000  prec@K=0.0006  accepted=11  auc=0.9654  uauc=0.7092  loss=nan  (5.5s)
Round    4/30  coverage=0.5001  prec@K=0.0011  accepted=20  auc=0.9240  uauc=0.6853  loss=nan  (6.6s)
Round    5/30  coverage=0.5001  prec@K=0.0006  accepted=10  auc=0.7899  uauc=0.5028  loss=nan  (9.6s)
Round    6/30  coverage=0.5001  prec@K=0.0005  accepted=9  auc=0.8889  uauc=0.7469  loss=nan  (10.0s)
Round    7/30  coverage=0.5001  prec@K=0.0007  accepted=12  auc=0.9113  uauc=0.5404  loss=nan  (10.9s)
Round    8/30  coverage=0.5001  prec@K=0.0003  accepted=6  auc=0.9573  uauc=0.7639  loss=nan  (12.2s)
Round    9/30  coverage=0.5001  prec@K=0.0010  accepted=17  auc=0.8799  uauc=0.6160  loss=nan  (13.6s)
Round   10/30  coverage=0.5002  prec@K=0.0009  accepted=16  auc=0.9544  uauc=0.7097  loss=nan  (14.6s)
Round   11/30  coverage=0.5002  prec@K=0.0008  accepted=14  auc=0.8744  uauc=0.5448  loss=nan  (33.9s)
Round   12/30  coverage=0.5002  prec@K=0.0010  accepted=18  auc=0.9429  uauc=0.7509  loss=nan  (17.3s)
Round   13/30  coverage=0.5002  prec@K=0.0010  accepted=18  auc=0.8972  uauc=0.7114  loss=nan  (17.6s)
Round   14/30  coverage=0.5002  prec@K=0.0007  accepted=13  auc=0.8899  uauc=0.7934  loss=nan  (19.6s)
Round   15/30  coverage=0.5002  prec@K=0.0008  accepted=15  auc=0.9395  uauc=0.6444  loss=nan  (20.8s)
Round   16/30  coverage=0.5003  prec@K=0.0008  accepted=14  auc=0.9142  uauc=0.7196  loss=nan  (22.1s)
Round   17/30  coverage=0.5003  prec@K=0.0004  accepted=8  auc=0.8013  uauc=0.6181  loss=nan  (22.6s)
Round   18/30  coverage=0.5003  prec@K=0.0011  accepted=19  auc=0.8556  uauc=0.6759  loss=nan  (24.9s)
Round   19/30  coverage=0.5003  prec@K=0.0006  accepted=11  auc=0.8166  uauc=0.7879  loss=nan  (26.6s)
Round   20/30  coverage=0.5003  prec@K=0.0005  accepted=9  auc=0.8838  uauc=0.6481  loss=nan  (26.3s)
Round   21/30  coverage=0.5003  prec@K=0.0006  accepted=11  auc=0.9213  uauc=0.6889  loss=nan  (48.7s)
Round   22/30  coverage=0.5003  prec@K=0.0004  accepted=8  auc=0.8163  uauc=0.4931  loss=nan  (28.4s)
Round   23/30  coverage=0.5003  prec@K=0.0006  accepted=11  auc=0.8991  uauc=0.7809  loss=nan  (29.7s)
Round   24/30  coverage=0.5004  prec@K=0.0007  accepted=12  auc=0.9252  uauc=0.8371  loss=nan  (32.7s)
Round   25/30  coverage=0.5004  prec@K=0.0006  accepted=10  auc=0.9280  uauc=0.8889  loss=nan  (34.1s)
Round   26/30  coverage=0.5004  prec@K=0.0003  accepted=6  auc=0.8123  uauc=0.5741  loss=nan  (32.9s)
Round   27/30  coverage=0.5004  prec@K=0.0006  accepted=10  auc=0.9356  uauc=0.6556  loss=nan  (36.1s)
Round   28/30  coverage=0.5004  prec@K=0.0006  accepted=10  auc=0.8639  uauc=0.6333  loss=nan  (36.2s)
Round   29/30  coverage=0.5004  prec@K=0.0009  accepted=17  auc=0.8747  uauc=0.7190  loss=nan  (35.7s)
Round   30/30  coverage=0.5004  prec@K=0.0008  accepted=15  auc=0.9363  uauc=0.7148  loss=nan  (37.0s)

结果已写入 results\orchestrator\runs\ir50_constlr5e5_multiseed_bidir\sx_superuser\aa_s1/rounds.csv
