=== sx_superuser_graphsage_emb_s2  started 2026-05-09T02:41:10 ===

C:\conda\envs\gnn\lib\site-packages\requests\__init__.py:86: RequestsDependencyWarning: Unable to find acceptable character detection dependency (chardet or charset_normalizer).
  warnings.warn(
C:\conda\envs\gnn\lib\site-packages\outdated\__init__.py:36: UserWarning: pkg_resources is deprecated as an API. See https://setuptools.pypa.io/en/latest/pkg_resources.html. The pkg_resources package is slated for removal as early as 2025-11-30. Refrain from using this package or pin to Setuptools<81.
  from pkg_resources import parse_version
Round    1/30  coverage=0.5000  prec@K=0.0005  accepted=9  auc=0.6568  uauc=0.6002  loss=0.6334  (37.9s)
Round    2/30  coverage=0.5000  prec@K=0.0006  accepted=11  auc=0.5155  uauc=0.5250  loss=0.6331  (18.5s)
Round    3/30  coverage=0.5000  prec@K=0.0003  accepted=6  auc=0.5131  uauc=0.6704  loss=0.6330  (19.2s)
Round    4/30  coverage=0.5000  prec@K=0.0007  accepted=12  auc=0.6053  uauc=0.6111  loss=0.6328  (18.8s)
Round    5/30  coverage=0.5001  prec@K=0.0006  accepted=11  auc=0.5915  uauc=0.6597  loss=0.6327  (21.5s)
Round    6/30  coverage=0.5001  prec@K=0.0006  accepted=10  auc=0.5945  uauc=0.6667  loss=0.6325  (22.6s)
Round    7/30  coverage=0.5001  prec@K=0.0003  accepted=6  auc=0.5424  uauc=0.9111  loss=0.6323  (25.9s)
Round    8/30  coverage=0.5001  prec@K=0.0005  accepted=9  auc=0.5426  uauc=0.5432  loss=0.6322  (25.0s)
Round    9/30  coverage=0.5001  prec@K=0.0003  accepted=6  auc=0.7403  uauc=0.7037  loss=0.6319  (27.3s)
Round   10/30  coverage=0.5001  prec@K=0.0004  accepted=7  auc=0.6514  uauc=0.6905  loss=0.6317  (26.7s)
Round   11/30  coverage=0.5001  prec@K=0.0006  accepted=11  auc=0.6499  uauc=0.4722  loss=0.6316  (46.9s)
Round   12/30  coverage=0.5001  prec@K=0.0007  accepted=13  auc=0.5692  uauc=0.5598  loss=0.6314  (30.6s)
Round   13/30  coverage=0.5001  prec@K=0.0004  accepted=7  auc=0.6810  uauc=0.5365  loss=0.6312  (30.8s)
Round   14/30  coverage=0.5001  prec@K=0.0003  accepted=6  auc=0.5468  uauc=0.5556  loss=0.6310  (32.9s)
Round   15/30  coverage=0.5002  prec@K=0.0005  accepted=9  auc=0.4226  uauc=0.4541  loss=0.6309  (34.6s)
Round   16/30  coverage=0.5002  prec@K=0.0003  accepted=6  auc=0.7519  uauc=0.5764  loss=0.6306  (35.2s)
Round   17/30  coverage=0.5002  prec@K=0.0005  accepted=9  auc=0.5648  uauc=0.5000  loss=0.6305  (36.2s)
Round   18/30  coverage=0.5002  prec@K=0.0002  accepted=4  auc=0.5817  uauc=0.7037  loss=0.6303  (36.5s)
Round   19/30  coverage=0.5002  prec@K=0.0007  accepted=12  auc=0.5718  uauc=0.7046  loss=0.6302  (38.6s)
Round   20/30  coverage=0.5002  prec@K=0.0001  accepted=2  auc=0.6365  uauc=0.5000  loss=0.6299  (38.1s)
Round   21/30  coverage=0.5002  prec@K=0.0006  accepted=10  auc=0.6153  uauc=0.7333  loss=0.6299  (61.9s)
Round   22/30  coverage=0.5002  prec@K=0.0003  accepted=6  auc=0.6037  uauc=0.7778  loss=0.6296  (42.1s)
Round   23/30  coverage=0.5002  prec@K=0.0002  accepted=4  auc=0.5957  uauc=0.5000  loss=0.6294  (45.2s)
Round   24/30  coverage=0.5002  prec@K=0.0004  accepted=7  auc=0.6066  uauc=0.4005  loss=0.6292  (43.8s)
Round   25/30  coverage=0.5002  prec@K=0.0001  accepted=2  auc=0.8853  uauc=0.4167  loss=0.6290  (44.9s)
Round   26/30  coverage=0.5002  prec@K=0.0004  accepted=8  auc=0.7219  uauc=0.5000  loss=0.6289  (47.6s)
Round   27/30  coverage=0.5002  prec@K=0.0004  accepted=7  auc=0.5799  uauc=0.6825  loss=0.6287  (47.2s)
Round   28/30  coverage=0.5003  prec@K=0.0004  accepted=8  auc=0.5522  uauc=0.5556  loss=0.6286  (49.4s)
Round   29/30  coverage=0.5003  prec@K=0.0003  accepted=6  auc=0.6865  uauc=0.6204  loss=0.6284  (50.3s)
Round   30/30  coverage=0.5003  prec@K=0.0003  accepted=6  auc=0.5784  uauc=0.5694  loss=0.6282  (51.1s)

结果已写入 results\orchestrator\runs\ir50_constlr5e5_multiseed_bidir\sx_superuser\graphsage_emb_s2/rounds.csv
