=== sx_superuser_cn_s2  started 2026-05-09T01:11:53 ===

C:\conda\envs\gnn\lib\site-packages\requests\__init__.py:86: RequestsDependencyWarning: Unable to find acceptable character detection dependency (chardet or charset_normalizer).
  warnings.warn(
C:\conda\envs\gnn\lib\site-packages\outdated\__init__.py:36: UserWarning: pkg_resources is deprecated as an API. See https://setuptools.pypa.io/en/latest/pkg_resources.html. The pkg_resources package is slated for removal as early as 2025-11-30. Refrain from using this package or pin to Setuptools<81.
  from pkg_resources import parse_version
Round    1/30  coverage=0.5000  prec@K=0.0006  accepted=10  auc=0.7799  uauc=0.6857  loss=nan  (19.9s)
Round    2/30  coverage=0.5000  prec@K=0.0009  accepted=17  auc=0.8308  uauc=0.6713  loss=nan  (2.3s)
Round    3/30  coverage=0.5000  prec@K=0.0003  accepted=6  auc=0.8390  uauc=0.7130  loss=nan  (2.9s)
Round    4/30  coverage=0.5000  prec@K=0.0006  accepted=10  auc=0.9140  uauc=0.8111  loss=nan  (3.6s)
Round    5/30  coverage=0.5001  prec@K=0.0013  accepted=24  auc=0.8615  uauc=0.6653  loss=nan  (7.0s)
Round    6/30  coverage=0.5001  prec@K=0.0009  accepted=17  auc=0.8130  uauc=0.6046  loss=nan  (7.4s)
Round    7/30  coverage=0.5001  prec@K=0.0006  accepted=10  auc=0.8306  uauc=0.7847  loss=nan  (8.9s)
Round    8/30  coverage=0.5001  prec@K=0.0004  accepted=7  auc=0.8716  uauc=0.7211  loss=nan  (9.8s)
Round    9/30  coverage=0.5001  prec@K=0.0007  accepted=12  auc=0.8418  uauc=0.6155  loss=nan  (10.5s)
Round   10/30  coverage=0.5001  prec@K=0.0007  accepted=13  auc=0.8468  uauc=0.5495  loss=nan  (11.5s)
Round   11/30  coverage=0.5002  prec@K=0.0006  accepted=10  auc=0.7399  uauc=0.6222  loss=nan  (30.3s)
Round   12/30  coverage=0.5002  prec@K=0.0007  accepted=13  auc=0.8515  uauc=0.7188  loss=nan  (14.2s)
Round   13/30  coverage=0.5002  prec@K=0.0005  accepted=9  auc=0.8524  uauc=0.4306  loss=nan  (15.5s)
Round   14/30  coverage=0.5002  prec@K=0.0008  accepted=14  auc=0.9065  uauc=0.6376  loss=nan  (15.7s)
Round   15/30  coverage=0.5002  prec@K=0.0009  accepted=17  auc=0.8825  uauc=0.6671  loss=nan  (17.6s)
Round   16/30  coverage=0.5002  prec@K=0.0005  accepted=9  auc=0.8089  uauc=0.6651  loss=nan  (19.4s)
Round   17/30  coverage=0.5002  prec@K=0.0007  accepted=13  auc=0.7979  uauc=0.7222  loss=nan  (19.8s)
Round   18/30  coverage=0.5003  prec@K=0.0003  accepted=6  auc=0.7804  uauc=0.5444  loss=nan  (20.4s)
Round   19/30  coverage=0.5003  prec@K=0.0008  accepted=15  auc=0.8251  uauc=0.6806  loss=nan  (22.3s)
Round   20/30  coverage=0.5003  prec@K=0.0006  accepted=11  auc=0.8777  uauc=0.7929  loss=nan  (22.1s)
Round   21/30  coverage=0.5003  prec@K=0.0003  accepted=6  auc=0.7827  uauc=0.7130  loss=nan  (43.2s)
Round   22/30  coverage=0.5003  prec@K=0.0011  accepted=19  auc=0.8354  uauc=0.6345  loss=nan  (25.7s)
Round   23/30  coverage=0.5003  prec@K=0.0007  accepted=12  auc=0.9462  uauc=0.7500  loss=nan  (28.3s)
Round   24/30  coverage=0.5003  prec@K=0.0007  accepted=12  auc=0.8704  uauc=0.6435  loss=nan  (28.2s)
Round   25/30  coverage=0.5004  prec@K=0.0004  accepted=8  auc=0.7747  uauc=0.4861  loss=nan  (29.2s)
Round   26/30  coverage=0.5004  prec@K=0.0010  accepted=18  auc=0.8825  uauc=0.6931  loss=nan  (31.3s)
Round   27/30  coverage=0.5004  prec@K=0.0006  accepted=10  auc=0.8586  uauc=0.5611  loss=nan  (30.6s)
Round   28/30  coverage=0.5004  prec@K=0.0005  accepted=9  auc=0.8184  uauc=0.6349  loss=nan  (33.8s)
Round   29/30  coverage=0.5004  prec@K=0.0006  accepted=10  auc=0.7672  uauc=0.5944  loss=nan  (33.7s)
Round   30/30  coverage=0.5004  prec@K=0.0004  accepted=7  auc=0.7977  uauc=0.4841  loss=nan  (35.1s)

结果已写入 results\orchestrator\runs\ir50_constlr5e5_multiseed_bidir\sx_superuser\cn_s2/rounds.csv
