=== wiki_vote_jaccard_s42  started 2026-05-08T21:51:55 ===

C:\conda\envs\gnn\lib\site-packages\requests\__init__.py:86: RequestsDependencyWarning: Unable to find acceptable character detection dependency (chardet or charset_normalizer).
  warnings.warn(
C:\conda\envs\gnn\lib\site-packages\outdated\__init__.py:36: UserWarning: pkg_resources is deprecated as an API. See https://setuptools.pypa.io/en/latest/pkg_resources.html. The pkg_resources package is slated for removal as early as 2025-11-30. Refrain from using this package or pin to Setuptools<81.
  from pkg_resources import parse_version
Round    1/30  coverage=0.5009  prec@K=0.0130  accepted=92  auc=0.4514  uauc=0.5599  loss=nan  (1.3s)
Round    2/30  coverage=0.5016  prec@K=0.0112  accepted=79  auc=0.4576  uauc=0.5872  loss=nan  (0.6s)
Round    3/30  coverage=0.5024  prec@K=0.0105  accepted=74  auc=0.4135  uauc=0.4903  loss=nan  (0.6s)
Round    4/30  coverage=0.5030  prec@K=0.0097  accepted=68  auc=0.4492  uauc=0.5490  loss=nan  (0.7s)
Round    5/30  coverage=0.5038  prec@K=0.0111  accepted=78  auc=0.4668  uauc=0.5644  loss=nan  (0.9s)
Round    6/30  coverage=0.5043  prec@K=0.0073  accepted=52  auc=0.4525  uauc=0.5259  loss=nan  (0.8s)
Round    7/30  coverage=0.5050  prec@K=0.0101  accepted=71  auc=0.4217  uauc=0.5652  loss=nan  (0.8s)
Round    8/30  coverage=0.5059  prec@K=0.0133  accepted=94  auc=0.4263  uauc=0.5829  loss=nan  (0.9s)
Round    9/30  coverage=0.5065  prec@K=0.0096  accepted=68  auc=0.4425  uauc=0.5003  loss=nan  (0.9s)
Round   10/30  coverage=0.5073  prec@K=0.0115  accepted=81  auc=0.4158  uauc=0.5688  loss=nan  (0.9s)
Round   11/30  coverage=0.5080  prec@K=0.0110  accepted=78  auc=0.4363  uauc=0.5925  loss=nan  (1.8s)
Round   12/30  coverage=0.5088  prec@K=0.0107  accepted=76  auc=0.4556  uauc=0.5779  loss=nan  (1.1s)
Round   13/30  coverage=0.5098  prec@K=0.0150  accepted=106  auc=0.4496  uauc=0.5521  loss=nan  (1.2s)
Round   14/30  coverage=0.5106  prec@K=0.0115  accepted=81  auc=0.4675  uauc=0.5795  loss=nan  (1.3s)
Round   15/30  coverage=0.5112  prec@K=0.0098  accepted=69  auc=0.4449  uauc=0.5510  loss=nan  (1.2s)
Round   16/30  coverage=0.5121  prec@K=0.0119  accepted=84  auc=0.4432  uauc=0.5547  loss=nan  (1.3s)
Round   17/30  coverage=0.5127  prec@K=0.0099  accepted=70  auc=0.4233  uauc=0.5386  loss=nan  (1.2s)
Round   18/30  coverage=0.5132  prec@K=0.0065  accepted=46  auc=0.4346  uauc=0.5346  loss=nan  (1.3s)
Round   19/30  coverage=0.5140  prec@K=0.0123  accepted=87  auc=0.3970  uauc=0.5182  loss=nan  (1.4s)
Round   20/30  coverage=0.5147  prec@K=0.0097  accepted=68  auc=0.4560  uauc=0.5173  loss=nan  (1.5s)
Round   21/30  coverage=0.5152  prec@K=0.0076  accepted=54  auc=0.4559  uauc=0.5715  loss=nan  (2.5s)
Round   22/30  coverage=0.5158  prec@K=0.0091  accepted=64  auc=0.4169  uauc=0.5592  loss=nan  (1.4s)
Round   23/30  coverage=0.5165  prec@K=0.0096  accepted=68  auc=0.4241  uauc=0.5510  loss=nan  (1.4s)
Round   24/30  coverage=0.5172  prec@K=0.0107  accepted=75  auc=0.4607  uauc=0.5375  loss=nan  (1.5s)
Round   25/30  coverage=0.5178  prec@K=0.0087  accepted=61  auc=0.4113  uauc=0.5612  loss=nan  (1.6s)
Round   26/30  coverage=0.5184  prec@K=0.0095  accepted=67  auc=0.4531  uauc=0.5961  loss=nan  (1.7s)
Round   27/30  coverage=0.5191  prec@K=0.0098  accepted=69  auc=0.4323  uauc=0.5603  loss=nan  (1.7s)
Round   28/30  coverage=0.5196  prec@K=0.0080  accepted=56  auc=0.5015  uauc=0.5659  loss=nan  (1.7s)
Round   29/30  coverage=0.5202  prec@K=0.0082  accepted=58  auc=0.4759  uauc=0.5514  loss=nan  (1.9s)
Round   30/30  coverage=0.5210  prec@K=0.0115  accepted=81  auc=0.4329  uauc=0.4879  loss=nan  (2.1s)

结果已写入 results\orchestrator\runs\ir50_constlr5e5_multiseed_bidir\wiki_vote\jaccard_s42/rounds.csv
