=== wiki_vote_aa_s42  started 2026-05-08T21:17:15 ===

C:\conda\envs\gnn\lib\site-packages\requests\__init__.py:86: RequestsDependencyWarning: Unable to find acceptable character detection dependency (chardet or charset_normalizer).
  warnings.warn(
C:\conda\envs\gnn\lib\site-packages\outdated\__init__.py:36: UserWarning: pkg_resources is deprecated as an API. See https://setuptools.pypa.io/en/latest/pkg_resources.html. The pkg_resources package is slated for removal as early as 2025-11-30. Refrain from using this package or pin to Setuptools<81.
  from pkg_resources import parse_version
Round    1/30  coverage=0.5011  prec@K=0.0163  accepted=115  auc=0.8693  uauc=0.6002  loss=nan  (1.6s)
Round    2/30  coverage=0.5021  prec@K=0.0141  accepted=100  auc=0.8544  uauc=0.5660  loss=nan  (0.8s)
Round    3/30  coverage=0.5029  prec@K=0.0129  accepted=91  auc=0.8297  uauc=0.5682  loss=nan  (0.8s)
Round    4/30  coverage=0.5037  prec@K=0.0113  accepted=79  auc=0.8543  uauc=0.6327  loss=nan  (0.9s)
Round    5/30  coverage=0.5048  prec@K=0.0156  accepted=110  auc=0.8651  uauc=0.5621  loss=nan  (1.1s)
Round    6/30  coverage=0.5056  prec@K=0.0124  accepted=88  auc=0.8650  uauc=0.5095  loss=nan  (1.0s)
Round    7/30  coverage=0.5065  prec@K=0.0128  accepted=90  auc=0.8793  uauc=0.5324  loss=nan  (1.0s)
Round    8/30  coverage=0.5074  prec@K=0.0137  accepted=97  auc=0.8893  uauc=0.5507  loss=nan  (1.1s)
Round    9/30  coverage=0.5083  prec@K=0.0127  accepted=90  auc=0.8792  uauc=0.5761  loss=nan  (1.1s)
Round   10/30  coverage=0.5092  prec@K=0.0129  accepted=91  auc=0.8885  uauc=0.6074  loss=nan  (1.1s)
Round   11/30  coverage=0.5100  prec@K=0.0122  accepted=86  auc=0.8717  uauc=0.5159  loss=nan  (2.1s)
Round   12/30  coverage=0.5111  prec@K=0.0160  accepted=113  auc=0.8749  uauc=0.5220  loss=nan  (1.3s)
Round   13/30  coverage=0.5121  prec@K=0.0151  accepted=107  auc=0.8712  uauc=0.5582  loss=nan  (1.3s)
Round   14/30  coverage=0.5128  prec@K=0.0104  accepted=73  auc=0.8695  uauc=0.5317  loss=nan  (1.3s)
Round   15/30  coverage=0.5137  prec@K=0.0131  accepted=92  auc=0.8679  uauc=0.6018  loss=nan  (1.4s)
Round   16/30  coverage=0.5146  prec@K=0.0131  accepted=93  auc=0.8900  uauc=0.6439  loss=nan  (1.5s)
Round   17/30  coverage=0.5154  prec@K=0.0120  accepted=85  auc=0.8916  uauc=0.5420  loss=nan  (1.5s)
Round   18/30  coverage=0.5162  prec@K=0.0109  accepted=77  auc=0.8711  uauc=0.5805  loss=nan  (1.4s)
Round   19/30  coverage=0.5173  prec@K=0.0164  accepted=116  auc=0.8863  uauc=0.5618  loss=nan  (1.5s)
Round   20/30  coverage=0.5180  prec@K=0.0112  accepted=79  auc=0.8941  uauc=0.5272  loss=nan  (1.6s)
Round   21/30  coverage=0.5186  prec@K=0.0088  accepted=62  auc=0.8917  uauc=0.5892  loss=nan  (2.7s)
Round   22/30  coverage=0.5197  prec@K=0.0162  accepted=114  auc=0.8859  uauc=0.5747  loss=nan  (1.6s)
Round   23/30  coverage=0.5205  prec@K=0.0112  accepted=79  auc=0.8837  uauc=0.6680  loss=nan  (1.6s)
Round   24/30  coverage=0.5215  prec@K=0.0149  accepted=105  auc=0.8967  uauc=0.5499  loss=nan  (1.9s)
Round   25/30  coverage=0.5223  prec@K=0.0115  accepted=81  auc=0.8697  uauc=0.5378  loss=nan  (1.8s)
Round   26/30  coverage=0.5229  prec@K=0.0092  accepted=65  auc=0.9116  uauc=0.5766  loss=nan  (1.8s)
Round   27/30  coverage=0.5236  prec@K=0.0102  accepted=72  auc=0.8625  uauc=0.5382  loss=nan  (2.0s)
Round   28/30  coverage=0.5244  prec@K=0.0115  accepted=81  auc=0.8819  uauc=0.5270  loss=nan  (1.9s)
Round   29/30  coverage=0.5251  prec@K=0.0106  accepted=75  auc=0.9002  uauc=0.6678  loss=nan  (2.0s)
Round   30/30  coverage=0.5259  prec@K=0.0121  accepted=85  auc=0.8728  uauc=0.5002  loss=nan  (2.1s)

结果已写入 results\orchestrator\runs\ir50_constlr5e5_multiseed_bidir\wiki_vote\aa_s42/rounds.csv
