=== wiki_vote_cn_s42  started 2026-05-08T21:18:41 ===

C:\conda\envs\gnn\lib\site-packages\requests\__init__.py:86: RequestsDependencyWarning: Unable to find acceptable character detection dependency (chardet or charset_normalizer).
  warnings.warn(
C:\conda\envs\gnn\lib\site-packages\outdated\__init__.py:36: UserWarning: pkg_resources is deprecated as an API. See https://setuptools.pypa.io/en/latest/pkg_resources.html. The pkg_resources package is slated for removal as early as 2025-11-30. Refrain from using this package or pin to Setuptools<81.
  from pkg_resources import parse_version
Round    1/30  coverage=0.5011  prec@K=0.0157  accepted=111  auc=0.8744  uauc=0.6106  loss=nan  (1.3s)
Round    2/30  coverage=0.5021  prec@K=0.0150  accepted=106  auc=0.8585  uauc=0.5538  loss=nan  (0.5s)
Round    3/30  coverage=0.5029  prec@K=0.0124  accepted=88  auc=0.8530  uauc=0.5855  loss=nan  (0.5s)
Round    4/30  coverage=0.5038  prec@K=0.0121  accepted=85  auc=0.8543  uauc=0.6239  loss=nan  (0.6s)
Round    5/30  coverage=0.5048  prec@K=0.0148  accepted=104  auc=0.8526  uauc=0.5750  loss=nan  (0.8s)
Round    6/30  coverage=0.5056  prec@K=0.0123  accepted=87  auc=0.8341  uauc=0.5477  loss=nan  (0.7s)
Round    7/30  coverage=0.5066  prec@K=0.0146  accepted=103  auc=0.8889  uauc=0.5983  loss=nan  (0.7s)
Round    8/30  coverage=0.5077  prec@K=0.0157  accepted=111  auc=0.8795  uauc=0.5859  loss=nan  (0.9s)
Round    9/30  coverage=0.5086  prec@K=0.0134  accepted=95  auc=0.8816  uauc=0.6210  loss=nan  (0.9s)
Round   10/30  coverage=0.5095  prec@K=0.0133  accepted=94  auc=0.8943  uauc=0.5828  loss=nan  (0.9s)
Round   11/30  coverage=0.5104  prec@K=0.0136  accepted=96  auc=0.8883  uauc=0.5600  loss=nan  (1.7s)
Round   12/30  coverage=0.5115  prec@K=0.0160  accepted=113  auc=0.8693  uauc=0.6033  loss=nan  (1.0s)
Round   13/30  coverage=0.5124  prec@K=0.0133  accepted=94  auc=0.8860  uauc=0.6396  loss=nan  (1.0s)
Round   14/30  coverage=0.5133  prec@K=0.0127  accepted=89  auc=0.8645  uauc=0.5851  loss=nan  (1.1s)
Round   15/30  coverage=0.5142  prec@K=0.0132  accepted=93  auc=0.8817  uauc=0.6236  loss=nan  (1.0s)
Round   16/30  coverage=0.5151  prec@K=0.0134  accepted=95  auc=0.9088  uauc=0.6192  loss=nan  (1.1s)
Round   17/30  coverage=0.5158  prec@K=0.0111  accepted=78  auc=0.8861  uauc=0.5627  loss=nan  (1.1s)
Round   18/30  coverage=0.5166  prec@K=0.0119  accepted=84  auc=0.8660  uauc=0.5166  loss=nan  (1.1s)
Round   19/30  coverage=0.5175  prec@K=0.0131  accepted=93  auc=0.8918  uauc=0.6478  loss=nan  (1.2s)
Round   20/30  coverage=0.5182  prec@K=0.0102  accepted=72  auc=0.9118  uauc=0.5286  loss=nan  (1.2s)
Round   21/30  coverage=0.5191  prec@K=0.0126  accepted=89  auc=0.8851  uauc=0.6023  loss=nan  (2.2s)
Round   22/30  coverage=0.5202  prec@K=0.0159  accepted=112  auc=0.8998  uauc=0.5985  loss=nan  (1.2s)
Round   23/30  coverage=0.5210  prec@K=0.0129  accepted=91  auc=0.8668  uauc=0.5880  loss=nan  (1.3s)
Round   24/30  coverage=0.5219  prec@K=0.0125  accepted=88  auc=0.8886  uauc=0.6025  loss=nan  (1.4s)
Round   25/30  coverage=0.5226  prec@K=0.0101  accepted=71  auc=0.8783  uauc=0.5988  loss=nan  (1.4s)
Round   26/30  coverage=0.5232  prec@K=0.0098  accepted=69  auc=0.8832  uauc=0.6012  loss=nan  (1.3s)
Round   27/30  coverage=0.5242  prec@K=0.0139  accepted=98  auc=0.8748  uauc=0.5700  loss=nan  (1.4s)
Round   28/30  coverage=0.5250  prec@K=0.0125  accepted=88  auc=0.8789  uauc=0.5736  loss=nan  (1.5s)
Round   29/30  coverage=0.5257  prec@K=0.0102  accepted=72  auc=0.8810  uauc=0.5644  loss=nan  (1.5s)
Round   30/30  coverage=0.5266  prec@K=0.0128  accepted=90  auc=0.9011  uauc=0.5769  loss=nan  (1.6s)

结果已写入 results\orchestrator\runs\ir50_constlr5e5_multiseed_bidir\wiki_vote\cn_s42/rounds.csv
