=== wiki_vote_gnn_concat_s2  started 2026-05-08T21:25:37 ===

C:\conda\envs\gnn\lib\site-packages\requests\__init__.py:86: RequestsDependencyWarning: Unable to find acceptable character detection dependency (chardet or charset_normalizer).
  warnings.warn(
C:\conda\envs\gnn\lib\site-packages\outdated\__init__.py:36: UserWarning: pkg_resources is deprecated as an API. See https://setuptools.pypa.io/en/latest/pkg_resources.html. The pkg_resources package is slated for removal as early as 2025-11-30. Refrain from using this package or pin to Setuptools<81.
  from pkg_resources import parse_version
Round    1/30  coverage=0.5011  prec@K=0.0163  accepted=115  auc=0.5528  uauc=0.5531  loss=0.6543  (14.4s)
Round    2/30  coverage=0.5022  prec@K=0.0157  accepted=111  auc=0.5610  uauc=0.5832  loss=0.6523  (12.1s)
Round    3/30  coverage=0.5034  prec@K=0.0182  accepted=128  auc=0.4630  uauc=0.5740  loss=0.6509  (11.7s)
Round    4/30  coverage=0.5044  prec@K=0.0152  accepted=107  auc=0.4675  uauc=0.5864  loss=0.6482  (12.4s)
Round    5/30  coverage=0.5049  prec@K=0.0070  accepted=49  auc=0.4114  uauc=0.7155  loss=0.6452  (11.5s)
Round    6/30  coverage=0.5055  prec@K=0.0088  accepted=62  auc=0.3923  uauc=0.6496  loss=0.6439  (11.6s)
Round    7/30  coverage=0.5060  prec@K=0.0078  accepted=55  auc=0.3771  uauc=0.5850  loss=0.6414  (12.2s)
Round    8/30  coverage=0.5064  prec@K=0.0059  accepted=42  auc=0.3762  uauc=0.4984  loss=0.6387  (12.7s)
Round    9/30  coverage=0.5067  prec@K=0.0041  accepted=29  auc=0.3595  uauc=0.5443  loss=0.6368  (12.2s)
Round   10/30  coverage=0.5069  prec@K=0.0026  accepted=18  auc=0.4607  uauc=0.5823  loss=0.6351  (11.6s)
Round   11/30  coverage=0.5072  prec@K=0.0044  accepted=31  auc=0.3123  uauc=0.5289  loss=0.6331  (12.7s)
Round   12/30  coverage=0.5075  prec@K=0.0048  accepted=34  auc=0.2258  uauc=0.4959  loss=0.6319  (11.5s)
Round   13/30  coverage=0.5077  prec@K=0.0021  accepted=15  auc=0.3237  uauc=0.3926  loss=0.6287  (12.4s)
Round   14/30  coverage=0.5078  prec@K=0.0023  accepted=16  auc=0.4519  uauc=0.5204  loss=0.6263  (12.4s)
Round   15/30  coverage=0.5080  prec@K=0.0023  accepted=16  auc=0.2900  uauc=0.4214  loss=0.6245  (12.5s)
Round   16/30  coverage=0.5081  prec@K=0.0023  accepted=16  auc=0.3348  uauc=0.5042  loss=0.6228  (12.6s)
Round   17/30  coverage=0.5083  prec@K=0.0025  accepted=18  auc=0.3269  uauc=0.5221  loss=0.6203  (13.4s)
Round   18/30  coverage=0.5084  prec@K=0.0010  accepted=7  auc=0.4761  uauc=0.4921  loss=0.6185  (12.9s)
Round   19/30  coverage=0.5085  prec@K=0.0014  accepted=10  auc=0.4083  uauc=0.5471  loss=0.6167  (13.7s)
Round   20/30  coverage=0.5086  prec@K=0.0018  accepted=13  auc=0.5592  uauc=0.4769  loss=0.6158  (12.7s)
Round   21/30  coverage=0.5087  prec@K=0.0013  accepted=9  auc=0.3753  uauc=0.4583  loss=0.6129  (14.0s)
Round   22/30  coverage=0.5088  prec@K=0.0020  accepted=14  auc=0.5414  uauc=0.4658  loss=0.6112  (13.1s)
Round   23/30  coverage=0.5089  prec@K=0.0014  accepted=10  auc=0.4467  uauc=0.5500  loss=0.6101  (13.3s)
Round   24/30  coverage=0.5091  prec@K=0.0020  accepted=14  auc=0.4678  uauc=0.5714  loss=0.6088  (13.7s)
Round   25/30  coverage=0.5092  prec@K=0.0028  accepted=20  auc=0.5457  uauc=0.5472  loss=0.6073  (13.2s)
Round   26/30  coverage=0.5094  prec@K=0.0017  accepted=12  auc=0.4859  uauc=0.5653  loss=0.6044  (14.1s)
Round   27/30  coverage=0.5096  prec@K=0.0028  accepted=20  auc=0.4961  uauc=0.3918  loss=0.6044  (13.2s)
Round   28/30  coverage=0.5097  prec@K=0.0024  accepted=17  auc=0.5140  uauc=0.5035  loss=0.6031  (13.3s)
Round   29/30  coverage=0.5099  prec@K=0.0024  accepted=17  auc=0.5215  uauc=0.4216  loss=0.6014  (13.7s)
Round   30/30  coverage=0.5100  prec@K=0.0013  accepted=9  auc=0.5140  uauc=0.5185  loss=0.6002  (13.3s)

结果已写入 results\orchestrator\runs\ir50_constlr5e5_multiseed_bidir\wiki_vote\gnn_concat_s2/rounds.csv
