=== wiki_vote_pa_s2  started 2026-05-08T21:52:13 ===

C:\conda\envs\gnn\lib\site-packages\requests\__init__.py:86: RequestsDependencyWarning: Unable to find acceptable character detection dependency (chardet or charset_normalizer).
  warnings.warn(
C:\conda\envs\gnn\lib\site-packages\outdated\__init__.py:36: UserWarning: pkg_resources is deprecated as an API. See https://setuptools.pypa.io/en/latest/pkg_resources.html. The pkg_resources package is slated for removal as early as 2025-11-30. Refrain from using this package or pin to Setuptools<81.
  from pkg_resources import parse_version
Round    1/30  coverage=0.5008  prec@K=0.0123  accepted=87  auc=0.8146  uauc=0.5068  loss=nan  (1.2s)
Round    2/30  coverage=0.5016  prec@K=0.0117  accepted=83  auc=0.8198  uauc=0.5430  loss=nan  (0.5s)
Round    3/30  coverage=0.5023  prec@K=0.0105  accepted=74  auc=0.8535  uauc=0.5725  loss=nan  (0.5s)
Round    4/30  coverage=0.5031  prec@K=0.0112  accepted=79  auc=0.7770  uauc=0.4973  loss=nan  (0.6s)
Round    5/30  coverage=0.5037  prec@K=0.0090  accepted=63  auc=0.7813  uauc=0.5063  loss=nan  (0.8s)
Round    6/30  coverage=0.5043  prec@K=0.0088  accepted=62  auc=0.7996  uauc=0.4615  loss=nan  (0.7s)
Round    7/30  coverage=0.5049  prec@K=0.0088  accepted=62  auc=0.8573  uauc=0.4993  loss=nan  (0.7s)
Round    8/30  coverage=0.5055  prec@K=0.0089  accepted=63  auc=0.8282  uauc=0.4593  loss=nan  (0.7s)
Round    9/30  coverage=0.5060  prec@K=0.0072  accepted=51  auc=0.8639  uauc=0.5908  loss=nan  (0.8s)
Round   10/30  coverage=0.5067  prec@K=0.0104  accepted=73  auc=0.8489  uauc=0.4853  loss=nan  (0.8s)
Round   11/30  coverage=0.5072  prec@K=0.0065  accepted=46  auc=0.8632  uauc=0.5019  loss=nan  (1.7s)
Round   12/30  coverage=0.5077  prec@K=0.0081  accepted=57  auc=0.8923  uauc=0.4448  loss=nan  (0.9s)
Round   13/30  coverage=0.5083  prec@K=0.0082  accepted=58  auc=0.8727  uauc=0.5881  loss=nan  (1.0s)
Round   14/30  coverage=0.5088  prec@K=0.0085  accepted=60  auc=0.8089  uauc=0.4487  loss=nan  (1.1s)
Round   15/30  coverage=0.5094  prec@K=0.0083  accepted=59  auc=0.8822  uauc=0.5492  loss=nan  (1.2s)
Round   16/30  coverage=0.5101  prec@K=0.0102  accepted=72  auc=0.9044  uauc=0.5477  loss=nan  (1.1s)
Round   17/30  coverage=0.5108  prec@K=0.0099  accepted=70  auc=0.8568  uauc=0.4865  loss=nan  (1.3s)
Round   18/30  coverage=0.5112  prec@K=0.0057  accepted=40  auc=0.8420  uauc=0.4021  loss=nan  (1.3s)
Round   19/30  coverage=0.5117  prec@K=0.0079  accepted=56  auc=0.8560  uauc=0.5898  loss=nan  (1.4s)
Round   20/30  coverage=0.5122  prec@K=0.0065  accepted=46  auc=0.8783  uauc=0.5221  loss=nan  (1.3s)
Round   21/30  coverage=0.5127  prec@K=0.0085  accepted=60  auc=0.9142  uauc=0.6050  loss=nan  (2.4s)
Round   22/30  coverage=0.5133  prec@K=0.0086  accepted=61  auc=0.8725  uauc=0.4675  loss=nan  (1.5s)
Round   23/30  coverage=0.5138  prec@K=0.0076  accepted=54  auc=0.8568  uauc=0.4155  loss=nan  (1.5s)
Round   24/30  coverage=0.5143  prec@K=0.0072  accepted=51  auc=0.8645  uauc=0.5276  loss=nan  (1.5s)
Round   25/30  coverage=0.5148  prec@K=0.0064  accepted=45  auc=0.8702  uauc=0.4424  loss=nan  (1.5s)
Round   26/30  coverage=0.5152  prec@K=0.0066  accepted=47  auc=0.8447  uauc=0.4561  loss=nan  (1.5s)
Round   27/30  coverage=0.5157  prec@K=0.0068  accepted=48  auc=0.8909  uauc=0.4744  loss=nan  (1.7s)
Round   28/30  coverage=0.5161  prec@K=0.0068  accepted=48  auc=0.9139  uauc=0.4291  loss=nan  (1.8s)
Round   29/30  coverage=0.5166  prec@K=0.0059  accepted=42  auc=0.8633  uauc=0.5030  loss=nan  (1.6s)
Round   30/30  coverage=0.5170  prec@K=0.0067  accepted=47  auc=0.8848  uauc=0.5272  loss=nan  (1.9s)

结果已写入 results\orchestrator\runs\ir50_constlr5e5_multiseed_bidir\wiki_vote\pa_s2/rounds.csv
