=== wiki_vote_gat_emb_s1  started 2026-05-08T21:18:43 ===

C:\conda\envs\gnn\lib\site-packages\requests\__init__.py:86: RequestsDependencyWarning: Unable to find acceptable character detection dependency (chardet or charset_normalizer).
  warnings.warn(
C:\conda\envs\gnn\lib\site-packages\outdated\__init__.py:36: UserWarning: pkg_resources is deprecated as an API. See https://setuptools.pypa.io/en/latest/pkg_resources.html. The pkg_resources package is slated for removal as early as 2025-11-30. Refrain from using this package or pin to Setuptools<81.
  from pkg_resources import parse_version
Round    1/30  coverage=0.5006  prec@K=0.0091  accepted=64  auc=0.7815  uauc=0.6393  loss=0.6755  (13.6s)
Round    2/30  coverage=0.5011  prec@K=0.0076  accepted=54  auc=0.7669  uauc=0.6085  loss=0.6752  (12.3s)
Round    3/30  coverage=0.5016  prec@K=0.0064  accepted=45  auc=0.7036  uauc=0.6142  loss=0.6751  (12.0s)
Round    4/30  coverage=0.5020  prec@K=0.0065  accepted=46  auc=0.7258  uauc=0.6435  loss=0.6750  (11.5s)
Round    5/30  coverage=0.5026  prec@K=0.0079  accepted=56  auc=0.6585  uauc=0.6192  loss=0.6749  (12.3s)
Round    6/30  coverage=0.5031  prec@K=0.0082  accepted=58  auc=0.7012  uauc=0.5890  loss=0.6748  (12.1s)
Round    7/30  coverage=0.5035  prec@K=0.0054  accepted=38  auc=0.5926  uauc=0.5153  loss=0.6745  (12.5s)
Round    8/30  coverage=0.5040  prec@K=0.0075  accepted=53  auc=0.6629  uauc=0.6226  loss=0.6744  (12.3s)
Round    9/30  coverage=0.5044  prec@K=0.0064  accepted=45  auc=0.6296  uauc=0.6232  loss=0.6743  (11.9s)
Round   10/30  coverage=0.5048  prec@K=0.0057  accepted=40  auc=0.5772  uauc=0.6286  loss=0.6741  (12.0s)
Round   11/30  coverage=0.5052  prec@K=0.0054  accepted=38  auc=0.5230  uauc=0.5276  loss=0.6740  (13.6s)
Round   12/30  coverage=0.5057  prec@K=0.0075  accepted=53  auc=0.5154  uauc=0.5266  loss=0.6739  (13.1s)
Round   13/30  coverage=0.5061  prec@K=0.0065  accepted=46  auc=0.4516  uauc=0.5054  loss=0.6737  (13.2s)
Round   14/30  coverage=0.5065  prec@K=0.0050  accepted=35  auc=0.4399  uauc=0.4851  loss=0.6735  (12.6s)
Round   15/30  coverage=0.5068  prec@K=0.0048  accepted=34  auc=0.5331  uauc=0.6414  loss=0.6734  (12.8s)
Round   16/30  coverage=0.5073  prec@K=0.0068  accepted=48  auc=0.4722  uauc=0.5698  loss=0.6734  (13.0s)
Round   17/30  coverage=0.5076  prec@K=0.0052  accepted=37  auc=0.4875  uauc=0.4135  loss=0.6732  (13.2s)
Round   18/30  coverage=0.5079  prec@K=0.0037  accepted=26  auc=0.4227  uauc=0.5013  loss=0.6730  (12.8s)
Round   19/30  coverage=0.5082  prec@K=0.0046  accepted=32  auc=0.3240  uauc=0.6139  loss=0.6729  (12.5s)
Round   20/30  coverage=0.5084  prec@K=0.0037  accepted=26  auc=0.3459  uauc=0.6875  loss=0.6727  (13.4s)
Round   21/30  coverage=0.5088  prec@K=0.0050  accepted=35  auc=0.5292  uauc=0.5452  loss=0.6726  (14.6s)
Round   22/30  coverage=0.5089  prec@K=0.0027  accepted=19  auc=0.3193  uauc=0.5731  loss=0.6724  (13.3s)
Round   23/30  coverage=0.5093  prec@K=0.0045  accepted=32  auc=0.4378  uauc=0.5823  loss=0.6723  (13.7s)
Round   24/30  coverage=0.5096  prec@K=0.0050  accepted=35  auc=0.2621  uauc=0.6121  loss=0.6722  (13.7s)
Round   25/30  coverage=0.5098  prec@K=0.0031  accepted=22  auc=0.3182  uauc=0.5328  loss=0.6720  (14.4s)
Round   26/30  coverage=0.5101  prec@K=0.0038  accepted=27  auc=0.2727  uauc=0.6620  loss=0.6719  (13.7s)
Round   27/30  coverage=0.5103  prec@K=0.0028  accepted=20  auc=0.4543  uauc=0.4521  loss=0.6717  (14.0s)
Round   28/30  coverage=0.5104  prec@K=0.0027  accepted=19  auc=0.2744  uauc=0.4514  loss=0.6716  (13.6s)
Round   29/30  coverage=0.5106  prec@K=0.0027  accepted=19  auc=0.3027  uauc=0.5873  loss=0.6714  (14.2s)
Round   30/30  coverage=0.5109  prec@K=0.0047  accepted=33  auc=0.3090  uauc=0.5269  loss=0.6714  (14.6s)

结果已写入 results\orchestrator\runs\ir50_constlr5e5_multiseed_bidir\wiki_vote\gat_emb_s1/rounds.csv
