=== wiki_vote_jaccard_s0  started 2026-05-08T21:51:27 ===

C:\conda\envs\gnn\lib\site-packages\requests\__init__.py:86: RequestsDependencyWarning: Unable to find acceptable character detection dependency (chardet or charset_normalizer).
  warnings.warn(
C:\conda\envs\gnn\lib\site-packages\outdated\__init__.py:36: UserWarning: pkg_resources is deprecated as an API. See https://setuptools.pypa.io/en/latest/pkg_resources.html. The pkg_resources package is slated for removal as early as 2025-11-30. Refrain from using this package or pin to Setuptools<81.
  from pkg_resources import parse_version
Round    1/30  coverage=0.5006  prec@K=0.0089  accepted=63  auc=0.4590  uauc=0.5103  loss=nan  (1.3s)
Round    2/30  coverage=0.5013  prec@K=0.0096  accepted=68  auc=0.4658  uauc=0.6086  loss=nan  (0.6s)
Round    3/30  coverage=0.5019  prec@K=0.0098  accepted=69  auc=0.4610  uauc=0.6236  loss=nan  (0.6s)
Round    4/30  coverage=0.5027  prec@K=0.0115  accepted=81  auc=0.4569  uauc=0.5971  loss=nan  (0.7s)
Round    5/30  coverage=0.5037  prec@K=0.0150  accepted=106  auc=0.4566  uauc=0.6112  loss=nan  (0.9s)
Round    6/30  coverage=0.5043  prec@K=0.0086  accepted=61  auc=0.4668  uauc=0.5615  loss=nan  (0.7s)
Round    7/30  coverage=0.5053  prec@K=0.0152  accepted=107  auc=0.4324  uauc=0.5932  loss=nan  (0.8s)
Round    8/30  coverage=0.5062  prec@K=0.0120  accepted=85  auc=0.4559  uauc=0.5442  loss=nan  (0.9s)
Round    9/30  coverage=0.5069  prec@K=0.0109  accepted=77  auc=0.4267  uauc=0.5906  loss=nan  (0.9s)
Round   10/30  coverage=0.5076  prec@K=0.0095  accepted=67  auc=0.4682  uauc=0.5536  loss=nan  (0.9s)
Round   11/30  coverage=0.5082  prec@K=0.0094  accepted=66  auc=0.4371  uauc=0.5771  loss=nan  (1.7s)
Round   12/30  coverage=0.5089  prec@K=0.0102  accepted=72  auc=0.4221  uauc=0.5330  loss=nan  (1.0s)
Round   13/30  coverage=0.5095  prec@K=0.0091  accepted=64  auc=0.4657  uauc=0.6270  loss=nan  (1.0s)
Round   14/30  coverage=0.5104  prec@K=0.0130  accepted=92  auc=0.4805  uauc=0.5960  loss=nan  (1.0s)
Round   15/30  coverage=0.5111  prec@K=0.0098  accepted=69  auc=0.4252  uauc=0.5226  loss=nan  (1.0s)
Round   16/30  coverage=0.5117  prec@K=0.0098  accepted=69  auc=0.4924  uauc=0.6209  loss=nan  (1.1s)
Round   17/30  coverage=0.5124  prec@K=0.0104  accepted=73  auc=0.3860  uauc=0.5488  loss=nan  (1.1s)
Round   18/30  coverage=0.5133  prec@K=0.0125  accepted=88  auc=0.4572  uauc=0.5400  loss=nan  (1.2s)
Round   19/30  coverage=0.5142  prec@K=0.0139  accepted=98  auc=0.5030  uauc=0.6567  loss=nan  (1.3s)
Round   20/30  coverage=0.5149  prec@K=0.0099  accepted=70  auc=0.4778  uauc=0.6305  loss=nan  (1.4s)
Round   21/30  coverage=0.5156  prec@K=0.0105  accepted=74  auc=0.4099  uauc=0.4761  loss=nan  (2.2s)
Round   22/30  coverage=0.5165  prec@K=0.0133  accepted=94  auc=0.4319  uauc=0.5345  loss=nan  (1.4s)
Round   23/30  coverage=0.5173  prec@K=0.0115  accepted=81  auc=0.4314  uauc=0.5394  loss=nan  (1.5s)
Round   24/30  coverage=0.5180  prec@K=0.0106  accepted=75  auc=0.4655  uauc=0.5443  loss=nan  (1.5s)
Round   25/30  coverage=0.5188  prec@K=0.0113  accepted=80  auc=0.4335  uauc=0.5495  loss=nan  (1.6s)
Round   26/30  coverage=0.5196  prec@K=0.0125  accepted=88  auc=0.4364  uauc=0.5795  loss=nan  (1.5s)
Round   27/30  coverage=0.5202  prec@K=0.0089  accepted=63  auc=0.4875  uauc=0.5759  loss=nan  (1.7s)
Round   28/30  coverage=0.5208  prec@K=0.0088  accepted=62  auc=0.4223  uauc=0.5442  loss=nan  (1.7s)
Round   29/30  coverage=0.5216  prec@K=0.0107  accepted=76  auc=0.4510  uauc=0.5678  loss=nan  (1.6s)
Round   30/30  coverage=0.5221  prec@K=0.0072  accepted=51  auc=0.4731  uauc=0.6353  loss=nan  (1.9s)

结果已写入 results\orchestrator\runs\ir50_constlr5e5_multiseed_bidir\wiki_vote\jaccard_s0/rounds.csv
