C:\conda\envs\gnn\lib\site-packages\requests\__init__.py:86: RequestsDependencyWarning: Unable to find acceptable character detection dependency (chardet or charset_normalizer).
  warnings.warn(
C:\conda\envs\gnn\lib\site-packages\outdated\__init__.py:36: UserWarning: pkg_resources is deprecated as an API. See https://setuptools.pypa.io/en/latest/pkg_resources.html. The pkg_resources package is slated for removal as early as 2025-11-30. Refrain from using this package or pin to Setuptools<81.
  from pkg_resources import parse_version
Round    1/30  coverage=0.2510  prec@K=0.0119  accepted=21  loss=0.8264  (0.7s)
Round    2/30  coverage=0.2519  prec@K=0.0100  accepted=18  loss=0.8270  (0.3s)
Round    3/30  coverage=0.2531  prec@K=0.0138  accepted=24  loss=0.8238  (0.3s)
Round    4/30  coverage=0.2541  prec@K=0.0115  accepted=20  loss=0.8248  (0.4s)
Round    5/30  coverage=0.2561  prec@K=0.0220  accepted=40  loss=0.8188  (0.4s)
Round    6/30  coverage=0.2577  prec@K=0.0182  accepted=33  loss=0.8182  (0.4s)
Round    7/30  coverage=0.2592  prec@K=0.0172  accepted=31  loss=0.8169  (0.5s)
Round    8/30  coverage=0.2605  prec@K=0.0152  accepted=27  loss=0.8143  (0.4s)
Round    9/30  coverage=0.2615  prec@K=0.0108  accepted=19  loss=0.8149  (0.4s)
Round   10/30  coverage=0.2626  prec@K=0.0128  accepted=23  loss=0.8113  (0.4s)
Round   11/30  coverage=0.2636  prec@K=0.0115  accepted=21  loss=0.8101  (0.4s)
Round   12/30  coverage=0.2643  prec@K=0.0079  accepted=14  loss=0.8090  (0.4s)
Round   13/30  coverage=0.2654  prec@K=0.0124  accepted=22  loss=0.8050  (0.4s)
Round   14/30  coverage=0.2665  prec@K=0.0122  accepted=21  loss=0.8026  (0.4s)
Round   15/30  coverage=0.2673  prec@K=0.0094  accepted=17  loss=0.8011  (0.4s)
Round   16/30  coverage=0.2683  prec@K=0.0118  accepted=21  loss=0.7984  (0.4s)
Round   17/30  coverage=0.2688  prec@K=0.0058  accepted=10  loss=0.7991  (0.4s)
Round   18/30  coverage=0.2698  prec@K=0.0106  accepted=19  loss=0.7958  (0.4s)
Round   19/30  coverage=0.2706  prec@K=0.0096  accepted=17  loss=0.7934  (0.4s)
Round   20/30  coverage=0.2711  prec@K=0.0063  accepted=11  loss=0.7940  (0.4s)
Round   21/30  coverage=0.2718  prec@K=0.0073  accepted=13  loss=0.7918  (0.5s)
Round   22/30  coverage=0.2723  prec@K=0.0055  accepted=10  loss=0.7919  (0.4s)
Round   23/30  coverage=0.2730  prec@K=0.0085  accepted=15  loss=0.7895  (0.4s)
Round   24/30  coverage=0.2737  prec@K=0.0078  accepted=14  loss=0.7890  (0.5s)
Round   25/30  coverage=0.2740  prec@K=0.0039  accepted=7  loss=0.7899  (0.5s)
Round   26/30  coverage=0.2745  prec@K=0.0057  accepted=10  loss=0.7885  (0.5s)
Round   27/30  coverage=0.2752  prec@K=0.0073  accepted=13  loss=0.7880  (0.4s)
Round   28/30  coverage=0.2755  prec@K=0.0035  accepted=6  loss=0.7888  (0.4s)
Round   29/30  coverage=0.2759  prec@K=0.0051  accepted=9  loss=0.7882  (0.4s)
Round   30/30  coverage=0.2767  prec@K=0.0090  accepted=16  loss=0.7868  (0.5s)

结果已写入 results\online\algo_sweep_college_msg_v2_s3\college_msg_gnn_concat_h8/rounds.csv
