C:\conda\envs\gnn\lib\site-packages\requests\__init__.py:86: RequestsDependencyWarning: Unable to find acceptable character detection dependency (chardet or charset_normalizer).
  warnings.warn(
C:\conda\envs\gnn\lib\site-packages\outdated\__init__.py:36: UserWarning: pkg_resources is deprecated as an API. See https://setuptools.pypa.io/en/latest/pkg_resources.html. The pkg_resources package is slated for removal as early as 2025-11-30. Refrain from using this package or pin to Setuptools<81.
  from pkg_resources import parse_version
Round    1/30  coverage=0.2526  prec@K=0.0301  accepted=53  loss=0.6090  (0.7s)
Round    2/30  coverage=0.2541  prec@K=0.0173  accepted=31  loss=0.5925  (0.4s)
Round    3/30  coverage=0.2560  prec@K=0.0218  accepted=38  loss=0.5738  (0.4s)
Round    4/30  coverage=0.2572  prec@K=0.0144  accepted=25  loss=0.5377  (0.4s)
Round    5/30  coverage=0.2593  prec@K=0.0225  accepted=41  loss=0.5037  (0.4s)
Round    6/30  coverage=0.2606  prec@K=0.0154  accepted=28  loss=0.4496  (0.4s)
Round    7/30  coverage=0.2617  prec@K=0.0116  accepted=21  loss=0.3998  (0.5s)
Round    8/30  coverage=0.2628  prec@K=0.0124  accepted=22  loss=0.3589  (0.4s)
Round    9/30  coverage=0.2641  prec@K=0.0159  accepted=28  loss=0.3213  (0.4s)
Round   10/30  coverage=0.2653  prec@K=0.0128  accepted=23  loss=0.2767  (0.5s)
Round   11/30  coverage=0.2667  prec@K=0.0154  accepted=28  loss=0.2452  (0.4s)
Round   12/30  coverage=0.2674  prec@K=0.0084  accepted=15  loss=0.1967  (0.5s)
Round   13/30  coverage=0.2682  prec@K=0.0090  accepted=16  loss=0.1677  (0.4s)
Round   14/30  coverage=0.2691  prec@K=0.0105  accepted=18  loss=0.1534  (0.9s)
Round   15/30  coverage=0.2699  prec@K=0.0094  accepted=17  loss=0.1390  (0.5s)
Round   16/30  coverage=0.2707  prec@K=0.0096  accepted=17  loss=0.1240  (0.4s)
Round   17/30  coverage=0.2713  prec@K=0.0069  accepted=12  loss=0.1007  (0.4s)
Round   18/30  coverage=0.2721  prec@K=0.0084  accepted=15  loss=0.1019  (0.4s)
Round   19/30  coverage=0.2725  prec@K=0.0045  accepted=8  loss=0.0758  (0.5s)
Round   20/30  coverage=0.2730  prec@K=0.0062  accepted=11  loss=0.0782  (1.1s)
Round   21/30  coverage=0.2735  prec@K=0.0056  accepted=10  loss=0.0801  (1.2s)
Round   22/30  coverage=0.2740  prec@K=0.0061  accepted=11  loss=0.0713  (1.2s)
Round   23/30  coverage=0.2742  prec@K=0.0022  accepted=4  loss=0.0460  (1.1s)
Round   24/30  coverage=0.2749  prec@K=0.0072  accepted=13  loss=0.0822  (1.3s)
Round   25/30  coverage=0.2755  prec@K=0.0073  accepted=13  loss=0.0812  (1.3s)
Round   26/30  coverage=0.2758  prec@K=0.0034  accepted=6  loss=0.0522  (1.2s)
Round   27/30  coverage=0.2765  prec@K=0.0073  accepted=13  loss=0.0776  (1.3s)
Round   28/30  coverage=0.2769  prec@K=0.0046  accepted=8  loss=0.0604  (1.4s)
Round   29/30  coverage=0.2771  prec@K=0.0029  accepted=5  loss=0.0452  (1.4s)
Round   30/30  coverage=0.2774  prec@K=0.0034  accepted=6  loss=0.0503  (2.1s)

结果已写入 results\online\algo_sweep_college_msg_v2_s3\college_msg_gnn_concat/rounds.csv
