C:\conda\envs\gnn\lib\site-packages\requests\__init__.py:86: RequestsDependencyWarning: Unable to find acceptable character detection dependency (chardet or charset_normalizer).
  warnings.warn(
C:\conda\envs\gnn\lib\site-packages\outdated\__init__.py:36: UserWarning: pkg_resources is deprecated as an API. See https://setuptools.pypa.io/en/latest/pkg_resources.html. The pkg_resources package is slated for removal as early as 2025-11-30. Refrain from using this package or pin to Setuptools<81.
  from pkg_resources import parse_version
Round    1/30  coverage=0.2510  prec@K=0.0114  accepted=20  loss=0.7485  (0.7s)
Round    2/30  coverage=0.2515  prec@K=0.0056  accepted=10  loss=0.7414  (0.4s)
Round    3/30  coverage=0.2526  prec@K=0.0126  accepted=22  loss=0.7229  (0.4s)
Round    4/30  coverage=0.2532  prec@K=0.0075  accepted=13  loss=0.6977  (0.4s)
Round    5/30  coverage=0.2544  prec@K=0.0138  accepted=25  loss=0.6618  (0.5s)
Round    6/30  coverage=0.2556  prec@K=0.0132  accepted=24  loss=0.6191  (0.5s)
Round    7/30  coverage=0.2569  prec@K=0.0144  accepted=26  loss=0.5867  (0.5s)
Round    8/30  coverage=0.2577  prec@K=0.0090  accepted=16  loss=0.5438  (0.4s)
Round    9/30  coverage=0.2587  prec@K=0.0113  accepted=20  loss=0.4984  (0.4s)
Round   10/30  coverage=0.2598  prec@K=0.0128  accepted=23  loss=0.4712  (0.5s)
Round   11/30  coverage=0.2613  prec@K=0.0170  accepted=31  loss=0.4310  (0.5s)
Round   12/30  coverage=0.2622  prec@K=0.0095  accepted=17  loss=0.3976  (0.5s)
Round   13/30  coverage=0.2631  prec@K=0.0100  accepted=18  loss=0.3559  (0.5s)
Round   14/30  coverage=0.2636  prec@K=0.0064  accepted=11  loss=0.3117  (0.5s)
Round   15/30  coverage=0.2645  prec@K=0.0105  accepted=19  loss=0.2910  (0.5s)
Round   16/30  coverage=0.2654  prec@K=0.0102  accepted=18  loss=0.2667  (0.5s)
Round   17/30  coverage=0.2661  prec@K=0.0075  accepted=13  loss=0.2393  (0.5s)
Round   18/30  coverage=0.2668  prec@K=0.0084  accepted=15  loss=0.2290  (0.5s)
Round   19/30  coverage=0.2673  prec@K=0.0062  accepted=11  loss=0.1991  (0.5s)
Round   20/30  coverage=0.2677  prec@K=0.0045  accepted=8  loss=0.1797  (0.5s)
Round   21/30  coverage=0.2684  prec@K=0.0073  accepted=13  loss=0.1826  (0.6s)
Round   22/30  coverage=0.2686  prec@K=0.0022  accepted=4  loss=0.1473  (0.5s)
Round   23/30  coverage=0.2688  prec@K=0.0029  accepted=5  loss=0.1450  (0.5s)
Round   24/30  coverage=0.2694  prec@K=0.0062  accepted=11  loss=0.1520  (0.5s)
Round   25/30  coverage=0.2699  prec@K=0.0055  accepted=10  loss=0.1468  (0.5s)
Round   26/30  coverage=0.2702  prec@K=0.0040  accepted=7  loss=0.1322  (0.5s)
Round   27/30  coverage=0.2710  prec@K=0.0096  accepted=17  loss=0.1562  (0.7s)
Round   28/30  coverage=0.2712  prec@K=0.0023  accepted=4  loss=0.1208  (0.4s)
Round   29/30  coverage=0.2714  prec@K=0.0017  accepted=3  loss=0.1192  (0.5s)
Round   30/30  coverage=0.2719  prec@K=0.0062  accepted=11  loss=0.1393  (3.3s)

结果已写入 results\online\algo_sweep_college_msg_v2_s3\college_msg_gnn_sum/rounds.csv
