C:\conda\envs\gnn\lib\site-packages\requests\__init__.py:86: RequestsDependencyWarning: Unable to find acceptable character detection dependency (chardet or charset_normalizer).
  warnings.warn(
C:\conda\envs\gnn\lib\site-packages\outdated\__init__.py:36: UserWarning: pkg_resources is deprecated as an API. See https://setuptools.pypa.io/en/latest/pkg_resources.html. The pkg_resources package is slated for removal as early as 2025-11-30. Refrain from using this package or pin to Setuptools<81.
  from pkg_resources import parse_version
Round    1/30  coverage=0.2518  prec@K=0.0201  accepted=36  loss=0.6794  (0.1s)
Round    2/30  coverage=0.2541  prec@K=0.0267  accepted=48  loss=0.6793  (0.1s)
Round    3/30  coverage=0.2560  prec@K=0.0210  accepted=37  loss=0.6799  (0.1s)
Round    4/30  coverage=0.2571  prec@K=0.0135  accepted=24  loss=0.6788  (0.1s)
Round    5/30  coverage=0.2592  prec@K=0.0232  accepted=42  loss=0.6787  (0.1s)
Round    6/30  coverage=0.2610  prec@K=0.0206  accepted=36  loss=0.6758  (0.1s)
Round    7/30  coverage=0.2630  prec@K=0.0223  accepted=40  loss=0.6764  (0.1s)
Round    8/30  coverage=0.2653  prec@K=0.0267  accepted=47  loss=0.6743  (0.1s)
Round    9/30  coverage=0.2664  prec@K=0.0122  accepted=22  loss=0.6762  (0.1s)
Round   10/30  coverage=0.2677  prec@K=0.0151  accepted=27  loss=0.6733  (0.1s)
Round   11/30  coverage=0.2696  prec@K=0.0218  accepted=39  loss=0.6719  (0.2s)
Round   12/30  coverage=0.2713  prec@K=0.0193  accepted=35  loss=0.6722  (0.1s)
Round   13/30  coverage=0.2733  prec@K=0.0218  accepted=39  loss=0.6726  (0.1s)
Round   14/30  coverage=0.2747  prec@K=0.0163  accepted=30  loss=0.6729  (0.1s)
Round   15/30  coverage=0.2761  prec@K=0.0153  accepted=28  loss=0.6682  (0.1s)
Round   16/30  coverage=0.2774  prec@K=0.0146  accepted=26  loss=0.6686  (0.2s)
Round   17/30  coverage=0.2789  prec@K=0.0173  accepted=30  loss=0.6645  (0.2s)
Round   18/30  coverage=0.2802  prec@K=0.0143  accepted=26  loss=0.6659  (0.2s)
Round   19/30  coverage=0.2816  prec@K=0.0164  accepted=29  loss=0.6661  (0.2s)
Round   20/30  coverage=0.2830  prec@K=0.0158  accepted=28  loss=0.6629  (0.2s)
Round   21/30  coverage=0.2841  prec@K=0.0131  accepted=24  loss=0.6647  (0.3s)
Round   22/30  coverage=0.2851  prec@K=0.0111  accepted=20  loss=0.6606  (0.2s)
Round   23/30  coverage=0.2859  prec@K=0.0088  accepted=16  loss=0.6608  (0.2s)
Round   24/30  coverage=0.2868  prec@K=0.0103  accepted=18  loss=0.6591  (0.2s)
Round   25/30  coverage=0.2879  prec@K=0.0128  accepted=23  loss=0.6578  (0.3s)
Round   26/30  coverage=0.2886  prec@K=0.0073  accepted=13  loss=0.6590  (0.1s)
Round   27/30  coverage=0.2899  prec@K=0.0152  accepted=27  loss=0.6584  (0.2s)
Round   28/30  coverage=0.2905  prec@K=0.0072  accepted=13  loss=0.6562  (0.1s)
Round   29/30  coverage=0.2911  prec@K=0.0061  accepted=11  loss=0.6551  (0.1s)
Round   30/30  coverage=0.2919  prec@K=0.0088  accepted=16  loss=0.6523  (0.2s)

结果已写入 results\online\algo_sweep_college_msg_v2_s1\college_msg_mlp/rounds.csv
