C:\conda\envs\gnn\lib\site-packages\requests\__init__.py:86: RequestsDependencyWarning: Unable to find acceptable character detection dependency (chardet or charset_normalizer).
  warnings.warn(
C:\conda\envs\gnn\lib\site-packages\outdated\__init__.py:36: UserWarning: pkg_resources is deprecated as an API. See https://setuptools.pypa.io/en/latest/pkg_resources.html. The pkg_resources package is slated for removal as early as 2025-11-30. Refrain from using this package or pin to Setuptools<81.
  from pkg_resources import parse_version
Round    1/30  coverage=0.2556  prec@K=0.0630  accepted=113  loss=nan  (0.1s)
Round    2/30  coverage=0.2630  prec@K=0.0840  accepted=151  loss=nan  (0.0s)
Round    3/30  coverage=0.2694  prec@K=0.0738  accepted=129  loss=nan  (0.0s)
Round    4/30  coverage=0.2738  prec@K=0.0516  accepted=91  loss=nan  (0.0s)
Round    5/30  coverage=0.2793  prec@K=0.0612  accepted=111  loss=nan  (0.0s)
Round    6/30  coverage=0.2845  prec@K=0.0598  accepted=105  loss=nan  (0.0s)
Round    7/30  coverage=0.2900  prec@K=0.0620  accepted=111  loss=nan  (0.1s)
Round    8/30  coverage=0.2963  prec@K=0.0733  accepted=129  loss=nan  (0.1s)
Round    9/30  coverage=0.3009  prec@K=0.0520  accepted=93  loss=nan  (0.1s)
Round   10/30  coverage=0.3053  prec@K=0.0496  accepted=89  loss=nan  (0.1s)
Round   11/30  coverage=0.3111  prec@K=0.0659  accepted=119  loss=nan  (0.1s)
Round   12/30  coverage=0.3162  prec@K=0.0561  accepted=102  loss=nan  (0.1s)
Round   13/30  coverage=0.3202  prec@K=0.0461  accepted=82  loss=nan  (0.1s)
Round   14/30  coverage=0.3237  prec@K=0.0384  accepted=71  loss=nan  (0.1s)
Round   15/30  coverage=0.3285  prec@K=0.0549  accepted=98  loss=nan  (0.1s)
Round   16/30  coverage=0.3321  prec@K=0.0406  accepted=72  loss=nan  (0.1s)
Round   17/30  coverage=0.3360  prec@K=0.0452  accepted=79  loss=nan  (0.1s)
Round   18/30  coverage=0.3389  prec@K=0.0329  accepted=60  loss=nan  (0.1s)
Round   19/30  coverage=0.3443  prec@K=0.0610  accepted=108  loss=nan  (0.1s)
Round   20/30  coverage=0.3480  prec@K=0.0428  accepted=76  loss=nan  (0.1s)
Round   21/30  coverage=0.3529  prec@K=0.0543  accepted=99  loss=nan  (0.2s)
Round   22/30  coverage=0.3567  prec@K=0.0435  accepted=77  loss=nan  (0.1s)
Round   23/30  coverage=0.3598  prec@K=0.0350  accepted=64  loss=nan  (0.1s)
Round   24/30  coverage=0.3635  prec@K=0.0429  accepted=75  loss=nan  (0.1s)
Round   25/30  coverage=0.3683  prec@K=0.0545  accepted=97  loss=nan  (0.1s)
Round   26/30  coverage=0.3718  prec@K=0.0405  accepted=72  loss=nan  (0.1s)
Round   27/30  coverage=0.3773  prec@K=0.0632  accepted=111  loss=nan  (0.1s)
Round   28/30  coverage=0.3810  prec@K=0.0424  accepted=75  loss=nan  (0.1s)
Round   29/30  coverage=0.3832  prec@K=0.0246  accepted=44  loss=nan  (0.1s)
Round   30/30  coverage=0.3863  prec@K=0.0348  accepted=63  loss=nan  (0.2s)

结果已写入 results\online\algo_sweep_college_msg_v2_s1\college_msg_ground_truth/rounds.csv
