C:\conda\envs\gnn\lib\site-packages\requests\__init__.py:86: RequestsDependencyWarning: Unable to find acceptable character detection dependency (chardet or charset_normalizer).
  warnings.warn(
C:\conda\envs\gnn\lib\site-packages\outdated\__init__.py:36: UserWarning: pkg_resources is deprecated as an API. See https://setuptools.pypa.io/en/latest/pkg_resources.html. The pkg_resources package is slated for removal as early as 2025-11-30. Refrain from using this package or pin to Setuptools<81.
  from pkg_resources import parse_version
Round    1/30  coverage=0.4009  prec@K=0.0105  accepted=19  loss=0.6562  (7.4s)
Round    2/30  coverage=0.4017  prec@K=0.0088  accepted=16  loss=0.6461  (3.9s)
Round    3/30  coverage=0.4023  prec@K=0.0071  accepted=13  loss=0.6270  (5.4s)
Round    4/30  coverage=0.4028  prec@K=0.0049  accepted=9  loss=0.6052  (3.7s)
Round    5/30  coverage=0.4033  prec@K=0.0060  accepted=11  loss=0.5852  (5.0s)
Round    6/30  coverage=0.4036  prec@K=0.0027  accepted=5  loss=0.5574  (4.8s)
Round    7/30  coverage=0.4039  prec@K=0.0032  accepted=6  loss=0.5329  (5.5s)
Round    8/30  coverage=0.4043  prec@K=0.0050  accepted=9  loss=0.5059  (5.8s)
Round    9/30  coverage=0.4050  prec@K=0.0072  accepted=13  loss=0.4801  (13.6s)
Round   10/30  coverage=0.4054  prec@K=0.0043  accepted=8  loss=0.4487  (4.4s)
Round   11/30  coverage=0.4060  prec@K=0.0072  accepted=13  loss=0.4208  (3.2s)
Round   12/30  coverage=0.4063  prec@K=0.0032  accepted=6  loss=0.3891  (4.3s)
Round   13/30  coverage=0.4067  prec@K=0.0049  accepted=9  loss=0.3615  (6.4s)
Round   14/30  coverage=0.4070  prec@K=0.0028  accepted=5  loss=0.3305  (6.2s)
Round   15/30  coverage=0.4072  prec@K=0.0027  accepted=5  loss=0.3063  (6.9s)
Round   16/30  coverage=0.4077  prec@K=0.0055  accepted=10  loss=0.2890  (3.7s)
Round   17/30  coverage=0.4079  prec@K=0.0017  accepted=3  loss=0.2625  (3.7s)
Round   18/30  coverage=0.4082  prec@K=0.0038  accepted=7  loss=0.2467  (6.4s)
Round   19/30  coverage=0.4088  prec@K=0.0060  accepted=11  loss=0.2356  (11.7s)
Round   20/30  coverage=0.4090  prec@K=0.0033  accepted=6  loss=0.2177  (6.6s)
Round   21/30  coverage=0.4093  prec@K=0.0028  accepted=5  loss=0.2021  (4.1s)
Round   22/30  coverage=0.4095  prec@K=0.0027  accepted=5  loss=0.1936  (5.4s)
Round   23/30  coverage=0.4098  prec@K=0.0028  accepted=5  loss=0.1834  (5.9s)
Round   24/30  coverage=0.4101  prec@K=0.0038  accepted=7  loss=0.1838  (10.2s)
Round   25/30  coverage=0.4105  prec@K=0.0038  accepted=7  loss=0.1764  (6.3s)
Round   26/30  coverage=0.4107  prec@K=0.0022  accepted=4  loss=0.1703  (4.7s)
Round   27/30  coverage=0.4108  prec@K=0.0011  accepted=2  loss=0.1627  (3.8s)
Round   28/30  coverage=0.4109  prec@K=0.0017  accepted=3  loss=0.1625  (8.6s)
Round   29/30  coverage=0.4112  prec@K=0.0033  accepted=6  loss=0.1693  (11.0s)
Round   30/30  coverage=0.4114  prec@K=0.0017  accepted=3  loss=0.1644  (3.3s)

结果已写入 results\online\algo_sweep_college_msg_v2_ir40_s2\college_msg_gnn_concat/rounds.csv
