C:\conda\envs\gnn\lib\site-packages\requests\__init__.py:86: RequestsDependencyWarning: Unable to find acceptable character detection dependency (chardet or charset_normalizer).
  warnings.warn(
C:\conda\envs\gnn\lib\site-packages\outdated\__init__.py:36: UserWarning: pkg_resources is deprecated as an API. See https://setuptools.pypa.io/en/latest/pkg_resources.html. The pkg_resources package is slated for removal as early as 2025-11-30. Refrain from using this package or pin to Setuptools<81.
  from pkg_resources import parse_version
Round    1/30  coverage=0.4017  prec@K=0.0188  accepted=34  loss=0.7677  (1.9s)
Round    2/30  coverage=0.4033  prec@K=0.0186  accepted=34  loss=0.7680  (3.1s)
Round    3/30  coverage=0.4047  prec@K=0.0152  accepted=28  loss=0.7671  (2.9s)
Round    4/30  coverage=0.4066  prec@K=0.0212  accepted=39  loss=0.7627  (6.4s)
Round    5/30  coverage=0.4083  prec@K=0.0186  accepted=34  loss=0.7594  (5.1s)
Round    6/30  coverage=0.4092  prec@K=0.0098  accepted=18  loss=0.7559  (2.4s)
Round    7/30  coverage=0.4103  prec@K=0.0118  accepted=22  loss=0.7509  (2.0s)
Round    8/30  coverage=0.4118  prec@K=0.0172  accepted=31  loss=0.7456  (2.8s)
Round    9/30  coverage=0.4128  prec@K=0.0116  accepted=21  loss=0.7419  (2.4s)
Round   10/30  coverage=0.4148  prec@K=0.0217  accepted=40  loss=0.7364  (3.3s)
Round   11/30  coverage=0.4169  prec@K=0.0236  accepted=42  loss=0.7327  (1.6s)
Round   12/30  coverage=0.4189  prec@K=0.0228  accepted=42  loss=0.7284  (1.1s)
Round   13/30  coverage=0.4212  prec@K=0.0253  accepted=46  loss=0.7252  (3.8s)
Round   14/30  coverage=0.4238  prec@K=0.0290  accepted=52  loss=0.7215  (1.8s)
Round   15/30  coverage=0.4261  prec@K=0.0263  accepted=48  loss=0.7198  (3.4s)
Round   16/30  coverage=0.4285  prec@K=0.0258  accepted=47  loss=0.7181  (3.6s)
Round   17/30  coverage=0.4302  prec@K=0.0193  accepted=35  loss=0.7172  (1.8s)
Round   18/30  coverage=0.4317  prec@K=0.0163  accepted=30  loss=0.7161  (3.0s)
Round   19/30  coverage=0.4339  prec@K=0.0250  accepted=46  loss=0.7141  (3.8s)
Round   20/30  coverage=0.4358  prec@K=0.0212  accepted=39  loss=0.7131  (8.1s)
Round   21/30  coverage=0.4376  prec@K=0.0194  accepted=35  loss=0.7120  (6.9s)
Round   22/30  coverage=0.4393  prec@K=0.0197  accepted=36  loss=0.7114  (1.4s)
Round   23/30  coverage=0.4408  prec@K=0.0167  accepted=30  loss=0.7109  (1.6s)
Round   24/30  coverage=0.4425  prec@K=0.0185  accepted=34  loss=0.7104  (1.7s)
Round   25/30  coverage=0.4445  prec@K=0.0218  accepted=40  loss=0.7098  (1.4s)
Round   26/30  coverage=0.4459  prec@K=0.0161  accepted=29  loss=0.7098  (2.6s)
Round   27/30  coverage=0.4476  prec@K=0.0192  accepted=35  loss=0.7093  (4.4s)
Round   28/30  coverage=0.4489  prec@K=0.0144  accepted=26  loss=0.7092  (2.8s)
Round   29/30  coverage=0.4502  prec@K=0.0147  accepted=27  loss=0.7090  (1.8s)
Round   30/30  coverage=0.4514  prec@K=0.0133  accepted=24  loss=0.7094  (5.2s)

结果已写入 results\online\algo_sweep_college_msg_v2_ir40_s2\college_msg_gnn/rounds.csv
