C:\conda\envs\gnn\lib\site-packages\requests\__init__.py:86: RequestsDependencyWarning: Unable to find acceptable character detection dependency (chardet or charset_normalizer).
  warnings.warn(
C:\conda\envs\gnn\lib\site-packages\outdated\__init__.py:36: UserWarning: pkg_resources is deprecated as an API. See https://setuptools.pypa.io/en/latest/pkg_resources.html. The pkg_resources package is slated for removal as early as 2025-11-30. Refrain from using this package or pin to Setuptools<81.
  from pkg_resources import parse_version
Round    1/30  coverage=0.2539  prec@K=0.0391  accepted=183  loss=0.8221  (1.2s)
Round    2/30  coverage=0.2575  prec@K=0.0372  accepted=171  loss=0.8218  (1.3s)
Round    3/30  coverage=0.2606  prec@K=0.0319  accepted=146  loss=0.8223  (1.3s)
Round    4/30  coverage=0.2631  prec@K=0.0251  accepted=120  loss=0.8254  (1.6s)
Round    5/30  coverage=0.2666  prec@K=0.0354  accepted=162  loss=0.8187  (0.9s)
Round    6/30  coverage=0.2689  prec@K=0.0231  accepted=108  loss=0.8208  (1.0s)
Round    7/30  coverage=0.2712  prec@K=0.0236  accepted=111  loss=0.8168  (13.4s)
Round    8/30  coverage=0.2735  prec@K=0.0229  accepted=107  loss=0.8151  (2.8s)
Round    9/30  coverage=0.2761  prec@K=0.0261  accepted=124  loss=0.8094  (1.7s)
Round   10/30  coverage=0.2783  prec@K=0.0215  accepted=102  loss=0.8082  (2.9s)
Round   11/30  coverage=0.2804  prec@K=0.0216  accepted=101  loss=0.8046  (1.7s)
Round   12/30  coverage=0.2824  prec@K=0.0191  accepted=91  loss=0.8021  (3.5s)
Round   13/30  coverage=0.2848  prec@K=0.0248  accepted=116  loss=0.7952  (1.9s)
Round   14/30  coverage=0.2870  prec@K=0.0212  accepted=101  loss=0.7957  (1.4s)
Round   15/30  coverage=0.2890  prec@K=0.0199  accepted=95  loss=0.7934  (1.6s)
Round   16/30  coverage=0.2908  prec@K=0.0179  accepted=84  loss=0.7922  (1.6s)
Round   17/30  coverage=0.2926  prec@K=0.0185  accepted=87  loss=0.7903  (1.6s)
Round   18/30  coverage=0.2944  prec@K=0.0178  accepted=84  loss=0.7874  (1.6s)
Round   19/30  coverage=0.2955  prec@K=0.0111  accepted=53  loss=0.7886  (1.6s)
Round   20/30  coverage=0.2970  prec@K=0.0143  accepted=69  loss=0.7850  (1.9s)
Round   21/30  coverage=0.2982  prec@K=0.0119  accepted=56  loss=0.7849  (1.8s)
Round   22/30  coverage=0.2994  prec@K=0.0124  accepted=58  loss=0.7834  (2.0s)
Round   23/30  coverage=0.3004  prec@K=0.0100  accepted=47  loss=0.7831  (2.2s)
Round   24/30  coverage=0.3013  prec@K=0.0092  accepted=44  loss=0.7821  (2.1s)
Round   25/30  coverage=0.3021  prec@K=0.0076  accepted=36  loss=0.7821  (2.3s)
Round   26/30  coverage=0.3030  prec@K=0.0091  accepted=43  loss=0.7804  (2.3s)
Round   27/30  coverage=0.3039  prec@K=0.0092  accepted=44  loss=0.7804  (2.4s)
Round   28/30  coverage=0.3047  prec@K=0.0074  accepted=36  loss=0.7802  (7.2s)
Round   29/30  coverage=0.3056  prec@K=0.0088  accepted=42  loss=0.7804  (2.3s)
Round   30/30  coverage=0.3069  prec@K=0.0135  accepted=64  loss=0.7784  (2.6s)

结果已写入 results\online\algo_sweep_advogato_v2_s3\advogato_gnn_sum_h8/rounds.csv
