C:\conda\envs\gnn\lib\site-packages\requests\__init__.py:86: RequestsDependencyWarning: Unable to find acceptable character detection dependency (chardet or charset_normalizer).
  warnings.warn(
C:\conda\envs\gnn\lib\site-packages\outdated\__init__.py:36: UserWarning: pkg_resources is deprecated as an API. See https://setuptools.pypa.io/en/latest/pkg_resources.html. The pkg_resources package is slated for removal as early as 2025-11-30. Refrain from using this package or pin to Setuptools<81.
  from pkg_resources import parse_version
Round    1/30  coverage=0.2533  prec@K=0.0333  accepted=156  loss=nan  (0.2s)
Round    2/30  coverage=0.2568  prec@K=0.0357  accepted=164  loss=nan  (0.1s)
Round    3/30  coverage=0.2592  prec@K=0.0253  accepted=116  loss=nan  (0.1s)
Round    4/30  coverage=0.2618  prec@K=0.0256  accepted=122  loss=nan  (0.2s)
Round    5/30  coverage=0.2654  prec@K=0.0369  accepted=169  loss=nan  (0.2s)
Round    6/30  coverage=0.2676  prec@K=0.0225  accepted=105  loss=nan  (0.3s)
Round    7/30  coverage=0.2699  prec@K=0.0231  accepted=109  loss=nan  (0.3s)
Round    8/30  coverage=0.2722  prec@K=0.0227  accepted=106  loss=nan  (0.3s)
Round    9/30  coverage=0.2749  prec@K=0.0268  accepted=128  loss=nan  (0.4s)
Round   10/30  coverage=0.2775  prec@K=0.0253  accepted=120  loss=nan  (0.4s)
Round   11/30  coverage=0.2801  prec@K=0.0268  accepted=126  loss=nan  (0.5s)
Round   12/30  coverage=0.2819  prec@K=0.0172  accepted=82  loss=nan  (0.5s)
Round   13/30  coverage=0.2844  prec@K=0.0258  accepted=121  loss=nan  (0.5s)
Round   14/30  coverage=0.2869  prec@K=0.0239  accepted=114  loss=nan  (0.5s)
Round   15/30  coverage=0.2892  prec@K=0.0229  accepted=109  loss=nan  (0.6s)
Round   16/30  coverage=0.2916  prec@K=0.0239  accepted=113  loss=nan  (0.6s)
Round   17/30  coverage=0.2939  prec@K=0.0230  accepted=109  loss=nan  (0.6s)
Round   18/30  coverage=0.2959  prec@K=0.0206  accepted=97  loss=nan  (0.7s)
Round   19/30  coverage=0.2979  prec@K=0.0197  accepted=94  loss=nan  (0.7s)
Round   20/30  coverage=0.2998  prec@K=0.0178  accepted=86  loss=nan  (0.8s)
Round   21/30  coverage=0.3018  prec@K=0.0203  accepted=96  loss=nan  (0.9s)
Round   22/30  coverage=0.3035  prec@K=0.0170  accepted=80  loss=nan  (0.8s)
Round   23/30  coverage=0.3049  prec@K=0.0142  accepted=67  loss=nan  (0.9s)
Round   24/30  coverage=0.3068  prec@K=0.0186  accepted=89  loss=nan  (0.9s)
Round   25/30  coverage=0.3083  prec@K=0.0154  accepted=73  loss=nan  (1.0s)
Round   26/30  coverage=0.3097  prec@K=0.0139  accepted=66  loss=nan  (1.0s)
Round   27/30  coverage=0.3112  prec@K=0.0144  accepted=69  loss=nan  (1.1s)
Round   28/30  coverage=0.3125  prec@K=0.0130  accepted=63  loss=nan  (1.2s)
Round   29/30  coverage=0.3143  prec@K=0.0173  accepted=83  loss=nan  (1.2s)
Round   30/30  coverage=0.3164  prec@K=0.0207  accepted=98  loss=nan  (1.1s)

结果已写入 results\online\algo_sweep_advogato_v2_s3\advogato_random/rounds.csv
