C:\conda\envs\gnn\lib\site-packages\requests\__init__.py:86: RequestsDependencyWarning: Unable to find acceptable character detection dependency (chardet or charset_normalizer).
  warnings.warn(
C:\conda\envs\gnn\lib\site-packages\outdated\__init__.py:36: UserWarning: pkg_resources is deprecated as an API. See https://setuptools.pypa.io/en/latest/pkg_resources.html. The pkg_resources package is slated for removal as early as 2025-11-30. Refrain from using this package or pin to Setuptools<81.
  from pkg_resources import parse_version
Round    1/30  coverage=0.2525  prec@K=0.0076  accepted=14  loss=0.7146  (0.8s)
Round    2/30  coverage=0.2592  prec@K=0.0204  accepted=37  loss=0.7017  (0.7s)
Round    3/30  coverage=0.2626  prec@K=0.0103  accepted=19  loss=0.6861  (0.6s)
Round    4/30  coverage=0.2637  prec@K=0.0033  accepted=6  loss=0.6529  (0.6s)
Round    5/30  coverage=0.2657  prec@K=0.0060  accepted=11  loss=0.6151  (0.6s)
Round    6/30  coverage=0.2670  prec@K=0.0038  accepted=7  loss=0.5712  (0.6s)
Round    7/30  coverage=0.2697  prec@K=0.0082  accepted=15  loss=0.5285  (0.6s)
Round    8/30  coverage=0.2708  prec@K=0.0032  accepted=6  loss=0.4856  (0.6s)
Round    9/30  coverage=0.2713  prec@K=0.0016  accepted=3  loss=0.4416  (0.7s)
Round   10/30  coverage=0.2730  prec@K=0.0049  accepted=9  loss=0.4035  (0.6s)
Round   11/30  coverage=0.2753  prec@K=0.0070  accepted=13  loss=0.3783  (0.7s)
Round   12/30  coverage=0.2773  prec@K=0.0060  accepted=11  loss=0.3464  (0.7s)
Round   13/30  coverage=0.2784  prec@K=0.0033  accepted=6  loss=0.2867  (0.7s)
Round   14/30  coverage=0.2806  prec@K=0.0065  accepted=12  loss=0.2862  (0.7s)
Round   15/30  coverage=0.2808  prec@K=0.0005  accepted=1  loss=0.2165  (0.7s)
Round   16/30  coverage=0.2813  prec@K=0.0016  accepted=3  loss=0.1948  (0.8s)
Round   17/30  coverage=0.2837  prec@K=0.0071  accepted=13  loss=0.2339  (0.7s)
Round   18/30  coverage=0.2864  prec@K=0.0082  accepted=15  loss=0.2313  (0.8s)
Round   19/30  coverage=0.2877  prec@K=0.0038  accepted=7  loss=0.1579  (0.7s)
Round   20/30  coverage=0.2898  prec@K=0.0065  accepted=12  loss=0.1892  (0.9s)
Round   21/30  coverage=0.2906  prec@K=0.0022  accepted=4  loss=0.1312  (0.8s)
Round   22/30  coverage=0.2909  prec@K=0.0011  accepted=2  loss=0.1136  (0.9s)
Round   23/30  coverage=0.2931  prec@K=0.0066  accepted=12  loss=0.1845  (0.8s)
Round   24/30  coverage=0.2936  prec@K=0.0016  accepted=3  loss=0.1039  (0.9s)
Round   25/30  coverage=0.2951  prec@K=0.0044  accepted=8  loss=0.1361  (1.5s)
Round   26/30  coverage=0.2951  prec@K=0.0000  accepted=0  loss=0.0806  (1.5s)
Round   27/30  coverage=0.2960  prec@K=0.0027  accepted=5  loss=0.1173  (10.2s)
Round   28/30  coverage=0.2964  prec@K=0.0011  accepted=2  loss=0.0903  (0.9s)
Round   29/30  coverage=0.2973  prec@K=0.0027  accepted=5  loss=0.1060  (5.3s)
Round   30/30  coverage=0.2976  prec@K=0.0011  accepted=2  loss=0.0941  (1.8s)

结果已写入 results\online\algo_sweep_dnc_email_v2_s1\dnc_email_gnn_sum/rounds.csv
