C:\conda\envs\gnn\lib\site-packages\requests\__init__.py:86: RequestsDependencyWarning: Unable to find acceptable character detection dependency (chardet or charset_normalizer).
  warnings.warn(
C:\conda\envs\gnn\lib\site-packages\outdated\__init__.py:36: UserWarning: pkg_resources is deprecated as an API. See https://setuptools.pypa.io/en/latest/pkg_resources.html. The pkg_resources package is slated for removal as early as 2025-11-30. Refrain from using this package or pin to Setuptools<81.
  from pkg_resources import parse_version
Round    1/30  coverage=0.2532  prec@K=0.0098  accepted=18  loss=0.6342  (0.1s)
Round    2/30  coverage=0.2594  prec@K=0.0188  accepted=34  loss=0.6401  (0.1s)
Round    3/30  coverage=0.2623  prec@K=0.0087  accepted=16  loss=0.6318  (0.1s)
Round    4/30  coverage=0.2639  prec@K=0.0049  accepted=9  loss=0.6299  (0.1s)
Round    5/30  coverage=0.2666  prec@K=0.0082  accepted=15  loss=0.6290  (0.1s)
Round    6/30  coverage=0.2683  prec@K=0.0049  accepted=9  loss=0.6257  (0.1s)
Round    7/30  coverage=0.2712  prec@K=0.0088  accepted=16  loss=0.6236  (0.1s)
Round    8/30  coverage=0.2737  prec@K=0.0075  accepted=14  loss=0.6231  (0.1s)
Round    9/30  coverage=0.2759  prec@K=0.0065  accepted=12  loss=0.6195  (0.1s)
Round   10/30  coverage=0.2791  prec@K=0.0098  accepted=18  loss=0.6194  (0.1s)
Round   11/30  coverage=0.2826  prec@K=0.0103  accepted=19  loss=0.6205  (0.2s)
Round   12/30  coverage=0.2860  prec@K=0.0103  accepted=19  loss=0.6190  (0.2s)
Round   13/30  coverage=0.2877  prec@K=0.0049  accepted=9  loss=0.6102  (0.2s)
Round   14/30  coverage=0.2915  prec@K=0.0114  accepted=21  loss=0.6136  (0.2s)
Round   15/30  coverage=0.2924  prec@K=0.0027  accepted=5  loss=0.6047  (0.2s)
Round   16/30  coverage=0.2938  prec@K=0.0043  accepted=8  loss=0.6028  (0.2s)
Round   17/30  coverage=0.2973  prec@K=0.0105  accepted=19  loss=0.6086  (0.2s)
Round   18/30  coverage=0.2994  prec@K=0.0066  accepted=12  loss=0.6033  (0.2s)
Round   19/30  coverage=0.3027  prec@K=0.0098  accepted=18  loss=0.6039  (0.2s)
Round   20/30  coverage=0.3060  prec@K=0.0097  accepted=18  loss=0.6049  (0.2s)
Round   21/30  coverage=0.3076  prec@K=0.0049  accepted=9  loss=0.5986  (0.3s)
Round   22/30  coverage=0.3085  prec@K=0.0027  accepted=5  loss=0.5950  (0.3s)
Round   23/30  coverage=0.3105  prec@K=0.0060  accepted=11  loss=0.5972  (0.3s)
Round   24/30  coverage=0.3121  prec@K=0.0049  accepted=9  loss=0.5969  (0.3s)
Round   25/30  coverage=0.3132  prec@K=0.0033  accepted=6  loss=0.5943  (0.3s)
Round   26/30  coverage=0.3141  prec@K=0.0027  accepted=5  loss=0.5927  (0.3s)
Round   27/30  coverage=0.3167  prec@K=0.0077  accepted=14  loss=0.5981  (0.3s)
Round   28/30  coverage=0.3176  prec@K=0.0027  accepted=5  loss=0.5927  (0.3s)
Round   29/30  coverage=0.3183  prec@K=0.0022  accepted=4  loss=0.5914  (0.3s)
Round   30/30  coverage=0.3187  prec@K=0.0011  accepted=2  loss=0.5902  (0.4s)

结果已写入 results\online\algo_sweep_dnc_email_v2_s1\dnc_email_node_emb/rounds.csv
