C:\conda\envs\gnn\lib\site-packages\requests\__init__.py:86: RequestsDependencyWarning: Unable to find acceptable character detection dependency (chardet or charset_normalizer).
  warnings.warn(
C:\conda\envs\gnn\lib\site-packages\outdated\__init__.py:36: UserWarning: pkg_resources is deprecated as an API. See https://setuptools.pypa.io/en/latest/pkg_resources.html. The pkg_resources package is slated for removal as early as 2025-11-30. Refrain from using this package or pin to Setuptools<81.
  from pkg_resources import parse_version
Round    1/30  coverage=0.2501  prec@K=0.0096  accepted=23  loss=0.6085  (2.0s)
Round    2/30  coverage=0.2502  prec@K=0.0104  accepted=25  loss=0.6079  (1.0s)
Round    3/30  coverage=0.2503  prec@K=0.0099  accepted=24  loss=0.6070  (0.6s)
Round    4/30  coverage=0.2504  prec@K=0.0051  accepted=12  loss=0.5997  (0.8s)
Round    5/30  coverage=0.2504  prec@K=0.0068  accepted=16  loss=0.5983  (3.6s)
Round    6/30  coverage=0.2505  prec@K=0.0084  accepted=20  loss=0.5939  (6.4s)
Round    7/30  coverage=0.2506  prec@K=0.0088  accepted=21  loss=0.5932  (0.7s)
Round    8/30  coverage=0.2507  prec@K=0.0095  accepted=23  loss=0.5903  (1.0s)
Round    9/30  coverage=0.2508  prec@K=0.0054  accepted=13  loss=0.5849  (1.1s)
Round   10/30  coverage=0.2509  prec@K=0.0091  accepted=22  loss=0.5850  (1.3s)
Round   11/30  coverage=0.2510  prec@K=0.0110  accepted=26  loss=0.5876  (2.4s)
Round   12/30  coverage=0.2512  prec@K=0.0159  accepted=38  loss=0.5863  (1.5s)
Round   13/30  coverage=0.2512  prec@K=0.0067  accepted=16  loss=0.5778  (1.5s)
Round   14/30  coverage=0.2513  prec@K=0.0087  accepted=21  loss=0.5762  (1.4s)
Round   15/30  coverage=0.2514  prec@K=0.0096  accepted=23  loss=0.5751  (1.4s)
Round   16/30  coverage=0.2515  prec@K=0.0071  accepted=17  loss=0.5702  (1.9s)
Round   17/30  coverage=0.2516  prec@K=0.0105  accepted=25  loss=0.5720  (1.7s)
Round   18/30  coverage=0.2517  prec@K=0.0104  accepted=25  loss=0.5714  (1.6s)
Round   19/30  coverage=0.2518  prec@K=0.0054  accepted=13  loss=0.5650  (1.8s)
Round   20/30  coverage=0.2519  prec@K=0.0109  accepted=26  loss=0.5682  (1.8s)
Round   21/30  coverage=0.2520  prec@K=0.0070  accepted=17  loss=0.5636  (3.1s)
Round   22/30  coverage=0.2520  prec@K=0.0089  accepted=21  loss=0.5641  (1.7s)
Round   23/30  coverage=0.2521  prec@K=0.0063  accepted=15  loss=0.5610  (1.6s)
Round   24/30  coverage=0.2522  prec@K=0.0088  accepted=21  loss=0.5642  (1.9s)
Round   25/30  coverage=0.2523  prec@K=0.0078  accepted=19  loss=0.5619  (2.1s)
Round   26/30  coverage=0.2524  prec@K=0.0107  accepted=25  loss=0.5646  (1.8s)
Round   27/30  coverage=0.2525  prec@K=0.0072  accepted=17  loss=0.5614  (2.1s)
Round   28/30  coverage=0.2525  prec@K=0.0063  accepted=15  loss=0.5590  (2.2s)
Round   29/30  coverage=0.2526  prec@K=0.0047  accepted=11  loss=0.5583  (2.3s)
Round   30/30  coverage=0.2527  prec@K=0.0097  accepted=23  loss=0.5624  (2.2s)

结果已写入 results\online\algo_sweep_sx_mathoverflow_v2_s3\sx_mathoverflow_gnn/rounds.csv
