C:\conda\envs\gnn\lib\site-packages\requests\__init__.py:86: RequestsDependencyWarning: Unable to find acceptable character detection dependency (chardet or charset_normalizer).
  warnings.warn(
C:\conda\envs\gnn\lib\site-packages\outdated\__init__.py:36: UserWarning: pkg_resources is deprecated as an API. See https://setuptools.pypa.io/en/latest/pkg_resources.html. The pkg_resources package is slated for removal as early as 2025-11-30. Refrain from using this package or pin to Setuptools<81.
  from pkg_resources import parse_version
Round    1/40  coverage=0.0549  prec@K=0.0156  accepted=28  loss=nan  (0.1s)
Round    2/40  coverage=0.0645  prec@K=0.0307  accepted=53  loss=nan  (0.0s)
Round    3/40  coverage=0.0743  prec@K=0.0312  accepted=54  loss=nan  (0.1s)
Round    4/40  coverage=0.0872  prec@K=0.0406  accepted=71  loss=nan  (0.0s)
Round    5/40  coverage=0.0993  prec@K=0.0378  accepted=67  loss=nan  (0.0s)
Round    6/40  coverage=0.1131  prec@K=0.0428  accepted=76  loss=nan  (0.0s)
Round    7/40  coverage=0.1233  prec@K=0.0316  accepted=56  loss=nan  (0.1s)
Round    8/40  coverage=0.1307  prec@K=0.0230  accepted=41  loss=nan  (0.1s)
Round    9/40  coverage=0.1343  prec@K=0.0111  accepted=20  loss=nan  (0.1s)
Round   10/40  coverage=0.1408  prec@K=0.0202  accepted=36  loss=nan  (0.1s)
Round   11/40  coverage=0.1497  prec@K=0.0272  accepted=49  loss=nan  (0.1s)
Round   12/40  coverage=0.1586  prec@K=0.0273  accepted=49  loss=nan  (0.1s)
Round   13/40  coverage=0.1700  prec@K=0.0349  accepted=63  loss=nan  (0.1s)
Round   14/40  coverage=0.1751  prec@K=0.0156  accepted=28  loss=nan  (0.1s)
Round   15/40  coverage=0.1849  prec@K=0.0302  accepted=54  loss=nan  (0.1s)
Round   16/40  coverage=0.1996  prec@K=0.0455  accepted=81  loss=nan  (0.1s)
Round   17/40  coverage=0.2099  prec@K=0.0312  accepted=57  loss=nan  (0.1s)
Round   18/40  coverage=0.2188  prec@K=0.0269  accepted=49  loss=nan  (0.1s)
Round   19/40  coverage=0.2298  prec@K=0.0332  accepted=61  loss=nan  (0.1s)
Round   20/40  coverage=0.2405  prec@K=0.0329  accepted=59  loss=nan  (0.1s)
Round   21/40  coverage=0.2490  prec@K=0.0258  accepted=47  loss=nan  (0.1s)
Round   22/40  coverage=0.2534  prec@K=0.0131  accepted=24  loss=nan  (0.1s)
Round   23/40  coverage=0.2585  prec@K=0.0154  accepted=28  loss=nan  (0.1s)
Round   24/40  coverage=0.2606  prec@K=0.0066  accepted=12  loss=nan  (0.1s)
Round   25/40  coverage=0.2626  prec@K=0.0061  accepted=11  loss=nan  (0.1s)
Round   26/40  coverage=0.2641  prec@K=0.0044  accepted=8  loss=nan  (0.1s)
Round   27/40  coverage=0.2646  prec@K=0.0016  accepted=3  loss=nan  (0.1s)
Round   28/40  coverage=0.2659  prec@K=0.0038  accepted=7  loss=nan  (0.1s)
Round   29/40  coverage=0.2668  prec@K=0.0028  accepted=5  loss=nan  (0.1s)
Round   30/40  coverage=0.2679  prec@K=0.0033  accepted=6  loss=nan  (0.2s)
Round   31/40  coverage=0.2706  prec@K=0.0083  accepted=15  loss=nan  (0.2s)
Round   32/40  coverage=0.2712  prec@K=0.0017  accepted=3  loss=nan  (0.1s)
Round   33/40  coverage=0.2746  prec@K=0.0103  accepted=19  loss=nan  (0.2s)
Round   34/40  coverage=0.2771  prec@K=0.0077  accepted=14  loss=nan  (0.2s)
Round   35/40  coverage=0.2799  prec@K=0.0082  accepted=15  loss=nan  (0.2s)
Round   36/40  coverage=0.2826  prec@K=0.0082  accepted=15  loss=nan  (0.2s)
Round   37/40  coverage=0.2842  prec@K=0.0049  accepted=9  loss=nan  (0.2s)
Round   38/40  coverage=0.2858  prec@K=0.0049  accepted=9  loss=nan  (0.2s)
Round   39/40  coverage=0.2873  prec@K=0.0044  accepted=8  loss=nan  (0.2s)
Round   40/40  coverage=0.2882  prec@K=0.0027  accepted=5  loss=nan  (0.2s)

˝áąűŇŃĐ´Čë results\online\init_ratio_sweep_dnc_email\r005_ground_truth/rounds.csv
