C:\conda\envs\gnn\lib\site-packages\requests\__init__.py:86: RequestsDependencyWarning: Unable to find acceptable character detection dependency (chardet or charset_normalizer).
  warnings.warn(
C:\conda\envs\gnn\lib\site-packages\outdated\__init__.py:36: UserWarning: pkg_resources is deprecated as an API. See https://setuptools.pypa.io/en/latest/pkg_resources.html. The pkg_resources package is slated for removal as early as 2025-11-30. Refrain from using this package or pin to Setuptools<81.
  from pkg_resources import parse_version
Round    1/40  coverage=0.1082  prec@K=0.0257  accepted=46  loss=nan  (0.1s)
Round    2/40  coverage=0.1180  prec@K=0.0297  accepted=54  loss=nan  (0.0s)
Round    3/40  coverage=0.1276  prec@K=0.0304  accepted=53  loss=nan  (0.0s)
Round    4/40  coverage=0.1379  prec@K=0.0318  accepted=57  loss=nan  (0.0s)
Round    5/40  coverage=0.1465  prec@K=0.0260  accepted=47  loss=nan  (0.0s)
Round    6/40  coverage=0.1581  prec@K=0.0355  accepted=64  loss=nan  (0.0s)
Round    7/40  coverage=0.1688  prec@K=0.0324  accepted=59  loss=nan  (0.1s)
Round    8/40  coverage=0.1847  prec@K=0.0486  accepted=88  loss=nan  (0.1s)
Round    9/40  coverage=0.1958  prec@K=0.0331  accepted=61  loss=nan  (0.1s)
Round   10/40  coverage=0.2048  prec@K=0.0272  accepted=50  loss=nan  (0.1s)
Round   11/40  coverage=0.2150  prec@K=0.0305  accepted=56  loss=nan  (0.1s)
Round   12/40  coverage=0.2246  prec@K=0.0288  accepted=53  loss=nan  (0.1s)
Round   13/40  coverage=0.2316  prec@K=0.0213  accepted=39  loss=nan  (0.1s)
Round   14/40  coverage=0.2391  prec@K=0.0221  accepted=41  loss=nan  (0.1s)
Round   15/40  coverage=0.2465  prec@K=0.0222  accepted=41  loss=nan  (0.1s)
Round   16/40  coverage=0.2501  prec@K=0.0108  accepted=20  loss=nan  (0.1s)
Round   17/40  coverage=0.2579  prec@K=0.0238  accepted=43  loss=nan  (0.1s)
Round   18/40  coverage=0.2628  prec@K=0.0146  accepted=27  loss=nan  (0.1s)
Round   19/40  coverage=0.2675  prec@K=0.0142  accepted=26  loss=nan  (0.1s)
Round   20/40  coverage=0.2744  prec@K=0.0207  accepted=38  loss=nan  (0.1s)
Round   21/40  coverage=0.2790  prec@K=0.0136  accepted=25  loss=nan  (0.1s)
Round   22/40  coverage=0.2846  prec@K=0.0170  accepted=31  loss=nan  (0.1s)
Round   23/40  coverage=0.2891  prec@K=0.0137  accepted=25  loss=nan  (0.1s)
Round   24/40  coverage=0.2927  prec@K=0.0109  accepted=20  loss=nan  (0.1s)
Round   25/40  coverage=0.2940  prec@K=0.0038  accepted=7  loss=nan  (0.1s)
Round   26/40  coverage=0.2974  prec@K=0.0102  accepted=19  loss=nan  (0.2s)
Round   27/40  coverage=0.3007  prec@K=0.0099  accepted=18  loss=nan  (0.2s)
Round   28/40  coverage=0.3040  prec@K=0.0098  accepted=18  loss=nan  (0.2s)
Round   29/40  coverage=0.3065  prec@K=0.0076  accepted=14  loss=nan  (0.2s)
Round   30/40  coverage=0.3098  prec@K=0.0098  accepted=18  loss=nan  (0.2s)
Round   31/40  coverage=0.3143  prec@K=0.0134  accepted=25  loss=nan  (0.2s)
Round   32/40  coverage=0.3177  prec@K=0.0104  accepted=19  loss=nan  (0.2s)
Round   33/40  coverage=0.3199  prec@K=0.0065  accepted=12  loss=nan  (0.2s)
Round   34/40  coverage=0.3221  prec@K=0.0065  accepted=12  loss=nan  (0.2s)
Round   35/40  coverage=0.3257  prec@K=0.0108  accepted=20  loss=nan  (0.2s)
Round   36/40  coverage=0.3288  prec@K=0.0091  accepted=17  loss=nan  (0.2s)
Round   37/40  coverage=0.3319  prec@K=0.0092  accepted=17  loss=nan  (0.2s)
Round   38/40  coverage=0.3341  prec@K=0.0065  accepted=12  loss=nan  (0.2s)
Round   39/40  coverage=0.3377  prec@K=0.0108  accepted=20  loss=nan  (0.2s)
Round   40/40  coverage=0.3399  prec@K=0.0065  accepted=12  loss=nan  (0.2s)

˝áąűŇŃĐ´Čë results\online\init_ratio_sweep_dnc_email\r010_random/rounds.csv
