C:\conda\envs\gnn\lib\site-packages\requests\__init__.py:86: RequestsDependencyWarning: Unable to find acceptable character detection dependency (chardet or charset_normalizer).
  warnings.warn(
C:\conda\envs\gnn\lib\site-packages\outdated\__init__.py:36: UserWarning: pkg_resources is deprecated as an API. See https://setuptools.pypa.io/en/latest/pkg_resources.html. The pkg_resources package is slated for removal as early as 2025-11-30. Refrain from using this package or pin to Setuptools<81.
  from pkg_resources import parse_version
Round    1/40  coverage=0.2135  prec@K=0.0412  accepted=75  loss=0.7344  (0.4s)
Round    2/40  coverage=0.2295  prec@K=0.0489  accepted=88  loss=0.7399  (0.3s)
Round    3/40  coverage=0.2474  prec@K=0.0551  accepted=99  loss=0.7394  (0.2s)
Round    4/40  coverage=0.2623  prec@K=0.0446  accepted=82  loss=0.7453  (0.2s)
Round    5/40  coverage=0.2755  prec@K=0.0400  accepted=73  loss=0.7477  (0.2s)
Round    6/40  coverage=0.2880  prec@K=0.0376  accepted=69  loss=0.7484  (0.2s)
Round    7/40  coverage=0.2960  prec@K=0.0241  accepted=44  loss=0.7512  (0.2s)
Round    8/40  coverage=0.3022  prec@K=0.0186  accepted=34  loss=0.7513  (0.2s)
Round    9/40  coverage=0.3094  prec@K=0.0218  accepted=40  loss=0.7484  (0.3s)
Round   10/40  coverage=0.3145  prec@K=0.0154  accepted=28  loss=0.7483  (0.3s)
Round   11/40  coverage=0.3190  prec@K=0.0136  accepted=25  loss=0.7465  (0.3s)
Round   12/40  coverage=0.3212  prec@K=0.0066  accepted=12  loss=0.7469  (0.3s)
Round   13/40  coverage=0.3254  prec@K=0.0125  accepted=23  loss=0.7427  (0.3s)
Round   14/40  coverage=0.3288  prec@K=0.0104  accepted=19  loss=0.7397  (0.3s)
Round   15/40  coverage=0.3344  prec@K=0.0170  accepted=31  loss=0.7357  (0.3s)
Round   16/40  coverage=0.3498  prec@K=0.0461  accepted=85  loss=0.7272  (0.3s)
Round   17/40  coverage=0.3719  prec@K=0.0668  accepted=122  loss=0.7201  (0.3s)
Round   18/40  coverage=0.3919  prec@K=0.0601  accepted=110  loss=0.7195  (0.3s)
Round   19/40  coverage=0.4049  prec@K=0.0389  accepted=72  loss=0.7195  (0.3s)
Round   20/40  coverage=0.4129  prec@K=0.0238  accepted=44  loss=0.7175  (0.3s)
Round   21/40  coverage=0.4198  prec@K=0.0208  accepted=38  loss=0.7141  (0.4s)
Round   22/40  coverage=0.4252  prec@K=0.0165  accepted=30  loss=0.7105  (0.3s)
Round   23/40  coverage=0.4290  prec@K=0.0115  accepted=21  loss=0.7067  (0.3s)
Round   24/40  coverage=0.4328  prec@K=0.0114  accepted=21  loss=0.7034  (0.3s)
Round   25/40  coverage=0.4350  prec@K=0.0065  accepted=12  loss=0.6999  (0.3s)
Round   26/40  coverage=0.4357  prec@K=0.0022  accepted=4  loss=0.6966  (0.4s)
Round   27/40  coverage=0.4367  prec@K=0.0027  accepted=5  loss=0.6941  (0.4s)
Round   28/40  coverage=0.4379  prec@K=0.0038  accepted=7  loss=0.6918  (0.4s)
Round   29/40  coverage=0.4405  prec@K=0.0076  accepted=14  loss=0.6899  (0.4s)
Round   30/40  coverage=0.4423  prec@K=0.0054  accepted=10  loss=0.6878  (0.4s)
Round   31/40  coverage=0.4441  prec@K=0.0054  accepted=10  loss=0.6856  (0.4s)
Round   32/40  coverage=0.4455  prec@K=0.0044  accepted=8  loss=0.6826  (0.4s)
Round   33/40  coverage=0.4475  prec@K=0.0059  accepted=11  loss=0.6837  (0.4s)
Round   34/40  coverage=0.4492  prec@K=0.0049  accepted=9  loss=0.6819  (0.4s)
Round   35/40  coverage=0.4513  prec@K=0.0065  accepted=12  loss=0.6813  (0.4s)
Round   36/40  coverage=0.4528  prec@K=0.0043  accepted=8  loss=0.6805  (0.4s)
Round   37/40  coverage=0.4533  prec@K=0.0016  accepted=3  loss=0.6797  (0.4s)
Round   38/40  coverage=0.4546  prec@K=0.0038  accepted=7  loss=0.6795  (0.4s)
Round   39/40  coverage=0.4551  prec@K=0.0016  accepted=3  loss=0.6791  (0.4s)
Round   40/40  coverage=0.4560  prec@K=0.0027  accepted=5  loss=0.6801  (0.4s)

˝áąűŇŃĐ´Čë results\online\init_ratio_sweep_dnc_email\r020_gnn/rounds.csv
