C:\conda\envs\gnn\lib\site-packages\requests\__init__.py:86: RequestsDependencyWarning: Unable to find acceptable character detection dependency (chardet or charset_normalizer).
  warnings.warn(
C:\conda\envs\gnn\lib\site-packages\outdated\__init__.py:36: UserWarning: pkg_resources is deprecated as an API. See https://setuptools.pypa.io/en/latest/pkg_resources.html. The pkg_resources package is slated for removal as early as 2025-11-30. Refrain from using this package or pin to Setuptools<81.
  from pkg_resources import parse_version
Round    1/30  coverage=0.2525  prec@K=0.0177  accepted=62  loss=0.7575  (1.0s)
Round    2/30  coverage=0.2556  prec@K=0.0216  accepted=74  loss=0.7560  (0.6s)
Round    3/30  coverage=0.2590  prec@K=0.0234  accepted=83  loss=0.7547  (0.7s)
Round    4/30  coverage=0.2617  prec@K=0.0182  accepted=64  loss=0.7546  (0.7s)
Round    5/30  coverage=0.2640  prec@K=0.0161  accepted=57  loss=0.7542  (0.8s)
Round    6/30  coverage=0.2654  prec@K=0.0097  accepted=34  loss=0.7553  (0.8s)
Round    7/30  coverage=0.2679  prec@K=0.0169  accepted=59  loss=0.7514  (0.8s)
Round    8/30  coverage=0.2709  prec@K=0.0205  accepted=72  loss=0.7489  (0.8s)
Round    9/30  coverage=0.2726  prec@K=0.0121  accepted=43  loss=0.7484  (0.7s)
Round   10/30  coverage=0.2754  prec@K=0.0198  accepted=68  loss=0.7443  (0.7s)
Round   11/30  coverage=0.2766  prec@K=0.0081  accepted=29  loss=0.7432  (0.8s)
Round   12/30  coverage=0.2791  prec@K=0.0167  accepted=59  loss=0.7383  (0.7s)
Round   13/30  coverage=0.2816  prec@K=0.0172  accepted=61  loss=0.7355  (0.7s)
Round   14/30  coverage=0.2842  prec@K=0.0174  accepted=62  loss=0.7330  (0.8s)
Round   15/30  coverage=0.2865  prec@K=0.0166  accepted=57  loss=0.7297  (0.7s)
Round   16/30  coverage=0.2881  prec@K=0.0110  accepted=38  loss=0.7263  (0.8s)
Round   17/30  coverage=0.2902  prec@K=0.0144  accepted=51  loss=0.7239  (0.8s)
Round   18/30  coverage=0.2923  prec@K=0.0144  accepted=51  loss=0.7214  (0.8s)
Round   19/30  coverage=0.2938  prec@K=0.0100  accepted=35  loss=0.7185  (0.8s)
Round   20/30  coverage=0.2959  prec@K=0.0147  accepted=52  loss=0.7165  (0.9s)
Round   21/30  coverage=0.2983  prec@K=0.0164  accepted=58  loss=0.7145  (1.0s)
Round   22/30  coverage=0.2998  prec@K=0.0105  accepted=37  loss=0.7131  (0.9s)
Round   23/30  coverage=0.3020  prec@K=0.0145  accepted=51  loss=0.7113  (0.9s)
Round   24/30  coverage=0.3051  prec@K=0.0213  accepted=75  loss=0.7099  (0.9s)
Round   25/30  coverage=0.3064  prec@K=0.0094  accepted=33  loss=0.7095  (1.0s)
Round   26/30  coverage=0.3085  prec@K=0.0144  accepted=51  loss=0.7088  (1.0s)
Round   27/30  coverage=0.3104  prec@K=0.0128  accepted=45  loss=0.7086  (1.0s)
Round   28/30  coverage=0.3122  prec@K=0.0124  accepted=43  loss=0.7082  (1.0s)
Round   29/30  coverage=0.3135  prec@K=0.0093  accepted=33  loss=0.7086  (1.1s)
Round   30/30  coverage=0.3152  prec@K=0.0114  accepted=40  loss=0.7082  (1.0s)

结果已写入 results\online\algo_sweep_bitcoin_alpha_v2\bitcoin_alpha_gnn/rounds.csv
