C:\conda\envs\gnn\lib\site-packages\requests\__init__.py:86: RequestsDependencyWarning: Unable to find acceptable character detection dependency (chardet or charset_normalizer).
  warnings.warn(
C:\conda\envs\gnn\lib\site-packages\outdated\__init__.py:36: UserWarning: pkg_resources is deprecated as an API. See https://setuptools.pypa.io/en/latest/pkg_resources.html. The pkg_resources package is slated for removal as early as 2025-11-30. Refrain from using this package or pin to Setuptools<81.
  from pkg_resources import parse_version
Round    1/30  coverage=0.2526  prec@K=0.0183  accepted=64  loss=0.6471  (1.0s)
Round    2/30  coverage=0.2553  prec@K=0.0190  accepted=65  loss=0.6459  (0.7s)
Round    3/30  coverage=0.2586  prec@K=0.0225  accepted=80  loss=0.6452  (0.8s)
Round    4/30  coverage=0.2616  prec@K=0.0207  accepted=73  loss=0.6420  (0.8s)
Round    5/30  coverage=0.2647  prec@K=0.0206  accepted=73  loss=0.6372  (0.8s)
Round    6/30  coverage=0.2663  prec@K=0.0114  accepted=40  loss=0.6274  (0.9s)
Round    7/30  coverage=0.2689  prec@K=0.0181  accepted=63  loss=0.6241  (0.9s)
Round    8/30  coverage=0.2722  prec@K=0.0225  accepted=79  loss=0.6200  (0.9s)
Round    9/30  coverage=0.2744  prec@K=0.0149  accepted=53  loss=0.6135  (0.9s)
Round   10/30  coverage=0.2776  prec@K=0.0224  accepted=77  loss=0.6110  (1.0s)
Round   11/30  coverage=0.2788  prec@K=0.0086  accepted=31  loss=0.6004  (1.1s)
Round   12/30  coverage=0.2815  prec@K=0.0182  accepted=64  loss=0.6013  (1.0s)
Round   13/30  coverage=0.2841  prec@K=0.0178  accepted=63  loss=0.5968  (1.0s)
Round   14/30  coverage=0.2871  prec@K=0.0208  accepted=74  loss=0.5948  (1.0s)
Round   15/30  coverage=0.2897  prec@K=0.0179  accepted=62  loss=0.5895  (0.9s)
Round   16/30  coverage=0.2918  prec@K=0.0144  accepted=50  loss=0.5839  (0.9s)
Round   17/30  coverage=0.2947  prec@K=0.0202  accepted=71  loss=0.5878  (1.1s)
Round   18/30  coverage=0.2974  prec@K=0.0181  accepted=64  loss=0.5837  (1.1s)
Round   19/30  coverage=0.2990  prec@K=0.0111  accepted=39  loss=0.5781  (1.1s)
Round   20/30  coverage=0.3014  prec@K=0.0166  accepted=59  loss=0.5811  (1.2s)
Round   21/30  coverage=0.3046  prec@K=0.0215  accepted=76  loss=0.5838  (1.4s)
Round   22/30  coverage=0.3061  prec@K=0.0105  accepted=37  loss=0.5746  (1.2s)
Round   23/30  coverage=0.3081  prec@K=0.0139  accepted=49  loss=0.5771  (1.4s)
Round   24/30  coverage=0.3118  prec@K=0.0250  accepted=88  loss=0.5814  (1.3s)
Round   25/30  coverage=0.3136  prec@K=0.0125  accepted=44  loss=0.5755  (1.4s)
Round   26/30  coverage=0.3159  prec@K=0.0160  accepted=57  loss=0.5777  (1.5s)
Round   27/30  coverage=0.3176  prec@K=0.0116  accepted=41  loss=0.5748  (1.6s)
Round   28/30  coverage=0.3194  prec@K=0.0121  accepted=42  loss=0.5743  (1.5s)
Round   29/30  coverage=0.3207  prec@K=0.0093  accepted=33  loss=0.5734  (1.6s)
Round   30/30  coverage=0.3224  prec@K=0.0114  accepted=40  loss=0.5743  (1.6s)

结果已写入 results\online\algo_sweep_bitcoin_alpha_v2\bitcoin_alpha_gnn_sum_h8/rounds.csv
