C:\conda\envs\gnn\lib\site-packages\requests\__init__.py:86: RequestsDependencyWarning: Unable to find acceptable character detection dependency (chardet or charset_normalizer).
  warnings.warn(
C:\conda\envs\gnn\lib\site-packages\outdated\__init__.py:36: UserWarning: pkg_resources is deprecated as an API. See https://setuptools.pypa.io/en/latest/pkg_resources.html. The pkg_resources package is slated for removal as early as 2025-11-30. Refrain from using this package or pin to Setuptools<81.
  from pkg_resources import parse_version
Round    1/30  coverage=0.2520  prec@K=0.0312  accepted=208  loss=0.6141  (1.6s)
Round    2/30  coverage=0.2537  prec@K=0.0262  accepted=176  loss=0.6114  (1.1s)
Round    3/30  coverage=0.2552  prec@K=0.0239  accepted=159  loss=0.6082  (1.6s)
Round    4/30  coverage=0.2567  prec@K=0.0222  accepted=149  loss=0.6055  (1.8s)
Round    5/30  coverage=0.2584  prec@K=0.0271  accepted=182  loss=0.6064  (20.1s)
Round    6/30  coverage=0.2601  prec@K=0.0267  accepted=176  loss=0.6019  (1.7s)
Round    7/30  coverage=0.2622  prec@K=0.0314  accepted=211  loss=0.6021  (2.4s)
Round    8/30  coverage=0.2641  prec@K=0.0302  accepted=203  loss=0.5987  (3.1s)
Round    9/30  coverage=0.2662  prec@K=0.0326  accepted=219  loss=0.5982  (2.7s)
Round   10/30  coverage=0.2681  prec@K=0.0283  accepted=190  loss=0.5962  (3.7s)
Round   11/30  coverage=0.2695  prec@K=0.0230  accepted=153  loss=0.5887  (3.3s)
Round   12/30  coverage=0.2709  prec@K=0.0212  accepted=142  loss=0.5860  (4.0s)
Round   13/30  coverage=0.2727  prec@K=0.0283  accepted=189  loss=0.5879  (3.3s)
Round   14/30  coverage=0.2741  prec@K=0.0223  accepted=147  loss=0.5814  (4.2s)
Round   15/30  coverage=0.2757  prec@K=0.0247  accepted=165  loss=0.5825  (3.8s)
Round   16/30  coverage=0.2770  prec@K=0.0190  accepted=127  loss=0.5762  (3.8s)
Round   17/30  coverage=0.2780  prec@K=0.0162  accepted=109  loss=0.5730  (4.2s)
Round   18/30  coverage=0.2794  prec@K=0.0210  accepted=141  loss=0.5760  (4.4s)
Round   19/30  coverage=0.2806  prec@K=0.0190  accepted=128  loss=0.5723  (6.0s)
Round   20/30  coverage=0.2820  prec@K=0.0216  accepted=144  loss=0.5724  (7.2s)
Round   21/30  coverage=0.2830  prec@K=0.0149  accepted=100  loss=0.5671  (5.8s)
Round   22/30  coverage=0.2842  prec@K=0.0190  accepted=128  loss=0.5688  (5.6s)
Round   23/30  coverage=0.2853  prec@K=0.0171  accepted=115  loss=0.5669  (6.4s)
Round   24/30  coverage=0.2865  prec@K=0.0177  accepted=120  loss=0.5658  (5.6s)
Round   25/30  coverage=0.2877  prec@K=0.0197  accepted=131  loss=0.5658  (5.7s)
Round   26/30  coverage=0.2888  prec@K=0.0171  accepted=116  loss=0.5651  (6.6s)
Round   27/30  coverage=0.2901  prec@K=0.0199  accepted=133  loss=0.5673  (6.6s)
Round   28/30  coverage=0.2913  prec@K=0.0176  accepted=118  loss=0.5664  (11.1s)
Round   29/30  coverage=0.2924  prec@K=0.0174  accepted=117  loss=0.5647  (7.1s)
Round   30/30  coverage=0.2935  prec@K=0.0174  accepted=117  loss=0.5647  (7.8s)

结果已写入 results\online\algo_sweep_wiki_vote_v2_s3\wiki_vote_gnn/rounds.csv
