C:\conda\envs\gnn\lib\site-packages\requests\__init__.py:86: RequestsDependencyWarning: Unable to find acceptable character detection dependency (chardet or charset_normalizer).
  warnings.warn(
C:\conda\envs\gnn\lib\site-packages\outdated\__init__.py:36: UserWarning: pkg_resources is deprecated as an API. See https://setuptools.pypa.io/en/latest/pkg_resources.html. The pkg_resources package is slated for removal as early as 2025-11-30. Refrain from using this package or pin to Setuptools<81.
  from pkg_resources import parse_version
Round    1/30  coverage=0.2520  prec@K=0.0306  accepted=204  loss=0.6583  (3.1s)
Round    2/30  coverage=0.2536  prec@K=0.0247  accepted=166  loss=0.6544  (2.0s)
Round    3/30  coverage=0.2544  prec@K=0.0135  accepted=90  loss=0.6449  (2.3s)
Round    4/30  coverage=0.2553  prec@K=0.0134  accepted=90  loss=0.6349  (1.8s)
Round    5/30  coverage=0.2564  prec@K=0.0167  accepted=112  loss=0.6222  (1.8s)
Round    6/30  coverage=0.2573  prec@K=0.0145  accepted=95  loss=0.6035  (1.8s)
Round    7/30  coverage=0.2582  prec@K=0.0137  accepted=92  loss=0.5851  (1.8s)
Round    8/30  coverage=0.2589  prec@K=0.0117  accepted=79  loss=0.5677  (2.2s)
Round    9/30  coverage=0.2599  prec@K=0.0143  accepted=96  loss=0.5541  (2.3s)
Round   10/30  coverage=0.2606  prec@K=0.0114  accepted=77  loss=0.5357  (2.5s)
Round   11/30  coverage=0.2613  prec@K=0.0101  accepted=67  loss=0.5181  (2.9s)
Round   12/30  coverage=0.2620  prec@K=0.0116  accepted=78  loss=0.5065  (2.9s)
Round   13/30  coverage=0.2627  prec@K=0.0100  accepted=67  loss=0.4860  (3.0s)
Round   14/30  coverage=0.2633  prec@K=0.0100  accepted=66  loss=0.4702  (6.9s)
Round   15/30  coverage=0.2639  prec@K=0.0096  accepted=64  loss=0.4535  (4.0s)
Round   16/30  coverage=0.2645  prec@K=0.0090  accepted=60  loss=0.4403  (5.3s)
Round   17/30  coverage=0.2649  prec@K=0.0057  accepted=38  loss=0.4195  (4.1s)
Round   18/30  coverage=0.2654  prec@K=0.0086  accepted=58  loss=0.4143  (4.4s)
Round   19/30  coverage=0.2658  prec@K=0.0059  accepted=40  loss=0.3981  (4.8s)
Round   20/30  coverage=0.2665  prec@K=0.0102  accepted=68  loss=0.3932  (4.6s)
Round   21/30  coverage=0.2669  prec@K=0.0067  accepted=45  loss=0.3786  (6.9s)
Round   22/30  coverage=0.2675  prec@K=0.0092  accepted=62  loss=0.3740  (6.6s)
Round   23/30  coverage=0.2680  prec@K=0.0080  accepted=54  loss=0.3641  (8.5s)
Round   24/30  coverage=0.2685  prec@K=0.0071  accepted=48  loss=0.3573  (7.6s)
Round   25/30  coverage=0.2690  prec@K=0.0083  accepted=55  loss=0.3542  (6.3s)
Round   26/30  coverage=0.2697  prec@K=0.0100  accepted=68  loss=0.3571  (7.7s)
Round   27/30  coverage=0.2701  prec@K=0.0063  accepted=42  loss=0.3452  (9.2s)
Round   28/30  coverage=0.2704  prec@K=0.0052  accepted=35  loss=0.3441  (9.5s)
Round   29/30  coverage=0.2709  prec@K=0.0070  accepted=47  loss=0.3465  (8.2s)
Round   30/30  coverage=0.2714  prec@K=0.0084  accepted=56  loss=0.3476  (10.0s)

结果已写入 results\online\algo_sweep_wiki_vote_v2_s3\wiki_vote_gnn_h32/rounds.csv
