C:\conda\envs\gnn\lib\site-packages\requests\__init__.py:86: RequestsDependencyWarning: Unable to find acceptable character detection dependency (chardet or charset_normalizer).
  warnings.warn(
C:\conda\envs\gnn\lib\site-packages\outdated\__init__.py:36: UserWarning: pkg_resources is deprecated as an API. See https://setuptools.pypa.io/en/latest/pkg_resources.html. The pkg_resources package is slated for removal as early as 2025-11-30. Refrain from using this package or pin to Setuptools<81.
  from pkg_resources import parse_version
Round    1/30  coverage=0.2511  prec@K=0.0172  accepted=115  loss=0.7243  (0.7s)
Round    2/30  coverage=0.2521  prec@K=0.0161  accepted=108  loss=0.7239  (0.4s)
Round    3/30  coverage=0.2530  prec@K=0.0131  accepted=87  loss=0.7234  (0.5s)
Round    4/30  coverage=0.2538  prec@K=0.0130  accepted=87  loss=0.7220  (0.7s)
Round    5/30  coverage=0.2547  prec@K=0.0140  accepted=94  loss=0.7199  (0.8s)
Round    6/30  coverage=0.2557  prec@K=0.0160  accepted=105  loss=0.7175  (0.9s)
Round    7/30  coverage=0.2567  prec@K=0.0154  accepted=104  loss=0.7152  (1.2s)
Round    8/30  coverage=0.2576  prec@K=0.0137  accepted=92  loss=0.7131  (1.0s)
Round    9/30  coverage=0.2584  prec@K=0.0124  accepted=83  loss=0.7109  (1.2s)
Round   10/30  coverage=0.2592  prec@K=0.0117  accepted=79  loss=0.7086  (1.4s)
Round   11/30  coverage=0.2600  prec@K=0.0133  accepted=88  loss=0.7059  (1.9s)
Round   12/30  coverage=0.2608  prec@K=0.0112  accepted=75  loss=0.7039  (1.7s)
Round   13/30  coverage=0.2616  prec@K=0.0128  accepted=86  loss=0.7017  (2.1s)
Round   14/30  coverage=0.2624  prec@K=0.0130  accepted=86  loss=0.6993  (2.4s)
Round   15/30  coverage=0.2632  prec@K=0.0120  accepted=80  loss=0.6971  (2.1s)
Round   16/30  coverage=0.2638  prec@K=0.0085  accepted=57  loss=0.6949  (2.6s)
Round   17/30  coverage=0.2641  prec@K=0.0061  accepted=41  loss=0.6930  (8.2s)
Round   18/30  coverage=0.2648  prec@K=0.0094  accepted=63  loss=0.6913  (2.9s)
Round   19/30  coverage=0.2652  prec@K=0.0074  accepted=50  loss=0.6894  (2.9s)
Round   20/30  coverage=0.2658  prec@K=0.0083  accepted=55  loss=0.6877  (2.8s)
Round   21/30  coverage=0.2663  prec@K=0.0090  accepted=60  loss=0.6863  (3.6s)
Round   22/30  coverage=0.2669  prec@K=0.0079  accepted=53  loss=0.6855  (3.2s)
Round   23/30  coverage=0.2675  prec@K=0.0092  accepted=62  loss=0.6841  (3.5s)
Round   24/30  coverage=0.2679  prec@K=0.0069  accepted=47  loss=0.6831  (3.7s)
Round   25/30  coverage=0.2685  prec@K=0.0086  accepted=57  loss=0.6827  (3.7s)
Round   26/30  coverage=0.2690  prec@K=0.0084  accepted=57  loss=0.6820  (4.3s)
Round   27/30  coverage=0.2695  prec@K=0.0075  accepted=50  loss=0.6821  (4.5s)
Round   28/30  coverage=0.2699  prec@K=0.0064  accepted=43  loss=0.6813  (4.8s)
Round   29/30  coverage=0.2703  prec@K=0.0063  accepted=42  loss=0.6809  (4.7s)
Round   30/30  coverage=0.2707  prec@K=0.0067  accepted=45  loss=0.6812  (5.0s)

结果已写入 results\online\algo_sweep_wiki_vote_v2_s3\wiki_vote_node_emb/rounds.csv
