C:\conda\envs\gnn\lib\site-packages\requests\__init__.py:86: RequestsDependencyWarning: Unable to find acceptable character detection dependency (chardet or charset_normalizer).
  warnings.warn(
C:\conda\envs\gnn\lib\site-packages\outdated\__init__.py:36: UserWarning: pkg_resources is deprecated as an API. See https://setuptools.pypa.io/en/latest/pkg_resources.html. The pkg_resources package is slated for removal as early as 2025-11-30. Refrain from using this package or pin to Setuptools<81.
  from pkg_resources import parse_version
Round    1/30  coverage=0.2515  prec@K=0.0238  accepted=159  loss=0.6158  (0.6s)
Round    2/30  coverage=0.2531  prec@K=0.0247  accepted=166  loss=0.6159  (0.4s)
Round    3/30  coverage=0.2541  prec@K=0.0147  accepted=98  loss=0.6103  (0.6s)
Round    4/30  coverage=0.2551  prec@K=0.0163  accepted=109  loss=0.6102  (0.6s)
Round    5/30  coverage=0.2565  prec@K=0.0212  accepted=142  loss=0.6121  (0.7s)
Round    6/30  coverage=0.2580  prec@K=0.0233  accepted=153  loss=0.6111  (0.8s)
Round    7/30  coverage=0.2593  prec@K=0.0211  accepted=142  loss=0.6099  (0.9s)
Round    8/30  coverage=0.2606  prec@K=0.0193  accepted=130  loss=0.6073  (0.9s)
Round    9/30  coverage=0.2618  prec@K=0.0188  accepted=126  loss=0.6067  (1.0s)
Round   10/30  coverage=0.2630  prec@K=0.0181  accepted=122  loss=0.6074  (1.2s)
Round   11/30  coverage=0.2640  prec@K=0.0157  accepted=104  loss=0.6041  (1.5s)
Round   12/30  coverage=0.2650  prec@K=0.0155  accepted=104  loss=0.6037  (1.5s)
Round   13/30  coverage=0.2660  prec@K=0.0156  accepted=104  loss=0.6026  (1.5s)
Round   14/30  coverage=0.2669  prec@K=0.0139  accepted=92  loss=0.6007  (1.6s)
Round   15/30  coverage=0.2677  prec@K=0.0127  accepted=85  loss=0.5995  (1.8s)
Round   16/30  coverage=0.2683  prec@K=0.0093  accepted=62  loss=0.5967  (2.1s)
Round   17/30  coverage=0.2689  prec@K=0.0085  accepted=57  loss=0.5955  (2.2s)
Round   18/30  coverage=0.2696  prec@K=0.0112  accepted=75  loss=0.5965  (2.2s)
Round   19/30  coverage=0.2704  prec@K=0.0133  accepted=90  loss=0.5971  (2.4s)
Round   20/30  coverage=0.2711  prec@K=0.0107  accepted=71  loss=0.5941  (2.5s)
Round   21/30  coverage=0.2719  prec@K=0.0120  accepted=80  loss=0.5943  (3.2s)
Round   22/30  coverage=0.2726  prec@K=0.0110  accepted=74  loss=0.5927  (2.6s)
Round   23/30  coverage=0.2734  prec@K=0.0120  accepted=81  loss=0.5929  (2.9s)
Round   24/30  coverage=0.2740  prec@K=0.0099  accepted=67  loss=0.5901  (3.3s)
Round   25/30  coverage=0.2747  prec@K=0.0098  accepted=65  loss=0.5886  (3.3s)
Round   26/30  coverage=0.2754  prec@K=0.0116  accepted=79  loss=0.5897  (3.6s)
Round   27/30  coverage=0.2760  prec@K=0.0090  accepted=60  loss=0.5874  (3.7s)
Round   28/30  coverage=0.2765  prec@K=0.0082  accepted=55  loss=0.5865  (4.1s)
Round   29/30  coverage=0.2772  prec@K=0.0100  accepted=67  loss=0.5862  (4.1s)
Round   30/30  coverage=0.2778  prec@K=0.0094  accepted=63  loss=0.5850  (4.7s)

结果已写入 results\online\algo_sweep_wiki_vote_v2_s3\wiki_vote_mlp/rounds.csv
