C:\conda\envs\gnn\lib\site-packages\requests\__init__.py:86: RequestsDependencyWarning: Unable to find acceptable character detection dependency (chardet or charset_normalizer).
  warnings.warn(
C:\conda\envs\gnn\lib\site-packages\outdated\__init__.py:36: UserWarning: pkg_resources is deprecated as an API. See https://setuptools.pypa.io/en/latest/pkg_resources.html. The pkg_resources package is slated for removal as early as 2025-11-30. Refrain from using this package or pin to Setuptools<81.
  from pkg_resources import parse_version
Round    1/30  coverage=0.4014  prec@K=0.0154  accepted=28  loss=0.6657  (2.6s)
Round    2/30  coverage=0.4024  prec@K=0.0121  accepted=22  loss=0.6649  (2.8s)
Round    3/30  coverage=0.4034  prec@K=0.0105  accepted=19  loss=0.6644  (2.8s)
Round    4/30  coverage=0.4040  prec@K=0.0072  accepted=13  loss=0.6636  (2.7s)
Round    5/30  coverage=0.4050  prec@K=0.0103  accepted=19  loss=0.6639  (3.0s)
Round    6/30  coverage=0.4058  prec@K=0.0097  accepted=18  loss=0.6634  (1.9s)
Round    7/30  coverage=0.4064  prec@K=0.0065  accepted=12  loss=0.6628  (2.4s)
Round    8/30  coverage=0.4071  prec@K=0.0071  accepted=13  loss=0.6625  (2.0s)
Round    9/30  coverage=0.4080  prec@K=0.0108  accepted=19  loss=0.6625  (3.4s)
Round   10/30  coverage=0.4086  prec@K=0.0060  accepted=11  loss=0.6618  (3.4s)
Round   11/30  coverage=0.4097  prec@K=0.0127  accepted=23  loss=0.6621  (3.5s)
Round   12/30  coverage=0.4106  prec@K=0.0101  accepted=18  loss=0.6615  (5.5s)
Round   13/30  coverage=0.4111  prec@K=0.0062  accepted=11  loss=0.6608  (4.3s)
Round   14/30  coverage=0.4117  prec@K=0.0061  accepted=11  loss=0.6603  (3.6s)
Round   15/30  coverage=0.4124  prec@K=0.0083  accepted=15  loss=0.6604  (3.5s)
Round   16/30  coverage=0.4129  prec@K=0.0061  accepted=11  loss=0.6599  (3.4s)
Round   17/30  coverage=0.4135  prec@K=0.0062  accepted=11  loss=0.6595  (3.0s)
Round   18/30  coverage=0.4143  prec@K=0.0092  accepted=17  loss=0.6598  (3.3s)
Round   19/30  coverage=0.4149  prec@K=0.0067  accepted=12  loss=0.6590  (1.9s)
Round   20/30  coverage=0.4155  prec@K=0.0061  accepted=11  loss=0.6587  (2.0s)
Round   21/30  coverage=0.4158  prec@K=0.0044  accepted=8  loss=0.6579  (2.1s)
Round   22/30  coverage=0.4164  prec@K=0.0060  accepted=11  loss=0.6579  (2.4s)
Round   23/30  coverage=0.4171  prec@K=0.0078  accepted=14  loss=0.6579  (3.4s)
Round   24/30  coverage=0.4178  prec@K=0.0078  accepted=14  loss=0.6575  (7.5s)
Round   25/30  coverage=0.4182  prec@K=0.0045  accepted=8  loss=0.6566  (3.9s)
Round   26/30  coverage=0.4186  prec@K=0.0043  accepted=8  loss=0.6564  (9.4s)
Round   27/30  coverage=0.4190  prec@K=0.0055  accepted=10  loss=0.6561  (16.3s)
Round   28/30  coverage=0.4193  prec@K=0.0033  accepted=6  loss=0.6554  (13.6s)
Round   29/30  coverage=0.4199  prec@K=0.0061  accepted=11  loss=0.6557  (13.9s)
Round   30/30  coverage=0.4202  prec@K=0.0033  accepted=6  loss=0.6549  (11.8s)

结果已写入 results\online\new_model_sweep_ir40_s42\college_msg_gat_emb/rounds.csv
