C:\conda\envs\gnn\lib\site-packages\requests\__init__.py:86: RequestsDependencyWarning: Unable to find acceptable character detection dependency (chardet or charset_normalizer).
  warnings.warn(
C:\conda\envs\gnn\lib\site-packages\outdated\__init__.py:36: UserWarning: pkg_resources is deprecated as an API. See https://setuptools.pypa.io/en/latest/pkg_resources.html. The pkg_resources package is slated for removal as early as 2025-11-30. Refrain from using this package or pin to Setuptools<81.
  from pkg_resources import parse_version
Round    1/30  coverage=0.4038  prec@K=0.0423  accepted=77  loss=0.6550  (486.0s)
Round    2/30  coverage=0.4068  prec@K=0.0342  accepted=62  loss=0.6523  (599.6s)
Round    3/30  coverage=0.4101  prec@K=0.0365  accepted=66  loss=0.6528  (469.0s)
Round    4/30  coverage=0.4129  prec@K=0.0320  accepted=58  loss=0.6509  (732.1s)
Round    5/30  coverage=0.4157  prec@K=0.0310  accepted=57  loss=0.6503  (631.8s)
Round    6/30  coverage=0.4185  prec@K=0.0303  accepted=56  loss=0.6497  (703.5s)
Round    7/30  coverage=0.4208  prec@K=0.0250  accepted=46  loss=0.6482  (584.2s)
Round    8/30  coverage=0.4233  prec@K=0.0282  accepted=52  loss=0.6481  (322.9s)
Round    9/30  coverage=0.4257  prec@K=0.0277  accepted=49  loss=0.6454  (226.3s)
Round   10/30  coverage=0.4280  prec@K=0.0251  accepted=46  loss=0.6459  (257.3s)
Round   11/30  coverage=0.4308  prec@K=0.0314  accepted=57  loss=0.6451  (458.4s)
Round   12/30  coverage=0.4330  prec@K=0.0252  accepted=45  loss=0.6426  (211.9s)
Round   13/30  coverage=0.4348  prec@K=0.0197  accepted=35  loss=0.6411  (191.5s)
Round   14/30  coverage=0.4366  prec@K=0.0204  accepted=37  loss=0.6402  (451.4s)
Round   15/30  coverage=0.4385  prec@K=0.0211  accepted=38  loss=0.6402  (261.7s)
Round   16/30  coverage=0.4399  prec@K=0.0166  accepted=30  loss=0.6383  (276.0s)
Round   17/30  coverage=0.4412  prec@K=0.0140  accepted=25  loss=0.6361  (235.0s)
Round   18/30  coverage=0.4423  prec@K=0.0119  accepted=22  loss=0.6347  (237.3s)
Round   19/30  coverage=0.4433  prec@K=0.0117  accepted=21  loss=0.6337  (117.1s)
Round   20/30  coverage=0.4447  prec@K=0.0155  accepted=28  loss=0.6332  (109.8s)
Round   21/30  coverage=0.4456  prec@K=0.0099  accepted=18  loss=0.6314  (110.8s)
Round   22/30  coverage=0.4465  prec@K=0.0109  accepted=20  loss=0.6299  (98.2s)
Round   23/30  coverage=0.4474  prec@K=0.0095  accepted=17  loss=0.6289  (101.5s)
Round   24/30  coverage=0.4482  prec@K=0.0094  accepted=17  loss=0.6278  (98.3s)
Round   25/30  coverage=0.4491  prec@K=0.0097  accepted=17  loss=0.6257  (90.9s)
Round   26/30  coverage=0.4495  prec@K=0.0048  accepted=9  loss=0.6250  (86.4s)
Round   27/30  coverage=0.4502  prec@K=0.0077  accepted=14  loss=0.6248  (84.8s)
Round   28/30  coverage=0.4508  prec@K=0.0066  accepted=12  loss=0.6240  (83.7s)
Round   29/30  coverage=0.4513  prec@K=0.0056  accepted=10  loss=0.6213  (87.7s)
Round   30/30  coverage=0.4517  prec@K=0.0050  accepted=9  loss=0.6222  (84.0s)

结果已写入 results\online\new_model_sweep_ir40_s42\college_msg_seal/rounds.csv
