C:\conda\envs\gnn\lib\site-packages\requests\__init__.py:86: RequestsDependencyWarning: Unable to find acceptable character detection dependency (chardet or charset_normalizer).
  warnings.warn(
C:\conda\envs\gnn\lib\site-packages\outdated\__init__.py:36: UserWarning: pkg_resources is deprecated as an API. See https://setuptools.pypa.io/en/latest/pkg_resources.html. The pkg_resources package is slated for removal as early as 2025-11-30. Refrain from using this package or pin to Setuptools<81.
  from pkg_resources import parse_version
Round    1/30  coverage=0.4006  prec@K=0.0072  accepted=13  loss=0.7291  (1.3s)
Round    2/30  coverage=0.4019  prec@K=0.0134  accepted=25  loss=0.7168  (1.1s)
Round    3/30  coverage=0.4032  prec@K=0.0156  accepted=28  loss=0.6914  (1.1s)
Round    4/30  coverage=0.4047  prec@K=0.0166  accepted=30  loss=0.6598  (1.1s)
Round    5/30  coverage=0.4069  prec@K=0.0243  accepted=44  loss=0.6300  (1.0s)
Round    6/30  coverage=0.4087  prec@K=0.0199  accepted=36  loss=0.5928  (4.6s)
Round    7/30  coverage=0.4097  prec@K=0.0119  accepted=22  loss=0.5537  (3.1s)
Round    8/30  coverage=0.4111  prec@K=0.0149  accepted=27  loss=0.5131  (5.8s)
Round    9/30  coverage=0.4122  prec@K=0.0126  accepted=23  loss=0.4691  (12.2s)
Round   10/30  coverage=0.4132  prec@K=0.0115  accepted=21  loss=0.4341  (11.6s)
Round   11/30  coverage=0.4145  prec@K=0.0136  accepted=25  loss=0.3949  (11.4s)
Round   12/30  coverage=0.4157  prec@K=0.0139  accepted=25  loss=0.3620  (1.3s)
Round   13/30  coverage=0.4165  prec@K=0.0095  accepted=17  loss=0.3144  (1.6s)
Round   14/30  coverage=0.4173  prec@K=0.0081  accepted=15  loss=0.2844  (5.9s)
Round   15/30  coverage=0.4182  prec@K=0.0099  accepted=18  loss=0.2560  (1.4s)
Round   16/30  coverage=0.4188  prec@K=0.0072  accepted=13  loss=0.2276  (1.3s)
Round   17/30  coverage=0.4196  prec@K=0.0090  accepted=16  loss=0.2113  (1.3s)
Round   18/30  coverage=0.4197  prec@K=0.0017  accepted=3  loss=0.1687  (1.4s)
Round   19/30  coverage=0.4205  prec@K=0.0084  accepted=15  loss=0.1739  (1.4s)
Round   20/30  coverage=0.4209  prec@K=0.0049  accepted=9  loss=0.1504  (1.4s)
Round   21/30  coverage=0.4213  prec@K=0.0045  accepted=8  loss=0.1374  (1.5s)
Round   22/30  coverage=0.4218  prec@K=0.0049  accepted=9  loss=0.1274  (4.2s)
Round   23/30  coverage=0.4222  prec@K=0.0044  accepted=8  loss=0.1231  (3.4s)
Round   24/30  coverage=0.4228  prec@K=0.0071  accepted=13  loss=0.1275  (5.5s)
Round   25/30  coverage=0.4235  prec@K=0.0076  accepted=14  loss=0.1304  (1.7s)
Round   26/30  coverage=0.4237  prec@K=0.0028  accepted=5  loss=0.1034  (1.6s)
Round   27/30  coverage=0.4241  prec@K=0.0045  accepted=8  loss=0.1097  (1.7s)
Round   28/30  coverage=0.4247  prec@K=0.0061  accepted=11  loss=0.1168  (1.5s)
Round   29/30  coverage=0.4249  prec@K=0.0028  accepted=5  loss=0.0996  (4.9s)
Round   30/30  coverage=0.4253  prec@K=0.0043  accepted=8  loss=0.1074  (12.5s)

结果已写入 results\online\algo_sweep_college_msg_v2_ir40_s1\college_msg_gnn_concat/rounds.csv
