C:\conda\envs\gnn\lib\site-packages\requests\__init__.py:86: RequestsDependencyWarning: Unable to find acceptable character detection dependency (chardet or charset_normalizer).
  warnings.warn(
C:\conda\envs\gnn\lib\site-packages\outdated\__init__.py:36: UserWarning: pkg_resources is deprecated as an API. See https://setuptools.pypa.io/en/latest/pkg_resources.html. The pkg_resources package is slated for removal as early as 2025-11-30. Refrain from using this package or pin to Setuptools<81.
  from pkg_resources import parse_version
Round    1/30  coverage=0.4017  prec@K=0.0193  accepted=35  loss=0.7049  (0.8s)
Round    2/30  coverage=0.4044  prec@K=0.0296  accepted=55  loss=0.6929  (0.5s)
Round    3/30  coverage=0.4060  prec@K=0.0183  accepted=33  loss=0.6700  (0.5s)
Round    4/30  coverage=0.4073  prec@K=0.0144  accepted=26  loss=0.6358  (0.5s)
Round    5/30  coverage=0.4092  prec@K=0.0215  accepted=39  loss=0.5999  (0.5s)
Round    6/30  coverage=0.4106  prec@K=0.0149  accepted=27  loss=0.5530  (0.5s)
Round    7/30  coverage=0.4120  prec@K=0.0152  accepted=28  loss=0.5137  (0.6s)
Round    8/30  coverage=0.4130  prec@K=0.0122  accepted=22  loss=0.4667  (0.5s)
Round    9/30  coverage=0.4140  prec@K=0.0110  accepted=20  loss=0.4225  (0.5s)
Round   10/30  coverage=0.4151  prec@K=0.0115  accepted=21  loss=0.3884  (0.5s)
Round   11/30  coverage=0.4161  prec@K=0.0115  accepted=21  loss=0.3479  (0.6s)
Round   12/30  coverage=0.4168  prec@K=0.0078  accepted=14  loss=0.3078  (0.5s)
Round   13/30  coverage=0.4175  prec@K=0.0083  accepted=15  loss=0.2694  (0.7s)
Round   14/30  coverage=0.4182  prec@K=0.0071  accepted=13  loss=0.2414  (0.6s)
Round   15/30  coverage=0.4191  prec@K=0.0109  accepted=20  loss=0.2220  (0.5s)
Round   16/30  coverage=0.4195  prec@K=0.0044  accepted=8  loss=0.1851  (0.5s)
Round   17/30  coverage=0.4202  prec@K=0.0074  accepted=13  loss=0.1742  (0.5s)
Round   18/30  coverage=0.4207  prec@K=0.0055  accepted=10  loss=0.1523  (0.6s)
Round   19/30  coverage=0.4214  prec@K=0.0084  accepted=15  loss=0.1480  (0.5s)
Round   20/30  coverage=0.4218  prec@K=0.0043  accepted=8  loss=0.1209  (0.6s)
Round   21/30  coverage=0.4225  prec@K=0.0078  accepted=14  loss=0.1291  (0.7s)
Round   22/30  coverage=0.4231  prec@K=0.0066  accepted=12  loss=0.1130  (0.6s)
Round   23/30  coverage=0.4233  prec@K=0.0027  accepted=5  loss=0.0942  (0.8s)
Round   24/30  coverage=0.4240  prec@K=0.0071  accepted=13  loss=0.1093  (1.1s)
Round   25/30  coverage=0.4249  prec@K=0.0103  accepted=19  loss=0.1267  (1.3s)
Round   26/30  coverage=0.4255  prec@K=0.0066  accepted=12  loss=0.1025  (1.1s)
Round   27/30  coverage=0.4260  prec@K=0.0056  accepted=10  loss=0.0960  (1.3s)
Round   28/30  coverage=0.4265  prec@K=0.0055  accepted=10  loss=0.0962  (3.3s)
Round   29/30  coverage=0.4269  prec@K=0.0050  accepted=9  loss=0.0911  (1.3s)
Round   30/30  coverage=0.4275  prec@K=0.0059  accepted=11  loss=0.0968  (0.5s)

结果已写入 results\online\algo_sweep_college_msg_v2_ir40_s1\college_msg_gnn_sum/rounds.csv
