C:\conda\envs\gnn\lib\site-packages\requests\__init__.py:86: RequestsDependencyWarning: Unable to find acceptable character detection dependency (chardet or charset_normalizer).
  warnings.warn(
C:\conda\envs\gnn\lib\site-packages\outdated\__init__.py:36: UserWarning: pkg_resources is deprecated as an API. See https://setuptools.pypa.io/en/latest/pkg_resources.html. The pkg_resources package is slated for removal as early as 2025-11-30. Refrain from using this package or pin to Setuptools<81.
  from pkg_resources import parse_version
Round    1/30  coverage=0.4019  prec@K=0.0215  accepted=39  loss=0.7934  (0.6s)
Round    2/30  coverage=0.4048  prec@K=0.0318  accepted=59  loss=0.7872  (0.7s)
Round    3/30  coverage=0.4066  prec@K=0.0200  accepted=36  loss=0.7887  (0.6s)
Round    4/30  coverage=0.4079  prec@K=0.0150  accepted=27  loss=0.7867  (1.8s)
Round    5/30  coverage=0.4103  prec@K=0.0265  accepted=48  loss=0.7777  (0.3s)
Round    6/30  coverage=0.4122  prec@K=0.0221  accepted=40  loss=0.7725  (0.4s)
Round    7/30  coverage=0.4136  prec@K=0.0151  accepted=28  loss=0.7692  (0.6s)
Round    8/30  coverage=0.4155  prec@K=0.0204  accepted=37  loss=0.7618  (0.4s)
Round    9/30  coverage=0.4167  prec@K=0.0143  accepted=26  loss=0.7574  (0.4s)
Round   10/30  coverage=0.4176  prec@K=0.0099  accepted=18  loss=0.7552  (0.4s)
Round   11/30  coverage=0.4186  prec@K=0.0110  accepted=20  loss=0.7490  (0.5s)
Round   12/30  coverage=0.4200  prec@K=0.0156  accepted=28  loss=0.7446  (0.3s)
Round   13/30  coverage=0.4211  prec@K=0.0123  accepted=22  loss=0.7403  (0.3s)
Round   14/30  coverage=0.4216  prec@K=0.0054  accepted=10  loss=0.7372  (0.4s)
Round   15/30  coverage=0.4219  prec@K=0.0038  accepted=7  loss=0.7342  (0.3s)
Round   16/30  coverage=0.4223  prec@K=0.0044  accepted=8  loss=0.7308  (0.4s)
Round   17/30  coverage=0.4231  prec@K=0.0090  accepted=16  loss=0.7266  (0.3s)
Round   18/30  coverage=0.4235  prec@K=0.0044  accepted=8  loss=0.7234  (0.4s)
Round   19/30  coverage=0.4241  prec@K=0.0067  accepted=12  loss=0.7209  (0.4s)
Round   20/30  coverage=0.4246  prec@K=0.0054  accepted=10  loss=0.7179  (0.4s)
Round   21/30  coverage=0.4252  prec@K=0.0067  accepted=12  loss=0.7149  (0.5s)
Round   22/30  coverage=0.4258  prec@K=0.0076  accepted=14  loss=0.7120  (0.4s)
Round   23/30  coverage=0.4262  prec@K=0.0038  accepted=7  loss=0.7133  (0.4s)
Round   24/30  coverage=0.4268  prec@K=0.0065  accepted=12  loss=0.7122  (0.4s)
Round   25/30  coverage=0.4273  prec@K=0.0054  accepted=10  loss=0.7102  (0.4s)
Round   26/30  coverage=0.4277  prec@K=0.0050  accepted=9  loss=0.7089  (0.5s)
Round   27/30  coverage=0.4280  prec@K=0.0028  accepted=5  loss=0.7087  (0.4s)
Round   28/30  coverage=0.4282  prec@K=0.0022  accepted=4  loss=0.7095  (2.6s)
Round   29/30  coverage=0.4283  prec@K=0.0017  accepted=3  loss=0.7086  (0.5s)
Round   30/30  coverage=0.4287  prec@K=0.0043  accepted=8  loss=0.7078  (4.4s)

结果已写入 results\online\algo_sweep_college_msg_v2_ir40_s1\college_msg_gnn_sum_h8/rounds.csv
