C:\conda\envs\gnn\lib\site-packages\requests\__init__.py:86: RequestsDependencyWarning: Unable to find acceptable character detection dependency (chardet or charset_normalizer).
  warnings.warn(
C:\conda\envs\gnn\lib\site-packages\outdated\__init__.py:36: UserWarning: pkg_resources is deprecated as an API. See https://setuptools.pypa.io/en/latest/pkg_resources.html. The pkg_resources package is slated for removal as early as 2025-11-30. Refrain from using this package or pin to Setuptools<81.
  from pkg_resources import parse_version
Round    1/30  coverage=0.2544  prec@K=0.0312  accepted=106  loss=0.6862  (6.3s)
Round    2/30  coverage=0.2588  prec@K=0.0303  accepted=107  loss=0.6831  (2.4s)
Round    3/30  coverage=0.2621  prec@K=0.0228  accepted=79  loss=0.6761  (2.8s)
Round    4/30  coverage=0.2647  prec@K=0.0185  accepted=65  loss=0.6659  (4.2s)
Round    5/30  coverage=0.2661  prec@K=0.0093  accepted=33  loss=0.6515  (4.4s)
Round    6/30  coverage=0.2667  prec@K=0.0043  accepted=15  loss=0.6337  (1.9s)
Round    7/30  coverage=0.2678  prec@K=0.0073  accepted=26  loss=0.6186  (1.6s)
Round    8/30  coverage=0.2687  prec@K=0.0063  accepted=22  loss=0.6008  (1.8s)
Round    9/30  coverage=0.2693  prec@K=0.0043  accepted=15  loss=0.5839  (1.9s)
Round   10/30  coverage=0.2697  prec@K=0.0023  accepted=8  loss=0.5677  (1.8s)
Round   11/30  coverage=0.2705  prec@K=0.0057  accepted=20  loss=0.5537  (11.1s)
Round   12/30  coverage=0.2712  prec@K=0.0052  accepted=18  loss=0.5401  (0.9s)
Round   13/30  coverage=0.2716  prec@K=0.0026  accepted=9  loss=0.5267  (0.9s)
Round   14/30  coverage=0.2721  prec@K=0.0034  accepted=12  loss=0.5121  (1.0s)
Round   15/30  coverage=0.2727  prec@K=0.0043  accepted=15  loss=0.5015  (1.0s)
Round   16/30  coverage=0.2731  prec@K=0.0029  accepted=10  loss=0.4814  (1.0s)
Round   17/30  coverage=0.2736  prec@K=0.0032  accepted=11  loss=0.4715  (1.1s)
Round   18/30  coverage=0.2741  prec@K=0.0037  accepted=13  loss=0.4603  (1.6s)
Round   19/30  coverage=0.2745  prec@K=0.0026  accepted=9  loss=0.4516  (1.4s)
Round   20/30  coverage=0.2751  prec@K=0.0041  accepted=14  loss=0.4435  (1.0s)
Round   21/30  coverage=0.2758  prec@K=0.0048  accepted=17  loss=0.4350  (2.1s)
Round   22/30  coverage=0.2766  prec@K=0.0057  accepted=20  loss=0.4310  (1.3s)
Round   23/30  coverage=0.2770  prec@K=0.0028  accepted=10  loss=0.4209  (1.6s)
Round   24/30  coverage=0.2781  prec@K=0.0073  accepted=25  loss=0.4225  (2.0s)
Round   25/30  coverage=0.2786  prec@K=0.0039  accepted=14  loss=0.4134  (2.1s)
Round   26/30  coverage=0.2792  prec@K=0.0039  accepted=14  loss=0.4107  (1.6s)
Round   27/30  coverage=0.2797  prec@K=0.0037  accepted=13  loss=0.4102  (1.4s)
Round   28/30  coverage=0.2802  prec@K=0.0032  accepted=11  loss=0.4068  (1.3s)
Round   29/30  coverage=0.2807  prec@K=0.0037  accepted=13  loss=0.4071  (1.3s)
Round   30/30  coverage=0.2815  prec@K=0.0052  accepted=18  loss=0.4080  (1.4s)

结果已写入 results\online\algo_sweep_bitcoin_alpha_v2_s1\bitcoin_alpha_gnn_h32/rounds.csv
