C:\conda\envs\gnn\lib\site-packages\requests\__init__.py:86: RequestsDependencyWarning: Unable to find acceptable character detection dependency (chardet or charset_normalizer).
  warnings.warn(
C:\conda\envs\gnn\lib\site-packages\outdated\__init__.py:36: UserWarning: pkg_resources is deprecated as an API. See https://setuptools.pypa.io/en/latest/pkg_resources.html. The pkg_resources package is slated for removal as early as 2025-11-30. Refrain from using this package or pin to Setuptools<81.
  from pkg_resources import parse_version
Round    1/30  coverage=0.4009  prec@K=0.0099  accepted=18  loss=0.6690  (0.9s)
Round    2/30  coverage=0.4017  prec@K=0.0094  accepted=17  loss=0.6606  (0.6s)
Round    3/30  coverage=0.4033  prec@K=0.0182  accepted=33  loss=0.6426  (0.9s)
Round    4/30  coverage=0.4053  prec@K=0.0221  accepted=40  loss=0.6173  (0.9s)
Round    5/30  coverage=0.4079  prec@K=0.0283  accepted=52  loss=0.5853  (0.8s)
Round    6/30  coverage=0.4103  prec@K=0.0265  accepted=49  loss=0.5441  (0.9s)
Round    7/30  coverage=0.4126  prec@K=0.0261  accepted=48  loss=0.5053  (0.9s)
Round    8/30  coverage=0.4148  prec@K=0.0233  accepted=43  loss=0.4664  (0.8s)
Round    9/30  coverage=0.4169  prec@K=0.0243  accepted=43  loss=0.4268  (0.8s)
Round   10/30  coverage=0.4182  prec@K=0.0147  accepted=27  loss=0.3768  (0.8s)
Round   11/30  coverage=0.4202  prec@K=0.0220  accepted=40  loss=0.3510  (0.9s)
Round   12/30  coverage=0.4221  prec@K=0.0213  accepted=38  loss=0.3182  (0.8s)
Round   13/30  coverage=0.4235  prec@K=0.0168  accepted=30  loss=0.2878  (0.8s)
Round   14/30  coverage=0.4245  prec@K=0.0110  accepted=20  loss=0.2419  (0.8s)
Round   15/30  coverage=0.4258  prec@K=0.0150  accepted=27  loss=0.2299  (0.9s)
Round   16/30  coverage=0.4274  prec@K=0.0172  accepted=31  loss=0.2121  (1.1s)
Round   17/30  coverage=0.4284  prec@K=0.0112  accepted=20  loss=0.1809  (0.9s)
Round   18/30  coverage=0.4293  prec@K=0.0108  accepted=20  loss=0.1714  (1.0s)
Round   19/30  coverage=0.4304  prec@K=0.0123  accepted=22  loss=0.1591  (1.1s)
Round   20/30  coverage=0.4315  prec@K=0.0117  accepted=21  loss=0.1516  (0.9s)
Round   21/30  coverage=0.4324  prec@K=0.0110  accepted=20  loss=0.1379  (0.9s)
Round   22/30  coverage=0.4339  prec@K=0.0157  accepted=29  loss=0.1540  (0.9s)
Round   23/30  coverage=0.4349  prec@K=0.0112  accepted=20  loss=0.1320  (0.9s)
Round   24/30  coverage=0.4355  prec@K=0.0066  accepted=12  loss=0.1117  (0.9s)
Round   25/30  coverage=0.4361  prec@K=0.0079  accepted=14  loss=0.1118  (0.9s)
Round   26/30  coverage=0.4371  prec@K=0.0102  accepted=19  loss=0.1192  (1.0s)
Round   27/30  coverage=0.4379  prec@K=0.0088  accepted=16  loss=0.1126  (0.9s)
Round   28/30  coverage=0.4386  prec@K=0.0082  accepted=15  loss=0.1126  (0.9s)
Round   29/30  coverage=0.4392  prec@K=0.0072  accepted=13  loss=0.1057  (1.0s)
Round   30/30  coverage=0.4397  prec@K=0.0055  accepted=10  loss=0.0959  (0.9s)

结果已写入 results\online\algo_sweep_college_msg_v2_ir40_s42\college_msg_gnn_concat/rounds.csv
