C:\conda\envs\gnn\lib\site-packages\requests\__init__.py:86: RequestsDependencyWarning: Unable to find acceptable character detection dependency (chardet or charset_normalizer).
  warnings.warn(
C:\conda\envs\gnn\lib\site-packages\outdated\__init__.py:36: UserWarning: pkg_resources is deprecated as an API. See https://setuptools.pypa.io/en/latest/pkg_resources.html. The pkg_resources package is slated for removal as early as 2025-11-30. Refrain from using this package or pin to Setuptools<81.
  from pkg_resources import parse_version
Round    1/30  coverage=0.4023  prec@K=0.0258  accepted=47  loss=nan  (0.2s)
Round    2/30  coverage=0.4042  prec@K=0.0215  accepted=39  loss=nan  (0.0s)
Round    3/30  coverage=0.4064  prec@K=0.0243  accepted=44  loss=nan  (0.0s)
Round    4/30  coverage=0.4080  prec@K=0.0182  accepted=33  loss=nan  (0.0s)
Round    5/30  coverage=0.4101  prec@K=0.0229  accepted=42  loss=nan  (0.0s)
Round    6/30  coverage=0.4118  prec@K=0.0184  accepted=34  loss=nan  (0.1s)
Round    7/30  coverage=0.4130  prec@K=0.0141  accepted=26  loss=nan  (0.1s)
Round    8/30  coverage=0.4145  prec@K=0.0157  accepted=29  loss=nan  (0.1s)
Round    9/30  coverage=0.4158  prec@K=0.0153  accepted=27  loss=nan  (0.1s)
Round   10/30  coverage=0.4173  prec@K=0.0163  accepted=30  loss=nan  (0.1s)
Round   11/30  coverage=0.4186  prec@K=0.0149  accepted=27  loss=nan  (0.1s)
Round   12/30  coverage=0.4203  prec@K=0.0196  accepted=35  loss=nan  (0.1s)
Round   13/30  coverage=0.4218  prec@K=0.0163  accepted=29  loss=nan  (0.1s)
Round   14/30  coverage=0.4229  prec@K=0.0127  accepted=23  loss=nan  (0.1s)
Round   15/30  coverage=0.4237  prec@K=0.0094  accepted=17  loss=nan  (0.1s)
Round   16/30  coverage=0.4250  prec@K=0.0144  accepted=26  loss=nan  (0.1s)
Round   17/30  coverage=0.4260  prec@K=0.0112  accepted=20  loss=nan  (0.1s)
Round   18/30  coverage=0.4267  prec@K=0.0081  accepted=15  loss=nan  (0.1s)
Round   19/30  coverage=0.4278  prec@K=0.0117  accepted=21  loss=nan  (0.1s)
Round   20/30  coverage=0.4289  prec@K=0.0121  accepted=22  loss=nan  (0.1s)
Round   21/30  coverage=0.4294  prec@K=0.0060  accepted=11  loss=nan  (0.2s)
Round   22/30  coverage=0.4300  prec@K=0.0071  accepted=13  loss=nan  (0.1s)
Round   23/30  coverage=0.4308  prec@K=0.0088  accepted=16  loss=nan  (0.1s)
Round   24/30  coverage=0.4317  prec@K=0.0094  accepted=17  loss=nan  (0.1s)
Round   25/30  coverage=0.4326  prec@K=0.0113  accepted=20  loss=nan  (0.1s)
Round   26/30  coverage=0.4332  prec@K=0.0059  accepted=11  loss=nan  (0.1s)
Round   27/30  coverage=0.4338  prec@K=0.0066  accepted=12  loss=nan  (0.1s)
Round   28/30  coverage=0.4346  prec@K=0.0087  accepted=16  loss=nan  (0.1s)
Round   29/30  coverage=0.4351  prec@K=0.0055  accepted=10  loss=nan  (0.1s)
Round   30/30  coverage=0.4357  prec@K=0.0071  accepted=13  loss=nan  (0.1s)

结果已写入 results\online\algo_sweep_college_msg_v2_ir40_s42\college_msg_pa/rounds.csv
