C:\conda\envs\gnn\lib\site-packages\requests\__init__.py:86: RequestsDependencyWarning: Unable to find acceptable character detection dependency (chardet or charset_normalizer).
  warnings.warn(
C:\conda\envs\gnn\lib\site-packages\outdated\__init__.py:36: UserWarning: pkg_resources is deprecated as an API. See https://setuptools.pypa.io/en/latest/pkg_resources.html. The pkg_resources package is slated for removal as early as 2025-11-30. Refrain from using this package or pin to Setuptools<81.
  from pkg_resources import parse_version
Round    1/30  coverage=0.4002  prec@K=0.0027  accepted=5  loss=0.6547  (0.2s)
Round    2/30  coverage=0.4006  prec@K=0.0039  accepted=7  loss=0.6533  (0.0s)
Round    3/30  coverage=0.4012  prec@K=0.0066  accepted=12  loss=0.6528  (0.0s)
Round    4/30  coverage=0.4013  prec@K=0.0011  accepted=2  loss=0.6512  (0.1s)
Round    5/30  coverage=0.4016  prec@K=0.0038  accepted=7  loss=0.6514  (0.1s)
Round    6/30  coverage=0.4018  prec@K=0.0022  accepted=4  loss=0.6500  (0.1s)
Round    7/30  coverage=0.4020  prec@K=0.0027  accepted=5  loss=0.6496  (0.1s)
Round    8/30  coverage=0.4021  prec@K=0.0005  accepted=1  loss=0.6483  (0.1s)
Round    9/30  coverage=0.4022  prec@K=0.0017  accepted=3  loss=0.6470  (0.1s)
Round   10/30  coverage=0.4024  prec@K=0.0022  accepted=4  loss=0.6472  (0.1s)
Round   11/30  coverage=0.4025  prec@K=0.0006  accepted=1  loss=0.6464  (0.2s)
Round   12/30  coverage=0.4027  prec@K=0.0022  accepted=4  loss=0.6449  (0.1s)
Round   13/30  coverage=0.4028  prec@K=0.0011  accepted=2  loss=0.6432  (0.1s)
Round   14/30  coverage=0.4029  prec@K=0.0011  accepted=2  loss=0.6426  (0.1s)
Round   15/30  coverage=0.4031  prec@K=0.0028  accepted=5  loss=0.6423  (0.1s)
Round   16/30  coverage=0.4032  prec@K=0.0006  accepted=1  loss=0.6421  (0.1s)
Round   17/30  coverage=0.4034  prec@K=0.0022  accepted=4  loss=0.6410  (0.1s)
Round   18/30  coverage=0.4035  prec@K=0.0016  accepted=3  loss=0.6407  (0.1s)
Round   19/30  coverage=0.4037  prec@K=0.0022  accepted=4  loss=0.6398  (0.1s)
Round   20/30  coverage=0.4038  prec@K=0.0011  accepted=2  loss=0.6386  (0.1s)
Round   21/30  coverage=0.4039  prec@K=0.0005  accepted=1  loss=0.6366  (0.2s)
Round   22/30  coverage=0.4041  prec@K=0.0022  accepted=4  loss=0.6371  (0.1s)
Round   23/30  coverage=0.4041  prec@K=0.0000  accepted=0  loss=nan  (0.1s)
Round   24/30  coverage=0.4044  prec@K=0.0033  accepted=6  loss=0.6354  (0.1s)
Round   25/30  coverage=0.4045  prec@K=0.0011  accepted=2  loss=0.6350  (0.1s)
Round   26/30  coverage=0.4045  prec@K=0.0000  accepted=0  loss=nan  (0.1s)
Round   27/30  coverage=0.4046  prec@K=0.0011  accepted=2  loss=0.6339  (0.1s)
Round   28/30  coverage=0.4046  prec@K=0.0005  accepted=1  loss=0.6332  (0.1s)
Round   29/30  coverage=0.4048  prec@K=0.0017  accepted=3  loss=0.6326  (0.1s)
Round   30/30  coverage=0.4048  prec@K=0.0000  accepted=0  loss=nan  (0.1s)

结果已写入 results\online\algo_sweep_college_msg_v2_ir40_s42\college_msg_mlp/rounds.csv
