C:\conda\envs\gnn\lib\site-packages\requests\__init__.py:86: RequestsDependencyWarning: Unable to find acceptable character detection dependency (chardet or charset_normalizer).
  warnings.warn(
C:\conda\envs\gnn\lib\site-packages\outdated\__init__.py:36: UserWarning: pkg_resources is deprecated as an API. See https://setuptools.pypa.io/en/latest/pkg_resources.html. The pkg_resources package is slated for removal as early as 2025-11-30. Refrain from using this package or pin to Setuptools<81.
  from pkg_resources import parse_version
Round    1/30  coverage=0.4070  prec@K=0.0781  accepted=142  loss=nan  (0.1s)
Round    2/30  coverage=0.4137  prec@K=0.0754  accepted=137  loss=nan  (0.0s)
Round    3/30  coverage=0.4197  prec@K=0.0674  accepted=122  loss=nan  (0.0s)
Round    4/30  coverage=0.4254  prec@K=0.0628  accepted=114  loss=nan  (0.0s)
Round    5/30  coverage=0.4327  prec@K=0.0816  accepted=150  loss=nan  (0.0s)
Round    6/30  coverage=0.4393  prec@K=0.0725  accepted=134  loss=nan  (0.0s)
Round    7/30  coverage=0.4444  prec@K=0.0560  accepted=103  loss=nan  (0.0s)
Round    8/30  coverage=0.4492  prec@K=0.0527  accepted=97  loss=nan  (0.1s)
Round    9/30  coverage=0.4539  prec@K=0.0540  accepted=95  loss=nan  (0.0s)
Round   10/30  coverage=0.4587  prec@K=0.0535  accepted=98  loss=nan  (0.1s)
Round   11/30  coverage=0.4654  prec@K=0.0746  accepted=135  loss=nan  (0.1s)
Round   12/30  coverage=0.4711  prec@K=0.0656  accepted=117  loss=nan  (0.1s)
Round   13/30  coverage=0.4754  prec@K=0.0487  accepted=87  loss=nan  (0.1s)
Round   14/30  coverage=0.4802  prec@K=0.0538  accepted=98  loss=nan  (0.1s)
Round   15/30  coverage=0.4841  prec@K=0.0434  accepted=78  loss=nan  (0.1s)
Round   16/30  coverage=0.4884  prec@K=0.0482  accepted=87  loss=nan  (0.1s)
Round   17/30  coverage=0.4926  prec@K=0.0478  accepted=85  loss=nan  (0.1s)
Round   18/30  coverage=0.4967  prec@K=0.0455  accepted=84  loss=nan  (0.1s)
Round   19/30  coverage=0.4997  prec@K=0.0335  accepted=60  loss=nan  (0.1s)
Round   20/30  coverage=0.5040  prec@K=0.0493  accepted=89  loss=nan  (0.1s)
Round   21/30  coverage=0.5068  prec@K=0.0316  accepted=57  loss=nan  (0.2s)
Round   22/30  coverage=0.5101  prec@K=0.0352  accepted=65  loss=nan  (0.1s)
Round   23/30  coverage=0.5137  prec@K=0.0411  accepted=74  loss=nan  (0.1s)
Round   24/30  coverage=0.5164  prec@K=0.0296  accepted=54  loss=nan  (0.2s)
Round   25/30  coverage=0.5198  prec@K=0.0392  accepted=69  loss=nan  (0.1s)
Round   26/30  coverage=0.5224  prec@K=0.0294  accepted=54  loss=nan  (0.2s)
Round   27/30  coverage=0.5256  prec@K=0.0363  accepted=65  loss=nan  (0.2s)
Round   28/30  coverage=0.5285  prec@K=0.0324  accepted=59  loss=nan  (0.2s)
Round   29/30  coverage=0.5311  prec@K=0.0295  accepted=53  loss=nan  (0.2s)
Round   30/30  coverage=0.5338  prec@K=0.0289  accepted=53  loss=nan  (0.2s)

结果已写入 results\online\algo_sweep_college_msg_v2_ir40_s42\college_msg_ground_truth/rounds.csv
