C:\conda\envs\gnn\lib\site-packages\requests\__init__.py:86: RequestsDependencyWarning: Unable to find acceptable character detection dependency (chardet or charset_normalizer).
  warnings.warn(
C:\conda\envs\gnn\lib\site-packages\outdated\__init__.py:36: UserWarning: pkg_resources is deprecated as an API. See https://setuptools.pypa.io/en/latest/pkg_resources.html. The pkg_resources package is slated for removal as early as 2025-11-30. Refrain from using this package or pin to Setuptools<81.
  from pkg_resources import parse_version
Round    1/30  coverage=0.2527  prec@K=0.0273  accepted=127  loss=0.5469  (1.3s)
Round    2/30  coverage=0.2550  prec@K=0.0234  accepted=110  loss=0.5413  (0.8s)
Round    3/30  coverage=0.2569  prec@K=0.0194  accepted=91  loss=0.5356  (0.8s)
Round    4/30  coverage=0.2594  prec@K=0.0249  accepted=117  loss=0.5379  (0.9s)
Round    5/30  coverage=0.2611  prec@K=0.0165  accepted=77  loss=0.5223  (0.9s)
Round    6/30  coverage=0.2625  prec@K=0.0150  accepted=70  loss=0.5148  (1.0s)
Round    7/30  coverage=0.2642  prec@K=0.0168  accepted=79  loss=0.5083  (1.1s)
Round    8/30  coverage=0.2654  prec@K=0.0117  accepted=55  loss=0.4954  (1.1s)
Round    9/30  coverage=0.2668  prec@K=0.0139  accepted=66  loss=0.4895  (1.3s)
Round   10/30  coverage=0.2679  prec@K=0.0110  accepted=52  loss=0.4790  (1.3s)
Round   11/30  coverage=0.2694  prec@K=0.0150  accepted=71  loss=0.4757  (1.8s)
Round   12/30  coverage=0.2701  prec@K=0.0073  accepted=35  loss=0.4593  (1.7s)
Round   13/30  coverage=0.2713  prec@K=0.0113  accepted=54  loss=0.4589  (5.6s)
Round   14/30  coverage=0.2721  prec@K=0.0079  accepted=38  loss=0.4477  (5.2s)
Round   15/30  coverage=0.2732  prec@K=0.0105  accepted=50  loss=0.4437  (3.4s)
Round   16/30  coverage=0.2740  prec@K=0.0087  accepted=41  loss=0.4349  (1.9s)
Round   17/30  coverage=0.2749  prec@K=0.0087  accepted=41  loss=0.4304  (3.5s)
Round   18/30  coverage=0.2756  prec@K=0.0071  accepted=33  loss=0.4233  (1.6s)
Round   19/30  coverage=0.2764  prec@K=0.0074  accepted=36  loss=0.4187  (1.7s)
Round   20/30  coverage=0.2771  prec@K=0.0079  accepted=37  loss=0.4160  (2.0s)
Round   21/30  coverage=0.2777  prec@K=0.0052  accepted=25  loss=0.4084  (2.1s)
Round   22/30  coverage=0.2782  prec@K=0.0056  accepted=27  loss=0.4057  (4.7s)
Round   23/30  coverage=0.2789  prec@K=0.0060  accepted=29  loss=0.4042  (2.0s)
Round   24/30  coverage=0.2794  prec@K=0.0052  accepted=25  loss=0.4008  (2.2s)
Round   25/30  coverage=0.2801  prec@K=0.0073  accepted=35  loss=0.4019  (2.4s)
Round   26/30  coverage=0.2808  prec@K=0.0063  accepted=30  loss=0.3990  (2.0s)
Round   27/30  coverage=0.2811  prec@K=0.0032  accepted=15  loss=0.3929  (2.5s)
Round   28/30  coverage=0.2815  prec@K=0.0044  accepted=21  loss=0.3958  (2.5s)
Round   29/30  coverage=0.2819  prec@K=0.0033  accepted=16  loss=0.3922  (2.7s)
Round   30/30  coverage=0.2825  prec@K=0.0062  accepted=30  loss=0.3973  (10.9s)

结果已写入 results\online\algo_sweep_advogato_v2_s2\advogato_gnn_sum_h8/rounds.csv
