C:\conda\envs\gnn\lib\site-packages\requests\__init__.py:86: RequestsDependencyWarning: Unable to find acceptable character detection dependency (chardet or charset_normalizer).
  warnings.warn(
C:\conda\envs\gnn\lib\site-packages\outdated\__init__.py:36: UserWarning: pkg_resources is deprecated as an API. See https://setuptools.pypa.io/en/latest/pkg_resources.html. The pkg_resources package is slated for removal as early as 2025-11-30. Refrain from using this package or pin to Setuptools<81.
  from pkg_resources import parse_version
Round    1/30  coverage=0.2547  prec@K=0.0480  accepted=223  loss=nan  (0.3s)
Round    2/30  coverage=0.2590  prec@K=0.0428  accepted=201  loss=nan  (0.2s)
Round    3/30  coverage=0.2632  prec@K=0.0420  accepted=197  loss=nan  (0.2s)
Round    4/30  coverage=0.2673  prec@K=0.0417  accepted=196  loss=nan  (0.3s)
Round    5/30  coverage=0.2713  prec@K=0.0401  accepted=188  loss=nan  (0.3s)
Round    6/30  coverage=0.2753  prec@K=0.0402  accepted=188  loss=nan  (0.3s)
Round    7/30  coverage=0.2795  prec@K=0.0416  accepted=196  loss=nan  (0.4s)
Round    8/30  coverage=0.2830  prec@K=0.0357  accepted=168  loss=nan  (0.4s)
Round    9/30  coverage=0.2861  prec@K=0.0309  accepted=147  loss=nan  (0.4s)
Round   10/30  coverage=0.2892  prec@K=0.0307  accepted=146  loss=nan  (0.5s)
Round   11/30  coverage=0.2926  prec@K=0.0331  accepted=157  loss=nan  (0.6s)
Round   12/30  coverage=0.2956  prec@K=0.0296  accepted=142  loss=nan  (0.6s)
Round   13/30  coverage=0.2989  prec@K=0.0333  accepted=159  loss=nan  (0.6s)
Round   14/30  coverage=0.3018  prec@K=0.0273  accepted=132  loss=nan  (0.7s)
Round   15/30  coverage=0.3056  prec@K=0.0379  accepted=182  loss=nan  (0.7s)
Round   16/30  coverage=0.3088  prec@K=0.0310  accepted=148  loss=nan  (0.7s)
Round   17/30  coverage=0.3120  prec@K=0.0325  accepted=155  loss=nan  (0.7s)
Round   18/30  coverage=0.3143  prec@K=0.0229  accepted=107  loss=nan  (0.8s)
Round   19/30  coverage=0.3171  prec@K=0.0268  accepted=131  loss=nan  (0.9s)
Round   20/30  coverage=0.3199  prec@K=0.0284  accepted=134  loss=nan  (0.9s)
Round   21/30  coverage=0.3222  prec@K=0.0218  accepted=106  loss=nan  (1.1s)
Round   22/30  coverage=0.3250  prec@K=0.0271  accepted=133  loss=nan  (1.0s)
Round   23/30  coverage=0.3271  prec@K=0.0202  accepted=97  loss=nan  (1.0s)
Round   24/30  coverage=0.3295  prec@K=0.0237  accepted=114  loss=nan  (1.1s)
Round   25/30  coverage=0.3319  prec@K=0.0241  accepted=116  loss=nan  (1.1s)
Round   26/30  coverage=0.3336  prec@K=0.0167  accepted=80  loss=nan  (1.1s)
Round   27/30  coverage=0.3358  prec@K=0.0214  accepted=103  loss=nan  (1.2s)
Round   28/30  coverage=0.3377  prec@K=0.0187  accepted=90  loss=nan  (1.4s)
Round   29/30  coverage=0.3395  prec@K=0.0175  accepted=85  loss=nan  (1.4s)
Round   30/30  coverage=0.3415  prec@K=0.0188  accepted=92  loss=nan  (1.3s)

结果已写入 results\online\algo_sweep_advogato_v2_s2\advogato_jaccard/rounds.csv
