C:\conda\envs\gnn\lib\site-packages\requests\__init__.py:86: RequestsDependencyWarning: Unable to find acceptable character detection dependency (chardet or charset_normalizer).
  warnings.warn(
C:\conda\envs\gnn\lib\site-packages\outdated\__init__.py:36: UserWarning: pkg_resources is deprecated as an API. See https://setuptools.pypa.io/en/latest/pkg_resources.html. The pkg_resources package is slated for removal as early as 2025-11-30. Refrain from using this package or pin to Setuptools<81.
  from pkg_resources import parse_version
Round    1/30  coverage=0.4014  prec@K=0.0101  accepted=35  loss=0.7553  (2.9s)
Round    2/30  coverage=0.4028  prec@K=0.0093  accepted=33  loss=0.7467  (2.2s)
Round    3/30  coverage=0.4039  prec@K=0.0073  accepted=26  loss=0.7307  (2.2s)
Round    4/30  coverage=0.4050  prec@K=0.0081  accepted=28  loss=0.7063  (2.2s)
Round    5/30  coverage=0.4062  prec@K=0.0079  accepted=28  loss=0.6736  (2.5s)
Round    6/30  coverage=0.4072  prec@K=0.0069  accepted=24  loss=0.6352  (2.5s)
Round    7/30  coverage=0.4090  prec@K=0.0128  accepted=45  loss=0.6023  (2.4s)
Round    8/30  coverage=0.4105  prec@K=0.0099  accepted=35  loss=0.5602  (2.7s)
Round    9/30  coverage=0.4116  prec@K=0.0080  accepted=28  loss=0.5180  (2.7s)
Round   10/30  coverage=0.4127  prec@K=0.0073  accepted=26  loss=0.4766  (2.8s)
Round   11/30  coverage=0.4137  prec@K=0.0068  accepted=24  loss=0.4353  (3.4s)
Round   12/30  coverage=0.4145  prec@K=0.0058  accepted=20  loss=0.3948  (3.1s)
Round   13/30  coverage=0.4151  prec@K=0.0040  accepted=14  loss=0.3553  (3.5s)
Round   14/30  coverage=0.4154  prec@K=0.0023  accepted=8  loss=0.3199  (2.7s)
Round   15/30  coverage=0.4159  prec@K=0.0029  accepted=10  loss=0.2816  (2.7s)
Round   16/30  coverage=0.4163  prec@K=0.0029  accepted=10  loss=0.2539  (2.2s)
Round   17/30  coverage=0.4168  prec@K=0.0034  accepted=12  loss=0.2277  (2.5s)
Round   18/30  coverage=0.4172  prec@K=0.0031  accepted=11  loss=0.2020  (2.6s)
Round   19/30  coverage=0.4176  prec@K=0.0022  accepted=8  loss=0.1811  (3.9s)
Round   20/30  coverage=0.4178  prec@K=0.0020  accepted=7  loss=0.1675  (5.2s)
Round   21/30  coverage=0.4183  prec@K=0.0034  accepted=12  loss=0.1584  (6.3s)
Round   22/30  coverage=0.4186  prec@K=0.0019  accepted=7  loss=0.1415  (12.9s)
Round   23/30  coverage=0.4190  prec@K=0.0023  accepted=8  loss=0.1393  (3.8s)
Round   24/30  coverage=0.4192  prec@K=0.0014  accepted=5  loss=0.1231  (2.8s)
Round   25/30  coverage=0.4199  prec@K=0.0052  accepted=18  loss=0.1416  (3.0s)
Round   26/30  coverage=0.4201  prec@K=0.0011  accepted=4  loss=0.1183  (2.8s)
Round   27/30  coverage=0.4204  prec@K=0.0023  accepted=8  loss=0.1198  (3.1s)
Round   28/30  coverage=0.4206  prec@K=0.0014  accepted=5  loss=0.1143  (2.7s)
Round   29/30  coverage=0.4209  prec@K=0.0023  accepted=8  loss=0.1154  (2.9s)
Round   30/30  coverage=0.4212  prec@K=0.0017  accepted=6  loss=0.1168  (3.1s)

结果已写入 results\online\algo_sweep_bitcoin_alpha_v2_ir40_s3\bitcoin_alpha_gnn_sum/rounds.csv
