C:\conda\envs\gnn\lib\site-packages\requests\__init__.py:86: RequestsDependencyWarning: Unable to find acceptable character detection dependency (chardet or charset_normalizer).
  warnings.warn(
C:\conda\envs\gnn\lib\site-packages\outdated\__init__.py:36: UserWarning: pkg_resources is deprecated as an API. See https://setuptools.pypa.io/en/latest/pkg_resources.html. The pkg_resources package is slated for removal as early as 2025-11-30. Refrain from using this package or pin to Setuptools<81.
  from pkg_resources import parse_version
Round    1/30  coverage=0.4014  prec@K=0.0101  accepted=35  loss=0.7263  (0.7s)
Round    2/30  coverage=0.4025  prec@K=0.0076  accepted=27  loss=0.7259  (1.1s)
Round    3/30  coverage=0.4038  prec@K=0.0087  accepted=31  loss=0.7246  (0.6s)
Round    4/30  coverage=0.4048  prec@K=0.0070  accepted=24  loss=0.7230  (0.6s)
Round    5/30  coverage=0.4052  prec@K=0.0028  accepted=10  loss=0.7205  (1.1s)
Round    6/30  coverage=0.4059  prec@K=0.0043  accepted=15  loss=0.7174  (1.2s)
Round    7/30  coverage=0.4071  prec@K=0.0085  accepted=30  loss=0.7143  (1.1s)
Round    8/30  coverage=0.4077  prec@K=0.0040  accepted=14  loss=0.7116  (0.6s)
Round    9/30  coverage=0.4084  prec@K=0.0049  accepted=17  loss=0.7083  (0.7s)
Round   10/30  coverage=0.4089  prec@K=0.0034  accepted=12  loss=0.7056  (1.4s)
Round   11/30  coverage=0.4093  prec@K=0.0028  accepted=10  loss=0.7029  (3.2s)
Round   12/30  coverage=0.4100  prec@K=0.0052  accepted=18  loss=0.7000  (3.5s)
Round   13/30  coverage=0.4102  prec@K=0.0011  accepted=4  loss=0.6971  (3.1s)
Round   14/30  coverage=0.4106  prec@K=0.0029  accepted=10  loss=0.6945  (0.6s)
Round   15/30  coverage=0.4108  prec@K=0.0011  accepted=4  loss=0.6922  (0.6s)
Round   16/30  coverage=0.4111  prec@K=0.0020  accepted=7  loss=0.6896  (0.7s)
Round   17/30  coverage=0.4114  prec@K=0.0026  accepted=9  loss=0.6875  (0.8s)
Round   18/30  coverage=0.4117  prec@K=0.0020  accepted=7  loss=0.6848  (0.6s)
Round   19/30  coverage=0.4121  prec@K=0.0022  accepted=8  loss=0.6830  (0.8s)
Round   20/30  coverage=0.4123  prec@K=0.0014  accepted=5  loss=0.6817  (0.6s)
Round   21/30  coverage=0.4128  prec@K=0.0034  accepted=12  loss=0.6800  (0.7s)
Round   22/30  coverage=0.4130  prec@K=0.0019  accepted=7  loss=0.6779  (0.8s)
Round   23/30  coverage=0.4133  prec@K=0.0014  accepted=5  loss=0.6767  (0.9s)
Round   24/30  coverage=0.4134  prec@K=0.0011  accepted=4  loss=0.6762  (0.9s)
Round   25/30  coverage=0.4141  prec@K=0.0046  accepted=16  loss=0.6758  (0.7s)
Round   26/30  coverage=0.4142  prec@K=0.0008  accepted=3  loss=0.6748  (1.0s)
Round   27/30  coverage=0.4145  prec@K=0.0017  accepted=6  loss=0.6744  (1.0s)
Round   28/30  coverage=0.4145  prec@K=0.0006  accepted=2  loss=0.6738  (0.8s)
Round   29/30  coverage=0.4147  prec@K=0.0014  accepted=5  loss=0.6741  (0.8s)
Round   30/30  coverage=0.4151  prec@K=0.0025  accepted=9  loss=0.6744  (0.9s)

结果已写入 results\online\algo_sweep_bitcoin_alpha_v2_ir40_s3\bitcoin_alpha_node_emb/rounds.csv
