C:\conda\envs\gnn\lib\site-packages\requests\__init__.py:86: RequestsDependencyWarning: Unable to find acceptable character detection dependency (chardet or charset_normalizer).
  warnings.warn(
C:\conda\envs\gnn\lib\site-packages\outdated\__init__.py:36: UserWarning: pkg_resources is deprecated as an API. See https://setuptools.pypa.io/en/latest/pkg_resources.html. The pkg_resources package is slated for removal as early as 2025-11-30. Refrain from using this package or pin to Setuptools<81.
  from pkg_resources import parse_version
Round    1/30  coverage=0.2500  prec@K=0.0002  accepted=3  loss=0.6829  (14.1s)
Round    2/30  coverage=0.2500  prec@K=0.0003  accepted=5  loss=0.6824  (26.9s)
Round    3/30  coverage=0.2500  prec@K=0.0003  accepted=4  loss=0.6812  (17.3s)
Round    4/30  coverage=0.2500  prec@K=0.0002  accepted=3  loss=0.6796  (22.2s)
Round    5/30  coverage=0.2500  prec@K=0.0003  accepted=4  loss=0.6776  (26.4s)
Round    6/30  coverage=0.2500  prec@K=0.0001  accepted=2  loss=0.6749  (29.9s)
Round    7/30  coverage=0.2500  prec@K=0.0001  accepted=2  loss=0.6723  (34.2s)
Round    8/30  coverage=0.2500  prec@K=0.0001  accepted=2  loss=0.6697  (37.7s)
Round    9/30  coverage=0.2501  prec@K=0.0003  accepted=4  loss=0.6671  (42.1s)
Round   10/30  coverage=0.2501  prec@K=0.0001  accepted=2  loss=0.6646  (45.5s)
Round   11/30  coverage=0.2501  prec@K=0.0003  accepted=5  loss=0.6622  (53.8s)
Round   12/30  coverage=0.2501  prec@K=0.0000  accepted=0  loss=nan  (52.9s)
Round   13/30  coverage=0.2501  prec@K=0.0001  accepted=1  loss=0.6597  (55.7s)
Round   14/30  coverage=0.2501  prec@K=0.0001  accepted=2  loss=0.6573  (57.6s)
Round   15/30  coverage=0.2501  prec@K=0.0000  accepted=0  loss=nan  (60.3s)
Round   16/30  coverage=0.2501  prec@K=0.0001  accepted=2  loss=0.6551  (64.8s)
Round   17/30  coverage=0.2501  prec@K=0.0002  accepted=3  loss=0.6530  (66.7s)
Round   18/30  coverage=0.2501  prec@K=0.0001  accepted=2  loss=0.6511  (69.8s)
Round   19/30  coverage=0.2501  prec@K=0.0002  accepted=3  loss=0.6494  (72.1s)
Round   20/30  coverage=0.2501  prec@K=0.0002  accepted=3  loss=0.6476  (73.5s)
Round   21/30  coverage=0.2501  prec@K=0.0001  accepted=2  loss=0.6462  (81.8s)
Round   22/30  coverage=0.2501  prec@K=0.0001  accepted=1  loss=0.6448  (80.1s)
Round   23/30  coverage=0.2501  prec@K=0.0002  accepted=3  loss=0.6437  (83.8s)
Round   24/30  coverage=0.2501  prec@K=0.0001  accepted=1  loss=0.6425  (85.6s)
Round   25/30  coverage=0.2501  prec@K=0.0001  accepted=1  loss=0.6415  (89.7s)
Round   26/30  coverage=0.2501  prec@K=0.0001  accepted=1  loss=0.6409  (92.2s)
Round   27/30  coverage=0.2501  prec@K=0.0003  accepted=4  loss=0.6404  (96.3s)
Round   28/30  coverage=0.2501  prec@K=0.0001  accepted=1  loss=0.6399  (95.9s)
Round   29/30  coverage=0.2501  prec@K=0.0001  accepted=2  loss=0.6398  (100.6s)
Round   30/30  coverage=0.2501  prec@K=0.0001  accepted=1  loss=0.6395  (105.5s)

结果已写入 results\online\algo_sweep_sx_askubuntu_v2_s0\sx_askubuntu_node_emb/rounds.csv
