C:\conda\envs\gnn\lib\site-packages\requests\__init__.py:86: RequestsDependencyWarning: Unable to find acceptable character detection dependency (chardet or charset_normalizer).
  warnings.warn(
C:\conda\envs\gnn\lib\site-packages\outdated\__init__.py:36: UserWarning: pkg_resources is deprecated as an API. See https://setuptools.pypa.io/en/latest/pkg_resources.html. The pkg_resources package is slated for removal as early as 2025-11-30. Refrain from using this package or pin to Setuptools<81.
  from pkg_resources import parse_version
Round    1/30  coverage=0.2579  prec@K=0.0552  accepted=192  loss=nan  (0.2s)
Round    2/30  coverage=0.2653  prec@K=0.0512  accepted=179  loss=nan  (0.1s)
Round    3/30  coverage=0.2715  prec@K=0.0429  accepted=150  loss=nan  (0.1s)
Round    4/30  coverage=0.2787  prec@K=0.0499  accepted=174  loss=nan  (0.1s)
Round    5/30  coverage=0.2869  prec@K=0.0584  accepted=199  loss=nan  (0.2s)
Round    6/30  coverage=0.2929  prec@K=0.0420  accepted=143  loss=nan  (0.2s)
Round    7/30  coverage=0.2996  prec@K=0.0456  accepted=162  loss=nan  (0.2s)
Round    8/30  coverage=0.3079  prec@K=0.0579  accepted=202  loss=nan  (0.2s)
Round    9/30  coverage=0.3154  prec@K=0.0517  accepted=181  loss=nan  (0.3s)
Round   10/30  coverage=0.3223  prec@K=0.0478  accepted=167  loss=nan  (0.3s)
Round   11/30  coverage=0.3301  prec@K=0.0554  accepted=189  loss=nan  (0.4s)
Round   12/30  coverage=0.3383  prec@K=0.0563  accepted=197  loss=nan  (0.3s)
Round   13/30  coverage=0.3417  prec@K=0.0237  accepted=83  loss=nan  (0.4s)
Round   14/30  coverage=0.3476  prec@K=0.0402  accepted=142  loss=nan  (0.4s)
Round   15/30  coverage=0.3543  prec@K=0.0467  accepted=163  loss=nan  (0.5s)
Round   16/30  coverage=0.3608  prec@K=0.0452  accepted=158  loss=nan  (0.5s)
Round   17/30  coverage=0.3655  prec@K=0.0320  accepted=114  loss=nan  (0.5s)
Round   18/30  coverage=0.3700  prec@K=0.0313  accepted=107  loss=nan  (0.5s)
Round   19/30  coverage=0.3763  prec@K=0.0438  accepted=153  loss=nan  (0.6s)
Round   20/30  coverage=0.3828  prec@K=0.0451  accepted=158  loss=nan  (0.6s)
Round   21/30  coverage=0.3881  prec@K=0.0361  accepted=127  loss=nan  (0.7s)
Round   22/30  coverage=0.3925  prec@K=0.0303  accepted=107  loss=nan  (0.7s)
Round   23/30  coverage=0.3978  prec@K=0.0360  accepted=128  loss=nan  (0.6s)
Round   24/30  coverage=0.4010  prec@K=0.0220  accepted=77  loss=nan  (0.7s)
Round   25/30  coverage=0.4058  prec@K=0.0339  accepted=117  loss=nan  (0.7s)
Round   26/30  coverage=0.4099  prec@K=0.0293  accepted=99  loss=nan  (0.7s)
Round   27/30  coverage=0.4147  prec@K=0.0333  accepted=117  loss=nan  (0.7s)
Round   28/30  coverage=0.4175  prec@K=0.0185  accepted=66  loss=nan  (0.9s)
Round   29/30  coverage=0.4209  prec@K=0.0236  accepted=82  loss=nan  (0.9s)
Round   30/30  coverage=0.4254  prec@K=0.0312  accepted=109  loss=nan  (0.8s)

结果已写入 results\online\algo_sweep_bitcoin_alpha_v2_s0\bitcoin_alpha_ground_truth/rounds.csv
