C:\conda\envs\gnn\lib\site-packages\requests\__init__.py:86: RequestsDependencyWarning: Unable to find acceptable character detection dependency (chardet or charset_normalizer).
  warnings.warn(
C:\conda\envs\gnn\lib\site-packages\outdated\__init__.py:36: UserWarning: pkg_resources is deprecated as an API. See https://setuptools.pypa.io/en/latest/pkg_resources.html. The pkg_resources package is slated for removal as early as 2025-11-30. Refrain from using this package or pin to Setuptools<81.
  from pkg_resources import parse_version
Round    1/30  coverage=0.2531  prec@K=0.0218  accepted=76  loss=0.6997  (1.6s)
Round    2/30  coverage=0.2566  prec@K=0.0243  accepted=85  loss=0.6966  (1.2s)
Round    3/30  coverage=0.2593  prec@K=0.0186  accepted=65  loss=0.6925  (1.2s)
Round    4/30  coverage=0.2618  prec@K=0.0171  accepted=60  loss=0.6867  (1.3s)
Round    5/30  coverage=0.2635  prec@K=0.0123  accepted=42  loss=0.6787  (1.3s)
Round    6/30  coverage=0.2645  prec@K=0.0065  accepted=22  loss=0.6689  (1.3s)
Round    7/30  coverage=0.2656  prec@K=0.0081  accepted=29  loss=0.6607  (1.6s)
Round    8/30  coverage=0.2672  prec@K=0.0106  accepted=37  loss=0.6533  (1.5s)
Round    9/30  coverage=0.2686  prec@K=0.0100  accepted=35  loss=0.6449  (1.6s)
Round   10/30  coverage=0.2705  prec@K=0.0129  accepted=45  loss=0.6361  (1.7s)
Round   11/30  coverage=0.2726  prec@K=0.0152  accepted=52  loss=0.6279  (1.8s)
Round   12/30  coverage=0.2738  prec@K=0.0080  accepted=28  loss=0.6146  (1.7s)
Round   13/30  coverage=0.2748  prec@K=0.0068  accepted=24  loss=0.6038  (1.8s)
Round   14/30  coverage=0.2758  prec@K=0.0071  accepted=25  loss=0.5906  (1.7s)
Round   15/30  coverage=0.2769  prec@K=0.0075  accepted=26  loss=0.5795  (1.9s)
Round   16/30  coverage=0.2776  prec@K=0.0051  accepted=18  loss=0.5644  (2.1s)
Round   17/30  coverage=0.2783  prec@K=0.0048  accepted=17  loss=0.5519  (2.3s)
Round   18/30  coverage=0.2786  prec@K=0.0018  accepted=6  loss=0.5375  (2.2s)
Round   19/30  coverage=0.2794  prec@K=0.0054  accepted=19  loss=0.5278  (2.6s)
Round   20/30  coverage=0.2798  prec@K=0.0031  accepted=11  loss=0.5151  (2.5s)
Round   21/30  coverage=0.2804  prec@K=0.0037  accepted=13  loss=0.5093  (2.7s)
Round   22/30  coverage=0.2808  prec@K=0.0029  accepted=10  loss=0.5043  (2.5s)
Round   23/30  coverage=0.2811  prec@K=0.0020  accepted=7  loss=0.4932  (2.4s)
Round   24/30  coverage=0.2816  prec@K=0.0034  accepted=12  loss=0.4916  (2.2s)
Round   25/30  coverage=0.2821  prec@K=0.0041  accepted=14  loss=0.4832  (2.2s)
Round   26/30  coverage=0.2827  prec@K=0.0038  accepted=13  loss=0.4827  (2.4s)
Round   27/30  coverage=0.2831  prec@K=0.0031  accepted=11  loss=0.4812  (2.3s)
Round   28/30  coverage=0.2834  prec@K=0.0017  accepted=6  loss=0.4779  (2.9s)
Round   29/30  coverage=0.2836  prec@K=0.0014  accepted=5  loss=0.4734  (2.8s)
Round   30/30  coverage=0.2839  prec@K=0.0020  accepted=7  loss=0.4733  (2.4s)

结果已写入 results\online\algo_sweep_bitcoin_alpha_v2_s0\bitcoin_alpha_gnn_h32/rounds.csv
