C:\conda\envs\gnn\lib\site-packages\requests\__init__.py:86: RequestsDependencyWarning: Unable to find acceptable character detection dependency (chardet or charset_normalizer).
  warnings.warn(
C:\conda\envs\gnn\lib\site-packages\outdated\__init__.py:36: UserWarning: pkg_resources is deprecated as an API. See https://setuptools.pypa.io/en/latest/pkg_resources.html. The pkg_resources package is slated for removal as early as 2025-11-30. Refrain from using this package or pin to Setuptools<81.
  from pkg_resources import parse_version
Round    1/30  coverage=0.2596  prec@K=0.2474  accepted=239  loss=nan  (0.2s)
Round    2/30  coverage=0.2683  prec@K=0.2314  accepted=218  loss=nan  (0.0s)
Round    3/30  coverage=0.2790  prec@K=0.2781  accepted=267  loss=nan  (0.0s)
Round    4/30  coverage=0.2888  prec@K=0.2558  accepted=244  loss=nan  (0.1s)
Round    5/30  coverage=0.2979  prec@K=0.2349  accepted=226  loss=nan  (0.1s)
Round    6/30  coverage=0.3059  prec@K=0.2101  accepted=199  loss=nan  (0.1s)
Round    7/30  coverage=0.3140  prec@K=0.2117  accepted=203  loss=nan  (0.1s)
Round    8/30  coverage=0.3236  prec@K=0.2469  accepted=239  loss=nan  (0.1s)
Round    9/30  coverage=0.3325  prec@K=0.2317  accepted=222  loss=nan  (0.1s)
Round   10/30  coverage=0.3401  prec@K=0.1961  accepted=190  loss=nan  (0.1s)
Round   11/30  coverage=0.3475  prec@K=0.1910  accepted=183  loss=nan  (0.3s)
Round   12/30  coverage=0.3561  prec@K=0.2194  accepted=215  loss=nan  (0.1s)
Round   13/30  coverage=0.3652  prec@K=0.2375  accepted=228  loss=nan  (0.1s)
Round   14/30  coverage=0.3728  prec@K=0.1950  accepted=189  loss=nan  (0.1s)
Round   15/30  coverage=0.3812  prec@K=0.2172  accepted=210  loss=nan  (0.1s)
Round   16/30  coverage=0.3889  prec@K=0.2002  accepted=190  loss=nan  (0.1s)
Round   17/30  coverage=0.3951  prec@K=0.1603  accepted=155  loss=nan  (0.1s)
Round   18/30  coverage=0.4016  prec@K=0.1710  accepted=163  loss=nan  (0.1s)
Round   19/30  coverage=0.4071  prec@K=0.1399  accepted=136  loss=nan  (0.1s)
Round   20/30  coverage=0.4148  prec@K=0.2017  accepted=192  loss=nan  (0.1s)
Round   21/30  coverage=0.4220  prec@K=0.1840  accepted=180  loss=nan  (0.3s)
Round   22/30  coverage=0.4286  prec@K=0.1689  accepted=164  loss=nan  (0.1s)
Round   23/30  coverage=0.4346  prec@K=0.1538  accepted=150  loss=nan  (0.1s)
Round   24/30  coverage=0.4399  prec@K=0.1363  accepted=133  loss=nan  (0.1s)
Round   25/30  coverage=0.4452  prec@K=0.1358  accepted=132  loss=nan  (0.1s)
Round   26/30  coverage=0.4504  prec@K=0.1329  accepted=129  loss=nan  (0.1s)
Round   27/30  coverage=0.4556  prec@K=0.1329  accepted=130  loss=nan  (0.1s)
Round   28/30  coverage=0.4614  prec@K=0.1459  accepted=143  loss=nan  (0.1s)
Round   29/30  coverage=0.4666  prec@K=0.1350  accepted=130  loss=nan  (0.1s)
Round   30/30  coverage=0.4709  prec@K=0.1118  accepted=109  loss=nan  (0.1s)

结果已写入 results\online\algo_sweep_email_eu_v2_s0\email_eu_aa/rounds.csv
