C:\conda\envs\gnn\lib\site-packages\requests\__init__.py:86: RequestsDependencyWarning: Unable to find acceptable character detection dependency (chardet or charset_normalizer).
  warnings.warn(
C:\conda\envs\gnn\lib\site-packages\outdated\__init__.py:36: UserWarning: pkg_resources is deprecated as an API. See https://setuptools.pypa.io/en/latest/pkg_resources.html. The pkg_resources package is slated for removal as early as 2025-11-30. Refrain from using this package or pin to Setuptools<81.
  from pkg_resources import parse_version
Round    1/30  coverage=0.2557  prec@K=0.1480  accepted=143  loss=0.6900  (0.1s)
Round    2/30  coverage=0.2608  prec@K=0.1339  accepted=126  loss=0.6918  (0.0s)
Round    3/30  coverage=0.2657  prec@K=0.1271  accepted=122  loss=0.6937  (0.0s)
Round    4/30  coverage=0.2709  prec@K=0.1375  accepted=131  loss=0.6944  (0.0s)
Round    5/30  coverage=0.2753  prec@K=0.1146  accepted=110  loss=0.6922  (0.0s)
Round    6/30  coverage=0.2794  prec@K=0.1057  accepted=100  loss=0.6896  (0.0s)
Round    7/30  coverage=0.2819  prec@K=0.0658  accepted=63  loss=0.6943  (0.0s)
Round    8/30  coverage=0.2859  prec@K=0.1036  accepted=100  loss=0.6918  (0.0s)
Round    9/30  coverage=0.2902  prec@K=0.1129  accepted=108  loss=0.6921  (0.0s)
Round   10/30  coverage=0.2926  prec@K=0.0622  accepted=60  loss=0.6917  (0.0s)
Round   11/30  coverage=0.2958  prec@K=0.0818  accepted=78  loss=0.6899  (0.1s)
Round   12/30  coverage=0.2999  prec@K=0.1041  accepted=102  loss=0.6926  (0.0s)
Round   13/30  coverage=0.3020  prec@K=0.0556  accepted=53  loss=0.6913  (0.0s)
Round   14/30  coverage=0.3054  prec@K=0.0881  accepted=86  loss=0.6949  (0.0s)
Round   15/30  coverage=0.3079  prec@K=0.0644  accepted=62  loss=0.6901  (0.0s)
Round   16/30  coverage=0.3105  prec@K=0.0691  accepted=65  loss=0.6912  (0.0s)
Round   17/30  coverage=0.3130  prec@K=0.0644  accepted=62  loss=0.6902  (0.0s)
Round   18/30  coverage=0.3162  prec@K=0.0827  accepted=79  loss=0.6891  (0.0s)
Round   19/30  coverage=0.3183  prec@K=0.0559  accepted=54  loss=0.6833  (0.0s)
Round   20/30  coverage=0.3209  prec@K=0.0672  accepted=64  loss=0.6865  (0.0s)
Round   21/30  coverage=0.3238  prec@K=0.0727  accepted=71  loss=0.6845  (0.2s)
Round   22/30  coverage=0.3264  prec@K=0.0676  accepted=65  loss=0.6859  (0.0s)
Round   23/30  coverage=0.3291  prec@K=0.0695  accepted=68  loss=0.6842  (0.0s)
Round   24/30  coverage=0.3300  prec@K=0.0240  accepted=23  loss=0.6825  (0.0s)
Round   25/30  coverage=0.3319  prec@K=0.0484  accepted=47  loss=0.6825  (0.0s)
Round   26/30  coverage=0.3337  prec@K=0.0454  accepted=44  loss=0.6798  (0.0s)
Round   27/30  coverage=0.3356  prec@K=0.0481  accepted=47  loss=0.6803  (0.0s)
Round   28/30  coverage=0.3378  prec@K=0.0583  accepted=57  loss=0.6755  (0.1s)
Round   29/30  coverage=0.3400  prec@K=0.0552  accepted=53  loss=0.6758  (0.0s)
Round   30/30  coverage=0.3419  prec@K=0.0504  accepted=49  loss=0.6765  (0.1s)

结果已写入 results\online\algo_sweep_email_eu_v2_s0\email_eu_mlp/rounds.csv
