C:\conda\envs\gnn\lib\site-packages\requests\__init__.py:86: RequestsDependencyWarning: Unable to find acceptable character detection dependency (chardet or charset_normalizer).
  warnings.warn(
C:\conda\envs\gnn\lib\site-packages\outdated\__init__.py:36: UserWarning: pkg_resources is deprecated as an API. See https://setuptools.pypa.io/en/latest/pkg_resources.html. The pkg_resources package is slated for removal as early as 2025-11-30. Refrain from using this package or pin to Setuptools<81.
  from pkg_resources import parse_version
Round    1/30  coverage=0.4000  prec@K=0.0021  accepted=5  loss=0.7079  (4.8s)
Round    2/30  coverage=0.4000  prec@K=0.0012  accepted=3  loss=0.6967  (1.8s)
Round    3/30  coverage=0.4000  prec@K=0.0013  accepted=3  loss=0.6753  (1.7s)
Round    4/30  coverage=0.4001  prec@K=0.0017  accepted=4  loss=0.6395  (2.0s)
Round    5/30  coverage=0.4001  prec@K=0.0004  accepted=1  loss=0.5997  (1.9s)
Round    6/30  coverage=0.4001  prec@K=0.0013  accepted=3  loss=0.5562  (1.7s)
Round    7/30  coverage=0.4001  prec@K=0.0025  accepted=6  loss=0.5080  (1.7s)
Round    8/30  coverage=0.4001  prec@K=0.0017  accepted=4  loss=0.4672  (1.7s)
Round    9/30  coverage=0.4001  prec@K=0.0012  accepted=3  loss=0.4152  (2.4s)
Round   10/30  coverage=0.4002  prec@K=0.0033  accepted=8  loss=0.3853  (2.8s)
Round   11/30  coverage=0.4002  prec@K=0.0013  accepted=3  loss=0.3427  (4.6s)
Round   12/30  coverage=0.4002  prec@K=0.0021  accepted=5  loss=0.2990  (2.2s)
Round   13/30  coverage=0.4002  prec@K=0.0012  accepted=3  loss=0.2539  (2.5s)
Round   14/30  coverage=0.4002  prec@K=0.0017  accepted=4  loss=0.2278  (2.2s)
Round   15/30  coverage=0.4003  prec@K=0.0013  accepted=3  loss=0.1991  (2.1s)
Round   16/30  coverage=0.4003  prec@K=0.0024  accepted=6  loss=0.1817  (2.4s)
Round   17/30  coverage=0.4003  prec@K=0.0038  accepted=9  loss=0.1706  (2.4s)
Round   18/30  coverage=0.4003  prec@K=0.0008  accepted=2  loss=0.1342  (2.9s)
Round   19/30  coverage=0.4003  prec@K=0.0008  accepted=2  loss=0.1232  (3.3s)
Round   20/30  coverage=0.4003  prec@K=0.0004  accepted=1  loss=0.1087  (3.0s)
Round   21/30  coverage=0.4004  prec@K=0.0013  accepted=3  loss=0.1031  (5.5s)
Round   22/30  coverage=0.4004  prec@K=0.0025  accepted=6  loss=0.1062  (1.4s)
Round   23/30  coverage=0.4004  prec@K=0.0033  accepted=8  loss=0.1032  (2.2s)
Round   24/30  coverage=0.4004  prec@K=0.0021  accepted=5  loss=0.0889  (5.7s)
Round   25/30  coverage=0.4005  prec@K=0.0025  accepted=6  loss=0.0964  (7.2s)
Round   26/30  coverage=0.4005  prec@K=0.0025  accepted=6  loss=0.0929  (1.4s)
Round   27/30  coverage=0.4005  prec@K=0.0017  accepted=4  loss=0.0845  (1.4s)
Round   28/30  coverage=0.4005  prec@K=0.0000  accepted=0  loss=0.0689  (3.9s)
Round   29/30  coverage=0.4005  prec@K=0.0013  accepted=3  loss=0.0806  (1.4s)
Round   30/30  coverage=0.4005  prec@K=0.0013  accepted=3  loss=0.0787  (1.5s)

结果已写入 results\online\algo_sweep_sx_mathoverflow_v2_ir40_s1\sx_mathoverflow_gnn_sum/rounds.csv
