C:\conda\envs\gnn\lib\site-packages\requests\__init__.py:86: RequestsDependencyWarning: Unable to find acceptable character detection dependency (chardet or charset_normalizer).
  warnings.warn(
C:\conda\envs\gnn\lib\site-packages\outdated\__init__.py:36: UserWarning: pkg_resources is deprecated as an API. See https://setuptools.pypa.io/en/latest/pkg_resources.html. The pkg_resources package is slated for removal as early as 2025-11-30. Refrain from using this package or pin to Setuptools<81.
  from pkg_resources import parse_version
Round    1/30  coverage=0.4000  prec@K=0.0004  accepted=1  loss=0.7302  (12.1s)
Round    2/30  coverage=0.4000  prec@K=0.0012  accepted=3  loss=0.7161  (2.1s)
Round    3/30  coverage=0.4000  prec@K=0.0025  accepted=6  loss=0.6924  (2.4s)
Round    4/30  coverage=0.4001  prec@K=0.0021  accepted=5  loss=0.6612  (1.0s)
Round    5/30  coverage=0.4001  prec@K=0.0004  accepted=1  loss=0.6278  (2.3s)
Round    6/30  coverage=0.4001  prec@K=0.0025  accepted=6  loss=0.5919  (0.8s)
Round    7/30  coverage=0.4001  prec@K=0.0029  accepted=7  loss=0.5522  (0.9s)
Round    8/30  coverage=0.4001  prec@K=0.0017  accepted=4  loss=0.5128  (1.0s)
Round    9/30  coverage=0.4002  prec@K=0.0016  accepted=4  loss=0.4657  (0.9s)
Round   10/30  coverage=0.4002  prec@K=0.0042  accepted=10  loss=0.4373  (0.9s)
Round   11/30  coverage=0.4002  prec@K=0.0013  accepted=3  loss=0.3943  (3.4s)
Round   12/30  coverage=0.4002  prec@K=0.0021  accepted=5  loss=0.3495  (2.0s)
Round   13/30  coverage=0.4002  prec@K=0.0008  accepted=2  loss=0.3017  (2.9s)
Round   14/30  coverage=0.4003  prec@K=0.0013  accepted=3  loss=0.2733  (2.2s)
Round   15/30  coverage=0.4003  prec@K=0.0013  accepted=3  loss=0.2436  (1.7s)
Round   16/30  coverage=0.4003  prec@K=0.0016  accepted=4  loss=0.2190  (2.0s)
Round   17/30  coverage=0.4003  prec@K=0.0034  accepted=8  loss=0.2054  (2.0s)
Round   18/30  coverage=0.4003  prec@K=0.0013  accepted=3  loss=0.1725  (1.8s)
Round   19/30  coverage=0.4004  prec@K=0.0013  accepted=3  loss=0.1599  (2.1s)
Round   20/30  coverage=0.4004  prec@K=0.0004  accepted=1  loss=0.1405  (2.1s)
Round   21/30  coverage=0.4004  prec@K=0.0017  accepted=4  loss=0.1348  (5.0s)
Round   22/30  coverage=0.4004  prec@K=0.0025  accepted=6  loss=0.1323  (3.0s)
Round   23/30  coverage=0.4004  prec@K=0.0021  accepted=5  loss=0.1188  (2.9s)
Round   24/30  coverage=0.4004  prec@K=0.0021  accepted=5  loss=0.1133  (2.2s)
Round   25/30  coverage=0.4005  prec@K=0.0025  accepted=6  loss=0.1203  (2.7s)
Round   26/30  coverage=0.4005  prec@K=0.0017  accepted=4  loss=0.1092  (2.4s)
Round   27/30  coverage=0.4005  prec@K=0.0012  accepted=3  loss=0.1044  (2.6s)
Round   28/30  coverage=0.4005  prec@K=0.0004  accepted=1  loss=0.0962  (2.8s)
Round   29/30  coverage=0.4005  prec@K=0.0013  accepted=3  loss=0.1034  (3.4s)
Round   30/30  coverage=0.4005  prec@K=0.0017  accepted=4  loss=0.1044  (3.1s)

结果已写入 results\online\algo_sweep_sx_mathoverflow_v2_ir40_s1\sx_mathoverflow_gnn_concat/rounds.csv
