C:\conda\envs\gnn\lib\site-packages\requests\__init__.py:86: RequestsDependencyWarning: Unable to find acceptable character detection dependency (chardet or charset_normalizer).
  warnings.warn(
C:\conda\envs\gnn\lib\site-packages\outdated\__init__.py:36: UserWarning: pkg_resources is deprecated as an API. See https://setuptools.pypa.io/en/latest/pkg_resources.html. The pkg_resources package is slated for removal as early as 2025-11-30. Refrain from using this package or pin to Setuptools<81.
  from pkg_resources import parse_version
Round    1/30  coverage=0.2587  prec@K=0.0262  accepted=48  loss=0.7409  (0.6s)
Round    2/30  coverage=0.2661  prec@K=0.0223  accepted=41  loss=0.7483  (0.3s)
Round    3/30  coverage=0.2721  prec@K=0.0180  accepted=33  loss=0.7503  (0.3s)
Round    4/30  coverage=0.2833  prec@K=0.0338  accepted=62  loss=0.7417  (0.4s)
Round    5/30  coverage=0.2866  prec@K=0.0099  accepted=18  loss=0.7530  (0.4s)
Round    6/30  coverage=0.2927  prec@K=0.0185  accepted=34  loss=0.7466  (0.4s)
Round    7/30  coverage=0.2974  prec@K=0.0143  accepted=26  loss=0.7462  (0.4s)
Round    8/30  coverage=0.3060  prec@K=0.0258  accepted=47  loss=0.7400  (0.4s)
Round    9/30  coverage=0.3123  prec@K=0.0192  accepted=35  loss=0.7404  (0.4s)
Round   10/30  coverage=0.3143  prec@K=0.0060  accepted=11  loss=0.7439  (0.4s)
Round   11/30  coverage=0.3176  prec@K=0.0099  accepted=18  loss=0.7399  (0.5s)
Round   12/30  coverage=0.3219  prec@K=0.0130  accepted=24  loss=0.7362  (0.5s)
Round   13/30  coverage=0.3263  prec@K=0.0131  accepted=24  loss=0.7330  (0.5s)
Round   14/30  coverage=0.3319  prec@K=0.0168  accepted=31  loss=0.7288  (0.4s)
Round   15/30  coverage=0.3380  prec@K=0.0183  accepted=34  loss=0.7252  (0.4s)
Round   16/30  coverage=0.3431  prec@K=0.0153  accepted=28  loss=0.7238  (0.4s)
Round   17/30  coverage=0.3487  prec@K=0.0167  accepted=31  loss=0.7216  (0.5s)
Round   18/30  coverage=0.3553  prec@K=0.0195  accepted=36  loss=0.7158  (0.4s)
Round   19/30  coverage=0.3593  prec@K=0.0121  accepted=22  loss=0.7153  (0.4s)
Round   20/30  coverage=0.3632  prec@K=0.0119  accepted=22  loss=0.7165  (0.4s)
Round   21/30  coverage=0.3685  prec@K=0.0157  accepted=29  loss=0.7124  (0.5s)
Round   22/30  coverage=0.3750  prec@K=0.0195  accepted=36  loss=0.7098  (0.5s)
Round   23/30  coverage=0.3803  prec@K=0.0157  accepted=29  loss=0.7089  (0.5s)
Round   24/30  coverage=0.3834  prec@K=0.0092  accepted=17  loss=0.7115  (0.5s)
Round   25/30  coverage=0.3890  prec@K=0.0167  accepted=31  loss=0.7086  (0.5s)
Round   26/30  coverage=0.3944  prec@K=0.0162  accepted=30  loss=0.7073  (0.5s)
Round   27/30  coverage=0.3980  prec@K=0.0109  accepted=20  loss=0.7082  (0.5s)
Round   28/30  coverage=0.4013  prec@K=0.0098  accepted=18  loss=0.7074  (0.5s)
Round   29/30  coverage=0.4046  prec@K=0.0098  accepted=18  loss=0.7074  (0.5s)
Round   30/30  coverage=0.4091  prec@K=0.0135  accepted=25  loss=0.7081  (0.5s)

结果已写入 results\online\algo_sweep_dnc_email_v2\dnc_email_gnn/rounds.csv
