C:\conda\envs\gnn\lib\site-packages\requests\__init__.py:86: RequestsDependencyWarning: Unable to find acceptable character detection dependency (chardet or charset_normalizer).
  warnings.warn(
C:\conda\envs\gnn\lib\site-packages\outdated\__init__.py:36: UserWarning: pkg_resources is deprecated as an API. See https://setuptools.pypa.io/en/latest/pkg_resources.html. The pkg_resources package is slated for removal as early as 2025-11-30. Refrain from using this package or pin to Setuptools<81.
  from pkg_resources import parse_version
Round    1/30  coverage=0.2540  prec@K=0.0404  accepted=188  loss=0.6743  (1.3s)
Round    2/30  coverage=0.2576  prec@K=0.0362  accepted=171  loss=0.6675  (1.0s)
Round    3/30  coverage=0.2613  prec@K=0.0370  accepted=176  loss=0.6513  (1.0s)
Round    4/30  coverage=0.2636  prec@K=0.0232  accepted=107  loss=0.6270  (1.1s)
Round    5/30  coverage=0.2666  prec@K=0.0302  accepted=143  loss=0.6006  (1.3s)
Round    6/30  coverage=0.2694  prec@K=0.0271  accepted=128  loss=0.5692  (1.2s)
Round    7/30  coverage=0.2715  prec@K=0.0214  accepted=101  loss=0.5321  (1.2s)
Round    8/30  coverage=0.2730  prec@K=0.0149  accepted=70  loss=0.4988  (4.5s)
Round    9/30  coverage=0.2748  prec@K=0.0181  accepted=86  loss=0.4707  (4.9s)
Round   10/30  coverage=0.2763  prec@K=0.0148  accepted=70  loss=0.4336  (1.4s)
Round   11/30  coverage=0.2779  prec@K=0.0159  accepted=76  loss=0.4030  (1.4s)
Round   12/30  coverage=0.2795  prec@K=0.0156  accepted=74  loss=0.3752  (1.4s)
Round   13/30  coverage=0.2807  prec@K=0.0127  accepted=60  loss=0.3407  (1.6s)
Round   14/30  coverage=0.2820  prec@K=0.0128  accepted=61  loss=0.3071  (1.7s)
Round   15/30  coverage=0.2828  prec@K=0.0074  accepted=35  loss=0.2699  (1.7s)
Round   16/30  coverage=0.2838  prec@K=0.0097  accepted=47  loss=0.2550  (1.7s)
Round   17/30  coverage=0.2852  prec@K=0.0141  accepted=67  loss=0.2491  (1.8s)
Round   18/30  coverage=0.2863  prec@K=0.0103  accepted=50  loss=0.2221  (1.9s)
Round   19/30  coverage=0.2872  prec@K=0.0088  accepted=42  loss=0.1972  (1.8s)
Round   20/30  coverage=0.2881  prec@K=0.0092  accepted=44  loss=0.1874  (4.0s)
Round   21/30  coverage=0.2887  prec@K=0.0064  accepted=31  loss=0.1691  (3.5s)
Round   22/30  coverage=0.2894  prec@K=0.0065  accepted=31  loss=0.1594  (3.7s)
Round   23/30  coverage=0.2903  prec@K=0.0086  accepted=41  loss=0.1660  (3.8s)
Round   24/30  coverage=0.2911  prec@K=0.0077  accepted=37  loss=0.1555  (4.0s)
Round   25/30  coverage=0.2917  prec@K=0.0060  accepted=29  loss=0.1464  (4.4s)
Round   26/30  coverage=0.2923  prec@K=0.0064  accepted=31  loss=0.1436  (4.1s)
Round   27/30  coverage=0.2930  prec@K=0.0069  accepted=33  loss=0.1427  (2.5s)
Round   28/30  coverage=0.2933  prec@K=0.0027  accepted=13  loss=0.1207  (2.9s)
Round   29/30  coverage=0.2936  prec@K=0.0031  accepted=15  loss=0.1224  (4.7s)
Round   30/30  coverage=0.2941  prec@K=0.0045  accepted=22  loss=0.1289  (4.4s)

结果已写入 results\online\algo_sweep_advogato_v2_s0\advogato_gnn_sum/rounds.csv
