C:\conda\envs\gnn\lib\site-packages\requests\__init__.py:86: RequestsDependencyWarning: Unable to find acceptable character detection dependency (chardet or charset_normalizer).
  warnings.warn(
C:\conda\envs\gnn\lib\site-packages\outdated\__init__.py:36: UserWarning: pkg_resources is deprecated as an API. See https://setuptools.pypa.io/en/latest/pkg_resources.html. The pkg_resources package is slated for removal as early as 2025-11-30. Refrain from using this package or pin to Setuptools<81.
  from pkg_resources import parse_version
Round    1/30  coverage=0.2541  prec@K=0.0413  accepted=192  loss=nan  (0.3s)
Round    2/30  coverage=0.2580  prec@K=0.0397  accepted=188  loss=nan  (0.2s)
Round    3/30  coverage=0.2622  prec@K=0.0408  accepted=194  loss=nan  (0.2s)
Round    4/30  coverage=0.2654  prec@K=0.0326  accepted=151  loss=nan  (0.3s)
Round    5/30  coverage=0.2694  prec@K=0.0397  accepted=188  loss=nan  (0.3s)
Round    6/30  coverage=0.2736  prec@K=0.0419  accepted=198  loss=nan  (0.3s)
Round    7/30  coverage=0.2774  prec@K=0.0382  accepted=180  loss=nan  (0.4s)
Round    8/30  coverage=0.2809  prec@K=0.0358  accepted=168  loss=nan  (0.4s)
Round    9/30  coverage=0.2834  prec@K=0.0244  accepted=116  loss=nan  (0.5s)
Round   10/30  coverage=0.2869  prec@K=0.0354  accepted=167  loss=nan  (0.5s)
Round   11/30  coverage=0.2905  prec@K=0.0354  accepted=170  loss=nan  (0.7s)
Round   12/30  coverage=0.2935  prec@K=0.0290  accepted=138  loss=nan  (0.6s)
Round   13/30  coverage=0.2960  prec@K=0.0255  accepted=121  loss=nan  (0.6s)
Round   14/30  coverage=0.2993  prec@K=0.0320  accepted=153  loss=nan  (0.6s)
Round   15/30  coverage=0.3025  prec@K=0.0320  accepted=153  loss=nan  (0.6s)
Round   16/30  coverage=0.3056  prec@K=0.0293  accepted=143  loss=nan  (0.7s)
Round   17/30  coverage=0.3086  prec@K=0.0296  accepted=141  loss=nan  (0.8s)
Round   18/30  coverage=0.3112  prec@K=0.0254  accepted=124  loss=nan  (0.9s)
Round   19/30  coverage=0.3145  prec@K=0.0331  accepted=157  loss=nan  (0.8s)
Round   20/30  coverage=0.3172  prec@K=0.0263  accepted=126  loss=nan  (0.9s)
Round   21/30  coverage=0.3201  prec@K=0.0279  accepted=135  loss=nan  (1.1s)
Round   22/30  coverage=0.3225  prec@K=0.0239  accepted=115  loss=nan  (1.0s)
Round   23/30  coverage=0.3250  prec@K=0.0244  accepted=118  loss=nan  (1.0s)
Round   24/30  coverage=0.3265  prec@K=0.0146  accepted=71  loss=nan  (1.1s)
Round   25/30  coverage=0.3285  prec@K=0.0190  accepted=92  loss=nan  (1.2s)
Round   26/30  coverage=0.3305  prec@K=0.0199  accepted=96  loss=nan  (1.1s)
Round   27/30  coverage=0.3323  prec@K=0.0174  accepted=84  loss=nan  (1.1s)
Round   28/30  coverage=0.3339  prec@K=0.0159  accepted=77  loss=nan  (1.3s)
Round   29/30  coverage=0.3357  prec@K=0.0171  accepted=83  loss=nan  (1.2s)
Round   30/30  coverage=0.3369  prec@K=0.0121  accepted=59  loss=nan  (1.3s)

结果已写入 results\online\algo_sweep_advogato_v2_s0\advogato_jaccard/rounds.csv
