C:\conda\envs\gnn\lib\site-packages\requests\__init__.py:86: RequestsDependencyWarning: Unable to find acceptable character detection dependency (chardet or charset_normalizer).
  warnings.warn(
C:\conda\envs\gnn\lib\site-packages\outdated\__init__.py:36: UserWarning: pkg_resources is deprecated as an API. See https://setuptools.pypa.io/en/latest/pkg_resources.html. The pkg_resources package is slated for removal as early as 2025-11-30. Refrain from using this package or pin to Setuptools<81.
  from pkg_resources import parse_version
Round    1/30  coverage=0.2548  prec@K=0.0488  accepted=227  loss=nan  (0.2s)
Round    2/30  coverage=0.2590  prec@K=0.0419  accepted=198  loss=nan  (0.2s)
Round    3/30  coverage=0.2634  prec@K=0.0440  accepted=209  loss=nan  (0.2s)
Round    4/30  coverage=0.2666  prec@K=0.0326  accepted=151  loss=nan  (0.2s)
Round    5/30  coverage=0.2708  prec@K=0.0417  accepted=198  loss=nan  (0.3s)
Round    6/30  coverage=0.2746  prec@K=0.0369  accepted=175  loss=nan  (0.3s)
Round    7/30  coverage=0.2785  prec@K=0.0391  accepted=185  loss=nan  (0.3s)
Round    8/30  coverage=0.2819  prec@K=0.0344  accepted=162  loss=nan  (0.4s)
Round    9/30  coverage=0.2846  prec@K=0.0269  accepted=128  loss=nan  (0.4s)
Round   10/30  coverage=0.2880  prec@K=0.0338  accepted=160  loss=nan  (0.5s)
Round   11/30  coverage=0.2912  prec@K=0.0316  accepted=152  loss=nan  (0.7s)
Round   12/30  coverage=0.2945  prec@K=0.0320  accepted=153  loss=nan  (0.6s)
Round   13/30  coverage=0.2971  prec@K=0.0264  accepted=125  loss=nan  (0.6s)
Round   14/30  coverage=0.3000  prec@K=0.0283  accepted=136  loss=nan  (0.6s)
Round   15/30  coverage=0.3024  prec@K=0.0230  accepted=110  loss=nan  (0.7s)
Round   16/30  coverage=0.3048  prec@K=0.0240  accepted=117  loss=nan  (0.7s)
Round   17/30  coverage=0.3073  prec@K=0.0245  accepted=117  loss=nan  (0.7s)
Round   18/30  coverage=0.3093  prec@K=0.0192  accepted=94  loss=nan  (0.8s)
Round   19/30  coverage=0.3109  prec@K=0.0153  accepted=73  loss=nan  (0.8s)
Round   20/30  coverage=0.3128  prec@K=0.0188  accepted=90  loss=nan  (0.8s)
Round   21/30  coverage=0.3146  prec@K=0.0178  accepted=86  loss=nan  (1.0s)
Round   22/30  coverage=0.3164  prec@K=0.0177  accepted=85  loss=nan  (1.0s)
Round   23/30  coverage=0.3179  prec@K=0.0147  accepted=71  loss=nan  (1.0s)
Round   24/30  coverage=0.3195  prec@K=0.0152  accepted=74  loss=nan  (1.0s)
Round   25/30  coverage=0.3208  prec@K=0.0133  accepted=64  loss=nan  (1.1s)
Round   26/30  coverage=0.3224  prec@K=0.0146  accepted=71  loss=nan  (1.1s)
Round   27/30  coverage=0.3238  prec@K=0.0143  accepted=69  loss=nan  (1.1s)
Round   28/30  coverage=0.3245  prec@K=0.0064  accepted=31  loss=nan  (1.3s)
Round   29/30  coverage=0.3254  prec@K=0.0086  accepted=42  loss=nan  (1.3s)
Round   30/30  coverage=0.3260  prec@K=0.0064  accepted=31  loss=nan  (1.2s)

结果已写入 results\online\algo_sweep_advogato_v2_s0\advogato_pa/rounds.csv
