C:\conda\envs\gnn\lib\site-packages\requests\__init__.py:86: RequestsDependencyWarning: Unable to find acceptable character detection dependency (chardet or charset_normalizer).
  warnings.warn(
C:\conda\envs\gnn\lib\site-packages\outdated\__init__.py:36: UserWarning: pkg_resources is deprecated as an API. See https://setuptools.pypa.io/en/latest/pkg_resources.html. The pkg_resources package is slated for removal as early as 2025-11-30. Refrain from using this package or pin to Setuptools<81.
  from pkg_resources import parse_version
Round    1/30  coverage=0.4000  prec@K=0.0011  accepted=19  loss=nan  (31.2s)
Round    2/30  coverage=0.4000  prec@K=0.0010  accepted=18  loss=nan  (19.6s)
Round    3/30  coverage=0.4001  prec@K=0.0014  accepted=26  loss=nan  (26.5s)
Round    4/30  coverage=0.4001  prec@K=0.0011  accepted=19  loss=nan  (33.7s)
Round    5/30  coverage=0.4001  prec@K=0.0020  accepted=36  loss=nan  (37.8s)
Round    6/30  coverage=0.4002  prec@K=0.0010  accepted=17  loss=nan  (41.4s)
Round    7/30  coverage=0.4002  prec@K=0.0010  accepted=18  loss=nan  (43.0s)
Round    8/30  coverage=0.4002  prec@K=0.0006  accepted=11  loss=nan  (48.5s)
Round    9/30  coverage=0.4002  prec@K=0.0011  accepted=20  loss=nan  (54.8s)
Round   10/30  coverage=0.4002  prec@K=0.0008  accepted=14  loss=nan  (60.0s)
Round   11/30  coverage=0.4003  prec@K=0.0010  accepted=18  loss=nan  (78.7s)
Round   12/30  coverage=0.4003  prec@K=0.0009  accepted=17  loss=nan  (68.0s)
Round   13/30  coverage=0.4003  prec@K=0.0011  accepted=20  loss=nan  (75.5s)
Round   14/30  coverage=0.4003  prec@K=0.0011  accepted=19  loss=nan  (68.9s)
Round   15/30  coverage=0.4003  prec@K=0.0012  accepted=21  loss=nan  (79.0s)
Round   16/30  coverage=0.4004  prec@K=0.0010  accepted=18  loss=nan  (80.0s)
Round   17/30  coverage=0.4004  prec@K=0.0009  accepted=16  loss=nan  (88.3s)
Round   18/30  coverage=0.4004  prec@K=0.0008  accepted=15  loss=nan  (86.5s)
Round   19/30  coverage=0.4004  prec@K=0.0010  accepted=18  loss=nan  (88.7s)
Round   20/30  coverage=0.4004  prec@K=0.0011  accepted=20  loss=nan  (96.6s)
Round   21/30  coverage=0.4005  prec@K=0.0007  accepted=13  loss=nan  (111.3s)
Round   22/30  coverage=0.4005  prec@K=0.0013  accepted=23  loss=nan  (101.0s)
Round   23/30  coverage=0.4005  prec@K=0.0008  accepted=15  loss=nan  (108.2s)
Round   24/30  coverage=0.4005  prec@K=0.0005  accepted=9  loss=nan  (111.2s)
Round   25/30  coverage=0.4005  prec@K=0.0006  accepted=11  loss=nan  (118.4s)
Round   26/30  coverage=0.4006  prec@K=0.0014  accepted=25  loss=nan  (124.7s)
Round   27/30  coverage=0.4006  prec@K=0.0011  accepted=20  loss=nan  (125.4s)
Round   28/30  coverage=0.4006  prec@K=0.0008  accepted=15  loss=nan  (136.1s)
Round   29/30  coverage=0.4006  prec@K=0.0007  accepted=13  loss=nan  (137.2s)
Round   30/30  coverage=0.4006  prec@K=0.0008  accepted=15  loss=nan  (155.8s)

结果已写入 results\online\algo_sweep_sx_superuser_v2_ir40_s2\sx_superuser_cn/rounds.csv
