C:\conda\envs\gnn\lib\site-packages\requests\__init__.py:86: RequestsDependencyWarning: Unable to find acceptable character detection dependency (chardet or charset_normalizer).
  warnings.warn(
C:\conda\envs\gnn\lib\site-packages\outdated\__init__.py:36: UserWarning: pkg_resources is deprecated as an API. See https://setuptools.pypa.io/en/latest/pkg_resources.html. The pkg_resources package is slated for removal as early as 2025-11-30. Refrain from using this package or pin to Setuptools<81.
  from pkg_resources import parse_version
Round    1/30  coverage=0.4000  prec@K=0.0005  accepted=9  loss=0.6557  (206.8s)
Round    2/30  coverage=0.4000  prec@K=0.0007  accepted=12  loss=0.6459  (195.8s)
Round    3/30  coverage=0.4000  prec@K=0.0004  accepted=7  loss=0.6295  (129.4s)
Round    4/30  coverage=0.4000  prec@K=0.0003  accepted=6  loss=0.6108  (121.1s)
Round    5/30  coverage=0.4000  prec@K=0.0005  accepted=9  loss=0.5896  (101.5s)
Round    6/30  coverage=0.4001  prec@K=0.0001  accepted=2  loss=0.5638  (139.5s)
Round    7/30  coverage=0.4001  prec@K=0.0003  accepted=5  loss=0.5363  (162.0s)
Round    8/30  coverage=0.4001  prec@K=0.0000  accepted=0  loss=0.5081  (156.1s)
Round    9/30  coverage=0.4001  prec@K=0.0004  accepted=8  loss=0.4777  (160.7s)
Round   10/30  coverage=0.4001  prec@K=0.0002  accepted=4  loss=0.4466  (172.9s)
Round   11/30  coverage=0.4001  prec@K=0.0001  accepted=1  loss=0.4140  (251.9s)
Round   12/30  coverage=0.4001  prec@K=0.0001  accepted=1  loss=0.3817  (216.2s)
Round   13/30  coverage=0.4001  prec@K=0.0004  accepted=7  loss=0.3530  (234.2s)
Round   14/30  coverage=0.4001  prec@K=0.0003  accepted=6  loss=0.3229  (235.9s)
Round   15/30  coverage=0.4001  prec@K=0.0003  accepted=5  loss=0.2919  (252.1s)
Round   16/30  coverage=0.4001  prec@K=0.0002  accepted=3  loss=0.2664  (281.6s)
Round   17/30  coverage=0.4001  prec@K=0.0002  accepted=4  loss=0.2446  (285.7s)
Round   18/30  coverage=0.4001  prec@K=0.0001  accepted=1  loss=0.2241  (246.0s)
Round   19/30  coverage=0.4001  prec@K=0.0002  accepted=3  loss=0.2070  (232.5s)
Round   20/30  coverage=0.4001  prec@K=0.0001  accepted=2  loss=0.1899  (233.9s)
Round   21/30  coverage=0.4001  prec@K=0.0001  accepted=2  loss=0.1759  (226.2s)
Round   22/30  coverage=0.4001  prec@K=0.0004  accepted=8  loss=0.1691  (198.9s)
Round   23/30  coverage=0.4001  prec@K=0.0003  accepted=5  loss=0.1575  (196.6s)
Round   24/30  coverage=0.4001  prec@K=0.0001  accepted=2  loss=0.1508  (213.2s)
Round   25/30  coverage=0.4001  prec@K=0.0001  accepted=1  loss=0.1452  (158.2s)
Round   26/30  coverage=0.4001  prec@K=0.0002  accepted=3  loss=0.1412  (142.1s)
Round   27/30  coverage=0.4001  prec@K=0.0002  accepted=3  loss=0.1396  (138.8s)
Round   28/30  coverage=0.4001  prec@K=0.0002  accepted=4  loss=0.1383  (131.1s)
Round   29/30  coverage=0.4001  prec@K=0.0001  accepted=2  loss=0.1371  (137.7s)
Round   30/30  coverage=0.4002  prec@K=0.0003  accepted=5  loss=0.1367  (140.4s)

结果已写入 results\online\algo_sweep_sx_superuser_v2_ir40_s2\sx_superuser_gnn_concat/rounds.csv
