C:\conda\envs\gnn\lib\site-packages\requests\__init__.py:86: RequestsDependencyWarning: Unable to find acceptable character detection dependency (chardet or charset_normalizer).
  warnings.warn(
C:\conda\envs\gnn\lib\site-packages\outdated\__init__.py:36: UserWarning: pkg_resources is deprecated as an API. See https://setuptools.pypa.io/en/latest/pkg_resources.html. The pkg_resources package is slated for removal as early as 2025-11-30. Refrain from using this package or pin to Setuptools<81.
  from pkg_resources import parse_version
Round    1/30  coverage=0.2582  prec@K=0.2138  accepted=204  loss=nan  (0.1s)
Round    2/30  coverage=0.2667  prec@K=0.2229  accepted=212  loss=nan  (0.0s)
Round    3/30  coverage=0.2757  prec@K=0.2325  accepted=226  loss=nan  (0.0s)
Round    4/30  coverage=0.2844  prec@K=0.2233  accepted=215  loss=nan  (0.0s)
Round    5/30  coverage=0.2930  prec@K=0.2218  accepted=214  loss=nan  (0.0s)
Round    6/30  coverage=0.3001  prec@K=0.1891  accepted=177  loss=nan  (0.0s)
Round    7/30  coverage=0.3088  prec@K=0.2277  accepted=217  loss=nan  (0.0s)
Round    8/30  coverage=0.3163  prec@K=0.1936  accepted=188  loss=nan  (0.0s)
Round    9/30  coverage=0.3240  prec@K=0.2000  accepted=193  loss=nan  (0.0s)
Round   10/30  coverage=0.3309  prec@K=0.1783  accepted=171  loss=nan  (0.0s)
Round   11/30  coverage=0.3379  prec@K=0.1806  accepted=175  loss=nan  (0.1s)
Round   12/30  coverage=0.3451  prec@K=0.1843  accepted=179  loss=nan  (0.0s)
Round   13/30  coverage=0.3519  prec@K=0.1778  accepted=170  loss=nan  (0.0s)
Round   14/30  coverage=0.3600  prec@K=0.2103  accepted=201  loss=nan  (0.0s)
Round   15/30  coverage=0.3664  prec@K=0.1639  accepted=160  loss=nan  (0.0s)
Round   16/30  coverage=0.3740  prec@K=0.1939  accepted=190  loss=nan  (0.0s)
Round   17/30  coverage=0.3814  prec@K=0.1894  accepted=183  loss=nan  (0.1s)
Round   18/30  coverage=0.3881  prec@K=0.1734  accepted=167  loss=nan  (0.0s)
Round   19/30  coverage=0.3942  prec@K=0.1608  accepted=154  loss=nan  (0.0s)
Round   20/30  coverage=0.4004  prec@K=0.1598  accepted=154  loss=nan  (0.0s)
Round   21/30  coverage=0.4062  prec@K=0.1462  accepted=143  loss=nan  (0.1s)
Round   22/30  coverage=0.4121  prec@K=0.1536  accepted=149  loss=nan  (0.0s)
Round   23/30  coverage=0.4171  prec@K=0.1297  accepted=125  loss=nan  (0.0s)
Round   24/30  coverage=0.4238  prec@K=0.1710  accepted=166  loss=nan  (0.0s)
Round   25/30  coverage=0.4284  prec@K=0.1178  accepted=114  loss=nan  (0.0s)
Round   26/30  coverage=0.4341  prec@K=0.1459  accepted=143  loss=nan  (0.0s)
Round   27/30  coverage=0.4392  prec@K=0.1306  accepted=128  loss=nan  (0.0s)
Round   28/30  coverage=0.4431  prec@K=0.0990  accepted=97  loss=nan  (0.0s)
Round   29/30  coverage=0.4472  prec@K=0.1031  accepted=101  loss=nan  (0.0s)
Round   30/30  coverage=0.4511  prec@K=0.1006  accepted=98  loss=nan  (0.0s)

结果已写入 results\online\algo_sweep_email_eu_v2\email_eu_jaccard/rounds.csv
