C:\conda\envs\gnn\lib\site-packages\requests\__init__.py:86: RequestsDependencyWarning: Unable to find acceptable character detection dependency (chardet or charset_normalizer).
  warnings.warn(
C:\conda\envs\gnn\lib\site-packages\outdated\__init__.py:36: UserWarning: pkg_resources is deprecated as an API. See https://setuptools.pypa.io/en/latest/pkg_resources.html. The pkg_resources package is slated for removal as early as 2025-11-30. Refrain from using this package or pin to Setuptools<81.
  from pkg_resources import parse_version
Round    1/40  coverage=0.0512  prec@K=0.0086  accepted=29  loss=nan  (0.1s)
Round    2/40  coverage=0.0528  prec@K=0.0112  accepted=39  loss=nan  (0.1s)
Round    3/40  coverage=0.0544  prec@K=0.0109  accepted=38  loss=nan  (0.1s)
Round    4/40  coverage=0.0558  prec@K=0.0100  accepted=34  loss=nan  (0.1s)
Round    5/40  coverage=0.0572  prec@K=0.0101  accepted=34  loss=nan  (0.2s)
Round    6/40  coverage=0.0584  prec@K=0.0087  accepted=30  loss=nan  (0.2s)
Round    7/40  coverage=0.0595  prec@K=0.0075  accepted=26  loss=nan  (0.2s)
Round    8/40  coverage=0.0610  prec@K=0.0106  accepted=36  loss=nan  (0.2s)
Round    9/40  coverage=0.0630  prec@K=0.0138  accepted=48  loss=nan  (0.3s)
Round   10/40  coverage=0.0650  prec@K=0.0136  accepted=48  loss=nan  (0.3s)
Round   11/40  coverage=0.0667  prec@K=0.0124  accepted=42  loss=nan  (0.3s)
Round   12/40  coverage=0.0686  prec@K=0.0137  accepted=47  loss=nan  (0.3s)
Round   13/40  coverage=0.0708  prec@K=0.0150  accepted=52  loss=nan  (0.3s)
Round   14/40  coverage=0.0722  prec@K=0.0102  accepted=35  loss=nan  (0.4s)
Round   15/40  coverage=0.0733  prec@K=0.0072  accepted=25  loss=nan  (0.4s)
Round   16/40  coverage=0.0741  prec@K=0.0055  accepted=19  loss=nan  (0.4s)
Round   17/40  coverage=0.0750  prec@K=0.0065  accepted=23  loss=nan  (0.4s)
Round   18/40  coverage=0.0755  prec@K=0.0036  accepted=12  loss=nan  (0.4s)
Round   19/40  coverage=0.0761  prec@K=0.0041  accepted=14  loss=nan  (0.5s)
Round   20/40  coverage=0.0771  prec@K=0.0072  accepted=25  loss=nan  (0.5s)
Round   21/40  coverage=0.0776  prec@K=0.0038  accepted=13  loss=nan  (0.5s)
Round   22/40  coverage=0.0779  prec@K=0.0018  accepted=6  loss=nan  (0.5s)
Round   23/40  coverage=0.0781  prec@K=0.0014  accepted=5  loss=nan  (0.6s)
Round   24/40  coverage=0.0786  prec@K=0.0038  accepted=13  loss=nan  (0.6s)
Round   25/40  coverage=0.0794  prec@K=0.0052  accepted=18  loss=nan  (0.6s)
Round   26/40  coverage=0.0803  prec@K=0.0065  accepted=22  loss=nan  (0.6s)
Round   27/40  coverage=0.0810  prec@K=0.0050  accepted=17  loss=nan  (0.6s)
Round   28/40  coverage=0.0815  prec@K=0.0033  accepted=11  loss=nan  (0.6s)
Round   29/40  coverage=0.0816  prec@K=0.0012  accepted=4  loss=nan  (0.7s)
Round   30/40  coverage=0.0818  prec@K=0.0015  accepted=5  loss=nan  (0.7s)
Round   31/40  coverage=0.0819  prec@K=0.0003  accepted=1  loss=nan  (0.7s)
Round   32/40  coverage=0.0822  prec@K=0.0021  accepted=7  loss=nan  (0.7s)
Round   33/40  coverage=0.0825  prec@K=0.0026  accepted=9  loss=nan  (0.8s)
Round   34/40  coverage=0.0828  prec@K=0.0018  accepted=6  loss=nan  (0.7s)
Round   35/40  coverage=0.0831  prec@K=0.0021  accepted=7  loss=nan  (0.8s)
Round   36/40  coverage=0.0833  prec@K=0.0015  accepted=5  loss=nan  (0.8s)
Round   37/40  coverage=0.0838  prec@K=0.0035  accepted=12  loss=nan  (0.8s)
Round   38/40  coverage=0.0841  prec@K=0.0021  accepted=7  loss=nan  (0.8s)
Round   39/40  coverage=0.0841  prec@K=0.0006  accepted=2  loss=nan  (0.8s)
Round   40/40  coverage=0.0845  prec@K=0.0024  accepted=8  loss=nan  (0.8s)

˝áąűŇŃĐ´Čë results\online\init_ratio_sweep_bitcoin_alpha\r005_jaccard/rounds.csv
