C:\conda\envs\gnn\lib\site-packages\requests\__init__.py:86: RequestsDependencyWarning: Unable to find acceptable character detection dependency (chardet or charset_normalizer).
  warnings.warn(
C:\conda\envs\gnn\lib\site-packages\outdated\__init__.py:36: UserWarning: pkg_resources is deprecated as an API. See https://setuptools.pypa.io/en/latest/pkg_resources.html. The pkg_resources package is slated for removal as early as 2025-11-30. Refrain from using this package or pin to Setuptools<81.
  from pkg_resources import parse_version
Round    1/40  coverage=0.1029  prec@K=0.0206  accepted=70  loss=nan  (0.1s)
Round    2/40  coverage=0.1061  prec@K=0.0222  accepted=77  loss=nan  (0.1s)
Round    3/40  coverage=0.1089  prec@K=0.0199  accepted=68  loss=nan  (0.1s)
Round    4/40  coverage=0.1120  prec@K=0.0216  accepted=75  loss=nan  (0.1s)
Round    5/40  coverage=0.1162  prec@K=0.0295  accepted=103  loss=nan  (0.1s)
Round    6/40  coverage=0.1203  prec@K=0.0286  accepted=99  loss=nan  (0.1s)
Round    7/40  coverage=0.1246  prec@K=0.0298  accepted=104  loss=nan  (0.1s)
Round    8/40  coverage=0.1282  prec@K=0.0252  accepted=87  loss=nan  (0.2s)
Round    9/40  coverage=0.1317  prec@K=0.0239  accepted=84  loss=nan  (0.2s)
Round   10/40  coverage=0.1350  prec@K=0.0234  accepted=81  loss=nan  (0.2s)
Round   11/40  coverage=0.1383  prec@K=0.0226  accepted=79  loss=nan  (0.2s)
Round   12/40  coverage=0.1412  prec@K=0.0199  accepted=70  loss=nan  (0.2s)
Round   13/40  coverage=0.1444  prec@K=0.0225  accepted=78  loss=nan  (0.2s)
Round   14/40  coverage=0.1481  prec@K=0.0257  accepted=90  loss=nan  (0.3s)
Round   15/40  coverage=0.1511  prec@K=0.0204  accepted=71  loss=nan  (0.3s)
Round   16/40  coverage=0.1546  prec@K=0.0241  accepted=85  loss=nan  (0.3s)
Round   17/40  coverage=0.1577  prec@K=0.0210  accepted=75  loss=nan  (0.3s)
Round   18/40  coverage=0.1604  prec@K=0.0189  accepted=66  loss=nan  (0.3s)
Round   19/40  coverage=0.1633  prec@K=0.0199  accepted=70  loss=nan  (0.3s)
Round   20/40  coverage=0.1654  prec@K=0.0144  accepted=51  loss=nan  (0.4s)
Round   21/40  coverage=0.1683  prec@K=0.0199  accepted=70  loss=nan  (0.4s)
Round   22/40  coverage=0.1717  prec@K=0.0235  accepted=82  loss=nan  (0.3s)
Round   23/40  coverage=0.1746  prec@K=0.0196  accepted=69  loss=nan  (0.3s)
Round   24/40  coverage=0.1773  prec@K=0.0190  accepted=67  loss=nan  (0.4s)
Round   25/40  coverage=0.1798  prec@K=0.0167  accepted=59  loss=nan  (0.4s)
Round   26/40  coverage=0.1820  prec@K=0.0158  accepted=55  loss=nan  (0.4s)
Round   27/40  coverage=0.1847  prec@K=0.0179  accepted=63  loss=nan  (0.4s)
Round   28/40  coverage=0.1868  prec@K=0.0146  accepted=52  loss=nan  (0.4s)
Round   29/40  coverage=0.1893  prec@K=0.0173  accepted=61  loss=nan  (0.4s)
Round   30/40  coverage=0.1921  prec@K=0.0185  accepted=66  loss=nan  (0.5s)
Round   31/40  coverage=0.1947  prec@K=0.0179  accepted=64  loss=nan  (0.5s)
Round   32/40  coverage=0.1970  prec@K=0.0157  accepted=55  loss=nan  (0.5s)
Round   33/40  coverage=0.1992  prec@K=0.0155  accepted=54  loss=nan  (0.5s)
Round   34/40  coverage=0.2016  prec@K=0.0160  accepted=57  loss=nan  (0.5s)
Round   35/40  coverage=0.2037  prec@K=0.0143  accepted=51  loss=nan  (0.5s)
Round   36/40  coverage=0.2061  prec@K=0.0170  accepted=59  loss=nan  (0.5s)
Round   37/40  coverage=0.2080  prec@K=0.0126  accepted=45  loss=nan  (0.6s)
Round   38/40  coverage=0.2096  prec@K=0.0110  accepted=39  loss=nan  (0.6s)
Round   39/40  coverage=0.2115  prec@K=0.0133  accepted=47  loss=nan  (0.6s)
Round   40/40  coverage=0.2133  prec@K=0.0125  accepted=44  loss=nan  (0.6s)

˝áąűŇŃĐ´Čë results\online\init_ratio_sweep_bitcoin_alpha\r010_random/rounds.csv
