C:\conda\envs\gnn\lib\site-packages\requests\__init__.py:86: RequestsDependencyWarning: Unable to find acceptable character detection dependency (chardet or charset_normalizer).
  warnings.warn(
C:\conda\envs\gnn\lib\site-packages\outdated\__init__.py:36: UserWarning: pkg_resources is deprecated as an API. See https://setuptools.pypa.io/en/latest/pkg_resources.html. The pkg_resources package is slated for removal as early as 2025-11-30. Refrain from using this package or pin to Setuptools<81.
  from pkg_resources import parse_version
Round    1/40  coverage=0.3084  prec@K=0.0582  accepted=204  loss=nan  (0.2s)
Round    2/40  coverage=0.3159  prec@K=0.0509  accepted=182  loss=nan  (0.1s)
Round    3/40  coverage=0.3247  prec@K=0.0598  accepted=212  loss=nan  (0.1s)
Round    4/40  coverage=0.3331  prec@K=0.0574  accepted=204  loss=nan  (0.1s)
Round    5/40  coverage=0.3420  prec@K=0.0609  accepted=214  loss=nan  (0.2s)
Round    6/40  coverage=0.3498  prec@K=0.0527  accepted=189  loss=nan  (0.2s)
Round    7/40  coverage=0.3574  prec@K=0.0509  accepted=185  loss=nan  (0.2s)
Round    8/40  coverage=0.3645  prec@K=0.0477  accepted=171  loss=nan  (0.2s)
Round    9/40  coverage=0.3710  prec@K=0.0443  accepted=157  loss=nan  (0.2s)
Round   10/40  coverage=0.3758  prec@K=0.0322  accepted=115  loss=nan  (0.2s)
Round   11/40  coverage=0.3804  prec@K=0.0317  accepted=113  loss=nan  (0.3s)
Round   12/40  coverage=0.3845  prec@K=0.0275  accepted=98  loss=nan  (0.2s)
Round   13/40  coverage=0.3892  prec@K=0.0321  accepted=115  loss=nan  (0.2s)
Round   14/40  coverage=0.3939  prec@K=0.0312  accepted=113  loss=nan  (0.3s)
Round   15/40  coverage=0.3982  prec@K=0.0286  accepted=103  loss=nan  (0.3s)
Round   16/40  coverage=0.4017  prec@K=0.0243  accepted=86  loss=nan  (0.3s)
Round   17/40  coverage=0.4057  prec@K=0.0269  accepted=96  loss=nan  (0.3s)
Round   18/40  coverage=0.4097  prec@K=0.0276  accepted=98  loss=nan  (0.3s)
Round   19/40  coverage=0.4128  prec@K=0.0211  accepted=75  loss=nan  (0.3s)
Round   20/40  coverage=0.4151  prec@K=0.0151  accepted=54  loss=nan  (0.3s)
Round   21/40  coverage=0.4185  prec@K=0.0230  accepted=82  loss=nan  (0.4s)
Round   22/40  coverage=0.4209  prec@K=0.0164  accepted=58  loss=nan  (0.3s)
Round   23/40  coverage=0.4229  prec@K=0.0138  accepted=50  loss=nan  (0.3s)
Round   24/40  coverage=0.4248  prec@K=0.0129  accepted=46  loss=nan  (0.3s)
Round   25/40  coverage=0.4265  prec@K=0.0117  accepted=41  loss=nan  (0.3s)
Round   26/40  coverage=0.4288  prec@K=0.0159  accepted=56  loss=nan  (0.3s)
Round   27/40  coverage=0.4311  prec@K=0.0152  accepted=54  loss=nan  (0.3s)
Round   28/40  coverage=0.4330  prec@K=0.0131  accepted=47  loss=nan  (0.3s)
Round   29/40  coverage=0.4346  prec@K=0.0108  accepted=39  loss=nan  (0.3s)
Round   30/40  coverage=0.4365  prec@K=0.0127  accepted=45  loss=nan  (0.3s)
Round   31/40  coverage=0.4379  prec@K=0.0099  accepted=35  loss=nan  (0.5s)
Round   32/40  coverage=0.4395  prec@K=0.0106  accepted=38  loss=nan  (0.3s)
Round   33/40  coverage=0.4406  prec@K=0.0072  accepted=26  loss=nan  (0.3s)
Round   34/40  coverage=0.4418  prec@K=0.0082  accepted=29  loss=nan  (0.3s)
Round   35/40  coverage=0.4429  prec@K=0.0075  accepted=27  loss=nan  (0.3s)
Round   36/40  coverage=0.4440  prec@K=0.0073  accepted=26  loss=nan  (0.3s)
Round   37/40  coverage=0.4448  prec@K=0.0056  accepted=20  loss=nan  (0.4s)
Round   38/40  coverage=0.4453  prec@K=0.0036  accepted=13  loss=nan  (0.3s)
Round   39/40  coverage=0.4461  prec@K=0.0054  accepted=19  loss=nan  (0.3s)
Round   40/40  coverage=0.4473  prec@K=0.0082  accepted=29  loss=nan  (0.4s)

˝áąűŇŃĐ´Čë results\online\init_ratio_sweep_bitcoin_alpha\r030_aa/rounds.csv
