C:\conda\envs\gnn\lib\site-packages\requests\__init__.py:86: RequestsDependencyWarning: Unable to find acceptable character detection dependency (chardet or charset_normalizer).
  warnings.warn(
C:\conda\envs\gnn\lib\site-packages\outdated\__init__.py:36: UserWarning: pkg_resources is deprecated as an API. See https://setuptools.pypa.io/en/latest/pkg_resources.html. The pkg_resources package is slated for removal as early as 2025-11-30. Refrain from using this package or pin to Setuptools<81.
  from pkg_resources import parse_version
Round    1/40  coverage=0.3187  prec@K=0.1295  accepted=454  loss=nan  (0.1s)
Round    2/40  coverage=0.3427  prec@K=0.1640  accepted=579  loss=nan  (0.1s)
Round    3/40  coverage=0.3637  prec@K=0.1410  accepted=508  loss=nan  (0.1s)
Round    4/40  coverage=0.3834  prec@K=0.1311  accepted=478  loss=nan  (0.1s)
Round    5/40  coverage=0.4015  prec@K=0.1217  accepted=436  loss=nan  (0.1s)
Round    6/40  coverage=0.4192  prec@K=0.1189  accepted=429  loss=nan  (0.1s)
Round    7/40  coverage=0.4352  prec@K=0.1076  accepted=387  loss=nan  (0.1s)
Round    8/40  coverage=0.4502  prec@K=0.1019  accepted=363  loss=nan  (0.1s)
Round    9/40  coverage=0.4634  prec@K=0.0880  accepted=319  loss=nan  (0.1s)
Round   10/40  coverage=0.4738  prec@K=0.0693  accepted=251  loss=nan  (0.1s)
Round   11/40  coverage=0.4830  prec@K=0.0624  accepted=222  loss=nan  (0.3s)
Round   12/40  coverage=0.4928  prec@K=0.0653  accepted=238  loss=nan  (0.1s)
Round   13/40  coverage=0.5015  prec@K=0.0573  accepted=210  loss=nan  (0.1s)
Round   14/40  coverage=0.5099  prec@K=0.0569  accepted=204  loss=nan  (0.1s)
Round   15/40  coverage=0.5174  prec@K=0.0497  accepted=181  loss=nan  (0.1s)
Round   16/40  coverage=0.5244  prec@K=0.0479  accepted=169  loss=nan  (0.1s)
Round   17/40  coverage=0.5318  prec@K=0.0498  accepted=179  loss=nan  (0.2s)
Round   18/40  coverage=0.5375  prec@K=0.0386  accepted=139  loss=nan  (0.2s)
Round   19/40  coverage=0.5430  prec@K=0.0364  accepted=131  loss=nan  (0.2s)
Round   20/40  coverage=0.5485  prec@K=0.0369  accepted=133  loss=nan  (0.2s)
Round   21/40  coverage=0.5538  prec@K=0.0350  accepted=128  loss=nan  (0.3s)
Round   22/40  coverage=0.5588  prec@K=0.0336  accepted=123  loss=nan  (0.2s)
Round   23/40  coverage=0.5630  prec@K=0.0282  accepted=100  loss=nan  (0.2s)
Round   24/40  coverage=0.5662  prec@K=0.0217  accepted=78  loss=nan  (0.2s)
Round   25/40  coverage=0.5699  prec@K=0.0251  accepted=90  loss=nan  (0.2s)
Round   26/40  coverage=0.5733  prec@K=0.0228  accepted=81  loss=nan  (0.2s)
Round   27/40  coverage=0.5767  prec@K=0.0234  accepted=83  loss=nan  (0.2s)
Round   28/40  coverage=0.5799  prec@K=0.0218  accepted=78  loss=nan  (0.2s)
Round   29/40  coverage=0.5826  prec@K=0.0177  accepted=64  loss=nan  (0.2s)
Round   30/40  coverage=0.5848  prec@K=0.0149  accepted=54  loss=nan  (0.2s)
Round   31/40  coverage=0.5868  prec@K=0.0135  accepted=48  loss=nan  (0.4s)
Round   32/40  coverage=0.5889  prec@K=0.0142  accepted=51  loss=nan  (0.2s)
Round   33/40  coverage=0.5904  prec@K=0.0101  accepted=36  loss=nan  (0.2s)
Round   34/40  coverage=0.5920  prec@K=0.0109  accepted=39  loss=nan  (0.3s)
Round   35/40  coverage=0.5938  prec@K=0.0118  accepted=43  loss=nan  (0.3s)
Round   36/40  coverage=0.5955  prec@K=0.0117  accepted=42  loss=nan  (0.2s)
Round   37/40  coverage=0.5969  prec@K=0.0094  accepted=33  loss=nan  (0.2s)
Round   38/40  coverage=0.5979  prec@K=0.0073  accepted=26  loss=nan  (0.2s)
Round   39/40  coverage=0.5994  prec@K=0.0096  accepted=34  loss=nan  (0.3s)
Round   40/40  coverage=0.6004  prec@K=0.0073  accepted=26  loss=nan  (0.3s)

˝áąűŇŃĐ´Čë results\online\init_ratio_sweep_bitcoin_alpha\r030_ground_truth/rounds.csv
