C:\conda\envs\gnn\lib\site-packages\requests\__init__.py:86: RequestsDependencyWarning: Unable to find acceptable character detection dependency (chardet or charset_normalizer).
  warnings.warn(
C:\conda\envs\gnn\lib\site-packages\outdated\__init__.py:36: UserWarning: pkg_resources is deprecated as an API. See https://setuptools.pypa.io/en/latest/pkg_resources.html. The pkg_resources package is slated for removal as early as 2025-11-30. Refrain from using this package or pin to Setuptools<81.
  from pkg_resources import parse_version
Round    1/40  coverage=0.4058  prec@K=0.0407  accepted=141  loss=nan  (0.2s)
Round    2/40  coverage=0.4107  prec@K=0.0332  accepted=118  loss=nan  (0.1s)
Round    3/40  coverage=0.4164  prec@K=0.0389  accepted=137  loss=nan  (0.1s)
Round    4/40  coverage=0.4218  prec@K=0.0368  accepted=131  loss=nan  (0.1s)
Round    5/40  coverage=0.4276  prec@K=0.0392  accepted=140  loss=nan  (0.1s)
Round    6/40  coverage=0.4328  prec@K=0.0347  accepted=126  loss=nan  (0.1s)
Round    7/40  coverage=0.4385  prec@K=0.0387  accepted=138  loss=nan  (0.1s)
Round    8/40  coverage=0.4437  prec@K=0.0350  accepted=126  loss=nan  (0.1s)
Round    9/40  coverage=0.4482  prec@K=0.0304  accepted=108  loss=nan  (0.1s)
Round   10/40  coverage=0.4525  prec@K=0.0295  accepted=105  loss=nan  (0.1s)
Round   11/40  coverage=0.4558  prec@K=0.0222  accepted=79  loss=nan  (0.3s)
Round   12/40  coverage=0.4596  prec@K=0.0256  accepted=92  loss=nan  (0.2s)
Round   13/40  coverage=0.4632  prec@K=0.0244  accepted=87  loss=nan  (0.1s)
Round   14/40  coverage=0.4660  prec@K=0.0191  accepted=69  loss=nan  (0.2s)
Round   15/40  coverage=0.4687  prec@K=0.0180  accepted=64  loss=nan  (0.2s)
Round   16/40  coverage=0.4713  prec@K=0.0178  accepted=64  loss=nan  (0.2s)
Round   17/40  coverage=0.4735  prec@K=0.0150  accepted=54  loss=nan  (0.2s)
Round   18/40  coverage=0.4759  prec@K=0.0156  accepted=56  loss=nan  (0.2s)
Round   19/40  coverage=0.4777  prec@K=0.0126  accepted=45  loss=nan  (0.2s)
Round   20/40  coverage=0.4794  prec@K=0.0114  accepted=41  loss=nan  (0.2s)
Round   21/40  coverage=0.4812  prec@K=0.0119  accepted=43  loss=nan  (0.3s)
Round   22/40  coverage=0.4827  prec@K=0.0102  accepted=36  loss=nan  (0.2s)
Round   23/40  coverage=0.4843  prec@K=0.0109  accepted=39  loss=nan  (0.2s)
Round   24/40  coverage=0.4858  prec@K=0.0101  accepted=36  loss=nan  (0.2s)
Round   25/40  coverage=0.4876  prec@K=0.0118  accepted=43  loss=nan  (0.2s)
Round   26/40  coverage=0.4888  prec@K=0.0086  accepted=31  loss=nan  (0.2s)
Round   27/40  coverage=0.4897  prec@K=0.0059  accepted=21  loss=nan  (0.2s)
Round   28/40  coverage=0.4910  prec@K=0.0089  accepted=32  loss=nan  (0.2s)
Round   29/40  coverage=0.4924  prec@K=0.0090  accepted=32  loss=nan  (0.2s)
Round   30/40  coverage=0.4937  prec@K=0.0091  accepted=33  loss=nan  (0.2s)
Round   31/40  coverage=0.4947  prec@K=0.0070  accepted=25  loss=nan  (0.3s)
Round   32/40  coverage=0.4957  prec@K=0.0062  accepted=22  loss=nan  (0.2s)
Round   33/40  coverage=0.4969  prec@K=0.0087  accepted=31  loss=nan  (0.2s)
Round   34/40  coverage=0.4979  prec@K=0.0066  accepted=24  loss=nan  (0.2s)
Round   35/40  coverage=0.4988  prec@K=0.0059  accepted=21  loss=nan  (0.2s)
Round   36/40  coverage=0.4998  prec@K=0.0064  accepted=23  loss=nan  (0.2s)
Round   37/40  coverage=0.5005  prec@K=0.0050  accepted=18  loss=nan  (0.2s)
Round   38/40  coverage=0.5010  prec@K=0.0036  accepted=13  loss=nan  (0.2s)
Round   39/40  coverage=0.5014  prec@K=0.0028  accepted=10  loss=nan  (0.2s)
Round   40/40  coverage=0.5023  prec@K=0.0055  accepted=20  loss=nan  (0.2s)

˝áąűŇŃĐ´Čë results\online\init_ratio_sweep_bitcoin_alpha\r040_jaccard/rounds.csv
