C:\conda\envs\gnn\lib\site-packages\requests\__init__.py:86: RequestsDependencyWarning: Unable to find acceptable character detection dependency (chardet or charset_normalizer).
  warnings.warn(
C:\conda\envs\gnn\lib\site-packages\outdated\__init__.py:36: UserWarning: pkg_resources is deprecated as an API. See https://setuptools.pypa.io/en/latest/pkg_resources.html. The pkg_resources package is slated for removal as early as 2025-11-30. Refrain from using this package or pin to Setuptools<81.
  from pkg_resources import parse_version
Round    1/40  coverage=0.4026  prec@K=0.0182  accepted=63  loss=nan  (0.1s)
Round    2/40  coverage=0.4059  prec@K=0.0231  accepted=80  loss=nan  (0.0s)
Round    3/40  coverage=0.4086  prec@K=0.0185  accepted=65  loss=nan  (0.0s)
Round    4/40  coverage=0.4114  prec@K=0.0193  accepted=69  loss=nan  (0.1s)
Round    5/40  coverage=0.4153  prec@K=0.0266  accepted=94  loss=nan  (0.1s)
Round    6/40  coverage=0.4182  prec@K=0.0194  accepted=69  loss=nan  (0.1s)
Round    7/40  coverage=0.4209  prec@K=0.0183  accepted=65  loss=nan  (0.1s)
Round    8/40  coverage=0.4233  prec@K=0.0164  accepted=58  loss=nan  (0.1s)
Round    9/40  coverage=0.4256  prec@K=0.0157  accepted=56  loss=nan  (0.1s)
Round   10/40  coverage=0.4285  prec@K=0.0198  accepted=70  loss=nan  (0.1s)
Round   11/40  coverage=0.4314  prec@K=0.0202  accepted=71  loss=nan  (0.2s)
Round   12/40  coverage=0.4339  prec@K=0.0168  accepted=60  loss=nan  (0.1s)
Round   13/40  coverage=0.4361  prec@K=0.0148  accepted=53  loss=nan  (0.1s)
Round   14/40  coverage=0.4383  prec@K=0.0148  accepted=53  loss=nan  (0.1s)
Round   15/40  coverage=0.4408  prec@K=0.0169  accepted=60  loss=nan  (0.1s)
Round   16/40  coverage=0.4434  prec@K=0.0177  accepted=63  loss=nan  (0.1s)
Round   17/40  coverage=0.4455  prec@K=0.0146  accepted=52  loss=nan  (0.1s)
Round   18/40  coverage=0.4473  prec@K=0.0125  accepted=44  loss=nan  (0.2s)
Round   19/40  coverage=0.4497  prec@K=0.0160  accepted=57  loss=nan  (0.1s)
Round   20/40  coverage=0.4518  prec@K=0.0143  accepted=51  loss=nan  (0.1s)
Round   21/40  coverage=0.4543  prec@K=0.0170  accepted=61  loss=nan  (0.3s)
Round   22/40  coverage=0.4572  prec@K=0.0196  accepted=70  loss=nan  (0.2s)
Round   23/40  coverage=0.4591  prec@K=0.0132  accepted=47  loss=nan  (0.2s)
Round   24/40  coverage=0.4618  prec@K=0.0181  accepted=65  loss=nan  (0.2s)
Round   25/40  coverage=0.4639  prec@K=0.0142  accepted=51  loss=nan  (0.2s)
Round   26/40  coverage=0.4657  prec@K=0.0121  accepted=43  loss=nan  (0.2s)
Round   27/40  coverage=0.4682  prec@K=0.0169  accepted=60  loss=nan  (0.2s)
Round   28/40  coverage=0.4699  prec@K=0.0113  accepted=41  loss=nan  (0.2s)
Round   29/40  coverage=0.4723  prec@K=0.0160  accepted=58  loss=nan  (0.2s)
Round   30/40  coverage=0.4746  prec@K=0.0158  accepted=56  loss=nan  (0.2s)
Round   31/40  coverage=0.4772  prec@K=0.0175  accepted=62  loss=nan  (0.3s)
Round   32/40  coverage=0.4791  prec@K=0.0129  accepted=46  loss=nan  (0.2s)
Round   33/40  coverage=0.4814  prec@K=0.0156  accepted=57  loss=nan  (0.2s)
Round   34/40  coverage=0.4834  prec@K=0.0131  accepted=47  loss=nan  (0.2s)
Round   35/40  coverage=0.4852  prec@K=0.0123  accepted=45  loss=nan  (0.2s)
Round   36/40  coverage=0.4874  prec@K=0.0144  accepted=52  loss=nan  (0.2s)
Round   37/40  coverage=0.4893  prec@K=0.0131  accepted=47  loss=nan  (0.2s)
Round   38/40  coverage=0.4912  prec@K=0.0121  accepted=44  loss=nan  (0.2s)
Round   39/40  coverage=0.4927  prec@K=0.0103  accepted=37  loss=nan  (0.2s)
Round   40/40  coverage=0.4946  prec@K=0.0127  accepted=46  loss=nan  (0.2s)

˝áąűŇŃĐ´Čë results\online\init_ratio_sweep_bitcoin_alpha\r040_random/rounds.csv
