C:\conda\envs\gnn\lib\site-packages\requests\__init__.py:86: RequestsDependencyWarning: Unable to find acceptable character detection dependency (chardet or charset_normalizer).
  warnings.warn(
C:\conda\envs\gnn\lib\site-packages\outdated\__init__.py:36: UserWarning: pkg_resources is deprecated as an API. See https://setuptools.pypa.io/en/latest/pkg_resources.html. The pkg_resources package is slated for removal as early as 2025-11-30. Refrain from using this package or pin to Setuptools<81.
  from pkg_resources import parse_version
Round    1/40  coverage=0.8024  prec@K=0.0166  accepted=60  loss=nan  (0.3s)
Round    2/40  coverage=0.8050  prec@K=0.0167  accepted=61  loss=nan  (0.1s)
Round    3/40  coverage=0.8077  prec@K=0.0184  accepted=67  loss=nan  (0.1s)
Round    4/40  coverage=0.8100  prec@K=0.0150  accepted=54  loss=nan  (0.1s)
Round    5/40  coverage=0.8117  prec@K=0.0113  accepted=41  loss=nan  (0.1s)
Round    6/40  coverage=0.8139  prec@K=0.0150  accepted=54  loss=nan  (0.1s)
Round    7/40  coverage=0.8158  prec@K=0.0123  accepted=45  loss=nan  (0.1s)
Round    8/40  coverage=0.8181  prec@K=0.0153  accepted=56  loss=nan  (0.1s)
Round    9/40  coverage=0.8202  prec@K=0.0140  accepted=51  loss=nan  (0.1s)
Round   10/40  coverage=0.8224  prec@K=0.0147  accepted=54  loss=nan  (0.1s)
Round   11/40  coverage=0.8244  prec@K=0.0132  accepted=48  loss=nan  (0.3s)
Round   12/40  coverage=0.8261  prec@K=0.0109  accepted=40  loss=nan  (0.1s)
Round   13/40  coverage=0.8280  prec@K=0.0125  accepted=46  loss=nan  (0.1s)
Round   14/40  coverage=0.8296  prec@K=0.0109  accepted=40  loss=nan  (0.1s)
Round   15/40  coverage=0.8314  prec@K=0.0120  accepted=44  loss=nan  (0.1s)
Round   16/40  coverage=0.8332  prec@K=0.0117  accepted=43  loss=nan  (0.1s)
Round   17/40  coverage=0.8346  prec@K=0.0091  accepted=33  loss=nan  (0.1s)
Round   18/40  coverage=0.8357  prec@K=0.0077  accepted=28  loss=nan  (0.1s)
Round   19/40  coverage=0.8369  prec@K=0.0077  accepted=28  loss=nan  (0.1s)
Round   20/40  coverage=0.8381  prec@K=0.0083  accepted=30  loss=nan  (0.1s)
Round   21/40  coverage=0.8391  prec@K=0.0066  accepted=24  loss=nan  (0.4s)
Round   22/40  coverage=0.8400  prec@K=0.0060  accepted=22  loss=nan  (0.1s)
Round   23/40  coverage=0.8411  prec@K=0.0071  accepted=26  loss=nan  (0.1s)
Round   24/40  coverage=0.8419  prec@K=0.0052  accepted=19  loss=nan  (0.1s)
Round   25/40  coverage=0.8430  prec@K=0.0074  accepted=27  loss=nan  (0.1s)
Round   26/40  coverage=0.8441  prec@K=0.0071  accepted=26  loss=nan  (0.1s)
Round   27/40  coverage=0.8450  prec@K=0.0062  accepted=23  loss=nan  (0.1s)
Round   28/40  coverage=0.8458  prec@K=0.0050  accepted=18  loss=nan  (0.1s)
Round   29/40  coverage=0.8465  prec@K=0.0046  accepted=17  loss=nan  (0.1s)
Round   30/40  coverage=0.8471  prec@K=0.0041  accepted=15  loss=nan  (0.1s)
Round   31/40  coverage=0.8477  prec@K=0.0041  accepted=15  loss=nan  (0.4s)
Round   32/40  coverage=0.8483  prec@K=0.0035  accepted=13  loss=nan  (0.2s)
Round   33/40  coverage=0.8490  prec@K=0.0047  accepted=17  loss=nan  (0.2s)
Round   34/40  coverage=0.8495  prec@K=0.0038  accepted=14  loss=nan  (0.1s)
Round   35/40  coverage=0.8502  prec@K=0.0044  accepted=16  loss=nan  (0.1s)
Round   36/40  coverage=0.8509  prec@K=0.0046  accepted=17  loss=nan  (0.2s)
Round   37/40  coverage=0.8515  prec@K=0.0041  accepted=15  loss=nan  (0.2s)
Round   38/40  coverage=0.8520  prec@K=0.0033  accepted=12  loss=nan  (0.2s)
Round   39/40  coverage=0.8524  prec@K=0.0024  accepted=9  loss=nan  (0.1s)
Round   40/40  coverage=0.8529  prec@K=0.0036  accepted=13  loss=nan  (0.1s)

˝áąűŇŃĐ´Čë results\online\init_ratio_sweep_bitcoin_alpha\r080_cn/rounds.csv
