C:\conda\envs\gnn\lib\site-packages\requests\__init__.py:86: RequestsDependencyWarning: Unable to find acceptable character detection dependency (chardet or charset_normalizer).
  warnings.warn(
C:\conda\envs\gnn\lib\site-packages\outdated\__init__.py:36: UserWarning: pkg_resources is deprecated as an API. See https://setuptools.pypa.io/en/latest/pkg_resources.html. The pkg_resources package is slated for removal as early as 2025-11-30. Refrain from using this package or pin to Setuptools<81.
  from pkg_resources import parse_version
Round    1/30  coverage=0.2509  prec@K=0.0107  accepted=19  loss=nan  (0.2s)
Round    2/30  coverage=0.2516  prec@K=0.0078  accepted=14  loss=nan  (0.0s)
Round    3/30  coverage=0.2533  prec@K=0.0183  accepted=33  loss=nan  (0.0s)
Round    4/30  coverage=0.2547  prec@K=0.0170  accepted=30  loss=nan  (0.0s)
Round    5/30  coverage=0.2562  prec@K=0.0167  accepted=29  loss=nan  (0.0s)
Round    6/30  coverage=0.2568  prec@K=0.0079  accepted=14  loss=nan  (0.0s)
Round    7/30  coverage=0.2576  prec@K=0.0090  accepted=16  loss=nan  (0.0s)
Round    8/30  coverage=0.2583  prec@K=0.0078  accepted=14  loss=nan  (0.1s)
Round    9/30  coverage=0.2593  prec@K=0.0106  accepted=19  loss=nan  (0.1s)
Round   10/30  coverage=0.2601  prec@K=0.0089  accepted=16  loss=nan  (0.1s)
Round   11/30  coverage=0.2612  prec@K=0.0132  accepted=24  loss=nan  (0.1s)
Round   12/30  coverage=0.2621  prec@K=0.0099  accepted=18  loss=nan  (0.1s)
Round   13/30  coverage=0.2628  prec@K=0.0079  accepted=14  loss=nan  (0.1s)
Round   14/30  coverage=0.2636  prec@K=0.0090  accepted=16  loss=nan  (0.1s)
Round   15/30  coverage=0.2648  prec@K=0.0134  accepted=24  loss=nan  (0.1s)
Round   16/30  coverage=0.2660  prec@K=0.0134  accepted=24  loss=nan  (0.1s)
Round   17/30  coverage=0.2666  prec@K=0.0068  accepted=12  loss=nan  (0.1s)
Round   18/30  coverage=0.2673  prec@K=0.0091  accepted=16  loss=nan  (0.1s)
Round   19/30  coverage=0.2682  prec@K=0.0095  accepted=17  loss=nan  (0.1s)
Round   20/30  coverage=0.2690  prec@K=0.0094  accepted=17  loss=nan  (0.1s)
Round   21/30  coverage=0.2700  prec@K=0.0110  accepted=19  loss=nan  (0.2s)
Round   22/30  coverage=0.2705  prec@K=0.0066  accepted=12  loss=nan  (0.1s)
Round   23/30  coverage=0.2714  prec@K=0.0096  accepted=17  loss=nan  (0.1s)
Round   24/30  coverage=0.2719  prec@K=0.0056  accepted=10  loss=nan  (0.1s)
Round   25/30  coverage=0.2726  prec@K=0.0084  accepted=15  loss=nan  (0.1s)
Round   26/30  coverage=0.2733  prec@K=0.0075  accepted=13  loss=nan  (0.1s)
Round   27/30  coverage=0.2741  prec@K=0.0104  accepted=18  loss=nan  (0.1s)
Round   28/30  coverage=0.2746  prec@K=0.0057  accepted=10  loss=nan  (0.1s)
Round   29/30  coverage=0.2751  prec@K=0.0050  accepted=9  loss=nan  (0.2s)
Round   30/30  coverage=0.2753  prec@K=0.0023  accepted=4  loss=nan  (0.2s)

结果已写入 results\online\algo_sweep_college_msg_v2_s2\college_msg_random/rounds.csv
