C:\conda\envs\gnn\lib\site-packages\requests\__init__.py:86: RequestsDependencyWarning: Unable to find acceptable character detection dependency (chardet or charset_normalizer).
  warnings.warn(
C:\conda\envs\gnn\lib\site-packages\outdated\__init__.py:36: UserWarning: pkg_resources is deprecated as an API. See https://setuptools.pypa.io/en/latest/pkg_resources.html. The pkg_resources package is slated for removal as early as 2025-11-30. Refrain from using this package or pin to Setuptools<81.
  from pkg_resources import parse_version
Round    1/30  coverage=0.2515  prec@K=0.0226  accepted=152  loss=0.6728  (53.6s)
Round    2/30  coverage=0.2527  prec@K=0.0198  accepted=132  loss=0.6686  (20.8s)
Round    3/30  coverage=0.2539  prec@K=0.0184  accepted=124  loss=0.6646  (49.6s)
Round    4/30  coverage=0.2553  prec@K=0.0214  accepted=145  loss=0.6611  (17.9s)
Round    5/30  coverage=0.2566  prec@K=0.0193  accepted=129  loss=0.6569  (37.8s)
Round    6/30  coverage=0.2575  prec@K=0.0135  accepted=92  loss=0.6521  (56.8s)
Round    7/30  coverage=0.2588  prec@K=0.0207  accepted=139  loss=0.6491  (52.4s)
Round    8/30  coverage=0.2599  prec@K=0.0167  accepted=112  loss=0.6444  (14.8s)
Round    9/30  coverage=0.2609  prec@K=0.0157  accepted=106  loss=0.6398  (39.1s)
Round   10/30  coverage=0.2619  prec@K=0.0148  accepted=101  loss=0.6358  (46.4s)
Round   11/30  coverage=0.2630  prec@K=0.0166  accepted=113  loss=0.6322  (55.5s)
Round   12/30  coverage=0.2638  prec@K=0.0121  accepted=82  loss=0.6269  (22.5s)
Round   13/30  coverage=0.2646  prec@K=0.0124  accepted=83  loss=0.6230  (47.1s)
Round   14/30  coverage=0.2656  prec@K=0.0159  accepted=106  loss=0.6202  (44.3s)
Round   15/30  coverage=0.2665  prec@K=0.0139  accepted=94  loss=0.6156  (56.9s)
Round   16/30  coverage=0.2673  prec@K=0.0119  accepted=80  loss=0.6120  (32.9s)
Round   17/30  coverage=0.2681  prec@K=0.0124  accepted=82  loss=0.6077  (43.0s)
Round   18/30  coverage=0.2690  prec@K=0.0151  accepted=101  loss=0.6053  (85.1s)
Round   19/30  coverage=0.2699  prec@K=0.0134  accepted=90  loss=0.6006  (23.7s)
Round   20/30  coverage=0.2709  prec@K=0.0155  accepted=105  loss=0.5983  (32.8s)
Round   21/30  coverage=0.2717  prec@K=0.0126  accepted=86  loss=0.5949  (61.9s)
Round   22/30  coverage=0.2726  prec@K=0.0134  accepted=90  loss=0.5910  (31.8s)
Round   23/30  coverage=0.2734  prec@K=0.0122  accepted=81  loss=0.5869  (50.0s)
Round   24/30  coverage=0.2740  prec@K=0.0094  accepted=63  loss=0.5814  (59.1s)
Round   25/30  coverage=0.2746  prec@K=0.0096  accepted=65  loss=0.5788  (54.2s)
Round   26/30  coverage=0.2754  prec@K=0.0115  accepted=77  loss=0.5760  (72.3s)
Round   27/30  coverage=0.2758  prec@K=0.0075  accepted=50  loss=0.5704  (62.8s)
Round   28/30  coverage=0.2764  prec@K=0.0092  accepted=62  loss=0.5683  (38.7s)
Round   29/30  coverage=0.2770  prec@K=0.0087  accepted=59  loss=0.5640  (56.2s)
Round   30/30  coverage=0.2776  prec@K=0.0086  accepted=58  loss=0.5616  (27.8s)

结果已写入 results\online\algo_sweep_wiki_vote_v2_constlr_s0\wiki_vote_gnn_sum/rounds.csv
