C:\conda\envs\gnn\lib\site-packages\requests\__init__.py:86: RequestsDependencyWarning: Unable to find acceptable character detection dependency (chardet or charset_normalizer).
  warnings.warn(
C:\conda\envs\gnn\lib\site-packages\outdated\__init__.py:36: UserWarning: pkg_resources is deprecated as an API. See https://setuptools.pypa.io/en/latest/pkg_resources.html. The pkg_resources package is slated for removal as early as 2025-11-30. Refrain from using this package or pin to Setuptools<81.
  from pkg_resources import parse_version
Round    1/30  coverage=0.2519  prec@K=0.0498  accepted=48  loss=0.7437  (0.5s)
Round    2/30  coverage=0.2533  prec@K=0.0368  accepted=35  loss=0.7445  (0.2s)
Round    3/30  coverage=0.2548  prec@K=0.0370  accepted=36  loss=0.7412  (0.2s)
Round    4/30  coverage=0.2561  prec@K=0.0339  accepted=33  loss=0.7357  (0.2s)
Round    5/30  coverage=0.2576  prec@K=0.0387  accepted=37  loss=0.7286  (0.2s)
Round    6/30  coverage=0.2585  prec@K=0.0231  accepted=22  loss=0.7219  (0.2s)
Round    7/30  coverage=0.2594  prec@K=0.0236  accepted=23  loss=0.7130  (0.2s)
Round    8/30  coverage=0.2606  prec@K=0.0312  accepted=30  loss=0.7049  (0.2s)
Round    9/30  coverage=0.2612  prec@K=0.0166  accepted=16  loss=0.6969  (0.2s)
Round   10/30  coverage=0.2618  prec@K=0.0154  accepted=15  loss=0.6885  (0.2s)
Round   11/30  coverage=0.2626  prec@K=0.0210  accepted=20  loss=0.6821  (0.2s)
Round   12/30  coverage=0.2650  prec@K=0.0602  accepted=58  loss=0.6760  (0.2s)
Round   13/30  coverage=0.2680  prec@K=0.0790  accepted=77  loss=0.6716  (0.3s)
Round   14/30  coverage=0.2707  prec@K=0.0696  accepted=67  loss=0.6679  (0.2s)
Round   15/30  coverage=0.2733  prec@K=0.0683  accepted=65  loss=0.6660  (0.2s)
Round   16/30  coverage=0.2755  prec@K=0.0548  accepted=53  loss=0.6600  (0.2s)
Round   17/30  coverage=0.2779  prec@K=0.0645  accepted=62  loss=0.6596  (0.2s)
Round   18/30  coverage=0.2798  prec@K=0.0484  accepted=47  loss=0.6542  (0.2s)
Round   19/30  coverage=0.2823  prec@K=0.0631  accepted=61  loss=0.6545  (0.2s)
Round   20/30  coverage=0.2847  prec@K=0.0619  accepted=60  loss=0.6525  (0.2s)
Round   21/30  coverage=0.2871  prec@K=0.0622  accepted=60  loss=0.6490  (0.3s)
Round   22/30  coverage=0.2894  prec@K=0.0602  accepted=58  loss=0.6476  (0.2s)
Round   23/30  coverage=0.2916  prec@K=0.0575  accepted=55  loss=0.6462  (0.2s)
Round   24/30  coverage=0.2934  prec@K=0.0465  accepted=45  loss=0.6430  (0.2s)
Round   25/30  coverage=0.2948  prec@K=0.0372  accepted=35  loss=0.6407  (0.2s)
Round   26/30  coverage=0.2966  prec@K=0.0460  accepted=45  loss=0.6420  (0.2s)
Round   27/30  coverage=0.2982  prec@K=0.0398  accepted=38  loss=0.6410  (0.2s)
Round   28/30  coverage=0.2992  prec@K=0.0269  accepted=26  loss=0.6395  (0.2s)
Round   29/30  coverage=0.3006  prec@K=0.0351  accepted=34  loss=0.6387  (0.2s)
Round   30/30  coverage=0.3013  prec@K=0.0197  accepted=19  loss=0.6359  (0.2s)

结果已写入 results\online\algo_sweep_email_eu_v2_s1\email_eu_gnn_concat_h8/rounds.csv
