C:\conda\envs\gnn\lib\site-packages\requests\__init__.py:86: RequestsDependencyWarning: Unable to find acceptable character detection dependency (chardet or charset_normalizer).
  warnings.warn(
C:\conda\envs\gnn\lib\site-packages\outdated\__init__.py:36: UserWarning: pkg_resources is deprecated as an API. See https://setuptools.pypa.io/en/latest/pkg_resources.html. The pkg_resources package is slated for removal as early as 2025-11-30. Refrain from using this package or pin to Setuptools<81.
  from pkg_resources import parse_version
Round    1/30  coverage=0.2601  prec@K=0.2614  accepted=252  loss=nan  (0.1s)
Round    2/30  coverage=0.2684  prec@K=0.2166  accepted=206  loss=nan  (0.0s)
Round    3/30  coverage=0.2783  prec@K=0.2546  accepted=248  loss=nan  (0.0s)
Round    4/30  coverage=0.2853  prec@K=0.1799  accepted=175  loss=nan  (0.0s)
Round    5/30  coverage=0.2954  prec@K=0.2626  accepted=251  loss=nan  (0.0s)
Round    6/30  coverage=0.3032  prec@K=0.2036  accepted=194  loss=nan  (0.0s)
Round    7/30  coverage=0.3106  prec@K=0.1883  accepted=184  loss=nan  (0.0s)
Round    8/30  coverage=0.3187  prec@K=0.2110  accepted=203  loss=nan  (0.0s)
Round    9/30  coverage=0.3268  prec@K=0.2081  accepted=201  loss=nan  (0.1s)
Round   10/30  coverage=0.3334  prec@K=0.1698  accepted=165  loss=nan  (0.0s)
Round   11/30  coverage=0.3403  prec@K=0.1804  accepted=173  loss=nan  (0.1s)
Round   12/30  coverage=0.3479  prec@K=0.1957  accepted=190  loss=nan  (0.0s)
Round   13/30  coverage=0.3555  prec@K=0.1929  accepted=189  loss=nan  (0.0s)
Round   14/30  coverage=0.3623  prec@K=0.1765  accepted=170  loss=nan  (0.0s)
Round   15/30  coverage=0.3691  prec@K=0.1759  accepted=169  loss=nan  (0.0s)
Round   16/30  coverage=0.3759  prec@K=0.1748  accepted=169  loss=nan  (0.0s)
Round   17/30  coverage=0.3808  prec@K=0.1263  accepted=122  loss=nan  (0.0s)
Round   18/30  coverage=0.3863  prec@K=0.1412  accepted=138  loss=nan  (0.1s)
Round   19/30  coverage=0.3926  prec@K=0.1619  accepted=157  loss=nan  (0.0s)
Round   20/30  coverage=0.3984  prec@K=0.1469  accepted=144  loss=nan  (0.0s)
Round   21/30  coverage=0.4042  prec@K=0.1494  accepted=144  loss=nan  (0.2s)
Round   22/30  coverage=0.4101  prec@K=0.1509  accepted=147  loss=nan  (0.1s)
Round   23/30  coverage=0.4159  prec@K=0.1503  accepted=145  loss=nan  (0.0s)
Round   24/30  coverage=0.4222  prec@K=0.1609  accepted=157  loss=nan  (0.1s)
Round   25/30  coverage=0.4281  prec@K=0.1547  accepted=147  loss=nan  (0.1s)
Round   26/30  coverage=0.4329  prec@K=0.1235  accepted=121  loss=nan  (0.1s)
Round   27/30  coverage=0.4375  prec@K=0.1182  accepted=113  loss=nan  (0.1s)
Round   28/30  coverage=0.4416  prec@K=0.1064  accepted=102  loss=nan  (0.0s)
Round   29/30  coverage=0.4467  prec@K=0.1320  accepted=129  loss=nan  (0.1s)
Round   30/30  coverage=0.4517  prec@K=0.1284  accepted=124  loss=nan  (0.1s)

结果已写入 results\online\algo_sweep_email_eu_v2_s1\email_eu_jaccard/rounds.csv
