C:\conda\envs\gnn\lib\site-packages\requests\__init__.py:86: RequestsDependencyWarning: Unable to find acceptable character detection dependency (chardet or charset_normalizer).
  warnings.warn(
C:\conda\envs\gnn\lib\site-packages\outdated\__init__.py:36: UserWarning: pkg_resources is deprecated as an API. See https://setuptools.pypa.io/en/latest/pkg_resources.html. The pkg_resources package is slated for removal as early as 2025-11-30. Refrain from using this package or pin to Setuptools<81.
  from pkg_resources import parse_version
Round    1/30  coverage=0.2514  prec@K=0.0353  accepted=34  loss=0.7273  (0.9s)
Round    2/30  coverage=0.2530  prec@K=0.0421  accepted=40  loss=0.7114  (0.4s)
Round    3/30  coverage=0.2567  prec@K=0.0966  accepted=94  loss=0.6897  (0.4s)
Round    4/30  coverage=0.2612  prec@K=0.1141  accepted=111  loss=0.6689  (0.5s)
Round    5/30  coverage=0.2656  prec@K=0.1141  accepted=109  loss=0.6428  (0.4s)
Round    6/30  coverage=0.2681  prec@K=0.0661  accepted=63  loss=0.6067  (0.4s)
Round    7/30  coverage=0.2708  prec@K=0.0708  accepted=69  loss=0.5730  (0.4s)
Round    8/30  coverage=0.2737  prec@K=0.0730  accepted=70  loss=0.5422  (0.4s)
Round    9/30  coverage=0.2755  prec@K=0.0488  accepted=47  loss=0.4967  (0.5s)
Round   10/30  coverage=0.2770  prec@K=0.0381  accepted=37  loss=0.4595  (0.4s)
Round   11/30  coverage=0.2789  prec@K=0.0483  accepted=46  loss=0.4446  (0.5s)
Round   12/30  coverage=0.2806  prec@K=0.0439  accepted=42  loss=0.3999  (0.5s)
Round   13/30  coverage=0.2822  prec@K=0.0408  accepted=40  loss=0.3614  (0.5s)
Round   14/30  coverage=0.2836  prec@K=0.0384  accepted=37  loss=0.3439  (0.6s)
Round   15/30  coverage=0.2846  prec@K=0.0240  accepted=23  loss=0.2955  (0.6s)
Round   16/30  coverage=0.2855  prec@K=0.0227  accepted=22  loss=0.2689  (3.7s)
Round   17/30  coverage=0.2865  prec@K=0.0281  accepted=27  loss=0.2665  (0.2s)
Round   18/30  coverage=0.2872  prec@K=0.0175  accepted=17  loss=0.2272  (0.3s)
Round   19/30  coverage=0.2882  prec@K=0.0248  accepted=24  loss=0.2293  (0.3s)
Round   20/30  coverage=0.2890  prec@K=0.0206  accepted=20  loss=0.2106  (0.3s)
Round   21/30  coverage=0.2898  prec@K=0.0207  accepted=20  loss=0.1937  (0.3s)
Round   22/30  coverage=0.2904  prec@K=0.0156  accepted=15  loss=0.1767  (0.3s)
Round   23/30  coverage=0.2913  prec@K=0.0249  accepted=24  loss=0.1945  (0.3s)
Round   24/30  coverage=0.2922  prec@K=0.0227  accepted=22  loss=0.1830  (0.3s)
Round   25/30  coverage=0.2928  prec@K=0.0160  accepted=15  loss=0.1656  (0.3s)
Round   26/30  coverage=0.2935  prec@K=0.0163  accepted=16  loss=0.1629  (0.3s)
Round   27/30  coverage=0.2940  prec@K=0.0126  accepted=12  loss=0.1512  (0.3s)
Round   28/30  coverage=0.2943  prec@K=0.0083  accepted=8  loss=0.1384  (0.3s)
Round   29/30  coverage=0.2950  prec@K=0.0186  accepted=18  loss=0.1664  (0.3s)
Round   30/30  coverage=0.2954  prec@K=0.0104  accepted=10  loss=0.1402  (0.3s)

结果已写入 results\online\algo_sweep_email_eu_v2_s1\email_eu_gnn_concat/rounds.csv
