C:\conda\envs\gnn\lib\site-packages\requests\__init__.py:86: RequestsDependencyWarning: Unable to find acceptable character detection dependency (chardet or charset_normalizer).
  warnings.warn(
C:\conda\envs\gnn\lib\site-packages\outdated\__init__.py:36: UserWarning: pkg_resources is deprecated as an API. See https://setuptools.pypa.io/en/latest/pkg_resources.html. The pkg_resources package is slated for removal as early as 2025-11-30. Refrain from using this package or pin to Setuptools<81.
  from pkg_resources import parse_version
Round    1/100  coverage=0.2579  prec@K=0.2067  accepted=197  loss=0.7064  (0.4s)
Round    2/100  coverage=0.2649  prec@K=0.1831  accepted=175  loss=0.7042  (0.2s)
Round    3/100  coverage=0.2703  prec@K=0.1380  accepted=134  loss=0.6996  (0.2s)
Round    4/100  coverage=0.2747  prec@K=0.1125  accepted=109  loss=0.6897  (0.2s)
Round    5/100  coverage=0.2781  prec@K=0.0880  accepted=85  loss=0.6788  (0.2s)
Round    6/100  coverage=0.2814  prec@K=0.0837  accepted=82  loss=0.6630  (0.2s)
Round    7/100  coverage=0.2841  prec@K=0.0725  accepted=69  loss=0.6479  (0.2s)
Round    8/100  coverage=0.2876  prec@K=0.0893  accepted=86  loss=0.6360  (0.2s)
Round    9/100  coverage=0.2910  prec@K=0.0867  accepted=85  loss=0.6219  (0.2s)
Round   10/100  coverage=0.2943  prec@K=0.0847  accepted=83  loss=0.6087  (0.2s)
Round   11/100  coverage=0.2988  prec@K=0.1164  accepted=113  loss=0.6027  (0.4s)
Round   12/100  coverage=0.3029  prec@K=0.1049  accepted=100  loss=0.5877  (0.2s)
Round   13/100  coverage=0.3065  prec@K=0.0930  accepted=91  loss=0.5717  (0.2s)
Round   14/100  coverage=0.3097  prec@K=0.0813  accepted=79  loss=0.5539  (0.2s)
Round   15/100  coverage=0.3125  prec@K=0.0729  accepted=70  loss=0.5396  (0.2s)
Round   16/100  coverage=0.3145  prec@K=0.0528  accepted=51  loss=0.5213  (0.2s)
Round   17/100  coverage=0.3165  prec@K=0.0515  accepted=50  loss=0.5095  (0.2s)
Round   18/100  coverage=0.3185  prec@K=0.0494  accepted=48  loss=0.4898  (0.2s)
Round   19/100  coverage=0.3199  prec@K=0.0378  accepted=37  loss=0.4747  (0.2s)
Round   20/100  coverage=0.3222  prec@K=0.0571  accepted=55  loss=0.4676  (0.2s)
Round   21/100  coverage=0.3241  prec@K=0.0504  accepted=49  loss=0.4533  (0.3s)
Round   22/100  coverage=0.3255  prec@K=0.0350  accepted=34  loss=0.4279  (0.2s)
Round   23/100  coverage=0.3270  prec@K=0.0393  accepted=38  loss=0.4179  (0.2s)
Round   24/100  coverage=0.3290  prec@K=0.0502  accepted=49  loss=0.4116  (0.2s)
Round   25/100  coverage=0.3305  prec@K=0.0381  accepted=37  loss=0.3893  (0.2s)
Round   26/100  coverage=0.3315  prec@K=0.0265  accepted=26  loss=0.3723  (0.2s)
Round   27/100  coverage=0.3333  prec@K=0.0459  accepted=45  loss=0.3745  (0.2s)
Round   28/100  coverage=0.3358  prec@K=0.0644  accepted=62  loss=0.3782  (0.2s)
Round   29/100  coverage=0.3384  prec@K=0.0665  accepted=65  loss=0.3721  (0.2s)
Round   30/100  coverage=0.3404  prec@K=0.0520  accepted=51  loss=0.3455  (0.2s)
Round   31/100  coverage=0.3425  prec@K=0.0524  accepted=51  loss=0.3334  (0.3s)
Round   32/100  coverage=0.3443  prec@K=0.0463  accepted=45  loss=0.3139  (0.2s)
Round   33/100  coverage=0.3460  prec@K=0.0439  accepted=43  loss=0.2999  (0.2s)
Round   34/100  coverage=0.3477  prec@K=0.0439  accepted=43  loss=0.2925  (0.3s)
Round   35/100  coverage=0.3490  prec@K=0.0319  accepted=31  loss=0.2659  (0.3s)
Round   36/100  coverage=0.3505  prec@K=0.0391  accepted=38  loss=0.2658  (0.3s)
Round   37/100  coverage=0.3519  prec@K=0.0349  accepted=34  loss=0.2517  (0.3s)
Round   38/100  coverage=0.3534  prec@K=0.0378  accepted=37  loss=0.2517  (0.2s)
Round   39/100  coverage=0.3544  prec@K=0.0265  accepted=26  loss=0.2259  (0.2s)
Round   40/100  coverage=0.3553  prec@K=0.0237  accepted=23  loss=0.2138  (0.2s)
Round   41/100  coverage=0.3563  prec@K=0.0237  accepted=23  loss=0.2055  (0.3s)
Round   42/100  coverage=0.3575  prec@K=0.0327  accepted=32  loss=0.2182  (0.2s)
Round   43/100  coverage=0.3584  prec@K=0.0214  accepted=21  loss=0.1877  (0.2s)
Round   44/100  coverage=0.3593  prec@K=0.0224  accepted=22  loss=0.1830  (0.2s)
Round   45/100  coverage=0.3601  prec@K=0.0225  accepted=22  loss=0.1790  (0.2s)
Round   46/100  coverage=0.3608  prec@K=0.0173  accepted=17  loss=0.1636  (0.2s)
Round   47/100  coverage=0.3617  prec@K=0.0236  accepted=23  loss=0.1703  (0.2s)
Round   48/100  coverage=0.3628  prec@K=0.0255  accepted=25  loss=0.1699  (0.3s)
Round   49/100  coverage=0.3636  prec@K=0.0224  accepted=22  loss=0.1598  (0.3s)
Round   50/100  coverage=0.3646  prec@K=0.0237  accepted=23  loss=0.1577  (0.2s)
Round   51/100  coverage=0.3654  prec@K=0.0226  accepted=22  loss=0.1538  (0.4s)
Round   52/100  coverage=0.3661  prec@K=0.0175  accepted=17  loss=0.1387  (0.2s)
Round   53/100  coverage=0.3670  prec@K=0.0237  accepted=23  loss=0.1499  (0.2s)
Round   54/100  coverage=0.3682  prec@K=0.0286  accepted=28  loss=0.1599  (0.3s)
Round   55/100  coverage=0.3692  prec@K=0.0268  accepted=26  loss=0.1530  (0.2s)
Round   56/100  coverage=0.3697  prec@K=0.0133  accepted=13  loss=0.1173  (0.3s)
Round   57/100  coverage=0.3703  prec@K=0.0145  accepted=14  loss=0.1174  (0.2s)
Round   58/100  coverage=0.3707  prec@K=0.0104  accepted=10  loss=0.1062  (0.2s)
Round   59/100  coverage=0.3713  prec@K=0.0154  accepted=15  loss=0.1163  (0.2s)
Round   60/100  coverage=0.3717  prec@K=0.0112  accepted=11  loss=0.1026  (0.2s)
Round   61/100  coverage=0.3722  prec@K=0.0114  accepted=11  loss=0.1036  (0.4s)
Round   62/100  coverage=0.3727  prec@K=0.0123  accepted=12  loss=0.1036  (0.2s)
Round   63/100  coverage=0.3732  prec@K=0.0133  accepted=13  loss=0.1043  (0.2s)
Round   64/100  coverage=0.3735  prec@K=0.0072  accepted=7  loss=0.0877  (0.2s)
Round   65/100  coverage=0.3739  prec@K=0.0124  accepted=12  loss=0.0993  (0.2s)
Round   66/100  coverage=0.3741  prec@K=0.0041  accepted=4  loss=0.0747  (0.3s)
Round   67/100  coverage=0.3746  prec@K=0.0122  accepted=12  loss=0.0964  (0.3s)
Round   68/100  coverage=0.3749  prec@K=0.0072  accepted=7  loss=0.0819  (0.3s)
Round   69/100  coverage=0.3753  prec@K=0.0123  accepted=12  loss=0.0946  (0.3s)
Round   70/100  coverage=0.3757  prec@K=0.0103  accepted=10  loss=0.0886  (0.3s)
Round   71/100  coverage=0.3761  prec@K=0.0093  accepted=9  loss=0.0852  (0.4s)
Round   72/100  coverage=0.3766  prec@K=0.0122  accepted=12  loss=0.0923  (0.3s)
Round   73/100  coverage=0.3768  prec@K=0.0061  accepted=6  loss=0.0741  (0.3s)
Round   74/100  coverage=0.3772  prec@K=0.0082  accepted=8  loss=0.0796  (0.2s)
Round   75/100  coverage=0.3776  prec@K=0.0113  accepted=11  loss=0.0880  (0.2s)
Round   76/100  coverage=0.3779  prec@K=0.0072  accepted=7  loss=0.0746  (0.2s)
Round   77/100  coverage=0.3783  prec@K=0.0112  accepted=11  loss=0.0860  (0.2s)
Round   78/100  coverage=0.3789  prec@K=0.0144  accepted=14  loss=0.0950  (0.2s)
Round   79/100  coverage=0.3794  prec@K=0.0125  accepted=12  loss=0.0897  (0.2s)
Round   80/100  coverage=0.3797  prec@K=0.0093  accepted=9  loss=0.0796  (0.2s)
Round   81/100  coverage=0.3799  prec@K=0.0052  accepted=5  loss=0.0669  (0.4s)
Round   82/100  coverage=0.3802  prec@K=0.0071  accepted=7  loss=0.0722  (0.3s)
Round   83/100  coverage=0.3804  prec@K=0.0041  accepted=4  loss=0.0646  (0.2s)
Round   84/100  coverage=0.3808  prec@K=0.0112  accepted=11  loss=0.0859  (0.2s)
Round   85/100  coverage=0.3811  prec@K=0.0082  accepted=8  loss=0.0749  (0.3s)
Round   86/100  coverage=0.3814  prec@K=0.0062  accepted=6  loss=0.0688  (0.3s)
Round   87/100  coverage=0.3815  prec@K=0.0031  accepted=3  loss=0.0595  (0.3s)
Round   88/100  coverage=0.3817  prec@K=0.0062  accepted=6  loss=0.0682  (0.3s)
Round   89/100  coverage=0.3820  prec@K=0.0061  accepted=6  loss=0.0680  (0.3s)
Round   90/100  coverage=0.3821  prec@K=0.0041  accepted=4  loss=0.0615  (0.3s)
Round   91/100  coverage=0.3824  prec@K=0.0061  accepted=6  loss=0.0680  (0.4s)
Round   92/100  coverage=0.3827  prec@K=0.0093  accepted=9  loss=0.0766  (0.3s)
Round   93/100  coverage=0.3830  prec@K=0.0082  accepted=8  loss=0.0744  (0.3s)
Round   94/100  coverage=0.3832  prec@K=0.0031  accepted=3  loss=0.0587  (0.2s)
Round   95/100  coverage=0.3834  prec@K=0.0051  accepted=5  loss=0.0645  (0.3s)
Round   96/100  coverage=0.3836  prec@K=0.0071  accepted=7  loss=0.0705  (0.2s)
Round   97/100  coverage=0.3838  prec@K=0.0041  accepted=4  loss=0.0618  (0.2s)
Round   98/100  coverage=0.3841  prec@K=0.0061  accepted=6  loss=0.0675  (0.3s)
Round   99/100  coverage=0.3843  prec@K=0.0051  accepted=5  loss=0.0647  (0.2s)
Round  100/100  coverage=0.3845  prec@K=0.0062  accepted=6  loss=0.0679  (0.2s)

˝áąűŇŃĐ´Čë results\online\algo_sweep\email_eu_gnn_sum_h16/rounds.csv
