C:\conda\envs\gnn\lib\site-packages\requests\__init__.py:86: RequestsDependencyWarning: Unable to find acceptable character detection dependency (chardet or charset_normalizer).
  warnings.warn(
C:\conda\envs\gnn\lib\site-packages\outdated\__init__.py:36: UserWarning: pkg_resources is deprecated as an API. See https://setuptools.pypa.io/en/latest/pkg_resources.html. The pkg_resources package is slated for removal as early as 2025-11-30. Refrain from using this package or pin to Setuptools<81.
  from pkg_resources import parse_version
Round    1/100  coverage=0.2626  prec@K=0.3305  accepted=315  loss=0.6984  (0.4s)
Round    2/100  coverage=0.2732  prec@K=0.2741  accepted=264  loss=0.6920  (0.2s)
Round    3/100  coverage=0.2819  prec@K=0.2242  accepted=217  loss=0.6790  (0.3s)
Round    4/100  coverage=0.2901  prec@K=0.2082  accepted=204  loss=0.6653  (0.3s)
Round    5/100  coverage=0.2975  prec@K=0.1901  accepted=185  loss=0.6499  (0.2s)
Round    6/100  coverage=0.3030  prec@K=0.1405  accepted=136  loss=0.6248  (0.3s)
Round    7/100  coverage=0.3070  prec@K=0.1031  accepted=101  loss=0.5953  (0.3s)
Round    8/100  coverage=0.3096  prec@K=0.0651  accepted=63  loss=0.5647  (0.3s)
Round    9/100  coverage=0.3126  prec@K=0.0772  accepted=75  loss=0.5463  (0.3s)
Round   10/100  coverage=0.3157  prec@K=0.0806  accepted=79  loss=0.5242  (0.3s)
Round   11/100  coverage=0.3181  prec@K=0.0597  accepted=58  loss=0.4917  (0.4s)
Round   12/100  coverage=0.3205  prec@K=0.0618  accepted=60  loss=0.4613  (0.4s)
Round   13/100  coverage=0.3233  prec@K=0.0737  accepted=71  loss=0.4477  (0.2s)
Round   14/100  coverage=0.3262  prec@K=0.0752  accepted=73  loss=0.4243  (0.2s)
Round   15/100  coverage=0.3293  prec@K=0.0776  accepted=76  loss=0.3963  (0.3s)
Round   16/100  coverage=0.3330  prec@K=0.0947  accepted=92  loss=0.3934  (0.2s)
Round   17/100  coverage=0.3365  prec@K=0.0898  accepted=87  loss=0.3665  (0.3s)
Round   18/100  coverage=0.3397  prec@K=0.0827  accepted=81  loss=0.3388  (0.3s)
Round   19/100  coverage=0.3427  prec@K=0.0755  accepted=74  loss=0.3159  (0.3s)
Round   20/100  coverage=0.3449  prec@K=0.0566  accepted=55  loss=0.2698  (0.3s)
Round   21/100  coverage=0.3488  prec@K=0.1000  accepted=98  loss=0.3367  (0.4s)
Round   22/100  coverage=0.3521  prec@K=0.0837  accepted=82  loss=0.2942  (0.3s)
Round   23/100  coverage=0.3559  prec@K=0.0970  accepted=95  loss=0.3241  (0.3s)
Round   24/100  coverage=0.3610  prec@K=0.1307  accepted=127  loss=0.3897  (0.3s)
Round   25/100  coverage=0.3663  prec@K=0.1348  accepted=131  loss=0.3978  (0.3s)
Round   26/100  coverage=0.3719  prec@K=0.1439  accepted=141  loss=0.4237  (0.3s)
Round   27/100  coverage=0.3793  prec@K=0.1899  accepted=184  loss=0.5207  (0.3s)
Round   28/100  coverage=0.3884  prec@K=0.2306  accepted=226  loss=0.6105  (0.3s)
Round   29/100  coverage=0.3967  prec@K=0.2144  accepted=208  loss=0.5705  (0.3s)
Round   30/100  coverage=0.4052  prec@K=0.2163  accepted=212  loss=0.5519  (0.3s)
Round   31/100  coverage=0.4132  prec@K=0.2045  accepted=199  loss=0.5162  (0.5s)
Round   32/100  coverage=0.4210  prec@K=0.1990  accepted=195  loss=0.4908  (0.3s)
Round   33/100  coverage=0.4268  prec@K=0.1469  accepted=144  loss=0.3984  (0.3s)
Round   34/100  coverage=0.4332  prec@K=0.1622  accepted=159  loss=0.4199  (0.3s)
Round   35/100  coverage=0.4391  prec@K=0.1510  accepted=148  loss=0.4014  (0.3s)
Round   36/100  coverage=0.4437  prec@K=0.1173  accepted=115  loss=0.3590  (0.3s)
Round   37/100  coverage=0.4484  prec@K=0.1173  accepted=115  loss=0.3638  (0.3s)
Round   38/100  coverage=0.4537  prec@K=0.1370  accepted=133  loss=0.3888  (0.3s)
Round   39/100  coverage=0.4577  prec@K=0.1010  accepted=99  loss=0.3471  (0.3s)
Round   40/100  coverage=0.4619  prec@K=0.1092  accepted=106  loss=0.3500  (0.3s)
Round   41/100  coverage=0.4666  prec@K=0.1184  accepted=116  loss=0.3586  (0.5s)
Round   42/100  coverage=0.4703  prec@K=0.0959  accepted=94  loss=0.3236  (0.3s)
Round   43/100  coverage=0.4731  prec@K=0.0704  accepted=69  loss=0.2813  (0.3s)
Round   44/100  coverage=0.4765  prec@K=0.0857  accepted=84  loss=0.2945  (0.3s)
Round   45/100  coverage=0.4784  prec@K=0.0480  accepted=47  loss=0.2292  (0.3s)
Round   46/100  coverage=0.4812  prec@K=0.0738  accepted=72  loss=0.2614  (0.3s)
Round   47/100  coverage=0.4835  prec@K=0.0582  accepted=57  loss=0.2324  (0.3s)
Round   48/100  coverage=0.4863  prec@K=0.0714  accepted=70  loss=0.2474  (0.3s)
Round   49/100  coverage=0.4891  prec@K=0.0704  accepted=69  loss=0.2417  (0.3s)
Round   50/100  coverage=0.4917  prec@K=0.0663  accepted=65  loss=0.2308  (0.3s)
Round   51/100  coverage=0.4945  prec@K=0.0714  accepted=70  loss=0.2400  (0.5s)
Round   52/100  coverage=0.4966  prec@K=0.0531  accepted=52  loss=0.1965  (0.3s)
Round   53/100  coverage=0.4991  prec@K=0.0643  accepted=63  loss=0.2198  (0.3s)
Round   54/100  coverage=0.5013  prec@K=0.0541  accepted=53  loss=0.1963  (0.3s)
Round   55/100  coverage=0.5033  prec@K=0.0531  accepted=52  loss=0.1933  (0.3s)
Round   56/100  coverage=0.5052  prec@K=0.0480  accepted=47  loss=0.1801  (0.3s)
Round   57/100  coverage=0.5068  prec@K=0.0408  accepted=40  loss=0.1603  (0.4s)
Round   58/100  coverage=0.5084  prec@K=0.0408  accepted=40  loss=0.1603  (0.3s)
Round   59/100  coverage=0.5094  prec@K=0.0255  accepted=25  loss=0.1195  (0.3s)
Round   60/100  coverage=0.5108  prec@K=0.0337  accepted=33  loss=0.1384  (0.3s)
Round   61/100  coverage=0.5124  prec@K=0.0418  accepted=41  loss=0.1590  (0.6s)
Round   62/100  coverage=0.5133  prec@K=0.0235  accepted=23  loss=0.1089  (0.4s)
Round   63/100  coverage=0.5143  prec@K=0.0245  accepted=24  loss=0.1116  (0.4s)
Round   64/100  coverage=0.5152  prec@K=0.0224  accepted=22  loss=0.1060  (0.4s)
Round   65/100  coverage=0.5161  prec@K=0.0224  accepted=22  loss=0.1056  (0.4s)
Round   66/100  coverage=0.5173  prec@K=0.0316  accepted=31  loss=0.1306  (0.4s)
Round   67/100  coverage=0.5181  prec@K=0.0194  accepted=19  loss=0.0942  (0.3s)
Round   68/100  coverage=0.5188  prec@K=0.0185  accepted=18  loss=0.0917  (0.3s)
Round   69/100  coverage=0.5198  prec@K=0.0255  accepted=25  loss=0.1121  (0.3s)
Round   70/100  coverage=0.5208  prec@K=0.0255  accepted=25  loss=0.1121  (0.3s)
Round   71/100  coverage=0.5218  prec@K=0.0265  accepted=26  loss=0.1143  (0.6s)
Round   72/100  coverage=0.5223  prec@K=0.0122  accepted=12  loss=0.0712  (0.4s)
Round   73/100  coverage=0.5230  prec@K=0.0175  accepted=17  loss=0.0865  (0.4s)
Round   74/100  coverage=0.5237  prec@K=0.0184  accepted=18  loss=0.0897  (0.3s)
Round   75/100  coverage=0.5242  prec@K=0.0123  accepted=12  loss=0.0709  (0.3s)
Round   76/100  coverage=0.5249  prec@K=0.0173  accepted=17  loss=0.0844  (0.3s)
Round   77/100  coverage=0.5254  prec@K=0.0123  accepted=12  loss=0.0695  (0.3s)
Round   78/100  coverage=0.5261  prec@K=0.0184  accepted=18  loss=0.0881  (0.3s)
Round   79/100  coverage=0.5265  prec@K=0.0112  accepted=11  loss=0.0666  (0.3s)
Round   80/100  coverage=0.5269  prec@K=0.0103  accepted=10  loss=0.0624  (0.3s)
Round   81/100  coverage=0.5276  prec@K=0.0163  accepted=16  loss=0.0813  (0.6s)
Round   82/100  coverage=0.5283  prec@K=0.0173  accepted=17  loss=0.0829  (0.3s)
Round   83/100  coverage=0.5292  prec@K=0.0247  accepted=24  loss=0.1080  (0.3s)
Round   84/100  coverage=0.5298  prec@K=0.0143  accepted=14  loss=0.0745  (0.4s)
Round   85/100  coverage=0.5302  prec@K=0.0103  accepted=10  loss=0.0620  (0.3s)
Round   86/100  coverage=0.5308  prec@K=0.0153  accepted=15  loss=0.0771  (0.3s)
Round   87/100  coverage=0.5313  prec@K=0.0143  accepted=14  loss=0.0746  (0.3s)
Round   88/100  coverage=0.5317  prec@K=0.0082  accepted=8  loss=0.0542  (0.3s)
Round   89/100  coverage=0.5321  prec@K=0.0113  accepted=11  loss=0.0646  (0.3s)
Round   90/100  coverage=0.5324  prec@K=0.0082  accepted=8  loss=0.0544  (0.3s)
Round   91/100  coverage=0.5328  prec@K=0.0092  accepted=9  loss=0.0576  (0.6s)
Round   92/100  coverage=0.5333  prec@K=0.0123  accepted=12  loss=0.0680  (0.3s)
Round   93/100  coverage=0.5335  prec@K=0.0051  accepted=5  loss=0.0436  (0.3s)
Round   94/100  coverage=0.5338  prec@K=0.0082  accepted=8  loss=0.0542  (0.3s)
Round   95/100  coverage=0.5340  prec@K=0.0062  accepted=6  loss=0.0471  (0.3s)
Round   96/100  coverage=0.5343  prec@K=0.0062  accepted=6  loss=0.0470  (0.3s)
Round   97/100  coverage=0.5345  prec@K=0.0061  accepted=6  loss=0.0471  (0.3s)
Round   98/100  coverage=0.5351  prec@K=0.0154  accepted=15  loss=0.0778  (0.3s)
Round   99/100  coverage=0.5356  prec@K=0.0123  accepted=12  loss=0.0682  (0.3s)
Round  100/100  coverage=0.5360  prec@K=0.0092  accepted=9  loss=0.0576  (0.3s)

˝áąűŇŃĐ´Čë results\online\algo_sweep\email_eu_gnn_sum_h32/rounds.csv
