C:\conda\envs\gnn\lib\site-packages\requests\__init__.py:86: RequestsDependencyWarning: Unable to find acceptable character detection dependency (chardet or charset_normalizer).
  warnings.warn(
C:\conda\envs\gnn\lib\site-packages\outdated\__init__.py:36: UserWarning: pkg_resources is deprecated as an API. See https://setuptools.pypa.io/en/latest/pkg_resources.html. The pkg_resources package is slated for removal as early as 2025-11-30. Refrain from using this package or pin to Setuptools<81.
  from pkg_resources import parse_version
Round    1/30  coverage=0.4044  prec@K=0.0437  accepted=207  loss=0.7605  (1.2s)
Round    2/30  coverage=0.4082  prec@K=0.0368  accepted=179  loss=0.7589  (0.8s)
Round    3/30  coverage=0.4119  prec@K=0.0360  accepted=175  loss=0.7518  (2.7s)
Round    4/30  coverage=0.4151  prec@K=0.0316  accepted=150  loss=0.7434  (3.0s)
Round    5/30  coverage=0.4181  prec@K=0.0296  accepted=144  loss=0.7301  (3.1s)
Round    6/30  coverage=0.4212  prec@K=0.0298  accepted=144  loss=0.7184  (3.0s)
Round    7/30  coverage=0.4248  prec@K=0.0354  accepted=171  loss=0.7069  (2.0s)
Round    8/30  coverage=0.4273  prec@K=0.0244  accepted=119  loss=0.6940  (2.3s)
Round    9/30  coverage=0.4303  prec@K=0.0291  accepted=139  loss=0.6795  (1.2s)
Round   10/30  coverage=0.4326  prec@K=0.0220  accepted=107  loss=0.6670  (1.4s)
Round   11/30  coverage=0.4347  prec@K=0.0205  accepted=100  loss=0.6510  (1.5s)
Round   12/30  coverage=0.4364  prec@K=0.0169  accepted=82  loss=0.6315  (1.3s)
Round   13/30  coverage=0.4381  prec@K=0.0168  accepted=81  loss=0.6182  (3.6s)
Round   14/30  coverage=0.4394  prec@K=0.0121  accepted=59  loss=0.6036  (5.3s)
Round   15/30  coverage=0.4406  prec@K=0.0118  accepted=58  loss=0.5886  (1.6s)
Round   16/30  coverage=0.4418  prec@K=0.0110  accepted=54  loss=0.5725  (1.7s)
Round   17/30  coverage=0.4431  prec@K=0.0130  accepted=64  loss=0.5600  (2.0s)
Round   18/30  coverage=0.4439  prec@K=0.0071  accepted=35  loss=0.5454  (2.1s)
Round   19/30  coverage=0.4450  prec@K=0.0112  accepted=54  loss=0.5378  (2.8s)
Round   20/30  coverage=0.4462  prec@K=0.0111  accepted=55  loss=0.5269  (13.0s)
Round   21/30  coverage=0.4471  prec@K=0.0090  accepted=44  loss=0.5176  (2.4s)
Round   22/30  coverage=0.4484  prec@K=0.0120  accepted=59  loss=0.5116  (2.2s)
Round   23/30  coverage=0.4490  prec@K=0.0062  accepted=30  loss=0.4983  (2.2s)
Round   24/30  coverage=0.4499  prec@K=0.0091  accepted=44  loss=0.4992  (2.3s)
Round   25/30  coverage=0.4507  prec@K=0.0072  accepted=36  loss=0.4922  (3.0s)
Round   26/30  coverage=0.4513  prec@K=0.0061  accepted=30  loss=0.4892  (2.6s)
Round   27/30  coverage=0.4520  prec@K=0.0060  accepted=29  loss=0.4833  (2.3s)
Round   28/30  coverage=0.4526  prec@K=0.0063  accepted=31  loss=0.4855  (2.8s)
Round   29/30  coverage=0.4533  prec@K=0.0064  accepted=31  loss=0.4813  (2.4s)
Round   30/30  coverage=0.4538  prec@K=0.0053  accepted=26  loss=0.4822  (2.9s)

结果已写入 results\online\algo_sweep_advogato_v2_ir40_s42\advogato_gnn_h32/rounds.csv
