C:\conda\envs\gnn\lib\site-packages\requests\__init__.py:86: RequestsDependencyWarning: Unable to find acceptable character detection dependency (chardet or charset_normalizer).
  warnings.warn(
C:\conda\envs\gnn\lib\site-packages\outdated\__init__.py:36: UserWarning: pkg_resources is deprecated as an API. See https://setuptools.pypa.io/en/latest/pkg_resources.html. The pkg_resources package is slated for removal as early as 2025-11-30. Refrain from using this package or pin to Setuptools<81.
  from pkg_resources import parse_version
Round    1/30  coverage=0.4000  prec@K=0.0004  accepted=6  loss=0.6759  (19.7s)
Round    2/30  coverage=0.4000  prec@K=0.0009  accepted=13  loss=0.6650  (17.7s)
Round    3/30  coverage=0.4000  prec@K=0.0005  accepted=7  loss=0.6464  (19.1s)
Round    4/30  coverage=0.4001  prec@K=0.0004  accepted=6  loss=0.6181  (24.3s)
Round    5/30  coverage=0.4001  prec@K=0.0004  accepted=6  loss=0.5877  (54.1s)
Round    6/30  coverage=0.4001  prec@K=0.0004  accepted=6  loss=0.5465  (30.9s)
Round    7/30  coverage=0.4001  prec@K=0.0003  accepted=5  loss=0.5060  (36.0s)
Round    8/30  coverage=0.4001  prec@K=0.0005  accepted=8  loss=0.4653  (44.9s)
Round    9/30  coverage=0.4001  prec@K=0.0003  accepted=4  loss=0.4234  (37.9s)
Round   10/30  coverage=0.4001  prec@K=0.0006  accepted=9  loss=0.3839  (47.1s)
Round   11/30  coverage=0.4001  prec@K=0.0003  accepted=5  loss=0.3423  (56.9s)
Round   12/30  coverage=0.4002  prec@K=0.0005  accepted=8  loss=0.3072  (46.6s)
Round   13/30  coverage=0.4002  prec@K=0.0003  accepted=5  loss=0.2689  (49.7s)
Round   14/30  coverage=0.4002  prec@K=0.0003  accepted=5  loss=0.2398  (52.6s)
Round   15/30  coverage=0.4002  prec@K=0.0008  accepted=12  loss=0.2116  (54.7s)
Round   16/30  coverage=0.4002  prec@K=0.0005  accepted=8  loss=0.1859  (59.0s)
Round   17/30  coverage=0.4002  prec@K=0.0005  accepted=7  loss=0.1645  (59.7s)
Round   18/30  coverage=0.4002  prec@K=0.0005  accepted=8  loss=0.1468  (63.1s)
Round   19/30  coverage=0.4002  prec@K=0.0004  accepted=6  loss=0.1298  (64.6s)
Round   20/30  coverage=0.4003  prec@K=0.0012  accepted=17  loss=0.1243  (67.2s)
Round   21/30  coverage=0.4003  prec@K=0.0005  accepted=7  loss=0.1074  (80.0s)
Round   22/30  coverage=0.4003  prec@K=0.0003  accepted=4  loss=0.0986  (72.8s)
Round   23/30  coverage=0.4003  prec@K=0.0005  accepted=7  loss=0.0937  (79.9s)
Round   24/30  coverage=0.4003  prec@K=0.0007  accepted=10  loss=0.0915  (104.7s)
Round   25/30  coverage=0.4003  prec@K=0.0005  accepted=7  loss=0.0876  (86.2s)
Round   26/30  coverage=0.4003  prec@K=0.0003  accepted=5  loss=0.0830  (88.4s)
Round   27/30  coverage=0.4004  prec@K=0.0005  accepted=7  loss=0.0833  (85.7s)
Round   28/30  coverage=0.4004  prec@K=0.0003  accepted=4  loss=0.0794  (90.3s)
Round   29/30  coverage=0.4004  prec@K=0.0006  accepted=9  loss=0.0827  (93.5s)
Round   30/30  coverage=0.4004  prec@K=0.0004  accepted=6  loss=0.0796  (99.2s)

结果已写入 results\online\algo_sweep_sx_askubuntu_v2_ir40_s42\sx_askubuntu_gnn_concat/rounds.csv
