C:\conda\envs\gnn\lib\site-packages\requests\__init__.py:86: RequestsDependencyWarning: Unable to find acceptable character detection dependency (chardet or charset_normalizer).
  warnings.warn(
C:\conda\envs\gnn\lib\site-packages\outdated\__init__.py:36: UserWarning: pkg_resources is deprecated as an API. See https://setuptools.pypa.io/en/latest/pkg_resources.html. The pkg_resources package is slated for removal as early as 2025-11-30. Refrain from using this package or pin to Setuptools<81.
  from pkg_resources import parse_version
Round    1/30  coverage=0.4000  prec@K=0.0013  accepted=19  loss=nan  (17.7s)
Round    2/30  coverage=0.4001  prec@K=0.0026  accepted=38  loss=nan  (11.3s)
Round    3/30  coverage=0.4002  prec@K=0.0021  accepted=31  loss=nan  (16.5s)
Round    4/30  coverage=0.4002  prec@K=0.0010  accepted=15  loss=nan  (20.2s)
Round    5/30  coverage=0.4002  prec@K=0.0008  accepted=12  loss=nan  (23.2s)
Round    6/30  coverage=0.4003  prec@K=0.0018  accepted=27  loss=nan  (25.8s)
Round    7/30  coverage=0.4003  prec@K=0.0012  accepted=18  loss=nan  (28.8s)
Round    8/30  coverage=0.4003  prec@K=0.0017  accepted=25  loss=nan  (31.4s)
Round    9/30  coverage=0.4004  prec@K=0.0016  accepted=24  loss=nan  (32.5s)
Round   10/30  coverage=0.4004  prec@K=0.0015  accepted=22  loss=nan  (35.6s)
Round   11/30  coverage=0.4005  prec@K=0.0022  accepted=32  loss=nan  (46.0s)
Round   12/30  coverage=0.4005  prec@K=0.0020  accepted=29  loss=nan  (41.5s)
Round   13/30  coverage=0.4006  prec@K=0.0022  accepted=32  loss=nan  (44.4s)
Round   14/30  coverage=0.4006  prec@K=0.0016  accepted=24  loss=nan  (45.3s)
Round   15/30  coverage=0.4007  prec@K=0.0014  accepted=21  loss=nan  (49.0s)
Round   16/30  coverage=0.4007  prec@K=0.0027  accepted=39  loss=nan  (52.3s)
Round   17/30  coverage=0.4008  prec@K=0.0014  accepted=21  loss=nan  (54.2s)
Round   18/30  coverage=0.4008  prec@K=0.0015  accepted=22  loss=nan  (57.6s)
Round   19/30  coverage=0.4009  prec@K=0.0021  accepted=31  loss=nan  (59.2s)
Round   20/30  coverage=0.4009  prec@K=0.0023  accepted=34  loss=nan  (61.8s)
Round   21/30  coverage=0.4010  prec@K=0.0019  accepted=28  loss=nan  (69.8s)
Round   22/30  coverage=0.4010  prec@K=0.0012  accepted=17  loss=nan  (67.0s)
Round   23/30  coverage=0.4011  prec@K=0.0012  accepted=18  loss=nan  (71.2s)
Round   24/30  coverage=0.4011  prec@K=0.0032  accepted=47  loss=nan  (73.7s)
Round   25/30  coverage=0.4012  prec@K=0.0011  accepted=16  loss=nan  (78.7s)
Round   26/30  coverage=0.4012  prec@K=0.0018  accepted=26  loss=nan  (81.9s)
Round   27/30  coverage=0.4013  prec@K=0.0014  accepted=20  loss=nan  (79.4s)
Round   28/30  coverage=0.4013  prec@K=0.0014  accepted=21  loss=nan  (83.2s)
Round   29/30  coverage=0.4014  prec@K=0.0020  accepted=29  loss=nan  (84.2s)
Round   30/30  coverage=0.4014  prec@K=0.0020  accepted=30  loss=nan  (90.0s)

结果已写入 results\online\algo_sweep_sx_askubuntu_v2_ir40_s42\sx_askubuntu_ground_truth/rounds.csv
