C:\conda\envs\gnn\lib\site-packages\requests\__init__.py:86: RequestsDependencyWarning: Unable to find acceptable character detection dependency (chardet or charset_normalizer).
  warnings.warn(
C:\conda\envs\gnn\lib\site-packages\outdated\__init__.py:36: UserWarning: pkg_resources is deprecated as an API. See https://setuptools.pypa.io/en/latest/pkg_resources.html. The pkg_resources package is slated for removal as early as 2025-11-30. Refrain from using this package or pin to Setuptools<81.
  from pkg_resources import parse_version
Round    1/30  coverage=0.4055  prec@K=0.0536  accepted=259  loss=nan  (0.7s)
Round    2/30  coverage=0.4105  prec@K=0.0499  accepted=236  loss=nan  (0.3s)
Round    3/30  coverage=0.4144  prec@K=0.0399  accepted=186  loss=nan  (0.4s)
Round    4/30  coverage=0.4190  prec@K=0.0448  accepted=215  loss=nan  (0.5s)
Round    5/30  coverage=0.4237  prec@K=0.0472  accepted=222  loss=nan  (0.5s)
Round    6/30  coverage=0.4269  prec@K=0.0311  accepted=149  loss=nan  (0.6s)
Round    7/30  coverage=0.4310  prec@K=0.0396  accepted=194  loss=nan  (0.8s)
Round    8/30  coverage=0.4344  prec@K=0.0331  accepted=160  loss=nan  (0.9s)
Round    9/30  coverage=0.4385  prec@K=0.0400  accepted=194  loss=nan  (1.0s)
Round   10/30  coverage=0.4424  prec@K=0.0380  accepted=184  loss=nan  (1.1s)
Round   11/30  coverage=0.4460  prec@K=0.0345  accepted=167  loss=nan  (1.6s)
Round   12/30  coverage=0.4489  prec@K=0.0283  accepted=137  loss=nan  (1.4s)
Round   13/30  coverage=0.4526  prec@K=0.0368  accepted=177  loss=nan  (1.5s)
Round   14/30  coverage=0.4559  prec@K=0.0321  accepted=155  loss=nan  (1.5s)
Round   15/30  coverage=0.4592  prec@K=0.0316  accepted=155  loss=nan  (1.7s)
Round   16/30  coverage=0.4622  prec@K=0.0294  accepted=143  loss=nan  (1.7s)
Round   17/30  coverage=0.4648  prec@K=0.0254  accepted=123  loss=nan  (1.7s)
Round   18/30  coverage=0.4677  prec@K=0.0286  accepted=137  loss=nan  (2.0s)
Round   19/30  coverage=0.4701  prec@K=0.0232  accepted=113  loss=nan  (2.1s)
Round   20/30  coverage=0.4724  prec@K=0.0219  accepted=106  loss=nan  (2.4s)
Round   21/30  coverage=0.4747  prec@K=0.0229  accepted=111  loss=nan  (3.2s)
Round   22/30  coverage=0.4766  prec@K=0.0179  accepted=86  loss=nan  (2.0s)
Round   23/30  coverage=0.4783  prec@K=0.0173  accepted=83  loss=nan  (2.8s)
Round   24/30  coverage=0.4807  prec@K=0.0230  accepted=112  loss=nan  (3.1s)
Round   25/30  coverage=0.4821  prec@K=0.0141  accepted=68  loss=nan  (3.0s)
Round   26/30  coverage=0.4841  prec@K=0.0188  accepted=90  loss=nan  (3.2s)
Round   27/30  coverage=0.4853  prec@K=0.0122  accepted=59  loss=nan  (3.5s)
Round   28/30  coverage=0.4872  prec@K=0.0180  accepted=88  loss=nan  (4.2s)
Round   29/30  coverage=0.4887  prec@K=0.0148  accepted=72  loss=nan  (3.4s)
Round   30/30  coverage=0.4905  prec@K=0.0172  accepted=83  loss=nan  (3.4s)

结果已写入 results\online\algo_sweep_advogato_v2_ir40_s3\advogato_jaccard/rounds.csv
