C:\conda\envs\gnn\lib\site-packages\requests\__init__.py:86: RequestsDependencyWarning: Unable to find acceptable character detection dependency (chardet or charset_normalizer).
  warnings.warn(
C:\conda\envs\gnn\lib\site-packages\outdated\__init__.py:36: UserWarning: pkg_resources is deprecated as an API. See https://setuptools.pypa.io/en/latest/pkg_resources.html. The pkg_resources package is slated for removal as early as 2025-11-30. Refrain from using this package or pin to Setuptools<81.
  from pkg_resources import parse_version
Round    1/30  coverage=0.4044  prec@K=0.0138  accepted=25  loss=0.5888  (0.6s)
Round    2/30  coverage=0.4066  prec@K=0.0065  accepted=12  loss=0.5802  (0.5s)
Round    3/30  coverage=0.4087  prec@K=0.0065  accepted=12  loss=0.5780  (0.3s)
Round    4/30  coverage=0.4116  prec@K=0.0087  accepted=16  loss=0.5769  (0.4s)
Round    5/30  coverage=0.4174  prec@K=0.0174  accepted=32  loss=0.5906  (0.5s)
Round    6/30  coverage=0.4189  prec@K=0.0044  accepted=8  loss=0.5647  (0.3s)
Round    7/30  coverage=0.4198  prec@K=0.0027  accepted=5  loss=0.5572  (0.3s)
Round    8/30  coverage=0.4205  prec@K=0.0022  accepted=4  loss=0.5526  (0.3s)
Round    9/30  coverage=0.4227  prec@K=0.0066  accepted=12  loss=0.5505  (0.5s)
Round   10/30  coverage=0.4238  prec@K=0.0033  accepted=6  loss=0.5423  (0.4s)
Round   11/30  coverage=0.4245  prec@K=0.0022  accepted=4  loss=0.5381  (0.5s)
Round   12/30  coverage=0.4252  prec@K=0.0022  accepted=4  loss=0.5336  (0.4s)
Round   13/30  coverage=0.4260  prec@K=0.0022  accepted=4  loss=0.5278  (0.6s)
Round   14/30  coverage=0.4265  prec@K=0.0016  accepted=3  loss=0.5251  (0.4s)
Round   15/30  coverage=0.4269  prec@K=0.0011  accepted=2  loss=0.5208  (0.4s)
Round   16/30  coverage=0.4272  prec@K=0.0011  accepted=2  loss=0.5167  (0.6s)
Round   17/30  coverage=0.4281  prec@K=0.0028  accepted=5  loss=0.5172  (0.4s)
Round   18/30  coverage=0.4287  prec@K=0.0016  accepted=3  loss=0.5130  (0.5s)
Round   19/30  coverage=0.4299  prec@K=0.0038  accepted=7  loss=0.5118  (0.7s)
Round   20/30  coverage=0.4309  prec@K=0.0027  accepted=5  loss=0.5092  (0.5s)
Round   21/30  coverage=0.4312  prec@K=0.0011  accepted=2  loss=0.5027  (0.6s)
Round   22/30  coverage=0.4314  prec@K=0.0005  accepted=1  loss=0.4981  (0.6s)
Round   23/30  coverage=0.4314  prec@K=0.0000  accepted=0  loss=0.4979  (0.8s)
Round   24/30  coverage=0.4314  prec@K=0.0000  accepted=0  loss=0.4978  (0.6s)
Round   25/30  coverage=0.4314  prec@K=0.0000  accepted=0  loss=0.4954  (0.7s)
Round   26/30  coverage=0.4314  prec@K=0.0000  accepted=0  loss=0.4953  (0.7s)
Round   27/30  coverage=0.4314  prec@K=0.0000  accepted=0  loss=0.4943  (0.6s)
Round   28/30  coverage=0.4319  prec@K=0.0017  accepted=3  loss=0.4961  (0.6s)
Round   29/30  coverage=0.4323  prec@K=0.0011  accepted=2  loss=0.4986  (0.7s)
Round   30/30  coverage=0.4325  prec@K=0.0005  accepted=1  loss=0.4962  (0.5s)

结果已写入 results\online\algo_sweep_dnc_email_v2_ir40_s0\dnc_email_gnn/rounds.csv
