C:\conda\envs\gnn\lib\site-packages\requests\__init__.py:86: RequestsDependencyWarning: Unable to find acceptable character detection dependency (chardet or charset_normalizer).
  warnings.warn(
C:\conda\envs\gnn\lib\site-packages\outdated\__init__.py:36: UserWarning: pkg_resources is deprecated as an API. See https://setuptools.pypa.io/en/latest/pkg_resources.html. The pkg_resources package is slated for removal as early as 2025-11-30. Refrain from using this package or pin to Setuptools<81.
  from pkg_resources import parse_version
Round    1/30  coverage=0.4089  prec@K=0.0276  accepted=50  loss=nan  (0.2s)
Round    2/30  coverage=0.4171  prec@K=0.0245  accepted=45  loss=nan  (0.0s)
Round    3/30  coverage=0.4221  prec@K=0.0153  accepted=28  loss=nan  (0.0s)
Round    4/30  coverage=0.4294  prec@K=0.0219  accepted=40  loss=nan  (0.0s)
Round    5/30  coverage=0.4388  prec@K=0.0283  accepted=52  loss=nan  (0.1s)
Round    6/30  coverage=0.4432  prec@K=0.0131  accepted=24  loss=nan  (0.1s)
Round    7/30  coverage=0.4473  prec@K=0.0125  accepted=23  loss=nan  (0.1s)
Round    8/30  coverage=0.4512  prec@K=0.0115  accepted=21  loss=nan  (0.1s)
Round    9/30  coverage=0.4593  prec@K=0.0249  accepted=45  loss=nan  (0.1s)
Round   10/30  coverage=0.4626  prec@K=0.0099  accepted=18  loss=nan  (0.1s)
Round   11/30  coverage=0.4653  prec@K=0.0081  accepted=15  loss=nan  (0.1s)
Round   12/30  coverage=0.4698  prec@K=0.0138  accepted=25  loss=nan  (0.1s)
Round   13/30  coverage=0.4729  prec@K=0.0094  accepted=17  loss=nan  (0.1s)
Round   14/30  coverage=0.4765  prec@K=0.0108  accepted=20  loss=nan  (0.1s)
Round   15/30  coverage=0.4796  prec@K=0.0092  accepted=17  loss=nan  (0.1s)
Round   16/30  coverage=0.4832  prec@K=0.0109  accepted=20  loss=nan  (0.1s)
Round   17/30  coverage=0.4887  prec@K=0.0166  accepted=30  loss=nan  (0.1s)
Round   18/30  coverage=0.4905  prec@K=0.0055  accepted=10  loss=nan  (0.1s)
Round   19/30  coverage=0.4945  prec@K=0.0119  accepted=22  loss=nan  (0.1s)
Round   20/30  coverage=0.4979  prec@K=0.0103  accepted=19  loss=nan  (0.1s)
Round   21/30  coverage=0.5021  prec@K=0.0127  accepted=23  loss=nan  (0.2s)
Round   22/30  coverage=0.5052  prec@K=0.0093  accepted=17  loss=nan  (0.2s)
Round   23/30  coverage=0.5095  prec@K=0.0132  accepted=24  loss=nan  (0.2s)
Round   24/30  coverage=0.5130  prec@K=0.0104  accepted=19  loss=nan  (0.2s)
Round   25/30  coverage=0.5155  prec@K=0.0077  accepted=14  loss=nan  (0.2s)
Round   26/30  coverage=0.5189  prec@K=0.0103  accepted=19  loss=nan  (0.2s)
Round   27/30  coverage=0.5218  prec@K=0.0088  accepted=16  loss=nan  (0.2s)
Round   28/30  coverage=0.5249  prec@K=0.0094  accepted=17  loss=nan  (0.2s)
Round   29/30  coverage=0.5262  prec@K=0.0038  accepted=7  loss=nan  (0.2s)
Round   30/30  coverage=0.5278  prec@K=0.0049  accepted=9  loss=nan  (0.2s)

结果已写入 results\online\algo_sweep_dnc_email_v2_ir40_s0\dnc_email_pa/rounds.csv
