C:\conda\envs\gnn\lib\site-packages\requests\__init__.py:86: RequestsDependencyWarning: Unable to find acceptable character detection dependency (chardet or charset_normalizer).
  warnings.warn(
C:\conda\envs\gnn\lib\site-packages\outdated\__init__.py:36: UserWarning: pkg_resources is deprecated as an API. See https://setuptools.pypa.io/en/latest/pkg_resources.html. The pkg_resources package is slated for removal as early as 2025-11-30. Refrain from using this package or pin to Setuptools<81.
  from pkg_resources import parse_version
Round    1/30  coverage=0.4026  prec@K=0.0083  accepted=15  loss=0.8132  (0.9s)
Round    2/30  coverage=0.4051  prec@K=0.0076  accepted=14  loss=0.8114  (1.2s)
Round    3/30  coverage=0.4076  prec@K=0.0076  accepted=14  loss=0.8066  (0.6s)
Round    4/30  coverage=0.4104  prec@K=0.0082  accepted=15  loss=0.7983  (1.0s)
Round    5/30  coverage=0.4136  prec@K=0.0098  accepted=18  loss=0.7834  (0.6s)
Round    6/30  coverage=0.4147  prec@K=0.0033  accepted=6  loss=0.7813  (1.1s)
Round    7/30  coverage=0.4165  prec@K=0.0055  accepted=10  loss=0.7726  (0.6s)
Round    8/30  coverage=0.4171  prec@K=0.0017  accepted=3  loss=0.7698  (1.1s)
Round    9/30  coverage=0.4189  prec@K=0.0055  accepted=10  loss=0.7630  (0.7s)
Round   10/30  coverage=0.4205  prec@K=0.0049  accepted=9  loss=0.7589  (3.4s)
Round   11/30  coverage=0.4216  prec@K=0.0033  accepted=6  loss=0.7553  (0.5s)
Round   12/30  coverage=0.4221  prec@K=0.0017  accepted=3  loss=0.7522  (1.8s)
Round   13/30  coverage=0.4240  prec@K=0.0055  accepted=10  loss=0.7471  (0.6s)
Round   14/30  coverage=0.4249  prec@K=0.0027  accepted=5  loss=0.7455  (0.5s)
Round   15/30  coverage=0.4256  prec@K=0.0022  accepted=4  loss=0.7430  (0.5s)
Round   16/30  coverage=0.4267  prec@K=0.0033  accepted=6  loss=0.7398  (0.6s)
Round   17/30  coverage=0.4285  prec@K=0.0055  accepted=10  loss=0.7368  (0.7s)
Round   18/30  coverage=0.4290  prec@K=0.0016  accepted=3  loss=0.7358  (0.5s)
Round   19/30  coverage=0.4305  prec@K=0.0043  accepted=8  loss=0.7325  (0.8s)
Round   20/30  coverage=0.4316  prec@K=0.0033  accepted=6  loss=0.7312  (0.6s)
Round   21/30  coverage=0.4321  prec@K=0.0017  accepted=3  loss=0.7296  (0.7s)
Round   22/30  coverage=0.4323  prec@K=0.0005  accepted=1  loss=0.7280  (0.7s)
Round   23/30  coverage=0.4323  prec@K=0.0000  accepted=0  loss=0.7274  (0.7s)
Round   24/30  coverage=0.4328  prec@K=0.0016  accepted=3  loss=0.7264  (0.7s)
Round   25/30  coverage=0.4332  prec@K=0.0011  accepted=2  loss=0.7252  (0.8s)
Round   26/30  coverage=0.4332  prec@K=0.0000  accepted=0  loss=0.7249  (0.7s)
Round   27/30  coverage=0.4336  prec@K=0.0011  accepted=2  loss=0.7244  (0.6s)
Round   28/30  coverage=0.4338  prec@K=0.0006  accepted=1  loss=0.7241  (0.8s)
Round   29/30  coverage=0.4341  prec@K=0.0011  accepted=2  loss=0.7246  (1.1s)
Round   30/30  coverage=0.4341  prec@K=0.0000  accepted=0  loss=0.7245  (1.2s)

结果已写入 results\online\algo_sweep_dnc_email_v2_ir40_s0\dnc_email_gnn_concat_h8/rounds.csv
