C:\conda\envs\gnn\lib\site-packages\requests\__init__.py:86: RequestsDependencyWarning: Unable to find acceptable character detection dependency (chardet or charset_normalizer).
  warnings.warn(
C:\conda\envs\gnn\lib\site-packages\outdated\__init__.py:36: UserWarning: pkg_resources is deprecated as an API. See https://setuptools.pypa.io/en/latest/pkg_resources.html. The pkg_resources package is slated for removal as early as 2025-11-30. Refrain from using this package or pin to Setuptools<81.
  from pkg_resources import parse_version
Round    1/30  coverage=0.2500  prec@K=0.0029  accepted=7  loss=0.6407  (2.3s)
Round    2/30  coverage=0.2501  prec@K=0.0067  accepted=16  loss=0.6414  (1.2s)
Round    3/30  coverage=0.2502  prec@K=0.0088  accepted=21  loss=0.6401  (0.9s)
Round    4/30  coverage=0.2502  prec@K=0.0046  accepted=11  loss=0.6344  (0.9s)
Round    5/30  coverage=0.2504  prec@K=0.0109  accepted=26  loss=0.6317  (1.1s)
Round    6/30  coverage=0.2505  prec@K=0.0097  accepted=23  loss=0.6295  (1.1s)
Round    7/30  coverage=0.2506  prec@K=0.0101  accepted=24  loss=0.6204  (1.0s)
Round    8/30  coverage=0.2507  prec@K=0.0092  accepted=22  loss=0.6171  (1.2s)
Round    9/30  coverage=0.2507  prec@K=0.0088  accepted=21  loss=0.6107  (1.1s)
Round   10/30  coverage=0.2508  prec@K=0.0098  accepted=23  loss=0.6064  (0.9s)
Round   11/30  coverage=0.2509  prec@K=0.0050  accepted=12  loss=0.5958  (2.2s)
Round   12/30  coverage=0.2510  prec@K=0.0054  accepted=13  loss=0.5918  (1.0s)
Round   13/30  coverage=0.2510  prec@K=0.0062  accepted=15  loss=0.5894  (1.2s)
Round   14/30  coverage=0.2511  prec@K=0.0089  accepted=21  loss=0.5859  (1.3s)
Round   15/30  coverage=0.2512  prec@K=0.0100  accepted=24  loss=0.5862  (1.2s)
Round   16/30  coverage=0.2513  prec@K=0.0103  accepted=25  loss=0.5846  (1.3s)
Round   17/30  coverage=0.2514  prec@K=0.0030  accepted=7  loss=0.5768  (1.0s)
Round   18/30  coverage=0.2514  prec@K=0.0059  accepted=14  loss=0.5767  (1.4s)
Round   19/30  coverage=0.2515  prec@K=0.0092  accepted=22  loss=0.5784  (1.4s)
Round   20/30  coverage=0.2516  prec@K=0.0080  accepted=19  loss=0.5760  (1.4s)
Round   21/30  coverage=0.2517  prec@K=0.0060  accepted=14  loss=0.5736  (2.5s)
Round   22/30  coverage=0.2518  prec@K=0.0109  accepted=26  loss=0.5778  (1.3s)
Round   23/30  coverage=0.2519  prec@K=0.0130  accepted=31  loss=0.5771  (1.3s)
Round   24/30  coverage=0.2520  prec@K=0.0064  accepted=15  loss=0.5721  (1.2s)
Round   25/30  coverage=0.2520  prec@K=0.0067  accepted=16  loss=0.5724  (1.3s)
Round   26/30  coverage=0.2521  prec@K=0.0055  accepted=13  loss=0.5704  (1.3s)
Round   27/30  coverage=0.2521  prec@K=0.0033  accepted=8  loss=0.5686  (1.4s)
Round   28/30  coverage=0.2522  prec@K=0.0083  accepted=20  loss=0.5742  (1.4s)
Round   29/30  coverage=0.2523  prec@K=0.0071  accepted=17  loss=0.5735  (1.5s)
Round   30/30  coverage=0.2524  prec@K=0.0079  accepted=19  loss=0.5722  (1.4s)

结果已写入 results\online\algo_sweep_sx_mathoverflow_v2\sx_mathoverflow_gnn_sum_h8/rounds.csv
