C:\conda\envs\gnn\lib\site-packages\requests\__init__.py:86: RequestsDependencyWarning: Unable to find acceptable character detection dependency (chardet or charset_normalizer).
  warnings.warn(
C:\conda\envs\gnn\lib\site-packages\outdated\__init__.py:36: UserWarning: pkg_resources is deprecated as an API. See https://setuptools.pypa.io/en/latest/pkg_resources.html. The pkg_resources package is slated for removal as early as 2025-11-30. Refrain from using this package or pin to Setuptools<81.
  from pkg_resources import parse_version
Round    1/30  coverage=0.2501  prec@K=0.0059  accepted=14  loss=nan  (1.2s)
Round    2/30  coverage=0.2502  prec@K=0.0093  accepted=22  loss=nan  (0.3s)
Round    3/30  coverage=0.2503  prec@K=0.0117  accepted=28  loss=nan  (0.3s)
Round    4/30  coverage=0.2503  prec@K=0.0054  accepted=13  loss=nan  (0.3s)
Round    5/30  coverage=0.2505  prec@K=0.0134  accepted=32  loss=nan  (0.3s)
Round    6/30  coverage=0.2506  prec@K=0.0101  accepted=24  loss=nan  (0.4s)
Round    7/30  coverage=0.2507  prec@K=0.0105  accepted=25  loss=nan  (0.4s)
Round    8/30  coverage=0.2508  prec@K=0.0134  accepted=32  loss=nan  (0.4s)
Round    9/30  coverage=0.2509  prec@K=0.0092  accepted=22  loss=nan  (0.4s)
Round   10/30  coverage=0.2511  prec@K=0.0141  accepted=33  loss=nan  (0.4s)
Round   11/30  coverage=0.2511  prec@K=0.0071  accepted=17  loss=nan  (1.3s)
Round   12/30  coverage=0.2512  prec@K=0.0087  accepted=21  loss=nan  (0.4s)
Round   13/30  coverage=0.2513  prec@K=0.0096  accepted=23  loss=nan  (0.4s)
Round   14/30  coverage=0.2515  prec@K=0.0127  accepted=30  loss=nan  (0.4s)
Round   15/30  coverage=0.2516  prec@K=0.0129  accepted=31  loss=nan  (0.5s)
Round   16/30  coverage=0.2518  prec@K=0.0145  accepted=35  loss=nan  (0.5s)
Round   17/30  coverage=0.2518  prec@K=0.0030  accepted=7  loss=nan  (0.5s)
Round   18/30  coverage=0.2519  prec@K=0.0075  accepted=18  loss=nan  (0.5s)
Round   19/30  coverage=0.2520  prec@K=0.0097  accepted=23  loss=nan  (0.5s)
Round   20/30  coverage=0.2521  prec@K=0.0085  accepted=20  loss=nan  (0.6s)
Round   21/30  coverage=0.2521  prec@K=0.0081  accepted=19  loss=nan  (1.5s)
Round   22/30  coverage=0.2523  prec@K=0.0134  accepted=32  loss=nan  (0.6s)
Round   23/30  coverage=0.2524  prec@K=0.0155  accepted=37  loss=nan  (0.7s)
Round   24/30  coverage=0.2525  prec@K=0.0089  accepted=21  loss=nan  (0.6s)
Round   25/30  coverage=0.2526  prec@K=0.0083  accepted=20  loss=nan  (0.6s)
Round   26/30  coverage=0.2527  prec@K=0.0097  accepted=23  loss=nan  (0.6s)
Round   27/30  coverage=0.2528  prec@K=0.0050  accepted=12  loss=nan  (0.7s)
Round   28/30  coverage=0.2529  prec@K=0.0146  accepted=35  loss=nan  (0.7s)
Round   29/30  coverage=0.2530  prec@K=0.0075  accepted=18  loss=nan  (0.7s)
Round   30/30  coverage=0.2532  prec@K=0.0133  accepted=32  loss=nan  (0.7s)

结果已写入 results\online\algo_sweep_sx_mathoverflow_v2\sx_mathoverflow_aa/rounds.csv
