=== advogato_aa_s2  started 2026-05-09T16:05:13 ===

C:\conda\envs\gnn\lib\site-packages\requests\__init__.py:86: RequestsDependencyWarning: Unable to find acceptable character detection dependency (chardet or charset_normalizer).
  warnings.warn(
C:\conda\envs\gnn\lib\site-packages\outdated\__init__.py:36: UserWarning: pkg_resources is deprecated as an API. See https://setuptools.pypa.io/en/latest/pkg_resources.html. The pkg_resources package is slated for removal as early as 2025-11-30. Refrain from using this package or pin to Setuptools<81.
  from pkg_resources import parse_version
Round    1/30  coverage=0.5044  prec@K=0.0496  accepted=249  auc=0.8450  uauc=0.6938  loss=nan  (0.6s)
Round    2/30  coverage=0.5095  prec@K=0.0568  accepted=284  auc=0.7999  uauc=0.6648  loss=nan  (0.4s)
Round    3/30  coverage=0.5134  prec@K=0.0453  accepted=225  auc=0.7884  uauc=0.6787  loss=nan  (0.4s)
Round    4/30  coverage=0.5175  prec@K=0.0499  accepted=249  auc=0.7753  uauc=0.6417  loss=nan  (0.4s)
Round    5/30  coverage=0.5214  prec@K=0.0456  accepted=227  auc=0.7955  uauc=0.6761  loss=nan  (0.4s)
Round    6/30  coverage=0.5252  prec@K=0.0451  accepted=224  auc=0.7845  uauc=0.6429  loss=nan  (0.4s)
Round    7/30  coverage=0.5287  prec@K=0.0452  accepted=225  auc=0.7427  uauc=0.6522  loss=nan  (0.5s)
Round    8/30  coverage=0.5315  prec@K=0.0347  accepted=172  auc=0.7628  uauc=0.6406  loss=nan  (0.4s)
Round    9/30  coverage=0.5346  prec@K=0.0413  accepted=204  auc=0.7457  uauc=0.6464  loss=nan  (0.6s)
Round   10/30  coverage=0.5372  prec@K=0.0330  accepted=164  auc=0.7450  uauc=0.5974  loss=nan  (0.5s)
Round   11/30  coverage=0.5403  prec@K=0.0366  accepted=182  auc=0.7763  uauc=0.6583  loss=nan  (0.8s)
Round   12/30  coverage=0.5432  prec@K=0.0357  accepted=178  auc=0.7802  uauc=0.6356  loss=nan  (0.5s)
Round   13/30  coverage=0.5460  prec@K=0.0347  accepted=170  auc=0.7521  uauc=0.6217  loss=nan  (0.5s)
Round   14/30  coverage=0.5490  prec@K=0.0363  accepted=181  auc=0.7857  uauc=0.6507  loss=nan  (0.5s)
Round   15/30  coverage=0.5521  prec@K=0.0393  accepted=195  auc=0.7842  uauc=0.7042  loss=nan  (0.6s)
Round   16/30  coverage=0.5545  prec@K=0.0316  accepted=158  auc=0.7417  uauc=0.6680  loss=nan  (0.5s)
Round   17/30  coverage=0.5576  prec@K=0.0403  accepted=202  auc=0.7662  uauc=0.6552  loss=nan  (0.6s)
Round   18/30  coverage=0.5597  prec@K=0.0307  accepted=153  auc=0.7466  uauc=0.6223  loss=nan  (0.6s)
Round   19/30  coverage=0.5619  prec@K=0.0293  accepted=144  auc=0.7759  uauc=0.6227  loss=nan  (0.6s)
Round   20/30  coverage=0.5643  prec@K=0.0330  accepted=164  auc=0.7540  uauc=0.6641  loss=nan  (0.6s)
Round   21/30  coverage=0.5664  prec@K=0.0300  accepted=148  auc=0.7718  uauc=0.6238  loss=nan  (0.9s)
Round   22/30  coverage=0.5686  prec@K=0.0305  accepted=151  auc=0.7588  uauc=0.6802  loss=nan  (0.6s)
Round   23/30  coverage=0.5704  prec@K=0.0269  accepted=133  auc=0.7314  uauc=0.6207  loss=nan  (0.6s)
Round   24/30  coverage=0.5725  prec@K=0.0288  accepted=141  auc=0.7936  uauc=0.7017  loss=nan  (0.6s)
Round   25/30  coverage=0.5749  prec@K=0.0319  accepted=159  auc=0.7430  uauc=0.6533  loss=nan  (0.6s)
Round   26/30  coverage=0.5772  prec@K=0.0312  accepted=155  auc=0.7357  uauc=0.6375  loss=nan  (0.6s)
Round   27/30  coverage=0.5792  prec@K=0.0285  accepted=141  auc=0.7697  uauc=0.6689  loss=nan  (0.6s)
Round   28/30  coverage=0.5811  prec@K=0.0279  accepted=138  auc=0.7573  uauc=0.6541  loss=nan  (0.6s)
Round   29/30  coverage=0.5825  prec@K=0.0253  accepted=125  auc=0.7118  uauc=0.6082  loss=nan  (0.6s)
Round   30/30  coverage=0.5846  prec@K=0.0300  accepted=149  auc=0.7512  uauc=0.6328  loss=nan  (0.7s)

结果已写入 results\orchestrator\runs\ir50_constlr5e5_ppos95_pneg01\advogato\aa_s2/rounds.csv
