=== advogato_cn_s0  started 2026-05-09T16:05:34 ===

C:\conda\envs\gnn\lib\site-packages\requests\__init__.py:86: RequestsDependencyWarning: Unable to find acceptable character detection dependency (chardet or charset_normalizer).
  warnings.warn(
C:\conda\envs\gnn\lib\site-packages\outdated\__init__.py:36: UserWarning: pkg_resources is deprecated as an API. See https://setuptools.pypa.io/en/latest/pkg_resources.html. The pkg_resources package is slated for removal as early as 2025-11-30. Refrain from using this package or pin to Setuptools<81.
  from pkg_resources import parse_version
Round    1/30  coverage=0.5033  prec@K=0.0412  accepted=206  auc=0.7401  uauc=0.5721  loss=nan  (0.5s)
Round    2/30  coverage=0.5062  prec@K=0.0374  accepted=185  auc=0.7395  uauc=0.6430  loss=nan  (0.3s)
Round    3/30  coverage=0.5100  prec@K=0.0460  accepted=227  auc=0.7661  uauc=0.6470  loss=nan  (0.3s)
Round    4/30  coverage=0.5128  prec@K=0.0399  accepted=197  auc=0.6814  uauc=0.5857  loss=nan  (0.3s)
Round    5/30  coverage=0.5157  prec@K=0.0363  accepted=183  auc=0.7731  uauc=0.6454  loss=nan  (0.3s)
Round    6/30  coverage=0.5188  prec@K=0.0382  accepted=189  auc=0.7486  uauc=0.6070  loss=nan  (0.3s)
Round    7/30  coverage=0.5219  prec@K=0.0394  accepted=195  auc=0.7541  uauc=0.6486  loss=nan  (0.3s)
Round    8/30  coverage=0.5249  prec@K=0.0390  accepted=194  auc=0.7421  uauc=0.6309  loss=nan  (0.3s)
Round    9/30  coverage=0.5275  prec@K=0.0328  accepted=161  auc=0.7375  uauc=0.6144  loss=nan  (0.4s)
Round   10/30  coverage=0.5301  prec@K=0.0341  accepted=169  auc=0.7201  uauc=0.5957  loss=nan  (0.4s)
Round   11/30  coverage=0.5327  prec@K=0.0317  accepted=159  auc=0.7391  uauc=0.6260  loss=nan  (0.7s)
Round   12/30  coverage=0.5351  prec@K=0.0330  accepted=164  auc=0.7330  uauc=0.6191  loss=nan  (0.4s)
Round   13/30  coverage=0.5379  prec@K=0.0350  accepted=173  auc=0.7568  uauc=0.6104  loss=nan  (0.4s)
Round   14/30  coverage=0.5402  prec@K=0.0317  accepted=159  auc=0.7289  uauc=0.6282  loss=nan  (0.4s)
Round   15/30  coverage=0.5424  prec@K=0.0299  accepted=147  auc=0.7658  uauc=0.6400  loss=nan  (0.4s)
Round   16/30  coverage=0.5449  prec@K=0.0341  accepted=169  auc=0.7505  uauc=0.6274  loss=nan  (0.4s)
Round   17/30  coverage=0.5469  prec@K=0.0300  accepted=150  auc=0.7325  uauc=0.6543  loss=nan  (0.4s)
Round   18/30  coverage=0.5492  prec@K=0.0328  accepted=161  auc=0.7560  uauc=0.5877  loss=nan  (0.4s)
Round   19/30  coverage=0.5516  prec@K=0.0329  accepted=161  auc=0.7694  uauc=0.6201  loss=nan  (0.4s)
Round   20/30  coverage=0.5535  prec@K=0.0298  accepted=148  auc=0.7108  uauc=0.6005  loss=nan  (0.4s)
Round   21/30  coverage=0.5559  prec@K=0.0350  accepted=174  auc=0.7230  uauc=0.6304  loss=nan  (0.8s)
Round   22/30  coverage=0.5578  prec@K=0.0280  accepted=138  auc=0.7248  uauc=0.5832  loss=nan  (0.4s)
Round   23/30  coverage=0.5600  prec@K=0.0305  accepted=150  auc=0.7512  uauc=0.6513  loss=nan  (0.5s)
Round   24/30  coverage=0.5619  prec@K=0.0323  accepted=159  auc=0.6974  uauc=0.5595  loss=nan  (0.5s)
Round   25/30  coverage=0.5642  prec@K=0.0327  accepted=163  auc=0.7521  uauc=0.5865  loss=nan  (0.5s)
Round   26/30  coverage=0.5665  prec@K=0.0331  accepted=162  auc=0.7573  uauc=0.6384  loss=nan  (0.5s)
Round   27/30  coverage=0.5687  prec@K=0.0317  accepted=154  auc=0.7540  uauc=0.6367  loss=nan  (0.4s)
Round   28/30  coverage=0.5704  prec@K=0.0245  accepted=120  auc=0.7492  uauc=0.6148  loss=nan  (0.5s)
Round   29/30  coverage=0.5724  prec@K=0.0266  accepted=133  auc=0.8050  uauc=0.6631  loss=nan  (0.5s)
Round   30/30  coverage=0.5742  prec@K=0.0277  accepted=138  auc=0.6986  uauc=0.6025  loss=nan  (0.5s)

结果已写入 results\orchestrator\runs\ir50_constlr5e5_ppos95_pneg01\advogato\cn_s0/rounds.csv
