=== advogato_graphsage_emb_s0  started 2026-05-09T16:22:16 ===

C:\conda\envs\gnn\lib\site-packages\requests\__init__.py:86: RequestsDependencyWarning: Unable to find acceptable character detection dependency (chardet or charset_normalizer).
  warnings.warn(
C:\conda\envs\gnn\lib\site-packages\outdated\__init__.py:36: UserWarning: pkg_resources is deprecated as an API. See https://setuptools.pypa.io/en/latest/pkg_resources.html. The pkg_resources package is slated for removal as early as 2025-11-30. Refrain from using this package or pin to Setuptools<81.
  from pkg_resources import parse_version
Round    1/30  coverage=0.5014  prec@K=0.0234  accepted=117  auc=0.5255  uauc=0.4772  loss=0.7190  (7.5s)
Round    2/30  coverage=0.5028  prec@K=0.0233  accepted=115  auc=0.5440  uauc=0.5154  loss=0.7187  (6.4s)
Round    3/30  coverage=0.5041  prec@K=0.0212  accepted=105  auc=0.5404  uauc=0.5412  loss=0.7188  (7.1s)
Round    4/30  coverage=0.5053  prec@K=0.0255  accepted=126  auc=0.5773  uauc=0.5165  loss=0.7183  (6.5s)
Round    5/30  coverage=0.5064  prec@K=0.0188  accepted=95  auc=0.4985  uauc=0.4567  loss=0.7186  (6.9s)
Round    6/30  coverage=0.5078  prec@K=0.0221  accepted=109  auc=0.5535  uauc=0.4936  loss=0.7181  (6.9s)
Round    7/30  coverage=0.5089  prec@K=0.0198  accepted=98  auc=0.5501  uauc=0.4954  loss=0.7182  (7.4s)
Round    8/30  coverage=0.5100  prec@K=0.0217  accepted=108  auc=0.5525  uauc=0.5408  loss=0.7177  (6.8s)
Round    9/30  coverage=0.5110  prec@K=0.0176  accepted=87  auc=0.5692  uauc=0.5711  loss=0.7178  (7.2s)
Round   10/30  coverage=0.5120  prec@K=0.0194  accepted=96  auc=0.5340  uauc=0.4523  loss=0.7176  (7.3s)
Round   11/30  coverage=0.5128  prec@K=0.0155  accepted=78  auc=0.4738  uauc=0.4930  loss=0.7177  (7.6s)
Round   12/30  coverage=0.5140  prec@K=0.0215  accepted=106  auc=0.5853  uauc=0.4857  loss=0.7172  (7.3s)
Round   13/30  coverage=0.5150  prec@K=0.0182  accepted=90  auc=0.4900  uauc=0.4879  loss=0.7171  (7.1s)
Round   14/30  coverage=0.5160  prec@K=0.0198  accepted=99  auc=0.4648  uauc=0.4813  loss=0.7169  (7.6s)
Round   15/30  coverage=0.5166  prec@K=0.0141  accepted=70  auc=0.5306  uauc=0.5041  loss=0.7169  (7.3s)
Round   16/30  coverage=0.5173  prec@K=0.0175  accepted=87  auc=0.4994  uauc=0.4932  loss=0.7166  (7.2s)
Round   17/30  coverage=0.5181  prec@K=0.0187  accepted=93  auc=0.5504  uauc=0.5060  loss=0.7164  (7.6s)
Round   18/30  coverage=0.5190  prec@K=0.0190  accepted=94  auc=0.5264  uauc=0.4548  loss=0.7160  (7.3s)
Round   19/30  coverage=0.5198  prec@K=0.0171  accepted=85  auc=0.5008  uauc=0.4601  loss=0.7161  (7.5s)
Round   20/30  coverage=0.5205  prec@K=0.0199  accepted=98  auc=0.4620  uauc=0.4822  loss=0.7157  (7.8s)
Round   21/30  coverage=0.5211  prec@K=0.0189  accepted=93  auc=0.4954  uauc=0.4924  loss=0.7156  (7.9s)
Round   22/30  coverage=0.5217  prec@K=0.0155  accepted=77  auc=0.5312  uauc=0.5440  loss=0.7154  (7.4s)
Round   23/30  coverage=0.5224  prec@K=0.0165  accepted=81  auc=0.5252  uauc=0.5090  loss=0.7153  (7.2s)
Round   24/30  coverage=0.5231  prec@K=0.0208  accepted=103  auc=0.5381  uauc=0.5113  loss=0.7147  (7.4s)
Round   25/30  coverage=0.5240  prec@K=0.0192  accepted=95  auc=0.5284  uauc=0.5276  loss=0.7147  (7.5s)
Round   26/30  coverage=0.5247  prec@K=0.0173  accepted=85  auc=0.5447  uauc=0.5145  loss=0.7145  (7.5s)
Round   27/30  coverage=0.5254  prec@K=0.0166  accepted=81  auc=0.5573  uauc=0.4609  loss=0.7143  (7.8s)
Round   28/30  coverage=0.5259  prec@K=0.0138  accepted=67  auc=0.4863  uauc=0.5149  loss=0.7142  (7.7s)
Round   29/30  coverage=0.5264  prec@K=0.0136  accepted=67  auc=0.5004  uauc=0.4781  loss=0.7142  (7.9s)
Round   30/30  coverage=0.5269  prec@K=0.0157  accepted=78  auc=0.4937  uauc=0.5335  loss=0.7137  (8.0s)

结果已写入 results\orchestrator\runs\ir50_constlr5e5_ppos95_pneg01\advogato\graphsage_emb_s0/rounds.csv
