=== advogato_gnn_concat_s1  started 2026-05-09T16:10:51 ===

C:\conda\envs\gnn\lib\site-packages\requests\__init__.py:86: RequestsDependencyWarning: Unable to find acceptable character detection dependency (chardet or charset_normalizer).
  warnings.warn(
C:\conda\envs\gnn\lib\site-packages\outdated\__init__.py:36: UserWarning: pkg_resources is deprecated as an API. See https://setuptools.pypa.io/en/latest/pkg_resources.html. The pkg_resources package is slated for removal as early as 2025-11-30. Refrain from using this package or pin to Setuptools<81.
  from pkg_resources import parse_version
Round    1/30  coverage=0.5008  prec@K=0.0179  accepted=90  auc=0.4442  uauc=0.5360  loss=0.7279  (7.8s)
Round    2/30  coverage=0.5015  prec@K=0.0141  accepted=70  auc=0.3876  uauc=0.4847  loss=0.7249  (6.6s)
Round    3/30  coverage=0.5023  prec@K=0.0169  accepted=84  auc=0.4144  uauc=0.5191  loss=0.7219  (7.2s)
Round    4/30  coverage=0.5030  prec@K=0.0168  accepted=83  auc=0.4460  uauc=0.5526  loss=0.7191  (6.9s)
Round    5/30  coverage=0.5035  prec@K=0.0161  accepted=80  auc=0.4393  uauc=0.4940  loss=0.7167  (6.9s)
Round    6/30  coverage=0.5039  prec@K=0.0138  accepted=68  auc=0.4482  uauc=0.5572  loss=0.7133  (6.3s)
Round    7/30  coverage=0.5046  prec@K=0.0178  accepted=89  auc=0.4715  uauc=0.4453  loss=0.7105  (7.4s)
Round    8/30  coverage=0.5051  prec@K=0.0145  accepted=72  auc=0.4667  uauc=0.5118  loss=0.7083  (7.2s)
Round    9/30  coverage=0.5059  prec@K=0.0189  accepted=94  auc=0.4702  uauc=0.5899  loss=0.7049  (7.0s)
Round   10/30  coverage=0.5064  prec@K=0.0177  accepted=87  auc=0.4313  uauc=0.4892  loss=0.7025  (7.1s)
Round   11/30  coverage=0.5069  prec@K=0.0160  accepted=80  auc=0.4823  uauc=0.6054  loss=0.6999  (7.4s)
Round   12/30  coverage=0.5075  prec@K=0.0140  accepted=69  auc=0.4528  uauc=0.5000  loss=0.6979  (6.7s)
Round   13/30  coverage=0.5084  prec@K=0.0177  accepted=86  auc=0.4367  uauc=0.5986  loss=0.6946  (7.3s)
Round   14/30  coverage=0.5093  prec@K=0.0176  accepted=86  auc=0.4103  uauc=0.6652  loss=0.6920  (7.1s)
Round   15/30  coverage=0.5103  prec@K=0.0223  accepted=110  auc=0.4262  uauc=0.6033  loss=0.6897  (7.4s)
Round   16/30  coverage=0.5113  prec@K=0.0181  accepted=89  auc=0.4237  uauc=0.6597  loss=0.6865  (7.0s)
Round   17/30  coverage=0.5120  prec@K=0.0203  accepted=99  auc=0.4647  uauc=0.5967  loss=0.6840  (7.4s)
Round   18/30  coverage=0.5130  prec@K=0.0173  accepted=85  auc=0.3914  uauc=0.7064  loss=0.6817  (7.2s)
Round   19/30  coverage=0.5141  prec@K=0.0204  accepted=101  auc=0.4136  uauc=0.6602  loss=0.6794  (7.6s)
Round   20/30  coverage=0.5149  prec@K=0.0160  accepted=79  auc=0.4199  uauc=0.5908  loss=0.6768  (7.3s)
Round   21/30  coverage=0.5157  prec@K=0.0169  accepted=83  auc=0.3982  uauc=0.6214  loss=0.6742  (7.8s)
Round   22/30  coverage=0.5166  prec@K=0.0203  accepted=100  auc=0.4437  uauc=0.5513  loss=0.6726  (7.2s)
Round   23/30  coverage=0.5176  prec@K=0.0199  accepted=97  auc=0.3966  uauc=0.6243  loss=0.6700  (6.9s)
Round   24/30  coverage=0.5184  prec@K=0.0162  accepted=81  auc=0.3875  uauc=0.6655  loss=0.6671  (7.5s)
Round   25/30  coverage=0.5192  prec@K=0.0177  accepted=87  auc=0.4192  uauc=0.6057  loss=0.6645  (7.2s)
Round   26/30  coverage=0.5201  prec@K=0.0187  accepted=91  auc=0.3925  uauc=0.6190  loss=0.6623  (7.1s)
Round   27/30  coverage=0.5209  prec@K=0.0183  accepted=88  auc=0.4009  uauc=0.6561  loss=0.6595  (7.7s)
Round   28/30  coverage=0.5215  prec@K=0.0152  accepted=75  auc=0.4272  uauc=0.5534  loss=0.6568  (7.9s)
Round   29/30  coverage=0.5224  prec@K=0.0172  accepted=85  auc=0.3745  uauc=0.6414  loss=0.6553  (7.9s)
Round   30/30  coverage=0.5231  prec@K=0.0176  accepted=87  auc=0.4148  uauc=0.5924  loss=0.6523  (8.0s)

结果已写入 results\orchestrator\runs\ir50_constlr5e5_ppos95_pneg01\advogato\gnn_concat_s1/rounds.csv
