=== advogato_aa_s3  started 2026-05-09T16:05:33 ===

C:\conda\envs\gnn\lib\site-packages\requests\__init__.py:86: RequestsDependencyWarning: Unable to find acceptable character detection dependency (chardet or charset_normalizer).
  warnings.warn(
C:\conda\envs\gnn\lib\site-packages\outdated\__init__.py:36: UserWarning: pkg_resources is deprecated as an API. See https://setuptools.pypa.io/en/latest/pkg_resources.html. The pkg_resources package is slated for removal as early as 2025-11-30. Refrain from using this package or pin to Setuptools<81.
  from pkg_resources import parse_version
Round    1/30  coverage=0.5045  prec@K=0.0535  accepted=264  auc=0.7886  uauc=0.6593  loss=nan  (0.7s)
Round    2/30  coverage=0.5088  prec@K=0.0517  accepted=259  auc=0.7784  uauc=0.6471  loss=nan  (0.4s)
Round    3/30  coverage=0.5123  prec@K=0.0441  accepted=215  auc=0.7858  uauc=0.6320  loss=nan  (0.4s)
Round    4/30  coverage=0.5161  prec@K=0.0450  accepted=225  auc=0.7628  uauc=0.6385  loss=nan  (0.4s)
Round    5/30  coverage=0.5193  prec@K=0.0413  accepted=205  auc=0.7647  uauc=0.6688  loss=nan  (0.4s)
Round    6/30  coverage=0.5226  prec@K=0.0425  accepted=213  auc=0.7926  uauc=0.6502  loss=nan  (0.4s)
Round    7/30  coverage=0.5260  prec@K=0.0412  accepted=203  auc=0.7789  uauc=0.6319  loss=nan  (0.4s)
Round    8/30  coverage=0.5291  prec@K=0.0394  accepted=197  auc=0.7762  uauc=0.6909  loss=nan  (0.5s)
Round    9/30  coverage=0.5324  prec@K=0.0400  accepted=200  auc=0.7863  uauc=0.6536  loss=nan  (0.6s)
Round   10/30  coverage=0.5353  prec@K=0.0372  accepted=187  auc=0.7579  uauc=0.6508  loss=nan  (0.5s)
Round   11/30  coverage=0.5385  prec@K=0.0410  accepted=202  auc=0.7373  uauc=0.6290  loss=nan  (0.7s)
Round   12/30  coverage=0.5411  prec@K=0.0351  accepted=175  auc=0.7451  uauc=0.6472  loss=nan  (0.5s)
Round   13/30  coverage=0.5444  prec@K=0.0385  accepted=190  auc=0.8166  uauc=0.6564  loss=nan  (0.5s)
Round   14/30  coverage=0.5475  prec@K=0.0382  accepted=191  auc=0.7794  uauc=0.6593  loss=nan  (0.6s)
Round   15/30  coverage=0.5502  prec@K=0.0357  accepted=178  auc=0.7720  uauc=0.6899  loss=nan  (0.5s)
Round   16/30  coverage=0.5527  prec@K=0.0307  accepted=152  auc=0.7319  uauc=0.6056  loss=nan  (0.5s)
Round   17/30  coverage=0.5549  prec@K=0.0296  accepted=148  auc=0.7443  uauc=0.6242  loss=nan  (0.5s)
Round   18/30  coverage=0.5575  prec@K=0.0348  accepted=172  auc=0.7460  uauc=0.6363  loss=nan  (0.6s)
Round   19/30  coverage=0.5600  prec@K=0.0306  accepted=152  auc=0.7501  uauc=0.6406  loss=nan  (0.6s)
Round   20/30  coverage=0.5623  prec@K=0.0316  accepted=156  auc=0.7459  uauc=0.6064  loss=nan  (0.6s)
Round   21/30  coverage=0.5643  prec@K=0.0293  accepted=145  auc=0.7584  uauc=0.6188  loss=nan  (0.9s)
Round   22/30  coverage=0.5664  prec@K=0.0263  accepted=132  auc=0.7665  uauc=0.6119  loss=nan  (0.5s)
Round   23/30  coverage=0.5686  prec@K=0.0309  accepted=153  auc=0.7545  uauc=0.6183  loss=nan  (0.6s)
Round   24/30  coverage=0.5710  prec@K=0.0319  accepted=157  auc=0.7566  uauc=0.6176  loss=nan  (0.6s)
Round   25/30  coverage=0.5724  prec@K=0.0243  accepted=121  auc=0.6745  uauc=0.5890  loss=nan  (0.5s)
Round   26/30  coverage=0.5743  prec@K=0.0287  accepted=144  auc=0.7442  uauc=0.6285  loss=nan  (0.6s)
Round   27/30  coverage=0.5760  prec@K=0.0255  accepted=126  auc=0.7473  uauc=0.6445  loss=nan  (0.6s)
Round   28/30  coverage=0.5774  prec@K=0.0229  accepted=112  auc=0.7210  uauc=0.6080  loss=nan  (0.6s)
Round   29/30  coverage=0.5793  prec@K=0.0275  accepted=135  auc=0.7737  uauc=0.6716  loss=nan  (0.6s)
Round   30/30  coverage=0.5810  prec@K=0.0269  accepted=129  auc=0.7414  uauc=0.6432  loss=nan  (0.6s)

结果已写入 results\orchestrator\runs\ir50_constlr5e5_ppos95_pneg01\advogato\aa_s3/rounds.csv
