=== advogato_gnn_h32_s3  started 2026-05-09T16:14:52 ===

C:\conda\envs\gnn\lib\site-packages\requests\__init__.py:86: RequestsDependencyWarning: Unable to find acceptable character detection dependency (chardet or charset_normalizer).
  warnings.warn(
C:\conda\envs\gnn\lib\site-packages\outdated\__init__.py:36: UserWarning: pkg_resources is deprecated as an API. See https://setuptools.pypa.io/en/latest/pkg_resources.html. The pkg_resources package is slated for removal as early as 2025-11-30. Refrain from using this package or pin to Setuptools<81.
  from pkg_resources import parse_version
Round    1/30  coverage=0.5017  prec@K=0.0275  accepted=136  auc=0.5836  uauc=0.5768  loss=0.6549  (7.9s)
Round    2/30  coverage=0.5036  prec@K=0.0292  accepted=146  auc=0.6257  uauc=0.5787  loss=0.6539  (7.0s)
Round    3/30  coverage=0.5050  prec@K=0.0238  accepted=116  auc=0.6141  uauc=0.5344  loss=0.6523  (6.3s)
Round    4/30  coverage=0.5062  prec@K=0.0208  accepted=104  auc=0.5844  uauc=0.5263  loss=0.6513  (7.0s)
Round    5/30  coverage=0.5075  prec@K=0.0234  accepted=116  auc=0.6102  uauc=0.5261  loss=0.6508  (6.9s)
Round    6/30  coverage=0.5084  prec@K=0.0199  accepted=100  auc=0.5737  uauc=0.5300  loss=0.6496  (6.5s)
Round    7/30  coverage=0.5095  prec@K=0.0201  accepted=99  auc=0.6045  uauc=0.5883  loss=0.6484  (6.9s)
Round    8/30  coverage=0.5104  prec@K=0.0184  accepted=92  auc=0.5902  uauc=0.5104  loss=0.6476  (7.2s)
Round    9/30  coverage=0.5117  prec@K=0.0211  accepted=105  auc=0.6411  uauc=0.5510  loss=0.6471  (7.3s)
Round   10/30  coverage=0.5124  prec@K=0.0167  accepted=84  auc=0.5706  uauc=0.6013  loss=0.6456  (7.0s)
Round   11/30  coverage=0.5134  prec@K=0.0207  accepted=102  auc=0.5549  uauc=0.5579  loss=0.6452  (7.3s)
Round   12/30  coverage=0.5140  prec@K=0.0160  accepted=79  auc=0.6225  uauc=0.5109  loss=0.6436  (6.8s)
Round   13/30  coverage=0.5148  prec@K=0.0148  accepted=73  auc=0.5603  uauc=0.4951  loss=0.6424  (7.1s)
Round   14/30  coverage=0.5153  prec@K=0.0145  accepted=72  auc=0.5945  uauc=0.5366  loss=0.6416  (7.1s)
Round   15/30  coverage=0.5159  prec@K=0.0157  accepted=78  auc=0.5271  uauc=0.4830  loss=0.6407  (7.1s)
Round   16/30  coverage=0.5163  prec@K=0.0120  accepted=59  auc=0.5918  uauc=0.5678  loss=0.6392  (7.3s)
Round   17/30  coverage=0.5170  prec@K=0.0157  accepted=78  auc=0.4925  uauc=0.5378  loss=0.6388  (7.1s)
Round   18/30  coverage=0.5177  prec@K=0.0154  accepted=76  auc=0.5322  uauc=0.4988  loss=0.6376  (7.1s)
Round   19/30  coverage=0.5183  prec@K=0.0145  accepted=72  auc=0.5091  uauc=0.4897  loss=0.6365  (7.4s)
Round   20/30  coverage=0.5187  prec@K=0.0129  accepted=64  auc=0.5357  uauc=0.5093  loss=0.6353  (7.3s)
Round   21/30  coverage=0.5191  prec@K=0.0142  accepted=70  auc=0.4945  uauc=0.5386  loss=0.6345  (7.3s)
Round   22/30  coverage=0.5194  prec@K=0.0104  accepted=52  auc=0.5113  uauc=0.5482  loss=0.6328  (7.5s)
Round   23/30  coverage=0.5200  prec@K=0.0150  accepted=73  auc=0.4912  uauc=0.5236  loss=0.6325  (6.9s)
Round   24/30  coverage=0.5203  prec@K=0.0126  accepted=62  auc=0.4653  uauc=0.4532  loss=0.6311  (7.3s)
Round   25/30  coverage=0.5206  prec@K=0.0137  accepted=68  auc=0.4632  uauc=0.5084  loss=0.6301  (7.2s)
Round   26/30  coverage=0.5209  prec@K=0.0126  accepted=63  auc=0.5022  uauc=0.5212  loss=0.6287  (7.4s)
Round   27/30  coverage=0.5212  prec@K=0.0131  accepted=65  auc=0.4535  uauc=0.4981  loss=0.6278  (7.1s)
Round   28/30  coverage=0.5215  prec@K=0.0131  accepted=64  auc=0.4240  uauc=0.5362  loss=0.6265  (7.1s)
Round   29/30  coverage=0.5217  prec@K=0.0127  accepted=62  auc=0.4843  uauc=0.5115  loss=0.6256  (7.3s)
Round   30/30  coverage=0.5222  prec@K=0.0139  accepted=68  auc=0.4490  uauc=0.5465  loss=0.6246  (7.5s)

结果已写入 results\orchestrator\runs\ir50_constlr5e5_ppos95_pneg01\advogato\gnn_h32_s3/rounds.csv
