=== advogato_seal_s0  started 2026-05-09T16:26:10 ===

C:\conda\envs\gnn\lib\site-packages\requests\__init__.py:86: RequestsDependencyWarning: Unable to find acceptable character detection dependency (chardet or charset_normalizer).
  warnings.warn(
C:\conda\envs\gnn\lib\site-packages\outdated\__init__.py:36: UserWarning: pkg_resources is deprecated as an API. See https://setuptools.pypa.io/en/latest/pkg_resources.html. The pkg_resources package is slated for removal as early as 2025-11-30. Refrain from using this package or pin to Setuptools<81.
  from pkg_resources import parse_version
Round    1/30  coverage=0.5024  prec@K=0.0330  accepted=165  auc=0.6849  uauc=0.5749  loss=0.6452  (7.5s)
Round    2/30  coverage=0.5052  prec@K=0.0360  accepted=178  auc=0.7111  uauc=0.7029  loss=0.6452  (6.3s)
Round    3/30  coverage=0.5082  prec@K=0.0377  accepted=186  auc=0.6911  uauc=0.6322  loss=0.6451  (6.8s)
Round    4/30  coverage=0.5109  prec@K=0.0395  accepted=195  auc=0.6681  uauc=0.6744  loss=0.6449  (6.8s)
Round    5/30  coverage=0.5135  prec@K=0.0334  accepted=168  auc=0.7030  uauc=0.6364  loss=0.6438  (6.9s)
Round    6/30  coverage=0.5162  prec@K=0.0346  accepted=171  auc=0.7321  uauc=0.6453  loss=0.6439  (7.0s)
Round    7/30  coverage=0.5186  prec@K=0.0327  accepted=162  auc=0.7107  uauc=0.6311  loss=0.6435  (7.6s)
Round    8/30  coverage=0.5205  prec@K=0.0290  accepted=144  auc=0.6911  uauc=0.6201  loss=0.6423  (6.9s)
Round    9/30  coverage=0.5226  prec@K=0.0279  accepted=138  auc=0.6764  uauc=0.6307  loss=0.6418  (7.3s)
Round   10/30  coverage=0.5250  prec@K=0.0324  accepted=160  auc=0.6838  uauc=0.5904  loss=0.6421  (7.1s)
Round   11/30  coverage=0.5269  prec@K=0.0258  accepted=129  auc=0.7168  uauc=0.6113  loss=0.6411  (7.7s)
Round   12/30  coverage=0.5285  prec@K=0.0256  accepted=127  auc=0.6163  uauc=0.5908  loss=0.6406  (7.3s)
Round   13/30  coverage=0.5303  prec@K=0.0260  accepted=129  auc=0.6897  uauc=0.5936  loss=0.6400  (7.1s)
Round   14/30  coverage=0.5321  prec@K=0.0266  accepted=133  auc=0.6496  uauc=0.6302  loss=0.6397  (7.7s)
Round   15/30  coverage=0.5335  prec@K=0.0220  accepted=108  auc=0.6348  uauc=0.5636  loss=0.6387  (7.2s)
Round   16/30  coverage=0.5353  prec@K=0.0274  accepted=136  auc=0.6748  uauc=0.5803  loss=0.6385  (7.3s)
Round   17/30  coverage=0.5363  prec@K=0.0210  accepted=105  auc=0.5998  uauc=0.5659  loss=0.6382  (7.7s)
Round   18/30  coverage=0.5375  prec@K=0.0212  accepted=105  auc=0.6308  uauc=0.5797  loss=0.6378  (7.3s)
Round   19/30  coverage=0.5389  prec@K=0.0231  accepted=114  auc=0.6043  uauc=0.5878  loss=0.6374  (7.7s)
Round   20/30  coverage=0.5401  prec@K=0.0237  accepted=117  auc=0.5902  uauc=0.5756  loss=0.6369  (7.7s)
Round   21/30  coverage=0.5416  prec@K=0.0277  accepted=138  auc=0.5802  uauc=0.5572  loss=0.6372  (8.0s)
Round   22/30  coverage=0.5427  prec@K=0.0205  accepted=101  auc=0.5744  uauc=0.5759  loss=0.6359  (7.4s)
Round   23/30  coverage=0.5440  prec@K=0.0221  accepted=109  auc=0.5096  uauc=0.5783  loss=0.6355  (7.3s)
Round   24/30  coverage=0.5451  prec@K=0.0245  accepted=121  auc=0.5492  uauc=0.5503  loss=0.6357  (7.5s)
Round   25/30  coverage=0.5460  prec@K=0.0191  accepted=94  auc=0.5165  uauc=0.5436  loss=0.6346  (7.4s)
Round   26/30  coverage=0.5470  prec@K=0.0207  accepted=101  auc=0.5063  uauc=0.5701  loss=0.6344  (7.9s)
Round   27/30  coverage=0.5483  prec@K=0.0224  accepted=109  auc=0.5160  uauc=0.5595  loss=0.6340  (8.0s)
Round   28/30  coverage=0.5491  prec@K=0.0159  accepted=78  auc=0.4813  uauc=0.5487  loss=0.6331  (7.8s)
Round   29/30  coverage=0.5500  prec@K=0.0170  accepted=84  auc=0.4546  uauc=0.5880  loss=0.6329  (7.6s)
Round   30/30  coverage=0.5507  prec@K=0.0161  accepted=80  auc=0.4494  uauc=0.4860  loss=0.6322  (7.9s)

结果已写入 results\orchestrator\runs\ir50_constlr5e5_ppos95_pneg01\advogato\seal_s0/rounds.csv
