=== bitcoin_otc_graphsage_emb_s3  started 2026-05-09T16:42:57 ===

C:\conda\envs\gnn\lib\site-packages\requests\__init__.py:86: RequestsDependencyWarning: Unable to find acceptable character detection dependency (chardet or charset_normalizer).
  warnings.warn(
C:\conda\envs\gnn\lib\site-packages\outdated\__init__.py:36: UserWarning: pkg_resources is deprecated as an API. See https://setuptools.pypa.io/en/latest/pkg_resources.html. The pkg_resources package is slated for removal as early as 2025-11-30. Refrain from using this package or pin to Setuptools<81.
  from pkg_resources import parse_version
Round    1/30  coverage=0.5006  prec@K=0.0134  accepted=75  auc=0.4860  uauc=0.5690  loss=0.6670  (6.8s)
Round    2/30  coverage=0.5012  prec@K=0.0160  accepted=89  auc=0.4667  uauc=0.5058  loss=0.6668  (6.1s)
Round    3/30  coverage=0.5020  prec@K=0.0158  accepted=88  auc=0.4553  uauc=0.5580  loss=0.6665  (5.9s)
Round    4/30  coverage=0.5026  prec@K=0.0140  accepted=78  auc=0.4791  uauc=0.4853  loss=0.6661  (6.1s)
Round    5/30  coverage=0.5034  prec@K=0.0148  accepted=83  auc=0.4793  uauc=0.4651  loss=0.6659  (5.5s)
Round    6/30  coverage=0.5041  prec@K=0.0169  accepted=94  auc=0.5143  uauc=0.4872  loss=0.6655  (5.7s)
Round    7/30  coverage=0.5049  prec@K=0.0137  accepted=76  auc=0.4667  uauc=0.5621  loss=0.6648  (5.7s)
Round    8/30  coverage=0.5054  prec@K=0.0139  accepted=77  auc=0.5077  uauc=0.4493  loss=0.6645  (5.6s)
Round    9/30  coverage=0.5062  prec@K=0.0144  accepted=80  auc=0.4662  uauc=0.5041  loss=0.6641  (5.8s)
Round   10/30  coverage=0.5069  prec@K=0.0162  accepted=90  auc=0.5280  uauc=0.4349  loss=0.6639  (6.4s)
Round   11/30  coverage=0.5074  prec@K=0.0115  accepted=64  auc=0.5142  uauc=0.6182  loss=0.6634  (6.2s)
Round   12/30  coverage=0.5079  prec@K=0.0122  accepted=66  auc=0.4364  uauc=0.4632  loss=0.6630  (5.8s)
Round   13/30  coverage=0.5085  prec@K=0.0132  accepted=73  auc=0.4735  uauc=0.5289  loss=0.6628  (6.0s)
Round   14/30  coverage=0.5091  prec@K=0.0139  accepted=77  auc=0.4431  uauc=0.5385  loss=0.6624  (6.4s)
Round   15/30  coverage=0.5095  prec@K=0.0107  accepted=59  auc=0.4723  uauc=0.4329  loss=0.6618  (5.9s)
Round   16/30  coverage=0.5098  prec@K=0.0105  accepted=57  auc=0.4742  uauc=0.5042  loss=0.6615  (6.3s)
Round   17/30  coverage=0.5101  prec@K=0.0110  accepted=61  auc=0.4271  uauc=0.4761  loss=0.6613  (6.2s)
Round   18/30  coverage=0.5106  prec@K=0.0129  accepted=71  auc=0.4745  uauc=0.4421  loss=0.6609  (6.1s)
Round   19/30  coverage=0.5110  prec@K=0.0121  accepted=67  auc=0.4208  uauc=0.5569  loss=0.6608  (6.5s)
Round   20/30  coverage=0.5113  prec@K=0.0102  accepted=56  auc=0.4996  uauc=0.4870  loss=0.6600  (6.4s)
Round   21/30  coverage=0.5119  prec@K=0.0125  accepted=69  auc=0.5146  uauc=0.5093  loss=0.6600  (6.8s)
Round   22/30  coverage=0.5123  prec@K=0.0119  accepted=66  auc=0.5235  uauc=0.5129  loss=0.6596  (6.6s)
Round   23/30  coverage=0.5128  prec@K=0.0139  accepted=76  auc=0.4630  uauc=0.5084  loss=0.6595  (6.5s)
Round   24/30  coverage=0.5133  prec@K=0.0139  accepted=75  auc=0.4397  uauc=0.5391  loss=0.6591  (6.5s)
Round   25/30  coverage=0.5135  prec@K=0.0109  accepted=60  auc=0.5472  uauc=0.5013  loss=0.6584  (6.6s)
Round   26/30  coverage=0.5138  prec@K=0.0122  accepted=67  auc=0.4613  uauc=0.4837  loss=0.6583  (6.6s)
Round   27/30  coverage=0.5141  prec@K=0.0112  accepted=62  auc=0.5413  uauc=0.4951  loss=0.6577  (6.7s)
Round   28/30  coverage=0.5142  prec@K=0.0112  accepted=63  auc=0.5243  uauc=0.4845  loss=0.6575  (6.8s)
Round   29/30  coverage=0.5145  prec@K=0.0113  accepted=63  auc=0.4555  uauc=0.4789  loss=0.6573  (6.3s)
Round   30/30  coverage=0.5151  prec@K=0.0126  accepted=71  auc=0.4691  uauc=0.5120  loss=0.6569  (6.6s)

结果已写入 results\orchestrator\runs\ir50_constlr5e5_ppos95_pneg01\bitcoin_otc\graphsage_emb_s3/rounds.csv
