=== bitcoin_alpha_gnn_sum_h8_s0  started 2026-05-09T16:00:50 ===

C:\conda\envs\gnn\lib\site-packages\requests\__init__.py:86: RequestsDependencyWarning: Unable to find acceptable character detection dependency (chardet or charset_normalizer).
  warnings.warn(
C:\conda\envs\gnn\lib\site-packages\outdated\__init__.py:36: UserWarning: pkg_resources is deprecated as an API. See https://setuptools.pypa.io/en/latest/pkg_resources.html. The pkg_resources package is slated for removal as early as 2025-11-30. Refrain from using this package or pin to Setuptools<81.
  from pkg_resources import parse_version
Round    1/30  coverage=0.5017  prec@K=0.0179  accepted=63  auc=0.4881  uauc=0.6205  loss=0.5559  (4.5s)
Round    2/30  coverage=0.5034  prec@K=0.0235  accepted=84  auc=0.4315  uauc=0.6080  loss=0.5585  (3.6s)
Round    3/30  coverage=0.5046  prec@K=0.0168  accepted=60  auc=0.4675  uauc=0.5672  loss=0.5556  (3.9s)
Round    4/30  coverage=0.5060  prec@K=0.0217  accepted=78  auc=0.4334  uauc=0.6410  loss=0.5573  (3.8s)
Round    5/30  coverage=0.5080  prec@K=0.0197  accepted=71  auc=0.4511  uauc=0.6419  loss=0.5571  (3.8s)
Round    6/30  coverage=0.5093  prec@K=0.0193  accepted=69  auc=0.4556  uauc=0.6124  loss=0.5561  (3.8s)
Round    7/30  coverage=0.5107  prec@K=0.0223  accepted=79  auc=0.4782  uauc=0.6672  loss=0.5572  (3.9s)
Round    8/30  coverage=0.5119  prec@K=0.0187  accepted=66  auc=0.3953  uauc=0.6186  loss=0.5559  (3.9s)
Round    9/30  coverage=0.5136  prec@K=0.0216  accepted=77  auc=0.4066  uauc=0.6379  loss=0.5569  (3.9s)
Round   10/30  coverage=0.5150  prec@K=0.0175  accepted=62  auc=0.4427  uauc=0.6611  loss=0.5551  (4.0s)
Round   11/30  coverage=0.5164  prec@K=0.0201  accepted=71  auc=0.4847  uauc=0.6024  loss=0.5562  (4.1s)
Round   12/30  coverage=0.5173  prec@K=0.0174  accepted=62  auc=0.4842  uauc=0.6336  loss=0.5549  (4.0s)
Round   13/30  coverage=0.5181  prec@K=0.0150  accepted=52  auc=0.5777  uauc=0.5663  loss=0.5543  (3.6s)
Round   14/30  coverage=0.5192  prec@K=0.0164  accepted=58  auc=0.4415  uauc=0.5980  loss=0.5543  (4.2s)
Round   15/30  coverage=0.5203  prec@K=0.0163  accepted=57  auc=0.4388  uauc=0.6184  loss=0.5543  (3.9s)
Round   16/30  coverage=0.5213  prec@K=0.0154  accepted=54  auc=0.5331  uauc=0.6146  loss=0.5540  (3.8s)
Round   17/30  coverage=0.5224  prec@K=0.0150  accepted=54  auc=0.4946  uauc=0.6492  loss=0.5541  (4.1s)
Round   18/30  coverage=0.5234  prec@K=0.0170  accepted=60  auc=0.5295  uauc=0.6200  loss=0.5542  (3.9s)
Round   19/30  coverage=0.5240  prec@K=0.0136  accepted=48  auc=0.5020  uauc=0.5530  loss=0.5525  (4.0s)
Round   20/30  coverage=0.5250  prec@K=0.0165  accepted=58  auc=0.4804  uauc=0.6212  loss=0.5535  (4.1s)
Round   21/30  coverage=0.5263  prec@K=0.0177  accepted=62  auc=0.4592  uauc=0.6471  loss=0.5542  (4.2s)
Round   22/30  coverage=0.5277  prec@K=0.0208  accepted=73  auc=0.4476  uauc=0.6071  loss=0.5550  (4.1s)
Round   23/30  coverage=0.5284  prec@K=0.0153  accepted=54  auc=0.4353  uauc=0.5668  loss=0.5527  (4.2s)
Round   24/30  coverage=0.5294  prec@K=0.0156  accepted=55  auc=0.4631  uauc=0.6203  loss=0.5529  (4.0s)
Round   25/30  coverage=0.5307  prec@K=0.0214  accepted=76  auc=0.4510  uauc=0.5952  loss=0.5543  (4.3s)
Round   26/30  coverage=0.5315  prec@K=0.0168  accepted=58  auc=0.5339  uauc=0.5868  loss=0.5529  (3.9s)
Round   27/30  coverage=0.5324  prec@K=0.0138  accepted=49  auc=0.4265  uauc=0.5978  loss=0.5516  (4.4s)
Round   28/30  coverage=0.5332  prec@K=0.0174  accepted=61  auc=0.4865  uauc=0.6267  loss=0.5530  (3.9s)
Round   29/30  coverage=0.5339  prec@K=0.0161  accepted=57  auc=0.5063  uauc=0.5891  loss=0.5519  (4.3s)
Round   30/30  coverage=0.5349  prec@K=0.0178  accepted=63  auc=0.4630  uauc=0.6049  loss=0.5520  (4.5s)

结果已写入 results\orchestrator\runs\ir50_constlr5e5_ppos95_pneg01\bitcoin_alpha\gnn_sum_h8_s0/rounds.csv
