=== bitcoin_alpha_gnn_concat_h8_s0  started 2026-05-09T15:56:32 ===

C:\conda\envs\gnn\lib\site-packages\requests\__init__.py:86: RequestsDependencyWarning: Unable to find acceptable character detection dependency (chardet or charset_normalizer).
  warnings.warn(
C:\conda\envs\gnn\lib\site-packages\outdated\__init__.py:36: UserWarning: pkg_resources is deprecated as an API. See https://setuptools.pypa.io/en/latest/pkg_resources.html. The pkg_resources package is slated for removal as early as 2025-11-30. Refrain from using this package or pin to Setuptools<81.
  from pkg_resources import parse_version
Round    1/30  coverage=0.5008  prec@K=0.0122  accepted=43  auc=0.5928  uauc=0.5433  loss=0.8133  (4.9s)
Round    2/30  coverage=0.5013  prec@K=0.0148  accepted=53  auc=0.4699  uauc=0.5120  loss=0.8124  (3.7s)
Round    3/30  coverage=0.5019  prec@K=0.0126  accepted=45  auc=0.5171  uauc=0.4488  loss=0.8123  (4.0s)
Round    4/30  coverage=0.5026  prec@K=0.0169  accepted=61  auc=0.4501  uauc=0.5429  loss=0.8103  (3.8s)
Round    5/30  coverage=0.5033  prec@K=0.0114  accepted=41  auc=0.4979  uauc=0.4925  loss=0.8116  (3.9s)
Round    6/30  coverage=0.5037  prec@K=0.0131  accepted=47  auc=0.5085  uauc=0.5091  loss=0.8104  (4.1s)
Round    7/30  coverage=0.5046  prec@K=0.0191  accepted=68  auc=0.5053  uauc=0.5642  loss=0.8083  (4.0s)
Round    8/30  coverage=0.5052  prec@K=0.0142  accepted=50  auc=0.4193  uauc=0.4848  loss=0.8086  (4.3s)
Round    9/30  coverage=0.5057  prec@K=0.0146  accepted=52  auc=0.5099  uauc=0.4893  loss=0.8077  (4.2s)
Round   10/30  coverage=0.5063  prec@K=0.0119  accepted=42  auc=0.4999  uauc=0.5009  loss=0.8080  (4.1s)
Round   11/30  coverage=0.5069  prec@K=0.0142  accepted=50  auc=0.4609  uauc=0.5343  loss=0.8062  (4.3s)
Round   12/30  coverage=0.5073  prec@K=0.0138  accepted=49  auc=0.5164  uauc=0.4801  loss=0.8059  (4.2s)
Round   13/30  coverage=0.5078  prec@K=0.0131  accepted=46  auc=0.5030  uauc=0.5800  loss=0.8059  (3.8s)
Round   14/30  coverage=0.5082  prec@K=0.0114  accepted=40  auc=0.4090  uauc=0.5029  loss=0.8048  (4.3s)
Round   15/30  coverage=0.5085  prec@K=0.0111  accepted=39  auc=0.5460  uauc=0.5310  loss=0.8040  (4.0s)
Round   16/30  coverage=0.5089  prec@K=0.0120  accepted=42  auc=0.4956  uauc=0.4931  loss=0.8037  (4.0s)
Round   17/30  coverage=0.5093  prec@K=0.0098  accepted=35  auc=0.5168  uauc=0.4889  loss=0.8040  (4.1s)
Round   18/30  coverage=0.5095  prec@K=0.0119  accepted=42  auc=0.5135  uauc=0.6025  loss=0.8026  (4.2s)
Round   19/30  coverage=0.5100  prec@K=0.0128  accepted=45  auc=0.5060  uauc=0.5519  loss=0.8010  (4.2s)
Round   20/30  coverage=0.5104  prec@K=0.0120  accepted=42  auc=0.4213  uauc=0.5106  loss=0.8006  (4.3s)
Round   21/30  coverage=0.5110  prec@K=0.0135  accepted=47  auc=0.4734  uauc=0.5236  loss=0.8001  (4.4s)
Round   22/30  coverage=0.5113  prec@K=0.0130  accepted=45  auc=0.5065  uauc=0.5505  loss=0.7995  (4.3s)
Round   23/30  coverage=0.5116  prec@K=0.0120  accepted=42  auc=0.5271  uauc=0.5408  loss=0.7993  (4.2s)
Round   24/30  coverage=0.5118  prec@K=0.0100  accepted=35  auc=0.4388  uauc=0.5728  loss=0.7991  (3.9s)
Round   25/30  coverage=0.5123  prec@K=0.0159  accepted=57  auc=0.4815  uauc=0.4919  loss=0.7964  (4.3s)
Round   26/30  coverage=0.5127  prec@K=0.0142  accepted=49  auc=0.6019  uauc=0.5064  loss=0.7971  (3.9s)
Round   27/30  coverage=0.5129  prec@K=0.0095  accepted=33  auc=0.5139  uauc=0.4848  loss=0.7974  (4.2s)
Round   28/30  coverage=0.5132  prec@K=0.0133  accepted=47  auc=0.4568  uauc=0.5261  loss=0.7960  (3.9s)
Round   29/30  coverage=0.5133  prec@K=0.0117  accepted=41  auc=0.5425  uauc=0.5475  loss=0.7954  (4.3s)
Round   30/30  coverage=0.5136  prec@K=0.0142  accepted=50  auc=0.5532  uauc=0.5600  loss=0.7944  (4.7s)

结果已写入 results\orchestrator\runs\ir50_constlr5e5_ppos95_pneg01\bitcoin_alpha\gnn_concat_h8_s0/rounds.csv
