=== bitcoin_alpha_gnn_concat_h8_s3  started 2026-05-09T15:58:05 ===

C:\conda\envs\gnn\lib\site-packages\requests\__init__.py:86: RequestsDependencyWarning: Unable to find acceptable character detection dependency (chardet or charset_normalizer).
  warnings.warn(
C:\conda\envs\gnn\lib\site-packages\outdated\__init__.py:36: UserWarning: pkg_resources is deprecated as an API. See https://setuptools.pypa.io/en/latest/pkg_resources.html. The pkg_resources package is slated for removal as early as 2025-11-30. Refrain from using this package or pin to Setuptools<81.
  from pkg_resources import parse_version
Round    1/30  coverage=0.5006  prec@K=0.0113  accepted=41  auc=0.5435  uauc=0.4938  loss=0.8295  (4.7s)
Round    2/30  coverage=0.5012  prec@K=0.0138  accepted=49  auc=0.5048  uauc=0.5443  loss=0.8286  (3.7s)
Round    3/30  coverage=0.5016  prec@K=0.0136  accepted=49  auc=0.5128  uauc=0.5080  loss=0.8287  (3.9s)
Round    4/30  coverage=0.5020  prec@K=0.0152  accepted=54  auc=0.4986  uauc=0.4983  loss=0.8280  (3.7s)
Round    5/30  coverage=0.5024  prec@K=0.0130  accepted=46  auc=0.4784  uauc=0.4777  loss=0.8288  (3.5s)
Round    6/30  coverage=0.5028  prec@K=0.0123  accepted=44  auc=0.4686  uauc=0.4906  loss=0.8287  (3.9s)
Round    7/30  coverage=0.5033  prec@K=0.0148  accepted=53  auc=0.5035  uauc=0.4754  loss=0.8281  (4.0s)
Round    8/30  coverage=0.5038  prec@K=0.0112  accepted=40  auc=0.5623  uauc=0.5536  loss=0.8292  (3.9s)
Round    9/30  coverage=0.5040  prec@K=0.0128  accepted=46  auc=0.3916  uauc=0.4941  loss=0.8286  (3.8s)
Round   10/30  coverage=0.5043  prec@K=0.0155  accepted=55  auc=0.5283  uauc=0.5129  loss=0.8278  (3.9s)
Round   11/30  coverage=0.5047  prec@K=0.0119  accepted=42  auc=0.5259  uauc=0.5232  loss=0.8288  (3.8s)
Round   12/30  coverage=0.5050  prec@K=0.0118  accepted=42  auc=0.5058  uauc=0.5102  loss=0.8288  (4.1s)
Round   13/30  coverage=0.5055  prec@K=0.0128  accepted=45  auc=0.5525  uauc=0.5694  loss=0.8284  (3.9s)
Round   14/30  coverage=0.5057  prec@K=0.0115  accepted=41  auc=0.4923  uauc=0.5071  loss=0.8288  (4.1s)
Round   15/30  coverage=0.5058  prec@K=0.0101  accepted=36  auc=0.5061  uauc=0.4794  loss=0.8292  (4.1s)
Round   16/30  coverage=0.5061  prec@K=0.0135  accepted=48  auc=0.5016  uauc=0.4472  loss=0.8280  (4.0s)
Round   17/30  coverage=0.5064  prec@K=0.0129  accepted=45  auc=0.4972  uauc=0.4590  loss=0.8282  (4.1s)
Round   18/30  coverage=0.5069  prec@K=0.0118  accepted=42  auc=0.5690  uauc=0.5203  loss=0.8285  (4.1s)
Round   19/30  coverage=0.5071  prec@K=0.0107  accepted=38  auc=0.4622  uauc=0.5053  loss=0.8287  (3.9s)
Round   20/30  coverage=0.5075  prec@K=0.0126  accepted=44  auc=0.4787  uauc=0.5221  loss=0.8280  (4.1s)
Round   21/30  coverage=0.5078  prec@K=0.0101  accepted=36  auc=0.5598  uauc=0.5208  loss=0.8288  (4.4s)
Round   22/30  coverage=0.5081  prec@K=0.0127  accepted=45  auc=0.4909  uauc=0.4778  loss=0.8278  (4.2s)
Round   23/30  coverage=0.5084  prec@K=0.0106  accepted=38  auc=0.3996  uauc=0.4695  loss=0.8285  (4.0s)
Round   24/30  coverage=0.5085  prec@K=0.0089  accepted=32  auc=0.5555  uauc=0.5035  loss=0.8289  (4.4s)
Round   25/30  coverage=0.5087  prec@K=0.0102  accepted=36  auc=0.5404  uauc=0.5176  loss=0.8285  (3.8s)
Round   26/30  coverage=0.5091  prec@K=0.0108  accepted=39  auc=0.5415  uauc=0.5432  loss=0.8283  (4.1s)
Round   27/30  coverage=0.5096  prec@K=0.0135  accepted=47  auc=0.5213  uauc=0.5265  loss=0.8273  (4.2s)
Round   28/30  coverage=0.5102  prec@K=0.0127  accepted=45  auc=0.4976  uauc=0.4974  loss=0.8274  (4.0s)
Round   29/30  coverage=0.5108  prec@K=0.0140  accepted=49  auc=0.5706  uauc=0.5160  loss=0.8270  (4.2s)
Round   30/30  coverage=0.5115  prec@K=0.0139  accepted=48  auc=0.6017  uauc=0.5710  loss=0.8270  (4.0s)

结果已写入 results\orchestrator\runs\ir50_constlr5e5_ppos95_pneg01\bitcoin_alpha\gnn_concat_h8_s3/rounds.csv
