=== bitcoin_alpha_cn_s1  started 2026-05-09T15:53:11 ===

C:\conda\envs\gnn\lib\site-packages\requests\__init__.py:86: RequestsDependencyWarning: Unable to find acceptable character detection dependency (chardet or charset_normalizer).
  warnings.warn(
C:\conda\envs\gnn\lib\site-packages\outdated\__init__.py:36: UserWarning: pkg_resources is deprecated as an API. See https://setuptools.pypa.io/en/latest/pkg_resources.html. The pkg_resources package is slated for removal as early as 2025-11-30. Refrain from using this package or pin to Setuptools<81.
  from pkg_resources import parse_version
Round    1/30  coverage=0.5025  prec@K=0.0274  accepted=99  auc=0.7309  uauc=0.6133  loss=nan  (0.3s)
Round    2/30  coverage=0.5054  prec@K=0.0292  accepted=105  auc=0.7269  uauc=0.5497  loss=nan  (0.2s)
Round    3/30  coverage=0.5076  prec@K=0.0248  accepted=90  auc=0.7103  uauc=0.5712  loss=nan  (0.2s)
Round    4/30  coverage=0.5103  prec@K=0.0236  accepted=84  auc=0.7729  uauc=0.6247  loss=nan  (0.2s)
Round    5/30  coverage=0.5135  prec@K=0.0309  accepted=111  auc=0.7278  uauc=0.5373  loss=nan  (0.2s)
Round    6/30  coverage=0.5162  prec@K=0.0285  accepted=101  auc=0.7139  uauc=0.5741  loss=nan  (0.2s)
Round    7/30  coverage=0.5193  prec@K=0.0314  accepted=113  auc=0.7533  uauc=0.5734  loss=nan  (0.2s)
Round    8/30  coverage=0.5218  prec@K=0.0275  accepted=99  auc=0.7818  uauc=0.6008  loss=nan  (0.2s)
Round    9/30  coverage=0.5239  prec@K=0.0271  accepted=96  auc=0.7396  uauc=0.5926  loss=nan  (0.2s)
Round   10/30  coverage=0.5262  prec@K=0.0247  accepted=88  auc=0.7243  uauc=0.5860  loss=nan  (0.2s)
Round   11/30  coverage=0.5282  prec@K=0.0235  accepted=85  auc=0.7467  uauc=0.5417  loss=nan  (0.4s)
Round   12/30  coverage=0.5301  prec@K=0.0225  accepted=81  auc=0.7139  uauc=0.5499  loss=nan  (0.2s)
Round   13/30  coverage=0.5319  prec@K=0.0232  accepted=81  auc=0.6850  uauc=0.5064  loss=nan  (0.2s)
Round   14/30  coverage=0.5344  prec@K=0.0278  accepted=100  auc=0.7191  uauc=0.5722  loss=nan  (0.2s)
Round   15/30  coverage=0.5366  prec@K=0.0267  accepted=96  auc=0.6573  uauc=0.5061  loss=nan  (0.2s)
Round   16/30  coverage=0.5384  prec@K=0.0260  accepted=92  auc=0.6790  uauc=0.5655  loss=nan  (0.2s)
Round   17/30  coverage=0.5409  prec@K=0.0263  accepted=95  auc=0.7232  uauc=0.5493  loss=nan  (0.2s)
Round   18/30  coverage=0.5428  prec@K=0.0204  accepted=72  auc=0.7273  uauc=0.5969  loss=nan  (0.2s)
Round   19/30  coverage=0.5441  prec@K=0.0196  accepted=69  auc=0.6276  uauc=0.5418  loss=nan  (0.2s)
Round   20/30  coverage=0.5466  prec@K=0.0269  accepted=93  auc=0.6942  uauc=0.5297  loss=nan  (0.2s)
Round   21/30  coverage=0.5484  prec@K=0.0202  accepted=71  auc=0.7008  uauc=0.5314  loss=nan  (0.5s)
Round   22/30  coverage=0.5504  prec@K=0.0257  accepted=91  auc=0.7032  uauc=0.5341  loss=nan  (0.2s)
Round   23/30  coverage=0.5521  prec@K=0.0233  accepted=83  auc=0.7207  uauc=0.5428  loss=nan  (0.2s)
Round   24/30  coverage=0.5544  prec@K=0.0260  accepted=92  auc=0.7394  uauc=0.5891  loss=nan  (0.2s)
Round   25/30  coverage=0.5561  prec@K=0.0228  accepted=81  auc=0.6675  uauc=0.5371  loss=nan  (0.3s)
Round   26/30  coverage=0.5585  prec@K=0.0248  accepted=89  auc=0.7512  uauc=0.5962  loss=nan  (0.3s)
Round   27/30  coverage=0.5599  prec@K=0.0180  accepted=63  auc=0.6886  uauc=0.5203  loss=nan  (0.2s)
Round   28/30  coverage=0.5610  prec@K=0.0178  accepted=63  auc=0.6681  uauc=0.5828  loss=nan  (0.2s)
Round   29/30  coverage=0.5622  prec@K=0.0176  accepted=62  auc=0.6978  uauc=0.5581  loss=nan  (0.2s)
Round   30/30  coverage=0.5641  prec@K=0.0203  accepted=72  auc=0.7487  uauc=0.5897  loss=nan  (0.3s)

结果已写入 results\orchestrator\runs\ir50_constlr5e5_ppos95_pneg01\bitcoin_alpha\cn_s1/rounds.csv
