=== bitcoin_alpha_cn_s42  started 2026-05-09T15:53:23 ===

C:\conda\envs\gnn\lib\site-packages\requests\__init__.py:86: RequestsDependencyWarning: Unable to find acceptable character detection dependency (chardet or charset_normalizer).
  warnings.warn(
C:\conda\envs\gnn\lib\site-packages\outdated\__init__.py:36: UserWarning: pkg_resources is deprecated as an API. See https://setuptools.pypa.io/en/latest/pkg_resources.html. The pkg_resources package is slated for removal as early as 2025-11-30. Refrain from using this package or pin to Setuptools<81.
  from pkg_resources import parse_version
Round    1/30  coverage=0.5027  prec@K=0.0290  accepted=103  auc=0.7313  uauc=0.5725  loss=nan  (0.3s)
Round    2/30  coverage=0.5052  prec@K=0.0273  accepted=97  auc=0.6937  uauc=0.5573  loss=nan  (0.2s)
Round    3/30  coverage=0.5075  prec@K=0.0267  accepted=95  auc=0.7167  uauc=0.5834  loss=nan  (0.2s)
Round    4/30  coverage=0.5102  prec@K=0.0314  accepted=114  auc=0.7324  uauc=0.5660  loss=nan  (0.2s)
Round    5/30  coverage=0.5127  prec@K=0.0281  accepted=99  auc=0.7398  uauc=0.5847  loss=nan  (0.2s)
Round    6/30  coverage=0.5140  prec@K=0.0201  accepted=71  auc=0.6398  uauc=0.5228  loss=nan  (0.2s)
Round    7/30  coverage=0.5163  prec@K=0.0241  accepted=87  auc=0.7265  uauc=0.5455  loss=nan  (0.2s)
Round    8/30  coverage=0.5186  prec@K=0.0272  accepted=97  auc=0.7136  uauc=0.5528  loss=nan  (0.2s)
Round    9/30  coverage=0.5201  prec@K=0.0191  accepted=68  auc=0.7031  uauc=0.5523  loss=nan  (0.2s)
Round   10/30  coverage=0.5222  prec@K=0.0240  accepted=87  auc=0.7005  uauc=0.5720  loss=nan  (0.2s)
Round   11/30  coverage=0.5237  prec@K=0.0181  accepted=64  auc=0.6597  uauc=0.5216  loss=nan  (0.4s)
Round   12/30  coverage=0.5258  prec@K=0.0253  accepted=90  auc=0.7300  uauc=0.5653  loss=nan  (0.2s)
Round   13/30  coverage=0.5280  prec@K=0.0243  accepted=86  auc=0.7155  uauc=0.5688  loss=nan  (0.2s)
Round   14/30  coverage=0.5301  prec@K=0.0265  accepted=95  auc=0.7428  uauc=0.6353  loss=nan  (0.2s)
Round   15/30  coverage=0.5319  prec@K=0.0207  accepted=75  auc=0.7266  uauc=0.5307  loss=nan  (0.2s)
Round   16/30  coverage=0.5334  prec@K=0.0222  accepted=78  auc=0.7283  uauc=0.5420  loss=nan  (0.2s)
Round   17/30  coverage=0.5354  prec@K=0.0205  accepted=73  auc=0.7508  uauc=0.5958  loss=nan  (0.2s)
Round   18/30  coverage=0.5374  prec@K=0.0231  accepted=83  auc=0.7252  uauc=0.5941  loss=nan  (0.2s)
Round   19/30  coverage=0.5387  prec@K=0.0195  accepted=68  auc=0.6615  uauc=0.5579  loss=nan  (0.2s)
Round   20/30  coverage=0.5402  prec@K=0.0209  accepted=75  auc=0.6885  uauc=0.5448  loss=nan  (0.2s)
Round   21/30  coverage=0.5420  prec@K=0.0232  accepted=82  auc=0.7564  uauc=0.6102  loss=nan  (0.5s)
Round   22/30  coverage=0.5433  prec@K=0.0182  accepted=64  auc=0.6719  uauc=0.6246  loss=nan  (0.2s)
Round   23/30  coverage=0.5447  prec@K=0.0219  accepted=78  auc=0.6189  uauc=0.5486  loss=nan  (0.3s)
Round   24/30  coverage=0.5471  prec@K=0.0256  accepted=91  auc=0.7542  uauc=0.5671  loss=nan  (0.2s)
Round   25/30  coverage=0.5483  prec@K=0.0178  accepted=63  auc=0.6644  uauc=0.5270  loss=nan  (0.2s)
Round   26/30  coverage=0.5497  prec@K=0.0250  accepted=88  auc=0.6136  uauc=0.5304  loss=nan  (0.3s)
Round   27/30  coverage=0.5514  prec@K=0.0215  accepted=75  auc=0.7001  uauc=0.5558  loss=nan  (0.3s)
Round   28/30  coverage=0.5530  prec@K=0.0227  accepted=80  auc=0.6338  uauc=0.5419  loss=nan  (0.2s)
Round   29/30  coverage=0.5545  prec@K=0.0203  accepted=72  auc=0.7121  uauc=0.5492  loss=nan  (0.3s)
Round   30/30  coverage=0.5559  prec@K=0.0178  accepted=63  auc=0.7063  uauc=0.5331  loss=nan  (0.3s)

结果已写入 results\orchestrator\runs\ir50_constlr5e5_ppos95_pneg01\bitcoin_alpha\cn_s42/rounds.csv
