=== bitcoin_alpha_gnn_sum_h8_s2  started 2026-05-09T16:02:02 ===

C:\conda\envs\gnn\lib\site-packages\requests\__init__.py:86: RequestsDependencyWarning: Unable to find acceptable character detection dependency (chardet or charset_normalizer).
  warnings.warn(
C:\conda\envs\gnn\lib\site-packages\outdated\__init__.py:36: UserWarning: pkg_resources is deprecated as an API. See https://setuptools.pypa.io/en/latest/pkg_resources.html. The pkg_resources package is slated for removal as early as 2025-11-30. Refrain from using this package or pin to Setuptools<81.
  from pkg_resources import parse_version
Round    1/30  coverage=0.5005  prec@K=0.0145  accepted=52  auc=0.4790  uauc=0.4464  loss=0.5288  (4.8s)
Round    2/30  coverage=0.5008  prec@K=0.0110  accepted=39  auc=0.5261  uauc=0.5685  loss=0.5267  (3.9s)
Round    3/30  coverage=0.5011  prec@K=0.0110  accepted=39  auc=0.4929  uauc=0.4722  loss=0.5267  (3.5s)
Round    4/30  coverage=0.5016  prec@K=0.0139  accepted=50  auc=0.4543  uauc=0.4990  loss=0.5276  (3.8s)
Round    5/30  coverage=0.5020  prec@K=0.0117  accepted=42  auc=0.3768  uauc=0.5043  loss=0.5257  (4.0s)
Round    6/30  coverage=0.5023  prec@K=0.0112  accepted=40  auc=0.3902  uauc=0.4256  loss=0.5254  (4.0s)
Round    7/30  coverage=0.5025  prec@K=0.0129  accepted=46  auc=0.5195  uauc=0.4890  loss=0.5262  (3.9s)
Round    8/30  coverage=0.5031  prec@K=0.0135  accepted=49  auc=0.4177  uauc=0.4640  loss=0.5264  (4.3s)
Round    9/30  coverage=0.5033  prec@K=0.0090  accepted=32  auc=0.3941  uauc=0.5211  loss=0.5229  (4.0s)
Round   10/30  coverage=0.5036  prec@K=0.0119  accepted=43  auc=0.5079  uauc=0.5279  loss=0.5247  (4.0s)
Round   11/30  coverage=0.5038  prec@K=0.0142  accepted=51  auc=0.4974  uauc=0.4897  loss=0.5248  (4.0s)
Round   12/30  coverage=0.5040  prec@K=0.0117  accepted=42  auc=0.4498  uauc=0.5194  loss=0.5233  (4.2s)
Round   13/30  coverage=0.5042  prec@K=0.0089  accepted=32  auc=0.4640  uauc=0.4343  loss=0.5216  (4.5s)
Round   14/30  coverage=0.5043  prec@K=0.0142  accepted=51  auc=0.4854  uauc=0.5048  loss=0.5240  (3.9s)
Round   15/30  coverage=0.5044  prec@K=0.0079  accepted=28  auc=0.4612  uauc=0.5448  loss=0.5210  (3.8s)
Round   16/30  coverage=0.5048  prec@K=0.0109  accepted=38  auc=0.4779  uauc=0.4724  loss=0.5219  (3.8s)
Round   17/30  coverage=0.5052  prec@K=0.0109  accepted=39  auc=0.4744  uauc=0.4562  loss=0.5214  (4.1s)
Round   18/30  coverage=0.5054  prec@K=0.0100  accepted=36  auc=0.5083  uauc=0.4890  loss=0.5207  (4.2s)
Round   19/30  coverage=0.5056  prec@K=0.0087  accepted=31  auc=0.4964  uauc=0.5486  loss=0.5197  (4.1s)
Round   20/30  coverage=0.5058  prec@K=0.0092  accepted=33  auc=0.4613  uauc=0.5135  loss=0.5192  (4.0s)
Round   21/30  coverage=0.5061  prec@K=0.0117  accepted=42  auc=0.5495  uauc=0.5244  loss=0.5202  (4.5s)
Round   22/30  coverage=0.5062  prec@K=0.0090  accepted=32  auc=0.5212  uauc=0.5090  loss=0.5186  (4.2s)
Round   23/30  coverage=0.5063  prec@K=0.0120  accepted=43  auc=0.4883  uauc=0.5066  loss=0.5193  (4.1s)
Round   24/30  coverage=0.5065  prec@K=0.0116  accepted=41  auc=0.4264  uauc=0.4706  loss=0.5190  (4.0s)
Round   25/30  coverage=0.5068  prec@K=0.0130  accepted=46  auc=0.5181  uauc=0.5054  loss=0.5192  (4.2s)
Round   26/30  coverage=0.5070  prec@K=0.0117  accepted=41  auc=0.5801  uauc=0.4805  loss=0.5185  (4.1s)
Round   27/30  coverage=0.5071  prec@K=0.0109  accepted=38  auc=0.5098  uauc=0.4888  loss=0.5181  (4.1s)
Round   28/30  coverage=0.5073  prec@K=0.0106  accepted=38  auc=0.4661  uauc=0.4865  loss=0.5171  (4.2s)
Round   29/30  coverage=0.5074  prec@K=0.0115  accepted=41  auc=0.5176  uauc=0.4733  loss=0.5177  (4.4s)
Round   30/30  coverage=0.5076  prec@K=0.0125  accepted=44  auc=0.4015  uauc=0.4532  loss=0.5172  (4.0s)

结果已写入 results\orchestrator\runs\ir50_constlr5e5_ppos95_pneg01\bitcoin_alpha\gnn_sum_h8_s2/rounds.csv
