=== bitcoin_otc_gnn_sum_h8_s2  started 2026-05-09T16:40:19 ===

C:\conda\envs\gnn\lib\site-packages\requests\__init__.py:86: RequestsDependencyWarning: Unable to find acceptable character detection dependency (chardet or charset_normalizer).
  warnings.warn(
C:\conda\envs\gnn\lib\site-packages\outdated\__init__.py:36: UserWarning: pkg_resources is deprecated as an API. See https://setuptools.pypa.io/en/latest/pkg_resources.html. The pkg_resources package is slated for removal as early as 2025-11-30. Refrain from using this package or pin to Setuptools<81.
  from pkg_resources import parse_version
Round    1/30  coverage=0.5004  prec@K=0.0120  accepted=67  auc=0.4992  uauc=0.4697  loss=0.5284  (6.7s)
Round    2/30  coverage=0.5006  prec@K=0.0112  accepted=62  auc=0.4866  uauc=0.5223  loss=0.5270  (5.5s)
Round    3/30  coverage=0.5012  prec@K=0.0133  accepted=74  auc=0.4383  uauc=0.5056  loss=0.5279  (5.9s)
Round    4/30  coverage=0.5016  prec@K=0.0132  accepted=74  auc=0.5327  uauc=0.4807  loss=0.5276  (5.9s)
Round    5/30  coverage=0.5019  prec@K=0.0109  accepted=61  auc=0.4445  uauc=0.5089  loss=0.5259  (5.9s)
Round    6/30  coverage=0.5021  prec@K=0.0102  accepted=57  auc=0.5217  uauc=0.4972  loss=0.5255  (5.9s)
Round    7/30  coverage=0.5022  prec@K=0.0141  accepted=79  auc=0.5331  uauc=0.5089  loss=0.5270  (6.1s)
Round    8/30  coverage=0.5024  prec@K=0.0092  accepted=51  auc=0.5296  uauc=0.5103  loss=0.5239  (5.8s)
Round    9/30  coverage=0.5027  prec@K=0.0119  accepted=65  auc=0.4157  uauc=0.4910  loss=0.5253  (5.7s)
Round   10/30  coverage=0.5029  prec@K=0.0092  accepted=51  auc=0.5037  uauc=0.4758  loss=0.5228  (6.2s)
Round   11/30  coverage=0.5030  prec@K=0.0099  accepted=55  auc=0.4927  uauc=0.4715  loss=0.5234  (6.4s)
Round   12/30  coverage=0.5035  prec@K=0.0097  accepted=53  auc=0.4782  uauc=0.4984  loss=0.5226  (6.0s)
Round   13/30  coverage=0.5037  prec@K=0.0114  accepted=63  auc=0.5134  uauc=0.4661  loss=0.5235  (6.3s)
Round   14/30  coverage=0.5040  prec@K=0.0115  accepted=64  auc=0.4707  uauc=0.4707  loss=0.5228  (6.4s)
Round   15/30  coverage=0.5044  prec@K=0.0123  accepted=68  auc=0.5056  uauc=0.5261  loss=0.5230  (6.1s)
Round   16/30  coverage=0.5044  prec@K=0.0101  accepted=57  auc=0.5326  uauc=0.4677  loss=0.5215  (6.2s)
Round   17/30  coverage=0.5047  prec@K=0.0128  accepted=70  auc=0.4939  uauc=0.5034  loss=0.5223  (6.2s)
Round   18/30  coverage=0.5049  prec@K=0.0112  accepted=61  auc=0.4809  uauc=0.4979  loss=0.5215  (6.1s)
Round   19/30  coverage=0.5051  prec@K=0.0112  accepted=62  auc=0.5135  uauc=0.5166  loss=0.5207  (6.3s)
Round   20/30  coverage=0.5053  prec@K=0.0113  accepted=62  auc=0.5226  uauc=0.5064  loss=0.5203  (6.4s)
Round   21/30  coverage=0.5055  prec@K=0.0111  accepted=61  auc=0.4672  uauc=0.5825  loss=0.5202  (6.5s)
Round   22/30  coverage=0.5056  prec@K=0.0088  accepted=48  auc=0.4739  uauc=0.5198  loss=0.5188  (6.2s)
Round   23/30  coverage=0.5057  prec@K=0.0107  accepted=59  auc=0.4726  uauc=0.5199  loss=0.5190  (6.6s)
Round   24/30  coverage=0.5060  prec@K=0.0115  accepted=64  auc=0.4620  uauc=0.5030  loss=0.5196  (7.0s)
Round   25/30  coverage=0.5062  prec@K=0.0104  accepted=58  auc=0.4921  uauc=0.4862  loss=0.5182  (6.8s)
Round   26/30  coverage=0.5064  prec@K=0.0127  accepted=70  auc=0.5009  uauc=0.5089  loss=0.5193  (6.5s)
Round   27/30  coverage=0.5065  prec@K=0.0109  accepted=60  auc=0.5113  uauc=0.5209  loss=0.5182  (6.6s)
Round   28/30  coverage=0.5066  prec@K=0.0113  accepted=62  auc=0.5460  uauc=0.5188  loss=0.5176  (6.7s)
Round   29/30  coverage=0.5067  prec@K=0.0104  accepted=57  auc=0.5542  uauc=0.5006  loss=0.5166  (6.5s)
Round   30/30  coverage=0.5069  prec@K=0.0137  accepted=76  auc=0.4597  uauc=0.4554  loss=0.5181  (6.6s)

结果已写入 results\orchestrator\runs\ir50_constlr5e5_ppos95_pneg01\bitcoin_otc\gnn_sum_h8_s2/rounds.csv
