=== bitcoin_alpha_aa_s42  started 2026-05-09T15:53:00 ===

C:\conda\envs\gnn\lib\site-packages\requests\__init__.py:86: RequestsDependencyWarning: Unable to find acceptable character detection dependency (chardet or charset_normalizer).
  warnings.warn(
C:\conda\envs\gnn\lib\site-packages\outdated\__init__.py:36: UserWarning: pkg_resources is deprecated as an API. See https://setuptools.pypa.io/en/latest/pkg_resources.html. The pkg_resources package is slated for removal as early as 2025-11-30. Refrain from using this package or pin to Setuptools<81.
  from pkg_resources import parse_version
Round    1/30  coverage=0.5029  prec@K=0.0301  accepted=107  auc=0.7448  uauc=0.6021  loss=nan  (0.4s)
Round    2/30  coverage=0.5058  prec@K=0.0307  accepted=109  auc=0.7778  uauc=0.6247  loss=nan  (0.3s)
Round    3/30  coverage=0.5087  prec@K=0.0304  accepted=108  auc=0.7529  uauc=0.5475  loss=nan  (0.3s)
Round    4/30  coverage=0.5111  prec@K=0.0289  accepted=105  auc=0.7380  uauc=0.5921  loss=nan  (0.2s)
Round    5/30  coverage=0.5141  prec@K=0.0309  accepted=109  auc=0.7435  uauc=0.5795  loss=nan  (0.3s)
Round    6/30  coverage=0.5160  prec@K=0.0240  accepted=85  auc=0.7528  uauc=0.6202  loss=nan  (0.2s)
Round    7/30  coverage=0.5184  prec@K=0.0244  accepted=88  auc=0.7393  uauc=0.5911  loss=nan  (0.3s)
Round    8/30  coverage=0.5214  prec@K=0.0316  accepted=113  auc=0.7489  uauc=0.6076  loss=nan  (0.3s)
Round    9/30  coverage=0.5235  prec@K=0.0238  accepted=85  auc=0.7498  uauc=0.5704  loss=nan  (0.3s)
Round   10/30  coverage=0.5259  prec@K=0.0261  accepted=94  auc=0.7233  uauc=0.5627  loss=nan  (0.3s)
Round   11/30  coverage=0.5276  prec@K=0.0200  accepted=71  auc=0.7194  uauc=0.5812  loss=nan  (0.4s)
Round   12/30  coverage=0.5302  prec@K=0.0283  accepted=101  auc=0.7365  uauc=0.5693  loss=nan  (0.3s)
Round   13/30  coverage=0.5327  prec@K=0.0268  accepted=95  auc=0.7503  uauc=0.5640  loss=nan  (0.3s)
Round   14/30  coverage=0.5357  prec@K=0.0318  accepted=115  auc=0.7765  uauc=0.6212  loss=nan  (0.3s)
Round   15/30  coverage=0.5381  prec@K=0.0252  accepted=91  auc=0.7471  uauc=0.5890  loss=nan  (0.3s)
Round   16/30  coverage=0.5398  prec@K=0.0235  accepted=83  auc=0.6417  uauc=0.5830  loss=nan  (0.3s)
Round   17/30  coverage=0.5425  prec@K=0.0252  accepted=90  auc=0.8137  uauc=0.6518  loss=nan  (0.3s)
Round   18/30  coverage=0.5445  prec@K=0.0235  accepted=83  auc=0.6980  uauc=0.5507  loss=nan  (0.3s)
Round   19/30  coverage=0.5463  prec@K=0.0225  accepted=79  auc=0.6632  uauc=0.5590  loss=nan  (0.3s)
Round   20/30  coverage=0.5483  prec@K=0.0243  accepted=87  auc=0.6829  uauc=0.5526  loss=nan  (0.3s)
Round   21/30  coverage=0.5506  prec@K=0.0263  accepted=92  auc=0.6870  uauc=0.6370  loss=nan  (0.6s)
Round   22/30  coverage=0.5519  prec@K=0.0192  accepted=68  auc=0.6418  uauc=0.5970  loss=nan  (0.3s)
Round   23/30  coverage=0.5538  prec@K=0.0245  accepted=87  auc=0.6911  uauc=0.5587  loss=nan  (0.3s)
Round   24/30  coverage=0.5563  prec@K=0.0275  accepted=97  auc=0.7290  uauc=0.5369  loss=nan  (0.3s)
Round   25/30  coverage=0.5575  prec@K=0.0178  accepted=63  auc=0.6979  uauc=0.6038  loss=nan  (0.3s)
Round   26/30  coverage=0.5590  prec@K=0.0248  accepted=88  auc=0.6251  uauc=0.5656  loss=nan  (0.3s)
Round   27/30  coverage=0.5606  prec@K=0.0212  accepted=74  auc=0.6194  uauc=0.5305  loss=nan  (0.3s)
Round   28/30  coverage=0.5623  prec@K=0.0225  accepted=80  auc=0.6745  uauc=0.5119  loss=nan  (0.3s)
Round   29/30  coverage=0.5636  prec@K=0.0188  accepted=66  auc=0.6783  uauc=0.5269  loss=nan  (0.3s)
Round   30/30  coverage=0.5656  prec@K=0.0219  accepted=77  auc=0.6860  uauc=0.5779  loss=nan  (0.3s)

结果已写入 results\orchestrator\runs\ir50_constlr5e5_ppos95_pneg01\bitcoin_alpha\aa_s42/rounds.csv
