=== bitcoin_alpha_gat_emb_s2  started 2026-05-09T15:53:34 ===

C:\conda\envs\gnn\lib\site-packages\requests\__init__.py:86: RequestsDependencyWarning: Unable to find acceptable character detection dependency (chardet or charset_normalizer).
  warnings.warn(
C:\conda\envs\gnn\lib\site-packages\outdated\__init__.py:36: UserWarning: pkg_resources is deprecated as an API. See https://setuptools.pypa.io/en/latest/pkg_resources.html. The pkg_resources package is slated for removal as early as 2025-11-30. Refrain from using this package or pin to Setuptools<81.
  from pkg_resources import parse_version
Round    1/30  coverage=0.5009  prec@K=0.0173  accepted=62  auc=0.5492  uauc=0.5277  loss=0.6680  (5.0s)
Round    2/30  coverage=0.5015  prec@K=0.0129  accepted=46  auc=0.5260  uauc=0.6143  loss=0.6677  (4.2s)
Round    3/30  coverage=0.5023  prec@K=0.0144  accepted=51  auc=0.4734  uauc=0.5176  loss=0.6677  (3.7s)
Round    4/30  coverage=0.5033  prec@K=0.0175  accepted=63  auc=0.3866  uauc=0.4495  loss=0.6678  (4.0s)
Round    5/30  coverage=0.5044  prec@K=0.0164  accepted=59  auc=0.4569  uauc=0.6125  loss=0.6675  (4.4s)
Round    6/30  coverage=0.5050  prec@K=0.0129  accepted=46  auc=0.5063  uauc=0.4782  loss=0.6671  (4.1s)
Round    7/30  coverage=0.5056  prec@K=0.0154  accepted=55  auc=0.5117  uauc=0.5119  loss=0.6672  (4.1s)
Round    8/30  coverage=0.5069  prec@K=0.0185  accepted=67  auc=0.4855  uauc=0.4418  loss=0.6673  (4.4s)
Round    9/30  coverage=0.5078  prec@K=0.0141  accepted=50  auc=0.4883  uauc=0.6026  loss=0.6669  (4.2s)
Round   10/30  coverage=0.5086  prec@K=0.0155  accepted=56  auc=0.5431  uauc=0.5136  loss=0.6669  (4.5s)
Round   11/30  coverage=0.5092  prec@K=0.0160  accepted=57  auc=0.4729  uauc=0.5100  loss=0.6668  (4.1s)
Round   12/30  coverage=0.5100  prec@K=0.0161  accepted=58  auc=0.4926  uauc=0.4741  loss=0.6666  (4.3s)
Round   13/30  coverage=0.5108  prec@K=0.0135  accepted=49  auc=0.4355  uauc=0.5447  loss=0.6663  (4.5s)
Round   14/30  coverage=0.5115  prec@K=0.0176  accepted=63  auc=0.5753  uauc=0.4596  loss=0.6665  (4.2s)
Round   15/30  coverage=0.5122  prec@K=0.0125  accepted=44  auc=0.5303  uauc=0.5973  loss=0.6661  (4.1s)
Round   16/30  coverage=0.5130  prec@K=0.0132  accepted=46  auc=0.4597  uauc=0.5113  loss=0.6660  (4.2s)
Round   17/30  coverage=0.5135  prec@K=0.0121  accepted=43  auc=0.4942  uauc=0.4882  loss=0.6657  (4.7s)
Round   18/30  coverage=0.5139  prec@K=0.0114  accepted=41  auc=0.5225  uauc=0.4698  loss=0.6655  (4.6s)
Round   19/30  coverage=0.5147  prec@K=0.0126  accepted=45  auc=0.5276  uauc=0.5392  loss=0.6656  (4.5s)
Round   20/30  coverage=0.5155  prec@K=0.0129  accepted=46  auc=0.5322  uauc=0.4609  loss=0.6654  (4.5s)
Round   21/30  coverage=0.5161  prec@K=0.0143  accepted=51  auc=0.4734  uauc=0.5157  loss=0.6654  (4.8s)
Round   22/30  coverage=0.5170  prec@K=0.0138  accepted=49  auc=0.4739  uauc=0.5201  loss=0.6652  (4.5s)
Round   23/30  coverage=0.5176  prec@K=0.0157  accepted=56  auc=0.5209  uauc=0.5150  loss=0.6652  (4.4s)
Round   24/30  coverage=0.5180  prec@K=0.0121  accepted=43  auc=0.5047  uauc=0.4818  loss=0.6649  (4.2s)
Round   25/30  coverage=0.5186  prec@K=0.0159  accepted=57  auc=0.4859  uauc=0.5383  loss=0.6650  (4.6s)
Round   26/30  coverage=0.5191  prec@K=0.0131  accepted=46  auc=0.4686  uauc=0.4999  loss=0.6647  (4.4s)
Round   27/30  coverage=0.5196  prec@K=0.0133  accepted=47  auc=0.4664  uauc=0.5218  loss=0.6646  (4.3s)
Round   28/30  coverage=0.5203  prec@K=0.0142  accepted=51  auc=0.5544  uauc=0.5097  loss=0.6645  (4.9s)
Round   29/30  coverage=0.5209  prec@K=0.0149  accepted=53  auc=0.4421  uauc=0.4656  loss=0.6644  (4.8s)
Round   30/30  coverage=0.5215  prec@K=0.0146  accepted=51  auc=0.5045  uauc=0.5274  loss=0.6644  (4.3s)

结果已写入 results\orchestrator\runs\ir50_constlr5e5_ppos95_pneg01\bitcoin_alpha\gat_emb_s2/rounds.csv
