=== bitcoin_alpha_cn_s2  started 2026-05-09T15:53:12 ===

C:\conda\envs\gnn\lib\site-packages\requests\__init__.py:86: RequestsDependencyWarning: Unable to find acceptable character detection dependency (chardet or charset_normalizer).
  warnings.warn(
C:\conda\envs\gnn\lib\site-packages\outdated\__init__.py:36: UserWarning: pkg_resources is deprecated as an API. See https://setuptools.pypa.io/en/latest/pkg_resources.html. The pkg_resources package is slated for removal as early as 2025-11-30. Refrain from using this package or pin to Setuptools<81.
  from pkg_resources import parse_version
Round    1/30  coverage=0.5028  prec@K=0.0302  accepted=108  auc=0.7151  uauc=0.5574  loss=nan  (0.3s)
Round    2/30  coverage=0.5054  prec@K=0.0259  accepted=92  auc=0.7395  uauc=0.5962  loss=nan  (0.2s)
Round    3/30  coverage=0.5075  prec@K=0.0235  accepted=83  auc=0.6960  uauc=0.5795  loss=nan  (0.2s)
Round    4/30  coverage=0.5105  prec@K=0.0308  accepted=111  auc=0.7534  uauc=0.6034  loss=nan  (0.2s)
Round    5/30  coverage=0.5128  prec@K=0.0242  accepted=87  auc=0.7241  uauc=0.5741  loss=nan  (0.2s)
Round    6/30  coverage=0.5149  prec@K=0.0232  accepted=83  auc=0.7031  uauc=0.5353  loss=nan  (0.2s)
Round    7/30  coverage=0.5171  prec@K=0.0258  accepted=92  auc=0.7568  uauc=0.6168  loss=nan  (0.2s)
Round    8/30  coverage=0.5198  prec@K=0.0277  accepted=100  auc=0.7965  uauc=0.6148  loss=nan  (0.2s)
Round    9/30  coverage=0.5215  prec@K=0.0194  accepted=69  auc=0.7000  uauc=0.5753  loss=nan  (0.2s)
Round   10/30  coverage=0.5235  prec@K=0.0238  accepted=86  auc=0.7105  uauc=0.5650  loss=nan  (0.2s)
Round   11/30  coverage=0.5254  prec@K=0.0248  accepted=89  auc=0.7031  uauc=0.5642  loss=nan  (0.4s)
Round   12/30  coverage=0.5277  prec@K=0.0258  accepted=92  auc=0.7343  uauc=0.5392  loss=nan  (0.2s)
Round   13/30  coverage=0.5299  prec@K=0.0223  accepted=81  auc=0.7616  uauc=0.6143  loss=nan  (0.2s)
Round   14/30  coverage=0.5321  prec@K=0.0278  accepted=100  auc=0.6870  uauc=0.5517  loss=nan  (0.2s)
Round   15/30  coverage=0.5337  prec@K=0.0178  accepted=63  auc=0.7037  uauc=0.5213  loss=nan  (0.2s)
Round   16/30  coverage=0.5354  prec@K=0.0199  accepted=69  auc=0.7415  uauc=0.5997  loss=nan  (0.2s)
Round   17/30  coverage=0.5373  prec@K=0.0214  accepted=77  auc=0.6865  uauc=0.5722  loss=nan  (0.2s)
Round   18/30  coverage=0.5388  prec@K=0.0185  accepted=66  auc=0.6501  uauc=0.5067  loss=nan  (0.2s)
Round   19/30  coverage=0.5408  prec@K=0.0205  accepted=73  auc=0.7402  uauc=0.5406  loss=nan  (0.2s)
Round   20/30  coverage=0.5419  prec@K=0.0155  accepted=56  auc=0.6881  uauc=0.5338  loss=nan  (0.2s)
Round   21/30  coverage=0.5434  prec@K=0.0190  accepted=68  auc=0.6526  uauc=0.5621  loss=nan  (0.5s)
Round   22/30  coverage=0.5450  prec@K=0.0190  accepted=68  auc=0.6913  uauc=0.5824  loss=nan  (0.2s)
Round   23/30  coverage=0.5466  prec@K=0.0222  accepted=79  auc=0.6877  uauc=0.5568  loss=nan  (0.2s)
Round   24/30  coverage=0.5482  prec@K=0.0208  accepted=74  auc=0.6796  uauc=0.5621  loss=nan  (0.3s)
Round   25/30  coverage=0.5502  prec@K=0.0245  accepted=87  auc=0.6703  uauc=0.6083  loss=nan  (0.2s)
Round   26/30  coverage=0.5516  prec@K=0.0201  accepted=71  auc=0.6872  uauc=0.5634  loss=nan  (0.3s)
Round   27/30  coverage=0.5529  prec@K=0.0189  accepted=67  auc=0.7046  uauc=0.5445  loss=nan  (0.3s)
Round   28/30  coverage=0.5541  prec@K=0.0177  accepted=63  auc=0.7011  uauc=0.5744  loss=nan  (0.2s)
Round   29/30  coverage=0.5559  prec@K=0.0227  accepted=80  auc=0.7339  uauc=0.5768  loss=nan  (0.3s)
Round   30/30  coverage=0.5575  prec@K=0.0223  accepted=78  auc=0.7166  uauc=0.5490  loss=nan  (0.2s)

结果已写入 results\orchestrator\runs\ir50_constlr5e5_ppos95_pneg01\bitcoin_alpha\cn_s2/rounds.csv
