=== college_msg_aa_s0  started 2026-05-09T15:43:53 ===

C:\conda\envs\gnn\lib\site-packages\requests\__init__.py:86: RequestsDependencyWarning: Unable to find acceptable character detection dependency (chardet or charset_normalizer).
  warnings.warn(
C:\conda\envs\gnn\lib\site-packages\outdated\__init__.py:36: UserWarning: pkg_resources is deprecated as an API. See https://setuptools.pypa.io/en/latest/pkg_resources.html. The pkg_resources package is slated for removal as early as 2025-11-30. Refrain from using this package or pin to Setuptools<81.
  from pkg_resources import parse_version
Round    1/30  coverage=0.5015  prec@K=0.0261  accepted=48  auc=0.6739  uauc=0.5470  loss=nan  (0.2s)
Round    2/30  coverage=0.5030  prec@K=0.0201  accepted=37  auc=0.7541  uauc=0.6132  loss=nan  (0.1s)
Round    3/30  coverage=0.5041  prec@K=0.0235  accepted=43  auc=0.6716  uauc=0.5733  loss=nan  (0.1s)
Round    4/30  coverage=0.5054  prec@K=0.0240  accepted=44  auc=0.6769  uauc=0.4584  loss=nan  (0.1s)
Round    5/30  coverage=0.5065  prec@K=0.0267  accepted=49  auc=0.6120  uauc=0.5211  loss=nan  (0.1s)
Round    6/30  coverage=0.5084  prec@K=0.0273  accepted=51  auc=0.7391  uauc=0.5060  loss=nan  (0.2s)
Round    7/30  coverage=0.5099  prec@K=0.0250  accepted=46  auc=0.7658  uauc=0.5862  loss=nan  (0.1s)
Round    8/30  coverage=0.5111  prec@K=0.0254  accepted=47  auc=0.6735  uauc=0.5846  loss=nan  (0.1s)
Round    9/30  coverage=0.5121  prec@K=0.0212  accepted=39  auc=0.6849  uauc=0.5347  loss=nan  (0.1s)
Round   10/30  coverage=0.5132  prec@K=0.0203  accepted=37  auc=0.5893  uauc=0.4375  loss=nan  (0.1s)
Round   11/30  coverage=0.5148  prec@K=0.0236  accepted=44  auc=0.7409  uauc=0.4874  loss=nan  (0.3s)
Round   12/30  coverage=0.5158  prec@K=0.0226  accepted=42  auc=0.7299  uauc=0.5981  loss=nan  (0.1s)
Round   13/30  coverage=0.5168  prec@K=0.0240  accepted=44  auc=0.6864  uauc=0.4933  loss=nan  (0.1s)
Round   14/30  coverage=0.5179  prec@K=0.0245  accepted=45  auc=0.6761  uauc=0.4939  loss=nan  (0.1s)
Round   15/30  coverage=0.5195  prec@K=0.0295  accepted=55  auc=0.7053  uauc=0.4940  loss=nan  (0.2s)
Round   16/30  coverage=0.5210  prec@K=0.0259  accepted=47  auc=0.7837  uauc=0.5122  loss=nan  (0.1s)
Round   17/30  coverage=0.5218  prec@K=0.0185  accepted=34  auc=0.6974  uauc=0.5594  loss=nan  (0.1s)
Round   18/30  coverage=0.5228  prec@K=0.0230  accepted=43  auc=0.6927  uauc=0.5251  loss=nan  (0.2s)
Round   19/30  coverage=0.5238  prec@K=0.0175  accepted=32  auc=0.6755  uauc=0.5819  loss=nan  (0.1s)
Round   20/30  coverage=0.5249  prec@K=0.0205  accepted=37  auc=0.6913  uauc=0.5449  loss=nan  (0.1s)
Round   21/30  coverage=0.5261  prec@K=0.0227  accepted=41  auc=0.6352  uauc=0.5566  loss=nan  (0.3s)
Round   22/30  coverage=0.5269  prec@K=0.0201  accepted=37  auc=0.6046  uauc=0.5413  loss=nan  (0.2s)
Round   23/30  coverage=0.5278  prec@K=0.0207  accepted=38  auc=0.7335  uauc=0.5881  loss=nan  (0.2s)
Round   24/30  coverage=0.5288  prec@K=0.0230  accepted=42  auc=0.6153  uauc=0.5088  loss=nan  (0.2s)
Round   25/30  coverage=0.5297  prec@K=0.0202  accepted=37  auc=0.6750  uauc=0.5184  loss=nan  (0.2s)
Round   26/30  coverage=0.5304  prec@K=0.0152  accepted=28  auc=0.6480  uauc=0.5113  loss=nan  (0.2s)
Round   27/30  coverage=0.5312  prec@K=0.0190  accepted=35  auc=0.6442  uauc=0.6471  loss=nan  (0.2s)
Round   28/30  coverage=0.5321  prec@K=0.0171  accepted=31  auc=0.7469  uauc=0.5059  loss=nan  (0.2s)
Round   29/30  coverage=0.5328  prec@K=0.0145  accepted=27  auc=0.6172  uauc=0.4955  loss=nan  (0.2s)
Round   30/30  coverage=0.5338  prec@K=0.0215  accepted=39  auc=0.7026  uauc=0.6138  loss=nan  (0.2s)

结果已写入 results\orchestrator\runs\ir50_constlr5e5_ppos95_pneg01\college_msg\aa_s0/rounds.csv
