=== college_msg_cn_s3  started 2026-05-09T15:44:13 ===

C:\conda\envs\gnn\lib\site-packages\requests\__init__.py:86: RequestsDependencyWarning: Unable to find acceptable character detection dependency (chardet or charset_normalizer).
  warnings.warn(
C:\conda\envs\gnn\lib\site-packages\outdated\__init__.py:36: UserWarning: pkg_resources is deprecated as an API. See https://setuptools.pypa.io/en/latest/pkg_resources.html. The pkg_resources package is slated for removal as early as 2025-11-30. Refrain from using this package or pin to Setuptools<81.
  from pkg_resources import parse_version
Round    1/30  coverage=0.5012  prec@K=0.0242  accepted=45  auc=0.7020  uauc=0.4873  loss=nan  (0.2s)
Round    2/30  coverage=0.5019  prec@K=0.0130  accepted=24  auc=0.5944  uauc=0.4541  loss=nan  (0.1s)
Round    3/30  coverage=0.5026  prec@K=0.0172  accepted=32  auc=0.7008  uauc=0.4913  loss=nan  (0.1s)
Round    4/30  coverage=0.5038  prec@K=0.0242  accepted=44  auc=0.6541  uauc=0.5022  loss=nan  (0.1s)
Round    5/30  coverage=0.5053  prec@K=0.0242  accepted=45  auc=0.7009  uauc=0.5176  loss=nan  (0.1s)
Round    6/30  coverage=0.5063  prec@K=0.0214  accepted=40  auc=0.6989  uauc=0.5729  loss=nan  (0.1s)
Round    7/30  coverage=0.5073  prec@K=0.0267  accepted=50  auc=0.6465  uauc=0.5791  loss=nan  (0.1s)
Round    8/30  coverage=0.5081  prec@K=0.0184  accepted=34  auc=0.5361  uauc=0.4887  loss=nan  (0.1s)
Round    9/30  coverage=0.5089  prec@K=0.0195  accepted=36  auc=0.6252  uauc=0.5475  loss=nan  (0.1s)
Round   10/30  coverage=0.5099  prec@K=0.0234  accepted=43  auc=0.6815  uauc=0.5266  loss=nan  (0.1s)
Round   11/30  coverage=0.5108  prec@K=0.0186  accepted=34  auc=0.6486  uauc=0.5261  loss=nan  (0.2s)
Round   12/30  coverage=0.5117  prec@K=0.0195  accepted=36  auc=0.6253  uauc=0.5047  loss=nan  (0.1s)
Round   13/30  coverage=0.5126  prec@K=0.0212  accepted=39  auc=0.5694  uauc=0.4681  loss=nan  (0.1s)
Round   14/30  coverage=0.5135  prec@K=0.0196  accepted=36  auc=0.6871  uauc=0.4904  loss=nan  (0.1s)
Round   15/30  coverage=0.5147  prec@K=0.0237  accepted=44  auc=0.6393  uauc=0.5320  loss=nan  (0.1s)
Round   16/30  coverage=0.5157  prec@K=0.0178  accepted=33  auc=0.7188  uauc=0.5555  loss=nan  (0.1s)
Round   17/30  coverage=0.5165  prec@K=0.0231  accepted=42  auc=0.6119  uauc=0.5326  loss=nan  (0.1s)
Round   18/30  coverage=0.5172  prec@K=0.0169  accepted=31  auc=0.6706  uauc=0.5197  loss=nan  (0.1s)
Round   19/30  coverage=0.5183  prec@K=0.0252  accepted=46  auc=0.6563  uauc=0.5384  loss=nan  (0.1s)
Round   20/30  coverage=0.5191  prec@K=0.0219  accepted=40  auc=0.6362  uauc=0.4969  loss=nan  (0.1s)
Round   21/30  coverage=0.5200  prec@K=0.0215  accepted=40  auc=0.6906  uauc=0.4534  loss=nan  (0.2s)
Round   22/30  coverage=0.5213  prec@K=0.0193  accepted=36  auc=0.7595  uauc=0.5116  loss=nan  (0.1s)
Round   23/30  coverage=0.5219  prec@K=0.0151  accepted=28  auc=0.6220  uauc=0.4776  loss=nan  (0.1s)
Round   24/30  coverage=0.5226  prec@K=0.0183  accepted=34  auc=0.6496  uauc=0.5370  loss=nan  (0.1s)
Round   25/30  coverage=0.5232  prec@K=0.0191  accepted=34  auc=0.6835  uauc=0.4906  loss=nan  (0.1s)
Round   26/30  coverage=0.5243  prec@K=0.0214  accepted=39  auc=0.6873  uauc=0.4131  loss=nan  (0.1s)
Round   27/30  coverage=0.5255  prec@K=0.0222  accepted=41  auc=0.7177  uauc=0.5042  loss=nan  (0.1s)
Round   28/30  coverage=0.5262  prec@K=0.0177  accepted=33  auc=0.6304  uauc=0.5487  loss=nan  (0.1s)
Round   29/30  coverage=0.5268  prec@K=0.0165  accepted=30  auc=0.6737  uauc=0.5369  loss=nan  (0.1s)
Round   30/30  coverage=0.5277  prec@K=0.0199  accepted=36  auc=0.6679  uauc=0.4279  loss=nan  (0.1s)

结果已写入 results\orchestrator\runs\ir50_constlr5e5_ppos95_pneg01\college_msg\cn_s3/rounds.csv
