=== college_msg_aa_s42  started 2026-05-09T15:44:04 ===

C:\conda\envs\gnn\lib\site-packages\requests\__init__.py:86: RequestsDependencyWarning: Unable to find acceptable character detection dependency (chardet or charset_normalizer).
  warnings.warn(
C:\conda\envs\gnn\lib\site-packages\outdated\__init__.py:36: UserWarning: pkg_resources is deprecated as an API. See https://setuptools.pypa.io/en/latest/pkg_resources.html. The pkg_resources package is slated for removal as early as 2025-11-30. Refrain from using this package or pin to Setuptools<81.
  from pkg_resources import parse_version
Round    1/30  coverage=0.5009  prec@K=0.0204  accepted=37  auc=0.6263  uauc=0.4822  loss=nan  (0.2s)
Round    2/30  coverage=0.5021  prec@K=0.0254  accepted=47  auc=0.6593  uauc=0.5172  loss=nan  (0.1s)
Round    3/30  coverage=0.5034  prec@K=0.0277  accepted=50  auc=0.7238  uauc=0.5840  loss=nan  (0.1s)
Round    4/30  coverage=0.5049  prec@K=0.0221  accepted=41  auc=0.7323  uauc=0.5915  loss=nan  (0.1s)
Round    5/30  coverage=0.5063  prec@K=0.0257  accepted=47  auc=0.6452  uauc=0.5236  loss=nan  (0.1s)
Round    6/30  coverage=0.5074  prec@K=0.0254  accepted=47  auc=0.6802  uauc=0.6096  loss=nan  (0.1s)
Round    7/30  coverage=0.5085  prec@K=0.0231  accepted=42  auc=0.6584  uauc=0.4719  loss=nan  (0.1s)
Round    8/30  coverage=0.5092  prec@K=0.0233  accepted=43  auc=0.6460  uauc=0.5002  loss=nan  (0.1s)
Round    9/30  coverage=0.5101  prec@K=0.0171  accepted=31  auc=0.6330  uauc=0.5213  loss=nan  (0.1s)
Round   10/30  coverage=0.5115  prec@K=0.0264  accepted=49  auc=0.7246  uauc=0.5135  loss=nan  (0.1s)
Round   11/30  coverage=0.5131  prec@K=0.0324  accepted=59  auc=0.6681  uauc=0.5363  loss=nan  (0.3s)
Round   12/30  coverage=0.5138  prec@K=0.0191  accepted=35  auc=0.5749  uauc=0.5521  loss=nan  (0.2s)
Round   13/30  coverage=0.5147  prec@K=0.0157  accepted=29  auc=0.7636  uauc=0.5882  loss=nan  (0.1s)
Round   14/30  coverage=0.5161  prec@K=0.0262  accepted=48  auc=0.6744  uauc=0.5955  loss=nan  (0.1s)
Round   15/30  coverage=0.5172  prec@K=0.0227  accepted=41  auc=0.7057  uauc=0.5340  loss=nan  (0.1s)
Round   16/30  coverage=0.5184  prec@K=0.0255  accepted=47  auc=0.6904  uauc=0.5486  loss=nan  (0.2s)
Round   17/30  coverage=0.5192  prec@K=0.0183  accepted=33  auc=0.6390  uauc=0.5744  loss=nan  (0.1s)
Round   18/30  coverage=0.5203  prec@K=0.0221  accepted=41  auc=0.7022  uauc=0.4755  loss=nan  (0.2s)
Round   19/30  coverage=0.5215  prec@K=0.0237  accepted=43  auc=0.6657  uauc=0.6011  loss=nan  (0.1s)
Round   20/30  coverage=0.5227  prec@K=0.0230  accepted=42  auc=0.7639  uauc=0.5994  loss=nan  (0.2s)
Round   21/30  coverage=0.5234  prec@K=0.0153  accepted=28  auc=0.6911  uauc=0.5016  loss=nan  (0.3s)
Round   22/30  coverage=0.5242  prec@K=0.0194  accepted=36  auc=0.6146  uauc=0.5037  loss=nan  (0.2s)
Round   23/30  coverage=0.5258  prec@K=0.0277  accepted=50  auc=0.7196  uauc=0.5200  loss=nan  (0.2s)
Round   24/30  coverage=0.5267  prec@K=0.0206  accepted=38  auc=0.6209  uauc=0.4950  loss=nan  (0.1s)
Round   25/30  coverage=0.5276  prec@K=0.0202  accepted=37  auc=0.6276  uauc=0.5187  loss=nan  (0.1s)
Round   26/30  coverage=0.5288  prec@K=0.0212  accepted=39  auc=0.6920  uauc=0.4426  loss=nan  (0.2s)
Round   27/30  coverage=0.5293  prec@K=0.0205  accepted=37  auc=0.6159  uauc=0.4732  loss=nan  (0.2s)
Round   28/30  coverage=0.5300  prec@K=0.0175  accepted=32  auc=0.6511  uauc=0.6170  loss=nan  (0.1s)
Round   29/30  coverage=0.5309  prec@K=0.0203  accepted=37  auc=0.6768  uauc=0.5050  loss=nan  (0.2s)
Round   30/30  coverage=0.5315  prec@K=0.0164  accepted=30  auc=0.7112  uauc=0.6199  loss=nan  (0.2s)

结果已写入 results\orchestrator\runs\ir50_constlr5e5_ppos95_pneg01\college_msg\aa_s42/rounds.csv
