=== college_msg_gat_emb_s1  started 2026-05-09T15:44:21 ===

C:\conda\envs\gnn\lib\site-packages\requests\__init__.py:86: RequestsDependencyWarning: Unable to find acceptable character detection dependency (chardet or charset_normalizer).
  warnings.warn(
C:\conda\envs\gnn\lib\site-packages\outdated\__init__.py:36: UserWarning: pkg_resources is deprecated as an API. See https://setuptools.pypa.io/en/latest/pkg_resources.html. The pkg_resources package is slated for removal as early as 2025-11-30. Refrain from using this package or pin to Setuptools<81.
  from pkg_resources import parse_version
Round    1/30  coverage=0.5007  prec@K=0.0145  accepted=27  auc=0.4866  uauc=0.4569  loss=0.7522  (3.8s)
Round    2/30  coverage=0.5016  prec@K=0.0246  accepted=46  auc=0.5722  uauc=0.5838  loss=0.7505  (3.1s)
Round    3/30  coverage=0.5019  prec@K=0.0092  accepted=17  auc=0.5512  uauc=0.4608  loss=0.7523  (2.9s)
Round    4/30  coverage=0.5026  prec@K=0.0217  accepted=40  auc=0.5065  uauc=0.4528  loss=0.7507  (2.9s)
Round    5/30  coverage=0.5030  prec@K=0.0133  accepted=25  auc=0.5170  uauc=0.5257  loss=0.7516  (2.9s)
Round    6/30  coverage=0.5035  prec@K=0.0162  accepted=30  auc=0.5874  uauc=0.5265  loss=0.7510  (3.0s)
Round    7/30  coverage=0.5041  prec@K=0.0125  accepted=23  auc=0.5033  uauc=0.4010  loss=0.7513  (2.9s)
Round    8/30  coverage=0.5049  prec@K=0.0142  accepted=26  auc=0.5266  uauc=0.4927  loss=0.7511  (2.9s)
Round    9/30  coverage=0.5053  prec@K=0.0149  accepted=27  auc=0.4420  uauc=0.5772  loss=0.7507  (3.2s)
Round   10/30  coverage=0.5059  prec@K=0.0163  accepted=30  auc=0.4540  uauc=0.4720  loss=0.7504  (3.0s)
Round   11/30  coverage=0.5066  prec@K=0.0121  accepted=22  auc=0.4107  uauc=0.5385  loss=0.7508  (3.1s)
Round   12/30  coverage=0.5069  prec@K=0.0196  accepted=36  auc=0.5077  uauc=0.4760  loss=0.7497  (2.9s)
Round   13/30  coverage=0.5073  prec@K=0.0140  accepted=26  auc=0.4742  uauc=0.4512  loss=0.7503  (3.0s)
Round   14/30  coverage=0.5074  prec@K=0.0118  accepted=22  auc=0.4691  uauc=0.4722  loss=0.7503  (2.9s)
Round   15/30  coverage=0.5079  prec@K=0.0163  accepted=30  auc=0.4879  uauc=0.4335  loss=0.7497  (3.0s)
Round   16/30  coverage=0.5083  prec@K=0.0142  accepted=26  auc=0.5103  uauc=0.4692  loss=0.7499  (2.9s)
Round   17/30  coverage=0.5093  prec@K=0.0228  accepted=42  auc=0.4887  uauc=0.4707  loss=0.7485  (2.9s)
Round   18/30  coverage=0.5097  prec@K=0.0182  accepted=34  auc=0.4423  uauc=0.5279  loss=0.7489  (3.0s)
Round   19/30  coverage=0.5104  prec@K=0.0161  accepted=30  auc=0.5043  uauc=0.5634  loss=0.7492  (3.1s)
Round   20/30  coverage=0.5108  prec@K=0.0136  accepted=25  auc=0.4934  uauc=0.5822  loss=0.7493  (3.3s)
Round   21/30  coverage=0.5116  prec@K=0.0171  accepted=31  auc=0.4598  uauc=0.5000  loss=0.7487  (3.2s)
Round   22/30  coverage=0.5119  prec@K=0.0151  accepted=28  auc=0.4979  uauc=0.5280  loss=0.7489  (3.4s)
Round   23/30  coverage=0.5122  prec@K=0.0119  accepted=22  auc=0.5238  uauc=0.4828  loss=0.7490  (3.2s)
Round   24/30  coverage=0.5129  prec@K=0.0181  accepted=33  auc=0.4053  uauc=0.5354  loss=0.7482  (3.1s)
Round   25/30  coverage=0.5135  prec@K=0.0155  accepted=29  auc=0.5227  uauc=0.4800  loss=0.7484  (3.1s)
Round   26/30  coverage=0.5138  prec@K=0.0185  accepted=34  auc=0.4249  uauc=0.5209  loss=0.7478  (3.1s)
Round   27/30  coverage=0.5144  prec@K=0.0161  accepted=29  auc=0.4972  uauc=0.4022  loss=0.7480  (3.3s)
Round   28/30  coverage=0.5148  prec@K=0.0159  accepted=29  auc=0.4488  uauc=0.5553  loss=0.7479  (3.0s)
Round   29/30  coverage=0.5151  prec@K=0.0164  accepted=30  auc=0.4188  uauc=0.5053  loss=0.7477  (3.1s)
Round   30/30  coverage=0.5157  prec@K=0.0206  accepted=38  auc=0.4843  uauc=0.5052  loss=0.7470  (3.2s)

结果已写入 results\orchestrator\runs\ir50_constlr5e5_ppos95_pneg01\college_msg\gat_emb_s1/rounds.csv
