=== college_msg_gnn_concat_h8_s0  started 2026-05-09T15:46:18 ===

C:\conda\envs\gnn\lib\site-packages\requests\__init__.py:86: RequestsDependencyWarning: Unable to find acceptable character detection dependency (chardet or charset_normalizer).
  warnings.warn(
C:\conda\envs\gnn\lib\site-packages\outdated\__init__.py:36: UserWarning: pkg_resources is deprecated as an API. See https://setuptools.pypa.io/en/latest/pkg_resources.html. The pkg_resources package is slated for removal as early as 2025-11-30. Refrain from using this package or pin to Setuptools<81.
  from pkg_resources import parse_version
Round    1/30  coverage=0.5005  prec@K=0.0158  accepted=29  auc=0.4411  uauc=0.5179  loss=0.8083  (3.6s)
Round    2/30  coverage=0.5012  prec@K=0.0109  accepted=20  auc=0.5217  uauc=0.4664  loss=0.8081  (2.8s)
Round    3/30  coverage=0.5016  prec@K=0.0158  accepted=29  auc=0.5119  uauc=0.5824  loss=0.8063  (2.7s)
Round    4/30  coverage=0.5019  prec@K=0.0136  accepted=25  auc=0.5774  uauc=0.4312  loss=0.8056  (2.9s)
Round    5/30  coverage=0.5022  prec@K=0.0169  accepted=31  auc=0.5059  uauc=0.5140  loss=0.8051  (2.6s)
Round    6/30  coverage=0.5027  prec@K=0.0123  accepted=23  auc=0.5412  uauc=0.4835  loss=0.8048  (3.3s)
Round    7/30  coverage=0.5033  prec@K=0.0141  accepted=26  auc=0.4940  uauc=0.5454  loss=0.8043  (2.9s)
Round    8/30  coverage=0.5037  prec@K=0.0173  accepted=32  auc=0.4799  uauc=0.4581  loss=0.8033  (2.8s)
Round    9/30  coverage=0.5042  prec@K=0.0152  accepted=28  auc=0.4077  uauc=0.5307  loss=0.8031  (2.7s)
Round   10/30  coverage=0.5046  prec@K=0.0126  accepted=23  auc=0.5672  uauc=0.4844  loss=0.8032  (2.8s)
Round   11/30  coverage=0.5049  prec@K=0.0103  accepted=19  auc=0.5592  uauc=0.6154  loss=0.8021  (3.1s)
Round   12/30  coverage=0.5053  prec@K=0.0156  accepted=29  auc=0.4183  uauc=0.5470  loss=0.8010  (2.8s)
Round   13/30  coverage=0.5057  prec@K=0.0166  accepted=30  auc=0.5264  uauc=0.5544  loss=0.8004  (2.9s)
Round   14/30  coverage=0.5063  prec@K=0.0201  accepted=37  auc=0.5073  uauc=0.4746  loss=0.7986  (2.9s)
Round   15/30  coverage=0.5066  prec@K=0.0160  accepted=30  auc=0.5443  uauc=0.4593  loss=0.7985  (3.2s)
Round   16/30  coverage=0.5072  prec@K=0.0137  accepted=25  auc=0.3561  uauc=0.4971  loss=0.7981  (3.0s)
Round   17/30  coverage=0.5077  prec@K=0.0153  accepted=28  auc=0.4399  uauc=0.5337  loss=0.7981  (3.1s)
Round   18/30  coverage=0.5083  prec@K=0.0195  accepted=36  auc=0.5053  uauc=0.5610  loss=0.7959  (3.1s)
Round   19/30  coverage=0.5087  prec@K=0.0103  accepted=19  auc=0.4799  uauc=0.5170  loss=0.7982  (2.8s)
Round   20/30  coverage=0.5089  prec@K=0.0105  accepted=19  auc=0.5650  uauc=0.4765  loss=0.7973  (3.0s)
Round   21/30  coverage=0.5091  prec@K=0.0116  accepted=21  auc=0.4346  uauc=0.5132  loss=0.7965  (3.1s)
Round   22/30  coverage=0.5095  prec@K=0.0158  accepted=29  auc=0.5063  uauc=0.5287  loss=0.7945  (3.2s)
Round   23/30  coverage=0.5099  prec@K=0.0152  accepted=28  auc=0.4866  uauc=0.4511  loss=0.7950  (3.0s)
Round   24/30  coverage=0.5102  prec@K=0.0164  accepted=30  auc=0.4474  uauc=0.5275  loss=0.7937  (3.2s)
Round   25/30  coverage=0.5105  prec@K=0.0143  accepted=26  auc=0.5915  uauc=0.5474  loss=0.7936  (3.2s)
Round   26/30  coverage=0.5108  prec@K=0.0093  accepted=17  auc=0.5609  uauc=0.5431  loss=0.7940  (3.1s)
Round   27/30  coverage=0.5110  prec@K=0.0136  accepted=25  auc=0.5839  uauc=0.4977  loss=0.7922  (3.4s)
Round   28/30  coverage=0.5113  prec@K=0.0103  accepted=19  auc=0.4307  uauc=0.5906  loss=0.7928  (3.1s)
Round   29/30  coverage=0.5115  prec@K=0.0092  accepted=17  auc=0.3721  uauc=0.5261  loss=0.7934  (2.9s)
Round   30/30  coverage=0.5118  prec@K=0.0138  accepted=25  auc=0.4819  uauc=0.5116  loss=0.7908  (3.0s)

结果已写入 results\orchestrator\runs\ir50_constlr5e5_ppos95_pneg01\college_msg\gnn_concat_h8_s0/rounds.csv
