=== dnc_email_cn_s3  started 2026-05-09T15:38:32 ===

C:\conda\envs\gnn\lib\site-packages\requests\__init__.py:86: RequestsDependencyWarning: Unable to find acceptable character detection dependency (chardet or charset_normalizer).
  warnings.warn(
C:\conda\envs\gnn\lib\site-packages\outdated\__init__.py:36: UserWarning: pkg_resources is deprecated as an API. See https://setuptools.pypa.io/en/latest/pkg_resources.html. The pkg_resources package is slated for removal as early as 2025-11-30. Refrain from using this package or pin to Setuptools<81.
  from pkg_resources import parse_version
Round    1/30  coverage=0.5050  prec@K=0.0283  accepted=51  auc=0.7734  uauc=0.5634  loss=nan  (0.1s)
Round    2/30  coverage=0.5077  prec@K=0.0229  accepted=41  auc=0.6567  uauc=0.5852  loss=nan  (0.1s)
Round    3/30  coverage=0.5144  prec@K=0.0270  accepted=48  auc=0.8465  uauc=0.6105  loss=nan  (0.1s)
Round    4/30  coverage=0.5169  prec@K=0.0155  accepted=28  auc=0.6594  uauc=0.6204  loss=nan  (0.1s)
Round    5/30  coverage=0.5226  prec@K=0.0262  accepted=47  auc=0.7574  uauc=0.6224  loss=nan  (0.1s)
Round    6/30  coverage=0.5269  prec@K=0.0242  accepted=43  auc=0.7677  uauc=0.5552  loss=nan  (0.1s)
Round    7/30  coverage=0.5318  prec@K=0.0249  accepted=44  auc=0.7502  uauc=0.5574  loss=nan  (0.1s)
Round    8/30  coverage=0.5382  prec@K=0.0337  accepted=59  auc=0.7017  uauc=0.5493  loss=nan  (0.1s)
Round    9/30  coverage=0.5407  prec@K=0.0193  accepted=35  auc=0.6914  uauc=0.5346  loss=nan  (0.1s)
Round   10/30  coverage=0.5456  prec@K=0.0258  accepted=47  auc=0.7250  uauc=0.5410  loss=nan  (0.1s)
Round   11/30  coverage=0.5490  prec@K=0.0208  accepted=36  auc=0.7169  uauc=0.4930  loss=nan  (0.1s)
Round   12/30  coverage=0.5527  prec@K=0.0220  accepted=39  auc=0.7378  uauc=0.5833  loss=nan  (0.1s)
Round   13/30  coverage=0.5575  prec@K=0.0243  accepted=42  auc=0.8104  uauc=0.7345  loss=nan  (0.1s)
Round   14/30  coverage=0.5615  prec@K=0.0223  accepted=39  auc=0.7517  uauc=0.6208  loss=nan  (0.1s)
Round   15/30  coverage=0.5635  prec@K=0.0176  accepted=31  auc=0.6383  uauc=0.4801  loss=nan  (0.1s)
Round   16/30  coverage=0.5675  prec@K=0.0236  accepted=43  auc=0.7212  uauc=0.5019  loss=nan  (0.1s)
Round   17/30  coverage=0.5731  prec@K=0.0262  accepted=46  auc=0.7771  uauc=0.5605  loss=nan  (0.1s)
Round   18/30  coverage=0.5788  prec@K=0.0246  accepted=43  auc=0.8135  uauc=0.6414  loss=nan  (0.1s)
Round   19/30  coverage=0.5804  prec@K=0.0199  accepted=36  auc=0.6016  uauc=0.5353  loss=nan  (0.1s)
Round   20/30  coverage=0.5866  prec@K=0.0285  accepted=50  auc=0.7945  uauc=0.5434  loss=nan  (0.1s)
Round   21/30  coverage=0.5898  prec@K=0.0252  accepted=43  auc=0.6953  uauc=0.5344  loss=nan  (0.2s)
Round   22/30  coverage=0.5913  prec@K=0.0159  accepted=27  auc=0.6340  uauc=0.5556  loss=nan  (0.1s)
Round   23/30  coverage=0.5960  prec@K=0.0281  accepted=49  auc=0.8008  uauc=0.6053  loss=nan  (0.1s)
Round   24/30  coverage=0.5976  prec@K=0.0123  accepted=21  auc=0.6494  uauc=0.5382  loss=nan  (0.1s)
Round   25/30  coverage=0.6003  prec@K=0.0154  accepted=27  auc=0.7343  uauc=0.5993  loss=nan  (0.1s)
Round   26/30  coverage=0.6016  prec@K=0.0146  accepted=25  auc=0.7245  uauc=0.4960  loss=nan  (0.1s)
Round   27/30  coverage=0.6041  prec@K=0.0176  accepted=30  auc=0.6846  uauc=0.5272  loss=nan  (0.1s)
Round   28/30  coverage=0.6065  prec@K=0.0205  accepted=35  auc=0.6620  uauc=0.5460  loss=nan  (0.1s)
Round   29/30  coverage=0.6076  prec@K=0.0122  accepted=21  auc=0.6329  uauc=0.5573  loss=nan  (0.1s)
Round   30/30  coverage=0.6090  prec@K=0.0128  accepted=22  auc=0.5615  uauc=0.5623  loss=nan  (0.1s)

结果已写入 results\orchestrator\runs\ir50_constlr5e5_ppos95_pneg01\dnc_email\cn_s3/rounds.csv
