=== dnc_email_aa_s42  started 2026-05-09T15:38:24 ===

C:\conda\envs\gnn\lib\site-packages\requests\__init__.py:86: RequestsDependencyWarning: Unable to find acceptable character detection dependency (chardet or charset_normalizer).
  warnings.warn(
C:\conda\envs\gnn\lib\site-packages\outdated\__init__.py:36: UserWarning: pkg_resources is deprecated as an API. See https://setuptools.pypa.io/en/latest/pkg_resources.html. The pkg_resources package is slated for removal as early as 2025-11-30. Refrain from using this package or pin to Setuptools<81.
  from pkg_resources import parse_version
Round    1/30  coverage=0.5050  prec@K=0.0254  accepted=45  auc=0.8524  uauc=0.5436  loss=nan  (0.1s)
Round    2/30  coverage=0.5097  prec@K=0.0258  accepted=47  auc=0.6917  uauc=0.5838  loss=nan  (0.1s)
Round    3/30  coverage=0.5144  prec@K=0.0257  accepted=46  auc=0.7732  uauc=0.5543  loss=nan  (0.1s)
Round    4/30  coverage=0.5202  prec@K=0.0291  accepted=52  auc=0.7271  uauc=0.6005  loss=nan  (0.1s)
Round    5/30  coverage=0.5237  prec@K=0.0204  accepted=37  auc=0.7404  uauc=0.6262  loss=nan  (0.1s)
Round    6/30  coverage=0.5291  prec@K=0.0254  accepted=46  auc=0.8003  uauc=0.6288  loss=nan  (0.1s)
Round    7/30  coverage=0.5343  prec@K=0.0265  accepted=48  auc=0.7296  uauc=0.5926  loss=nan  (0.1s)
Round    8/30  coverage=0.5411  prec@K=0.0319  accepted=57  auc=0.7763  uauc=0.6076  loss=nan  (0.1s)
Round    9/30  coverage=0.5470  prec@K=0.0323  accepted=57  auc=0.7897  uauc=0.5729  loss=nan  (0.1s)
Round   10/30  coverage=0.5505  prec@K=0.0234  accepted=42  auc=0.6955  uauc=0.5813  loss=nan  (0.1s)
Round   11/30  coverage=0.5556  prec@K=0.0230  accepted=40  auc=0.8529  uauc=0.5954  loss=nan  (0.2s)
Round   12/30  coverage=0.5592  prec@K=0.0260  accepted=46  auc=0.6735  uauc=0.5722  loss=nan  (0.1s)
Round   13/30  coverage=0.5635  prec@K=0.0258  accepted=46  auc=0.6912  uauc=0.5860  loss=nan  (0.1s)
Round   14/30  coverage=0.5668  prec@K=0.0196  accepted=34  auc=0.7223  uauc=0.6111  loss=nan  (0.1s)
Round   15/30  coverage=0.5711  prec@K=0.0216  accepted=38  auc=0.7136  uauc=0.5991  loss=nan  (0.1s)
Round   16/30  coverage=0.5742  prec@K=0.0204  accepted=36  auc=0.6144  uauc=0.5650  loss=nan  (0.1s)
Round   17/30  coverage=0.5775  prec@K=0.0199  accepted=34  auc=0.7478  uauc=0.5243  loss=nan  (0.1s)
Round   18/30  coverage=0.5817  prec@K=0.0274  accepted=48  auc=0.7195  uauc=0.5690  loss=nan  (0.2s)
Round   19/30  coverage=0.5837  prec@K=0.0143  accepted=25  auc=0.6559  uauc=0.5797  loss=nan  (0.2s)
Round   20/30  coverage=0.5862  prec@K=0.0181  accepted=32  auc=0.6965  uauc=0.5617  loss=nan  (0.2s)
Round   21/30  coverage=0.5896  prec@K=0.0209  accepted=36  auc=0.7196  uauc=0.6121  loss=nan  (0.2s)
Round   22/30  coverage=0.5940  prec@K=0.0245  accepted=42  auc=0.7191  uauc=0.6086  loss=nan  (0.1s)
Round   23/30  coverage=0.5962  prec@K=0.0139  accepted=24  auc=0.7917  uauc=0.5774  loss=nan  (0.1s)
Round   24/30  coverage=0.5985  prec@K=0.0172  accepted=30  auc=0.6573  uauc=0.5364  loss=nan  (0.2s)
Round   25/30  coverage=0.6012  prec@K=0.0187  accepted=32  auc=0.6970  uauc=0.5536  loss=nan  (0.1s)
Round   26/30  coverage=0.6036  prec@K=0.0176  accepted=31  auc=0.6785  uauc=0.5305  loss=nan  (0.2s)
Round   27/30  coverage=0.6054  prec@K=0.0157  accepted=27  auc=0.6316  uauc=0.5583  loss=nan  (0.1s)
Round   28/30  coverage=0.6076  prec@K=0.0185  accepted=32  auc=0.5825  uauc=0.6079  loss=nan  (0.1s)
Round   29/30  coverage=0.6103  prec@K=0.0194  accepted=33  auc=0.7150  uauc=0.5595  loss=nan  (0.1s)
Round   30/30  coverage=0.6121  prec@K=0.0187  accepted=32  auc=0.6520  uauc=0.5536  loss=nan  (0.2s)

结果已写入 results\orchestrator\runs\ir50_constlr5e5_ppos95_pneg01\dnc_email\aa_s42/rounds.csv
