=== dnc_email_seal_s1  started 2026-05-09T15:43:47 ===

C:\conda\envs\gnn\lib\site-packages\requests\__init__.py:86: RequestsDependencyWarning: Unable to find acceptable character detection dependency (chardet or charset_normalizer).
  warnings.warn(
C:\conda\envs\gnn\lib\site-packages\outdated\__init__.py:36: UserWarning: pkg_resources is deprecated as an API. See https://setuptools.pypa.io/en/latest/pkg_resources.html. The pkg_resources package is slated for removal as early as 2025-11-30. Refrain from using this package or pin to Setuptools<81.
  from pkg_resources import parse_version
Round    1/30  coverage=0.5008  prec@K=0.0129  accepted=23  auc=0.5730  uauc=0.5390  loss=0.7603  (2.1s)
Round    2/30  coverage=0.5035  prec@K=0.0166  accepted=30  auc=0.4401  uauc=0.5524  loss=0.7567  (1.5s)
Round    3/30  coverage=0.5043  prec@K=0.0149  accepted=27  auc=0.6339  uauc=0.5964  loss=0.7610  (1.3s)
Round    4/30  coverage=0.5050  prec@K=0.0108  accepted=19  auc=0.5037  uauc=0.5420  loss=0.7603  (1.1s)
Round    5/30  coverage=0.5061  prec@K=0.0130  accepted=23  auc=0.5861  uauc=0.5300  loss=0.7604  (1.4s)
Round    6/30  coverage=0.5070  prec@K=0.0146  accepted=26  auc=0.5381  uauc=0.4871  loss=0.7589  (1.3s)
Round    7/30  coverage=0.5082  prec@K=0.0129  accepted=23  auc=0.6188  uauc=0.5971  loss=0.7567  (1.4s)
Round    8/30  coverage=0.5095  prec@K=0.0138  accepted=24  auc=0.3848  uauc=0.5606  loss=0.7545  (1.3s)
Round    9/30  coverage=0.5097  prec@K=0.0068  accepted=12  auc=0.4616  uauc=0.4815  loss=0.7589  (1.3s)
Round   10/30  coverage=0.5106  prec@K=0.0078  accepted=14  auc=0.3718  uauc=0.3873  loss=0.7556  (1.6s)
Round   11/30  coverage=0.5111  prec@K=0.0121  accepted=21  auc=0.4433  uauc=0.4587  loss=0.7574  (1.6s)
Round   12/30  coverage=0.5119  prec@K=0.0121  accepted=21  auc=0.4659  uauc=0.4389  loss=0.7525  (1.5s)
Round   13/30  coverage=0.5128  prec@K=0.0125  accepted=22  auc=0.4213  uauc=0.5667  loss=0.7551  (1.4s)
Round   14/30  coverage=0.5140  prec@K=0.0152  accepted=26  auc=0.4619  uauc=0.5524  loss=0.7572  (1.6s)
Round   15/30  coverage=0.5144  prec@K=0.0125  accepted=22  auc=0.5563  uauc=0.4094  loss=0.7602  (1.3s)
Round   16/30  coverage=0.5157  prec@K=0.0144  accepted=25  auc=0.6238  uauc=0.5010  loss=0.7536  (1.5s)
Round   17/30  coverage=0.5162  prec@K=0.0123  accepted=22  auc=0.3772  uauc=0.4954  loss=0.7523  (1.6s)
Round   18/30  coverage=0.5166  prec@K=0.0107  accepted=19  auc=0.4671  uauc=0.4969  loss=0.7540  (1.5s)
Round   19/30  coverage=0.5175  prec@K=0.0148  accepted=26  auc=0.4385  uauc=0.5057  loss=0.7517  (1.6s)
Round   20/30  coverage=0.5177  prec@K=0.0137  accepted=24  auc=0.5220  uauc=0.5145  loss=0.7485  (1.6s)
Round   21/30  coverage=0.5179  prec@K=0.0107  accepted=19  auc=0.4657  uauc=0.4708  loss=0.7567  (1.4s)
Round   22/30  coverage=0.5184  prec@K=0.0101  accepted=18  auc=0.6017  uauc=0.6173  loss=0.7567  (1.5s)
Round   23/30  coverage=0.5197  prec@K=0.0133  accepted=23  auc=0.3993  uauc=0.5489  loss=0.7529  (1.5s)
Round   24/30  coverage=0.5204  prec@K=0.0140  accepted=24  auc=0.4678  uauc=0.4968  loss=0.7471  (1.5s)
Round   25/30  coverage=0.5208  prec@K=0.0109  accepted=19  auc=0.4995  uauc=0.5196  loss=0.7523  (1.5s)
Round   26/30  coverage=0.5211  prec@K=0.0105  accepted=18  auc=0.4893  uauc=0.5370  loss=0.7556  (1.4s)
Round   27/30  coverage=0.5213  prec@K=0.0088  accepted=15  auc=0.3822  uauc=0.5238  loss=0.7502  (1.5s)
Round   28/30  coverage=0.5224  prec@K=0.0175  accepted=30  auc=0.4440  uauc=0.5095  loss=0.7494  (1.4s)
Round   29/30  coverage=0.5231  prec@K=0.0170  accepted=29  auc=0.4860  uauc=0.5269  loss=0.7420  (1.6s)
Round   30/30  coverage=0.5233  prec@K=0.0076  accepted=13  auc=0.3851  uauc=0.4352  loss=0.7525  (1.4s)

结果已写入 results\orchestrator\runs\ir50_constlr5e5_ppos95_pneg01\dnc_email\seal_s1/rounds.csv
