=== dnc_email_gnn_sum_h8_s3  started 2026-05-09T15:42:21 ===

C:\conda\envs\gnn\lib\site-packages\requests\__init__.py:86: RequestsDependencyWarning: Unable to find acceptable character detection dependency (chardet or charset_normalizer).
  warnings.warn(
C:\conda\envs\gnn\lib\site-packages\outdated\__init__.py:36: UserWarning: pkg_resources is deprecated as an API. See https://setuptools.pypa.io/en/latest/pkg_resources.html. The pkg_resources package is slated for removal as early as 2025-11-30. Refrain from using this package or pin to Setuptools<81.
  from pkg_resources import parse_version
Round    1/30  coverage=0.5030  prec@K=0.0222  accepted=40  auc=0.5799  uauc=0.5738  loss=0.8437  (2.3s)
Round    2/30  coverage=0.5039  prec@K=0.0173  accepted=31  auc=0.5139  uauc=0.4999  loss=0.8459  (1.3s)
Round    3/30  coverage=0.5070  prec@K=0.0157  accepted=28  auc=0.6124  uauc=0.6820  loss=0.8459  (1.4s)
Round    4/30  coverage=0.5086  prec@K=0.0127  accepted=23  auc=0.5028  uauc=0.5799  loss=0.8467  (1.3s)
Round    5/30  coverage=0.5111  prec@K=0.0167  accepted=30  auc=0.4713  uauc=0.6257  loss=0.8448  (1.4s)
Round    6/30  coverage=0.5124  prec@K=0.0147  accepted=26  auc=0.6207  uauc=0.5961  loss=0.8458  (1.3s)
Round    7/30  coverage=0.5151  prec@K=0.0181  accepted=32  auc=0.5657  uauc=0.5836  loss=0.8441  (1.4s)
Round    8/30  coverage=0.5184  prec@K=0.0236  accepted=42  auc=0.5049  uauc=0.5910  loss=0.8421  (1.6s)
Round    9/30  coverage=0.5189  prec@K=0.0134  accepted=24  auc=0.5704  uauc=0.5486  loss=0.8448  (1.4s)
Round   10/30  coverage=0.5213  prec@K=0.0192  accepted=34  auc=0.5825  uauc=0.5433  loss=0.8421  (1.4s)
Round   11/30  coverage=0.5231  prec@K=0.0162  accepted=28  auc=0.4679  uauc=0.6196  loss=0.8447  (1.4s)
Round   12/30  coverage=0.5244  prec@K=0.0154  accepted=27  auc=0.5110  uauc=0.5667  loss=0.8446  (1.6s)
Round   13/30  coverage=0.5276  prec@K=0.0189  accepted=33  auc=0.5797  uauc=0.6007  loss=0.8435  (1.6s)
Round   14/30  coverage=0.5293  prec@K=0.0151  accepted=27  auc=0.4878  uauc=0.5257  loss=0.8429  (1.6s)
Round   15/30  coverage=0.5314  prec@K=0.0179  accepted=31  auc=0.6409  uauc=0.6204  loss=0.8425  (1.4s)
Round   16/30  coverage=0.5331  prec@K=0.0166  accepted=30  auc=0.5325  uauc=0.5908  loss=0.8432  (1.6s)
Round   17/30  coverage=0.5351  prec@K=0.0141  accepted=25  auc=0.5572  uauc=0.6294  loss=0.8435  (1.7s)
Round   18/30  coverage=0.5383  prec@K=0.0179  accepted=31  auc=0.5988  uauc=0.6005  loss=0.8422  (1.6s)
Round   19/30  coverage=0.5394  prec@K=0.0184  accepted=33  auc=0.4958  uauc=0.5231  loss=0.8407  (1.5s)
Round   20/30  coverage=0.5432  prec@K=0.0201  accepted=35  auc=0.5224  uauc=0.6025  loss=0.8401  (1.7s)
Round   21/30  coverage=0.5434  prec@K=0.0162  accepted=28  auc=0.5297  uauc=0.5387  loss=0.8417  (1.5s)
Round   22/30  coverage=0.5449  prec@K=0.0158  accepted=27  auc=0.5909  uauc=0.5704  loss=0.8414  (1.5s)
Round   23/30  coverage=0.5456  prec@K=0.0152  accepted=27  auc=0.4112  uauc=0.5176  loss=0.8413  (1.7s)
Round   24/30  coverage=0.5472  prec@K=0.0126  accepted=21  auc=0.4780  uauc=0.5790  loss=0.8424  (1.5s)
Round   25/30  coverage=0.5487  prec@K=0.0112  accepted=19  auc=0.6277  uauc=0.5759  loss=0.8428  (1.5s)
Round   26/30  coverage=0.5488  prec@K=0.0104  accepted=18  auc=0.4920  uauc=0.5172  loss=0.8425  (1.7s)
Round   27/30  coverage=0.5498  prec@K=0.0135  accepted=23  auc=0.5174  uauc=0.6135  loss=0.8412  (1.4s)
Round   28/30  coverage=0.5505  prec@K=0.0138  accepted=24  auc=0.5203  uauc=0.5242  loss=0.8409  (1.6s)
Round   29/30  coverage=0.5512  prec@K=0.0122  accepted=21  auc=0.4588  uauc=0.5227  loss=0.8416  (1.5s)
Round   30/30  coverage=0.5532  prec@K=0.0138  accepted=23  auc=0.4951  uauc=0.6117  loss=0.8409  (1.5s)

结果已写入 results\orchestrator\runs\ir50_constlr5e5_ppos95_pneg01\dnc_email\gnn_sum_h8_s3/rounds.csv
