=== dnc_email_pa_s2  started 2026-05-09T15:43:27 ===

C:\conda\envs\gnn\lib\site-packages\requests\__init__.py:86: RequestsDependencyWarning: Unable to find acceptable character detection dependency (chardet or charset_normalizer).
  warnings.warn(
C:\conda\envs\gnn\lib\site-packages\outdated\__init__.py:36: UserWarning: pkg_resources is deprecated as an API. See https://setuptools.pypa.io/en/latest/pkg_resources.html. The pkg_resources package is slated for removal as early as 2025-11-30. Refrain from using this package or pin to Setuptools<81.
  from pkg_resources import parse_version
Round    1/30  coverage=0.5028  prec@K=0.0211  accepted=38  auc=0.6519  uauc=0.5679  loss=nan  (0.1s)
Round    2/30  coverage=0.5088  prec@K=0.0298  accepted=54  auc=0.7328  uauc=0.5505  loss=nan  (0.1s)
Round    3/30  coverage=0.5122  prec@K=0.0188  accepted=34  auc=0.6879  uauc=0.4338  loss=nan  (0.1s)
Round    4/30  coverage=0.5164  prec@K=0.0268  accepted=48  auc=0.6959  uauc=0.5515  loss=nan  (0.1s)
Round    5/30  coverage=0.5198  prec@K=0.0210  accepted=37  auc=0.7686  uauc=0.5473  loss=nan  (0.1s)
Round    6/30  coverage=0.5231  prec@K=0.0174  accepted=31  auc=0.7386  uauc=0.5594  loss=nan  (0.1s)
Round    7/30  coverage=0.5256  prec@K=0.0146  accepted=26  auc=0.7328  uauc=0.6162  loss=nan  (0.1s)
Round    8/30  coverage=0.5314  prec@K=0.0290  accepted=52  auc=0.7674  uauc=0.5313  loss=nan  (0.1s)
Round    9/30  coverage=0.5362  prec@K=0.0216  accepted=39  auc=0.8125  uauc=0.5473  loss=nan  (0.1s)
Round   10/30  coverage=0.5391  prec@K=0.0217  accepted=39  auc=0.6900  uauc=0.5846  loss=nan  (0.1s)
Round   11/30  coverage=0.5416  prec@K=0.0163  accepted=29  auc=0.6436  uauc=0.5465  loss=nan  (0.1s)
Round   12/30  coverage=0.5438  prec@K=0.0172  accepted=31  auc=0.5862  uauc=0.5119  loss=nan  (0.1s)
Round   13/30  coverage=0.5476  prec@K=0.0195  accepted=34  auc=0.7891  uauc=0.6337  loss=nan  (0.1s)
Round   14/30  coverage=0.5510  prec@K=0.0205  accepted=36  auc=0.7449  uauc=0.6450  loss=nan  (0.1s)
Round   15/30  coverage=0.5541  prec@K=0.0239  accepted=42  auc=0.7267  uauc=0.6013  loss=nan  (0.1s)
Round   16/30  coverage=0.5577  prec@K=0.0204  accepted=36  auc=0.7617  uauc=0.6016  loss=nan  (0.1s)
Round   17/30  coverage=0.5603  prec@K=0.0191  accepted=33  auc=0.6069  uauc=0.5294  loss=nan  (0.1s)
Round   18/30  coverage=0.5621  prec@K=0.0145  accepted=25  auc=0.5773  uauc=0.6511  loss=nan  (0.1s)
Round   19/30  coverage=0.5637  prec@K=0.0130  accepted=23  auc=0.6951  uauc=0.4897  loss=nan  (0.1s)
Round   20/30  coverage=0.5664  prec@K=0.0160  accepted=28  auc=0.7503  uauc=0.6035  loss=nan  (0.1s)
Round   21/30  coverage=0.5686  prec@K=0.0166  accepted=29  auc=0.7518  uauc=0.5060  loss=nan  (0.2s)
Round   22/30  coverage=0.5726  prec@K=0.0239  accepted=42  auc=0.7841  uauc=0.5992  loss=nan  (0.1s)
Round   23/30  coverage=0.5748  prec@K=0.0198  accepted=34  auc=0.6307  uauc=0.5935  loss=nan  (0.1s)
Round   24/30  coverage=0.5760  prec@K=0.0141  accepted=24  auc=0.6819  uauc=0.5098  loss=nan  (0.1s)
Round   25/30  coverage=0.5795  prec@K=0.0260  accepted=45  auc=0.6706  uauc=0.4838  loss=nan  (0.1s)
Round   26/30  coverage=0.5809  prec@K=0.0136  accepted=23  auc=0.5048  uauc=0.4563  loss=nan  (0.1s)
Round   27/30  coverage=0.5827  prec@K=0.0108  accepted=19  auc=0.7083  uauc=0.5207  loss=nan  (0.1s)
Round   28/30  coverage=0.5842  prec@K=0.0145  accepted=25  auc=0.7109  uauc=0.4520  loss=nan  (0.1s)
Round   29/30  coverage=0.5855  prec@K=0.0167  accepted=29  auc=0.5805  uauc=0.3180  loss=nan  (0.1s)
Round   30/30  coverage=0.5862  prec@K=0.0136  accepted=23  auc=0.5813  uauc=0.5556  loss=nan  (0.1s)

结果已写入 results\orchestrator\runs\ir50_constlr5e5_ppos95_pneg01\dnc_email\pa_s2/rounds.csv
