=== email_eu_jaccard_s42  started 2026-05-09T15:38:00 ===

C:\conda\envs\gnn\lib\site-packages\requests\__init__.py:86: RequestsDependencyWarning: Unable to find acceptable character detection dependency (chardet or charset_normalizer).
  warnings.warn(
C:\conda\envs\gnn\lib\site-packages\outdated\__init__.py:36: UserWarning: pkg_resources is deprecated as an API. See https://setuptools.pypa.io/en/latest/pkg_resources.html. The pkg_resources package is slated for removal as early as 2025-11-30. Refrain from using this package or pin to Setuptools<81.
  from pkg_resources import parse_version
Round    1/30  coverage=0.5047  prec@K=0.1296  accepted=126  auc=0.6554  uauc=0.6680  loss=nan  (0.3s)
Round    2/30  coverage=0.5110  prec@K=0.1663  accepted=162  auc=0.6347  uauc=0.6430  loss=nan  (0.1s)
Round    3/30  coverage=0.5165  prec@K=0.1532  accepted=150  auc=0.7015  uauc=0.7045  loss=nan  (0.1s)
Round    4/30  coverage=0.5211  prec@K=0.1265  accepted=124  auc=0.7424  uauc=0.6877  loss=nan  (0.1s)
Round    5/30  coverage=0.5251  prec@K=0.1112  accepted=109  auc=0.7066  uauc=0.6676  loss=nan  (0.1s)
Round    6/30  coverage=0.5292  prec@K=0.1132  accepted=110  auc=0.7042  uauc=0.6702  loss=nan  (0.1s)
Round    7/30  coverage=0.5348  prec@K=0.1547  accepted=149  auc=0.7448  uauc=0.7068  loss=nan  (0.1s)
Round    8/30  coverage=0.5387  prec@K=0.1082  accepted=106  auc=0.6537  uauc=0.5629  loss=nan  (0.1s)
Round    9/30  coverage=0.5435  prec@K=0.1306  accepted=128  auc=0.7571  uauc=0.6541  loss=nan  (0.1s)
Round   10/30  coverage=0.5479  prec@K=0.1230  accepted=120  auc=0.7219  uauc=0.6647  loss=nan  (0.1s)
Round   11/30  coverage=0.5515  prec@K=0.1020  accepted=99  auc=0.7132  uauc=0.6746  loss=nan  (0.3s)
Round   12/30  coverage=0.5562  prec@K=0.1291  accepted=126  auc=0.6798  uauc=0.6380  loss=nan  (0.1s)
Round   13/30  coverage=0.5606  prec@K=0.1232  accepted=120  auc=0.7338  uauc=0.6969  loss=nan  (0.1s)
Round   14/30  coverage=0.5658  prec@K=0.1483  accepted=143  auc=0.6825  uauc=0.6327  loss=nan  (0.1s)
Round   15/30  coverage=0.5700  prec@K=0.1162  accepted=112  auc=0.7318  uauc=0.5861  loss=nan  (0.1s)
Round   16/30  coverage=0.5744  prec@K=0.1184  accepted=116  auc=0.7015  uauc=0.6805  loss=nan  (0.1s)
Round   17/30  coverage=0.5788  prec@K=0.1254  accepted=122  auc=0.7460  uauc=0.6574  loss=nan  (0.1s)
Round   18/30  coverage=0.5830  prec@K=0.1223  accepted=119  auc=0.7222  uauc=0.7367  loss=nan  (0.1s)
Round   19/30  coverage=0.5870  prec@K=0.1112  accepted=109  auc=0.7184  uauc=0.6383  loss=nan  (0.1s)
Round   20/30  coverage=0.5909  prec@K=0.1138  accepted=110  auc=0.7385  uauc=0.6841  loss=nan  (0.1s)
Round   21/30  coverage=0.5943  prec@K=0.0983  accepted=95  auc=0.7311  uauc=0.6509  loss=nan  (0.4s)
Round   22/30  coverage=0.5983  prec@K=0.1124  accepted=107  auc=0.7085  uauc=0.6941  loss=nan  (0.1s)
Round   23/30  coverage=0.6014  prec@K=0.0846  accepted=81  auc=0.7311  uauc=0.6856  loss=nan  (0.1s)
Round   24/30  coverage=0.6051  prec@K=0.1042  accepted=101  auc=0.6874  uauc=0.5951  loss=nan  (0.1s)
Round   25/30  coverage=0.6085  prec@K=0.0996  accepted=97  auc=0.6363  uauc=0.5847  loss=nan  (0.1s)
Round   26/30  coverage=0.6122  prec@K=0.1016  accepted=98  auc=0.6567  uauc=0.5977  loss=nan  (0.1s)
Round   27/30  coverage=0.6157  prec@K=0.1015  accepted=99  auc=0.7398  uauc=0.6760  loss=nan  (0.1s)
Round   28/30  coverage=0.6186  prec@K=0.0859  accepted=83  auc=0.6231  uauc=0.5774  loss=nan  (0.1s)
Round   29/30  coverage=0.6221  prec@K=0.1032  accepted=99  auc=0.6904  uauc=0.5771  loss=nan  (0.1s)
Round   30/30  coverage=0.6255  prec@K=0.0970  accepted=92  auc=0.7457  uauc=0.6806  loss=nan  (0.1s)

结果已写入 results\orchestrator\runs\ir50_constlr5e5_ppos95_pneg01\email_eu\jaccard_s42/rounds.csv
