=== email_eu_cn_s3  started 2026-05-09T15:30:37 ===

C:\conda\envs\gnn\lib\site-packages\requests\__init__.py:86: RequestsDependencyWarning: Unable to find acceptable character detection dependency (chardet or charset_normalizer).
  warnings.warn(
C:\conda\envs\gnn\lib\site-packages\outdated\__init__.py:36: UserWarning: pkg_resources is deprecated as an API. See https://setuptools.pypa.io/en/latest/pkg_resources.html. The pkg_resources package is slated for removal as early as 2025-11-30. Refrain from using this package or pin to Setuptools<81.
  from pkg_resources import parse_version
Round    1/30  coverage=0.5056  prec@K=0.1467  accepted=143  auc=0.8122  uauc=0.6709  loss=nan  (0.3s)
Round    2/30  coverage=0.5110  prec@K=0.1439  accepted=140  auc=0.7801  uauc=0.6534  loss=nan  (0.1s)
Round    3/30  coverage=0.5167  prec@K=0.1533  accepted=149  auc=0.7743  uauc=0.6394  loss=nan  (0.1s)
Round    4/30  coverage=0.5218  prec@K=0.1361  accepted=132  auc=0.8037  uauc=0.7027  loss=nan  (0.1s)
Round    5/30  coverage=0.5260  prec@K=0.1146  accepted=112  auc=0.7991  uauc=0.6903  loss=nan  (0.1s)
Round    6/30  coverage=0.5314  prec@K=0.1521  accepted=148  auc=0.7773  uauc=0.5868  loss=nan  (0.1s)
Round    7/30  coverage=0.5357  prec@K=0.1184  accepted=116  auc=0.8041  uauc=0.6018  loss=nan  (0.1s)
Round    8/30  coverage=0.5410  prec@K=0.1402  accepted=137  auc=0.8317  uauc=0.6794  loss=nan  (0.1s)
Round    9/30  coverage=0.5460  prec@K=0.1367  accepted=134  auc=0.7827  uauc=0.6977  loss=nan  (0.1s)
Round   10/30  coverage=0.5494  prec@K=0.0974  accepted=95  auc=0.7806  uauc=0.6711  loss=nan  (0.1s)
Round   11/30  coverage=0.5543  prec@K=0.1388  accepted=136  auc=0.7916  uauc=0.6640  loss=nan  (0.3s)
Round   12/30  coverage=0.5597  prec@K=0.1533  accepted=149  auc=0.7778  uauc=0.6542  loss=nan  (0.1s)
Round   13/30  coverage=0.5637  prec@K=0.1105  accepted=108  auc=0.8042  uauc=0.6788  loss=nan  (0.1s)
Round   14/30  coverage=0.5692  prec@K=0.1492  accepted=145  auc=0.8000  uauc=0.6621  loss=nan  (0.1s)
Round   15/30  coverage=0.5735  prec@K=0.1219  accepted=119  auc=0.7999  uauc=0.6439  loss=nan  (0.1s)
Round   16/30  coverage=0.5776  prec@K=0.1117  accepted=109  auc=0.8402  uauc=0.6687  loss=nan  (0.1s)
Round   17/30  coverage=0.5818  prec@K=0.1173  accepted=114  auc=0.7781  uauc=0.6677  loss=nan  (0.1s)
Round   18/30  coverage=0.5861  prec@K=0.1204  accepted=117  auc=0.7844  uauc=0.6381  loss=nan  (0.1s)
Round   19/30  coverage=0.5899  prec@K=0.1034  accepted=101  auc=0.8134  uauc=0.6895  loss=nan  (0.1s)
Round   20/30  coverage=0.5946  prec@K=0.1296  accepted=127  auc=0.8328  uauc=0.6682  loss=nan  (0.1s)
Round   21/30  coverage=0.5981  prec@K=0.0973  accepted=95  auc=0.8254  uauc=0.7097  loss=nan  (0.5s)
Round   22/30  coverage=0.6033  prec@K=0.1414  accepted=138  auc=0.7945  uauc=0.6799  loss=nan  (0.2s)
Round   23/30  coverage=0.6061  prec@K=0.0847  accepted=83  auc=0.8033  uauc=0.7166  loss=nan  (0.1s)
Round   24/30  coverage=0.6105  prec@K=0.1214  accepted=118  auc=0.7476  uauc=0.6087  loss=nan  (0.2s)
Round   25/30  coverage=0.6137  prec@K=0.0926  accepted=90  auc=0.7942  uauc=0.5809  loss=nan  (0.1s)
Round   26/30  coverage=0.6173  prec@K=0.0999  accepted=97  auc=0.7618  uauc=0.6760  loss=nan  (0.1s)
Round   27/30  coverage=0.6212  prec@K=0.1092  accepted=107  auc=0.8184  uauc=0.7098  loss=nan  (0.1s)
Round   28/30  coverage=0.6239  prec@K=0.0799  accepted=78  auc=0.7707  uauc=0.6817  loss=nan  (0.1s)
Round   29/30  coverage=0.6269  prec@K=0.0809  accepted=79  auc=0.8337  uauc=0.6571  loss=nan  (0.1s)
Round   30/30  coverage=0.6291  prec@K=0.0747  accepted=72  auc=0.7836  uauc=0.5478  loss=nan  (0.1s)

结果已写入 results\orchestrator\runs\ir50_constlr5e5_ppos95_pneg01\email_eu\cn_s3/rounds.csv
