=== email_eu_random_s2  started 2026-05-09T15:38:09 ===

C:\conda\envs\gnn\lib\site-packages\requests\__init__.py:86: RequestsDependencyWarning: Unable to find acceptable character detection dependency (chardet or charset_normalizer).
  warnings.warn(
C:\conda\envs\gnn\lib\site-packages\outdated\__init__.py:36: UserWarning: pkg_resources is deprecated as an API. See https://setuptools.pypa.io/en/latest/pkg_resources.html. The pkg_resources package is slated for removal as early as 2025-11-30. Refrain from using this package or pin to Setuptools<81.
  from pkg_resources import parse_version
Round    1/30  coverage=0.5009  prec@K=0.0277  accepted=27  loss=nan  (0.2s)
Round    2/30  coverage=0.5019  prec@K=0.0349  accepted=34  loss=nan  (0.0s)
Round    3/30  coverage=0.5037  prec@K=0.0625  accepted=61  loss=nan  (0.0s)
Round    4/30  coverage=0.5053  prec@K=0.0511  accepted=50  loss=nan  (0.0s)
Round    5/30  coverage=0.5064  prec@K=0.0432  accepted=42  loss=nan  (0.0s)
Round    6/30  coverage=0.5078  prec@K=0.0441  accepted=43  loss=nan  (0.0s)
Round    7/30  coverage=0.5091  prec@K=0.0367  accepted=36  loss=nan  (0.0s)
Round    8/30  coverage=0.5102  prec@K=0.0379  accepted=37  loss=nan  (0.0s)
Round    9/30  coverage=0.5106  prec@K=0.0154  accepted=15  loss=nan  (0.0s)
Round   10/30  coverage=0.5115  prec@K=0.0337  accepted=33  loss=nan  (0.0s)
Round   11/30  coverage=0.5124  prec@K=0.0329  accepted=32  loss=nan  (0.2s)
Round   12/30  coverage=0.5132  prec@K=0.0330  accepted=32  loss=nan  (0.0s)
Round   13/30  coverage=0.5140  prec@K=0.0255  accepted=25  loss=nan  (0.0s)
Round   14/30  coverage=0.5150  prec@K=0.0398  accepted=39  loss=nan  (0.0s)
Round   15/30  coverage=0.5159  prec@K=0.0327  accepted=32  loss=nan  (0.0s)
Round   16/30  coverage=0.5168  prec@K=0.0349  accepted=34  loss=nan  (0.0s)
Round   17/30  coverage=0.5178  prec@K=0.0276  accepted=27  loss=nan  (0.0s)
Round   18/30  coverage=0.5188  prec@K=0.0381  accepted=37  loss=nan  (0.0s)
Round   19/30  coverage=0.5196  prec@K=0.0308  accepted=30  loss=nan  (0.0s)
Round   20/30  coverage=0.5206  prec@K=0.0306  accepted=30  loss=nan  (0.0s)
Round   21/30  coverage=0.5216  prec@K=0.0347  accepted=34  loss=nan  (0.2s)
Round   22/30  coverage=0.5221  prec@K=0.0225  accepted=22  loss=nan  (0.0s)
Round   23/30  coverage=0.5229  prec@K=0.0306  accepted=30  loss=nan  (0.0s)
Round   24/30  coverage=0.5239  prec@K=0.0408  accepted=40  loss=nan  (0.0s)
Round   25/30  coverage=0.5249  prec@K=0.0327  accepted=32  loss=nan  (0.0s)
Round   26/30  coverage=0.5263  prec@K=0.0482  accepted=47  loss=nan  (0.0s)
Round   27/30  coverage=0.5273  prec@K=0.0342  accepted=33  loss=nan  (0.0s)
Round   28/30  coverage=0.5287  prec@K=0.0493  accepted=48  loss=nan  (0.0s)
Round   29/30  coverage=0.5297  prec@K=0.0288  accepted=28  loss=nan  (0.0s)
Round   30/30  coverage=0.5305  prec@K=0.0309  accepted=30  loss=nan  (0.0s)

结果已写入 results\orchestrator\runs\ir50_constlr5e5_ppos95_pneg01\email_eu\random_s2/rounds.csv
