=== email_eu_graphsage_emb_s42  started 2026-05-09T15:36:35 ===

C:\conda\envs\gnn\lib\site-packages\requests\__init__.py:86: RequestsDependencyWarning: Unable to find acceptable character detection dependency (chardet or charset_normalizer).
  warnings.warn(
C:\conda\envs\gnn\lib\site-packages\outdated\__init__.py:36: UserWarning: pkg_resources is deprecated as an API. See https://setuptools.pypa.io/en/latest/pkg_resources.html. The pkg_resources package is slated for removal as early as 2025-11-30. Refrain from using this package or pin to Setuptools<81.
  from pkg_resources import parse_version
Round    1/30  coverage=0.5012  prec@K=0.0432  accepted=42  auc=0.4601  uauc=0.5433  loss=0.6639  (3.4s)
Round    2/30  coverage=0.5028  prec@K=0.0513  accepted=50  auc=0.4931  uauc=0.5060  loss=0.6645  (2.6s)
Round    3/30  coverage=0.5039  prec@K=0.0378  accepted=37  auc=0.4995  uauc=0.4605  loss=0.6636  (2.4s)
Round    4/30  coverage=0.5046  prec@K=0.0276  accepted=27  auc=0.5028  uauc=0.5535  loss=0.6626  (2.6s)
Round    5/30  coverage=0.5054  prec@K=0.0327  accepted=32  auc=0.4325  uauc=0.5325  loss=0.6621  (2.8s)
Round    6/30  coverage=0.5064  prec@K=0.0348  accepted=34  auc=0.4837  uauc=0.5499  loss=0.6618  (2.6s)
Round    7/30  coverage=0.5079  prec@K=0.0464  accepted=45  auc=0.5057  uauc=0.6137  loss=0.6624  (2.7s)
Round    8/30  coverage=0.5090  prec@K=0.0388  accepted=38  auc=0.4577  uauc=0.5335  loss=0.6618  (2.6s)
Round    9/30  coverage=0.5098  prec@K=0.0296  accepted=29  auc=0.4837  uauc=0.4641  loss=0.6605  (2.5s)
Round   10/30  coverage=0.5106  prec@K=0.0348  accepted=34  auc=0.5153  uauc=0.5263  loss=0.6605  (2.6s)
Round   11/30  coverage=0.5113  prec@K=0.0270  accepted=26  auc=0.5836  uauc=0.4634  loss=0.6589  (2.7s)
Round   12/30  coverage=0.5122  prec@K=0.0381  accepted=37  auc=0.5024  uauc=0.5811  loss=0.6603  (2.8s)
Round   13/30  coverage=0.5129  prec@K=0.0311  accepted=30  auc=0.4367  uauc=0.4694  loss=0.6593  (2.4s)
Round   14/30  coverage=0.5144  prec@K=0.0504  accepted=49  auc=0.5072  uauc=0.4696  loss=0.6602  (2.8s)
Round   15/30  coverage=0.5152  prec@K=0.0290  accepted=28  auc=0.4307  uauc=0.4817  loss=0.6586  (2.4s)
Round   16/30  coverage=0.5171  prec@K=0.0541  accepted=53  auc=0.4095  uauc=0.4906  loss=0.6606  (2.8s)
Round   17/30  coverage=0.5180  prec@K=0.0367  accepted=36  auc=0.5609  uauc=0.4363  loss=0.6582  (2.6s)
Round   18/30  coverage=0.5191  prec@K=0.0389  accepted=38  auc=0.5311  uauc=0.6260  loss=0.6582  (2.7s)
Round   19/30  coverage=0.5199  prec@K=0.0316  accepted=31  auc=0.4313  uauc=0.4225  loss=0.6579  (2.6s)
Round   20/30  coverage=0.5207  prec@K=0.0357  accepted=35  auc=0.3839  uauc=0.5364  loss=0.6567  (2.6s)
Round   21/30  coverage=0.5212  prec@K=0.0248  accepted=24  auc=0.3428  uauc=0.4719  loss=0.6565  (2.9s)
Round   22/30  coverage=0.5220  prec@K=0.0273  accepted=26  auc=0.3883  uauc=0.5498  loss=0.6562  (2.8s)
Round   23/30  coverage=0.5232  prec@K=0.0365  accepted=35  auc=0.4094  uauc=0.4985  loss=0.6571  (2.7s)
Round   24/30  coverage=0.5240  prec@K=0.0310  accepted=30  auc=0.3928  uauc=0.5090  loss=0.6554  (2.7s)
Round   25/30  coverage=0.5251  prec@K=0.0411  accepted=40  auc=0.4732  uauc=0.5607  loss=0.6563  (2.7s)
Round   26/30  coverage=0.5265  prec@K=0.0412  accepted=40  auc=0.4350  uauc=0.6000  loss=0.6556  (2.8s)
Round   27/30  coverage=0.5278  prec@K=0.0474  accepted=46  auc=0.4702  uauc=0.6722  loss=0.6559  (2.9s)
Round   28/30  coverage=0.5285  prec@K=0.0290  accepted=28  auc=0.4237  uauc=0.4753  loss=0.6544  (2.8s)
Round   29/30  coverage=0.5291  prec@K=0.0283  accepted=27  auc=0.5018  uauc=0.5592  loss=0.6533  (2.8s)
Round   30/30  coverage=0.5295  prec@K=0.0207  accepted=20  auc=0.4249  uauc=0.5193  loss=0.6522  (2.5s)

结果已写入 results\orchestrator\runs\ir50_constlr5e5_ppos95_pneg01\email_eu\graphsage_emb_s42/rounds.csv
