=== email_eu_seal_s2  started 2026-05-09T15:38:14 ===

C:\conda\envs\gnn\lib\site-packages\requests\__init__.py:86: RequestsDependencyWarning: Unable to find acceptable character detection dependency (chardet or charset_normalizer).
  warnings.warn(
C:\conda\envs\gnn\lib\site-packages\outdated\__init__.py:36: UserWarning: pkg_resources is deprecated as an API. See https://setuptools.pypa.io/en/latest/pkg_resources.html. The pkg_resources package is slated for removal as early as 2025-11-30. Refrain from using this package or pin to Setuptools<81.
  from pkg_resources import parse_version
Round    1/30  coverage=0.5012  prec@K=0.0369  accepted=36  auc=0.7285  uauc=0.6515  loss=0.7134  (3.3s)
Round    2/30  coverage=0.5025  prec@K=0.0421  accepted=41  auc=0.6825  uauc=0.6320  loss=0.7171  (2.4s)
Round    3/30  coverage=0.5052  prec@K=0.0830  accepted=81  auc=0.6795  uauc=0.5826  loss=0.7172  (2.7s)
Round    4/30  coverage=0.5068  prec@K=0.0502  accepted=49  auc=0.6531  uauc=0.5686  loss=0.7191  (2.5s)
Round    5/30  coverage=0.5089  prec@K=0.0680  accepted=66  auc=0.6439  uauc=0.6149  loss=0.7121  (2.7s)
Round    6/30  coverage=0.5113  prec@K=0.0667  accepted=65  auc=0.6326  uauc=0.5611  loss=0.7133  (2.5s)
Round    7/30  coverage=0.5140  prec@K=0.0755  accepted=74  auc=0.6405  uauc=0.6440  loss=0.7110  (2.7s)
Round    8/30  coverage=0.5162  prec@K=0.0651  accepted=63  auc=0.6373  uauc=0.6482  loss=0.7138  (2.6s)
Round    9/30  coverage=0.5179  prec@K=0.0482  accepted=47  auc=0.6754  uauc=0.6314  loss=0.7114  (2.3s)
Round   10/30  coverage=0.5204  prec@K=0.0755  accepted=74  auc=0.7517  uauc=0.7463  loss=0.7041  (2.6s)
Round   11/30  coverage=0.5225  prec@K=0.0618  accepted=60  auc=0.6824  uauc=0.5510  loss=0.7062  (2.8s)
Round   12/30  coverage=0.5248  prec@K=0.0700  accepted=68  auc=0.6732  uauc=0.6549  loss=0.7000  (2.5s)
Round   13/30  coverage=0.5275  prec@K=0.0747  accepted=73  auc=0.7134  uauc=0.7758  loss=0.7085  (2.6s)
Round   14/30  coverage=0.5301  prec@K=0.0832  accepted=81  auc=0.6461  uauc=0.6064  loss=0.7089  (2.7s)
Round   15/30  coverage=0.5320  prec@K=0.0561  accepted=55  auc=0.6849  uauc=0.5920  loss=0.7034  (2.6s)
Round   16/30  coverage=0.5340  prec@K=0.0637  accepted=62  auc=0.7406  uauc=0.6628  loss=0.6968  (2.5s)
Round   17/30  coverage=0.5358  prec@K=0.0524  accepted=51  auc=0.7816  uauc=0.6944  loss=0.7008  (2.7s)
Round   18/30  coverage=0.5379  prec@K=0.0648  accepted=63  auc=0.6753  uauc=0.6164  loss=0.6976  (2.6s)
Round   19/30  coverage=0.5399  prec@K=0.0602  accepted=59  auc=0.6816  uauc=0.6119  loss=0.6980  (2.6s)
Round   20/30  coverage=0.5425  prec@K=0.0714  accepted=70  auc=0.7496  uauc=0.5752  loss=0.6981  (2.8s)
Round   21/30  coverage=0.5440  prec@K=0.0480  accepted=47  auc=0.7318  uauc=0.6154  loss=0.6929  (2.7s)
Round   22/30  coverage=0.5458  prec@K=0.0534  accepted=52  auc=0.7277  uauc=0.6477  loss=0.6929  (2.6s)
Round   23/30  coverage=0.5478  prec@K=0.0612  accepted=60  auc=0.7261  uauc=0.5796  loss=0.6910  (2.6s)
Round   24/30  coverage=0.5498  prec@K=0.0676  accepted=66  auc=0.7032  uauc=0.5103  loss=0.6904  (2.6s)
Round   25/30  coverage=0.5526  prec@K=0.0796  accepted=78  auc=0.6736  uauc=0.5849  loss=0.6985  (3.1s)
Round   26/30  coverage=0.5553  prec@K=0.0791  accepted=77  auc=0.7196  uauc=0.6528  loss=0.6912  (2.8s)
Round   27/30  coverage=0.5579  prec@K=0.0734  accepted=71  auc=0.8084  uauc=0.6851  loss=0.6884  (2.5s)
Round   28/30  coverage=0.5608  prec@K=0.0886  accepted=86  auc=0.7158  uauc=0.5960  loss=0.6864  (2.8s)
Round   29/30  coverage=0.5637  prec@K=0.0798  accepted=78  auc=0.7551  uauc=0.6478  loss=0.6870  (2.6s)
Round   30/30  coverage=0.5663  prec@K=0.0758  accepted=74  auc=0.7194  uauc=0.6120  loss=0.6855  (2.5s)

结果已写入 results\orchestrator\runs\ir50_constlr5e5_ppos95_pneg01\email_eu\seal_s2/rounds.csv
