=== email_eu_pa_s3  started 2026-05-09T15:38:03 ===

C:\conda\envs\gnn\lib\site-packages\requests\__init__.py:86: RequestsDependencyWarning: Unable to find acceptable character detection dependency (chardet or charset_normalizer).
  warnings.warn(
C:\conda\envs\gnn\lib\site-packages\outdated\__init__.py:36: UserWarning: pkg_resources is deprecated as an API. See https://setuptools.pypa.io/en/latest/pkg_resources.html. The pkg_resources package is slated for removal as early as 2025-11-30. Refrain from using this package or pin to Setuptools<81.
  from pkg_resources import parse_version
Round    1/30  coverage=0.5025  prec@K=0.0708  accepted=69  auc=0.8520  uauc=0.6125  loss=nan  (0.3s)
Round    2/30  coverage=0.5048  prec@K=0.0637  accepted=62  auc=0.7943  uauc=0.5825  loss=nan  (0.1s)
Round    3/30  coverage=0.5070  prec@K=0.0648  accepted=63  auc=0.7871  uauc=0.5515  loss=nan  (0.1s)
Round    4/30  coverage=0.5088  prec@K=0.0526  accepted=51  auc=0.7915  uauc=0.6084  loss=nan  (0.1s)
Round    5/30  coverage=0.5102  prec@K=0.0430  accepted=42  auc=0.7850  uauc=0.5559  loss=nan  (0.1s)
Round    6/30  coverage=0.5122  prec@K=0.0648  accepted=63  auc=0.7152  uauc=0.5275  loss=nan  (0.1s)
Round    7/30  coverage=0.5141  prec@K=0.0592  accepted=58  auc=0.7653  uauc=0.6030  loss=nan  (0.1s)
Round    8/30  coverage=0.5160  prec@K=0.0532  accepted=52  auc=0.8242  uauc=0.5756  loss=nan  (0.1s)
Round    9/30  coverage=0.5182  prec@K=0.0684  accepted=67  auc=0.7940  uauc=0.5014  loss=nan  (0.1s)
Round   10/30  coverage=0.5205  prec@K=0.0687  accepted=67  auc=0.7993  uauc=0.4472  loss=nan  (0.1s)
Round   11/30  coverage=0.5230  prec@K=0.0745  accepted=73  auc=0.8046  uauc=0.5900  loss=nan  (0.3s)
Round   12/30  coverage=0.5250  prec@K=0.0658  accepted=64  auc=0.7584  uauc=0.7169  loss=nan  (0.1s)
Round   13/30  coverage=0.5267  prec@K=0.0512  accepted=50  auc=0.7790  uauc=0.5375  loss=nan  (0.1s)
Round   14/30  coverage=0.5286  prec@K=0.0582  accepted=57  auc=0.7839  uauc=0.5549  loss=nan  (0.1s)
Round   15/30  coverage=0.5307  prec@K=0.0656  accepted=64  auc=0.7397  uauc=0.5562  loss=nan  (0.1s)
Round   16/30  coverage=0.5322  prec@K=0.0482  accepted=47  auc=0.8305  uauc=0.4835  loss=nan  (0.1s)
Round   17/30  coverage=0.5346  prec@K=0.0704  accepted=69  auc=0.7723  uauc=0.6124  loss=nan  (0.1s)
Round   18/30  coverage=0.5359  prec@K=0.0453  accepted=44  auc=0.7115  uauc=0.5491  loss=nan  (0.1s)
Round   19/30  coverage=0.5381  prec@K=0.0655  accepted=64  auc=0.7893  uauc=0.6186  loss=nan  (0.1s)
Round   20/30  coverage=0.5397  prec@K=0.0500  accepted=49  auc=0.7755  uauc=0.6537  loss=nan  (0.1s)
Round   21/30  coverage=0.5415  prec@K=0.0531  accepted=52  auc=0.7867  uauc=0.5269  loss=nan  (0.3s)
Round   22/30  coverage=0.5435  prec@K=0.0615  accepted=60  auc=0.8212  uauc=0.5892  loss=nan  (0.1s)
Round   23/30  coverage=0.5450  prec@K=0.0503  accepted=49  auc=0.7425  uauc=0.6321  loss=nan  (0.1s)
Round   24/30  coverage=0.5471  prec@K=0.0607  accepted=59  auc=0.8110  uauc=0.6933  loss=nan  (0.1s)
Round   25/30  coverage=0.5485  prec@K=0.0459  accepted=45  auc=0.8034  uauc=0.5502  loss=nan  (0.1s)
Round   26/30  coverage=0.5499  prec@K=0.0442  accepted=43  auc=0.7603  uauc=0.5249  loss=nan  (0.1s)
Round   27/30  coverage=0.5518  prec@K=0.0571  accepted=56  auc=0.7931  uauc=0.6407  loss=nan  (0.1s)
Round   28/30  coverage=0.5531  prec@K=0.0461  accepted=45  auc=0.7438  uauc=0.5465  loss=nan  (0.1s)
Round   29/30  coverage=0.5545  prec@K=0.0399  accepted=39  auc=0.8232  uauc=0.6687  loss=nan  (0.1s)
Round   30/30  coverage=0.5558  prec@K=0.0483  accepted=47  auc=0.7274  uauc=0.5219  loss=nan  (0.1s)

结果已写入 results\orchestrator\runs\ir50_constlr5e5_ppos95_pneg01\email_eu\pa_s3/rounds.csv
