=== email_eu_aa_s2  started 2026-05-09T15:30:27 ===

C:\conda\envs\gnn\lib\site-packages\requests\__init__.py:86: RequestsDependencyWarning: Unable to find acceptable character detection dependency (chardet or charset_normalizer).
  warnings.warn(
C:\conda\envs\gnn\lib\site-packages\outdated\__init__.py:36: UserWarning: pkg_resources is deprecated as an API. See https://setuptools.pypa.io/en/latest/pkg_resources.html. The pkg_resources package is slated for removal as early as 2025-11-30. Refrain from using this package or pin to Setuptools<81.
  from pkg_resources import parse_version
Round    1/30  coverage=0.5052  prec@K=0.1373  accepted=134  auc=0.7958  uauc=0.6430  loss=nan  (0.3s)
Round    2/30  coverage=0.5103  prec@K=0.1364  accepted=133  auc=0.7771  uauc=0.6663  loss=nan  (0.2s)
Round    3/30  coverage=0.5169  prec@K=0.1844  accepted=180  auc=0.8230  uauc=0.6399  loss=nan  (0.2s)
Round    4/30  coverage=0.5224  prec@K=0.1496  accepted=146  auc=0.8160  uauc=0.6930  loss=nan  (0.2s)
Round    5/30  coverage=0.5281  prec@K=0.1576  accepted=153  auc=0.7972  uauc=0.6477  loss=nan  (0.2s)
Round    6/30  coverage=0.5338  prec@K=0.1487  accepted=145  auc=0.7891  uauc=0.6130  loss=nan  (0.2s)
Round    7/30  coverage=0.5390  prec@K=0.1388  accepted=136  auc=0.8267  uauc=0.7704  loss=nan  (0.2s)
Round    8/30  coverage=0.5434  prec@K=0.1219  accepted=118  auc=0.7970  uauc=0.6477  loss=nan  (0.2s)
Round    9/30  coverage=0.5470  prec@K=0.0995  accepted=97  auc=0.8228  uauc=0.7168  loss=nan  (0.1s)
Round   10/30  coverage=0.5518  prec@K=0.1296  accepted=127  auc=0.8009  uauc=0.6696  loss=nan  (0.2s)
Round   11/30  coverage=0.5570  prec@K=0.1399  accepted=136  auc=0.7889  uauc=0.6337  loss=nan  (0.4s)
Round   12/30  coverage=0.5613  prec@K=0.1193  accepted=116  auc=0.8029  uauc=0.6316  loss=nan  (0.2s)
Round   13/30  coverage=0.5664  prec@K=0.1367  accepted=134  auc=0.8229  uauc=0.7017  loss=nan  (0.2s)
Round   14/30  coverage=0.5708  prec@K=0.1249  accepted=122  auc=0.8087  uauc=0.6904  loss=nan  (0.2s)
Round   15/30  coverage=0.5747  prec@K=0.1082  accepted=106  auc=0.8317  uauc=0.6594  loss=nan  (0.2s)
Round   16/30  coverage=0.5788  prec@K=0.1169  accepted=114  auc=0.8169  uauc=0.7399  loss=nan  (0.2s)
Round   17/30  coverage=0.5837  prec@K=0.1264  accepted=123  auc=0.8419  uauc=0.7168  loss=nan  (0.2s)
Round   18/30  coverage=0.5876  prec@K=0.1119  accepted=109  auc=0.8094  uauc=0.6381  loss=nan  (0.2s)
Round   19/30  coverage=0.5914  prec@K=0.1061  accepted=104  auc=0.7766  uauc=0.6854  loss=nan  (0.2s)
Round   20/30  coverage=0.5960  prec@K=0.1194  accepted=117  auc=0.8526  uauc=0.7245  loss=nan  (0.2s)
Round   21/30  coverage=0.6006  prec@K=0.1265  accepted=124  auc=0.8320  uauc=0.7015  loss=nan  (0.5s)
Round   22/30  coverage=0.6034  prec@K=0.0800  accepted=78  auc=0.7660  uauc=0.6572  loss=nan  (0.2s)
Round   23/30  coverage=0.6077  prec@K=0.1184  accepted=116  auc=0.7883  uauc=0.6854  loss=nan  (0.2s)
Round   24/30  coverage=0.6119  prec@K=0.1214  accepted=119  auc=0.7854  uauc=0.7103  loss=nan  (0.2s)
Round   25/30  coverage=0.6162  prec@K=0.1173  accepted=115  auc=0.8123  uauc=0.7265  loss=nan  (0.2s)
Round   26/30  coverage=0.6199  prec@K=0.1037  accepted=101  auc=0.7782  uauc=0.5899  loss=nan  (0.2s)
Round   27/30  coverage=0.6237  prec@K=0.1043  accepted=101  auc=0.8104  uauc=0.6722  loss=nan  (0.2s)
Round   28/30  coverage=0.6275  prec@K=0.1070  accepted=104  auc=0.8157  uauc=0.6470  loss=nan  (0.2s)
Round   29/30  coverage=0.6309  prec@K=0.0900  accepted=88  auc=0.8585  uauc=0.7084  loss=nan  (0.2s)
Round   30/30  coverage=0.6335  prec@K=0.0765  accepted=75  auc=0.7386  uauc=0.6739  loss=nan  (0.2s)

结果已写入 results\orchestrator\runs\ir50_constlr5e5_ppos95_pneg01\email_eu\aa_s2/rounds.csv
