=== email_eu_gnn_sum_s3  started 2026-05-09T15:35:05 ===

C:\conda\envs\gnn\lib\site-packages\requests\__init__.py:86: RequestsDependencyWarning: Unable to find acceptable character detection dependency (chardet or charset_normalizer).
  warnings.warn(
C:\conda\envs\gnn\lib\site-packages\outdated\__init__.py:36: UserWarning: pkg_resources is deprecated as an API. See https://setuptools.pypa.io/en/latest/pkg_resources.html. The pkg_resources package is slated for removal as early as 2025-11-30. Refrain from using this package or pin to Setuptools<81.
  from pkg_resources import parse_version
Round    1/30  coverage=0.5021  prec@K=0.0585  accepted=57  auc=0.7293  uauc=0.6173  loss=0.7484  (3.7s)
Round    2/30  coverage=0.5039  prec@K=0.0493  accepted=48  auc=0.7163  uauc=0.6728  loss=0.7479  (2.3s)
Round    3/30  coverage=0.5052  prec@K=0.0422  accepted=41  auc=0.5764  uauc=0.5738  loss=0.7454  (2.6s)
Round    4/30  coverage=0.5066  prec@K=0.0402  accepted=39  auc=0.6646  uauc=0.6294  loss=0.7439  (2.6s)
Round    5/30  coverage=0.5078  prec@K=0.0399  accepted=39  auc=0.6678  uauc=0.5264  loss=0.7402  (2.4s)
Round    6/30  coverage=0.5092  prec@K=0.0494  accepted=48  auc=0.6001  uauc=0.5180  loss=0.7370  (2.6s)
Round    7/30  coverage=0.5101  prec@K=0.0327  accepted=32  auc=0.5177  uauc=0.5241  loss=0.7347  (2.6s)
Round    8/30  coverage=0.5110  prec@K=0.0297  accepted=29  auc=0.6100  uauc=0.7038  loss=0.7333  (2.6s)
Round    9/30  coverage=0.5121  prec@K=0.0398  accepted=39  auc=0.6058  uauc=0.6244  loss=0.7288  (2.8s)
Round   10/30  coverage=0.5131  prec@K=0.0369  accepted=36  auc=0.5479  uauc=0.5687  loss=0.7275  (2.5s)
Round   11/30  coverage=0.5147  prec@K=0.0531  accepted=52  auc=0.5490  uauc=0.6728  loss=0.7228  (3.1s)
Round   12/30  coverage=0.5158  prec@K=0.0432  accepted=42  auc=0.5617  uauc=0.5639  loss=0.7217  (2.7s)
Round   13/30  coverage=0.5167  prec@K=0.0328  accepted=32  auc=0.5107  uauc=0.6777  loss=0.7198  (2.7s)
Round   14/30  coverage=0.5173  prec@K=0.0265  accepted=26  auc=0.5309  uauc=0.6382  loss=0.7164  (2.9s)
Round   15/30  coverage=0.5184  prec@K=0.0400  accepted=39  auc=0.5589  uauc=0.6822  loss=0.7121  (2.9s)
Round   16/30  coverage=0.5191  prec@K=0.0287  accepted=28  auc=0.4985  uauc=0.5850  loss=0.7127  (2.5s)
Round   17/30  coverage=0.5201  prec@K=0.0357  accepted=35  auc=0.5704  uauc=0.6366  loss=0.7076  (2.8s)
Round   18/30  coverage=0.5212  prec@K=0.0401  accepted=39  auc=0.5589  uauc=0.6455  loss=0.7043  (2.8s)
Round   19/30  coverage=0.5217  prec@K=0.0215  accepted=21  auc=0.4676  uauc=0.5936  loss=0.7014  (2.8s)
Round   20/30  coverage=0.5225  prec@K=0.0286  accepted=28  auc=0.5616  uauc=0.7104  loss=0.7009  (2.8s)
Round   21/30  coverage=0.5233  prec@K=0.0307  accepted=30  auc=0.5083  uauc=0.5761  loss=0.6966  (3.1s)
Round   22/30  coverage=0.5240  prec@K=0.0277  accepted=27  auc=0.4858  uauc=0.7064  loss=0.6952  (2.8s)
Round   23/30  coverage=0.5249  prec@K=0.0359  accepted=35  auc=0.4592  uauc=0.6411  loss=0.6924  (2.7s)
Round   24/30  coverage=0.5256  prec@K=0.0237  accepted=23  auc=0.5256  uauc=0.7500  loss=0.6873  (3.1s)
Round   25/30  coverage=0.5265  prec@K=0.0327  accepted=32  auc=0.4880  uauc=0.6594  loss=0.6885  (2.8s)
Round   26/30  coverage=0.5271  prec@K=0.0257  accepted=25  auc=0.5101  uauc=0.7577  loss=0.6846  (2.8s)
Round   27/30  coverage=0.5284  prec@K=0.0429  accepted=42  auc=0.5145  uauc=0.6441  loss=0.6816  (2.9s)
Round   28/30  coverage=0.5292  prec@K=0.0330  accepted=32  auc=0.4845  uauc=0.5668  loss=0.6791  (2.8s)
Round   29/30  coverage=0.5297  prec@K=0.0165  accepted=16  auc=0.4301  uauc=0.6704  loss=0.6789  (2.5s)
Round   30/30  coverage=0.5304  prec@K=0.0340  accepted=33  auc=0.5254  uauc=0.6708  loss=0.6785  (2.5s)

结果已写入 results\orchestrator\runs\ir50_constlr5e5_ppos95_pneg01\email_eu\gnn_sum_s3/rounds.csv
