=== email_eu_cn_s2  started 2026-05-09T15:30:27 ===

C:\conda\envs\gnn\lib\site-packages\requests\__init__.py:86: RequestsDependencyWarning: Unable to find acceptable character detection dependency (chardet or charset_normalizer).
  warnings.warn(
C:\conda\envs\gnn\lib\site-packages\outdated\__init__.py:36: UserWarning: pkg_resources is deprecated as an API. See https://setuptools.pypa.io/en/latest/pkg_resources.html. The pkg_resources package is slated for removal as early as 2025-11-30. Refrain from using this package or pin to Setuptools<81.
  from pkg_resources import parse_version
Round    1/30  coverage=0.5049  prec@K=0.1291  accepted=126  auc=0.7819  uauc=0.6337  loss=nan  (0.3s)
Round    2/30  coverage=0.5099  prec@K=0.1364  accepted=133  auc=0.7838  uauc=0.6244  loss=nan  (0.1s)
Round    3/30  coverage=0.5164  prec@K=0.1803  accepted=176  auc=0.8151  uauc=0.6365  loss=nan  (0.1s)
Round    4/30  coverage=0.5212  prec@K=0.1342  accepted=131  auc=0.7921  uauc=0.6345  loss=nan  (0.1s)
Round    5/30  coverage=0.5271  prec@K=0.1617  accepted=157  auc=0.8092  uauc=0.6831  loss=nan  (0.1s)
Round    6/30  coverage=0.5325  prec@K=0.1446  accepted=141  auc=0.8043  uauc=0.6205  loss=nan  (0.1s)
Round    7/30  coverage=0.5372  prec@K=0.1276  accepted=125  auc=0.7764  uauc=0.6804  loss=nan  (0.1s)
Round    8/30  coverage=0.5421  prec@K=0.1322  accepted=128  auc=0.7980  uauc=0.6737  loss=nan  (0.1s)
Round    9/30  coverage=0.5459  prec@K=0.1036  accepted=101  auc=0.8485  uauc=0.6911  loss=nan  (0.1s)
Round   10/30  coverage=0.5502  prec@K=0.1184  accepted=116  auc=0.8129  uauc=0.6830  loss=nan  (0.1s)
Round   11/30  coverage=0.5545  prec@K=0.1204  accepted=117  auc=0.7862  uauc=0.6635  loss=nan  (0.3s)
Round   12/30  coverage=0.5591  prec@K=0.1276  accepted=124  auc=0.7802  uauc=0.6612  loss=nan  (0.1s)
Round   13/30  coverage=0.5637  prec@K=0.1235  accepted=121  auc=0.8390  uauc=0.5967  loss=nan  (0.1s)
Round   14/30  coverage=0.5677  prec@K=0.1168  accepted=114  auc=0.7463  uauc=0.6080  loss=nan  (0.1s)
Round   15/30  coverage=0.5714  prec@K=0.1031  accepted=101  auc=0.7852  uauc=0.6183  loss=nan  (0.1s)
Round   16/30  coverage=0.5751  prec@K=0.1056  accepted=103  auc=0.8058  uauc=0.6575  loss=nan  (0.1s)
Round   17/30  coverage=0.5790  prec@K=0.1048  accepted=102  auc=0.8386  uauc=0.6453  loss=nan  (0.1s)
Round   18/30  coverage=0.5829  prec@K=0.1089  accepted=106  auc=0.7919  uauc=0.6342  loss=nan  (0.1s)
Round   19/30  coverage=0.5869  prec@K=0.1102  accepted=108  auc=0.8078  uauc=0.6840  loss=nan  (0.1s)
Round   20/30  coverage=0.5918  prec@K=0.1296  accepted=127  auc=0.8143  uauc=0.6676  loss=nan  (0.1s)
Round   21/30  coverage=0.5957  prec@K=0.1071  accepted=105  auc=0.7956  uauc=0.6405  loss=nan  (0.4s)
Round   22/30  coverage=0.5983  prec@K=0.0749  accepted=73  auc=0.7638  uauc=0.7391  loss=nan  (0.1s)
Round   23/30  coverage=0.6017  prec@K=0.1000  accepted=98  auc=0.7715  uauc=0.6088  loss=nan  (0.1s)
Round   24/30  coverage=0.6062  prec@K=0.1299  accepted=127  auc=0.8077  uauc=0.6337  loss=nan  (0.1s)
Round   25/30  coverage=0.6106  prec@K=0.1163  accepted=114  auc=0.7937  uauc=0.6939  loss=nan  (0.1s)
Round   26/30  coverage=0.6143  prec@K=0.1048  accepted=102  auc=0.7884  uauc=0.6708  loss=nan  (0.1s)
Round   27/30  coverage=0.6175  prec@K=0.0919  accepted=89  auc=0.8069  uauc=0.7348  loss=nan  (0.1s)
Round   28/30  coverage=0.6216  prec@K=0.1164  accepted=113  auc=0.7903  uauc=0.6646  loss=nan  (0.1s)
Round   29/30  coverage=0.6249  prec@K=0.0869  accepted=85  auc=0.8502  uauc=0.7304  loss=nan  (0.1s)
Round   30/30  coverage=0.6279  prec@K=0.0867  accepted=85  auc=0.7953  uauc=0.6698  loss=nan  (0.1s)

结果已写入 results\orchestrator\runs\ir50_constlr5e5_ppos95_pneg01\email_eu\cn_s2/rounds.csv
