=== email_eu_gat_emb_s3  started 2026-05-09T15:30:39 ===

C:\conda\envs\gnn\lib\site-packages\requests\__init__.py:86: RequestsDependencyWarning: Unable to find acceptable character detection dependency (chardet or charset_normalizer).
  warnings.warn(
C:\conda\envs\gnn\lib\site-packages\outdated\__init__.py:36: UserWarning: pkg_resources is deprecated as an API. See https://setuptools.pypa.io/en/latest/pkg_resources.html. The pkg_resources package is slated for removal as early as 2025-11-30. Refrain from using this package or pin to Setuptools<81.
  from pkg_resources import parse_version
Round    1/30  coverage=0.5012  prec@K=0.0369  accepted=36  auc=0.3667  uauc=0.4621  loss=0.7520  (4.0s)
Round    2/30  coverage=0.5022  prec@K=0.0308  accepted=30  auc=0.5515  uauc=0.5644  loss=0.7524  (2.3s)
Round    3/30  coverage=0.5036  prec@K=0.0442  accepted=43  auc=0.4477  uauc=0.5912  loss=0.7509  (2.4s)
Round    4/30  coverage=0.5049  prec@K=0.0412  accepted=40  auc=0.4148  uauc=0.5897  loss=0.7512  (2.6s)
Round    5/30  coverage=0.5057  prec@K=0.0297  accepted=29  auc=0.4373  uauc=0.4608  loss=0.7521  (2.5s)
Round    6/30  coverage=0.5070  prec@K=0.0453  accepted=44  auc=0.3916  uauc=0.5996  loss=0.7501  (2.5s)
Round    7/30  coverage=0.5084  prec@K=0.0449  accepted=44  auc=0.3446  uauc=0.5621  loss=0.7499  (2.5s)
Round    8/30  coverage=0.5096  prec@K=0.0379  accepted=37  auc=0.4382  uauc=0.6999  loss=0.7504  (2.6s)
Round    9/30  coverage=0.5108  prec@K=0.0418  accepted=41  auc=0.3821  uauc=0.4499  loss=0.7499  (2.7s)
Round   10/30  coverage=0.5116  prec@K=0.0287  accepted=28  auc=0.4605  uauc=0.5100  loss=0.7516  (2.6s)
Round   11/30  coverage=0.5129  prec@K=0.0490  accepted=48  auc=0.4760  uauc=0.6177  loss=0.7489  (3.1s)
Round   12/30  coverage=0.5140  prec@K=0.0432  accepted=42  auc=0.4585  uauc=0.5060  loss=0.7493  (2.7s)
Round   13/30  coverage=0.5148  prec@K=0.0287  accepted=28  auc=0.3785  uauc=0.5927  loss=0.7510  (2.6s)
Round   14/30  coverage=0.5157  prec@K=0.0350  accepted=34  auc=0.3823  uauc=0.5841  loss=0.7499  (2.9s)
Round   15/30  coverage=0.5169  prec@K=0.0430  accepted=42  auc=0.4640  uauc=0.4916  loss=0.7489  (2.8s)
Round   16/30  coverage=0.5179  prec@K=0.0351  accepted=34  auc=0.3551  uauc=0.4358  loss=0.7502  (2.6s)
Round   17/30  coverage=0.5190  prec@K=0.0381  accepted=37  auc=0.5296  uauc=0.4059  loss=0.7491  (2.8s)
Round   18/30  coverage=0.5201  prec@K=0.0401  accepted=39  auc=0.5138  uauc=0.5798  loss=0.7486  (2.8s)
Round   19/30  coverage=0.5210  prec@K=0.0328  accepted=32  auc=0.3781  uauc=0.5323  loss=0.7499  (2.8s)
Round   20/30  coverage=0.5225  prec@K=0.0484  accepted=47  auc=0.3313  uauc=0.5382  loss=0.7477  (2.6s)
Round   21/30  coverage=0.5235  prec@K=0.0338  accepted=33  auc=0.4048  uauc=0.5314  loss=0.7492  (3.1s)
Round   22/30  coverage=0.5244  prec@K=0.0338  accepted=33  auc=0.4017  uauc=0.4417  loss=0.7489  (2.9s)
Round   23/30  coverage=0.5253  prec@K=0.0347  accepted=34  auc=0.4264  uauc=0.5501  loss=0.7486  (2.7s)
Round   24/30  coverage=0.5262  prec@K=0.0309  accepted=30  auc=0.4230  uauc=0.5809  loss=0.7490  (3.1s)
Round   25/30  coverage=0.5271  prec@K=0.0342  accepted=33  auc=0.4217  uauc=0.5424  loss=0.7486  (2.7s)
Round   26/30  coverage=0.5278  prec@K=0.0270  accepted=26  auc=0.3921  uauc=0.4547  loss=0.7490  (2.8s)
Round   27/30  coverage=0.5288  prec@K=0.0357  accepted=35  auc=0.3640  uauc=0.5174  loss=0.7479  (2.9s)
Round   28/30  coverage=0.5299  prec@K=0.0413  accepted=40  auc=0.3964  uauc=0.5353  loss=0.7471  (2.8s)
Round   29/30  coverage=0.5305  prec@K=0.0196  accepted=19  auc=0.4501  uauc=0.5809  loss=0.7496  (2.5s)
Round   30/30  coverage=0.5314  prec@K=0.0394  accepted=38  auc=0.4373  uauc=0.4462  loss=0.7473  (2.6s)

结果已写入 results\orchestrator\runs\ir50_constlr5e5_ppos95_pneg01\email_eu\gat_emb_s3/rounds.csv
