=== email_eu_aa_s3  started 2026-05-09T15:30:27 ===

C:\conda\envs\gnn\lib\site-packages\requests\__init__.py:86: RequestsDependencyWarning: Unable to find acceptable character detection dependency (chardet or charset_normalizer).
  warnings.warn(
C:\conda\envs\gnn\lib\site-packages\outdated\__init__.py:36: UserWarning: pkg_resources is deprecated as an API. See https://setuptools.pypa.io/en/latest/pkg_resources.html. The pkg_resources package is slated for removal as early as 2025-11-30. Refrain from using this package or pin to Setuptools<81.
  from pkg_resources import parse_version
Round    1/30  coverage=0.5058  prec@K=0.1538  accepted=150  auc=0.8092  uauc=0.6705  loss=nan  (0.3s)
Round    2/30  coverage=0.5113  prec@K=0.1429  accepted=139  auc=0.7878  uauc=0.6940  loss=nan  (0.1s)
Round    3/30  coverage=0.5169  prec@K=0.1523  accepted=148  auc=0.7679  uauc=0.6223  loss=nan  (0.2s)
Round    4/30  coverage=0.5223  prec@K=0.1443  accepted=140  auc=0.8204  uauc=0.7174  loss=nan  (0.2s)
Round    5/30  coverage=0.5268  prec@K=0.1218  accepted=119  auc=0.8298  uauc=0.7241  loss=nan  (0.2s)
Round    6/30  coverage=0.5315  prec@K=0.1336  accepted=130  auc=0.7863  uauc=0.6345  loss=nan  (0.2s)
Round    7/30  coverage=0.5365  prec@K=0.1357  accepted=133  auc=0.8229  uauc=0.6865  loss=nan  (0.2s)
Round    8/30  coverage=0.5419  prec@K=0.1402  accepted=137  auc=0.8118  uauc=0.6952  loss=nan  (0.2s)
Round    9/30  coverage=0.5469  prec@K=0.1388  accepted=136  auc=0.7907  uauc=0.7194  loss=nan  (0.2s)
Round   10/30  coverage=0.5510  prec@K=0.1149  accepted=112  auc=0.7919  uauc=0.6455  loss=nan  (0.2s)
Round   11/30  coverage=0.5559  prec@K=0.1388  accepted=136  auc=0.7759  uauc=0.6600  loss=nan  (0.4s)
Round   12/30  coverage=0.5610  prec@K=0.1451  accepted=141  auc=0.7647  uauc=0.6362  loss=nan  (0.2s)
Round   13/30  coverage=0.5655  prec@K=0.1227  accepted=120  auc=0.8153  uauc=0.6964  loss=nan  (0.2s)
Round   14/30  coverage=0.5711  prec@K=0.1492  accepted=145  auc=0.8191  uauc=0.6800  loss=nan  (0.2s)
Round   15/30  coverage=0.5753  prec@K=0.1167  accepted=114  auc=0.8278  uauc=0.7024  loss=nan  (0.2s)
Round   16/30  coverage=0.5785  prec@K=0.0912  accepted=89  auc=0.8108  uauc=0.6811  loss=nan  (0.2s)
Round   17/30  coverage=0.5828  prec@K=0.1183  accepted=115  auc=0.7779  uauc=0.6154  loss=nan  (0.2s)
Round   18/30  coverage=0.5875  prec@K=0.1307  accepted=127  auc=0.8015  uauc=0.6573  loss=nan  (0.2s)
Round   19/30  coverage=0.5912  prec@K=0.1033  accepted=101  auc=0.8196  uauc=0.6961  loss=nan  (0.2s)
Round   20/30  coverage=0.5951  prec@K=0.1082  accepted=106  auc=0.8366  uauc=0.7098  loss=nan  (0.2s)
Round   21/30  coverage=0.5984  prec@K=0.0918  accepted=90  auc=0.7948  uauc=0.6903  loss=nan  (0.5s)
Round   22/30  coverage=0.6022  prec@K=0.1045  accepted=102  auc=0.8150  uauc=0.6638  loss=nan  (0.2s)
Round   23/30  coverage=0.6054  prec@K=0.0929  accepted=91  auc=0.8101  uauc=0.6060  loss=nan  (0.2s)
Round   24/30  coverage=0.6107  prec@K=0.1430  accepted=139  auc=0.8263  uauc=0.6893  loss=nan  (0.2s)
Round   25/30  coverage=0.6141  prec@K=0.0977  accepted=95  auc=0.7974  uauc=0.6708  loss=nan  (0.2s)
Round   26/30  coverage=0.6176  prec@K=0.0983  accepted=95  auc=0.8045  uauc=0.6903  loss=nan  (0.2s)
Round   27/30  coverage=0.6219  prec@K=0.1184  accepted=116  auc=0.8022  uauc=0.6592  loss=nan  (0.2s)
Round   28/30  coverage=0.6245  prec@K=0.0788  accepted=77  auc=0.7708  uauc=0.6340  loss=nan  (0.2s)
Round   29/30  coverage=0.6276  prec@K=0.0829  accepted=81  auc=0.8272  uauc=0.6605  loss=nan  (0.2s)
Round   30/30  coverage=0.6304  prec@K=0.0860  accepted=83  auc=0.8106  uauc=0.6513  loss=nan  (0.2s)

结果已写入 results\orchestrator\runs\ir50_constlr5e5_ppos95_pneg01\email_eu\aa_s3/rounds.csv
