=== email_eu_random_s1  started 2026-05-09T15:38:09 ===

C:\conda\envs\gnn\lib\site-packages\requests\__init__.py:86: RequestsDependencyWarning: Unable to find acceptable character detection dependency (chardet or charset_normalizer).
  warnings.warn(
C:\conda\envs\gnn\lib\site-packages\outdated\__init__.py:36: UserWarning: pkg_resources is deprecated as an API. See https://setuptools.pypa.io/en/latest/pkg_resources.html. The pkg_resources package is slated for removal as early as 2025-11-30. Refrain from using this package or pin to Setuptools<81.
  from pkg_resources import parse_version
Round    1/30  coverage=0.5012  prec@K=0.0378  accepted=37  loss=nan  (0.2s)
Round    2/30  coverage=0.5025  prec@K=0.0511  accepted=50  loss=nan  (0.0s)
Round    3/30  coverage=0.5033  prec@K=0.0288  accepted=28  loss=nan  (0.0s)
Round    4/30  coverage=0.5043  prec@K=0.0340  accepted=33  loss=nan  (0.0s)
Round    5/30  coverage=0.5052  prec@K=0.0297  accepted=29  loss=nan  (0.0s)
Round    6/30  coverage=0.5062  prec@K=0.0398  accepted=39  loss=nan  (0.0s)
Round    7/30  coverage=0.5072  prec@K=0.0347  accepted=34  loss=nan  (0.0s)
Round    8/30  coverage=0.5082  prec@K=0.0349  accepted=34  loss=nan  (0.0s)
Round    9/30  coverage=0.5089  prec@K=0.0256  accepted=25  loss=nan  (0.0s)
Round   10/30  coverage=0.5092  prec@K=0.0198  accepted=19  loss=nan  (0.0s)
Round   11/30  coverage=0.5101  prec@K=0.0327  accepted=32  loss=nan  (0.2s)
Round   12/30  coverage=0.5114  prec@K=0.0339  accepted=33  loss=nan  (0.0s)
Round   13/30  coverage=0.5125  prec@K=0.0408  accepted=40  loss=nan  (0.0s)
Round   14/30  coverage=0.5134  prec@K=0.0267  accepted=26  loss=nan  (0.0s)
Round   15/30  coverage=0.5145  prec@K=0.0347  accepted=34  loss=nan  (0.0s)
Round   16/30  coverage=0.5153  prec@K=0.0331  accepted=32  loss=nan  (0.0s)
Round   17/30  coverage=0.5160  prec@K=0.0245  accepted=24  loss=nan  (0.0s)
Round   18/30  coverage=0.5174  prec@K=0.0452  accepted=44  loss=nan  (0.0s)
Round   19/30  coverage=0.5183  prec@K=0.0290  accepted=28  loss=nan  (0.0s)
Round   20/30  coverage=0.5191  prec@K=0.0339  accepted=33  loss=nan  (0.0s)
Round   21/30  coverage=0.5207  prec@K=0.0524  accepted=51  loss=nan  (0.2s)
Round   22/30  coverage=0.5214  prec@K=0.0265  accepted=26  loss=nan  (0.0s)
Round   23/30  coverage=0.5224  prec@K=0.0388  accepted=38  loss=nan  (0.0s)
Round   24/30  coverage=0.5233  prec@K=0.0357  accepted=35  loss=nan  (0.0s)
Round   25/30  coverage=0.5240  prec@K=0.0228  accepted=22  loss=nan  (0.0s)
Round   26/30  coverage=0.5252  prec@K=0.0429  accepted=42  loss=nan  (0.0s)
Round   27/30  coverage=0.5257  prec@K=0.0245  accepted=24  loss=nan  (0.0s)
Round   28/30  coverage=0.5269  prec@K=0.0444  accepted=43  loss=nan  (0.0s)
Round   29/30  coverage=0.5277  prec@K=0.0268  accepted=26  loss=nan  (0.0s)
Round   30/30  coverage=0.5287  prec@K=0.0367  accepted=36  loss=nan  (0.0s)

结果已写入 results\orchestrator\runs\ir50_constlr5e5_ppos95_pneg01\email_eu\random_s1/rounds.csv
