=== email_eu_gnn_sum_s0  started 2026-05-09T15:35:03 ===

C:\conda\envs\gnn\lib\site-packages\requests\__init__.py:86: RequestsDependencyWarning: Unable to find acceptable character detection dependency (chardet or charset_normalizer).
  warnings.warn(
C:\conda\envs\gnn\lib\site-packages\outdated\__init__.py:36: UserWarning: pkg_resources is deprecated as an API. See https://setuptools.pypa.io/en/latest/pkg_resources.html. The pkg_resources package is slated for removal as early as 2025-11-30. Refrain from using this package or pin to Setuptools<81.
  from pkg_resources import parse_version
Round    1/30  coverage=0.5030  prec@K=0.0816  accepted=80  auc=0.6528  uauc=0.6512  loss=0.6854  (3.6s)
Round    2/30  coverage=0.5046  prec@K=0.0449  accepted=44  auc=0.6759  uauc=0.6671  loss=0.6808  (2.5s)
Round    3/30  coverage=0.5068  prec@K=0.0597  accepted=58  auc=0.6453  uauc=0.7611  loss=0.6789  (2.5s)
Round    4/30  coverage=0.5094  prec@K=0.0790  accepted=77  auc=0.6100  uauc=0.6607  loss=0.6757  (2.7s)
Round    5/30  coverage=0.5119  prec@K=0.0735  accepted=72  auc=0.6091  uauc=0.6266  loss=0.6724  (2.7s)
Round    6/30  coverage=0.5143  prec@K=0.0720  accepted=70  auc=0.4740  uauc=0.6278  loss=0.6703  (2.5s)
Round    7/30  coverage=0.5161  prec@K=0.0625  accepted=61  auc=0.5178  uauc=0.6963  loss=0.6667  (2.6s)
Round    8/30  coverage=0.5180  prec@K=0.0602  accepted=59  auc=0.4967  uauc=0.6656  loss=0.6629  (2.7s)
Round    9/30  coverage=0.5200  prec@K=0.0582  accepted=57  auc=0.4223  uauc=0.6812  loss=0.6607  (2.6s)
Round   10/30  coverage=0.5222  prec@K=0.0615  accepted=59  auc=0.3868  uauc=0.6602  loss=0.6572  (2.7s)
Round   11/30  coverage=0.5238  prec@K=0.0521  accepted=51  auc=0.3747  uauc=0.5683  loss=0.6542  (2.7s)
Round   12/30  coverage=0.5261  prec@K=0.0643  accepted=63  auc=0.4593  uauc=0.6517  loss=0.6505  (2.6s)
Round   13/30  coverage=0.5279  prec@K=0.0601  accepted=58  auc=0.4426  uauc=0.6174  loss=0.6487  (2.7s)
Round   14/30  coverage=0.5297  prec@K=0.0615  accepted=60  auc=0.4688  uauc=0.6070  loss=0.6442  (2.8s)
Round   15/30  coverage=0.5315  prec@K=0.0537  accepted=52  auc=0.3923  uauc=0.6794  loss=0.6416  (2.7s)
Round   16/30  coverage=0.5337  prec@K=0.0616  accepted=60  auc=0.4847  uauc=0.7269  loss=0.6369  (2.8s)
Round   17/30  coverage=0.5355  prec@K=0.0561  accepted=55  auc=0.3478  uauc=0.6684  loss=0.6374  (2.7s)
Round   18/30  coverage=0.5371  prec@K=0.0473  accepted=46  auc=0.3976  uauc=0.6548  loss=0.6301  (2.9s)
Round   19/30  coverage=0.5393  prec@K=0.0597  accepted=58  auc=0.3153  uauc=0.6875  loss=0.6324  (2.5s)
Round   20/30  coverage=0.5408  prec@K=0.0520  accepted=51  auc=0.4448  uauc=0.6278  loss=0.6242  (2.8s)
Round   21/30  coverage=0.5419  prec@K=0.0397  accepted=38  auc=0.4068  uauc=0.5724  loss=0.6203  (3.0s)
Round   22/30  coverage=0.5432  prec@K=0.0482  accepted=46  auc=0.3645  uauc=0.6602  loss=0.6205  (2.6s)
Round   23/30  coverage=0.5448  prec@K=0.0490  accepted=48  auc=0.4072  uauc=0.6187  loss=0.6165  (2.8s)
Round   24/30  coverage=0.5465  prec@K=0.0575  accepted=55  auc=0.4211  uauc=0.6390  loss=0.6185  (2.6s)
Round   25/30  coverage=0.5479  prec@K=0.0449  accepted=44  auc=0.3380  uauc=0.6724  loss=0.6142  (2.6s)
Round   26/30  coverage=0.5496  prec@K=0.0665  accepted=64  auc=0.4206  uauc=0.6279  loss=0.6120  (2.8s)
Round   27/30  coverage=0.5514  prec@K=0.0523  accepted=51  auc=0.3658  uauc=0.6013  loss=0.6078  (2.6s)
Round   28/30  coverage=0.5530  prec@K=0.0484  accepted=47  auc=0.3759  uauc=0.6571  loss=0.6049  (2.7s)
Round   29/30  coverage=0.5542  prec@K=0.0369  accepted=36  auc=0.3630  uauc=0.6719  loss=0.5927  (2.8s)
Round   30/30  coverage=0.5553  prec@K=0.0419  accepted=40  auc=0.3786  uauc=0.6528  loss=0.5987  (2.5s)

结果已写入 results\orchestrator\runs\ir50_constlr5e5_ppos95_pneg01\email_eu\gnn_sum_s0/rounds.csv
