=== epinions_cn_s1  started 2026-05-09T17:38:53 ===

C:\conda\envs\gnn\lib\site-packages\requests\__init__.py:86: RequestsDependencyWarning: Unable to find acceptable character detection dependency (chardet or charset_normalizer).
  warnings.warn(
C:\conda\envs\gnn\lib\site-packages\outdated\__init__.py:36: UserWarning: pkg_resources is deprecated as an API. See https://setuptools.pypa.io/en/latest/pkg_resources.html. The pkg_resources package is slated for removal as early as 2025-11-30. Refrain from using this package or pin to Setuptools<81.
  from pkg_resources import parse_version
Round    1/30  coverage=0.5002  prec@K=0.0221  accepted=152  auc=0.6947  uauc=0.5650  loss=nan  (5.9s)
Round    2/30  coverage=0.5003  prec@K=0.0234  accepted=161  auc=0.7073  uauc=0.5785  loss=nan  (0.6s)
Round    3/30  coverage=0.5005  prec@K=0.0228  accepted=157  auc=0.6769  uauc=0.5870  loss=nan  (0.7s)
Round    4/30  coverage=0.5007  prec@K=0.0255  accepted=173  auc=0.7391  uauc=0.6124  loss=nan  (0.7s)
Round    5/30  coverage=0.5009  prec@K=0.0218  accepted=150  auc=0.6552  uauc=0.5684  loss=nan  (0.8s)
Round    6/30  coverage=0.5010  prec@K=0.0199  accepted=136  auc=0.7284  uauc=0.6064  loss=nan  (0.9s)
Round    7/30  coverage=0.5012  prec@K=0.0257  accepted=174  auc=0.7088  uauc=0.5841  loss=nan  (1.0s)
Round    8/30  coverage=0.5014  prec@K=0.0217  accepted=149  auc=0.7065  uauc=0.5993  loss=nan  (1.0s)
Round    9/30  coverage=0.5016  prec@K=0.0239  accepted=163  auc=0.7053  uauc=0.6168  loss=nan  (1.2s)
Round   10/30  coverage=0.5017  prec@K=0.0189  accepted=132  auc=0.6613  uauc=0.5856  loss=nan  (1.6s)
Round   11/30  coverage=0.5019  prec@K=0.0199  accepted=136  auc=0.6791  uauc=0.5874  loss=nan  (6.8s)
Round   12/30  coverage=0.5020  prec@K=0.0192  accepted=132  auc=0.6660  uauc=0.6002  loss=nan  (1.6s)
Round   13/30  coverage=0.5022  prec@K=0.0239  accepted=163  auc=0.6939  uauc=0.5658  loss=nan  (1.8s)
Round   14/30  coverage=0.5023  prec@K=0.0190  accepted=131  auc=0.6989  uauc=0.5591  loss=nan  (2.3s)
Round   15/30  coverage=0.5025  prec@K=0.0221  accepted=153  auc=0.7282  uauc=0.5956  loss=nan  (2.2s)
Round   16/30  coverage=0.5026  prec@K=0.0212  accepted=144  auc=0.6469  uauc=0.5418  loss=nan  (2.3s)
Round   17/30  coverage=0.5028  prec@K=0.0232  accepted=162  auc=0.6582  uauc=0.5831  loss=nan  (2.7s)
Round   18/30  coverage=0.5029  prec@K=0.0194  accepted=133  auc=0.7070  uauc=0.6055  loss=nan  (2.6s)
Round   19/30  coverage=0.5031  prec@K=0.0220  accepted=151  auc=0.7044  uauc=0.5966  loss=nan  (3.1s)
Round   20/30  coverage=0.5033  prec@K=0.0181  accepted=125  auc=0.7229  uauc=0.6130  loss=nan  (3.2s)
Round   21/30  coverage=0.5034  prec@K=0.0186  accepted=128  auc=0.6911  uauc=0.5695  loss=nan  (8.8s)
Round   22/30  coverage=0.5036  prec@K=0.0205  accepted=139  auc=0.7206  uauc=0.6119  loss=nan  (3.2s)
Round   23/30  coverage=0.5038  prec@K=0.0255  accepted=177  auc=0.7363  uauc=0.5760  loss=nan  (3.1s)
Round   24/30  coverage=0.5039  prec@K=0.0208  accepted=144  auc=0.6719  uauc=0.6210  loss=nan  (3.3s)
Round   25/30  coverage=0.5041  prec@K=0.0216  accepted=150  auc=0.6769  uauc=0.5923  loss=nan  (4.0s)
Round   26/30  coverage=0.5042  prec@K=0.0195  accepted=133  auc=0.7003  uauc=0.5825  loss=nan  (3.9s)
Round   27/30  coverage=0.5044  prec@K=0.0208  accepted=143  auc=0.6466  uauc=0.5328  loss=nan  (4.1s)
Round   28/30  coverage=0.5046  prec@K=0.0242  accepted=165  auc=0.7218  uauc=0.5998  loss=nan  (4.3s)
Round   29/30  coverage=0.5048  prec@K=0.0221  accepted=152  auc=0.6945  uauc=0.5831  loss=nan  (4.7s)
Round   30/30  coverage=0.5049  prec@K=0.0246  accepted=166  auc=0.6821  uauc=0.5820  loss=nan  (4.9s)

结果已写入 results\orchestrator\runs\ir50_constlr5e5_ppos95_pneg01\epinions\cn_s1/rounds.csv
