=== epinions_gnn_h32_s42  started 2026-05-09T17:54:25 ===

C:\conda\envs\gnn\lib\site-packages\requests\__init__.py:86: RequestsDependencyWarning: Unable to find acceptable character detection dependency (chardet or charset_normalizer).
  warnings.warn(
C:\conda\envs\gnn\lib\site-packages\outdated\__init__.py:36: UserWarning: pkg_resources is deprecated as an API. See https://setuptools.pypa.io/en/latest/pkg_resources.html. The pkg_resources package is slated for removal as early as 2025-11-30. Refrain from using this package or pin to Setuptools<81.
  from pkg_resources import parse_version
Round    1/30  coverage=0.5001  prec@K=0.0177  accepted=121  auc=0.3890  uauc=0.5152  loss=0.7713  (12.7s)
Round    2/30  coverage=0.5002  prec@K=0.0195  accepted=133  auc=0.3339  uauc=0.5323  loss=0.7705  (6.9s)
Round    3/30  coverage=0.5003  prec@K=0.0182  accepted=124  auc=0.3649  uauc=0.5478  loss=0.7701  (7.0s)
Round    4/30  coverage=0.5004  prec@K=0.0178  accepted=123  auc=0.3055  uauc=0.5876  loss=0.7696  (6.9s)
Round    5/30  coverage=0.5005  prec@K=0.0154  accepted=105  auc=0.3439  uauc=0.5631  loss=0.7688  (7.3s)
Round    6/30  coverage=0.5006  prec@K=0.0177  accepted=122  auc=0.3278  uauc=0.5931  loss=0.7681  (6.5s)
Round    7/30  coverage=0.5007  prec@K=0.0171  accepted=118  auc=0.3510  uauc=0.5328  loss=0.7671  (7.3s)
Round    8/30  coverage=0.5008  prec@K=0.0148  accepted=101  auc=0.4232  uauc=0.5199  loss=0.7671  (7.2s)
Round    9/30  coverage=0.5008  prec@K=0.0143  accepted=98  auc=0.3870  uauc=0.5423  loss=0.7660  (7.5s)
Round   10/30  coverage=0.5009  prec@K=0.0143  accepted=98  auc=0.3097  uauc=0.5885  loss=0.7657  (7.1s)
Round   11/30  coverage=0.5010  prec@K=0.0153  accepted=103  auc=0.3846  uauc=0.5279  loss=0.7644  (12.9s)
Round   12/30  coverage=0.5011  prec@K=0.0168  accepted=115  auc=0.3379  uauc=0.5517  loss=0.7637  (8.2s)
Round   13/30  coverage=0.5012  prec@K=0.0157  accepted=106  auc=0.3667  uauc=0.5418  loss=0.7628  (7.9s)
Round   14/30  coverage=0.5013  prec@K=0.0174  accepted=119  auc=0.3780  uauc=0.5242  loss=0.7626  (8.4s)
Round   15/30  coverage=0.5014  prec@K=0.0170  accepted=116  auc=0.3886  uauc=0.5559  loss=0.7614  (8.3s)
Round   16/30  coverage=0.5015  prec@K=0.0190  accepted=129  auc=0.3338  uauc=0.5062  loss=0.7609  (8.1s)
Round   17/30  coverage=0.5016  prec@K=0.0186  accepted=127  auc=0.3684  uauc=0.5417  loss=0.7605  (7.8s)
Round   18/30  coverage=0.5016  prec@K=0.0141  accepted=96  auc=0.3786  uauc=0.5308  loss=0.7594  (8.3s)
Round   19/30  coverage=0.5017  prec@K=0.0163  accepted=113  auc=0.3748  uauc=0.5370  loss=0.7586  (8.5s)
Round   20/30  coverage=0.5018  prec@K=0.0188  accepted=128  auc=0.3603  uauc=0.5687  loss=0.7569  (9.4s)
Round   21/30  coverage=0.5019  prec@K=0.0160  accepted=108  auc=0.4263  uauc=0.5707  loss=0.7569  (14.5s)
Round   22/30  coverage=0.5020  prec@K=0.0179  accepted=123  auc=0.3100  uauc=0.5377  loss=0.7557  (9.6s)
Round   23/30  coverage=0.5021  prec@K=0.0174  accepted=120  auc=0.3683  uauc=0.5007  loss=0.7553  (9.4s)
Round   24/30  coverage=0.5022  prec@K=0.0145  accepted=99  auc=0.3497  uauc=0.5541  loss=0.7553  (9.7s)
Round   25/30  coverage=0.5023  prec@K=0.0170  accepted=115  auc=0.3616  uauc=0.5408  loss=0.7537  (9.6s)
Round   26/30  coverage=0.5024  prec@K=0.0132  accepted=90  auc=0.3920  uauc=0.5595  loss=0.7537  (10.4s)
Round   27/30  coverage=0.5024  prec@K=0.0168  accepted=116  auc=0.3598  uauc=0.5342  loss=0.7524  (10.8s)
Round   28/30  coverage=0.5025  prec@K=0.0171  accepted=116  auc=0.3524  uauc=0.5496  loss=0.7509  (11.0s)
Round   29/30  coverage=0.5027  prec@K=0.0191  accepted=130  auc=0.3756  uauc=0.5687  loss=0.7501  (11.2s)
Round   30/30  coverage=0.5028  prec@K=0.0193  accepted=131  auc=0.3795  uauc=0.5649  loss=0.7490  (11.6s)

结果已写入 results\orchestrator\runs\ir50_constlr5e5_ppos95_pneg01\epinions\gnn_h32_s42/rounds.csv
