=== epinions_gnn_concat_h8_s1  started 2026-05-09T17:49:14 ===

C:\conda\envs\gnn\lib\site-packages\requests\__init__.py:86: RequestsDependencyWarning: Unable to find acceptable character detection dependency (chardet or charset_normalizer).
  warnings.warn(
C:\conda\envs\gnn\lib\site-packages\outdated\__init__.py:36: UserWarning: pkg_resources is deprecated as an API. See https://setuptools.pypa.io/en/latest/pkg_resources.html. The pkg_resources package is slated for removal as early as 2025-11-30. Refrain from using this package or pin to Setuptools<81.
  from pkg_resources import parse_version
Round    1/30  coverage=0.5000  prec@K=0.0141  accepted=97  auc=0.5307  uauc=0.4716  loss=0.7481  (13.2s)
Round    2/30  coverage=0.5001  prec@K=0.0148  accepted=102  auc=0.5356  uauc=0.5050  loss=0.7480  (7.1s)
Round    3/30  coverage=0.5002  prec@K=0.0161  accepted=111  auc=0.4965  uauc=0.5325  loss=0.7480  (7.2s)
Round    4/30  coverage=0.5003  prec@K=0.0153  accepted=104  auc=0.5232  uauc=0.5065  loss=0.7477  (6.9s)
Round    5/30  coverage=0.5004  prec@K=0.0159  accepted=110  auc=0.5368  uauc=0.5193  loss=0.7468  (7.1s)
Round    6/30  coverage=0.5004  prec@K=0.0132  accepted=90  auc=0.5042  uauc=0.5109  loss=0.7464  (7.2s)
Round    7/30  coverage=0.5005  prec@K=0.0163  accepted=110  auc=0.5353  uauc=0.4604  loss=0.7459  (6.9s)
Round    8/30  coverage=0.5005  prec@K=0.0131  accepted=90  auc=0.5185  uauc=0.5074  loss=0.7459  (7.5s)
Round    9/30  coverage=0.5006  prec@K=0.0130  accepted=89  auc=0.5042  uauc=0.5191  loss=0.7454  (7.4s)
Round   10/30  coverage=0.5006  prec@K=0.0132  accepted=92  auc=0.5209  uauc=0.4857  loss=0.7448  (8.1s)
Round   11/30  coverage=0.5007  prec@K=0.0141  accepted=97  auc=0.5352  uauc=0.5607  loss=0.7445  (13.3s)
Round   12/30  coverage=0.5007  prec@K=0.0140  accepted=96  auc=0.5526  uauc=0.5129  loss=0.7439  (8.7s)
Round   13/30  coverage=0.5008  prec@K=0.0164  accepted=112  auc=0.5238  uauc=0.4805  loss=0.7435  (8.8s)
Round   14/30  coverage=0.5009  prec@K=0.0124  accepted=85  auc=0.5447  uauc=0.5028  loss=0.7426  (8.6s)
Round   15/30  coverage=0.5009  prec@K=0.0124  accepted=86  auc=0.5168  uauc=0.5335  loss=0.7423  (8.8s)
Round   16/30  coverage=0.5009  prec@K=0.0140  accepted=95  auc=0.5035  uauc=0.5148  loss=0.7419  (8.5s)
Round   17/30  coverage=0.5010  prec@K=0.0147  accepted=103  auc=0.4886  uauc=0.4847  loss=0.7417  (8.9s)
Round   18/30  coverage=0.5011  prec@K=0.0133  accepted=91  auc=0.5024  uauc=0.5331  loss=0.7417  (9.2s)
Round   19/30  coverage=0.5011  prec@K=0.0145  accepted=99  auc=0.5569  uauc=0.5241  loss=0.7409  (9.9s)
Round   20/30  coverage=0.5012  prec@K=0.0101  accepted=70  auc=0.5209  uauc=0.5329  loss=0.7405  (9.6s)
Round   21/30  coverage=0.5012  prec@K=0.0114  accepted=78  auc=0.5281  uauc=0.5355  loss=0.7404  (14.7s)
Round   22/30  coverage=0.5013  prec@K=0.0135  accepted=92  auc=0.5263  uauc=0.4917  loss=0.7392  (10.1s)
Round   23/30  coverage=0.5013  prec@K=0.0145  accepted=101  auc=0.5555  uauc=0.4879  loss=0.7390  (10.0s)
Round   24/30  coverage=0.5014  prec@K=0.0119  accepted=82  auc=0.5721  uauc=0.5122  loss=0.7397  (10.6s)
Round   25/30  coverage=0.5015  prec@K=0.0162  accepted=112  auc=0.5102  uauc=0.4971  loss=0.7383  (10.6s)
Round   26/30  coverage=0.5015  prec@K=0.0129  accepted=88  auc=0.5354  uauc=0.4957  loss=0.7383  (11.0s)
Round   27/30  coverage=0.5016  prec@K=0.0153  accepted=105  auc=0.5129  uauc=0.5445  loss=0.7377  (10.8s)
Round   28/30  coverage=0.5016  prec@K=0.0127  accepted=87  auc=0.4726  uauc=0.5026  loss=0.7376  (11.3s)
Round   29/30  coverage=0.5017  prec@K=0.0142  accepted=98  auc=0.4947  uauc=0.4928  loss=0.7367  (11.5s)
Round   30/30  coverage=0.5017  prec@K=0.0160  accepted=108  auc=0.4342  uauc=0.4546  loss=0.7365  (11.9s)

结果已写入 results\orchestrator\runs\ir50_constlr5e5_ppos95_pneg01\epinions\gnn_concat_h8_s1/rounds.csv
