=== epinions_pa_s42  started 2026-05-09T18:08:16 ===

C:\conda\envs\gnn\lib\site-packages\requests\__init__.py:86: RequestsDependencyWarning: Unable to find acceptable character detection dependency (chardet or charset_normalizer).
  warnings.warn(
C:\conda\envs\gnn\lib\site-packages\outdated\__init__.py:36: UserWarning: pkg_resources is deprecated as an API. See https://setuptools.pypa.io/en/latest/pkg_resources.html. The pkg_resources package is slated for removal as early as 2025-11-30. Refrain from using this package or pin to Setuptools<81.
  from pkg_resources import parse_version
Round    1/30  coverage=0.5001  prec@K=0.0175  accepted=120  auc=0.5701  uauc=0.5599  loss=nan  (5.9s)
Round    2/30  coverage=0.5002  prec@K=0.0182  accepted=124  auc=0.5646  uauc=0.4993  loss=nan  (0.6s)
Round    3/30  coverage=0.5003  prec@K=0.0173  accepted=118  auc=0.5497  uauc=0.5564  loss=nan  (0.7s)
Round    4/30  coverage=0.5003  prec@K=0.0152  accepted=105  auc=0.5983  uauc=0.5291  loss=nan  (0.7s)
Round    5/30  coverage=0.5004  prec@K=0.0161  accepted=110  auc=0.5450  uauc=0.4502  loss=nan  (0.8s)
Round    6/30  coverage=0.5005  prec@K=0.0152  accepted=105  auc=0.5601  uauc=0.5301  loss=nan  (0.8s)
Round    7/30  coverage=0.5006  prec@K=0.0165  accepted=114  auc=0.5352  uauc=0.4939  loss=nan  (0.9s)
Round    8/30  coverage=0.5007  prec@K=0.0161  accepted=110  auc=0.5365  uauc=0.5693  loss=nan  (1.0s)
Round    9/30  coverage=0.5008  prec@K=0.0157  accepted=108  auc=0.6119  uauc=0.5348  loss=nan  (1.0s)
Round   10/30  coverage=0.5008  prec@K=0.0130  accepted=89  auc=0.5420  uauc=0.5243  loss=nan  (1.2s)
Round   11/30  coverage=0.5009  prec@K=0.0156  accepted=105  auc=0.5490  uauc=0.5595  loss=nan  (6.8s)
Round   12/30  coverage=0.5010  prec@K=0.0145  accepted=99  auc=0.4998  uauc=0.5354  loss=nan  (1.8s)
Round   13/30  coverage=0.5011  prec@K=0.0149  accepted=101  auc=0.5590  uauc=0.5778  loss=nan  (1.8s)
Round   14/30  coverage=0.5012  prec@K=0.0164  accepted=112  auc=0.5074  uauc=0.5340  loss=nan  (1.7s)
Round   15/30  coverage=0.5012  prec@K=0.0161  accepted=110  auc=0.5821  uauc=0.5337  loss=nan  (2.1s)
Round   16/30  coverage=0.5013  prec@K=0.0176  accepted=120  auc=0.5402  uauc=0.4555  loss=nan  (2.3s)
Round   17/30  coverage=0.5014  prec@K=0.0172  accepted=118  auc=0.5192  uauc=0.5137  loss=nan  (2.7s)
Round   18/30  coverage=0.5014  prec@K=0.0145  accepted=98  auc=0.5118  uauc=0.5032  loss=nan  (2.7s)
Round   19/30  coverage=0.5015  prec@K=0.0143  accepted=99  auc=0.5276  uauc=0.4906  loss=nan  (3.1s)
Round   20/30  coverage=0.5016  prec@K=0.0174  accepted=118  auc=0.5233  uauc=0.4999  loss=nan  (3.0s)
Round   21/30  coverage=0.5016  prec@K=0.0157  accepted=106  auc=0.5403  uauc=0.5145  loss=nan  (8.5s)
Round   22/30  coverage=0.5018  prec@K=0.0171  accepted=118  auc=0.5619  uauc=0.5161  loss=nan  (2.8s)
Round   23/30  coverage=0.5019  prec@K=0.0168  accepted=117  auc=0.5329  uauc=0.4913  loss=nan  (3.0s)
Round   24/30  coverage=0.5019  prec@K=0.0141  accepted=96  auc=0.5422  uauc=0.5580  loss=nan  (3.6s)
Round   25/30  coverage=0.5020  prec@K=0.0164  accepted=111  auc=0.5606  uauc=0.4832  loss=nan  (3.4s)
Round   26/30  coverage=0.5021  prec@K=0.0134  accepted=91  auc=0.5050  uauc=0.5340  loss=nan  (3.8s)
Round   27/30  coverage=0.5022  prec@K=0.0148  accepted=102  auc=0.5817  uauc=0.5604  loss=nan  (3.8s)
Round   28/30  coverage=0.5022  prec@K=0.0158  accepted=107  auc=0.5193  uauc=0.5682  loss=nan  (4.0s)
Round   29/30  coverage=0.5023  prec@K=0.0181  accepted=123  auc=0.5194  uauc=0.4882  loss=nan  (4.4s)
Round   30/30  coverage=0.5024  prec@K=0.0159  accepted=107  auc=0.5302  uauc=0.4698  loss=nan  (4.0s)

结果已写入 results\orchestrator\runs\ir50_constlr5e5_ppos95_pneg01\epinions\pa_s42/rounds.csv
