=== epinions_jaccard_s42  started 2026-05-09T18:06:36 ===

C:\conda\envs\gnn\lib\site-packages\requests\__init__.py:86: RequestsDependencyWarning: Unable to find acceptable character detection dependency (chardet or charset_normalizer).
  warnings.warn(
C:\conda\envs\gnn\lib\site-packages\outdated\__init__.py:36: UserWarning: pkg_resources is deprecated as an API. See https://setuptools.pypa.io/en/latest/pkg_resources.html. The pkg_resources package is slated for removal as early as 2025-11-30. Refrain from using this package or pin to Setuptools<81.
  from pkg_resources import parse_version
Round    1/30  coverage=0.5001  prec@K=0.0210  accepted=144  auc=0.5517  uauc=0.5582  loss=nan  (6.0s)
Round    2/30  coverage=0.5003  prec@K=0.0213  accepted=145  auc=0.5537  uauc=0.5103  loss=nan  (0.7s)
Round    3/30  coverage=0.5004  prec@K=0.0204  accepted=139  auc=0.5391  uauc=0.5175  loss=nan  (0.8s)
Round    4/30  coverage=0.5005  prec@K=0.0188  accepted=130  auc=0.5503  uauc=0.5614  loss=nan  (0.8s)
Round    5/30  coverage=0.5006  prec@K=0.0188  accepted=129  auc=0.5761  uauc=0.5997  loss=nan  (0.9s)
Round    6/30  coverage=0.5008  prec@K=0.0199  accepted=137  auc=0.5785  uauc=0.5759  loss=nan  (0.9s)
Round    7/30  coverage=0.5009  prec@K=0.0194  accepted=134  auc=0.5723  uauc=0.5530  loss=nan  (1.0s)
Round    8/30  coverage=0.5011  prec@K=0.0200  accepted=137  auc=0.5495  uauc=0.5493  loss=nan  (1.2s)
Round    9/30  coverage=0.5012  prec@K=0.0192  accepted=132  auc=0.5443  uauc=0.6038  loss=nan  (1.5s)
Round   10/30  coverage=0.5013  prec@K=0.0183  accepted=125  auc=0.5712  uauc=0.5219  loss=nan  (1.5s)
Round   11/30  coverage=0.5015  prec@K=0.0201  accepted=135  auc=0.5591  uauc=0.5576  loss=nan  (6.8s)
Round   12/30  coverage=0.5016  prec@K=0.0200  accepted=137  auc=0.5582  uauc=0.5904  loss=nan  (1.7s)
Round   13/30  coverage=0.5018  prec@K=0.0192  accepted=130  auc=0.5645  uauc=0.5232  loss=nan  (2.0s)
Round   14/30  coverage=0.5019  prec@K=0.0189  accepted=129  auc=0.5281  uauc=0.5330  loss=nan  (2.0s)
Round   15/30  coverage=0.5020  prec@K=0.0202  accepted=138  auc=0.5868  uauc=0.5961  loss=nan  (2.3s)
Round   16/30  coverage=0.5021  prec@K=0.0194  accepted=132  auc=0.5518  uauc=0.5435  loss=nan  (2.4s)
Round   17/30  coverage=0.5022  prec@K=0.0182  accepted=124  auc=0.5343  uauc=0.5183  loss=nan  (2.6s)
Round   18/30  coverage=0.5023  prec@K=0.0168  accepted=114  auc=0.5708  uauc=0.5873  loss=nan  (2.8s)
Round   19/30  coverage=0.5025  prec@K=0.0213  accepted=147  auc=0.5544  uauc=0.5855  loss=nan  (3.1s)
Round   20/30  coverage=0.5026  prec@K=0.0220  accepted=149  auc=0.5707  uauc=0.5792  loss=nan  (3.1s)
Round   21/30  coverage=0.5027  prec@K=0.0199  accepted=134  auc=0.5261  uauc=0.5837  loss=nan  (8.5s)
Round   22/30  coverage=0.5029  prec@K=0.0193  accepted=133  auc=0.5580  uauc=0.5639  loss=nan  (3.2s)
Round   23/30  coverage=0.5030  prec@K=0.0184  accepted=128  auc=0.5506  uauc=0.5696  loss=nan  (3.3s)
Round   24/30  coverage=0.5031  prec@K=0.0167  accepted=114  auc=0.5359  uauc=0.5754  loss=nan  (3.7s)
Round   25/30  coverage=0.5032  prec@K=0.0202  accepted=137  auc=0.5651  uauc=0.5219  loss=nan  (3.5s)
Round   26/30  coverage=0.5033  prec@K=0.0166  accepted=113  auc=0.5478  uauc=0.5888  loss=nan  (3.9s)
Round   27/30  coverage=0.5034  prec@K=0.0176  accepted=121  auc=0.5435  uauc=0.5385  loss=nan  (3.9s)
Round   28/30  coverage=0.5036  prec@K=0.0182  accepted=124  auc=0.5257  uauc=0.5366  loss=nan  (4.2s)
Round   29/30  coverage=0.5037  prec@K=0.0214  accepted=146  auc=0.5133  uauc=0.5567  loss=nan  (4.7s)
Round   30/30  coverage=0.5039  prec@K=0.0227  accepted=154  auc=0.5746  uauc=0.6119  loss=nan  (4.6s)

结果已写入 results\orchestrator\runs\ir50_constlr5e5_ppos95_pneg01\epinions\jaccard_s42/rounds.csv
