=== epinions_gnn_concat_h8_s42  started 2026-05-09T17:51:06 ===

C:\conda\envs\gnn\lib\site-packages\requests\__init__.py:86: RequestsDependencyWarning: Unable to find acceptable character detection dependency (chardet or charset_normalizer).
  warnings.warn(
C:\conda\envs\gnn\lib\site-packages\outdated\__init__.py:36: UserWarning: pkg_resources is deprecated as an API. See https://setuptools.pypa.io/en/latest/pkg_resources.html. The pkg_resources package is slated for removal as early as 2025-11-30. Refrain from using this package or pin to Setuptools<81.
  from pkg_resources import parse_version
Round    1/30  coverage=0.5001  prec@K=0.0228  accepted=156  auc=0.4652  uauc=0.6231  loss=0.6729  (13.3s)
Round    2/30  coverage=0.5003  prec@K=0.0245  accepted=167  auc=0.4583  uauc=0.6417  loss=0.6726  (7.1s)
Round    3/30  coverage=0.5005  prec@K=0.0229  accepted=156  auc=0.4635  uauc=0.6083  loss=0.6721  (7.5s)
Round    4/30  coverage=0.5007  prec@K=0.0236  accepted=163  auc=0.4030  uauc=0.6018  loss=0.6723  (7.3s)
Round    5/30  coverage=0.5008  prec@K=0.0210  accepted=144  auc=0.4365  uauc=0.5940  loss=0.6708  (7.6s)
Round    6/30  coverage=0.5010  prec@K=0.0226  accepted=156  auc=0.4348  uauc=0.6177  loss=0.6713  (6.9s)
Round    7/30  coverage=0.5012  prec@K=0.0220  accepted=152  auc=0.4491  uauc=0.6247  loss=0.6700  (7.7s)
Round    8/30  coverage=0.5014  prec@K=0.0225  accepted=154  auc=0.4345  uauc=0.5790  loss=0.6697  (7.5s)
Round    9/30  coverage=0.5015  prec@K=0.0211  accepted=145  auc=0.4357  uauc=0.6227  loss=0.6687  (7.9s)
Round   10/30  coverage=0.5017  prec@K=0.0190  accepted=130  auc=0.4306  uauc=0.6307  loss=0.6680  (7.4s)
Round   11/30  coverage=0.5018  prec@K=0.0225  accepted=151  auc=0.4257  uauc=0.6149  loss=0.6674  (12.8s)
Round   12/30  coverage=0.5020  prec@K=0.0226  accepted=154  auc=0.3952  uauc=0.6459  loss=0.6675  (7.8s)
Round   13/30  coverage=0.5022  prec@K=0.0217  accepted=147  auc=0.4197  uauc=0.6099  loss=0.6660  (8.0s)
Round   14/30  coverage=0.5024  prec@K=0.0222  accepted=152  auc=0.4436  uauc=0.6275  loss=0.6666  (8.5s)
Round   15/30  coverage=0.5025  prec@K=0.0208  accepted=142  auc=0.4110  uauc=0.5970  loss=0.6659  (8.5s)
Round   16/30  coverage=0.5026  prec@K=0.0200  accepted=136  auc=0.4751  uauc=0.5573  loss=0.6659  (8.1s)
Round   17/30  coverage=0.5027  prec@K=0.0205  accepted=140  auc=0.4959  uauc=0.5704  loss=0.6658  (8.2s)
Round   18/30  coverage=0.5029  prec@K=0.0202  accepted=137  auc=0.3996  uauc=0.5943  loss=0.6638  (9.1s)
Round   19/30  coverage=0.5030  prec@K=0.0199  accepted=138  auc=0.4047  uauc=0.6066  loss=0.6637  (9.4s)
Round   20/30  coverage=0.5032  prec@K=0.0235  accepted=159  auc=0.4515  uauc=0.5855  loss=0.6626  (10.0s)
Round   21/30  coverage=0.5033  prec@K=0.0222  accepted=150  auc=0.3944  uauc=0.6421  loss=0.6623  (14.8s)
Round   22/30  coverage=0.5035  prec@K=0.0207  accepted=143  auc=0.4682  uauc=0.6321  loss=0.6612  (10.6s)
Round   23/30  coverage=0.5036  prec@K=0.0215  accepted=149  auc=0.4362  uauc=0.6187  loss=0.6614  (10.0s)
Round   24/30  coverage=0.5038  prec@K=0.0200  accepted=136  auc=0.4378  uauc=0.6547  loss=0.6610  (10.1s)
Round   25/30  coverage=0.5040  prec@K=0.0228  accepted=154  auc=0.4275  uauc=0.6419  loss=0.6607  (10.2s)
Round   26/30  coverage=0.5041  prec@K=0.0186  accepted=127  auc=0.4223  uauc=0.6263  loss=0.6595  (10.8s)
Round   27/30  coverage=0.5042  prec@K=0.0197  accepted=136  auc=0.4388  uauc=0.6125  loss=0.6592  (10.9s)
Round   28/30  coverage=0.5044  prec@K=0.0212  accepted=144  auc=0.3887  uauc=0.6325  loss=0.6582  (11.0s)
Round   29/30  coverage=0.5046  prec@K=0.0236  accepted=160  auc=0.4042  uauc=0.6046  loss=0.6586  (11.3s)
Round   30/30  coverage=0.5048  prec@K=0.0257  accepted=173  auc=0.3513  uauc=0.6196  loss=0.6577  (11.4s)

结果已写入 results\orchestrator\runs\ir50_constlr5e5_ppos95_pneg01\epinions\gnn_concat_h8_s42/rounds.csv
