=== epinions_cn_s0  started 2026-05-09T17:38:49 ===

C:\conda\envs\gnn\lib\site-packages\requests\__init__.py:86: RequestsDependencyWarning: Unable to find acceptable character detection dependency (chardet or charset_normalizer).
  warnings.warn(
C:\conda\envs\gnn\lib\site-packages\outdated\__init__.py:36: UserWarning: pkg_resources is deprecated as an API. See https://setuptools.pypa.io/en/latest/pkg_resources.html. The pkg_resources package is slated for removal as early as 2025-11-30. Refrain from using this package or pin to Setuptools<81.
  from pkg_resources import parse_version
Round    1/30  coverage=0.5002  prec@K=0.0273  accepted=188  auc=0.6947  uauc=0.5995  loss=nan  (6.1s)
Round    2/30  coverage=0.5004  prec@K=0.0241  accepted=165  auc=0.6758  uauc=0.5776  loss=nan  (0.6s)
Round    3/30  coverage=0.5005  prec@K=0.0206  accepted=143  auc=0.7189  uauc=0.5999  loss=nan  (0.7s)
Round    4/30  coverage=0.5007  prec@K=0.0207  accepted=143  auc=0.6614  uauc=0.5718  loss=nan  (0.8s)
Round    5/30  coverage=0.5009  prec@K=0.0251  accepted=170  auc=0.6837  uauc=0.5417  loss=nan  (0.8s)
Round    6/30  coverage=0.5010  prec@K=0.0203  accepted=139  auc=0.6911  uauc=0.5666  loss=nan  (0.8s)
Round    7/30  coverage=0.5012  prec@K=0.0244  accepted=167  auc=0.6655  uauc=0.5890  loss=nan  (0.9s)
Round    8/30  coverage=0.5014  prec@K=0.0231  accepted=158  auc=0.6809  uauc=0.5759  loss=nan  (1.0s)
Round    9/30  coverage=0.5015  prec@K=0.0201  accepted=138  auc=0.6975  uauc=0.5612  loss=nan  (1.2s)
Round   10/30  coverage=0.5017  prec@K=0.0218  accepted=148  auc=0.7136  uauc=0.5739  loss=nan  (1.5s)
Round   11/30  coverage=0.5019  prec@K=0.0241  accepted=168  auc=0.7373  uauc=0.6032  loss=nan  (7.0s)
Round   12/30  coverage=0.5021  prec@K=0.0221  accepted=150  auc=0.6624  uauc=0.5954  loss=nan  (1.6s)
Round   13/30  coverage=0.5023  prec@K=0.0269  accepted=184  auc=0.7107  uauc=0.5758  loss=nan  (1.7s)
Round   14/30  coverage=0.5024  prec@K=0.0232  accepted=159  auc=0.6860  uauc=0.5913  loss=nan  (2.1s)
Round   15/30  coverage=0.5027  prec@K=0.0249  accepted=173  auc=0.7174  uauc=0.5811  loss=nan  (2.3s)
Round   16/30  coverage=0.5028  prec@K=0.0212  accepted=144  auc=0.6738  uauc=0.5996  loss=nan  (2.5s)
Round   17/30  coverage=0.5029  prec@K=0.0156  accepted=109  auc=0.7116  uauc=0.5471  loss=nan  (2.6s)
Round   18/30  coverage=0.5031  prec@K=0.0233  accepted=161  auc=0.7182  uauc=0.6018  loss=nan  (2.7s)
Round   19/30  coverage=0.5032  prec@K=0.0192  accepted=131  auc=0.6608  uauc=0.5692  loss=nan  (3.0s)
Round   20/30  coverage=0.5033  prec@K=0.0169  accepted=116  auc=0.6622  uauc=0.5631  loss=nan  (3.1s)
Round   21/30  coverage=0.5035  prec@K=0.0209  accepted=144  auc=0.6914  uauc=0.5680  loss=nan  (9.0s)
Round   22/30  coverage=0.5037  prec@K=0.0266  accepted=184  auc=0.7194  uauc=0.6149  loss=nan  (3.2s)
Round   23/30  coverage=0.5038  prec@K=0.0211  accepted=146  auc=0.6812  uauc=0.5822  loss=nan  (3.4s)
Round   24/30  coverage=0.5040  prec@K=0.0250  accepted=173  auc=0.7312  uauc=0.6146  loss=nan  (3.6s)
Round   25/30  coverage=0.5042  prec@K=0.0217  accepted=146  auc=0.6770  uauc=0.5834  loss=nan  (3.6s)
Round   26/30  coverage=0.5043  prec@K=0.0230  accepted=158  auc=0.6737  uauc=0.5862  loss=nan  (3.7s)
Round   27/30  coverage=0.5045  prec@K=0.0204  accepted=139  auc=0.6968  uauc=0.5935  loss=nan  (4.1s)
Round   28/30  coverage=0.5046  prec@K=0.0215  accepted=149  auc=0.7289  uauc=0.5841  loss=nan  (4.5s)
Round   29/30  coverage=0.5048  prec@K=0.0169  accepted=117  auc=0.7158  uauc=0.6297  loss=nan  (4.4s)
Round   30/30  coverage=0.5049  prec@K=0.0197  accepted=137  auc=0.6485  uauc=0.5717  loss=nan  (5.4s)

结果已写入 results\orchestrator\runs\ir50_constlr5e5_ppos95_pneg01\epinions\cn_s0/rounds.csv
