=== epinions_jaccard_s3  started 2026-05-09T18:06:33 ===

C:\conda\envs\gnn\lib\site-packages\requests\__init__.py:86: RequestsDependencyWarning: Unable to find acceptable character detection dependency (chardet or charset_normalizer).
  warnings.warn(
C:\conda\envs\gnn\lib\site-packages\outdated\__init__.py:36: UserWarning: pkg_resources is deprecated as an API. See https://setuptools.pypa.io/en/latest/pkg_resources.html. The pkg_resources package is slated for removal as early as 2025-11-30. Refrain from using this package or pin to Setuptools<81.
  from pkg_resources import parse_version
Round    1/30  coverage=0.5002  prec@K=0.0222  accepted=151  auc=0.5840  uauc=0.5893  loss=nan  (6.1s)
Round    2/30  coverage=0.5003  prec@K=0.0191  accepted=131  auc=0.5510  uauc=0.5862  loss=nan  (0.7s)
Round    3/30  coverage=0.5004  prec@K=0.0209  accepted=144  auc=0.5764  uauc=0.5871  loss=nan  (0.7s)
Round    4/30  coverage=0.5005  prec@K=0.0186  accepted=126  auc=0.5731  uauc=0.5003  loss=nan  (0.8s)
Round    5/30  coverage=0.5007  prec@K=0.0185  accepted=127  auc=0.5607  uauc=0.5725  loss=nan  (0.9s)
Round    6/30  coverage=0.5008  prec@K=0.0182  accepted=126  auc=0.5227  uauc=0.5148  loss=nan  (0.9s)
Round    7/30  coverage=0.5009  prec@K=0.0200  accepted=137  auc=0.5671  uauc=0.5769  loss=nan  (1.0s)
Round    8/30  coverage=0.5010  prec@K=0.0153  accepted=105  auc=0.5627  uauc=0.5519  loss=nan  (1.1s)
Round    9/30  coverage=0.5012  prec@K=0.0260  accepted=179  auc=0.5264  uauc=0.5357  loss=nan  (1.3s)
Round   10/30  coverage=0.5013  prec@K=0.0205  accepted=143  auc=0.5216  uauc=0.5652  loss=nan  (1.6s)
Round   11/30  coverage=0.5015  prec@K=0.0194  accepted=133  auc=0.5654  uauc=0.5429  loss=nan  (7.0s)
Round   12/30  coverage=0.5016  prec@K=0.0163  accepted=114  auc=0.5606  uauc=0.5374  loss=nan  (1.7s)
Round   13/30  coverage=0.5017  prec@K=0.0188  accepted=129  auc=0.5693  uauc=0.5832  loss=nan  (1.8s)
Round   14/30  coverage=0.5019  prec@K=0.0217  accepted=152  auc=0.5458  uauc=0.5906  loss=nan  (2.0s)
Round   15/30  coverage=0.5020  prec@K=0.0178  accepted=122  auc=0.5686  uauc=0.5299  loss=nan  (2.4s)
Round   16/30  coverage=0.5021  prec@K=0.0189  accepted=129  auc=0.5469  uauc=0.5566  loss=nan  (2.6s)
Round   17/30  coverage=0.5023  prec@K=0.0178  accepted=120  auc=0.5497  uauc=0.5634  loss=nan  (2.6s)
Round   18/30  coverage=0.5024  prec@K=0.0188  accepted=130  auc=0.5534  uauc=0.5621  loss=nan  (2.8s)
Round   19/30  coverage=0.5025  prec@K=0.0168  accepted=115  auc=0.4960  uauc=0.5176  loss=nan  (2.8s)
Round   20/30  coverage=0.5026  prec@K=0.0191  accepted=131  auc=0.5532  uauc=0.5951  loss=nan  (3.3s)
Round   21/30  coverage=0.5028  prec@K=0.0210  accepted=141  auc=0.5689  uauc=0.5842  loss=nan  (8.6s)
Round   22/30  coverage=0.5029  prec@K=0.0214  accepted=149  auc=0.5377  uauc=0.5477  loss=nan  (3.3s)
Round   23/30  coverage=0.5031  prec@K=0.0202  accepted=134  auc=0.5647  uauc=0.5621  loss=nan  (3.4s)
Round   24/30  coverage=0.5032  prec@K=0.0194  accepted=134  auc=0.5482  uauc=0.5676  loss=nan  (3.5s)
Round   25/30  coverage=0.5033  prec@K=0.0213  accepted=146  auc=0.5452  uauc=0.5425  loss=nan  (4.1s)
Round   26/30  coverage=0.5035  prec@K=0.0206  accepted=142  auc=0.5760  uauc=0.5842  loss=nan  (3.9s)
Round   27/30  coverage=0.5036  prec@K=0.0204  accepted=138  auc=0.5695  uauc=0.5798  loss=nan  (4.1s)
Round   28/30  coverage=0.5038  prec@K=0.0186  accepted=127  auc=0.5536  uauc=0.5121  loss=nan  (4.3s)
Round   29/30  coverage=0.5039  prec@K=0.0195  accepted=133  auc=0.5326  uauc=0.6198  loss=nan  (4.7s)
Round   30/30  coverage=0.5040  prec@K=0.0203  accepted=140  auc=0.5508  uauc=0.5478  loss=nan  (4.8s)

结果已写入 results\orchestrator\runs\ir50_constlr5e5_ppos95_pneg01\epinions\jaccard_s3/rounds.csv
