=== epinions_random_s2  started 2026-05-09T18:08:26 ===

C:\conda\envs\gnn\lib\site-packages\requests\__init__.py:86: RequestsDependencyWarning: Unable to find acceptable character detection dependency (chardet or charset_normalizer).
  warnings.warn(
C:\conda\envs\gnn\lib\site-packages\outdated\__init__.py:36: UserWarning: pkg_resources is deprecated as an API. See https://setuptools.pypa.io/en/latest/pkg_resources.html. The pkg_resources package is slated for removal as early as 2025-11-30. Refrain from using this package or pin to Setuptools<81.
  from pkg_resources import parse_version
Round    1/30  coverage=0.5001  prec@K=0.0135  accepted=94  loss=nan  (5.8s)
Round    2/30  coverage=0.5002  prec@K=0.0152  accepted=104  loss=nan  (0.4s)
Round    3/30  coverage=0.5002  prec@K=0.0156  accepted=108  loss=nan  (0.4s)
Round    4/30  coverage=0.5003  prec@K=0.0185  accepted=126  loss=nan  (0.5s)
Round    5/30  coverage=0.5004  prec@K=0.0154  accepted=106  loss=nan  (0.6s)
Round    6/30  coverage=0.5005  prec@K=0.0137  accepted=94  loss=nan  (0.6s)
Round    7/30  coverage=0.5005  prec@K=0.0158  accepted=109  loss=nan  (0.7s)
Round    8/30  coverage=0.5006  prec@K=0.0157  accepted=107  loss=nan  (0.8s)
Round    9/30  coverage=0.5006  prec@K=0.0184  accepted=129  loss=nan  (1.1s)
Round   10/30  coverage=0.5007  prec@K=0.0155  accepted=107  loss=nan  (1.3s)
Round   11/30  coverage=0.5008  prec@K=0.0170  accepted=118  loss=nan  (6.5s)
Round   12/30  coverage=0.5009  prec@K=0.0162  accepted=113  loss=nan  (1.6s)
Round   13/30  coverage=0.5010  prec@K=0.0151  accepted=105  loss=nan  (1.7s)
Round   14/30  coverage=0.5010  prec@K=0.0151  accepted=104  loss=nan  (1.9s)
Round   15/30  coverage=0.5011  prec@K=0.0153  accepted=106  loss=nan  (2.1s)
Round   16/30  coverage=0.5012  prec@K=0.0140  accepted=96  loss=nan  (2.2s)
Round   17/30  coverage=0.5013  prec@K=0.0163  accepted=111  loss=nan  (2.2s)
Round   18/30  coverage=0.5013  prec@K=0.0151  accepted=104  loss=nan  (2.7s)
Round   19/30  coverage=0.5014  prec@K=0.0150  accepted=102  loss=nan  (2.7s)
Round   20/30  coverage=0.5014  prec@K=0.0123  accepted=82  loss=nan  (2.5s)
Round   21/30  coverage=0.5015  prec@K=0.0180  accepted=122  loss=nan  (8.2s)
Round   22/30  coverage=0.5016  prec@K=0.0153  accepted=104  loss=nan  (3.0s)
Round   23/30  coverage=0.5017  prec@K=0.0148  accepted=101  loss=nan  (3.4s)
Round   24/30  coverage=0.5017  prec@K=0.0132  accepted=90  loss=nan  (3.3s)
Round   25/30  coverage=0.5018  prec@K=0.0116  accepted=78  loss=nan  (4.3s)
Round   26/30  coverage=0.5018  prec@K=0.0114  accepted=79  loss=nan  (3.7s)
Round   27/30  coverage=0.5019  prec@K=0.0143  accepted=99  loss=nan  (3.9s)
Round   28/30  coverage=0.5020  prec@K=0.0141  accepted=96  loss=nan  (4.3s)
Round   29/30  coverage=0.5020  prec@K=0.0146  accepted=100  loss=nan  (4.5s)
Round   30/30  coverage=0.5021  prec@K=0.0132  accepted=90  loss=nan  (5.0s)

结果已写入 results\orchestrator\runs\ir50_constlr5e5_ppos95_pneg01\epinions\random_s2/rounds.csv
