=== epinions_gnn_concat_h8_s0  started 2026-05-09T17:45:59 ===

C:\conda\envs\gnn\lib\site-packages\requests\__init__.py:86: RequestsDependencyWarning: Unable to find acceptable character detection dependency (chardet or charset_normalizer).
  warnings.warn(
C:\conda\envs\gnn\lib\site-packages\outdated\__init__.py:36: UserWarning: pkg_resources is deprecated as an API. See https://setuptools.pypa.io/en/latest/pkg_resources.html. The pkg_resources package is slated for removal as early as 2025-11-30. Refrain from using this package or pin to Setuptools<81.
  from pkg_resources import parse_version
Round    1/30  coverage=0.5001  prec@K=0.0208  accepted=143  auc=0.6057  uauc=0.5984  loss=0.8104  (13.2s)
Round    2/30  coverage=0.5002  prec@K=0.0168  accepted=115  auc=0.5697  uauc=0.5036  loss=0.8107  (6.9s)
Round    3/30  coverage=0.5003  prec@K=0.0141  accepted=98  auc=0.5330  uauc=0.5458  loss=0.8116  (7.7s)
Round    4/30  coverage=0.5003  prec@K=0.0156  accepted=108  auc=0.5852  uauc=0.5351  loss=0.8100  (7.4s)
Round    5/30  coverage=0.5004  prec@K=0.0168  accepted=114  auc=0.5510  uauc=0.5088  loss=0.8092  (7.4s)
Round    6/30  coverage=0.5005  prec@K=0.0149  accepted=102  auc=0.5547  uauc=0.5191  loss=0.8092  (7.1s)
Round    7/30  coverage=0.5006  prec@K=0.0181  accepted=124  auc=0.5462  uauc=0.5054  loss=0.8076  (7.2s)
Round    8/30  coverage=0.5007  prec@K=0.0182  accepted=125  auc=0.5712  uauc=0.5565  loss=0.8062  (7.7s)
Round    9/30  coverage=0.5008  prec@K=0.0147  accepted=101  auc=0.6154  uauc=0.5235  loss=0.8071  (7.9s)
Round   10/30  coverage=0.5008  prec@K=0.0143  accepted=97  auc=0.5458  uauc=0.4849  loss=0.8062  (7.9s)
Round   11/30  coverage=0.5009  prec@K=0.0149  accepted=104  auc=0.5490  uauc=0.5119  loss=0.8054  (13.3s)
Round   12/30  coverage=0.5010  prec@K=0.0167  accepted=113  auc=0.5403  uauc=0.5213  loss=0.8043  (7.9s)
Round   13/30  coverage=0.5011  prec@K=0.0162  accepted=111  auc=0.5675  uauc=0.5524  loss=0.8039  (8.2s)
Round   14/30  coverage=0.5011  prec@K=0.0157  accepted=107  auc=0.5771  uauc=0.5120  loss=0.8030  (8.5s)
Round   15/30  coverage=0.5012  prec@K=0.0155  accepted=107  auc=0.5928  uauc=0.5530  loss=0.8026  (8.3s)
Round   16/30  coverage=0.5013  prec@K=0.0138  accepted=94  auc=0.5394  uauc=0.5022  loss=0.8027  (8.3s)
Round   17/30  coverage=0.5013  prec@K=0.0116  accepted=81  auc=0.5855  uauc=0.5566  loss=0.8019  (9.3s)
Round   18/30  coverage=0.5014  prec@K=0.0166  accepted=115  auc=0.5899  uauc=0.5700  loss=0.8004  (8.9s)
Round   19/30  coverage=0.5015  prec@K=0.0133  accepted=91  auc=0.5229  uauc=0.5071  loss=0.8006  (9.4s)
Round   20/30  coverage=0.5015  prec@K=0.0130  accepted=89  auc=0.5411  uauc=0.4590  loss=0.8000  (9.5s)
Round   21/30  coverage=0.5016  prec@K=0.0141  accepted=97  auc=0.5744  uauc=0.5473  loss=0.7989  (15.3s)
Round   22/30  coverage=0.5017  prec@K=0.0181  accepted=125  auc=0.5316  uauc=0.5229  loss=0.7971  (10.4s)
Round   23/30  coverage=0.5017  prec@K=0.0150  accepted=104  auc=0.5575  uauc=0.5918  loss=0.7978  (10.3s)
Round   24/30  coverage=0.5018  prec@K=0.0161  accepted=111  auc=0.6052  uauc=0.5514  loss=0.7973  (10.6s)
Round   25/30  coverage=0.5019  prec@K=0.0154  accepted=104  auc=0.5999  uauc=0.5236  loss=0.7961  (10.3s)
Round   26/30  coverage=0.5019  prec@K=0.0173  accepted=119  auc=0.4714  uauc=0.4952  loss=0.7950  (11.0s)
Round   27/30  coverage=0.5020  prec@K=0.0142  accepted=97  auc=0.5693  uauc=0.4992  loss=0.7955  (11.0s)
Round   28/30  coverage=0.5020  prec@K=0.0138  accepted=96  auc=0.5464  uauc=0.5404  loss=0.7953  (11.6s)
Round   29/30  coverage=0.5021  prec@K=0.0102  accepted=71  auc=0.5508  uauc=0.5523  loss=0.7955  (11.8s)
Round   30/30  coverage=0.5022  prec@K=0.0172  accepted=120  auc=0.5722  uauc=0.5511  loss=0.7929  (12.4s)

结果已写入 results\orchestrator\runs\ir50_constlr5e5_ppos95_pneg01\epinions\gnn_concat_h8_s0/rounds.csv
