=== epinions_pa_s1  started 2026-05-09T18:06:37 ===

C:\conda\envs\gnn\lib\site-packages\requests\__init__.py:86: RequestsDependencyWarning: Unable to find acceptable character detection dependency (chardet or charset_normalizer).
  warnings.warn(
C:\conda\envs\gnn\lib\site-packages\outdated\__init__.py:36: UserWarning: pkg_resources is deprecated as an API. See https://setuptools.pypa.io/en/latest/pkg_resources.html. The pkg_resources package is slated for removal as early as 2025-11-30. Refrain from using this package or pin to Setuptools<81.
  from pkg_resources import parse_version
Round    1/30  coverage=0.5001  prec@K=0.0170  accepted=117  auc=0.5756  uauc=0.4904  loss=nan  (5.9s)
Round    2/30  coverage=0.5002  prec@K=0.0160  accepted=110  auc=0.5494  uauc=0.5073  loss=nan  (0.6s)
Round    3/30  coverage=0.5003  prec@K=0.0177  accepted=122  auc=0.5132  uauc=0.5175  loss=nan  (0.7s)
Round    4/30  coverage=0.5004  prec@K=0.0156  accepted=106  auc=0.5945  uauc=0.4944  loss=nan  (0.7s)
Round    5/30  coverage=0.5005  prec@K=0.0173  accepted=119  auc=0.5301  uauc=0.5103  loss=nan  (0.8s)
Round    6/30  coverage=0.5005  prec@K=0.0148  accepted=101  auc=0.5605  uauc=0.5602  loss=nan  (0.8s)
Round    7/30  coverage=0.5006  prec@K=0.0170  accepted=115  auc=0.5119  uauc=0.5117  loss=nan  (1.0s)
Round    8/30  coverage=0.5007  prec@K=0.0143  accepted=98  auc=0.5685  uauc=0.4495  loss=nan  (1.0s)
Round    9/30  coverage=0.5007  prec@K=0.0157  accepted=107  auc=0.5762  uauc=0.5229  loss=nan  (1.2s)
Round   10/30  coverage=0.5008  prec@K=0.0164  accepted=115  auc=0.5689  uauc=0.5260  loss=nan  (1.4s)
Round   11/30  coverage=0.5009  prec@K=0.0156  accepted=107  auc=0.5726  uauc=0.5530  loss=nan  (6.7s)
Round   12/30  coverage=0.5010  prec@K=0.0169  accepted=116  auc=0.5746  uauc=0.5209  loss=nan  (1.6s)
Round   13/30  coverage=0.5011  prec@K=0.0177  accepted=121  auc=0.5334  uauc=0.4839  loss=nan  (1.9s)
Round   14/30  coverage=0.5012  prec@K=0.0141  accepted=97  auc=0.5590  uauc=0.5329  loss=nan  (2.1s)
Round   15/30  coverage=0.5013  prec@K=0.0155  accepted=108  auc=0.5749  uauc=0.5299  loss=nan  (2.1s)
Round   16/30  coverage=0.5013  prec@K=0.0158  accepted=108  auc=0.5516  uauc=0.5293  loss=nan  (2.2s)
Round   17/30  coverage=0.5014  prec@K=0.0174  accepted=122  auc=0.5579  uauc=0.4943  loss=nan  (2.5s)
Round   18/30  coverage=0.5015  prec@K=0.0135  accepted=93  auc=0.5424  uauc=0.4698  loss=nan  (2.5s)
Round   19/30  coverage=0.5016  prec@K=0.0149  accepted=102  auc=0.6038  uauc=0.5018  loss=nan  (2.9s)
Round   20/30  coverage=0.5016  prec@K=0.0123  accepted=85  auc=0.5226  uauc=0.5164  loss=nan  (3.0s)
Round   21/30  coverage=0.5017  prec@K=0.0135  accepted=93  auc=0.5801  uauc=0.4896  loss=nan  (8.6s)
Round   22/30  coverage=0.5018  prec@K=0.0163  accepted=111  auc=0.5746  uauc=0.5294  loss=nan  (3.1s)
Round   23/30  coverage=0.5019  prec@K=0.0166  accepted=115  auc=0.5580  uauc=0.4804  loss=nan  (2.9s)
Round   24/30  coverage=0.5020  prec@K=0.0152  accepted=105  auc=0.6046  uauc=0.5255  loss=nan  (3.1s)
Round   25/30  coverage=0.5021  prec@K=0.0167  accepted=115  auc=0.5038  uauc=0.5244  loss=nan  (3.6s)
Round   26/30  coverage=0.5022  prec@K=0.0147  accepted=100  auc=0.5751  uauc=0.5132  loss=nan  (3.7s)
Round   27/30  coverage=0.5023  prec@K=0.0173  accepted=119  auc=0.5913  uauc=0.5736  loss=nan  (3.8s)
Round   28/30  coverage=0.5023  prec@K=0.0156  accepted=107  auc=0.5077  uauc=0.4872  loss=nan  (3.9s)
Round   29/30  coverage=0.5024  prec@K=0.0163  accepted=112  auc=0.5907  uauc=0.5294  loss=nan  (4.1s)
Round   30/30  coverage=0.5025  prec@K=0.0191  accepted=129  auc=0.5768  uauc=0.5267  loss=nan  (4.6s)

结果已写入 results\orchestrator\runs\ir50_constlr5e5_ppos95_pneg01\epinions\pa_s1/rounds.csv
