=== epinions_gat_emb_s2  started 2026-05-09T17:40:33 ===

C:\conda\envs\gnn\lib\site-packages\requests\__init__.py:86: RequestsDependencyWarning: Unable to find acceptable character detection dependency (chardet or charset_normalizer).
  warnings.warn(
C:\conda\envs\gnn\lib\site-packages\outdated\__init__.py:36: UserWarning: pkg_resources is deprecated as an API. See https://setuptools.pypa.io/en/latest/pkg_resources.html. The pkg_resources package is slated for removal as early as 2025-11-30. Refrain from using this package or pin to Setuptools<81.
  from pkg_resources import parse_version
Round    1/30  coverage=0.5001  prec@K=0.0138  accepted=96  auc=0.5689  uauc=0.4987  loss=0.7154  (12.9s)
Round    2/30  coverage=0.5002  prec@K=0.0188  accepted=129  auc=0.5563  uauc=0.4785  loss=0.7150  (7.5s)
Round    3/30  coverage=0.5003  prec@K=0.0153  accepted=106  auc=0.5593  uauc=0.4866  loss=0.7150  (7.5s)
Round    4/30  coverage=0.5004  prec@K=0.0189  accepted=129  auc=0.5709  uauc=0.5364  loss=0.7147  (7.6s)
Round    5/30  coverage=0.5005  prec@K=0.0161  accepted=111  auc=0.5139  uauc=0.5194  loss=0.7147  (7.3s)
Round    6/30  coverage=0.5005  prec@K=0.0140  accepted=96  auc=0.4896  uauc=0.4901  loss=0.7147  (7.5s)
Round    7/30  coverage=0.5006  prec@K=0.0164  accepted=113  auc=0.4386  uauc=0.4860  loss=0.7144  (7.6s)
Round    8/30  coverage=0.5006  prec@K=0.0160  accepted=109  auc=0.4700  uauc=0.5043  loss=0.7143  (7.3s)
Round    9/30  coverage=0.5007  prec@K=0.0176  accepted=123  auc=0.4224  uauc=0.4659  loss=0.7140  (8.0s)
Round   10/30  coverage=0.5008  prec@K=0.0156  accepted=108  auc=0.4723  uauc=0.5256  loss=0.7140  (7.7s)
Round   11/30  coverage=0.5009  prec@K=0.0166  accepted=115  auc=0.4420  uauc=0.5178  loss=0.7138  (13.4s)
Round   12/30  coverage=0.5009  prec@K=0.0150  accepted=104  auc=0.4551  uauc=0.4563  loss=0.7138  (8.2s)
Round   13/30  coverage=0.5010  prec@K=0.0140  accepted=97  auc=0.4060  uauc=0.5392  loss=0.7137  (8.9s)
Round   14/30  coverage=0.5011  prec@K=0.0143  accepted=98  auc=0.4522  uauc=0.5464  loss=0.7136  (8.4s)
Round   15/30  coverage=0.5011  prec@K=0.0152  accepted=105  auc=0.3767  uauc=0.5348  loss=0.7134  (9.3s)
Round   16/30  coverage=0.5012  prec@K=0.0139  accepted=95  auc=0.4765  uauc=0.5069  loss=0.7133  (9.4s)
Round   17/30  coverage=0.5013  prec@K=0.0163  accepted=111  auc=0.4404  uauc=0.4818  loss=0.7131  (9.6s)
Round   18/30  coverage=0.5013  prec@K=0.0143  accepted=98  auc=0.4275  uauc=0.4770  loss=0.7130  (10.1s)
Round   19/30  coverage=0.5014  prec@K=0.0150  accepted=102  auc=0.4057  uauc=0.4764  loss=0.7129  (9.9s)
Round   20/30  coverage=0.5014  prec@K=0.0120  accepted=81  auc=0.4842  uauc=0.5305  loss=0.7130  (9.4s)
Round   21/30  coverage=0.5015  prec@K=0.0175  accepted=118  auc=0.4282  uauc=0.4991  loss=0.7125  (15.5s)
Round   22/30  coverage=0.5016  prec@K=0.0147  accepted=100  auc=0.3589  uauc=0.5383  loss=0.7125  (10.1s)
Round   23/30  coverage=0.5016  prec@K=0.0145  accepted=100  auc=0.4446  uauc=0.4722  loss=0.7124  (10.6s)
Round   24/30  coverage=0.5017  prec@K=0.0117  accepted=79  auc=0.4164  uauc=0.4819  loss=0.7124  (10.7s)
Round   25/30  coverage=0.5017  prec@K=0.0111  accepted=75  auc=0.3992  uauc=0.4529  loss=0.7123  (10.7s)
Round   26/30  coverage=0.5018  prec@K=0.0129  accepted=89  auc=0.4231  uauc=0.5160  loss=0.7121  (11.3s)
Round   27/30  coverage=0.5019  prec@K=0.0142  accepted=98  auc=0.4084  uauc=0.5152  loss=0.7119  (11.2s)
Round   28/30  coverage=0.5019  prec@K=0.0130  accepted=88  auc=0.4113  uauc=0.5484  loss=0.7118  (11.7s)
Round   29/30  coverage=0.5020  prec@K=0.0135  accepted=92  auc=0.3779  uauc=0.4541  loss=0.7116  (11.8s)
Round   30/30  coverage=0.5020  prec@K=0.0133  accepted=90  auc=0.4106  uauc=0.5166  loss=0.7115  (12.3s)

结果已写入 results\orchestrator\runs\ir50_constlr5e5_ppos95_pneg01\epinions\gat_emb_s2/rounds.csv
