=== epinions_pa_s3  started 2026-05-09T18:06:39 ===

C:\conda\envs\gnn\lib\site-packages\requests\__init__.py:86: RequestsDependencyWarning: Unable to find acceptable character detection dependency (chardet or charset_normalizer).
  warnings.warn(
C:\conda\envs\gnn\lib\site-packages\outdated\__init__.py:36: UserWarning: pkg_resources is deprecated as an API. See https://setuptools.pypa.io/en/latest/pkg_resources.html. The pkg_resources package is slated for removal as early as 2025-11-30. Refrain from using this package or pin to Setuptools<81.
  from pkg_resources import parse_version
Round    1/30  coverage=0.5001  prec@K=0.0185  accepted=126  auc=0.5565  uauc=0.5640  loss=nan  (6.1s)
Round    2/30  coverage=0.5002  prec@K=0.0156  accepted=107  auc=0.5559  uauc=0.5295  loss=nan  (0.6s)
Round    3/30  coverage=0.5003  prec@K=0.0165  accepted=114  auc=0.5918  uauc=0.5099  loss=nan  (0.7s)
Round    4/30  coverage=0.5003  prec@K=0.0154  accepted=104  auc=0.5648  uauc=0.5636  loss=nan  (0.7s)
Round    5/30  coverage=0.5004  prec@K=0.0167  accepted=115  auc=0.5822  uauc=0.5347  loss=nan  (0.8s)
Round    6/30  coverage=0.5005  prec@K=0.0181  accepted=125  auc=0.5879  uauc=0.5261  loss=nan  (0.9s)
Round    7/30  coverage=0.5006  prec@K=0.0158  accepted=108  auc=0.5778  uauc=0.5403  loss=nan  (0.9s)
Round    8/30  coverage=0.5007  prec@K=0.0137  accepted=94  auc=0.5982  uauc=0.5267  loss=nan  (1.0s)
Round    9/30  coverage=0.5008  prec@K=0.0177  accepted=122  auc=0.4745  uauc=0.4701  loss=nan  (1.2s)
Round   10/30  coverage=0.5009  prec@K=0.0175  accepted=122  auc=0.5371  uauc=0.5027  loss=nan  (1.2s)
Round   11/30  coverage=0.5010  prec@K=0.0144  accepted=99  auc=0.5368  uauc=0.5187  loss=nan  (6.5s)
Round   12/30  coverage=0.5010  prec@K=0.0137  accepted=96  auc=0.5422  uauc=0.5007  loss=nan  (1.7s)
Round   13/30  coverage=0.5011  prec@K=0.0146  accepted=100  auc=0.5580  uauc=0.5523  loss=nan  (1.8s)
Round   14/30  coverage=0.5012  prec@K=0.0160  accepted=112  auc=0.5448  uauc=0.5133  loss=nan  (1.8s)
Round   15/30  coverage=0.5013  prec@K=0.0163  accepted=112  auc=0.5493  uauc=0.5179  loss=nan  (2.2s)
Round   16/30  coverage=0.5014  prec@K=0.0153  accepted=104  auc=0.5246  uauc=0.5120  loss=nan  (2.3s)
Round   17/30  coverage=0.5014  prec@K=0.0136  accepted=92  auc=0.5881  uauc=0.5211  loss=nan  (2.3s)
Round   18/30  coverage=0.5015  prec@K=0.0151  accepted=105  auc=0.5629  uauc=0.5617  loss=nan  (2.6s)
Round   19/30  coverage=0.5016  prec@K=0.0158  accepted=108  auc=0.5380  uauc=0.5019  loss=nan  (2.6s)
Round   20/30  coverage=0.5017  prec@K=0.0163  accepted=112  auc=0.5605  uauc=0.5647  loss=nan  (3.1s)
Round   21/30  coverage=0.5018  prec@K=0.0153  accepted=103  auc=0.5292  uauc=0.5090  loss=nan  (8.4s)
Round   22/30  coverage=0.5019  prec@K=0.0159  accepted=110  auc=0.4935  uauc=0.5043  loss=nan  (3.1s)
Round   23/30  coverage=0.5019  prec@K=0.0161  accepted=107  auc=0.4737  uauc=0.5254  loss=nan  (3.2s)
Round   24/30  coverage=0.5020  prec@K=0.0176  accepted=122  auc=0.5804  uauc=0.4832  loss=nan  (3.3s)
Round   25/30  coverage=0.5021  prec@K=0.0161  accepted=110  auc=0.5813  uauc=0.4852  loss=nan  (3.8s)
Round   26/30  coverage=0.5022  prec@K=0.0132  accepted=91  auc=0.5483  uauc=0.5140  loss=nan  (3.6s)
Round   27/30  coverage=0.5022  prec@K=0.0168  accepted=113  auc=0.5396  uauc=0.5172  loss=nan  (3.8s)
Round   28/30  coverage=0.5023  prec@K=0.0143  accepted=98  auc=0.6077  uauc=0.5280  loss=nan  (4.0s)
Round   29/30  coverage=0.5024  prec@K=0.0164  accepted=112  auc=0.5202  uauc=0.5221  loss=nan  (4.4s)
Round   30/30  coverage=0.5025  prec@K=0.0174  accepted=120  auc=0.5316  uauc=0.4173  loss=nan  (4.4s)

结果已写入 results\orchestrator\runs\ir50_constlr5e5_ppos95_pneg01\epinions\pa_s3/rounds.csv
