=== slashdot_pa_s0  started 2026-05-09T18:41:49 ===

C:\conda\envs\gnn\lib\site-packages\requests\__init__.py:86: RequestsDependencyWarning: Unable to find acceptable character detection dependency (chardet or charset_normalizer).
  warnings.warn(
C:\conda\envs\gnn\lib\site-packages\outdated\__init__.py:36: UserWarning: pkg_resources is deprecated as an API. See https://setuptools.pypa.io/en/latest/pkg_resources.html. The pkg_resources package is slated for removal as early as 2025-11-30. Refrain from using this package or pin to Setuptools<81.
  from pkg_resources import parse_version
Round    1/30  coverage=0.5000  prec@K=0.0139  accepted=100  auc=0.5875  uauc=0.4504  loss=nan  (5.0s)
Round    2/30  coverage=0.5001  prec@K=0.0151  accepted=110  auc=0.5383  uauc=0.5117  loss=nan  (0.6s)
Round    3/30  coverage=0.5001  prec@K=0.0108  accepted=79  auc=0.5838  uauc=0.4730  loss=nan  (0.7s)
Round    4/30  coverage=0.5002  prec@K=0.0142  accepted=103  auc=0.5464  uauc=0.5588  loss=nan  (0.7s)
Round    5/30  coverage=0.5002  prec@K=0.0145  accepted=106  auc=0.5556  uauc=0.4875  loss=nan  (0.7s)
Round    6/30  coverage=0.5003  prec@K=0.0145  accepted=105  auc=0.5396  uauc=0.5277  loss=nan  (0.8s)
Round    7/30  coverage=0.5004  prec@K=0.0163  accepted=119  auc=0.5430  uauc=0.4786  loss=nan  (0.9s)
Round    8/30  coverage=0.5004  prec@K=0.0113  accepted=82  auc=0.5590  uauc=0.5204  loss=nan  (1.0s)
Round    9/30  coverage=0.5004  prec@K=0.0121  accepted=88  auc=0.4820  uauc=0.5473  loss=nan  (1.1s)
Round   10/30  coverage=0.5005  prec@K=0.0111  accepted=81  auc=0.5650  uauc=0.5675  loss=nan  (1.5s)
Round   11/30  coverage=0.5005  prec@K=0.0129  accepted=93  auc=0.5474  uauc=0.5460  loss=nan  (5.9s)
Round   12/30  coverage=0.5006  prec@K=0.0139  accepted=100  auc=0.5709  uauc=0.5217  loss=nan  (1.6s)
Round   13/30  coverage=0.5006  prec@K=0.0149  accepted=109  auc=0.5896  uauc=0.4997  loss=nan  (2.0s)
Round   14/30  coverage=0.5007  prec@K=0.0130  accepted=95  auc=0.5527  uauc=0.5176  loss=nan  (2.0s)
Round   15/30  coverage=0.5007  prec@K=0.0126  accepted=93  auc=0.5517  uauc=0.5025  loss=nan  (2.1s)
Round   16/30  coverage=0.5008  prec@K=0.0096  accepted=70  auc=0.5929  uauc=0.5704  loss=nan  (2.2s)
Round   17/30  coverage=0.5008  prec@K=0.0148  accepted=106  auc=0.5915  uauc=0.5579  loss=nan  (2.6s)
Round   18/30  coverage=0.5008  prec@K=0.0118  accepted=86  auc=0.5567  uauc=0.4930  loss=nan  (2.7s)
Round   19/30  coverage=0.5009  prec@K=0.0136  accepted=98  auc=0.5492  uauc=0.4888  loss=nan  (2.5s)
Round   20/30  coverage=0.5010  prec@K=0.0163  accepted=119  auc=0.5310  uauc=0.5032  loss=nan  (2.9s)
Round   21/30  coverage=0.5010  prec@K=0.0129  accepted=95  auc=0.4938  uauc=0.5516  loss=nan  (7.6s)
Round   22/30  coverage=0.5011  prec@K=0.0163  accepted=119  auc=0.5792  uauc=0.4981  loss=nan  (3.1s)
Round   23/30  coverage=0.5011  prec@K=0.0120  accepted=88  auc=0.5854  uauc=0.5781  loss=nan  (3.5s)
Round   24/30  coverage=0.5011  prec@K=0.0149  accepted=109  auc=0.5531  uauc=0.5001  loss=nan  (3.1s)
Round   25/30  coverage=0.5012  prec@K=0.0138  accepted=101  auc=0.5626  uauc=0.5192  loss=nan  (3.2s)
Round   26/30  coverage=0.5012  prec@K=0.0128  accepted=92  auc=0.5701  uauc=0.5249  loss=nan  (3.3s)
Round   27/30  coverage=0.5013  prec@K=0.0094  accepted=68  auc=0.6038  uauc=0.4661  loss=nan  (3.9s)
Round   28/30  coverage=0.5013  prec@K=0.0125  accepted=91  auc=0.4957  uauc=0.5413  loss=nan  (4.0s)
Round   29/30  coverage=0.5013  prec@K=0.0128  accepted=93  auc=0.5891  uauc=0.5365  loss=nan  (4.1s)
Round   30/30  coverage=0.5014  prec@K=0.0126  accepted=92  auc=0.5410  uauc=0.5595  loss=nan  (3.7s)

结果已写入 results\orchestrator\runs\ir50_constlr5e5_ppos95_pneg01\slashdot\pa_s0/rounds.csv
