=== slashdot_gnn_sum_h8_s42  started 2026-05-09T18:36:27 ===

C:\conda\envs\gnn\lib\site-packages\requests\__init__.py:86: RequestsDependencyWarning: Unable to find acceptable character detection dependency (chardet or charset_normalizer).
  warnings.warn(
C:\conda\envs\gnn\lib\site-packages\outdated\__init__.py:36: UserWarning: pkg_resources is deprecated as an API. See https://setuptools.pypa.io/en/latest/pkg_resources.html. The pkg_resources package is slated for removal as early as 2025-11-30. Refrain from using this package or pin to Setuptools<81.
  from pkg_resources import parse_version
Round    1/30  coverage=0.5000  prec@K=0.0143  accepted=104  auc=0.5413  uauc=0.5209  loss=0.6348  (12.5s)
Round    2/30  coverage=0.5001  prec@K=0.0141  accepted=103  auc=0.6090  uauc=0.5551  loss=0.6345  (7.9s)
Round    3/30  coverage=0.5001  prec@K=0.0116  accepted=84  auc=0.5631  uauc=0.5331  loss=0.6337  (7.7s)
Round    4/30  coverage=0.5002  prec@K=0.0141  accepted=103  auc=0.5682  uauc=0.5095  loss=0.6326  (8.4s)
Round    5/30  coverage=0.5002  prec@K=0.0137  accepted=99  auc=0.5840  uauc=0.5162  loss=0.6324  (7.8s)
Round    6/30  coverage=0.5002  prec@K=0.0118  accepted=84  auc=0.5108  uauc=0.5537  loss=0.6323  (7.4s)
Round    7/30  coverage=0.5003  prec@K=0.0133  accepted=97  auc=0.5388  uauc=0.5008  loss=0.6326  (8.5s)
Round    8/30  coverage=0.5003  prec@K=0.0120  accepted=88  auc=0.6015  uauc=0.5503  loss=0.6311  (8.0s)
Round    9/30  coverage=0.5004  prec@K=0.0095  accepted=68  auc=0.6108  uauc=0.5525  loss=0.6310  (8.0s)
Round   10/30  coverage=0.5004  prec@K=0.0116  accepted=85  auc=0.5087  uauc=0.4755  loss=0.6308  (8.1s)
Round   11/30  coverage=0.5004  prec@K=0.0125  accepted=91  auc=0.5904  uauc=0.5508  loss=0.6310  (12.5s)
Round   12/30  coverage=0.5005  prec@K=0.0122  accepted=90  auc=0.5634  uauc=0.5451  loss=0.6303  (8.9s)
Round   13/30  coverage=0.5005  prec@K=0.0130  accepted=94  auc=0.5343  uauc=0.5415  loss=0.6307  (9.0s)
Round   14/30  coverage=0.5006  prec@K=0.0145  accepted=105  auc=0.5592  uauc=0.5208  loss=0.6303  (9.1s)
Round   15/30  coverage=0.5006  prec@K=0.0128  accepted=94  auc=0.5306  uauc=0.5176  loss=0.6296  (9.3s)
Round   16/30  coverage=0.5007  prec@K=0.0151  accepted=108  auc=0.5668  uauc=0.5512  loss=0.6301  (9.8s)
Round   17/30  coverage=0.5007  prec@K=0.0136  accepted=100  auc=0.5669  uauc=0.5380  loss=0.6295  (9.6s)
Round   18/30  coverage=0.5007  prec@K=0.0130  accepted=95  auc=0.5815  uauc=0.5514  loss=0.6294  (9.5s)
Round   19/30  coverage=0.5008  prec@K=0.0150  accepted=109  auc=0.5590  uauc=0.5130  loss=0.6287  (9.2s)
Round   20/30  coverage=0.5008  prec@K=0.0120  accepted=87  auc=0.5219  uauc=0.4865  loss=0.6273  (9.5s)
Round   21/30  coverage=0.5009  prec@K=0.0120  accepted=87  auc=0.5043  uauc=0.5001  loss=0.6279  (14.7s)
Round   22/30  coverage=0.5009  prec@K=0.0124  accepted=90  auc=0.6031  uauc=0.5258  loss=0.6276  (11.0s)
Round   23/30  coverage=0.5010  prec@K=0.0126  accepted=91  auc=0.5818  uauc=0.5604  loss=0.6270  (10.4s)
Round   24/30  coverage=0.5010  prec@K=0.0118  accepted=86  auc=0.5328  uauc=0.5213  loss=0.6265  (10.8s)
Round   25/30  coverage=0.5010  prec@K=0.0123  accepted=90  auc=0.5637  uauc=0.5516  loss=0.6262  (11.6s)
Round   26/30  coverage=0.5011  prec@K=0.0126  accepted=91  auc=0.4719  uauc=0.5148  loss=0.6260  (10.7s)
Round   27/30  coverage=0.5011  prec@K=0.0149  accepted=109  auc=0.5363  uauc=0.5190  loss=0.6270  (11.7s)
Round   28/30  coverage=0.5012  prec@K=0.0139  accepted=101  auc=0.5565  uauc=0.5575  loss=0.6263  (12.0s)
Round   29/30  coverage=0.5012  prec@K=0.0105  accepted=76  auc=0.5358  uauc=0.5181  loss=0.6243  (12.0s)
Round   30/30  coverage=0.5012  prec@K=0.0137  accepted=101  auc=0.5454  uauc=0.5583  loss=0.6257  (13.0s)

结果已写入 results\orchestrator\runs\ir50_constlr5e5_ppos95_pneg01\slashdot\gnn_sum_h8_s42/rounds.csv
