=== slashdot_cn_s3  started 2026-05-09T18:13:37 ===

C:\conda\envs\gnn\lib\site-packages\requests\__init__.py:86: RequestsDependencyWarning: Unable to find acceptable character detection dependency (chardet or charset_normalizer).
  warnings.warn(
C:\conda\envs\gnn\lib\site-packages\outdated\__init__.py:36: UserWarning: pkg_resources is deprecated as an API. See https://setuptools.pypa.io/en/latest/pkg_resources.html. The pkg_resources package is slated for removal as early as 2025-11-30. Refrain from using this package or pin to Setuptools<81.
  from pkg_resources import parse_version
Round    1/30  coverage=0.5000  prec@K=0.0136  accepted=98  auc=0.5332  uauc=0.5427  loss=nan  (5.1s)
Round    2/30  coverage=0.5001  prec@K=0.0146  accepted=105  auc=0.5495  uauc=0.5317  loss=nan  (0.6s)
Round    3/30  coverage=0.5002  prec@K=0.0140  accepted=103  auc=0.6081  uauc=0.5612  loss=nan  (0.7s)
Round    4/30  coverage=0.5002  prec@K=0.0125  accepted=90  auc=0.5937  uauc=0.5618  loss=nan  (0.7s)
Round    5/30  coverage=0.5002  prec@K=0.0135  accepted=97  auc=0.5096  uauc=0.5092  loss=nan  (0.8s)
Round    6/30  coverage=0.5003  prec@K=0.0133  accepted=98  auc=0.5979  uauc=0.5606  loss=nan  (0.9s)
Round    7/30  coverage=0.5004  prec@K=0.0131  accepted=96  auc=0.6159  uauc=0.5430  loss=nan  (0.9s)
Round    8/30  coverage=0.5004  prec@K=0.0140  accepted=101  auc=0.5674  uauc=0.5005  loss=nan  (1.1s)
Round    9/30  coverage=0.5005  prec@K=0.0137  accepted=100  auc=0.5860  uauc=0.5264  loss=nan  (1.3s)
Round   10/30  coverage=0.5005  prec@K=0.0158  accepted=115  auc=0.6030  uauc=0.5483  loss=nan  (1.3s)
Round   11/30  coverage=0.5006  prec@K=0.0136  accepted=99  auc=0.6184  uauc=0.5898  loss=nan  (5.8s)
Round   12/30  coverage=0.5007  prec@K=0.0141  accepted=103  auc=0.6483  uauc=0.5863  loss=nan  (1.7s)
Round   13/30  coverage=0.5007  prec@K=0.0134  accepted=97  auc=0.5918  uauc=0.5229  loss=nan  (1.8s)
Round   14/30  coverage=0.5008  prec@K=0.0123  accepted=89  auc=0.5908  uauc=0.5295  loss=nan  (2.1s)
Round   15/30  coverage=0.5008  prec@K=0.0125  accepted=91  auc=0.5652  uauc=0.5595  loss=nan  (2.2s)
Round   16/30  coverage=0.5009  prec@K=0.0110  accepted=80  auc=0.5532  uauc=0.5359  loss=nan  (2.3s)
Round   17/30  coverage=0.5009  prec@K=0.0123  accepted=90  auc=0.6125  uauc=0.5738  loss=nan  (2.4s)
Round   18/30  coverage=0.5010  prec@K=0.0120  accepted=87  auc=0.5431  uauc=0.5085  loss=nan  (2.6s)
Round   19/30  coverage=0.5010  prec@K=0.0123  accepted=89  auc=0.5419  uauc=0.5432  loss=nan  (2.9s)
Round   20/30  coverage=0.5010  prec@K=0.0123  accepted=89  auc=0.5231  uauc=0.5219  loss=nan  (2.7s)
Round   21/30  coverage=0.5011  prec@K=0.0128  accepted=94  auc=0.6292  uauc=0.5576  loss=nan  (8.0s)
Round   22/30  coverage=0.5011  prec@K=0.0139  accepted=101  auc=0.5689  uauc=0.5440  loss=nan  (3.4s)
Round   23/30  coverage=0.5011  prec@K=0.0123  accepted=89  auc=0.6099  uauc=0.5373  loss=nan  (3.3s)
Round   24/30  coverage=0.5012  prec@K=0.0144  accepted=106  auc=0.5840  uauc=0.5467  loss=nan  (3.3s)
Round   25/30  coverage=0.5012  prec@K=0.0133  accepted=96  auc=0.6087  uauc=0.5469  loss=nan  (3.4s)
Round   26/30  coverage=0.5013  prec@K=0.0126  accepted=91  auc=0.5480  uauc=0.5418  loss=nan  (3.8s)
Round   27/30  coverage=0.5013  prec@K=0.0141  accepted=103  auc=0.5831  uauc=0.5507  loss=nan  (4.3s)
Round   28/30  coverage=0.5014  prec@K=0.0147  accepted=107  auc=0.5803  uauc=0.5345  loss=nan  (4.3s)
Round   29/30  coverage=0.5014  prec@K=0.0145  accepted=105  auc=0.6059  uauc=0.5130  loss=nan  (4.0s)
Round   30/30  coverage=0.5015  prec@K=0.0132  accepted=96  auc=0.6374  uauc=0.5659  loss=nan  (4.9s)

结果已写入 results\orchestrator\runs\ir50_constlr5e5_ppos95_pneg01\slashdot\cn_s3/rounds.csv
