=== slashdot_cn_s1  started 2026-05-09T18:13:36 ===

C:\conda\envs\gnn\lib\site-packages\requests\__init__.py:86: RequestsDependencyWarning: Unable to find acceptable character detection dependency (chardet or charset_normalizer).
  warnings.warn(
C:\conda\envs\gnn\lib\site-packages\outdated\__init__.py:36: UserWarning: pkg_resources is deprecated as an API. See https://setuptools.pypa.io/en/latest/pkg_resources.html. The pkg_resources package is slated for removal as early as 2025-11-30. Refrain from using this package or pin to Setuptools<81.
  from pkg_resources import parse_version
Round    1/30  coverage=0.5001  prec@K=0.0137  accepted=101  auc=0.5836  uauc=0.5409  loss=nan  (5.0s)
Round    2/30  coverage=0.5001  prec@K=0.0149  accepted=107  auc=0.5768  uauc=0.5215  loss=nan  (0.6s)
Round    3/30  coverage=0.5002  prec@K=0.0142  accepted=105  auc=0.5851  uauc=0.5366  loss=nan  (0.7s)
Round    4/30  coverage=0.5002  prec@K=0.0136  accepted=100  auc=0.6426  uauc=0.5576  loss=nan  (0.7s)
Round    5/30  coverage=0.5003  prec@K=0.0124  accepted=90  auc=0.6025  uauc=0.5465  loss=nan  (0.8s)
Round    6/30  coverage=0.5003  prec@K=0.0149  accepted=108  auc=0.5874  uauc=0.5581  loss=nan  (0.9s)
Round    7/30  coverage=0.5004  prec@K=0.0119  accepted=86  auc=0.5457  uauc=0.5339  loss=nan  (0.9s)
Round    8/30  coverage=0.5004  prec@K=0.0131  accepted=96  auc=0.5932  uauc=0.5497  loss=nan  (1.2s)
Round    9/30  coverage=0.5004  prec@K=0.0122  accepted=88  auc=0.5348  uauc=0.5137  loss=nan  (1.3s)
Round   10/30  coverage=0.5005  prec@K=0.0136  accepted=99  auc=0.6159  uauc=0.5462  loss=nan  (1.5s)
Round   11/30  coverage=0.5006  prec@K=0.0137  accepted=99  auc=0.5595  uauc=0.5147  loss=nan  (5.9s)
Round   12/30  coverage=0.5006  prec@K=0.0130  accepted=94  auc=0.5754  uauc=0.5198  loss=nan  (1.4s)
Round   13/30  coverage=0.5006  prec@K=0.0119  accepted=87  auc=0.5485  uauc=0.5179  loss=nan  (1.9s)
Round   14/30  coverage=0.5007  prec@K=0.0131  accepted=96  auc=0.5986  uauc=0.5271  loss=nan  (1.9s)
Round   15/30  coverage=0.5007  prec@K=0.0146  accepted=107  auc=0.6225  uauc=0.5262  loss=nan  (2.2s)
Round   16/30  coverage=0.5008  prec@K=0.0133  accepted=95  auc=0.5569  uauc=0.5333  loss=nan  (2.2s)
Round   17/30  coverage=0.5008  prec@K=0.0108  accepted=79  auc=0.5413  uauc=0.5158  loss=nan  (2.3s)
Round   18/30  coverage=0.5008  prec@K=0.0124  accepted=91  auc=0.5914  uauc=0.5055  loss=nan  (2.6s)
Round   19/30  coverage=0.5009  prec@K=0.0081  accepted=59  auc=0.5688  uauc=0.5577  loss=nan  (2.7s)
Round   20/30  coverage=0.5009  prec@K=0.0108  accepted=79  auc=0.5860  uauc=0.5476  loss=nan  (3.1s)
Round   21/30  coverage=0.5010  prec@K=0.0129  accepted=94  auc=0.6049  uauc=0.5279  loss=nan  (7.8s)
Round   22/30  coverage=0.5010  prec@K=0.0122  accepted=88  auc=0.5931  uauc=0.5727  loss=nan  (3.1s)
Round   23/30  coverage=0.5011  prec@K=0.0152  accepted=111  auc=0.5615  uauc=0.5478  loss=nan  (3.4s)
Round   24/30  coverage=0.5011  prec@K=0.0130  accepted=94  auc=0.6204  uauc=0.5578  loss=nan  (3.4s)
Round   25/30  coverage=0.5011  prec@K=0.0104  accepted=75  auc=0.5453  uauc=0.5397  loss=nan  (3.6s)
Round   26/30  coverage=0.5012  prec@K=0.0121  accepted=89  auc=0.5676  uauc=0.5385  loss=nan  (4.2s)
Round   27/30  coverage=0.5012  prec@K=0.0125  accepted=91  auc=0.5894  uauc=0.5583  loss=nan  (3.9s)
Round   28/30  coverage=0.5012  prec@K=0.0156  accepted=113  auc=0.5657  uauc=0.5610  loss=nan  (4.1s)
Round   29/30  coverage=0.5013  prec@K=0.0142  accepted=104  auc=0.5539  uauc=0.5502  loss=nan  (4.1s)
Round   30/30  coverage=0.5013  prec@K=0.0115  accepted=84  auc=0.5580  uauc=0.5233  loss=nan  (4.8s)

结果已写入 results\orchestrator\runs\ir50_constlr5e5_ppos95_pneg01\slashdot\cn_s1/rounds.csv
