=== slashdot_jaccard_s2  started 2026-05-09T18:41:41 ===

C:\conda\envs\gnn\lib\site-packages\requests\__init__.py:86: RequestsDependencyWarning: Unable to find acceptable character detection dependency (chardet or charset_normalizer).
  warnings.warn(
C:\conda\envs\gnn\lib\site-packages\outdated\__init__.py:36: UserWarning: pkg_resources is deprecated as an API. See https://setuptools.pypa.io/en/latest/pkg_resources.html. The pkg_resources package is slated for removal as early as 2025-11-30. Refrain from using this package or pin to Setuptools<81.
  from pkg_resources import parse_version
Round    1/30  coverage=0.5000  prec@K=0.0118  accepted=86  auc=0.5165  uauc=0.5533  loss=nan  (5.2s)
Round    2/30  coverage=0.5001  prec@K=0.0127  accepted=91  auc=0.5537  uauc=0.5497  loss=nan  (0.7s)
Round    3/30  coverage=0.5001  prec@K=0.0120  accepted=87  auc=0.5525  uauc=0.5777  loss=nan  (0.7s)
Round    4/30  coverage=0.5001  prec@K=0.0140  accepted=103  auc=0.4932  uauc=0.5547  loss=nan  (0.8s)
Round    5/30  coverage=0.5002  prec@K=0.0124  accepted=90  auc=0.4972  uauc=0.4925  loss=nan  (0.9s)
Round    6/30  coverage=0.5002  prec@K=0.0136  accepted=98  auc=0.5547  uauc=0.5269  loss=nan  (0.9s)
Round    7/30  coverage=0.5003  prec@K=0.0150  accepted=108  auc=0.4753  uauc=0.5107  loss=nan  (1.1s)
Round    8/30  coverage=0.5003  prec@K=0.0154  accepted=112  auc=0.4776  uauc=0.5462  loss=nan  (1.0s)
Round    9/30  coverage=0.5004  prec@K=0.0134  accepted=97  auc=0.4636  uauc=0.5097  loss=nan  (1.1s)
Round   10/30  coverage=0.5004  prec@K=0.0117  accepted=85  auc=0.5087  uauc=0.5300  loss=nan  (1.4s)
Round   11/30  coverage=0.5004  prec@K=0.0134  accepted=96  auc=0.5072  uauc=0.5219  loss=nan  (6.0s)
Round   12/30  coverage=0.5005  prec@K=0.0128  accepted=93  auc=0.4904  uauc=0.4876  loss=nan  (1.9s)
Round   13/30  coverage=0.5005  prec@K=0.0142  accepted=104  auc=0.5278  uauc=0.5871  loss=nan  (2.0s)
Round   14/30  coverage=0.5005  prec@K=0.0117  accepted=85  auc=0.5133  uauc=0.5153  loss=nan  (2.3s)
Round   15/30  coverage=0.5006  prec@K=0.0110  accepted=81  auc=0.5059  uauc=0.4928  loss=nan  (2.6s)
Round   16/30  coverage=0.5006  prec@K=0.0127  accepted=93  auc=0.5055  uauc=0.4788  loss=nan  (2.6s)
Round   17/30  coverage=0.5006  prec@K=0.0130  accepted=96  auc=0.5273  uauc=0.5251  loss=nan  (2.7s)
Round   18/30  coverage=0.5007  prec@K=0.0111  accepted=80  auc=0.4935  uauc=0.5776  loss=nan  (3.0s)
Round   19/30  coverage=0.5007  prec@K=0.0128  accepted=93  auc=0.5184  uauc=0.5613  loss=nan  (3.3s)
Round   20/30  coverage=0.5007  prec@K=0.0130  accepted=94  auc=0.5018  uauc=0.5322  loss=nan  (3.1s)
Round   21/30  coverage=0.5008  prec@K=0.0117  accepted=86  auc=0.5471  uauc=0.5105  loss=nan  (7.7s)
Round   22/30  coverage=0.5008  prec@K=0.0118  accepted=85  auc=0.4953  uauc=0.5279  loss=nan  (3.2s)
Round   23/30  coverage=0.5008  prec@K=0.0110  accepted=80  auc=0.4660  uauc=0.5201  loss=nan  (3.6s)
Round   24/30  coverage=0.5009  prec@K=0.0096  accepted=69  auc=0.5169  uauc=0.6044  loss=nan  (3.6s)
Round   25/30  coverage=0.5009  prec@K=0.0135  accepted=98  auc=0.5241  uauc=0.4853  loss=nan  (3.5s)
Round   26/30  coverage=0.5010  prec@K=0.0115  accepted=83  auc=0.5253  uauc=0.5668  loss=nan  (3.9s)
Round   27/30  coverage=0.5010  prec@K=0.0122  accepted=89  auc=0.4922  uauc=0.5558  loss=nan  (4.1s)
Round   28/30  coverage=0.5010  prec@K=0.0122  accepted=89  auc=0.5046  uauc=0.5297  loss=nan  (4.5s)
Round   29/30  coverage=0.5011  prec@K=0.0112  accepted=81  auc=0.5160  uauc=0.5169  loss=nan  (4.6s)
Round   30/30  coverage=0.5011  prec@K=0.0119  accepted=86  auc=0.4986  uauc=0.5729  loss=nan  (4.7s)

结果已写入 results\orchestrator\runs\ir50_constlr5e5_ppos95_pneg01\slashdot\jaccard_s2/rounds.csv
