=== slashdot_seal_s42  started 2026-05-09T18:45:05 ===

C:\conda\envs\gnn\lib\site-packages\requests\__init__.py:86: RequestsDependencyWarning: Unable to find acceptable character detection dependency (chardet or charset_normalizer).
  warnings.warn(
C:\conda\envs\gnn\lib\site-packages\outdated\__init__.py:36: UserWarning: pkg_resources is deprecated as an API. See https://setuptools.pypa.io/en/latest/pkg_resources.html. The pkg_resources package is slated for removal as early as 2025-11-30. Refrain from using this package or pin to Setuptools<81.
  from pkg_resources import parse_version
Round    1/30  coverage=0.5000  prec@K=0.0145  accepted=105  auc=0.4956  uauc=0.4972  loss=0.6462  (12.2s)
Round    2/30  coverage=0.5001  prec@K=0.0143  accepted=104  auc=0.5977  uauc=0.5623  loss=0.6460  (7.6s)
Round    3/30  coverage=0.5001  prec@K=0.0115  accepted=83  auc=0.5450  uauc=0.5689  loss=0.6451  (7.6s)
Round    4/30  coverage=0.5002  prec@K=0.0133  accepted=97  auc=0.5662  uauc=0.5107  loss=0.6453  (8.1s)
Round    5/30  coverage=0.5002  prec@K=0.0155  accepted=112  auc=0.6409  uauc=0.5756  loss=0.6449  (7.6s)
Round    6/30  coverage=0.5003  prec@K=0.0122  accepted=87  auc=0.5741  uauc=0.5197  loss=0.6442  (7.1s)
Round    7/30  coverage=0.5003  prec@K=0.0131  accepted=96  auc=0.5725  uauc=0.5443  loss=0.6443  (8.1s)
Round    8/30  coverage=0.5004  prec@K=0.0115  accepted=84  auc=0.5620  uauc=0.5273  loss=0.6434  (7.6s)
Round    9/30  coverage=0.5004  prec@K=0.0107  accepted=77  auc=0.5878  uauc=0.5343  loss=0.6430  (7.5s)
Round   10/30  coverage=0.5004  prec@K=0.0127  accepted=93  auc=0.5890  uauc=0.5464  loss=0.6429  (7.6s)
Round   11/30  coverage=0.5005  prec@K=0.0127  accepted=93  auc=0.5763  uauc=0.5107  loss=0.6427  (12.0s)
Round   12/30  coverage=0.5005  prec@K=0.0121  accepted=89  auc=0.5849  uauc=0.5725  loss=0.6421  (8.5s)
Round   13/30  coverage=0.5006  prec@K=0.0131  accepted=94  auc=0.5960  uauc=0.5965  loss=0.6423  (8.6s)
Round   14/30  coverage=0.5006  prec@K=0.0157  accepted=114  auc=0.6289  uauc=0.5327  loss=0.6420  (9.0s)
Round   15/30  coverage=0.5007  prec@K=0.0135  accepted=99  auc=0.5919  uauc=0.5410  loss=0.6415  (9.0s)
Round   16/30  coverage=0.5007  prec@K=0.0147  accepted=105  auc=0.5867  uauc=0.5793  loss=0.6412  (9.4s)
Round   17/30  coverage=0.5008  prec@K=0.0131  accepted=96  auc=0.6078  uauc=0.5392  loss=0.6411  (8.8s)
Round   18/30  coverage=0.5008  prec@K=0.0136  accepted=100  auc=0.5510  uauc=0.5622  loss=0.6406  (9.2s)
Round   19/30  coverage=0.5009  prec@K=0.0150  accepted=109  auc=0.5759  uauc=0.5012  loss=0.6402  (8.9s)
Round   20/30  coverage=0.5009  prec@K=0.0134  accepted=97  auc=0.5688  uauc=0.5431  loss=0.6395  (9.5s)
Round   21/30  coverage=0.5009  prec@K=0.0121  accepted=88  auc=0.6294  uauc=0.5556  loss=0.6389  (14.0s)
Round   22/30  coverage=0.5010  prec@K=0.0115  accepted=84  auc=0.5571  uauc=0.5310  loss=0.6387  (10.3s)
Round   23/30  coverage=0.5010  prec@K=0.0129  accepted=93  auc=0.6693  uauc=0.6367  loss=0.6386  (10.0s)
Round   24/30  coverage=0.5011  prec@K=0.0119  accepted=87  auc=0.5737  uauc=0.5609  loss=0.6381  (10.7s)
Round   25/30  coverage=0.5011  prec@K=0.0132  accepted=97  auc=0.5756  uauc=0.5473  loss=0.6379  (11.2s)
Round   26/30  coverage=0.5012  prec@K=0.0126  accepted=91  auc=0.5701  uauc=0.5451  loss=0.6374  (10.5s)
Round   27/30  coverage=0.5012  prec@K=0.0143  accepted=104  auc=0.5789  uauc=0.5578  loss=0.6374  (11.3s)
Round   28/30  coverage=0.5013  prec@K=0.0135  accepted=98  auc=0.5434  uauc=0.5465  loss=0.6370  (11.5s)
Round   29/30  coverage=0.5013  prec@K=0.0121  accepted=88  auc=0.6169  uauc=0.5555  loss=0.6362  (12.3s)
Round   30/30  coverage=0.5013  prec@K=0.0124  accepted=91  auc=0.4935  uauc=0.4895  loss=0.6359  (12.5s)

结果已写入 results\orchestrator\runs\ir50_constlr5e5_ppos95_pneg01\slashdot\seal_s42/rounds.csv
