=== slashdot_gnn_concat_h8_s42  started 2026-05-09T18:25:54 ===

C:\conda\envs\gnn\lib\site-packages\requests\__init__.py:86: RequestsDependencyWarning: Unable to find acceptable character detection dependency (chardet or charset_normalizer).
  warnings.warn(
C:\conda\envs\gnn\lib\site-packages\outdated\__init__.py:36: UserWarning: pkg_resources is deprecated as an API. See https://setuptools.pypa.io/en/latest/pkg_resources.html. The pkg_resources package is slated for removal as early as 2025-11-30. Refrain from using this package or pin to Setuptools<81.
  from pkg_resources import parse_version
Round    1/30  coverage=0.5000  prec@K=0.0151  accepted=110  auc=0.4530  uauc=0.5200  loss=0.6742  (12.5s)
Round    2/30  coverage=0.5001  prec@K=0.0143  accepted=104  auc=0.5132  uauc=0.5356  loss=0.6734  (8.4s)
Round    3/30  coverage=0.5001  prec@K=0.0120  accepted=87  auc=0.4634  uauc=0.5482  loss=0.6730  (7.5s)
Round    4/30  coverage=0.5002  prec@K=0.0146  accepted=107  auc=0.4974  uauc=0.5709  loss=0.6714  (8.4s)
Round    5/30  coverage=0.5003  prec@K=0.0151  accepted=109  auc=0.4693  uauc=0.5465  loss=0.6714  (8.0s)
Round    6/30  coverage=0.5003  prec@K=0.0134  accepted=95  auc=0.4306  uauc=0.5659  loss=0.6712  (7.4s)
Round    7/30  coverage=0.5004  prec@K=0.0135  accepted=99  auc=0.4776  uauc=0.5300  loss=0.6700  (8.5s)
Round    8/30  coverage=0.5004  prec@K=0.0129  accepted=94  auc=0.4825  uauc=0.5266  loss=0.6694  (7.9s)
Round    9/30  coverage=0.5005  prec@K=0.0112  accepted=80  auc=0.4788  uauc=0.5596  loss=0.6692  (7.9s)
Round   10/30  coverage=0.5005  prec@K=0.0129  accepted=94  auc=0.4943  uauc=0.5565  loss=0.6688  (8.1s)
Round   11/30  coverage=0.5006  prec@K=0.0140  accepted=102  auc=0.4748  uauc=0.5664  loss=0.6680  (12.5s)
Round   12/30  coverage=0.5006  prec@K=0.0121  accepted=89  auc=0.5154  uauc=0.5914  loss=0.6672  (8.8s)
Round   13/30  coverage=0.5007  prec@K=0.0142  accepted=102  auc=0.5514  uauc=0.6039  loss=0.6667  (8.8s)
Round   14/30  coverage=0.5007  prec@K=0.0150  accepted=109  auc=0.4934  uauc=0.5242  loss=0.6662  (9.3s)
Round   15/30  coverage=0.5008  prec@K=0.0136  accepted=100  auc=0.4766  uauc=0.5566  loss=0.6660  (10.0s)
Round   16/30  coverage=0.5008  prec@K=0.0150  accepted=107  auc=0.4475  uauc=0.5569  loss=0.6655  (9.2s)
Round   17/30  coverage=0.5009  prec@K=0.0143  accepted=105  auc=0.5179  uauc=0.5222  loss=0.6651  (9.6s)
Round   18/30  coverage=0.5009  prec@K=0.0138  accepted=101  auc=0.4842  uauc=0.5482  loss=0.6643  (9.6s)
Round   19/30  coverage=0.5010  prec@K=0.0146  accepted=106  auc=0.4999  uauc=0.5417  loss=0.6636  (9.5s)
Round   20/30  coverage=0.5010  prec@K=0.0126  accepted=91  auc=0.4727  uauc=0.5092  loss=0.6628  (9.7s)
Round   21/30  coverage=0.5011  prec@K=0.0128  accepted=93  auc=0.5092  uauc=0.5785  loss=0.6624  (14.5s)
Round   22/30  coverage=0.5011  prec@K=0.0113  accepted=82  auc=0.4828  uauc=0.5429  loss=0.6618  (10.8s)
Round   23/30  coverage=0.5012  prec@K=0.0138  accepted=100  auc=0.4396  uauc=0.5885  loss=0.6614  (10.4s)
Round   24/30  coverage=0.5012  prec@K=0.0111  accepted=81  auc=0.5017  uauc=0.5690  loss=0.6607  (11.0s)
Round   25/30  coverage=0.5012  prec@K=0.0124  accepted=91  auc=0.4450  uauc=0.5484  loss=0.6601  (11.3s)
Round   26/30  coverage=0.5013  prec@K=0.0129  accepted=93  auc=0.5150  uauc=0.5471  loss=0.6603  (10.5s)
Round   27/30  coverage=0.5013  prec@K=0.0151  accepted=110  auc=0.4973  uauc=0.5401  loss=0.6596  (11.4s)
Round   28/30  coverage=0.5014  prec@K=0.0153  accepted=111  auc=0.4248  uauc=0.5439  loss=0.6592  (11.8s)
Round   29/30  coverage=0.5014  prec@K=0.0118  accepted=86  auc=0.5584  uauc=0.5157  loss=0.6581  (11.6s)
Round   30/30  coverage=0.5015  prec@K=0.0141  accepted=104  auc=0.4543  uauc=0.5556  loss=0.6575  (12.3s)

结果已写入 results\orchestrator\runs\ir50_constlr5e5_ppos95_pneg01\slashdot\gnn_concat_h8_s42/rounds.csv
