=== slashdot_gnn_sum_s3  started 2026-05-09T18:31:12 ===

C:\conda\envs\gnn\lib\site-packages\requests\__init__.py:86: RequestsDependencyWarning: Unable to find acceptable character detection dependency (chardet or charset_normalizer).
  warnings.warn(
C:\conda\envs\gnn\lib\site-packages\outdated\__init__.py:36: UserWarning: pkg_resources is deprecated as an API. See https://setuptools.pypa.io/en/latest/pkg_resources.html. The pkg_resources package is slated for removal as early as 2025-11-30. Refrain from using this package or pin to Setuptools<81.
  from pkg_resources import parse_version
Round    1/30  coverage=0.5000  prec@K=0.0129  accepted=93  auc=0.5076  uauc=0.5126  loss=0.7509  (12.7s)
Round    2/30  coverage=0.5001  prec@K=0.0139  accepted=100  auc=0.4952  uauc=0.5353  loss=0.7487  (7.8s)
Round    3/30  coverage=0.5001  prec@K=0.0127  accepted=93  auc=0.5062  uauc=0.5077  loss=0.7464  (7.8s)
Round    4/30  coverage=0.5002  prec@K=0.0124  accepted=89  auc=0.5388  uauc=0.5252  loss=0.7440  (7.5s)
Round    5/30  coverage=0.5002  prec@K=0.0127  accepted=91  auc=0.5390  uauc=0.5405  loss=0.7411  (7.9s)
Round    6/30  coverage=0.5002  prec@K=0.0124  accepted=91  auc=0.5738  uauc=0.5450  loss=0.7394  (8.0s)
Round    7/30  coverage=0.5003  prec@K=0.0122  accepted=89  auc=0.5435  uauc=0.5331  loss=0.7380  (8.2s)
Round    8/30  coverage=0.5003  prec@K=0.0129  accepted=93  auc=0.5462  uauc=0.5422  loss=0.7360  (8.0s)
Round    9/30  coverage=0.5004  prec@K=0.0135  accepted=99  auc=0.4989  uauc=0.5313  loss=0.7339  (8.6s)
Round   10/30  coverage=0.5004  prec@K=0.0141  accepted=103  auc=0.5154  uauc=0.5232  loss=0.7318  (8.2s)
Round   11/30  coverage=0.5005  prec@K=0.0121  accepted=88  auc=0.5682  uauc=0.4725  loss=0.7303  (12.5s)
Round   12/30  coverage=0.5005  prec@K=0.0118  accepted=86  auc=0.5129  uauc=0.5312  loss=0.7273  (8.9s)
Round   13/30  coverage=0.5005  prec@K=0.0109  accepted=79  auc=0.4957  uauc=0.5082  loss=0.7253  (8.8s)
Round   14/30  coverage=0.5006  prec@K=0.0114  accepted=83  auc=0.4586  uauc=0.5145  loss=0.7245  (9.5s)
Round   15/30  coverage=0.5006  prec@K=0.0105  accepted=77  auc=0.5534  uauc=0.5176  loss=0.7227  (9.1s)
Round   16/30  coverage=0.5006  prec@K=0.0103  accepted=75  auc=0.5028  uauc=0.5659  loss=0.7211  (9.2s)
Round   17/30  coverage=0.5006  prec@K=0.0107  accepted=78  auc=0.4986  uauc=0.5220  loss=0.7184  (9.5s)
Round   18/30  coverage=0.5007  prec@K=0.0107  accepted=77  auc=0.5733  uauc=0.4906  loss=0.7168  (9.7s)
Round   19/30  coverage=0.5007  prec@K=0.0116  accepted=84  auc=0.4888  uauc=0.5131  loss=0.7144  (9.9s)
Round   20/30  coverage=0.5007  prec@K=0.0131  accepted=95  auc=0.5096  uauc=0.4684  loss=0.7118  (9.9s)
Round   21/30  coverage=0.5007  prec@K=0.0113  accepted=83  auc=0.5246  uauc=0.5283  loss=0.7107  (14.8s)
Round   22/30  coverage=0.5008  prec@K=0.0122  accepted=89  auc=0.5508  uauc=0.4940  loss=0.7090  (10.4s)
Round   23/30  coverage=0.5008  prec@K=0.0109  accepted=79  auc=0.4973  uauc=0.4851  loss=0.7058  (11.2s)
Round   24/30  coverage=0.5008  prec@K=0.0122  accepted=90  auc=0.4980  uauc=0.5011  loss=0.7047  (11.0s)
Round   25/30  coverage=0.5008  prec@K=0.0116  accepted=84  auc=0.4942  uauc=0.5365  loss=0.7042  (11.0s)
Round   26/30  coverage=0.5008  prec@K=0.0111  accepted=80  auc=0.4873  uauc=0.5248  loss=0.7003  (11.2s)
Round   27/30  coverage=0.5009  prec@K=0.0123  accepted=90  auc=0.4619  uauc=0.4847  loss=0.6997  (11.3s)
Round   28/30  coverage=0.5009  prec@K=0.0131  accepted=95  auc=0.4328  uauc=0.5065  loss=0.6971  (11.3s)
Round   29/30  coverage=0.5009  prec@K=0.0135  accepted=98  auc=0.4912  uauc=0.5532  loss=0.6952  (11.5s)
Round   30/30  coverage=0.5009  prec@K=0.0110  accepted=80  auc=0.4741  uauc=0.4575  loss=0.6932  (12.0s)

结果已写入 results\orchestrator\runs\ir50_constlr5e5_ppos95_pneg01\slashdot\gnn_sum_s3/rounds.csv
