=== sx_askubuntu_pa_s0  started 2026-05-09T20:03:44 ===

C:\conda\envs\gnn\lib\site-packages\requests\__init__.py:86: RequestsDependencyWarning: Unable to find acceptable character detection dependency (chardet or charset_normalizer).
  warnings.warn(
C:\conda\envs\gnn\lib\site-packages\outdated\__init__.py:36: UserWarning: pkg_resources is deprecated as an API. See https://setuptools.pypa.io/en/latest/pkg_resources.html. The pkg_resources package is slated for removal as early as 2025-11-30. Refrain from using this package or pin to Setuptools<81.
  from pkg_resources import parse_version
Round    1/30  coverage=0.5000  prec@K=0.0105  accepted=151  auc=0.5027  uauc=0.4514  loss=nan  (11.2s)
Round    2/30  coverage=0.5000  prec@K=0.0114  accepted=163  auc=0.5571  uauc=0.5206  loss=nan  (1.6s)
Round    3/30  coverage=0.5001  prec@K=0.0117  accepted=169  auc=0.5095  uauc=0.4752  loss=nan  (1.9s)
Round    4/30  coverage=0.5001  prec@K=0.0103  accepted=149  auc=0.5538  uauc=0.5611  loss=nan  (2.2s)
Round    5/30  coverage=0.5001  prec@K=0.0103  accepted=148  auc=0.5631  uauc=0.5300  loss=nan  (2.7s)
Round    6/30  coverage=0.5001  prec@K=0.0118  accepted=170  auc=0.4933  uauc=0.4800  loss=nan  (3.9s)
Round    7/30  coverage=0.5002  prec@K=0.0101  accepted=143  auc=0.4998  uauc=0.5200  loss=nan  (4.4s)
Round    8/30  coverage=0.5002  prec@K=0.0089  accepted=130  auc=0.4955  uauc=0.4844  loss=nan  (6.0s)
Round    9/30  coverage=0.5002  prec@K=0.0107  accepted=154  auc=0.5505  uauc=0.5139  loss=nan  (6.9s)
Round   10/30  coverage=0.5002  prec@K=0.0117  accepted=168  auc=0.4970  uauc=0.5149  loss=nan  (7.9s)
Round   11/30  coverage=0.5002  prec@K=0.0113  accepted=162  auc=0.4996  uauc=0.5283  loss=nan  (16.5s)
Round   12/30  coverage=0.5002  prec@K=0.0118  accepted=170  auc=0.5160  uauc=0.5106  loss=nan  (9.5s)
Round   13/30  coverage=0.5003  prec@K=0.0091  accepted=131  auc=0.5306  uauc=0.5328  loss=nan  (11.0s)
Round   14/30  coverage=0.5003  prec@K=0.0111  accepted=158  auc=0.5009  uauc=0.5196  loss=nan  (10.7s)
Round   15/30  coverage=0.5003  prec@K=0.0103  accepted=148  auc=0.5022  uauc=0.4962  loss=nan  (12.5s)
Round   16/30  coverage=0.5003  prec@K=0.0112  accepted=161  auc=0.5261  uauc=0.5370  loss=nan  (14.0s)
Round   17/30  coverage=0.5003  prec@K=0.0108  accepted=154  auc=0.5691  uauc=0.5384  loss=nan  (13.2s)
Round   18/30  coverage=0.5004  prec@K=0.0095  accepted=135  auc=0.5317  uauc=0.5500  loss=nan  (14.3s)
Round   19/30  coverage=0.5004  prec@K=0.0105  accepted=152  auc=0.5185  uauc=0.5040  loss=nan  (16.8s)
Round   20/30  coverage=0.5004  prec@K=0.0108  accepted=155  auc=0.4864  uauc=0.5233  loss=nan  (15.6s)
Round   21/30  coverage=0.5004  prec@K=0.0112  accepted=160  auc=0.4792  uauc=0.5094  loss=nan  (24.6s)
Round   22/30  coverage=0.5005  prec@K=0.0110  accepted=158  auc=0.5275  uauc=0.4896  loss=nan  (17.3s)
Round   23/30  coverage=0.5005  prec@K=0.0097  accepted=138  auc=0.4854  uauc=0.4850  loss=nan  (17.1s)
Round   24/30  coverage=0.5005  prec@K=0.0110  accepted=158  auc=0.5556  uauc=0.5189  loss=nan  (19.3s)
Round   25/30  coverage=0.5005  prec@K=0.0101  accepted=146  auc=0.5332  uauc=0.5066  loss=nan  (20.4s)
Round   26/30  coverage=0.5005  prec@K=0.0111  accepted=160  auc=0.4976  uauc=0.4905  loss=nan  (20.9s)
Round   27/30  coverage=0.5006  prec@K=0.0109  accepted=156  auc=0.5310  uauc=0.5256  loss=nan  (21.7s)
Round   28/30  coverage=0.5006  prec@K=0.0108  accepted=153  auc=0.5345  uauc=0.5094  loss=nan  (21.4s)
Round   29/30  coverage=0.5006  prec@K=0.0106  accepted=153  auc=0.5444  uauc=0.5587  loss=nan  (22.5s)
Round   30/30  coverage=0.5006  prec@K=0.0113  accepted=163  auc=0.5700  uauc=0.5177  loss=nan  (25.5s)

结果已写入 results\orchestrator\runs\ir50_constlr5e5_ppos95_pneg01\sx_askubuntu\pa_s0/rounds.csv
