=== sx_mathoverflow_cn_s2  started 2026-05-09T17:22:13 ===

C:\conda\envs\gnn\lib\site-packages\requests\__init__.py:86: RequestsDependencyWarning: Unable to find acceptable character detection dependency (chardet or charset_normalizer).
  warnings.warn(
C:\conda\envs\gnn\lib\site-packages\outdated\__init__.py:36: UserWarning: pkg_resources is deprecated as an API. See https://setuptools.pypa.io/en/latest/pkg_resources.html. The pkg_resources package is slated for removal as early as 2025-11-30. Refrain from using this package or pin to Setuptools<81.
  from pkg_resources import parse_version
Round    1/30  coverage=0.5000  prec@K=0.0100  accepted=24  auc=0.5697  uauc=0.5027  loss=nan  (3.6s)
Round    2/30  coverage=0.5001  prec@K=0.0143  accepted=35  auc=0.6723  uauc=0.5054  loss=nan  (0.2s)
Round    3/30  coverage=0.5001  prec@K=0.0120  accepted=29  auc=0.6997  uauc=0.6331  loss=nan  (0.2s)
Round    4/30  coverage=0.5002  prec@K=0.0119  accepted=28  auc=0.6046  uauc=0.5234  loss=nan  (0.2s)
Round    5/30  coverage=0.5002  prec@K=0.0120  accepted=29  auc=0.5452  uauc=0.5664  loss=nan  (0.2s)
Round    6/30  coverage=0.5002  prec@K=0.0096  accepted=23  auc=0.6292  uauc=0.4709  loss=nan  (0.2s)
Round    7/30  coverage=0.5003  prec@K=0.0103  accepted=25  auc=0.5944  uauc=0.5276  loss=nan  (0.2s)
Round    8/30  coverage=0.5003  prec@K=0.0125  accepted=30  auc=0.6630  uauc=0.5909  loss=nan  (0.2s)
Round    9/30  coverage=0.5003  prec@K=0.0137  accepted=33  auc=0.6545  uauc=0.6032  loss=nan  (0.2s)
Round   10/30  coverage=0.5004  prec@K=0.0111  accepted=27  auc=0.6019  uauc=0.5556  loss=nan  (0.2s)
Round   11/30  coverage=0.5004  prec@K=0.0114  accepted=27  auc=0.6372  uauc=0.5267  loss=nan  (3.6s)
Round   12/30  coverage=0.5005  prec@K=0.0175  accepted=42  auc=0.6788  uauc=0.5548  loss=nan  (0.3s)
Round   13/30  coverage=0.5005  prec@K=0.0143  accepted=34  auc=0.6216  uauc=0.5291  loss=nan  (0.3s)
Round   14/30  coverage=0.5006  prec@K=0.0159  accepted=38  auc=0.7093  uauc=0.5646  loss=nan  (0.3s)
Round   15/30  coverage=0.5006  prec@K=0.0161  accepted=39  auc=0.6187  uauc=0.5281  loss=nan  (0.3s)
Round   16/30  coverage=0.5007  prec@K=0.0125  accepted=30  auc=0.6060  uauc=0.5323  loss=nan  (0.3s)
Round   17/30  coverage=0.5007  prec@K=0.0119  accepted=29  auc=0.6140  uauc=0.5213  loss=nan  (0.3s)
Round   18/30  coverage=0.5007  prec@K=0.0164  accepted=39  auc=0.6383  uauc=0.5925  loss=nan  (0.3s)
Round   19/30  coverage=0.5008  prec@K=0.0120  accepted=29  auc=0.6576  uauc=0.5562  loss=nan  (0.3s)
Round   20/30  coverage=0.5008  prec@K=0.0132  accepted=32  auc=0.6146  uauc=0.5632  loss=nan  (0.3s)
Round   21/30  coverage=0.5008  prec@K=0.0118  accepted=28  auc=0.5180  uauc=0.4866  loss=nan  (3.6s)
Round   22/30  coverage=0.5009  prec@K=0.0152  accepted=37  auc=0.5947  uauc=0.5804  loss=nan  (0.4s)
Round   23/30  coverage=0.5009  prec@K=0.0169  accepted=41  auc=0.6240  uauc=0.5714  loss=nan  (0.4s)
Round   24/30  coverage=0.5010  prec@K=0.0114  accepted=27  auc=0.6840  uauc=0.5264  loss=nan  (0.3s)
Round   25/30  coverage=0.5010  prec@K=0.0154  accepted=37  auc=0.6640  uauc=0.5018  loss=nan  (0.4s)
Round   26/30  coverage=0.5010  prec@K=0.0120  accepted=29  auc=0.5946  uauc=0.5130  loss=nan  (0.4s)
Round   27/30  coverage=0.5011  prec@K=0.0116  accepted=28  auc=0.6236  uauc=0.6214  loss=nan  (0.4s)
Round   28/30  coverage=0.5011  prec@K=0.0141  accepted=34  auc=0.5862  uauc=0.5693  loss=nan  (0.4s)
Round   29/30  coverage=0.5011  prec@K=0.0159  accepted=38  auc=0.5874  uauc=0.5113  loss=nan  (0.4s)
Round   30/30  coverage=0.5012  prec@K=0.0090  accepted=21  auc=0.5909  uauc=0.4814  loss=nan  (0.4s)

结果已写入 results\orchestrator\runs\ir50_constlr5e5_ppos95_pneg01\sx_mathoverflow\cn_s2/rounds.csv
