=== sx_mathoverflow_gnn_s42  started 2026-05-09T17:26:50 ===

C:\conda\envs\gnn\lib\site-packages\requests\__init__.py:86: RequestsDependencyWarning: Unable to find acceptable character detection dependency (chardet or charset_normalizer).
  warnings.warn(
C:\conda\envs\gnn\lib\site-packages\outdated\__init__.py:36: UserWarning: pkg_resources is deprecated as an API. See https://setuptools.pypa.io/en/latest/pkg_resources.html. The pkg_resources package is slated for removal as early as 2025-11-30. Refrain from using this package or pin to Setuptools<81.
  from pkg_resources import parse_version
Round    1/30  coverage=0.5000  prec@K=0.0127  accepted=30  auc=0.6063  uauc=0.5499  loss=0.7614  (6.7s)
Round    2/30  coverage=0.5000  prec@K=0.0116  accepted=28  auc=0.5786  uauc=0.5203  loss=0.7618  (2.9s)
Round    3/30  coverage=0.5001  prec@K=0.0134  accepted=32  auc=0.5387  uauc=0.5778  loss=0.7615  (3.1s)
Round    4/30  coverage=0.5001  prec@K=0.0095  accepted=23  auc=0.6119  uauc=0.6158  loss=0.7618  (3.1s)
Round    5/30  coverage=0.5002  prec@K=0.0164  accepted=40  auc=0.5381  uauc=0.5816  loss=0.7608  (3.3s)
Round    6/30  coverage=0.5002  prec@K=0.0114  accepted=27  auc=0.5207  uauc=0.4722  loss=0.7610  (2.7s)
Round    7/30  coverage=0.5002  prec@K=0.0158  accepted=38  auc=0.6551  uauc=0.5658  loss=0.7605  (3.1s)
Round    8/30  coverage=0.5003  prec@K=0.0155  accepted=37  auc=0.5490  uauc=0.5431  loss=0.7607  (3.1s)
Round    9/30  coverage=0.5003  prec@K=0.0160  accepted=38  auc=0.5559  uauc=0.5476  loss=0.7603  (3.1s)
Round   10/30  coverage=0.5003  prec@K=0.0114  accepted=27  auc=0.5368  uauc=0.5009  loss=0.7609  (2.9s)
Round   11/30  coverage=0.5004  prec@K=0.0123  accepted=30  auc=0.5187  uauc=0.5529  loss=0.7608  (6.1s)
Round   12/30  coverage=0.5004  prec@K=0.0144  accepted=35  auc=0.5653  uauc=0.5723  loss=0.7605  (3.0s)
Round   13/30  coverage=0.5005  prec@K=0.0182  accepted=44  auc=0.5499  uauc=0.6002  loss=0.7596  (3.0s)
Round   14/30  coverage=0.5005  prec@K=0.0122  accepted=29  auc=0.5239  uauc=0.5825  loss=0.7607  (3.1s)
Round   15/30  coverage=0.5005  prec@K=0.0133  accepted=32  auc=0.6407  uauc=0.5025  loss=0.7604  (3.2s)
Round   16/30  coverage=0.5006  prec@K=0.0141  accepted=34  auc=0.6375  uauc=0.5769  loss=0.7599  (2.8s)
Round   17/30  coverage=0.5006  prec@K=0.0153  accepted=37  auc=0.4518  uauc=0.4794  loss=0.7595  (2.6s)
Round   18/30  coverage=0.5006  prec@K=0.0119  accepted=29  auc=0.6147  uauc=0.4833  loss=0.7601  (2.9s)
Round   19/30  coverage=0.5006  prec@K=0.0160  accepted=38  auc=0.4895  uauc=0.4820  loss=0.7595  (3.1s)
Round   20/30  coverage=0.5006  prec@K=0.0099  accepted=24  auc=0.5838  uauc=0.4005  loss=0.7604  (3.1s)
Round   21/30  coverage=0.5006  prec@K=0.0130  accepted=31  auc=0.5553  uauc=0.5338  loss=0.7597  (6.2s)
Round   22/30  coverage=0.5007  prec@K=0.0109  accepted=26  auc=0.6981  uauc=0.4952  loss=0.7601  (3.2s)
Round   23/30  coverage=0.5007  prec@K=0.0120  accepted=29  auc=0.6345  uauc=0.4174  loss=0.7601  (3.8s)
Round   24/30  coverage=0.5007  prec@K=0.0120  accepted=29  auc=0.6368  uauc=0.5399  loss=0.7598  (3.1s)
Round   25/30  coverage=0.5008  prec@K=0.0169  accepted=41  auc=0.6342  uauc=0.6149  loss=0.7589  (3.2s)
Round   26/30  coverage=0.5008  prec@K=0.0147  accepted=35  auc=0.4953  uauc=0.4544  loss=0.7593  (3.2s)
Round   27/30  coverage=0.5008  prec@K=0.0092  accepted=22  auc=0.6079  uauc=0.6217  loss=0.7597  (2.9s)
Round   28/30  coverage=0.5008  prec@K=0.0151  accepted=36  auc=0.4685  uauc=0.5293  loss=0.7590  (3.0s)
Round   29/30  coverage=0.5009  prec@K=0.0123  accepted=29  auc=0.5194  uauc=0.5588  loss=0.7592  (3.0s)
Round   30/30  coverage=0.5009  prec@K=0.0172  accepted=41  auc=0.5801  uauc=0.5656  loss=0.7588  (3.1s)

结果已写入 results\orchestrator\runs\ir50_constlr5e5_ppos95_pneg01\sx_mathoverflow\gnn_s42/rounds.csv
