=== sx_superuser_aa_s1  started 2026-05-09T20:18:21 ===

C:\conda\envs\gnn\lib\site-packages\requests\__init__.py:86: RequestsDependencyWarning: Unable to find acceptable character detection dependency (chardet or charset_normalizer).
  warnings.warn(
C:\conda\envs\gnn\lib\site-packages\outdated\__init__.py:36: UserWarning: pkg_resources is deprecated as an API. See https://setuptools.pypa.io/en/latest/pkg_resources.html. The pkg_resources package is slated for removal as early as 2025-11-30. Refrain from using this package or pin to Setuptools<81.
  from pkg_resources import parse_version
Round    1/30  coverage=0.5000  prec@K=0.0111  accepted=198  auc=0.5204  uauc=0.5106  loss=nan  (24.7s)
Round    2/30  coverage=0.5000  prec@K=0.0106  accepted=191  auc=0.4982  uauc=0.4999  loss=nan  (5.7s)
Round    3/30  coverage=0.5000  prec@K=0.0083  accepted=149  auc=0.4887  uauc=0.4953  loss=nan  (6.0s)
Round    4/30  coverage=0.5001  prec@K=0.0104  accepted=187  auc=0.5429  uauc=0.5414  loss=nan  (6.8s)
Round    5/30  coverage=0.5001  prec@K=0.0104  accepted=187  auc=0.5293  uauc=0.4864  loss=nan  (9.8s)
Round    6/30  coverage=0.5001  prec@K=0.0097  accepted=173  auc=0.4945  uauc=0.5097  loss=nan  (10.5s)
Round    7/30  coverage=0.5001  prec@K=0.0119  accepted=209  auc=0.5580  uauc=0.5191  loss=nan  (11.4s)
Round    8/30  coverage=0.5001  prec@K=0.0102  accepted=183  auc=0.5048  uauc=0.5136  loss=nan  (12.8s)
Round    9/30  coverage=0.5001  prec@K=0.0114  accepted=203  auc=0.5064  uauc=0.5009  loss=nan  (14.6s)
Round   10/30  coverage=0.5001  prec@K=0.0107  accepted=191  auc=0.5753  uauc=0.5264  loss=nan  (15.4s)
Round   11/30  coverage=0.5002  prec@K=0.0113  accepted=203  auc=0.5233  uauc=0.5001  loss=nan  (35.6s)
Round   12/30  coverage=0.5002  prec@K=0.0118  accepted=211  auc=0.5077  uauc=0.5081  loss=nan  (17.9s)
Round   13/30  coverage=0.5002  prec@K=0.0114  accepted=203  auc=0.5388  uauc=0.5094  loss=nan  (18.2s)
Round   14/30  coverage=0.5002  prec@K=0.0108  accepted=193  auc=0.5160  uauc=0.5091  loss=nan  (19.6s)
Round   15/30  coverage=0.5002  prec@K=0.0112  accepted=202  auc=0.5579  uauc=0.5131  loss=nan  (21.0s)
Round   16/30  coverage=0.5002  prec@K=0.0112  accepted=200  auc=0.5292  uauc=0.5251  loss=nan  (22.0s)
Round   17/30  coverage=0.5003  prec@K=0.0099  accepted=176  auc=0.5278  uauc=0.5043  loss=nan  (22.4s)
Round   18/30  coverage=0.5003  prec@K=0.0112  accepted=199  auc=0.5515  uauc=0.5288  loss=nan  (24.7s)
Round   19/30  coverage=0.5003  prec@K=0.0110  accepted=195  auc=0.5443  uauc=0.5200  loss=nan  (26.5s)
Round   20/30  coverage=0.5003  prec@K=0.0108  accepted=193  auc=0.5614  uauc=0.5046  loss=nan  (26.5s)
Round   21/30  coverage=0.5003  prec@K=0.0099  accepted=175  auc=0.5206  uauc=0.5085  loss=nan  (48.1s)
Round   22/30  coverage=0.5003  prec@K=0.0116  accepted=207  auc=0.4842  uauc=0.5072  loss=nan  (28.4s)
Round   23/30  coverage=0.5003  prec@K=0.0114  accepted=201  auc=0.5340  uauc=0.5115  loss=nan  (29.2s)
Round   24/30  coverage=0.5003  prec@K=0.0096  accepted=173  auc=0.5354  uauc=0.5216  loss=nan  (32.3s)
Round   25/30  coverage=0.5004  prec@K=0.0106  accepted=189  auc=0.4909  uauc=0.5005  loss=nan  (33.8s)
Round   26/30  coverage=0.5004  prec@K=0.0106  accepted=188  auc=0.5163  uauc=0.5005  loss=nan  (32.4s)
Round   27/30  coverage=0.5004  prec@K=0.0112  accepted=200  auc=0.5263  uauc=0.5093  loss=nan  (35.1s)
Round   28/30  coverage=0.5004  prec@K=0.0098  accepted=175  auc=0.5489  uauc=0.5214  loss=nan  (35.8s)
Round   29/30  coverage=0.5004  prec@K=0.0118  accepted=211  auc=0.5199  uauc=0.5101  loss=nan  (34.8s)
Round   30/30  coverage=0.5004  prec@K=0.0118  accepted=211  auc=0.5151  uauc=0.5088  loss=nan  (36.6s)

结果已写入 results\orchestrator\runs\ir50_constlr5e5_ppos95_pneg01\sx_superuser\aa_s1/rounds.csv
