=== sx_superuser_cn_s1  started 2026-05-09T20:31:01 ===

C:\conda\envs\gnn\lib\site-packages\requests\__init__.py:86: RequestsDependencyWarning: Unable to find acceptable character detection dependency (chardet or charset_normalizer).
  warnings.warn(
C:\conda\envs\gnn\lib\site-packages\outdated\__init__.py:36: UserWarning: pkg_resources is deprecated as an API. See https://setuptools.pypa.io/en/latest/pkg_resources.html. The pkg_resources package is slated for removal as early as 2025-11-30. Refrain from using this package or pin to Setuptools<81.
  from pkg_resources import parse_version
Round    1/30  coverage=0.5000  prec@K=0.0108  accepted=193  auc=0.5018  uauc=0.5017  loss=nan  (21.3s)
Round    2/30  coverage=0.5000  prec@K=0.0106  accepted=190  auc=0.5075  uauc=0.5037  loss=nan  (2.5s)
Round    3/30  coverage=0.5000  prec@K=0.0083  accepted=149  auc=0.4944  uauc=0.4928  loss=nan  (2.9s)
Round    4/30  coverage=0.5001  prec@K=0.0102  accepted=183  auc=0.5393  uauc=0.5381  loss=nan  (4.3s)
Round    5/30  coverage=0.5001  prec@K=0.0102  accepted=184  auc=0.5324  uauc=0.5102  loss=nan  (7.1s)
Round    6/30  coverage=0.5001  prec@K=0.0096  accepted=171  auc=0.5131  uauc=0.4952  loss=nan  (7.4s)
Round    7/30  coverage=0.5001  prec@K=0.0120  accepted=211  auc=0.5434  uauc=0.5017  loss=nan  (8.5s)
Round    8/30  coverage=0.5001  prec@K=0.0102  accepted=182  auc=0.5312  uauc=0.5052  loss=nan  (9.7s)
Round    9/30  coverage=0.5001  prec@K=0.0114  accepted=204  auc=0.5419  uauc=0.5015  loss=nan  (11.3s)
Round   10/30  coverage=0.5001  prec@K=0.0105  accepted=188  auc=0.5236  uauc=0.5171  loss=nan  (12.2s)
Round   11/30  coverage=0.5001  prec@K=0.0112  accepted=200  auc=0.5052  uauc=0.5026  loss=nan  (32.0s)
Round   12/30  coverage=0.5002  prec@K=0.0117  accepted=209  auc=0.4924  uauc=0.5080  loss=nan  (14.5s)
Round   13/30  coverage=0.5002  prec@K=0.0113  accepted=201  auc=0.5313  uauc=0.5200  loss=nan  (15.0s)
Round   14/30  coverage=0.5002  prec@K=0.0105  accepted=188  auc=0.5139  uauc=0.4957  loss=nan  (17.2s)
Round   15/30  coverage=0.5002  prec@K=0.0113  accepted=203  auc=0.5133  uauc=0.5117  loss=nan  (18.0s)
Round   16/30  coverage=0.5002  prec@K=0.0110  accepted=196  auc=0.5056  uauc=0.5089  loss=nan  (19.2s)
Round   17/30  coverage=0.5002  prec@K=0.0097  accepted=172  auc=0.5124  uauc=0.5059  loss=nan  (19.7s)
Round   18/30  coverage=0.5002  prec@K=0.0109  accepted=195  auc=0.5209  uauc=0.5067  loss=nan  (22.1s)
Round   19/30  coverage=0.5002  prec@K=0.0111  accepted=197  auc=0.5451  uauc=0.4995  loss=nan  (24.0s)
Round   20/30  coverage=0.5002  prec@K=0.0105  accepted=187  auc=0.5208  uauc=0.5022  loss=nan  (23.3s)
Round   21/30  coverage=0.5003  prec@K=0.0096  accepted=170  auc=0.5257  uauc=0.5069  loss=nan  (44.8s)
Round   22/30  coverage=0.5003  prec@K=0.0116  accepted=207  auc=0.4714  uauc=0.4828  loss=nan  (25.6s)
Round   23/30  coverage=0.5003  prec@K=0.0113  accepted=201  auc=0.5124  uauc=0.5051  loss=nan  (26.9s)
Round   24/30  coverage=0.5003  prec@K=0.0099  accepted=177  auc=0.5163  uauc=0.5070  loss=nan  (30.0s)
Round   25/30  coverage=0.5003  prec@K=0.0105  accepted=187  auc=0.5124  uauc=0.5072  loss=nan  (31.4s)
Round   26/30  coverage=0.5003  prec@K=0.0106  accepted=188  auc=0.4961  uauc=0.4935  loss=nan  (30.0s)
Round   27/30  coverage=0.5003  prec@K=0.0111  accepted=200  auc=0.5240  uauc=0.5173  loss=nan  (33.2s)
Round   28/30  coverage=0.5003  prec@K=0.0096  accepted=172  auc=0.4983  uauc=0.5036  loss=nan  (33.4s)
Round   29/30  coverage=0.5003  prec@K=0.0117  accepted=208  auc=0.4969  uauc=0.4990  loss=nan  (32.3s)
Round   30/30  coverage=0.5004  prec@K=0.0115  accepted=204  auc=0.5056  uauc=0.5079  loss=nan  (33.9s)

结果已写入 results\orchestrator\runs\ir50_constlr5e5_ppos95_pneg01\sx_superuser\cn_s1/rounds.csv
