=== sx_superuser_aa_s2  started 2026-05-09T20:19:55 ===

C:\conda\envs\gnn\lib\site-packages\requests\__init__.py:86: RequestsDependencyWarning: Unable to find acceptable character detection dependency (chardet or charset_normalizer).
  warnings.warn(
C:\conda\envs\gnn\lib\site-packages\outdated\__init__.py:36: UserWarning: pkg_resources is deprecated as an API. See https://setuptools.pypa.io/en/latest/pkg_resources.html. The pkg_resources package is slated for removal as early as 2025-11-30. Refrain from using this package or pin to Setuptools<81.
  from pkg_resources import parse_version
Round    1/30  coverage=0.5000  prec@K=0.0097  accepted=174  auc=0.5469  uauc=0.5135  loss=nan  (24.6s)
Round    2/30  coverage=0.5000  prec@K=0.0109  accepted=194  auc=0.5301  uauc=0.5279  loss=nan  (5.3s)
Round    3/30  coverage=0.5000  prec@K=0.0109  accepted=195  auc=0.5052  uauc=0.5086  loss=nan  (5.7s)
Round    4/30  coverage=0.5000  prec@K=0.0107  accepted=191  auc=0.4964  uauc=0.4750  loss=nan  (7.3s)
Round    5/30  coverage=0.5001  prec@K=0.0086  accepted=156  auc=0.5843  uauc=0.5365  loss=nan  (10.0s)
Round    6/30  coverage=0.5001  prec@K=0.0100  accepted=179  auc=0.5129  uauc=0.4949  loss=nan  (9.8s)
Round    7/30  coverage=0.5001  prec@K=0.0096  accepted=173  auc=0.5457  uauc=0.5002  loss=nan  (10.9s)
Round    8/30  coverage=0.5001  prec@K=0.0111  accepted=198  auc=0.4999  uauc=0.4995  loss=nan  (12.4s)
Round    9/30  coverage=0.5001  prec@K=0.0115  accepted=205  auc=0.5342  uauc=0.5223  loss=nan  (13.2s)
Round   10/30  coverage=0.5001  prec@K=0.0095  accepted=171  auc=0.5010  uauc=0.5031  loss=nan  (13.7s)
Round   11/30  coverage=0.5002  prec@K=0.0119  accepted=211  auc=0.5464  uauc=0.5060  loss=nan  (33.5s)
Round   12/30  coverage=0.5002  prec@K=0.0105  accepted=189  auc=0.5214  uauc=0.4931  loss=nan  (16.9s)
Round   13/30  coverage=0.5002  prec@K=0.0100  accepted=179  auc=0.5280  uauc=0.5192  loss=nan  (17.8s)
Round   14/30  coverage=0.5002  prec@K=0.0107  accepted=192  auc=0.5526  uauc=0.5231  loss=nan  (18.3s)
Round   15/30  coverage=0.5002  prec@K=0.0101  accepted=182  auc=0.5239  uauc=0.5088  loss=nan  (20.3s)
Round   16/30  coverage=0.5002  prec@K=0.0107  accepted=191  auc=0.5462  uauc=0.5079  loss=nan  (21.7s)
Round   17/30  coverage=0.5003  prec@K=0.0115  accepted=205  auc=0.5266  uauc=0.5083  loss=nan  (22.2s)
Round   18/30  coverage=0.5003  prec@K=0.0109  accepted=194  auc=0.5570  uauc=0.5052  loss=nan  (23.1s)
Round   19/30  coverage=0.5003  prec@K=0.0103  accepted=184  auc=0.5582  uauc=0.5117  loss=nan  (25.0s)
Round   20/30  coverage=0.5003  prec@K=0.0116  accepted=204  auc=0.5240  uauc=0.4869  loss=nan  (24.9s)
Round   21/30  coverage=0.5003  prec@K=0.0112  accepted=199  auc=0.4804  uauc=0.5151  loss=nan  (46.3s)
Round   22/30  coverage=0.5003  prec@K=0.0114  accepted=204  auc=0.5127  uauc=0.5080  loss=nan  (28.3s)
Round   23/30  coverage=0.5003  prec@K=0.0099  accepted=177  auc=0.4978  uauc=0.5237  loss=nan  (30.6s)
Round   24/30  coverage=0.5004  prec@K=0.0091  accepted=160  auc=0.5240  uauc=0.4904  loss=nan  (30.4s)
Round   25/30  coverage=0.5004  prec@K=0.0096  accepted=171  auc=0.5238  uauc=0.5023  loss=nan  (31.0s)
Round   26/30  coverage=0.5004  prec@K=0.0107  accepted=190  auc=0.5445  uauc=0.5319  loss=nan  (32.6s)
Round   27/30  coverage=0.5004  prec@K=0.0100  accepted=177  auc=0.5551  uauc=0.5471  loss=nan  (32.5s)
Round   28/30  coverage=0.5004  prec@K=0.0104  accepted=186  auc=0.5075  uauc=0.5112  loss=nan  (36.5s)
Round   29/30  coverage=0.5004  prec@K=0.0105  accepted=186  auc=0.5196  uauc=0.4959  loss=nan  (36.2s)
Round   30/30  coverage=0.5004  prec@K=0.0110  accepted=195  auc=0.4951  uauc=0.5189  loss=nan  (36.8s)

结果已写入 results\orchestrator\runs\ir50_constlr5e5_ppos95_pneg01\sx_superuser\aa_s2/rounds.csv
