=== sx_superuser_gat_emb_s42  started 2026-05-09T20:42:25 ===

C:\conda\envs\gnn\lib\site-packages\requests\__init__.py:86: RequestsDependencyWarning: Unable to find acceptable character detection dependency (chardet or charset_normalizer).
  warnings.warn(
C:\conda\envs\gnn\lib\site-packages\outdated\__init__.py:36: UserWarning: pkg_resources is deprecated as an API. See https://setuptools.pypa.io/en/latest/pkg_resources.html. The pkg_resources package is slated for removal as early as 2025-11-30. Refrain from using this package or pin to Setuptools<81.
  from pkg_resources import parse_version
Round    1/30  coverage=0.5000  prec@K=0.0104  accepted=186  auc=0.5016  uauc=0.5132  loss=0.7380  (40.0s)
Round    2/30  coverage=0.5000  prec@K=0.0112  accepted=202  auc=0.5113  uauc=0.4901  loss=0.7379  (19.5s)
Round    3/30  coverage=0.5000  prec@K=0.0113  accepted=203  auc=0.4939  uauc=0.4744  loss=0.7377  (19.6s)
Round    4/30  coverage=0.5000  prec@K=0.0099  accepted=177  auc=0.5114  uauc=0.4757  loss=0.7378  (20.5s)
Round    5/30  coverage=0.5000  prec@K=0.0088  accepted=158  auc=0.4599  uauc=0.4997  loss=0.7378  (20.9s)
Round    6/30  coverage=0.5000  prec@K=0.0097  accepted=173  auc=0.4849  uauc=0.4813  loss=0.7376  (23.2s)
Round    7/30  coverage=0.5000  prec@K=0.0108  accepted=195  auc=0.4433  uauc=0.4780  loss=0.7374  (24.6s)
Round    8/30  coverage=0.5000  prec@K=0.0113  accepted=201  auc=0.4929  uauc=0.4880  loss=0.7372  (26.2s)
Round    9/30  coverage=0.5000  prec@K=0.0090  accepted=160  auc=0.4783  uauc=0.4981  loss=0.7374  (26.5s)
Round   10/30  coverage=0.5001  prec@K=0.0101  accepted=180  auc=0.5199  uauc=0.5006  loss=0.7372  (27.8s)
Round   11/30  coverage=0.5001  prec@K=0.0091  accepted=162  auc=0.5114  uauc=0.5027  loss=0.7372  (48.6s)
Round   12/30  coverage=0.5001  prec@K=0.0114  accepted=203  auc=0.4633  uauc=0.5141  loss=0.7368  (30.9s)
Round   13/30  coverage=0.5001  prec@K=0.0100  accepted=180  auc=0.4610  uauc=0.4943  loss=0.7369  (33.1s)
Round   14/30  coverage=0.5001  prec@K=0.0112  accepted=197  auc=0.4717  uauc=0.5047  loss=0.7367  (32.3s)
Round   15/30  coverage=0.5001  prec@K=0.0117  accepted=210  auc=0.4551  uauc=0.4818  loss=0.7365  (35.7s)
Round   16/30  coverage=0.5001  prec@K=0.0093  accepted=165  auc=0.5215  uauc=0.5251  loss=0.7367  (35.3s)
Round   17/30  coverage=0.5001  prec@K=0.0099  accepted=177  auc=0.4767  uauc=0.4969  loss=0.7365  (37.1s)
Round   18/30  coverage=0.5001  prec@K=0.0108  accepted=192  auc=0.4730  uauc=0.5118  loss=0.7363  (37.3s)
Round   19/30  coverage=0.5001  prec@K=0.0107  accepted=189  auc=0.5256  uauc=0.4917  loss=0.7362  (39.9s)
Round   20/30  coverage=0.5001  prec@K=0.0110  accepted=196  auc=0.4800  uauc=0.4976  loss=0.7361  (39.6s)
