=== sx_superuser_gat_emb_s1  started 2026-05-09T20:38:22 ===

C:\conda\envs\gnn\lib\site-packages\requests\__init__.py:86: RequestsDependencyWarning: Unable to find acceptable character detection dependency (chardet or charset_normalizer).
  warnings.warn(
C:\conda\envs\gnn\lib\site-packages\outdated\__init__.py:36: UserWarning: pkg_resources is deprecated as an API. See https://setuptools.pypa.io/en/latest/pkg_resources.html. The pkg_resources package is slated for removal as early as 2025-11-30. Refrain from using this package or pin to Setuptools<81.
  from pkg_resources import parse_version
Round    1/30  coverage=0.5000  prec@K=0.0107  accepted=190  auc=0.4705  uauc=0.4930  loss=0.7221  (37.3s)
Round    2/30  coverage=0.5000  prec@K=0.0106  accepted=190  auc=0.4734  uauc=0.4681  loss=0.7220  (18.2s)
Round    3/30  coverage=0.5000  prec@K=0.0083  accepted=148  auc=0.4692  uauc=0.4684  loss=0.7221  (18.7s)
Round    4/30  coverage=0.5000  prec@K=0.0097  accepted=175  auc=0.5156  uauc=0.5311  loss=0.7218  (19.9s)
Round    5/30  coverage=0.5000  prec@K=0.0099  accepted=177  auc=0.5292  uauc=0.4932  loss=0.7217  (20.5s)
Round    6/30  coverage=0.5000  prec@K=0.0093  accepted=166  auc=0.4870  uauc=0.4751  loss=0.7216  (22.4s)
Round    7/30  coverage=0.5001  prec@K=0.0117  accepted=206  auc=0.4774  uauc=0.5103  loss=0.7213  (23.9s)
Round    8/30  coverage=0.5001  prec@K=0.0102  accepted=182  auc=0.5098  uauc=0.5100  loss=0.7213  (26.3s)
Round    9/30  coverage=0.5001  prec@K=0.0113  accepted=201  auc=0.4836  uauc=0.4961  loss=0.7211  (27.0s)
Round   10/30  coverage=0.5001  prec@K=0.0102  accepted=182  auc=0.4676  uauc=0.4922  loss=0.7211  (29.2s)
Round   11/30  coverage=0.5001  prec@K=0.0111  accepted=199  auc=0.4726  uauc=0.5028  loss=0.7209  (49.7s)
Round   12/30  coverage=0.5001  prec@K=0.0115  accepted=207  auc=0.4991  uauc=0.4825  loss=0.7208  (31.4s)
Round   13/30  coverage=0.5001  prec@K=0.0110  accepted=195  auc=0.4854  uauc=0.5036  loss=0.7207  (33.1s)
Round   14/30  coverage=0.5001  prec@K=0.0103  accepted=184  auc=0.4789  uauc=0.4746  loss=0.7206  (33.8s)
Round   15/30  coverage=0.5001  prec@K=0.0108  accepted=195  auc=0.5016  uauc=0.4987  loss=0.7205  (35.5s)
Round   16/30  coverage=0.5001  prec@K=0.0107  accepted=191  auc=0.4878  uauc=0.5207  loss=0.7204  (35.6s)
Round   17/30  coverage=0.5001  prec@K=0.0099  accepted=177  auc=0.4660  uauc=0.4940  loss=0.7204  (36.7s)
Round   18/30  coverage=0.5001  prec@K=0.0104  accepted=186  auc=0.5072  uauc=0.4955  loss=0.7202  (38.9s)
Round   19/30  coverage=0.5002  prec@K=0.0105  accepted=187  auc=0.4942  uauc=0.4535  loss=0.7201  (41.4s)
Round   20/30  coverage=0.5002  prec@K=0.0107  accepted=192  auc=0.5181  uauc=0.5064  loss=0.7200  (41.1s)
Round   21/30  coverage=0.5002  prec@K=0.0095  accepted=168  auc=0.4912  uauc=0.4821  loss=0.7199  (62.5s)
Round   22/30  coverage=0.5002  prec@K=0.0116  accepted=207  auc=0.5065  uauc=0.5065  loss=0.7197  (42.7s)
Round   23/30  coverage=0.5002  prec@K=0.0111  accepted=196  auc=0.4778  uauc=0.5273  loss=0.7196  (43.2s)
Round   24/30  coverage=0.5002  prec@K=0.0093  accepted=166  auc=0.5101  uauc=0.4803  loss=0.7196  (47.3s)
Round   25/30  coverage=0.5002  prec@K=0.0103  accepted=183  auc=0.4787  uauc=0.5110  loss=0.7194  (48.5s)
Round   26/30  coverage=0.5002  prec@K=0.0106  accepted=188  auc=0.4797  uauc=0.5240  loss=0.7193  (44.8s)
