=== wiki_vote_pa_s2  started 2026-05-09T17:19:59 ===

C:\conda\envs\gnn\lib\site-packages\requests\__init__.py:86: RequestsDependencyWarning: Unable to find acceptable character detection dependency (chardet or charset_normalizer).
  warnings.warn(
C:\conda\envs\gnn\lib\site-packages\outdated\__init__.py:36: UserWarning: pkg_resources is deprecated as an API. See https://setuptools.pypa.io/en/latest/pkg_resources.html. The pkg_resources package is slated for removal as early as 2025-11-30. Refrain from using this package or pin to Setuptools<81.
  from pkg_resources import parse_version
Round    1/30  coverage=0.5008  prec@K=0.0224  accepted=158  auc=0.6865  uauc=0.5284  loss=nan  (1.3s)
Round    2/30  coverage=0.5014  prec@K=0.0177  accepted=125  auc=0.6902  uauc=0.5460  loss=nan  (0.5s)
Round    3/30  coverage=0.5022  prec@K=0.0234  accepted=164  auc=0.6595  uauc=0.5648  loss=nan  (0.6s)
Round    4/30  coverage=0.5029  prec@K=0.0191  accepted=135  auc=0.6755  uauc=0.5166  loss=nan  (0.6s)
Round    5/30  coverage=0.5033  prec@K=0.0160  accepted=112  auc=0.5875  uauc=0.4787  loss=nan  (0.8s)
Round    6/30  coverage=0.5038  prec@K=0.0159  accepted=112  auc=0.6282  uauc=0.4467  loss=nan  (0.6s)
Round    7/30  coverage=0.5044  prec@K=0.0163  accepted=115  auc=0.7020  uauc=0.5101  loss=nan  (0.7s)
Round    8/30  coverage=0.5052  prec@K=0.0201  accepted=142  auc=0.6902  uauc=0.5375  loss=nan  (0.8s)
Round    9/30  coverage=0.5057  prec@K=0.0174  accepted=122  auc=0.6519  uauc=0.4813  loss=nan  (0.8s)
Round   10/30  coverage=0.5062  prec@K=0.0184  accepted=129  auc=0.6317  uauc=0.4647  loss=nan  (0.8s)
Round   11/30  coverage=0.5067  prec@K=0.0163  accepted=114  auc=0.6154  uauc=0.5370  loss=nan  (1.6s)
Round   12/30  coverage=0.5072  prec@K=0.0178  accepted=124  auc=0.6525  uauc=0.5241  loss=nan  (0.9s)
Round   13/30  coverage=0.5077  prec@K=0.0176  accepted=123  auc=0.6700  uauc=0.5514  loss=nan  (0.9s)
Round   14/30  coverage=0.5084  prec@K=0.0210  accepted=146  auc=0.6513  uauc=0.5350  loss=nan  (1.0s)
Round   15/30  coverage=0.5090  prec@K=0.0164  accepted=115  auc=0.6474  uauc=0.4741  loss=nan  (1.0s)
Round   16/30  coverage=0.5096  prec@K=0.0196  accepted=136  auc=0.6694  uauc=0.4946  loss=nan  (1.0s)
Round   17/30  coverage=0.5102  prec@K=0.0180  accepted=126  auc=0.6671  uauc=0.5051  loss=nan  (1.1s)
Round   18/30  coverage=0.5106  prec@K=0.0170  accepted=118  auc=0.6243  uauc=0.5012  loss=nan  (1.1s)
Round   19/30  coverage=0.5111  prec@K=0.0176  accepted=122  auc=0.6327  uauc=0.5001  loss=nan  (1.1s)
Round   20/30  coverage=0.5116  prec@K=0.0173  accepted=121  auc=0.6873  uauc=0.5510  loss=nan  (1.1s)
Round   21/30  coverage=0.5121  prec@K=0.0194  accepted=136  auc=0.6252  uauc=0.4628  loss=nan  (2.1s)
Round   22/30  coverage=0.5126  prec@K=0.0173  accepted=119  auc=0.6073  uauc=0.5105  loss=nan  (1.1s)
Round   23/30  coverage=0.5131  prec@K=0.0212  accepted=146  auc=0.6526  uauc=0.4991  loss=nan  (1.1s)
Round   24/30  coverage=0.5136  prec@K=0.0173  accepted=120  auc=0.6324  uauc=0.4724  loss=nan  (1.2s)
Round   25/30  coverage=0.5142  prec@K=0.0189  accepted=131  auc=0.6322  uauc=0.5181  loss=nan  (1.3s)
Round   26/30  coverage=0.5147  prec@K=0.0184  accepted=128  auc=0.6288  uauc=0.5640  loss=nan  (1.2s)
Round   27/30  coverage=0.5153  prec@K=0.0194  accepted=134  auc=0.6821  uauc=0.4863  loss=nan  (1.3s)
Round   28/30  coverage=0.5158  prec@K=0.0187  accepted=129  auc=0.6877  uauc=0.4737  loss=nan  (1.3s)
Round   29/30  coverage=0.5163  prec@K=0.0158  accepted=110  auc=0.6251  uauc=0.4827  loss=nan  (1.4s)
Round   30/30  coverage=0.5167  prec@K=0.0145  accepted=100  auc=0.6757  uauc=0.5330  loss=nan  (1.3s)

结果已写入 results\orchestrator\runs\ir50_constlr5e5_ppos95_pneg01\wiki_vote\pa_s2/rounds.csv
