=== wiki_vote_gnn_concat_s42  started 2026-05-09T16:55:12 ===

C:\conda\envs\gnn\lib\site-packages\requests\__init__.py:86: RequestsDependencyWarning: Unable to find acceptable character detection dependency (chardet or charset_normalizer).
  warnings.warn(
C:\conda\envs\gnn\lib\site-packages\outdated\__init__.py:36: UserWarning: pkg_resources is deprecated as an API. See https://setuptools.pypa.io/en/latest/pkg_resources.html. The pkg_resources package is slated for removal as early as 2025-11-30. Refrain from using this package or pin to Setuptools<81.
  from pkg_resources import parse_version
Round    1/30  coverage=0.5006  prec@K=0.0181  accepted=128  auc=0.3597  uauc=0.5160  loss=0.6748  (13.0s)
Round    2/30  coverage=0.5011  prec@K=0.0182  accepted=129  auc=0.4009  uauc=0.5141  loss=0.6729  (11.3s)
Round    3/30  coverage=0.5015  prec@K=0.0150  accepted=106  auc=0.3721  uauc=0.5246  loss=0.6697  (11.7s)
Round    4/30  coverage=0.5019  prec@K=0.0163  accepted=114  auc=0.4077  uauc=0.5387  loss=0.6672  (11.5s)
Round    5/30  coverage=0.5024  prec@K=0.0175  accepted=123  auc=0.4067  uauc=0.5401  loss=0.6663  (11.3s)
Round    6/30  coverage=0.5028  prec@K=0.0162  accepted=114  auc=0.3738  uauc=0.5029  loss=0.6630  (11.9s)
Round    7/30  coverage=0.5033  prec@K=0.0174  accepted=122  auc=0.3872  uauc=0.5295  loss=0.6623  (11.6s)
Round    8/30  coverage=0.5039  prec@K=0.0196  accepted=137  auc=0.3703  uauc=0.5588  loss=0.6574  (13.7s)
Round    9/30  coverage=0.5043  prec@K=0.0168  accepted=118  auc=0.4294  uauc=0.5269  loss=0.6551  (12.6s)
Round   10/30  coverage=0.5048  prec@K=0.0185  accepted=131  auc=0.3695  uauc=0.5147  loss=0.6554  (11.9s)
Round   11/30  coverage=0.5052  prec@K=0.0177  accepted=124  auc=0.3954  uauc=0.5312  loss=0.6518  (12.8s)
Round   12/30  coverage=0.5058  prec@K=0.0185  accepted=129  auc=0.3589  uauc=0.5406  loss=0.6506  (12.1s)
Round   13/30  coverage=0.5063  prec@K=0.0174  accepted=122  auc=0.3673  uauc=0.5135  loss=0.6471  (12.4s)
Round   14/30  coverage=0.5068  prec@K=0.0175  accepted=122  auc=0.3620  uauc=0.5189  loss=0.6463  (11.5s)
Round   15/30  coverage=0.5072  prec@K=0.0189  accepted=131  auc=0.3555  uauc=0.5431  loss=0.6449  (11.5s)
Round   16/30  coverage=0.5077  prec@K=0.0188  accepted=131  auc=0.3894  uauc=0.5224  loss=0.6421  (12.1s)
Round   17/30  coverage=0.5082  prec@K=0.0176  accepted=123  auc=0.3528  uauc=0.5502  loss=0.6395  (12.4s)
Round   18/30  coverage=0.5087  prec@K=0.0168  accepted=117  auc=0.3563  uauc=0.5450  loss=0.6378  (12.6s)
Round   19/30  coverage=0.5092  prec@K=0.0172  accepted=121  auc=0.3667  uauc=0.5340  loss=0.6357  (12.7s)
Round   20/30  coverage=0.5097  prec@K=0.0184  accepted=128  auc=0.4294  uauc=0.5428  loss=0.6317  (12.6s)
Round   21/30  coverage=0.5102  prec@K=0.0172  accepted=120  auc=0.3083  uauc=0.5156  loss=0.6307  (13.4s)
Round   22/30  coverage=0.5107  prec@K=0.0168  accepted=116  auc=0.3303  uauc=0.4844  loss=0.6277  (12.9s)
Round   23/30  coverage=0.5112  prec@K=0.0161  accepted=112  auc=0.3316  uauc=0.4789  loss=0.6248  (13.1s)
Round   24/30  coverage=0.5118  prec@K=0.0168  accepted=116  auc=0.3376  uauc=0.5505  loss=0.6236  (13.0s)
Round   25/30  coverage=0.5123  prec@K=0.0169  accepted=117  auc=0.3776  uauc=0.5130  loss=0.6218  (13.0s)
Round   26/30  coverage=0.5127  prec@K=0.0161  accepted=111  auc=0.3382  uauc=0.5309  loss=0.6193  (12.9s)
Round   27/30  coverage=0.5132  prec@K=0.0157  accepted=109  auc=0.3662  uauc=0.5274  loss=0.6173  (12.5s)
Round   28/30  coverage=0.5137  prec@K=0.0168  accepted=116  auc=0.3302  uauc=0.5579  loss=0.6154  (12.7s)
Round   29/30  coverage=0.5143  prec@K=0.0205  accepted=142  auc=0.3382  uauc=0.5372  loss=0.6135  (12.7s)
Round   30/30  coverage=0.5149  prec@K=0.0203  accepted=140  auc=0.3419  uauc=0.5272  loss=0.6101  (13.4s)

结果已写入 results\orchestrator\runs\ir50_constlr5e5_ppos95_pneg01\wiki_vote\gnn_concat_s42/rounds.csv
