=== wiki_vote_gnn_sum_s42  started 2026-05-09T17:07:12 ===

C:\conda\envs\gnn\lib\site-packages\requests\__init__.py:86: RequestsDependencyWarning: Unable to find acceptable character detection dependency (chardet or charset_normalizer).
  warnings.warn(
C:\conda\envs\gnn\lib\site-packages\outdated\__init__.py:36: UserWarning: pkg_resources is deprecated as an API. See https://setuptools.pypa.io/en/latest/pkg_resources.html. The pkg_resources package is slated for removal as early as 2025-11-30. Refrain from using this package or pin to Setuptools<81.
  from pkg_resources import parse_version
Round    1/30  coverage=0.5003  prec@K=0.0140  accepted=99  auc=0.5096  uauc=0.5684  loss=0.7013  (13.1s)
Round    2/30  coverage=0.5007  prec@K=0.0157  accepted=111  auc=0.4915  uauc=0.5295  loss=0.6989  (11.3s)
Round    3/30  coverage=0.5009  prec@K=0.0130  accepted=92  auc=0.5074  uauc=0.5101  loss=0.6969  (11.7s)
Round    4/30  coverage=0.5012  prec@K=0.0149  accepted=104  auc=0.5182  uauc=0.5431  loss=0.6953  (11.5s)
Round    5/30  coverage=0.5015  prec@K=0.0147  accepted=103  auc=0.5297  uauc=0.5412  loss=0.6923  (11.2s)
Round    6/30  coverage=0.5018  prec@K=0.0142  accepted=100  auc=0.4569  uauc=0.4577  loss=0.6909  (11.9s)
Round    7/30  coverage=0.5021  prec@K=0.0134  accepted=94  auc=0.4614  uauc=0.5262  loss=0.6893  (11.3s)
Round    8/30  coverage=0.5023  prec@K=0.0147  accepted=103  auc=0.4914  uauc=0.5026  loss=0.6869  (12.7s)
Round    9/30  coverage=0.5026  prec@K=0.0152  accepted=107  auc=0.4859  uauc=0.5192  loss=0.6846  (12.5s)
Round   10/30  coverage=0.5028  prec@K=0.0141  accepted=100  auc=0.4474  uauc=0.4949  loss=0.6830  (11.7s)
Round   11/30  coverage=0.5030  prec@K=0.0144  accepted=101  auc=0.5225  uauc=0.5102  loss=0.6804  (12.5s)
Round   12/30  coverage=0.5032  prec@K=0.0129  accepted=90  auc=0.5016  uauc=0.5150  loss=0.6785  (12.1s)
Round   13/30  coverage=0.5034  prec@K=0.0138  accepted=97  auc=0.4883  uauc=0.5020  loss=0.6766  (12.3s)
Round   14/30  coverage=0.5036  prec@K=0.0133  accepted=92  auc=0.4634  uauc=0.5045  loss=0.6754  (11.3s)
Round   15/30  coverage=0.5039  prec@K=0.0154  accepted=107  auc=0.5107  uauc=0.5200  loss=0.6735  (11.5s)
Round   16/30  coverage=0.5041  prec@K=0.0153  accepted=107  auc=0.5278  uauc=0.5231  loss=0.6714  (11.9s)
Round   17/30  coverage=0.5043  prec@K=0.0135  accepted=94  auc=0.4780  uauc=0.5303  loss=0.6696  (12.1s)
Round   18/30  coverage=0.5045  prec@K=0.0121  accepted=84  auc=0.4512  uauc=0.5263  loss=0.6678  (12.5s)
Round   19/30  coverage=0.5047  prec@K=0.0126  accepted=88  auc=0.3584  uauc=0.5170  loss=0.6660  (12.4s)
Round   20/30  coverage=0.5049  prec@K=0.0135  accepted=94  auc=0.4770  uauc=0.5241  loss=0.6640  (12.5s)
Round   21/30  coverage=0.5052  prec@K=0.0134  accepted=93  auc=0.5000  uauc=0.5301  loss=0.6621  (13.3s)
Round   22/30  coverage=0.5053  prec@K=0.0123  accepted=85  auc=0.4088  uauc=0.4593  loss=0.6604  (12.9s)
Round   23/30  coverage=0.5056  prec@K=0.0126  accepted=88  auc=0.4291  uauc=0.5258  loss=0.6583  (13.0s)
Round   24/30  coverage=0.5059  prec@K=0.0126  accepted=87  auc=0.4285  uauc=0.5428  loss=0.6566  (13.0s)
Round   25/30  coverage=0.5061  prec@K=0.0128  accepted=89  auc=0.4766  uauc=0.5283  loss=0.6550  (12.7s)
Round   26/30  coverage=0.5063  prec@K=0.0123  accepted=85  auc=0.4719  uauc=0.5609  loss=0.6535  (12.6s)
Round   27/30  coverage=0.5065  prec@K=0.0122  accepted=84  auc=0.4188  uauc=0.5630  loss=0.6521  (12.5s)
Round   28/30  coverage=0.5067  prec@K=0.0112  accepted=77  auc=0.4746  uauc=0.5310  loss=0.6500  (12.5s)
Round   29/30  coverage=0.5069  prec@K=0.0147  accepted=102  auc=0.4648  uauc=0.5326  loss=0.6486  (12.4s)
Round   30/30  coverage=0.5070  prec@K=0.0136  accepted=93  auc=0.5024  uauc=0.5158  loss=0.6463  (12.8s)

结果已写入 results\orchestrator\runs\ir50_constlr5e5_ppos95_pneg01\wiki_vote\gnn_sum_s42/rounds.csv
