=== wiki_vote_gnn_concat_h8_s3  started 2026-05-09T17:00:55 ===

C:\conda\envs\gnn\lib\site-packages\requests\__init__.py:86: RequestsDependencyWarning: Unable to find acceptable character detection dependency (chardet or charset_normalizer).
  warnings.warn(
C:\conda\envs\gnn\lib\site-packages\outdated\__init__.py:36: UserWarning: pkg_resources is deprecated as an API. See https://setuptools.pypa.io/en/latest/pkg_resources.html. The pkg_resources package is slated for removal as early as 2025-11-30. Refrain from using this package or pin to Setuptools<81.
  from pkg_resources import parse_version
Round    1/30  coverage=0.5002  prec@K=0.0139  accepted=98  auc=0.5028  uauc=0.5457  loss=0.8285  (12.5s)
Round    2/30  coverage=0.5005  prec@K=0.0151  accepted=106  auc=0.4434  uauc=0.5284  loss=0.8281  (10.4s)
Round    3/30  coverage=0.5009  prec@K=0.0148  accepted=105  auc=0.4543  uauc=0.5364  loss=0.8282  (11.7s)
Round    4/30  coverage=0.5011  prec@K=0.0136  accepted=96  auc=0.5230  uauc=0.5373  loss=0.8284  (11.0s)
Round    5/30  coverage=0.5012  prec@K=0.0117  accepted=82  auc=0.5227  uauc=0.5098  loss=0.8289  (11.3s)
Round    6/30  coverage=0.5015  prec@K=0.0144  accepted=101  auc=0.5455  uauc=0.5482  loss=0.8280  (11.1s)
Round    7/30  coverage=0.5017  prec@K=0.0123  accepted=87  auc=0.4909  uauc=0.4941  loss=0.8287  (12.1s)
Round    8/30  coverage=0.5019  prec@K=0.0126  accepted=89  auc=0.5124  uauc=0.4929  loss=0.8283  (11.3s)
Round    9/30  coverage=0.5021  prec@K=0.0122  accepted=86  auc=0.4587  uauc=0.5286  loss=0.8287  (11.9s)
Round   10/30  coverage=0.5023  prec@K=0.0112  accepted=78  auc=0.4940  uauc=0.5343  loss=0.8288  (12.0s)
Round   11/30  coverage=0.5024  prec@K=0.0110  accepted=77  auc=0.5268  uauc=0.5185  loss=0.8289  (13.0s)
Round   12/30  coverage=0.5026  prec@K=0.0112  accepted=79  auc=0.4787  uauc=0.4854  loss=0.8285  (11.6s)
Round   13/30  coverage=0.5028  prec@K=0.0124  accepted=87  auc=0.5017  uauc=0.4935  loss=0.8283  (12.2s)
Round   14/30  coverage=0.5030  prec@K=0.0114  accepted=80  auc=0.4978  uauc=0.5169  loss=0.8285  (11.9s)
Round   15/30  coverage=0.5032  prec@K=0.0118  accepted=83  auc=0.4650  uauc=0.5380  loss=0.8282  (12.4s)
Round   16/30  coverage=0.5033  prec@K=0.0136  accepted=95  auc=0.4699  uauc=0.4579  loss=0.8278  (12.2s)
Round   17/30  coverage=0.5035  prec@K=0.0121  accepted=84  auc=0.5166  uauc=0.4503  loss=0.8280  (11.5s)
Round   18/30  coverage=0.5037  prec@K=0.0139  accepted=97  auc=0.4700  uauc=0.5171  loss=0.8273  (12.2s)
Round   19/30  coverage=0.5039  prec@K=0.0119  accepted=83  auc=0.5303  uauc=0.5509  loss=0.8279  (12.1s)
Round   20/30  coverage=0.5040  prec@K=0.0127  accepted=89  auc=0.4891  uauc=0.4831  loss=0.8276  (12.7s)
Round   21/30  coverage=0.5043  prec@K=0.0124  accepted=86  auc=0.4962  uauc=0.4846  loss=0.8277  (13.1s)
Round   22/30  coverage=0.5043  prec@K=0.0087  accepted=60  auc=0.5481  uauc=0.5565  loss=0.8287  (12.2s)
Round   23/30  coverage=0.5044  prec@K=0.0117  accepted=82  auc=0.4870  uauc=0.4637  loss=0.8277  (12.5s)
Round   24/30  coverage=0.5045  prec@K=0.0112  accepted=78  auc=0.4639  uauc=0.4762  loss=0.8278  (12.2s)
Round   25/30  coverage=0.5046  prec@K=0.0120  accepted=84  auc=0.4734  uauc=0.5032  loss=0.8274  (13.2s)
Round   26/30  coverage=0.5046  prec@K=0.0098  accepted=68  auc=0.5235  uauc=0.4559  loss=0.8280  (13.0s)
Round   27/30  coverage=0.5048  prec@K=0.0114  accepted=79  auc=0.5741  uauc=0.4714  loss=0.8274  (11.9s)
Round   28/30  coverage=0.5048  prec@K=0.0097  accepted=67  auc=0.5676  uauc=0.4991  loss=0.8276  (12.2s)
Round   29/30  coverage=0.5049  prec@K=0.0085  accepted=59  auc=0.5116  uauc=0.5143  loss=0.8281  (12.7s)
Round   30/30  coverage=0.5050  prec@K=0.0129  accepted=90  auc=0.4924  uauc=0.4801  loss=0.8265  (12.7s)

结果已写入 results\orchestrator\runs\ir50_constlr5e5_ppos95_pneg01\wiki_vote\gnn_concat_h8_s3/rounds.csv
