=== wiki_vote_gnn_concat_h8_s42  started 2026-05-09T17:00:56 ===

C:\conda\envs\gnn\lib\site-packages\requests\__init__.py:86: RequestsDependencyWarning: Unable to find acceptable character detection dependency (chardet or charset_normalizer).
  warnings.warn(
C:\conda\envs\gnn\lib\site-packages\outdated\__init__.py:36: UserWarning: pkg_resources is deprecated as an API. See https://setuptools.pypa.io/en/latest/pkg_resources.html. The pkg_resources package is slated for removal as early as 2025-11-30. Refrain from using this package or pin to Setuptools<81.
  from pkg_resources import parse_version
Round    1/30  coverage=0.5010  prec@K=0.0236  accepted=167  auc=0.5706  uauc=0.5462  loss=0.6746  (12.9s)
Round    2/30  coverage=0.5019  prec@K=0.0236  accepted=167  auc=0.5689  uauc=0.5520  loss=0.6743  (11.0s)
Round    3/30  coverage=0.5030  prec@K=0.0253  accepted=179  auc=0.5134  uauc=0.5756  loss=0.6735  (11.8s)
Round    4/30  coverage=0.5038  prec@K=0.0226  accepted=158  auc=0.5606  uauc=0.5390  loss=0.6725  (11.4s)
Round    5/30  coverage=0.5048  prec@K=0.0258  accepted=181  auc=0.5693  uauc=0.5576  loss=0.6729  (11.3s)
Round    6/30  coverage=0.5058  prec@K=0.0238  accepted=168  auc=0.4962  uauc=0.5409  loss=0.6717  (12.0s)
Round    7/30  coverage=0.5068  prec@K=0.0238  accepted=168  auc=0.5372  uauc=0.5395  loss=0.6715  (11.2s)
Round    8/30  coverage=0.5077  prec@K=0.0246  accepted=173  auc=0.4855  uauc=0.5381  loss=0.6697  (12.7s)
Round    9/30  coverage=0.5087  prec@K=0.0248  accepted=175  auc=0.5033  uauc=0.5698  loss=0.6694  (12.4s)
Round   10/30  coverage=0.5098  prec@K=0.0268  accepted=189  auc=0.4734  uauc=0.5573  loss=0.6699  (11.8s)
Round   11/30  coverage=0.5107  prec@K=0.0245  accepted=172  auc=0.4895  uauc=0.5737  loss=0.6689  (12.7s)
Round   12/30  coverage=0.5116  prec@K=0.0237  accepted=166  auc=0.5182  uauc=0.5824  loss=0.6686  (12.0s)
Round   13/30  coverage=0.5125  prec@K=0.0243  accepted=171  auc=0.4991  uauc=0.5567  loss=0.6676  (12.5s)
Round   14/30  coverage=0.5134  prec@K=0.0235  accepted=163  auc=0.5026  uauc=0.5332  loss=0.6674  (11.4s)
Round   15/30  coverage=0.5143  prec@K=0.0252  accepted=175  auc=0.5043  uauc=0.5539  loss=0.6672  (11.7s)
Round   16/30  coverage=0.5151  prec@K=0.0236  accepted=164  auc=0.5229  uauc=0.5243  loss=0.6665  (11.9s)
Round   17/30  coverage=0.5160  prec@K=0.0227  accepted=159  auc=0.4815  uauc=0.5548  loss=0.6652  (12.3s)
Round   18/30  coverage=0.5166  prec@K=0.0185  accepted=129  auc=0.4883  uauc=0.5584  loss=0.6649  (12.0s)
Round   19/30  coverage=0.5175  prec@K=0.0223  accepted=155  auc=0.4672  uauc=0.5409  loss=0.6645  (12.3s)
Round   20/30  coverage=0.5182  prec@K=0.0222  accepted=155  auc=0.4752  uauc=0.5793  loss=0.6632  (12.6s)
Round   21/30  coverage=0.5190  prec@K=0.0216  accepted=150  auc=0.5151  uauc=0.5365  loss=0.6632  (13.2s)
Round   22/30  coverage=0.5201  prec@K=0.0248  accepted=171  auc=0.4835  uauc=0.5375  loss=0.6628  (12.5s)
Round   23/30  coverage=0.5208  prec@K=0.0201  accepted=139  auc=0.4952  uauc=0.5576  loss=0.6616  (12.8s)
Round   24/30  coverage=0.5217  prec@K=0.0211  accepted=146  auc=0.4971  uauc=0.5362  loss=0.6612  (12.9s)
Round   25/30  coverage=0.5225  prec@K=0.0217  accepted=150  auc=0.5109  uauc=0.5578  loss=0.6614  (12.6s)
Round   26/30  coverage=0.5234  prec@K=0.0218  accepted=151  auc=0.4940  uauc=0.5645  loss=0.6606  (12.7s)
Round   27/30  coverage=0.5242  prec@K=0.0218  accepted=150  auc=0.4514  uauc=0.5480  loss=0.6600  (12.3s)
Round   28/30  coverage=0.5249  prec@K=0.0197  accepted=135  auc=0.4861  uauc=0.5447  loss=0.6592  (12.5s)
Round   29/30  coverage=0.5256  prec@K=0.0223  accepted=153  auc=0.4938  uauc=0.5520  loss=0.6588  (12.6s)
Round   30/30  coverage=0.5266  prec@K=0.0255  accepted=176  auc=0.4724  uauc=0.5493  loss=0.6581  (12.9s)

结果已写入 results\orchestrator\runs\ir50_constlr5e5_ppos95_pneg01\wiki_vote\gnn_concat_h8_s42/rounds.csv
