=== wiki_vote_gnn_sum_h8_s1  started 2026-05-09T17:07:39 ===

C:\conda\envs\gnn\lib\site-packages\requests\__init__.py:86: RequestsDependencyWarning: Unable to find acceptable character detection dependency (chardet or charset_normalizer).
  warnings.warn(
C:\conda\envs\gnn\lib\site-packages\outdated\__init__.py:36: UserWarning: pkg_resources is deprecated as an API. See https://setuptools.pypa.io/en/latest/pkg_resources.html. The pkg_resources package is slated for removal as early as 2025-11-30. Refrain from using this package or pin to Setuptools<81.
  from pkg_resources import parse_version
Round    1/30  coverage=0.5005  prec@K=0.0176  accepted=124  auc=0.5042  uauc=0.5401  loss=0.7991  (12.3s)
Round    2/30  coverage=0.5008  prec@K=0.0157  accepted=111  auc=0.5206  uauc=0.5531  loss=0.7998  (11.5s)
Round    3/30  coverage=0.5011  prec@K=0.0143  accepted=101  auc=0.5103  uauc=0.5582  loss=0.7996  (11.3s)
Round    4/30  coverage=0.5015  prec@K=0.0173  accepted=122  auc=0.5516  uauc=0.5449  loss=0.7990  (10.7s)
Round    5/30  coverage=0.5019  prec@K=0.0177  accepted=124  auc=0.5127  uauc=0.5012  loss=0.7983  (11.8s)
Round    6/30  coverage=0.5022  prec@K=0.0149  accepted=105  auc=0.5332  uauc=0.5100  loss=0.7995  (11.6s)
Round    7/30  coverage=0.5025  prec@K=0.0138  accepted=97  auc=0.5278  uauc=0.5097  loss=0.7982  (11.8s)
Round    8/30  coverage=0.5028  prec@K=0.0133  accepted=94  auc=0.4815  uauc=0.5143  loss=0.7985  (11.4s)
Round    9/30  coverage=0.5031  prec@K=0.0159  accepted=112  auc=0.4818  uauc=0.5105  loss=0.7982  (11.2s)
Round   10/30  coverage=0.5034  prec@K=0.0161  accepted=113  auc=0.4874  uauc=0.5282  loss=0.7977  (11.8s)
Round   11/30  coverage=0.5037  prec@K=0.0124  accepted=87  auc=0.5379  uauc=0.5394  loss=0.7977  (12.7s)
Round   12/30  coverage=0.5039  prec@K=0.0128  accepted=90  auc=0.5590  uauc=0.5005  loss=0.7977  (12.2s)
Round   13/30  coverage=0.5043  prec@K=0.0157  accepted=111  auc=0.4318  uauc=0.5024  loss=0.7969  (12.1s)
Round   14/30  coverage=0.5046  prec@K=0.0152  accepted=106  auc=0.4541  uauc=0.5076  loss=0.7971  (11.8s)
Round   15/30  coverage=0.5049  prec@K=0.0133  accepted=93  auc=0.4960  uauc=0.5076  loss=0.7966  (12.1s)
Round   16/30  coverage=0.5052  prec@K=0.0141  accepted=99  auc=0.4838  uauc=0.5368  loss=0.7969  (11.9s)
Round   17/30  coverage=0.5054  prec@K=0.0135  accepted=95  auc=0.4853  uauc=0.5013  loss=0.7962  (12.3s)
Round   18/30  coverage=0.5057  prec@K=0.0132  accepted=93  auc=0.4688  uauc=0.5121  loss=0.7963  (12.1s)
Round   19/30  coverage=0.5059  prec@K=0.0130  accepted=90  auc=0.4989  uauc=0.5286  loss=0.7958  (11.8s)
Round   20/30  coverage=0.5062  prec@K=0.0134  accepted=93  auc=0.4560  uauc=0.4610  loss=0.7954  (12.2s)
Round   21/30  coverage=0.5065  prec@K=0.0164  accepted=114  auc=0.4826  uauc=0.5378  loss=0.7942  (13.6s)
Round   22/30  coverage=0.5068  prec@K=0.0136  accepted=95  auc=0.4922  uauc=0.5229  loss=0.7951  (12.0s)
Round   23/30  coverage=0.5070  prec@K=0.0140  accepted=98  auc=0.4764  uauc=0.5299  loss=0.7942  (12.5s)
Round   24/30  coverage=0.5072  prec@K=0.0126  accepted=88  auc=0.4635  uauc=0.5466  loss=0.7943  (12.6s)
Round   25/30  coverage=0.5074  prec@K=0.0127  accepted=88  auc=0.4470  uauc=0.5028  loss=0.7937  (13.0s)
Round   26/30  coverage=0.5076  prec@K=0.0117  accepted=81  auc=0.4675  uauc=0.4822  loss=0.7940  (12.7s)
Round   27/30  coverage=0.5079  prec@K=0.0147  accepted=102  auc=0.4947  uauc=0.4940  loss=0.7933  (12.8s)
Round   28/30  coverage=0.5083  prec@K=0.0158  accepted=109  auc=0.5126  uauc=0.5495  loss=0.7928  (12.4s)
Round   29/30  coverage=0.5085  prec@K=0.0129  accepted=88  auc=0.4292  uauc=0.5103  loss=0.7926  (12.5s)
Round   30/30  coverage=0.5088  prec@K=0.0151  accepted=105  auc=0.4744  uauc=0.5079  loss=0.7919  (13.3s)

结果已写入 results\orchestrator\runs\ir50_constlr5e5_ppos95_pneg01\wiki_vote\gnn_sum_h8_s1/rounds.csv
