C:\conda\envs\gnn\lib\site-packages\requests\__init__.py:86: RequestsDependencyWarning: Unable to find acceptable character detection dependency (chardet or charset_normalizer).
  warnings.warn(
C:\conda\envs\gnn\lib\site-packages\outdated\__init__.py:36: UserWarning: pkg_resources is deprecated as an API. See https://setuptools.pypa.io/en/latest/pkg_resources.html. The pkg_resources package is slated for removal as early as 2025-11-30. Refrain from using this package or pin to Setuptools<81.
  from pkg_resources import parse_version
Round    1/30  coverage=0.2500  prec@K=0.0007  accepted=13  loss=0.6614  (26.8s)
Round    2/30  coverage=0.2500  prec@K=0.0007  accepted=12  loss=0.6580  (31.8s)
Round    3/30  coverage=0.2500  prec@K=0.0003  accepted=5  loss=0.6513  (29.8s)
Round    4/30  coverage=0.2500  prec@K=0.0004  accepted=8  loss=0.6435  (37.6s)
Round    5/30  coverage=0.2501  prec@K=0.0004  accepted=8  loss=0.6342  (55.4s)
Round    6/30  coverage=0.2501  prec@K=0.0001  accepted=2  loss=0.6226  (48.8s)
Round    7/30  coverage=0.2501  prec@K=0.0003  accepted=6  loss=0.6109  (72.4s)
Round    8/30  coverage=0.2501  prec@K=0.0003  accepted=5  loss=0.6012  (59.0s)
Round    9/30  coverage=0.2501  prec@K=0.0001  accepted=2  loss=0.5899  (63.3s)
Round   10/30  coverage=0.2501  prec@K=0.0002  accepted=3  loss=0.5793  (69.1s)
Round   11/30  coverage=0.2501  prec@K=0.0003  accepted=5  loss=0.5690  (85.4s)
Round   12/30  coverage=0.2501  prec@K=0.0002  accepted=4  loss=0.5575  (93.3s)
Round   13/30  coverage=0.2501  prec@K=0.0001  accepted=1  loss=0.5460  (83.2s)
Round   14/30  coverage=0.2501  prec@K=0.0004  accepted=8  loss=0.5356  (83.5s)
Round   15/30  coverage=0.2501  prec@K=0.0004  accepted=7  loss=0.5230  (142.7s)
Round   16/30  coverage=0.2501  prec@K=0.0003  accepted=5  loss=0.5108  (95.3s)
Round   17/30  coverage=0.2501  prec@K=0.0004  accepted=7  loss=0.5031  (110.7s)
Round   18/30  coverage=0.2501  prec@K=0.0001  accepted=1  loss=0.4926  (103.2s)
Round   19/30  coverage=0.2501  prec@K=0.0001  accepted=2  loss=0.4846  (148.1s)
Round   20/30  coverage=0.2501  prec@K=0.0003  accepted=5  loss=0.4763  (116.1s)
Round   21/30  coverage=0.2501  prec@K=0.0004  accepted=8  loss=0.4688  (125.3s)
Round   22/30  coverage=0.2501  prec@K=0.0004  accepted=7  loss=0.4644  (125.4s)
Round   23/30  coverage=0.2501  prec@K=0.0002  accepted=4  loss=0.4577  (128.1s)
Round   24/30  coverage=0.2502  prec@K=0.0004  accepted=8  loss=0.4546  (131.6s)
Round   25/30  coverage=0.2502  prec@K=0.0003  accepted=5  loss=0.4505  (136.9s)
Round   26/30  coverage=0.2502  prec@K=0.0007  accepted=12  loss=0.4485  (138.9s)
Round   27/30  coverage=0.2502  prec@K=0.0003  accepted=6  loss=0.4454  (145.3s)
Round   28/30  coverage=0.2502  prec@K=0.0004  accepted=8  loss=0.4442  (150.1s)
Round   29/30  coverage=0.2502  prec@K=0.0004  accepted=8  loss=0.4446  (181.6s)
Round   30/30  coverage=0.2502  prec@K=0.0005  accepted=9  loss=0.4428  (162.3s)

结果已写入 results\online\algo_sweep_sx_superuser_v2_s2\sx_superuser_gnn_h32/rounds.csv
