C:\conda\envs\gnn\lib\site-packages\requests\__init__.py:86: RequestsDependencyWarning: Unable to find acceptable character detection dependency (chardet or charset_normalizer).
  warnings.warn(
C:\conda\envs\gnn\lib\site-packages\outdated\__init__.py:36: UserWarning: pkg_resources is deprecated as an API. See https://setuptools.pypa.io/en/latest/pkg_resources.html. The pkg_resources package is slated for removal as early as 2025-11-30. Refrain from using this package or pin to Setuptools<81.
  from pkg_resources import parse_version
Round    1/30  coverage=0.4000  prec@K=0.0008  accepted=14  loss=0.5948  (172.5s)
Round    2/30  coverage=0.4000  prec@K=0.0004  accepted=7  loss=0.5820  (157.8s)
Round    3/30  coverage=0.4000  prec@K=0.0006  accepted=10  loss=0.5605  (190.8s)
Round    4/30  coverage=0.4000  prec@K=0.0007  accepted=12  loss=0.5288  (174.4s)
Round    5/30  coverage=0.4001  prec@K=0.0007  accepted=12  loss=0.4883  (124.1s)
Round    6/30  coverage=0.4001  prec@K=0.0011  accepted=19  loss=0.4399  (142.7s)
Round    7/30  coverage=0.4001  prec@K=0.0007  accepted=13  loss=0.3916  (160.5s)
Round    8/30  coverage=0.4001  prec@K=0.0008  accepted=14  loss=0.3430  (176.1s)
Round    9/30  coverage=0.4001  prec@K=0.0002  accepted=4  loss=0.2937  (176.7s)
Round   10/30  coverage=0.4001  prec@K=0.0006  accepted=11  loss=0.2497  (194.2s)
Round   11/30  coverage=0.4001  prec@K=0.0003  accepted=6  loss=0.2066  (220.0s)
Round   12/30  coverage=0.4002  prec@K=0.0005  accepted=9  loss=0.1719  (221.8s)
Round   13/30  coverage=0.4002  prec@K=0.0005  accepted=8  loss=0.1400  (219.5s)
Round   14/30  coverage=0.4002  prec@K=0.0009  accepted=16  loss=0.1185  (177.7s)
Round   15/30  coverage=0.4002  prec@K=0.0005  accepted=9  loss=0.0946  (210.6s)
Round   16/30  coverage=0.4002  prec@K=0.0004  accepted=7  loss=0.0765  (212.5s)
Round   17/30  coverage=0.4002  prec@K=0.0003  accepted=5  loss=0.0636  (200.8s)
Round   18/30  coverage=0.4002  prec@K=0.0003  accepted=5  loss=0.0530  (178.2s)
Round   19/30  coverage=0.4002  prec@K=0.0004  accepted=7  loss=0.0472  (258.9s)
Round   20/30  coverage=0.4002  prec@K=0.0004  accepted=7  loss=0.0414  (232.8s)
Round   21/30  coverage=0.4002  prec@K=0.0004  accepted=7  loss=0.0372  (238.5s)
Round   22/30  coverage=0.4003  prec@K=0.0007  accepted=13  loss=0.0384  (178.7s)
Round   23/30  coverage=0.4003  prec@K=0.0004  accepted=7  loss=0.0324  (285.3s)
Round   24/30  coverage=0.4003  prec@K=0.0006  accepted=10  loss=0.0331  (200.6s)
Round   25/30  coverage=0.4003  prec@K=0.0006  accepted=10  loss=0.0323  (243.0s)
Round   26/30  coverage=0.4003  prec@K=0.0003  accepted=5  loss=0.0271  (246.3s)
Round   27/30  coverage=0.4003  prec@K=0.0002  accepted=4  loss=0.0256  (229.3s)
Round   28/30  coverage=0.4003  prec@K=0.0003  accepted=5  loss=0.0261  (263.7s)
Round   29/30  coverage=0.4003  prec@K=0.0003  accepted=6  loss=0.0266  (180.4s)
Round   30/30  coverage=0.4003  prec@K=0.0003  accepted=5  loss=0.0261  (166.3s)

结果已写入 results\online\algo_sweep_sx_superuser_v2_ir40_s3\sx_superuser_gnn_concat/rounds.csv
