C:\conda\envs\gnn\lib\site-packages\requests\__init__.py:86: RequestsDependencyWarning: Unable to find acceptable character detection dependency (chardet or charset_normalizer).
  warnings.warn(
C:\conda\envs\gnn\lib\site-packages\outdated\__init__.py:36: UserWarning: pkg_resources is deprecated as an API. See https://setuptools.pypa.io/en/latest/pkg_resources.html. The pkg_resources package is slated for removal as early as 2025-11-30. Refrain from using this package or pin to Setuptools<81.
  from pkg_resources import parse_version
Round    1/30  coverage=0.4000  prec@K=0.0003  accepted=5  loss=0.7547  (116.9s)
Round    2/30  coverage=0.4000  prec@K=0.0006  accepted=10  loss=0.7467  (120.2s)
Round    3/30  coverage=0.4000  prec@K=0.0003  accepted=6  loss=0.7302  (149.5s)
Round    4/30  coverage=0.4000  prec@K=0.0002  accepted=3  loss=0.7026  (168.2s)
Round    5/30  coverage=0.4000  prec@K=0.0002  accepted=4  loss=0.6700  (159.0s)
Round    6/30  coverage=0.4000  prec@K=0.0006  accepted=11  loss=0.6302  (197.6s)
Round    7/30  coverage=0.4001  prec@K=0.0004  accepted=8  loss=0.5941  (189.9s)
Round    8/30  coverage=0.4001  prec@K=0.0003  accepted=5  loss=0.5554  (251.9s)
Round    9/30  coverage=0.4001  prec@K=0.0003  accepted=5  loss=0.5140  (213.9s)
Round   10/30  coverage=0.4001  prec@K=0.0006  accepted=11  loss=0.4723  (212.6s)
Round   11/30  coverage=0.4001  prec@K=0.0003  accepted=6  loss=0.4286  (212.2s)
Round   12/30  coverage=0.4001  prec@K=0.0004  accepted=7  loss=0.3902  (198.7s)
Round   13/30  coverage=0.4001  prec@K=0.0003  accepted=6  loss=0.3502  (185.6s)
Round   14/30  coverage=0.4001  prec@K=0.0002  accepted=4  loss=0.3144  (154.2s)
Round   15/30  coverage=0.4001  prec@K=0.0003  accepted=5  loss=0.2834  (189.4s)
Round   16/30  coverage=0.4001  prec@K=0.0005  accepted=8  loss=0.2539  (306.7s)
Round   17/30  coverage=0.4001  prec@K=0.0002  accepted=4  loss=0.2295  (180.0s)
Round   18/30  coverage=0.4001  prec@K=0.0002  accepted=4  loss=0.2037  (196.9s)
Round   19/30  coverage=0.4001  prec@K=0.0003  accepted=6  loss=0.1862  (190.2s)
Round   20/30  coverage=0.4001  prec@K=0.0002  accepted=3  loss=0.1687  (287.1s)
Round   21/30  coverage=0.4001  prec@K=0.0003  accepted=6  loss=0.1571  (212.0s)
Round   22/30  coverage=0.4002  prec@K=0.0003  accepted=6  loss=0.1451  (205.4s)
Round   23/30  coverage=0.4002  prec@K=0.0002  accepted=3  loss=0.1375  (237.7s)
Round   24/30  coverage=0.4002  prec@K=0.0002  accepted=3  loss=0.1307  (234.5s)
Round   25/30  coverage=0.4002  prec@K=0.0003  accepted=5  loss=0.1244  (251.5s)
Round   26/30  coverage=0.4002  prec@K=0.0001  accepted=2  loss=0.1208  (179.8s)
Round   27/30  coverage=0.4002  prec@K=0.0002  accepted=4  loss=0.1190  (151.6s)
Round   28/30  coverage=0.4002  prec@K=0.0001  accepted=1  loss=0.1167  (146.2s)
Round   29/30  coverage=0.4002  prec@K=0.0002  accepted=4  loss=0.1170  (143.9s)
Round   30/30  coverage=0.4002  prec@K=0.0001  accepted=1  loss=0.1156  (146.6s)

结果已写入 results\online\algo_sweep_sx_superuser_v2_ir40_s3\sx_superuser_gnn_sum/rounds.csv
