C:\conda\envs\gnn\lib\site-packages\requests\__init__.py:86: RequestsDependencyWarning: Unable to find acceptable character detection dependency (chardet or charset_normalizer).
  warnings.warn(
C:\conda\envs\gnn\lib\site-packages\outdated\__init__.py:36: UserWarning: pkg_resources is deprecated as an API. See https://setuptools.pypa.io/en/latest/pkg_resources.html. The pkg_resources package is slated for removal as early as 2025-11-30. Refrain from using this package or pin to Setuptools<81.
  from pkg_resources import parse_version
Round    1/30  coverage=0.4061  prec@K=0.0607  accepted=289  loss=0.7563  (13.8s)
Round    2/30  coverage=0.4129  prec@K=0.0667  accepted=318  loss=0.7544  (6.3s)
Round    3/30  coverage=0.4191  prec@K=0.0610  accepted=291  loss=0.7550  (14.6s)
Round    4/30  coverage=0.4240  prec@K=0.0485  accepted=235  loss=0.7552  (13.9s)
Round    5/30  coverage=0.4290  prec@K=0.0482  accepted=235  loss=0.7533  (8.7s)
Round    6/30  coverage=0.4340  prec@K=0.0489  accepted=236  loss=0.7478  (19.7s)
Round    7/30  coverage=0.4388  prec@K=0.0468  accepted=227  loss=0.7452  (27.4s)
Round    8/30  coverage=0.4428  prec@K=0.0387  accepted=186  loss=0.7420  (26.6s)
Round    9/30  coverage=0.4469  prec@K=0.0393  accepted=192  loss=0.7381  (12.1s)
Round   10/30  coverage=0.4508  prec@K=0.0383  accepted=186  loss=0.7337  (3.7s)
Round   11/30  coverage=0.4551  prec@K=0.0410  accepted=200  loss=0.7302  (7.0s)
Round   12/30  coverage=0.4586  prec@K=0.0344  accepted=168  loss=0.7272  (11.1s)
Round   13/30  coverage=0.4621  prec@K=0.0338  accepted=164  loss=0.7232  (7.8s)
Round   14/30  coverage=0.4649  prec@K=0.0271  accepted=131  loss=0.7214  (2.5s)
Round   15/30  coverage=0.4685  prec@K=0.0356  accepted=172  loss=0.7186  (4.2s)
Round   16/30  coverage=0.4716  prec@K=0.0294  accepted=144  loss=0.7171  (17.8s)
Round   17/30  coverage=0.4745  prec@K=0.0280  accepted=138  loss=0.7160  (30.3s)
Round   18/30  coverage=0.4771  prec@K=0.0253  accepted=123  loss=0.7142  (32.7s)
Round   19/30  coverage=0.4799  prec@K=0.0264  accepted=129  loss=0.7128  (31.9s)
Round   20/30  coverage=0.4823  prec@K=0.0239  accepted=116  loss=0.7118  (7.4s)
Round   21/30  coverage=0.4845  prec@K=0.0209  accepted=103  loss=0.7108  (24.7s)
Round   22/30  coverage=0.4866  prec@K=0.0203  accepted=98  loss=0.7098  (6.2s)
Round   23/30  coverage=0.4888  prec@K=0.0211  accepted=103  loss=0.7091  (7.1s)
Round   24/30  coverage=0.4907  prec@K=0.0188  accepted=90  loss=0.7086  (14.9s)
Round   25/30  coverage=0.4928  prec@K=0.0200  accepted=98  loss=0.7081  (8.7s)
Round   26/30  coverage=0.4945  prec@K=0.0168  accepted=82  loss=0.7078  (17.2s)
Round   27/30  coverage=0.4961  prec@K=0.0154  accepted=75  loss=0.7074  (18.6s)
Round   28/30  coverage=0.4973  prec@K=0.0115  accepted=56  loss=0.7079  (5.2s)
Round   29/30  coverage=0.4985  prec@K=0.0118  accepted=58  loss=0.7072  (4.7s)
Round   30/30  coverage=0.4998  prec@K=0.0126  accepted=62  loss=0.7073  (19.0s)

结果已写入 results\online\algo_sweep_advogato_v2_ir40_s2\advogato_gnn/rounds.csv
