C:\conda\envs\gnn\lib\site-packages\requests\__init__.py:86: RequestsDependencyWarning: Unable to find acceptable character detection dependency (chardet or charset_normalizer).
  warnings.warn(
C:\conda\envs\gnn\lib\site-packages\outdated\__init__.py:36: UserWarning: pkg_resources is deprecated as an API. See https://setuptools.pypa.io/en/latest/pkg_resources.html. The pkg_resources package is slated for removal as early as 2025-11-30. Refrain from using this package or pin to Setuptools<81.
  from pkg_resources import parse_version
Round    1/30  coverage=0.4132  prec@K=0.1302  accepted=620  loss=nan  (0.3s)
Round    2/30  coverage=0.4273  prec@K=0.1402  accepted=668  loss=nan  (0.1s)
Round    3/30  coverage=0.4395  prec@K=0.1195  accepted=572  loss=nan  (0.2s)
Round    4/30  coverage=0.4510  prec@K=0.1120  accepted=543  loss=nan  (0.2s)
Round    5/30  coverage=0.4617  prec@K=0.1034  accepted=506  loss=nan  (0.2s)
Round    6/30  coverage=0.4719  prec@K=0.0985  accepted=478  loss=nan  (0.2s)
Round    7/30  coverage=0.4821  prec@K=0.0991  accepted=482  loss=nan  (0.3s)
Round    8/30  coverage=0.4904  prec@K=0.0813  accepted=391  loss=nan  (0.4s)
Round    9/30  coverage=0.4989  prec@K=0.0816  accepted=400  loss=nan  (0.3s)
Round   10/30  coverage=0.5063  prec@K=0.0719  accepted=350  loss=nan  (0.4s)
Round   11/30  coverage=0.5145  prec@K=0.0787  accepted=385  loss=nan  (0.7s)
Round   12/30  coverage=0.5226  prec@K=0.0784  accepted=382  loss=nan  (0.4s)
Round   13/30  coverage=0.5290  prec@K=0.0627  accepted=305  loss=nan  (0.5s)
Round   14/30  coverage=0.5352  prec@K=0.0599  accepted=291  loss=nan  (0.5s)
Round   15/30  coverage=0.5417  prec@K=0.0631  accepted=306  loss=nan  (0.5s)
Round   16/30  coverage=0.5485  prec@K=0.0658  accepted=322  loss=nan  (0.6s)
Round   17/30  coverage=0.5553  prec@K=0.0647  accepted=318  loss=nan  (0.6s)
Round   18/30  coverage=0.5604  prec@K=0.0501  accepted=242  loss=nan  (0.8s)
Round   19/30  coverage=0.5657  prec@K=0.0505  accepted=247  loss=nan  (0.8s)
Round   20/30  coverage=0.5714  prec@K=0.0555  accepted=270  loss=nan  (0.8s)
Round   21/30  coverage=0.5761  prec@K=0.0452  accepted=222  loss=nan  (1.2s)
Round   22/30  coverage=0.5809  prec@K=0.0469  accepted=228  loss=nan  (1.0s)
Round   23/30  coverage=0.5856  prec@K=0.0448  accepted=219  loss=nan  (0.9s)
Round   24/30  coverage=0.5897  prec@K=0.0408  accepted=195  loss=nan  (0.9s)
Round   25/30  coverage=0.5947  prec@K=0.0476  accepted=235  loss=nan  (1.1s)
Round   26/30  coverage=0.5988  prec@K=0.0395  accepted=193  loss=nan  (1.0s)
Round   27/30  coverage=0.6032  prec@K=0.0425  accepted=206  loss=nan  (1.1s)
Round   28/30  coverage=0.6069  prec@K=0.0362  accepted=177  loss=nan  (1.2s)
Round   29/30  coverage=0.6101  prec@K=0.0310  accepted=151  loss=nan  (1.2s)
Round   30/30  coverage=0.6140  prec@K=0.0368  accepted=181  loss=nan  (1.2s)

结果已写入 results\online\algo_sweep_advogato_v2_ir40_s2\advogato_ground_truth/rounds.csv
