C:\conda\envs\gnn\lib\site-packages\requests\__init__.py:86: RequestsDependencyWarning: Unable to find acceptable character detection dependency (chardet or charset_normalizer).
  warnings.warn(
C:\conda\envs\gnn\lib\site-packages\outdated\__init__.py:36: UserWarning: pkg_resources is deprecated as an API. See https://setuptools.pypa.io/en/latest/pkg_resources.html. The pkg_resources package is slated for removal as early as 2025-11-30. Refrain from using this package or pin to Setuptools<81.
  from pkg_resources import parse_version
Round    1/30  coverage=0.2521  prec@K=0.0325  accepted=216  loss=0.6523  (2.0s)
Round    2/30  coverage=0.2538  prec@K=0.0267  accepted=180  loss=0.6497  (1.5s)
Round    3/30  coverage=0.2554  prec@K=0.0239  accepted=159  loss=0.6464  (1.6s)
Round    4/30  coverage=0.2567  prec@K=0.0212  accepted=142  loss=0.6427  (1.7s)
Round    5/30  coverage=0.2588  prec@K=0.0319  accepted=212  loss=0.6409  (1.8s)
Round    6/30  coverage=0.2606  prec@K=0.0283  accepted=189  loss=0.6347  (1.9s)
Round    7/30  coverage=0.2621  prec@K=0.0241  accepted=161  loss=0.6281  (2.1s)
Round    8/30  coverage=0.2638  prec@K=0.0259  accepted=173  loss=0.6224  (2.3s)
Round    9/30  coverage=0.2653  prec@K=0.0228  accepted=151  loss=0.6164  (2.5s)
Round   10/30  coverage=0.2669  prec@K=0.0255  accepted=172  loss=0.6117  (3.2s)
Round   11/30  coverage=0.2685  prec@K=0.0239  accepted=159  loss=0.6075  (3.5s)
Round   12/30  coverage=0.2702  prec@K=0.0269  accepted=183  loss=0.6049  (3.8s)
Round   13/30  coverage=0.2719  prec@K=0.0259  accepted=172  loss=0.6003  (4.3s)
Round   14/30  coverage=0.2732  prec@K=0.0201  accepted=135  loss=0.5952  (4.5s)
Round   15/30  coverage=0.2748  prec@K=0.0250  accepted=169  loss=0.5952  (4.5s)
Round   16/30  coverage=0.2762  prec@K=0.0219  accepted=147  loss=0.5897  (4.4s)
Round   17/30  coverage=0.2774  prec@K=0.0177  accepted=120  loss=0.5863  (4.4s)
Round   18/30  coverage=0.2785  prec@K=0.0170  accepted=114  loss=0.5830  (4.8s)
Round   19/30  coverage=0.2801  prec@K=0.0246  accepted=165  loss=0.5851  (5.3s)
Round   20/30  coverage=0.2812  prec@K=0.0168  accepted=112  loss=0.5804  (5.6s)
Round   21/30  coverage=0.2824  prec@K=0.0191  accepted=129  loss=0.5812  (5.5s)
Round   22/30  coverage=0.2838  prec@K=0.0223  accepted=150  loss=0.5820  (5.7s)
Round   23/30  coverage=0.2852  prec@K=0.0205  accepted=138  loss=0.5810  (6.1s)
Round   24/30  coverage=0.2865  prec@K=0.0210  accepted=141  loss=0.5807  (6.0s)
Round   25/30  coverage=0.2880  prec@K=0.0230  accepted=156  loss=0.5813  (6.6s)
Round   26/30  coverage=0.2893  prec@K=0.0201  accepted=133  loss=0.5797  (6.2s)
Round   27/30  coverage=0.2907  prec@K=0.0212  accepted=142  loss=0.5816  (7.2s)
Round   28/30  coverage=0.2918  prec@K=0.0170  accepted=115  loss=0.5783  (7.2s)
Round   29/30  coverage=0.2929  prec@K=0.0169  accepted=114  loss=0.5779  (6.9s)
Round   30/30  coverage=0.2941  prec@K=0.0190  accepted=127  loss=0.5792  (7.8s)

结果已写入 results\online\algo_sweep_wiki_vote_v2\wiki_vote_gnn_sum_h8/rounds.csv
