C:\conda\envs\gnn\lib\site-packages\requests\__init__.py:86: RequestsDependencyWarning: Unable to find acceptable character detection dependency (chardet or charset_normalizer).
  warnings.warn(
C:\conda\envs\gnn\lib\site-packages\outdated\__init__.py:36: UserWarning: pkg_resources is deprecated as an API. See https://setuptools.pypa.io/en/latest/pkg_resources.html. The pkg_resources package is slated for removal as early as 2025-11-30. Refrain from using this package or pin to Setuptools<81.
  from pkg_resources import parse_version
Round    1/30  coverage=0.2514  prec@K=0.0219  accepted=146  loss=0.6912  (0.5s)
Round    2/30  coverage=0.2525  prec@K=0.0165  accepted=111  loss=0.6906  (0.3s)
Round    3/30  coverage=0.2535  prec@K=0.0161  accepted=107  loss=0.6896  (0.4s)
Round    4/30  coverage=0.2543  prec@K=0.0118  accepted=79  loss=0.6881  (0.5s)
Round    5/30  coverage=0.2552  prec@K=0.0146  accepted=97  loss=0.6861  (0.6s)
Round    6/30  coverage=0.2560  prec@K=0.0127  accepted=85  loss=0.6835  (0.6s)
Round    7/30  coverage=0.2568  prec@K=0.0123  accepted=82  loss=0.6813  (0.8s)
Round    8/30  coverage=0.2577  prec@K=0.0139  accepted=93  loss=0.6789  (0.8s)
Round    9/30  coverage=0.2583  prec@K=0.0094  accepted=62  loss=0.6760  (0.9s)
Round   10/30  coverage=0.2591  prec@K=0.0129  accepted=87  loss=0.6740  (0.9s)
Round   11/30  coverage=0.2599  prec@K=0.0119  accepted=79  loss=0.6718  (1.3s)
Round   12/30  coverage=0.2608  prec@K=0.0131  accepted=89  loss=0.6695  (1.1s)
Round   13/30  coverage=0.2615  prec@K=0.0114  accepted=76  loss=0.6672  (1.2s)
Round   14/30  coverage=0.2621  prec@K=0.0099  accepted=66  loss=0.6648  (1.3s)
Round   15/30  coverage=0.2629  prec@K=0.0113  accepted=76  loss=0.6627  (1.3s)
Round   16/30  coverage=0.2634  prec@K=0.0086  accepted=58  loss=0.6602  (1.4s)
Round   17/30  coverage=0.2640  prec@K=0.0093  accepted=63  loss=0.6586  (1.5s)
Round   18/30  coverage=0.2646  prec@K=0.0086  accepted=58  loss=0.6565  (1.6s)
Round   19/30  coverage=0.2652  prec@K=0.0093  accepted=62  loss=0.6551  (1.6s)
Round   20/30  coverage=0.2657  prec@K=0.0086  accepted=57  loss=0.6534  (1.8s)
Round   21/30  coverage=0.2662  prec@K=0.0070  accepted=47  loss=0.6517  (2.1s)
Round   22/30  coverage=0.2668  prec@K=0.0097  accepted=65  loss=0.6510  (2.1s)
Round   23/30  coverage=0.2673  prec@K=0.0066  accepted=44  loss=0.6495  (2.0s)
Round   24/30  coverage=0.2678  prec@K=0.0088  accepted=59  loss=0.6491  (2.0s)
Round   25/30  coverage=0.2682  prec@K=0.0065  accepted=44  loss=0.6480  (2.1s)
Round   26/30  coverage=0.2686  prec@K=0.0056  accepted=37  loss=0.6472  (2.2s)
Round   27/30  coverage=0.2692  prec@K=0.0085  accepted=57  loss=0.6475  (2.3s)
Round   28/30  coverage=0.2695  prec@K=0.0056  accepted=38  loss=0.6468  (2.5s)
Round   29/30  coverage=0.2698  prec@K=0.0040  accepted=27  loss=0.6460  (2.5s)
Round   30/30  coverage=0.2702  prec@K=0.0062  accepted=41  loss=0.6466  (2.6s)

结果已写入 results\online\algo_sweep_wiki_vote_v2\wiki_vote_node_emb/rounds.csv
