C:\conda\envs\gnn\lib\site-packages\requests\__init__.py:86: RequestsDependencyWarning: Unable to find acceptable character detection dependency (chardet or charset_normalizer).
  warnings.warn(
C:\conda\envs\gnn\lib\site-packages\outdated\__init__.py:36: UserWarning: pkg_resources is deprecated as an API. See https://setuptools.pypa.io/en/latest/pkg_resources.html. The pkg_resources package is slated for removal as early as 2025-11-30. Refrain from using this package or pin to Setuptools<81.
  from pkg_resources import parse_version
Round    1/30  coverage=0.2518  prec@K=0.0281  accepted=187  loss=0.7635  (2.1s)
Round    2/30  coverage=0.2532  prec@K=0.0223  accepted=150  loss=0.7628  (1.4s)
Round    3/30  coverage=0.2544  prec@K=0.0180  accepted=120  loss=0.7582  (1.5s)
Round    4/30  coverage=0.2551  prec@K=0.0115  accepted=77  loss=0.7506  (1.6s)
Round    5/30  coverage=0.2561  prec@K=0.0143  accepted=95  loss=0.7385  (1.7s)
Round    6/30  coverage=0.2570  prec@K=0.0148  accepted=99  loss=0.7272  (1.8s)
Round    7/30  coverage=0.2579  prec@K=0.0138  accepted=92  loss=0.7170  (2.0s)
Round    8/30  coverage=0.2592  prec@K=0.0194  accepted=130  loss=0.7048  (2.1s)
Round    9/30  coverage=0.2600  prec@K=0.0127  accepted=84  loss=0.6932  (2.3s)
Round   10/30  coverage=0.2610  prec@K=0.0152  accepted=102  loss=0.6809  (2.6s)
Round   11/30  coverage=0.2619  prec@K=0.0147  accepted=98  loss=0.6678  (3.5s)
Round   12/30  coverage=0.2628  prec@K=0.0141  accepted=96  loss=0.6546  (3.9s)
Round   13/30  coverage=0.2637  prec@K=0.0139  accepted=92  loss=0.6419  (4.6s)
Round   14/30  coverage=0.2644  prec@K=0.0100  accepted=67  loss=0.6282  (4.8s)
Round   15/30  coverage=0.2651  prec@K=0.0117  accepted=79  loss=0.6152  (4.8s)
Round   16/30  coverage=0.2657  prec@K=0.0089  accepted=60  loss=0.6033  (4.9s)
Round   17/30  coverage=0.2663  prec@K=0.0099  accepted=67  loss=0.5910  (5.0s)
Round   18/30  coverage=0.2669  prec@K=0.0082  accepted=55  loss=0.5785  (5.3s)
Round   19/30  coverage=0.2676  prec@K=0.0104  accepted=70  loss=0.5694  (5.4s)
Round   20/30  coverage=0.2681  prec@K=0.0093  accepted=62  loss=0.5643  (5.9s)
Round   21/30  coverage=0.2686  prec@K=0.0070  accepted=47  loss=0.5524  (6.2s)
Round   22/30  coverage=0.2690  prec@K=0.0060  accepted=40  loss=0.5441  (6.0s)
Round   23/30  coverage=0.2695  prec@K=0.0079  accepted=53  loss=0.5381  (6.3s)
Round   24/30  coverage=0.2700  prec@K=0.0078  accepted=52  loss=0.5332  (6.6s)
Round   25/30  coverage=0.2706  prec@K=0.0087  accepted=59  loss=0.5300  (6.2s)
Round   26/30  coverage=0.2711  prec@K=0.0075  accepted=50  loss=0.5279  (7.0s)
Round   27/30  coverage=0.2715  prec@K=0.0063  accepted=42  loss=0.5225  (7.1s)
Round   28/30  coverage=0.2719  prec@K=0.0068  accepted=46  loss=0.5216  (7.4s)
Round   29/30  coverage=0.2722  prec@K=0.0053  accepted=36  loss=0.5197  (8.1s)
Round   30/30  coverage=0.2727  prec@K=0.0075  accepted=50  loss=0.5239  (8.3s)

结果已写入 results\online\algo_sweep_wiki_vote_v2\wiki_vote_gnn_h32/rounds.csv
