C:\conda\envs\gnn\lib\site-packages\requests\__init__.py:86: RequestsDependencyWarning: Unable to find acceptable character detection dependency (chardet or charset_normalizer).
  warnings.warn(
C:\conda\envs\gnn\lib\site-packages\outdated\__init__.py:36: UserWarning: pkg_resources is deprecated as an API. See https://setuptools.pypa.io/en/latest/pkg_resources.html. The pkg_resources package is slated for removal as early as 2025-11-30. Refrain from using this package or pin to Setuptools<81.
  from pkg_resources import parse_version
Round    1/30  coverage=0.2500  prec@K=0.0007  accepted=12  loss=0.5940  (25.9s)
Round    2/30  coverage=0.2500  prec@K=0.0006  accepted=10  loss=0.5818  (22.8s)
Round    3/30  coverage=0.2500  prec@K=0.0004  accepted=8  loss=0.5600  (31.1s)
Round    4/30  coverage=0.2501  prec@K=0.0010  accepted=18  loss=0.5298  (41.6s)
Round    5/30  coverage=0.2501  prec@K=0.0007  accepted=12  loss=0.4894  (74.3s)
Round    6/30  coverage=0.2501  prec@K=0.0007  accepted=13  loss=0.4407  (56.9s)
Round    7/30  coverage=0.2501  prec@K=0.0008  accepted=14  loss=0.3940  (75.1s)
Round    8/30  coverage=0.2501  prec@K=0.0007  accepted=12  loss=0.3468  (73.5s)
Round    9/30  coverage=0.2501  prec@K=0.0003  accepted=5  loss=0.2967  (66.0s)
Round   10/30  coverage=0.2501  prec@K=0.0004  accepted=8  loss=0.2530  (70.2s)
Round   11/30  coverage=0.2501  prec@K=0.0004  accepted=7  loss=0.2108  (83.7s)
Round   12/30  coverage=0.2502  prec@K=0.0005  accepted=10  loss=0.1772  (78.8s)
Round   13/30  coverage=0.2502  prec@K=0.0003  accepted=6  loss=0.1435  (82.4s)
Round   14/30  coverage=0.2502  prec@K=0.0008  accepted=14  loss=0.1236  (91.2s)
Round   15/30  coverage=0.2502  prec@K=0.0003  accepted=5  loss=0.0949  (92.8s)
Round   16/30  coverage=0.2502  prec@K=0.0006  accepted=11  loss=0.0830  (96.6s)
Round   17/30  coverage=0.2502  prec@K=0.0002  accepted=3  loss=0.0648  (100.9s)
Round   18/30  coverage=0.2502  prec@K=0.0006  accepted=11  loss=0.0618  (117.4s)
Round   19/30  coverage=0.2502  prec@K=0.0003  accepted=6  loss=0.0494  (178.2s)
Round   20/30  coverage=0.2502  prec@K=0.0004  accepted=7  loss=0.0451  (114.2s)
Round   21/30  coverage=0.2502  prec@K=0.0004  accepted=7  loss=0.0413  (130.1s)
Round   22/30  coverage=0.2502  prec@K=0.0005  accepted=9  loss=0.0394  (125.5s)
Round   23/30  coverage=0.2503  prec@K=0.0004  accepted=7  loss=0.0356  (161.3s)
Round   24/30  coverage=0.2503  prec@K=0.0006  accepted=10  loss=0.0374  (130.8s)
Round   25/30  coverage=0.2503  prec@K=0.0005  accepted=10  loss=0.0375  (138.4s)
Round   26/30  coverage=0.2503  prec@K=0.0002  accepted=4  loss=0.0287  (141.8s)
Round   27/30  coverage=0.2503  prec@K=0.0003  accepted=6  loss=0.0310  (144.3s)
Round   28/30  coverage=0.2503  prec@K=0.0002  accepted=4  loss=0.0277  (152.0s)
Round   29/30  coverage=0.2503  prec@K=0.0004  accepted=8  loss=0.0318  (157.6s)
Round   30/30  coverage=0.2503  prec@K=0.0003  accepted=5  loss=0.0290  (159.6s)

结果已写入 results\online\algo_sweep_sx_superuser_v2_s3\sx_superuser_gnn_concat/rounds.csv
