C:\conda\envs\gnn\lib\site-packages\requests\__init__.py:86: RequestsDependencyWarning: Unable to find acceptable character detection dependency (chardet or charset_normalizer).
  warnings.warn(
C:\conda\envs\gnn\lib\site-packages\outdated\__init__.py:36: UserWarning: pkg_resources is deprecated as an API. See https://setuptools.pypa.io/en/latest/pkg_resources.html. The pkg_resources package is slated for removal as early as 2025-11-30. Refrain from using this package or pin to Setuptools<81.
  from pkg_resources import parse_version
Round    1/30  coverage=0.2500  prec@K=0.0002  accepted=4  loss=nan  (20.4s)
Round    2/30  coverage=0.2500  prec@K=0.0002  accepted=4  loss=nan  (21.6s)
Round    3/30  coverage=0.2500  prec@K=0.0003  accepted=6  loss=nan  (27.7s)
Round    4/30  coverage=0.2500  prec@K=0.0003  accepted=5  loss=nan  (34.5s)
Round    5/30  coverage=0.2500  prec@K=0.0007  accepted=12  loss=nan  (38.8s)
Round    6/30  coverage=0.2500  prec@K=0.0004  accepted=7  loss=nan  (42.7s)
Round    7/30  coverage=0.2501  prec@K=0.0004  accepted=8  loss=nan  (48.2s)
Round    8/30  coverage=0.2501  prec@K=0.0004  accepted=8  loss=nan  (53.1s)
Round    9/30  coverage=0.2501  prec@K=0.0003  accepted=5  loss=nan  (57.5s)
Round   10/30  coverage=0.2501  prec@K=0.0006  accepted=11  loss=nan  (62.1s)
Round   11/30  coverage=0.2501  prec@K=0.0003  accepted=5  loss=nan  (72.5s)
Round   12/30  coverage=0.2501  prec@K=0.0005  accepted=9  loss=nan  (72.0s)
Round   13/30  coverage=0.2501  prec@K=0.0003  accepted=5  loss=nan  (74.9s)
Round   14/30  coverage=0.2501  prec@K=0.0007  accepted=12  loss=nan  (79.8s)
Round   15/30  coverage=0.2501  prec@K=0.0006  accepted=10  loss=nan  (83.3s)
Round   16/30  coverage=0.2501  prec@K=0.0005  accepted=9  loss=nan  (88.8s)
Round   17/30  coverage=0.2501  prec@K=0.0002  accepted=4  loss=nan  (95.9s)
Round   18/30  coverage=0.2501  prec@K=0.0002  accepted=4  loss=nan  (100.2s)
Round   19/30  coverage=0.2502  prec@K=0.0006  accepted=10  loss=nan  (104.4s)
Round   20/30  coverage=0.2502  prec@K=0.0003  accepted=6  loss=nan  (108.9s)
Round   21/30  coverage=0.2502  prec@K=0.0003  accepted=5  loss=nan  (120.7s)
Round   22/30  coverage=0.2502  prec@K=0.0006  accepted=10  loss=nan  (115.4s)
Round   23/30  coverage=0.2502  prec@K=0.0001  accepted=1  loss=nan  (121.2s)
Round   24/30  coverage=0.2502  prec@K=0.0002  accepted=4  loss=nan  (117.4s)
Round   25/30  coverage=0.2502  prec@K=0.0012  accepted=21  loss=nan  (125.6s)
Round   26/30  coverage=0.2502  prec@K=0.0004  accepted=7  loss=nan  (128.3s)
Round   27/30  coverage=0.2502  prec@K=0.0003  accepted=5  loss=nan  (130.7s)
Round   28/30  coverage=0.2502  prec@K=0.0003  accepted=6  loss=nan  (134.8s)
Round   29/30  coverage=0.2502  prec@K=0.0006  accepted=10  loss=nan  (135.3s)
Round   30/30  coverage=0.2503  prec@K=0.0002  accepted=3  loss=nan  (139.7s)

结果已写入 results\online\algo_sweep_sx_superuser_v2_s3\sx_superuser_jaccard/rounds.csv
