C:\conda\envs\gnn\lib\site-packages\requests\__init__.py:86: RequestsDependencyWarning: Unable to find acceptable character detection dependency (chardet or charset_normalizer).
  warnings.warn(
C:\conda\envs\gnn\lib\site-packages\outdated\__init__.py:36: UserWarning: pkg_resources is deprecated as an API. See https://setuptools.pypa.io/en/latest/pkg_resources.html. The pkg_resources package is slated for removal as early as 2025-11-30. Refrain from using this package or pin to Setuptools<81.
  from pkg_resources import parse_version
Round    1/30  coverage=0.2500  prec@K=0.0009  accepted=16  loss=0.6515  (37.8s)
Round    2/30  coverage=0.2500  prec@K=0.0008  accepted=15  loss=0.6482  (43.6s)
Round    3/30  coverage=0.2500  prec@K=0.0006  accepted=10  loss=0.6413  (29.2s)
Round    4/30  coverage=0.2501  prec@K=0.0006  accepted=10  loss=0.6306  (41.3s)
Round    5/30  coverage=0.2501  prec@K=0.0011  accepted=19  loss=0.6165  (73.7s)
Round    6/30  coverage=0.2501  prec@K=0.0009  accepted=16  loss=0.5981  (50.1s)
Round    7/30  coverage=0.2501  prec@K=0.0006  accepted=11  loss=0.5802  (55.1s)
Round    8/30  coverage=0.2501  prec@K=0.0003  accepted=6  loss=0.5629  (60.4s)
Round    9/30  coverage=0.2501  prec@K=0.0002  accepted=4  loss=0.5463  (64.0s)
Round   10/30  coverage=0.2501  prec@K=0.0006  accepted=10  loss=0.5302  (72.0s)
Round   11/30  coverage=0.2501  prec@K=0.0004  accepted=7  loss=0.5123  (81.4s)
Round   12/30  coverage=0.2502  prec@K=0.0006  accepted=11  loss=0.4960  (78.1s)
Round   13/30  coverage=0.2502  prec@K=0.0007  accepted=13  loss=0.4798  (80.3s)
Round   14/30  coverage=0.2502  prec@K=0.0004  accepted=7  loss=0.4631  (86.8s)
Round   15/30  coverage=0.2502  prec@K=0.0002  accepted=4  loss=0.4446  (89.9s)
Round   16/30  coverage=0.2502  prec@K=0.0003  accepted=6  loss=0.4307  (92.9s)
Round   17/30  coverage=0.2502  prec@K=0.0002  accepted=3  loss=0.4168  (98.8s)
Round   18/30  coverage=0.2502  prec@K=0.0001  accepted=2  loss=0.4029  (161.7s)
Round   19/30  coverage=0.2502  prec@K=0.0007  accepted=12  loss=0.3932  (108.6s)
Round   20/30  coverage=0.2502  prec@K=0.0005  accepted=9  loss=0.3810  (114.1s)
Round   21/30  coverage=0.2502  prec@K=0.0003  accepted=6  loss=0.3712  (135.0s)
Round   22/30  coverage=0.2502  prec@K=0.0004  accepted=7  loss=0.3620  (130.0s)
Round   23/30  coverage=0.2502  prec@K=0.0003  accepted=5  loss=0.3563  (128.9s)
Round   24/30  coverage=0.2503  prec@K=0.0003  accepted=6  loss=0.3504  (129.1s)
Round   25/30  coverage=0.2503  prec@K=0.0004  accepted=8  loss=0.3453  (137.9s)
Round   26/30  coverage=0.2503  prec@K=0.0001  accepted=2  loss=0.3419  (141.4s)
Round   27/30  coverage=0.2503  prec@K=0.0002  accepted=4  loss=0.3393  (144.3s)
Round   28/30  coverage=0.2503  prec@K=0.0004  accepted=8  loss=0.3407  (152.6s)
Round   29/30  coverage=0.2503  prec@K=0.0005  accepted=9  loss=0.3386  (150.4s)
Round   30/30  coverage=0.2503  prec@K=0.0002  accepted=4  loss=0.3380  (171.3s)

结果已写入 results\online\algo_sweep_sx_superuser_v2_s3\sx_superuser_gnn_h32/rounds.csv
