C:\conda\envs\gnn\lib\site-packages\requests\__init__.py:86: RequestsDependencyWarning: Unable to find acceptable character detection dependency (chardet or charset_normalizer).
  warnings.warn(
C:\conda\envs\gnn\lib\site-packages\outdated\__init__.py:36: UserWarning: pkg_resources is deprecated as an API. See https://setuptools.pypa.io/en/latest/pkg_resources.html. The pkg_resources package is slated for removal as early as 2025-11-30. Refrain from using this package or pin to Setuptools<81.
  from pkg_resources import parse_version
Round    1/30  coverage=0.4046  prec@K=0.0141  accepted=26  loss=0.6786  (0.9s)
Round    2/30  coverage=0.4113  prec@K=0.0202  accepted=37  loss=0.6770  (1.0s)
Round    3/30  coverage=0.4198  prec@K=0.0256  accepted=47  loss=0.6754  (0.6s)
Round    4/30  coverage=0.4301  prec@K=0.0310  accepted=57  loss=0.6665  (0.7s)
Round    5/30  coverage=0.4332  prec@K=0.0092  accepted=17  loss=0.6570  (0.9s)
Round    6/30  coverage=0.4417  prec@K=0.0255  accepted=47  loss=0.6507  (0.9s)
Round    7/30  coverage=0.4488  prec@K=0.0211  accepted=39  loss=0.6426  (0.6s)
Round    8/30  coverage=0.4575  prec@K=0.0261  accepted=48  loss=0.6370  (0.8s)
Round    9/30  coverage=0.4631  prec@K=0.0167  accepted=31  loss=0.6243  (0.7s)
Round   10/30  coverage=0.4655  prec@K=0.0070  accepted=13  loss=0.6108  (0.6s)
Round   11/30  coverage=0.4678  prec@K=0.0070  accepted=13  loss=0.6021  (1.1s)
Round   12/30  coverage=0.4705  prec@K=0.0082  accepted=15  loss=0.5970  (0.6s)
Round   13/30  coverage=0.4722  prec@K=0.0049  accepted=9  loss=0.5888  (0.8s)
Round   14/30  coverage=0.4744  prec@K=0.0065  accepted=12  loss=0.5852  (0.7s)
Round   15/30  coverage=0.4756  prec@K=0.0038  accepted=7  loss=0.5783  (0.9s)
Round   16/30  coverage=0.4773  prec@K=0.0050  accepted=9  loss=0.5746  (0.7s)
Round   17/30  coverage=0.4780  prec@K=0.0022  accepted=4  loss=0.5685  (0.9s)
Round   18/30  coverage=0.4787  prec@K=0.0022  accepted=4  loss=0.5654  (0.9s)
Round   19/30  coverage=0.4803  prec@K=0.0049  accepted=9  loss=0.5672  (0.9s)
Round   20/30  coverage=0.4812  prec@K=0.0027  accepted=5  loss=0.5614  (1.1s)
Round   21/30  coverage=0.4816  prec@K=0.0011  accepted=2  loss=0.5573  (1.0s)
Round   22/30  coverage=0.4829  prec@K=0.0038  accepted=7  loss=0.5597  (1.2s)
Round   23/30  coverage=0.4831  prec@K=0.0005  accepted=1  loss=0.5542  (0.7s)
Round   24/30  coverage=0.4838  prec@K=0.0022  accepted=4  loss=0.5544  (1.0s)
Round   25/30  coverage=0.4843  prec@K=0.0016  accepted=3  loss=0.5527  (0.8s)
Round   26/30  coverage=0.4856  prec@K=0.0038  accepted=7  loss=0.5544  (1.0s)
Round   27/30  coverage=0.4860  prec@K=0.0011  accepted=2  loss=0.5507  (1.1s)
Round   28/30  coverage=0.4865  prec@K=0.0016  accepted=3  loss=0.5511  (1.2s)
Round   29/30  coverage=0.4870  prec@K=0.0016  accepted=3  loss=0.5517  (0.8s)
Round   30/30  coverage=0.4876  prec@K=0.0016  accepted=3  loss=0.5507  (1.0s)

结果已写入 results\online\algo_sweep_dnc_email_v2_ir40_s42\dnc_email_gnn_concat_h8/rounds.csv
