C:\conda\envs\gnn\lib\site-packages\requests\__init__.py:86: RequestsDependencyWarning: Unable to find acceptable character detection dependency (chardet or charset_normalizer).
  warnings.warn(
C:\conda\envs\gnn\lib\site-packages\outdated\__init__.py:36: UserWarning: pkg_resources is deprecated as an API. See https://setuptools.pypa.io/en/latest/pkg_resources.html. The pkg_resources package is slated for removal as early as 2025-11-30. Refrain from using this package or pin to Setuptools<81.
  from pkg_resources import parse_version
Round    1/100  coverage=0.2817  prec@K=0.0954  accepted=175  loss=nan  (0.1s)
Round    2/100  coverage=0.3185  prec@K=0.1103  accepted=203  loss=nan  (0.1s)
Round    3/100  coverage=0.3551  prec@K=0.1113  accepted=202  loss=nan  (0.0s)
Round    4/100  coverage=0.3931  prec@K=0.1160  accepted=210  loss=nan  (0.0s)
Round    5/100  coverage=0.4221  prec@K=0.0866  accepted=160  loss=nan  (0.0s)
Round    6/100  coverage=0.4475  prec@K=0.0760  accepted=140  loss=nan  (0.0s)
Round    7/100  coverage=0.4700  prec@K=0.0671  accepted=124  loss=nan  (0.0s)
Round    8/100  coverage=0.4905  prec@K=0.0617  accepted=113  loss=nan  (0.1s)
Round    9/100  coverage=0.5068  prec@K=0.0487  accepted=90  loss=nan  (0.1s)
Round   10/100  coverage=0.5195  prec@K=0.0381  accepted=70  loss=nan  (0.1s)
Round   11/100  coverage=0.5258  prec@K=0.0192  accepted=35  loss=nan  (0.1s)
Round   12/100  coverage=0.5340  prec@K=0.0245  accepted=45  loss=nan  (0.1s)
Round   13/100  coverage=0.5434  prec@K=0.0280  accepted=52  loss=nan  (0.1s)
Round   14/100  coverage=0.5488  prec@K=0.0164  accepted=30  loss=nan  (0.1s)
Round   15/100  coverage=0.5532  prec@K=0.0131  accepted=24  loss=nan  (0.1s)
Round   16/100  coverage=0.5561  prec@K=0.0087  accepted=16  loss=nan  (0.1s)
Round   17/100  coverage=0.5637  prec@K=0.0230  accepted=42  loss=nan  (0.1s)
Round   18/100  coverage=0.5704  prec@K=0.0202  accepted=37  loss=nan  (0.1s)
Round   19/100  coverage=0.5751  prec@K=0.0141  accepted=26  loss=nan  (0.1s)
Round   20/100  coverage=0.5808  prec@K=0.0169  accepted=31  loss=nan  (0.1s)
Round   21/100  coverage=0.5847  prec@K=0.0119  accepted=22  loss=nan  (0.1s)
Round   22/100  coverage=0.5878  prec@K=0.0093  accepted=17  loss=nan  (0.1s)
Round   23/100  coverage=0.5934  prec@K=0.0169  accepted=31  loss=nan  (0.1s)
Round   24/100  coverage=0.5972  prec@K=0.0115  accepted=21  loss=nan  (0.1s)
Round   25/100  coverage=0.5998  prec@K=0.0076  accepted=14  loss=nan  (0.1s)
Round   26/100  coverage=0.6030  prec@K=0.0098  accepted=18  loss=nan  (0.1s)
Round   27/100  coverage=0.6043  prec@K=0.0038  accepted=7  loss=nan  (0.1s)
Round   28/100  coverage=0.6052  prec@K=0.0027  accepted=5  loss=nan  (0.1s)
Round   29/100  coverage=0.6067  prec@K=0.0043  accepted=8  loss=nan  (0.1s)
Round   30/100  coverage=0.6078  prec@K=0.0032  accepted=6  loss=nan  (0.1s)
Round   31/100  coverage=0.6087  prec@K=0.0027  accepted=5  loss=nan  (0.2s)
Round   32/100  coverage=0.6092  prec@K=0.0016  accepted=3  loss=nan  (0.1s)
Round   33/100  coverage=0.6107  prec@K=0.0043  accepted=8  loss=nan  (0.1s)
Round   34/100  coverage=0.6116  prec@K=0.0027  accepted=5  loss=nan  (0.1s)
Round   35/100  coverage=0.6119  prec@K=0.0011  accepted=2  loss=nan  (0.1s)
Round   36/100  coverage=0.6123  prec@K=0.0011  accepted=2  loss=nan  (0.1s)
Round   37/100  coverage=0.6128  prec@K=0.0017  accepted=3  loss=nan  (0.1s)
Round   38/100  coverage=0.6128  prec@K=0.0000  accepted=0  loss=nan  (0.1s)
Round   39/100  coverage=0.6128  prec@K=0.0000  accepted=0  loss=nan  (0.2s)
Round   40/100  coverage=0.6132  prec@K=0.0011  accepted=2  loss=nan  (0.2s)
Round   41/100  coverage=0.6134  prec@K=0.0005  accepted=1  loss=nan  (0.2s)
Round   42/100  coverage=0.6137  prec@K=0.0011  accepted=2  loss=nan  (0.1s)
Round   43/100  coverage=0.6141  prec@K=0.0011  accepted=2  loss=nan  (0.1s)
Round   44/100  coverage=0.6148  prec@K=0.0022  accepted=4  loss=nan  (0.2s)
Round   45/100  coverage=0.6156  prec@K=0.0022  accepted=4  loss=nan  (0.2s)
Round   46/100  coverage=0.6159  prec@K=0.0011  accepted=2  loss=nan  (0.1s)
Round   47/100  coverage=0.6165  prec@K=0.0016  accepted=3  loss=nan  (0.2s)
Round   48/100  coverage=0.6165  prec@K=0.0000  accepted=0  loss=nan  (0.2s)
Round   49/100  coverage=0.6172  prec@K=0.0022  accepted=4  loss=nan  (0.2s)
Round   50/100  coverage=0.6172  prec@K=0.0000  accepted=0  loss=nan  (0.2s)
Round   51/100  coverage=0.6175  prec@K=0.0011  accepted=2  loss=nan  (0.2s)
Round   52/100  coverage=0.6179  prec@K=0.0011  accepted=2  loss=nan  (0.2s)
Round   53/100  coverage=0.6181  prec@K=0.0005  accepted=1  loss=nan  (0.2s)
Round   54/100  coverage=0.6181  prec@K=0.0000  accepted=0  loss=nan  (0.2s)
Round   55/100  coverage=0.6183  prec@K=0.0005  accepted=1  loss=nan  (0.2s)
Round   56/100  coverage=0.6185  prec@K=0.0005  accepted=1  loss=nan  (0.2s)
Round   57/100  coverage=0.6185  prec@K=0.0000  accepted=0  loss=nan  (0.2s)
Round   58/100  coverage=0.6186  prec@K=0.0005  accepted=1  loss=nan  (0.2s)
Round   59/100  coverage=0.6194  prec@K=0.0022  accepted=4  loss=nan  (0.2s)
Round   60/100  coverage=0.6199  prec@K=0.0016  accepted=3  loss=nan  (0.2s)
Round   61/100  coverage=0.6201  prec@K=0.0005  accepted=1  loss=nan  (0.2s)
Round   62/100  coverage=0.6208  prec@K=0.0022  accepted=4  loss=nan  (0.2s)
Round   63/100  coverage=0.6208  prec@K=0.0000  accepted=0  loss=nan  (0.1s)
Round   64/100  coverage=0.6208  prec@K=0.0000  accepted=0  loss=nan  (0.2s)
Round   65/100  coverage=0.6210  prec@K=0.0005  accepted=1  loss=nan  (0.2s)
Round   66/100  coverage=0.6212  prec@K=0.0005  accepted=1  loss=nan  (0.2s)
Round   67/100  coverage=0.6223  prec@K=0.0033  accepted=6  loss=nan  (0.2s)
Round   68/100  coverage=0.6233  prec@K=0.0033  accepted=6  loss=nan  (0.2s)
Round   69/100  coverage=0.6233  prec@K=0.0000  accepted=0  loss=nan  (0.2s)
Round   70/100  coverage=0.6233  prec@K=0.0000  accepted=0  loss=nan  (0.1s)
Round   71/100  coverage=0.6233  prec@K=0.0000  accepted=0  loss=nan  (0.2s)
Round   72/100  coverage=0.6239  prec@K=0.0016  accepted=3  loss=nan  (0.1s)
Round   73/100  coverage=0.6250  prec@K=0.0033  accepted=6  loss=nan  (0.2s)
Round   74/100  coverage=0.6253  prec@K=0.0011  accepted=2  loss=nan  (0.2s)
Round   75/100  coverage=0.6255  prec@K=0.0005  accepted=1  loss=nan  (0.2s)
Round   76/100  coverage=0.6257  prec@K=0.0005  accepted=1  loss=nan  (0.1s)
Round   77/100  coverage=0.6261  prec@K=0.0011  accepted=2  loss=nan  (0.1s)
Round   78/100  coverage=0.6261  prec@K=0.0000  accepted=0  loss=nan  (0.1s)
Round   79/100  coverage=0.6264  prec@K=0.0011  accepted=2  loss=nan  (0.1s)
Round   80/100  coverage=0.6266  prec@K=0.0005  accepted=1  loss=nan  (0.1s)
Round   81/100  coverage=0.6266  prec@K=0.0000  accepted=0  loss=nan  (0.2s)
Round   82/100  coverage=0.6270  prec@K=0.0011  accepted=2  loss=nan  (0.1s)
Round   83/100  coverage=0.6272  prec@K=0.0005  accepted=1  loss=nan  (0.1s)
Round   84/100  coverage=0.6273  prec@K=0.0005  accepted=1  loss=nan  (0.1s)
Round   85/100  coverage=0.6275  prec@K=0.0005  accepted=1  loss=nan  (0.2s)
Round   86/100  coverage=0.6277  prec@K=0.0005  accepted=1  loss=nan  (0.1s)
Round   87/100  coverage=0.6277  prec@K=0.0000  accepted=0  loss=nan  (0.1s)
Round   88/100  coverage=0.6279  prec@K=0.0005  accepted=1  loss=nan  (0.1s)
Round   89/100  coverage=0.6279  prec@K=0.0000  accepted=0  loss=nan  (0.1s)
Round   90/100  coverage=0.6279  prec@K=0.0000  accepted=0  loss=nan  (0.1s)
Round   91/100  coverage=0.6279  prec@K=0.0000  accepted=0  loss=nan  (0.2s)
Round   92/100  coverage=0.6279  prec@K=0.0000  accepted=0  loss=nan  (0.1s)
Round   93/100  coverage=0.6281  prec@K=0.0005  accepted=1  loss=nan  (0.1s)
Round   94/100  coverage=0.6284  prec@K=0.0011  accepted=2  loss=nan  (0.1s)
Round   95/100  coverage=0.6284  prec@K=0.0000  accepted=0  loss=nan  (0.1s)
Round   96/100  coverage=0.6284  prec@K=0.0000  accepted=0  loss=nan  (0.1s)
Round   97/100  coverage=0.6284  prec@K=0.0000  accepted=0  loss=nan  (0.1s)
Round   98/100  coverage=0.6286  prec@K=0.0005  accepted=1  loss=nan  (0.1s)
Round   99/100  coverage=0.6288  prec@K=0.0005  accepted=1  loss=nan  (0.1s)
Round  100/100  coverage=0.6290  prec@K=0.0005  accepted=1  loss=nan  (0.1s)

˝áąűŇŃĐ´Čë results\online\selector_sweep_dnc_email\composite_ground_truth/rounds.csv
