C:\conda\envs\gnn\lib\site-packages\requests\__init__.py:86: RequestsDependencyWarning: Unable to find acceptable character detection dependency (chardet or charset_normalizer).
  warnings.warn(
C:\conda\envs\gnn\lib\site-packages\outdated\__init__.py:36: UserWarning: pkg_resources is deprecated as an API. See https://setuptools.pypa.io/en/latest/pkg_resources.html. The pkg_resources package is slated for removal as early as 2025-11-30. Refrain from using this package or pin to Setuptools<81.
  from pkg_resources import parse_version
Round    1/100  coverage=0.2635  prec@K=0.0409  accepted=75  loss=nan  (0.1s)
Round    2/100  coverage=0.2750  prec@K=0.0345  accepted=63  loss=nan  (0.1s)
Round    3/100  coverage=0.2871  prec@K=0.0365  accepted=67  loss=nan  (0.0s)
Round    4/100  coverage=0.3054  prec@K=0.0550  accepted=101  loss=nan  (0.0s)
Round    5/100  coverage=0.3132  prec@K=0.0237  accepted=43  loss=nan  (0.0s)
Round    6/100  coverage=0.3272  prec@K=0.0419  accepted=77  loss=nan  (0.1s)
Round    7/100  coverage=0.3377  prec@K=0.0321  accepted=58  loss=nan  (0.1s)
Round    8/100  coverage=0.3533  prec@K=0.0472  accepted=86  loss=nan  (0.1s)
Round    9/100  coverage=0.3645  prec@K=0.0340  accepted=62  loss=nan  (0.1s)
Round   10/100  coverage=0.3707  prec@K=0.0186  accepted=34  loss=nan  (0.1s)
Round   11/100  coverage=0.3825  prec@K=0.0359  accepted=65  loss=nan  (0.1s)
Round   12/100  coverage=0.3912  prec@K=0.0260  accepted=48  loss=nan  (0.1s)
Round   13/100  coverage=0.4029  prec@K=0.0355  accepted=65  loss=nan  (0.1s)
Round   14/100  coverage=0.4125  prec@K=0.0286  accepted=53  loss=nan  (0.1s)
Round   15/100  coverage=0.4263  prec@K=0.0409  accepted=76  loss=nan  (0.1s)
Round   16/100  coverage=0.4354  prec@K=0.0273  accepted=50  loss=nan  (0.1s)
Round   17/100  coverage=0.4468  prec@K=0.0340  accepted=63  loss=nan  (0.1s)
Round   18/100  coverage=0.4564  prec@K=0.0288  accepted=53  loss=nan  (0.1s)
Round   19/100  coverage=0.4600  prec@K=0.0110  accepted=20  loss=nan  (0.1s)
Round   20/100  coverage=0.4660  prec@K=0.0178  accepted=33  loss=nan  (0.2s)
Round   21/100  coverage=0.4720  prec@K=0.0179  accepted=33  loss=nan  (0.2s)
Round   22/100  coverage=0.4809  prec@K=0.0268  accepted=49  loss=nan  (0.2s)
Round   23/100  coverage=0.4876  prec@K=0.0200  accepted=37  loss=nan  (0.2s)
Round   24/100  coverage=0.4921  prec@K=0.0136  accepted=25  loss=nan  (0.2s)
Round   25/100  coverage=0.4988  prec@K=0.0200  accepted=37  loss=nan  (0.2s)
Round   26/100  coverage=0.5059  prec@K=0.0211  accepted=39  loss=nan  (0.2s)
Round   27/100  coverage=0.5119  prec@K=0.0181  accepted=33  loss=nan  (0.2s)
Round   28/100  coverage=0.5175  prec@K=0.0170  accepted=31  loss=nan  (0.2s)
Round   29/100  coverage=0.5242  prec@K=0.0201  accepted=37  loss=nan  (0.2s)
Round   30/100  coverage=0.5276  prec@K=0.0102  accepted=19  loss=nan  (0.2s)
Round   31/100  coverage=0.5358  prec@K=0.0248  accepted=45  loss=nan  (0.2s)
Round   32/100  coverage=0.5425  prec@K=0.0201  accepted=37  loss=nan  (0.2s)
Round   33/100  coverage=0.5450  prec@K=0.0076  accepted=14  loss=nan  (0.2s)
Round   34/100  coverage=0.5528  prec@K=0.0231  accepted=43  loss=nan  (0.2s)
Round   35/100  coverage=0.5590  prec@K=0.0184  accepted=34  loss=nan  (0.3s)
Round   36/100  coverage=0.5624  prec@K=0.0103  accepted=19  loss=nan  (0.3s)
Round   37/100  coverage=0.5652  prec@K=0.0082  accepted=15  loss=nan  (0.2s)
Round   38/100  coverage=0.5666  prec@K=0.0044  accepted=8  loss=nan  (0.3s)
Round   39/100  coverage=0.5682  prec@K=0.0049  accepted=9  loss=nan  (0.3s)
Round   40/100  coverage=0.5728  prec@K=0.0135  accepted=25  loss=nan  (0.3s)
Round   41/100  coverage=0.5764  prec@K=0.0110  accepted=20  loss=nan  (0.3s)
Round   42/100  coverage=0.5800  prec@K=0.0108  accepted=20  loss=nan  (0.3s)
Round   43/100  coverage=0.5831  prec@K=0.0092  accepted=17  loss=nan  (0.3s)
Round   44/100  coverage=0.5864  prec@K=0.0100  accepted=18  loss=nan  (0.3s)
Round   45/100  coverage=0.5905  prec@K=0.0126  accepted=23  loss=nan  (0.3s)
Round   46/100  coverage=0.5924  prec@K=0.0054  accepted=10  loss=nan  (0.3s)
Round   47/100  coverage=0.5953  prec@K=0.0087  accepted=16  loss=nan  (0.3s)
Round   48/100  coverage=0.5960  prec@K=0.0022  accepted=4  loss=nan  (0.3s)
Round   49/100  coverage=0.5982  prec@K=0.0065  accepted=12  loss=nan  (0.3s)
Round   50/100  coverage=0.6011  prec@K=0.0087  accepted=16  loss=nan  (0.3s)
Round   51/100  coverage=0.6029  prec@K=0.0054  accepted=10  loss=nan  (0.4s)
Round   52/100  coverage=0.6045  prec@K=0.0049  accepted=9  loss=nan  (0.4s)
Round   53/100  coverage=0.6065  prec@K=0.0060  accepted=11  loss=nan  (0.4s)
Round   54/100  coverage=0.6078  prec@K=0.0038  accepted=7  loss=nan  (0.3s)
Round   55/100  coverage=0.6127  prec@K=0.0147  accepted=27  loss=nan  (0.4s)
Round   56/100  coverage=0.6146  prec@K=0.0059  accepted=11  loss=nan  (0.4s)
Round   57/100  coverage=0.6181  prec@K=0.0103  accepted=19  loss=nan  (0.4s)
Round   58/100  coverage=0.6232  prec@K=0.0152  accepted=28  loss=nan  (0.3s)
Round   59/100  coverage=0.6239  prec@K=0.0022  accepted=4  loss=nan  (0.4s)
Round   60/100  coverage=0.6266  prec@K=0.0082  accepted=15  loss=nan  (0.3s)
Round   61/100  coverage=0.6322  prec@K=0.0169  accepted=31  loss=nan  (0.4s)
Round   62/100  coverage=0.6330  prec@K=0.0022  accepted=4  loss=nan  (0.3s)
Round   63/100  coverage=0.6395  prec@K=0.0196  accepted=36  loss=nan  (0.3s)
Round   64/100  coverage=0.6407  prec@K=0.0038  accepted=7  loss=nan  (0.4s)
Round   65/100  coverage=0.6433  prec@K=0.0076  accepted=14  loss=nan  (0.3s)
Round   66/100  coverage=0.6438  prec@K=0.0016  accepted=3  loss=nan  (0.4s)
Round   67/100  coverage=0.6451  prec@K=0.0038  accepted=7  loss=nan  (0.4s)
Round   68/100  coverage=0.6469  prec@K=0.0054  accepted=10  loss=nan  (0.4s)
Round   69/100  coverage=0.6480  prec@K=0.0033  accepted=6  loss=nan  (0.4s)
Round   70/100  coverage=0.6493  prec@K=0.0038  accepted=7  loss=nan  (0.4s)
Round   71/100  coverage=0.6516  prec@K=0.0070  accepted=13  loss=nan  (0.4s)
Round   72/100  coverage=0.6518  prec@K=0.0005  accepted=1  loss=nan  (0.3s)
Round   73/100  coverage=0.6529  prec@K=0.0033  accepted=6  loss=nan  (0.4s)
Round   74/100  coverage=0.6549  prec@K=0.0059  accepted=11  loss=nan  (0.3s)
Round   75/100  coverage=0.6562  prec@K=0.0038  accepted=7  loss=nan  (0.4s)
Round   76/100  coverage=0.6601  prec@K=0.0119  accepted=22  loss=nan  (0.3s)
Round   77/100  coverage=0.6616  prec@K=0.0043  accepted=8  loss=nan  (0.4s)
Round   78/100  coverage=0.6620  prec@K=0.0011  accepted=2  loss=nan  (0.4s)
Round   79/100  coverage=0.6627  prec@K=0.0022  accepted=4  loss=nan  (0.4s)
Round   80/100  coverage=0.6656  prec@K=0.0087  accepted=16  loss=nan  (0.4s)
Round   81/100  coverage=0.6668  prec@K=0.0038  accepted=7  loss=nan  (0.4s)
Round   82/100  coverage=0.6678  prec@K=0.0027  accepted=5  loss=nan  (0.3s)
Round   83/100  coverage=0.6685  prec@K=0.0022  accepted=4  loss=nan  (0.3s)
Round   84/100  coverage=0.6694  prec@K=0.0027  accepted=5  loss=nan  (0.4s)
Round   85/100  coverage=0.6701  prec@K=0.0022  accepted=4  loss=nan  (0.4s)
Round   86/100  coverage=0.6721  prec@K=0.0061  accepted=11  loss=nan  (0.4s)
Round   87/100  coverage=0.6730  prec@K=0.0027  accepted=5  loss=nan  (0.4s)
Round   88/100  coverage=0.6737  prec@K=0.0022  accepted=4  loss=nan  (0.4s)
Round   89/100  coverage=0.6743  prec@K=0.0016  accepted=3  loss=nan  (0.4s)
Round   90/100  coverage=0.6754  prec@K=0.0033  accepted=6  loss=nan  (0.4s)
Round   91/100  coverage=0.6765  prec@K=0.0033  accepted=6  loss=nan  (0.4s)
Round   92/100  coverage=0.6770  prec@K=0.0017  accepted=3  loss=nan  (0.3s)
Round   93/100  coverage=0.6781  prec@K=0.0033  accepted=6  loss=nan  (0.4s)
Round   94/100  coverage=0.6788  prec@K=0.0022  accepted=4  loss=nan  (0.3s)
Round   95/100  coverage=0.6792  prec@K=0.0011  accepted=2  loss=nan  (0.4s)
Round   96/100  coverage=0.6801  prec@K=0.0027  accepted=5  loss=nan  (0.4s)
Round   97/100  coverage=0.6824  prec@K=0.0071  accepted=13  loss=nan  (0.3s)
Round   98/100  coverage=0.6832  prec@K=0.0022  accepted=4  loss=nan  (0.4s)
Round   99/100  coverage=0.6842  prec@K=0.0033  accepted=6  loss=nan  (0.4s)
Round  100/100  coverage=0.6852  prec@K=0.0027  accepted=5  loss=nan  (0.4s)

˝áąűŇŃĐ´Čë results\online\selector_sweep_dnc_email\uniform_ground_truth/rounds.csv
