C:\conda\envs\gnn\lib\site-packages\requests\__init__.py:86: RequestsDependencyWarning: Unable to find acceptable character detection dependency (chardet or charset_normalizer).
  warnings.warn(
C:\conda\envs\gnn\lib\site-packages\outdated\__init__.py:36: UserWarning: pkg_resources is deprecated as an API. See https://setuptools.pypa.io/en/latest/pkg_resources.html. The pkg_resources package is slated for removal as early as 2025-11-30. Refrain from using this package or pin to Setuptools<81.
  from pkg_resources import parse_version
Round    1/30  coverage=0.2516  prec@K=0.0110  accepted=38  loss=0.8257  (1.0s)
Round    2/30  coverage=0.2528  prec@K=0.0088  accepted=31  loss=0.8260  (0.9s)
Round    3/30  coverage=0.2542  prec@K=0.0096  accepted=34  loss=0.8261  (1.0s)
Round    4/30  coverage=0.2558  prec@K=0.0107  accepted=37  loss=0.8236  (1.8s)
Round    5/30  coverage=0.2570  prec@K=0.0082  accepted=29  loss=0.8236  (1.0s)
Round    6/30  coverage=0.2590  prec@K=0.0144  accepted=50  loss=0.8181  (1.8s)
Round    7/30  coverage=0.2618  prec@K=0.0193  accepted=67  loss=0.8138  (0.7s)
Round    8/30  coverage=0.2639  prec@K=0.0143  accepted=50  loss=0.8141  (0.7s)
Round    9/30  coverage=0.2657  prec@K=0.0128  accepted=45  loss=0.8124  (0.8s)
Round   10/30  coverage=0.2671  prec@K=0.0096  accepted=34  loss=0.8122  (0.8s)
Round   11/30  coverage=0.2688  prec@K=0.0113  accepted=39  loss=0.8092  (0.9s)
Round   12/30  coverage=0.2707  prec@K=0.0135  accepted=46  loss=0.8063  (0.8s)
Round   13/30  coverage=0.2722  prec@K=0.0104  accepted=37  loss=0.8046  (0.9s)
Round   14/30  coverage=0.2738  prec@K=0.0113  accepted=39  loss=0.8025  (0.9s)
Round   15/30  coverage=0.2752  prec@K=0.0101  accepted=35  loss=0.8009  (0.9s)
Round   16/30  coverage=0.2772  prec@K=0.0138  accepted=48  loss=0.7960  (1.0s)
Round   17/30  coverage=0.2786  prec@K=0.0095  accepted=33  loss=0.7966  (1.0s)
Round   18/30  coverage=0.2796  prec@K=0.0072  accepted=25  loss=0.7967  (1.0s)
Round   19/30  coverage=0.2802  prec@K=0.0042  accepted=15  loss=0.7960  (1.1s)
Round   20/30  coverage=0.2810  prec@K=0.0054  accepted=19  loss=0.7937  (1.1s)
Round   21/30  coverage=0.2822  prec@K=0.0080  accepted=28  loss=0.7918  (1.2s)
Round   22/30  coverage=0.2832  prec@K=0.0067  accepted=24  loss=0.7909  (1.2s)
Round   23/30  coverage=0.2841  prec@K=0.0065  accepted=22  loss=0.7901  (1.1s)
Round   24/30  coverage=0.2848  prec@K=0.0051  accepted=18  loss=0.7901  (1.3s)
Round   25/30  coverage=0.2861  prec@K=0.0086  accepted=30  loss=0.7880  (1.3s)
Round   26/30  coverage=0.2869  prec@K=0.0058  accepted=20  loss=0.7886  (1.3s)
Round   27/30  coverage=0.2879  prec@K=0.0071  accepted=25  loss=0.7874  (1.4s)
Round   28/30  coverage=0.2887  prec@K=0.0051  accepted=18  loss=0.7884  (1.3s)
Round   29/30  coverage=0.2896  prec@K=0.0064  accepted=23  loss=0.7872  (1.4s)
Round   30/30  coverage=0.2903  prec@K=0.0049  accepted=17  loss=0.7881  (2.1s)

结果已写入 results\online\algo_sweep_bitcoin_alpha_v2_s3\bitcoin_alpha_gnn_concat_h8/rounds.csv
