C:\conda\envs\gnn\lib\site-packages\requests\__init__.py:86: RequestsDependencyWarning: Unable to find acceptable character detection dependency (chardet or charset_normalizer).
  warnings.warn(
C:\conda\envs\gnn\lib\site-packages\outdated\__init__.py:36: UserWarning: pkg_resources is deprecated as an API. See https://setuptools.pypa.io/en/latest/pkg_resources.html. The pkg_resources package is slated for removal as early as 2025-11-30. Refrain from using this package or pin to Setuptools<81.
  from pkg_resources import parse_version
Round    1/30  coverage=0.2517  prec@K=0.0119  accepted=41  loss=0.7539  (1.0s)
Round    2/30  coverage=0.2535  prec@K=0.0125  accepted=44  loss=0.7445  (0.7s)
Round    3/30  coverage=0.2550  prec@K=0.0102  accepted=36  loss=0.7308  (0.7s)
Round    4/30  coverage=0.2561  prec@K=0.0078  accepted=27  loss=0.7079  (0.7s)
Round    5/30  coverage=0.2570  prec@K=0.0062  accepted=22  loss=0.6786  (0.8s)
Round    6/30  coverage=0.2583  prec@K=0.0089  accepted=31  loss=0.6443  (0.8s)
Round    7/30  coverage=0.2602  prec@K=0.0133  accepted=46  loss=0.6133  (0.8s)
Round    8/30  coverage=0.2616  prec@K=0.0095  accepted=33  loss=0.5763  (0.9s)
Round    9/30  coverage=0.2634  prec@K=0.0126  accepted=44  loss=0.5402  (0.9s)
Round   10/30  coverage=0.2647  prec@K=0.0090  accepted=32  loss=0.4971  (3.4s)
Round   11/30  coverage=0.2660  prec@K=0.0093  accepted=32  loss=0.4600  (3.0s)
Round   12/30  coverage=0.2672  prec@K=0.0082  accepted=28  loss=0.4204  (1.0s)
Round   13/30  coverage=0.2679  prec@K=0.0048  accepted=17  loss=0.3787  (0.9s)
Round   14/30  coverage=0.2685  prec@K=0.0046  accepted=16  loss=0.3484  (0.9s)
Round   15/30  coverage=0.2693  prec@K=0.0052  accepted=18  loss=0.3076  (1.0s)
Round   16/30  coverage=0.2702  prec@K=0.0060  accepted=21  loss=0.2904  (1.1s)
Round   17/30  coverage=0.2709  prec@K=0.0048  accepted=17  loss=0.2551  (1.2s)
Round   18/30  coverage=0.2715  prec@K=0.0046  accepted=16  loss=0.2311  (1.2s)
Round   19/30  coverage=0.2720  prec@K=0.0031  accepted=11  loss=0.2087  (1.3s)
Round   20/30  coverage=0.2722  prec@K=0.0017  accepted=6  loss=0.1827  (1.3s)
Round   21/30  coverage=0.2729  prec@K=0.0049  accepted=17  loss=0.1847  (2.8s)
Round   22/30  coverage=0.2733  prec@K=0.0022  accepted=8  loss=0.1646  (1.7s)
Round   23/30  coverage=0.2738  prec@K=0.0038  accepted=13  loss=0.1632  (1.9s)
Round   24/30  coverage=0.2742  prec@K=0.0026  accepted=9  loss=0.1450  (1.3s)
Round   25/30  coverage=0.2749  prec@K=0.0049  accepted=17  loss=0.1603  (1.3s)
Round   26/30  coverage=0.2753  prec@K=0.0032  accepted=11  loss=0.1467  (3.5s)
Round   27/30  coverage=0.2758  prec@K=0.0031  accepted=11  loss=0.1413  (6.7s)
Round   28/30  coverage=0.2759  prec@K=0.0011  accepted=4  loss=0.1300  (1.5s)
Round   29/30  coverage=0.2764  prec@K=0.0028  accepted=10  loss=0.1336  (2.3s)
Round   30/30  coverage=0.2769  prec@K=0.0037  accepted=13  loss=0.1383  (21.0s)

结果已写入 results\online\algo_sweep_bitcoin_alpha_v2_s3\bitcoin_alpha_gnn_sum/rounds.csv
