C:\conda\envs\gnn\lib\site-packages\requests\__init__.py:86: RequestsDependencyWarning: Unable to find acceptable character detection dependency (chardet or charset_normalizer).
  warnings.warn(
C:\conda\envs\gnn\lib\site-packages\outdated\__init__.py:36: UserWarning: pkg_resources is deprecated as an API. See https://setuptools.pypa.io/en/latest/pkg_resources.html. The pkg_resources package is slated for removal as early as 2025-11-30. Refrain from using this package or pin to Setuptools<81.
  from pkg_resources import parse_version
Round    1/100  coverage=0.2629  prec@K=0.1466  accepted=262  loss=nan  (0.1s)
Round    2/100  coverage=0.2777  prec@K=0.1675  accepted=301  loss=nan  (0.0s)
Round    3/100  coverage=0.2921  prec@K=0.1587  accepted=292  loss=nan  (0.0s)
Round    4/100  coverage=0.3070  prec@K=0.1692  accepted=302  loss=nan  (0.0s)
Round    5/100  coverage=0.3201  prec@K=0.1470  accepted=266  loss=nan  (0.0s)
Round    6/100  coverage=0.3333  prec@K=0.1462  accepted=267  loss=nan  (0.0s)
Round    7/100  coverage=0.3473  prec@K=0.1526  accepted=284  loss=nan  (0.0s)
Round    8/100  coverage=0.3580  prec@K=0.1165  accepted=217  loss=nan  (0.0s)
Round    9/100  coverage=0.3677  prec@K=0.1067  accepted=198  loss=nan  (0.0s)
Round   10/100  coverage=0.3763  prec@K=0.0941  accepted=174  loss=nan  (0.0s)
Round   11/100  coverage=0.3867  prec@K=0.1150  accepted=212  loss=nan  (0.1s)
Round   12/100  coverage=0.3960  prec@K=0.1034  accepted=188  loss=nan  (0.0s)
Round   13/100  coverage=0.4024  prec@K=0.0711  accepted=131  loss=nan  (0.0s)
Round   14/100  coverage=0.4098  prec@K=0.0820  accepted=149  loss=nan  (0.0s)
Round   15/100  coverage=0.4155  prec@K=0.0632  accepted=116  loss=nan  (0.0s)
Round   16/100  coverage=0.4218  prec@K=0.0699  accepted=128  loss=nan  (0.0s)
Round   17/100  coverage=0.4276  prec@K=0.0629  accepted=117  loss=nan  (0.0s)
Round   18/100  coverage=0.4334  prec@K=0.0643  accepted=118  loss=nan  (0.0s)
Round   19/100  coverage=0.4377  prec@K=0.0487  accepted=88  loss=nan  (0.0s)
Round   20/100  coverage=0.4418  prec@K=0.0453  accepted=82  loss=nan  (0.0s)
Round   21/100  coverage=0.4450  prec@K=0.0362  accepted=66  loss=nan  (0.1s)
Round   22/100  coverage=0.4492  prec@K=0.0463  accepted=85  loss=nan  (0.1s)
Round   23/100  coverage=0.4531  prec@K=0.0430  accepted=79  loss=nan  (0.1s)
Round   24/100  coverage=0.4558  prec@K=0.0293  accepted=54  loss=nan  (0.0s)
Round   25/100  coverage=0.4587  prec@K=0.0321  accepted=59  loss=nan  (0.1s)
Round   26/100  coverage=0.4611  prec@K=0.0278  accepted=50  loss=nan  (0.1s)
Round   27/100  coverage=0.4631  prec@K=0.0219  accepted=40  loss=nan  (0.1s)
Round   28/100  coverage=0.4650  prec@K=0.0215  accepted=39  loss=nan  (0.1s)
Round   29/100  coverage=0.4677  prec@K=0.0298  accepted=55  loss=nan  (0.1s)
Round   30/100  coverage=0.4696  prec@K=0.0205  accepted=38  loss=nan  (0.1s)
Round   31/100  coverage=0.4714  prec@K=0.0205  accepted=37  loss=nan  (0.1s)
Round   32/100  coverage=0.4733  prec@K=0.0210  accepted=38  loss=nan  (0.1s)
Round   33/100  coverage=0.4752  prec@K=0.0207  accepted=38  loss=nan  (0.1s)
Round   34/100  coverage=0.4766  prec@K=0.0162  accepted=30  loss=nan  (0.1s)
Round   35/100  coverage=0.4780  prec@K=0.0147  accepted=27  loss=nan  (0.1s)
Round   36/100  coverage=0.4799  prec@K=0.0221  accepted=40  loss=nan  (0.1s)
Round   37/100  coverage=0.4810  prec@K=0.0120  accepted=22  loss=nan  (0.1s)
Round   38/100  coverage=0.4821  prec@K=0.0120  accepted=22  loss=nan  (0.1s)
Round   39/100  coverage=0.4831  prec@K=0.0116  accepted=21  loss=nan  (0.1s)
Round   40/100  coverage=0.4841  prec@K=0.0107  accepted=19  loss=nan  (0.1s)
Round   41/100  coverage=0.4850  prec@K=0.0100  accepted=18  loss=nan  (0.2s)
Round   42/100  coverage=0.4858  prec@K=0.0087  accepted=16  loss=nan  (0.1s)
Round   43/100  coverage=0.4866  prec@K=0.0094  accepted=17  loss=nan  (0.1s)
Round   44/100  coverage=0.4873  prec@K=0.0078  accepted=14  loss=nan  (0.1s)
Round   45/100  coverage=0.4881  prec@K=0.0093  accepted=17  loss=nan  (0.1s)
Round   46/100  coverage=0.4888  prec@K=0.0077  accepted=14  loss=nan  (0.1s)
Round   47/100  coverage=0.4896  prec@K=0.0088  accepted=16  loss=nan  (0.1s)
Round   48/100  coverage=0.4902  prec@K=0.0066  accepted=12  loss=nan  (0.1s)
Round   49/100  coverage=0.4909  prec@K=0.0078  accepted=14  loss=nan  (0.1s)
Round   50/100  coverage=0.4915  prec@K=0.0065  accepted=12  loss=nan  (0.1s)
Round   51/100  coverage=0.4922  prec@K=0.0077  accepted=14  loss=nan  (0.2s)
Round   52/100  coverage=0.4927  prec@K=0.0054  accepted=10  loss=nan  (0.1s)
Round   53/100  coverage=0.4932  prec@K=0.0066  accepted=12  loss=nan  (0.1s)
Round   54/100  coverage=0.4936  prec@K=0.0044  accepted=8  loss=nan  (0.1s)
Round   55/100  coverage=0.4941  prec@K=0.0050  accepted=9  loss=nan  (0.1s)
Round   56/100  coverage=0.4945  prec@K=0.0044  accepted=8  loss=nan  (0.0s)
Round   57/100  coverage=0.4949  prec@K=0.0050  accepted=9  loss=nan  (0.0s)
Round   58/100  coverage=0.4957  prec@K=0.0082  accepted=15  loss=nan  (0.1s)
Round   59/100  coverage=0.4962  prec@K=0.0055  accepted=10  loss=nan  (0.1s)
Round   60/100  coverage=0.4967  prec@K=0.0066  accepted=12  loss=nan  (0.0s)
Round   61/100  coverage=0.4971  prec@K=0.0044  accepted=8  loss=nan  (0.2s)
Round   62/100  coverage=0.4976  prec@K=0.0049  accepted=9  loss=nan  (0.0s)
Round   63/100  coverage=0.4979  prec@K=0.0033  accepted=6  loss=nan  (0.1s)
Round   64/100  coverage=0.4982  prec@K=0.0033  accepted=6  loss=nan  (0.1s)
Round   65/100  coverage=0.4986  prec@K=0.0044  accepted=8  loss=nan  (0.0s)
Round   66/100  coverage=0.4988  prec@K=0.0027  accepted=5  loss=nan  (0.1s)
Round   67/100  coverage=0.4991  prec@K=0.0028  accepted=5  loss=nan  (0.0s)
Round   68/100  coverage=0.4993  prec@K=0.0028  accepted=5  loss=nan  (0.1s)
Round   69/100  coverage=0.4997  prec@K=0.0039  accepted=7  loss=nan  (0.1s)
Round   70/100  coverage=0.4998  prec@K=0.0016  accepted=3  loss=nan  (0.1s)
Round   71/100  coverage=0.5000  prec@K=0.0017  accepted=3  loss=nan  (0.2s)
Round   72/100  coverage=0.5002  prec@K=0.0028  accepted=5  loss=nan  (0.1s)
Round   73/100  coverage=0.5003  prec@K=0.0011  accepted=2  loss=nan  (0.1s)
Round   74/100  coverage=0.5004  prec@K=0.0011  accepted=2  loss=nan  (0.1s)
Round   75/100  coverage=0.5005  prec@K=0.0011  accepted=2  loss=nan  (0.1s)
Round   76/100  coverage=0.5006  prec@K=0.0017  accepted=3  loss=nan  (0.1s)
Round   77/100  coverage=0.5006  prec@K=0.0000  accepted=0  loss=nan  (0.1s)
Round   78/100  coverage=0.5007  prec@K=0.0011  accepted=2  loss=nan  (0.1s)
Round   79/100  coverage=0.5007  prec@K=0.0000  accepted=0  loss=nan  (0.0s)
Round   80/100  coverage=0.5008  prec@K=0.0006  accepted=1  loss=nan  (0.1s)
Round   81/100  coverage=0.5009  prec@K=0.0011  accepted=2  loss=nan  (0.2s)
Round   82/100  coverage=0.5009  prec@K=0.0005  accepted=1  loss=nan  (0.1s)
Round   83/100  coverage=0.5010  prec@K=0.0011  accepted=2  loss=nan  (0.1s)
Round   84/100  coverage=0.5012  prec@K=0.0016  accepted=3  loss=nan  (0.1s)
Round   85/100  coverage=0.5012  prec@K=0.0006  accepted=1  loss=nan  (0.0s)
Round   86/100  coverage=0.5013  prec@K=0.0006  accepted=1  loss=nan  (0.1s)
Round   87/100  coverage=0.5013  prec@K=0.0000  accepted=0  loss=nan  (0.1s)
Round   88/100  coverage=0.5013  prec@K=0.0000  accepted=0  loss=nan  (0.1s)
Round   89/100  coverage=0.5014  prec@K=0.0017  accepted=3  loss=nan  (0.0s)
Round   90/100  coverage=0.5014  prec@K=0.0000  accepted=0  loss=nan  (0.0s)
Round   91/100  coverage=0.5015  prec@K=0.0005  accepted=1  loss=nan  (0.2s)
Round   92/100  coverage=0.5015  prec@K=0.0000  accepted=0  loss=nan  (0.1s)
Round   93/100  coverage=0.5015  prec@K=0.0000  accepted=0  loss=nan  (0.1s)
Round   94/100  coverage=0.5015  prec@K=0.0000  accepted=0  loss=nan  (0.1s)
Round   95/100  coverage=0.5015  prec@K=0.0000  accepted=0  loss=nan  (0.1s)
Round   96/100  coverage=0.5015  prec@K=0.0000  accepted=0  loss=nan  (0.1s)
Round   97/100  coverage=0.5015  prec@K=0.0005  accepted=1  loss=nan  (0.1s)
Round   98/100  coverage=0.5015  prec@K=0.0000  accepted=0  loss=nan  (0.1s)
Round   99/100  coverage=0.5015  prec@K=0.0000  accepted=0  loss=nan  (0.1s)
Round  100/100  coverage=0.5016  prec@K=0.0006  accepted=1  loss=nan  (0.0s)

˝áąűŇŃĐ´Čë results\online\selector_sweep_college_msg\composite_ground_truth/rounds.csv
