C:\conda\envs\gnn\lib\site-packages\requests\__init__.py:86: RequestsDependencyWarning: Unable to find acceptable character detection dependency (chardet or charset_normalizer).
  warnings.warn(
C:\conda\envs\gnn\lib\site-packages\outdated\__init__.py:36: UserWarning: pkg_resources is deprecated as an API. See https://setuptools.pypa.io/en/latest/pkg_resources.html. The pkg_resources package is slated for removal as early as 2025-11-30. Refrain from using this package or pin to Setuptools<81.
  from pkg_resources import parse_version
Round    1/100  coverage=0.2532  prec@K=0.0358  accepted=64  loss=nan  (0.1s)
Round    2/100  coverage=0.2558  prec@K=0.0304  accepted=54  loss=nan  (0.0s)
Round    3/100  coverage=0.2591  prec@K=0.0371  accepted=66  loss=nan  (0.0s)
Round    4/100  coverage=0.2622  prec@K=0.0356  accepted=63  loss=nan  (0.0s)
Round    5/100  coverage=0.2648  prec@K=0.0292  accepted=53  loss=nan  (0.0s)
Round    6/100  coverage=0.2677  prec@K=0.0336  accepted=60  loss=nan  (0.0s)
Round    7/100  coverage=0.2703  prec@K=0.0290  accepted=52  loss=nan  (0.0s)
Round    8/100  coverage=0.2722  prec@K=0.0213  accepted=38  loss=nan  (0.0s)
Round    9/100  coverage=0.2747  prec@K=0.0283  accepted=51  loss=nan  (0.0s)
Round   10/100  coverage=0.2763  prec@K=0.0185  accepted=33  loss=nan  (0.0s)
Round   11/100  coverage=0.2783  prec@K=0.0227  accepted=40  loss=nan  (0.1s)
Round   12/100  coverage=0.2806  prec@K=0.0261  accepted=47  loss=nan  (0.0s)
Round   13/100  coverage=0.2823  prec@K=0.0197  accepted=35  loss=nan  (0.0s)
Round   14/100  coverage=0.2838  prec@K=0.0159  accepted=29  loss=nan  (0.0s)
Round   15/100  coverage=0.2853  prec@K=0.0182  accepted=32  loss=nan  (0.0s)
Round   16/100  coverage=0.2866  prec@K=0.0141  accepted=25  loss=nan  (0.0s)
Round   17/100  coverage=0.2877  prec@K=0.0128  accepted=23  loss=nan  (0.0s)
Round   18/100  coverage=0.2887  prec@K=0.0117  accepted=21  loss=nan  (0.0s)
Round   19/100  coverage=0.2907  prec@K=0.0224  accepted=40  loss=nan  (0.0s)
Round   20/100  coverage=0.2919  prec@K=0.0134  accepted=24  loss=nan  (0.0s)
Round   21/100  coverage=0.2930  prec@K=0.0121  accepted=22  loss=nan  (0.1s)
Round   22/100  coverage=0.2939  prec@K=0.0099  accepted=18  loss=nan  (0.1s)
Round   23/100  coverage=0.2949  prec@K=0.0116  accepted=21  loss=nan  (0.0s)
Round   24/100  coverage=0.2955  prec@K=0.0067  accepted=12  loss=nan  (0.0s)
Round   25/100  coverage=0.2958  prec@K=0.0039  accepted=7  loss=nan  (0.0s)
Round   26/100  coverage=0.2966  prec@K=0.0082  accepted=15  loss=nan  (0.1s)
Round   27/100  coverage=0.2975  prec@K=0.0105  accepted=19  loss=nan  (0.1s)
Round   28/100  coverage=0.2983  prec@K=0.0088  accepted=16  loss=nan  (0.1s)
Round   29/100  coverage=0.2992  prec@K=0.0100  accepted=18  loss=nan  (0.1s)
Round   30/100  coverage=0.3002  prec@K=0.0118  accepted=21  loss=nan  (0.0s)
Round   31/100  coverage=0.3007  prec@K=0.0063  accepted=11  loss=nan  (0.1s)
Round   32/100  coverage=0.3014  prec@K=0.0080  accepted=14  loss=nan  (0.0s)
Round   33/100  coverage=0.3025  prec@K=0.0117  accepted=21  loss=nan  (0.0s)
Round   34/100  coverage=0.3033  prec@K=0.0090  accepted=16  loss=nan  (0.1s)
Round   35/100  coverage=0.3041  prec@K=0.0101  accepted=18  loss=nan  (0.1s)
Round   36/100  coverage=0.3050  prec@K=0.0101  accepted=18  loss=nan  (0.1s)
Round   37/100  coverage=0.3060  prec@K=0.0106  accepted=19  loss=nan  (0.0s)
Round   38/100  coverage=0.3067  prec@K=0.0078  accepted=14  loss=nan  (0.1s)
Round   39/100  coverage=0.3071  prec@K=0.0044  accepted=8  loss=nan  (0.1s)
Round   40/100  coverage=0.3076  prec@K=0.0061  accepted=11  loss=nan  (0.1s)
Round   41/100  coverage=0.3083  prec@K=0.0079  accepted=14  loss=nan  (0.1s)
Round   42/100  coverage=0.3087  prec@K=0.0050  accepted=9  loss=nan  (0.1s)
Round   43/100  coverage=0.3089  prec@K=0.0022  accepted=4  loss=nan  (0.1s)
Round   44/100  coverage=0.3091  prec@K=0.0017  accepted=3  loss=nan  (0.1s)
Round   45/100  coverage=0.3097  prec@K=0.0068  accepted=12  loss=nan  (0.0s)
Round   46/100  coverage=0.3101  prec@K=0.0049  accepted=9  loss=nan  (0.1s)
Round   47/100  coverage=0.3105  prec@K=0.0039  accepted=7  loss=nan  (0.1s)
Round   48/100  coverage=0.3108  prec@K=0.0039  accepted=7  loss=nan  (0.1s)
Round   49/100  coverage=0.3111  prec@K=0.0034  accepted=6  loss=nan  (0.1s)
Round   50/100  coverage=0.3115  prec@K=0.0051  accepted=9  loss=nan  (0.1s)
Round   51/100  coverage=0.3117  prec@K=0.0022  accepted=4  loss=nan  (0.1s)
Round   52/100  coverage=0.3120  prec@K=0.0027  accepted=5  loss=nan  (0.1s)
Round   53/100  coverage=0.3121  prec@K=0.0011  accepted=2  loss=nan  (0.1s)
Round   54/100  coverage=0.3121  prec@K=0.0006  accepted=1  loss=nan  (0.0s)
Round   55/100  coverage=0.3124  prec@K=0.0033  accepted=6  loss=nan  (0.0s)
Round   56/100  coverage=0.3125  prec@K=0.0006  accepted=1  loss=nan  (0.0s)
Round   57/100  coverage=0.3126  prec@K=0.0011  accepted=2  loss=nan  (0.1s)
Round   58/100  coverage=0.3126  prec@K=0.0006  accepted=1  loss=nan  (0.0s)
Round   59/100  coverage=0.3128  prec@K=0.0016  accepted=3  loss=nan  (0.1s)
Round   60/100  coverage=0.3132  prec@K=0.0045  accepted=8  loss=nan  (0.1s)
Round   61/100  coverage=0.3133  prec@K=0.0011  accepted=2  loss=nan  (0.1s)
Round   62/100  coverage=0.3134  prec@K=0.0017  accepted=3  loss=nan  (0.1s)
Round   63/100  coverage=0.3137  prec@K=0.0028  accepted=5  loss=nan  (0.0s)
Round   64/100  coverage=0.3138  prec@K=0.0017  accepted=3  loss=nan  (0.0s)
Round   65/100  coverage=0.3139  prec@K=0.0006  accepted=1  loss=nan  (0.0s)
Round   66/100  coverage=0.3139  prec@K=0.0000  accepted=0  loss=nan  (0.1s)
Round   67/100  coverage=0.3141  prec@K=0.0028  accepted=5  loss=nan  (0.0s)
Round   68/100  coverage=0.3143  prec@K=0.0022  accepted=4  loss=nan  (0.1s)
Round   69/100  coverage=0.3144  prec@K=0.0017  accepted=3  loss=nan  (0.1s)
Round   70/100  coverage=0.3145  prec@K=0.0011  accepted=2  loss=nan  (0.1s)
Round   71/100  coverage=0.3147  prec@K=0.0022  accepted=4  loss=nan  (0.1s)
Round   72/100  coverage=0.3149  prec@K=0.0022  accepted=4  loss=nan  (0.0s)
Round   73/100  coverage=0.3151  prec@K=0.0022  accepted=4  loss=nan  (0.0s)
Round   74/100  coverage=0.3153  prec@K=0.0017  accepted=3  loss=nan  (0.1s)
Round   75/100  coverage=0.3155  prec@K=0.0022  accepted=4  loss=nan  (0.0s)
Round   76/100  coverage=0.3159  prec@K=0.0045  accepted=8  loss=nan  (0.0s)
Round   77/100  coverage=0.3159  prec@K=0.0000  accepted=0  loss=nan  (0.1s)
Round   78/100  coverage=0.3159  prec@K=0.0006  accepted=1  loss=nan  (0.0s)
Round   79/100  coverage=0.3161  prec@K=0.0017  accepted=3  loss=nan  (0.0s)
Round   80/100  coverage=0.3162  prec@K=0.0017  accepted=3  loss=nan  (0.0s)
Round   81/100  coverage=0.3164  prec@K=0.0017  accepted=3  loss=nan  (0.1s)
Round   82/100  coverage=0.3165  prec@K=0.0011  accepted=2  loss=nan  (0.0s)
Round   83/100  coverage=0.3165  prec@K=0.0000  accepted=0  loss=nan  (0.1s)
Round   84/100  coverage=0.3166  prec@K=0.0017  accepted=3  loss=nan  (0.0s)
Round   85/100  coverage=0.3167  prec@K=0.0006  accepted=1  loss=nan  (0.0s)
Round   86/100  coverage=0.3168  prec@K=0.0011  accepted=2  loss=nan  (0.0s)
Round   87/100  coverage=0.3169  prec@K=0.0017  accepted=3  loss=nan  (0.0s)
Round   88/100  coverage=0.3170  prec@K=0.0006  accepted=1  loss=nan  (0.0s)
Round   89/100  coverage=0.3170  prec@K=0.0006  accepted=1  loss=nan  (0.1s)
Round   90/100  coverage=0.3171  prec@K=0.0006  accepted=1  loss=nan  (0.0s)
Round   91/100  coverage=0.3172  prec@K=0.0011  accepted=2  loss=nan  (0.1s)
Round   92/100  coverage=0.3174  prec@K=0.0022  accepted=4  loss=nan  (0.0s)
Round   93/100  coverage=0.3174  prec@K=0.0000  accepted=0  loss=nan  (0.0s)
Round   94/100  coverage=0.3174  prec@K=0.0006  accepted=1  loss=nan  (0.0s)
Round   95/100  coverage=0.3175  prec@K=0.0006  accepted=1  loss=nan  (0.0s)
Round   96/100  coverage=0.3175  prec@K=0.0000  accepted=0  loss=nan  (0.0s)
Round   97/100  coverage=0.3176  prec@K=0.0011  accepted=2  loss=nan  (0.0s)
Round   98/100  coverage=0.3176  prec@K=0.0006  accepted=1  loss=nan  (0.0s)
Round   99/100  coverage=0.3177  prec@K=0.0011  accepted=2  loss=nan  (0.1s)
Round  100/100  coverage=0.3178  prec@K=0.0011  accepted=2  loss=nan  (0.1s)

˝áąűŇŃĐ´Čë results\online\selector_sweep_college_msg\composite_cn/rounds.csv
