C:\conda\envs\gnn\lib\site-packages\requests\__init__.py:86: RequestsDependencyWarning: Unable to find acceptable character detection dependency (chardet or charset_normalizer).
  warnings.warn(
C:\conda\envs\gnn\lib\site-packages\outdated\__init__.py:36: UserWarning: pkg_resources is deprecated as an API. See https://setuptools.pypa.io/en/latest/pkg_resources.html. The pkg_resources package is slated for removal as early as 2025-11-30. Refrain from using this package or pin to Setuptools<81.
  from pkg_resources import parse_version
Round    1/100  coverage=0.2567  prec@K=0.0766  accepted=136  loss=nan  (0.1s)
Round    2/100  coverage=0.2626  prec@K=0.0683  accepted=120  loss=nan  (0.0s)
Round    3/100  coverage=0.2679  prec@K=0.0601  accepted=108  loss=nan  (0.0s)
Round    4/100  coverage=0.2737  prec@K=0.0664  accepted=117  loss=nan  (0.0s)
Round    5/100  coverage=0.2810  prec@K=0.0821  accepted=148  loss=nan  (0.0s)
Round    6/100  coverage=0.2870  prec@K=0.0681  accepted=121  loss=nan  (0.0s)
Round    7/100  coverage=0.2915  prec@K=0.0514  accepted=92  loss=nan  (0.0s)
Round    8/100  coverage=0.2975  prec@K=0.0684  accepted=123  loss=nan  (0.0s)
Round    9/100  coverage=0.3023  prec@K=0.0570  accepted=97  loss=nan  (0.0s)
Round   10/100  coverage=0.3076  prec@K=0.0604  accepted=108  loss=nan  (0.1s)
Round   11/100  coverage=0.3142  prec@K=0.0746  accepted=134  loss=nan  (0.1s)
Round   12/100  coverage=0.3205  prec@K=0.0723  accepted=127  loss=nan  (0.1s)
Round   13/100  coverage=0.3247  prec@K=0.0495  accepted=86  loss=nan  (0.1s)
Round   14/100  coverage=0.3301  prec@K=0.0621  accepted=109  loss=nan  (0.1s)
Round   15/100  coverage=0.3341  prec@K=0.0459  accepted=80  loss=nan  (0.1s)
Round   16/100  coverage=0.3384  prec@K=0.0495  accepted=88  loss=nan  (0.1s)
Round   17/100  coverage=0.3433  prec@K=0.0554  accepted=99  loss=nan  (0.1s)
Round   18/100  coverage=0.3477  prec@K=0.0491  accepted=89  loss=nan  (0.1s)
Round   19/100  coverage=0.3521  prec@K=0.0502  accepted=90  loss=nan  (0.1s)
Round   20/100  coverage=0.3572  prec@K=0.0576  accepted=103  loss=nan  (0.1s)
Round   21/100  coverage=0.3596  prec@K=0.0288  accepted=50  loss=nan  (0.1s)
Round   22/100  coverage=0.3633  prec@K=0.0411  accepted=74  loss=nan  (0.1s)
Round   23/100  coverage=0.3679  prec@K=0.0539  accepted=94  loss=nan  (0.1s)
Round   24/100  coverage=0.3711  prec@K=0.0369  accepted=64  loss=nan  (0.1s)
Round   25/100  coverage=0.3740  prec@K=0.0338  accepted=59  loss=nan  (0.1s)
Round   26/100  coverage=0.3771  prec@K=0.0359  accepted=64  loss=nan  (0.1s)
Round   27/100  coverage=0.3798  prec@K=0.0306  accepted=54  loss=nan  (0.1s)
Round   28/100  coverage=0.3835  prec@K=0.0425  accepted=75  loss=nan  (0.1s)
Round   29/100  coverage=0.3869  prec@K=0.0391  accepted=69  loss=nan  (0.1s)
Round   30/100  coverage=0.3896  prec@K=0.0313  accepted=55  loss=nan  (0.1s)
Round   31/100  coverage=0.3937  prec@K=0.0479  accepted=84  loss=nan  (0.2s)
Round   32/100  coverage=0.3959  prec@K=0.0253  accepted=45  loss=nan  (0.1s)
Round   33/100  coverage=0.4002  prec@K=0.0482  accepted=86  loss=nan  (0.1s)
Round   34/100  coverage=0.4037  prec@K=0.0397  accepted=71  loss=nan  (0.1s)
Round   35/100  coverage=0.4064  prec@K=0.0321  accepted=56  loss=nan  (0.1s)
Round   36/100  coverage=0.4103  prec@K=0.0437  accepted=78  loss=nan  (0.1s)
Round   37/100  coverage=0.4134  prec@K=0.0367  accepted=64  loss=nan  (0.1s)
Round   38/100  coverage=0.4157  prec@K=0.0266  accepted=46  loss=nan  (0.1s)
Round   39/100  coverage=0.4182  prec@K=0.0293  accepted=51  loss=nan  (0.1s)
Round   40/100  coverage=0.4198  prec@K=0.0179  accepted=32  loss=nan  (0.2s)
Round   41/100  coverage=0.4218  prec@K=0.0224  accepted=40  loss=nan  (0.2s)
Round   42/100  coverage=0.4245  prec@K=0.0317  accepted=56  loss=nan  (0.1s)
Round   43/100  coverage=0.4267  prec@K=0.0252  accepted=45  loss=nan  (0.1s)
Round   44/100  coverage=0.4305  prec@K=0.0447  accepted=77  loss=nan  (0.1s)
Round   45/100  coverage=0.4334  prec@K=0.0326  accepted=58  loss=nan  (0.1s)
Round   46/100  coverage=0.4355  prec@K=0.0249  accepted=43  loss=nan  (0.2s)
Round   47/100  coverage=0.4376  prec@K=0.0244  accepted=43  loss=nan  (0.2s)
Round   48/100  coverage=0.4402  prec@K=0.0295  accepted=53  loss=nan  (0.2s)
Round   49/100  coverage=0.4423  prec@K=0.0229  accepted=41  loss=nan  (0.2s)
Round   50/100  coverage=0.4447  prec@K=0.0276  accepted=49  loss=nan  (0.2s)
Round   51/100  coverage=0.4471  prec@K=0.0270  accepted=49  loss=nan  (0.2s)
Round   52/100  coverage=0.4492  prec@K=0.0243  accepted=42  loss=nan  (0.2s)
Round   53/100  coverage=0.4519  prec@K=0.0313  accepted=55  loss=nan  (0.1s)
Round   54/100  coverage=0.4536  prec@K=0.0207  accepted=36  loss=nan  (0.1s)
Round   55/100  coverage=0.4555  prec@K=0.0217  accepted=37  loss=nan  (0.2s)
Round   56/100  coverage=0.4572  prec@K=0.0196  accepted=35  loss=nan  (0.2s)
Round   57/100  coverage=0.4592  prec@K=0.0227  accepted=40  loss=nan  (0.2s)
Round   58/100  coverage=0.4615  prec@K=0.0259  accepted=47  loss=nan  (0.2s)
Round   59/100  coverage=0.4639  prec@K=0.0283  accepted=49  loss=nan  (0.2s)
Round   60/100  coverage=0.4657  prec@K=0.0213  accepted=37  loss=nan  (0.2s)
Round   61/100  coverage=0.4670  prec@K=0.0155  accepted=27  loss=nan  (0.3s)
Round   62/100  coverage=0.4685  prec@K=0.0173  accepted=30  loss=nan  (0.2s)
Round   63/100  coverage=0.4698  prec@K=0.0154  accepted=27  loss=nan  (0.2s)
Round   64/100  coverage=0.4725  prec@K=0.0308  accepted=54  loss=nan  (0.2s)
Round   65/100  coverage=0.4738  prec@K=0.0151  accepted=26  loss=nan  (0.2s)
Round   66/100  coverage=0.4752  prec@K=0.0158  accepted=28  loss=nan  (0.2s)
Round   67/100  coverage=0.4771  prec@K=0.0224  accepted=40  loss=nan  (0.2s)
Round   68/100  coverage=0.4782  prec@K=0.0115  accepted=21  loss=nan  (0.2s)
Round   69/100  coverage=0.4801  prec@K=0.0228  accepted=40  loss=nan  (0.2s)
Round   70/100  coverage=0.4815  prec@K=0.0155  accepted=27  loss=nan  (0.2s)
Round   71/100  coverage=0.4831  prec@K=0.0181  accepted=32  loss=nan  (0.3s)
Round   72/100  coverage=0.4850  prec@K=0.0226  accepted=40  loss=nan  (0.2s)
Round   73/100  coverage=0.4864  prec@K=0.0152  accepted=27  loss=nan  (0.2s)
Round   74/100  coverage=0.4875  prec@K=0.0135  accepted=24  loss=nan  (0.2s)
Round   75/100  coverage=0.4889  prec@K=0.0158  accepted=28  loss=nan  (0.2s)
Round   76/100  coverage=0.4901  prec@K=0.0137  accepted=24  loss=nan  (0.2s)
Round   77/100  coverage=0.4933  prec@K=0.0374  accepted=65  loss=nan  (0.2s)
Round   78/100  coverage=0.4952  prec@K=0.0219  accepted=39  loss=nan  (0.2s)
Round   79/100  coverage=0.4965  prec@K=0.0148  accepted=26  loss=nan  (0.2s)
Round   80/100  coverage=0.4979  prec@K=0.0165  accepted=29  loss=nan  (0.2s)
Round   81/100  coverage=0.4995  prec@K=0.0180  accepted=32  loss=nan  (0.3s)
Round   82/100  coverage=0.5001  prec@K=0.0065  accepted=12  loss=nan  (0.2s)
Round   83/100  coverage=0.5014  prec@K=0.0152  accepted=27  loss=nan  (0.1s)
Round   84/100  coverage=0.5022  prec@K=0.0085  accepted=15  loss=nan  (0.2s)
Round   85/100  coverage=0.5033  prec@K=0.0132  accepted=23  loss=nan  (0.2s)
Round   86/100  coverage=0.5046  prec@K=0.0155  accepted=26  loss=nan  (0.2s)
Round   87/100  coverage=0.5060  prec@K=0.0165  accepted=29  loss=nan  (0.2s)
Round   88/100  coverage=0.5068  prec@K=0.0091  accepted=16  loss=nan  (0.2s)
Round   89/100  coverage=0.5082  prec@K=0.0165  accepted=29  loss=nan  (0.2s)
Round   90/100  coverage=0.5094  prec@K=0.0131  accepted=23  loss=nan  (0.2s)
Round   91/100  coverage=0.5107  prec@K=0.0155  accepted=27  loss=nan  (0.3s)
Round   92/100  coverage=0.5118  prec@K=0.0128  accepted=23  loss=nan  (0.2s)
Round   93/100  coverage=0.5129  prec@K=0.0118  accepted=21  loss=nan  (0.2s)
Round   94/100  coverage=0.5139  prec@K=0.0119  accepted=21  loss=nan  (0.2s)
Round   95/100  coverage=0.5145  prec@K=0.0069  accepted=12  loss=nan  (0.2s)
Round   96/100  coverage=0.5159  prec@K=0.0165  accepted=29  loss=nan  (0.2s)
Round   97/100  coverage=0.5170  prec@K=0.0130  accepted=22  loss=nan  (0.1s)
Round   98/100  coverage=0.5182  prec@K=0.0138  accepted=25  loss=nan  (0.2s)
Round   99/100  coverage=0.5189  prec@K=0.0081  accepted=14  loss=nan  (0.2s)
Round  100/100  coverage=0.5195  prec@K=0.0069  accepted=12  loss=nan  (0.2s)

˝áąűŇŃĐ´Čë results\online\selector_sweep_college_msg\uniform_ground_truth/rounds.csv
