C:\conda\envs\gnn\lib\site-packages\requests\__init__.py:86: RequestsDependencyWarning: Unable to find acceptable character detection dependency (chardet or charset_normalizer).
  warnings.warn(
C:\conda\envs\gnn\lib\site-packages\outdated\__init__.py:36: UserWarning: pkg_resources is deprecated as an API. See https://setuptools.pypa.io/en/latest/pkg_resources.html. The pkg_resources package is slated for removal as early as 2025-11-30. Refrain from using this package or pin to Setuptools<81.
  from pkg_resources import parse_version
Round    1/100  coverage=0.2510  prec@K=0.0113  accepted=20  loss=nan  (0.1s)
Round    2/100  coverage=0.2522  prec@K=0.0142  accepted=25  loss=nan  (0.0s)
Round    3/100  coverage=0.2532  prec@K=0.0106  accepted=19  loss=nan  (0.0s)
Round    4/100  coverage=0.2540  prec@K=0.0102  accepted=18  loss=nan  (0.0s)
Round    5/100  coverage=0.2552  prec@K=0.0127  accepted=23  loss=nan  (0.0s)
Round    6/100  coverage=0.2564  prec@K=0.0141  accepted=25  loss=nan  (0.0s)
Round    7/100  coverage=0.2573  prec@K=0.0106  accepted=19  loss=nan  (0.0s)
Round    8/100  coverage=0.2584  prec@K=0.0117  accepted=21  loss=nan  (0.0s)
Round    9/100  coverage=0.2593  prec@K=0.0113  accepted=19  loss=nan  (0.0s)
Round   10/100  coverage=0.2600  prec@K=0.0072  accepted=13  loss=nan  (0.1s)
Round   11/100  coverage=0.2612  prec@K=0.0139  accepted=25  loss=nan  (0.1s)
Round   12/100  coverage=0.2625  prec@K=0.0148  accepted=26  loss=nan  (0.1s)
Round   13/100  coverage=0.2633  prec@K=0.0098  accepted=17  loss=nan  (0.1s)
Round   14/100  coverage=0.2649  prec@K=0.0182  accepted=32  loss=nan  (0.1s)
Round   15/100  coverage=0.2656  prec@K=0.0085  accepted=15  loss=nan  (0.1s)
Round   16/100  coverage=0.2663  prec@K=0.0074  accepted=13  loss=nan  (0.1s)
Round   17/100  coverage=0.2671  prec@K=0.0095  accepted=17  loss=nan  (0.1s)
Round   18/100  coverage=0.2679  prec@K=0.0088  accepted=16  loss=nan  (0.1s)
Round   19/100  coverage=0.2690  prec@K=0.0123  accepted=22  loss=nan  (0.1s)
Round   20/100  coverage=0.2698  prec@K=0.0090  accepted=16  loss=nan  (0.1s)
Round   21/100  coverage=0.2704  prec@K=0.0080  accepted=14  loss=nan  (0.1s)
Round   22/100  coverage=0.2710  prec@K=0.0061  accepted=11  loss=nan  (0.1s)
Round   23/100  coverage=0.2717  prec@K=0.0085  accepted=15  loss=nan  (0.1s)
Round   24/100  coverage=0.2725  prec@K=0.0092  accepted=16  loss=nan  (0.1s)
Round   25/100  coverage=0.2733  prec@K=0.0091  accepted=16  loss=nan  (0.1s)
Round   26/100  coverage=0.2740  prec@K=0.0078  accepted=14  loss=nan  (0.1s)
Round   27/100  coverage=0.2746  prec@K=0.0073  accepted=13  loss=nan  (0.1s)
Round   28/100  coverage=0.2756  prec@K=0.0108  accepted=19  loss=nan  (0.1s)
Round   29/100  coverage=0.2764  prec@K=0.0097  accepted=17  loss=nan  (0.1s)
Round   30/100  coverage=0.2773  prec@K=0.0108  accepted=19  loss=nan  (0.1s)
Round   31/100  coverage=0.2785  prec@K=0.0130  accepted=23  loss=nan  (0.2s)
Round   32/100  coverage=0.2791  prec@K=0.0073  accepted=13  loss=nan  (0.1s)
Round   33/100  coverage=0.2801  prec@K=0.0111  accepted=20  loss=nan  (0.1s)
Round   34/100  coverage=0.2806  prec@K=0.0056  accepted=10  loss=nan  (0.1s)
Round   35/100  coverage=0.2809  prec@K=0.0039  accepted=7  loss=nan  (0.1s)
Round   36/100  coverage=0.2816  prec@K=0.0077  accepted=14  loss=nan  (0.1s)
Round   37/100  coverage=0.2824  prec@K=0.0092  accepted=16  loss=nan  (0.1s)
Round   38/100  coverage=0.2831  prec@K=0.0081  accepted=14  loss=nan  (0.1s)
Round   39/100  coverage=0.2837  prec@K=0.0062  accepted=11  loss=nan  (0.2s)
Round   40/100  coverage=0.2843  prec@K=0.0078  accepted=14  loss=nan  (0.2s)
Round   41/100  coverage=0.2848  prec@K=0.0050  accepted=9  loss=nan  (0.2s)
Round   42/100  coverage=0.2853  prec@K=0.0062  accepted=11  loss=nan  (0.2s)
Round   43/100  coverage=0.2862  prec@K=0.0096  accepted=17  loss=nan  (0.2s)
Round   44/100  coverage=0.2869  prec@K=0.0084  accepted=15  loss=nan  (0.2s)
Round   45/100  coverage=0.2875  prec@K=0.0068  accepted=12  loss=nan  (0.2s)
Round   46/100  coverage=0.2883  prec@K=0.0091  accepted=16  loss=nan  (0.2s)
Round   47/100  coverage=0.2889  prec@K=0.0068  accepted=12  loss=nan  (0.2s)
Round   48/100  coverage=0.2896  prec@K=0.0084  accepted=15  loss=nan  (0.2s)
Round   49/100  coverage=0.2901  prec@K=0.0051  accepted=9  loss=nan  (0.2s)
Round   50/100  coverage=0.2909  prec@K=0.0102  accepted=18  loss=nan  (0.2s)
Round   51/100  coverage=0.2916  prec@K=0.0078  accepted=14  loss=nan  (0.2s)
Round   52/100  coverage=0.2922  prec@K=0.0064  accepted=11  loss=nan  (0.2s)
Round   53/100  coverage=0.2929  prec@K=0.0080  accepted=14  loss=nan  (0.2s)
Round   54/100  coverage=0.2938  prec@K=0.0103  accepted=18  loss=nan  (0.2s)
Round   55/100  coverage=0.2946  prec@K=0.0097  accepted=17  loss=nan  (0.2s)
Round   56/100  coverage=0.2950  prec@K=0.0050  accepted=9  loss=nan  (0.2s)
Round   57/100  coverage=0.2956  prec@K=0.0062  accepted=11  loss=nan  (0.2s)
Round   58/100  coverage=0.2959  prec@K=0.0034  accepted=6  loss=nan  (0.2s)
Round   59/100  coverage=0.2966  prec@K=0.0082  accepted=14  loss=nan  (0.2s)
Round   60/100  coverage=0.2968  prec@K=0.0028  accepted=5  loss=nan  (0.2s)
Round   61/100  coverage=0.2974  prec@K=0.0067  accepted=12  loss=nan  (0.2s)
Round   62/100  coverage=0.2981  prec@K=0.0085  accepted=15  loss=nan  (0.2s)
Round   63/100  coverage=0.2987  prec@K=0.0069  accepted=12  loss=nan  (0.2s)
Round   64/100  coverage=0.2992  prec@K=0.0056  accepted=10  loss=nan  (0.2s)
Round   65/100  coverage=0.2999  prec@K=0.0075  accepted=13  loss=nan  (0.2s)
Round   66/100  coverage=0.3004  prec@K=0.0062  accepted=11  loss=nan  (0.2s)
Round   67/100  coverage=0.3008  prec@K=0.0051  accepted=9  loss=nan  (0.2s)
Round   68/100  coverage=0.3013  prec@K=0.0055  accepted=10  loss=nan  (0.2s)
Round   69/100  coverage=0.3018  prec@K=0.0055  accepted=10  loss=nan  (0.2s)
Round   70/100  coverage=0.3024  prec@K=0.0064  accepted=11  loss=nan  (0.2s)
Round   71/100  coverage=0.3028  prec@K=0.0051  accepted=9  loss=nan  (0.2s)
Round   72/100  coverage=0.3035  prec@K=0.0074  accepted=13  loss=nan  (0.2s)
Round   73/100  coverage=0.3038  prec@K=0.0039  accepted=7  loss=nan  (0.2s)
Round   74/100  coverage=0.3045  prec@K=0.0084  accepted=15  loss=nan  (0.2s)
Round   75/100  coverage=0.3050  prec@K=0.0056  accepted=10  loss=nan  (0.2s)
Round   76/100  coverage=0.3057  prec@K=0.0080  accepted=14  loss=nan  (0.2s)
Round   77/100  coverage=0.3068  prec@K=0.0120  accepted=21  loss=nan  (0.2s)
Round   78/100  coverage=0.3072  prec@K=0.0045  accepted=8  loss=nan  (0.2s)
Round   79/100  coverage=0.3078  prec@K=0.0073  accepted=13  loss=nan  (0.2s)
Round   80/100  coverage=0.3088  prec@K=0.0112  accepted=20  loss=nan  (0.2s)
Round   81/100  coverage=0.3096  prec@K=0.0089  accepted=16  loss=nan  (0.3s)
Round   82/100  coverage=0.3101  prec@K=0.0054  accepted=10  loss=nan  (0.2s)
Round   83/100  coverage=0.3108  prec@K=0.0083  accepted=15  loss=nan  (0.2s)
Round   84/100  coverage=0.3112  prec@K=0.0051  accepted=9  loss=nan  (0.2s)
Round   85/100  coverage=0.3119  prec@K=0.0074  accepted=13  loss=nan  (0.2s)
Round   86/100  coverage=0.3126  prec@K=0.0086  accepted=15  loss=nan  (0.2s)
Round   87/100  coverage=0.3130  prec@K=0.0040  accepted=7  loss=nan  (0.2s)
Round   88/100  coverage=0.3133  prec@K=0.0039  accepted=7  loss=nan  (0.2s)
Round   89/100  coverage=0.3139  prec@K=0.0067  accepted=12  loss=nan  (0.2s)
Round   90/100  coverage=0.3143  prec@K=0.0046  accepted=8  loss=nan  (0.2s)
Round   91/100  coverage=0.3151  prec@K=0.0095  accepted=17  loss=nan  (0.3s)
Round   92/100  coverage=0.3156  prec@K=0.0049  accepted=9  loss=nan  (0.2s)
Round   93/100  coverage=0.3160  prec@K=0.0045  accepted=8  loss=nan  (0.2s)
Round   94/100  coverage=0.3165  prec@K=0.0056  accepted=10  loss=nan  (0.2s)
Round   95/100  coverage=0.3169  prec@K=0.0046  accepted=8  loss=nan  (0.2s)
Round   96/100  coverage=0.3176  prec@K=0.0085  accepted=15  loss=nan  (0.2s)
Round   97/100  coverage=0.3180  prec@K=0.0052  accepted=9  loss=nan  (0.2s)
Round   98/100  coverage=0.3187  prec@K=0.0077  accepted=14  loss=nan  (0.2s)
Round   99/100  coverage=0.3192  prec@K=0.0050  accepted=9  loss=nan  (0.2s)
Round  100/100  coverage=0.3195  prec@K=0.0034  accepted=6  loss=nan  (0.2s)

˝áąűŇŃĐ´Čë results\online\selector_sweep_college_msg\uniform_random/rounds.csv
