C:\conda\envs\gnn\lib\site-packages\requests\__init__.py:86: RequestsDependencyWarning: Unable to find acceptable character detection dependency (chardet or charset_normalizer).
  warnings.warn(
C:\conda\envs\gnn\lib\site-packages\outdated\__init__.py:36: UserWarning: pkg_resources is deprecated as an API. See https://setuptools.pypa.io/en/latest/pkg_resources.html. The pkg_resources package is slated for removal as early as 2025-11-30. Refrain from using this package or pin to Setuptools<81.
  from pkg_resources import parse_version
Round    1/100  coverage=0.2519  prec@K=0.0214  accepted=38  loss=nan  (0.1s)
Round    2/100  coverage=0.2534  prec@K=0.0171  accepted=30  loss=nan  (0.0s)
Round    3/100  coverage=0.2549  prec@K=0.0178  accepted=32  loss=nan  (0.0s)
Round    4/100  coverage=0.2562  prec@K=0.0148  accepted=26  loss=nan  (0.0s)
Round    5/100  coverage=0.2576  prec@K=0.0155  accepted=28  loss=nan  (0.0s)
Round    6/100  coverage=0.2590  prec@K=0.0158  accepted=28  loss=nan  (0.0s)
Round    7/100  coverage=0.2602  prec@K=0.0140  accepted=25  loss=nan  (0.1s)
Round    8/100  coverage=0.2615  prec@K=0.0145  accepted=26  loss=nan  (0.1s)
Round    9/100  coverage=0.2629  prec@K=0.0171  accepted=29  loss=nan  (0.1s)
Round   10/100  coverage=0.2643  prec@K=0.0161  accepted=29  loss=nan  (0.1s)
Round   11/100  coverage=0.2655  prec@K=0.0127  accepted=23  loss=nan  (0.1s)
Round   12/100  coverage=0.2668  prec@K=0.0153  accepted=27  loss=nan  (0.1s)
Round   13/100  coverage=0.2678  prec@K=0.0115  accepted=20  loss=nan  (0.1s)
Round   14/100  coverage=0.2690  prec@K=0.0137  accepted=24  loss=nan  (0.1s)
Round   15/100  coverage=0.2700  prec@K=0.0114  accepted=20  loss=nan  (0.1s)
Round   16/100  coverage=0.2708  prec@K=0.0102  accepted=18  loss=nan  (0.1s)
Round   17/100  coverage=0.2717  prec@K=0.0101  accepted=18  loss=nan  (0.1s)
Round   18/100  coverage=0.2727  prec@K=0.0109  accepted=20  loss=nan  (0.1s)
Round   19/100  coverage=0.2736  prec@K=0.0106  accepted=19  loss=nan  (0.1s)
Round   20/100  coverage=0.2747  prec@K=0.0116  accepted=21  loss=nan  (0.1s)
Round   21/100  coverage=0.2755  prec@K=0.0091  accepted=16  loss=nan  (0.1s)
Round   22/100  coverage=0.2762  prec@K=0.0078  accepted=14  loss=nan  (0.1s)
Round   23/100  coverage=0.2772  prec@K=0.0123  accepted=22  loss=nan  (0.1s)
Round   24/100  coverage=0.2779  prec@K=0.0075  accepted=13  loss=nan  (0.1s)
Round   25/100  coverage=0.2783  prec@K=0.0046  accepted=8  loss=nan  (0.1s)
Round   26/100  coverage=0.2787  prec@K=0.0045  accepted=8  loss=nan  (0.1s)
Round   27/100  coverage=0.2792  prec@K=0.0056  accepted=10  loss=nan  (0.1s)
Round   28/100  coverage=0.2799  prec@K=0.0078  accepted=14  loss=nan  (0.1s)
Round   29/100  coverage=0.2805  prec@K=0.0079  accepted=14  loss=nan  (0.1s)
Round   30/100  coverage=0.2813  prec@K=0.0091  accepted=16  loss=nan  (0.1s)
Round   31/100  coverage=0.2819  prec@K=0.0062  accepted=11  loss=nan  (0.2s)
Round   32/100  coverage=0.2824  prec@K=0.0056  accepted=10  loss=nan  (0.1s)
Round   33/100  coverage=0.2835  prec@K=0.0123  accepted=22  loss=nan  (0.1s)
Round   34/100  coverage=0.2839  prec@K=0.0050  accepted=9  loss=nan  (0.1s)
Round   35/100  coverage=0.2845  prec@K=0.0068  accepted=12  loss=nan  (0.1s)
Round   36/100  coverage=0.2851  prec@K=0.0066  accepted=12  loss=nan  (0.1s)
Round   37/100  coverage=0.2855  prec@K=0.0051  accepted=9  loss=nan  (0.1s)
Round   38/100  coverage=0.2861  prec@K=0.0069  accepted=12  loss=nan  (0.1s)
Round   39/100  coverage=0.2869  prec@K=0.0090  accepted=16  loss=nan  (0.2s)
Round   40/100  coverage=0.2871  prec@K=0.0023  accepted=4  loss=nan  (0.2s)
Round   41/100  coverage=0.2876  prec@K=0.0056  accepted=10  loss=nan  (0.2s)
Round   42/100  coverage=0.2882  prec@K=0.0067  accepted=12  loss=nan  (0.2s)
Round   43/100  coverage=0.2885  prec@K=0.0034  accepted=6  loss=nan  (0.2s)
Round   44/100  coverage=0.2888  prec@K=0.0039  accepted=7  loss=nan  (0.2s)
Round   45/100  coverage=0.2897  prec@K=0.0096  accepted=17  loss=nan  (0.2s)
Round   46/100  coverage=0.2898  prec@K=0.0017  accepted=3  loss=nan  (0.2s)
Round   47/100  coverage=0.2901  prec@K=0.0028  accepted=5  loss=nan  (0.2s)
Round   48/100  coverage=0.2904  prec@K=0.0039  accepted=7  loss=nan  (0.2s)
Round   49/100  coverage=0.2907  prec@K=0.0039  accepted=7  loss=nan  (0.2s)
Round   50/100  coverage=0.2913  prec@K=0.0068  accepted=12  loss=nan  (0.2s)
Round   51/100  coverage=0.2921  prec@K=0.0089  accepted=16  loss=nan  (0.2s)
Round   52/100  coverage=0.2923  prec@K=0.0017  accepted=3  loss=nan  (0.2s)
Round   53/100  coverage=0.2930  prec@K=0.0080  accepted=14  loss=nan  (0.2s)
Round   54/100  coverage=0.2934  prec@K=0.0052  accepted=9  loss=nan  (0.2s)
Round   55/100  coverage=0.2939  prec@K=0.0057  accepted=10  loss=nan  (0.2s)
Round   56/100  coverage=0.2942  prec@K=0.0039  accepted=7  loss=nan  (0.2s)
Round   57/100  coverage=0.2947  prec@K=0.0056  accepted=10  loss=nan  (0.2s)
Round   58/100  coverage=0.2951  prec@K=0.0045  accepted=8  loss=nan  (0.2s)
Round   59/100  coverage=0.2956  prec@K=0.0058  accepted=10  loss=nan  (0.2s)
Round   60/100  coverage=0.2960  prec@K=0.0039  accepted=7  loss=nan  (0.2s)
Round   61/100  coverage=0.2963  prec@K=0.0034  accepted=6  loss=nan  (0.2s)
Round   62/100  coverage=0.2967  prec@K=0.0045  accepted=8  loss=nan  (0.2s)
Round   63/100  coverage=0.2971  prec@K=0.0045  accepted=8  loss=nan  (0.2s)
Round   64/100  coverage=0.2971  prec@K=0.0000  accepted=0  loss=nan  (0.2s)
Round   65/100  coverage=0.2974  prec@K=0.0046  accepted=8  loss=nan  (0.2s)
Round   66/100  coverage=0.2976  prec@K=0.0023  accepted=4  loss=nan  (0.2s)
Round   67/100  coverage=0.2979  prec@K=0.0028  accepted=5  loss=nan  (0.2s)
Round   68/100  coverage=0.2981  prec@K=0.0022  accepted=4  loss=nan  (0.2s)
Round   69/100  coverage=0.2985  prec@K=0.0044  accepted=8  loss=nan  (0.2s)
Round   70/100  coverage=0.2991  prec@K=0.0069  accepted=12  loss=nan  (0.2s)
Round   71/100  coverage=0.2995  prec@K=0.0050  accepted=9  loss=nan  (0.2s)
Round   72/100  coverage=0.2996  prec@K=0.0011  accepted=2  loss=nan  (0.2s)
Round   73/100  coverage=0.2999  prec@K=0.0034  accepted=6  loss=nan  (0.2s)
Round   74/100  coverage=0.3001  prec@K=0.0022  accepted=4  loss=nan  (0.2s)
Round   75/100  coverage=0.3005  prec@K=0.0040  accepted=7  loss=nan  (0.2s)
Round   76/100  coverage=0.3007  prec@K=0.0034  accepted=6  loss=nan  (0.2s)
Round   77/100  coverage=0.3012  prec@K=0.0051  accepted=9  loss=nan  (0.2s)
Round   78/100  coverage=0.3014  prec@K=0.0028  accepted=5  loss=nan  (0.2s)
Round   79/100  coverage=0.3015  prec@K=0.0006  accepted=1  loss=nan  (0.2s)
Round   80/100  coverage=0.3020  prec@K=0.0056  accepted=10  loss=nan  (0.2s)
Round   81/100  coverage=0.3020  prec@K=0.0006  accepted=1  loss=nan  (0.3s)
Round   82/100  coverage=0.3022  prec@K=0.0022  accepted=4  loss=nan  (0.2s)
Round   83/100  coverage=0.3026  prec@K=0.0039  accepted=7  loss=nan  (0.2s)
Round   84/100  coverage=0.3027  prec@K=0.0017  accepted=3  loss=nan  (0.2s)
Round   85/100  coverage=0.3031  prec@K=0.0045  accepted=8  loss=nan  (0.2s)
Round   86/100  coverage=0.3034  prec@K=0.0035  accepted=6  loss=nan  (0.2s)
Round   87/100  coverage=0.3037  prec@K=0.0028  accepted=5  loss=nan  (0.2s)
Round   88/100  coverage=0.3037  prec@K=0.0006  accepted=1  loss=nan  (0.2s)
Round   89/100  coverage=0.3041  prec@K=0.0039  accepted=7  loss=nan  (0.2s)
Round   90/100  coverage=0.3043  prec@K=0.0029  accepted=5  loss=nan  (0.2s)
Round   91/100  coverage=0.3046  prec@K=0.0039  accepted=7  loss=nan  (0.3s)
Round   92/100  coverage=0.3048  prec@K=0.0022  accepted=4  loss=nan  (0.2s)
Round   93/100  coverage=0.3051  prec@K=0.0028  accepted=5  loss=nan  (0.2s)
Round   94/100  coverage=0.3056  prec@K=0.0056  accepted=10  loss=nan  (0.2s)
Round   95/100  coverage=0.3058  prec@K=0.0023  accepted=4  loss=nan  (0.2s)
Round   96/100  coverage=0.3059  prec@K=0.0017  accepted=3  loss=nan  (0.2s)
Round   97/100  coverage=0.3060  prec@K=0.0012  accepted=2  loss=nan  (0.2s)
Round   98/100  coverage=0.3062  prec@K=0.0022  accepted=4  loss=nan  (0.2s)
Round   99/100  coverage=0.3065  prec@K=0.0033  accepted=6  loss=nan  (0.2s)
Round  100/100  coverage=0.3066  prec@K=0.0006  accepted=1  loss=nan  (0.2s)

˝áąűŇŃĐ´Čë results\online\selector_sweep_college_msg\uniform_aa/rounds.csv
