C:\conda\envs\gnn\lib\site-packages\requests\__init__.py:86: RequestsDependencyWarning: Unable to find acceptable character detection dependency (chardet or charset_normalizer).
  warnings.warn(
C:\conda\envs\gnn\lib\site-packages\outdated\__init__.py:36: UserWarning: pkg_resources is deprecated as an API. See https://setuptools.pypa.io/en/latest/pkg_resources.html. The pkg_resources package is slated for removal as early as 2025-11-30. Refrain from using this package or pin to Setuptools<81.
  from pkg_resources import parse_version
Round    1/30  coverage=0.2500  prec@K=0.0000  accepted=0  loss=0.6731  (1.1s)
Round    2/30  coverage=0.2500  prec@K=0.0004  accepted=1  loss=0.6646  (0.6s)
Round    3/30  coverage=0.2500  prec@K=0.0000  accepted=0  loss=0.6435  (0.6s)
Round    4/30  coverage=0.2500  prec@K=0.0004  accepted=1  loss=0.6169  (0.7s)
Round    5/30  coverage=0.2500  prec@K=0.0000  accepted=0  loss=0.5891  (0.7s)
Round    6/30  coverage=0.2500  prec@K=0.0000  accepted=0  loss=0.5557  (0.7s)
Round    7/30  coverage=0.2500  prec@K=0.0004  accepted=1  loss=0.5250  (0.8s)
Round    8/30  coverage=0.2500  prec@K=0.0000  accepted=0  loss=0.4887  (0.8s)
Round    9/30  coverage=0.2500  prec@K=0.0007  accepted=2  loss=0.4538  (0.8s)
Round   10/30  coverage=0.2501  prec@K=0.0004  accepted=1  loss=0.4195  (0.9s)
Round   11/30  coverage=0.2501  prec@K=0.0004  accepted=1  loss=0.3854  (1.1s)
Round   12/30  coverage=0.2501  prec@K=0.0004  accepted=1  loss=0.3524  (0.9s)
Round   13/30  coverage=0.2501  prec@K=0.0007  accepted=2  loss=0.3243  (1.0s)
Round   14/30  coverage=0.2501  prec@K=0.0007  accepted=2  loss=0.2950  (1.0s)
Round   15/30  coverage=0.2501  prec@K=0.0004  accepted=1  loss=0.2638  (1.0s)
Round   16/30  coverage=0.2502  prec@K=0.0004  accepted=1  loss=0.2396  (1.1s)
Round   17/30  coverage=0.2502  prec@K=0.0000  accepted=0  loss=0.2130  (1.2s)
Round   18/30  coverage=0.2502  prec@K=0.0000  accepted=0  loss=0.1919  (1.1s)
Round   19/30  coverage=0.2502  prec@K=0.0011  accepted=3  loss=0.1875  (1.1s)
Round   20/30  coverage=0.2502  prec@K=0.0000  accepted=0  loss=0.1626  (1.1s)
Round   21/30  coverage=0.2502  prec@K=0.0000  accepted=0  loss=0.1506  (1.3s)
Round   22/30  coverage=0.2502  prec@K=0.0000  accepted=0  loss=0.1381  (1.1s)
Round   23/30  coverage=0.2502  prec@K=0.0004  accepted=1  loss=0.1353  (1.2s)
Round   24/30  coverage=0.2502  prec@K=0.0000  accepted=0  loss=0.1259  (1.2s)
Round   25/30  coverage=0.2502  prec@K=0.0004  accepted=1  loss=0.1267  (1.3s)
Round   26/30  coverage=0.2502  prec@K=0.0000  accepted=0  loss=0.1148  (1.3s)
Round   27/30  coverage=0.2502  prec@K=0.0004  accepted=1  loss=0.1221  (1.3s)
Round   28/30  coverage=0.2502  prec@K=0.0004  accepted=1  loss=0.1187  (1.3s)
Round   29/30  coverage=0.2502  prec@K=0.0000  accepted=0  loss=0.1122  (1.4s)
Round   30/30  coverage=0.2502  prec@K=0.0000  accepted=0  loss=0.1114  (1.4s)

结果已写入 results\online\algo_sweep_digg_v2\digg_gnn_concat/rounds.csv
