C:\conda\envs\gnn\lib\site-packages\requests\__init__.py:86: RequestsDependencyWarning: Unable to find acceptable character detection dependency (chardet or charset_normalizer).
  warnings.warn(
C:\conda\envs\gnn\lib\site-packages\outdated\__init__.py:36: UserWarning: pkg_resources is deprecated as an API. See https://setuptools.pypa.io/en/latest/pkg_resources.html. The pkg_resources package is slated for removal as early as 2025-11-30. Refrain from using this package or pin to Setuptools<81.
  from pkg_resources import parse_version
Round    1/30  coverage=0.4000  prec@K=0.0007  accepted=12  loss=0.7750  (29.7s)
Round    2/30  coverage=0.4000  prec@K=0.0006  accepted=10  loss=0.7717  (20.2s)
Round    3/30  coverage=0.4000  prec@K=0.0008  accepted=15  loss=0.7647  (28.1s)
Round    4/30  coverage=0.4001  prec@K=0.0010  accepted=17  loss=0.7545  (50.2s)
Round    5/30  coverage=0.4001  prec@K=0.0006  accepted=10  loss=0.7426  (38.7s)
Round    6/30  coverage=0.4001  prec@K=0.0007  accepted=13  loss=0.7305  (44.7s)
Round    7/30  coverage=0.4001  prec@K=0.0008  accepted=15  loss=0.7200  (50.8s)
Round    8/30  coverage=0.4001  prec@K=0.0006  accepted=10  loss=0.7083  (50.5s)
Round    9/30  coverage=0.4001  prec@K=0.0008  accepted=15  loss=0.6958  (55.6s)
Round   10/30  coverage=0.4001  prec@K=0.0006  accepted=11  loss=0.6829  (57.1s)
Round   11/30  coverage=0.4002  prec@K=0.0004  accepted=8  loss=0.6699  (72.8s)
Round   12/30  coverage=0.4002  prec@K=0.0010  accepted=18  loss=0.6556  (67.1s)
Round   13/30  coverage=0.4002  prec@K=0.0005  accepted=9  loss=0.6423  (67.4s)
Round   14/30  coverage=0.4002  prec@K=0.0007  accepted=13  loss=0.6285  (112.6s)
Round   15/30  coverage=0.4002  prec@K=0.0009  accepted=16  loss=0.6160  (74.1s)
Round   16/30  coverage=0.4002  prec@K=0.0003  accepted=6  loss=0.6029  (78.4s)
Round   17/30  coverage=0.4002  prec@K=0.0004  accepted=7  loss=0.5913  (84.2s)
Round   18/30  coverage=0.4002  prec@K=0.0005  accepted=9  loss=0.5803  (87.0s)
Round   19/30  coverage=0.4003  prec@K=0.0003  accepted=6  loss=0.5692  (91.0s)
Round   20/30  coverage=0.4003  prec@K=0.0004  accepted=7  loss=0.5580  (93.3s)
Round   21/30  coverage=0.4003  prec@K=0.0005  accepted=9  loss=0.5529  (106.7s)
Round   22/30  coverage=0.4003  prec@K=0.0004  accepted=7  loss=0.5444  (105.6s)
Round   23/30  coverage=0.4003  prec@K=0.0004  accepted=7  loss=0.5375  (131.4s)
Round   24/30  coverage=0.4003  prec@K=0.0004  accepted=7  loss=0.5326  (114.5s)
Round   25/30  coverage=0.4003  prec@K=0.0004  accepted=8  loss=0.5310  (113.0s)
Round   26/30  coverage=0.4003  prec@K=0.0003  accepted=6  loss=0.5267  (115.2s)
Round   27/30  coverage=0.4003  prec@K=0.0003  accepted=5  loss=0.5251  (116.3s)
Round   28/30  coverage=0.4003  prec@K=0.0003  accepted=6  loss=0.5222  (122.2s)
Round   29/30  coverage=0.4003  prec@K=0.0004  accepted=7  loss=0.5217  (141.5s)
Round   30/30  coverage=0.4003  prec@K=0.0003  accepted=6  loss=0.5213  (157.1s)

结果已写入 results\online\algo_sweep_sx_superuser_v2_ir40_s42\sx_superuser_gnn_h32/rounds.csv
