C:\conda\envs\gnn\lib\site-packages\requests\__init__.py:86: RequestsDependencyWarning: Unable to find acceptable character detection dependency (chardet or charset_normalizer).
  warnings.warn(
C:\conda\envs\gnn\lib\site-packages\outdated\__init__.py:36: UserWarning: pkg_resources is deprecated as an API. See https://setuptools.pypa.io/en/latest/pkg_resources.html. The pkg_resources package is slated for removal as early as 2025-11-30. Refrain from using this package or pin to Setuptools<81.
  from pkg_resources import parse_version
Round    1/30  coverage=0.4006  prec@K=0.0071  accepted=13  loss=0.8297  (1.4s)
Round    2/30  coverage=0.4014  prec@K=0.0082  accepted=15  loss=0.8287  (1.4s)
Round    3/30  coverage=0.4023  prec@K=0.0105  accepted=19  loss=0.8270  (2.1s)
Round    4/30  coverage=0.4041  prec@K=0.0205  accepted=37  loss=0.8219  (1.7s)
Round    5/30  coverage=0.4060  prec@K=0.0211  accepted=39  loss=0.8203  (2.7s)
Round    6/30  coverage=0.4080  prec@K=0.0214  accepted=39  loss=0.8179  (2.2s)
Round    7/30  coverage=0.4099  prec@K=0.0210  accepted=39  loss=0.8160  (3.2s)
Round    8/30  coverage=0.4110  prec@K=0.0122  accepted=22  loss=0.8168  (1.8s)
Round    9/30  coverage=0.4124  prec@K=0.0160  accepted=29  loss=0.8127  (2.5s)
Round   10/30  coverage=0.4141  prec@K=0.0191  accepted=35  loss=0.8091  (2.8s)
Round   11/30  coverage=0.4156  prec@K=0.0163  accepted=30  loss=0.8082  (2.0s)
Round   12/30  coverage=0.4165  prec@K=0.0100  accepted=18  loss=0.8080  (2.8s)
Round   13/30  coverage=0.4178  prec@K=0.0150  accepted=27  loss=0.8039  (1.8s)
Round   14/30  coverage=0.4188  prec@K=0.0110  accepted=20  loss=0.8028  (3.5s)
Round   15/30  coverage=0.4195  prec@K=0.0081  accepted=15  loss=0.8014  (2.1s)
Round   16/30  coverage=0.4204  prec@K=0.0094  accepted=17  loss=0.7994  (5.2s)
Round   17/30  coverage=0.4213  prec@K=0.0100  accepted=18  loss=0.7968  (3.5s)
Round   18/30  coverage=0.4222  prec@K=0.0105  accepted=19  loss=0.7952  (1.8s)
Round   19/30  coverage=0.4230  prec@K=0.0093  accepted=17  loss=0.7934  (2.7s)
Round   20/30  coverage=0.4237  prec@K=0.0077  accepted=14  loss=0.7929  (2.3s)
Round   21/30  coverage=0.4245  prec@K=0.0082  accepted=15  loss=0.7910  (3.2s)
Round   22/30  coverage=0.4252  prec@K=0.0075  accepted=14  loss=0.7902  (2.0s)
Round   23/30  coverage=0.4256  prec@K=0.0044  accepted=8  loss=0.7904  (2.7s)
Round   24/30  coverage=0.4263  prec@K=0.0087  accepted=16  loss=0.7882  (2.8s)
Round   25/30  coverage=0.4268  prec@K=0.0055  accepted=10  loss=0.7883  (1.9s)
Round   26/30  coverage=0.4278  prec@K=0.0109  accepted=20  loss=0.7856  (2.9s)
Round   27/30  coverage=0.4285  prec@K=0.0072  accepted=13  loss=0.7871  (2.0s)
Round   28/30  coverage=0.4287  prec@K=0.0028  accepted=5  loss=0.7881  (3.9s)
Round   29/30  coverage=0.4292  prec@K=0.0060  accepted=11  loss=0.7875  (1.9s)
Round   30/30  coverage=0.4299  prec@K=0.0078  accepted=14  loss=0.7864  (2.9s)

结果已写入 results\online\algo_sweep_college_msg_v2_ir40_s3\college_msg_gnn_concat_h8/rounds.csv
