C:\conda\envs\gnn\lib\site-packages\requests\__init__.py:86: RequestsDependencyWarning: Unable to find acceptable character detection dependency (chardet or charset_normalizer).
  warnings.warn(
C:\conda\envs\gnn\lib\site-packages\outdated\__init__.py:36: UserWarning: pkg_resources is deprecated as an API. See https://setuptools.pypa.io/en/latest/pkg_resources.html. The pkg_resources package is slated for removal as early as 2025-11-30. Refrain from using this package or pin to Setuptools<81.
  from pkg_resources import parse_version
Round    1/30  coverage=0.4018  prec@K=0.0201  accepted=37  loss=nan  (0.3s)
Round    2/30  coverage=0.4034  prec@K=0.0176  accepted=32  loss=nan  (0.1s)
Round    3/30  coverage=0.4049  prec@K=0.0172  accepted=31  loss=nan  (0.1s)
Round    4/30  coverage=0.4064  prec@K=0.0171  accepted=31  loss=nan  (0.1s)
Round    5/30  coverage=0.4083  prec@K=0.0201  accepted=37  loss=nan  (0.1s)
Round    6/30  coverage=0.4098  prec@K=0.0175  accepted=32  loss=nan  (0.1s)
Round    7/30  coverage=0.4113  prec@K=0.0161  accepted=30  loss=nan  (0.1s)
Round    8/30  coverage=0.4122  prec@K=0.0094  accepted=17  loss=nan  (0.1s)
Round    9/30  coverage=0.4131  prec@K=0.0110  accepted=20  loss=nan  (0.1s)
Round   10/30  coverage=0.4145  prec@K=0.0153  accepted=28  loss=nan  (0.1s)
Round   11/30  coverage=0.4161  prec@K=0.0179  accepted=33  loss=nan  (0.2s)
Round   12/30  coverage=0.4173  prec@K=0.0127  accepted=23  loss=nan  (0.1s)
Round   13/30  coverage=0.4182  prec@K=0.0099  accepted=18  loss=nan  (0.1s)
Round   14/30  coverage=0.4193  prec@K=0.0127  accepted=23  loss=nan  (0.1s)
Round   15/30  coverage=0.4203  prec@K=0.0113  accepted=21  loss=nan  (0.1s)
Round   16/30  coverage=0.4216  prec@K=0.0139  accepted=25  loss=nan  (0.1s)
Round   17/30  coverage=0.4222  prec@K=0.0067  accepted=12  loss=nan  (0.1s)
Round   18/30  coverage=0.4231  prec@K=0.0110  accepted=20  loss=nan  (0.1s)
Round   19/30  coverage=0.4239  prec@K=0.0088  accepted=16  loss=nan  (0.1s)
Round   20/30  coverage=0.4253  prec@K=0.0149  accepted=27  loss=nan  (0.1s)
Round   21/30  coverage=0.4257  prec@K=0.0044  accepted=8  loss=nan  (0.3s)
Round   22/30  coverage=0.4264  prec@K=0.0081  accepted=15  loss=nan  (0.1s)
Round   23/30  coverage=0.4271  prec@K=0.0077  accepted=14  loss=nan  (0.1s)
Round   24/30  coverage=0.4278  prec@K=0.0082  accepted=15  loss=nan  (0.2s)
Round   25/30  coverage=0.4284  prec@K=0.0060  accepted=11  loss=nan  (0.2s)
Round   26/30  coverage=0.4291  prec@K=0.0082  accepted=15  loss=nan  (0.2s)
Round   27/30  coverage=0.4300  prec@K=0.0100  accepted=18  loss=nan  (0.2s)
Round   28/30  coverage=0.4305  prec@K=0.0055  accepted=10  loss=nan  (0.2s)
Round   29/30  coverage=0.4307  prec@K=0.0027  accepted=5  loss=nan  (0.2s)
Round   30/30  coverage=0.4312  prec@K=0.0049  accepted=9  loss=nan  (0.2s)

结果已写入 results\online\algo_sweep_college_msg_v2_ir40_s3\college_msg_aa/rounds.csv
