C:\conda\envs\gnn\lib\site-packages\requests\__init__.py:86: RequestsDependencyWarning: Unable to find acceptable character detection dependency (chardet or charset_normalizer).
  warnings.warn(
C:\conda\envs\gnn\lib\site-packages\outdated\__init__.py:36: UserWarning: pkg_resources is deprecated as an API. See https://setuptools.pypa.io/en/latest/pkg_resources.html. The pkg_resources package is slated for removal as early as 2025-11-30. Refrain from using this package or pin to Setuptools<81.
  from pkg_resources import parse_version
Round    1/30  coverage=0.4004  prec@K=0.0064  accepted=43  loss=0.6544  (0.8s)
Round    2/30  coverage=0.4008  prec@K=0.0057  accepted=39  loss=0.6538  (0.3s)
Round    3/30  coverage=0.4011  prec@K=0.0053  accepted=36  loss=0.6526  (0.4s)
Round    4/30  coverage=0.4014  prec@K=0.0038  accepted=26  loss=0.6515  (0.5s)
Round    5/30  coverage=0.4017  prec@K=0.0053  accepted=36  loss=0.6509  (0.6s)
Round    6/30  coverage=0.4021  prec@K=0.0055  accepted=37  loss=0.6504  (0.7s)
Round    7/30  coverage=0.4023  prec@K=0.0040  accepted=27  loss=0.6488  (0.8s)
Round    8/30  coverage=0.4025  prec@K=0.0030  accepted=20  loss=0.6482  (0.9s)
Round    9/30  coverage=0.4028  prec@K=0.0040  accepted=27  loss=0.6477  (0.9s)
Round   10/30  coverage=0.4030  prec@K=0.0037  accepted=25  loss=0.6465  (1.0s)
Round   11/30  coverage=0.4034  prec@K=0.0048  accepted=32  loss=0.6463  (1.7s)
Round   12/30  coverage=0.4036  prec@K=0.0042  accepted=29  loss=0.6455  (1.4s)
Round   13/30  coverage=0.4039  prec@K=0.0037  accepted=25  loss=0.6444  (1.4s)
Round   14/30  coverage=0.4041  prec@K=0.0030  accepted=20  loss=0.6431  (1.5s)
Round   15/30  coverage=0.4043  prec@K=0.0030  accepted=20  loss=0.6423  (1.7s)
Round   16/30  coverage=0.4045  prec@K=0.0031  accepted=21  loss=0.6414  (1.9s)
Round   17/30  coverage=0.4047  prec@K=0.0029  accepted=20  loss=0.6406  (2.0s)
Round   18/30  coverage=0.4048  prec@K=0.0030  accepted=20  loss=0.6401  (2.0s)
Round   19/30  coverage=0.4050  prec@K=0.0022  accepted=15  loss=0.6389  (2.1s)
Round   20/30  coverage=0.4051  prec@K=0.0016  accepted=11  loss=0.6380  (2.4s)
Round   21/30  coverage=0.4053  prec@K=0.0024  accepted=16  loss=0.6374  (3.1s)
Round   22/30  coverage=0.4055  prec@K=0.0033  accepted=22  loss=0.6366  (2.5s)
Round   23/30  coverage=0.4056  prec@K=0.0024  accepted=16  loss=0.6358  (2.7s)
Round   24/30  coverage=0.4057  prec@K=0.0016  accepted=11  loss=0.6347  (2.7s)
Round   25/30  coverage=0.4059  prec@K=0.0029  accepted=20  loss=0.6345  (2.8s)
Round   26/30  coverage=0.4061  prec@K=0.0022  accepted=15  loss=0.6331  (2.9s)
Round   27/30  coverage=0.4061  prec@K=0.0012  accepted=8  loss=0.6322  (3.3s)
Round   28/30  coverage=0.4062  prec@K=0.0013  accepted=9  loss=0.6315  (3.3s)
Round   29/30  coverage=0.4063  prec@K=0.0013  accepted=9  loss=0.6306  (3.5s)
Round   30/30  coverage=0.4065  prec@K=0.0022  accepted=15  loss=0.6301  (3.7s)

结果已写入 results\online\algo_sweep_wiki_vote_v2_ir40_s42\wiki_vote_mlp/rounds.csv
