C:\conda\envs\gnn\lib\site-packages\requests\__init__.py:86: RequestsDependencyWarning: Unable to find acceptable character detection dependency (chardet or charset_normalizer).
  warnings.warn(
C:\conda\envs\gnn\lib\site-packages\outdated\__init__.py:36: UserWarning: pkg_resources is deprecated as an API. See https://setuptools.pypa.io/en/latest/pkg_resources.html. The pkg_resources package is slated for removal as early as 2025-11-30. Refrain from using this package or pin to Setuptools<81.
  from pkg_resources import parse_version
Round    1/40  coverage=0.2514  prec@K=0.0164  accepted=29  loss=nan  (0.1s)
Round    2/40  coverage=0.2536  prec@K=0.0249  accepted=44  loss=nan  (0.0s)
Round    3/40  coverage=0.2558  prec@K=0.0255  accepted=45  loss=nan  (0.0s)
Round    4/40  coverage=0.2575  prec@K=0.0188  accepted=34  loss=nan  (0.0s)
Round    5/40  coverage=0.2595  prec@K=0.0223  accepted=40  loss=nan  (0.0s)
Round    6/40  coverage=0.2618  prec@K=0.0270  accepted=48  loss=nan  (0.0s)
Round    7/40  coverage=0.2638  prec@K=0.0222  accepted=40  loss=nan  (0.0s)
Round    8/40  coverage=0.2658  prec@K=0.0217  accepted=40  loss=nan  (0.1s)
Round    9/40  coverage=0.2680  prec@K=0.0249  accepted=45  loss=nan  (0.1s)
Round   10/40  coverage=0.2698  prec@K=0.0204  accepted=37  loss=nan  (0.1s)
Round   11/40  coverage=0.2721  prec@K=0.0250  accepted=46  loss=nan  (0.1s)
Round   12/40  coverage=0.2747  prec@K=0.0293  accepted=53  loss=nan  (0.1s)
Round   13/40  coverage=0.2772  prec@K=0.0286  accepted=52  loss=nan  (0.1s)
Round   14/40  coverage=0.2793  prec@K=0.0238  accepted=42  loss=nan  (0.1s)
Round   15/40  coverage=0.2813  prec@K=0.0222  accepted=41  loss=nan  (0.1s)
Round   16/40  coverage=0.2837  prec@K=0.0255  accepted=47  loss=nan  (0.1s)
Round   17/40  coverage=0.2857  prec@K=0.0231  accepted=42  loss=nan  (0.1s)
Round   18/40  coverage=0.2875  prec@K=0.0202  accepted=36  loss=nan  (0.1s)
Round   19/40  coverage=0.2894  prec@K=0.0214  accepted=39  loss=nan  (0.1s)
Round   20/40  coverage=0.2908  prec@K=0.0159  accepted=29  loss=nan  (0.1s)
Round   21/40  coverage=0.2929  prec@K=0.0233  accepted=42  loss=nan  (0.2s)
Round   22/40  coverage=0.2950  prec@K=0.0236  accepted=42  loss=nan  (0.1s)
Round   23/40  coverage=0.2974  prec@K=0.0271  accepted=49  loss=nan  (0.1s)
Round   24/40  coverage=0.2991  prec@K=0.0190  accepted=34  loss=nan  (0.1s)
Round   25/40  coverage=0.3004  prec@K=0.0144  accepted=26  loss=nan  (0.1s)
Round   26/40  coverage=0.3016  prec@K=0.0138  accepted=25  loss=nan  (0.1s)
Round   27/40  coverage=0.3030  prec@K=0.0159  accepted=29  loss=nan  (0.1s)
Round   28/40  coverage=0.3048  prec@K=0.0204  accepted=37  loss=nan  (0.1s)
Round   29/40  coverage=0.3066  prec@K=0.0192  accepted=35  loss=nan  (0.1s)
Round   30/40  coverage=0.3083  prec@K=0.0199  accepted=36  loss=nan  (0.1s)
Round   31/40  coverage=0.3102  prec@K=0.0210  accepted=37  loss=nan  (0.2s)
Round   32/40  coverage=0.3117  prec@K=0.0175  accepted=32  loss=nan  (0.1s)
Round   33/40  coverage=0.3134  prec@K=0.0189  accepted=34  loss=nan  (0.1s)
Round   34/40  coverage=0.3145  prec@K=0.0127  accepted=23  loss=nan  (0.1s)
Round   35/40  coverage=0.3161  prec@K=0.0167  accepted=31  loss=nan  (0.1s)
Round   36/40  coverage=0.3174  prec@K=0.0149  accepted=27  loss=nan  (0.1s)
Round   37/40  coverage=0.3192  prec@K=0.0202  accepted=37  loss=nan  (0.1s)
Round   38/40  coverage=0.3207  prec@K=0.0160  accepted=29  loss=nan  (0.1s)
Round   39/40  coverage=0.3221  prec@K=0.0166  accepted=30  loss=nan  (0.1s)
Round   40/40  coverage=0.3238  prec@K=0.0188  accepted=34  loss=nan  (0.1s)

˝áąűŇŃĐ´Čë results\online\init_strategy_sweep_college_msg\forest_fire_random/rounds.csv
