C:\conda\envs\gnn\lib\site-packages\requests\__init__.py:86: RequestsDependencyWarning: Unable to find acceptable character detection dependency (chardet or charset_normalizer).
  warnings.warn(
C:\conda\envs\gnn\lib\site-packages\outdated\__init__.py:36: UserWarning: pkg_resources is deprecated as an API. See https://setuptools.pypa.io/en/latest/pkg_resources.html. The pkg_resources package is slated for removal as early as 2025-11-30. Refrain from using this package or pin to Setuptools<81.
  from pkg_resources import parse_version
Round    1/40  coverage=0.2512  prec@K=0.0132  accepted=25  loss=nan  (0.2s)
Round    2/40  coverage=0.2524  prec@K=0.0127  accepted=24  loss=nan  (0.1s)
Round    3/40  coverage=0.2543  prec@K=0.0202  accepted=38  loss=nan  (0.1s)
Round    4/40  coverage=0.2562  prec@K=0.0207  accepted=39  loss=nan  (0.1s)
Round    5/40  coverage=0.2585  prec@K=0.0251  accepted=47  loss=nan  (0.1s)
Round    6/40  coverage=0.2594  prec@K=0.0090  accepted=17  loss=nan  (0.1s)
Round    7/40  coverage=0.2614  prec@K=0.0217  accepted=41  loss=nan  (0.1s)
Round    8/40  coverage=0.2635  prec@K=0.0229  accepted=43  loss=nan  (0.1s)
Round    9/40  coverage=0.2644  prec@K=0.0096  accepted=18  loss=nan  (0.1s)
Round   10/40  coverage=0.2650  prec@K=0.0064  accepted=12  loss=nan  (0.1s)
Round   11/40  coverage=0.2662  prec@K=0.0130  accepted=24  loss=nan  (0.2s)
Round   12/40  coverage=0.2671  prec@K=0.0109  accepted=20  loss=nan  (0.1s)
Round   13/40  coverage=0.2684  prec@K=0.0136  accepted=25  loss=nan  (0.1s)
Round   14/40  coverage=0.2700  prec@K=0.0180  accepted=33  loss=nan  (0.1s)
Round   15/40  coverage=0.2715  prec@K=0.0168  accepted=31  loss=nan  (0.1s)
Round   16/40  coverage=0.2728  prec@K=0.0140  accepted=26  loss=nan  (0.1s)
Round   17/40  coverage=0.2748  prec@K=0.0215  accepted=40  loss=nan  (0.1s)
Round   18/40  coverage=0.2761  prec@K=0.0145  accepted=27  loss=nan  (0.1s)
Round   19/40  coverage=0.2771  prec@K=0.0109  accepted=20  loss=nan  (0.1s)
Round   20/40  coverage=0.2784  prec@K=0.0141  accepted=26  loss=nan  (0.1s)
Round   21/40  coverage=0.2796  prec@K=0.0130  accepted=24  loss=nan  (0.2s)
Round   22/40  coverage=0.2806  prec@K=0.0113  accepted=21  loss=nan  (0.1s)
Round   23/40  coverage=0.2814  prec@K=0.0092  accepted=17  loss=nan  (0.2s)
Round   24/40  coverage=0.2826  prec@K=0.0125  accepted=23  loss=nan  (0.1s)
Round   25/40  coverage=0.2833  prec@K=0.0081  accepted=15  loss=nan  (0.1s)
Round   26/40  coverage=0.2841  prec@K=0.0088  accepted=16  loss=nan  (0.2s)
Round   27/40  coverage=0.2848  prec@K=0.0076  accepted=14  loss=nan  (0.1s)
Round   28/40  coverage=0.2858  prec@K=0.0109  accepted=20  loss=nan  (0.1s)
Round   29/40  coverage=0.2866  prec@K=0.0087  accepted=16  loss=nan  (0.1s)
Round   30/40  coverage=0.2873  prec@K=0.0081  accepted=15  loss=nan  (0.2s)
Round   31/40  coverage=0.2881  prec@K=0.0093  accepted=17  loss=nan  (0.2s)
Round   32/40  coverage=0.2891  prec@K=0.0110  accepted=20  loss=nan  (0.2s)
Round   33/40  coverage=0.2900  prec@K=0.0094  accepted=17  loss=nan  (0.2s)
Round   34/40  coverage=0.2905  prec@K=0.0060  accepted=11  loss=nan  (0.2s)
Round   35/40  coverage=0.2913  prec@K=0.0093  accepted=17  loss=nan  (0.2s)
Round   36/40  coverage=0.2918  prec@K=0.0049  accepted=9  loss=nan  (0.2s)
Round   37/40  coverage=0.2923  prec@K=0.0060  accepted=11  loss=nan  (0.2s)
Round   38/40  coverage=0.2928  prec@K=0.0055  accepted=10  loss=nan  (0.2s)
Round   39/40  coverage=0.2934  prec@K=0.0060  accepted=11  loss=nan  (0.1s)
Round   40/40  coverage=0.2938  prec@K=0.0044  accepted=8  loss=nan  (0.2s)

˝áąűŇŃĐ´Čë results\online\init_strategy_sweep_college_msg\snowball_pa/rounds.csv
