C:\conda\envs\gnn\lib\site-packages\requests\__init__.py:86: RequestsDependencyWarning: Unable to find acceptable character detection dependency (chardet or charset_normalizer).
  warnings.warn(
C:\conda\envs\gnn\lib\site-packages\outdated\__init__.py:36: UserWarning: pkg_resources is deprecated as an API. See https://setuptools.pypa.io/en/latest/pkg_resources.html. The pkg_resources package is slated for removal as early as 2025-11-30. Refrain from using this package or pin to Setuptools<81.
  from pkg_resources import parse_version
Round    1/40  coverage=0.2506  prec@K=0.0069  accepted=13  loss=nan  (0.2s)
Round    2/40  coverage=0.2515  prec@K=0.0095  accepted=18  loss=nan  (0.1s)
Round    3/40  coverage=0.2527  prec@K=0.0127  accepted=24  loss=nan  (0.1s)
Round    4/40  coverage=0.2538  prec@K=0.0117  accepted=22  loss=nan  (0.1s)
Round    5/40  coverage=0.2542  prec@K=0.0043  accepted=8  loss=nan  (0.1s)
Round    6/40  coverage=0.2548  prec@K=0.0069  accepted=13  loss=nan  (0.2s)
Round    7/40  coverage=0.2557  prec@K=0.0090  accepted=17  loss=nan  (0.2s)
Round    8/40  coverage=0.2567  prec@K=0.0108  accepted=20  loss=nan  (0.2s)
Round    9/40  coverage=0.2572  prec@K=0.0065  accepted=12  loss=nan  (0.2s)
Round   10/40  coverage=0.2576  prec@K=0.0037  accepted=7  loss=nan  (0.2s)
Round   11/40  coverage=0.2584  prec@K=0.0091  accepted=17  loss=nan  (0.3s)
Round   12/40  coverage=0.2592  prec@K=0.0086  accepted=16  loss=nan  (0.2s)
Round   13/40  coverage=0.2599  prec@K=0.0070  accepted=13  loss=nan  (0.2s)
Round   14/40  coverage=0.2604  prec@K=0.0064  accepted=12  loss=nan  (0.2s)
Round   15/40  coverage=0.2611  prec@K=0.0075  accepted=14  loss=nan  (0.2s)
Round   16/40  coverage=0.2618  prec@K=0.0071  accepted=13  loss=nan  (0.2s)
Round   17/40  coverage=0.2626  prec@K=0.0086  accepted=16  loss=nan  (0.3s)
Round   18/40  coverage=0.2632  prec@K=0.0066  accepted=12  loss=nan  (0.3s)
Round   19/40  coverage=0.2638  prec@K=0.0075  accepted=14  loss=nan  (0.2s)
Round   20/40  coverage=0.2648  prec@K=0.0106  accepted=20  loss=nan  (0.3s)
Round   21/40  coverage=0.2658  prec@K=0.0103  accepted=19  loss=nan  (0.3s)
Round   22/40  coverage=0.2667  prec@K=0.0102  accepted=19  loss=nan  (0.3s)
Round   23/40  coverage=0.2672  prec@K=0.0060  accepted=11  loss=nan  (0.3s)
Round   24/40  coverage=0.2680  prec@K=0.0082  accepted=15  loss=nan  (0.3s)
Round   25/40  coverage=0.2684  prec@K=0.0049  accepted=9  loss=nan  (0.3s)
Round   26/40  coverage=0.2691  prec@K=0.0076  accepted=14  loss=nan  (0.3s)
Round   27/40  coverage=0.2697  prec@K=0.0060  accepted=11  loss=nan  (0.3s)
Round   28/40  coverage=0.2701  prec@K=0.0049  accepted=9  loss=nan  (0.3s)
Round   29/40  coverage=0.2704  prec@K=0.0033  accepted=6  loss=nan  (0.3s)
Round   30/40  coverage=0.2707  prec@K=0.0038  accepted=7  loss=nan  (0.3s)
Round   31/40  coverage=0.2710  prec@K=0.0028  accepted=5  loss=nan  (0.4s)
Round   32/40  coverage=0.2714  prec@K=0.0048  accepted=9  loss=nan  (0.3s)
Round   33/40  coverage=0.2719  prec@K=0.0054  accepted=10  loss=nan  (0.3s)
Round   34/40  coverage=0.2724  prec@K=0.0049  accepted=9  loss=nan  (0.3s)
Round   35/40  coverage=0.2730  prec@K=0.0071  accepted=13  loss=nan  (0.3s)
Round   36/40  coverage=0.2734  prec@K=0.0038  accepted=7  loss=nan  (0.3s)
Round   37/40  coverage=0.2735  prec@K=0.0016  accepted=3  loss=nan  (0.3s)
Round   38/40  coverage=0.2737  prec@K=0.0022  accepted=4  loss=nan  (0.3s)
Round   39/40  coverage=0.2741  prec@K=0.0044  accepted=8  loss=nan  (0.3s)
Round   40/40  coverage=0.2743  prec@K=0.0027  accepted=5  loss=nan  (0.3s)

˝áąűŇŃĐ´Čë results\online\init_strategy_sweep_college_msg\snowball_aa/rounds.csv
