C:\conda\envs\gnn\lib\site-packages\requests\__init__.py:86: RequestsDependencyWarning: Unable to find acceptable character detection dependency (chardet or charset_normalizer).
  warnings.warn(
C:\conda\envs\gnn\lib\site-packages\outdated\__init__.py:36: UserWarning: pkg_resources is deprecated as an API. See https://setuptools.pypa.io/en/latest/pkg_resources.html. The pkg_resources package is slated for removal as early as 2025-11-30. Refrain from using this package or pin to Setuptools<81.
  from pkg_resources import parse_version
Round    1/40  coverage=0.2538  prec@K=0.0470  accepted=78  loss=nan  (0.2s)
Round    2/40  coverage=0.2574  prec@K=0.0427  accepted=73  loss=nan  (0.0s)
Round    3/40  coverage=0.2600  prec@K=0.0299  accepted=52  loss=nan  (0.0s)
Round    4/40  coverage=0.2628  prec@K=0.0318  accepted=56  loss=nan  (0.0s)
Round    5/40  coverage=0.2659  prec@K=0.0367  accepted=64  loss=nan  (0.0s)
Round    6/40  coverage=0.2684  prec@K=0.0291  accepted=51  loss=nan  (0.0s)
Round    7/40  coverage=0.2714  prec@K=0.0347  accepted=61  loss=nan  (0.0s)
Round    8/40  coverage=0.2735  prec@K=0.0242  accepted=42  loss=nan  (0.0s)
Round    9/40  coverage=0.2760  prec@K=0.0287  accepted=50  loss=nan  (0.1s)
Round   10/40  coverage=0.2785  prec@K=0.0288  accepted=51  loss=nan  (0.1s)
Round   11/40  coverage=0.2804  prec@K=0.0219  accepted=38  loss=nan  (0.1s)
Round   12/40  coverage=0.2824  prec@K=0.0242  accepted=42  loss=nan  (0.1s)
Round   13/40  coverage=0.2844  prec@K=0.0235  accepted=41  loss=nan  (0.1s)
Round   14/40  coverage=0.2861  prec@K=0.0194  accepted=34  loss=nan  (0.1s)
Round   15/40  coverage=0.2875  prec@K=0.0158  accepted=28  loss=nan  (0.1s)
Round   16/40  coverage=0.2890  prec@K=0.0169  accepted=30  loss=nan  (0.1s)
Round   17/40  coverage=0.2908  prec@K=0.0211  accepted=37  loss=nan  (0.0s)
Round   18/40  coverage=0.2923  prec@K=0.0175  accepted=30  loss=nan  (0.1s)
Round   19/40  coverage=0.2936  prec@K=0.0152  accepted=27  loss=nan  (0.1s)
Round   20/40  coverage=0.2945  prec@K=0.0101  accepted=18  loss=nan  (0.1s)
Round   21/40  coverage=0.2954  prec@K=0.0109  accepted=19  loss=nan  (0.1s)
Round   22/40  coverage=0.2966  prec@K=0.0138  accepted=24  loss=nan  (0.1s)
Round   23/40  coverage=0.2978  prec@K=0.0138  accepted=24  loss=nan  (0.1s)
Round   24/40  coverage=0.2988  prec@K=0.0112  accepted=20  loss=nan  (0.1s)
Round   25/40  coverage=0.2995  prec@K=0.0080  accepted=14  loss=nan  (0.1s)
Round   26/40  coverage=0.3001  prec@K=0.0069  accepted=12  loss=nan  (0.1s)
Round   27/40  coverage=0.3007  prec@K=0.0068  accepted=12  loss=nan  (0.1s)
Round   28/40  coverage=0.3010  prec@K=0.0040  accepted=7  loss=nan  (0.1s)
Round   29/40  coverage=0.3013  prec@K=0.0039  accepted=7  loss=nan  (0.1s)
Round   30/40  coverage=0.3017  prec@K=0.0046  accepted=8  loss=nan  (0.1s)
Round   31/40  coverage=0.3021  prec@K=0.0046  accepted=8  loss=nan  (0.1s)
Round   32/40  coverage=0.3025  prec@K=0.0045  accepted=8  loss=nan  (0.1s)
Round   33/40  coverage=0.3028  prec@K=0.0028  accepted=5  loss=nan  (0.1s)
Round   34/40  coverage=0.3032  prec@K=0.0050  accepted=9  loss=nan  (0.1s)
Round   35/40  coverage=0.3038  prec@K=0.0068  accepted=12  loss=nan  (0.1s)
Round   36/40  coverage=0.3042  prec@K=0.0051  accepted=9  loss=nan  (0.1s)
Round   37/40  coverage=0.3045  prec@K=0.0034  accepted=6  loss=nan  (0.1s)
Round   38/40  coverage=0.3049  prec@K=0.0045  accepted=8  loss=nan  (0.1s)
Round   39/40  coverage=0.3051  prec@K=0.0023  accepted=4  loss=nan  (0.1s)
Round   40/40  coverage=0.3053  prec@K=0.0017  accepted=3  loss=nan  (0.1s)

˝áąűŇŃĐ´Čë results\online\init_strategy_sweep_college_msg\stratified_pa/rounds.csv
