C:\conda\envs\gnn\lib\site-packages\requests\__init__.py:86: RequestsDependencyWarning: Unable to find acceptable character detection dependency (chardet or charset_normalizer).
  warnings.warn(
C:\conda\envs\gnn\lib\site-packages\outdated\__init__.py:36: UserWarning: pkg_resources is deprecated as an API. See https://setuptools.pypa.io/en/latest/pkg_resources.html. The pkg_resources package is slated for removal as early as 2025-11-30. Refrain from using this package or pin to Setuptools<81.
  from pkg_resources import parse_version
Round    1/40  coverage=0.2522  prec@K=0.0271  accepted=45  loss=nan  (0.2s)
Round    2/40  coverage=0.2541  prec@K=0.0234  accepted=39  loss=nan  (0.0s)
Round    3/40  coverage=0.2567  prec@K=0.0306  accepted=52  loss=nan  (0.0s)
Round    4/40  coverage=0.2600  prec@K=0.0388  accepted=66  loss=nan  (0.0s)
Round    5/40  coverage=0.2621  prec@K=0.0248  accepted=43  loss=nan  (0.0s)
Round    6/40  coverage=0.2647  prec@K=0.0317  accepted=54  loss=nan  (0.0s)
Round    7/40  coverage=0.2669  prec@K=0.0258  accepted=45  loss=nan  (0.0s)
Round    8/40  coverage=0.2692  prec@K=0.0265  accepted=45  loss=nan  (0.0s)
Round    9/40  coverage=0.2713  prec@K=0.0262  accepted=44  loss=nan  (0.0s)
Round   10/40  coverage=0.2741  prec@K=0.0323  accepted=56  loss=nan  (0.0s)
Round   11/40  coverage=0.2760  prec@K=0.0224  accepted=39  loss=nan  (0.1s)
Round   12/40  coverage=0.2778  prec@K=0.0212  accepted=37  loss=nan  (0.0s)
Round   13/40  coverage=0.2801  prec@K=0.0263  accepted=46  loss=nan  (0.0s)
Round   14/40  coverage=0.2815  prec@K=0.0167  accepted=29  loss=nan  (0.0s)
Round   15/40  coverage=0.2835  prec@K=0.0222  accepted=39  loss=nan  (0.0s)
Round   16/40  coverage=0.2850  prec@K=0.0183  accepted=32  loss=nan  (0.1s)
Round   17/40  coverage=0.2867  prec@K=0.0195  accepted=34  loss=nan  (0.1s)
Round   18/40  coverage=0.2893  prec@K=0.0297  accepted=52  loss=nan  (0.1s)
Round   19/40  coverage=0.2909  prec@K=0.0189  accepted=33  loss=nan  (0.1s)
Round   20/40  coverage=0.2925  prec@K=0.0187  accepted=33  loss=nan  (0.0s)
Round   21/40  coverage=0.2941  prec@K=0.0180  accepted=32  loss=nan  (0.1s)
Round   22/40  coverage=0.2957  prec@K=0.0185  accepted=32  loss=nan  (0.1s)
Round   23/40  coverage=0.2976  prec@K=0.0230  accepted=40  loss=nan  (0.1s)
Round   24/40  coverage=0.2997  prec@K=0.0238  accepted=42  loss=nan  (0.1s)
Round   25/40  coverage=0.3019  prec@K=0.0246  accepted=44  loss=nan  (0.1s)
Round   26/40  coverage=0.3035  prec@K=0.0189  accepted=33  loss=nan  (0.1s)
Round   27/40  coverage=0.3055  prec@K=0.0229  accepted=41  loss=nan  (0.1s)
Round   28/40  coverage=0.3071  prec@K=0.0175  accepted=31  loss=nan  (0.1s)
Round   29/40  coverage=0.3087  prec@K=0.0184  accepted=33  loss=nan  (0.1s)
Round   30/40  coverage=0.3097  prec@K=0.0112  accepted=20  loss=nan  (0.1s)
Round   31/40  coverage=0.3112  prec@K=0.0174  accepted=31  loss=nan  (0.1s)
Round   32/40  coverage=0.3124  prec@K=0.0139  accepted=25  loss=nan  (0.1s)
Round   33/40  coverage=0.3141  prec@K=0.0194  accepted=34  loss=nan  (0.1s)
Round   34/40  coverage=0.3154  prec@K=0.0147  accepted=26  loss=nan  (0.1s)
Round   35/40  coverage=0.3169  prec@K=0.0168  accepted=30  loss=nan  (0.1s)
Round   36/40  coverage=0.3185  prec@K=0.0195  accepted=34  loss=nan  (0.1s)
Round   37/40  coverage=0.3200  prec@K=0.0170  accepted=30  loss=nan  (0.1s)
Round   38/40  coverage=0.3216  prec@K=0.0185  accepted=33  loss=nan  (0.1s)
Round   39/40  coverage=0.3230  prec@K=0.0152  accepted=27  loss=nan  (0.1s)
Round   40/40  coverage=0.3243  prec@K=0.0151  accepted=27  loss=nan  (0.1s)

˝áąűŇŃĐ´Čë results\online\init_strategy_sweep_college_msg\stratified_random/rounds.csv
