C:\conda\envs\gnn\lib\site-packages\requests\__init__.py:86: RequestsDependencyWarning: Unable to find acceptable character detection dependency (chardet or charset_normalizer).
  warnings.warn(
C:\conda\envs\gnn\lib\site-packages\outdated\__init__.py:36: UserWarning: pkg_resources is deprecated as an API. See https://setuptools.pypa.io/en/latest/pkg_resources.html. The pkg_resources package is slated for removal as early as 2025-11-30. Refrain from using this package or pin to Setuptools<81.
  from pkg_resources import parse_version
Round    1/30  coverage=0.2548  prec@K=0.0147  accepted=27  loss=nan  (0.1s)
Round    2/30  coverage=0.2572  prec@K=0.0071  accepted=13  loss=nan  (0.1s)
Round    3/30  coverage=0.2619  prec@K=0.0143  accepted=26  loss=nan  (0.0s)
Round    4/30  coverage=0.2637  prec@K=0.0054  accepted=10  loss=nan  (0.0s)
Round    5/30  coverage=0.2663  prec@K=0.0076  accepted=14  loss=nan  (0.1s)
Round    6/30  coverage=0.2688  prec@K=0.0076  accepted=14  loss=nan  (0.1s)
Round    7/30  coverage=0.2715  prec@K=0.0082  accepted=15  loss=nan  (0.1s)
Round    8/30  coverage=0.2737  prec@K=0.0066  accepted=12  loss=nan  (0.1s)
Round    9/30  coverage=0.2748  prec@K=0.0033  accepted=6  loss=nan  (0.1s)
Round   10/30  coverage=0.2786  prec@K=0.0113  accepted=21  loss=nan  (0.1s)
Round   11/30  coverage=0.2802  prec@K=0.0049  accepted=9  loss=nan  (0.1s)
Round   12/30  coverage=0.2835  prec@K=0.0098  accepted=18  loss=nan  (0.1s)
Round   13/30  coverage=0.2871  prec@K=0.0108  accepted=20  loss=nan  (0.1s)
Round   14/30  coverage=0.2911  prec@K=0.0120  accepted=22  loss=nan  (0.1s)
Round   15/30  coverage=0.2922  prec@K=0.0033  accepted=6  loss=nan  (0.2s)
Round   16/30  coverage=0.2938  prec@K=0.0049  accepted=9  loss=nan  (0.1s)
Round   17/30  coverage=0.2965  prec@K=0.0082  accepted=15  loss=nan  (0.2s)
Round   18/30  coverage=0.3007  prec@K=0.0125  accepted=23  loss=nan  (0.2s)
Round   19/30  coverage=0.3032  prec@K=0.0077  accepted=14  loss=nan  (0.2s)
Round   20/30  coverage=0.3065  prec@K=0.0097  accepted=18  loss=nan  (0.2s)
Round   21/30  coverage=0.3078  prec@K=0.0038  accepted=7  loss=nan  (0.2s)
Round   22/30  coverage=0.3101  prec@K=0.0071  accepted=13  loss=nan  (0.2s)
Round   23/30  coverage=0.3125  prec@K=0.0070  accepted=13  loss=nan  (0.2s)
Round   24/30  coverage=0.3145  prec@K=0.0060  accepted=11  loss=nan  (0.2s)
Round   25/30  coverage=0.3156  prec@K=0.0033  accepted=6  loss=nan  (0.2s)
Round   26/30  coverage=0.3177  prec@K=0.0065  accepted=12  loss=nan  (0.2s)
Round   27/30  coverage=0.3194  prec@K=0.0048  accepted=9  loss=nan  (0.3s)
Round   28/30  coverage=0.3214  prec@K=0.0060  accepted=11  loss=nan  (0.3s)
Round   29/30  coverage=0.3232  prec@K=0.0054  accepted=10  loss=nan  (0.3s)
Round   30/30  coverage=0.3250  prec@K=0.0054  accepted=10  loss=nan  (0.3s)

结果已写入 results\online\algo_sweep_dnc_email_v2_s3\dnc_email_random/rounds.csv
