C:\conda\envs\gnn\lib\site-packages\requests\__init__.py:86: RequestsDependencyWarning: Unable to find acceptable character detection dependency (chardet or charset_normalizer).
  warnings.warn(
C:\conda\envs\gnn\lib\site-packages\outdated\__init__.py:36: UserWarning: pkg_resources is deprecated as an API. See https://setuptools.pypa.io/en/latest/pkg_resources.html. The pkg_resources package is slated for removal as early as 2025-11-30. Refrain from using this package or pin to Setuptools<81.
  from pkg_resources import parse_version
Round    1/30  coverage=0.2530  prec@K=0.0092  accepted=17  loss=0.8180  (0.8s)
Round    2/30  coverage=0.2545  prec@K=0.0044  accepted=8  loss=0.8253  (0.7s)
Round    3/30  coverage=0.2588  prec@K=0.0132  accepted=24  loss=0.8169  (0.5s)
Round    4/30  coverage=0.2608  prec@K=0.0060  accepted=11  loss=0.8219  (0.6s)
Round    5/30  coverage=0.2641  prec@K=0.0098  accepted=18  loss=0.8117  (0.5s)
Round    6/30  coverage=0.2668  prec@K=0.0082  accepted=15  loss=0.8139  (0.6s)
Round    7/30  coverage=0.2699  prec@K=0.0093  accepted=17  loss=0.8101  (0.5s)
Round    8/30  coverage=0.2733  prec@K=0.0105  accepted=19  loss=0.8092  (0.6s)
Round    9/30  coverage=0.2753  prec@K=0.0060  accepted=11  loss=0.8103  (0.6s)
Round   10/30  coverage=0.2770  prec@K=0.0049  accepted=9  loss=0.8114  (0.5s)
Round   11/30  coverage=0.2784  prec@K=0.0044  accepted=8  loss=0.8068  (0.7s)
Round   12/30  coverage=0.2806  prec@K=0.0065  accepted=12  loss=0.8033  (0.7s)
Round   13/30  coverage=0.2842  prec@K=0.0108  accepted=20  loss=0.7958  (1.0s)
Round   14/30  coverage=0.2851  prec@K=0.0027  accepted=5  loss=0.8041  (0.7s)
Round   15/30  coverage=0.2866  prec@K=0.0044  accepted=8  loss=0.7975  (0.9s)
Round   16/30  coverage=0.2871  prec@K=0.0016  accepted=3  loss=0.8014  (0.8s)
Round   17/30  coverage=0.2898  prec@K=0.0082  accepted=15  loss=0.7921  (1.0s)
Round   18/30  coverage=0.2935  prec@K=0.0108  accepted=20  loss=0.7880  (0.8s)
Round   19/30  coverage=0.2953  prec@K=0.0055  accepted=10  loss=0.7923  (1.1s)
Round   20/30  coverage=0.2985  prec@K=0.0097  accepted=18  loss=0.7855  (0.8s)
Round   21/30  coverage=0.2989  prec@K=0.0011  accepted=2  loss=0.7937  (0.7s)
Round   22/30  coverage=0.3011  prec@K=0.0066  accepted=12  loss=0.7835  (0.7s)
Round   23/30  coverage=0.3016  prec@K=0.0016  accepted=3  loss=0.7899  (6.2s)
Round   24/30  coverage=0.3031  prec@K=0.0044  accepted=8  loss=0.7873  (6.4s)
Round   25/30  coverage=0.3042  prec@K=0.0033  accepted=6  loss=0.7864  (0.7s)
Round   26/30  coverage=0.3054  prec@K=0.0038  accepted=7  loss=0.7861  (0.8s)
Round   27/30  coverage=0.3061  prec@K=0.0022  accepted=4  loss=0.7875  (6.3s)
Round   28/30  coverage=0.3080  prec@K=0.0054  accepted=10  loss=0.7839  (1.7s)
Round   29/30  coverage=0.3096  prec@K=0.0049  accepted=9  loss=0.7840  (1.7s)
Round   30/30  coverage=0.3107  prec@K=0.0032  accepted=6  loss=0.7869  (1.6s)

结果已写入 results\online\algo_sweep_dnc_email_v2_s3\dnc_email_gnn_concat_h8/rounds.csv
