C:\conda\envs\gnn\lib\site-packages\requests\__init__.py:86: RequestsDependencyWarning: Unable to find acceptable character detection dependency (chardet or charset_normalizer).
  warnings.warn(
C:\conda\envs\gnn\lib\site-packages\outdated\__init__.py:36: UserWarning: pkg_resources is deprecated as an API. See https://setuptools.pypa.io/en/latest/pkg_resources.html. The pkg_resources package is slated for removal as early as 2025-11-30. Refrain from using this package or pin to Setuptools<81.
  from pkg_resources import parse_version
Round    1/30  coverage=0.2590  prec@K=0.0271  accepted=50  loss=0.6307  (0.1s)
Round    2/30  coverage=0.2625  prec@K=0.0103  accepted=19  loss=0.6123  (0.0s)
Round    3/30  coverage=0.2710  prec@K=0.0259  accepted=47  loss=0.6217  (0.1s)
Round    4/30  coverage=0.2751  prec@K=0.0125  accepted=23  loss=0.6139  (0.1s)
Round    5/30  coverage=0.2835  prec@K=0.0252  accepted=46  loss=0.6288  (0.1s)
Round    6/30  coverage=0.2898  prec@K=0.0191  accepted=35  loss=0.6214  (0.1s)
Round    7/30  coverage=0.2973  prec@K=0.0224  accepted=41  loss=0.6242  (0.1s)
Round    8/30  coverage=0.3031  prec@K=0.0177  accepted=32  loss=0.6142  (0.1s)
Round    9/30  coverage=0.3067  prec@K=0.0109  accepted=20  loss=0.6103  (0.1s)
Round   10/30  coverage=0.3130  prec@K=0.0190  accepted=35  loss=0.6131  (0.1s)
Round   11/30  coverage=0.3168  prec@K=0.0115  accepted=21  loss=0.6117  (0.2s)
Round   12/30  coverage=0.3212  prec@K=0.0131  accepted=24  loss=0.6069  (0.2s)
Round   13/30  coverage=0.3299  prec@K=0.0259  accepted=48  loss=0.6217  (0.2s)
Round   14/30  coverage=0.3344  prec@K=0.0137  accepted=25  loss=0.6066  (0.2s)
Round   15/30  coverage=0.3370  prec@K=0.0076  accepted=14  loss=0.6020  (0.2s)
Round   16/30  coverage=0.3404  prec@K=0.0105  accepted=19  loss=0.5994  (0.2s)
Round   17/30  coverage=0.3455  prec@K=0.0153  accepted=28  loss=0.6036  (0.2s)
Round   18/30  coverage=0.3502  prec@K=0.0141  accepted=26  loss=0.6030  (0.2s)
Round   19/30  coverage=0.3536  prec@K=0.0105  accepted=19  loss=0.5967  (0.2s)
Round   20/30  coverage=0.3594  prec@K=0.0174  accepted=32  loss=0.6027  (0.2s)
Round   21/30  coverage=0.3616  prec@K=0.0066  accepted=12  loss=0.5938  (0.2s)
Round   22/30  coverage=0.3661  prec@K=0.0139  accepted=25  loss=0.6039  (0.2s)
Round   23/30  coverage=0.3698  prec@K=0.0108  accepted=20  loss=0.5966  (0.2s)
Round   24/30  coverage=0.3727  prec@K=0.0088  accepted=16  loss=0.5918  (0.2s)
Round   25/30  coverage=0.3752  prec@K=0.0077  accepted=14  loss=0.5910  (0.2s)
Round   26/30  coverage=0.3772  prec@K=0.0060  accepted=11  loss=0.5885  (0.3s)
Round   27/30  coverage=0.3783  prec@K=0.0032  accepted=6  loss=0.5837  (0.3s)
Round   28/30  coverage=0.3803  prec@K=0.0060  accepted=11  loss=0.5857  (0.3s)
Round   29/30  coverage=0.3821  prec@K=0.0055  accepted=10  loss=0.5853  (0.3s)
Round   30/30  coverage=0.3835  prec@K=0.0044  accepted=8  loss=0.5820  (0.3s)

结果已写入 results\online\algo_sweep_dnc_email_v2_s3\dnc_email_mlp/rounds.csv
