C:\conda\envs\gnn\lib\site-packages\requests\__init__.py:86: RequestsDependencyWarning: Unable to find acceptable character detection dependency (chardet or charset_normalizer).
  warnings.warn(
C:\conda\envs\gnn\lib\site-packages\outdated\__init__.py:36: UserWarning: pkg_resources is deprecated as an API. See https://setuptools.pypa.io/en/latest/pkg_resources.html. The pkg_resources package is slated for removal as early as 2025-11-30. Refrain from using this package or pin to Setuptools<81.
  from pkg_resources import parse_version
Round    1/30  coverage=0.2563  prec@K=0.0190  accepted=35  loss=nan  (0.1s)
Round    2/30  coverage=0.2597  prec@K=0.0103  accepted=19  loss=nan  (0.1s)
Round    3/30  coverage=0.2684  prec@K=0.0264  accepted=48  loss=nan  (0.0s)
Round    4/30  coverage=0.2719  prec@K=0.0103  accepted=19  loss=nan  (0.1s)
Round    5/30  coverage=0.2770  prec@K=0.0153  accepted=28  loss=nan  (0.1s)
Round    6/30  coverage=0.2811  prec@K=0.0125  accepted=23  loss=nan  (0.1s)
Round    7/30  coverage=0.2868  prec@K=0.0170  accepted=31  loss=nan  (0.1s)
Round    8/30  coverage=0.2938  prec@K=0.0215  accepted=39  loss=nan  (0.1s)
Round    9/30  coverage=0.2973  prec@K=0.0103  accepted=19  loss=nan  (0.1s)
Round   10/30  coverage=0.3013  prec@K=0.0119  accepted=22  loss=nan  (0.1s)
Round   11/30  coverage=0.3031  prec@K=0.0055  accepted=10  loss=nan  (0.1s)
Round   12/30  coverage=0.3089  prec@K=0.0173  accepted=32  loss=nan  (0.1s)
Round   13/30  coverage=0.3185  prec@K=0.0286  accepted=53  loss=nan  (0.1s)
Round   14/30  coverage=0.3234  prec@K=0.0147  accepted=27  loss=nan  (0.1s)
Round   15/30  coverage=0.3245  prec@K=0.0033  accepted=6  loss=nan  (0.2s)
Round   16/30  coverage=0.3279  prec@K=0.0104  accepted=19  loss=nan  (0.2s)
Round   17/30  coverage=0.3344  prec@K=0.0197  accepted=36  loss=nan  (0.2s)
Round   18/30  coverage=0.3422  prec@K=0.0234  accepted=43  loss=nan  (0.2s)
Round   19/30  coverage=0.3466  prec@K=0.0132  accepted=24  loss=nan  (0.2s)
Round   20/30  coverage=0.3531  prec@K=0.0194  accepted=36  loss=nan  (0.2s)
Round   21/30  coverage=0.3551  prec@K=0.0060  accepted=11  loss=nan  (0.2s)
Round   22/30  coverage=0.3593  prec@K=0.0126  accepted=23  loss=nan  (0.2s)
Round   23/30  coverage=0.3645  prec@K=0.0157  accepted=29  loss=nan  (0.2s)
Round   24/30  coverage=0.3665  prec@K=0.0060  accepted=11  loss=nan  (0.2s)
Round   25/30  coverage=0.3696  prec@K=0.0092  accepted=17  loss=nan  (0.2s)
Round   26/30  coverage=0.3714  prec@K=0.0054  accepted=10  loss=nan  (0.3s)
Round   27/30  coverage=0.3728  prec@K=0.0043  accepted=8  loss=nan  (0.3s)
Round   28/30  coverage=0.3752  prec@K=0.0071  accepted=13  loss=nan  (0.3s)
Round   29/30  coverage=0.3767  prec@K=0.0044  accepted=8  loss=nan  (0.3s)
Round   30/30  coverage=0.3786  prec@K=0.0060  accepted=11  loss=nan  (0.3s)

结果已写入 results\online\algo_sweep_dnc_email_v2_s3\dnc_email_jaccard/rounds.csv
