C:\conda\envs\gnn\lib\site-packages\requests\__init__.py:86: RequestsDependencyWarning: Unable to find acceptable character detection dependency (chardet or charset_normalizer).
  warnings.warn(
C:\conda\envs\gnn\lib\site-packages\outdated\__init__.py:36: UserWarning: pkg_resources is deprecated as an API. See https://setuptools.pypa.io/en/latest/pkg_resources.html. The pkg_resources package is slated for removal as early as 2025-11-30. Refrain from using this package or pin to Setuptools<81.
  from pkg_resources import parse_version
Round    1/30  coverage=0.2577  prec@K=0.0233  accepted=43  loss=0.6273  (0.6s)
Round    2/30  coverage=0.2603  prec@K=0.0076  accepted=14  loss=0.6058  (0.4s)
Round    3/30  coverage=0.2686  prec@K=0.0253  accepted=46  loss=0.6172  (0.3s)
Round    4/30  coverage=0.2710  prec@K=0.0070  accepted=13  loss=0.6029  (0.3s)
Round    5/30  coverage=0.2764  prec@K=0.0164  accepted=30  loss=0.6169  (0.3s)
Round    6/30  coverage=0.2811  prec@K=0.0141  accepted=26  loss=0.6076  (0.3s)
Round    7/30  coverage=0.2857  prec@K=0.0137  accepted=25  loss=0.6060  (0.3s)
Round    8/30  coverage=0.2909  prec@K=0.0161  accepted=29  loss=0.6017  (0.4s)
Round    9/30  coverage=0.2936  prec@K=0.0081  accepted=15  loss=0.5924  (0.3s)
Round   10/30  coverage=0.2991  prec@K=0.0162  accepted=30  loss=0.5980  (2.3s)
Round   11/30  coverage=0.3020  prec@K=0.0088  accepted=16  loss=0.5923  (1.4s)
Round   12/30  coverage=0.3056  prec@K=0.0108  accepted=20  loss=0.5889  (0.5s)
Round   13/30  coverage=0.3139  prec@K=0.0249  accepted=46  loss=0.6076  (0.6s)
Round   14/30  coverage=0.3187  prec@K=0.0142  accepted=26  loss=0.5884  (0.9s)
Round   15/30  coverage=0.3197  prec@K=0.0033  accepted=6  loss=0.5734  (0.5s)
Round   16/30  coverage=0.3232  prec@K=0.0104  accepted=19  loss=0.5768  (0.5s)
Round   17/30  coverage=0.3275  prec@K=0.0132  accepted=24  loss=0.5802  (0.8s)
Round   18/30  coverage=0.3333  prec@K=0.0173  accepted=32  loss=0.5846  (0.6s)
Round   19/30  coverage=0.3366  prec@K=0.0099  accepted=18  loss=0.5721  (0.6s)
Round   20/30  coverage=0.3424  prec@K=0.0173  accepted=32  loss=0.5835  (0.8s)
Round   21/30  coverage=0.3444  prec@K=0.0060  accepted=11  loss=0.5646  (0.6s)
Round   22/30  coverage=0.3478  prec@K=0.0104  accepted=19  loss=0.5767  (0.7s)
Round   23/30  coverage=0.3522  prec@K=0.0130  accepted=24  loss=0.5782  (0.7s)
Round   24/30  coverage=0.3556  prec@K=0.0103  accepted=19  loss=0.5697  (0.8s)
Round   25/30  coverage=0.3589  prec@K=0.0098  accepted=18  loss=0.5703  (0.7s)
Round   26/30  coverage=0.3614  prec@K=0.0076  accepted=14  loss=0.5653  (0.8s)
Round   27/30  coverage=0.3634  prec@K=0.0059  accepted=11  loss=0.5619  (0.9s)
Round   28/30  coverage=0.3649  prec@K=0.0043  accepted=8  loss=0.5599  (0.8s)
Round   29/30  coverage=0.3661  prec@K=0.0038  accepted=7  loss=0.5584  (0.6s)
Round   30/30  coverage=0.3694  prec@K=0.0097  accepted=18  loss=0.5653  (0.8s)

结果已写入 results\online\algo_sweep_dnc_email_v2_s3\dnc_email_gnn/rounds.csv
