C:\conda\envs\gnn\lib\site-packages\requests\__init__.py:86: RequestsDependencyWarning: Unable to find acceptable character detection dependency (chardet or charset_normalizer).
  warnings.warn(
C:\conda\envs\gnn\lib\site-packages\outdated\__init__.py:36: UserWarning: pkg_resources is deprecated as an API. See https://setuptools.pypa.io/en/latest/pkg_resources.html. The pkg_resources package is slated for removal as early as 2025-11-30. Refrain from using this package or pin to Setuptools<81.
  from pkg_resources import parse_version
Round    1/30  coverage=0.2558  prec@K=0.0174  accepted=32  loss=0.8173  (1.0s)
Round    2/30  coverage=0.2587  prec@K=0.0087  accepted=16  loss=0.8320  (0.6s)
Round    3/30  coverage=0.2639  prec@K=0.0160  accepted=29  loss=0.8254  (1.0s)
Round    4/30  coverage=0.2652  prec@K=0.0038  accepted=7  loss=0.8367  (0.5s)
Round    5/30  coverage=0.2693  prec@K=0.0126  accepted=23  loss=0.8156  (4.1s)
Round    6/30  coverage=0.2728  prec@K=0.0103  accepted=19  loss=0.8177  (0.3s)
Round    7/30  coverage=0.2777  prec@K=0.0147  accepted=27  loss=0.8066  (0.4s)
Round    8/30  coverage=0.2824  prec@K=0.0143  accepted=26  loss=0.8083  (0.5s)
Round    9/30  coverage=0.2848  prec@K=0.0071  accepted=13  loss=0.8121  (5.5s)
Round   10/30  coverage=0.2875  prec@K=0.0081  accepted=15  loss=0.8095  (0.4s)
Round   11/30  coverage=0.2902  prec@K=0.0082  accepted=15  loss=0.8006  (0.4s)
Round   12/30  coverage=0.2929  prec@K=0.0081  accepted=15  loss=0.8012  (3.8s)
Round   13/30  coverage=0.2994  prec@K=0.0194  accepted=36  loss=0.7835  (4.0s)
Round   14/30  coverage=0.3023  prec@K=0.0087  accepted=16  loss=0.7967  (4.0s)
Round   15/30  coverage=0.3034  prec@K=0.0033  accepted=6  loss=0.7984  (4.8s)
Round   16/30  coverage=0.3049  prec@K=0.0044  accepted=8  loss=0.7970  (0.6s)
Round   17/30  coverage=0.3080  prec@K=0.0093  accepted=17  loss=0.7900  (0.6s)
Round   18/30  coverage=0.3127  prec@K=0.0141  accepted=26  loss=0.7827  (0.7s)
Round   19/30  coverage=0.3156  prec@K=0.0087  accepted=16  loss=0.7853  (0.5s)
Round   20/30  coverage=0.3190  prec@K=0.0103  accepted=19  loss=0.7817  (0.7s)
Round   21/30  coverage=0.3201  prec@K=0.0033  accepted=6  loss=0.7872  (0.5s)
Round   22/30  coverage=0.3226  prec@K=0.0076  accepted=14  loss=0.7784  (0.5s)
Round   23/30  coverage=0.3257  prec@K=0.0092  accepted=17  loss=0.7769  (0.6s)
Round   24/30  coverage=0.3279  prec@K=0.0066  accepted=12  loss=0.7804  (1.0s)
Round   25/30  coverage=0.3290  prec@K=0.0033  accepted=6  loss=0.7819  (0.5s)
Round   26/30  coverage=0.3306  prec@K=0.0049  accepted=9  loss=0.7799  (1.4s)
Round   27/30  coverage=0.3313  prec@K=0.0022  accepted=4  loss=0.7824  (0.9s)
Round   28/30  coverage=0.3328  prec@K=0.0043  accepted=8  loss=0.7795  (1.0s)
Round   29/30  coverage=0.3344  prec@K=0.0049  accepted=9  loss=0.7784  (0.9s)
Round   30/30  coverage=0.3355  prec@K=0.0032  accepted=6  loss=0.7811  (1.0s)

结果已写入 results\online\algo_sweep_dnc_email_v2_s3\dnc_email_gnn_sum_h8/rounds.csv
