C:\conda\envs\gnn\lib\site-packages\requests\__init__.py:86: RequestsDependencyWarning: Unable to find acceptable character detection dependency (chardet or charset_normalizer).
  warnings.warn(
C:\conda\envs\gnn\lib\site-packages\outdated\__init__.py:36: UserWarning: pkg_resources is deprecated as an API. See https://setuptools.pypa.io/en/latest/pkg_resources.html. The pkg_resources package is slated for removal as early as 2025-11-30. Refrain from using this package or pin to Setuptools<81.
  from pkg_resources import parse_version
Round    1/30  coverage=0.2536  prec@K=0.0954  accepted=91  loss=0.6959  (0.1s)
Round    2/30  coverage=0.2570  prec@K=0.0863  accepted=83  loss=0.6958  (0.0s)
Round    3/30  coverage=0.2604  prec@K=0.0886  accepted=85  loss=0.6950  (0.0s)
Round    4/30  coverage=0.2629  prec@K=0.0665  accepted=64  loss=0.6933  (0.0s)
Round    5/30  coverage=0.2654  prec@K=0.0644  accepted=62  loss=0.6914  (0.0s)
Round    6/30  coverage=0.2684  prec@K=0.0783  accepted=75  loss=0.6904  (0.0s)
Round    7/30  coverage=0.2707  prec@K=0.0591  accepted=57  loss=0.6874  (0.0s)
Round    8/30  coverage=0.2733  prec@K=0.0656  accepted=63  loss=0.6853  (0.0s)
Round    9/30  coverage=0.2760  prec@K=0.0699  accepted=68  loss=0.6837  (0.0s)
Round   10/30  coverage=0.2778  prec@K=0.0471  accepted=45  loss=0.6806  (0.0s)
Round   11/30  coverage=0.2806  prec@K=0.0727  accepted=71  loss=0.6801  (0.1s)
Round   12/30  coverage=0.2828  prec@K=0.0574  accepted=55  loss=0.6773  (0.0s)
Round   13/30  coverage=0.2846  prec@K=0.0457  accepted=44  loss=0.6755  (0.0s)
Round   14/30  coverage=0.2869  prec@K=0.0579  accepted=56  loss=0.6734  (0.0s)
Round   15/30  coverage=0.2891  prec@K=0.0589  accepted=57  loss=0.6725  (0.0s)
Round   16/30  coverage=0.2908  prec@K=0.0427  accepted=41  loss=0.6691  (0.0s)
Round   17/30  coverage=0.2927  prec@K=0.0490  accepted=48  loss=0.6691  (0.2s)
Round   18/30  coverage=0.2950  prec@K=0.0583  accepted=56  loss=0.6676  (0.1s)
Round   19/30  coverage=0.2966  prec@K=0.0439  accepted=42  loss=0.6657  (0.1s)
Round   20/30  coverage=0.2982  prec@K=0.0388  accepted=38  loss=0.6643  (0.1s)
Round   21/30  coverage=0.2997  prec@K=0.0402  accepted=39  loss=0.6628  (0.1s)
Round   22/30  coverage=0.3013  prec@K=0.0410  accepted=39  loss=0.6633  (0.0s)
Round   23/30  coverage=0.3026  prec@K=0.0341  accepted=33  loss=0.6616  (0.0s)
Round   24/30  coverage=0.3043  prec@K=0.0434  accepted=42  loss=0.6619  (0.0s)
Round   25/30  coverage=0.3059  prec@K=0.0399  accepted=39  loss=0.6619  (0.1s)
Round   26/30  coverage=0.3068  prec@K=0.0247  accepted=24  loss=0.6588  (0.1s)
Round   27/30  coverage=0.3089  prec@K=0.0534  accepted=52  loss=0.6617  (0.0s)
Round   28/30  coverage=0.3102  prec@K=0.0328  accepted=32  loss=0.6605  (0.1s)
Round   29/30  coverage=0.3112  prec@K=0.0246  accepted=24  loss=0.6600  (0.1s)
Round   30/30  coverage=0.3123  prec@K=0.0299  accepted=29  loss=0.6590  (0.1s)

结果已写入 results\online\algo_sweep_email_eu_v2_s3\email_eu_node_emb/rounds.csv
