C:\conda\envs\gnn\lib\site-packages\requests\__init__.py:86: RequestsDependencyWarning: Unable to find acceptable character detection dependency (chardet or charset_normalizer).
  warnings.warn(
C:\conda\envs\gnn\lib\site-packages\outdated\__init__.py:36: UserWarning: pkg_resources is deprecated as an API. See https://setuptools.pypa.io/en/latest/pkg_resources.html. The pkg_resources package is slated for removal as early as 2025-11-30. Refrain from using this package or pin to Setuptools<81.
  from pkg_resources import parse_version
Round    1/30  coverage=0.2591  prec@K=0.2369  accepted=226  loss=nan  (0.1s)
Round    2/30  coverage=0.2675  prec@K=0.2189  accepted=211  loss=nan  (0.0s)
Round    3/30  coverage=0.2766  prec@K=0.2344  accepted=226  loss=nan  (0.0s)
Round    4/30  coverage=0.2855  prec@K=0.2305  accepted=222  loss=nan  (0.0s)
Round    5/30  coverage=0.2924  prec@K=0.1788  accepted=172  loss=nan  (0.0s)
Round    6/30  coverage=0.3001  prec@K=0.1981  accepted=191  loss=nan  (0.0s)
Round    7/30  coverage=0.3079  prec@K=0.2014  accepted=195  loss=nan  (0.0s)
Round    8/30  coverage=0.3166  prec@K=0.2259  accepted=218  loss=nan  (0.0s)
Round    9/30  coverage=0.3258  prec@K=0.2346  accepted=229  loss=nan  (0.0s)
Round   10/30  coverage=0.3323  prec@K=0.1705  accepted=163  loss=nan  (0.0s)
Round   11/30  coverage=0.3413  prec@K=0.2280  accepted=223  loss=nan  (0.2s)
Round   12/30  coverage=0.3486  prec@K=0.1910  accepted=183  loss=nan  (0.0s)
Round   13/30  coverage=0.3542  prec@K=0.1454  accepted=139  loss=nan  (0.0s)
Round   14/30  coverage=0.3614  prec@K=0.1860  accepted=180  loss=nan  (0.0s)
Round   15/30  coverage=0.3692  prec@K=0.2025  accepted=194  loss=nan  (0.0s)
Round   16/30  coverage=0.3762  prec@K=0.1809  accepted=174  loss=nan  (0.0s)
Round   17/30  coverage=0.3834  prec@K=0.1827  accepted=179  loss=nan  (0.0s)
Round   18/30  coverage=0.3909  prec@K=0.1964  accepted=188  loss=nan  (0.0s)
Round   19/30  coverage=0.3960  prec@K=0.1313  accepted=126  loss=nan  (0.0s)
Round   20/30  coverage=0.4037  prec@K=0.1969  accepted=193  loss=nan  (0.0s)
Round   21/30  coverage=0.4091  prec@K=0.1387  accepted=135  loss=nan  (0.2s)
Round   22/30  coverage=0.4161  prec@K=0.1833  accepted=173  loss=nan  (0.0s)
Round   23/30  coverage=0.4210  prec@K=0.1260  accepted=122  loss=nan  (0.0s)
Round   24/30  coverage=0.4278  prec@K=0.1757  accepted=171  loss=nan  (0.0s)
Round   25/30  coverage=0.4331  prec@K=0.1341  accepted=131  loss=nan  (0.1s)
Round   26/30  coverage=0.4389  prec@K=0.1499  accepted=146  loss=nan  (0.1s)
Round   27/30  coverage=0.4458  prec@K=0.1757  accepted=171  loss=nan  (0.0s)
Round   28/30  coverage=0.4499  prec@K=0.1051  accepted=103  loss=nan  (0.1s)
Round   29/30  coverage=0.4534  prec@K=0.0903  accepted=88  loss=nan  (0.1s)
Round   30/30  coverage=0.4570  prec@K=0.0907  accepted=88  loss=nan  (0.1s)

结果已写入 results\online\algo_sweep_email_eu_v2_s3\email_eu_jaccard/rounds.csv
