C:\conda\envs\gnn\lib\site-packages\requests\__init__.py:86: RequestsDependencyWarning: Unable to find acceptable character detection dependency (chardet or charset_normalizer).
  warnings.warn(
C:\conda\envs\gnn\lib\site-packages\outdated\__init__.py:36: UserWarning: pkg_resources is deprecated as an API. See https://setuptools.pypa.io/en/latest/pkg_resources.html. The pkg_resources package is slated for removal as early as 2025-11-30. Refrain from using this package or pin to Setuptools<81.
  from pkg_resources import parse_version
Round    1/30  coverage=0.2558  prec@K=0.1509  accepted=144  loss=0.6453  (0.1s)
Round    2/30  coverage=0.2605  prec@K=0.1237  accepted=119  loss=0.6426  (0.0s)
Round    3/30  coverage=0.2645  prec@K=0.1033  accepted=99  loss=0.6364  (0.0s)
Round    4/30  coverage=0.2681  prec@K=0.0922  accepted=89  loss=0.6327  (0.0s)
Round    5/30  coverage=0.2707  prec@K=0.0686  accepted=66  loss=0.6242  (0.0s)
Round    6/30  coverage=0.2747  prec@K=0.1022  accepted=98  loss=0.6319  (0.0s)
Round    7/30  coverage=0.2782  prec@K=0.0919  accepted=89  loss=0.6309  (0.0s)
Round    8/30  coverage=0.2814  prec@K=0.0833  accepted=80  loss=0.6264  (0.0s)
Round    9/30  coverage=0.2850  prec@K=0.0925  accepted=90  loss=0.6265  (0.0s)
Round   10/30  coverage=0.2881  prec@K=0.0796  accepted=76  loss=0.6231  (0.0s)
Round   11/30  coverage=0.2924  prec@K=0.1085  accepted=106  loss=0.6278  (0.1s)
Round   12/30  coverage=0.2954  prec@K=0.0781  accepted=75  loss=0.6195  (0.0s)
Round   13/30  coverage=0.2977  prec@K=0.0603  accepted=58  loss=0.6146  (0.0s)
Round   14/30  coverage=0.3006  prec@K=0.0755  accepted=73  loss=0.6166  (0.0s)
Round   15/30  coverage=0.3037  prec@K=0.0807  accepted=78  loss=0.6187  (0.0s)
Round   16/30  coverage=0.3066  prec@K=0.0743  accepted=71  loss=0.6145  (0.0s)
Round   17/30  coverage=0.3100  prec@K=0.0857  accepted=84  loss=0.6173  (0.0s)
Round   18/30  coverage=0.3123  prec@K=0.0613  accepted=59  loss=0.6084  (0.0s)
Round   19/30  coverage=0.3144  prec@K=0.0534  accepted=51  loss=0.6077  (0.0s)
Round   20/30  coverage=0.3170  prec@K=0.0673  accepted=66  loss=0.6103  (0.1s)
Round   21/30  coverage=0.3190  prec@K=0.0514  accepted=50  loss=0.6035  (0.1s)
Round   22/30  coverage=0.3224  prec@K=0.0897  accepted=85  loss=0.6139  (0.0s)
Round   23/30  coverage=0.3241  prec@K=0.0434  accepted=42  loss=0.5996  (0.0s)
Round   24/30  coverage=0.3268  prec@K=0.0706  accepted=68  loss=0.6068  (0.0s)
Round   25/30  coverage=0.3294  prec@K=0.0657  accepted=64  loss=0.6053  (0.1s)
Round   26/30  coverage=0.3315  prec@K=0.0546  accepted=53  loss=0.6014  (0.1s)
Round   27/30  coverage=0.3346  prec@K=0.0770  accepted=75  loss=0.6049  (0.0s)
Round   28/30  coverage=0.3362  prec@K=0.0410  accepted=40  loss=0.5947  (0.0s)
Round   29/30  coverage=0.3379  prec@K=0.0453  accepted=44  loss=0.5967  (0.0s)
Round   30/30  coverage=0.3403  prec@K=0.0610  accepted=59  loss=0.5987  (0.0s)

结果已写入 results\online\algo_sweep_email_eu_v2_s3\email_eu_mlp/rounds.csv
