C:\conda\envs\gnn\lib\site-packages\requests\__init__.py:86: RequestsDependencyWarning: Unable to find acceptable character detection dependency (chardet or charset_normalizer).
  warnings.warn(
C:\conda\envs\gnn\lib\site-packages\outdated\__init__.py:36: UserWarning: pkg_resources is deprecated as an API. See https://setuptools.pypa.io/en/latest/pkg_resources.html. The pkg_resources package is slated for removal as early as 2025-11-30. Refrain from using this package or pin to Setuptools<81.
  from pkg_resources import parse_version
Round    1/30  coverage=0.2539  prec@K=0.1017  accepted=97  loss=nan  (0.1s)
Round    2/30  coverage=0.2568  prec@K=0.0748  accepted=72  loss=nan  (0.0s)
Round    3/30  coverage=0.2605  prec@K=0.0972  accepted=93  loss=nan  (0.0s)
Round    4/30  coverage=0.2637  prec@K=0.0830  accepted=80  loss=nan  (0.0s)
Round    5/30  coverage=0.2665  prec@K=0.0728  accepted=70  loss=nan  (0.0s)
Round    6/30  coverage=0.2695  prec@K=0.0772  accepted=74  loss=nan  (0.0s)
Round    7/30  coverage=0.2723  prec@K=0.0725  accepted=70  loss=nan  (0.0s)
Round    8/30  coverage=0.2755  prec@K=0.0830  accepted=80  loss=nan  (0.0s)
Round    9/30  coverage=0.2797  prec@K=0.1079  accepted=105  loss=nan  (0.0s)
Round   10/30  coverage=0.2828  prec@K=0.0806  accepted=77  loss=nan  (0.0s)
Round   11/30  coverage=0.2864  prec@K=0.0911  accepted=89  loss=nan  (0.2s)
Round   12/30  coverage=0.2897  prec@K=0.0868  accepted=83  loss=nan  (0.0s)
Round   13/30  coverage=0.2919  prec@K=0.0582  accepted=56  loss=nan  (0.0s)
Round   14/30  coverage=0.2948  prec@K=0.0745  accepted=72  loss=nan  (0.0s)
Round   15/30  coverage=0.2978  prec@K=0.0765  accepted=74  loss=nan  (0.0s)
Round   16/30  coverage=0.3006  prec@K=0.0731  accepted=70  loss=nan  (0.0s)
Round   17/30  coverage=0.3039  prec@K=0.0847  accepted=83  loss=nan  (0.0s)
Round   18/30  coverage=0.3073  prec@K=0.0872  accepted=84  loss=nan  (0.0s)
Round   19/30  coverage=0.3100  prec@K=0.0688  accepted=66  loss=nan  (0.0s)
Round   20/30  coverage=0.3127  prec@K=0.0704  accepted=69  loss=nan  (0.0s)
Round   21/30  coverage=0.3154  prec@K=0.0680  accepted=66  loss=nan  (0.1s)
Round   22/30  coverage=0.3185  prec@K=0.0811  accepted=77  loss=nan  (0.0s)
Round   23/30  coverage=0.3205  prec@K=0.0528  accepted=51  loss=nan  (0.0s)
Round   24/30  coverage=0.3240  prec@K=0.0888  accepted=86  loss=nan  (0.0s)
Round   25/30  coverage=0.3267  prec@K=0.0696  accepted=68  loss=nan  (0.0s)
Round   26/30  coverage=0.3293  prec@K=0.0658  accepted=64  loss=nan  (0.0s)
Round   27/30  coverage=0.3317  prec@K=0.0637  accepted=62  loss=nan  (0.0s)
Round   28/30  coverage=0.3348  prec@K=0.0779  accepted=76  loss=nan  (0.0s)
Round   29/30  coverage=0.3365  prec@K=0.0442  accepted=43  loss=nan  (0.0s)
Round   30/30  coverage=0.3392  prec@K=0.0691  accepted=67  loss=nan  (0.0s)

结果已写入 results\online\algo_sweep_email_eu_v2_s3\email_eu_random/rounds.csv
