C:\conda\envs\gnn\lib\site-packages\requests\__init__.py:86: RequestsDependencyWarning: Unable to find acceptable character detection dependency (chardet or charset_normalizer).
  warnings.warn(
C:\conda\envs\gnn\lib\site-packages\outdated\__init__.py:36: UserWarning: pkg_resources is deprecated as an API. See https://setuptools.pypa.io/en/latest/pkg_resources.html. The pkg_resources package is slated for removal as early as 2025-11-30. Refrain from using this package or pin to Setuptools<81.
  from pkg_resources import parse_version
Round    1/30  coverage=0.2556  prec@K=0.1478  accepted=141  loss=nan  (0.1s)
Round    2/30  coverage=0.2607  prec@K=0.1299  accepted=125  loss=nan  (0.0s)
Round    3/30  coverage=0.2648  prec@K=0.1075  accepted=103  loss=nan  (0.0s)
Round    4/30  coverage=0.2685  prec@K=0.0953  accepted=92  loss=nan  (0.0s)
Round    5/30  coverage=0.2713  prec@K=0.0738  accepted=71  loss=nan  (0.0s)
Round    6/30  coverage=0.2754  prec@K=0.1053  accepted=101  loss=nan  (0.0s)
Round    7/30  coverage=0.2791  prec@K=0.0961  accepted=93  loss=nan  (0.0s)
Round    8/30  coverage=0.2821  prec@K=0.0771  accepted=74  loss=nan  (0.0s)
Round    9/30  coverage=0.2860  prec@K=0.0997  accepted=97  loss=nan  (0.0s)
Round   10/30  coverage=0.2888  prec@K=0.0733  accepted=70  loss=nan  (0.0s)
Round   11/30  coverage=0.2926  prec@K=0.0962  accepted=94  loss=nan  (0.2s)
Round   12/30  coverage=0.2954  prec@K=0.0740  accepted=71  loss=nan  (0.0s)
Round   13/30  coverage=0.2982  prec@K=0.0728  accepted=70  loss=nan  (0.0s)
Round   14/30  coverage=0.3012  prec@K=0.0776  accepted=75  loss=nan  (0.0s)
Round   15/30  coverage=0.3045  prec@K=0.0861  accepted=83  loss=nan  (0.0s)
Round   16/30  coverage=0.3073  prec@K=0.0712  accepted=68  loss=nan  (0.0s)
Round   17/30  coverage=0.3106  prec@K=0.0847  accepted=83  loss=nan  (0.0s)
Round   18/30  coverage=0.3130  prec@K=0.0613  accepted=59  loss=nan  (0.0s)
Round   19/30  coverage=0.3152  prec@K=0.0586  accepted=56  loss=nan  (0.0s)
Round   20/30  coverage=0.3178  prec@K=0.0663  accepted=65  loss=nan  (0.0s)
Round   21/30  coverage=0.3203  prec@K=0.0627  accepted=61  loss=nan  (0.1s)
Round   22/30  coverage=0.3232  prec@K=0.0760  accepted=72  loss=nan  (0.0s)
Round   23/30  coverage=0.3249  prec@K=0.0444  accepted=43  loss=nan  (0.0s)
Round   24/30  coverage=0.3277  prec@K=0.0714  accepted=69  loss=nan  (0.0s)
Round   25/30  coverage=0.3302  prec@K=0.0647  accepted=63  loss=nan  (0.0s)
Round   26/30  coverage=0.3323  prec@K=0.0545  accepted=53  loss=nan  (0.0s)
Round   27/30  coverage=0.3355  prec@K=0.0821  accepted=80  loss=nan  (0.0s)
Round   28/30  coverage=0.3372  prec@K=0.0441  accepted=43  loss=nan  (0.0s)
Round   29/30  coverage=0.3394  prec@K=0.0546  accepted=53  loss=nan  (0.0s)
Round   30/30  coverage=0.3413  prec@K=0.0495  accepted=48  loss=nan  (0.0s)

结果已写入 results\online\algo_sweep_email_eu_v2_s3\email_eu_pa/rounds.csv
