=== advogato_random_s42  started 2026-05-07T23:50:19 ===

C:\conda\envs\gnn\lib\site-packages\requests\__init__.py:86: RequestsDependencyWarning: Unable to find acceptable character detection dependency (chardet or charset_normalizer).
  warnings.warn(
C:\conda\envs\gnn\lib\site-packages\outdated\__init__.py:36: UserWarning: pkg_resources is deprecated as an API. See https://setuptools.pypa.io/en/latest/pkg_resources.html. The pkg_resources package is slated for removal as early as 2025-11-30. Refrain from using this package or pin to Setuptools<81.
  from pkg_resources import parse_version
Round    1/30  coverage=0.4020  prec@K=0.0194  accepted=94  loss=nan  (0.3s)
Round    2/30  coverage=0.4038  prec@K=0.0174  accepted=87  loss=nan  (0.1s)
Round    3/30  coverage=0.4050  prec@K=0.0110  accepted=54  loss=nan  (0.1s)
Round    4/30  coverage=0.4065  prec@K=0.0148  accepted=73  loss=nan  (0.1s)
Round    5/30  coverage=0.4081  prec@K=0.0148  accepted=73  loss=nan  (0.1s)
Round    6/30  coverage=0.4097  prec@K=0.0155  accepted=77  loss=nan  (0.2s)
Round    7/30  coverage=0.4112  prec@K=0.0138  accepted=69  loss=nan  (0.2s)
Round    8/30  coverage=0.4123  prec@K=0.0105  accepted=52  loss=nan  (0.2s)
Round    9/30  coverage=0.4133  prec@K=0.0100  accepted=50  loss=nan  (0.2s)
Round   10/30  coverage=0.4146  prec@K=0.0123  accepted=61  loss=nan  (0.2s)
Round   11/30  coverage=0.4156  prec@K=0.0092  accepted=46  loss=nan  (0.5s)
Round   12/30  coverage=0.4165  prec@K=0.0087  accepted=43  loss=nan  (0.3s)
Round   13/30  coverage=0.4179  prec@K=0.0127  accepted=63  loss=nan  (0.3s)
Round   14/30  coverage=0.4189  prec@K=0.0100  accepted=50  loss=nan  (0.5s)
Round   15/30  coverage=0.4199  prec@K=0.0092  accepted=46  loss=nan  (0.4s)
Round   16/30  coverage=0.4209  prec@K=0.0098  accepted=49  loss=nan  (0.4s)
Round   17/30  coverage=0.4221  prec@K=0.0113  accepted=56  loss=nan  (0.5s)
Round   18/30  coverage=0.4234  prec@K=0.0118  accepted=59  loss=nan  (0.4s)
Round   19/30  coverage=0.4245  prec@K=0.0105  accepted=52  loss=nan  (0.4s)
Round   20/30  coverage=0.4257  prec@K=0.0118  accepted=59  loss=nan  (0.4s)
Round   21/30  coverage=0.4269  prec@K=0.0110  accepted=55  loss=nan  (0.7s)
Round   22/30  coverage=0.4280  prec@K=0.0101  accepted=50  loss=nan  (0.5s)
Round   23/30  coverage=0.4289  prec@K=0.0088  accepted=44  loss=nan  (0.5s)
Round   24/30  coverage=0.4300  prec@K=0.0105  accepted=52  loss=nan  (0.5s)
Round   25/30  coverage=0.4310  prec@K=0.0091  accepted=45  loss=nan  (0.5s)
Round   26/30  coverage=0.4321  prec@K=0.0111  accepted=55  loss=nan  (0.6s)
Round   27/30  coverage=0.4332  prec@K=0.0104  accepted=51  loss=nan  (0.5s)
Round   28/30  coverage=0.4340  prec@K=0.0077  accepted=38  loss=nan  (0.6s)
Round   29/30  coverage=0.4349  prec@K=0.0085  accepted=42  loss=nan  (0.6s)
Round   30/30  coverage=0.4359  prec@K=0.0096  accepted=48  loss=nan  (0.6s)

结果已写入 results\orchestrator\runs\ir40_constlr5e5_multiseed_bidir\advogato\random_s42/rounds.csv
