=== advogato_cn_s42  started 2026-05-07T23:31:55 ===

C:\conda\envs\gnn\lib\site-packages\requests\__init__.py:86: RequestsDependencyWarning: Unable to find acceptable character detection dependency (chardet or charset_normalizer).
  warnings.warn(
C:\conda\envs\gnn\lib\site-packages\outdated\__init__.py:36: UserWarning: pkg_resources is deprecated as an API. See https://setuptools.pypa.io/en/latest/pkg_resources.html. The pkg_resources package is slated for removal as early as 2025-11-30. Refrain from using this package or pin to Setuptools<81.
  from pkg_resources import parse_version
Round    1/30  coverage=0.4052  prec@K=0.0505  accepted=245  auc=0.7881  uauc=0.6355  loss=nan  (0.4s)
Round    2/30  coverage=0.4097  prec@K=0.0428  accepted=214  auc=0.8034  uauc=0.6458  loss=nan  (0.3s)
Round    3/30  coverage=0.4139  prec@K=0.0401  accepted=197  auc=0.8578  uauc=0.6874  loss=nan  (0.3s)
Round    4/30  coverage=0.4183  prec@K=0.0414  accepted=205  auc=0.8382  uauc=0.6843  loss=nan  (0.3s)
Round    5/30  coverage=0.4227  prec@K=0.0420  accepted=208  auc=0.8342  uauc=0.6574  loss=nan  (0.3s)
Round    6/30  coverage=0.4268  prec@K=0.0393  accepted=195  auc=0.8109  uauc=0.6409  loss=nan  (0.3s)
Round    7/30  coverage=0.4309  prec@K=0.0387  accepted=194  auc=0.8552  uauc=0.6834  loss=nan  (0.3s)
Round    8/30  coverage=0.4339  prec@K=0.0286  accepted=142  auc=0.8380  uauc=0.6921  loss=nan  (0.4s)
Round    9/30  coverage=0.4379  prec@K=0.0372  accepted=186  auc=0.8444  uauc=0.6620  loss=nan  (0.5s)
Round   10/30  coverage=0.4411  prec@K=0.0305  accepted=152  auc=0.8596  uauc=0.6670  loss=nan  (0.4s)
Round   11/30  coverage=0.4442  prec@K=0.0291  accepted=146  auc=0.8683  uauc=0.6304  loss=nan  (0.6s)
Round   12/30  coverage=0.4470  prec@K=0.0262  accepted=130  auc=0.8604  uauc=0.6250  loss=nan  (0.4s)
Round   13/30  coverage=0.4505  prec@K=0.0330  accepted=164  auc=0.8591  uauc=0.6578  loss=nan  (0.4s)
Round   14/30  coverage=0.4527  prec@K=0.0211  accepted=106  auc=0.8395  uauc=0.6560  loss=nan  (0.4s)
Round   15/30  coverage=0.4556  prec@K=0.0274  accepted=137  auc=0.8961  uauc=0.6841  loss=nan  (0.4s)
Round   16/30  coverage=0.4583  prec@K=0.0254  accepted=127  auc=0.8542  uauc=0.6768  loss=nan  (0.5s)
Round   17/30  coverage=0.4614  prec@K=0.0293  accepted=146  auc=0.8611  uauc=0.6253  loss=nan  (0.5s)
Round   18/30  coverage=0.4638  prec@K=0.0230  accepted=115  auc=0.8622  uauc=0.6402  loss=nan  (0.5s)
Round   19/30  coverage=0.4663  prec@K=0.0229  accepted=114  auc=0.8607  uauc=0.6809  loss=nan  (0.5s)
Round   20/30  coverage=0.4692  prec@K=0.0275  accepted=137  auc=0.8585  uauc=0.6520  loss=nan  (0.5s)
Round   21/30  coverage=0.4715  prec@K=0.0219  accepted=110  auc=0.8351  uauc=0.6519  loss=nan  (0.8s)
Round   22/30  coverage=0.4740  prec@K=0.0237  accepted=118  auc=0.8617  uauc=0.6524  loss=nan  (0.5s)
Round   23/30  coverage=0.4765  prec@K=0.0235  accepted=118  auc=0.8621  uauc=0.6837  loss=nan  (0.5s)
Round   24/30  coverage=0.4793  prec@K=0.0268  accepted=133  auc=0.8758  uauc=0.6299  loss=nan  (0.6s)
Round   25/30  coverage=0.4815  prec@K=0.0205  accepted=101  auc=0.8359  uauc=0.6939  loss=nan  (0.6s)
Round   26/30  coverage=0.4837  prec@K=0.0207  accepted=103  auc=0.8897  uauc=0.7701  loss=nan  (0.6s)
Round   27/30  coverage=0.4857  prec@K=0.0199  accepted=98  auc=0.8720  uauc=0.7015  loss=nan  (0.5s)
Round   28/30  coverage=0.4875  prec@K=0.0170  accepted=84  auc=0.8705  uauc=0.6808  loss=nan  (0.6s)
Round   29/30  coverage=0.4898  prec@K=0.0218  accepted=108  auc=0.8884  uauc=0.7326  loss=nan  (0.6s)
Round   30/30  coverage=0.4922  prec@K=0.0226  accepted=113  auc=0.8762  uauc=0.6457  loss=nan  (0.6s)

结果已写入 results\orchestrator\runs\ir40_constlr5e5_multiseed_bidir\advogato\cn_s42/rounds.csv
