=== advogato_gnn_sum_h8_s2  started 2026-05-07T23:45:31 ===

C:\conda\envs\gnn\lib\site-packages\requests\__init__.py:86: RequestsDependencyWarning: Unable to find acceptable character detection dependency (chardet or charset_normalizer).
  warnings.warn(
C:\conda\envs\gnn\lib\site-packages\outdated\__init__.py:36: UserWarning: pkg_resources is deprecated as an API. See https://setuptools.pypa.io/en/latest/pkg_resources.html. The pkg_resources package is slated for removal as early as 2025-11-30. Refrain from using this package or pin to Setuptools<81.
  from pkg_resources import parse_version
Round    1/30  coverage=0.4007  prec@K=0.0070  accepted=35  auc=0.2969  uauc=0.5135  loss=0.5271  (6.9s)
Round    2/30  coverage=0.4018  prec@K=0.0096  accepted=48  auc=0.2668  uauc=0.4459  loss=0.5281  (6.5s)
Round    3/30  coverage=0.4025  prec@K=0.0074  accepted=37  auc=0.3586  uauc=0.4944  loss=0.5263  (6.0s)
Round    4/30  coverage=0.4034  prec@K=0.0077  accepted=38  auc=0.2598  uauc=0.5185  loss=0.5268  (6.3s)
Round    5/30  coverage=0.4040  prec@K=0.0060  accepted=30  auc=0.3545  uauc=0.4439  loss=0.5254  (6.4s)
Round    6/30  coverage=0.4046  prec@K=0.0063  accepted=31  auc=0.2165  uauc=0.4501  loss=0.5253  (6.1s)
Round    7/30  coverage=0.4052  prec@K=0.0048  accepted=24  auc=0.3385  uauc=0.5403  loss=0.5239  (6.6s)
Round    8/30  coverage=0.4058  prec@K=0.0061  accepted=30  auc=0.3616  uauc=0.5074  loss=0.5239  (6.0s)
Round    9/30  coverage=0.4062  prec@K=0.0040  accepted=20  auc=0.3888  uauc=0.5879  loss=0.5224  (6.3s)
Round   10/30  coverage=0.4068  prec@K=0.0058  accepted=29  auc=0.2756  uauc=0.5683  loss=0.5232  (6.1s)
Round   11/30  coverage=0.4073  prec@K=0.0048  accepted=24  auc=0.4069  uauc=0.6078  loss=0.5231  (6.7s)
Round   12/30  coverage=0.4078  prec@K=0.0040  accepted=20  auc=0.3777  uauc=0.5462  loss=0.5219  (6.4s)
Round   13/30  coverage=0.4083  prec@K=0.0051  accepted=25  auc=0.3568  uauc=0.5182  loss=0.5220  (6.1s)
Round   14/30  coverage=0.4089  prec@K=0.0054  accepted=27  auc=0.3559  uauc=0.5098  loss=0.5220  (6.8s)
Round   15/30  coverage=0.4094  prec@K=0.0048  accepted=24  auc=0.2876  uauc=0.4018  loss=0.5210  (7.2s)
Round   16/30  coverage=0.4098  prec@K=0.0040  accepted=20  auc=0.3976  uauc=0.5674  loss=0.5206  (7.4s)
Round   17/30  coverage=0.4102  prec@K=0.0042  accepted=21  auc=0.3663  uauc=0.4884  loss=0.5206  (7.2s)
Round   18/30  coverage=0.4106  prec@K=0.0036  accepted=18  auc=0.3554  uauc=0.4727  loss=0.5197  (7.0s)
Round   19/30  coverage=0.4110  prec@K=0.0036  accepted=18  auc=0.3537  uauc=0.4239  loss=0.5192  (7.7s)
Round   20/30  coverage=0.4113  prec@K=0.0026  accepted=13  auc=0.3447  uauc=0.5043  loss=0.5189  (7.5s)
Round   21/30  coverage=0.4116  prec@K=0.0034  accepted=17  auc=0.4058  uauc=0.5231  loss=0.5189  (7.7s)
Round   22/30  coverage=0.4120  prec@K=0.0036  accepted=18  auc=0.4015  uauc=0.6250  loss=0.5176  (7.8s)
Round   23/30  coverage=0.4123  prec@K=0.0022  accepted=11  auc=0.4164  uauc=0.6153  loss=0.5176  (7.6s)
Round   24/30  coverage=0.4126  prec@K=0.0028  accepted=14  auc=0.4290  uauc=0.5841  loss=0.5169  (7.5s)
Round   25/30  coverage=0.4128  prec@K=0.0026  accepted=13  auc=0.3723  uauc=0.4861  loss=0.5168  (7.7s)
Round   26/30  coverage=0.4131  prec@K=0.0024  accepted=12  auc=0.4080  uauc=0.4630  loss=0.5163  (8.1s)
Round   27/30  coverage=0.4133  prec@K=0.0018  accepted=9  auc=0.5499  uauc=0.5486  loss=0.5157  (7.9s)
Round   28/30  coverage=0.4135  prec@K=0.0022  accepted=11  auc=0.4026  uauc=0.4172  loss=0.5155  (7.4s)
Round   29/30  coverage=0.4138  prec@K=0.0026  accepted=13  auc=0.3994  uauc=0.5556  loss=0.5152  (7.7s)
Round   30/30  coverage=0.4140  prec@K=0.0018  accepted=9  auc=0.3728  uauc=0.3889  loss=0.5143  (7.7s)

结果已写入 results\orchestrator\runs\ir40_constlr5e5_multiseed_bidir\advogato\gnn_sum_h8_s2/rounds.csv
