=== advogato_gnn_h32_s2  started 2026-05-07T23:39:31 ===

C:\conda\envs\gnn\lib\site-packages\requests\__init__.py:86: RequestsDependencyWarning: Unable to find acceptable character detection dependency (chardet or charset_normalizer).
  warnings.warn(
C:\conda\envs\gnn\lib\site-packages\outdated\__init__.py:36: UserWarning: pkg_resources is deprecated as an API. See https://setuptools.pypa.io/en/latest/pkg_resources.html. The pkg_resources package is slated for removal as early as 2025-11-30. Refrain from using this package or pin to Setuptools<81.
  from pkg_resources import parse_version
Round    1/30  coverage=0.4027  prec@K=0.0254  accepted=126  auc=0.7725  uauc=0.7424  loss=0.6645  (6.8s)
Round    2/30  coverage=0.4056  prec@K=0.0275  accepted=137  auc=0.6673  uauc=0.6788  loss=0.6636  (6.5s)
Round    3/30  coverage=0.4080  prec@K=0.0231  accepted=115  auc=0.6797  uauc=0.6317  loss=0.6627  (6.2s)
Round    4/30  coverage=0.4107  prec@K=0.0257  accepted=127  auc=0.6705  uauc=0.6828  loss=0.6620  (6.5s)
Round    5/30  coverage=0.4130  prec@K=0.0216  accepted=108  auc=0.6705  uauc=0.6980  loss=0.6609  (6.3s)
Round    6/30  coverage=0.4150  prec@K=0.0190  accepted=94  auc=0.6939  uauc=0.6758  loss=0.6598  (6.1s)
Round    7/30  coverage=0.4169  prec@K=0.0182  accepted=91  auc=0.6349  uauc=0.6942  loss=0.6589  (6.6s)
Round    8/30  coverage=0.4186  prec@K=0.0164  accepted=81  auc=0.6563  uauc=0.6562  loss=0.6578  (6.1s)
Round    9/30  coverage=0.4203  prec@K=0.0153  accepted=76  auc=0.5861  uauc=0.6513  loss=0.6569  (6.2s)
Round   10/30  coverage=0.4214  prec@K=0.0107  accepted=53  auc=0.6177  uauc=0.6897  loss=0.6555  (5.9s)
Round   11/30  coverage=0.4229  prec@K=0.0142  accepted=71  auc=0.5891  uauc=0.6157  loss=0.6551  (7.0s)
Round   12/30  coverage=0.4241  prec@K=0.0116  accepted=58  auc=0.5176  uauc=0.7932  loss=0.6539  (6.6s)
Round   13/30  coverage=0.4258  prec@K=0.0158  accepted=78  auc=0.5898  uauc=0.6435  loss=0.6536  (6.0s)
Round   14/30  coverage=0.4271  prec@K=0.0126  accepted=63  auc=0.5278  uauc=0.6377  loss=0.6524  (6.1s)
Round   15/30  coverage=0.4285  prec@K=0.0128  accepted=64  auc=0.4981  uauc=0.6854  loss=0.6516  (6.7s)
Round   16/30  coverage=0.4295  prec@K=0.0094  accepted=47  auc=0.3560  uauc=0.6798  loss=0.6504  (6.6s)
Round   17/30  coverage=0.4305  prec@K=0.0096  accepted=48  auc=0.3708  uauc=0.6303  loss=0.6496  (6.4s)
Round   18/30  coverage=0.4312  prec@K=0.0068  accepted=34  auc=0.4096  uauc=0.6110  loss=0.6486  (6.2s)
Round   19/30  coverage=0.4318  prec@K=0.0060  accepted=30  auc=0.3373  uauc=0.6660  loss=0.6476  (7.0s)
Round   20/30  coverage=0.4328  prec@K=0.0088  accepted=44  auc=0.2354  uauc=0.6836  loss=0.6474  (6.5s)
Round   21/30  coverage=0.4334  prec@K=0.0054  accepted=27  auc=0.3738  uauc=0.5713  loss=0.6462  (6.6s)
Round   22/30  coverage=0.4339  prec@K=0.0054  accepted=27  auc=0.3569  uauc=0.6965  loss=0.6453  (6.6s)
Round   23/30  coverage=0.4342  prec@K=0.0030  accepted=15  auc=0.2898  uauc=0.6099  loss=0.6444  (6.9s)
Round   24/30  coverage=0.4349  prec@K=0.0058  accepted=29  auc=0.3034  uauc=0.6076  loss=0.6440  (6.6s)
Round   25/30  coverage=0.4352  prec@K=0.0030  accepted=15  auc=0.2875  uauc=0.4643  loss=0.6429  (7.0s)
Round   26/30  coverage=0.4357  prec@K=0.0046  accepted=23  auc=0.3094  uauc=0.5694  loss=0.6425  (7.0s)
Round   27/30  coverage=0.4360  prec@K=0.0028  accepted=14  auc=0.3135  uauc=0.5841  loss=0.6414  (6.7s)
Round   28/30  coverage=0.4363  prec@K=0.0030  accepted=15  auc=0.1537  uauc=0.5675  loss=0.6410  (6.5s)
Round   29/30  coverage=0.4364  prec@K=0.0014  accepted=7  auc=0.2081  uauc=0.6308  loss=0.6400  (6.6s)
Round   30/30  coverage=0.4367  prec@K=0.0024  accepted=12  auc=0.2267  uauc=0.4676  loss=0.6394  (7.1s)

结果已写入 results\orchestrator\runs\ir40_constlr5e5_multiseed_bidir\advogato\gnn_h32_s2/rounds.csv
