=== advogato_jaccard_s2  started 2026-05-07T23:49:30 ===

C:\conda\envs\gnn\lib\site-packages\requests\__init__.py:86: RequestsDependencyWarning: Unable to find acceptable character detection dependency (chardet or charset_normalizer).
  warnings.warn(
C:\conda\envs\gnn\lib\site-packages\outdated\__init__.py:36: UserWarning: pkg_resources is deprecated as an API. See https://setuptools.pypa.io/en/latest/pkg_resources.html. The pkg_resources package is slated for removal as early as 2025-11-30. Refrain from using this package or pin to Setuptools<81.
  from pkg_resources import parse_version
Round    1/30  coverage=0.4033  prec@K=0.0316  accepted=157  auc=0.5996  uauc=0.6674  loss=nan  (0.4s)
Round    2/30  coverage=0.4072  prec@K=0.0363  accepted=181  auc=0.5347  uauc=0.6253  loss=nan  (0.3s)
Round    3/30  coverage=0.4108  prec@K=0.0345  accepted=172  auc=0.5803  uauc=0.6356  loss=nan  (0.3s)
Round    4/30  coverage=0.4143  prec@K=0.0328  accepted=162  auc=0.5306  uauc=0.6510  loss=nan  (0.3s)
Round    5/30  coverage=0.4176  prec@K=0.0312  accepted=156  auc=0.5257  uauc=0.6982  loss=nan  (0.3s)
Round    6/30  coverage=0.4206  prec@K=0.0292  accepted=144  auc=0.5478  uauc=0.6901  loss=nan  (0.3s)
Round    7/30  coverage=0.4239  prec@K=0.0311  accepted=155  auc=0.5677  uauc=0.6543  loss=nan  (0.4s)
Round    8/30  coverage=0.4261  prec@K=0.0209  accepted=103  auc=0.5966  uauc=0.6549  loss=nan  (0.4s)
Round    9/30  coverage=0.4287  prec@K=0.0251  accepted=125  auc=0.5499  uauc=0.6689  loss=nan  (0.5s)
Round   10/30  coverage=0.4310  prec@K=0.0211  accepted=105  auc=0.5854  uauc=0.6180  loss=nan  (0.4s)
Round   11/30  coverage=0.4334  prec@K=0.0225  accepted=113  auc=0.5566  uauc=0.7438  loss=nan  (0.6s)
Round   12/30  coverage=0.4356  prec@K=0.0212  accepted=106  auc=0.5498  uauc=0.6154  loss=nan  (0.4s)
Round   13/30  coverage=0.4383  prec@K=0.0251  accepted=124  auc=0.5363  uauc=0.6816  loss=nan  (0.4s)
Round   14/30  coverage=0.4410  prec@K=0.0258  accepted=129  auc=0.5613  uauc=0.6139  loss=nan  (0.4s)
Round   15/30  coverage=0.4437  prec@K=0.0254  accepted=127  auc=0.4963  uauc=0.6344  loss=nan  (0.4s)
Round   16/30  coverage=0.4457  prec@K=0.0192  accepted=96  auc=0.5317  uauc=0.6824  loss=nan  (0.5s)
Round   17/30  coverage=0.4481  prec@K=0.0227  accepted=114  auc=0.4975  uauc=0.6814  loss=nan  (0.5s)
Round   18/30  coverage=0.4500  prec@K=0.0180  accepted=90  auc=0.5450  uauc=0.6764  loss=nan  (0.5s)
Round   19/30  coverage=0.4523  prec@K=0.0215  accepted=108  auc=0.5623  uauc=0.6849  loss=nan  (0.6s)
Round   20/30  coverage=0.4546  prec@K=0.0213  accepted=106  auc=0.5853  uauc=0.7341  loss=nan  (0.5s)
Round   21/30  coverage=0.4566  prec@K=0.0195  accepted=97  auc=0.5742  uauc=0.6650  loss=nan  (0.9s)
Round   22/30  coverage=0.4586  prec@K=0.0188  accepted=94  auc=0.5107  uauc=0.6165  loss=nan  (0.6s)
Round   23/30  coverage=0.4608  prec@K=0.0201  accepted=100  auc=0.5680  uauc=0.6399  loss=nan  (0.6s)
Round   24/30  coverage=0.4630  prec@K=0.0210  accepted=104  auc=0.5357  uauc=0.6261  loss=nan  (0.6s)
Round   25/30  coverage=0.4652  prec@K=0.0213  accepted=107  auc=0.5177  uauc=0.6653  loss=nan  (0.6s)
Round   26/30  coverage=0.4667  prec@K=0.0135  accepted=68  auc=0.5572  uauc=0.6284  loss=nan  (0.6s)
Round   27/30  coverage=0.4688  prec@K=0.0199  accepted=100  auc=0.5343  uauc=0.6682  loss=nan  (0.6s)
Round   28/30  coverage=0.4704  prec@K=0.0150  accepted=75  auc=0.5421  uauc=0.7035  loss=nan  (0.6s)
Round   29/30  coverage=0.4719  prec@K=0.0140  accepted=70  auc=0.5240  uauc=0.6619  loss=nan  (0.6s)
Round   30/30  coverage=0.4737  prec@K=0.0175  accepted=88  auc=0.5276  uauc=0.6643  loss=nan  (0.6s)

结果已写入 results\orchestrator\runs\ir40_constlr5e5_multiseed_bidir\advogato\jaccard_s2/rounds.csv
