=== advogato_pa_s0  started 2026-05-07T23:49:49 ===

C:\conda\envs\gnn\lib\site-packages\requests\__init__.py:86: RequestsDependencyWarning: Unable to find acceptable character detection dependency (chardet or charset_normalizer).
  warnings.warn(
C:\conda\envs\gnn\lib\site-packages\outdated\__init__.py:36: UserWarning: pkg_resources is deprecated as an API. See https://setuptools.pypa.io/en/latest/pkg_resources.html. The pkg_resources package is slated for removal as early as 2025-11-30. Refrain from using this package or pin to Setuptools<81.
  from pkg_resources import parse_version
Round    1/30  coverage=0.4024  prec@K=0.0234  accepted=115  auc=0.7743  uauc=0.6091  loss=nan  (0.4s)
Round    2/30  coverage=0.4046  prec@K=0.0202  accepted=100  auc=0.7350  uauc=0.5752  loss=nan  (0.2s)
Round    3/30  coverage=0.4075  prec@K=0.0278  accepted=137  auc=0.6950  uauc=0.5669  loss=nan  (0.2s)
Round    4/30  coverage=0.4094  prec@K=0.0188  accepted=93  auc=0.7344  uauc=0.6086  loss=nan  (0.3s)
Round    5/30  coverage=0.4116  prec@K=0.0203  accepted=102  auc=0.7649  uauc=0.5901  loss=nan  (0.3s)
Round    6/30  coverage=0.4132  prec@K=0.0151  accepted=75  auc=0.7136  uauc=0.5377  loss=nan  (0.3s)
Round    7/30  coverage=0.4151  prec@K=0.0181  accepted=89  auc=0.7302  uauc=0.5930  loss=nan  (0.3s)
Round    8/30  coverage=0.4171  prec@K=0.0195  accepted=97  auc=0.7903  uauc=0.6586  loss=nan  (0.3s)
Round    9/30  coverage=0.4191  prec@K=0.0186  accepted=92  auc=0.7662  uauc=0.6326  loss=nan  (0.4s)
Round   10/30  coverage=0.4210  prec@K=0.0181  accepted=89  auc=0.7589  uauc=0.5833  loss=nan  (0.3s)
Round   11/30  coverage=0.4226  prec@K=0.0154  accepted=77  auc=0.8219  uauc=0.6402  loss=nan  (0.6s)
Round   12/30  coverage=0.4244  prec@K=0.0173  accepted=86  auc=0.7955  uauc=0.6011  loss=nan  (0.4s)
Round   13/30  coverage=0.4257  prec@K=0.0121  accepted=60  auc=0.7847  uauc=0.6176  loss=nan  (0.4s)
Round   14/30  coverage=0.4274  prec@K=0.0158  accepted=79  auc=0.7892  uauc=0.6514  loss=nan  (0.4s)
Round   15/30  coverage=0.4288  prec@K=0.0133  accepted=66  auc=0.8246  uauc=0.6039  loss=nan  (0.4s)
Round   16/30  coverage=0.4299  prec@K=0.0100  accepted=50  auc=0.7750  uauc=0.5464  loss=nan  (0.4s)
Round   17/30  coverage=0.4314  prec@K=0.0143  accepted=72  auc=0.8080  uauc=0.6395  loss=nan  (0.4s)
Round   18/30  coverage=0.4328  prec@K=0.0138  accepted=68  auc=0.7596  uauc=0.5766  loss=nan  (0.5s)
Round   19/30  coverage=0.4342  prec@K=0.0130  accepted=64  auc=0.8382  uauc=0.6111  loss=nan  (0.4s)
Round   20/30  coverage=0.4355  prec@K=0.0125  accepted=62  auc=0.8383  uauc=0.6361  loss=nan  (0.4s)
Round   21/30  coverage=0.4370  prec@K=0.0142  accepted=71  auc=0.8201  uauc=0.6816  loss=nan  (0.7s)
Round   22/30  coverage=0.4382  prec@K=0.0114  accepted=57  auc=0.8165  uauc=0.6041  loss=nan  (0.5s)
Round   23/30  coverage=0.4395  prec@K=0.0124  accepted=61  auc=0.8206  uauc=0.6032  loss=nan  (0.5s)
Round   24/30  coverage=0.4407  prec@K=0.0111  accepted=55  auc=0.8644  uauc=0.6292  loss=nan  (0.5s)
Round   25/30  coverage=0.4421  prec@K=0.0138  accepted=69  auc=0.7943  uauc=0.6413  loss=nan  (0.6s)
Round   26/30  coverage=0.4434  prec@K=0.0118  accepted=58  auc=0.8676  uauc=0.6727  loss=nan  (0.6s)
Round   27/30  coverage=0.4447  prec@K=0.0128  accepted=63  auc=0.8465  uauc=0.5804  loss=nan  (0.5s)
Round   28/30  coverage=0.4455  prec@K=0.0079  accepted=39  auc=0.8570  uauc=0.6512  loss=nan  (0.6s)
Round   29/30  coverage=0.4467  prec@K=0.0111  accepted=55  auc=0.8708  uauc=0.6521  loss=nan  (0.5s)
Round   30/30  coverage=0.4477  prec@K=0.0092  accepted=46  auc=0.8378  uauc=0.6129  loss=nan  (0.5s)

结果已写入 results\orchestrator\runs\ir40_constlr5e5_multiseed_bidir\advogato\pa_s0/rounds.csv
