=== bitcoin_otc_seal_s0  started 2026-05-08T00:08:27 ===

C:\conda\envs\gnn\lib\site-packages\requests\__init__.py:86: RequestsDependencyWarning: Unable to find acceptable character detection dependency (chardet or charset_normalizer).
  warnings.warn(
C:\conda\envs\gnn\lib\site-packages\outdated\__init__.py:36: UserWarning: pkg_resources is deprecated as an API. See https://setuptools.pypa.io/en/latest/pkg_resources.html. The pkg_resources package is slated for removal as early as 2025-11-30. Refrain from using this package or pin to Setuptools<81.
  from pkg_resources import parse_version
Round    1/30  coverage=0.4020  prec@K=0.0131  accepted=73  auc=0.8373  uauc=0.6765  loss=0.6418  (6.3s)
Round    2/30  coverage=0.4035  prec@K=0.0094  accepted=52  auc=0.7616  uauc=0.6338  loss=0.6410  (5.1s)
Round    3/30  coverage=0.4055  prec@K=0.0132  accepted=73  auc=0.8279  uauc=0.5827  loss=0.6412  (5.5s)
Round    4/30  coverage=0.4072  prec@K=0.0106  accepted=58  auc=0.8281  uauc=0.6482  loss=0.6406  (5.1s)
Round    5/30  coverage=0.4092  prec@K=0.0126  accepted=71  auc=0.7881  uauc=0.6814  loss=0.6403  (5.5s)
Round    6/30  coverage=0.4108  prec@K=0.0106  accepted=59  auc=0.8133  uauc=0.5355  loss=0.6399  (5.4s)
Round    7/30  coverage=0.4123  prec@K=0.0097  accepted=54  auc=0.8418  uauc=0.5505  loss=0.6393  (5.2s)
Round    8/30  coverage=0.4134  prec@K=0.0070  accepted=39  auc=0.7727  uauc=0.7056  loss=0.6387  (5.4s)
Round    9/30  coverage=0.4152  prec@K=0.0116  accepted=64  auc=0.8309  uauc=0.6758  loss=0.6391  (5.6s)
Round   10/30  coverage=0.4170  prec@K=0.0111  accepted=62  auc=0.8357  uauc=0.6039  loss=0.6387  (5.3s)
Round   11/30  coverage=0.4182  prec@K=0.0076  accepted=42  auc=0.6761  uauc=0.6803  loss=0.6379  (5.7s)
Round   12/30  coverage=0.4194  prec@K=0.0079  accepted=44  auc=0.8215  uauc=0.6773  loss=0.6375  (5.8s)
Round   13/30  coverage=0.4207  prec@K=0.0085  accepted=47  auc=0.8127  uauc=0.5812  loss=0.6375  (5.8s)
Round   14/30  coverage=0.4221  prec@K=0.0090  accepted=51  auc=0.8291  uauc=0.6547  loss=0.6370  (5.6s)
Round   15/30  coverage=0.4232  prec@K=0.0070  accepted=39  auc=0.7858  uauc=0.6518  loss=0.6365  (5.4s)
Round   16/30  coverage=0.4242  prec@K=0.0063  accepted=35  auc=0.7373  uauc=0.6161  loss=0.6360  (5.6s)
Round   17/30  coverage=0.4252  prec@K=0.0062  accepted=35  auc=0.7627  uauc=0.5296  loss=0.6358  (5.9s)
Round   18/30  coverage=0.4266  prec@K=0.0088  accepted=49  auc=0.7384  uauc=0.6116  loss=0.6359  (5.8s)
Round   19/30  coverage=0.4276  prec@K=0.0065  accepted=37  auc=0.8116  uauc=0.5705  loss=0.6352  (5.9s)
Round   20/30  coverage=0.4287  prec@K=0.0072  accepted=40  auc=0.7936  uauc=0.7967  loss=0.6350  (6.0s)
Round   21/30  coverage=0.4298  prec@K=0.0065  accepted=36  auc=0.7745  uauc=0.6224  loss=0.6344  (6.0s)
Round   22/30  coverage=0.4305  prec@K=0.0047  accepted=26  auc=0.6849  uauc=0.6228  loss=0.6340  (5.9s)
Round   23/30  coverage=0.4314  prec@K=0.0061  accepted=34  auc=0.7631  uauc=0.6726  loss=0.6338  (6.4s)
Round   24/30  coverage=0.4321  prec@K=0.0045  accepted=25  auc=0.6119  uauc=0.6999  loss=0.6332  (5.9s)
Round   25/30  coverage=0.4328  prec@K=0.0043  accepted=24  auc=0.5670  uauc=0.5625  loss=0.6327  (6.0s)
Round   26/30  coverage=0.4338  prec@K=0.0063  accepted=35  auc=0.6610  uauc=0.5990  loss=0.6328  (6.1s)
Round   27/30  coverage=0.4343  prec@K=0.0032  accepted=18  auc=0.5001  uauc=0.6055  loss=0.6321  (6.4s)
Round   28/30  coverage=0.4352  prec@K=0.0056  accepted=31  auc=0.3525  uauc=0.6027  loss=0.6318  (6.2s)
Round   29/30  coverage=0.4357  prec@K=0.0036  accepted=20  auc=0.5442  uauc=0.6228  loss=0.6314  (6.2s)
Round   30/30  coverage=0.4363  prec@K=0.0037  accepted=21  auc=0.5924  uauc=0.4938  loss=0.6312  (6.2s)

结果已写入 results\orchestrator\runs\ir40_constlr5e5_multiseed_bidir\bitcoin_otc\seal_s0/rounds.csv
