=== bitcoin_alpha_jaccard_s1  started 2026-05-07T23:30:11 ===

C:\conda\envs\gnn\lib\site-packages\requests\__init__.py:86: RequestsDependencyWarning: Unable to find acceptable character detection dependency (chardet or charset_normalizer).
  warnings.warn(
C:\conda\envs\gnn\lib\site-packages\outdated\__init__.py:36: UserWarning: pkg_resources is deprecated as an API. See https://setuptools.pypa.io/en/latest/pkg_resources.html. The pkg_resources package is slated for removal as early as 2025-11-30. Refrain from using this package or pin to Setuptools<81.
  from pkg_resources import parse_version
Round    1/30  coverage=0.4021  prec@K=0.0141  accepted=51  auc=0.3622  uauc=0.5673  loss=nan  (0.2s)
Round    2/30  coverage=0.4038  prec@K=0.0115  accepted=41  auc=0.3247  uauc=0.5380  loss=nan  (0.1s)
Round    3/30  coverage=0.4052  prec@K=0.0095  accepted=34  auc=0.3255  uauc=0.5756  loss=nan  (0.1s)
Round    4/30  coverage=0.4068  prec@K=0.0108  accepted=38  auc=0.3680  uauc=0.5872  loss=nan  (0.1s)
Round    5/30  coverage=0.4086  prec@K=0.0122  accepted=44  auc=0.3310  uauc=0.5823  loss=nan  (0.2s)
Round    6/30  coverage=0.4107  prec@K=0.0142  accepted=50  auc=0.3544  uauc=0.5067  loss=nan  (0.2s)
Round    7/30  coverage=0.4127  prec@K=0.0140  accepted=50  auc=0.3396  uauc=0.6797  loss=nan  (0.2s)
Round    8/30  coverage=0.4145  prec@K=0.0118  accepted=42  auc=0.3808  uauc=0.5584  loss=nan  (0.2s)
Round    9/30  coverage=0.4161  prec@K=0.0110  accepted=39  auc=0.3801  uauc=0.5775  loss=nan  (0.2s)
Round   10/30  coverage=0.4174  prec@K=0.0092  accepted=33  auc=0.3455  uauc=0.5452  loss=nan  (0.2s)
Round   11/30  coverage=0.4192  prec@K=0.0116  accepted=42  auc=0.3594  uauc=0.6139  loss=nan  (0.3s)
Round   12/30  coverage=0.4203  prec@K=0.0076  accepted=27  auc=0.3802  uauc=0.5821  loss=nan  (0.2s)
Round   13/30  coverage=0.4215  prec@K=0.0083  accepted=29  auc=0.4074  uauc=0.7047  loss=nan  (0.2s)
Round   14/30  coverage=0.4234  prec@K=0.0128  accepted=46  auc=0.3292  uauc=0.5918  loss=nan  (0.2s)
Round   15/30  coverage=0.4248  prec@K=0.0096  accepted=34  auc=0.3277  uauc=0.6355  loss=nan  (0.2s)
Round   16/30  coverage=0.4259  prec@K=0.0079  accepted=28  auc=0.4374  uauc=0.6117  loss=nan  (0.2s)
Round   17/30  coverage=0.4272  prec@K=0.0083  accepted=30  auc=0.3122  uauc=0.5377  loss=nan  (0.2s)
Round   18/30  coverage=0.4280  prec@K=0.0055  accepted=20  auc=0.3270  uauc=0.6214  loss=nan  (0.2s)
Round   19/30  coverage=0.4292  prec@K=0.0081  accepted=29  auc=0.3368  uauc=0.6161  loss=nan  (0.2s)
Round   20/30  coverage=0.4307  prec@K=0.0102  accepted=36  auc=0.3365  uauc=0.5613  loss=nan  (0.2s)
Round   21/30  coverage=0.4319  prec@K=0.0085  accepted=30  auc=0.3776  uauc=0.5607  loss=nan  (0.5s)
Round   22/30  coverage=0.4337  prec@K=0.0120  accepted=43  auc=0.3482  uauc=0.6641  loss=nan  (0.2s)
Round   23/30  coverage=0.4349  prec@K=0.0082  accepted=29  auc=0.3491  uauc=0.5154  loss=nan  (0.3s)
Round   24/30  coverage=0.4360  prec@K=0.0073  accepted=26  auc=0.3192  uauc=0.6630  loss=nan  (0.3s)
Round   25/30  coverage=0.4369  prec@K=0.0064  accepted=23  auc=0.4197  uauc=0.5668  loss=nan  (0.3s)
Round   26/30  coverage=0.4384  prec@K=0.0097  accepted=35  auc=0.3334  uauc=0.4871  loss=nan  (0.3s)
Round   27/30  coverage=0.4388  prec@K=0.0031  accepted=11  auc=0.3421  uauc=0.4713  loss=nan  (0.3s)
Round   28/30  coverage=0.4396  prec@K=0.0053  accepted=19  auc=0.3517  uauc=0.6551  loss=nan  (0.3s)
Round   29/30  coverage=0.4408  prec@K=0.0080  accepted=29  auc=0.3575  uauc=0.7334  loss=nan  (0.3s)
Round   30/30  coverage=0.4418  prec@K=0.0065  accepted=23  auc=0.3511  uauc=0.7290  loss=nan  (0.3s)

结果已写入 results\orchestrator\runs\ir40_constlr5e5_multiseed_bidir\bitcoin_alpha\jaccard_s1/rounds.csv
