=== bitcoin_alpha_gnn_sum_h8_s42  started 2026-05-07T23:28:29 ===

C:\conda\envs\gnn\lib\site-packages\requests\__init__.py:86: RequestsDependencyWarning: Unable to find acceptable character detection dependency (chardet or charset_normalizer).
  warnings.warn(
C:\conda\envs\gnn\lib\site-packages\outdated\__init__.py:36: UserWarning: pkg_resources is deprecated as an API. See https://setuptools.pypa.io/en/latest/pkg_resources.html. The pkg_resources package is slated for removal as early as 2025-11-30. Refrain from using this package or pin to Setuptools<81.
  from pkg_resources import parse_version
Round    1/30  coverage=0.4023  prec@K=0.0158  accepted=56  auc=0.6985  uauc=0.5692  loss=0.6435  (4.2s)
Round    2/30  coverage=0.4049  prec@K=0.0178  accepted=63  auc=0.7109  uauc=0.6203  loss=0.6433  (3.2s)
Round    3/30  coverage=0.4073  prec@K=0.0166  accepted=59  auc=0.7803  uauc=0.6512  loss=0.6431  (3.6s)
Round    4/30  coverage=0.4099  prec@K=0.0169  accepted=61  auc=0.7838  uauc=0.6584  loss=0.6422  (3.4s)
Round    5/30  coverage=0.4120  prec@K=0.0147  accepted=52  auc=0.8176  uauc=0.6449  loss=0.6416  (3.2s)
Round    6/30  coverage=0.4133  prec@K=0.0089  accepted=31  auc=0.6786  uauc=0.5887  loss=0.6413  (3.1s)
Round    7/30  coverage=0.4157  prec@K=0.0163  accepted=58  auc=0.7272  uauc=0.6010  loss=0.6417  (3.7s)
Round    8/30  coverage=0.4181  prec@K=0.0163  accepted=58  auc=0.7419  uauc=0.5890  loss=0.6412  (3.5s)
Round    9/30  coverage=0.4198  prec@K=0.0114  accepted=41  auc=0.6623  uauc=0.6387  loss=0.6420  (3.1s)
Round   10/30  coverage=0.4218  prec@K=0.0136  accepted=49  auc=0.7905  uauc=0.6454  loss=0.6404  (3.7s)
Round   11/30  coverage=0.4232  prec@K=0.0096  accepted=34  auc=0.7601  uauc=0.6442  loss=0.6400  (3.2s)
Round   12/30  coverage=0.4249  prec@K=0.0113  accepted=40  auc=0.7862  uauc=0.6520  loss=0.6393  (3.6s)
Round   13/30  coverage=0.4274  prec@K=0.0175  accepted=62  auc=0.7267  uauc=0.5857  loss=0.6410  (3.5s)
Round   14/30  coverage=0.4292  prec@K=0.0119  accepted=43  auc=0.7971  uauc=0.5354  loss=0.6402  (3.8s)
Round   15/30  coverage=0.4310  prec@K=0.0118  accepted=43  auc=0.7963  uauc=0.6122  loss=0.6400  (3.8s)
Round   16/30  coverage=0.4322  prec@K=0.0086  accepted=30  auc=0.7171  uauc=0.6194  loss=0.6379  (3.3s)
Round   17/30  coverage=0.4341  prec@K=0.0129  accepted=46  auc=0.7822  uauc=0.5968  loss=0.6392  (3.7s)
Round   18/30  coverage=0.4358  prec@K=0.0113  accepted=41  auc=0.8353  uauc=0.6189  loss=0.6393  (3.8s)
Round   19/30  coverage=0.4369  prec@K=0.0071  accepted=25  auc=0.7306  uauc=0.6032  loss=0.6372  (3.4s)
Round   20/30  coverage=0.4383  prec@K=0.0094  accepted=34  auc=0.7672  uauc=0.5432  loss=0.6375  (3.6s)
Round   21/30  coverage=0.4401  prec@K=0.0125  accepted=44  auc=0.7835  uauc=0.5599  loss=0.6381  (3.7s)
Round   22/30  coverage=0.4409  prec@K=0.0056  accepted=20  auc=0.8754  uauc=0.4950  loss=0.6367  (3.6s)
Round   23/30  coverage=0.4419  prec@K=0.0064  accepted=23  auc=0.7053  uauc=0.5384  loss=0.6356  (3.7s)
Round   24/30  coverage=0.4436  prec@K=0.0115  accepted=41  auc=0.8117  uauc=0.6155  loss=0.6382  (3.9s)
Round   25/30  coverage=0.4443  prec@K=0.0053  accepted=19  auc=0.6535  uauc=0.6605  loss=0.6351  (3.2s)
Round   26/30  coverage=0.4460  prec@K=0.0114  accepted=41  auc=0.8000  uauc=0.6418  loss=0.6364  (3.7s)
Round   27/30  coverage=0.4474  prec@K=0.0090  accepted=32  auc=0.7926  uauc=0.6035  loss=0.6358  (3.7s)
Round   28/30  coverage=0.4486  prec@K=0.0084  accepted=30  auc=0.6724  uauc=0.5791  loss=0.6357  (3.8s)
Round   29/30  coverage=0.4498  prec@K=0.0082  accepted=29  auc=0.7764  uauc=0.5075  loss=0.6353  (3.8s)
Round   30/30  coverage=0.4510  prec@K=0.0081  accepted=29  auc=0.7622  uauc=0.5966  loss=0.6356  (3.7s)

结果已写入 results\orchestrator\runs\ir40_constlr5e5_multiseed_bidir\bitcoin_alpha\gnn_sum_h8_s42/rounds.csv
