=== bitcoin_otc_jaccard_s0  started 2026-05-08T00:06:36 ===

C:\conda\envs\gnn\lib\site-packages\requests\__init__.py:86: RequestsDependencyWarning: Unable to find acceptable character detection dependency (chardet or charset_normalizer).
  warnings.warn(
C:\conda\envs\gnn\lib\site-packages\outdated\__init__.py:36: UserWarning: pkg_resources is deprecated as an API. See https://setuptools.pypa.io/en/latest/pkg_resources.html. The pkg_resources package is slated for removal as early as 2025-11-30. Refrain from using this package or pin to Setuptools<81.
  from pkg_resources import parse_version
Round    1/30  coverage=0.4014  prec@K=0.0088  accepted=49  auc=0.3664  uauc=0.5854  loss=nan  (0.4s)
Round    2/30  coverage=0.4027  prec@K=0.0085  accepted=47  auc=0.4475  uauc=0.7307  loss=nan  (0.2s)
Round    3/30  coverage=0.4041  prec@K=0.0090  accepted=50  auc=0.3914  uauc=0.6317  loss=nan  (0.3s)
Round    4/30  coverage=0.4053  prec@K=0.0078  accepted=43  auc=0.4198  uauc=0.5704  loss=nan  (0.3s)
Round    5/30  coverage=0.4067  prec@K=0.0092  accepted=52  auc=0.3400  uauc=0.5622  loss=nan  (0.3s)
Round    6/30  coverage=0.4081  prec@K=0.0086  accepted=48  auc=0.3715  uauc=0.5645  loss=nan  (0.4s)
Round    7/30  coverage=0.4094  prec@K=0.0085  accepted=47  auc=0.3637  uauc=0.5576  loss=nan  (0.3s)
Round    8/30  coverage=0.4105  prec@K=0.0069  accepted=38  auc=0.3537  uauc=0.5676  loss=nan  (0.3s)
Round    9/30  coverage=0.4118  prec@K=0.0085  accepted=47  auc=0.3648  uauc=0.6206  loss=nan  (0.4s)
Round   10/30  coverage=0.4126  prec@K=0.0054  accepted=30  auc=0.4472  uauc=0.6145  loss=nan  (0.4s)
Round   11/30  coverage=0.4137  prec@K=0.0070  accepted=39  auc=0.4531  uauc=0.6554  loss=nan  (0.6s)
Round   12/30  coverage=0.4149  prec@K=0.0075  accepted=42  auc=0.3499  uauc=0.5541  loss=nan  (0.4s)
Round   13/30  coverage=0.4159  prec@K=0.0063  accepted=35  auc=0.3441  uauc=0.4959  loss=nan  (0.5s)
Round   14/30  coverage=0.4170  prec@K=0.0067  accepted=38  auc=0.3053  uauc=0.4801  loss=nan  (0.5s)
Round   15/30  coverage=0.4177  prec@K=0.0045  accepted=25  auc=0.3336  uauc=0.6323  loss=nan  (0.5s)
Round   16/30  coverage=0.4185  prec@K=0.0056  accepted=31  auc=0.3976  uauc=0.5382  loss=nan  (0.5s)
Round   17/30  coverage=0.4196  prec@K=0.0068  accepted=38  auc=0.3772  uauc=0.6167  loss=nan  (0.6s)
Round   18/30  coverage=0.4206  prec@K=0.0063  accepted=35  auc=0.3058  uauc=0.5803  loss=nan  (0.5s)
Round   19/30  coverage=0.4213  prec@K=0.0042  accepted=24  auc=0.3210  uauc=0.4855  loss=nan  (0.6s)
Round   20/30  coverage=0.4223  prec@K=0.0066  accepted=37  auc=0.3839  uauc=0.6279  loss=nan  (0.6s)
Round   21/30  coverage=0.4231  prec@K=0.0048  accepted=27  auc=0.3581  uauc=0.5327  loss=nan  (0.8s)
Round   22/30  coverage=0.4238  prec@K=0.0049  accepted=27  auc=0.3701  uauc=0.5782  loss=nan  (0.6s)
Round   23/30  coverage=0.4248  prec@K=0.0063  accepted=35  auc=0.3458  uauc=0.6025  loss=nan  (0.7s)
Round   24/30  coverage=0.4259  prec@K=0.0069  accepted=38  auc=0.3591  uauc=0.5283  loss=nan  (0.7s)
Round   25/30  coverage=0.4264  prec@K=0.0033  accepted=18  auc=0.3747  uauc=0.7390  loss=nan  (0.6s)
Round   26/30  coverage=0.4270  prec@K=0.0042  accepted=23  auc=0.3777  uauc=0.7103  loss=nan  (0.7s)
Round   27/30  coverage=0.4276  prec@K=0.0036  accepted=20  auc=0.3744  uauc=0.5359  loss=nan  (0.7s)
Round   28/30  coverage=0.4286  prec@K=0.0063  accepted=35  auc=0.3544  uauc=0.6005  loss=nan  (0.8s)
Round   29/30  coverage=0.4295  prec@K=0.0057  accepted=32  auc=0.3306  uauc=0.5752  loss=nan  (0.7s)
Round   30/30  coverage=0.4302  prec@K=0.0046  accepted=26  auc=0.4004  uauc=0.5690  loss=nan  (0.9s)

结果已写入 results\orchestrator\runs\ir40_constlr5e5_multiseed_bidir\bitcoin_otc\jaccard_s0/rounds.csv
