=== bitcoin_otc_cn_s2  started 2026-05-07T23:51:14 ===

C:\conda\envs\gnn\lib\site-packages\requests\__init__.py:86: RequestsDependencyWarning: Unable to find acceptable character detection dependency (chardet or charset_normalizer).
  warnings.warn(
C:\conda\envs\gnn\lib\site-packages\outdated\__init__.py:36: UserWarning: pkg_resources is deprecated as an API. See https://setuptools.pypa.io/en/latest/pkg_resources.html. The pkg_resources package is slated for removal as early as 2025-11-30. Refrain from using this package or pin to Setuptools<81.
  from pkg_resources import parse_version
Round    1/30  coverage=0.4025  prec@K=0.0159  accepted=89  auc=0.8665  uauc=0.6173  loss=nan  (0.3s)
Round    2/30  coverage=0.4047  prec@K=0.0142  accepted=78  auc=0.8475  uauc=0.6166  loss=nan  (0.2s)
Round    3/30  coverage=0.4069  prec@K=0.0146  accepted=81  auc=0.8829  uauc=0.5847  loss=nan  (0.2s)
Round    4/30  coverage=0.4099  prec@K=0.0189  accepted=105  auc=0.8563  uauc=0.6303  loss=nan  (0.3s)
Round    5/30  coverage=0.4127  prec@K=0.0178  accepted=99  auc=0.8709  uauc=0.6326  loss=nan  (0.3s)
Round    6/30  coverage=0.4146  prec@K=0.0122  accepted=68  auc=0.8692  uauc=0.6474  loss=nan  (0.4s)
Round    7/30  coverage=0.4162  prec@K=0.0106  accepted=59  auc=0.8924  uauc=0.7012  loss=nan  (0.3s)
Round    8/30  coverage=0.4185  prec@K=0.0144  accepted=79  auc=0.8792  uauc=0.6120  loss=nan  (0.4s)
Round    9/30  coverage=0.4210  prec@K=0.0166  accepted=91  auc=0.8715  uauc=0.5935  loss=nan  (0.4s)
Round   10/30  coverage=0.4234  prec@K=0.0152  accepted=84  auc=0.8890  uauc=0.6701  loss=nan  (0.4s)
Round   11/30  coverage=0.4255  prec@K=0.0134  accepted=75  auc=0.8888  uauc=0.5500  loss=nan  (0.6s)
Round   12/30  coverage=0.4269  prec@K=0.0095  accepted=52  auc=0.8447  uauc=0.5184  loss=nan  (0.4s)
Round   13/30  coverage=0.4290  prec@K=0.0133  accepted=73  auc=0.8893  uauc=0.5884  loss=nan  (0.4s)
Round   14/30  coverage=0.4310  prec@K=0.0126  accepted=70  auc=0.8884  uauc=0.6294  loss=nan  (0.5s)
Round   15/30  coverage=0.4329  prec@K=0.0127  accepted=70  auc=0.8903  uauc=0.6298  loss=nan  (0.5s)
Round   16/30  coverage=0.4342  prec@K=0.0080  accepted=45  auc=0.9012  uauc=0.6420  loss=nan  (0.6s)
Round   17/30  coverage=0.4360  prec@K=0.0115  accepted=63  auc=0.9022  uauc=0.5814  loss=nan  (0.6s)
Round   18/30  coverage=0.4377  prec@K=0.0110  accepted=60  auc=0.9219  uauc=0.6119  loss=nan  (0.6s)
Round   19/30  coverage=0.4400  prec@K=0.0150  accepted=82  auc=0.9191  uauc=0.6723  loss=nan  (0.6s)
Round   20/30  coverage=0.4414  prec@K=0.0092  accepted=50  auc=0.9264  uauc=0.6477  loss=nan  (0.6s)
Round   21/30  coverage=0.4425  prec@K=0.0071  accepted=39  auc=0.8863  uauc=0.6084  loss=nan  (0.9s)
Round   22/30  coverage=0.4439  prec@K=0.0092  accepted=51  auc=0.9135  uauc=0.6792  loss=nan  (0.7s)
Round   23/30  coverage=0.4453  prec@K=0.0091  accepted=50  auc=0.8843  uauc=0.5930  loss=nan  (0.6s)
Round   24/30  coverage=0.4472  prec@K=0.0123  accepted=69  auc=0.9239  uauc=0.7177  loss=nan  (0.7s)
Round   25/30  coverage=0.4491  prec@K=0.0118  accepted=66  auc=0.9313  uauc=0.6706  loss=nan  (0.8s)
Round   26/30  coverage=0.4507  prec@K=0.0103  accepted=57  auc=0.9291  uauc=0.6499  loss=nan  (0.8s)
Round   27/30  coverage=0.4520  prec@K=0.0081  accepted=45  auc=0.8988  uauc=0.6417  loss=nan  (0.8s)
Round   28/30  coverage=0.4534  prec@K=0.0096  accepted=53  auc=0.9367  uauc=0.7184  loss=nan  (0.8s)
Round   29/30  coverage=0.4545  prec@K=0.0071  accepted=39  auc=0.8997  uauc=0.6645  loss=nan  (0.8s)
Round   30/30  coverage=0.4559  prec@K=0.0085  accepted=47  auc=0.8957  uauc=0.5952  loss=nan  (0.9s)

结果已写入 results\orchestrator\runs\ir40_constlr5e5_multiseed_bidir\bitcoin_otc\cn_s2/rounds.csv
