=== bitcoin_alpha_gnn_sum_h8_s2  started 2026-05-07T23:28:08 ===

C:\conda\envs\gnn\lib\site-packages\requests\__init__.py:86: RequestsDependencyWarning: Unable to find acceptable character detection dependency (chardet or charset_normalizer).
  warnings.warn(
C:\conda\envs\gnn\lib\site-packages\outdated\__init__.py:36: UserWarning: pkg_resources is deprecated as an API. See https://setuptools.pypa.io/en/latest/pkg_resources.html. The pkg_resources package is slated for removal as early as 2025-11-30. Refrain from using this package or pin to Setuptools<81.
  from pkg_resources import parse_version
Round    1/30  coverage=0.4007  prec@K=0.0050  accepted=18  auc=0.2820  uauc=0.4279  loss=0.5260  (4.3s)
Round    2/30  coverage=0.4016  prec@K=0.0060  accepted=21  auc=0.4300  uauc=0.5007  loss=0.5259  (3.4s)
Round    3/30  coverage=0.4021  prec@K=0.0034  accepted=12  auc=0.3918  uauc=0.4396  loss=0.5246  (3.0s)
Round    4/30  coverage=0.4030  prec@K=0.0064  accepted=23  auc=0.3601  uauc=0.5540  loss=0.5255  (3.3s)
Round    5/30  coverage=0.4039  prec@K=0.0056  accepted=20  auc=0.4521  uauc=0.5412  loss=0.5240  (3.5s)
Round    6/30  coverage=0.4044  prec@K=0.0036  accepted=13  auc=0.5066  uauc=0.5641  loss=0.5232  (3.3s)
Round    7/30  coverage=0.4047  prec@K=0.0017  accepted=6  auc=0.2428  uauc=0.4062  loss=0.5221  (3.3s)
Round    8/30  coverage=0.4053  prec@K=0.0044  accepted=16  auc=0.3904  uauc=0.4965  loss=0.5230  (3.6s)
Round    9/30  coverage=0.4056  prec@K=0.0017  accepted=6  auc=0.2239  uauc=0.4556  loss=0.5205  (3.4s)
Round   10/30  coverage=0.4060  prec@K=0.0030  accepted=11  auc=0.3755  uauc=0.4823  loss=0.5219  (3.5s)
Round   11/30  coverage=0.4064  prec@K=0.0025  accepted=9  auc=0.4007  uauc=0.5309  loss=0.5209  (3.4s)
Round   12/30  coverage=0.4066  prec@K=0.0017  accepted=6  auc=0.3771  uauc=0.4931  loss=0.5199  (3.6s)
Round   13/30  coverage=0.4069  prec@K=0.0017  accepted=6  auc=0.4672  uauc=0.3056  loss=0.5193  (3.9s)
Round   14/30  coverage=0.4071  prec@K=0.0011  accepted=4  auc=0.1438  uauc=0.5694  loss=0.5187  (3.4s)
Round   15/30  coverage=0.4073  prec@K=0.0020  accepted=7  auc=0.4054  uauc=0.5000  loss=0.5192  (3.2s)
Round   16/30  coverage=0.4078  prec@K=0.0029  accepted=10  auc=0.2771  uauc=0.3488  loss=0.5195  (3.4s)
Round   17/30  coverage=0.4082  prec@K=0.0031  accepted=11  auc=0.4666  uauc=0.5278  loss=0.5185  (3.6s)
Round   18/30  coverage=0.4085  prec@K=0.0022  accepted=8  auc=0.3617  uauc=0.5625  loss=0.5183  (3.5s)
Round   19/30  coverage=0.4090  prec@K=0.0031  accepted=11  auc=0.3128  uauc=0.5951  loss=0.5183  (3.6s)
Round   20/30  coverage=0.4093  prec@K=0.0020  accepted=7  auc=0.5763  uauc=0.4792  loss=0.5172  (3.7s)
Round   21/30  coverage=0.4097  prec@K=0.0025  accepted=9  auc=0.3653  uauc=0.3951  loss=0.5173  (3.9s)
Round   22/30  coverage=0.4097  prec@K=0.0006  accepted=2  auc=0.7705  uauc=0.7500  loss=0.5159  (3.6s)
Round   23/30  coverage=0.4099  prec@K=0.0011  accepted=4  auc=0.5333  uauc=0.6157  loss=0.5156  (3.6s)
Round   24/30  coverage=0.4102  prec@K=0.0020  accepted=7  auc=0.4150  uauc=0.2818  loss=0.5152  (3.5s)
Round   25/30  coverage=0.4107  prec@K=0.0036  accepted=13  auc=0.3041  uauc=0.5347  loss=0.5164  (3.6s)
Round   26/30  coverage=0.4111  prec@K=0.0023  accepted=8  auc=0.3948  uauc=0.3849  loss=0.5151  (3.4s)
Round   27/30  coverage=0.4111  prec@K=0.0006  accepted=2  auc=0.0874  uauc=0.3056  loss=0.5140  (3.4s)
Round   28/30  coverage=0.4114  prec@K=0.0014  accepted=5  auc=0.3720  uauc=0.4306  loss=0.5140  (3.6s)
Round   29/30  coverage=0.4115  prec@K=0.0011  accepted=4  auc=0.5547  uauc=0.4722  loss=0.5138  (3.9s)
Round   30/30  coverage=0.4116  prec@K=0.0006  accepted=2  auc=0.4718  uauc=0.1944  loss=0.5122  (3.4s)

结果已写入 results\orchestrator\runs\ir40_constlr5e5_multiseed_bidir\bitcoin_alpha\gnn_sum_h8_s2/rounds.csv
