=== bitcoin_otc_pa_s1  started 2026-05-08T00:07:27 ===

C:\conda\envs\gnn\lib\site-packages\requests\__init__.py:86: RequestsDependencyWarning: Unable to find acceptable character detection dependency (chardet or charset_normalizer).
  warnings.warn(
C:\conda\envs\gnn\lib\site-packages\outdated\__init__.py:36: UserWarning: pkg_resources is deprecated as an API. See https://setuptools.pypa.io/en/latest/pkg_resources.html. The pkg_resources package is slated for removal as early as 2025-11-30. Refrain from using this package or pin to Setuptools<81.
  from pkg_resources import parse_version
Round    1/30  coverage=0.4029  prec@K=0.0192  accepted=105  auc=0.8140  uauc=0.6523  loss=nan  (0.4s)
Round    2/30  coverage=0.4062  prec@K=0.0214  accepted=118  auc=0.8113  uauc=0.5687  loss=nan  (0.2s)
Round    3/30  coverage=0.4090  prec@K=0.0177  accepted=98  auc=0.8449  uauc=0.6436  loss=nan  (0.2s)
Round    4/30  coverage=0.4114  prec@K=0.0157  accepted=87  auc=0.8191  uauc=0.5885  loss=nan  (0.3s)
Round    5/30  coverage=0.4139  prec@K=0.0158  accepted=87  auc=0.8602  uauc=0.6058  loss=nan  (0.3s)
Round    6/30  coverage=0.4158  prec@K=0.0124  accepted=68  auc=0.7854  uauc=0.5893  loss=nan  (0.4s)
Round    7/30  coverage=0.4184  prec@K=0.0165  accepted=92  auc=0.8594  uauc=0.6274  loss=nan  (0.3s)
Round    8/30  coverage=0.4202  prec@K=0.0115  accepted=64  auc=0.8118  uauc=0.6068  loss=nan  (0.4s)
Round    9/30  coverage=0.4224  prec@K=0.0145  accepted=80  auc=0.8416  uauc=0.6425  loss=nan  (0.4s)
Round   10/30  coverage=0.4244  prec@K=0.0130  accepted=72  auc=0.8140  uauc=0.6655  loss=nan  (0.4s)
Round   11/30  coverage=0.4264  prec@K=0.0122  accepted=68  auc=0.8333  uauc=0.6222  loss=nan  (0.6s)
Round   12/30  coverage=0.4283  prec@K=0.0123  accepted=68  auc=0.8693  uauc=0.6125  loss=nan  (0.4s)
Round   13/30  coverage=0.4303  prec@K=0.0133  accepted=74  auc=0.8252  uauc=0.5569  loss=nan  (0.4s)
Round   14/30  coverage=0.4320  prec@K=0.0101  accepted=57  auc=0.8474  uauc=0.6135  loss=nan  (0.5s)
Round   15/30  coverage=0.4336  prec@K=0.0102  accepted=57  auc=0.8988  uauc=0.6417  loss=nan  (0.5s)
Round   16/30  coverage=0.4354  prec@K=0.0119  accepted=66  auc=0.8482  uauc=0.6116  loss=nan  (0.5s)
Round   17/30  coverage=0.4373  prec@K=0.0123  accepted=68  auc=0.8251  uauc=0.6138  loss=nan  (0.5s)
Round   18/30  coverage=0.4387  prec@K=0.0086  accepted=48  auc=0.8847  uauc=0.5873  loss=nan  (0.6s)
Round   19/30  coverage=0.4402  prec@K=0.0097  accepted=53  auc=0.8251  uauc=0.5504  loss=nan  (0.6s)
Round   20/30  coverage=0.4413  prec@K=0.0076  accepted=42  auc=0.8492  uauc=0.6383  loss=nan  (0.5s)
Round   21/30  coverage=0.4424  prec@K=0.0070  accepted=39  auc=0.8854  uauc=0.6552  loss=nan  (0.8s)
Round   22/30  coverage=0.4436  prec@K=0.0073  accepted=41  auc=0.9146  uauc=0.6900  loss=nan  (0.6s)
Round   23/30  coverage=0.4450  prec@K=0.0089  accepted=49  auc=0.8432  uauc=0.5478  loss=nan  (0.6s)
Round   24/30  coverage=0.4466  prec@K=0.0106  accepted=59  auc=0.8308  uauc=0.6187  loss=nan  (0.6s)
Round   25/30  coverage=0.4481  prec@K=0.0092  accepted=51  auc=0.8797  uauc=0.5993  loss=nan  (0.6s)
Round   26/30  coverage=0.4497  prec@K=0.0101  accepted=57  auc=0.9052  uauc=0.5787  loss=nan  (0.7s)
Round   27/30  coverage=0.4510  prec@K=0.0087  accepted=48  auc=0.8927  uauc=0.6862  loss=nan  (0.6s)
Round   28/30  coverage=0.4528  prec@K=0.0118  accepted=65  auc=0.9123  uauc=0.6103  loss=nan  (0.7s)
Round   29/30  coverage=0.4538  prec@K=0.0065  accepted=36  auc=0.8642  uauc=0.5542  loss=nan  (0.7s)
Round   30/30  coverage=0.4551  prec@K=0.0082  accepted=46  auc=0.8995  uauc=0.5328  loss=nan  (0.8s)

结果已写入 results\orchestrator\runs\ir40_constlr5e5_multiseed_bidir\bitcoin_otc\pa_s1/rounds.csv
