=== bitcoin_alpha_cn_s1  started 2026-05-07T23:20:43 ===

C:\conda\envs\gnn\lib\site-packages\requests\__init__.py:86: RequestsDependencyWarning: Unable to find acceptable character detection dependency (chardet or charset_normalizer).
  warnings.warn(
C:\conda\envs\gnn\lib\site-packages\outdated\__init__.py:36: UserWarning: pkg_resources is deprecated as an API. See https://setuptools.pypa.io/en/latest/pkg_resources.html. The pkg_resources package is slated for removal as early as 2025-11-30. Refrain from using this package or pin to Setuptools<81.
  from pkg_resources import parse_version
Round    1/30  coverage=0.4034  prec@K=0.0230  accepted=83  auc=0.8630  uauc=0.6150  loss=nan  (0.2s)
Round    2/30  coverage=0.4059  prec@K=0.0171  accepted=61  auc=0.8787  uauc=0.6187  loss=nan  (0.1s)
Round    3/30  coverage=0.4091  prec@K=0.0214  accepted=77  auc=0.8441  uauc=0.6162  loss=nan  (0.1s)
Round    4/30  coverage=0.4125  prec@K=0.0229  accepted=81  auc=0.8939  uauc=0.6427  loss=nan  (0.1s)
Round    5/30  coverage=0.4158  prec@K=0.0222  accepted=80  auc=0.8712  uauc=0.5543  loss=nan  (0.1s)
Round    6/30  coverage=0.4193  prec@K=0.0245  accepted=86  auc=0.8880  uauc=0.6270  loss=nan  (0.2s)
Round    7/30  coverage=0.4233  prec@K=0.0273  accepted=97  auc=0.9039  uauc=0.6266  loss=nan  (0.2s)
Round    8/30  coverage=0.4267  prec@K=0.0228  accepted=81  auc=0.9026  uauc=0.6482  loss=nan  (0.2s)
Round    9/30  coverage=0.4291  prec@K=0.0166  accepted=59  auc=0.9104  uauc=0.6986  loss=nan  (0.2s)
Round   10/30  coverage=0.4313  prec@K=0.0146  accepted=52  auc=0.9128  uauc=0.6124  loss=nan  (0.2s)
Round   11/30  coverage=0.4338  prec@K=0.0168  accepted=61  auc=0.9159  uauc=0.6384  loss=nan  (0.3s)
Round   12/30  coverage=0.4368  prec@K=0.0201  accepted=72  auc=0.9091  uauc=0.6220  loss=nan  (0.2s)
Round   13/30  coverage=0.4392  prec@K=0.0165  accepted=58  auc=0.8957  uauc=0.5919  loss=nan  (0.2s)
Round   14/30  coverage=0.4417  prec@K=0.0169  accepted=61  auc=0.8799  uauc=0.6025  loss=nan  (0.2s)
Round   15/30  coverage=0.4440  prec@K=0.0157  accepted=56  auc=0.9223  uauc=0.6033  loss=nan  (0.2s)
Round   16/30  coverage=0.4465  prec@K=0.0171  accepted=61  auc=0.9053  uauc=0.6303  loss=nan  (0.2s)
Round   17/30  coverage=0.4491  prec@K=0.0174  accepted=63  auc=0.9094  uauc=0.5925  loss=nan  (0.2s)
Round   18/30  coverage=0.4515  prec@K=0.0160  accepted=58  auc=0.8849  uauc=0.5729  loss=nan  (0.2s)
Round   19/30  coverage=0.4532  prec@K=0.0114  accepted=41  auc=0.8625  uauc=0.6471  loss=nan  (0.2s)
Round   20/30  coverage=0.4552  prec@K=0.0135  accepted=48  auc=0.9035  uauc=0.6086  loss=nan  (0.2s)
Round   21/30  coverage=0.4573  prec@K=0.0144  accepted=51  auc=0.8955  uauc=0.6230  loss=nan  (0.5s)
Round   22/30  coverage=0.4596  prec@K=0.0151  accepted=54  auc=0.9128  uauc=0.6225  loss=nan  (0.3s)
Round   23/30  coverage=0.4613  prec@K=0.0116  accepted=41  auc=0.8990  uauc=0.5728  loss=nan  (0.3s)
Round   24/30  coverage=0.4632  prec@K=0.0134  accepted=48  auc=0.9243  uauc=0.5926  loss=nan  (0.3s)
Round   25/30  coverage=0.4652  prec@K=0.0130  accepted=47  auc=0.9094  uauc=0.5159  loss=nan  (0.3s)
Round   26/30  coverage=0.4678  prec@K=0.0176  accepted=64  auc=0.9251  uauc=0.6161  loss=nan  (0.3s)
Round   27/30  coverage=0.4691  prec@K=0.0084  accepted=30  auc=0.9055  uauc=0.6283  loss=nan  (0.3s)
Round   28/30  coverage=0.4706  prec@K=0.0107  accepted=38  auc=0.9175  uauc=0.6567  loss=nan  (0.3s)
Round   29/30  coverage=0.4723  prec@K=0.0108  accepted=39  auc=0.9158  uauc=0.6693  loss=nan  (0.3s)
Round   30/30  coverage=0.4737  prec@K=0.0098  accepted=35  auc=0.9125  uauc=0.6471  loss=nan  (0.3s)

结果已写入 results\orchestrator\runs\ir40_constlr5e5_multiseed_bidir\bitcoin_alpha\cn_s1/rounds.csv
