=== bitcoin_otc_gnn_sum_s1  started 2026-05-08T00:01:01 ===

C:\conda\envs\gnn\lib\site-packages\requests\__init__.py:86: RequestsDependencyWarning: Unable to find acceptable character detection dependency (chardet or charset_normalizer).
  warnings.warn(
C:\conda\envs\gnn\lib\site-packages\outdated\__init__.py:36: UserWarning: pkg_resources is deprecated as an API. See https://setuptools.pypa.io/en/latest/pkg_resources.html. The pkg_resources package is slated for removal as early as 2025-11-30. Refrain from using this package or pin to Setuptools<81.
  from pkg_resources import parse_version
Round    1/30  coverage=0.4017  prec@K=0.0115  accepted=63  auc=0.2659  uauc=0.7496  loss=0.7235  (6.2s)
Round    2/30  coverage=0.4035  prec@K=0.0116  accepted=64  auc=0.2887  uauc=0.8044  loss=0.7202  (5.4s)
Round    3/30  coverage=0.4049  prec@K=0.0088  accepted=49  auc=0.2861  uauc=0.7982  loss=0.7177  (5.2s)
Round    4/30  coverage=0.4062  prec@K=0.0079  accepted=44  auc=0.3280  uauc=0.7405  loss=0.7153  (5.2s)
Round    5/30  coverage=0.4074  prec@K=0.0078  accepted=43  auc=0.2282  uauc=0.7481  loss=0.7128  (5.3s)
Round    6/30  coverage=0.4089  prec@K=0.0100  accepted=55  auc=0.2875  uauc=0.7570  loss=0.7107  (5.1s)
Round    7/30  coverage=0.4100  prec@K=0.0066  accepted=37  auc=0.2013  uauc=0.7654  loss=0.7072  (5.9s)
Round    8/30  coverage=0.4111  prec@K=0.0072  accepted=40  auc=0.1835  uauc=0.8124  loss=0.7051  (5.5s)
Round    9/30  coverage=0.4122  prec@K=0.0072  accepted=40  auc=0.2230  uauc=0.7120  loss=0.7030  (5.7s)
Round   10/30  coverage=0.4134  prec@K=0.0074  accepted=41  auc=0.2492  uauc=0.7664  loss=0.6998  (6.1s)
Round   11/30  coverage=0.4144  prec@K=0.0070  accepted=39  auc=0.2343  uauc=0.7026  loss=0.6968  (5.9s)
Round   12/30  coverage=0.4152  prec@K=0.0047  accepted=26  auc=0.2547  uauc=0.7373  loss=0.6942  (5.9s)
Round   13/30  coverage=0.4164  prec@K=0.0077  accepted=43  auc=0.2697  uauc=0.7341  loss=0.6913  (6.0s)
Round   14/30  coverage=0.4173  prec@K=0.0057  accepted=32  auc=0.2497  uauc=0.7899  loss=0.6906  (5.8s)
Round   15/30  coverage=0.4180  prec@K=0.0049  accepted=27  auc=0.2079  uauc=0.8775  loss=0.6879  (6.2s)
Round   16/30  coverage=0.4190  prec@K=0.0059  accepted=33  auc=0.2667  uauc=0.7513  loss=0.6842  (6.1s)
Round   17/30  coverage=0.4198  prec@K=0.0054  accepted=30  auc=0.3180  uauc=0.8073  loss=0.6817  (6.0s)
Round   18/30  coverage=0.4208  prec@K=0.0063  accepted=35  auc=0.1575  uauc=0.8859  loss=0.6792  (6.0s)
Round   19/30  coverage=0.4216  prec@K=0.0053  accepted=29  auc=0.1812  uauc=0.6845  loss=0.6774  (5.7s)
Round   20/30  coverage=0.4223  prec@K=0.0042  accepted=23  auc=0.1716  uauc=0.8109  loss=0.6742  (5.7s)
Round   21/30  coverage=0.4229  prec@K=0.0041  accepted=23  auc=0.2094  uauc=0.8110  loss=0.6722  (6.1s)
Round   22/30  coverage=0.4235  prec@K=0.0039  accepted=22  auc=0.1778  uauc=0.8750  loss=0.6702  (5.9s)
Round   23/30  coverage=0.4241  prec@K=0.0040  accepted=22  auc=0.3362  uauc=0.8587  loss=0.6659  (5.9s)
Round   24/30  coverage=0.4249  prec@K=0.0047  accepted=26  auc=0.2258  uauc=0.7268  loss=0.6635  (6.3s)
Round   25/30  coverage=0.4257  prec@K=0.0056  accepted=31  auc=0.1778  uauc=0.8011  loss=0.6622  (6.1s)
Round   26/30  coverage=0.4264  prec@K=0.0041  accepted=23  auc=0.1590  uauc=0.8094  loss=0.6591  (6.5s)
Round   27/30  coverage=0.4271  prec@K=0.0043  accepted=24  auc=0.2516  uauc=0.7172  loss=0.6555  (6.5s)
Round   28/30  coverage=0.4279  prec@K=0.0054  accepted=30  auc=0.2367  uauc=0.8370  loss=0.6526  (6.8s)
Round   29/30  coverage=0.4285  prec@K=0.0036  accepted=20  auc=0.1753  uauc=0.7535  loss=0.6524  (6.0s)
Round   30/30  coverage=0.4290  prec@K=0.0036  accepted=20  auc=0.2530  uauc=0.7307  loss=0.6484  (6.4s)

结果已写入 results\orchestrator\runs\ir40_constlr5e5_multiseed_bidir\bitcoin_otc\gnn_sum_s1/rounds.csv
