=== bitcoin_otc_pa_s0  started 2026-05-08T00:07:17 ===

C:\conda\envs\gnn\lib\site-packages\requests\__init__.py:86: RequestsDependencyWarning: Unable to find acceptable character detection dependency (chardet or charset_normalizer).
  warnings.warn(
C:\conda\envs\gnn\lib\site-packages\outdated\__init__.py:36: UserWarning: pkg_resources is deprecated as an API. See https://setuptools.pypa.io/en/latest/pkg_resources.html. The pkg_resources package is slated for removal as early as 2025-11-30. Refrain from using this package or pin to Setuptools<81.
  from pkg_resources import parse_version
Round    1/30  coverage=0.4030  prec@K=0.0192  accepted=107  auc=0.8130  uauc=0.6210  loss=nan  (0.4s)
Round    2/30  coverage=0.4056  prec@K=0.0169  accepted=93  auc=0.8266  uauc=0.6263  loss=nan  (0.2s)
Round    3/30  coverage=0.4082  prec@K=0.0166  accepted=92  auc=0.8391  uauc=0.6162  loss=nan  (0.2s)
Round    4/30  coverage=0.4105  prec@K=0.0151  accepted=83  auc=0.8291  uauc=0.5903  loss=nan  (0.3s)
Round    5/30  coverage=0.4127  prec@K=0.0140  accepted=79  auc=0.7770  uauc=0.5659  loss=nan  (0.3s)
Round    6/30  coverage=0.4150  prec@K=0.0144  accepted=80  auc=0.8191  uauc=0.6198  loss=nan  (0.4s)
Round    7/30  coverage=0.4173  prec@K=0.0148  accepted=82  auc=0.8694  uauc=0.6452  loss=nan  (0.3s)
Round    8/30  coverage=0.4193  prec@K=0.0130  accepted=72  auc=0.8450  uauc=0.5971  loss=nan  (0.4s)
Round    9/30  coverage=0.4218  prec@K=0.0159  accepted=88  auc=0.8084  uauc=0.5799  loss=nan  (0.4s)
Round   10/30  coverage=0.4239  prec@K=0.0138  accepted=77  auc=0.8719  uauc=0.6237  loss=nan  (0.4s)
Round   11/30  coverage=0.4261  prec@K=0.0138  accepted=77  auc=0.7700  uauc=0.5347  loss=nan  (0.6s)
Round   12/30  coverage=0.4279  prec@K=0.0115  accepted=64  auc=0.8755  uauc=0.6321  loss=nan  (0.4s)
Round   13/30  coverage=0.4298  prec@K=0.0119  accepted=66  auc=0.8640  uauc=0.6433  loss=nan  (0.5s)
Round   14/30  coverage=0.4314  prec@K=0.0105  accepted=59  auc=0.8707  uauc=0.7061  loss=nan  (0.4s)
Round   15/30  coverage=0.4329  prec@K=0.0096  accepted=53  auc=0.8586  uauc=0.6339  loss=nan  (0.5s)
Round   16/30  coverage=0.4346  prec@K=0.0108  accepted=60  auc=0.7771  uauc=0.6297  loss=nan  (0.5s)
Round   17/30  coverage=0.4363  prec@K=0.0110  accepted=62  auc=0.8454  uauc=0.5497  loss=nan  (0.6s)
Round   18/30  coverage=0.4379  prec@K=0.0099  accepted=55  auc=0.8663  uauc=0.6214  loss=nan  (0.5s)
Round   19/30  coverage=0.4395  prec@K=0.0101  accepted=57  auc=0.8371  uauc=0.5740  loss=nan  (0.6s)
Round   20/30  coverage=0.4408  prec@K=0.0082  accepted=46  auc=0.8353  uauc=0.5819  loss=nan  (0.6s)
Round   21/30  coverage=0.4420  prec@K=0.0079  accepted=44  auc=0.8651  uauc=0.5979  loss=nan  (0.8s)
Round   22/30  coverage=0.4434  prec@K=0.0088  accepted=49  auc=0.8795  uauc=0.7113  loss=nan  (0.6s)
Round   23/30  coverage=0.4447  prec@K=0.0082  accepted=46  auc=0.9093  uauc=0.6546  loss=nan  (0.7s)
Round   24/30  coverage=0.4459  prec@K=0.0082  accepted=45  auc=0.8911  uauc=0.6031  loss=nan  (0.7s)
Round   25/30  coverage=0.4469  prec@K=0.0060  accepted=33  auc=0.9155  uauc=0.6320  loss=nan  (0.6s)
Round   26/30  coverage=0.4484  prec@K=0.0101  accepted=56  auc=0.8701  uauc=0.7002  loss=nan  (0.7s)
Round   27/30  coverage=0.4496  prec@K=0.0072  accepted=40  auc=0.8860  uauc=0.6282  loss=nan  (0.7s)
Round   28/30  coverage=0.4511  prec@K=0.0096  accepted=53  auc=0.9177  uauc=0.6188  loss=nan  (0.8s)
Round   29/30  coverage=0.4519  prec@K=0.0054  accepted=30  auc=0.9008  uauc=0.6070  loss=nan  (0.7s)
Round   30/30  coverage=0.4530  prec@K=0.0070  accepted=39  auc=0.8656  uauc=0.6640  loss=nan  (0.9s)

结果已写入 results\orchestrator\runs\ir40_constlr5e5_multiseed_bidir\bitcoin_otc\pa_s0/rounds.csv
