=== bitcoin_otc_gnn_sum_s0  started 2026-05-08T00:00:51 ===

C:\conda\envs\gnn\lib\site-packages\requests\__init__.py:86: RequestsDependencyWarning: Unable to find acceptable character detection dependency (chardet or charset_normalizer).
  warnings.warn(
C:\conda\envs\gnn\lib\site-packages\outdated\__init__.py:36: UserWarning: pkg_resources is deprecated as an API. See https://setuptools.pypa.io/en/latest/pkg_resources.html. The pkg_resources package is slated for removal as early as 2025-11-30. Refrain from using this package or pin to Setuptools<81.
  from pkg_resources import parse_version
Round    1/30  coverage=0.4013  prec@K=0.0083  accepted=46  auc=0.6366  uauc=0.5956  loss=0.6819  (6.5s)
Round    2/30  coverage=0.4032  prec@K=0.0123  accepted=68  auc=0.6688  uauc=0.6686  loss=0.6796  (5.4s)
Round    3/30  coverage=0.4048  prec@K=0.0106  accepted=59  auc=0.5892  uauc=0.6048  loss=0.6770  (5.6s)
Round    4/30  coverage=0.4066  prec@K=0.0117  accepted=64  auc=0.6116  uauc=0.6460  loss=0.6748  (5.4s)
Round    5/30  coverage=0.4082  prec@K=0.0098  accepted=55  auc=0.5651  uauc=0.6688  loss=0.6728  (5.6s)
Round    6/30  coverage=0.4100  prec@K=0.0115  accepted=64  auc=0.5948  uauc=0.6962  loss=0.6705  (5.5s)
Round    7/30  coverage=0.4114  prec@K=0.0094  accepted=52  auc=0.6023  uauc=0.7345  loss=0.6677  (5.3s)
Round    8/30  coverage=0.4123  prec@K=0.0054  accepted=30  auc=0.5370  uauc=0.7101  loss=0.6653  (5.6s)
Round    9/30  coverage=0.4138  prec@K=0.0096  accepted=53  auc=0.4366  uauc=0.6845  loss=0.6633  (5.6s)
Round   10/30  coverage=0.4150  prec@K=0.0075  accepted=42  auc=0.3983  uauc=0.7055  loss=0.6611  (5.8s)
Round   11/30  coverage=0.4166  prec@K=0.0103  accepted=57  auc=0.3345  uauc=0.7564  loss=0.6591  (5.9s)
Round   12/30  coverage=0.4177  prec@K=0.0070  accepted=39  auc=0.3394  uauc=0.6507  loss=0.6568  (5.9s)
Round   13/30  coverage=0.4188  prec@K=0.0076  accepted=42  auc=0.3207  uauc=0.7512  loss=0.6540  (5.9s)
Round   14/30  coverage=0.4199  prec@K=0.0067  accepted=38  auc=0.2423  uauc=0.6783  loss=0.6520  (6.0s)
Round   15/30  coverage=0.4212  prec@K=0.0081  accepted=45  auc=0.2655  uauc=0.6469  loss=0.6491  (5.5s)
Round   16/30  coverage=0.4224  prec@K=0.0079  accepted=44  auc=0.2274  uauc=0.7189  loss=0.6477  (5.8s)
Round   17/30  coverage=0.4234  prec@K=0.0066  accepted=37  auc=0.2146  uauc=0.7139  loss=0.6450  (6.1s)
Round   18/30  coverage=0.4248  prec@K=0.0085  accepted=47  auc=0.2779  uauc=0.7112  loss=0.6431  (5.9s)
Round   19/30  coverage=0.4255  prec@K=0.0048  accepted=27  auc=0.2552  uauc=0.6675  loss=0.6405  (5.9s)
Round   20/30  coverage=0.4267  prec@K=0.0075  accepted=42  auc=0.2513  uauc=0.7475  loss=0.6381  (6.3s)
Round   21/30  coverage=0.4277  prec@K=0.0061  accepted=34  auc=0.2086  uauc=0.7978  loss=0.6364  (6.1s)
Round   22/30  coverage=0.4285  prec@K=0.0052  accepted=29  auc=0.2615  uauc=0.7094  loss=0.6339  (5.9s)
Round   23/30  coverage=0.4295  prec@K=0.0063  accepted=35  auc=0.2225  uauc=0.7044  loss=0.6309  (6.3s)
Round   24/30  coverage=0.4303  prec@K=0.0058  accepted=32  auc=0.1409  uauc=0.6824  loss=0.6294  (5.9s)
Round   25/30  coverage=0.4312  prec@K=0.0056  accepted=31  auc=0.1948  uauc=0.7113  loss=0.6270  (6.0s)
Round   26/30  coverage=0.4323  prec@K=0.0073  accepted=40  auc=0.2028  uauc=0.7347  loss=0.6249  (6.1s)
Round   27/30  coverage=0.4327  prec@K=0.0025  accepted=14  auc=0.1612  uauc=0.6876  loss=0.6219  (6.5s)
Round   28/30  coverage=0.4334  prec@K=0.0045  accepted=25  auc=0.1107  uauc=0.7712  loss=0.6204  (6.3s)
Round   29/30  coverage=0.4341  prec@K=0.0041  accepted=23  auc=0.1343  uauc=0.7243  loss=0.6184  (6.1s)
Round   30/30  coverage=0.4350  prec@K=0.0059  accepted=33  auc=0.1344  uauc=0.6656  loss=0.6159  (6.3s)

结果已写入 results\orchestrator\runs\ir40_constlr5e5_multiseed_bidir\bitcoin_otc\gnn_sum_s0/rounds.csv
