=== bitcoin_alpha_aa_s42  started 2026-05-07T23:20:30 ===

C:\conda\envs\gnn\lib\site-packages\requests\__init__.py:86: RequestsDependencyWarning: Unable to find acceptable character detection dependency (chardet or charset_normalizer).
  warnings.warn(
C:\conda\envs\gnn\lib\site-packages\outdated\__init__.py:36: UserWarning: pkg_resources is deprecated as an API. See https://setuptools.pypa.io/en/latest/pkg_resources.html. The pkg_resources package is slated for removal as early as 2025-11-30. Refrain from using this package or pin to Setuptools<81.
  from pkg_resources import parse_version
Round    1/30  coverage=0.4032  prec@K=0.0223  accepted=79  auc=0.8989  uauc=0.6460  loss=nan  (0.3s)
Round    2/30  coverage=0.4066  prec@K=0.0226  accepted=80  auc=0.8701  uauc=0.6306  loss=nan  (0.2s)
Round    3/30  coverage=0.4101  prec@K=0.0239  accepted=85  auc=0.9245  uauc=0.6458  loss=nan  (0.2s)
Round    4/30  coverage=0.4135  prec@K=0.0230  accepted=83  auc=0.9136  uauc=0.6323  loss=nan  (0.2s)
Round    5/30  coverage=0.4168  prec@K=0.0223  accepted=79  auc=0.8842  uauc=0.6714  loss=nan  (0.2s)
Round    6/30  coverage=0.4191  prec@K=0.0164  accepted=57  auc=0.8789  uauc=0.5956  loss=nan  (0.2s)
Round    7/30  coverage=0.4222  prec@K=0.0210  accepted=75  auc=0.8960  uauc=0.6621  loss=nan  (0.2s)
Round    8/30  coverage=0.4253  prec@K=0.0211  accepted=75  auc=0.8651  uauc=0.6556  loss=nan  (0.2s)
Round    9/30  coverage=0.4276  prec@K=0.0151  accepted=54  auc=0.9106  uauc=0.5457  loss=nan  (0.2s)
Round   10/30  coverage=0.4304  prec@K=0.0189  accepted=68  auc=0.9012  uauc=0.6793  loss=nan  (0.2s)
Round   11/30  coverage=0.4320  prec@K=0.0110  accepted=39  auc=0.9029  uauc=0.5373  loss=nan  (0.3s)
Round   12/30  coverage=0.4351  prec@K=0.0214  accepted=76  auc=0.9002  uauc=0.6820  loss=nan  (0.3s)
Round   13/30  coverage=0.4380  prec@K=0.0194  accepted=69  auc=0.9308  uauc=0.7141  loss=nan  (0.3s)
Round   14/30  coverage=0.4404  prec@K=0.0163  accepted=59  auc=0.9185  uauc=0.6893  loss=nan  (0.3s)
Round   15/30  coverage=0.4430  prec@K=0.0173  accepted=63  auc=0.8817  uauc=0.6394  loss=nan  (0.3s)
Round   16/30  coverage=0.4449  prec@K=0.0131  accepted=46  auc=0.8903  uauc=0.5381  loss=nan  (0.3s)
Round   17/30  coverage=0.4473  prec@K=0.0159  accepted=57  auc=0.9145  uauc=0.6928  loss=nan  (0.3s)
Round   18/30  coverage=0.4495  prec@K=0.0147  accepted=53  auc=0.9047  uauc=0.5746  loss=nan  (0.3s)
Round   19/30  coverage=0.4512  prec@K=0.0116  accepted=41  auc=0.8968  uauc=0.6931  loss=nan  (0.3s)
Round   20/30  coverage=0.4536  prec@K=0.0163  accepted=59  auc=0.9125  uauc=0.5768  loss=nan  (0.3s)
Round   21/30  coverage=0.4559  prec@K=0.0156  accepted=55  auc=0.9204  uauc=0.6761  loss=nan  (0.5s)
Round   22/30  coverage=0.4571  prec@K=0.0084  accepted=30  auc=0.9559  uauc=0.6832  loss=nan  (0.3s)
Round   23/30  coverage=0.4586  prec@K=0.0097  accepted=35  auc=0.9071  uauc=0.5523  loss=nan  (0.3s)
Round   24/30  coverage=0.4613  prec@K=0.0185  accepted=66  auc=0.8611  uauc=0.6506  loss=nan  (0.3s)
Round   25/30  coverage=0.4624  prec@K=0.0072  accepted=26  auc=0.9111  uauc=0.7269  loss=nan  (0.3s)
Round   26/30  coverage=0.4641  prec@K=0.0114  accepted=41  auc=0.9183  uauc=0.6098  loss=nan  (0.3s)
Round   27/30  coverage=0.4658  prec@K=0.0118  accepted=42  auc=0.8784  uauc=0.5601  loss=nan  (0.4s)
Round   28/30  coverage=0.4675  prec@K=0.0112  accepted=40  auc=0.9064  uauc=0.5697  loss=nan  (0.3s)
Round   29/30  coverage=0.4692  prec@K=0.0115  accepted=41  auc=0.8991  uauc=0.5709  loss=nan  (0.4s)
Round   30/30  coverage=0.4707  prec@K=0.0104  accepted=37  auc=0.8446  uauc=0.5206  loss=nan  (0.4s)

结果已写入 results\orchestrator\runs\ir40_constlr5e5_multiseed_bidir\bitcoin_alpha\aa_s42/rounds.csv
