=== bitcoin_otc_cn_s0  started 2026-05-07T23:51:00 ===

C:\conda\envs\gnn\lib\site-packages\requests\__init__.py:86: RequestsDependencyWarning: Unable to find acceptable character detection dependency (chardet or charset_normalizer).
  warnings.warn(
C:\conda\envs\gnn\lib\site-packages\outdated\__init__.py:36: UserWarning: pkg_resources is deprecated as an API. See https://setuptools.pypa.io/en/latest/pkg_resources.html. The pkg_resources package is slated for removal as early as 2025-11-30. Refrain from using this package or pin to Setuptools<81.
  from pkg_resources import parse_version
Round    1/30  coverage=0.4028  prec@K=0.0180  accepted=100  auc=0.8772  uauc=0.6210  loss=nan  (0.4s)
Round    2/30  coverage=0.4050  prec@K=0.0140  accepted=77  auc=0.8738  uauc=0.6887  loss=nan  (0.2s)
Round    3/30  coverage=0.4076  prec@K=0.0171  accepted=95  auc=0.8773  uauc=0.5829  loss=nan  (0.3s)
Round    4/30  coverage=0.4102  prec@K=0.0168  accepted=92  auc=0.8857  uauc=0.6711  loss=nan  (0.3s)
Round    5/30  coverage=0.4125  prec@K=0.0145  accepted=82  auc=0.8352  uauc=0.6021  loss=nan  (0.3s)
Round    6/30  coverage=0.4151  prec@K=0.0167  accepted=93  auc=0.9167  uauc=0.6444  loss=nan  (0.4s)
Round    7/30  coverage=0.4174  prec@K=0.0144  accepted=80  auc=0.8906  uauc=0.6320  loss=nan  (0.3s)
Round    8/30  coverage=0.4189  prec@K=0.0095  accepted=53  auc=0.8528  uauc=0.5809  loss=nan  (0.4s)
Round    9/30  coverage=0.4212  prec@K=0.0150  accepted=83  auc=0.8800  uauc=0.6543  loss=nan  (0.4s)
Round   10/30  coverage=0.4232  prec@K=0.0131  accepted=73  auc=0.8949  uauc=0.5807  loss=nan  (0.4s)
Round   11/30  coverage=0.4253  prec@K=0.0135  accepted=75  auc=0.8818  uauc=0.6585  loss=nan  (0.6s)
Round   12/30  coverage=0.4277  prec@K=0.0147  accepted=82  auc=0.9291  uauc=0.6945  loss=nan  (0.5s)
Round   13/30  coverage=0.4297  prec@K=0.0130  accepted=72  auc=0.8858  uauc=0.6203  loss=nan  (0.5s)
Round   14/30  coverage=0.4314  prec@K=0.0110  accepted=62  auc=0.9063  uauc=0.6176  loss=nan  (0.5s)
Round   15/30  coverage=0.4329  prec@K=0.0097  accepted=54  auc=0.8605  uauc=0.6692  loss=nan  (0.5s)
Round   16/30  coverage=0.4352  prec@K=0.0142  accepted=79  auc=0.8608  uauc=0.5682  loss=nan  (0.5s)
Round   17/30  coverage=0.4373  prec@K=0.0133  accepted=75  auc=0.8698  uauc=0.6413  loss=nan  (0.6s)
Round   18/30  coverage=0.4387  prec@K=0.0092  accepted=51  auc=0.8860  uauc=0.6626  loss=nan  (0.6s)
Round   19/30  coverage=0.4403  prec@K=0.0103  accepted=58  auc=0.8801  uauc=0.6022  loss=nan  (0.6s)
Round   20/30  coverage=0.4419  prec@K=0.0102  accepted=57  auc=0.8805  uauc=0.6015  loss=nan  (0.6s)
Round   21/30  coverage=0.4433  prec@K=0.0088  accepted=49  auc=0.8608  uauc=0.6401  loss=nan  (0.8s)
Round   22/30  coverage=0.4447  prec@K=0.0090  accepted=50  auc=0.8947  uauc=0.6543  loss=nan  (0.7s)
Round   23/30  coverage=0.4465  prec@K=0.0115  accepted=64  auc=0.9149  uauc=0.6617  loss=nan  (0.7s)
Round   24/30  coverage=0.4482  prec@K=0.0107  accepted=59  auc=0.8786  uauc=0.5694  loss=nan  (0.7s)
Round   25/30  coverage=0.4497  prec@K=0.0101  accepted=56  auc=0.9057  uauc=0.6343  loss=nan  (0.7s)
Round   26/30  coverage=0.4513  prec@K=0.0098  accepted=54  auc=0.9200  uauc=0.6491  loss=nan  (0.8s)
Round   27/30  coverage=0.4527  prec@K=0.0090  accepted=50  auc=0.9282  uauc=0.6739  loss=nan  (0.8s)
Round   28/30  coverage=0.4546  prec@K=0.0123  accepted=68  auc=0.9447  uauc=0.6930  loss=nan  (0.8s)
Round   29/30  coverage=0.4559  prec@K=0.0086  accepted=48  auc=0.9317  uauc=0.6577  loss=nan  (0.8s)
Round   30/30  coverage=0.4571  prec@K=0.0075  accepted=42  auc=0.9029  uauc=0.5959  loss=nan  (0.9s)

结果已写入 results\orchestrator\runs\ir40_constlr5e5_multiseed_bidir\bitcoin_otc\cn_s0/rounds.csv
