=== bitcoin_alpha_random_s2  started 2026-05-07T23:30:44 ===

C:\conda\envs\gnn\lib\site-packages\requests\__init__.py:86: RequestsDependencyWarning: Unable to find acceptable character detection dependency (chardet or charset_normalizer).
  warnings.warn(
C:\conda\envs\gnn\lib\site-packages\outdated\__init__.py:36: UserWarning: pkg_resources is deprecated as an API. See https://setuptools.pypa.io/en/latest/pkg_resources.html. The pkg_resources package is slated for removal as early as 2025-11-30. Refrain from using this package or pin to Setuptools<81.
  from pkg_resources import parse_version
Round    1/30  coverage=0.4013  prec@K=0.0090  accepted=32  loss=nan  (0.1s)
Round    2/30  coverage=0.4027  prec@K=0.0094  accepted=33  loss=nan  (0.1s)
Round    3/30  coverage=0.4037  prec@K=0.0068  accepted=24  loss=nan  (0.1s)
Round    4/30  coverage=0.4049  prec@K=0.0087  accepted=31  loss=nan  (0.1s)
Round    5/30  coverage=0.4064  prec@K=0.0101  accepted=36  loss=nan  (0.1s)
Round    6/30  coverage=0.4075  prec@K=0.0070  accepted=25  loss=nan  (0.1s)
Round    7/30  coverage=0.4085  prec@K=0.0070  accepted=25  loss=nan  (0.1s)
Round    8/30  coverage=0.4094  prec@K=0.0058  accepted=21  loss=nan  (0.1s)
Round    9/30  coverage=0.4103  prec@K=0.0065  accepted=23  loss=nan  (0.1s)
Round   10/30  coverage=0.4114  prec@K=0.0075  accepted=27  loss=nan  (0.1s)
Round   11/30  coverage=0.4128  prec@K=0.0090  accepted=32  loss=nan  (0.2s)
Round   12/30  coverage=0.4137  prec@K=0.0061  accepted=22  loss=nan  (0.1s)
Round   13/30  coverage=0.4146  prec@K=0.0061  accepted=22  loss=nan  (0.2s)
Round   14/30  coverage=0.4157  prec@K=0.0073  accepted=26  loss=nan  (0.2s)
Round   15/30  coverage=0.4164  prec@K=0.0048  accepted=17  loss=nan  (0.2s)
Round   16/30  coverage=0.4174  prec@K=0.0071  accepted=25  loss=nan  (0.2s)
Round   17/30  coverage=0.4184  prec@K=0.0068  accepted=24  loss=nan  (0.2s)
Round   18/30  coverage=0.4193  prec@K=0.0062  accepted=22  loss=nan  (0.2s)
Round   19/30  coverage=0.4203  prec@K=0.0070  accepted=25  loss=nan  (0.2s)
Round   20/30  coverage=0.4209  prec@K=0.0042  accepted=15  loss=nan  (0.3s)
Round   21/30  coverage=0.4216  prec@K=0.0047  accepted=17  loss=nan  (0.3s)
Round   22/30  coverage=0.4223  prec@K=0.0045  accepted=16  loss=nan  (0.2s)
Round   23/30  coverage=0.4231  prec@K=0.0056  accepted=20  loss=nan  (0.2s)
Round   24/30  coverage=0.4240  prec@K=0.0056  accepted=20  loss=nan  (0.3s)
Round   25/30  coverage=0.4250  prec@K=0.0073  accepted=26  loss=nan  (0.3s)
Round   26/30  coverage=0.4261  prec@K=0.0073  accepted=26  loss=nan  (0.3s)
Round   27/30  coverage=0.4268  prec@K=0.0048  accepted=17  loss=nan  (0.3s)
Round   28/30  coverage=0.4277  prec@K=0.0059  accepted=21  loss=nan  (0.3s)
Round   29/30  coverage=0.4286  prec@K=0.0062  accepted=22  loss=nan  (0.3s)
Round   30/30  coverage=0.4293  prec@K=0.0045  accepted=16  loss=nan  (0.3s)

结果已写入 results\orchestrator\runs\ir40_constlr5e5_multiseed_bidir\bitcoin_alpha\random_s2/rounds.csv
