=== college_msg_pa_s0  started 2026-05-07T23:20:02 ===

C:\conda\envs\gnn\lib\site-packages\requests\__init__.py:86: RequestsDependencyWarning: Unable to find acceptable character detection dependency (chardet or charset_normalizer).
  warnings.warn(
C:\conda\envs\gnn\lib\site-packages\outdated\__init__.py:36: UserWarning: pkg_resources is deprecated as an API. See https://setuptools.pypa.io/en/latest/pkg_resources.html. The pkg_resources package is slated for removal as early as 2025-11-30. Refrain from using this package or pin to Setuptools<81.
  from pkg_resources import parse_version
Round    1/30  coverage=0.4019  prec@K=0.0213  accepted=39  auc=0.8395  uauc=0.5585  loss=nan  (0.1s)
Round    2/30  coverage=0.4040  prec@K=0.0227  accepted=42  auc=0.8727  uauc=0.5225  loss=nan  (0.1s)
Round    3/30  coverage=0.4054  prec@K=0.0152  accepted=28  auc=0.8644  uauc=0.5882  loss=nan  (0.1s)
Round    4/30  coverage=0.4071  prec@K=0.0191  accepted=35  auc=0.8219  uauc=0.6243  loss=nan  (0.1s)
Round    5/30  coverage=0.4088  prec@K=0.0190  accepted=35  auc=0.8171  uauc=0.5325  loss=nan  (0.1s)
Round    6/30  coverage=0.4106  prec@K=0.0199  accepted=37  auc=0.8629  uauc=0.6155  loss=nan  (0.1s)
Round    7/30  coverage=0.4127  prec@K=0.0233  accepted=43  auc=0.8648  uauc=0.6256  loss=nan  (0.1s)
Round    8/30  coverage=0.4146  prec@K=0.0200  accepted=37  auc=0.8298  uauc=0.5346  loss=nan  (0.1s)
Round    9/30  coverage=0.4163  prec@K=0.0196  accepted=36  auc=0.8548  uauc=0.5270  loss=nan  (0.1s)
Round   10/30  coverage=0.4179  prec@K=0.0175  accepted=32  auc=0.8786  uauc=0.4769  loss=nan  (0.1s)
Round   11/30  coverage=0.4191  prec@K=0.0135  accepted=25  auc=0.8678  uauc=0.5341  loss=nan  (0.2s)
Round   12/30  coverage=0.4203  prec@K=0.0125  accepted=23  auc=0.8700  uauc=0.5038  loss=nan  (0.1s)
Round   13/30  coverage=0.4221  prec@K=0.0196  accepted=36  auc=0.8953  uauc=0.6070  loss=nan  (0.1s)
Round   14/30  coverage=0.4232  prec@K=0.0129  accepted=24  auc=0.8282  uauc=0.5299  loss=nan  (0.1s)
Round   15/30  coverage=0.4251  prec@K=0.0203  accepted=38  auc=0.8494  uauc=0.6098  loss=nan  (0.1s)
Round   16/30  coverage=0.4271  prec@K=0.0221  accepted=41  auc=0.8548  uauc=0.5385  loss=nan  (0.1s)
Round   17/30  coverage=0.4283  prec@K=0.0129  accepted=24  auc=0.9070  uauc=0.6050  loss=nan  (0.1s)
Round   18/30  coverage=0.4296  prec@K=0.0139  accepted=26  auc=0.9156  uauc=0.6157  loss=nan  (0.1s)
Round   19/30  coverage=0.4304  prec@K=0.0092  accepted=17  auc=0.8687  uauc=0.5974  loss=nan  (0.1s)
Round   20/30  coverage=0.4313  prec@K=0.0094  accepted=17  auc=0.8920  uauc=0.6508  loss=nan  (0.1s)
Round   21/30  coverage=0.4325  prec@K=0.0143  accepted=26  auc=0.8808  uauc=0.6321  loss=nan  (0.2s)
Round   22/30  coverage=0.4332  prec@K=0.0076  accepted=14  auc=0.8827  uauc=0.5775  loss=nan  (0.1s)
Round   23/30  coverage=0.4344  prec@K=0.0131  accepted=24  auc=0.8837  uauc=0.4544  loss=nan  (0.1s)
Round   24/30  coverage=0.4357  prec@K=0.0136  accepted=25  auc=0.8859  uauc=0.4889  loss=nan  (0.1s)
Round   25/30  coverage=0.4371  prec@K=0.0164  accepted=30  auc=0.8602  uauc=0.6069  loss=nan  (0.1s)
Round   26/30  coverage=0.4385  prec@K=0.0152  accepted=28  auc=0.8407  uauc=0.6053  loss=nan  (0.1s)
Round   27/30  coverage=0.4397  prec@K=0.0136  accepted=25  auc=0.8448  uauc=0.5318  loss=nan  (0.1s)
Round   28/30  coverage=0.4413  prec@K=0.0169  accepted=31  auc=0.8580  uauc=0.4688  loss=nan  (0.1s)
Round   29/30  coverage=0.4423  prec@K=0.0113  accepted=21  auc=0.8821  uauc=0.5234  loss=nan  (0.1s)
Round   30/30  coverage=0.4433  prec@K=0.0108  accepted=20  auc=0.9210  uauc=0.6688  loss=nan  (0.1s)

结果已写入 results\orchestrator\runs\ir40_constlr5e5_multiseed_bidir\college_msg\pa_s0/rounds.csv
