=== college_msg_aa_s0  started 2026-05-07T23:12:54 ===

C:\conda\envs\gnn\lib\site-packages\requests\__init__.py:86: RequestsDependencyWarning: Unable to find acceptable character detection dependency (chardet or charset_normalizer).
  warnings.warn(
C:\conda\envs\gnn\lib\site-packages\outdated\__init__.py:36: UserWarning: pkg_resources is deprecated as an API. See https://setuptools.pypa.io/en/latest/pkg_resources.html. The pkg_resources package is slated for removal as early as 2025-11-30. Refrain from using this package or pin to Setuptools<81.
  from pkg_resources import parse_version
Round    1/30  coverage=0.4020  prec@K=0.0218  accepted=40  auc=0.7338  uauc=0.5338  loss=nan  (0.2s)
Round    2/30  coverage=0.4034  prec@K=0.0162  accepted=30  auc=0.8233  uauc=0.5122  loss=nan  (0.1s)
Round    3/30  coverage=0.4046  prec@K=0.0125  accepted=23  auc=0.8097  uauc=0.5842  loss=nan  (0.1s)
Round    4/30  coverage=0.4059  prec@K=0.0147  accepted=27  auc=0.7649  uauc=0.5767  loss=nan  (0.1s)
Round    5/30  coverage=0.4073  prec@K=0.0152  accepted=28  auc=0.8318  uauc=0.5748  loss=nan  (0.1s)
Round    6/30  coverage=0.4089  prec@K=0.0177  accepted=33  auc=0.7979  uauc=0.5820  loss=nan  (0.1s)
Round    7/30  coverage=0.4105  prec@K=0.0179  accepted=33  auc=0.8661  uauc=0.6267  loss=nan  (0.1s)
Round    8/30  coverage=0.4120  prec@K=0.0163  accepted=30  auc=0.8492  uauc=0.5683  loss=nan  (0.1s)
Round    9/30  coverage=0.4131  prec@K=0.0125  accepted=23  auc=0.8288  uauc=0.5602  loss=nan  (0.1s)
Round   10/30  coverage=0.4142  prec@K=0.0115  accepted=21  auc=0.8281  uauc=0.6593  loss=nan  (0.1s)
Round   11/30  coverage=0.4159  prec@K=0.0194  accepted=36  auc=0.8146  uauc=0.5098  loss=nan  (0.2s)
Round   12/30  coverage=0.4169  prec@K=0.0103  accepted=19  auc=0.8247  uauc=0.5671  loss=nan  (0.1s)
Round   13/30  coverage=0.4182  prec@K=0.0142  accepted=26  auc=0.8518  uauc=0.5154  loss=nan  (0.1s)
Round   14/30  coverage=0.4193  prec@K=0.0129  accepted=24  auc=0.8505  uauc=0.7054  loss=nan  (0.1s)
Round   15/30  coverage=0.4208  prec@K=0.0160  accepted=30  auc=0.8345  uauc=0.6475  loss=nan  (0.1s)
Round   16/30  coverage=0.4221  prec@K=0.0140  accepted=26  auc=0.8656  uauc=0.5765  loss=nan  (0.1s)
Round   17/30  coverage=0.4229  prec@K=0.0091  accepted=17  auc=0.8153  uauc=0.6862  loss=nan  (0.1s)
Round   18/30  coverage=0.4240  prec@K=0.0112  accepted=21  auc=0.8477  uauc=0.6398  loss=nan  (0.1s)
Round   19/30  coverage=0.4250  prec@K=0.0114  accepted=21  auc=0.7898  uauc=0.5664  loss=nan  (0.1s)
Round   20/30  coverage=0.4261  prec@K=0.0121  accepted=22  auc=0.8703  uauc=0.6581  loss=nan  (0.1s)
Round   21/30  coverage=0.4274  prec@K=0.0149  accepted=27  auc=0.8593  uauc=0.6125  loss=nan  (0.2s)
Round   22/30  coverage=0.4285  prec@K=0.0119  accepted=22  auc=0.8503  uauc=0.4943  loss=nan  (0.1s)
Round   23/30  coverage=0.4292  prec@K=0.0076  accepted=14  auc=0.8066  uauc=0.3131  loss=nan  (0.1s)
Round   24/30  coverage=0.4301  prec@K=0.0103  accepted=19  auc=0.7348  uauc=0.3431  loss=nan  (0.1s)
Round   25/30  coverage=0.4310  prec@K=0.0093  accepted=17  auc=0.8304  uauc=0.4524  loss=nan  (0.1s)
Round   26/30  coverage=0.4320  prec@K=0.0109  accepted=20  auc=0.7822  uauc=0.5539  loss=nan  (0.1s)
Round   27/30  coverage=0.4328  prec@K=0.0092  accepted=17  auc=0.7642  uauc=0.4608  loss=nan  (0.1s)
Round   28/30  coverage=0.4341  prec@K=0.0141  accepted=26  auc=0.8535  uauc=0.5274  loss=nan  (0.2s)
Round   29/30  coverage=0.4353  prec@K=0.0129  accepted=24  auc=0.8443  uauc=0.6069  loss=nan  (0.1s)
Round   30/30  coverage=0.4360  prec@K=0.0086  accepted=16  auc=0.8817  uauc=0.6448  loss=nan  (0.1s)

结果已写入 results\orchestrator\runs\ir40_constlr5e5_multiseed_bidir\college_msg\aa_s0/rounds.csv
