=== college_msg_random_s3  started 2026-05-07T23:20:10 ===

C:\conda\envs\gnn\lib\site-packages\requests\__init__.py:86: RequestsDependencyWarning: Unable to find acceptable character detection dependency (chardet or charset_normalizer).
  warnings.warn(
C:\conda\envs\gnn\lib\site-packages\outdated\__init__.py:36: UserWarning: pkg_resources is deprecated as an API. See https://setuptools.pypa.io/en/latest/pkg_resources.html. The pkg_resources package is slated for removal as early as 2025-11-30. Refrain from using this package or pin to Setuptools<81.
  from pkg_resources import parse_version
Round    1/30  coverage=0.4004  prec@K=0.0049  accepted=9  loss=nan  (0.1s)
Round    2/30  coverage=0.4011  prec@K=0.0070  accepted=13  loss=nan  (0.0s)
Round    3/30  coverage=0.4021  prec@K=0.0120  accepted=22  loss=nan  (0.0s)
Round    4/30  coverage=0.4028  prec@K=0.0071  accepted=13  loss=nan  (0.0s)
Round    5/30  coverage=0.4035  prec@K=0.0081  accepted=15  loss=nan  (0.0s)
Round    6/30  coverage=0.4044  prec@K=0.0092  accepted=17  loss=nan  (0.0s)
Round    7/30  coverage=0.4050  prec@K=0.0069  accepted=13  loss=nan  (0.0s)
Round    8/30  coverage=0.4057  prec@K=0.0081  accepted=15  loss=nan  (0.0s)
Round    9/30  coverage=0.4063  prec@K=0.0059  accepted=11  loss=nan  (0.0s)
Round   10/30  coverage=0.4070  prec@K=0.0076  accepted=14  loss=nan  (0.0s)
Round   11/30  coverage=0.4081  prec@K=0.0120  accepted=22  loss=nan  (0.1s)
Round   12/30  coverage=0.4089  prec@K=0.0091  accepted=17  loss=nan  (0.0s)
Round   13/30  coverage=0.4096  prec@K=0.0077  accepted=14  loss=nan  (0.0s)
Round   14/30  coverage=0.4104  prec@K=0.0086  accepted=16  loss=nan  (0.1s)
Round   15/30  coverage=0.4108  prec@K=0.0043  accepted=8  loss=nan  (0.1s)
Round   16/30  coverage=0.4113  prec@K=0.0053  accepted=10  loss=nan  (0.0s)
Round   17/30  coverage=0.4120  prec@K=0.0082  accepted=15  loss=nan  (0.1s)
Round   18/30  coverage=0.4128  prec@K=0.0092  accepted=17  loss=nan  (0.1s)
Round   19/30  coverage=0.4137  prec@K=0.0092  accepted=17  loss=nan  (0.1s)
Round   20/30  coverage=0.4148  prec@K=0.0119  accepted=22  loss=nan  (0.1s)
Round   21/30  coverage=0.4154  prec@K=0.0064  accepted=12  loss=nan  (0.1s)
Round   22/30  coverage=0.4160  prec@K=0.0070  accepted=13  loss=nan  (0.1s)
Round   23/30  coverage=0.4167  prec@K=0.0081  accepted=15  loss=nan  (0.1s)
Round   24/30  coverage=0.4174  prec@K=0.0070  accepted=13  loss=nan  (0.1s)
Round   25/30  coverage=0.4178  prec@K=0.0049  accepted=9  loss=nan  (0.1s)
Round   26/30  coverage=0.4187  prec@K=0.0098  accepted=18  loss=nan  (0.1s)
Round   27/30  coverage=0.4192  prec@K=0.0054  accepted=10  loss=nan  (0.1s)
Round   28/30  coverage=0.4199  prec@K=0.0081  accepted=15  loss=nan  (0.1s)
Round   29/30  coverage=0.4208  prec@K=0.0091  accepted=17  loss=nan  (0.1s)
Round   30/30  coverage=0.4215  prec@K=0.0081  accepted=15  loss=nan  (0.1s)

结果已写入 results\orchestrator\runs\ir40_constlr5e5_multiseed_bidir\college_msg\random_s3/rounds.csv
