=== college_msg_gat_emb_s2  started 2026-05-07T23:13:24 ===

C:\conda\envs\gnn\lib\site-packages\requests\__init__.py:86: RequestsDependencyWarning: Unable to find acceptable character detection dependency (chardet or charset_normalizer).
  warnings.warn(
C:\conda\envs\gnn\lib\site-packages\outdated\__init__.py:36: UserWarning: pkg_resources is deprecated as an API. See https://setuptools.pypa.io/en/latest/pkg_resources.html. The pkg_resources package is slated for removal as early as 2025-11-30. Refrain from using this package or pin to Setuptools<81.
  from pkg_resources import parse_version
Round    1/30  coverage=0.4008  prec@K=0.0087  accepted=16  auc=0.2695  uauc=0.5149  loss=0.6875  (4.0s)
Round    2/30  coverage=0.4017  prec@K=0.0098  accepted=18  auc=0.2950  uauc=0.5491  loss=0.6872  (3.0s)
Round    3/30  coverage=0.4025  prec@K=0.0097  accepted=18  auc=0.2629  uauc=0.5833  loss=0.6872  (3.4s)
Round    4/30  coverage=0.4034  prec@K=0.0092  accepted=17  auc=0.2771  uauc=0.5089  loss=0.6871  (3.9s)
Round    5/30  coverage=0.4044  prec@K=0.0112  accepted=21  auc=0.1274  uauc=0.4879  loss=0.6869  (3.3s)
Round    6/30  coverage=0.4050  prec@K=0.0059  accepted=11  auc=0.2147  uauc=0.4368  loss=0.6869  (2.5s)
Round    7/30  coverage=0.4054  prec@K=0.0053  accepted=10  auc=0.2496  uauc=0.5703  loss=0.6865  (2.3s)
Round    8/30  coverage=0.4060  prec@K=0.0060  accepted=11  auc=0.2511  uauc=0.5424  loss=0.6864  (2.5s)
Round    9/30  coverage=0.4066  prec@K=0.0065  accepted=12  auc=0.1522  uauc=0.4952  loss=0.6863  (2.4s)
Round   10/30  coverage=0.4077  prec@K=0.0120  accepted=22  auc=0.3515  uauc=0.5787  loss=0.6863  (2.5s)
Round   11/30  coverage=0.4083  prec@K=0.0071  accepted=13  auc=0.2008  uauc=0.6283  loss=0.6859  (2.6s)
Round   12/30  coverage=0.4086  prec@K=0.0032  accepted=6  auc=0.1729  uauc=0.6486  loss=0.6858  (2.1s)
Round   13/30  coverage=0.4091  prec@K=0.0054  accepted=10  auc=0.1593  uauc=0.5918  loss=0.6856  (2.3s)
Round   14/30  coverage=0.4096  prec@K=0.0060  accepted=11  auc=0.2002  uauc=0.3721  loss=0.6855  (2.3s)
Round   15/30  coverage=0.4099  prec@K=0.0027  accepted=5  auc=0.2402  uauc=0.6444  loss=0.6853  (2.5s)
Round   16/30  coverage=0.4105  prec@K=0.0064  accepted=12  auc=0.3474  uauc=0.5234  loss=0.6852  (2.3s)
Round   17/30  coverage=0.4109  prec@K=0.0049  accepted=9  auc=0.3670  uauc=0.4877  loss=0.6850  (2.2s)
Round   18/30  coverage=0.4115  prec@K=0.0066  accepted=12  auc=0.2993  uauc=0.3250  loss=0.6851  (2.3s)
Round   19/30  coverage=0.4120  prec@K=0.0054  accepted=10  auc=0.1631  uauc=0.3442  loss=0.6848  (2.6s)
Round   20/30  coverage=0.4123  prec@K=0.0038  accepted=7  auc=0.2788  uauc=0.5486  loss=0.6847  (2.4s)
Round   21/30  coverage=0.4130  prec@K=0.0076  accepted=14  auc=0.1762  uauc=0.4264  loss=0.6846  (2.4s)
Round   22/30  coverage=0.4137  prec@K=0.0070  accepted=13  auc=0.2026  uauc=0.4935  loss=0.6845  (2.3s)
Round   23/30  coverage=0.4139  prec@K=0.0027  accepted=5  auc=0.2155  uauc=0.6649  loss=0.6842  (2.4s)
Round   24/30  coverage=0.4147  prec@K=0.0081  accepted=15  auc=0.2780  uauc=0.5069  loss=0.6842  (2.2s)
Round   25/30  coverage=0.4158  prec@K=0.0128  accepted=24  auc=0.2044  uauc=0.4014  loss=0.6840  (2.6s)
Round   26/30  coverage=0.4161  prec@K=0.0032  accepted=6  auc=0.3420  uauc=0.7222  loss=0.6837  (2.3s)
Round   27/30  coverage=0.4167  prec@K=0.0060  accepted=11  auc=0.1874  uauc=0.5195  loss=0.6836  (2.5s)
Round   28/30  coverage=0.4169  prec@K=0.0022  accepted=4  auc=0.3205  uauc=0.4583  loss=0.6834  (2.4s)
Round   29/30  coverage=0.4171  prec@K=0.0022  accepted=4  auc=0.2380  uauc=0.3611  loss=0.6833  (2.3s)
Round   30/30  coverage=0.4176  prec@K=0.0059  accepted=11  auc=0.1849  uauc=0.4965  loss=0.6833  (2.4s)

结果已写入 results\orchestrator\runs\ir40_constlr5e5_multiseed_bidir\college_msg\gat_emb_s2/rounds.csv
