=== dnc_email_jaccard_s0  started 2026-05-07T23:12:11 ===

C:\conda\envs\gnn\lib\site-packages\requests\__init__.py:86: RequestsDependencyWarning: Unable to find acceptable character detection dependency (chardet or charset_normalizer).
  warnings.warn(
C:\conda\envs\gnn\lib\site-packages\outdated\__init__.py:36: UserWarning: pkg_resources is deprecated as an API. See https://setuptools.pypa.io/en/latest/pkg_resources.html. The pkg_resources package is slated for removal as early as 2025-11-30. Refrain from using this package or pin to Setuptools<81.
  from pkg_resources import parse_version
Round    1/30  coverage=0.4057  prec@K=0.0175  accepted=32  auc=0.5636  uauc=0.6744  loss=nan  (0.1s)
Round    2/30  coverage=0.4095  prec@K=0.0115  accepted=21  auc=0.5465  uauc=0.5605  loss=nan  (0.1s)
Round    3/30  coverage=0.4120  prec@K=0.0077  accepted=14  auc=0.5097  uauc=0.5010  loss=nan  (0.1s)
Round    4/30  coverage=0.4165  prec@K=0.0139  accepted=25  auc=0.5389  uauc=0.5569  loss=nan  (0.1s)
Round    5/30  coverage=0.4243  prec@K=0.0235  accepted=43  auc=0.5524  uauc=0.5841  loss=nan  (0.1s)
Round    6/30  coverage=0.4270  prec@K=0.0084  accepted=15  auc=0.4776  uauc=0.7442  loss=nan  (0.1s)
Round    7/30  coverage=0.4290  prec@K=0.0061  accepted=11  auc=0.4720  uauc=0.3565  loss=nan  (0.1s)
Round    8/30  coverage=0.4314  prec@K=0.0073  accepted=13  auc=0.5015  uauc=0.5081  loss=nan  (0.1s)
Round    9/30  coverage=0.4385  prec@K=0.0215  accepted=39  auc=0.5278  uauc=0.6382  loss=nan  (0.1s)
Round   10/30  coverage=0.4425  prec@K=0.0121  accepted=22  auc=0.5537  uauc=0.5615  loss=nan  (0.1s)
Round   11/30  coverage=0.4448  prec@K=0.0071  accepted=13  auc=0.5428  uauc=0.6419  loss=nan  (0.1s)
Round   12/30  coverage=0.4479  prec@K=0.0094  accepted=17  auc=0.5103  uauc=0.7400  loss=nan  (0.1s)
Round   13/30  coverage=0.4528  prec@K=0.0150  accepted=27  auc=0.4808  uauc=0.6091  loss=nan  (0.1s)
Round   14/30  coverage=0.4544  prec@K=0.0050  accepted=9  auc=0.4431  uauc=0.4472  loss=nan  (0.1s)
Round   15/30  coverage=0.4559  prec@K=0.0045  accepted=8  auc=0.5321  uauc=0.6972  loss=nan  (0.1s)
Round   16/30  coverage=0.4597  prec@K=0.0115  accepted=21  auc=0.5255  uauc=0.6172  loss=nan  (0.1s)
Round   17/30  coverage=0.4618  prec@K=0.0066  accepted=12  auc=0.5340  uauc=0.4575  loss=nan  (0.1s)
Round   18/30  coverage=0.4631  prec@K=0.0038  accepted=7  auc=0.4520  uauc=0.5825  loss=nan  (0.1s)
Round   19/30  coverage=0.4686  prec@K=0.0162  accepted=30  auc=0.4638  uauc=0.6908  loss=nan  (0.1s)
Round   20/30  coverage=0.4713  prec@K=0.0082  accepted=15  auc=0.5405  uauc=0.5541  loss=nan  (0.1s)
Round   21/30  coverage=0.4747  prec@K=0.0105  accepted=19  auc=0.4810  uauc=0.3454  loss=nan  (0.2s)
Round   22/30  coverage=0.4791  prec@K=0.0132  accepted=24  auc=0.5664  uauc=0.7353  loss=nan  (0.1s)
Round   23/30  coverage=0.4832  prec@K=0.0126  accepted=23  auc=0.5153  uauc=0.6192  loss=nan  (0.1s)
Round   24/30  coverage=0.4865  prec@K=0.0098  accepted=18  auc=0.4938  uauc=0.7507  loss=nan  (0.1s)
Round   25/30  coverage=0.4910  prec@K=0.0137  accepted=25  auc=0.4989  uauc=0.5052  loss=nan  (0.1s)
Round   26/30  coverage=0.4943  prec@K=0.0099  accepted=18  auc=0.6044  uauc=0.7023  loss=nan  (0.2s)
Round   27/30  coverage=0.4957  prec@K=0.0044  accepted=8  auc=0.6304  uauc=0.8808  loss=nan  (0.2s)
Round   28/30  coverage=0.4977  prec@K=0.0060  accepted=11  auc=0.5980  uauc=0.6715  loss=nan  (0.2s)
Round   29/30  coverage=0.4994  prec@K=0.0049  accepted=9  auc=0.4828  uauc=0.7139  loss=nan  (0.2s)
Round   30/30  coverage=0.5015  prec@K=0.0065  accepted=12  auc=0.6123  uauc=0.6819  loss=nan  (0.2s)

结果已写入 results\orchestrator\runs\ir40_constlr5e5_multiseed_bidir\dnc_email\jaccard_s0/rounds.csv
