=== dnc_email_aa_s0  started 2026-05-07T23:07:40 ===

C:\conda\envs\gnn\lib\site-packages\requests\__init__.py:86: RequestsDependencyWarning: Unable to find acceptable character detection dependency (chardet or charset_normalizer).
  warnings.warn(
C:\conda\envs\gnn\lib\site-packages\outdated\__init__.py:36: UserWarning: pkg_resources is deprecated as an API. See https://setuptools.pypa.io/en/latest/pkg_resources.html. The pkg_resources package is slated for removal as early as 2025-11-30. Refrain from using this package or pin to Setuptools<81.
  from pkg_resources import parse_version
Round    1/30  coverage=0.4082  prec@K=0.0252  accepted=46  auc=0.9769  uauc=0.7625  loss=nan  (0.1s)
Round    2/30  coverage=0.4138  prec@K=0.0170  accepted=31  auc=0.9506  uauc=0.6111  loss=nan  (0.1s)
Round    3/30  coverage=0.4194  prec@K=0.0171  accepted=31  auc=0.9302  uauc=0.6229  loss=nan  (0.1s)
Round    4/30  coverage=0.4258  prec@K=0.0194  accepted=35  auc=0.9242  uauc=0.6740  loss=nan  (0.1s)
Round    5/30  coverage=0.4350  prec@K=0.0279  accepted=51  auc=0.9723  uauc=0.5715  loss=nan  (0.1s)
Round    6/30  coverage=0.4385  prec@K=0.0105  accepted=19  auc=0.9683  uauc=0.6992  loss=nan  (0.1s)
Round    7/30  coverage=0.4446  prec@K=0.0186  accepted=34  auc=0.9331  uauc=0.6307  loss=nan  (0.1s)
Round    8/30  coverage=0.4493  prec@K=0.0145  accepted=26  auc=0.9611  uauc=0.5358  loss=nan  (0.1s)
Round    9/30  coverage=0.4575  prec@K=0.0247  accepted=45  auc=0.9709  uauc=0.6339  loss=nan  (0.1s)
Round   10/30  coverage=0.4629  prec@K=0.0163  accepted=30  auc=0.9585  uauc=0.5887  loss=nan  (0.1s)
Round   11/30  coverage=0.4675  prec@K=0.0136  accepted=25  auc=0.9742  uauc=0.6574  loss=nan  (0.1s)
Round   12/30  coverage=0.4707  prec@K=0.0099  accepted=18  auc=0.9778  uauc=0.7392  loss=nan  (0.1s)
Round   13/30  coverage=0.4756  prec@K=0.0149  accepted=27  auc=0.9453  uauc=0.5975  loss=nan  (0.1s)
Round   14/30  coverage=0.4796  prec@K=0.0120  accepted=22  auc=0.8966  uauc=0.6109  loss=nan  (0.1s)
Round   15/30  coverage=0.4823  prec@K=0.0084  accepted=15  auc=0.8865  uauc=0.7546  loss=nan  (0.1s)
Round   16/30  coverage=0.4874  prec@K=0.0153  accepted=28  auc=0.9564  uauc=0.6844  loss=nan  (0.1s)
Round   17/30  coverage=0.4923  prec@K=0.0147  accepted=27  auc=0.9691  uauc=0.5261  loss=nan  (0.1s)
Round   18/30  coverage=0.4952  prec@K=0.0087  accepted=16  auc=0.9065  uauc=0.6520  loss=nan  (0.1s)
Round   19/30  coverage=0.5005  prec@K=0.0157  accepted=29  auc=0.9215  uauc=0.6970  loss=nan  (0.1s)
Round   20/30  coverage=0.5041  prec@K=0.0109  accepted=20  auc=0.9162  uauc=0.6725  loss=nan  (0.1s)
Round   21/30  coverage=0.5075  prec@K=0.0105  accepted=19  auc=0.9601  uauc=0.5758  loss=nan  (0.2s)
Round   22/30  coverage=0.5110  prec@K=0.0104  accepted=19  auc=0.9609  uauc=0.7630  loss=nan  (0.2s)
Round   23/30  coverage=0.5153  prec@K=0.0131  accepted=24  auc=0.9686  uauc=0.7467  loss=nan  (0.2s)
Round   24/30  coverage=0.5202  prec@K=0.0147  accepted=27  auc=0.9325  uauc=0.6103  loss=nan  (0.2s)
Round   25/30  coverage=0.5240  prec@K=0.0115  accepted=21  auc=0.9549  uauc=0.6098  loss=nan  (0.2s)
Round   26/30  coverage=0.5287  prec@K=0.0142  accepted=26  auc=0.9762  uauc=0.6660  loss=nan  (0.2s)
Round   27/30  coverage=0.5309  prec@K=0.0065  accepted=12  auc=0.9761  uauc=0.8048  loss=nan  (0.2s)
Round   28/30  coverage=0.5342  prec@K=0.0098  accepted=18  auc=0.9622  uauc=0.7825  loss=nan  (0.2s)
Round   29/30  coverage=0.5363  prec@K=0.0065  accepted=12  auc=0.8616  uauc=0.6359  loss=nan  (0.2s)
Round   30/30  coverage=0.5391  prec@K=0.0081  accepted=15  auc=0.9868  uauc=0.8457  loss=nan  (0.2s)

结果已写入 results\orchestrator\runs\ir40_constlr5e5_multiseed_bidir\dnc_email\aa_s0/rounds.csv
