=== email_eu_cn_s1  started 2026-05-07T23:00:52 ===

C:\conda\envs\gnn\lib\site-packages\requests\__init__.py:86: RequestsDependencyWarning: Unable to find acceptable character detection dependency (chardet or charset_normalizer).
  warnings.warn(
C:\conda\envs\gnn\lib\site-packages\outdated\__init__.py:36: UserWarning: pkg_resources is deprecated as an API. See https://setuptools.pypa.io/en/latest/pkg_resources.html. The pkg_resources package is slated for removal as early as 2025-11-30. Refrain from using this package or pin to Setuptools<81.
  from pkg_resources import parse_version
Round    1/30  coverage=0.4080  prec@K=0.2035  accepted=199  auc=0.8177  uauc=0.6560  loss=nan  (0.2s)
Round    2/30  coverage=0.4153  prec@K=0.1883  accepted=184  auc=0.7905  uauc=0.6465  loss=nan  (0.1s)
Round    3/30  coverage=0.4231  prec@K=0.2006  accepted=193  auc=0.8153  uauc=0.6567  loss=nan  (0.1s)
Round    4/30  coverage=0.4293  prec@K=0.1605  accepted=156  auc=0.8118  uauc=0.6388  loss=nan  (0.1s)
Round    5/30  coverage=0.4362  prec@K=0.1744  accepted=170  auc=0.8340  uauc=0.6755  loss=nan  (0.1s)
Round    6/30  coverage=0.4423  prec@K=0.1561  accepted=153  auc=0.8364  uauc=0.6658  loss=nan  (0.1s)
Round    7/30  coverage=0.4489  prec@K=0.1673  accepted=164  auc=0.7769  uauc=0.6432  loss=nan  (0.1s)
Round    8/30  coverage=0.4548  prec@K=0.1511  accepted=147  auc=0.7764  uauc=0.5786  loss=nan  (0.1s)
Round    9/30  coverage=0.4608  prec@K=0.1550  accepted=150  auc=0.8261  uauc=0.6659  loss=nan  (0.1s)
Round   10/30  coverage=0.4652  prec@K=0.1140  accepted=110  auc=0.8378  uauc=0.6503  loss=nan  (0.1s)
Round   11/30  coverage=0.4713  prec@K=0.1561  accepted=153  auc=0.8552  uauc=0.6322  loss=nan  (0.2s)
Round   12/30  coverage=0.4772  prec@K=0.1510  accepted=146  auc=0.8094  uauc=0.6398  loss=nan  (0.1s)
Round   13/30  coverage=0.4833  prec@K=0.1569  accepted=153  auc=0.8045  uauc=0.6904  loss=nan  (0.1s)
Round   14/30  coverage=0.4887  prec@K=0.1374  accepted=133  auc=0.8341  uauc=0.6827  loss=nan  (0.1s)
Round   15/30  coverage=0.4930  prec@K=0.1118  accepted=109  auc=0.8170  uauc=0.5955  loss=nan  (0.1s)
Round   16/30  coverage=0.4983  prec@K=0.1357  accepted=132  auc=0.8094  uauc=0.6532  loss=nan  (0.1s)
Round   17/30  coverage=0.5024  prec@K=0.1041  accepted=102  auc=0.8639  uauc=0.7120  loss=nan  (0.1s)
Round   18/30  coverage=0.5068  prec@K=0.1138  accepted=110  auc=0.8091  uauc=0.6337  loss=nan  (0.1s)
Round   19/30  coverage=0.5108  prec@K=0.1017  accepted=99  auc=0.8441  uauc=0.5940  loss=nan  (0.1s)
Round   20/30  coverage=0.5152  prec@K=0.1118  accepted=109  auc=0.8505  uauc=0.6324  loss=nan  (0.1s)
Round   21/30  coverage=0.5194  prec@K=0.1079  accepted=104  auc=0.8441  uauc=0.7148  loss=nan  (0.3s)
Round   22/30  coverage=0.5231  prec@K=0.0959  accepted=94  auc=0.8298  uauc=0.6396  loss=nan  (0.1s)
Round   23/30  coverage=0.5273  prec@K=0.1077  accepted=105  auc=0.8251  uauc=0.6608  loss=nan  (0.1s)
Round   24/30  coverage=0.5325  prec@K=0.1306  accepted=128  auc=0.8309  uauc=0.6725  loss=nan  (0.1s)
Round   25/30  coverage=0.5364  prec@K=0.1014  accepted=98  auc=0.8536  uauc=0.6984  loss=nan  (0.1s)
Round   26/30  coverage=0.5412  prec@K=0.1214  accepted=119  auc=0.8469  uauc=0.6913  loss=nan  (0.1s)
Round   27/30  coverage=0.5451  prec@K=0.0990  accepted=97  auc=0.8172  uauc=0.6580  loss=nan  (0.1s)
Round   28/30  coverage=0.5489  prec@K=0.0997  accepted=96  auc=0.8434  uauc=0.6528  loss=nan  (0.1s)
Round   29/30  coverage=0.5533  prec@K=0.1112  accepted=108  auc=0.8464  uauc=0.6717  loss=nan  (0.1s)
Round   30/30  coverage=0.5571  prec@K=0.0998  accepted=97  auc=0.8392  uauc=0.7334  loss=nan  (0.1s)

结果已写入 results\orchestrator\runs\ir40_constlr5e5_multiseed_bidir\email_eu\cn_s1/rounds.csv
