=== email_eu_gnn_concat_s3  started 2026-05-07T23:02:19 ===

C:\conda\envs\gnn\lib\site-packages\requests\__init__.py:86: RequestsDependencyWarning: Unable to find acceptable character detection dependency (chardet or charset_normalizer).
  warnings.warn(
C:\conda\envs\gnn\lib\site-packages\outdated\__init__.py:36: UserWarning: pkg_resources is deprecated as an API. See https://setuptools.pypa.io/en/latest/pkg_resources.html. The pkg_resources package is slated for removal as early as 2025-11-30. Refrain from using this package or pin to Setuptools<81.
  from pkg_resources import parse_version
Round    1/30  coverage=0.4056  prec@K=0.1420  accepted=139  auc=0.8181  uauc=0.8093  loss=0.6313  (3.2s)
Round    2/30  coverage=0.4098  prec@K=0.1113  accepted=107  auc=0.8068  uauc=0.8580  loss=0.6233  (2.1s)
Round    3/30  coverage=0.4144  prec@K=0.1153  accepted=113  auc=0.8063  uauc=0.8499  loss=0.6230  (2.2s)
Round    4/30  coverage=0.4195  prec@K=0.1304  accepted=127  auc=0.8146  uauc=0.8279  loss=0.6214  (2.2s)
Round    5/30  coverage=0.4235  prec@K=0.1041  accepted=101  auc=0.7950  uauc=0.7511  loss=0.6130  (2.1s)
Round    6/30  coverage=0.4281  prec@K=0.1178  accepted=114  auc=0.7878  uauc=0.7648  loss=0.6138  (2.3s)
Round    7/30  coverage=0.4325  prec@K=0.1133  accepted=111  auc=0.7466  uauc=0.7830  loss=0.6118  (2.2s)
Round    8/30  coverage=0.4376  prec@K=0.1303  accepted=127  auc=0.7441  uauc=0.7433  loss=0.6126  (2.2s)
Round    9/30  coverage=0.4426  prec@K=0.1265  accepted=124  auc=0.7892  uauc=0.8183  loss=0.6088  (2.4s)
Round   10/30  coverage=0.4461  prec@K=0.0892  accepted=87  auc=0.8001  uauc=0.7876  loss=0.5965  (2.2s)
Round   11/30  coverage=0.4514  prec@K=0.1337  accepted=131  auc=0.8047  uauc=0.8596  loss=0.6055  (2.6s)
Round   12/30  coverage=0.4559  prec@K=0.1153  accepted=112  auc=0.8374  uauc=0.8603  loss=0.5975  (2.4s)
Round   13/30  coverage=0.4591  prec@K=0.0841  accepted=82  auc=0.7572  uauc=0.8624  loss=0.5876  (2.2s)
Round   14/30  coverage=0.4632  prec@K=0.1031  accepted=101  auc=0.7343  uauc=0.8518  loss=0.5906  (2.4s)
Round   15/30  coverage=0.4669  prec@K=0.0944  accepted=92  auc=0.7269  uauc=0.8209  loss=0.5846  (2.5s)
Round   16/30  coverage=0.4699  prec@K=0.0769  accepted=75  auc=0.6995  uauc=0.8760  loss=0.5772  (2.3s)
Round   17/30  coverage=0.4733  prec@K=0.0861  accepted=84  auc=0.7270  uauc=0.8738  loss=0.5776  (2.4s)
Round   18/30  coverage=0.4763  prec@K=0.0765  accepted=75  auc=0.7109  uauc=0.8644  loss=0.5712  (2.5s)
Round   19/30  coverage=0.4791  prec@K=0.0735  accepted=71  auc=0.6045  uauc=0.8300  loss=0.5684  (2.3s)
Round   20/30  coverage=0.4824  prec@K=0.0837  accepted=82  auc=0.5927  uauc=0.8347  loss=0.5698  (2.3s)
Round   21/30  coverage=0.4854  prec@K=0.0769  accepted=75  auc=0.6877  uauc=0.9027  loss=0.5628  (2.7s)
Round   22/30  coverage=0.4891  prec@K=0.0944  accepted=92  auc=0.5835  uauc=0.8689  loss=0.5672  (2.6s)
Round   23/30  coverage=0.4911  prec@K=0.0510  accepted=50  auc=0.5669  uauc=0.8980  loss=0.5490  (2.4s)
Round   24/30  coverage=0.4945  prec@K=0.0865  accepted=84  auc=0.6625  uauc=0.8837  loss=0.5574  (2.7s)
Round   25/30  coverage=0.4969  prec@K=0.0612  accepted=60  auc=0.5853  uauc=0.9116  loss=0.5474  (2.4s)
Round   26/30  coverage=0.4994  prec@K=0.0649  accepted=63  auc=0.5683  uauc=0.8883  loss=0.5452  (2.5s)
Round   27/30  coverage=0.5031  prec@K=0.0954  accepted=93  auc=0.5811  uauc=0.9020  loss=0.5534  (2.5s)
Round   28/30  coverage=0.5057  prec@K=0.0653  accepted=64  auc=0.5156  uauc=0.8629  loss=0.5399  (2.4s)
Round   29/30  coverage=0.5079  prec@K=0.0554  accepted=54  auc=0.4601  uauc=0.9253  loss=0.5348  (2.2s)
Round   30/30  coverage=0.5098  prec@K=0.0490  accepted=48  auc=0.4729  uauc=0.8248  loss=0.5278  (2.3s)

结果已写入 results\orchestrator\runs\ir40_constlr5e5_multiseed_bidir\email_eu\gnn_concat_s3/rounds.csv
