=== email_eu_random_s42  started 2026-05-07T23:07:34 ===

C:\conda\envs\gnn\lib\site-packages\requests\__init__.py:86: RequestsDependencyWarning: Unable to find acceptable character detection dependency (chardet or charset_normalizer).
  warnings.warn(
C:\conda\envs\gnn\lib\site-packages\outdated\__init__.py:36: UserWarning: pkg_resources is deprecated as an API. See https://setuptools.pypa.io/en/latest/pkg_resources.html. The pkg_resources package is slated for removal as early as 2025-11-30. Refrain from using this package or pin to Setuptools<81.
  from pkg_resources import parse_version
Round    1/30  coverage=0.4018  prec@K=0.0472  accepted=46  loss=nan  (0.2s)
Round    2/30  coverage=0.4041  prec@K=0.0579  accepted=56  loss=nan  (0.0s)
Round    3/30  coverage=0.4058  prec@K=0.0439  accepted=43  loss=nan  (0.0s)
Round    4/30  coverage=0.4070  prec@K=0.0296  accepted=29  loss=nan  (0.0s)
Round    5/30  coverage=0.4083  prec@K=0.0347  accepted=34  loss=nan  (0.0s)
Round    6/30  coverage=0.4093  prec@K=0.0257  accepted=25  loss=nan  (0.0s)
Round    7/30  coverage=0.4116  prec@K=0.0578  accepted=56  loss=nan  (0.0s)
Round    8/30  coverage=0.4128  prec@K=0.0317  accepted=31  loss=nan  (0.0s)
Round    9/30  coverage=0.4143  prec@K=0.0369  accepted=36  loss=nan  (0.0s)
Round   10/30  coverage=0.4154  prec@K=0.0287  accepted=28  loss=nan  (0.0s)
Round   11/30  coverage=0.4164  prec@K=0.0269  accepted=26  loss=nan  (0.2s)
Round   12/30  coverage=0.4177  prec@K=0.0337  accepted=33  loss=nan  (0.0s)
Round   13/30  coverage=0.4193  prec@K=0.0392  accepted=38  loss=nan  (0.0s)
Round   14/30  coverage=0.4208  prec@K=0.0401  accepted=39  loss=nan  (0.0s)
Round   15/30  coverage=0.4217  prec@K=0.0229  accepted=22  loss=nan  (0.0s)
Round   16/30  coverage=0.4230  prec@K=0.0327  accepted=32  loss=nan  (0.0s)
Round   17/30  coverage=0.4245  prec@K=0.0378  accepted=37  loss=nan  (0.0s)
Round   18/30  coverage=0.4259  prec@K=0.0358  accepted=35  loss=nan  (0.0s)
Round   19/30  coverage=0.4274  prec@K=0.0378  accepted=37  loss=nan  (0.0s)
Round   20/30  coverage=0.4283  prec@K=0.0245  accepted=24  loss=nan  (0.0s)
Round   21/30  coverage=0.4293  prec@K=0.0259  accepted=25  loss=nan  (0.2s)
Round   22/30  coverage=0.4303  prec@K=0.0262  accepted=25  loss=nan  (0.0s)
Round   23/30  coverage=0.4318  prec@K=0.0388  accepted=37  loss=nan  (0.0s)
Round   24/30  coverage=0.4335  prec@K=0.0423  accepted=41  loss=nan  (0.0s)
Round   25/30  coverage=0.4353  prec@K=0.0473  accepted=46  loss=nan  (0.0s)
Round   26/30  coverage=0.4368  prec@K=0.0379  accepted=37  loss=nan  (0.0s)
Round   27/30  coverage=0.4386  prec@K=0.0459  accepted=45  loss=nan  (0.0s)
Round   28/30  coverage=0.4398  prec@K=0.0308  accepted=30  loss=nan  (0.0s)
Round   29/30  coverage=0.4410  prec@K=0.0311  accepted=30  loss=nan  (0.0s)
Round   30/30  coverage=0.4421  prec@K=0.0280  accepted=27  loss=nan  (0.0s)

结果已写入 results\orchestrator\runs\ir40_constlr5e5_multiseed_bidir\email_eu\random_s42/rounds.csv
