=== email_eu_aa_s2  started 2026-05-07T23:00:52 ===

C:\conda\envs\gnn\lib\site-packages\requests\__init__.py:86: RequestsDependencyWarning: Unable to find acceptable character detection dependency (chardet or charset_normalizer).
  warnings.warn(
C:\conda\envs\gnn\lib\site-packages\outdated\__init__.py:36: UserWarning: pkg_resources is deprecated as an API. See https://setuptools.pypa.io/en/latest/pkg_resources.html. The pkg_resources package is slated for removal as early as 2025-11-30. Refrain from using this package or pin to Setuptools<81.
  from pkg_resources import parse_version
Round    1/30  coverage=0.4066  prec@K=0.1694  accepted=165  auc=0.8025  uauc=0.6349  loss=nan  (0.2s)
Round    2/30  coverage=0.4129  prec@K=0.1621  accepted=158  auc=0.8177  uauc=0.6569  loss=nan  (0.1s)
Round    3/30  coverage=0.4212  prec@K=0.2117  accepted=206  auc=0.8499  uauc=0.6444  loss=nan  (0.1s)
Round    4/30  coverage=0.4281  prec@K=0.1766  accepted=172  auc=0.8297  uauc=0.6746  loss=nan  (0.1s)
Round    5/30  coverage=0.4354  prec@K=0.1867  accepted=183  auc=0.8252  uauc=0.6108  loss=nan  (0.1s)
Round    6/30  coverage=0.4423  prec@K=0.1763  accepted=171  auc=0.8502  uauc=0.6653  loss=nan  (0.1s)
Round    7/30  coverage=0.4492  prec@K=0.1765  accepted=173  auc=0.8081  uauc=0.6634  loss=nan  (0.1s)
Round    8/30  coverage=0.4547  prec@K=0.1407  accepted=137  auc=0.8336  uauc=0.6846  loss=nan  (0.1s)
Round    9/30  coverage=0.4597  prec@K=0.1282  accepted=125  auc=0.8717  uauc=0.6758  loss=nan  (0.1s)
Round   10/30  coverage=0.4664  prec@K=0.1713  accepted=167  auc=0.8189  uauc=0.6803  loss=nan  (0.1s)
Round   11/30  coverage=0.4721  prec@K=0.1456  accepted=142  auc=0.8363  uauc=0.6592  loss=nan  (0.3s)
Round   12/30  coverage=0.4773  prec@K=0.1331  accepted=129  auc=0.8262  uauc=0.7025  loss=nan  (0.1s)
Round   13/30  coverage=0.4843  prec@K=0.1776  accepted=174  auc=0.8079  uauc=0.6584  loss=nan  (0.1s)
Round   14/30  coverage=0.4904  prec@K=0.1561  accepted=152  auc=0.7937  uauc=0.6368  loss=nan  (0.1s)
Round   15/30  coverage=0.4948  prec@K=0.1112  accepted=109  auc=0.8401  uauc=0.6621  loss=nan  (0.1s)
Round   16/30  coverage=0.5002  prec@K=0.1385  accepted=135  auc=0.8654  uauc=0.6811  loss=nan  (0.1s)
Round   17/30  coverage=0.5052  prec@K=0.1290  accepted=126  auc=0.8916  uauc=0.7713  loss=nan  (0.2s)
Round   18/30  coverage=0.5108  prec@K=0.1426  accepted=138  auc=0.8662  uauc=0.7231  loss=nan  (0.1s)
Round   19/30  coverage=0.5159  prec@K=0.1306  accepted=128  auc=0.8062  uauc=0.6770  loss=nan  (0.2s)
Round   20/30  coverage=0.5217  prec@K=0.1484  accepted=145  auc=0.8665  uauc=0.6917  loss=nan  (0.2s)
Round   21/30  coverage=0.5263  prec@K=0.1173  accepted=115  auc=0.8355  uauc=0.7326  loss=nan  (0.4s)
Round   22/30  coverage=0.5300  prec@K=0.0944  accepted=92  auc=0.8184  uauc=0.6655  loss=nan  (0.2s)
Round   23/30  coverage=0.5345  prec@K=0.1143  accepted=112  auc=0.8458  uauc=0.6784  loss=nan  (0.2s)
Round   24/30  coverage=0.5397  prec@K=0.1318  accepted=129  auc=0.8813  uauc=0.6692  loss=nan  (0.2s)
Round   25/30  coverage=0.5448  prec@K=0.1306  accepted=128  auc=0.7895  uauc=0.6713  loss=nan  (0.2s)
Round   26/30  coverage=0.5491  prec@K=0.1082  accepted=106  auc=0.8209  uauc=0.6543  loss=nan  (0.2s)
Round   27/30  coverage=0.5539  prec@K=0.1231  accepted=119  auc=0.8466  uauc=0.6592  loss=nan  (0.2s)
Round   28/30  coverage=0.5583  prec@K=0.1156  accepted=112  auc=0.8575  uauc=0.6549  loss=nan  (0.2s)
Round   29/30  coverage=0.5627  prec@K=0.1116  accepted=109  auc=0.8750  uauc=0.7066  loss=nan  (0.2s)
Round   30/30  coverage=0.5660  prec@K=0.0838  accepted=82  auc=0.8413  uauc=0.6543  loss=nan  (0.2s)

结果已写入 results\orchestrator\runs\ir40_constlr5e5_multiseed_bidir\email_eu\aa_s2/rounds.csv
