=== email_eu_gnn_sum_s2  started 2026-05-07T23:04:53 ===

C:\conda\envs\gnn\lib\site-packages\requests\__init__.py:86: RequestsDependencyWarning: Unable to find acceptable character detection dependency (chardet or charset_normalizer).
  warnings.warn(
C:\conda\envs\gnn\lib\site-packages\outdated\__init__.py:36: UserWarning: pkg_resources is deprecated as an API. See https://setuptools.pypa.io/en/latest/pkg_resources.html. The pkg_resources package is slated for removal as early as 2025-11-30. Refrain from using this package or pin to Setuptools<81.
  from pkg_resources import parse_version
Round    1/30  coverage=0.4058  prec@K=0.1489  accepted=145  auc=0.3075  uauc=0.6710  loss=0.6792  (3.1s)
Round    2/30  coverage=0.4121  prec@K=0.1610  accepted=157  auc=0.2768  uauc=0.7335  loss=0.6788  (2.1s)
Round    3/30  coverage=0.4200  prec@K=0.2035  accepted=198  auc=0.2629  uauc=0.6892  loss=0.6787  (2.4s)
Round    4/30  coverage=0.4276  prec@K=0.1930  accepted=188  auc=0.2975  uauc=0.7245  loss=0.6773  (2.2s)
Round    5/30  coverage=0.4349  prec@K=0.1857  accepted=182  auc=0.2841  uauc=0.6969  loss=0.6752  (2.4s)
Round    6/30  coverage=0.4423  prec@K=0.1909  accepted=185  auc=0.2644  uauc=0.6943  loss=0.6753  (2.3s)
Round    7/30  coverage=0.4488  prec@K=0.1653  accepted=162  auc=0.3025  uauc=0.7285  loss=0.6702  (2.5s)
Round    8/30  coverage=0.4549  prec@K=0.1550  accepted=151  auc=0.2569  uauc=0.7435  loss=0.6677  (2.4s)
Round    9/30  coverage=0.4598  prec@K=0.1273  accepted=124  auc=0.2400  uauc=0.7665  loss=0.6658  (2.2s)
Round   10/30  coverage=0.4659  prec@K=0.1549  accepted=151  auc=0.2547  uauc=0.7681  loss=0.6656  (2.4s)
Round   11/30  coverage=0.4710  prec@K=0.1303  accepted=127  auc=0.2688  uauc=0.7505  loss=0.6598  (2.6s)
Round   12/30  coverage=0.4763  prec@K=0.1364  accepted=132  auc=0.2495  uauc=0.7822  loss=0.6607  (2.3s)
Round   13/30  coverage=0.4815  prec@K=0.1327  accepted=130  auc=0.3021  uauc=0.8055  loss=0.6562  (2.6s)
Round   14/30  coverage=0.4864  prec@K=0.1263  accepted=123  auc=0.3302  uauc=0.8184  loss=0.6527  (2.5s)
Round   15/30  coverage=0.4898  prec@K=0.0867  accepted=85  auc=0.3169  uauc=0.8542  loss=0.6475  (2.4s)
Round   16/30  coverage=0.4933  prec@K=0.0883  accepted=86  auc=0.2895  uauc=0.7647  loss=0.6463  (2.3s)
Round   17/30  coverage=0.4965  prec@K=0.0829  accepted=81  auc=0.2577  uauc=0.8417  loss=0.6423  (2.5s)
Round   18/30  coverage=0.5000  prec@K=0.0899  accepted=87  auc=0.2823  uauc=0.8728  loss=0.6434  (2.3s)
Round   19/30  coverage=0.5039  prec@K=0.0990  accepted=97  auc=0.3089  uauc=0.8236  loss=0.6425  (2.3s)
Round   20/30  coverage=0.5081  prec@K=0.1075  accepted=105  auc=0.3122  uauc=0.8097  loss=0.6388  (2.6s)
Round   21/30  coverage=0.5102  prec@K=0.0541  accepted=53  auc=0.3292  uauc=0.8041  loss=0.6309  (2.4s)
Round   22/30  coverage=0.5126  prec@K=0.0606  accepted=59  auc=0.3305  uauc=0.8811  loss=0.6287  (2.4s)
Round   23/30  coverage=0.5153  prec@K=0.0684  accepted=67  auc=0.3065  uauc=0.8775  loss=0.6292  (2.3s)
Round   24/30  coverage=0.5186  prec@K=0.0831  accepted=81  auc=0.2539  uauc=0.9001  loss=0.6296  (2.3s)
Round   25/30  coverage=0.5214  prec@K=0.0714  accepted=70  auc=0.3024  uauc=0.8830  loss=0.6188  (2.8s)
Round   26/30  coverage=0.5239  prec@K=0.0653  accepted=64  auc=0.3137  uauc=0.8811  loss=0.6169  (2.6s)
Round   27/30  coverage=0.5263  prec@K=0.0600  accepted=58  auc=0.3284  uauc=0.8267  loss=0.6176  (2.3s)
Round   28/30  coverage=0.5283  prec@K=0.0527  accepted=51  auc=0.2949  uauc=0.8534  loss=0.6130  (2.6s)
Round   29/30  coverage=0.5305  prec@K=0.0553  accepted=54  auc=0.2499  uauc=0.8032  loss=0.6146  (2.3s)
Round   30/30  coverage=0.5324  prec@K=0.0503  accepted=49  auc=0.2074  uauc=0.7223  loss=0.6110  (2.2s)

结果已写入 results\orchestrator\runs\ir40_constlr5e5_multiseed_bidir\email_eu\gnn_sum_s2/rounds.csv
