=== email_eu_gnn_concat_s42  started 2026-05-07T23:02:19 ===

C:\conda\envs\gnn\lib\site-packages\requests\__init__.py:86: RequestsDependencyWarning: Unable to find acceptable character detection dependency (chardet or charset_normalizer).
  warnings.warn(
C:\conda\envs\gnn\lib\site-packages\outdated\__init__.py:36: UserWarning: pkg_resources is deprecated as an API. See https://setuptools.pypa.io/en/latest/pkg_resources.html. The pkg_resources package is slated for removal as early as 2025-11-30. Refrain from using this package or pin to Setuptools<81.
  from pkg_resources import parse_version
Round    1/30  coverage=0.4013  prec@K=0.0349  accepted=34  auc=0.3913  uauc=0.7244  loss=0.6724  (3.0s)
Round    2/30  coverage=0.4031  prec@K=0.0445  accepted=43  auc=0.3939  uauc=0.5948  loss=0.6685  (2.3s)
Round    3/30  coverage=0.4040  prec@K=0.0245  accepted=24  auc=0.4193  uauc=0.6404  loss=0.6666  (2.1s)
Round    4/30  coverage=0.4050  prec@K=0.0235  accepted=23  auc=0.4445  uauc=0.5400  loss=0.6623  (2.2s)
Round    5/30  coverage=0.4058  prec@K=0.0224  accepted=22  auc=0.4341  uauc=0.6047  loss=0.6589  (2.4s)
Round    6/30  coverage=0.4064  prec@K=0.0144  accepted=14  auc=0.4089  uauc=0.6090  loss=0.6576  (2.1s)
Round    7/30  coverage=0.4076  prec@K=0.0310  accepted=30  auc=0.4398  uauc=0.6881  loss=0.6541  (2.3s)
Round    8/30  coverage=0.4088  prec@K=0.0317  accepted=31  auc=0.3126  uauc=0.5144  loss=0.6545  (2.3s)
Round    9/30  coverage=0.4099  prec@K=0.0277  accepted=27  auc=0.3369  uauc=0.5931  loss=0.6509  (2.1s)
Round   10/30  coverage=0.4112  prec@K=0.0317  accepted=31  auc=0.4351  uauc=0.6253  loss=0.6452  (2.3s)
Round   11/30  coverage=0.4121  prec@K=0.0227  accepted=22  auc=0.2372  uauc=0.6358  loss=0.6456  (2.3s)
Round   12/30  coverage=0.4144  prec@K=0.0603  accepted=59  auc=0.3667  uauc=0.6451  loss=0.6441  (2.4s)
Round   13/30  coverage=0.4167  prec@K=0.0578  accepted=56  auc=0.3517  uauc=0.6939  loss=0.6445  (2.2s)
Round   14/30  coverage=0.4192  prec@K=0.0658  accepted=64  auc=0.3386  uauc=0.7811  loss=0.6425  (2.4s)
Round   15/30  coverage=0.4210  prec@K=0.0458  accepted=44  auc=0.2919  uauc=0.8124  loss=0.6388  (2.0s)
Round   16/30  coverage=0.4243  prec@K=0.0838  accepted=82  auc=0.3647  uauc=0.8312  loss=0.6392  (2.4s)
Round   17/30  coverage=0.4274  prec@K=0.0787  accepted=77  auc=0.3504  uauc=0.9035  loss=0.6367  (2.3s)
Round   18/30  coverage=0.4307  prec@K=0.0849  accepted=83  auc=0.3030  uauc=0.8937  loss=0.6359  (2.4s)
Round   19/30  coverage=0.4338  prec@K=0.0776  accepted=76  auc=0.3556  uauc=0.8849  loss=0.6346  (2.4s)
Round   20/30  coverage=0.4375  prec@K=0.0951  accepted=93  auc=0.3920  uauc=0.8219  loss=0.6321  (2.3s)
Round   21/30  coverage=0.4409  prec@K=0.0881  accepted=85  auc=0.4055  uauc=0.8556  loss=0.6301  (2.5s)
Round   22/30  coverage=0.4455  prec@K=0.1192  accepted=114  auc=0.3844  uauc=0.9036  loss=0.6327  (2.4s)
Round   23/30  coverage=0.4489  prec@K=0.0890  accepted=85  auc=0.4208  uauc=0.9215  loss=0.6270  (2.2s)
Round   24/30  coverage=0.4525  prec@K=0.0939  accepted=91  auc=0.3744  uauc=0.8073  loss=0.6266  (2.3s)
Round   25/30  coverage=0.4566  prec@K=0.1047  accepted=102  auc=0.4151  uauc=0.8708  loss=0.6254  (2.3s)
Round   26/30  coverage=0.4604  prec@K=0.0961  accepted=94  auc=0.4326  uauc=0.8560  loss=0.6210  (2.3s)
Round   27/30  coverage=0.4648  prec@K=0.1133  accepted=111  auc=0.4735  uauc=0.8718  loss=0.6222  (2.5s)
Round   28/30  coverage=0.4677  prec@K=0.0740  accepted=72  auc=0.4325  uauc=0.8492  loss=0.6131  (2.4s)
Round   29/30  coverage=0.4708  prec@K=0.0788  accepted=76  auc=0.4538  uauc=0.8749  loss=0.6099  (2.4s)
Round   30/30  coverage=0.4730  prec@K=0.0570  accepted=55  auc=0.3755  uauc=0.9161  loss=0.6077  (2.1s)

结果已写入 results\orchestrator\runs\ir40_constlr5e5_multiseed_bidir\email_eu\gnn_concat_s42/rounds.csv
