=== email_eu_random_s3  started 2026-05-07T23:07:34 ===

C:\conda\envs\gnn\lib\site-packages\requests\__init__.py:86: RequestsDependencyWarning: Unable to find acceptable character detection dependency (chardet or charset_normalizer).
  warnings.warn(
C:\conda\envs\gnn\lib\site-packages\outdated\__init__.py:36: UserWarning: pkg_resources is deprecated as an API. See https://setuptools.pypa.io/en/latest/pkg_resources.html. The pkg_resources package is slated for removal as early as 2025-11-30. Refrain from using this package or pin to Setuptools<81.
  from pkg_resources import parse_version
Round    1/30  coverage=0.4017  prec@K=0.0449  accepted=44  loss=nan  (0.2s)
Round    2/30  coverage=0.4032  prec@K=0.0375  accepted=36  loss=nan  (0.0s)
Round    3/30  coverage=0.4050  prec@K=0.0469  accepted=46  loss=nan  (0.0s)
Round    4/30  coverage=0.4066  prec@K=0.0390  accepted=38  loss=nan  (0.0s)
Round    5/30  coverage=0.4079  prec@K=0.0351  accepted=34  loss=nan  (0.0s)
Round    6/30  coverage=0.4095  prec@K=0.0403  accepted=39  loss=nan  (0.0s)
Round    7/30  coverage=0.4109  prec@K=0.0357  accepted=35  loss=nan  (0.0s)
Round    8/30  coverage=0.4117  prec@K=0.0215  accepted=21  loss=nan  (0.0s)
Round    9/30  coverage=0.4133  prec@K=0.0408  accepted=40  loss=nan  (0.0s)
Round   10/30  coverage=0.4145  prec@K=0.0308  accepted=30  loss=nan  (0.0s)
Round   11/30  coverage=0.4159  prec@K=0.0357  accepted=35  loss=nan  (0.2s)
Round   12/30  coverage=0.4177  prec@K=0.0451  accepted=44  loss=nan  (0.0s)
Round   13/30  coverage=0.4191  prec@K=0.0359  accepted=35  loss=nan  (0.0s)
Round   14/30  coverage=0.4206  prec@K=0.0388  accepted=38  loss=nan  (0.0s)
Round   15/30  coverage=0.4224  prec@K=0.0441  accepted=43  loss=nan  (0.0s)
Round   16/30  coverage=0.4234  prec@K=0.0276  accepted=27  loss=nan  (0.0s)
Round   17/30  coverage=0.4248  prec@K=0.0359  accepted=35  loss=nan  (0.0s)
Round   18/30  coverage=0.4263  prec@K=0.0358  accepted=35  loss=nan  (0.0s)
Round   19/30  coverage=0.4275  prec@K=0.0309  accepted=30  loss=nan  (0.0s)
Round   20/30  coverage=0.4293  prec@K=0.0469  accepted=46  loss=nan  (0.0s)
Round   21/30  coverage=0.4303  prec@K=0.0266  accepted=26  loss=nan  (0.2s)
Round   22/30  coverage=0.4318  prec@K=0.0379  accepted=37  loss=nan  (0.0s)
Round   23/30  coverage=0.4328  prec@K=0.0245  accepted=24  loss=nan  (0.0s)
Round   24/30  coverage=0.4344  prec@K=0.0402  accepted=39  loss=nan  (0.0s)
Round   25/30  coverage=0.4355  prec@K=0.0296  accepted=29  loss=nan  (0.0s)
Round   26/30  coverage=0.4373  prec@K=0.0453  accepted=44  loss=nan  (0.0s)
Round   27/30  coverage=0.4387  prec@K=0.0369  accepted=36  loss=nan  (0.0s)
Round   28/30  coverage=0.4402  prec@K=0.0378  accepted=37  loss=nan  (0.0s)
Round   29/30  coverage=0.4410  prec@K=0.0205  accepted=20  loss=nan  (0.0s)
Round   30/30  coverage=0.4421  prec@K=0.0276  accepted=27  loss=nan  (0.0s)

结果已写入 results\orchestrator\runs\ir40_constlr5e5_multiseed_bidir\email_eu\random_s3/rounds.csv
