=== email_eu_seal_s2  started 2026-05-07T23:07:36 ===

C:\conda\envs\gnn\lib\site-packages\requests\__init__.py:86: RequestsDependencyWarning: Unable to find acceptable character detection dependency (chardet or charset_normalizer).
  warnings.warn(
C:\conda\envs\gnn\lib\site-packages\outdated\__init__.py:36: UserWarning: pkg_resources is deprecated as an API. See https://setuptools.pypa.io/en/latest/pkg_resources.html. The pkg_resources package is slated for removal as early as 2025-11-30. Refrain from using this package or pin to Setuptools<81.
  from pkg_resources import parse_version
Round    1/30  coverage=0.4021  prec@K=0.0534  accepted=52  auc=0.7983  uauc=0.6510  loss=0.6961  (3.0s)
Round    2/30  coverage=0.4051  prec@K=0.0779  accepted=76  auc=0.7361  uauc=0.6534  loss=0.6964  (2.2s)
Round    3/30  coverage=0.4087  prec@K=0.0915  accepted=89  auc=0.7948  uauc=0.5108  loss=0.6978  (2.4s)
Round    4/30  coverage=0.4111  prec@K=0.0626  accepted=61  auc=0.7832  uauc=0.6597  loss=0.6997  (2.3s)
Round    5/30  coverage=0.4147  prec@K=0.0898  accepted=88  auc=0.7275  uauc=0.6182  loss=0.6960  (2.4s)
Round    6/30  coverage=0.4175  prec@K=0.0733  accepted=71  auc=0.7698  uauc=0.6659  loss=0.6956  (2.2s)
Round    7/30  coverage=0.4207  prec@K=0.0806  accepted=79  auc=0.7104  uauc=0.6336  loss=0.6949  (2.4s)
Round    8/30  coverage=0.4240  prec@K=0.0842  accepted=82  auc=0.7397  uauc=0.6314  loss=0.6973  (2.3s)
Round    9/30  coverage=0.4259  prec@K=0.0503  accepted=49  auc=0.7739  uauc=0.6021  loss=0.6947  (2.1s)
Round   10/30  coverage=0.4292  prec@K=0.0831  accepted=81  auc=0.8302  uauc=0.6887  loss=0.6931  (2.3s)
Round   11/30  coverage=0.4323  prec@K=0.0800  accepted=78  auc=0.7948  uauc=0.6834  loss=0.6929  (2.5s)
Round   12/30  coverage=0.4348  prec@K=0.0640  accepted=62  auc=0.7573  uauc=0.5692  loss=0.6905  (2.3s)
Round   13/30  coverage=0.4379  prec@K=0.0786  accepted=77  auc=0.7460  uauc=0.7232  loss=0.6955  (3.3s)
Round   14/30  coverage=0.4405  prec@K=0.0667  accepted=65  auc=0.7842  uauc=0.6840  loss=0.6958  (2.9s)
Round   15/30  coverage=0.4422  prec@K=0.0439  accepted=43  auc=0.8003  uauc=0.6997  loss=0.6934  (2.9s)
Round   16/30  coverage=0.4439  prec@K=0.0442  accepted=43  auc=0.7846  uauc=0.5789  loss=0.6888  (2.6s)
Round   17/30  coverage=0.4466  prec@K=0.0687  accepted=67  auc=0.8111  uauc=0.5182  loss=0.6915  (2.8s)
Round   18/30  coverage=0.4486  prec@K=0.0506  accepted=49  auc=0.7718  uauc=0.6390  loss=0.6892  (2.7s)
Round   19/30  coverage=0.4510  prec@K=0.0612  accepted=60  auc=0.7161  uauc=0.7359  loss=0.6896  (2.8s)
Round   20/30  coverage=0.4538  prec@K=0.0708  accepted=69  auc=0.7953  uauc=0.5952  loss=0.6896  (3.0s)
Round   21/30  coverage=0.4556  prec@K=0.0469  accepted=46  auc=0.8164  uauc=0.6177  loss=0.6864  (2.7s)
Round   22/30  coverage=0.4573  prec@K=0.0421  accepted=41  auc=0.8230  uauc=0.5777  loss=0.6868  (2.7s)
Round   23/30  coverage=0.4589  prec@K=0.0418  accepted=41  auc=0.8257  uauc=0.7363  loss=0.6861  (2.6s)
Round   24/30  coverage=0.4612  prec@K=0.0585  accepted=57  auc=0.8013  uauc=0.6341  loss=0.6863  (2.7s)
Round   25/30  coverage=0.4640  prec@K=0.0714  accepted=70  auc=0.7353  uauc=0.6426  loss=0.6901  (3.2s)
Round   26/30  coverage=0.4671  prec@K=0.0786  accepted=77  auc=0.7677  uauc=0.7167  loss=0.6873  (2.9s)
Round   27/30  coverage=0.4693  prec@K=0.0565  accepted=55  auc=0.7686  uauc=0.7325  loss=0.6854  (2.8s)
Round   28/30  coverage=0.4722  prec@K=0.0743  accepted=72  auc=0.8004  uauc=0.6243  loss=0.6843  (2.9s)
Round   29/30  coverage=0.4753  prec@K=0.0806  accepted=79  auc=0.7767  uauc=0.6092  loss=0.6840  (2.8s)
Round   30/30  coverage=0.4781  prec@K=0.0708  accepted=69  auc=0.8251  uauc=0.6179  loss=0.6829  (2.6s)

结果已写入 results\orchestrator\runs\ir40_constlr5e5_multiseed_bidir\email_eu\seal_s2/rounds.csv
