=== epinions_random_s0  started 2026-05-08T07:06:51 ===

C:\conda\envs\gnn\lib\site-packages\requests\__init__.py:86: RequestsDependencyWarning: Unable to find acceptable character detection dependency (chardet or charset_normalizer).
  warnings.warn(
C:\conda\envs\gnn\lib\site-packages\outdated\__init__.py:36: UserWarning: pkg_resources is deprecated as an API. See https://setuptools.pypa.io/en/latest/pkg_resources.html. The pkg_resources package is slated for removal as early as 2025-11-30. Refrain from using this package or pin to Setuptools<81.
  from pkg_resources import parse_version
Round    1/30  coverage=0.4001  prec@K=0.0085  accepted=59  loss=nan  (3.0s)
Round    2/30  coverage=0.4002  prec@K=0.0062  accepted=43  loss=nan  (0.3s)
Round    3/30  coverage=0.4003  prec@K=0.0057  accepted=40  loss=nan  (0.4s)
Round    4/30  coverage=0.4004  prec@K=0.0061  accepted=43  loss=nan  (0.7s)
Round    5/30  coverage=0.4005  prec@K=0.0071  accepted=48  loss=nan  (0.5s)
Round    6/30  coverage=0.4006  prec@K=0.0078  accepted=54  loss=nan  (0.6s)
Round    7/30  coverage=0.4007  prec@K=0.0097  accepted=66  loss=nan  (0.6s)
Round    8/30  coverage=0.4008  prec@K=0.0063  accepted=43  loss=nan  (0.7s)
Round    9/30  coverage=0.4009  prec@K=0.0068  accepted=47  loss=nan  (0.8s)
Round   10/30  coverage=0.4010  prec@K=0.0070  accepted=48  loss=nan  (0.8s)
Round   11/30  coverage=0.4011  prec@K=0.0068  accepted=48  loss=nan  (3.8s)
Round   12/30  coverage=0.4011  prec@K=0.0052  accepted=35  loss=nan  (1.0s)
Round   13/30  coverage=0.4012  prec@K=0.0059  accepted=41  loss=nan  (1.0s)
Round   14/30  coverage=0.4013  prec@K=0.0058  accepted=40  loss=nan  (1.2s)
Round   15/30  coverage=0.4014  prec@K=0.0076  accepted=53  loss=nan  (1.3s)
Round   16/30  coverage=0.4015  prec@K=0.0063  accepted=43  loss=nan  (1.4s)
Round   17/30  coverage=0.4015  prec@K=0.0051  accepted=36  loss=nan  (1.5s)
Round   18/30  coverage=0.4016  prec@K=0.0048  accepted=33  loss=nan  (1.5s)
Round   19/30  coverage=0.4017  prec@K=0.0050  accepted=34  loss=nan  (1.7s)
Round   20/30  coverage=0.4017  prec@K=0.0050  accepted=35  loss=nan  (1.9s)
Round   21/30  coverage=0.4018  prec@K=0.0049  accepted=34  loss=nan  (4.9s)
Round   22/30  coverage=0.4019  prec@K=0.0072  accepted=50  loss=nan  (2.1s)
Round   23/30  coverage=0.4020  prec@K=0.0050  accepted=35  loss=nan  (2.3s)
Round   24/30  coverage=0.4021  prec@K=0.0059  accepted=41  loss=nan  (2.3s)
Round   25/30  coverage=0.4021  prec@K=0.0055  accepted=38  loss=nan  (2.6s)
Round   26/30  coverage=0.4022  prec@K=0.0046  accepted=32  loss=nan  (2.3s)
Round   27/30  coverage=0.4023  prec@K=0.0051  accepted=35  loss=nan  (2.7s)
Round   28/30  coverage=0.4023  prec@K=0.0049  accepted=34  loss=nan  (2.9s)
Round   29/30  coverage=0.4024  prec@K=0.0039  accepted=27  loss=nan  (2.9s)
Round   30/30  coverage=0.4024  prec@K=0.0044  accepted=31  loss=nan  (3.6s)

结果已写入 results\orchestrator\runs\ir40_constlr5e5_multiseed_bidir\epinions\random_s0/rounds.csv
