=== epinions_seal_s1  started 2026-05-08T07:16:51 ===

C:\conda\envs\gnn\lib\site-packages\requests\__init__.py:86: RequestsDependencyWarning: Unable to find acceptable character detection dependency (chardet or charset_normalizer).
  warnings.warn(
C:\conda\envs\gnn\lib\site-packages\outdated\__init__.py:36: UserWarning: pkg_resources is deprecated as an API. See https://setuptools.pypa.io/en/latest/pkg_resources.html. The pkg_resources package is slated for removal as early as 2025-11-30. Refrain from using this package or pin to Setuptools<81.
  from pkg_resources import parse_version
Round    1/30  coverage=0.4001  prec@K=0.0076  accepted=52  auc=0.7084  uauc=0.6596  loss=0.7641  (8.6s)
Round    2/30  coverage=0.4002  prec@K=0.0092  accepted=64  auc=0.5720  uauc=0.6323  loss=0.7634  (4.8s)
Round    3/30  coverage=0.4004  prec@K=0.0096  accepted=66  auc=0.6839  uauc=0.6871  loss=0.7631  (5.5s)
Round    4/30  coverage=0.4005  prec@K=0.0088  accepted=60  auc=0.7032  uauc=0.6226  loss=0.7630  (4.8s)
Round    5/30  coverage=0.4006  prec@K=0.0084  accepted=58  auc=0.6383  uauc=0.5041  loss=0.7624  (5.0s)
Round    6/30  coverage=0.4007  prec@K=0.0065  accepted=45  auc=0.6956  uauc=0.6944  loss=0.7625  (5.1s)
Round    7/30  coverage=0.4008  prec@K=0.0087  accepted=59  auc=0.6754  uauc=0.6477  loss=0.7609  (4.9s)
Round    8/30  coverage=0.4009  prec@K=0.0098  accepted=67  auc=0.5897  uauc=0.5762  loss=0.7617  (5.2s)
Round    9/30  coverage=0.4011  prec@K=0.0095  accepted=65  auc=0.6743  uauc=0.6264  loss=0.7609  (5.4s)
Round   10/30  coverage=0.4012  prec@K=0.0086  accepted=60  auc=0.5732  uauc=0.5342  loss=0.7611  (5.7s)
Round   11/30  coverage=0.4013  prec@K=0.0068  accepted=47  auc=0.5313  uauc=0.5484  loss=0.7607  (8.8s)
Round   12/30  coverage=0.4014  prec@K=0.0087  accepted=60  auc=0.6758  uauc=0.5287  loss=0.7603  (5.8s)
Round   13/30  coverage=0.4015  prec@K=0.0082  accepted=57  auc=0.5625  uauc=0.6306  loss=0.7590  (6.0s)
Round   14/30  coverage=0.4016  prec@K=0.0063  accepted=43  auc=0.6160  uauc=0.6459  loss=0.7598  (5.9s)
Round   15/30  coverage=0.4017  prec@K=0.0055  accepted=39  auc=0.5979  uauc=0.5834  loss=0.7597  (6.5s)
Round   16/30  coverage=0.4018  prec@K=0.0084  accepted=58  auc=0.5671  uauc=0.5600  loss=0.7592  (6.1s)
Round   17/30  coverage=0.4019  prec@K=0.0081  accepted=57  auc=0.6404  uauc=0.5538  loss=0.7584  (6.5s)
Round   18/30  coverage=0.4020  prec@K=0.0080  accepted=55  auc=0.5930  uauc=0.5940  loss=0.7583  (6.9s)
Round   19/30  coverage=0.4021  prec@K=0.0080  accepted=55  auc=0.5107  uauc=0.5253  loss=0.7576  (6.9s)
Round   20/30  coverage=0.4022  prec@K=0.0070  accepted=49  auc=0.4835  uauc=0.5927  loss=0.7576  (7.1s)
Round   21/30  coverage=0.4023  prec@K=0.0054  accepted=37  auc=0.4261  uauc=0.5534  loss=0.7577  (10.3s)
Round   22/30  coverage=0.4024  prec@K=0.0077  accepted=53  auc=0.4622  uauc=0.5545  loss=0.7566  (7.4s)
Round   23/30  coverage=0.4025  prec@K=0.0070  accepted=49  auc=0.4639  uauc=0.6556  loss=0.7564  (7.5s)
Round   24/30  coverage=0.4025  prec@K=0.0059  accepted=41  auc=0.4600  uauc=0.6365  loss=0.7570  (7.9s)
Round   25/30  coverage=0.4027  prec@K=0.0089  accepted=62  auc=0.5862  uauc=0.5915  loss=0.7547  (8.0s)
Round   26/30  coverage=0.4027  prec@K=0.0050  accepted=35  auc=0.3523  uauc=0.4607  loss=0.7553  (8.5s)
Round   27/30  coverage=0.4028  prec@K=0.0071  accepted=49  auc=0.4426  uauc=0.6444  loss=0.7556  (8.3s)
Round   28/30  coverage=0.4029  prec@K=0.0075  accepted=52  auc=0.4975  uauc=0.6029  loss=0.7540  (8.3s)
Round   29/30  coverage=0.4030  prec@K=0.0063  accepted=44  auc=0.3996  uauc=0.6773  loss=0.7551  (8.3s)
Round   30/30  coverage=0.4031  prec@K=0.0065  accepted=44  auc=0.4570  uauc=0.6616  loss=0.7538  (8.9s)

结果已写入 results\orchestrator\runs\ir40_constlr5e5_multiseed_bidir\epinions\seal_s1/rounds.csv
