=== epinions_pa_s42  started 2026-05-08T07:05:33 ===

C:\conda\envs\gnn\lib\site-packages\requests\__init__.py:86: RequestsDependencyWarning: Unable to find acceptable character detection dependency (chardet or charset_normalizer).
  warnings.warn(
C:\conda\envs\gnn\lib\site-packages\outdated\__init__.py:36: UserWarning: pkg_resources is deprecated as an API. See https://setuptools.pypa.io/en/latest/pkg_resources.html. The pkg_resources package is slated for removal as early as 2025-11-30. Refrain from using this package or pin to Setuptools<81.
  from pkg_resources import parse_version
Round    1/30  coverage=0.4001  prec@K=0.0076  accepted=52  auc=0.7292  uauc=0.5693  loss=nan  (3.2s)
Round    2/30  coverage=0.4002  prec@K=0.0093  accepted=63  auc=0.7338  uauc=0.5499  loss=nan  (0.8s)
Round    3/30  coverage=0.4003  prec@K=0.0088  accepted=61  auc=0.6611  uauc=0.5385  loss=nan  (0.5s)
Round    4/30  coverage=0.4005  prec@K=0.0081  accepted=56  auc=0.6830  uauc=0.4999  loss=nan  (0.6s)
Round    5/30  coverage=0.4006  prec@K=0.0080  accepted=55  auc=0.7480  uauc=0.4866  loss=nan  (0.6s)
Round    6/30  coverage=0.4007  prec@K=0.0074  accepted=51  auc=0.6786  uauc=0.5571  loss=nan  (0.7s)
Round    7/30  coverage=0.4008  prec@K=0.0082  accepted=57  auc=0.6434  uauc=0.5351  loss=nan  (0.8s)
Round    8/30  coverage=0.4009  prec@K=0.0083  accepted=57  auc=0.6718  uauc=0.5784  loss=nan  (0.8s)
Round    9/30  coverage=0.4010  prec@K=0.0106  accepted=73  auc=0.7458  uauc=0.5536  loss=nan  (0.9s)
Round   10/30  coverage=0.4011  prec@K=0.0065  accepted=45  auc=0.7138  uauc=0.6071  loss=nan  (1.0s)
Round   11/30  coverage=0.4012  prec@K=0.0084  accepted=57  auc=0.6836  uauc=0.5583  loss=nan  (3.9s)
Round   12/30  coverage=0.4014  prec@K=0.0089  accepted=61  auc=0.6483  uauc=0.5711  loss=nan  (1.1s)
Round   13/30  coverage=0.4014  prec@K=0.0065  accepted=44  auc=0.6934  uauc=0.5648  loss=nan  (1.2s)
Round   14/30  coverage=0.4016  prec@K=0.0113  accepted=78  auc=0.6924  uauc=0.5301  loss=nan  (1.3s)
Round   15/30  coverage=0.4017  prec@K=0.0087  accepted=59  auc=0.7299  uauc=0.5661  loss=nan  (1.4s)
Round   16/30  coverage=0.4018  prec@K=0.0090  accepted=62  auc=0.6380  uauc=0.4152  loss=nan  (1.5s)
Round   17/30  coverage=0.4019  prec@K=0.0073  accepted=50  auc=0.6893  uauc=0.4854  loss=nan  (1.7s)
Round   18/30  coverage=0.4020  prec@K=0.0050  accepted=34  auc=0.7490  uauc=0.6051  loss=nan  (1.7s)
Round   19/30  coverage=0.4021  prec@K=0.0079  accepted=55  auc=0.7073  uauc=0.4734  loss=nan  (1.9s)
Round   20/30  coverage=0.4022  prec@K=0.0068  accepted=47  auc=0.7282  uauc=0.4899  loss=nan  (2.0s)
Round   21/30  coverage=0.4023  prec@K=0.0077  accepted=52  auc=0.6756  uauc=0.5129  loss=nan  (4.9s)
Round   22/30  coverage=0.4024  prec@K=0.0097  accepted=68  auc=0.6724  uauc=0.5526  loss=nan  (2.5s)
Round   23/30  coverage=0.4025  prec@K=0.0085  accepted=59  auc=0.6669  uauc=0.4722  loss=nan  (2.2s)
Round   24/30  coverage=0.4026  prec@K=0.0054  accepted=37  auc=0.6511  uauc=0.5110  loss=nan  (2.5s)
Round   25/30  coverage=0.4027  prec@K=0.0075  accepted=51  auc=0.7203  uauc=0.5888  loss=nan  (2.4s)
Round   26/30  coverage=0.4028  prec@K=0.0069  accepted=47  auc=0.6918  uauc=0.5986  loss=nan  (2.6s)
Round   27/30  coverage=0.4029  prec@K=0.0065  accepted=45  auc=0.6811  uauc=0.5724  loss=nan  (2.7s)
Round   28/30  coverage=0.4030  prec@K=0.0066  accepted=45  auc=0.6860  uauc=0.6118  loss=nan  (2.9s)
Round   29/30  coverage=0.4031  prec@K=0.0063  accepted=43  auc=0.7668  uauc=0.6072  loss=nan  (3.0s)
Round   30/30  coverage=0.4032  prec@K=0.0093  accepted=64  auc=0.6937  uauc=0.5356  loss=nan  (2.9s)

结果已写入 results\orchestrator\runs\ir40_constlr5e5_multiseed_bidir\epinions\pa_s42/rounds.csv
