=== epinions_jaccard_s42  started 2026-05-08T06:58:57 ===

C:\conda\envs\gnn\lib\site-packages\requests\__init__.py:86: RequestsDependencyWarning: Unable to find acceptable character detection dependency (chardet or charset_normalizer).
  warnings.warn(
C:\conda\envs\gnn\lib\site-packages\outdated\__init__.py:36: UserWarning: pkg_resources is deprecated as an API. See https://setuptools.pypa.io/en/latest/pkg_resources.html. The pkg_resources package is slated for removal as early as 2025-11-30. Refrain from using this package or pin to Setuptools<81.
  from pkg_resources import parse_version
Round    1/30  coverage=0.4001  prec@K=0.0109  accepted=75  auc=0.6312  uauc=0.5923  loss=nan  (3.3s)
Round    2/30  coverage=0.4003  prec@K=0.0115  accepted=78  auc=0.6317  uauc=0.5376  loss=nan  (0.8s)
Round    3/30  coverage=0.4005  prec@K=0.0122  accepted=85  auc=0.6385  uauc=0.6193  loss=nan  (0.6s)
Round    4/30  coverage=0.4006  prec@K=0.0124  accepted=86  auc=0.6359  uauc=0.6695  loss=nan  (0.6s)
Round    5/30  coverage=0.4008  prec@K=0.0108  accepted=74  auc=0.6581  uauc=0.7115  loss=nan  (0.7s)
Round    6/30  coverage=0.4009  prec@K=0.0112  accepted=77  auc=0.6774  uauc=0.7052  loss=nan  (0.8s)
Round    7/30  coverage=0.4011  prec@K=0.0124  accepted=86  auc=0.6948  uauc=0.6321  loss=nan  (0.9s)
Round    8/30  coverage=0.4013  prec@K=0.0132  accepted=91  auc=0.6345  uauc=0.6235  loss=nan  (0.9s)
Round    9/30  coverage=0.4014  prec@K=0.0120  accepted=82  auc=0.6738  uauc=0.7116  loss=nan  (1.0s)
Round   10/30  coverage=0.4016  prec@K=0.0118  accepted=81  auc=0.6480  uauc=0.6271  loss=nan  (1.1s)
Round   11/30  coverage=0.4018  prec@K=0.0135  accepted=92  auc=0.6314  uauc=0.6190  loss=nan  (4.0s)
Round   12/30  coverage=0.4020  prec@K=0.0141  accepted=97  auc=0.6385  uauc=0.5806  loss=nan  (1.2s)
Round   13/30  coverage=0.4021  prec@K=0.0100  accepted=68  auc=0.6318  uauc=0.5908  loss=nan  (1.3s)
Round   14/30  coverage=0.4023  prec@K=0.0109  accepted=75  auc=0.6039  uauc=0.6163  loss=nan  (1.4s)
Round   15/30  coverage=0.4024  prec@K=0.0122  accepted=83  auc=0.6211  uauc=0.5943  loss=nan  (1.5s)
Round   16/30  coverage=0.4026  prec@K=0.0134  accepted=92  auc=0.6335  uauc=0.6725  loss=nan  (1.7s)
Round   17/30  coverage=0.4027  prec@K=0.0081  accepted=56  auc=0.6454  uauc=0.5817  loss=nan  (1.8s)
Round   18/30  coverage=0.4028  prec@K=0.0094  accepted=64  auc=0.6800  uauc=0.6551  loss=nan  (1.8s)
Round   19/30  coverage=0.4030  prec@K=0.0125  accepted=87  auc=0.6629  uauc=0.6455  loss=nan  (2.0s)
Round   20/30  coverage=0.4031  prec@K=0.0104  accepted=72  auc=0.6594  uauc=0.7287  loss=nan  (2.2s)
Round   21/30  coverage=0.4033  prec@K=0.0105  accepted=71  auc=0.6352  uauc=0.6685  loss=nan  (5.3s)
Round   22/30  coverage=0.4035  prec@K=0.0125  accepted=87  auc=0.6390  uauc=0.6352  loss=nan  (2.3s)
Round   23/30  coverage=0.4036  prec@K=0.0102  accepted=71  auc=0.6507  uauc=0.6391  loss=nan  (2.4s)
Round   24/30  coverage=0.4038  prec@K=0.0119  accepted=82  auc=0.6677  uauc=0.6245  loss=nan  (2.7s)
Round   25/30  coverage=0.4039  prec@K=0.0131  accepted=89  auc=0.6204  uauc=0.6505  loss=nan  (2.6s)
Round   26/30  coverage=0.4041  prec@K=0.0108  accepted=74  auc=0.6503  uauc=0.6327  loss=nan  (2.8s)
Round   27/30  coverage=0.4042  prec@K=0.0103  accepted=71  auc=0.6118  uauc=0.6267  loss=nan  (2.9s)
Round   28/30  coverage=0.4044  prec@K=0.0115  accepted=79  auc=0.6228  uauc=0.6149  loss=nan  (3.1s)
Round   29/30  coverage=0.4045  prec@K=0.0130  accepted=89  auc=0.6376  uauc=0.6603  loss=nan  (3.2s)
Round   30/30  coverage=0.4047  prec@K=0.0146  accepted=100  auc=0.6562  uauc=0.7049  loss=nan  (3.1s)

结果已写入 results\orchestrator\runs\ir40_constlr5e5_multiseed_bidir\epinions\jaccard_s42/rounds.csv
