=== epinions_pa_s2  started 2026-05-08T07:02:55 ===

C:\conda\envs\gnn\lib\site-packages\requests\__init__.py:86: RequestsDependencyWarning: Unable to find acceptable character detection dependency (chardet or charset_normalizer).
  warnings.warn(
C:\conda\envs\gnn\lib\site-packages\outdated\__init__.py:36: UserWarning: pkg_resources is deprecated as an API. See https://setuptools.pypa.io/en/latest/pkg_resources.html. The pkg_resources package is slated for removal as early as 2025-11-30. Refrain from using this package or pin to Setuptools<81.
  from pkg_resources import parse_version
Round    1/30  coverage=0.4001  prec@K=0.0098  accepted=68  auc=0.7253  uauc=0.5039  loss=nan  (3.1s)
Round    2/30  coverage=0.4003  prec@K=0.0094  accepted=64  auc=0.6517  uauc=0.5356  loss=nan  (0.8s)
Round    3/30  coverage=0.4003  prec@K=0.0061  accepted=42  auc=0.7486  uauc=0.6355  loss=nan  (0.5s)
Round    4/30  coverage=0.4005  prec@K=0.0100  accepted=69  auc=0.6631  uauc=0.5629  loss=nan  (0.6s)
Round    5/30  coverage=0.4006  prec@K=0.0066  accepted=46  auc=0.6376  uauc=0.5206  loss=nan  (0.6s)
Round    6/30  coverage=0.4007  prec@K=0.0086  accepted=59  auc=0.7345  uauc=0.5476  loss=nan  (0.7s)
Round    7/30  coverage=0.4008  prec@K=0.0077  accepted=53  auc=0.7068  uauc=0.5657  loss=nan  (0.8s)
Round    8/30  coverage=0.4009  prec@K=0.0064  accepted=44  auc=0.6993  uauc=0.6030  loss=nan  (0.8s)
Round    9/30  coverage=0.4010  prec@K=0.0091  accepted=64  auc=0.7219  uauc=0.5391  loss=nan  (0.9s)
Round   10/30  coverage=0.4011  prec@K=0.0094  accepted=65  auc=0.7488  uauc=0.5436  loss=nan  (1.0s)
Round   11/30  coverage=0.4012  prec@K=0.0076  accepted=53  auc=0.6148  uauc=0.4198  loss=nan  (3.8s)
Round   12/30  coverage=0.4013  prec@K=0.0073  accepted=51  auc=0.7237  uauc=0.5533  loss=nan  (1.1s)
Round   13/30  coverage=0.4015  prec@K=0.0094  accepted=65  auc=0.6928  uauc=0.5674  loss=nan  (1.2s)
Round   14/30  coverage=0.4016  prec@K=0.0072  accepted=49  auc=0.7184  uauc=0.5338  loss=nan  (1.3s)
Round   15/30  coverage=0.4017  prec@K=0.0101  accepted=71  auc=0.7370  uauc=0.5105  loss=nan  (1.4s)
Round   16/30  coverage=0.4018  prec@K=0.0063  accepted=43  auc=0.7115  uauc=0.5558  loss=nan  (1.5s)
Round   17/30  coverage=0.4019  prec@K=0.0095  accepted=65  auc=0.6364  uauc=0.5618  loss=nan  (1.5s)
Round   18/30  coverage=0.4020  prec@K=0.0060  accepted=42  auc=0.7142  uauc=0.5441  loss=nan  (1.8s)
Round   19/30  coverage=0.4021  prec@K=0.0073  accepted=50  auc=0.7244  uauc=0.4964  loss=nan  (1.9s)
Round   20/30  coverage=0.4022  prec@K=0.0096  accepted=65  auc=0.7090  uauc=0.6329  loss=nan  (1.9s)
Round   21/30  coverage=0.4024  prec@K=0.0101  accepted=69  auc=0.6876  uauc=0.5629  loss=nan  (5.0s)
Round   22/30  coverage=0.4024  prec@K=0.0068  accepted=47  auc=0.6818  uauc=0.4800  loss=nan  (2.4s)
Round   23/30  coverage=0.4025  prec@K=0.0064  accepted=44  auc=0.6953  uauc=0.5229  loss=nan  (2.3s)
Round   24/30  coverage=0.4027  prec@K=0.0094  accepted=65  auc=0.6915  uauc=0.6282  loss=nan  (2.4s)
Round   25/30  coverage=0.4027  prec@K=0.0066  accepted=45  auc=0.7372  uauc=0.4942  loss=nan  (2.7s)
Round   26/30  coverage=0.4028  prec@K=0.0056  accepted=39  auc=0.7686  uauc=0.4700  loss=nan  (2.6s)
Round   27/30  coverage=0.4029  prec@K=0.0073  accepted=51  auc=0.6471  uauc=0.4971  loss=nan  (2.8s)
Round   28/30  coverage=0.4030  prec@K=0.0076  accepted=52  auc=0.7445  uauc=0.6343  loss=nan  (2.9s)
Round   29/30  coverage=0.4031  prec@K=0.0067  accepted=46  auc=0.7058  uauc=0.5235  loss=nan  (3.0s)
Round   30/30  coverage=0.4032  prec@K=0.0062  accepted=42  auc=0.7188  uauc=0.5263  loss=nan  (3.2s)

结果已写入 results\orchestrator\runs\ir40_constlr5e5_multiseed_bidir\epinions\pa_s2/rounds.csv
