=== epinions_jaccard_s1  started 2026-05-08T06:54:39 ===

C:\conda\envs\gnn\lib\site-packages\requests\__init__.py:86: RequestsDependencyWarning: Unable to find acceptable character detection dependency (chardet or charset_normalizer).
  warnings.warn(
C:\conda\envs\gnn\lib\site-packages\outdated\__init__.py:36: UserWarning: pkg_resources is deprecated as an API. See https://setuptools.pypa.io/en/latest/pkg_resources.html. The pkg_resources package is slated for removal as early as 2025-11-30. Refrain from using this package or pin to Setuptools<81.
  from pkg_resources import parse_version
Round    1/30  coverage=0.4001  prec@K=0.0101  accepted=69  auc=0.6241  uauc=0.5263  loss=nan  (3.4s)
Round    2/30  coverage=0.4003  prec@K=0.0139  accepted=96  auc=0.6412  uauc=0.6395  loss=nan  (0.9s)
Round    3/30  coverage=0.4005  prec@K=0.0142  accepted=98  auc=0.6535  uauc=0.6531  loss=nan  (0.6s)
Round    4/30  coverage=0.4007  prec@K=0.0150  accepted=102  auc=0.6590  uauc=0.6475  loss=nan  (0.7s)
Round    5/30  coverage=0.4008  prec@K=0.0084  accepted=58  auc=0.6521  uauc=0.5400  loss=nan  (0.7s)
Round    6/30  coverage=0.4010  prec@K=0.0097  accepted=67  auc=0.6781  uauc=0.6722  loss=nan  (0.8s)
Round    7/30  coverage=0.4012  prec@K=0.0149  accepted=101  auc=0.6461  uauc=0.6554  loss=nan  (0.8s)
Round    8/30  coverage=0.4013  prec@K=0.0118  accepted=81  auc=0.6118  uauc=0.5494  loss=nan  (0.9s)
Round    9/30  coverage=0.4015  prec@K=0.0123  accepted=84  auc=0.6502  uauc=0.7255  loss=nan  (1.0s)
Round   10/30  coverage=0.4016  prec@K=0.0100  accepted=70  auc=0.6136  uauc=0.6443  loss=nan  (1.1s)
Round   11/30  coverage=0.4018  prec@K=0.0102  accepted=71  auc=0.6403  uauc=0.5475  loss=nan  (4.1s)
Round   12/30  coverage=0.4019  prec@K=0.0110  accepted=76  auc=0.6009  uauc=0.6079  loss=nan  (1.2s)
Round   13/30  coverage=0.4021  prec@K=0.0135  accepted=94  auc=0.6663  uauc=0.6052  loss=nan  (1.4s)
Round   14/30  coverage=0.4022  prec@K=0.0085  accepted=58  auc=0.6316  uauc=0.6100  loss=nan  (1.4s)
Round   15/30  coverage=0.4023  prec@K=0.0089  accepted=63  auc=0.6376  uauc=0.7127  loss=nan  (1.6s)
Round   16/30  coverage=0.4025  prec@K=0.0106  accepted=73  auc=0.6256  uauc=0.6713  loss=nan  (1.7s)
Round   17/30  coverage=0.4026  prec@K=0.0117  accepted=82  auc=0.6376  uauc=0.6593  loss=nan  (1.8s)
Round   18/30  coverage=0.4028  prec@K=0.0109  accepted=75  auc=0.6459  uauc=0.6219  loss=nan  (1.9s)
Round   19/30  coverage=0.4029  prec@K=0.0115  accepted=79  auc=0.6931  uauc=0.6824  loss=nan  (2.1s)
Round   20/30  coverage=0.4031  prec@K=0.0149  accepted=104  auc=0.6895  uauc=0.6494  loss=nan  (2.3s)
Round   21/30  coverage=0.4033  prec@K=0.0123  accepted=85  auc=0.6381  uauc=0.6074  loss=nan  (5.6s)
Round   22/30  coverage=0.4035  prec@K=0.0119  accepted=82  auc=0.6556  uauc=0.6819  loss=nan  (2.6s)
Round   23/30  coverage=0.4037  prec@K=0.0131  accepted=91  auc=0.6414  uauc=0.6313  loss=nan  (2.8s)
Round   24/30  coverage=0.4038  prec@K=0.0116  accepted=81  auc=0.6306  uauc=0.6046  loss=nan  (2.8s)
Round   25/30  coverage=0.4040  prec@K=0.0118  accepted=82  auc=0.6517  uauc=0.6275  loss=nan  (3.4s)
Round   26/30  coverage=0.4041  prec@K=0.0126  accepted=88  auc=0.6791  uauc=0.6588  loss=nan  (3.6s)
Round   27/30  coverage=0.4043  prec@K=0.0109  accepted=76  auc=0.6580  uauc=0.5735  loss=nan  (3.4s)
Round   28/30  coverage=0.4045  prec@K=0.0159  accepted=110  auc=0.6644  uauc=0.6810  loss=nan  (3.1s)
Round   29/30  coverage=0.4046  prec@K=0.0098  accepted=68  auc=0.6422  uauc=0.6179  loss=nan  (3.3s)
Round   30/30  coverage=0.4048  prec@K=0.0126  accepted=86  auc=0.6705  uauc=0.5879  loss=nan  (3.9s)

结果已写入 results\orchestrator\runs\ir40_constlr5e5_multiseed_bidir\epinions\jaccard_s1/rounds.csv
