=== epinions_graphsage_emb_s3  started 2026-05-08T06:44:59 ===

C:\conda\envs\gnn\lib\site-packages\requests\__init__.py:86: RequestsDependencyWarning: Unable to find acceptable character detection dependency (chardet or charset_normalizer).
  warnings.warn(
C:\conda\envs\gnn\lib\site-packages\outdated\__init__.py:36: UserWarning: pkg_resources is deprecated as an API. See https://setuptools.pypa.io/en/latest/pkg_resources.html. The pkg_resources package is slated for removal as early as 2025-11-30. Refrain from using this package or pin to Setuptools<81.
  from pkg_resources import parse_version
Round    1/30  coverage=0.4001  prec@K=0.0070  accepted=48  auc=0.2889  uauc=0.5623  loss=0.8270  (9.4s)
Round    2/30  coverage=0.4002  prec@K=0.0089  accepted=61  auc=0.2868  uauc=0.5253  loss=0.8262  (5.0s)
Round    3/30  coverage=0.4003  prec@K=0.0064  accepted=44  auc=0.2619  uauc=0.6291  loss=0.8269  (5.1s)
Round    4/30  coverage=0.4004  prec@K=0.0071  accepted=48  auc=0.3285  uauc=0.5773  loss=0.8263  (5.1s)
Round    5/30  coverage=0.4005  prec@K=0.0080  accepted=56  auc=0.2803  uauc=0.5050  loss=0.8257  (6.1s)
Round    6/30  coverage=0.4006  prec@K=0.0073  accepted=51  auc=0.2504  uauc=0.5792  loss=0.8258  (6.1s)
Round    7/30  coverage=0.4007  prec@K=0.0095  accepted=65  auc=0.2701  uauc=0.4538  loss=0.8247  (6.1s)
Round    8/30  coverage=0.4008  prec@K=0.0064  accepted=44  auc=0.1990  uauc=0.5572  loss=0.8255  (5.7s)
Round    9/30  coverage=0.4010  prec@K=0.0108  accepted=75  auc=0.2664  uauc=0.5044  loss=0.8235  (6.1s)
Round   10/30  coverage=0.4010  prec@K=0.0060  accepted=42  auc=0.1843  uauc=0.4664  loss=0.8251  (6.1s)
Round   11/30  coverage=0.4011  prec@K=0.0062  accepted=43  auc=0.2152  uauc=0.5651  loss=0.8248  (8.8s)
Round   12/30  coverage=0.4012  prec@K=0.0050  accepted=35  auc=0.2370  uauc=0.4960  loss=0.8249  (6.3s)
Round   13/30  coverage=0.4013  prec@K=0.0057  accepted=39  auc=0.2294  uauc=0.5854  loss=0.8243  (6.7s)
Round   14/30  coverage=0.4014  prec@K=0.0082  accepted=58  auc=0.1901  uauc=0.5778  loss=0.8233  (6.9s)
Round   15/30  coverage=0.4015  prec@K=0.0062  accepted=43  auc=0.2359  uauc=0.4973  loss=0.8234  (6.7s)
Round   16/30  coverage=0.4016  prec@K=0.0075  accepted=51  auc=0.2392  uauc=0.5126  loss=0.8227  (6.8s)
Round   17/30  coverage=0.4017  prec@K=0.0062  accepted=42  auc=0.2316  uauc=0.5817  loss=0.8230  (7.5s)
Round   18/30  coverage=0.4018  prec@K=0.0078  accepted=54  auc=0.2128  uauc=0.4917  loss=0.8220  (7.8s)
Round   19/30  coverage=0.4018  prec@K=0.0035  accepted=24  auc=0.1823  uauc=0.4208  loss=0.8235  (7.7s)
Round   20/30  coverage=0.4019  prec@K=0.0070  accepted=48  auc=0.2128  uauc=0.4702  loss=0.8218  (7.8s)
Round   21/30  coverage=0.4020  prec@K=0.0057  accepted=39  auc=0.1818  uauc=0.4544  loss=0.8221  (11.5s)
Round   22/30  coverage=0.4021  prec@K=0.0056  accepted=39  auc=0.2385  uauc=0.4802  loss=0.8220  (8.6s)
Round   23/30  coverage=0.4021  prec@K=0.0066  accepted=44  auc=0.1873  uauc=0.4850  loss=0.8212  (8.5s)
Round   24/30  coverage=0.4022  prec@K=0.0060  accepted=42  auc=0.1390  uauc=0.4869  loss=0.8212  (8.8s)
Round   25/30  coverage=0.4023  prec@K=0.0052  accepted=36  auc=0.2706  uauc=0.4719  loss=0.8212  (8.8s)
Round   26/30  coverage=0.4024  prec@K=0.0062  accepted=43  auc=0.2075  uauc=0.5419  loss=0.8206  (9.0s)
Round   27/30  coverage=0.4025  prec@K=0.0053  accepted=36  auc=0.2720  uauc=0.3945  loss=0.8207  (9.1s)
Round   28/30  coverage=0.4025  prec@K=0.0049  accepted=34  auc=0.2038  uauc=0.4209  loss=0.8206  (9.2s)
Round   29/30  coverage=0.4026  prec@K=0.0044  accepted=30  auc=0.2412  uauc=0.5290  loss=0.8206  (9.5s)
Round   30/30  coverage=0.4027  prec@K=0.0058  accepted=40  auc=0.1927  uauc=0.3731  loss=0.8199  (9.4s)

结果已写入 results\orchestrator\runs\ir40_constlr5e5_multiseed_bidir\epinions\graphsage_emb_s3/rounds.csv
