=== epinions_gnn_s0  started 2026-05-08T03:50:18 ===

C:\conda\envs\gnn\lib\site-packages\requests\__init__.py:86: RequestsDependencyWarning: Unable to find acceptable character detection dependency (chardet or charset_normalizer).
  warnings.warn(
C:\conda\envs\gnn\lib\site-packages\outdated\__init__.py:36: UserWarning: pkg_resources is deprecated as an API. See https://setuptools.pypa.io/en/latest/pkg_resources.html. The pkg_resources package is slated for removal as early as 2025-11-30. Refrain from using this package or pin to Setuptools<81.
  from pkg_resources import parse_version
Round    1/30  coverage=0.4001  prec@K=0.0076  accepted=53  auc=0.1348  uauc=0.5734  loss=0.5789  (11.1s)
Round    2/30  coverage=0.4002  prec@K=0.0058  accepted=40  auc=0.2103  uauc=0.5621  loss=0.5779  (6.2s)
Round    3/30  coverage=0.4003  prec@K=0.0052  accepted=36  auc=0.2292  uauc=0.5678  loss=0.5772  (6.6s)
Round    4/30  coverage=0.4003  prec@K=0.0057  accepted=40  auc=0.1490  uauc=0.5781  loss=0.5772  (7.2s)
Round    5/30  coverage=0.4004  prec@K=0.0061  accepted=41  auc=0.1488  uauc=0.5734  loss=0.5770  (6.7s)
Round    6/30  coverage=0.4005  prec@K=0.0068  accepted=47  auc=0.1884  uauc=0.5993  loss=0.5773  (6.5s)
Round    7/30  coverage=0.4006  prec@K=0.0078  accepted=53  auc=0.2118  uauc=0.5015  loss=0.5775  (6.7s)
Round    8/30  coverage=0.4007  prec@K=0.0070  accepted=48  auc=0.1821  uauc=0.4950  loss=0.5770  (7.0s)
Round    9/30  coverage=0.4008  prec@K=0.0066  accepted=46  auc=0.1575  uauc=0.6366  loss=0.5765  (7.2s)
Round   10/30  coverage=0.4009  prec@K=0.0057  accepted=39  auc=0.2097  uauc=0.5786  loss=0.5758  (7.5s)
Round   11/30  coverage=0.4010  prec@K=0.0059  accepted=42  auc=0.1973  uauc=0.6209  loss=0.5756  (12.0s)
Round   12/30  coverage=0.4010  prec@K=0.0068  accepted=46  auc=0.1631  uauc=0.5714  loss=0.5757  (8.2s)
Round   13/30  coverage=0.4011  prec@K=0.0065  accepted=45  auc=0.2227  uauc=0.5469  loss=0.5753  (8.3s)
Round   14/30  coverage=0.4012  prec@K=0.0064  accepted=44  auc=0.2004  uauc=0.6101  loss=0.5750  (8.9s)
Round   15/30  coverage=0.4013  prec@K=0.0065  accepted=45  auc=0.1647  uauc=0.6377  loss=0.5749  (8.7s)
Round   16/30  coverage=0.4014  prec@K=0.0067  accepted=46  auc=0.1710  uauc=0.6009  loss=0.5749  (9.3s)
Round   17/30  coverage=0.4015  prec@K=0.0057  accepted=40  auc=0.1885  uauc=0.5459  loss=0.5740  (10.2s)
Round   18/30  coverage=0.4015  prec@K=0.0046  accepted=32  auc=0.1478  uauc=0.4948  loss=0.5733  (10.1s)
Round   19/30  coverage=0.4016  prec@K=0.0048  accepted=33  auc=0.1777  uauc=0.5645  loss=0.5733  (10.4s)
Round   20/30  coverage=0.4017  prec@K=0.0046  accepted=32  auc=0.1865  uauc=0.5021  loss=0.5730  (11.0s)
Round   21/30  coverage=0.4017  prec@K=0.0059  accepted=41  auc=0.2382  uauc=0.5694  loss=0.5733  (15.2s)
Round   22/30  coverage=0.4018  prec@K=0.0060  accepted=42  auc=0.2121  uauc=0.5909  loss=0.5728  (11.4s)
Round   23/30  coverage=0.4019  prec@K=0.0051  accepted=36  auc=0.1794  uauc=0.6369  loss=0.5724  (11.5s)
Round   24/30  coverage=0.4020  prec@K=0.0058  accepted=40  auc=0.2281  uauc=0.5870  loss=0.5723  (11.4s)
Round   25/30  coverage=0.4020  prec@K=0.0033  accepted=23  auc=0.1862  uauc=0.5038  loss=0.5711  (11.7s)
Round   26/30  coverage=0.4021  prec@K=0.0046  accepted=32  auc=0.2222  uauc=0.6069  loss=0.5713  (11.5s)
Round   27/30  coverage=0.4021  prec@K=0.0035  accepted=24  auc=0.1803  uauc=0.6292  loss=0.5707  (12.0s)
Round   28/30  coverage=0.4022  prec@K=0.0047  accepted=33  auc=0.1687  uauc=0.5996  loss=0.5709  (12.6s)
Round   29/30  coverage=0.4023  prec@K=0.0039  accepted=27  auc=0.1921  uauc=0.4984  loss=0.5704  (12.6s)
Round   30/30  coverage=0.4023  prec@K=0.0046  accepted=32  auc=0.1133  uauc=0.5065  loss=0.5708  (13.6s)

结果已写入 results\orchestrator\runs\ir40_constlr5e5_multiseed_bidir\epinions\gnn_s0/rounds.csv
