=== slashdot_gnn_concat_s42  started 2026-05-08T08:39:00 ===

C:\conda\envs\gnn\lib\site-packages\requests\__init__.py:86: RequestsDependencyWarning: Unable to find acceptable character detection dependency (chardet or charset_normalizer).
  warnings.warn(
C:\conda\envs\gnn\lib\site-packages\outdated\__init__.py:36: UserWarning: pkg_resources is deprecated as an API. See https://setuptools.pypa.io/en/latest/pkg_resources.html. The pkg_resources package is slated for removal as early as 2025-11-30. Refrain from using this package or pin to Setuptools<81.
  from pkg_resources import parse_version
Round    1/30  coverage=0.4001  prec@K=0.0039  accepted=28  auc=0.2586  uauc=0.5762  loss=0.6776  (8.5s)
Round    2/30  coverage=0.4001  prec@K=0.0029  accepted=21  auc=0.1916  uauc=0.6358  loss=0.6746  (5.7s)
Round    3/30  coverage=0.4001  prec@K=0.0033  accepted=24  auc=0.1863  uauc=0.7561  loss=0.6733  (5.3s)
Round    4/30  coverage=0.4002  prec@K=0.0022  accepted=16  auc=0.3157  uauc=0.7037  loss=0.6691  (5.8s)
Round    5/30  coverage=0.4002  prec@K=0.0045  accepted=32  auc=0.2418  uauc=0.4157  loss=0.6678  (6.0s)
Round    6/30  coverage=0.4003  prec@K=0.0028  accepted=20  auc=0.2168  uauc=0.6533  loss=0.6669  (5.3s)
Round    7/30  coverage=0.4003  prec@K=0.0014  accepted=10  auc=0.3302  uauc=0.5556  loss=0.6629  (6.1s)
Round    8/30  coverage=0.4003  prec@K=0.0029  accepted=21  auc=0.2150  uauc=0.5639  loss=0.6623  (5.8s)
Round    9/30  coverage=0.4004  prec@K=0.0036  accepted=26  auc=0.2094  uauc=0.7497  loss=0.6600  (5.9s)
Round   10/30  coverage=0.4004  prec@K=0.0018  accepted=13  auc=0.1263  uauc=0.6521  loss=0.6580  (6.0s)
Round   11/30  coverage=0.4004  prec@K=0.0025  accepted=18  auc=0.2003  uauc=0.7519  loss=0.6555  (8.4s)
Round   12/30  coverage=0.4005  prec@K=0.0025  accepted=18  auc=0.1853  uauc=0.5196  loss=0.6533  (6.4s)
Round   13/30  coverage=0.4005  prec@K=0.0031  accepted=22  auc=0.2448  uauc=0.5958  loss=0.6512  (6.4s)
Round   14/30  coverage=0.4006  prec@K=0.0037  accepted=27  auc=0.2594  uauc=0.6607  loss=0.6483  (6.6s)
Round   15/30  coverage=0.4006  prec@K=0.0018  accepted=13  auc=0.2376  uauc=0.5726  loss=0.6468  (6.8s)
Round   16/30  coverage=0.4006  prec@K=0.0024  accepted=17  auc=0.2074  uauc=0.7269  loss=0.6447  (6.8s)
Round   17/30  coverage=0.4007  prec@K=0.0018  accepted=13  auc=0.2313  uauc=0.5938  loss=0.6435  (6.9s)
Round   18/30  coverage=0.4007  prec@K=0.0023  accepted=17  auc=0.2493  uauc=0.5861  loss=0.6409  (7.0s)
Round   19/30  coverage=0.4007  prec@K=0.0032  accepted=23  auc=0.2106  uauc=0.6993  loss=0.6390  (7.4s)
Round   20/30  coverage=0.4008  prec@K=0.0037  accepted=27  auc=0.1511  uauc=0.6464  loss=0.6363  (7.1s)
Round   21/30  coverage=0.4008  prec@K=0.0028  accepted=20  auc=0.2411  uauc=0.6993  loss=0.6337  (10.1s)
Round   22/30  coverage=0.4009  prec@K=0.0022  accepted=16  auc=0.1603  uauc=0.6681  loss=0.6303  (8.7s)
Round   23/30  coverage=0.4009  prec@K=0.0047  accepted=34  auc=0.2421  uauc=0.6099  loss=0.6301  (7.7s)
Round   24/30  coverage=0.4010  prec@K=0.0027  accepted=20  auc=0.2611  uauc=0.7740  loss=0.6268  (8.0s)
Round   25/30  coverage=0.4010  prec@K=0.0029  accepted=21  auc=0.2132  uauc=0.8203  loss=0.6239  (8.5s)
Round   26/30  coverage=0.4011  prec@K=0.0036  accepted=26  auc=0.2542  uauc=0.8690  loss=0.6234  (7.9s)
Round   27/30  coverage=0.4011  prec@K=0.0033  accepted=24  auc=0.2535  uauc=0.7519  loss=0.6203  (8.4s)
Round   28/30  coverage=0.4011  prec@K=0.0026  accepted=19  auc=0.2097  uauc=0.7126  loss=0.6177  (8.6s)
Round   29/30  coverage=0.4012  prec@K=0.0022  accepted=16  auc=0.2451  uauc=0.6190  loss=0.6154  (8.7s)
Round   30/30  coverage=0.4012  prec@K=0.0024  accepted=18  auc=0.1947  uauc=0.8405  loss=0.6124  (9.5s)

结果已写入 results\orchestrator\runs\ir40_constlr5e5_multiseed_bidir\slashdot\gnn_concat_s42/rounds.csv
