=== slashdot_random_s2  started 2026-05-08T10:34:47 ===

C:\conda\envs\gnn\lib\site-packages\requests\__init__.py:86: RequestsDependencyWarning: Unable to find acceptable character detection dependency (chardet or charset_normalizer).
  warnings.warn(
C:\conda\envs\gnn\lib\site-packages\outdated\__init__.py:36: UserWarning: pkg_resources is deprecated as an API. See https://setuptools.pypa.io/en/latest/pkg_resources.html. The pkg_resources package is slated for removal as early as 2025-11-30. Refrain from using this package or pin to Setuptools<81.
  from pkg_resources import parse_version
Round    1/30  coverage=0.4000  prec@K=0.0016  accepted=12  loss=nan  (2.6s)
Round    2/30  coverage=0.4001  prec@K=0.0024  accepted=17  loss=nan  (0.6s)
Round    3/30  coverage=0.4001  prec@K=0.0021  accepted=15  loss=nan  (0.4s)
Round    4/30  coverage=0.4001  prec@K=0.0029  accepted=21  loss=nan  (0.4s)
Round    5/30  coverage=0.4002  prec@K=0.0018  accepted=13  loss=nan  (0.5s)
Round    6/30  coverage=0.4002  prec@K=0.0022  accepted=16  loss=nan  (0.6s)
Round    7/30  coverage=0.4002  prec@K=0.0024  accepted=17  loss=nan  (0.6s)
Round    8/30  coverage=0.4003  prec@K=0.0026  accepted=19  loss=nan  (0.7s)
Round    9/30  coverage=0.4003  prec@K=0.0032  accepted=23  loss=nan  (0.8s)
Round   10/30  coverage=0.4003  prec@K=0.0019  accepted=14  loss=nan  (0.8s)
Round   11/30  coverage=0.4003  prec@K=0.0018  accepted=13  loss=nan  (3.2s)
Round   12/30  coverage=0.4004  prec@K=0.0025  accepted=18  loss=nan  (1.0s)
Round   13/30  coverage=0.4004  prec@K=0.0037  accepted=27  loss=nan  (1.0s)
Round   14/30  coverage=0.4005  prec@K=0.0014  accepted=10  loss=nan  (1.3s)
Round   15/30  coverage=0.4005  prec@K=0.0014  accepted=10  loss=nan  (1.3s)
Round   16/30  coverage=0.4005  prec@K=0.0025  accepted=18  loss=nan  (1.3s)
Round   17/30  coverage=0.4005  prec@K=0.0014  accepted=10  loss=nan  (1.4s)
Round   18/30  coverage=0.4006  prec@K=0.0026  accepted=19  loss=nan  (1.7s)
Round   19/30  coverage=0.4006  prec@K=0.0016  accepted=12  loss=nan  (1.9s)
Round   20/30  coverage=0.4006  prec@K=0.0026  accepted=19  loss=nan  (1.8s)
Round   21/30  coverage=0.4007  prec@K=0.0021  accepted=15  loss=nan  (4.4s)
Round   22/30  coverage=0.4007  prec@K=0.0015  accepted=11  loss=nan  (2.1s)
Round   23/30  coverage=0.4007  prec@K=0.0015  accepted=11  loss=nan  (2.2s)
Round   24/30  coverage=0.4007  prec@K=0.0025  accepted=18  loss=nan  (2.3s)
Round   25/30  coverage=0.4008  prec@K=0.0016  accepted=12  loss=nan  (2.4s)
Round   26/30  coverage=0.4008  prec@K=0.0018  accepted=13  loss=nan  (2.4s)
Round   27/30  coverage=0.4008  prec@K=0.0034  accepted=25  loss=nan  (2.9s)
Round   28/30  coverage=0.4009  prec@K=0.0026  accepted=19  loss=nan  (2.7s)
Round   29/30  coverage=0.4009  prec@K=0.0015  accepted=11  loss=nan  (3.0s)
Round   30/30  coverage=0.4009  prec@K=0.0026  accepted=19  loss=nan  (2.9s)

结果已写入 results\orchestrator\runs\ir40_constlr5e5_multiseed_bidir\slashdot\random_s2/rounds.csv
