=== slashdot_jaccard_s1  started 2026-05-08T02:03:28 ===

C:\conda\envs\gnn\lib\site-packages\requests\__init__.py:86: RequestsDependencyWarning: Unable to find acceptable character detection dependency (chardet or charset_normalizer).
  warnings.warn(
C:\conda\envs\gnn\lib\site-packages\outdated\__init__.py:36: UserWarning: pkg_resources is deprecated as an API. See https://setuptools.pypa.io/en/latest/pkg_resources.html. The pkg_resources package is slated for removal as early as 2025-11-30. Refrain from using this package or pin to Setuptools<81.
  from pkg_resources import parse_version
Round    1/30  coverage=0.4001  prec@K=0.0038  accepted=28  auc=0.6303  uauc=0.7715  loss=nan  (3.9s)
Round    2/30  coverage=0.4001  prec@K=0.0035  accepted=25  auc=0.6269  uauc=0.4841  loss=nan  (0.6s)
Round    3/30  coverage=0.4001  prec@K=0.0029  accepted=21  auc=0.6943  uauc=0.8253  loss=nan  (0.6s)
Round    4/30  coverage=0.4002  prec@K=0.0032  accepted=24  auc=0.5838  uauc=0.5755  loss=nan  (0.7s)
Round    5/30  coverage=0.4002  prec@K=0.0032  accepted=23  auc=0.5845  uauc=0.5903  loss=nan  (0.8s)
Round    6/30  coverage=0.4003  prec@K=0.0028  accepted=20  auc=0.6015  uauc=0.6486  loss=nan  (0.8s)
Round    7/30  coverage=0.4003  prec@K=0.0019  accepted=14  auc=0.6296  uauc=0.6284  loss=nan  (0.9s)
Round    8/30  coverage=0.4003  prec@K=0.0025  accepted=18  auc=0.6028  uauc=0.6925  loss=nan  (1.1s)
Round    9/30  coverage=0.4004  prec@K=0.0025  accepted=18  auc=0.5496  uauc=0.5754  loss=nan  (1.2s)
Round   10/30  coverage=0.4004  prec@K=0.0032  accepted=23  auc=0.5793  uauc=0.7010  loss=nan  (1.5s)
Round   11/30  coverage=0.4005  prec@K=0.0034  accepted=25  auc=0.6844  uauc=0.6853  loss=nan  (5.1s)
Round   12/30  coverage=0.4005  prec@K=0.0017  accepted=12  auc=0.5696  uauc=0.7424  loss=nan  (2.1s)
Round   13/30  coverage=0.4005  prec@K=0.0019  accepted=14  auc=0.6064  uauc=0.7653  loss=nan  (2.5s)
Round   14/30  coverage=0.4006  prec@K=0.0027  accepted=20  auc=0.5430  uauc=0.6157  loss=nan  (2.6s)
Round   15/30  coverage=0.4006  prec@K=0.0030  accepted=22  auc=0.6822  uauc=0.7461  loss=nan  (3.0s)
Round   16/30  coverage=0.4006  prec@K=0.0031  accepted=22  auc=0.5859  uauc=0.6155  loss=nan  (3.0s)
Round   17/30  coverage=0.4007  prec@K=0.0015  accepted=11  auc=0.6580  uauc=0.5679  loss=nan  (3.2s)
Round   18/30  coverage=0.4007  prec@K=0.0029  accepted=21  auc=0.5272  uauc=0.5214  loss=nan  (3.4s)
Round   19/30  coverage=0.4007  prec@K=0.0014  accepted=10  auc=0.6778  uauc=0.9365  loss=nan  (3.8s)
Round   20/30  coverage=0.4007  prec@K=0.0016  accepted=12  auc=0.5507  uauc=0.7494  loss=nan  (4.1s)
Round   21/30  coverage=0.4008  prec@K=0.0030  accepted=22  auc=0.5873  uauc=0.4752  loss=nan  (7.5s)
Round   22/30  coverage=0.4008  prec@K=0.0010  accepted=7  auc=0.6284  uauc=0.7125  loss=nan  (4.3s)
Round   23/30  coverage=0.4009  prec@K=0.0040  accepted=29  auc=0.5768  uauc=0.5519  loss=nan  (4.6s)
Round   24/30  coverage=0.4009  prec@K=0.0023  accepted=17  auc=0.5647  uauc=0.6274  loss=nan  (4.5s)
Round   25/30  coverage=0.4009  prec@K=0.0017  accepted=12  auc=0.5621  uauc=0.7217  loss=nan  (4.9s)
Round   26/30  coverage=0.4009  prec@K=0.0020  accepted=15  auc=0.6731  uauc=0.6667  loss=nan  (5.5s)
Round   27/30  coverage=0.4010  prec@K=0.0021  accepted=15  auc=0.5149  uauc=0.7445  loss=nan  (5.0s)
Round   28/30  coverage=0.4010  prec@K=0.0029  accepted=21  auc=0.6273  uauc=0.5541  loss=nan  (5.3s)
Round   29/30  coverage=0.4010  prec@K=0.0023  accepted=17  auc=0.6264  uauc=0.7183  loss=nan  (5.3s)
Round   30/30  coverage=0.4011  prec@K=0.0018  accepted=13  auc=0.5246  uauc=0.5556  loss=nan  (5.5s)

结果已写入 results\orchestrator\runs\ir40_constlr5e5_multiseed_bidir\slashdot\jaccard_s1/rounds.csv
