=== slashdot_aa_s0  started 2026-05-08T07:31:53 ===

C:\conda\envs\gnn\lib\site-packages\requests\__init__.py:86: RequestsDependencyWarning: Unable to find acceptable character detection dependency (chardet or charset_normalizer).
  warnings.warn(
C:\conda\envs\gnn\lib\site-packages\outdated\__init__.py:36: UserWarning: pkg_resources is deprecated as an API. See https://setuptools.pypa.io/en/latest/pkg_resources.html. The pkg_resources package is slated for removal as early as 2025-11-30. Refrain from using this package or pin to Setuptools<81.
  from pkg_resources import parse_version
Round    1/30  coverage=0.4001  prec@K=0.0052  accepted=38  auc=0.9151  uauc=0.7207  loss=nan  (3.2s)
Round    2/30  coverage=0.4001  prec@K=0.0041  accepted=30  auc=0.9163  uauc=0.7125  loss=nan  (0.5s)
Round    3/30  coverage=0.4002  prec@K=0.0040  accepted=29  auc=0.8821  uauc=0.5249  loss=nan  (0.6s)
Round    4/30  coverage=0.4003  prec@K=0.0052  accepted=38  auc=0.8771  uauc=0.6545  loss=nan  (0.7s)
Round    5/30  coverage=0.4003  prec@K=0.0041  accepted=30  auc=0.8923  uauc=0.7121  loss=nan  (0.7s)
Round    6/30  coverage=0.4004  prec@K=0.0055  accepted=40  auc=0.9227  uauc=0.6480  loss=nan  (0.8s)
Round    7/30  coverage=0.4005  prec@K=0.0045  accepted=33  auc=0.9287  uauc=0.8034  loss=nan  (0.9s)
Round    8/30  coverage=0.4005  prec@K=0.0051  accepted=37  auc=0.9223  uauc=0.6347  loss=nan  (0.9s)
Round    9/30  coverage=0.4006  prec@K=0.0033  accepted=24  auc=0.9514  uauc=0.7689  loss=nan  (1.0s)
Round   10/30  coverage=0.4007  prec@K=0.0067  accepted=49  auc=0.9003  uauc=0.7236  loss=nan  (1.1s)
Round   11/30  coverage=0.4007  prec@K=0.0051  accepted=37  auc=0.9203  uauc=0.6826  loss=nan  (3.6s)
Round   12/30  coverage=0.4008  prec@K=0.0035  accepted=25  auc=0.8996  uauc=0.6991  loss=nan  (1.2s)
Round   13/30  coverage=0.4009  prec@K=0.0051  accepted=37  auc=0.9414  uauc=0.7388  loss=nan  (1.4s)
Round   14/30  coverage=0.4009  prec@K=0.0050  accepted=36  auc=0.9100  uauc=0.7209  loss=nan  (1.4s)
Round   15/30  coverage=0.4010  prec@K=0.0045  accepted=33  auc=0.8991  uauc=0.6360  loss=nan  (1.5s)
Round   16/30  coverage=0.4011  prec@K=0.0044  accepted=32  auc=0.9205  uauc=0.6717  loss=nan  (1.6s)
Round   17/30  coverage=0.4011  prec@K=0.0040  accepted=29  auc=0.9225  uauc=0.7378  loss=nan  (1.8s)
Round   18/30  coverage=0.4012  prec@K=0.0044  accepted=32  auc=0.9176  uauc=0.6967  loss=nan  (2.0s)
Round   19/30  coverage=0.4013  prec@K=0.0055  accepted=40  auc=0.8989  uauc=0.6816  loss=nan  (2.0s)
Round   20/30  coverage=0.4014  prec@K=0.0070  accepted=51  auc=0.9265  uauc=0.6737  loss=nan  (2.1s)
Round   21/30  coverage=0.4014  prec@K=0.0051  accepted=37  auc=0.8782  uauc=0.6417  loss=nan  (5.1s)
Round   22/30  coverage=0.4015  prec@K=0.0049  accepted=36  auc=0.9348  uauc=0.7676  loss=nan  (2.4s)
Round   23/30  coverage=0.4015  prec@K=0.0026  accepted=19  auc=0.8858  uauc=0.7234  loss=nan  (2.5s)
Round   24/30  coverage=0.4016  prec@K=0.0034  accepted=25  auc=0.9025  uauc=0.6329  loss=nan  (2.6s)
Round   25/30  coverage=0.4016  prec@K=0.0033  accepted=24  auc=0.9378  uauc=0.6918  loss=nan  (2.5s)
Round   26/30  coverage=0.4017  prec@K=0.0039  accepted=28  auc=0.8855  uauc=0.6764  loss=nan  (2.6s)
Round   27/30  coverage=0.4017  prec@K=0.0030  accepted=22  auc=0.8921  uauc=0.5925  loss=nan  (3.0s)
Round   28/30  coverage=0.4018  prec@K=0.0045  accepted=33  auc=0.8993  uauc=0.7037  loss=nan  (3.1s)
Round   29/30  coverage=0.4018  prec@K=0.0038  accepted=28  auc=0.8993  uauc=0.6202  loss=nan  (3.1s)
Round   30/30  coverage=0.4019  prec@K=0.0055  accepted=40  auc=0.9127  uauc=0.7221  loss=nan  (2.9s)

结果已写入 results\orchestrator\runs\ir40_constlr5e5_multiseed_bidir\slashdot\aa_s0/rounds.csv
