=== slashdot_gnn_sum_s3  started 2026-05-08T09:33:10 ===

C:\conda\envs\gnn\lib\site-packages\requests\__init__.py:86: RequestsDependencyWarning: Unable to find acceptable character detection dependency (chardet or charset_normalizer).
  warnings.warn(
C:\conda\envs\gnn\lib\site-packages\outdated\__init__.py:36: UserWarning: pkg_resources is deprecated as an API. See https://setuptools.pypa.io/en/latest/pkg_resources.html. The pkg_resources package is slated for removal as early as 2025-11-30. Refrain from using this package or pin to Setuptools<81.
  from pkg_resources import parse_version
Round    1/30  coverage=0.4001  prec@K=0.0043  accepted=31  auc=0.6304  uauc=0.5813  loss=0.7523  (8.7s)
Round    2/30  coverage=0.4001  prec@K=0.0025  accepted=18  auc=0.6016  uauc=0.6512  loss=0.7504  (5.4s)
Round    3/30  coverage=0.4002  prec@K=0.0049  accepted=36  auc=0.5667  uauc=0.5593  loss=0.7477  (5.5s)
Round    4/30  coverage=0.4002  prec@K=0.0024  accepted=17  auc=0.5973  uauc=0.7314  loss=0.7452  (5.4s)
Round    5/30  coverage=0.4002  prec@K=0.0025  accepted=18  auc=0.6013  uauc=0.5470  loss=0.7424  (6.2s)
Round    6/30  coverage=0.4003  prec@K=0.0027  accepted=20  auc=0.6374  uauc=0.5020  loss=0.7403  (5.8s)
Round    7/30  coverage=0.4003  prec@K=0.0034  accepted=25  auc=0.5667  uauc=0.5715  loss=0.7392  (5.9s)
Round    8/30  coverage=0.4004  prec@K=0.0029  accepted=21  auc=0.6828  uauc=0.7068  loss=0.7369  (5.9s)
Round    9/30  coverage=0.4004  prec@K=0.0036  accepted=26  auc=0.7270  uauc=0.6412  loss=0.7348  (6.1s)
Round   10/30  coverage=0.4005  prec@K=0.0034  accepted=25  auc=0.6994  uauc=0.6476  loss=0.7329  (6.0s)
Round   11/30  coverage=0.4005  prec@K=0.0036  accepted=26  auc=0.5459  uauc=0.4487  loss=0.7312  (8.4s)
Round   12/30  coverage=0.4006  prec@K=0.0034  accepted=25  auc=0.8114  uauc=0.6715  loss=0.7282  (6.6s)
Round   13/30  coverage=0.4006  prec@K=0.0023  accepted=17  auc=0.6408  uauc=0.4277  loss=0.7265  (6.5s)
Round   14/30  coverage=0.4006  prec@K=0.0036  accepted=26  auc=0.6938  uauc=0.5559  loss=0.7252  (6.5s)
Round   15/30  coverage=0.4007  prec@K=0.0016  accepted=12  auc=0.8198  uauc=0.5404  loss=0.7235  (6.5s)
Round   16/30  coverage=0.4007  prec@K=0.0019  accepted=14  auc=0.6102  uauc=0.6548  loss=0.7220  (6.6s)
Round   17/30  coverage=0.4007  prec@K=0.0022  accepted=16  auc=0.5564  uauc=0.5639  loss=0.7193  (6.6s)
Round   18/30  coverage=0.4007  prec@K=0.0015  accepted=11  auc=0.6294  uauc=0.5707  loss=0.7175  (7.1s)
Round   19/30  coverage=0.4008  prec@K=0.0024  accepted=17  auc=0.6665  uauc=0.5069  loss=0.7154  (7.6s)
Round   20/30  coverage=0.4008  prec@K=0.0021  accepted=15  auc=0.6656  uauc=0.5433  loss=0.7127  (7.5s)
Round   21/30  coverage=0.4009  prec@K=0.0036  accepted=27  auc=0.5946  uauc=0.5056  loss=0.7115  (10.3s)
Round   22/30  coverage=0.4009  prec@K=0.0023  accepted=17  auc=0.6207  uauc=0.6073  loss=0.7102  (7.7s)
Round   23/30  coverage=0.4009  prec@K=0.0027  accepted=20  auc=0.5330  uauc=0.6654  loss=0.7064  (8.1s)
Round   24/30  coverage=0.4010  prec@K=0.0024  accepted=18  auc=0.4646  uauc=0.5668  loss=0.7052  (8.1s)
Round   25/30  coverage=0.4010  prec@K=0.0022  accepted=16  auc=0.5058  uauc=0.5575  loss=0.7051  (7.8s)
Round   26/30  coverage=0.4010  prec@K=0.0017  accepted=12  auc=0.4213  uauc=0.6131  loss=0.7007  (8.4s)
Round   27/30  coverage=0.4011  prec@K=0.0026  accepted=19  auc=0.3672  uauc=0.6192  loss=0.7001  (8.6s)
Round   28/30  coverage=0.4011  prec@K=0.0022  accepted=16  auc=0.3181  uauc=0.5825  loss=0.6976  (8.7s)
Round   29/30  coverage=0.4011  prec@K=0.0012  accepted=9  auc=0.4827  uauc=0.6827  loss=0.6956  (8.6s)
Round   30/30  coverage=0.4011  prec@K=0.0021  accepted=15  auc=0.5006  uauc=0.5732  loss=0.6930  (9.3s)

结果已写入 results\orchestrator\runs\ir40_constlr5e5_multiseed_bidir\slashdot\gnn_sum_s3/rounds.csv
