=== slashdot_cn_s42  started 2026-05-08T07:43:08 ===

C:\conda\envs\gnn\lib\site-packages\requests\__init__.py:86: RequestsDependencyWarning: Unable to find acceptable character detection dependency (chardet or charset_normalizer).
  warnings.warn(
C:\conda\envs\gnn\lib\site-packages\outdated\__init__.py:36: UserWarning: pkg_resources is deprecated as an API. See https://setuptools.pypa.io/en/latest/pkg_resources.html. The pkg_resources package is slated for removal as early as 2025-11-30. Refrain from using this package or pin to Setuptools<81.
  from pkg_resources import parse_version
Round    1/30  coverage=0.4001  prec@K=0.0044  accepted=32  auc=0.7720  uauc=0.6259  loss=nan  (3.0s)
Round    2/30  coverage=0.4001  prec@K=0.0044  accepted=32  auc=0.8929  uauc=0.6744  loss=nan  (0.4s)
Round    3/30  coverage=0.4002  prec@K=0.0048  accepted=35  auc=0.8551  uauc=0.7008  loss=nan  (0.5s)
Round    4/30  coverage=0.4003  prec@K=0.0047  accepted=34  auc=0.8543  uauc=0.6940  loss=nan  (0.5s)
Round    5/30  coverage=0.4003  prec@K=0.0051  accepted=37  auc=0.8197  uauc=0.6299  loss=nan  (0.6s)
Round    6/30  coverage=0.4004  prec@K=0.0045  accepted=32  auc=0.7981  uauc=0.5723  loss=nan  (0.7s)
Round    7/30  coverage=0.4004  prec@K=0.0029  accepted=21  auc=0.8327  uauc=0.5636  loss=nan  (0.7s)
Round    8/30  coverage=0.4005  prec@K=0.0036  accepted=26  auc=0.8275  uauc=0.6467  loss=nan  (0.8s)
Round    9/30  coverage=0.4005  prec@K=0.0039  accepted=28  auc=0.8444  uauc=0.6777  loss=nan  (0.8s)
Round   10/30  coverage=0.4006  prec@K=0.0034  accepted=25  auc=0.8718  uauc=0.6973  loss=nan  (1.0s)
Round   11/30  coverage=0.4007  prec@K=0.0047  accepted=34  auc=0.8162  uauc=0.5309  loss=nan  (3.4s)
Round   12/30  coverage=0.4007  prec@K=0.0026  accepted=19  auc=0.8608  uauc=0.7546  loss=nan  (1.1s)
Round   13/30  coverage=0.4007  prec@K=0.0040  accepted=29  auc=0.8249  uauc=0.7315  loss=nan  (1.2s)
Round   14/30  coverage=0.4008  prec@K=0.0058  accepted=42  auc=0.8043  uauc=0.6582  loss=nan  (1.2s)
Round   15/30  coverage=0.4009  prec@K=0.0029  accepted=21  auc=0.8872  uauc=0.6436  loss=nan  (1.5s)
Round   16/30  coverage=0.4009  prec@K=0.0035  accepted=25  auc=0.8710  uauc=0.6590  loss=nan  (1.6s)
Round   17/30  coverage=0.4010  prec@K=0.0034  accepted=25  auc=0.8679  uauc=0.6680  loss=nan  (1.6s)
Round   18/30  coverage=0.4010  prec@K=0.0041  accepted=30  auc=0.8108  uauc=0.5926  loss=nan  (1.7s)
Round   19/30  coverage=0.4011  prec@K=0.0029  accepted=21  auc=0.8011  uauc=0.6232  loss=nan  (1.9s)
Round   20/30  coverage=0.4011  prec@K=0.0026  accepted=19  auc=0.9124  uauc=0.6856  loss=nan  (1.9s)
Round   21/30  coverage=0.4011  prec@K=0.0036  accepted=26  auc=0.8622  uauc=0.6683  loss=nan  (4.7s)
Round   22/30  coverage=0.4012  prec@K=0.0033  accepted=24  auc=0.8916  uauc=0.7266  loss=nan  (2.2s)
Round   23/30  coverage=0.4013  prec@K=0.0055  accepted=40  auc=0.7981  uauc=0.6994  loss=nan  (2.2s)
Round   24/30  coverage=0.4013  prec@K=0.0037  accepted=27  auc=0.7775  uauc=0.5069  loss=nan  (2.7s)
Round   25/30  coverage=0.4014  prec@K=0.0027  accepted=20  auc=0.7955  uauc=0.6944  loss=nan  (2.7s)
Round   26/30  coverage=0.4014  prec@K=0.0042  accepted=30  auc=0.7797  uauc=0.5423  loss=nan  (2.7s)
Round   27/30  coverage=0.4015  prec@K=0.0043  accepted=31  auc=0.8240  uauc=0.6522  loss=nan  (2.8s)
Round   28/30  coverage=0.4015  prec@K=0.0042  accepted=31  auc=0.8999  uauc=0.6954  loss=nan  (2.9s)
Round   29/30  coverage=0.4016  prec@K=0.0031  accepted=23  auc=0.7829  uauc=0.5861  loss=nan  (3.1s)
Round   30/30  coverage=0.4016  prec@K=0.0037  accepted=27  auc=0.8611  uauc=0.6562  loss=nan  (3.2s)

结果已写入 results\orchestrator\runs\ir40_constlr5e5_multiseed_bidir\slashdot\cn_s42/rounds.csv
