=== sx_askubuntu_gnn_sum_h8_s1  started 2026-05-08T17:58:37 ===

C:\conda\envs\gnn\lib\site-packages\requests\__init__.py:86: RequestsDependencyWarning: Unable to find acceptable character detection dependency (chardet or charset_normalizer).
  warnings.warn(
C:\conda\envs\gnn\lib\site-packages\outdated\__init__.py:36: UserWarning: pkg_resources is deprecated as an API. See https://setuptools.pypa.io/en/latest/pkg_resources.html. The pkg_resources package is slated for removal as early as 2025-11-30. Refrain from using this package or pin to Setuptools<81.
  from pkg_resources import parse_version
Round    1/30  coverage=0.4000  prec@K=0.0008  accepted=12  auc=0.5048  uauc=0.7208  loss=0.7992  (15.3s)
Round    2/30  coverage=0.4000  prec@K=0.0004  accepted=6  auc=0.6943  uauc=0.6500  loss=0.7985  (9.5s)
Round    3/30  coverage=0.4001  prec@K=0.0007  accepted=10  auc=0.6427  uauc=0.6278  loss=0.7986  (10.0s)
Round    4/30  coverage=0.4001  prec@K=0.0004  accepted=6  auc=0.6452  uauc=0.8704  loss=0.7979  (10.2s)
Round    5/30  coverage=0.4001  prec@K=0.0003  accepted=5  auc=0.6301  uauc=0.6063  loss=0.7981  (11.3s)
Round    6/30  coverage=0.4001  prec@K=0.0009  accepted=13  auc=0.5826  uauc=0.7607  loss=0.7979  (11.3s)
Round    7/30  coverage=0.4001  prec@K=0.0002  accepted=3  auc=0.7001  uauc=0.7963  loss=0.7976  (11.8s)
Round    8/30  coverage=0.4001  prec@K=0.0007  accepted=10  auc=0.4740  uauc=0.6605  loss=0.7970  (13.0s)
Round    9/30  coverage=0.4001  prec@K=0.0003  accepted=4  auc=0.6617  uauc=0.5278  loss=0.7966  (14.0s)
Round   10/30  coverage=0.4001  prec@K=0.0007  accepted=10  auc=0.6083  uauc=0.7736  loss=0.7961  (15.0s)
Round   11/30  coverage=0.4001  prec@K=0.0002  accepted=3  auc=0.3123  uauc=0.7778  loss=0.7963  (21.2s)
Round   12/30  coverage=0.4002  prec@K=0.0007  accepted=10  auc=0.3452  uauc=0.6790  loss=0.7960  (17.4s)
Round   13/30  coverage=0.4002  prec@K=0.0006  accepted=9  auc=0.6411  uauc=0.6667  loss=0.7959  (18.6s)
Round   14/30  coverage=0.4002  prec@K=0.0004  accepted=6  auc=0.6163  uauc=0.6273  loss=0.7954  (19.7s)
Round   15/30  coverage=0.4002  prec@K=0.0004  accepted=6  auc=0.5265  uauc=0.6508  loss=0.7948  (19.2s)
Round   16/30  coverage=0.4002  prec@K=0.0006  accepted=9  auc=0.3346  uauc=0.7530  loss=0.7947  (21.1s)
Round   17/30  coverage=0.4002  prec@K=0.0005  accepted=7  auc=0.4731  uauc=0.7711  loss=0.7947  (22.1s)
Round   18/30  coverage=0.4002  prec@K=0.0003  accepted=4  auc=0.6429  uauc=0.6468  loss=0.7942  (23.0s)
Round   19/30  coverage=0.4003  prec@K=0.0005  accepted=7  auc=0.6075  uauc=0.7302  loss=0.7943  (23.6s)
Round   20/30  coverage=0.4003  prec@K=0.0008  accepted=12  auc=0.2905  uauc=0.6629  loss=0.7937  (25.2s)
Round   21/30  coverage=0.4003  prec@K=0.0002  accepted=3  auc=0.4607  uauc=0.5741  loss=0.7937  (31.7s)
Round   22/30  coverage=0.4003  prec@K=0.0003  accepted=5  auc=0.4893  uauc=0.7778  loss=0.7934  (27.2s)
Round   23/30  coverage=0.4003  prec@K=0.0006  accepted=9  auc=0.6989  uauc=0.7381  loss=0.7930  (28.9s)
Round   24/30  coverage=0.4003  prec@K=0.0006  accepted=9  auc=0.3836  uauc=0.7240  loss=0.7927  (29.2s)
Round   25/30  coverage=0.4003  prec@K=0.0006  accepted=9  auc=0.4277  uauc=0.7528  loss=0.7924  (30.2s)
Round   26/30  coverage=0.4004  prec@K=0.0003  accepted=5  auc=0.7677  uauc=0.7381  loss=0.7921  (32.5s)
Round   27/30  coverage=0.4004  prec@K=0.0003  accepted=5  auc=0.5649  uauc=0.7333  loss=0.7924  (31.0s)
Round   28/30  coverage=0.4004  prec@K=0.0006  accepted=9  auc=0.2110  uauc=0.7262  loss=0.7916  (33.2s)
Round   29/30  coverage=0.4004  prec@K=0.0005  accepted=7  auc=0.3549  uauc=0.6508  loss=0.7915  (34.3s)
Round   30/30  coverage=0.4004  prec@K=0.0006  accepted=9  auc=0.2334  uauc=0.6481  loss=0.7916  (35.4s)

结果已写入 results\orchestrator\runs\ir40_constlr5e5_multiseed_bidir\sx_askubuntu\gnn_sum_h8_s1/rounds.csv
