=== sx_askubuntu_gnn_concat_s3  started 2026-05-08T02:35:52 ===

C:\conda\envs\gnn\lib\site-packages\requests\__init__.py:86: RequestsDependencyWarning: Unable to find acceptable character detection dependency (chardet or charset_normalizer).
  warnings.warn(
C:\conda\envs\gnn\lib\site-packages\outdated\__init__.py:36: UserWarning: pkg_resources is deprecated as an API. See https://setuptools.pypa.io/en/latest/pkg_resources.html. The pkg_resources package is slated for removal as early as 2025-11-30. Refrain from using this package or pin to Setuptools<81.
  from pkg_resources import parse_version
Round    1/30  coverage=0.4000  prec@K=0.0003  accepted=5  auc=0.5160  uauc=0.6444  loss=0.5968  (18.6s)
Round    2/30  coverage=0.4000  prec@K=0.0006  accepted=9  auc=0.5112  uauc=0.7864  loss=0.5938  (11.7s)
Round    3/30  coverage=0.4000  prec@K=0.0007  accepted=10  auc=0.5963  uauc=0.7514  loss=0.5908  (12.3s)
Round    4/30  coverage=0.4001  prec@K=0.0006  accepted=8  auc=0.4860  uauc=0.7222  loss=0.5882  (12.4s)
Round    5/30  coverage=0.4001  prec@K=0.0006  accepted=9  auc=0.4945  uauc=0.7407  loss=0.5850  (14.8s)
Round    6/30  coverage=0.4001  prec@K=0.0006  accepted=8  auc=0.5230  uauc=0.9062  loss=0.5818  (15.6s)
Round    7/30  coverage=0.4001  prec@K=0.0008  accepted=12  auc=0.4745  uauc=0.7375  loss=0.5793  (16.7s)
Round    8/30  coverage=0.4001  prec@K=0.0012  accepted=17  auc=0.5734  uauc=0.7152  loss=0.5766  (17.9s)
Round    9/30  coverage=0.4002  prec@K=0.0006  accepted=8  auc=0.3607  uauc=0.7407  loss=0.5737  (19.7s)
Round   10/30  coverage=0.4002  prec@K=0.0005  accepted=7  auc=0.3331  uauc=0.4841  loss=0.5707  (19.6s)
Round   11/30  coverage=0.4002  prec@K=0.0002  accepted=3  auc=0.4189  uauc=0.6667  loss=0.5681  (28.3s)
Round   12/30  coverage=0.4002  prec@K=0.0007  accepted=10  auc=0.5931  uauc=0.8611  loss=0.5655  (22.0s)
Round   13/30  coverage=0.4002  prec@K=0.0004  accepted=6  auc=0.5374  uauc=0.8981  loss=0.5629  (24.2s)
Round   14/30  coverage=0.4002  prec@K=0.0005  accepted=7  auc=0.4956  uauc=0.8730  loss=0.5603  (25.5s)
Round   15/30  coverage=0.4002  prec@K=0.0003  accepted=5  auc=0.4005  uauc=0.7444  loss=0.5577  (26.0s)
Round   16/30  coverage=0.4002  prec@K=0.0006  accepted=8  auc=0.6194  uauc=0.8819  loss=0.5553  (27.3s)
Round   17/30  coverage=0.4003  prec@K=0.0007  accepted=10  auc=0.4743  uauc=0.6556  loss=0.5528  (28.7s)
Round   18/30  coverage=0.4003  prec@K=0.0003  accepted=4  auc=0.5444  uauc=0.8750  loss=0.5501  (30.2s)
Round   19/30  coverage=0.4003  prec@K=0.0005  accepted=8  auc=0.6064  uauc=0.9375  loss=0.5477  (31.5s)
Round   20/30  coverage=0.4003  prec@K=0.0004  accepted=6  auc=0.5465  uauc=0.8056  loss=0.5452  (31.9s)
Round   21/30  coverage=0.4003  prec@K=0.0004  accepted=6  auc=0.6237  uauc=0.9167  loss=0.5428  (39.1s)
Round   22/30  coverage=0.4003  prec@K=0.0008  accepted=11  auc=0.5589  uauc=0.8778  loss=0.5403  (33.8s)
Round   23/30  coverage=0.4003  prec@K=0.0006  accepted=9  auc=0.5465  uauc=0.7654  loss=0.5377  (36.4s)
Round   24/30  coverage=0.4004  prec@K=0.0004  accepted=6  auc=0.5094  uauc=0.8333  loss=0.5352  (38.1s)
Round   25/30  coverage=0.4004  prec@K=0.0005  accepted=7  auc=0.3885  uauc=0.6508  loss=0.5327  (37.2s)
Round   26/30  coverage=0.4004  prec@K=0.0006  accepted=8  auc=0.4581  uauc=0.7986  loss=0.5303  (38.0s)
Round   27/30  coverage=0.4004  prec@K=0.0006  accepted=9  auc=0.6044  uauc=0.7986  loss=0.5278  (40.3s)
Round   28/30  coverage=0.4004  prec@K=0.0005  accepted=7  auc=0.4202  uauc=0.8036  loss=0.5248  (41.1s)
Round   29/30  coverage=0.4004  prec@K=0.0005  accepted=7  auc=0.4205  uauc=0.6837  loss=0.5221  (42.2s)
Round   30/30  coverage=0.4004  prec@K=0.0006  accepted=9  auc=0.4157  uauc=0.7951  loss=0.5193  (44.2s)

结果已写入 results\orchestrator\runs\ir40_constlr5e5_multiseed_bidir\sx_askubuntu\gnn_concat_s3/rounds.csv
