=== sx_askubuntu_seal_s0  started 2026-05-08T21:47:46 ===

C:\conda\envs\gnn\lib\site-packages\requests\__init__.py:86: RequestsDependencyWarning: Unable to find acceptable character detection dependency (chardet or charset_normalizer).
  warnings.warn(
C:\conda\envs\gnn\lib\site-packages\outdated\__init__.py:36: UserWarning: pkg_resources is deprecated as an API. See https://setuptools.pypa.io/en/latest/pkg_resources.html. The pkg_resources package is slated for removal as early as 2025-11-30. Refrain from using this package or pin to Setuptools<81.
  from pkg_resources import parse_version
Round    1/30  coverage=0.4000  prec@K=0.0004  accepted=6  auc=0.7783  uauc=0.6759  loss=0.6383  (18.8s)
Round    2/30  coverage=0.4000  prec@K=0.0010  accepted=14  auc=0.7594  uauc=0.6593  loss=0.6382  (11.9s)
Round    3/30  coverage=0.4001  prec@K=0.0006  accepted=9  auc=0.7913  uauc=0.6944  loss=0.6379  (12.1s)
Round    4/30  coverage=0.4001  prec@K=0.0006  accepted=9  auc=0.8080  uauc=0.5694  loss=0.6375  (13.4s)
Round    5/30  coverage=0.4001  prec@K=0.0006  accepted=8  auc=0.7973  uauc=0.6424  loss=0.6372  (15.0s)
Round    6/30  coverage=0.4001  prec@K=0.0006  accepted=9  auc=0.8810  uauc=0.6997  loss=0.6370  (16.3s)
Round    7/30  coverage=0.4001  prec@K=0.0006  accepted=8  auc=0.7161  uauc=0.8056  loss=0.6367  (16.0s)
Round    8/30  coverage=0.4001  prec@K=0.0008  accepted=12  auc=0.8283  uauc=0.7083  loss=0.6365  (18.0s)
Round    9/30  coverage=0.4001  prec@K=0.0004  accepted=6  auc=0.7472  uauc=0.6639  loss=0.6361  (19.4s)
Round   10/30  coverage=0.4002  prec@K=0.0007  accepted=10  auc=0.7789  uauc=0.3889  loss=0.6359  (20.0s)
Round   11/30  coverage=0.4002  prec@K=0.0007  accepted=10  auc=0.8577  uauc=0.7716  loss=0.6357  (28.1s)
Round   12/30  coverage=0.4002  prec@K=0.0004  accepted=6  auc=0.8772  uauc=0.5833  loss=0.6354  (22.9s)
Round   13/30  coverage=0.4002  prec@K=0.0003  accepted=5  auc=0.8890  uauc=0.8889  loss=0.6350  (24.9s)
Round   14/30  coverage=0.4002  prec@K=0.0008  accepted=11  auc=0.7320  uauc=0.6358  loss=0.6349  (26.1s)
Round   15/30  coverage=0.4002  prec@K=0.0006  accepted=8  auc=0.9349  uauc=0.7222  loss=0.6345  (27.9s)
Round   16/30  coverage=0.4002  prec@K=0.0002  accepted=3  auc=0.6463  uauc=0.6296  loss=0.6342  (27.4s)
Round   17/30  coverage=0.4003  prec@K=0.0002  accepted=3  auc=0.6497  uauc=0.9074  loss=0.6340  (27.2s)
Round   18/30  coverage=0.4003  prec@K=0.0005  accepted=7  auc=0.4985  uauc=0.4407  loss=0.6337  (29.4s)
Round   19/30  coverage=0.4003  prec@K=0.0006  accepted=8  auc=0.7339  uauc=0.7153  loss=0.6335  (30.8s)
Round   20/30  coverage=0.4003  prec@K=0.0008  accepted=12  auc=0.6722  uauc=0.5706  loss=0.6333  (31.1s)
Round   21/30  coverage=0.4003  prec@K=0.0008  accepted=12  auc=0.8111  uauc=0.6806  loss=0.6330  (39.5s)
Round   22/30  coverage=0.4003  prec@K=0.0008  accepted=11  auc=0.5555  uauc=0.6686  loss=0.6327  (33.7s)
Round   23/30  coverage=0.4003  prec@K=0.0001  accepted=1  auc=0.9924  uauc=0.6111  loss=0.6323  (34.7s)
Round   24/30  coverage=0.4003  prec@K=0.0001  accepted=2  auc=0.4835  uauc=0.6944  loss=0.6320  (35.8s)
Round   25/30  coverage=0.4004  prec@K=0.0003  accepted=5  auc=0.2754  uauc=0.3889  loss=0.6319  (37.9s)
Round   26/30  coverage=0.4004  prec@K=0.0005  accepted=7  auc=0.8713  uauc=0.6746  loss=0.6315  (37.1s)
Round   27/30  coverage=0.4004  prec@K=0.0008  accepted=11  auc=0.5552  uauc=0.4290  loss=0.6314  (38.9s)
Round   28/30  coverage=0.4004  prec@K=0.0007  accepted=10  auc=0.4124  uauc=0.6389  loss=0.6311  (39.7s)
Round   29/30  coverage=0.4004  prec@K=0.0003  accepted=4  auc=0.5225  uauc=0.5926  loss=0.6307  (41.2s)
Round   30/30  coverage=0.4004  prec@K=0.0003  accepted=4  auc=0.8240  uauc=0.8750  loss=0.6305  (44.9s)

结果已写入 results\orchestrator\runs\ir40_constlr5e5_multiseed_bidir\sx_askubuntu\seal_s0/rounds.csv
