=== sx_askubuntu_random_s1  started 2026-05-08T21:12:40 ===

C:\conda\envs\gnn\lib\site-packages\requests\__init__.py:86: RequestsDependencyWarning: Unable to find acceptable character detection dependency (chardet or charset_normalizer).
  warnings.warn(
C:\conda\envs\gnn\lib\site-packages\outdated\__init__.py:36: UserWarning: pkg_resources is deprecated as an API. See https://setuptools.pypa.io/en/latest/pkg_resources.html. The pkg_resources package is slated for removal as early as 2025-11-30. Refrain from using this package or pin to Setuptools<81.
  from pkg_resources import parse_version
Round    1/30  coverage=0.4000  prec@K=0.0005  accepted=7  loss=nan  (8.3s)
Round    2/30  coverage=0.4000  prec@K=0.0006  accepted=8  loss=nan  (1.2s)
Round    3/30  coverage=0.4000  prec@K=0.0005  accepted=7  loss=nan  (1.6s)
Round    4/30  coverage=0.4001  prec@K=0.0005  accepted=7  loss=nan  (2.3s)
Round    5/30  coverage=0.4001  prec@K=0.0003  accepted=5  loss=nan  (4.2s)
Round    6/30  coverage=0.4001  prec@K=0.0002  accepted=3  loss=nan  (5.0s)
Round    7/30  coverage=0.4001  prec@K=0.0004  accepted=6  loss=nan  (6.0s)
Round    8/30  coverage=0.4001  prec@K=0.0003  accepted=4  loss=nan  (7.7s)
Round    9/30  coverage=0.4001  prec@K=0.0002  accepted=3  loss=nan  (8.7s)
Round   10/30  coverage=0.4001  prec@K=0.0005  accepted=7  loss=nan  (9.6s)
Round   11/30  coverage=0.4001  prec@K=0.0002  accepted=3  loss=nan  (18.2s)
Round   12/30  coverage=0.4001  prec@K=0.0004  accepted=6  loss=nan  (12.5s)
Round   13/30  coverage=0.4001  prec@K=0.0005  accepted=8  loss=nan  (14.5s)
Round   14/30  coverage=0.4001  prec@K=0.0004  accepted=6  loss=nan  (14.8s)
Round   15/30  coverage=0.4002  prec@K=0.0002  accepted=3  loss=nan  (14.3s)
Round   16/30  coverage=0.4002  prec@K=0.0003  accepted=4  loss=nan  (15.8s)
Round   17/30  coverage=0.4002  prec@K=0.0003  accepted=4  loss=nan  (17.0s)
Round   18/30  coverage=0.4002  prec@K=0.0003  accepted=5  loss=nan  (18.2s)
Round   19/30  coverage=0.4002  prec@K=0.0006  accepted=9  loss=nan  (18.7s)
Round   20/30  coverage=0.4002  prec@K=0.0005  accepted=7  loss=nan  (20.5s)
Round   21/30  coverage=0.4002  prec@K=0.0002  accepted=3  loss=nan  (29.6s)
Round   22/30  coverage=0.4002  prec@K=0.0002  accepted=3  loss=nan  (23.6s)
Round   23/30  coverage=0.4002  prec@K=0.0003  accepted=4  loss=nan  (24.5s)
Round   24/30  coverage=0.4002  prec@K=0.0003  accepted=5  loss=nan  (26.3s)
Round   25/30  coverage=0.4002  prec@K=0.0004  accepted=6  loss=nan  (26.7s)
Round   26/30  coverage=0.4003  prec@K=0.0003  accepted=5  loss=nan  (27.9s)
Round   27/30  coverage=0.4003  prec@K=0.0003  accepted=4  loss=nan  (25.8s)
Round   28/30  coverage=0.4003  prec@K=0.0001  accepted=2  loss=nan  (27.8s)
Round   29/30  coverage=0.4003  prec@K=0.0003  accepted=4  loss=nan  (28.6s)
Round   30/30  coverage=0.4003  prec@K=0.0005  accepted=8  loss=nan  (30.1s)

结果已写入 results\orchestrator\runs\ir40_constlr5e5_multiseed_bidir\sx_askubuntu\random_s1/rounds.csv
