=== sx_askubuntu_graphsage_emb_s0  started 2026-05-08T18:44:04 ===

C:\conda\envs\gnn\lib\site-packages\requests\__init__.py:86: RequestsDependencyWarning: Unable to find acceptable character detection dependency (chardet or charset_normalizer).
  warnings.warn(
C:\conda\envs\gnn\lib\site-packages\outdated\__init__.py:36: UserWarning: pkg_resources is deprecated as an API. See https://setuptools.pypa.io/en/latest/pkg_resources.html. The pkg_resources package is slated for removal as early as 2025-11-30. Refrain from using this package or pin to Setuptools<81.
  from pkg_resources import parse_version
Round    1/30  coverage=0.4000  prec@K=0.0002  accepted=3  auc=0.5571  uauc=0.7778  loss=0.6287  (14.7s)
Round    2/30  coverage=0.4000  prec@K=0.0006  accepted=8  auc=0.2563  uauc=0.3917  loss=0.6284  (9.3s)
Round    3/30  coverage=0.4000  prec@K=0.0001  accepted=2  auc=0.1685  uauc=1.0000  loss=0.6280  (9.9s)
Round    4/30  coverage=0.4000  prec@K=0.0004  accepted=6  auc=0.6140  uauc=0.1840  loss=0.6278  (10.0s)
Round    5/30  coverage=0.4000  prec@K=0.0004  accepted=6  auc=0.3748  uauc=0.4333  loss=0.6274  (10.6s)
Round    6/30  coverage=0.4001  prec@K=0.0003  accepted=4  auc=0.1489  uauc=0.4167  loss=0.6271  (10.9s)
Round    7/30  coverage=0.4001  prec@K=0.0004  accepted=5  auc=0.3925  uauc=0.5185  loss=0.6267  (11.0s)
Round    8/30  coverage=0.4001  prec@K=0.0005  accepted=7  auc=0.2847  uauc=0.3730  loss=0.6265  (12.8s)
Round    9/30  coverage=0.4001  prec@K=0.0001  accepted=1  auc=0.7087  uauc=0.6667  loss=0.6261  (13.8s)
Round   10/30  coverage=0.4001  prec@K=0.0001  accepted=2  auc=0.2472  uauc=0.5000  loss=0.6257  (14.8s)
Round   11/30  coverage=0.4001  prec@K=0.0003  accepted=4  auc=0.3661  uauc=0.5185  loss=0.6254  (21.5s)
Round   12/30  coverage=0.4001  prec@K=0.0003  accepted=4  auc=0.1657  uauc=0.4259  loss=0.6252  (17.0s)
Round   13/30  coverage=0.4001  prec@K=0.0001  accepted=1  auc=0.4439  uauc=0.6667  loss=0.6248  (18.3s)
Round   14/30  coverage=0.4001  prec@K=0.0005  accepted=7  auc=0.1902  uauc=0.2556  loss=0.6246  (19.4s)
Round   15/30  coverage=0.4001  prec@K=0.0001  accepted=1  auc=0.3111  uauc=0.7778  loss=0.6241  (19.7s)
Round   16/30  coverage=0.4001  prec@K=0.0004  accepted=6  auc=0.4081  uauc=0.6111  loss=0.6239  (20.8s)
Round   17/30  coverage=0.4001  prec@K=0.0001  accepted=1  auc=0.2037  uauc=0.4444  loss=0.6235  (21.5s)
Round   18/30  coverage=0.4001  prec@K=0.0005  accepted=7  auc=0.3943  uauc=0.5370  loss=0.6233  (23.2s)
Round   19/30  coverage=0.4001  prec@K=0.0001  accepted=2  auc=0.0180  uauc=0.6389  loss=0.6229  (24.8s)
Round   20/30  coverage=0.4002  prec@K=0.0006  accepted=8  auc=0.3498  uauc=0.5104  loss=0.6227  (25.0s)
Round   21/30  coverage=0.4002  prec@K=0.0003  accepted=4  auc=0.1237  uauc=0.3194  loss=0.6223  (31.7s)
Round   22/30  coverage=0.4002  prec@K=0.0004  accepted=6  auc=0.3486  uauc=0.5778  loss=0.6221  (27.8s)
Round   23/30  coverage=0.4002  prec@K=0.0003  accepted=5  auc=0.0896  uauc=0.6000  loss=0.6217  (27.5s)
Round   24/30  coverage=0.4002  prec@K=0.0001  accepted=2  auc=0.3561  uauc=0.7222  loss=0.6214  (30.0s)
Round   25/30  coverage=0.4002  prec@K=0.0004  accepted=6  auc=0.2935  uauc=0.3889  loss=0.6212  (31.3s)
Round   26/30  coverage=0.4002  prec@K=0.0002  accepted=3  auc=0.3287  uauc=0.5185  loss=0.6208  (30.9s)
Round   27/30  coverage=0.4002  prec@K=0.0003  accepted=5  auc=0.4494  uauc=0.7331  loss=0.6205  (32.1s)
Round   28/30  coverage=0.4002  prec@K=0.0003  accepted=5  auc=0.4086  uauc=0.3333  loss=0.6203  (32.9s)
Round   29/30  coverage=0.4002  prec@K=0.0003  accepted=4  auc=0.3639  uauc=0.7407  loss=0.6199  (34.2s)
Round   30/30  coverage=0.4002  prec@K=0.0001  accepted=1  auc=0.0673  uauc=1.0000  loss=0.6197  (37.4s)

结果已写入 results\orchestrator\runs\ir40_constlr5e5_multiseed_bidir\sx_askubuntu\graphsage_emb_s0/rounds.csv
