=== sx_askubuntu_seal_s3  started 2026-05-08T03:52:24 ===

C:\conda\envs\gnn\lib\site-packages\requests\__init__.py:86: RequestsDependencyWarning: Unable to find acceptable character detection dependency (chardet or charset_normalizer).
  warnings.warn(
C:\conda\envs\gnn\lib\site-packages\outdated\__init__.py:36: UserWarning: pkg_resources is deprecated as an API. See https://setuptools.pypa.io/en/latest/pkg_resources.html. The pkg_resources package is slated for removal as early as 2025-11-30. Refrain from using this package or pin to Setuptools<81.
  from pkg_resources import parse_version
Round    1/30  coverage=0.4000  prec@K=0.0005  accepted=7  auc=0.8135  uauc=0.6111  loss=0.6074  (19.0s)
Round    2/30  coverage=0.4000  prec@K=0.0005  accepted=7  auc=0.8493  uauc=0.7222  loss=0.6071  (11.6s)
Round    3/30  coverage=0.4000  prec@K=0.0006  accepted=8  auc=0.8455  uauc=0.6649  loss=0.6070  (12.0s)
Round    4/30  coverage=0.4001  prec@K=0.0005  accepted=7  auc=0.7879  uauc=0.6429  loss=0.6067  (13.9s)
Round    5/30  coverage=0.4001  prec@K=0.0004  accepted=6  auc=0.7197  uauc=0.6111  loss=0.6064  (15.8s)
Round    6/30  coverage=0.4001  prec@K=0.0006  accepted=8  auc=0.8253  uauc=0.6285  loss=0.6062  (16.0s)
Round    7/30  coverage=0.4001  prec@K=0.0007  accepted=10  auc=0.7831  uauc=0.5573  loss=0.6060  (17.1s)
Round    8/30  coverage=0.4001  prec@K=0.0006  accepted=9  auc=0.8114  uauc=0.7213  loss=0.6058  (18.3s)
Round    9/30  coverage=0.4001  prec@K=0.0008  accepted=11  auc=0.7887  uauc=0.7639  loss=0.6056  (19.3s)
Round   10/30  coverage=0.4002  prec@K=0.0007  accepted=10  auc=0.7874  uauc=0.6778  loss=0.6053  (20.3s)
Round   11/30  coverage=0.4002  prec@K=0.0003  accepted=5  auc=0.7902  uauc=0.6778  loss=0.6050  (28.4s)
Round   12/30  coverage=0.4002  prec@K=0.0003  accepted=5  auc=0.7817  uauc=0.5667  loss=0.6047  (22.3s)
Round   13/30  coverage=0.4002  prec@K=0.0003  accepted=4  auc=0.8255  uauc=0.6528  loss=0.6045  (24.6s)
Round   14/30  coverage=0.4002  prec@K=0.0003  accepted=5  auc=0.6919  uauc=0.7361  loss=0.6043  (26.0s)
Round   15/30  coverage=0.4002  prec@K=0.0005  accepted=7  auc=0.8042  uauc=0.7619  loss=0.6041  (26.3s)
Round   16/30  coverage=0.4002  prec@K=0.0006  accepted=9  auc=0.8679  uauc=0.8368  loss=0.6039  (27.6s)
Round   17/30  coverage=0.4002  prec@K=0.0006  accepted=9  auc=0.8020  uauc=0.5955  loss=0.6037  (29.1s)
Round   18/30  coverage=0.4002  prec@K=0.0002  accepted=3  auc=0.9835  uauc=0.9259  loss=0.6033  (30.8s)
Round   19/30  coverage=0.4003  prec@K=0.0011  accepted=16  auc=0.8851  uauc=0.7657  loss=0.6034  (32.4s)
Round   20/30  coverage=0.4003  prec@K=0.0004  accepted=6  auc=0.9296  uauc=0.8750  loss=0.6029  (32.6s)
Round   21/30  coverage=0.4003  prec@K=0.0003  accepted=5  auc=0.8227  uauc=0.7344  loss=0.6027  (39.8s)
Round   22/30  coverage=0.4003  prec@K=0.0004  accepted=6  auc=0.9198  uauc=0.7222  loss=0.6024  (34.1s)
Round   23/30  coverage=0.4003  prec@K=0.0003  accepted=5  auc=0.8421  uauc=0.5778  loss=0.6022  (37.5s)
Round   24/30  coverage=0.4003  prec@K=0.0003  accepted=5  auc=0.8612  uauc=0.8556  loss=0.6020  (38.5s)
Round   25/30  coverage=0.4003  prec@K=0.0004  accepted=6  auc=0.7028  uauc=0.5833  loss=0.6018  (37.9s)
Round   26/30  coverage=0.4003  prec@K=0.0003  accepted=4  auc=0.8829  uauc=0.8333  loss=0.6015  (39.3s)
Round   27/30  coverage=0.4003  prec@K=0.0004  accepted=6  auc=0.9052  uauc=0.6852  loss=0.6013  (41.5s)
Round   28/30  coverage=0.4004  prec@K=0.0003  accepted=4  auc=0.7226  uauc=0.9062  loss=0.6010  (42.8s)
Round   29/30  coverage=0.4004  prec@K=0.0006  accepted=9  auc=0.8693  uauc=0.8265  loss=0.6009  (43.3s)
Round   30/30  coverage=0.4004  prec@K=0.0002  accepted=3  auc=0.2907  uauc=0.6111  loss=0.6006  (45.1s)

结果已写入 results\orchestrator\runs\ir40_constlr5e5_multiseed_bidir\sx_askubuntu\seal_s3/rounds.csv
