=== sx_askubuntu_gnn_sum_s42  started 2026-05-08T17:35:59 ===

C:\conda\envs\gnn\lib\site-packages\requests\__init__.py:86: RequestsDependencyWarning: Unable to find acceptable character detection dependency (chardet or charset_normalizer).
  warnings.warn(
C:\conda\envs\gnn\lib\site-packages\outdated\__init__.py:36: UserWarning: pkg_resources is deprecated as an API. See https://setuptools.pypa.io/en/latest/pkg_resources.html. The pkg_resources package is slated for removal as early as 2025-11-30. Refrain from using this package or pin to Setuptools<81.
  from pkg_resources import parse_version
Round    1/30  coverage=0.4000  prec@K=0.0003  accepted=5  auc=0.5484  uauc=0.7333  loss=0.7088  (14.8s)
Round    2/30  coverage=0.4000  prec@K=0.0006  accepted=9  auc=0.5416  uauc=0.4735  loss=0.7072  (9.6s)
Round    3/30  coverage=0.4000  prec@K=0.0006  accepted=9  auc=0.6201  uauc=0.5935  loss=0.7051  (9.6s)
Round    4/30  coverage=0.4001  prec@K=0.0006  accepted=9  auc=0.6982  uauc=0.7431  loss=0.7032  (10.3s)
Round    5/30  coverage=0.4001  prec@K=0.0005  accepted=7  auc=0.6337  uauc=0.7667  loss=0.7013  (10.7s)
Round    6/30  coverage=0.4001  prec@K=0.0006  accepted=8  auc=0.7552  uauc=0.6736  loss=0.6990  (10.9s)
Round    7/30  coverage=0.4001  prec@K=0.0005  accepted=7  auc=0.7149  uauc=0.8175  loss=0.6966  (11.7s)
Round    8/30  coverage=0.4001  prec@K=0.0005  accepted=7  auc=0.7188  uauc=0.6429  loss=0.6955  (12.9s)
Round    9/30  coverage=0.4001  prec@K=0.0006  accepted=9  auc=0.6315  uauc=0.7354  loss=0.6926  (13.7s)
Round   10/30  coverage=0.4001  prec@K=0.0007  accepted=10  auc=0.5890  uauc=0.6389  loss=0.6921  (14.6s)
Round   11/30  coverage=0.4002  prec@K=0.0006  accepted=8  auc=0.5433  uauc=0.5972  loss=0.6890  (21.1s)
Round   12/30  coverage=0.4002  prec@K=0.0007  accepted=10  auc=0.5674  uauc=0.7667  loss=0.6872  (16.9s)
Round   13/30  coverage=0.4002  prec@K=0.0003  accepted=5  auc=0.6251  uauc=0.6833  loss=0.6857  (18.0s)
Round   14/30  coverage=0.4002  prec@K=0.0004  accepted=6  auc=0.5979  uauc=0.8148  loss=0.6832  (19.0s)
Round   15/30  coverage=0.4002  prec@K=0.0009  accepted=13  auc=0.6190  uauc=0.6250  loss=0.6816  (20.0s)
Round   16/30  coverage=0.4002  prec@K=0.0008  accepted=11  auc=0.5260  uauc=0.6125  loss=0.6802  (20.9s)
Round   17/30  coverage=0.4003  prec@K=0.0006  accepted=9  auc=0.5609  uauc=0.5549  loss=0.6778  (21.9s)
Round   18/30  coverage=0.4003  prec@K=0.0003  accepted=4  auc=0.7502  uauc=0.8056  loss=0.6761  (22.5s)
Round   19/30  coverage=0.4003  prec@K=0.0009  accepted=13  auc=0.6954  uauc=0.7877  loss=0.6742  (23.4s)
Round   20/30  coverage=0.4003  prec@K=0.0006  accepted=8  auc=0.6756  uauc=0.7569  loss=0.6717  (25.8s)
Round   21/30  coverage=0.4003  prec@K=0.0006  accepted=9  auc=0.6729  uauc=0.7812  loss=0.6698  (31.0s)
Round   22/30  coverage=0.4003  prec@K=0.0003  accepted=4  auc=0.6335  uauc=0.8889  loss=0.6681  (26.4s)
Round   23/30  coverage=0.4003  prec@K=0.0006  accepted=8  auc=0.7244  uauc=0.8819  loss=0.6665  (29.1s)
Round   24/30  coverage=0.4004  prec@K=0.0004  accepted=6  auc=0.6801  uauc=0.8222  loss=0.6642  (29.7s)
Round   25/30  coverage=0.4004  prec@K=0.0006  accepted=8  auc=0.7068  uauc=0.8413  loss=0.6632  (31.8s)
Round   26/30  coverage=0.4004  prec@K=0.0006  accepted=9  auc=0.5817  uauc=0.7574  loss=0.6615  (32.3s)
Round   27/30  coverage=0.4004  prec@K=0.0003  accepted=5  auc=0.4684  uauc=0.4667  loss=0.6595  (30.7s)
Round   28/30  coverage=0.4004  prec@K=0.0003  accepted=5  auc=0.4866  uauc=0.6000  loss=0.6579  (33.3s)
Round   29/30  coverage=0.4004  prec@K=0.0006  accepted=8  auc=0.7652  uauc=0.8492  loss=0.6559  (34.5s)
Round   30/30  coverage=0.4004  prec@K=0.0005  accepted=7  auc=0.7368  uauc=0.8333  loss=0.6541  (36.2s)

结果已写入 results\orchestrator\runs\ir40_constlr5e5_multiseed_bidir\sx_askubuntu\gnn_sum_s42/rounds.csv
