=== sx_mathoverflow_cn_s1  started 2026-05-08T01:29:56 ===

C:\conda\envs\gnn\lib\site-packages\requests\__init__.py:86: RequestsDependencyWarning: Unable to find acceptable character detection dependency (chardet or charset_normalizer).
  warnings.warn(
C:\conda\envs\gnn\lib\site-packages\outdated\__init__.py:36: UserWarning: pkg_resources is deprecated as an API. See https://setuptools.pypa.io/en/latest/pkg_resources.html. The pkg_resources package is slated for removal as early as 2025-11-30. Refrain from using this package or pin to Setuptools<81.
  from pkg_resources import parse_version
Round    1/30  coverage=0.4000  prec@K=0.0042  accepted=10  auc=0.9575  uauc=0.8326  loss=nan  (2.3s)
Round    2/30  coverage=0.4001  prec@K=0.0046  accepted=11  auc=0.8607  uauc=0.5814  loss=nan  (0.2s)
Round    3/30  coverage=0.4001  prec@K=0.0042  accepted=10  auc=0.8870  uauc=0.7986  loss=nan  (0.2s)
Round    4/30  coverage=0.4002  prec@K=0.0050  accepted=12  auc=0.9540  uauc=0.5316  loss=nan  (0.2s)
Round    5/30  coverage=0.4002  prec@K=0.0054  accepted=13  auc=0.8273  uauc=0.6725  loss=nan  (0.2s)
Round    6/30  coverage=0.4003  prec@K=0.0042  accepted=10  auc=0.9052  uauc=0.6292  loss=nan  (0.2s)
Round    7/30  coverage=0.4004  prec@K=0.0065  accepted=16  auc=0.8737  uauc=0.6678  loss=nan  (0.2s)
Round    8/30  coverage=0.4004  prec@K=0.0063  accepted=15  auc=0.9276  uauc=0.6468  loss=nan  (0.2s)
Round    9/30  coverage=0.4005  prec@K=0.0054  accepted=13  auc=0.9370  uauc=0.6604  loss=nan  (0.2s)
Round   10/30  coverage=0.4006  prec@K=0.0066  accepted=16  auc=0.8857  uauc=0.6772  loss=nan  (0.2s)
Round   11/30  coverage=0.4006  prec@K=0.0016  accepted=4  auc=0.9478  uauc=0.7778  loss=nan  (2.2s)
Round   12/30  coverage=0.4006  prec@K=0.0046  accepted=11  auc=0.8992  uauc=0.7444  loss=nan  (0.2s)
Round   13/30  coverage=0.4007  prec@K=0.0074  accepted=18  auc=0.8648  uauc=0.5694  loss=nan  (0.2s)
Round   14/30  coverage=0.4008  prec@K=0.0095  accepted=23  auc=0.9230  uauc=0.6926  loss=nan  (0.2s)
Round   15/30  coverage=0.4009  prec@K=0.0089  accepted=21  auc=0.9195  uauc=0.8128  loss=nan  (0.2s)
Round   16/30  coverage=0.4009  prec@K=0.0049  accepted=12  auc=0.8728  uauc=0.7238  loss=nan  (0.2s)
Round   17/30  coverage=0.4010  prec@K=0.0059  accepted=14  auc=0.9032  uauc=0.5395  loss=nan  (0.3s)
Round   18/30  coverage=0.4011  prec@K=0.0050  accepted=12  auc=0.8827  uauc=0.6389  loss=nan  (0.2s)
Round   19/30  coverage=0.4011  prec@K=0.0058  accepted=14  auc=0.8945  uauc=0.6189  loss=nan  (0.2s)
Round   20/30  coverage=0.4011  prec@K=0.0021  accepted=5  auc=0.9726  uauc=0.8438  loss=nan  (0.2s)
Round   21/30  coverage=0.4012  prec@K=0.0100  accepted=24  auc=0.9367  uauc=0.7088  loss=nan  (2.3s)
Round   22/30  coverage=0.4013  prec@K=0.0025  accepted=6  auc=0.9522  uauc=0.6101  loss=nan  (0.3s)
Round   23/30  coverage=0.4014  prec@K=0.0085  accepted=21  auc=0.8977  uauc=0.7624  loss=nan  (0.3s)
Round   24/30  coverage=0.4014  prec@K=0.0025  accepted=6  auc=0.7762  uauc=0.4792  loss=nan  (0.3s)
Round   25/30  coverage=0.4014  prec@K=0.0050  accepted=12  auc=0.9557  uauc=0.6907  loss=nan  (0.3s)
Round   26/30  coverage=0.4015  prec@K=0.0049  accepted=12  auc=0.9294  uauc=0.4983  loss=nan  (0.3s)
Round   27/30  coverage=0.4015  prec@K=0.0041  accepted=10  auc=0.8827  uauc=0.5577  loss=nan  (0.4s)
Round   28/30  coverage=0.4016  prec@K=0.0058  accepted=14  auc=0.9361  uauc=0.7234  loss=nan  (0.4s)
Round   29/30  coverage=0.4016  prec@K=0.0029  accepted=7  auc=0.9404  uauc=0.7587  loss=nan  (0.4s)
Round   30/30  coverage=0.4017  prec@K=0.0110  accepted=26  auc=0.9453  uauc=0.6572  loss=nan  (0.3s)

结果已写入 results\orchestrator\runs\ir40_constlr5e5_multiseed_bidir\sx_mathoverflow\cn_s1/rounds.csv
