=== sx_mathoverflow_gnn_concat_h8_s3  started 2026-05-08T02:06:01 ===

C:\conda\envs\gnn\lib\site-packages\requests\__init__.py:86: RequestsDependencyWarning: Unable to find acceptable character detection dependency (chardet or charset_normalizer).
  warnings.warn(
C:\conda\envs\gnn\lib\site-packages\outdated\__init__.py:36: UserWarning: pkg_resources is deprecated as an API. See https://setuptools.pypa.io/en/latest/pkg_resources.html. The pkg_resources package is slated for removal as early as 2025-11-30. Refrain from using this package or pin to Setuptools<81.
  from pkg_resources import parse_version
Round    1/30  coverage=0.4000  prec@K=0.0008  accepted=2  auc=0.6178  uauc=0.9444  loss=0.8326  (5.5s)
Round    2/30  coverage=0.4000  prec@K=0.0004  accepted=1  auc=0.6886  uauc=0.6667  loss=0.8328  (2.6s)
Round    3/30  coverage=0.4000  prec@K=0.0000  accepted=0  loss=0.8329  (2.9s)
Round    4/30  coverage=0.4000  prec@K=0.0017  accepted=4  auc=0.5531  uauc=0.5683  loss=0.8322  (2.4s)
Round    5/30  coverage=0.4000  prec@K=0.0004  accepted=1  auc=0.7042  uauc=0.7778  loss=0.8326  (2.4s)
Round    6/30  coverage=0.4000  prec@K=0.0004  accepted=1  auc=0.0837  uauc=0.8889  loss=0.8325  (2.6s)
Round    7/30  coverage=0.4001  prec@K=0.0012  accepted=3  auc=0.3982  uauc=0.3056  loss=0.8322  (2.9s)
Round    8/30  coverage=0.4001  prec@K=0.0012  accepted=3  auc=0.4474  uauc=0.6667  loss=0.8322  (2.7s)
Round    9/30  coverage=0.4001  prec@K=0.0000  accepted=0  loss=0.8324  (2.5s)
Round   10/30  coverage=0.4001  prec@K=0.0000  accepted=0  loss=0.8325  (2.6s)
Round   11/30  coverage=0.4001  prec@K=0.0000  accepted=0  loss=0.8324  (4.6s)
Round   12/30  coverage=0.4001  prec@K=0.0021  accepted=5  auc=0.5697  uauc=0.4556  loss=0.8316  (2.8s)
Round   13/30  coverage=0.4001  prec@K=0.0004  accepted=1  auc=0.1924  uauc=0.5000  loss=0.8321  (2.7s)
Round   14/30  coverage=0.4001  prec@K=0.0017  accepted=4  auc=0.6736  uauc=0.8125  loss=0.8316  (2.8s)
Round   15/30  coverage=0.4001  prec@K=0.0013  accepted=3  auc=0.6886  uauc=0.5370  loss=0.8317  (2.7s)
Round   16/30  coverage=0.4001  prec@K=0.0004  accepted=1  auc=0.5704  uauc=0.6667  loss=0.8319  (2.6s)
Round   17/30  coverage=0.4002  prec@K=0.0025  accepted=6  auc=0.6649  uauc=0.6111  loss=0.8312  (2.8s)
Round   18/30  coverage=0.4002  prec@K=0.0008  accepted=2  auc=0.3759  uauc=0.4167  loss=0.8317  (3.0s)
Round   19/30  coverage=0.4002  prec@K=0.0012  accepted=3  auc=0.5582  uauc=0.5185  loss=0.8313  (2.4s)
Round   20/30  coverage=0.4002  prec@K=0.0021  accepted=5  auc=0.5401  uauc=0.4889  loss=0.8311  (2.7s)
Round   21/30  coverage=0.4002  prec@K=0.0013  accepted=3  auc=0.7892  uauc=0.4630  loss=0.8313  (4.8s)
Round   22/30  coverage=0.4002  prec@K=0.0012  accepted=3  auc=0.4552  uauc=0.3333  loss=0.8313  (3.1s)
Round   23/30  coverage=0.4002  prec@K=0.0025  accepted=6  auc=0.4004  uauc=0.6111  loss=0.8307  (2.7s)
Round   24/30  coverage=0.4003  prec@K=0.0004  accepted=1  auc=0.6248  uauc=1.0000  loss=0.8314  (2.8s)
Round   25/30  coverage=0.4003  prec@K=0.0008  accepted=2  auc=0.7013  uauc=0.6944  loss=0.8311  (2.8s)
Round   26/30  coverage=0.4003  prec@K=0.0025  accepted=6  auc=0.4696  uauc=0.7523  loss=0.8305  (3.0s)
Round   27/30  coverage=0.4003  prec@K=0.0017  accepted=4  auc=0.5190  uauc=0.6111  loss=0.8308  (3.0s)
Round   28/30  coverage=0.4003  prec@K=0.0017  accepted=4  auc=0.4673  uauc=0.4306  loss=0.8307  (2.9s)
Round   29/30  coverage=0.4003  prec@K=0.0004  accepted=1  auc=0.7149  uauc=0.3333  loss=0.8310  (3.1s)
Round   30/30  coverage=0.4003  prec@K=0.0021  accepted=5  auc=0.4897  uauc=0.7000  loss=0.8305  (3.2s)

结果已写入 results\orchestrator\runs\ir40_constlr5e5_multiseed_bidir\sx_mathoverflow\gnn_concat_h8_s3/rounds.csv
