=== sx_mathoverflow_cn_s3  started 2026-05-08T01:31:01 ===

C:\conda\envs\gnn\lib\site-packages\requests\__init__.py:86: RequestsDependencyWarning: Unable to find acceptable character detection dependency (chardet or charset_normalizer).
  warnings.warn(
C:\conda\envs\gnn\lib\site-packages\outdated\__init__.py:36: UserWarning: pkg_resources is deprecated as an API. See https://setuptools.pypa.io/en/latest/pkg_resources.html. The pkg_resources package is slated for removal as early as 2025-11-30. Refrain from using this package or pin to Setuptools<81.
  from pkg_resources import parse_version
Round    1/30  coverage=0.4001  prec@K=0.0062  accepted=15  auc=0.9508  uauc=0.7936  loss=nan  (2.5s)
Round    2/30  coverage=0.4001  prec@K=0.0042  accepted=10  auc=0.9333  uauc=0.6728  loss=nan  (0.2s)
Round    3/30  coverage=0.4002  prec@K=0.0066  accepted=16  auc=0.9116  uauc=0.6104  loss=nan  (0.2s)
Round    4/30  coverage=0.4002  prec@K=0.0042  accepted=10  auc=0.8840  uauc=0.5119  loss=nan  (0.2s)
Round    5/30  coverage=0.4003  prec@K=0.0030  accepted=7  auc=0.8992  uauc=0.8611  loss=nan  (0.2s)
Round    6/30  coverage=0.4003  prec@K=0.0051  accepted=12  auc=0.9135  uauc=0.6833  loss=nan  (0.2s)
Round    7/30  coverage=0.4004  prec@K=0.0062  accepted=15  auc=0.8703  uauc=0.5962  loss=nan  (0.2s)
Round    8/30  coverage=0.4004  prec@K=0.0053  accepted=13  auc=0.9791  uauc=0.7089  loss=nan  (0.2s)
Round    9/30  coverage=0.4005  prec@K=0.0058  accepted=14  auc=0.9497  uauc=0.7137  loss=nan  (0.2s)
Round   10/30  coverage=0.4005  prec@K=0.0050  accepted=12  auc=0.9195  uauc=0.7044  loss=nan  (0.2s)
Round   11/30  coverage=0.4006  prec@K=0.0054  accepted=13  auc=0.9671  uauc=0.8175  loss=nan  (2.5s)
Round   12/30  coverage=0.4007  prec@K=0.0087  accepted=21  auc=0.9637  uauc=0.7423  loss=nan  (0.2s)
Round   13/30  coverage=0.4007  prec@K=0.0046  accepted=11  auc=0.9833  uauc=0.8092  loss=nan  (0.2s)
Round   14/30  coverage=0.4008  prec@K=0.0059  accepted=14  auc=0.9310  uauc=0.6503  loss=nan  (0.3s)
Round   15/30  coverage=0.4008  prec@K=0.0046  accepted=11  auc=0.9490  uauc=0.6576  loss=nan  (0.3s)
Round   16/30  coverage=0.4009  prec@K=0.0042  accepted=10  auc=0.9500  uauc=0.6150  loss=nan  (0.2s)
Round   17/30  coverage=0.4010  prec@K=0.0059  accepted=14  auc=0.8429  uauc=0.6310  loss=nan  (0.3s)
Round   18/30  coverage=0.4010  prec@K=0.0071  accepted=17  auc=0.9309  uauc=0.6424  loss=nan  (0.3s)
Round   19/30  coverage=0.4011  prec@K=0.0033  accepted=8  auc=0.9256  uauc=0.5873  loss=nan  (0.3s)
Round   20/30  coverage=0.4011  prec@K=0.0075  accepted=18  auc=0.9051  uauc=0.5838  loss=nan  (0.3s)
Round   21/30  coverage=0.4012  prec@K=0.0034  accepted=8  auc=0.8028  uauc=0.5149  loss=nan  (2.5s)
Round   22/30  coverage=0.4012  prec@K=0.0050  accepted=12  auc=0.9105  uauc=0.6775  loss=nan  (0.3s)
Round   23/30  coverage=0.4013  prec@K=0.0080  accepted=19  auc=0.8239  uauc=0.6062  loss=nan  (0.3s)
Round   24/30  coverage=0.4014  prec@K=0.0045  accepted=11  auc=0.9646  uauc=0.6667  loss=nan  (0.4s)
Round   25/30  coverage=0.4014  prec@K=0.0054  accepted=13  auc=0.9592  uauc=0.7033  loss=nan  (0.4s)
Round   26/30  coverage=0.4015  prec@K=0.0071  accepted=17  auc=0.8931  uauc=0.5885  loss=nan  (0.4s)
Round   27/30  coverage=0.4016  prec@K=0.0054  accepted=13  auc=0.9062  uauc=0.7212  loss=nan  (0.4s)
Round   28/30  coverage=0.4016  prec@K=0.0033  accepted=8  auc=0.9222  uauc=0.5208  loss=nan  (0.4s)
Round   29/30  coverage=0.4016  prec@K=0.0037  accepted=9  auc=0.8844  uauc=0.7734  loss=nan  (0.4s)
Round   30/30  coverage=0.4017  prec@K=0.0062  accepted=15  auc=0.9083  uauc=0.7257  loss=nan  (0.4s)

结果已写入 results\orchestrator\runs\ir40_constlr5e5_multiseed_bidir\sx_mathoverflow\cn_s3/rounds.csv
