=== sx_mathoverflow_gnn_sum_h8_s2  started 2026-05-08T02:31:04 ===

C:\conda\envs\gnn\lib\site-packages\requests\__init__.py:86: RequestsDependencyWarning: Unable to find acceptable character detection dependency (chardet or charset_normalizer).
  warnings.warn(
C:\conda\envs\gnn\lib\site-packages\outdated\__init__.py:36: UserWarning: pkg_resources is deprecated as an API. See https://setuptools.pypa.io/en/latest/pkg_resources.html. The pkg_resources package is slated for removal as early as 2025-11-30. Refrain from using this package or pin to Setuptools<81.
  from pkg_resources import parse_version
Round    1/30  coverage=0.4000  prec@K=0.0000  accepted=0  loss=0.5247  (5.5s)
Round    2/30  coverage=0.4000  prec@K=0.0012  accepted=3  auc=0.4235  uauc=0.6667  loss=0.5255  (2.8s)
Round    3/30  coverage=0.4000  prec@K=0.0012  accepted=3  auc=0.2582  uauc=0.6481  loss=0.5250  (2.6s)
Round    4/30  coverage=0.4000  prec@K=0.0000  accepted=0  loss=0.5232  (2.6s)
Round    5/30  coverage=0.4000  prec@K=0.0017  accepted=4  auc=0.2264  uauc=0.5139  loss=0.5243  (2.7s)
Round    6/30  coverage=0.4001  prec@K=0.0017  accepted=4  auc=0.3285  uauc=0.6412  loss=0.5238  (2.9s)
Round    7/30  coverage=0.4001  prec@K=0.0016  accepted=4  auc=0.2424  uauc=0.4815  loss=0.5239  (2.9s)
Round    8/30  coverage=0.4001  prec@K=0.0021  accepted=5  auc=0.1646  uauc=0.4667  loss=0.5230  (2.9s)
Round    9/30  coverage=0.4001  prec@K=0.0021  accepted=5  auc=0.3733  uauc=0.5000  loss=0.5222  (2.8s)
Round   10/30  coverage=0.4001  prec@K=0.0008  accepted=2  auc=0.6909  uauc=0.5000  loss=0.5226  (2.8s)
Round   11/30  coverage=0.4001  prec@K=0.0008  accepted=2  auc=0.4071  uauc=0.3889  loss=0.5217  (4.7s)
Round   12/30  coverage=0.4002  prec@K=0.0025  accepted=6  auc=0.2867  uauc=0.3667  loss=0.5221  (3.3s)
Round   13/30  coverage=0.4002  prec@K=0.0017  accepted=4  auc=0.3386  uauc=0.6875  loss=0.5210  (2.6s)
Round   14/30  coverage=0.4002  prec@K=0.0017  accepted=4  auc=0.2991  uauc=0.5000  loss=0.5207  (2.8s)
Round   15/30  coverage=0.4002  prec@K=0.0004  accepted=1  auc=0.6297  uauc=0.1667  loss=0.5198  (3.0s)
Round   16/30  coverage=0.4002  prec@K=0.0000  accepted=0  loss=0.5186  (2.7s)
Round   17/30  coverage=0.4002  prec@K=0.0008  accepted=2  auc=0.2876  uauc=0.2778  loss=0.5193  (2.8s)
Round   18/30  coverage=0.4002  prec@K=0.0013  accepted=3  auc=0.3183  uauc=0.4167  loss=0.5192  (2.7s)
Round   19/30  coverage=0.4002  prec@K=0.0004  accepted=1  auc=0.5489  uauc=0.5000  loss=0.5179  (2.6s)
Round   20/30  coverage=0.4002  prec@K=0.0004  accepted=1  auc=0.5134  uauc=0.3333  loss=0.5185  (2.8s)
Round   21/30  coverage=0.4002  prec@K=0.0013  accepted=3  auc=0.2242  uauc=0.4074  loss=0.5180  (4.8s)
Round   22/30  coverage=0.4003  prec@K=0.0008  accepted=2  auc=0.2689  uauc=0.5833  loss=0.5180  (3.0s)
Round   23/30  coverage=0.4003  prec@K=0.0025  accepted=6  auc=0.4365  uauc=0.5257  loss=0.5175  (2.9s)
Round   24/30  coverage=0.4003  prec@K=0.0012  accepted=3  auc=0.5073  uauc=0.5000  loss=0.5171  (2.7s)
Round   25/30  coverage=0.4003  prec@K=0.0016  accepted=4  auc=0.4370  uauc=0.5000  loss=0.5172  (3.1s)
Round   26/30  coverage=0.4003  prec@K=0.0004  accepted=1  auc=0.1942  uauc=0.0556  loss=0.5154  (2.9s)
Round   27/30  coverage=0.4003  prec@K=0.0004  accepted=1  auc=0.2833  uauc=0.5000  loss=0.5154  (2.7s)
Round   28/30  coverage=0.4003  prec@K=0.0017  accepted=4  auc=0.2984  uauc=0.6528  loss=0.5159  (2.9s)
Round   29/30  coverage=0.4003  prec@K=0.0000  accepted=0  loss=0.5136  (3.0s)
Round   30/30  coverage=0.4003  prec@K=0.0004  accepted=1  auc=0.6426  uauc=0.5000  loss=0.5138  (3.1s)

结果已写入 results\orchestrator\runs\ir40_constlr5e5_multiseed_bidir\sx_mathoverflow\gnn_sum_h8_s2/rounds.csv
