=== sx_superuser_graphsage_emb_s2  started 2026-05-08T05:48:04 ===

C:\conda\envs\gnn\lib\site-packages\requests\__init__.py:86: RequestsDependencyWarning: Unable to find acceptable character detection dependency (chardet or charset_normalizer).
  warnings.warn(
C:\conda\envs\gnn\lib\site-packages\outdated\__init__.py:36: UserWarning: pkg_resources is deprecated as an API. See https://setuptools.pypa.io/en/latest/pkg_resources.html. The pkg_resources package is slated for removal as early as 2025-11-30. Refrain from using this package or pin to Setuptools<81.
  from pkg_resources import parse_version
Round    1/30  coverage=0.4000  prec@K=0.0006  accepted=10  auc=0.6420  uauc=0.4133  loss=0.6334  (32.0s)
Round    2/30  coverage=0.4000  prec@K=0.0004  accepted=8  auc=0.6318  uauc=0.5556  loss=0.6331  (17.0s)
Round    3/30  coverage=0.4000  prec@K=0.0003  accepted=5  auc=0.6860  uauc=0.7111  loss=0.6330  (18.0s)
Round    4/30  coverage=0.4000  prec@K=0.0005  accepted=9  auc=0.7662  uauc=0.6914  loss=0.6328  (19.9s)
Round    5/30  coverage=0.4001  prec@K=0.0008  accepted=14  auc=0.6943  uauc=0.6215  loss=0.6327  (22.3s)
Round    6/30  coverage=0.4001  prec@K=0.0005  accepted=9  auc=0.6959  uauc=0.6327  loss=0.6325  (23.0s)
Round    7/30  coverage=0.4001  prec@K=0.0008  accepted=15  auc=0.6371  uauc=0.7242  loss=0.6324  (25.4s)
Round    8/30  coverage=0.4001  prec@K=0.0006  accepted=10  auc=0.5891  uauc=0.6611  loss=0.6322  (27.5s)
Round    9/30  coverage=0.4001  prec@K=0.0008  accepted=14  auc=0.6655  uauc=0.5159  loss=0.6320  (27.7s)
Round   10/30  coverage=0.4001  prec@K=0.0003  accepted=5  auc=0.6230  uauc=0.6667  loss=0.6318  (29.0s)
Round   11/30  coverage=0.4001  prec@K=0.0006  accepted=10  auc=0.7194  uauc=0.5679  loss=0.6316  (44.7s)
Round   12/30  coverage=0.4001  prec@K=0.0006  accepted=11  auc=0.5746  uauc=0.6035  loss=0.6314  (33.3s)
Round   13/30  coverage=0.4002  prec@K=0.0006  accepted=10  auc=0.5603  uauc=0.6500  loss=0.6313  (34.3s)
Round   14/30  coverage=0.4002  prec@K=0.0003  accepted=6  auc=0.4731  uauc=0.5741  loss=0.6310  (34.9s)
Round   15/30  coverage=0.4002  prec@K=0.0005  accepted=9  auc=0.6195  uauc=0.5952  loss=0.6309  (37.4s)
Round   16/30  coverage=0.4002  prec@K=0.0006  accepted=10  auc=0.6601  uauc=0.4958  loss=0.6307  (40.2s)
Round   17/30  coverage=0.4002  prec@K=0.0007  accepted=12  auc=0.6363  uauc=0.6061  loss=0.6306  (40.2s)
Round   18/30  coverage=0.4002  prec@K=0.0003  accepted=6  auc=0.6179  uauc=0.2333  loss=0.6303  (41.9s)
Round   19/30  coverage=0.4002  prec@K=0.0004  accepted=7  auc=0.7733  uauc=0.6620  loss=0.6302  (43.5s)
Round   20/30  coverage=0.4002  prec@K=0.0005  accepted=9  auc=0.6067  uauc=0.5802  loss=0.6301  (45.3s)
Round   21/30  coverage=0.4002  prec@K=0.0006  accepted=10  auc=0.6020  uauc=0.5905  loss=0.6299  (61.4s)
Round   22/30  coverage=0.4002  prec@K=0.0005  accepted=9  auc=0.6482  uauc=0.6605  loss=0.6297  (49.5s)
Round   23/30  coverage=0.4002  prec@K=0.0003  accepted=6  auc=0.5967  uauc=0.3704  loss=0.6295  (53.1s)
Round   24/30  coverage=0.4003  prec@K=0.0005  accepted=8  auc=0.5246  uauc=0.7083  loss=0.6293  (51.8s)
Round   25/30  coverage=0.4003  prec@K=0.0003  accepted=5  auc=0.7973  uauc=0.5556  loss=0.6291  (53.1s)
Round   26/30  coverage=0.4003  prec@K=0.0003  accepted=5  auc=0.7279  uauc=0.5556  loss=0.6289  (56.0s)
Round   27/30  coverage=0.4003  prec@K=0.0004  accepted=8  auc=0.5651  uauc=0.4861  loss=0.6289  (55.5s)
Round   28/30  coverage=0.4003  prec@K=0.0003  accepted=5  auc=0.5041  uauc=0.3056  loss=0.6286  (58.7s)
Round   29/30  coverage=0.4003  prec@K=0.0005  accepted=9  auc=0.6528  uauc=0.6597  loss=0.6285  (59.6s)
Round   30/30  coverage=0.4003  prec@K=0.0004  accepted=7  auc=0.5574  uauc=0.8413  loss=0.6283  (62.7s)

结果已写入 results\orchestrator\runs\ir40_constlr5e5_multiseed_bidir\sx_superuser\graphsage_emb_s2/rounds.csv
