=== sx_superuser_graphsage_emb_s3  started 2026-05-09T11:36:28 ===

C:\conda\envs\gnn\lib\site-packages\requests\__init__.py:86: RequestsDependencyWarning: Unable to find acceptable character detection dependency (chardet or charset_normalizer).
  warnings.warn(
C:\conda\envs\gnn\lib\site-packages\outdated\__init__.py:36: UserWarning: pkg_resources is deprecated as an API. See https://setuptools.pypa.io/en/latest/pkg_resources.html. The pkg_resources package is slated for removal as early as 2025-11-30. Refrain from using this package or pin to Setuptools<81.
  from pkg_resources import parse_version
Round    1/30  coverage=0.4000  prec@K=0.0005  accepted=9  auc=0.8433  uauc=0.7778  loss=0.7087  (23.3s)
Round    2/30  coverage=0.4000  prec@K=0.0004  accepted=8  auc=0.7430  uauc=0.4563  loss=0.7085  (12.5s)
Round    3/30  coverage=0.4000  prec@K=0.0006  accepted=10  auc=0.6929  uauc=0.4444  loss=0.7084  (12.7s)
Round    4/30  coverage=0.4000  prec@K=0.0003  accepted=5  auc=0.7569  uauc=0.5778  loss=0.7081  (13.8s)
Round    5/30  coverage=0.4000  prec@K=0.0005  accepted=9  auc=0.5566  uauc=0.4630  loss=0.7076  (14.1s)
Round    6/30  coverage=0.4001  prec@K=0.0006  accepted=10  auc=0.6708  uauc=0.4621  loss=0.7074  (14.9s)
Round    7/30  coverage=0.4001  prec@K=0.0002  accepted=3  auc=0.7972  uauc=0.7407  loss=0.7070  (15.4s)
Round    8/30  coverage=0.4001  prec@K=0.0003  accepted=6  auc=0.6346  uauc=0.4676  loss=0.7069  (16.2s)
Round    9/30  coverage=0.4001  prec@K=0.0006  accepted=10  auc=0.6226  uauc=0.6746  loss=0.7061  (18.8s)
Round   10/30  coverage=0.4001  prec@K=0.0004  accepted=8  auc=0.5910  uauc=0.2698  loss=0.7062  (19.1s)
Round   11/30  coverage=0.4001  prec@K=0.0010  accepted=17  auc=0.6628  uauc=0.5118  loss=0.7062  (30.2s)
Round   12/30  coverage=0.4001  prec@K=0.0004  accepted=8  auc=0.6842  uauc=0.5556  loss=0.7055  (22.3s)
Round   13/30  coverage=0.4001  prec@K=0.0007  accepted=13  auc=0.7624  uauc=0.6484  loss=0.7056  (24.1s)
Round   14/30  coverage=0.4001  prec@K=0.0002  accepted=4  auc=0.8098  uauc=0.7222  loss=0.7052  (25.9s)
Round   15/30  coverage=0.4001  prec@K=0.0004  accepted=7  auc=0.6789  uauc=0.4762  loss=0.7048  (26.7s)
Round   16/30  coverage=0.4002  prec@K=0.0003  accepted=6  auc=0.7413  uauc=0.7222  loss=0.7047  (27.7s)
Round   17/30  coverage=0.4002  prec@K=0.0005  accepted=9  auc=0.6928  uauc=0.5309  loss=0.7042  (27.3s)
Round   18/30  coverage=0.4002  prec@K=0.0011  accepted=19  auc=0.7550  uauc=0.5250  loss=0.7040  (29.4s)
Round   19/30  coverage=0.4002  prec@K=0.0007  accepted=13  auc=0.7375  uauc=0.5312  loss=0.7035  (31.2s)
Round   20/30  coverage=0.4002  prec@K=0.0004  accepted=8  auc=0.7371  uauc=0.5231  loss=0.7031  (33.4s)
Round   21/30  coverage=0.4002  prec@K=0.0004  accepted=8  auc=0.6994  uauc=0.5000  loss=0.7033  (43.1s)
Round   22/30  coverage=0.4002  prec@K=0.0002  accepted=4  auc=0.5801  uauc=0.2569  loss=0.7030  (34.8s)
Round   23/30  coverage=0.4002  prec@K=0.0002  accepted=4  auc=0.6070  uauc=0.3889  loss=0.7026  (36.8s)
Round   24/30  coverage=0.4002  prec@K=0.0004  accepted=7  auc=0.7847  uauc=0.7778  loss=0.7023  (40.5s)
Round   25/30  coverage=0.4003  prec@K=0.0006  accepted=11  auc=0.7576  uauc=0.5733  loss=0.7020  (40.7s)
Round   26/30  coverage=0.4003  prec@K=0.0004  accepted=7  auc=0.5519  uauc=0.3810  loss=0.7015  (41.1s)
Round   27/30  coverage=0.4003  prec@K=0.0004  accepted=7  auc=0.6918  uauc=0.4206  loss=0.7013  (43.2s)
Round   28/30  coverage=0.4003  prec@K=0.0003  accepted=5  auc=0.7859  uauc=0.6667  loss=0.7011  (43.2s)
Round   29/30  coverage=0.4003  prec@K=0.0004  accepted=7  auc=0.5952  uauc=0.3095  loss=0.7008  (44.3s)
Round   30/30  coverage=0.4003  prec@K=0.0003  accepted=5  auc=0.6614  uauc=0.8222  loss=0.7002  (46.9s)

结果已写入 results\orchestrator\runs\ir40_constlr5e5_multiseed_bidir\sx_superuser\graphsage_emb_s3/rounds.csv
