=== sx_superuser_seal_s3  started 2026-05-09T15:20:09 ===

C:\conda\envs\gnn\lib\site-packages\requests\__init__.py:86: RequestsDependencyWarning: Unable to find acceptable character detection dependency (chardet or charset_normalizer).
  warnings.warn(
C:\conda\envs\gnn\lib\site-packages\outdated\__init__.py:36: UserWarning: pkg_resources is deprecated as an API. See https://setuptools.pypa.io/en/latest/pkg_resources.html. The pkg_resources package is slated for removal as early as 2025-11-30. Refrain from using this package or pin to Setuptools<81.
  from pkg_resources import parse_version
Round    1/30  coverage=0.4000  prec@K=0.0004  accepted=7  auc=0.8497  uauc=0.5873  loss=0.6074  (23.1s)
Round    2/30  coverage=0.4000  prec@K=0.0005  accepted=9  auc=0.8512  uauc=0.6172  loss=0.6072  (12.4s)
Round    3/30  coverage=0.4000  prec@K=0.0007  accepted=12  auc=0.8029  uauc=0.6500  loss=0.6070  (12.4s)
Round    4/30  coverage=0.4000  prec@K=0.0003  accepted=5  auc=0.8125  uauc=0.7361  loss=0.6067  (13.5s)
Round    5/30  coverage=0.4000  prec@K=0.0004  accepted=8  auc=0.6558  uauc=0.5167  loss=0.6065  (13.8s)
Round    6/30  coverage=0.4001  prec@K=0.0005  accepted=9  auc=0.7590  uauc=0.7470  loss=0.6062  (14.8s)
Round    7/30  coverage=0.4001  prec@K=0.0006  accepted=10  auc=0.8559  uauc=0.6167  loss=0.6060  (15.7s)
Round    8/30  coverage=0.4001  prec@K=0.0006  accepted=11  auc=0.8003  uauc=0.6275  loss=0.6058  (17.4s)
Round    9/30  coverage=0.4001  prec@K=0.0006  accepted=10  auc=0.7673  uauc=0.5468  loss=0.6055  (18.4s)
Round   10/30  coverage=0.4001  prec@K=0.0010  accepted=17  auc=0.8533  uauc=0.7029  loss=0.6054  (20.0s)
Round   11/30  coverage=0.4001  prec@K=0.0007  accepted=13  auc=0.5754  uauc=0.5246  loss=0.6051  (30.7s)
Round   12/30  coverage=0.4001  prec@K=0.0006  accepted=10  auc=0.9016  uauc=0.8167  loss=0.6048  (22.9s)
Round   13/30  coverage=0.4002  prec@K=0.0008  accepted=15  auc=0.7302  uauc=0.7603  loss=0.6047  (24.6s)
Round   14/30  coverage=0.4002  prec@K=0.0004  accepted=7  auc=0.9229  uauc=0.5476  loss=0.6043  (25.7s)
Round   15/30  coverage=0.4002  prec@K=0.0003  accepted=5  auc=0.8789  uauc=0.7111  loss=0.6041  (27.8s)
Round   16/30  coverage=0.4002  prec@K=0.0003  accepted=6  auc=0.7452  uauc=0.4722  loss=0.6038  (28.9s)
Round   17/30  coverage=0.4002  prec@K=0.0004  accepted=7  auc=0.8241  uauc=0.6746  loss=0.6036  (29.1s)
Round   18/30  coverage=0.4002  prec@K=0.0012  accepted=21  auc=0.7736  uauc=0.5724  loss=0.6036  (30.5s)
Round   19/30  coverage=0.4002  prec@K=0.0009  accepted=16  auc=0.7982  uauc=0.7639  loss=0.6033  (32.4s)
Round   20/30  coverage=0.4002  prec@K=0.0006  accepted=10  auc=0.7852  uauc=0.7415  loss=0.6030  (34.5s)
Round   21/30  coverage=0.4003  prec@K=0.0008  accepted=15  auc=0.8327  uauc=0.7433  loss=0.6028  (44.7s)
Round   22/30  coverage=0.4003  prec@K=0.0009  accepted=16  auc=0.6818  uauc=0.7463  loss=0.6026  (35.0s)
Round   23/30  coverage=0.4003  prec@K=0.0003  accepted=6  auc=0.7672  uauc=0.6481  loss=0.6022  (42.6s)
Round   24/30  coverage=0.4003  prec@K=0.0004  accepted=7  auc=0.7185  uauc=0.6123  loss=0.6020  (51.7s)
Round   25/30  coverage=0.4003  prec@K=0.0004  accepted=8  auc=0.7174  uauc=0.7112  loss=0.6018  (52.0s)
Round   26/30  coverage=0.4003  prec@K=0.0005  accepted=9  auc=0.7611  uauc=0.6605  loss=0.6016  (52.6s)
Round   27/30  coverage=0.4003  prec@K=0.0004  accepted=8  auc=0.7377  uauc=0.5843  loss=0.6013  (55.7s)
Round   28/30  coverage=0.4003  prec@K=0.0002  accepted=4  auc=0.8451  uauc=0.5972  loss=0.6010  (54.8s)
Round   29/30  coverage=0.4003  prec@K=0.0007  accepted=13  auc=0.6601  uauc=0.8376  loss=0.6010  (56.0s)
Round   30/30  coverage=0.4004  prec@K=0.0006  accepted=11  auc=0.9297  uauc=0.7475  loss=0.6007  (59.8s)

结果已写入 results\orchestrator\runs\ir40_constlr5e5_multiseed_bidir\sx_superuser\seal_s3/rounds.csv
