=== wiki_vote_aa_s0  started 2026-05-08T00:08:53 ===

C:\conda\envs\gnn\lib\site-packages\requests\__init__.py:86: RequestsDependencyWarning: Unable to find acceptable character detection dependency (chardet or charset_normalizer).
  warnings.warn(
C:\conda\envs\gnn\lib\site-packages\outdated\__init__.py:36: UserWarning: pkg_resources is deprecated as an API. See https://setuptools.pypa.io/en/latest/pkg_resources.html. The pkg_resources package is slated for removal as early as 2025-11-30. Refrain from using this package or pin to Setuptools<81.
  from pkg_resources import parse_version
Round    1/30  coverage=0.4011  prec@K=0.0161  accepted=113  auc=0.8496  uauc=0.5462  loss=nan  (1.1s)
Round    2/30  coverage=0.4021  prec@K=0.0147  accepted=104  auc=0.8939  uauc=0.6484  loss=nan  (0.6s)
Round    3/30  coverage=0.4032  prec@K=0.0168  accepted=118  auc=0.8623  uauc=0.5291  loss=nan  (0.6s)
Round    4/30  coverage=0.4043  prec@K=0.0162  accepted=114  auc=0.8718  uauc=0.5750  loss=nan  (0.7s)
Round    5/30  coverage=0.4055  prec@K=0.0171  accepted=121  auc=0.8775  uauc=0.5572  loss=nan  (0.9s)
Round    6/30  coverage=0.4064  prec@K=0.0136  accepted=96  auc=0.9091  uauc=0.6604  loss=nan  (0.8s)
Round    7/30  coverage=0.4075  prec@K=0.0162  accepted=114  auc=0.8698  uauc=0.5950  loss=nan  (0.9s)
Round    8/30  coverage=0.4086  prec@K=0.0158  accepted=112  auc=0.8895  uauc=0.6108  loss=nan  (1.0s)
Round    9/30  coverage=0.4097  prec@K=0.0159  accepted=112  auc=0.8703  uauc=0.5529  loss=nan  (0.9s)
Round   10/30  coverage=0.4107  prec@K=0.0157  accepted=111  auc=0.8977  uauc=0.5347  loss=nan  (1.1s)
Round   11/30  coverage=0.4119  prec@K=0.0164  accepted=115  auc=0.9003  uauc=0.6112  loss=nan  (1.7s)
Round   12/30  coverage=0.4128  prec@K=0.0144  accepted=102  auc=0.8986  uauc=0.5934  loss=nan  (1.1s)
Round   13/30  coverage=0.4139  prec@K=0.0149  accepted=105  auc=0.8760  uauc=0.5718  loss=nan  (1.2s)
Round   14/30  coverage=0.4150  prec@K=0.0170  accepted=120  auc=0.8752  uauc=0.5903  loss=nan  (1.3s)
Round   15/30  coverage=0.4161  prec@K=0.0167  accepted=118  auc=0.8825  uauc=0.5861  loss=nan  (1.2s)
Round   16/30  coverage=0.4170  prec@K=0.0128  accepted=90  auc=0.9041  uauc=0.6291  loss=nan  (1.3s)
Round   17/30  coverage=0.4180  prec@K=0.0142  accepted=100  auc=0.8910  uauc=0.6045  loss=nan  (1.3s)
Round   18/30  coverage=0.4190  prec@K=0.0148  accepted=104  auc=0.8867  uauc=0.6047  loss=nan  (1.3s)
Round   19/30  coverage=0.4202  prec@K=0.0185  accepted=131  auc=0.8841  uauc=0.5341  loss=nan  (1.5s)
Round   20/30  coverage=0.4212  prec@K=0.0144  accepted=102  auc=0.8762  uauc=0.5175  loss=nan  (1.5s)
Round   21/30  coverage=0.4221  prec@K=0.0123  accepted=87  auc=0.9031  uauc=0.5826  loss=nan  (2.1s)
Round   22/30  coverage=0.4234  prec@K=0.0192  accepted=136  auc=0.9193  uauc=0.6152  loss=nan  (1.6s)
Round   23/30  coverage=0.4247  prec@K=0.0187  accepted=132  auc=0.9157  uauc=0.5738  loss=nan  (1.6s)
Round   24/30  coverage=0.4256  prec@K=0.0139  accepted=98  auc=0.9108  uauc=0.6402  loss=nan  (1.7s)
Round   25/30  coverage=0.4266  prec@K=0.0148  accepted=104  auc=0.8937  uauc=0.5039  loss=nan  (1.8s)
Round   26/30  coverage=0.4276  prec@K=0.0150  accepted=106  auc=0.8833  uauc=0.5602  loss=nan  (1.8s)
Round   27/30  coverage=0.4285  prec@K=0.0132  accepted=93  auc=0.8959  uauc=0.6256  loss=nan  (1.8s)
Round   28/30  coverage=0.4296  prec@K=0.0154  accepted=109  auc=0.8826  uauc=0.5352  loss=nan  (1.8s)
Round   29/30  coverage=0.4305  prec@K=0.0141  accepted=99  auc=0.9153  uauc=0.5208  loss=nan  (1.8s)
Round   30/30  coverage=0.4315  prec@K=0.0143  accepted=101  auc=0.9176  uauc=0.5973  loss=nan  (2.1s)

结果已写入 results\orchestrator\runs\ir40_constlr5e5_multiseed_bidir\wiki_vote\aa_s0/rounds.csv
