=== wiki_vote_cn_s3  started 2026-05-08T00:10:28 ===

C:\conda\envs\gnn\lib\site-packages\requests\__init__.py:86: RequestsDependencyWarning: Unable to find acceptable character detection dependency (chardet or charset_normalizer).
  warnings.warn(
C:\conda\envs\gnn\lib\site-packages\outdated\__init__.py:36: UserWarning: pkg_resources is deprecated as an API. See https://setuptools.pypa.io/en/latest/pkg_resources.html. The pkg_resources package is slated for removal as early as 2025-11-30. Refrain from using this package or pin to Setuptools<81.
  from pkg_resources import parse_version
Round    1/30  coverage=0.4011  prec@K=0.0168  accepted=118  auc=0.8716  uauc=0.5688  loss=nan  (0.9s)
Round    2/30  coverage=0.4023  prec@K=0.0169  accepted=119  auc=0.8842  uauc=0.5636  loss=nan  (0.5s)
Round    3/30  coverage=0.4034  prec@K=0.0166  accepted=117  auc=0.8539  uauc=0.5506  loss=nan  (0.5s)
Round    4/30  coverage=0.4045  prec@K=0.0160  accepted=113  auc=0.8695  uauc=0.5719  loss=nan  (0.5s)
Round    5/30  coverage=0.4055  prec@K=0.0147  accepted=103  auc=0.8645  uauc=0.5874  loss=nan  (0.7s)
Round    6/30  coverage=0.4067  prec@K=0.0172  accepted=121  auc=0.8602  uauc=0.5429  loss=nan  (0.6s)
Round    7/30  coverage=0.4079  prec@K=0.0188  accepted=133  auc=0.8715  uauc=0.5116  loss=nan  (0.7s)
Round    8/30  coverage=0.4092  prec@K=0.0188  accepted=133  auc=0.8814  uauc=0.5413  loss=nan  (0.8s)
Round    9/30  coverage=0.4104  prec@K=0.0177  accepted=125  auc=0.8572  uauc=0.5915  loss=nan  (0.8s)
Round   10/30  coverage=0.4116  prec@K=0.0175  accepted=123  auc=0.8827  uauc=0.5108  loss=nan  (0.9s)
Round   11/30  coverage=0.4127  prec@K=0.0157  accepted=111  auc=0.8946  uauc=0.6005  loss=nan  (1.4s)
Round   12/30  coverage=0.4138  prec@K=0.0162  accepted=114  auc=0.9049  uauc=0.6212  loss=nan  (1.0s)
Round   13/30  coverage=0.4150  prec@K=0.0175  accepted=123  auc=0.8480  uauc=0.5601  loss=nan  (1.0s)
Round   14/30  coverage=0.4161  prec@K=0.0161  accepted=114  auc=0.8984  uauc=0.5340  loss=nan  (0.9s)
Round   15/30  coverage=0.4172  prec@K=0.0165  accepted=117  auc=0.8813  uauc=0.6041  loss=nan  (1.1s)
Round   16/30  coverage=0.4183  prec@K=0.0162  accepted=114  auc=0.8936  uauc=0.6102  loss=nan  (1.1s)
Round   17/30  coverage=0.4193  prec@K=0.0141  accepted=99  auc=0.8963  uauc=0.6072  loss=nan  (1.2s)
Round   18/30  coverage=0.4203  prec@K=0.0151  accepted=107  auc=0.8941  uauc=0.5300  loss=nan  (1.3s)
Round   19/30  coverage=0.4213  prec@K=0.0154  accepted=109  auc=0.8917  uauc=0.6066  loss=nan  (1.2s)
Round   20/30  coverage=0.4223  prec@K=0.0149  accepted=105  auc=0.9074  uauc=0.5666  loss=nan  (1.3s)
Round   21/30  coverage=0.4232  prec@K=0.0132  accepted=93  auc=0.8798  uauc=0.5331  loss=nan  (2.0s)
Round   22/30  coverage=0.4242  prec@K=0.0134  accepted=95  auc=0.8868  uauc=0.5347  loss=nan  (1.5s)
Round   23/30  coverage=0.4253  prec@K=0.0165  accepted=116  auc=0.9003  uauc=0.6047  loss=nan  (1.5s)
Round   24/30  coverage=0.4263  prec@K=0.0152  accepted=107  auc=0.8797  uauc=0.5723  loss=nan  (1.5s)
Round   25/30  coverage=0.4273  prec@K=0.0147  accepted=104  auc=0.8562  uauc=0.5515  loss=nan  (1.6s)
Round   26/30  coverage=0.4285  prec@K=0.0180  accepted=127  auc=0.8816  uauc=0.4855  loss=nan  (1.7s)
Round   27/30  coverage=0.4295  prec@K=0.0143  accepted=101  auc=0.8995  uauc=0.5116  loss=nan  (1.5s)
Round   28/30  coverage=0.4305  prec@K=0.0143  accepted=101  auc=0.8992  uauc=0.5404  loss=nan  (1.8s)
Round   29/30  coverage=0.4315  prec@K=0.0145  accepted=102  auc=0.9050  uauc=0.5691  loss=nan  (1.7s)
Round   30/30  coverage=0.4325  prec@K=0.0146  accepted=103  auc=0.8998  uauc=0.5027  loss=nan  (1.9s)

结果已写入 results\orchestrator\runs\ir40_constlr5e5_multiseed_bidir\wiki_vote\cn_s3/rounds.csv
