=== wiki_vote_gnn_concat_s1  started 2026-05-08T00:17:25 ===

C:\conda\envs\gnn\lib\site-packages\requests\__init__.py:86: RequestsDependencyWarning: Unable to find acceptable character detection dependency (chardet or charset_normalizer).
  warnings.warn(
C:\conda\envs\gnn\lib\site-packages\outdated\__init__.py:36: UserWarning: pkg_resources is deprecated as an API. See https://setuptools.pypa.io/en/latest/pkg_resources.html. The pkg_resources package is slated for removal as early as 2025-11-30. Refrain from using this package or pin to Setuptools<81.
  from pkg_resources import parse_version
Round    1/30  coverage=0.4006  prec@K=0.0092  accepted=65  auc=0.2642  uauc=0.4966  loss=0.7334  (11.2s)
Round    2/30  coverage=0.4012  prec@K=0.0089  accepted=63  auc=0.2894  uauc=0.5954  loss=0.7304  (10.3s)
Round    3/30  coverage=0.4018  prec@K=0.0090  accepted=63  auc=0.1909  uauc=0.5455  loss=0.7280  (10.4s)
Round    4/30  coverage=0.4024  prec@K=0.0088  accepted=62  auc=0.2622  uauc=0.5215  loss=0.7248  (9.9s)
Round    5/30  coverage=0.4031  prec@K=0.0102  accepted=72  auc=0.2006  uauc=0.5407  loss=0.7223  (10.7s)
Round    6/30  coverage=0.4036  prec@K=0.0066  accepted=47  auc=0.2430  uauc=0.5980  loss=0.7192  (10.6s)
Round    7/30  coverage=0.4041  prec@K=0.0081  accepted=57  auc=0.2091  uauc=0.5635  loss=0.7176  (10.7s)
Round    8/30  coverage=0.4047  prec@K=0.0091  accepted=64  auc=0.2496  uauc=0.5419  loss=0.7140  (10.7s)
Round    9/30  coverage=0.4052  prec@K=0.0060  accepted=42  auc=0.2245  uauc=0.5209  loss=0.7115  (10.4s)
Round   10/30  coverage=0.4058  prec@K=0.0091  accepted=64  auc=0.2254  uauc=0.5984  loss=0.7091  (10.9s)
Round   11/30  coverage=0.4064  prec@K=0.0088  accepted=62  auc=0.1668  uauc=0.6126  loss=0.7068  (11.6s)
Round   12/30  coverage=0.4069  prec@K=0.0080  accepted=56  auc=0.1808  uauc=0.5737  loss=0.7038  (11.0s)
Round   13/30  coverage=0.4075  prec@K=0.0090  accepted=64  auc=0.2189  uauc=0.6167  loss=0.7009  (11.6s)
Round   14/30  coverage=0.4081  prec@K=0.0089  accepted=63  auc=0.1900  uauc=0.5834  loss=0.6980  (11.3s)
Round   15/30  coverage=0.4085  prec@K=0.0060  accepted=42  auc=0.2148  uauc=0.5602  loss=0.6955  (10.8s)
Round   16/30  coverage=0.4091  prec@K=0.0089  accepted=63  auc=0.1897  uauc=0.5841  loss=0.6933  (10.8s)
Round   17/30  coverage=0.4095  prec@K=0.0058  accepted=41  auc=0.2842  uauc=0.6326  loss=0.6909  (11.3s)
Round   18/30  coverage=0.4100  prec@K=0.0062  accepted=44  auc=0.2562  uauc=0.4925  loss=0.6883  (11.2s)
Round   19/30  coverage=0.4103  prec@K=0.0053  accepted=37  auc=0.1987  uauc=0.4932  loss=0.6860  (10.9s)
Round   20/30  coverage=0.4107  prec@K=0.0054  accepted=38  auc=0.2231  uauc=0.5103  loss=0.6837  (11.5s)
Round   21/30  coverage=0.4110  prec@K=0.0044  accepted=31  auc=0.3175  uauc=0.4204  loss=0.6813  (12.7s)
Round   22/30  coverage=0.4114  prec@K=0.0061  accepted=43  auc=0.2421  uauc=0.5308  loss=0.6788  (11.7s)
Round   23/30  coverage=0.4119  prec@K=0.0072  accepted=51  auc=0.2502  uauc=0.5747  loss=0.6767  (11.9s)
Round   24/30  coverage=0.4123  prec@K=0.0060  accepted=42  auc=0.2969  uauc=0.6124  loss=0.6742  (11.7s)
Round   25/30  coverage=0.4126  prec@K=0.0037  accepted=26  auc=0.2194  uauc=0.5972  loss=0.6712  (12.6s)
Round   26/30  coverage=0.4129  prec@K=0.0051  accepted=36  auc=0.3435  uauc=0.5825  loss=0.6690  (12.2s)
Round   27/30  coverage=0.4132  prec@K=0.0048  accepted=34  auc=0.3013  uauc=0.5961  loss=0.6665  (12.3s)
Round   28/30  coverage=0.4136  prec@K=0.0051  accepted=36  auc=0.3172  uauc=0.5200  loss=0.6648  (11.9s)
Round   29/30  coverage=0.4138  prec@K=0.0031  accepted=22  auc=0.3704  uauc=0.5324  loss=0.6615  (12.5s)
Round   30/30  coverage=0.4142  prec@K=0.0057  accepted=40  auc=0.3155  uauc=0.6135  loss=0.6587  (13.2s)

结果已写入 results\orchestrator\runs\ir40_constlr5e5_multiseed_bidir\wiki_vote\gnn_concat_s1/rounds.csv
