=== wiki_vote_gat_emb_s0  started 2026-05-08T00:11:10 ===

C:\conda\envs\gnn\lib\site-packages\requests\__init__.py:86: RequestsDependencyWarning: Unable to find acceptable character detection dependency (chardet or charset_normalizer).
  warnings.warn(
C:\conda\envs\gnn\lib\site-packages\outdated\__init__.py:36: UserWarning: pkg_resources is deprecated as an API. See https://setuptools.pypa.io/en/latest/pkg_resources.html. The pkg_resources package is slated for removal as early as 2025-11-30. Refrain from using this package or pin to Setuptools<81.
  from pkg_resources import parse_version
Round    1/30  coverage=0.4003  prec@K=0.0040  accepted=28  auc=0.3687  uauc=0.5343  loss=0.6660  (11.3s)
Round    2/30  coverage=0.4005  prec@K=0.0028  accepted=20  auc=0.1496  uauc=0.5503  loss=0.6658  (10.6s)
Round    3/30  coverage=0.4008  prec@K=0.0045  accepted=32  auc=0.2077  uauc=0.4141  loss=0.6659  (10.6s)
Round    4/30  coverage=0.4011  prec@K=0.0043  accepted=30  auc=0.1898  uauc=0.5206  loss=0.6658  (9.9s)
Round    5/30  coverage=0.4014  prec@K=0.0045  accepted=32  auc=0.2426  uauc=0.5604  loss=0.6657  (10.0s)
Round    6/30  coverage=0.4015  prec@K=0.0027  accepted=19  auc=0.1512  uauc=0.5012  loss=0.6654  (10.4s)
Round    7/30  coverage=0.4018  prec@K=0.0044  accepted=31  auc=0.2076  uauc=0.4630  loss=0.6655  (11.0s)
Round    8/30  coverage=0.4021  prec@K=0.0041  accepted=29  auc=0.1429  uauc=0.5108  loss=0.6653  (11.1s)
Round    9/30  coverage=0.4024  prec@K=0.0038  accepted=27  auc=0.1944  uauc=0.5477  loss=0.6652  (10.7s)
Round   10/30  coverage=0.4027  prec@K=0.0044  accepted=31  auc=0.1550  uauc=0.6237  loss=0.6652  (11.0s)
Round   11/30  coverage=0.4029  prec@K=0.0026  accepted=18  auc=0.1309  uauc=0.4528  loss=0.6649  (11.5s)
Round   12/30  coverage=0.4031  prec@K=0.0034  accepted=24  auc=0.1946  uauc=0.4977  loss=0.6649  (11.1s)
Round   13/30  coverage=0.4033  prec@K=0.0024  accepted=17  auc=0.3046  uauc=0.6840  loss=0.6647  (11.3s)
Round   14/30  coverage=0.4035  prec@K=0.0038  accepted=27  auc=0.1257  uauc=0.5119  loss=0.6647  (11.8s)
Round   15/30  coverage=0.4037  prec@K=0.0033  accepted=23  auc=0.1535  uauc=0.4931  loss=0.6646  (12.1s)
Round   16/30  coverage=0.4039  prec@K=0.0026  accepted=18  auc=0.2134  uauc=0.5805  loss=0.6644  (11.0s)
Round   17/30  coverage=0.4041  prec@K=0.0027  accepted=19  auc=0.2048  uauc=0.4737  loss=0.6643  (12.0s)
Round   18/30  coverage=0.4042  prec@K=0.0018  accepted=13  auc=0.1771  uauc=0.5897  loss=0.6641  (11.6s)
Round   19/30  coverage=0.4044  prec@K=0.0021  accepted=15  auc=0.1093  uauc=0.5923  loss=0.6641  (12.3s)
Round   20/30  coverage=0.4045  prec@K=0.0025  accepted=18  auc=0.1548  uauc=0.4198  loss=0.6640  (12.5s)
Round   21/30  coverage=0.4047  prec@K=0.0027  accepted=19  auc=0.1295  uauc=0.4779  loss=0.6639  (12.4s)
Round   22/30  coverage=0.4050  prec@K=0.0035  accepted=25  auc=0.1740  uauc=0.5913  loss=0.6639  (12.6s)
Round   23/30  coverage=0.4051  prec@K=0.0024  accepted=17  auc=0.1398  uauc=0.5690  loss=0.6637  (12.0s)
Round   24/30  coverage=0.4054  prec@K=0.0034  accepted=24  auc=0.1286  uauc=0.4880  loss=0.6637  (12.2s)
Round   25/30  coverage=0.4056  prec@K=0.0031  accepted=22  auc=0.1893  uauc=0.4929  loss=0.6635  (12.6s)
Round   26/30  coverage=0.4058  prec@K=0.0035  accepted=25  auc=0.1320  uauc=0.6291  loss=0.6635  (13.1s)
Round   27/30  coverage=0.4060  prec@K=0.0021  accepted=15  auc=0.1384  uauc=0.6181  loss=0.6633  (12.6s)
Round   28/30  coverage=0.4062  prec@K=0.0035  accepted=25  auc=0.1878  uauc=0.5158  loss=0.6633  (12.7s)
Round   29/30  coverage=0.4063  prec@K=0.0020  accepted=14  auc=0.1073  uauc=0.4712  loss=0.6630  (13.1s)
Round   30/30  coverage=0.4065  prec@K=0.0024  accepted=17  auc=0.1341  uauc=0.5074  loss=0.6630  (12.7s)

结果已写入 results\orchestrator\runs\ir40_constlr5e5_multiseed_bidir\wiki_vote\gat_emb_s0/rounds.csv
