=== wiki_vote_gnn_h32_s42  started 2026-05-08T00:28:51 ===

C:\conda\envs\gnn\lib\site-packages\requests\__init__.py:86: RequestsDependencyWarning: Unable to find acceptable character detection dependency (chardet or charset_normalizer).
  warnings.warn(
C:\conda\envs\gnn\lib\site-packages\outdated\__init__.py:36: UserWarning: pkg_resources is deprecated as an API. See https://setuptools.pypa.io/en/latest/pkg_resources.html. The pkg_resources package is slated for removal as early as 2025-11-30. Refrain from using this package or pin to Setuptools<81.
  from pkg_resources import parse_version
Round    1/30  coverage=0.4004  prec@K=0.0067  accepted=47  auc=0.2101  uauc=0.5193  loss=0.7753  (11.4s)
Round    2/30  coverage=0.4009  prec@K=0.0062  accepted=44  auc=0.1370  uauc=0.6053  loss=0.7746  (9.8s)
Round    3/30  coverage=0.4012  prec@K=0.0054  accepted=38  auc=0.2145  uauc=0.5155  loss=0.7742  (10.1s)
Round    4/30  coverage=0.4015  prec@K=0.0043  accepted=30  auc=0.1239  uauc=0.5364  loss=0.7738  (10.3s)
Round    5/30  coverage=0.4018  prec@K=0.0045  accepted=32  auc=0.1899  uauc=0.6859  loss=0.7727  (10.0s)
Round    6/30  coverage=0.4021  prec@K=0.0040  accepted=28  auc=0.1480  uauc=0.5344  loss=0.7722  (10.4s)
Round    7/30  coverage=0.4025  prec@K=0.0051  accepted=36  auc=0.1552  uauc=0.5799  loss=0.7714  (9.9s)
Round    8/30  coverage=0.4029  prec@K=0.0061  accepted=43  auc=0.1679  uauc=0.5198  loss=0.7700  (11.2s)
Round    9/30  coverage=0.4031  prec@K=0.0041  accepted=29  auc=0.1555  uauc=0.6743  loss=0.7695  (11.0s)
Round   10/30  coverage=0.4035  prec@K=0.0049  accepted=35  auc=0.2184  uauc=0.5566  loss=0.7690  (10.4s)
Round   11/30  coverage=0.4038  prec@K=0.0043  accepted=30  auc=0.1125  uauc=0.6217  loss=0.7682  (11.1s)
Round   12/30  coverage=0.4041  prec@K=0.0054  accepted=38  auc=0.1353  uauc=0.6173  loss=0.7670  (11.0s)
Round   13/30  coverage=0.4045  prec@K=0.0055  accepted=39  auc=0.1946  uauc=0.5623  loss=0.7662  (11.0s)
Round   14/30  coverage=0.4048  prec@K=0.0037  accepted=26  auc=0.1215  uauc=0.6522  loss=0.7662  (10.3s)
Round   15/30  coverage=0.4051  prec@K=0.0043  accepted=30  auc=0.1297  uauc=0.5450  loss=0.7653  (10.3s)
Round   16/30  coverage=0.4054  prec@K=0.0047  accepted=33  auc=0.1259  uauc=0.6290  loss=0.7645  (10.9s)
Round   17/30  coverage=0.4056  prec@K=0.0031  accepted=22  auc=0.1491  uauc=0.6198  loss=0.7639  (11.2s)
Round   18/30  coverage=0.4058  prec@K=0.0034  accepted=24  auc=0.0942  uauc=0.5893  loss=0.7633  (11.1s)
Round   19/30  coverage=0.4061  prec@K=0.0038  accepted=27  auc=0.1165  uauc=0.5290  loss=0.7622  (11.1s)
Round   20/30  coverage=0.4064  prec@K=0.0050  accepted=35  auc=0.1275  uauc=0.5967  loss=0.7613  (11.5s)
Round   21/30  coverage=0.4066  prec@K=0.0034  accepted=24  auc=0.1114  uauc=0.5686  loss=0.7606  (12.3s)
Round   22/30  coverage=0.4069  prec@K=0.0037  accepted=26  auc=0.1238  uauc=0.6508  loss=0.7599  (12.0s)
Round   23/30  coverage=0.4072  prec@K=0.0037  accepted=26  auc=0.1673  uauc=0.6033  loss=0.7588  (12.1s)
Round   24/30  coverage=0.4075  prec@K=0.0058  accepted=41  auc=0.1505  uauc=0.5474  loss=0.7575  (11.9s)
Round   25/30  coverage=0.4078  prec@K=0.0037  accepted=26  auc=0.1155  uauc=0.5000  loss=0.7572  (11.8s)
Round   26/30  coverage=0.4080  prec@K=0.0030  accepted=21  auc=0.1476  uauc=0.4996  loss=0.7567  (11.5s)
Round   27/30  coverage=0.4084  prec@K=0.0053  accepted=37  auc=0.1542  uauc=0.5052  loss=0.7553  (11.5s)
Round   28/30  coverage=0.4086  prec@K=0.0030  accepted=21  auc=0.1100  uauc=0.5846  loss=0.7550  (11.6s)
Round   29/30  coverage=0.4087  prec@K=0.0021  accepted=15  auc=0.1302  uauc=0.5889  loss=0.7546  (11.4s)
Round   30/30  coverage=0.4088  prec@K=0.0021  accepted=15  auc=0.1577  uauc=0.5268  loss=0.7535  (12.3s)

结果已写入 results\orchestrator\runs\ir40_constlr5e5_multiseed_bidir\wiki_vote\gnn_h32_s42/rounds.csv
