=== wiki_vote_aa_s3  started 2026-05-08T00:09:39 ===

C:\conda\envs\gnn\lib\site-packages\requests\__init__.py:86: RequestsDependencyWarning: Unable to find acceptable character detection dependency (chardet or charset_normalizer).
  warnings.warn(
C:\conda\envs\gnn\lib\site-packages\outdated\__init__.py:36: UserWarning: pkg_resources is deprecated as an API. See https://setuptools.pypa.io/en/latest/pkg_resources.html. The pkg_resources package is slated for removal as early as 2025-11-30. Refrain from using this package or pin to Setuptools<81.
  from pkg_resources import parse_version
Round    1/30  coverage=0.4011  prec@K=0.0165  accepted=116  auc=0.8747  uauc=0.5660  loss=nan  (1.1s)
Round    2/30  coverage=0.4023  prec@K=0.0171  accepted=120  auc=0.8905  uauc=0.5450  loss=nan  (0.6s)
Round    3/30  coverage=0.4034  prec@K=0.0161  accepted=114  auc=0.8690  uauc=0.5606  loss=nan  (0.7s)
Round    4/30  coverage=0.4045  prec@K=0.0166  accepted=117  auc=0.8587  uauc=0.5621  loss=nan  (0.7s)
Round    5/30  coverage=0.4055  prec@K=0.0144  accepted=101  auc=0.8716  uauc=0.5326  loss=nan  (0.9s)
Round    6/30  coverage=0.4066  prec@K=0.0165  accepted=116  auc=0.8781  uauc=0.5948  loss=nan  (0.8s)
Round    7/30  coverage=0.4078  prec@K=0.0181  accepted=128  auc=0.8806  uauc=0.6070  loss=nan  (0.9s)
Round    8/30  coverage=0.4092  prec@K=0.0199  accepted=141  auc=0.8991  uauc=0.5871  loss=nan  (1.0s)
Round    9/30  coverage=0.4107  prec@K=0.0223  accepted=157  auc=0.8780  uauc=0.6109  loss=nan  (1.0s)
Round   10/30  coverage=0.4119  prec@K=0.0176  accepted=124  auc=0.8715  uauc=0.5356  loss=nan  (1.1s)
Round   11/30  coverage=0.4129  prec@K=0.0149  accepted=105  auc=0.8874  uauc=0.5145  loss=nan  (1.6s)
Round   12/30  coverage=0.4138  prec@K=0.0128  accepted=90  auc=0.8600  uauc=0.5533  loss=nan  (1.1s)
Round   13/30  coverage=0.4149  prec@K=0.0162  accepted=114  auc=0.8797  uauc=0.5582  loss=nan  (1.2s)
Round   14/30  coverage=0.4160  prec@K=0.0164  accepted=116  auc=0.9023  uauc=0.5473  loss=nan  (1.2s)
Round   15/30  coverage=0.4171  prec@K=0.0168  accepted=119  auc=0.8679  uauc=0.5490  loss=nan  (1.4s)
Round   16/30  coverage=0.4182  prec@K=0.0160  accepted=113  auc=0.8692  uauc=0.6238  loss=nan  (1.3s)
Round   17/30  coverage=0.4190  prec@K=0.0108  accepted=76  auc=0.8885  uauc=0.5619  loss=nan  (1.4s)
Round   18/30  coverage=0.4200  prec@K=0.0157  accepted=111  auc=0.8976  uauc=0.6130  loss=nan  (1.4s)
Round   19/30  coverage=0.4208  prec@K=0.0108  accepted=76  auc=0.8892  uauc=0.6253  loss=nan  (1.4s)
Round   20/30  coverage=0.4219  prec@K=0.0163  accepted=115  auc=0.8981  uauc=0.5164  loss=nan  (1.5s)
Round   21/30  coverage=0.4227  prec@K=0.0126  accepted=89  auc=0.8834  uauc=0.5282  loss=nan  (2.2s)
Round   22/30  coverage=0.4239  prec@K=0.0170  accepted=120  auc=0.8884  uauc=0.5610  loss=nan  (1.6s)
Round   23/30  coverage=0.4248  prec@K=0.0133  accepted=94  auc=0.9132  uauc=0.5765  loss=nan  (1.7s)
Round   24/30  coverage=0.4258  prec@K=0.0149  accepted=105  auc=0.8707  uauc=0.5889  loss=nan  (1.7s)
Round   25/30  coverage=0.4270  prec@K=0.0177  accepted=125  auc=0.8782  uauc=0.5346  loss=nan  (1.8s)
Round   26/30  coverage=0.4280  prec@K=0.0139  accepted=98  auc=0.8873  uauc=0.5334  loss=nan  (1.8s)
Round   27/30  coverage=0.4289  prec@K=0.0133  accepted=94  auc=0.9137  uauc=0.5832  loss=nan  (1.8s)
Round   28/30  coverage=0.4298  prec@K=0.0137  accepted=97  auc=0.9048  uauc=0.5491  loss=nan  (2.0s)
Round   29/30  coverage=0.4306  prec@K=0.0115  accepted=81  auc=0.8842  uauc=0.6208  loss=nan  (1.9s)
Round   30/30  coverage=0.4316  prec@K=0.0152  accepted=107  auc=0.9075  uauc=0.5641  loss=nan  (2.1s)

结果已写入 results\orchestrator\runs\ir40_constlr5e5_multiseed_bidir\wiki_vote\aa_s3/rounds.csv
