=== wiki_vote_gnn_sum_h8_s2  started 2026-05-08T00:34:32 ===

C:\conda\envs\gnn\lib\site-packages\requests\__init__.py:86: RequestsDependencyWarning: Unable to find acceptable character detection dependency (chardet or charset_normalizer).
  warnings.warn(
C:\conda\envs\gnn\lib\site-packages\outdated\__init__.py:36: UserWarning: pkg_resources is deprecated as an API. See https://setuptools.pypa.io/en/latest/pkg_resources.html. The pkg_resources package is slated for removal as early as 2025-11-30. Refrain from using this package or pin to Setuptools<81.
  from pkg_resources import parse_version
Round    1/30  coverage=0.4002  prec@K=0.0033  accepted=23  auc=0.3641  uauc=0.5253  loss=0.5220  (12.5s)
Round    2/30  coverage=0.4005  prec@K=0.0035  accepted=25  auc=0.4513  uauc=0.5278  loss=0.5219  (10.5s)
Round    3/30  coverage=0.4008  prec@K=0.0050  accepted=35  auc=0.3489  uauc=0.5965  loss=0.5226  (10.3s)
Round    4/30  coverage=0.4010  prec@K=0.0024  accepted=17  auc=0.3210  uauc=0.4931  loss=0.5207  (10.6s)
Round    5/30  coverage=0.4012  prec@K=0.0034  accepted=24  auc=0.3036  uauc=0.5384  loss=0.5206  (10.0s)
Round    6/30  coverage=0.4014  prec@K=0.0027  accepted=19  auc=0.3585  uauc=0.4865  loss=0.5205  (10.0s)
Round    7/30  coverage=0.4016  prec@K=0.0040  accepted=28  auc=0.4541  uauc=0.5024  loss=0.5199  (10.7s)
Round    8/30  coverage=0.4019  prec@K=0.0033  accepted=23  auc=0.4890  uauc=0.5361  loss=0.5197  (11.0s)
Round    9/30  coverage=0.4021  prec@K=0.0038  accepted=27  auc=0.4259  uauc=0.5486  loss=0.5195  (10.9s)
Round   10/30  coverage=0.4023  prec@K=0.0019  accepted=13  auc=0.4030  uauc=0.5342  loss=0.5183  (10.4s)
Round   11/30  coverage=0.4024  prec@K=0.0024  accepted=17  auc=0.4256  uauc=0.4896  loss=0.5181  (11.0s)
Round   12/30  coverage=0.4026  prec@K=0.0030  accepted=21  auc=0.3815  uauc=0.4894  loss=0.5182  (10.0s)
Round   13/30  coverage=0.4028  prec@K=0.0027  accepted=19  auc=0.3633  uauc=0.5052  loss=0.5180  (10.8s)
Round   14/30  coverage=0.4031  prec@K=0.0037  accepted=26  auc=0.3497  uauc=0.4855  loss=0.5178  (11.0s)
Round   15/30  coverage=0.4033  prec@K=0.0030  accepted=21  auc=0.4161  uauc=0.4894  loss=0.5179  (11.2s)
Round   16/30  coverage=0.4034  prec@K=0.0019  accepted=13  auc=0.4371  uauc=0.5000  loss=0.5160  (11.3s)
Round   17/30  coverage=0.4035  prec@K=0.0017  accepted=12  auc=0.5422  uauc=0.5202  loss=0.5167  (12.1s)
Round   18/30  coverage=0.4036  prec@K=0.0023  accepted=16  auc=0.4836  uauc=0.4286  loss=0.5165  (11.6s)
Round   19/30  coverage=0.4039  prec@K=0.0031  accepted=22  auc=0.4484  uauc=0.5112  loss=0.5163  (12.1s)
Round   20/30  coverage=0.4041  prec@K=0.0035  accepted=25  auc=0.4509  uauc=0.4722  loss=0.5159  (11.3s)
Round   21/30  coverage=0.4043  prec@K=0.0028  accepted=20  auc=0.3996  uauc=0.5359  loss=0.5155  (12.5s)
Round   22/30  coverage=0.4044  prec@K=0.0014  accepted=10  auc=0.4625  uauc=0.5333  loss=0.5138  (11.8s)
Round   23/30  coverage=0.4046  prec@K=0.0024  accepted=17  auc=0.5237  uauc=0.4745  loss=0.5138  (11.5s)
Round   24/30  coverage=0.4047  prec@K=0.0027  accepted=19  auc=0.4932  uauc=0.5154  loss=0.5143  (12.1s)
Round   25/30  coverage=0.4049  prec@K=0.0020  accepted=14  auc=0.5190  uauc=0.5427  loss=0.5128  (12.1s)
Round   26/30  coverage=0.4050  prec@K=0.0016  accepted=11  auc=0.4484  uauc=0.5000  loss=0.5131  (12.6s)
Round   27/30  coverage=0.4051  prec@K=0.0023  accepted=16  auc=0.5200  uauc=0.5043  loss=0.5130  (12.0s)
Round   28/30  coverage=0.4053  prec@K=0.0018  accepted=13  auc=0.4412  uauc=0.5787  loss=0.5130  (12.1s)
Round   29/30  coverage=0.4054  prec@K=0.0027  accepted=19  auc=0.4591  uauc=0.5033  loss=0.5119  (12.0s)
Round   30/30  coverage=0.4055  prec@K=0.0013  accepted=9  auc=0.4662  uauc=0.5000  loss=0.5115  (11.7s)

结果已写入 results\orchestrator\runs\ir40_constlr5e5_multiseed_bidir\wiki_vote\gnn_sum_h8_s2/rounds.csv
