=== wiki_vote_random_s0  started 2026-05-08T00:53:54 ===

C:\conda\envs\gnn\lib\site-packages\requests\__init__.py:86: RequestsDependencyWarning: Unable to find acceptable character detection dependency (chardet or charset_normalizer).
  warnings.warn(
C:\conda\envs\gnn\lib\site-packages\outdated\__init__.py:36: UserWarning: pkg_resources is deprecated as an API. See https://setuptools.pypa.io/en/latest/pkg_resources.html. The pkg_resources package is slated for removal as early as 2025-11-30. Refrain from using this package or pin to Setuptools<81.
  from pkg_resources import parse_version
Round    1/30  coverage=0.4003  prec@K=0.0047  accepted=33  loss=nan  (0.7s)
Round    2/30  coverage=0.4007  prec@K=0.0055  accepted=39  loss=nan  (0.3s)
Round    3/30  coverage=0.4011  prec@K=0.0067  accepted=47  loss=nan  (0.3s)
Round    4/30  coverage=0.4014  prec@K=0.0043  accepted=30  loss=nan  (0.3s)
Round    5/30  coverage=0.4020  prec@K=0.0076  accepted=54  loss=nan  (0.4s)
Round    6/30  coverage=0.4024  prec@K=0.0065  accepted=46  loss=nan  (0.4s)
Round    7/30  coverage=0.4028  prec@K=0.0065  accepted=46  loss=nan  (0.5s)
Round    8/30  coverage=0.4033  prec@K=0.0066  accepted=47  loss=nan  (0.6s)
Round    9/30  coverage=0.4037  prec@K=0.0057  accepted=40  loss=nan  (0.6s)
Round   10/30  coverage=0.4041  prec@K=0.0058  accepted=41  loss=nan  (0.8s)
Round   11/30  coverage=0.4045  prec@K=0.0066  accepted=46  loss=nan  (1.3s)
Round   12/30  coverage=0.4049  prec@K=0.0057  accepted=40  loss=nan  (0.8s)
Round   13/30  coverage=0.4054  prec@K=0.0068  accepted=48  loss=nan  (0.9s)
Round   14/30  coverage=0.4058  prec@K=0.0069  accepted=49  loss=nan  (0.9s)
Round   15/30  coverage=0.4064  prec@K=0.0082  accepted=58  loss=nan  (0.9s)
Round   16/30  coverage=0.4067  prec@K=0.0044  accepted=31  loss=nan  (1.1s)
Round   17/30  coverage=0.4072  prec@K=0.0067  accepted=47  loss=nan  (1.1s)
Round   18/30  coverage=0.4075  prec@K=0.0058  accepted=41  loss=nan  (1.1s)
Round   19/30  coverage=0.4080  prec@K=0.0059  accepted=42  loss=nan  (1.2s)
Round   20/30  coverage=0.4084  prec@K=0.0059  accepted=42  loss=nan  (1.3s)
Round   21/30  coverage=0.4087  prec@K=0.0052  accepted=37  loss=nan  (1.9s)
Round   22/30  coverage=0.4092  prec@K=0.0066  accepted=47  loss=nan  (1.3s)
Round   23/30  coverage=0.4096  prec@K=0.0058  accepted=41  loss=nan  (1.4s)
Round   24/30  coverage=0.4099  prec@K=0.0057  accepted=40  loss=nan  (1.4s)
Round   25/30  coverage=0.4104  prec@K=0.0070  accepted=49  loss=nan  (1.5s)
Round   26/30  coverage=0.4109  prec@K=0.0075  accepted=53  loss=nan  (1.5s)
Round   27/30  coverage=0.4114  prec@K=0.0068  accepted=48  loss=nan  (1.7s)
Round   28/30  coverage=0.4116  prec@K=0.0031  accepted=22  loss=nan  (1.6s)
Round   29/30  coverage=0.4120  prec@K=0.0054  accepted=38  loss=nan  (1.6s)
Round   30/30  coverage=0.4124  prec@K=0.0068  accepted=48  loss=nan  (1.8s)

结果已写入 results\orchestrator\runs\ir40_constlr5e5_multiseed_bidir\wiki_vote\random_s0/rounds.csv
