=== wiki_vote_pa_s0  started 2026-05-08T00:50:37 ===

C:\conda\envs\gnn\lib\site-packages\requests\__init__.py:86: RequestsDependencyWarning: Unable to find acceptable character detection dependency (chardet or charset_normalizer).
  warnings.warn(
C:\conda\envs\gnn\lib\site-packages\outdated\__init__.py:36: UserWarning: pkg_resources is deprecated as an API. See https://setuptools.pypa.io/en/latest/pkg_resources.html. The pkg_resources package is slated for removal as early as 2025-11-30. Refrain from using this package or pin to Setuptools<81.
  from pkg_resources import parse_version
Round    1/30  coverage=0.4008  prec@K=0.0120  accepted=84  auc=0.8568  uauc=0.5269  loss=nan  (0.9s)
Round    2/30  coverage=0.4015  prec@K=0.0096  accepted=68  auc=0.8542  uauc=0.5666  loss=nan  (0.4s)
Round    3/30  coverage=0.4023  prec@K=0.0118  accepted=83  auc=0.8190  uauc=0.5387  loss=nan  (0.5s)
Round    4/30  coverage=0.4032  prec@K=0.0142  accepted=100  auc=0.8574  uauc=0.5385  loss=nan  (0.5s)
Round    5/30  coverage=0.4042  prec@K=0.0141  accepted=100  auc=0.8673  uauc=0.5294  loss=nan  (0.7s)
Round    6/30  coverage=0.4048  prec@K=0.0088  accepted=62  auc=0.8634  uauc=0.4768  loss=nan  (0.6s)
Round    7/30  coverage=0.4057  prec@K=0.0135  accepted=95  auc=0.8567  uauc=0.5417  loss=nan  (0.7s)
Round    8/30  coverage=0.4064  prec@K=0.0105  accepted=74  auc=0.8613  uauc=0.4873  loss=nan  (0.7s)
Round    9/30  coverage=0.4072  prec@K=0.0122  accepted=86  auc=0.8539  uauc=0.5122  loss=nan  (0.7s)
Round   10/30  coverage=0.4079  prec@K=0.0100  accepted=71  auc=0.8393  uauc=0.4997  loss=nan  (0.8s)
Round   11/30  coverage=0.4085  prec@K=0.0081  accepted=57  auc=0.8326  uauc=0.5023  loss=nan  (1.4s)
Round   12/30  coverage=0.4093  prec@K=0.0113  accepted=80  auc=0.8427  uauc=0.5316  loss=nan  (0.8s)
Round   13/30  coverage=0.4098  prec@K=0.0082  accepted=58  auc=0.8192  uauc=0.4648  loss=nan  (0.9s)
Round   14/30  coverage=0.4107  prec@K=0.0136  accepted=96  auc=0.8675  uauc=0.5562  loss=nan  (0.9s)
Round   15/30  coverage=0.4115  prec@K=0.0110  accepted=78  auc=0.8826  uauc=0.5205  loss=nan  (0.9s)
Round   16/30  coverage=0.4121  prec@K=0.0090  accepted=63  auc=0.8939  uauc=0.5744  loss=nan  (1.0s)
Round   17/30  coverage=0.4126  prec@K=0.0077  accepted=54  auc=0.8685  uauc=0.5685  loss=nan  (1.1s)
Round   18/30  coverage=0.4133  prec@K=0.0095  accepted=67  auc=0.8811  uauc=0.5384  loss=nan  (1.0s)
Round   19/30  coverage=0.4139  prec@K=0.0098  accepted=69  auc=0.8854  uauc=0.5207  loss=nan  (1.1s)
Round   20/30  coverage=0.4146  prec@K=0.0097  accepted=69  auc=0.8454  uauc=0.4676  loss=nan  (1.1s)
Round   21/30  coverage=0.4152  prec@K=0.0087  accepted=61  auc=0.9085  uauc=0.5971  loss=nan  (1.8s)
Round   22/30  coverage=0.4159  prec@K=0.0109  accepted=77  auc=0.8711  uauc=0.5958  loss=nan  (1.2s)
Round   23/30  coverage=0.4165  prec@K=0.0086  accepted=61  auc=0.8517  uauc=0.4737  loss=nan  (1.3s)
Round   24/30  coverage=0.4171  prec@K=0.0082  accepted=58  auc=0.8964  uauc=0.5042  loss=nan  (1.3s)
Round   25/30  coverage=0.4177  prec@K=0.0094  accepted=66  auc=0.8961  uauc=0.5256  loss=nan  (1.4s)
Round   26/30  coverage=0.4183  prec@K=0.0081  accepted=57  auc=0.8563  uauc=0.5343  loss=nan  (1.4s)
Round   27/30  coverage=0.4188  prec@K=0.0087  accepted=61  auc=0.8867  uauc=0.5464  loss=nan  (1.5s)
Round   28/30  coverage=0.4193  prec@K=0.0072  accepted=51  auc=0.8913  uauc=0.5853  loss=nan  (1.4s)
Round   29/30  coverage=0.4201  prec@K=0.0108  accepted=76  auc=0.8903  uauc=0.5417  loss=nan  (1.4s)
Round   30/30  coverage=0.4206  prec@K=0.0081  accepted=57  auc=0.8820  uauc=0.4986  loss=nan  (1.7s)

结果已写入 results\orchestrator\runs\ir40_constlr5e5_multiseed_bidir\wiki_vote\pa_s0/rounds.csv
