=== advogato_cn_s3  started 2026-05-10T17:59:13 ===

C:\conda\envs\gnn\lib\site-packages\requests\__init__.py:86: RequestsDependencyWarning: Unable to find acceptable character detection dependency (chardet or charset_normalizer).
  warnings.warn(
C:\conda\envs\gnn\lib\site-packages\outdated\__init__.py:36: UserWarning: pkg_resources is deprecated as an API. See https://setuptools.pypa.io/en/latest/pkg_resources.html. The pkg_resources package is slated for removal as early as 2025-11-30. Refrain from using this package or pin to Setuptools<81.
  from pkg_resources import parse_version
Round    1/30  coverage=0.3055  prec@K=0.0543  accepted=261  auc=0.8394  uauc=0.6436  loss=nan  (0.4s)
Round    2/30  coverage=0.3104  prec@K=0.0470  accepted=230  auc=0.7957  uauc=0.6096  loss=nan  (0.3s)
Round    3/30  coverage=0.3152  prec@K=0.0472  accepted=225  auc=0.8606  uauc=0.6553  loss=nan  (0.3s)
Round    4/30  coverage=0.3195  prec@K=0.0409  accepted=202  auc=0.8494  uauc=0.6258  loss=nan  (0.3s)
Round    5/30  coverage=0.3238  prec@K=0.0424  accepted=204  auc=0.8351  uauc=0.6331  loss=nan  (0.4s)
Round    6/30  coverage=0.3280  prec@K=0.0401  accepted=199  auc=0.8609  uauc=0.6295  loss=nan  (0.4s)
Round    7/30  coverage=0.3318  prec@K=0.0358  accepted=177  auc=0.8432  uauc=0.6399  loss=nan  (0.4s)
Round    8/30  coverage=0.3356  prec@K=0.0363  accepted=180  auc=0.8776  uauc=0.6671  loss=nan  (0.4s)
Round    9/30  coverage=0.3401  prec@K=0.0422  accepted=211  auc=0.8641  uauc=0.6304  loss=nan  (0.4s)
Round   10/30  coverage=0.3436  prec@K=0.0330  accepted=165  auc=0.8300  uauc=0.5929  loss=nan  (0.5s)
Round   11/30  coverage=0.3478  prec@K=0.0409  accepted=201  auc=0.8672  uauc=0.6583  loss=nan  (0.6s)
Round   12/30  coverage=0.3507  prec@K=0.0274  accepted=136  auc=0.8733  uauc=0.6553  loss=nan  (0.5s)
Round   13/30  coverage=0.3546  prec@K=0.0377  accepted=185  auc=0.8833  uauc=0.6681  loss=nan  (0.5s)
Round   14/30  coverage=0.3585  prec@K=0.0366  accepted=183  auc=0.8950  uauc=0.6997  loss=nan  (0.5s)
Round   15/30  coverage=0.3624  prec@K=0.0364  accepted=182  auc=0.8621  uauc=0.6363  loss=nan  (0.5s)
Round   16/30  coverage=0.3656  prec@K=0.0307  accepted=152  auc=0.8527  uauc=0.6466  loss=nan  (0.5s)
Round   17/30  coverage=0.3690  prec@K=0.0315  accepted=158  auc=0.8616  uauc=0.6307  loss=nan  (0.6s)
Round   18/30  coverage=0.3727  prec@K=0.0353  accepted=175  auc=0.8725  uauc=0.7078  loss=nan  (0.6s)
Round   19/30  coverage=0.3760  prec@K=0.0321  accepted=158  auc=0.8419  uauc=0.6080  loss=nan  (0.6s)
Round   20/30  coverage=0.3787  prec@K=0.0247  accepted=124  auc=0.8846  uauc=0.6664  loss=nan  (0.7s)
Round   21/30  coverage=0.3815  prec@K=0.0269  accepted=133  auc=0.8911  uauc=0.6941  loss=nan  (0.8s)
Round   22/30  coverage=0.3844  prec@K=0.0283  accepted=139  auc=0.8898  uauc=0.6602  loss=nan  (0.6s)
Round   23/30  coverage=0.3870  prec@K=0.0242  accepted=120  auc=0.8813  uauc=0.7032  loss=nan  (0.7s)
Round   24/30  coverage=0.3896  prec@K=0.0253  accepted=125  auc=0.8966  uauc=0.6914  loss=nan  (0.6s)
Round   25/30  coverage=0.3921  prec@K=0.0235  accepted=117  auc=0.8659  uauc=0.6223  loss=nan  (0.7s)
Round   26/30  coverage=0.3949  prec@K=0.0266  accepted=132  auc=0.8511  uauc=0.6245  loss=nan  (0.8s)
Round   27/30  coverage=0.3968  prec@K=0.0179  accepted=89  auc=0.8843  uauc=0.6433  loss=nan  (0.8s)
Round   28/30  coverage=0.3990  prec@K=0.0205  accepted=102  auc=0.8723  uauc=0.6701  loss=nan  (0.8s)
Round   29/30  coverage=0.4013  prec@K=0.0225  accepted=111  auc=0.8958  uauc=0.6787  loss=nan  (0.7s)
Round   30/30  coverage=0.4042  prec@K=0.0276  accepted=136  auc=0.8644  uauc=0.6487  loss=nan  (0.8s)

结果已写入 results\orchestrator\runs\ir30_constlr5e5_multiseed_bidir\advogato\cn_s3/rounds.csv
