=== advogato_gnn_concat_h8_s2  started 2026-05-10T18:08:14 ===

C:\conda\envs\gnn\lib\site-packages\requests\__init__.py:86: RequestsDependencyWarning: Unable to find acceptable character detection dependency (chardet or charset_normalizer).
  warnings.warn(
C:\conda\envs\gnn\lib\site-packages\outdated\__init__.py:36: UserWarning: pkg_resources is deprecated as an API. See https://setuptools.pypa.io/en/latest/pkg_resources.html. The pkg_resources package is slated for removal as early as 2025-11-30. Refrain from using this package or pin to Setuptools<81.
  from pkg_resources import parse_version
Round    1/30  coverage=0.3061  prec@K=0.0586  accepted=286  auc=0.7648  uauc=0.7079  loss=0.6939  (6.8s)
Round    2/30  coverage=0.3120  prec@K=0.0564  accepted=278  auc=0.7409  uauc=0.6967  loss=0.6935  (6.5s)
Round    3/30  coverage=0.3175  prec@K=0.0529  accepted=263  auc=0.7663  uauc=0.6959  loss=0.6932  (6.4s)
Round    4/30  coverage=0.3228  prec@K=0.0504  accepted=247  auc=0.7337  uauc=0.7003  loss=0.6928  (6.4s)
Round    5/30  coverage=0.3279  prec@K=0.0490  accepted=240  auc=0.7418  uauc=0.7145  loss=0.6925  (6.6s)
Round    6/30  coverage=0.3331  prec@K=0.0498  accepted=245  auc=0.7755  uauc=0.6909  loss=0.6921  (8.5s)
Round    7/30  coverage=0.3380  prec@K=0.0470  accepted=232  auc=0.7583  uauc=0.7287  loss=0.6919  (9.2s)
Round    8/30  coverage=0.3426  prec@K=0.0444  accepted=216  auc=0.7934  uauc=0.6764  loss=0.6912  (7.0s)
Round    9/30  coverage=0.3467  prec@K=0.0389  accepted=194  auc=0.7554  uauc=0.7233  loss=0.6911  (7.4s)
Round   10/30  coverage=0.3506  prec@K=0.0374  accepted=185  auc=0.7870  uauc=0.7086  loss=0.6905  (7.3s)
Round   11/30  coverage=0.3550  prec@K=0.0414  accepted=206  auc=0.7537  uauc=0.7076  loss=0.6899  (7.9s)
Round   12/30  coverage=0.3590  prec@K=0.0382  accepted=190  auc=0.7759  uauc=0.7089  loss=0.6897  (7.5s)
Round   13/30  coverage=0.3629  prec@K=0.0375  accepted=183  auc=0.7587  uauc=0.7145  loss=0.6894  (6.6s)
Round   14/30  coverage=0.3661  prec@K=0.0311  accepted=153  auc=0.7943  uauc=0.6946  loss=0.6886  (7.6s)
Round   15/30  coverage=0.3701  prec@K=0.0379  accepted=187  auc=0.7172  uauc=0.6662  loss=0.6885  (7.9s)
Round   16/30  coverage=0.3737  prec@K=0.0338  accepted=167  auc=0.7795  uauc=0.6920  loss=0.6874  (7.6s)
Round   17/30  coverage=0.3777  prec@K=0.0381  accepted=189  auc=0.7927  uauc=0.6571  loss=0.6869  (7.3s)
Round   18/30  coverage=0.3806  prec@K=0.0276  accepted=137  auc=0.7781  uauc=0.7301  loss=0.6872  (7.2s)
Round   19/30  coverage=0.3842  prec@K=0.0339  accepted=169  auc=0.7919  uauc=0.7309  loss=0.6859  (7.9s)
Round   20/30  coverage=0.3877  prec@K=0.0340  accepted=168  auc=0.8018  uauc=0.6702  loss=0.6856  (7.6s)
Round   21/30  coverage=0.3909  prec@K=0.0302  accepted=150  auc=0.7957  uauc=0.7105  loss=0.6853  (8.2s)
Round   22/30  coverage=0.3942  prec@K=0.0312  accepted=154  auc=0.7990  uauc=0.7596  loss=0.6852  (10.8s)
Round   23/30  coverage=0.3972  prec@K=0.0288  accepted=142  auc=0.7886  uauc=0.7185  loss=0.6839  (7.6s)
Round   24/30  coverage=0.4000  prec@K=0.0269  accepted=132  auc=0.7618  uauc=0.6722  loss=0.6834  (8.1s)
Round   25/30  coverage=0.4032  prec@K=0.0302  accepted=150  auc=0.7619  uauc=0.6841  loss=0.6835  (8.6s)
Round   26/30  coverage=0.4058  prec@K=0.0247  accepted=123  auc=0.7211  uauc=0.6069  loss=0.6828  (8.8s)
Round   27/30  coverage=0.4091  prec@K=0.0315  accepted=156  auc=0.7787  uauc=0.7126  loss=0.6824  (8.6s)
Round   28/30  coverage=0.4113  prec@K=0.0207  accepted=103  auc=0.7822  uauc=0.6855  loss=0.6814  (8.2s)
Round   29/30  coverage=0.4140  prec@K=0.0260  accepted=127  auc=0.8103  uauc=0.6749  loss=0.6812  (8.6s)
Round   30/30  coverage=0.4168  prec@K=0.0270  accepted=134  auc=0.7451  uauc=0.6954  loss=0.6806  (9.1s)

结果已写入 results\orchestrator\runs\ir30_constlr5e5_multiseed_bidir\advogato\gnn_concat_h8_s2/rounds.csv
