=== advogato_aa_s1  started 2026-05-10T17:58:09 ===

C:\conda\envs\gnn\lib\site-packages\requests\__init__.py:86: RequestsDependencyWarning: Unable to find acceptable character detection dependency (chardet or charset_normalizer).
  warnings.warn(
C:\conda\envs\gnn\lib\site-packages\outdated\__init__.py:36: UserWarning: pkg_resources is deprecated as an API. See https://setuptools.pypa.io/en/latest/pkg_resources.html. The pkg_resources package is slated for removal as early as 2025-11-30. Refrain from using this package or pin to Setuptools<81.
  from pkg_resources import parse_version
Round    1/30  coverage=0.3065  prec@K=0.0620  accepted=305  auc=0.8620  uauc=0.6474  loss=nan  (0.7s)
Round    2/30  coverage=0.3122  prec@K=0.0546  accepted=271  auc=0.8739  uauc=0.6765  loss=nan  (0.5s)
Round    3/30  coverage=0.3178  prec@K=0.0542  accepted=264  auc=0.8739  uauc=0.6665  loss=nan  (0.5s)
Round    4/30  coverage=0.3235  prec@K=0.0554  accepted=270  auc=0.8881  uauc=0.6893  loss=nan  (0.6s)
Round    5/30  coverage=0.3284  prec@K=0.0465  accepted=230  auc=0.8685  uauc=0.6706  loss=nan  (0.6s)
Round    6/30  coverage=0.3329  prec@K=0.0427  accepted=212  auc=0.8961  uauc=0.6546  loss=nan  (0.6s)
Round    7/30  coverage=0.3382  prec@K=0.0498  accepted=248  auc=0.8717  uauc=0.6723  loss=nan  (0.7s)
Round    8/30  coverage=0.3438  prec@K=0.0539  accepted=266  auc=0.8683  uauc=0.7043  loss=nan  (0.8s)
Round    9/30  coverage=0.3489  prec@K=0.0483  accepted=238  auc=0.8768  uauc=0.7037  loss=nan  (0.7s)
Round   10/30  coverage=0.3533  prec@K=0.0423  accepted=209  auc=0.8587  uauc=0.6667  loss=nan  (0.8s)
Round   11/30  coverage=0.3570  prec@K=0.0344  accepted=173  auc=0.8737  uauc=0.6833  loss=nan  (1.1s)
Round   12/30  coverage=0.3609  prec@K=0.0370  accepted=183  auc=0.8893  uauc=0.6715  loss=nan  (0.8s)
Round   13/30  coverage=0.3648  prec@K=0.0382  accepted=188  auc=0.8757  uauc=0.6608  loss=nan  (0.9s)
Round   14/30  coverage=0.3689  prec@K=0.0384  accepted=190  auc=0.8947  uauc=0.6665  loss=nan  (0.9s)
Round   15/30  coverage=0.3727  prec@K=0.0367  accepted=180  auc=0.8666  uauc=0.6346  loss=nan  (0.9s)
Round   16/30  coverage=0.3762  prec@K=0.0332  accepted=165  auc=0.8985  uauc=0.6895  loss=nan  (1.0s)
Round   17/30  coverage=0.3799  prec@K=0.0353  accepted=176  auc=0.8729  uauc=0.6892  loss=nan  (1.0s)
Round   18/30  coverage=0.3833  prec@K=0.0318  accepted=157  auc=0.9056  uauc=0.6720  loss=nan  (1.0s)
Round   19/30  coverage=0.3864  prec@K=0.0298  accepted=147  auc=0.8462  uauc=0.6388  loss=nan  (1.0s)
Round   20/30  coverage=0.3899  prec@K=0.0332  accepted=166  auc=0.8692  uauc=0.6611  loss=nan  (1.2s)
Round   21/30  coverage=0.3931  prec@K=0.0303  accepted=149  auc=0.8655  uauc=0.6509  loss=nan  (1.5s)
Round   22/30  coverage=0.3955  prec@K=0.0232  accepted=115  auc=0.8889  uauc=0.6791  loss=nan  (1.0s)
Round   23/30  coverage=0.3986  prec@K=0.0294  accepted=146  auc=0.8710  uauc=0.6209  loss=nan  (1.1s)
Round   24/30  coverage=0.4016  prec@K=0.0279  accepted=140  auc=0.8857  uauc=0.6214  loss=nan  (1.2s)
Round   25/30  coverage=0.4046  prec@K=0.0281  accepted=141  auc=0.8766  uauc=0.6316  loss=nan  (1.3s)
Round   26/30  coverage=0.4070  prec@K=0.0227  accepted=113  auc=0.8806  uauc=0.6505  loss=nan  (1.3s)
Round   27/30  coverage=0.4102  prec@K=0.0313  accepted=155  auc=0.8719  uauc=0.6685  loss=nan  (1.3s)
Round   28/30  coverage=0.4131  prec@K=0.0273  accepted=135  auc=0.8663  uauc=0.6570  loss=nan  (1.4s)
Round   29/30  coverage=0.4158  prec@K=0.0251  accepted=125  auc=0.8923  uauc=0.6585  loss=nan  (1.4s)
Round   30/30  coverage=0.4186  prec@K=0.0268  accepted=134  auc=0.8773  uauc=0.6510  loss=nan  (1.0s)

结果已写入 results\orchestrator\runs\ir30_constlr5e5_multiseed_bidir\advogato\aa_s1/rounds.csv
