=== advogato_aa_s42  started 2026-05-10T17:58:47 ===

C:\conda\envs\gnn\lib\site-packages\requests\__init__.py:86: RequestsDependencyWarning: Unable to find acceptable character detection dependency (chardet or charset_normalizer).
  warnings.warn(
C:\conda\envs\gnn\lib\site-packages\outdated\__init__.py:36: UserWarning: pkg_resources is deprecated as an API. See https://setuptools.pypa.io/en/latest/pkg_resources.html. The pkg_resources package is slated for removal as early as 2025-11-30. Refrain from using this package or pin to Setuptools<81.
  from pkg_resources import parse_version
Round    1/30  coverage=0.3058  prec@K=0.0563  accepted=272  auc=0.8715  uauc=0.6580  loss=nan  (0.4s)
Round    2/30  coverage=0.3114  prec@K=0.0536  accepted=264  auc=0.8646  uauc=0.6243  loss=nan  (0.4s)
Round    3/30  coverage=0.3167  prec@K=0.0524  accepted=253  auc=0.8829  uauc=0.6716  loss=nan  (0.3s)
Round    4/30  coverage=0.3221  prec@K=0.0514  accepted=253  auc=0.8807  uauc=0.6971  loss=nan  (0.4s)
Round    5/30  coverage=0.3280  prec@K=0.0562  accepted=276  auc=0.8666  uauc=0.6895  loss=nan  (0.4s)
Round    6/30  coverage=0.3328  prec@K=0.0467  accepted=230  auc=0.8542  uauc=0.6674  loss=nan  (0.4s)
Round    7/30  coverage=0.3384  prec@K=0.0532  accepted=264  auc=0.8785  uauc=0.6934  loss=nan  (0.5s)
Round    8/30  coverage=0.3425  prec@K=0.0386  accepted=191  auc=0.8503  uauc=0.6484  loss=nan  (0.5s)
Round    9/30  coverage=0.3473  prec@K=0.0458  accepted=225  auc=0.9000  uauc=0.7130  loss=nan  (0.5s)
Round   10/30  coverage=0.3516  prec@K=0.0417  accepted=207  auc=0.8895  uauc=0.6957  loss=nan  (0.6s)
Round   11/30  coverage=0.3554  prec@K=0.0356  accepted=177  auc=0.8816  uauc=0.6400  loss=nan  (0.7s)
Round   12/30  coverage=0.3600  prec@K=0.0431  accepted=215  auc=0.8608  uauc=0.6476  loss=nan  (0.6s)
Round   13/30  coverage=0.3643  prec@K=0.0419  accepted=206  auc=0.8848  uauc=0.6438  loss=nan  (0.6s)
Round   14/30  coverage=0.3676  prec@K=0.0304  accepted=153  auc=0.8631  uauc=0.6416  loss=nan  (0.6s)
Round   15/30  coverage=0.3715  prec@K=0.0365  accepted=183  auc=0.8831  uauc=0.6441  loss=nan  (0.7s)
Round   16/30  coverage=0.3747  prec@K=0.0308  accepted=153  auc=0.8604  uauc=0.6304  loss=nan  (0.6s)
Round   17/30  coverage=0.3790  prec@K=0.0408  accepted=202  auc=0.8752  uauc=0.6651  loss=nan  (0.7s)
Round   18/30  coverage=0.3824  prec@K=0.0324  accepted=161  auc=0.8752  uauc=0.6488  loss=nan  (0.7s)
Round   19/30  coverage=0.3857  prec@K=0.0313  accepted=154  auc=0.8791  uauc=0.6764  loss=nan  (0.7s)
Round   20/30  coverage=0.3894  prec@K=0.0354  accepted=176  auc=0.8864  uauc=0.6924  loss=nan  (0.7s)
Round   21/30  coverage=0.3925  prec@K=0.0296  accepted=147  auc=0.8758  uauc=0.6786  loss=nan  (1.0s)
Round   22/30  coverage=0.3956  prec@K=0.0296  accepted=146  auc=0.8658  uauc=0.6659  loss=nan  (0.8s)
Round   23/30  coverage=0.3984  prec@K=0.0258  accepted=129  auc=0.9032  uauc=0.7079  loss=nan  (0.9s)
Round   24/30  coverage=0.4015  prec@K=0.0304  accepted=150  auc=0.8860  uauc=0.6607  loss=nan  (0.8s)
Round   25/30  coverage=0.4047  prec@K=0.0302  accepted=149  auc=0.8706  uauc=0.6644  loss=nan  (0.9s)
Round   26/30  coverage=0.4074  prec@K=0.0254  accepted=126  auc=0.8704  uauc=0.6683  loss=nan  (0.8s)
Round   27/30  coverage=0.4099  prec@K=0.0244  accepted=120  auc=0.8639  uauc=0.6753  loss=nan  (0.8s)
Round   28/30  coverage=0.4121  prec@K=0.0205  accepted=102  auc=0.8648  uauc=0.6917  loss=nan  (1.0s)
Round   29/30  coverage=0.4147  prec@K=0.0252  accepted=124  auc=0.8615  uauc=0.6934  loss=nan  (0.9s)
Round   30/30  coverage=0.4178  prec@K=0.0289  accepted=144  auc=0.8773  uauc=0.6959  loss=nan  (0.9s)

结果已写入 results\orchestrator\runs\ir30_constlr5e5_multiseed_bidir\advogato\aa_s42/rounds.csv
