=== advogato_gnn_s2  started 2026-05-10T18:03:47 ===

C:\conda\envs\gnn\lib\site-packages\requests\__init__.py:86: RequestsDependencyWarning: Unable to find acceptable character detection dependency (chardet or charset_normalizer).
  warnings.warn(
C:\conda\envs\gnn\lib\site-packages\outdated\__init__.py:36: UserWarning: pkg_resources is deprecated as an API. See https://setuptools.pypa.io/en/latest/pkg_resources.html. The pkg_resources package is slated for removal as early as 2025-11-30. Refrain from using this package or pin to Setuptools<81.
  from pkg_resources import parse_version
Round    1/30  coverage=0.3054  prec@K=0.0526  accepted=257  auc=0.8428  uauc=0.6035  loss=0.7583  (9.2s)
Round    2/30  coverage=0.3108  prec@K=0.0512  accepted=252  auc=0.8220  uauc=0.6183  loss=0.7590  (11.5s)
Round    3/30  coverage=0.3160  prec@K=0.0491  accepted=244  auc=0.8277  uauc=0.5837  loss=0.7597  (10.5s)
Round    4/30  coverage=0.3206  prec@K=0.0445  accepted=218  auc=0.7936  uauc=0.6359  loss=0.7607  (8.8s)
Round    5/30  coverage=0.3253  prec@K=0.0451  accepted=221  auc=0.8124  uauc=0.6074  loss=0.7608  (6.5s)
Round    6/30  coverage=0.3299  prec@K=0.0439  accepted=216  auc=0.8385  uauc=0.5891  loss=0.7607  (6.7s)
Round    7/30  coverage=0.3339  prec@K=0.0385  accepted=190  auc=0.8471  uauc=0.6036  loss=0.7624  (11.4s)
Round    8/30  coverage=0.3377  prec@K=0.0372  accepted=181  auc=0.8570  uauc=0.5919  loss=0.7615  (6.8s)
Round    9/30  coverage=0.3413  prec@K=0.0335  accepted=167  auc=0.8288  uauc=0.5951  loss=0.7626  (6.4s)
Round   10/30  coverage=0.3449  prec@K=0.0343  accepted=169  auc=0.8467  uauc=0.5744  loss=0.7620  (5.9s)
Round   11/30  coverage=0.3488  prec@K=0.0378  accepted=188  auc=0.8416  uauc=0.5964  loss=0.7621  (7.2s)
Round   12/30  coverage=0.3524  prec@K=0.0336  accepted=167  auc=0.8263  uauc=0.5936  loss=0.7628  (6.7s)
Round   13/30  coverage=0.3558  prec@K=0.0330  accepted=161  auc=0.8153  uauc=0.6309  loss=0.7626  (6.1s)
Round   14/30  coverage=0.3594  prec@K=0.0339  accepted=167  auc=0.8554  uauc=0.5923  loss=0.7623  (6.5s)
Round   15/30  coverage=0.3635  prec@K=0.0395  accepted=195  auc=0.8125  uauc=0.5907  loss=0.7623  (6.9s)
Round   16/30  coverage=0.3668  prec@K=0.0312  accepted=154  auc=0.8367  uauc=0.6227  loss=0.7632  (7.1s)
Round   17/30  coverage=0.3696  prec@K=0.0274  accepted=136  auc=0.8620  uauc=0.6154  loss=0.7636  (7.0s)
Round   18/30  coverage=0.3723  prec@K=0.0252  accepted=125  auc=0.8531  uauc=0.6034  loss=0.7642  (6.6s)
Round   19/30  coverage=0.3754  prec@K=0.0297  accepted=148  auc=0.8603  uauc=0.6766  loss=0.7626  (7.1s)
Round   20/30  coverage=0.3786  prec@K=0.0305  accepted=151  auc=0.8550  uauc=0.6341  loss=0.7629  (7.0s)
Round   21/30  coverage=0.3815  prec@K=0.0270  accepted=134  auc=0.8399  uauc=0.6335  loss=0.7639  (6.7s)
Round   22/30  coverage=0.3843  prec@K=0.0270  accepted=133  auc=0.8570  uauc=0.6294  loss=0.7635  (6.9s)
Round   23/30  coverage=0.3867  prec@K=0.0229  accepted=113  auc=0.8499  uauc=0.6315  loss=0.7643  (7.2s)
Round   24/30  coverage=0.3892  prec@K=0.0240  accepted=118  auc=0.8835  uauc=0.6487  loss=0.7630  (6.8s)
Round   25/30  coverage=0.3923  prec@K=0.0290  accepted=144  auc=0.8579  uauc=0.6266  loss=0.7637  (7.9s)
Round   26/30  coverage=0.3949  prec@K=0.0251  accepted=125  auc=0.8345  uauc=0.6328  loss=0.7642  (7.7s)
Round   27/30  coverage=0.3974  prec@K=0.0238  accepted=118  auc=0.8600  uauc=0.5557  loss=0.7644  (7.7s)
Round   28/30  coverage=0.3995  prec@K=0.0197  accepted=98  auc=0.8434  uauc=0.5192  loss=0.7641  (7.5s)
Round   29/30  coverage=0.4016  prec@K=0.0205  accepted=100  auc=0.8487  uauc=0.5768  loss=0.7651  (7.8s)
Round   30/30  coverage=0.4041  prec@K=0.0236  accepted=117  auc=0.8554  uauc=0.6514  loss=0.7637  (7.8s)

结果已写入 results\orchestrator\runs\ir30_constlr5e5_multiseed_bidir\advogato\gnn_s2/rounds.csv
