=== advogato_random_s1  started 2026-05-10T18:20:49 ===

C:\conda\envs\gnn\lib\site-packages\requests\__init__.py:86: RequestsDependencyWarning: Unable to find acceptable character detection dependency (chardet or charset_normalizer).
  warnings.warn(
C:\conda\envs\gnn\lib\site-packages\outdated\__init__.py:36: UserWarning: pkg_resources is deprecated as an API. See https://setuptools.pypa.io/en/latest/pkg_resources.html. The pkg_resources package is slated for removal as early as 2025-11-30. Refrain from using this package or pin to Setuptools<81.
  from pkg_resources import parse_version
Round    1/30  coverage=0.3022  prec@K=0.0216  accepted=106  loss=nan  (0.3s)
Round    2/30  coverage=0.3042  prec@K=0.0190  accepted=94  loss=nan  (0.1s)
Round    3/30  coverage=0.3063  prec@K=0.0203  accepted=99  loss=nan  (0.2s)
Round    4/30  coverage=0.3082  prec@K=0.0185  accepted=90  loss=nan  (0.2s)
Round    5/30  coverage=0.3099  prec@K=0.0154  accepted=76  loss=nan  (0.2s)
Round    6/30  coverage=0.3116  prec@K=0.0168  accepted=83  loss=nan  (0.2s)
Round    7/30  coverage=0.3135  prec@K=0.0179  accepted=89  loss=nan  (0.2s)
Round    8/30  coverage=0.3150  prec@K=0.0146  accepted=72  loss=nan  (0.3s)
Round    9/30  coverage=0.3174  prec@K=0.0224  accepted=110  loss=nan  (0.3s)
Round   10/30  coverage=0.3190  prec@K=0.0160  accepted=79  loss=nan  (0.4s)
Round   11/30  coverage=0.3207  prec@K=0.0160  accepted=80  loss=nan  (0.6s)
Round   12/30  coverage=0.3224  prec@K=0.0156  accepted=77  loss=nan  (0.4s)
Round   13/30  coverage=0.3238  prec@K=0.0140  accepted=69  loss=nan  (0.4s)
Round   14/30  coverage=0.3254  prec@K=0.0150  accepted=74  loss=nan  (0.4s)
Round   15/30  coverage=0.3270  prec@K=0.0155  accepted=76  loss=nan  (0.5s)
Round   16/30  coverage=0.3285  prec@K=0.0141  accepted=70  loss=nan  (0.7s)
Round   17/30  coverage=0.3300  prec@K=0.0139  accepted=69  loss=nan  (0.5s)
Round   18/30  coverage=0.3313  prec@K=0.0128  accepted=63  loss=nan  (0.6s)
Round   19/30  coverage=0.3326  prec@K=0.0128  accepted=63  loss=nan  (0.6s)
Round   20/30  coverage=0.3341  prec@K=0.0134  accepted=67  loss=nan  (0.6s)
Round   21/30  coverage=0.3355  prec@K=0.0139  accepted=68  loss=nan  (0.8s)
Round   22/30  coverage=0.3366  prec@K=0.0103  accepted=51  loss=nan  (0.7s)
Round   23/30  coverage=0.3378  prec@K=0.0117  accepted=58  loss=nan  (0.7s)
Round   24/30  coverage=0.3392  prec@K=0.0134  accepted=67  loss=nan  (0.8s)
Round   25/30  coverage=0.3406  prec@K=0.0132  accepted=66  loss=nan  (0.8s)
Round   26/30  coverage=0.3420  prec@K=0.0133  accepted=66  loss=nan  (0.8s)
Round   27/30  coverage=0.3437  prec@K=0.0157  accepted=78  loss=nan  (0.8s)
Round   28/30  coverage=0.3447  prec@K=0.0097  accepted=48  loss=nan  (0.8s)
Round   29/30  coverage=0.3459  prec@K=0.0111  accepted=55  loss=nan  (0.8s)
Round   30/30  coverage=0.3469  prec@K=0.0098  accepted=49  loss=nan  (0.9s)

结果已写入 results\orchestrator\runs\ir30_constlr5e5_multiseed_bidir\advogato\random_s1/rounds.csv
