=== advogato_gnn_h32_s2  started 2026-05-10T18:11:15 ===

C:\conda\envs\gnn\lib\site-packages\requests\__init__.py:86: RequestsDependencyWarning: Unable to find acceptable character detection dependency (chardet or charset_normalizer).
  warnings.warn(
C:\conda\envs\gnn\lib\site-packages\outdated\__init__.py:36: UserWarning: pkg_resources is deprecated as an API. See https://setuptools.pypa.io/en/latest/pkg_resources.html. The pkg_resources package is slated for removal as early as 2025-11-30. Refrain from using this package or pin to Setuptools<81.
  from pkg_resources import parse_version
Round    1/30  coverage=0.3041  prec@K=0.0395  accepted=193  auc=0.7926  uauc=0.6971  loss=0.6654  (6.7s)
Round    2/30  coverage=0.3079  prec@K=0.0365  accepted=180  auc=0.7078  uauc=0.6363  loss=0.6643  (6.9s)
Round    3/30  coverage=0.3114  prec@K=0.0332  accepted=165  auc=0.7392  uauc=0.6562  loss=0.6635  (6.4s)
Round    4/30  coverage=0.3146  prec@K=0.0308  accepted=151  auc=0.7166  uauc=0.6421  loss=0.6624  (6.9s)
Round    5/30  coverage=0.3178  prec@K=0.0310  accepted=152  auc=0.7228  uauc=0.6939  loss=0.6617  (6.6s)
Round    6/30  coverage=0.3203  prec@K=0.0238  accepted=117  auc=0.7225  uauc=0.6503  loss=0.6601  (6.6s)
Round    7/30  coverage=0.3231  prec@K=0.0261  accepted=129  auc=0.6939  uauc=0.6857  loss=0.6597  (7.8s)
Round    8/30  coverage=0.3253  prec@K=0.0222  accepted=108  auc=0.7118  uauc=0.6597  loss=0.6584  (7.0s)
Round    9/30  coverage=0.3272  prec@K=0.0177  accepted=88  auc=0.7291  uauc=0.7006  loss=0.6572  (6.7s)
Round   10/30  coverage=0.3288  prec@K=0.0154  accepted=76  auc=0.6826  uauc=0.6798  loss=0.6560  (6.3s)
Round   11/30  coverage=0.3309  prec@K=0.0195  accepted=97  auc=0.6672  uauc=0.6312  loss=0.6558  (6.8s)
Round   12/30  coverage=0.3325  prec@K=0.0151  accepted=75  auc=0.6231  uauc=0.5738  loss=0.6545  (7.2s)
Round   13/30  coverage=0.3343  prec@K=0.0179  accepted=87  auc=0.5809  uauc=0.6683  loss=0.6540  (6.5s)
Round   14/30  coverage=0.3362  prec@K=0.0177  accepted=87  auc=0.5726  uauc=0.6428  loss=0.6531  (6.7s)
Round   15/30  coverage=0.3380  prec@K=0.0178  accepted=88  auc=0.4878  uauc=0.6456  loss=0.6523  (7.5s)
Round   16/30  coverage=0.3397  prec@K=0.0158  accepted=78  auc=0.4929  uauc=0.6007  loss=0.6513  (7.6s)
Round   17/30  coverage=0.3408  prec@K=0.0105  accepted=52  auc=0.3577  uauc=0.7358  loss=0.6499  (7.2s)
Round   18/30  coverage=0.3420  prec@K=0.0117  accepted=58  auc=0.4330  uauc=0.6380  loss=0.6494  (6.3s)
Round   19/30  coverage=0.3431  prec@K=0.0106  accepted=53  auc=0.3525  uauc=0.6743  loss=0.6484  (7.1s)
Round   20/30  coverage=0.3443  prec@K=0.0113  accepted=56  auc=0.3904  uauc=0.7162  loss=0.6479  (6.9s)
Round   21/30  coverage=0.3454  prec@K=0.0099  accepted=49  auc=0.2092  uauc=0.6056  loss=0.6470  (7.0s)
Round   22/30  coverage=0.3463  prec@K=0.0091  accepted=45  auc=0.3224  uauc=0.5322  loss=0.6460  (7.2s)
Round   23/30  coverage=0.3469  prec@K=0.0051  accepted=25  auc=0.2644  uauc=0.6679  loss=0.6449  (7.4s)
Round   24/30  coverage=0.3474  prec@K=0.0055  accepted=27  auc=0.3476  uauc=0.6365  loss=0.6442  (7.0s)
Round   25/30  coverage=0.3480  prec@K=0.0052  accepted=26  auc=0.2718  uauc=0.6556  loss=0.6435  (8.0s)
Round   26/30  coverage=0.3486  prec@K=0.0056  accepted=28  auc=0.3028  uauc=0.6322  loss=0.6430  (7.6s)
Round   27/30  coverage=0.3492  prec@K=0.0058  accepted=29  auc=0.2515  uauc=0.5100  loss=0.6422  (8.2s)
Round   28/30  coverage=0.3495  prec@K=0.0032  accepted=16  auc=0.2010  uauc=0.4380  loss=0.6413  (8.4s)
Round   29/30  coverage=0.3500  prec@K=0.0045  accepted=22  auc=0.2147  uauc=0.5774  loss=0.6407  (7.9s)
Round   30/30  coverage=0.3505  prec@K=0.0044  accepted=22  auc=0.2489  uauc=0.5136  loss=0.6400  (8.4s)

结果已写入 results\orchestrator\runs\ir30_constlr5e5_multiseed_bidir\advogato\gnn_h32_s2/rounds.csv
