=== advogato_pa_s1  started 2026-05-10T18:20:10 ===

C:\conda\envs\gnn\lib\site-packages\requests\__init__.py:86: RequestsDependencyWarning: Unable to find acceptable character detection dependency (chardet or charset_normalizer).
  warnings.warn(
C:\conda\envs\gnn\lib\site-packages\outdated\__init__.py:36: UserWarning: pkg_resources is deprecated as an API. See https://setuptools.pypa.io/en/latest/pkg_resources.html. The pkg_resources package is slated for removal as early as 2025-11-30. Refrain from using this package or pin to Setuptools<81.
  from pkg_resources import parse_version
Round    1/30  coverage=0.3035  prec@K=0.0336  accepted=165  auc=0.7656  uauc=0.5486  loss=nan  (0.4s)
Round    2/30  coverage=0.3068  prec@K=0.0319  accepted=158  auc=0.7498  uauc=0.5726  loss=nan  (0.3s)
Round    3/30  coverage=0.3101  prec@K=0.0312  accepted=152  auc=0.7289  uauc=0.5630  loss=nan  (0.3s)
Round    4/30  coverage=0.3128  prec@K=0.0263  accepted=128  auc=0.7586  uauc=0.5919  loss=nan  (0.3s)
Round    5/30  coverage=0.3148  prec@K=0.0197  accepted=97  auc=0.7409  uauc=0.6161  loss=nan  (0.3s)
Round    6/30  coverage=0.3169  prec@K=0.0192  accepted=95  auc=0.7822  uauc=0.5744  loss=nan  (0.4s)
Round    7/30  coverage=0.3194  prec@K=0.0246  accepted=122  auc=0.7437  uauc=0.5792  loss=nan  (0.4s)
Round    8/30  coverage=0.3221  prec@K=0.0254  accepted=125  auc=0.8031  uauc=0.5680  loss=nan  (0.4s)
Round    9/30  coverage=0.3244  prec@K=0.0224  accepted=110  auc=0.7809  uauc=0.5722  loss=nan  (0.4s)
Round   10/30  coverage=0.3266  prec@K=0.0211  accepted=104  auc=0.7647  uauc=0.5563  loss=nan  (0.6s)
Round   11/30  coverage=0.3287  prec@K=0.0193  accepted=97  auc=0.7802  uauc=0.6378  loss=nan  (0.7s)
Round   12/30  coverage=0.3307  prec@K=0.0189  accepted=93  auc=0.7925  uauc=0.5596  loss=nan  (0.5s)
Round   13/30  coverage=0.3325  prec@K=0.0179  accepted=88  auc=0.8234  uauc=0.5776  loss=nan  (0.5s)
Round   14/30  coverage=0.3345  prec@K=0.0186  accepted=92  auc=0.7960  uauc=0.5688  loss=nan  (0.5s)
Round   15/30  coverage=0.3364  prec@K=0.0182  accepted=89  auc=0.7823  uauc=0.6283  loss=nan  (0.5s)
Round   16/30  coverage=0.3381  prec@K=0.0166  accepted=82  auc=0.8347  uauc=0.6209  loss=nan  (0.5s)
Round   17/30  coverage=0.3397  prec@K=0.0147  accepted=73  auc=0.8076  uauc=0.6016  loss=nan  (0.6s)
Round   18/30  coverage=0.3412  prec@K=0.0150  accepted=74  auc=0.8600  uauc=0.5539  loss=nan  (0.6s)
Round   19/30  coverage=0.3430  prec@K=0.0165  accepted=81  auc=0.7741  uauc=0.6055  loss=nan  (0.6s)
Round   20/30  coverage=0.3446  prec@K=0.0153  accepted=76  auc=0.8227  uauc=0.5783  loss=nan  (0.7s)
Round   21/30  coverage=0.3462  prec@K=0.0155  accepted=76  auc=0.8242  uauc=0.6298  loss=nan  (0.9s)
Round   22/30  coverage=0.3477  prec@K=0.0150  accepted=74  auc=0.8333  uauc=0.7015  loss=nan  (0.7s)
Round   23/30  coverage=0.3490  prec@K=0.0119  accepted=59  auc=0.8611  uauc=0.5796  loss=nan  (0.7s)
Round   24/30  coverage=0.3505  prec@K=0.0137  accepted=69  auc=0.8087  uauc=0.5986  loss=nan  (0.8s)
Round   25/30  coverage=0.3515  prec@K=0.0096  accepted=48  auc=0.8679  uauc=0.6148  loss=nan  (0.8s)
Round   26/30  coverage=0.3527  prec@K=0.0117  accepted=58  auc=0.8752  uauc=0.6830  loss=nan  (0.8s)
Round   27/30  coverage=0.3543  prec@K=0.0148  accepted=73  auc=0.8439  uauc=0.6368  loss=nan  (0.8s)
Round   28/30  coverage=0.3558  prec@K=0.0150  accepted=74  auc=0.8260  uauc=0.6260  loss=nan  (0.8s)
Round   29/30  coverage=0.3571  prec@K=0.0117  accepted=58  auc=0.8618  uauc=0.5911  loss=nan  (0.8s)
Round   30/30  coverage=0.3581  prec@K=0.0102  accepted=51  auc=0.8513  uauc=0.6115  loss=nan  (0.8s)

结果已写入 results\orchestrator\runs\ir30_constlr5e5_multiseed_bidir\advogato\pa_s1/rounds.csv
