=== bitcoin_alpha_seal_s3  started 2026-05-10T17:55:53 ===

C:\conda\envs\gnn\lib\site-packages\requests\__init__.py:86: RequestsDependencyWarning: Unable to find acceptable character detection dependency (chardet or charset_normalizer).
  warnings.warn(
C:\conda\envs\gnn\lib\site-packages\outdated\__init__.py:36: UserWarning: pkg_resources is deprecated as an API. See https://setuptools.pypa.io/en/latest/pkg_resources.html. The pkg_resources package is slated for removal as early as 2025-11-30. Refrain from using this package or pin to Setuptools<81.
  from pkg_resources import parse_version
Round    1/30  coverage=0.3020  prec@K=0.0138  accepted=49  auc=0.7920  uauc=0.5818  loss=0.6112  (4.8s)
Round    2/30  coverage=0.3040  prec@K=0.0138  accepted=48  auc=0.7928  uauc=0.6166  loss=0.6112  (3.7s)
Round    3/30  coverage=0.3062  prec@K=0.0151  accepted=54  auc=0.8415  uauc=0.7004  loss=0.6110  (3.6s)
Round    4/30  coverage=0.3084  prec@K=0.0149  accepted=52  auc=0.8254  uauc=0.4570  loss=0.6108  (3.4s)
Round    5/30  coverage=0.3091  prec@K=0.0051  accepted=18  auc=0.8024  uauc=0.6225  loss=0.6080  (3.2s)
Round    6/30  coverage=0.3108  prec@K=0.0119  accepted=42  auc=0.8626  uauc=0.6449  loss=0.6096  (3.3s)
Round    7/30  coverage=0.3130  prec@K=0.0148  accepted=52  auc=0.8389  uauc=0.6126  loss=0.6100  (3.4s)
Round    8/30  coverage=0.3153  prec@K=0.0154  accepted=55  auc=0.8574  uauc=0.6896  loss=0.6101  (3.9s)
Round    9/30  coverage=0.3172  prec@K=0.0131  accepted=46  auc=0.9230  uauc=0.7487  loss=0.6092  (3.9s)
Round   10/30  coverage=0.3188  prec@K=0.0113  accepted=40  auc=0.8543  uauc=0.6941  loss=0.6086  (4.1s)
Round   11/30  coverage=0.3208  prec@K=0.0135  accepted=48  auc=0.8859  uauc=0.6914  loss=0.6088  (4.1s)
Round   12/30  coverage=0.3232  prec@K=0.0163  accepted=57  auc=0.8899  uauc=0.7392  loss=0.6092  (4.4s)
Round   13/30  coverage=0.3245  prec@K=0.0095  accepted=33  auc=0.8748  uauc=0.5963  loss=0.6073  (4.1s)
Round   14/30  coverage=0.3272  prec@K=0.0182  accepted=64  auc=0.8784  uauc=0.6923  loss=0.6091  (4.5s)
Round   15/30  coverage=0.3291  prec@K=0.0132  accepted=47  auc=0.8840  uauc=0.6599  loss=0.6078  (4.2s)
Round   16/30  coverage=0.3317  prec@K=0.0175  accepted=62  auc=0.8663  uauc=0.7833  loss=0.6088  (4.0s)
Round   17/30  coverage=0.3352  prec@K=0.0241  accepted=84  auc=0.9190  uauc=0.6727  loss=0.6104  (4.1s)
Round   18/30  coverage=0.3366  prec@K=0.0103  accepted=36  auc=0.8982  uauc=0.7295  loss=0.6063  (4.1s)
Round   19/30  coverage=0.3383  prec@K=0.0112  accepted=40  auc=0.8926  uauc=0.6817  loss=0.6067  (4.0s)
Round   20/30  coverage=0.3406  prec@K=0.0155  accepted=55  auc=0.9145  uauc=0.7305  loss=0.6077  (4.2s)
Round   21/30  coverage=0.3431  prec@K=0.0174  accepted=62  auc=0.8805  uauc=0.6717  loss=0.6075  (4.3s)
Round   22/30  coverage=0.3453  prec@K=0.0145  accepted=52  auc=0.9394  uauc=0.7591  loss=0.6067  (4.2s)
Round   23/30  coverage=0.3472  prec@K=0.0129  accepted=46  auc=0.8358  uauc=0.7056  loss=0.6057  (3.8s)
Round   24/30  coverage=0.3496  prec@K=0.0165  accepted=59  auc=0.9084  uauc=0.7142  loss=0.6067  (4.3s)
Round   25/30  coverage=0.3514  prec@K=0.0123  accepted=43  auc=0.7860  uauc=0.7020  loss=0.6053  (3.8s)
Round   26/30  coverage=0.3533  prec@K=0.0132  accepted=47  auc=0.8956  uauc=0.7426  loss=0.6052  (4.0s)
Round   27/30  coverage=0.3563  prec@K=0.0202  accepted=71  auc=0.9231  uauc=0.7715  loss=0.6075  (4.7s)
Round   28/30  coverage=0.3580  prec@K=0.0115  accepted=41  auc=0.8730  uauc=0.7545  loss=0.6045  (6.2s)
Round   29/30  coverage=0.3602  prec@K=0.0154  accepted=54  auc=0.9150  uauc=0.6662  loss=0.6056  (7.5s)
Round   30/30  coverage=0.3622  prec@K=0.0135  accepted=47  auc=0.8642  uauc=0.6751  loss=0.6046  (6.9s)

结果已写入 results\orchestrator\runs\ir30_constlr5e5_multiseed_bidir\bitcoin_alpha\seal_s3/rounds.csv
