=== bitcoin_alpha_gat_emb_s3  started 2026-05-10T17:44:07 ===

C:\conda\envs\gnn\lib\site-packages\requests\__init__.py:86: RequestsDependencyWarning: Unable to find acceptable character detection dependency (chardet or charset_normalizer).
  warnings.warn(
C:\conda\envs\gnn\lib\site-packages\outdated\__init__.py:36: UserWarning: pkg_resources is deprecated as an API. See https://setuptools.pypa.io/en/latest/pkg_resources.html. The pkg_resources package is slated for removal as early as 2025-11-30. Refrain from using this package or pin to Setuptools<81.
  from pkg_resources import parse_version
Round    1/30  coverage=0.3015  prec@K=0.0102  accepted=36  auc=0.5985  uauc=0.5395  loss=0.7513  (5.0s)
Round    2/30  coverage=0.3030  prec@K=0.0109  accepted=38  auc=0.6113  uauc=0.4948  loss=0.7509  (3.8s)
Round    3/30  coverage=0.3049  prec@K=0.0128  accepted=46  auc=0.5756  uauc=0.5756  loss=0.7506  (4.2s)
Round    4/30  coverage=0.3066  prec@K=0.0117  accepted=41  auc=0.6156  uauc=0.6702  loss=0.7506  (3.6s)
Round    5/30  coverage=0.3074  prec@K=0.0051  accepted=18  auc=0.6649  uauc=0.5596  loss=0.7515  (3.6s)
Round    6/30  coverage=0.3090  prec@K=0.0113  accepted=40  auc=0.7386  uauc=0.6546  loss=0.7501  (3.7s)
Round    7/30  coverage=0.3109  prec@K=0.0128  accepted=45  auc=0.6224  uauc=0.5835  loss=0.7498  (6.4s)
Round    8/30  coverage=0.3122  prec@K=0.0090  accepted=32  auc=0.6201  uauc=0.5178  loss=0.7502  (4.7s)
Round    9/30  coverage=0.3136  prec@K=0.0097  accepted=34  auc=0.6949  uauc=0.5345  loss=0.7501  (3.7s)
Round   10/30  coverage=0.3147  prec@K=0.0076  accepted=27  auc=0.5917  uauc=0.5186  loss=0.7501  (3.9s)
Round   11/30  coverage=0.3157  prec@K=0.0068  accepted=24  auc=0.6214  uauc=0.5354  loss=0.7500  (4.0s)
Round   12/30  coverage=0.3170  prec@K=0.0086  accepted=30  auc=0.6157  uauc=0.5199  loss=0.7497  (4.1s)
Round   13/30  coverage=0.3181  prec@K=0.0081  accepted=28  auc=0.6806  uauc=0.4737  loss=0.7496  (4.0s)
Round   14/30  coverage=0.3192  prec@K=0.0077  accepted=27  auc=0.6273  uauc=0.5534  loss=0.7495  (4.2s)
Round   15/30  coverage=0.3206  prec@K=0.0096  accepted=34  auc=0.6282  uauc=0.6174  loss=0.7490  (4.4s)
Round   16/30  coverage=0.3221  prec@K=0.0101  accepted=36  auc=0.6104  uauc=0.4690  loss=0.7486  (4.5s)
Round   17/30  coverage=0.3232  prec@K=0.0072  accepted=25  auc=0.5619  uauc=0.5667  loss=0.7491  (7.4s)
Round   18/30  coverage=0.3240  prec@K=0.0057  accepted=20  auc=0.6820  uauc=0.7133  loss=0.7491  (6.8s)
Round   19/30  coverage=0.3247  prec@K=0.0045  accepted=16  auc=0.7099  uauc=0.5486  loss=0.7491  (6.4s)
Round   20/30  coverage=0.3256  prec@K=0.0065  accepted=23  auc=0.6839  uauc=0.5351  loss=0.7484  (6.7s)
Round   21/30  coverage=0.3268  prec@K=0.0081  accepted=29  auc=0.5748  uauc=0.4241  loss=0.7482  (7.0s)
Round   22/30  coverage=0.3274  prec@K=0.0039  accepted=14  auc=0.6465  uauc=0.5293  loss=0.7486  (4.9s)
Round   23/30  coverage=0.3280  prec@K=0.0045  accepted=16  auc=0.5417  uauc=0.5227  loss=0.7483  (4.4s)
Round   24/30  coverage=0.3288  prec@K=0.0053  accepted=19  auc=0.5570  uauc=0.6489  loss=0.7483  (5.3s)
Round   25/30  coverage=0.3298  prec@K=0.0065  accepted=23  auc=0.5828  uauc=0.4825  loss=0.7475  (4.1s)
Round   26/30  coverage=0.3305  prec@K=0.0048  accepted=17  auc=0.6477  uauc=0.5262  loss=0.7477  (4.4s)
Round   27/30  coverage=0.3316  prec@K=0.0079  accepted=28  auc=0.6102  uauc=0.4806  loss=0.7470  (4.8s)
Round   28/30  coverage=0.3324  prec@K=0.0053  accepted=19  auc=0.6754  uauc=0.3571  loss=0.7473  (4.3s)
Round   29/30  coverage=0.3336  prec@K=0.0082  accepted=29  auc=0.6706  uauc=0.6411  loss=0.7467  (4.5s)
Round   30/30  coverage=0.3342  prec@K=0.0040  accepted=14  auc=0.5898  uauc=0.5098  loss=0.7471  (4.6s)

结果已写入 results\orchestrator\runs\ir30_constlr5e5_multiseed_bidir\bitcoin_alpha\gat_emb_s3/rounds.csv
