=== bitcoin_otc_jaccard_s2  started 2026-05-10T18:47:29 ===

C:\conda\envs\gnn\lib\site-packages\requests\__init__.py:86: RequestsDependencyWarning: Unable to find acceptable character detection dependency (chardet or charset_normalizer).
  warnings.warn(
C:\conda\envs\gnn\lib\site-packages\outdated\__init__.py:36: UserWarning: pkg_resources is deprecated as an API. See https://setuptools.pypa.io/en/latest/pkg_resources.html. The pkg_resources package is slated for removal as early as 2025-11-30. Refrain from using this package or pin to Setuptools<81.
  from pkg_resources import parse_version
Round    1/30  coverage=0.3013  prec@K=0.0083  accepted=46  auc=0.4666  uauc=0.5508  loss=nan  (0.3s)
Round    2/30  coverage=0.3023  prec@K=0.0063  accepted=35  auc=0.4766  uauc=0.6626  loss=nan  (0.3s)
Round    3/30  coverage=0.3040  prec@K=0.0110  accepted=61  auc=0.4766  uauc=0.6063  loss=nan  (0.3s)
Round    4/30  coverage=0.3057  prec@K=0.0109  accepted=61  auc=0.4830  uauc=0.5409  loss=nan  (0.3s)
Round    5/30  coverage=0.3071  prec@K=0.0093  accepted=52  auc=0.4960  uauc=0.5911  loss=nan  (0.4s)
Round    6/30  coverage=0.3091  prec@K=0.0126  accepted=69  auc=0.4902  uauc=0.5068  loss=nan  (0.5s)
Round    7/30  coverage=0.3099  prec@K=0.0054  accepted=30  auc=0.4233  uauc=0.5409  loss=nan  (0.6s)
Round    8/30  coverage=0.3111  prec@K=0.0074  accepted=41  auc=0.5053  uauc=0.4889  loss=nan  (0.5s)
Round    9/30  coverage=0.3127  prec@K=0.0103  accepted=57  auc=0.4876  uauc=0.6384  loss=nan  (0.5s)
Round   10/30  coverage=0.3136  prec@K=0.0061  accepted=34  auc=0.4267  uauc=0.5710  loss=nan  (0.6s)
Round   11/30  coverage=0.3148  prec@K=0.0074  accepted=41  auc=0.4549  uauc=0.6617  loss=nan  (0.8s)
Round   12/30  coverage=0.3160  prec@K=0.0080  accepted=44  auc=0.4777  uauc=0.5432  loss=nan  (0.6s)
Round   13/30  coverage=0.3168  prec@K=0.0051  accepted=28  auc=0.4259  uauc=0.5546  loss=nan  (0.6s)
Round   14/30  coverage=0.3178  prec@K=0.0065  accepted=36  auc=0.4234  uauc=0.6402  loss=nan  (0.7s)
Round   15/30  coverage=0.3191  prec@K=0.0079  accepted=44  auc=0.4521  uauc=0.6294  loss=nan  (0.8s)
Round   16/30  coverage=0.3200  prec@K=0.0062  accepted=35  auc=0.4523  uauc=0.6009  loss=nan  (0.8s)
Round   17/30  coverage=0.3212  prec@K=0.0075  accepted=41  auc=0.4664  uauc=0.4777  loss=nan  (0.8s)
Round   18/30  coverage=0.3221  prec@K=0.0058  accepted=32  auc=0.4435  uauc=0.5336  loss=nan  (0.9s)
Round   19/30  coverage=0.3230  prec@K=0.0059  accepted=32  auc=0.4279  uauc=0.6305  loss=nan  (0.9s)
Round   20/30  coverage=0.3240  prec@K=0.0068  accepted=37  auc=0.4459  uauc=0.5398  loss=nan  (0.8s)
Round   21/30  coverage=0.3245  prec@K=0.0029  accepted=16  auc=0.5156  uauc=0.5109  loss=nan  (1.2s)
Round   22/30  coverage=0.3253  prec@K=0.0051  accepted=28  auc=0.4415  uauc=0.6099  loss=nan  (1.0s)
Round   23/30  coverage=0.3259  prec@K=0.0040  accepted=22  auc=0.4532  uauc=0.5669  loss=nan  (0.9s)
Round   24/30  coverage=0.3269  prec@K=0.0065  accepted=36  auc=0.4732  uauc=0.5956  loss=nan  (1.0s)
Round   25/30  coverage=0.3278  prec@K=0.0058  accepted=32  auc=0.4282  uauc=0.5055  loss=nan  (1.1s)
Round   26/30  coverage=0.3284  prec@K=0.0041  accepted=23  auc=0.4140  uauc=0.6997  loss=nan  (1.1s)
Round   27/30  coverage=0.3292  prec@K=0.0049  accepted=27  auc=0.4928  uauc=0.4856  loss=nan  (1.2s)
Round   28/30  coverage=0.3306  prec@K=0.0092  accepted=51  auc=0.4415  uauc=0.6123  loss=nan  (1.3s)
Round   29/30  coverage=0.3313  prec@K=0.0042  accepted=23  auc=0.4308  uauc=0.6220  loss=nan  (1.2s)
Round   30/30  coverage=0.3320  prec@K=0.0049  accepted=27  auc=0.4605  uauc=0.4846  loss=nan  (1.3s)

结果已写入 results\orchestrator\runs\ir30_constlr5e5_multiseed_bidir\bitcoin_otc\jaccard_s2/rounds.csv
