=== bitcoin_otc_gnn_h32_s42  started 2026-05-10T18:39:45 ===

C:\conda\envs\gnn\lib\site-packages\requests\__init__.py:86: RequestsDependencyWarning: Unable to find acceptable character detection dependency (chardet or charset_normalizer).
  warnings.warn(
C:\conda\envs\gnn\lib\site-packages\outdated\__init__.py:36: UserWarning: pkg_resources is deprecated as an API. See https://setuptools.pypa.io/en/latest/pkg_resources.html. The pkg_resources package is slated for removal as early as 2025-11-30. Refrain from using this package or pin to Setuptools<81.
  from pkg_resources import parse_version
Round    1/30  coverage=0.3011  prec@K=0.0070  accepted=38  auc=0.2210  uauc=0.6607  loss=0.7748  (5.7s)
Round    2/30  coverage=0.3028  prec@K=0.0115  accepted=64  auc=0.1781  uauc=0.6278  loss=0.7727  (5.3s)
Round    3/30  coverage=0.3042  prec@K=0.0088  accepted=49  auc=0.1066  uauc=0.7129  loss=0.7724  (4.7s)
Round    4/30  coverage=0.3057  prec@K=0.0093  accepted=52  auc=0.1660  uauc=0.6630  loss=0.7715  (5.1s)
Round    5/30  coverage=0.3072  prec@K=0.0100  accepted=55  auc=0.1346  uauc=0.6455  loss=0.7710  (5.4s)
Round    6/30  coverage=0.3086  prec@K=0.0087  accepted=48  auc=0.1065  uauc=0.6555  loss=0.7702  (5.5s)
Round    7/30  coverage=0.3100  prec@K=0.0092  accepted=50  auc=0.1329  uauc=0.6788  loss=0.7695  (5.6s)
Round    8/30  coverage=0.3109  prec@K=0.0063  accepted=34  auc=0.1329  uauc=0.4787  loss=0.7695  (5.2s)
Round    9/30  coverage=0.3120  prec@K=0.0071  accepted=39  auc=0.1057  uauc=0.7133  loss=0.7690  (4.8s)
Round   10/30  coverage=0.3131  prec@K=0.0067  accepted=37  auc=0.1083  uauc=0.6983  loss=0.7680  (5.5s)
Round   11/30  coverage=0.3141  prec@K=0.0068  accepted=37  auc=0.1424  uauc=0.7870  loss=0.7673  (5.5s)
Round   12/30  coverage=0.3154  prec@K=0.0081  accepted=44  auc=0.1368  uauc=0.7761  loss=0.7656  (5.8s)
Round   13/30  coverage=0.3163  prec@K=0.0062  accepted=34  auc=0.1261  uauc=0.6013  loss=0.7660  (5.8s)
Round   14/30  coverage=0.3172  prec@K=0.0059  accepted=32  auc=0.1374  uauc=0.5701  loss=0.7650  (5.6s)
Round   15/30  coverage=0.3179  prec@K=0.0045  accepted=25  auc=0.1172  uauc=0.7558  loss=0.7645  (5.7s)
Round   16/30  coverage=0.3186  prec@K=0.0046  accepted=25  auc=0.1226  uauc=0.5608  loss=0.7639  (5.6s)
Round   17/30  coverage=0.3195  prec@K=0.0056  accepted=30  auc=0.1358  uauc=0.7929  loss=0.7630  (5.7s)
Round   18/30  coverage=0.3205  prec@K=0.0068  accepted=37  auc=0.1328  uauc=0.6670  loss=0.7617  (6.1s)
Round   19/30  coverage=0.3210  prec@K=0.0031  accepted=17  auc=0.0898  uauc=0.6984  loss=0.7617  (6.1s)
Round   20/30  coverage=0.3217  prec@K=0.0050  accepted=27  auc=0.1624  uauc=0.6325  loss=0.7601  (6.6s)
Round   21/30  coverage=0.3226  prec@K=0.0058  accepted=32  auc=0.1739  uauc=0.7158  loss=0.7592  (6.4s)
Round   22/30  coverage=0.3234  prec@K=0.0051  accepted=28  auc=0.0971  uauc=0.7876  loss=0.7586  (7.3s)
Round   23/30  coverage=0.3246  prec@K=0.0076  accepted=41  auc=0.1075  uauc=0.7214  loss=0.7570  (6.5s)
Round   24/30  coverage=0.3254  prec@K=0.0053  accepted=29  auc=0.1111  uauc=0.7849  loss=0.7570  (6.7s)
Round   25/30  coverage=0.3265  prec@K=0.0071  accepted=39  auc=0.1272  uauc=0.6152  loss=0.7566  (5.9s)
Round   26/30  coverage=0.3273  prec@K=0.0056  accepted=31  auc=0.1072  uauc=0.7517  loss=0.7553  (8.2s)
Round   27/30  coverage=0.3281  prec@K=0.0049  accepted=27  auc=0.1167  uauc=0.7902  loss=0.7542  (9.2s)
Round   28/30  coverage=0.3289  prec@K=0.0051  accepted=28  auc=0.1522  uauc=0.7542  loss=0.7536  (7.0s)
Round   29/30  coverage=0.3297  prec@K=0.0054  accepted=30  auc=0.1462  uauc=0.6790  loss=0.7526  (6.6s)
Round   30/30  coverage=0.3303  prec@K=0.0036  accepted=20  auc=0.1954  uauc=0.6977  loss=0.7522  (6.9s)

结果已写入 results\orchestrator\runs\ir30_constlr5e5_multiseed_bidir\bitcoin_otc\gnn_h32_s42/rounds.csv
