=== bitcoin_otc_pa_s1  started 2026-05-10T18:49:01 ===

C:\conda\envs\gnn\lib\site-packages\requests\__init__.py:86: RequestsDependencyWarning: Unable to find acceptable character detection dependency (chardet or charset_normalizer).
  warnings.warn(
C:\conda\envs\gnn\lib\site-packages\outdated\__init__.py:36: UserWarning: pkg_resources is deprecated as an API. See https://setuptools.pypa.io/en/latest/pkg_resources.html. The pkg_resources package is slated for removal as early as 2025-11-30. Refrain from using this package or pin to Setuptools<81.
  from pkg_resources import parse_version
Round    1/30  coverage=0.3039  prec@K=0.0260  accepted=141  auc=0.8509  uauc=0.6890  loss=nan  (0.4s)
Round    2/30  coverage=0.3077  prec@K=0.0248  accepted=135  auc=0.8378  uauc=0.6654  loss=nan  (0.3s)
Round    3/30  coverage=0.3106  prec@K=0.0186  accepted=102  auc=0.8767  uauc=0.6553  loss=nan  (0.3s)
Round    4/30  coverage=0.3133  prec@K=0.0176  accepted=97  auc=0.8687  uauc=0.6427  loss=nan  (0.3s)
Round    5/30  coverage=0.3166  prec@K=0.0212  accepted=116  auc=0.8813  uauc=0.6408  loss=nan  (0.4s)
Round    6/30  coverage=0.3193  prec@K=0.0172  accepted=95  auc=0.8667  uauc=0.5711  loss=nan  (0.4s)
Round    7/30  coverage=0.3221  prec@K=0.0183  accepted=101  auc=0.8605  uauc=0.6234  loss=nan  (0.6s)
Round    8/30  coverage=0.3239  prec@K=0.0117  accepted=65  auc=0.8474  uauc=0.5730  loss=nan  (0.5s)
Round    9/30  coverage=0.3266  prec@K=0.0172  accepted=95  auc=0.8572  uauc=0.6170  loss=nan  (0.5s)
Round   10/30  coverage=0.3293  prec@K=0.0174  accepted=96  auc=0.8327  uauc=0.6375  loss=nan  (0.6s)
Round   11/30  coverage=0.3314  prec@K=0.0138  accepted=76  auc=0.8385  uauc=0.5823  loss=nan  (0.8s)
Round   12/30  coverage=0.3338  prec@K=0.0150  accepted=83  auc=0.8631  uauc=0.5929  loss=nan  (0.7s)
Round   13/30  coverage=0.3356  prec@K=0.0121  accepted=66  auc=0.8572  uauc=0.5835  loss=nan  (0.6s)
Round   14/30  coverage=0.3377  prec@K=0.0134  accepted=75  auc=0.8484  uauc=0.6018  loss=nan  (0.8s)
Round   15/30  coverage=0.3397  prec@K=0.0125  accepted=69  auc=0.8940  uauc=0.5472  loss=nan  (0.8s)
Round   16/30  coverage=0.3418  prec@K=0.0139  accepted=77  auc=0.8987  uauc=0.5828  loss=nan  (0.8s)
Round   17/30  coverage=0.3441  prec@K=0.0149  accepted=82  auc=0.8204  uauc=0.5819  loss=nan  (0.8s)
Round   18/30  coverage=0.3458  prec@K=0.0110  accepted=61  auc=0.9234  uauc=0.6189  loss=nan  (0.9s)
Round   19/30  coverage=0.3476  prec@K=0.0116  accepted=64  auc=0.8734  uauc=0.6733  loss=nan  (0.9s)
Round   20/30  coverage=0.3493  prec@K=0.0112  accepted=61  auc=0.8382  uauc=0.6057  loss=nan  (0.9s)
Round   21/30  coverage=0.3506  prec@K=0.0083  accepted=46  auc=0.9008  uauc=0.6221  loss=nan  (1.2s)
Round   22/30  coverage=0.3521  prec@K=0.0094  accepted=52  auc=0.8964  uauc=0.6427  loss=nan  (1.1s)
Round   23/30  coverage=0.3533  prec@K=0.0075  accepted=41  auc=0.8599  uauc=0.6845  loss=nan  (1.0s)
Round   24/30  coverage=0.3551  prec@K=0.0120  accepted=67  auc=0.8740  uauc=0.6506  loss=nan  (1.1s)
Round   25/30  coverage=0.3567  prec@K=0.0103  accepted=57  auc=0.8965  uauc=0.5832  loss=nan  (1.2s)
Round   26/30  coverage=0.3586  prec@K=0.0118  accepted=66  auc=0.8769  uauc=0.6539  loss=nan  (1.3s)
Round   27/30  coverage=0.3601  prec@K=0.0099  accepted=54  auc=0.9000  uauc=0.6910  loss=nan  (1.1s)
Round   28/30  coverage=0.3624  prec@K=0.0147  accepted=81  auc=0.8884  uauc=0.6415  loss=nan  (1.4s)
Round   29/30  coverage=0.3638  prec@K=0.0091  accepted=50  auc=0.8780  uauc=0.5829  loss=nan  (1.2s)
Round   30/30  coverage=0.3654  prec@K=0.0102  accepted=57  auc=0.9022  uauc=0.6143  loss=nan  (1.5s)

结果已写入 results\orchestrator\runs\ir30_constlr5e5_multiseed_bidir\bitcoin_otc\pa_s1/rounds.csv
