=== bitcoin_alpha_gnn_h32_s2  started 2026-05-10T17:49:59 ===

C:\conda\envs\gnn\lib\site-packages\requests\__init__.py:86: RequestsDependencyWarning: Unable to find acceptable character detection dependency (chardet or charset_normalizer).
  warnings.warn(
C:\conda\envs\gnn\lib\site-packages\outdated\__init__.py:36: UserWarning: pkg_resources is deprecated as an API. See https://setuptools.pypa.io/en/latest/pkg_resources.html. The pkg_resources package is slated for removal as early as 2025-11-30. Refrain from using this package or pin to Setuptools<81.
  from pkg_resources import parse_version
Round    1/30  coverage=0.3018  prec@K=0.0128  accepted=45  auc=0.7061  uauc=0.5946  loss=0.6628  (4.9s)
Round    2/30  coverage=0.3045  prec@K=0.0187  accepted=65  auc=0.7124  uauc=0.6626  loss=0.6626  (3.8s)
Round    3/30  coverage=0.3058  prec@K=0.0085  accepted=30  auc=0.6965  uauc=0.6360  loss=0.6607  (3.4s)
Round    4/30  coverage=0.3072  prec@K=0.0102  accepted=36  auc=0.7789  uauc=0.6334  loss=0.6599  (3.9s)
Round    5/30  coverage=0.3086  prec@K=0.0096  accepted=34  auc=0.6420  uauc=0.5616  loss=0.6592  (3.9s)
Round    6/30  coverage=0.3096  prec@K=0.0068  accepted=24  auc=0.7234  uauc=0.6623  loss=0.6579  (3.9s)
Round    7/30  coverage=0.3108  prec@K=0.0078  accepted=27  auc=0.5798  uauc=0.5590  loss=0.6572  (3.3s)
Round    8/30  coverage=0.3119  prec@K=0.0079  accepted=28  auc=0.5391  uauc=0.6179  loss=0.6564  (3.5s)
Round    9/30  coverage=0.3129  prec@K=0.0070  accepted=25  auc=0.5492  uauc=0.6483  loss=0.6556  (3.6s)
Round   10/30  coverage=0.3140  prec@K=0.0072  accepted=26  auc=0.6026  uauc=0.5773  loss=0.6548  (3.5s)
Round   11/30  coverage=0.3150  prec@K=0.0067  accepted=24  auc=0.5207  uauc=0.5917  loss=0.6539  (3.6s)
Round   12/30  coverage=0.3162  prec@K=0.0080  accepted=29  auc=0.4545  uauc=0.6117  loss=0.6533  (3.6s)
Round   13/30  coverage=0.3168  prec@K=0.0042  accepted=15  auc=0.4793  uauc=0.5438  loss=0.6519  (4.0s)
Round   14/30  coverage=0.3174  prec@K=0.0036  accepted=13  auc=0.4137  uauc=0.5641  loss=0.6511  (3.5s)
Round   15/30  coverage=0.3178  prec@K=0.0031  accepted=11  auc=0.4146  uauc=0.5152  loss=0.6504  (3.3s)
Round   16/30  coverage=0.3184  prec@K=0.0037  accepted=13  auc=0.3591  uauc=0.5436  loss=0.6496  (3.6s)
Round   17/30  coverage=0.3191  prec@K=0.0048  accepted=17  auc=0.5073  uauc=0.7088  loss=0.6490  (3.8s)
Round   18/30  coverage=0.3199  prec@K=0.0059  accepted=21  auc=0.3227  uauc=0.5635  loss=0.6485  (3.5s)
Round   19/30  coverage=0.3207  prec@K=0.0051  accepted=18  auc=0.2167  uauc=0.5710  loss=0.6475  (3.7s)
Round   20/30  coverage=0.3212  prec@K=0.0034  accepted=12  auc=0.3001  uauc=0.5000  loss=0.6467  (3.5s)
Round   21/30  coverage=0.3217  prec@K=0.0036  accepted=13  auc=0.2647  uauc=0.4213  loss=0.6459  (4.2s)
Round   22/30  coverage=0.3222  prec@K=0.0033  accepted=12  auc=0.1532  uauc=0.4778  loss=0.6452  (3.9s)
Round   23/30  coverage=0.3226  prec@K=0.0028  accepted=10  auc=0.2159  uauc=0.4667  loss=0.6444  (3.8s)
Round   24/30  coverage=0.3230  prec@K=0.0022  accepted=8  auc=0.2313  uauc=0.4742  loss=0.6438  (3.7s)
Round   25/30  coverage=0.3234  prec@K=0.0028  accepted=10  auc=0.0610  uauc=0.4167  loss=0.6431  (4.0s)
Round   26/30  coverage=0.3236  prec@K=0.0017  accepted=6  auc=0.1922  uauc=0.5222  loss=0.6425  (3.5s)
Round   27/30  coverage=0.3240  prec@K=0.0025  accepted=9  auc=0.2095  uauc=0.5082  loss=0.6419  (3.8s)
Round   28/30  coverage=0.3243  prec@K=0.0023  accepted=8  auc=0.1473  uauc=0.5833  loss=0.6410  (4.0s)
Round   29/30  coverage=0.3250  prec@K=0.0047  accepted=17  auc=0.2331  uauc=0.4718  loss=0.6408  (4.4s)
Round   30/30  coverage=0.3254  prec@K=0.0023  accepted=8  auc=0.2063  uauc=0.4549  loss=0.6400  (3.8s)

结果已写入 results\orchestrator\runs\ir30_constlr5e5_multiseed_bidir\bitcoin_alpha\gnn_h32_s2/rounds.csv
