=== bitcoin_alpha_seal_s42  started 2026-05-10T17:55:54 ===

C:\conda\envs\gnn\lib\site-packages\requests\__init__.py:86: RequestsDependencyWarning: Unable to find acceptable character detection dependency (chardet or charset_normalizer).
  warnings.warn(
C:\conda\envs\gnn\lib\site-packages\outdated\__init__.py:36: UserWarning: pkg_resources is deprecated as an API. See https://setuptools.pypa.io/en/latest/pkg_resources.html. The pkg_resources package is slated for removal as early as 2025-11-30. Refrain from using this package or pin to Setuptools<81.
  from pkg_resources import parse_version
Round    1/30  coverage=0.3039  prec@K=0.0269  accepted=95  auc=0.8780  uauc=0.6847  loss=0.6498  (4.5s)
Round    2/30  coverage=0.3074  prec@K=0.0237  accepted=84  auc=0.8100  uauc=0.6847  loss=0.6494  (3.8s)
Round    3/30  coverage=0.3125  prec@K=0.0350  accepted=124  auc=0.8867  uauc=0.6919  loss=0.6503  (3.8s)
Round    4/30  coverage=0.3170  prec@K=0.0302  accepted=108  auc=0.9240  uauc=0.7315  loss=0.6491  (3.5s)
Round    5/30  coverage=0.3216  prec@K=0.0320  accepted=113  auc=0.8795  uauc=0.6772  loss=0.6497  (3.4s)
Round    6/30  coverage=0.3248  prec@K=0.0220  accepted=77  auc=0.8848  uauc=0.6229  loss=0.6477  (3.3s)
Round    7/30  coverage=0.3288  prec@K=0.0274  accepted=97  auc=0.8688  uauc=0.6179  loss=0.6491  (3.9s)
Round    8/30  coverage=0.3325  prec@K=0.0247  accepted=88  auc=0.8748  uauc=0.7819  loss=0.6476  (4.4s)
Round    9/30  coverage=0.3352  prec@K=0.0184  accepted=66  auc=0.8984  uauc=0.6838  loss=0.6473  (3.8s)
Round   10/30  coverage=0.3390  prec@K=0.0263  accepted=93  auc=0.9032  uauc=0.7268  loss=0.6466  (4.6s)
Round   11/30  coverage=0.3416  prec@K=0.0178  accepted=63  auc=0.9104  uauc=0.6396  loss=0.6461  (4.1s)
Round   12/30  coverage=0.3450  prec@K=0.0227  accepted=80  auc=0.9163  uauc=0.6625  loss=0.6469  (4.6s)
Round   13/30  coverage=0.3483  prec@K=0.0231  accepted=82  auc=0.8373  uauc=0.6532  loss=0.6458  (4.5s)
Round   14/30  coverage=0.3524  prec@K=0.0274  accepted=98  auc=0.9295  uauc=0.6868  loss=0.6473  (4.4s)
Round   15/30  coverage=0.3561  prec@K=0.0248  accepted=89  auc=0.8807  uauc=0.6612  loss=0.6464  (4.4s)
Round   16/30  coverage=0.3582  prec@K=0.0146  accepted=51  auc=0.8387  uauc=0.6394  loss=0.6438  (3.8s)
Round   17/30  coverage=0.3616  prec@K=0.0234  accepted=83  auc=0.8628  uauc=0.6964  loss=0.6455  (4.3s)
Round   18/30  coverage=0.3648  prec@K=0.0212  accepted=76  auc=0.9041  uauc=0.6793  loss=0.6452  (4.4s)
Round   19/30  coverage=0.3663  prec@K=0.0106  accepted=37  auc=0.8342  uauc=0.6876  loss=0.6424  (4.0s)
Round   20/30  coverage=0.3691  prec@K=0.0189  accepted=68  auc=0.8942  uauc=0.6536  loss=0.6435  (4.0s)
Round   21/30  coverage=0.3713  prec@K=0.0153  accepted=54  auc=0.9014  uauc=0.7576  loss=0.6424  (4.2s)
Round   22/30  coverage=0.3726  prec@K=0.0088  accepted=31  auc=0.8888  uauc=0.7235  loss=0.6411  (4.1s)
Round   23/30  coverage=0.3751  prec@K=0.0169  accepted=61  auc=0.8606  uauc=0.6414  loss=0.6418  (4.1s)
Round   24/30  coverage=0.3782  prec@K=0.0203  accepted=73  auc=0.8826  uauc=0.7282  loss=0.6422  (4.5s)
Round   25/30  coverage=0.3797  prec@K=0.0106  accepted=38  auc=0.8267  uauc=0.6066  loss=0.6399  (3.8s)
Round   26/30  coverage=0.3821  prec@K=0.0158  accepted=57  auc=0.8797  uauc=0.6919  loss=0.6403  (4.2s)
Round   27/30  coverage=0.3840  prec@K=0.0129  accepted=46  auc=0.8598  uauc=0.7356  loss=0.6392  (6.0s)
Round   28/30  coverage=0.3865  prec@K=0.0169  accepted=60  auc=0.8699  uauc=0.6128  loss=0.6395  (7.5s)
Round   29/30  coverage=0.3884  prec@K=0.0133  accepted=47  auc=0.8909  uauc=0.6382  loss=0.6389  (7.4s)
Round   30/30  coverage=0.3905  prec@K=0.0141  accepted=50  auc=0.9200  uauc=0.7375  loss=0.6388  (7.0s)

结果已写入 results\orchestrator\runs\ir30_constlr5e5_multiseed_bidir\bitcoin_alpha\seal_s42/rounds.csv
