=== bitcoin_alpha_gat_emb_s2  started 2026-05-10T17:43:14 ===

C:\conda\envs\gnn\lib\site-packages\requests\__init__.py:86: RequestsDependencyWarning: Unable to find acceptable character detection dependency (chardet or charset_normalizer).
  warnings.warn(
C:\conda\envs\gnn\lib\site-packages\outdated\__init__.py:36: UserWarning: pkg_resources is deprecated as an API. See https://setuptools.pypa.io/en/latest/pkg_resources.html. The pkg_resources package is slated for removal as early as 2025-11-30. Refrain from using this package or pin to Setuptools<81.
  from pkg_resources import parse_version
Round    1/30  coverage=0.3020  prec@K=0.0136  accepted=48  auc=0.6329  uauc=0.6149  loss=0.6676  (5.4s)
Round    2/30  coverage=0.3041  prec@K=0.0146  accepted=51  auc=0.5972  uauc=0.5186  loss=0.6675  (4.2s)
Round    3/30  coverage=0.3056  prec@K=0.0108  accepted=38  auc=0.5805  uauc=0.5418  loss=0.6672  (4.0s)
Round    4/30  coverage=0.3072  prec@K=0.0107  accepted=38  auc=0.5874  uauc=0.4791  loss=0.6669  (4.4s)
Round    5/30  coverage=0.3091  prec@K=0.0130  accepted=46  auc=0.6002  uauc=0.5179  loss=0.6671  (4.5s)
Round    6/30  coverage=0.3103  prec@K=0.0079  accepted=28  auc=0.6290  uauc=0.6360  loss=0.6665  (4.4s)
Round    7/30  coverage=0.3116  prec@K=0.0092  accepted=32  auc=0.6077  uauc=0.5239  loss=0.6664  (4.1s)
Round    8/30  coverage=0.3134  prec@K=0.0122  accepted=43  auc=0.6153  uauc=0.5346  loss=0.6666  (4.6s)
Round    9/30  coverage=0.3146  prec@K=0.0085  accepted=30  auc=0.5246  uauc=0.4339  loss=0.6662  (4.3s)
Round   10/30  coverage=0.3158  prec@K=0.0080  accepted=29  auc=0.5708  uauc=0.4553  loss=0.6661  (4.4s)
Round   11/30  coverage=0.3167  prec@K=0.0059  accepted=21  auc=0.6042  uauc=0.5427  loss=0.6658  (4.3s)
Round   12/30  coverage=0.3183  prec@K=0.0111  accepted=40  auc=0.6117  uauc=0.5089  loss=0.6661  (4.2s)
Round   13/30  coverage=0.3192  prec@K=0.0062  accepted=22  auc=0.5700  uauc=0.6168  loss=0.6656  (4.5s)
Round   14/30  coverage=0.3203  prec@K=0.0073  accepted=26  auc=0.6062  uauc=0.4910  loss=0.6656  (4.2s)
Round   15/30  coverage=0.3210  prec@K=0.0046  accepted=16  auc=0.5166  uauc=0.4637  loss=0.6653  (3.9s)
Round   16/30  coverage=0.3219  prec@K=0.0063  accepted=22  auc=0.6436  uauc=0.7778  loss=0.6653  (4.1s)
Round   17/30  coverage=0.3232  prec@K=0.0087  accepted=31  auc=0.5340  uauc=0.4500  loss=0.6654  (4.3s)
Round   18/30  coverage=0.3239  prec@K=0.0051  accepted=18  auc=0.6969  uauc=0.4244  loss=0.6649  (4.6s)
Round   19/30  coverage=0.3250  prec@K=0.0077  accepted=27  auc=0.6676  uauc=0.4746  loss=0.6650  (6.5s)
Round   20/30  coverage=0.3257  prec@K=0.0048  accepted=17  auc=0.4861  uauc=0.4468  loss=0.6647  (4.0s)
Round   21/30  coverage=0.3266  prec@K=0.0056  accepted=20  auc=0.6109  uauc=0.5345  loss=0.6647  (4.6s)
Round   22/30  coverage=0.3277  prec@K=0.0078  accepted=28  auc=0.6156  uauc=0.5598  loss=0.6647  (4.2s)
Round   23/30  coverage=0.3284  prec@K=0.0048  accepted=17  auc=0.6092  uauc=0.5078  loss=0.6643  (4.3s)
Round   24/30  coverage=0.3289  prec@K=0.0031  accepted=11  auc=0.7056  uauc=0.5563  loss=0.6640  (4.2s)
Round   25/30  coverage=0.3299  prec@K=0.0069  accepted=25  auc=0.6410  uauc=0.4625  loss=0.6643  (4.4s)
Round   26/30  coverage=0.3305  prec@K=0.0043  accepted=15  auc=0.6273  uauc=0.4629  loss=0.6640  (4.3s)
Round   27/30  coverage=0.3311  prec@K=0.0042  accepted=15  auc=0.5164  uauc=0.4484  loss=0.6638  (4.4s)
Round   28/30  coverage=0.3317  prec@K=0.0037  accepted=13  auc=0.6932  uauc=0.5463  loss=0.6636  (7.5s)
Round   29/30  coverage=0.3326  prec@K=0.0061  accepted=22  auc=0.5214  uauc=0.5285  loss=0.6638  (7.9s)
Round   30/30  coverage=0.3332  prec@K=0.0040  accepted=14  auc=0.6252  uauc=0.7058  loss=0.6635  (6.6s)

结果已写入 results\orchestrator\runs\ir30_constlr5e5_multiseed_bidir\bitcoin_alpha\gat_emb_s2/rounds.csv
