=== bitcoin_otc_gnn_h32_s1  started 2026-05-10T18:38:52 ===

C:\conda\envs\gnn\lib\site-packages\requests\__init__.py:86: RequestsDependencyWarning: Unable to find acceptable character detection dependency (chardet or charset_normalizer).
  warnings.warn(
C:\conda\envs\gnn\lib\site-packages\outdated\__init__.py:36: UserWarning: pkg_resources is deprecated as an API. See https://setuptools.pypa.io/en/latest/pkg_resources.html. The pkg_resources package is slated for removal as early as 2025-11-30. Refrain from using this package or pin to Setuptools<81.
  from pkg_resources import parse_version
Round    1/30  coverage=0.3033  prec@K=0.0217  accepted=118  auc=0.6021  uauc=0.6239  loss=0.6865  (9.4s)
Round    2/30  coverage=0.3067  prec@K=0.0224  accepted=122  auc=0.5987  uauc=0.6183  loss=0.6856  (5.0s)
Round    3/30  coverage=0.3097  prec@K=0.0193  accepted=106  auc=0.6357  uauc=0.6804  loss=0.6849  (5.0s)
Round    4/30  coverage=0.3120  prec@K=0.0149  accepted=82  auc=0.5985  uauc=0.6741  loss=0.6839  (7.6s)
Round    5/30  coverage=0.3148  prec@K=0.0179  accepted=98  auc=0.5498  uauc=0.6061  loss=0.6832  (8.1s)
Round    6/30  coverage=0.3176  prec@K=0.0181  accepted=100  auc=0.6068  uauc=0.6372  loss=0.6823  (5.1s)
Round    7/30  coverage=0.3202  prec@K=0.0172  accepted=95  auc=0.4485  uauc=0.7318  loss=0.6813  (5.6s)
Round    8/30  coverage=0.3226  prec@K=0.0151  accepted=84  auc=0.4461  uauc=0.6323  loss=0.6805  (5.8s)
Round    9/30  coverage=0.3253  prec@K=0.0174  accepted=96  auc=0.3676  uauc=0.5995  loss=0.6797  (5.5s)
Round   10/30  coverage=0.3281  prec@K=0.0182  accepted=100  auc=0.3650  uauc=0.6316  loss=0.6789  (6.2s)
Round   11/30  coverage=0.3305  prec@K=0.0156  accepted=86  auc=0.3447  uauc=0.6662  loss=0.6779  (5.9s)
Round   12/30  coverage=0.3331  prec@K=0.0166  accepted=92  auc=0.2756  uauc=0.6249  loss=0.6772  (6.2s)
Round   13/30  coverage=0.3363  prec@K=0.0205  accepted=112  auc=0.2537  uauc=0.6689  loss=0.6764  (6.2s)
Round   14/30  coverage=0.3385  prec@K=0.0143  accepted=80  auc=0.2444  uauc=0.6907  loss=0.6755  (6.0s)
Round   15/30  coverage=0.3407  prec@K=0.0141  accepted=78  auc=0.1172  uauc=0.6397  loss=0.6747  (6.3s)
Round   16/30  coverage=0.3431  prec@K=0.0157  accepted=87  auc=0.1378  uauc=0.6537  loss=0.6738  (6.4s)
Round   17/30  coverage=0.3456  prec@K=0.0160  accepted=88  auc=0.1591  uauc=0.5835  loss=0.6728  (6.3s)
Round   18/30  coverage=0.3477  prec@K=0.0134  accepted=74  auc=0.0974  uauc=0.6746  loss=0.6719  (6.5s)
Round   19/30  coverage=0.3494  prec@K=0.0111  accepted=61  auc=0.1797  uauc=0.6979  loss=0.6710  (6.6s)
Round   20/30  coverage=0.3509  prec@K=0.0098  accepted=53  auc=0.1407  uauc=0.6689  loss=0.6702  (6.2s)
Round   21/30  coverage=0.3525  prec@K=0.0102  accepted=57  auc=0.1122  uauc=0.6434  loss=0.6696  (6.6s)
Round   22/30  coverage=0.3534  prec@K=0.0056  accepted=31  auc=0.1761  uauc=0.5973  loss=0.6680  (6.0s)
Round   23/30  coverage=0.3545  prec@K=0.0077  accepted=42  auc=0.1830  uauc=0.6069  loss=0.6672  (6.5s)
Round   24/30  coverage=0.3560  prec@K=0.0095  accepted=53  auc=0.1753  uauc=0.6730  loss=0.6666  (7.5s)
Round   25/30  coverage=0.3568  prec@K=0.0047  accepted=26  auc=0.1563  uauc=0.5706  loss=0.6656  (6.8s)
Round   26/30  coverage=0.3581  prec@K=0.0084  accepted=47  auc=0.1696  uauc=0.6362  loss=0.6649  (7.2s)
Round   27/30  coverage=0.3592  prec@K=0.0075  accepted=41  auc=0.1282  uauc=0.5936  loss=0.6642  (7.9s)
Round   28/30  coverage=0.3606  prec@K=0.0087  accepted=48  auc=0.1491  uauc=0.6211  loss=0.6630  (7.7s)
Round   29/30  coverage=0.3613  prec@K=0.0044  accepted=24  auc=0.1422  uauc=0.6002  loss=0.6625  (7.2s)
Round   30/30  coverage=0.3617  prec@K=0.0027  accepted=15  auc=0.1302  uauc=0.7524  loss=0.6613  (7.5s)

结果已写入 results\orchestrator\runs\ir30_constlr5e5_multiseed_bidir\bitcoin_otc\gnn_h32_s1/rounds.csv
