=== bitcoin_alpha_seal_s1  started 2026-05-10T17:55:50 ===

C:\conda\envs\gnn\lib\site-packages\requests\__init__.py:86: RequestsDependencyWarning: Unable to find acceptable character detection dependency (chardet or charset_normalizer).
  warnings.warn(
C:\conda\envs\gnn\lib\site-packages\outdated\__init__.py:36: UserWarning: pkg_resources is deprecated as an API. See https://setuptools.pypa.io/en/latest/pkg_resources.html. The pkg_resources package is slated for removal as early as 2025-11-30. Refrain from using this package or pin to Setuptools<81.
  from pkg_resources import parse_version
Round    1/30  coverage=0.3022  prec@K=0.0152  accepted=54  auc=0.6362  uauc=0.6123  loss=0.7640  (4.6s)
Round    2/30  coverage=0.3045  prec@K=0.0155  accepted=55  auc=0.7421  uauc=0.6374  loss=0.7634  (3.9s)
Round    3/30  coverage=0.3065  prec@K=0.0135  accepted=48  auc=0.6626  uauc=0.6556  loss=0.7637  (3.6s)
Round    4/30  coverage=0.3087  prec@K=0.0154  accepted=54  auc=0.7389  uauc=0.6656  loss=0.7631  (3.3s)
Round    5/30  coverage=0.3106  prec@K=0.0127  accepted=45  auc=0.5299  uauc=0.5812  loss=0.7632  (3.9s)
Round    6/30  coverage=0.3126  prec@K=0.0140  accepted=49  auc=0.6241  uauc=0.6034  loss=0.7624  (3.7s)
Round    7/30  coverage=0.3138  prec@K=0.0085  accepted=30  auc=0.5636  uauc=0.5753  loss=0.7632  (3.7s)
Round    8/30  coverage=0.3151  prec@K=0.0090  accepted=32  auc=0.6858  uauc=0.6922  loss=0.7628  (3.4s)
Round    9/30  coverage=0.3163  prec@K=0.0079  accepted=28  auc=0.6762  uauc=0.6869  loss=0.7626  (4.2s)
Round   10/30  coverage=0.3172  prec@K=0.0062  accepted=22  auc=0.6084  uauc=0.6042  loss=0.7625  (4.1s)
Round   11/30  coverage=0.3180  prec@K=0.0051  accepted=18  auc=0.5864  uauc=0.7252  loss=0.7624  (4.3s)
Round   12/30  coverage=0.3188  prec@K=0.0060  accepted=21  auc=0.5557  uauc=0.4532  loss=0.7617  (4.2s)
Round   13/30  coverage=0.3199  prec@K=0.0073  accepted=25  auc=0.6416  uauc=0.6174  loss=0.7614  (3.8s)
Round   14/30  coverage=0.3211  prec@K=0.0087  accepted=31  auc=0.4406  uauc=0.4681  loss=0.7606  (4.3s)
Round   15/30  coverage=0.3221  prec@K=0.0065  accepted=23  auc=0.5652  uauc=0.6117  loss=0.7603  (4.1s)
Round   16/30  coverage=0.3228  prec@K=0.0048  accepted=17  auc=0.5299  uauc=0.6373  loss=0.7601  (4.1s)
Round   17/30  coverage=0.3234  prec@K=0.0041  accepted=15  auc=0.5479  uauc=0.5852  loss=0.7599  (4.2s)
Round   18/30  coverage=0.3243  prec@K=0.0062  accepted=22  auc=0.4797  uauc=0.5929  loss=0.7595  (3.8s)
Round   19/30  coverage=0.3251  prec@K=0.0054  accepted=19  auc=0.5675  uauc=0.5043  loss=0.7598  (3.8s)
Round   20/30  coverage=0.3256  prec@K=0.0034  accepted=12  auc=0.5538  uauc=0.5354  loss=0.7589  (3.9s)
Round   21/30  coverage=0.3262  prec@K=0.0040  accepted=14  auc=0.2562  uauc=0.5310  loss=0.7583  (3.9s)
Round   22/30  coverage=0.3270  prec@K=0.0057  accepted=20  auc=0.4384  uauc=0.6447  loss=0.7578  (4.1s)
Round   23/30  coverage=0.3273  prec@K=0.0023  accepted=8  auc=0.4265  uauc=0.5260  loss=0.7583  (3.8s)
Round   24/30  coverage=0.3280  prec@K=0.0048  accepted=17  auc=0.5259  uauc=0.5462  loss=0.7573  (4.3s)
Round   25/30  coverage=0.3285  prec@K=0.0033  accepted=12  auc=0.3637  uauc=0.5111  loss=0.7574  (4.0s)
Round   26/30  coverage=0.3292  prec@K=0.0045  accepted=16  auc=0.4107  uauc=0.5829  loss=0.7565  (5.0s)
Round   27/30  coverage=0.3297  prec@K=0.0037  accepted=13  auc=0.4148  uauc=0.5094  loss=0.7572  (3.8s)
Round   28/30  coverage=0.3302  prec@K=0.0034  accepted=12  auc=0.3754  uauc=0.4111  loss=0.7569  (4.6s)
Round   29/30  coverage=0.3309  prec@K=0.0047  accepted=17  auc=0.4871  uauc=0.6102  loss=0.7554  (7.3s)
Round   30/30  coverage=0.3314  prec@K=0.0031  accepted=11  auc=0.3225  uauc=0.2727  loss=0.7556  (7.0s)

结果已写入 results\orchestrator\runs\ir30_constlr5e5_multiseed_bidir\bitcoin_alpha\seal_s1/rounds.csv
