=== bitcoin_alpha_graphsage_emb_s42  started 2026-05-10T17:54:31 ===

C:\conda\envs\gnn\lib\site-packages\requests\__init__.py:86: RequestsDependencyWarning: Unable to find acceptable character detection dependency (chardet or charset_normalizer).
  warnings.warn(
C:\conda\envs\gnn\lib\site-packages\outdated\__init__.py:36: UserWarning: pkg_resources is deprecated as an API. See https://setuptools.pypa.io/en/latest/pkg_resources.html. The pkg_resources package is slated for removal as early as 2025-11-30. Refrain from using this package or pin to Setuptools<81.
  from pkg_resources import parse_version
Round    1/30  coverage=0.3016  prec@K=0.0113  accepted=40  auc=0.6491  uauc=0.5100  loss=0.7378  (4.8s)
Round    2/30  coverage=0.3037  prec@K=0.0144  accepted=51  auc=0.5686  uauc=0.5890  loss=0.7371  (3.9s)
Round    3/30  coverage=0.3057  prec@K=0.0133  accepted=47  auc=0.6092  uauc=0.5800  loss=0.7369  (4.2s)
Round    4/30  coverage=0.3074  prec@K=0.0115  accepted=41  auc=0.6832  uauc=0.4569  loss=0.7366  (4.1s)
Round    5/30  coverage=0.3091  prec@K=0.0119  accepted=42  auc=0.6194  uauc=0.6396  loss=0.7365  (3.9s)
Round    6/30  coverage=0.3098  prec@K=0.0051  accepted=18  auc=0.6766  uauc=0.6398  loss=0.7371  (3.8s)
Round    7/30  coverage=0.3109  prec@K=0.0074  accepted=26  auc=0.6387  uauc=0.4860  loss=0.7367  (4.2s)
Round    8/30  coverage=0.3125  prec@K=0.0107  accepted=38  auc=0.6211  uauc=0.5020  loss=0.7357  (4.3s)
Round    9/30  coverage=0.3138  prec@K=0.0086  accepted=31  auc=0.7127  uauc=0.5315  loss=0.7356  (3.9s)
Round   10/30  coverage=0.3155  prec@K=0.0116  accepted=41  auc=0.6582  uauc=0.5775  loss=0.7349  (5.4s)
Round   11/30  coverage=0.3164  prec@K=0.0062  accepted=22  auc=0.6950  uauc=0.5544  loss=0.7355  (4.2s)
Round   12/30  coverage=0.3176  prec@K=0.0082  accepted=29  auc=0.6203  uauc=0.5986  loss=0.7351  (4.5s)
Round   13/30  coverage=0.3191  prec@K=0.0101  accepted=36  auc=0.6483  uauc=0.5776  loss=0.7342  (4.4s)
Round   14/30  coverage=0.3200  prec@K=0.0064  accepted=23  auc=0.7108  uauc=0.5698  loss=0.7349  (4.5s)
Round   15/30  coverage=0.3211  prec@K=0.0075  accepted=27  auc=0.5952  uauc=0.5299  loss=0.7344  (4.6s)
Round   16/30  coverage=0.3219  prec@K=0.0051  accepted=18  auc=0.6803  uauc=0.5764  loss=0.7342  (4.0s)
Round   17/30  coverage=0.3230  prec@K=0.0079  accepted=28  auc=0.6284  uauc=0.4313  loss=0.7336  (4.6s)
Round   18/30  coverage=0.3239  prec@K=0.0056  accepted=20  auc=0.6740  uauc=0.5656  loss=0.7337  (4.8s)
Round   19/30  coverage=0.3244  prec@K=0.0040  accepted=14  auc=0.6544  uauc=0.3793  loss=0.7335  (4.3s)
Round   20/30  coverage=0.3255  prec@K=0.0069  accepted=25  auc=0.5673  uauc=0.5380  loss=0.7331  (4.3s)
Round   21/30  coverage=0.3266  prec@K=0.0076  accepted=27  auc=0.6324  uauc=0.4803  loss=0.7324  (4.4s)
Round   22/30  coverage=0.3274  prec@K=0.0057  accepted=20  auc=0.6742  uauc=0.4343  loss=0.7326  (3.8s)
Round   23/30  coverage=0.3283  prec@K=0.0058  accepted=21  auc=0.5474  uauc=0.4855  loss=0.7321  (3.9s)
Round   24/30  coverage=0.3292  prec@K=0.0064  accepted=23  auc=0.5772  uauc=0.4931  loss=0.7320  (4.0s)
Round   25/30  coverage=0.3298  prec@K=0.0037  accepted=13  auc=0.6155  uauc=0.6603  loss=0.7323  (3.5s)
Round   26/30  coverage=0.3303  prec@K=0.0033  accepted=12  auc=0.7256  uauc=0.5683  loss=0.7317  (4.1s)
Round   27/30  coverage=0.3310  prec@K=0.0048  accepted=17  auc=0.6466  uauc=0.4928  loss=0.7311  (4.6s)
Round   28/30  coverage=0.3317  prec@K=0.0051  accepted=18  auc=0.5131  uauc=0.4499  loss=0.7308  (4.8s)
Round   29/30  coverage=0.3323  prec@K=0.0042  accepted=15  auc=0.6993  uauc=0.4988  loss=0.7307  (5.0s)
Round   30/30  coverage=0.3330  prec@K=0.0042  accepted=15  auc=0.6024  uauc=0.3852  loss=0.7308  (4.8s)

结果已写入 results\orchestrator\runs\ir30_constlr5e5_multiseed_bidir\bitcoin_alpha\graphsage_emb_s42/rounds.csv
