=== bitcoin_otc_random_s2  started 2026-05-10T18:49:37 ===

C:\conda\envs\gnn\lib\site-packages\requests\__init__.py:86: RequestsDependencyWarning: Unable to find acceptable character detection dependency (chardet or charset_normalizer).
  warnings.warn(
C:\conda\envs\gnn\lib\site-packages\outdated\__init__.py:36: UserWarning: pkg_resources is deprecated as an API. See https://setuptools.pypa.io/en/latest/pkg_resources.html. The pkg_resources package is slated for removal as early as 2025-11-30. Refrain from using this package or pin to Setuptools<81.
  from pkg_resources import parse_version
Round    1/30  coverage=0.3011  prec@K=0.0068  accepted=38  loss=nan  (0.2s)
Round    2/30  coverage=0.3020  prec@K=0.0063  accepted=35  loss=nan  (0.1s)
Round    3/30  coverage=0.3032  prec@K=0.0075  accepted=42  loss=nan  (0.2s)
Round    4/30  coverage=0.3044  prec@K=0.0075  accepted=42  loss=nan  (0.2s)
Round    5/30  coverage=0.3055  prec@K=0.0068  accepted=38  loss=nan  (0.3s)
Round    6/30  coverage=0.3064  prec@K=0.0062  accepted=34  loss=nan  (0.3s)
Round    7/30  coverage=0.3074  prec@K=0.0063  accepted=35  loss=nan  (0.4s)
Round    8/30  coverage=0.3087  prec@K=0.0082  accepted=45  loss=nan  (0.5s)
Round    9/30  coverage=0.3098  prec@K=0.0071  accepted=39  loss=nan  (0.5s)
Round   10/30  coverage=0.3109  prec@K=0.0076  accepted=42  loss=nan  (0.5s)
Round   11/30  coverage=0.3118  prec@K=0.0058  accepted=32  loss=nan  (0.8s)
Round   12/30  coverage=0.3128  prec@K=0.0064  accepted=35  loss=nan  (0.6s)
Round   13/30  coverage=0.3137  prec@K=0.0058  accepted=32  loss=nan  (0.6s)
Round   14/30  coverage=0.3146  prec@K=0.0056  accepted=31  loss=nan  (0.7s)
Round   15/30  coverage=0.3159  prec@K=0.0081  accepted=45  loss=nan  (0.8s)
Round   16/30  coverage=0.3166  prec@K=0.0046  accepted=26  loss=nan  (0.9s)
Round   17/30  coverage=0.3177  prec@K=0.0071  accepted=39  loss=nan  (0.8s)
Round   18/30  coverage=0.3184  prec@K=0.0049  accepted=27  loss=nan  (1.0s)
Round   19/30  coverage=0.3193  prec@K=0.0057  accepted=31  loss=nan  (1.0s)
Round   20/30  coverage=0.3203  prec@K=0.0066  accepted=36  loss=nan  (0.9s)
Round   21/30  coverage=0.3211  prec@K=0.0049  accepted=27  loss=nan  (1.3s)
Round   22/30  coverage=0.3220  prec@K=0.0058  accepted=32  loss=nan  (1.0s)
Round   23/30  coverage=0.3232  prec@K=0.0080  accepted=44  loss=nan  (1.1s)
Round   24/30  coverage=0.3243  prec@K=0.0072  accepted=40  loss=nan  (1.2s)
Round   25/30  coverage=0.3255  prec@K=0.0074  accepted=41  loss=nan  (1.3s)
Round   26/30  coverage=0.3264  prec@K=0.0058  accepted=32  loss=nan  (1.3s)
Round   27/30  coverage=0.3272  prec@K=0.0052  accepted=29  loss=nan  (1.4s)
Round   28/30  coverage=0.3282  prec@K=0.0061  accepted=34  loss=nan  (1.3s)
Round   29/30  coverage=0.3290  prec@K=0.0051  accepted=28  loss=nan  (1.4s)
Round   30/30  coverage=0.3298  prec@K=0.0057  accepted=32  loss=nan  (1.6s)

结果已写入 results\orchestrator\runs\ir30_constlr5e5_multiseed_bidir\bitcoin_otc\random_s2/rounds.csv
