=== bitcoin_otc_gnn_sum_h8_s42  started 2026-05-10T18:45:16 ===

C:\conda\envs\gnn\lib\site-packages\requests\__init__.py:86: RequestsDependencyWarning: Unable to find acceptable character detection dependency (chardet or charset_normalizer).
  warnings.warn(
C:\conda\envs\gnn\lib\site-packages\outdated\__init__.py:36: UserWarning: pkg_resources is deprecated as an API. See https://setuptools.pypa.io/en/latest/pkg_resources.html. The pkg_resources package is slated for removal as early as 2025-11-30. Refrain from using this package or pin to Setuptools<81.
  from pkg_resources import parse_version
Round    1/30  coverage=0.3014  prec@K=0.0093  accepted=51  auc=0.6528  uauc=0.5705  loss=0.6402  (10.5s)
Round    2/30  coverage=0.3032  prec@K=0.0113  accepted=63  auc=0.7321  uauc=0.5882  loss=0.6406  (9.2s)
Round    3/30  coverage=0.3056  prec@K=0.0153  accepted=85  auc=0.7539  uauc=0.6427  loss=0.6411  (7.8s)
Round    4/30  coverage=0.3084  prec@K=0.0177  accepted=99  auc=0.7514  uauc=0.6212  loss=0.6408  (7.5s)
Round    5/30  coverage=0.3105  prec@K=0.0138  accepted=76  auc=0.6281  uauc=0.6167  loss=0.6404  (7.4s)
Round    6/30  coverage=0.3125  prec@K=0.0130  accepted=72  auc=0.7285  uauc=0.5980  loss=0.6399  (6.6s)
Round    7/30  coverage=0.3148  prec@K=0.0149  accepted=81  auc=0.7434  uauc=0.6313  loss=0.6400  (7.0s)
Round    8/30  coverage=0.3166  prec@K=0.0118  accepted=64  auc=0.7550  uauc=0.6104  loss=0.6383  (6.0s)
Round    9/30  coverage=0.3178  prec@K=0.0078  accepted=43  auc=0.6978  uauc=0.5867  loss=0.6375  (6.5s)
Round   10/30  coverage=0.3196  prec@K=0.0114  accepted=63  auc=0.7408  uauc=0.6289  loss=0.6394  (6.6s)
Round   11/30  coverage=0.3214  prec@K=0.0119  accepted=65  auc=0.7084  uauc=0.5221  loss=0.6378  (6.7s)
Round   12/30  coverage=0.3232  prec@K=0.0121  accepted=66  auc=0.7504  uauc=0.6476  loss=0.6374  (7.1s)
Round   13/30  coverage=0.3250  prec@K=0.0112  accepted=62  auc=0.7830  uauc=0.6959  loss=0.6373  (6.8s)
Round   14/30  coverage=0.3268  prec@K=0.0121  accepted=66  auc=0.7164  uauc=0.6876  loss=0.6381  (6.8s)
Round   15/30  coverage=0.3284  prec@K=0.0104  accepted=57  auc=0.8202  uauc=0.6559  loss=0.6365  (7.0s)
Round   16/30  coverage=0.3301  prec@K=0.0106  accepted=58  auc=0.8325  uauc=0.6186  loss=0.6368  (6.8s)
Round   17/30  coverage=0.3318  prec@K=0.0111  accepted=60  auc=0.7496  uauc=0.6336  loss=0.6368  (6.6s)RRound   18/30  coverage=0.3331  prec@K=0.0088  accepted=48  auc=0.6893  uauc=0.5972  loss=0.6353  (7.3s)RRound   19/30  coverage=0.3343  prec@K=0.0081  accepted=44  auc=0.8453  uauc=0.6820  loss=0.6351  (7.3s)RRound   20/30  coverage=0.3362  prec@K=0.0121  accepted=66  auc=0.7557  uauc=0.5991  loss=0.6365  (8.1s)RRound   21/30  coverage=0.3381  prec@K=0.0121  accepted=67  auc=0.7437  uauc=0.5797  loss=0.6362  (8.1s)RRound   22/30  coverage=0.3393  prec@K=0.0078  accepted=43  auc=0.8389  uauc=0.5903  loss=0.6349  (7.8s)RRound   23/30  coverage=0.3406  prec@K=0.0089  accepted=48  auc=0.8077  uauc=0.6791  loss=0.6355  (7.5s)RRound   24/30  coverage=0.3423  prec@K=0.0107  accepted=59  auc=0.7793  uauc=0.6170  loss=0.6361  (8.1s)
Round   25/30  coverage=0.3435  prec@K=0.0078  accepted=43  auc=0.7136  uauc=0.6648  loss=0.6348  (7.6s)RRound   26/30  coverage=0.3447  prec@K=0.0077  accepted=43  auc=0.7714  uauc=0.5971  loss=0.6339  (8.2s)RRound   27/30  coverage=0.3468  prec@K=0.0132  accepted=73  auc=0.8448  uauc=0.6432  loss=0.6346  (9.3s)
Round   28/30  coverage=0.3480  prec@K=0.0078  accepted=43  auc=0.7612  uauc=0.5589  loss=0.6331  (8.2s)
Round   29/30  coverage=0.3493  prec@K=0.0083  accepted=46  auc=0.8047  uauc=0.6178  loss=0.6327  (8.0s)
Round   30/30  coverage=0.3506  prec@K=0.0083  accepted=46  auc=0.7582  uauc=0.6315  loss=0.6329  (8.3s)

结果已写入 results\orchestrator\runs\ir30_constlr5e5_multiseed_bidir\bitcoin_otc\gnn_sum_h8_s42/rounds.csv
