=== bitcoin_otc_aa_s0  started 2026-05-10T18:25:11 ===

C:\conda\envs\gnn\lib\site-packages\requests\__init__.py:86: RequestsDependencyWarning: Unable to find acceptable character detection dependency (chardet or charset_normalizer).
  warnings.warn(
C:\conda\envs\gnn\lib\site-packages\outdated\__init__.py:36: UserWarning: pkg_resources is deprecated as an API. See https://setuptools.pypa.io/en/latest/pkg_resources.html. The pkg_resources package is slated for removal as early as 2025-11-30. Refrain from using this package or pin to Setuptools<81.
  from pkg_resources import parse_version
Round    1/30  coverage=0.3035  prec@K=0.0225  accepted=125  auc=0.8997  uauc=0.6780  loss=nan  (0.5s)
Round    2/30  coverage=0.3069  prec@K=0.0222  accepted=121  auc=0.9078  uauc=0.6385  loss=nan  (0.4s)
Round    3/30  coverage=0.3098  prec@K=0.0190  accepted=104  auc=0.9222  uauc=0.6288  loss=nan  (0.6s)
Round    4/30  coverage=0.3130  prec@K=0.0211  accepted=115  auc=0.9170  uauc=0.6537  loss=nan  (0.5s)
Round    5/30  coverage=0.3158  prec@K=0.0177  accepted=98  auc=0.9149  uauc=0.6305  loss=nan  (0.6s)
Round    6/30  coverage=0.3190  prec@K=0.0209  accepted=114  auc=0.8795  uauc=0.6275  loss=nan  (0.8s)
Round    7/30  coverage=0.3216  prec@K=0.0168  accepted=92  auc=0.8727  uauc=0.5572  loss=nan  (0.9s)
Round    8/30  coverage=0.3236  prec@K=0.0127  accepted=70  auc=0.8755  uauc=0.6063  loss=nan  (0.9s)
Round    9/30  coverage=0.3264  prec@K=0.0184  accepted=101  auc=0.8775  uauc=0.5378  loss=nan  (0.9s)
Round   10/30  coverage=0.3293  prec@K=0.0188  accepted=104  auc=0.8817  uauc=0.6613  loss=nan  (0.9s)
Round   11/30  coverage=0.3317  prec@K=0.0152  accepted=84  auc=0.8707  uauc=0.5792  loss=nan  (1.2s)
Round   12/30  coverage=0.3346  prec@K=0.0188  accepted=104  auc=0.9274  uauc=0.5521  loss=nan  (1.1s)
Round   13/30  coverage=0.3369  prec@K=0.0149  accepted=83  auc=0.9194  uauc=0.6210  loss=nan  (1.1s)
Round   14/30  coverage=0.3397  prec@K=0.0175  accepted=97  auc=0.9111  uauc=0.5819  loss=nan  (1.1s)
Round   15/30  coverage=0.3415  prec@K=0.0115  accepted=64  auc=0.9141  uauc=0.6515  loss=nan  (1.1s)
Round   16/30  coverage=0.3433  prec@K=0.0116  accepted=64  auc=0.8599  uauc=0.5334  loss=nan  (1.1s)
Round   17/30  coverage=0.3455  prec@K=0.0143  accepted=80  auc=0.9064  uauc=0.5971  loss=nan  (1.3s)
Round   18/30  coverage=0.3474  prec@K=0.0119  accepted=66  auc=0.9274  uauc=0.6510  loss=nan  (1.3s)
Round   19/30  coverage=0.3494  prec@K=0.0129  accepted=72  auc=0.9135  uauc=0.6223  loss=nan  (1.5s)
Round   20/30  coverage=0.3516  prec@K=0.0143  accepted=79  auc=0.9028  uauc=0.6263  loss=nan  (1.4s)
Round   21/30  coverage=0.3532  prec@K=0.0102  accepted=57  auc=0.9077  uauc=0.6644  loss=nan  (1.8s)
Round   22/30  coverage=0.3551  prec@K=0.0125  accepted=69  auc=0.8991  uauc=0.6091  loss=nan  (1.7s)
Round   23/30  coverage=0.3572  prec@K=0.0133  accepted=73  auc=0.8765  uauc=0.6635  loss=nan  (1.5s)
Round   24/30  coverage=0.3586  prec@K=0.0094  accepted=52  auc=0.9249  uauc=0.5855  loss=nan  (1.4s)
Round   25/30  coverage=0.3603  prec@K=0.0105  accepted=58  auc=0.9220  uauc=0.6393  loss=nan  (1.6s)
Round   26/30  coverage=0.3622  prec@K=0.0124  accepted=68  auc=0.9371  uauc=0.6724  loss=nan  (1.8s)
Round   27/30  coverage=0.3636  prec@K=0.0090  accepted=50  auc=0.9007  uauc=0.6081  loss=nan  (1.7s)
Round   28/30  coverage=0.3659  prec@K=0.0146  accepted=81  auc=0.9341  uauc=0.6177  loss=nan  (1.7s)
Round   29/30  coverage=0.3673  prec@K=0.0090  accepted=50  auc=0.8888  uauc=0.5900  loss=nan  (1.9s)
Round   30/30  coverage=0.3691  prec@K=0.0115  accepted=64  auc=0.9214  uauc=0.6190  loss=nan  (2.0s)

结果已写入 results\orchestrator\runs\ir30_constlr5e5_multiseed_bidir\bitcoin_otc\aa_s0/rounds.csv
