=== bitcoin_otc_gnn_s0  started 2026-05-10T18:31:30 ===

C:\conda\envs\gnn\lib\site-packages\requests\__init__.py:86: RequestsDependencyWarning: Unable to find acceptable character detection dependency (chardet or charset_normalizer).
  warnings.warn(
C:\conda\envs\gnn\lib\site-packages\outdated\__init__.py:36: UserWarning: pkg_resources is deprecated as an API. See https://setuptools.pypa.io/en/latest/pkg_resources.html. The pkg_resources package is slated for removal as early as 2025-11-30. Refrain from using this package or pin to Setuptools<81.
  from pkg_resources import parse_version
Round    1/30  coverage=0.3014  prec@K=0.0092  accepted=51  auc=0.1889  uauc=0.5961  loss=0.5791  (7.2s)
Round    2/30  coverage=0.3028  prec@K=0.0094  accepted=51  auc=0.2466  uauc=0.5423  loss=0.5790  (5.8s)
Round    3/30  coverage=0.3045  prec@K=0.0110  accepted=60  auc=0.2106  uauc=0.6115  loss=0.5793  (6.5s)
Round    4/30  coverage=0.3059  prec@K=0.0090  accepted=49  auc=0.1634  uauc=0.6262  loss=0.5786  (5.9s)
Round    5/30  coverage=0.3074  prec@K=0.0097  accepted=54  auc=0.2082  uauc=0.6420  loss=0.5782  (6.3s)
Round    6/30  coverage=0.3089  prec@K=0.0094  accepted=51  auc=0.2016  uauc=0.7030  loss=0.5780  (6.1s)
Round    7/30  coverage=0.3103  prec@K=0.0095  accepted=52  auc=0.2518  uauc=0.6205  loss=0.5780  (6.0s)
Round    8/30  coverage=0.3114  prec@K=0.0067  accepted=37  auc=0.2220  uauc=0.6425  loss=0.5765  (5.9s)
Round    9/30  coverage=0.3126  prec@K=0.0080  accepted=44  auc=0.1836  uauc=0.6076  loss=0.5766  (6.1s)
Round   10/30  coverage=0.3136  prec@K=0.0063  accepted=35  auc=0.2427  uauc=0.5992  loss=0.5758  (6.3s)
Round   11/30  coverage=0.3147  prec@K=0.0072  accepted=40  auc=0.1817  uauc=0.7262  loss=0.5760  (6.5s)
Round   12/30  coverage=0.3155  prec@K=0.0054  accepted=30  auc=0.1937  uauc=0.6580  loss=0.5749  (6.4s)
Round   13/30  coverage=0.3165  prec@K=0.0059  accepted=33  auc=0.2077  uauc=0.7069  loss=0.5750  (6.4s)
Round   14/30  coverage=0.3174  prec@K=0.0061  accepted=34  auc=0.2028  uauc=0.6676  loss=0.5747  (6.3s)
Round   15/30  coverage=0.3183  prec@K=0.0056  accepted=31  auc=0.1925  uauc=0.5758  loss=0.5744  (6.1s)
Round   16/30  coverage=0.3190  prec@K=0.0047  accepted=26  auc=0.1362  uauc=0.6501  loss=0.5738  (6.2s)
Round   17/30  coverage=0.3199  prec@K=0.0055  accepted=31  auc=0.2306  uauc=0.5564  loss=0.5739  (6.6s)
Round   18/30  coverage=0.3211  prec@K=0.0080  accepted=44  auc=0.1725  uauc=0.5939  loss=0.5745  (6.7s)
Round   19/30  coverage=0.3220  prec@K=0.0052  accepted=29  auc=0.1715  uauc=0.5675  loss=0.5733  (10.2s)
Round   20/30  coverage=0.3229  prec@K=0.0060  accepted=33  auc=0.2534  uauc=0.7003  loss=0.5731  (7.5s)
Round   21/30  coverage=0.3236  prec@K=0.0045  accepted=25  auc=0.1874  uauc=0.6145  loss=0.5724  (6.5s)
Round   22/30  coverage=0.3243  prec@K=0.0049  accepted=27  auc=0.1783  uauc=0.5793  loss=0.5724  (7.1s)
Round   23/30  coverage=0.3252  prec@K=0.0057  accepted=31  auc=0.1637  uauc=0.7418  loss=0.5722  (7.0s)
Round   24/30  coverage=0.3259  prec@K=0.0044  accepted=24  auc=0.1552  uauc=0.4874  loss=0.5715  (6.7s)
Round   25/30  coverage=0.3265  prec@K=0.0040  accepted=22  auc=0.1503  uauc=0.5580  loss=0.5712  (6.8s)
Round   26/30  coverage=0.3273  prec@K=0.0049  accepted=27  auc=0.1694  uauc=0.7373  loss=0.5714  (7.8s)
Round   27/30  coverage=0.3276  prec@K=0.0020  accepted=11  auc=0.3228  uauc=0.6611  loss=0.5699  (7.4s)
Round   28/30  coverage=0.3282  prec@K=0.0042  accepted=23  auc=0.2423  uauc=0.5153  loss=0.5705  (11.6s)
Round   29/30  coverage=0.3290  prec@K=0.0053  accepted=29  auc=0.1518  uauc=0.6885  loss=0.5708  (11.1s)
Round   30/30  coverage=0.3297  prec@K=0.0040  accepted=22  auc=0.2221  uauc=0.5647  loss=0.5700  (9.2s)

结果已写入 results\orchestrator\runs\ir30_constlr5e5_multiseed_bidir\bitcoin_otc\gnn_s0/rounds.csv
