=== bitcoin_otc_cn_s0  started 2026-05-10T18:26:38 ===

C:\conda\envs\gnn\lib\site-packages\requests\__init__.py:86: RequestsDependencyWarning: Unable to find acceptable character detection dependency (chardet or charset_normalizer).
  warnings.warn(
C:\conda\envs\gnn\lib\site-packages\outdated\__init__.py:36: UserWarning: pkg_resources is deprecated as an API. See https://setuptools.pypa.io/en/latest/pkg_resources.html. The pkg_resources package is slated for removal as early as 2025-11-30. Refrain from using this package or pin to Setuptools<81.
  from pkg_resources import parse_version
Round    1/30  coverage=0.3033  prec@K=0.0213  accepted=118  auc=0.8765  uauc=0.6436  loss=nan  (0.3s)
Round    2/30  coverage=0.3062  prec@K=0.0191  accepted=104  auc=0.8920  uauc=0.6573  loss=nan  (0.3s)
Round    3/30  coverage=0.3089  prec@K=0.0172  accepted=94  auc=0.8803  uauc=0.6022  loss=nan  (0.3s)
Round    4/30  coverage=0.3118  prec@K=0.0189  accepted=103  auc=0.9013  uauc=0.5889  loss=nan  (0.3s)
Round    5/30  coverage=0.3146  prec@K=0.0184  accepted=102  auc=0.8948  uauc=0.5785  loss=nan  (0.3s)
Round    6/30  coverage=0.3177  prec@K=0.0204  accepted=111  auc=0.8738  uauc=0.6252  loss=nan  (0.4s)
Round    7/30  coverage=0.3202  prec@K=0.0161  accepted=88  auc=0.8638  uauc=0.5556  loss=nan  (0.5s)
Round    8/30  coverage=0.3223  prec@K=0.0138  accepted=76  auc=0.8784  uauc=0.6148  loss=nan  (0.4s)
Round    9/30  coverage=0.3251  prec@K=0.0177  accepted=97  auc=0.8897  uauc=0.5853  loss=nan  (0.4s)
Round   10/30  coverage=0.3272  prec@K=0.0135  accepted=75  auc=0.8720  uauc=0.6331  loss=nan  (0.5s)
Round   11/30  coverage=0.3291  prec@K=0.0126  accepted=70  auc=0.8826  uauc=0.6495  loss=nan  (0.7s)
Round   12/30  coverage=0.3315  prec@K=0.0154  accepted=85  auc=0.9081  uauc=0.6380  loss=nan  (0.6s)
Round   13/30  coverage=0.3333  prec@K=0.0115  accepted=64  auc=0.9098  uauc=0.6135  loss=nan  (0.6s)
Round   14/30  coverage=0.3356  prec@K=0.0146  accepted=81  auc=0.9150  uauc=0.6444  loss=nan  (0.6s)
Round   15/30  coverage=0.3373  prec@K=0.0110  accepted=61  auc=0.9317  uauc=0.6379  loss=nan  (0.6s)
Round   16/30  coverage=0.3393  prec@K=0.0127  accepted=70  auc=0.8848  uauc=0.5890  loss=nan  (0.7s)
Round   17/30  coverage=0.3416  prec@K=0.0144  accepted=81  auc=0.9056  uauc=0.5980  loss=nan  (0.9s)
Round   18/30  coverage=0.3433  prec@K=0.0113  accepted=62  auc=0.9118  uauc=0.6041  loss=nan  (0.8s)
Round   19/30  coverage=0.3451  prec@K=0.0113  accepted=63  auc=0.9019  uauc=0.5727  loss=nan  (0.8s)
Round   20/30  coverage=0.3469  prec@K=0.0118  accepted=65  auc=0.9259  uauc=0.6044  loss=nan  (0.8s)
Round   21/30  coverage=0.3485  prec@K=0.0101  accepted=56  auc=0.9214  uauc=0.6406  loss=nan  (1.1s)
Round   22/30  coverage=0.3502  prec@K=0.0109  accepted=60  auc=0.8761  uauc=0.6160  loss=nan  (0.9s)
Round   23/30  coverage=0.3521  prec@K=0.0126  accepted=69  auc=0.8890  uauc=0.6157  loss=nan  (1.0s)
Round   24/30  coverage=0.3536  prec@K=0.0096  accepted=53  auc=0.9406  uauc=0.5792  loss=nan  (1.1s)
Round   25/30  coverage=0.3552  prec@K=0.0105  accepted=58  auc=0.8747  uauc=0.5290  loss=nan  (1.0s)
Round   26/30  coverage=0.3573  prec@K=0.0137  accepted=75  auc=0.8780  uauc=0.5809  loss=nan  (1.0s)
Round   27/30  coverage=0.3590  prec@K=0.0107  accepted=59  auc=0.9193  uauc=0.5439  loss=nan  (1.0s)
Round   28/30  coverage=0.3609  prec@K=0.0121  accepted=67  auc=0.9402  uauc=0.6632  loss=nan  (1.1s)
Round   29/30  coverage=0.3625  prec@K=0.0103  accepted=57  auc=0.9098  uauc=0.5881  loss=nan  (1.2s)
Round   30/30  coverage=0.3638  prec@K=0.0085  accepted=47  auc=0.9141  uauc=0.6760  loss=nan  (1.3s)

结果已写入 results\orchestrator\runs\ir30_constlr5e5_multiseed_bidir\bitcoin_otc\cn_s0/rounds.csv
