=== bitcoin_alpha_aa_s42  started 2026-05-10T17:42:26 ===

C:\conda\envs\gnn\lib\site-packages\requests\__init__.py:86: RequestsDependencyWarning: Unable to find acceptable character detection dependency (chardet or charset_normalizer).
  warnings.warn(
C:\conda\envs\gnn\lib\site-packages\outdated\__init__.py:36: UserWarning: pkg_resources is deprecated as an API. See https://setuptools.pypa.io/en/latest/pkg_resources.html. The pkg_resources package is slated for removal as early as 2025-11-30. Refrain from using this package or pin to Setuptools<81.
  from pkg_resources import parse_version
Round    1/30  coverage=0.3036  prec@K=0.0249  accepted=88  auc=0.8913  uauc=0.6261  loss=nan  (0.4s)
Round    2/30  coverage=0.3075  prec@K=0.0268  accepted=95  auc=0.9108  uauc=0.6210  loss=nan  (0.3s)
Round    3/30  coverage=0.3113  prec@K=0.0256  accepted=91  auc=0.8948  uauc=0.5532  loss=nan  (0.3s)
Round    4/30  coverage=0.3148  prec@K=0.0235  accepted=84  auc=0.9122  uauc=0.5974  loss=nan  (0.3s)
Round    5/30  coverage=0.3185  prec@K=0.0255  accepted=90  auc=0.9018  uauc=0.6736  loss=nan  (0.4s)
Round    6/30  coverage=0.3208  prec@K=0.0160  accepted=56  auc=0.8908  uauc=0.5433  loss=nan  (0.3s)
Round    7/30  coverage=0.3243  prec@K=0.0237  accepted=84  auc=0.8870  uauc=0.6134  loss=nan  (0.4s)
Round    8/30  coverage=0.3278  prec@K=0.0241  accepted=86  auc=0.8673  uauc=0.5832  loss=nan  (0.4s)
Round    9/30  coverage=0.3305  prec@K=0.0181  accepted=65  auc=0.9055  uauc=0.6125  loss=nan  (0.5s)
Round   10/30  coverage=0.3342  prec@K=0.0251  accepted=89  auc=0.9041  uauc=0.6414  loss=nan  (0.4s)
Round   11/30  coverage=0.3367  prec@K=0.0172  accepted=61  auc=0.9014  uauc=0.5746  loss=nan  (0.6s)
Round   12/30  coverage=0.3401  prec@K=0.0229  accepted=81  auc=0.8921  uauc=0.6057  loss=nan  (0.5s)
Round   13/30  coverage=0.3431  prec@K=0.0208  accepted=74  auc=0.9109  uauc=0.6160  loss=nan  (0.5s)
Round   14/30  coverage=0.3467  prec@K=0.0243  accepted=87  auc=0.9209  uauc=0.6491  loss=nan  (0.5s)
Round   15/30  coverage=0.3497  prec@K=0.0197  accepted=71  auc=0.8952  uauc=0.6705  loss=nan  (0.5s)
Round   16/30  coverage=0.3516  prec@K=0.0131  accepted=46  auc=0.8994  uauc=0.5628  loss=nan  (0.5s)
Round   17/30  coverage=0.3548  prec@K=0.0220  accepted=78  auc=0.8816  uauc=0.5345  loss=nan  (0.6s)
Round   18/30  coverage=0.3569  prec@K=0.0145  accepted=52  auc=0.9047  uauc=0.6551  loss=nan  (0.5s)
Round   19/30  coverage=0.3584  prec@K=0.0100  accepted=35  auc=0.8790  uauc=0.5191  loss=nan  (0.6s)
Round   20/30  coverage=0.3605  prec@K=0.0139  accepted=50  auc=0.9408  uauc=0.6197  loss=nan  (0.7s)
Round   21/30  coverage=0.3627  prec@K=0.0155  accepted=55  auc=0.9298  uauc=0.7200  loss=nan  (0.9s)
Round   22/30  coverage=0.3649  prec@K=0.0150  accepted=53  auc=0.8946  uauc=0.5724  loss=nan  (0.6s)
Round   23/30  coverage=0.3671  prec@K=0.0147  accepted=53  auc=0.9211  uauc=0.5785  loss=nan  (0.5s)
Round   24/30  coverage=0.3703  prec@K=0.0215  accepted=77  auc=0.9174  uauc=0.5901  loss=nan  (0.4s)
Round   25/30  coverage=0.3713  prec@K=0.0070  accepted=25  auc=0.8606  uauc=0.6240  loss=nan  (0.4s)
Round   26/30  coverage=0.3731  prec@K=0.0117  accepted=42  auc=0.9162  uauc=0.6020  loss=nan  (0.5s)
Round   27/30  coverage=0.3746  prec@K=0.0101  accepted=36  auc=0.9004  uauc=0.6166  loss=nan  (0.6s)
Round   28/30  coverage=0.3765  prec@K=0.0130  accepted=46  auc=0.8960  uauc=0.5455  loss=nan  (0.7s)
Round   29/30  coverage=0.3780  prec@K=0.0108  accepted=38  auc=0.8858  uauc=0.5562  loss=nan  (0.8s)
Round   30/30  coverage=0.3797  prec@K=0.0116  accepted=41  auc=0.9092  uauc=0.5384  loss=nan  (0.5s)

结果已写入 results\orchestrator\runs\ir30_constlr5e5_multiseed_bidir\bitcoin_alpha\aa_s42/rounds.csv
