=== bitcoin_otc_pa_s3  started 2026-05-10T18:49:24 ===

C:\conda\envs\gnn\lib\site-packages\requests\__init__.py:86: RequestsDependencyWarning: Unable to find acceptable character detection dependency (chardet or charset_normalizer).
  warnings.warn(
C:\conda\envs\gnn\lib\site-packages\outdated\__init__.py:36: UserWarning: pkg_resources is deprecated as an API. See https://setuptools.pypa.io/en/latest/pkg_resources.html. The pkg_resources package is slated for removal as early as 2025-11-30. Refrain from using this package or pin to Setuptools<81.
  from pkg_resources import parse_version
Round    1/30  coverage=0.3028  prec@K=0.0182  accepted=100  auc=0.8551  uauc=0.6008  loss=nan  (0.4s)
Round    2/30  coverage=0.3065  prec@K=0.0240  accepted=132  auc=0.8337  uauc=0.6311  loss=nan  (0.3s)
Round    3/30  coverage=0.3097  prec@K=0.0206  accepted=114  auc=0.8920  uauc=0.6908  loss=nan  (0.3s)
Round    4/30  coverage=0.3125  prec@K=0.0178  accepted=99  auc=0.8621  uauc=0.6034  loss=nan  (0.4s)
Round    5/30  coverage=0.3154  prec@K=0.0188  accepted=103  auc=0.8568  uauc=0.5420  loss=nan  (0.4s)
Round    6/30  coverage=0.3176  prec@K=0.0143  accepted=79  auc=0.8699  uauc=0.5820  loss=nan  (0.5s)
Round    7/30  coverage=0.3200  prec@K=0.0156  accepted=87  auc=0.8964  uauc=0.6638  loss=nan  (0.6s)
Round    8/30  coverage=0.3225  prec@K=0.0161  accepted=89  auc=0.8597  uauc=0.5382  loss=nan  (0.5s)
Round    9/30  coverage=0.3252  prec@K=0.0170  accepted=93  auc=0.8149  uauc=0.6217  loss=nan  (0.6s)
Round   10/30  coverage=0.3275  prec@K=0.0154  accepted=85  auc=0.8402  uauc=0.6544  loss=nan  (0.6s)
Round   11/30  coverage=0.3300  prec@K=0.0158  accepted=88  auc=0.8815  uauc=0.6237  loss=nan  (0.8s)
Round   12/30  coverage=0.3326  prec@K=0.0166  accepted=91  auc=0.8836  uauc=0.5795  loss=nan  (0.7s)
Round   13/30  coverage=0.3344  prec@K=0.0115  accepted=64  auc=0.8248  uauc=0.5479  loss=nan  (0.7s)
Round   14/30  coverage=0.3361  prec@K=0.0112  accepted=62  auc=0.8289  uauc=0.5778  loss=nan  (0.8s)
Round   15/30  coverage=0.3377  prec@K=0.0102  accepted=56  auc=0.8614  uauc=0.6513  loss=nan  (0.8s)
Round   16/30  coverage=0.3397  prec@K=0.0133  accepted=73  auc=0.8931  uauc=0.6490  loss=nan  (0.8s)
Round   17/30  coverage=0.3415  prec@K=0.0112  accepted=62  auc=0.8816  uauc=0.6819  loss=nan  (0.9s)
Round   18/30  coverage=0.3431  prec@K=0.0107  accepted=59  auc=0.8882  uauc=0.6186  loss=nan  (0.9s)
Round   19/30  coverage=0.3450  prec@K=0.0121  accepted=67  auc=0.8739  uauc=0.6393  loss=nan  (0.9s)
Round   20/30  coverage=0.3463  prec@K=0.0080  accepted=44  auc=0.8927  uauc=0.6608  loss=nan  (1.1s)
Round   21/30  coverage=0.3483  prec@K=0.0133  accepted=73  auc=0.8936  uauc=0.6377  loss=nan  (1.1s)
Round   22/30  coverage=0.3504  prec@K=0.0136  accepted=75  auc=0.8940  uauc=0.5206  loss=nan  (1.1s)
Round   23/30  coverage=0.3520  prec@K=0.0105  accepted=58  auc=0.9012  uauc=0.6473  loss=nan  (1.1s)
Round   24/30  coverage=0.3535  prec@K=0.0094  accepted=51  auc=0.9121  uauc=0.6355  loss=nan  (1.1s)
Round   25/30  coverage=0.3548  prec@K=0.0086  accepted=47  auc=0.9020  uauc=0.6673  loss=nan  (1.2s)
Round   26/30  coverage=0.3559  prec@K=0.0071  accepted=39  auc=0.8873  uauc=0.6223  loss=nan  (1.2s)
Round   27/30  coverage=0.3573  prec@K=0.0089  accepted=50  auc=0.8926  uauc=0.6618  loss=nan  (1.5s)
Round   28/30  coverage=0.3587  prec@K=0.0092  accepted=51  auc=0.8346  uauc=0.4913  loss=nan  (1.4s)
Round   29/30  coverage=0.3599  prec@K=0.0074  accepted=41  auc=0.8612  uauc=0.5074  loss=nan  (1.3s)
Round   30/30  coverage=0.3611  prec@K=0.0079  accepted=44  auc=0.9103  uauc=0.6193  loss=nan  (1.4s)

结果已写入 results\orchestrator\runs\ir30_constlr5e5_multiseed_bidir\bitcoin_otc\pa_s3/rounds.csv
