=== college_msg_aa_s3  started 2026-05-10T17:30:11 ===

C:\conda\envs\gnn\lib\site-packages\requests\__init__.py:86: RequestsDependencyWarning: Unable to find acceptable character detection dependency (chardet or charset_normalizer).
  warnings.warn(
C:\conda\envs\gnn\lib\site-packages\outdated\__init__.py:36: UserWarning: pkg_resources is deprecated as an API. See https://setuptools.pypa.io/en/latest/pkg_resources.html. The pkg_resources package is slated for removal as early as 2025-11-30. Refrain from using this package or pin to Setuptools<81.
  from pkg_resources import parse_version
Round    1/30  coverage=0.3019  prec@K=0.0213  accepted=39  auc=0.8633  uauc=0.5527  loss=nan  (0.2s)
Round    2/30  coverage=0.3032  prec@K=0.0141  accepted=26  auc=0.8210  uauc=0.5308  loss=nan  (0.1s)
Round    3/30  coverage=0.3048  prec@K=0.0181  accepted=33  auc=0.8448  uauc=0.6077  loss=nan  (0.1s)
Round    4/30  coverage=0.3064  prec@K=0.0183  accepted=33  auc=0.8221  uauc=0.6469  loss=nan  (0.1s)
Round    5/30  coverage=0.3086  prec@K=0.0239  accepted=44  auc=0.8285  uauc=0.5675  loss=nan  (0.1s)
Round    6/30  coverage=0.3103  prec@K=0.0185  accepted=34  auc=0.8276  uauc=0.4644  loss=nan  (0.1s)
Round    7/30  coverage=0.3121  prec@K=0.0199  accepted=37  auc=0.7838  uauc=0.6145  loss=nan  (0.1s)
Round    8/30  coverage=0.3134  prec@K=0.0142  accepted=26  auc=0.8716  uauc=0.7055  loss=nan  (0.1s)
Round    9/30  coverage=0.3149  prec@K=0.0168  accepted=31  auc=0.8346  uauc=0.5653  loss=nan  (0.1s)
Round   10/30  coverage=0.3162  prec@K=0.0143  accepted=26  auc=0.8571  uauc=0.6103  loss=nan  (0.1s)
Round   11/30  coverage=0.3173  prec@K=0.0120  accepted=22  auc=0.8504  uauc=0.5860  loss=nan  (0.2s)
Round   12/30  coverage=0.3184  prec@K=0.0131  accepted=24  auc=0.8583  uauc=0.6352  loss=nan  (0.1s)
Round   13/30  coverage=0.3194  prec@K=0.0110  accepted=20  auc=0.6971  uauc=0.4853  loss=nan  (0.1s)
Round   14/30  coverage=0.3210  prec@K=0.0173  accepted=32  auc=0.8465  uauc=0.5936  loss=nan  (0.1s)
Round   15/30  coverage=0.3222  prec@K=0.0129  accepted=24  auc=0.8434  uauc=0.3860  loss=nan  (0.1s)
Round   16/30  coverage=0.3236  prec@K=0.0153  accepted=28  auc=0.8278  uauc=0.5463  loss=nan  (0.1s)
Round   17/30  coverage=0.3247  prec@K=0.0126  accepted=23  auc=0.7986  uauc=0.5377  loss=nan  (0.1s)
Round   18/30  coverage=0.3255  prec@K=0.0093  accepted=17  auc=0.8567  uauc=0.4818  loss=nan  (0.1s)
Round   19/30  coverage=0.3272  prec@K=0.0188  accepted=34  auc=0.8057  uauc=0.5139  loss=nan  (0.1s)
Round   20/30  coverage=0.3285  prec@K=0.0142  accepted=26  auc=0.8616  uauc=0.5534  loss=nan  (0.1s)
Round   21/30  coverage=0.3290  prec@K=0.0054  accepted=10  auc=0.8750  uauc=0.5980  loss=nan  (0.2s)
Round   22/30  coverage=0.3298  prec@K=0.0087  accepted=16  auc=0.7524  uauc=0.5997  loss=nan  (0.1s)
Round   23/30  coverage=0.3304  prec@K=0.0070  accepted=13  auc=0.7736  uauc=0.5602  loss=nan  (0.1s)
Round   24/30  coverage=0.3314  prec@K=0.0109  accepted=20  auc=0.8335  uauc=0.5628  loss=nan  (0.1s)
Round   25/30  coverage=0.3324  prec@K=0.0114  accepted=21  auc=0.9097  uauc=0.6891  loss=nan  (0.1s)
Round   26/30  coverage=0.3331  prec@K=0.0077  accepted=14  auc=0.8655  uauc=0.6482  loss=nan  (0.1s)
Round   27/30  coverage=0.3343  prec@K=0.0129  accepted=24  auc=0.8611  uauc=0.6160  loss=nan  (0.1s)
Round   28/30  coverage=0.3352  prec@K=0.0098  accepted=18  auc=0.8607  uauc=0.4894  loss=nan  (0.2s)
Round   29/30  coverage=0.3362  prec@K=0.0108  accepted=20  auc=0.8538  uauc=0.4227  loss=nan  (0.1s)
Round   30/30  coverage=0.3367  prec@K=0.0054  accepted=10  auc=0.9236  uauc=0.5503  loss=nan  (0.1s)

结果已写入 results\orchestrator\runs\ir30_constlr5e5_multiseed_bidir\college_msg\aa_s3/rounds.csv
