=== college_msg_random_s0  started 2026-05-10T17:40:08 ===

C:\conda\envs\gnn\lib\site-packages\requests\__init__.py:86: RequestsDependencyWarning: Unable to find acceptable character detection dependency (chardet or charset_normalizer).
  warnings.warn(
C:\conda\envs\gnn\lib\site-packages\outdated\__init__.py:36: UserWarning: pkg_resources is deprecated as an API. See https://setuptools.pypa.io/en/latest/pkg_resources.html. The pkg_resources package is slated for removal as early as 2025-11-30. Refrain from using this package or pin to Setuptools<81.
  from pkg_resources import parse_version
Round    1/30  coverage=0.3009  prec@K=0.0112  accepted=20  loss=nan  (0.1s)
Round    2/30  coverage=0.3018  prec@K=0.0098  accepted=18  loss=nan  (0.0s)
Round    3/30  coverage=0.3026  prec@K=0.0082  accepted=15  loss=nan  (0.0s)
Round    4/30  coverage=0.3033  prec@K=0.0077  accepted=14  loss=nan  (0.0s)
Round    5/30  coverage=0.3041  prec@K=0.0093  accepted=17  loss=nan  (0.0s)
Round    6/30  coverage=0.3050  prec@K=0.0103  accepted=19  loss=nan  (0.0s)
Round    7/30  coverage=0.3059  prec@K=0.0093  accepted=17  loss=nan  (0.0s)
Round    8/30  coverage=0.3067  prec@K=0.0093  accepted=17  loss=nan  (0.1s)
Round    9/30  coverage=0.3075  prec@K=0.0088  accepted=16  loss=nan  (0.1s)
Round   10/30  coverage=0.3085  prec@K=0.0117  accepted=21  loss=nan  (0.1s)
Round   11/30  coverage=0.3094  prec@K=0.0098  accepted=18  loss=nan  (0.1s)
Round   12/30  coverage=0.3100  prec@K=0.0060  accepted=11  loss=nan  (0.1s)
Round   13/30  coverage=0.3109  prec@K=0.0105  accepted=19  loss=nan  (0.1s)
Round   14/30  coverage=0.3120  prec@K=0.0126  accepted=23  loss=nan  (0.1s)
Round   15/30  coverage=0.3135  prec@K=0.0160  accepted=30  loss=nan  (0.1s)
Round   16/30  coverage=0.3146  prec@K=0.0120  accepted=22  loss=nan  (0.1s)
Round   17/30  coverage=0.3154  prec@K=0.0087  accepted=16  loss=nan  (0.1s)
Round   18/30  coverage=0.3163  prec@K=0.0103  accepted=19  loss=nan  (0.1s)
Round   19/30  coverage=0.3171  prec@K=0.0088  accepted=16  loss=nan  (0.1s)
Round   20/30  coverage=0.3179  prec@K=0.0094  accepted=17  loss=nan  (0.1s)
Round   21/30  coverage=0.3186  prec@K=0.0077  accepted=14  loss=nan  (0.2s)
Round   22/30  coverage=0.3194  prec@K=0.0087  accepted=16  loss=nan  (0.1s)
Round   23/30  coverage=0.3203  prec@K=0.0097  accepted=18  loss=nan  (0.1s)
Round   24/30  coverage=0.3214  prec@K=0.0120  accepted=22  loss=nan  (0.1s)
Round   25/30  coverage=0.3223  prec@K=0.0100  accepted=18  loss=nan  (0.1s)
Round   26/30  coverage=0.3233  prec@K=0.0110  accepted=20  loss=nan  (0.1s)
Round   27/30  coverage=0.3242  prec@K=0.0106  accepted=19  loss=nan  (0.1s)
Round   28/30  coverage=0.3249  prec@K=0.0082  accepted=15  loss=nan  (0.1s)
Round   29/30  coverage=0.3256  prec@K=0.0077  accepted=14  loss=nan  (0.1s)
Round   30/30  coverage=0.3262  prec@K=0.0065  accepted=12  loss=nan  (0.1s)

结果已写入 results\orchestrator\runs\ir30_constlr5e5_multiseed_bidir\college_msg\random_s0/rounds.csv
