=== college_msg_seal_full_s3  started 2026-05-10T17:41:53 ===

C:\conda\envs\gnn\lib\site-packages\requests\__init__.py:86: RequestsDependencyWarning: Unable to find acceptable character detection dependency (chardet or charset_normalizer).
  warnings.warn(
C:\conda\envs\gnn\lib\site-packages\outdated\__init__.py:36: UserWarning: pkg_resources is deprecated as an API. See https://setuptools.pypa.io/en/latest/pkg_resources.html. The pkg_resources package is slated for removal as early as 2025-11-30. Refrain from using this package or pin to Setuptools<81.
  from pkg_resources import parse_version
Round    1/30  coverage=0.3008  prec@K=0.0098  accepted=18  auc=0.7723  uauc=0.4667  loss=0.6252  (10.6s)
Round    2/30  coverage=0.3017  prec@K=0.0098  accepted=18  auc=0.7173  uauc=0.4743  loss=0.6250  (8.9s)
Round    3/30  coverage=0.3030  prec@K=0.0137  accepted=25  auc=0.6716  uauc=0.5532  loss=0.6258  (9.1s)
Round    4/30  coverage=0.3040  prec@K=0.0111  accepted=20  auc=0.5810  uauc=0.6068  loss=0.6251  (8.4s)
Round    5/30  coverage=0.3048  prec@K=0.0092  accepted=17  auc=0.4870  uauc=0.5150  loss=0.6247  (9.5s)
Round    6/30  coverage=0.3058  prec@K=0.0114  accepted=21  auc=0.5487  uauc=0.6634  loss=0.6251  (8.1s)
Round    7/30  coverage=0.3070  prec@K=0.0129  accepted=24  auc=0.4321  uauc=0.6164  loss=0.6251  (8.8s)
Round    8/30  coverage=0.3079  prec@K=0.0099  accepted=18  auc=0.4008  uauc=0.5833  loss=0.6246  (8.6s)
Round    9/30  coverage=0.3088  prec@K=0.0098  accepted=18  auc=0.2345  uauc=0.6062  loss=0.6244  (9.7s)
Round   10/30  coverage=0.3099  prec@K=0.0121  accepted=22  auc=0.1794  uauc=0.5917  loss=0.6247  (9.6s)
Round   11/30  coverage=0.3115  prec@K=0.0181  accepted=33  auc=0.1997  uauc=0.6190  loss=0.6258  (10.4s)
Round   12/30  coverage=0.3127  prec@K=0.0136  accepted=25  auc=0.1977  uauc=0.5425  loss=0.6250  (8.5s)
Round   13/30  coverage=0.3140  prec@K=0.0138  accepted=25  auc=0.2047  uauc=0.5756  loss=0.6247  (8.3s)
Round   14/30  coverage=0.3156  prec@K=0.0178  accepted=33  auc=0.1432  uauc=0.6667  loss=0.6255  (8.3s)
Round   15/30  coverage=0.3177  prec@K=0.0232  accepted=43  auc=0.1456  uauc=0.6554  loss=0.6266  (6.6s)
Round   16/30  coverage=0.3195  prec@K=0.0197  accepted=36  auc=0.1782  uauc=0.6501  loss=0.6254  (6.8s)
Round   17/30  coverage=0.3212  prec@K=0.0197  accepted=36  auc=0.1997  uauc=0.6259  loss=0.6256  (6.0s)
Round   18/30  coverage=0.3226  prec@K=0.0147  accepted=27  auc=0.1952  uauc=0.6528  loss=0.6245  (5.3s)
Round   19/30  coverage=0.3255  prec@K=0.0327  accepted=59  auc=0.1907  uauc=0.7391  loss=0.6280  (5.4s)
Round   20/30  coverage=0.3274  prec@K=0.0208  accepted=38  auc=0.1944  uauc=0.7781  loss=0.6253  (7.4s)
Round   21/30  coverage=0.3292  prec@K=0.0200  accepted=37  auc=0.1827  uauc=0.7361  loss=0.6255  (5.2s)
Round   22/30  coverage=0.3312  prec@K=0.0230  accepted=42  auc=0.2308  uauc=0.5809  loss=0.6254  (5.7s)
Round   23/30  coverage=0.3328  prec@K=0.0167  accepted=31  auc=0.2128  uauc=0.6796  loss=0.6242  (5.3s)
Round   24/30  coverage=0.3343  prec@K=0.0169  accepted=31  auc=0.2476  uauc=0.8068  loss=0.6244  (5.1s)
Round   25/30  coverage=0.3360  prec@K=0.0184  accepted=34  auc=0.2223  uauc=0.7706  loss=0.6247  (5.0s)
Round   26/30  coverage=0.3378  prec@K=0.0210  accepted=38  auc=0.2862  uauc=0.8218  loss=0.6250  (5.1s)
Round   27/30  coverage=0.3398  prec@K=0.0211  accepted=39  auc=0.2431  uauc=0.7243  loss=0.6247  (6.9s)
Round   28/30  coverage=0.3419  prec@K=0.0233  accepted=43  auc=0.2190  uauc=0.7277  loss=0.6254  (7.0s)
Round   29/30  coverage=0.3435  prec@K=0.0173  accepted=32  auc=0.2172  uauc=0.7128  loss=0.6238  (7.1s)
Round   30/30  coverage=0.3458  prec@K=0.0260  accepted=48  auc=0.2147  uauc=0.6993  loss=0.6257  (7.2s)

结果已写入 results\orchestrator\runs\ir30_constlr5e5_multiseed_bidir\college_msg\seal_full_s3/rounds.csv
