=== college_msg_gnn_concat_s0  started 2026-05-10T17:33:26 ===

C:\conda\envs\gnn\lib\site-packages\requests\__init__.py:86: RequestsDependencyWarning: Unable to find acceptable character detection dependency (chardet or charset_normalizer).
  warnings.warn(
C:\conda\envs\gnn\lib\site-packages\outdated\__init__.py:36: UserWarning: pkg_resources is deprecated as an API. See https://setuptools.pypa.io/en/latest/pkg_resources.html. The pkg_resources package is slated for removal as early as 2025-11-30. Refrain from using this package or pin to Setuptools<81.
  from pkg_resources import parse_version
Round    1/30  coverage=0.3028  prec@K=0.0318  accepted=57  auc=0.4713  uauc=0.7971  loss=0.6879  (3.4s)
Round    2/30  coverage=0.3056  prec@K=0.0317  accepted=58  auc=0.3549  uauc=0.8233  loss=0.6851  (2.9s)
Round    3/30  coverage=0.3075  prec@K=0.0214  accepted=39  auc=0.2559  uauc=0.7913  loss=0.6824  (2.6s)
Round    4/30  coverage=0.3100  prec@K=0.0274  accepted=50  auc=0.3653  uauc=0.7290  loss=0.6801  (2.8s)
Round    5/30  coverage=0.3119  prec@K=0.0208  accepted=38  auc=0.2314  uauc=0.8472  loss=0.6789  (2.5s)
Round    6/30  coverage=0.3142  prec@K=0.0254  accepted=47  auc=0.2546  uauc=0.7643  loss=0.6755  (3.1s)
Round    7/30  coverage=0.3162  prec@K=0.0220  accepted=40  auc=0.2052  uauc=0.6843  loss=0.6741  (2.7s)
Round    8/30  coverage=0.3174  prec@K=0.0137  accepted=25  auc=0.2643  uauc=0.7326  loss=0.6709  (2.8s)
Round    9/30  coverage=0.3195  prec@K=0.0232  accepted=42  auc=0.1902  uauc=0.8344  loss=0.6701  (2.6s)
Round   10/30  coverage=0.3213  prec@K=0.0206  accepted=37  auc=0.2221  uauc=0.7554  loss=0.6668  (2.7s)
Round   11/30  coverage=0.3233  prec@K=0.0217  accepted=40  auc=0.2001  uauc=0.7490  loss=0.6639  (3.1s)
Round   12/30  coverage=0.3245  prec@K=0.0143  accepted=26  auc=0.1836  uauc=0.7450  loss=0.6611  (2.6s)
Round   13/30  coverage=0.3263  prec@K=0.0194  accepted=35  auc=0.1504  uauc=0.8348  loss=0.6587  (3.0s)
Round   14/30  coverage=0.3276  prec@K=0.0143  accepted=26  auc=0.1831  uauc=0.8271  loss=0.6547  (3.0s)
Round   15/30  coverage=0.3295  prec@K=0.0214  accepted=40  auc=0.2070  uauc=0.7886  loss=0.6529  (3.1s)
Round   16/30  coverage=0.3312  prec@K=0.0185  accepted=34  auc=0.1771  uauc=0.7867  loss=0.6496  (3.2s)
Round   17/30  coverage=0.3326  prec@K=0.0157  accepted=29  auc=0.1592  uauc=0.7497  loss=0.6478  (3.0s)
Round   18/30  coverage=0.3338  prec@K=0.0130  accepted=24  auc=0.1454  uauc=0.8437  loss=0.6446  (3.0s)
Round   19/30  coverage=0.3347  prec@K=0.0099  accepted=18  auc=0.1492  uauc=0.8357  loss=0.6434  (2.7s)
Round   20/30  coverage=0.3356  prec@K=0.0105  accepted=19  auc=0.1533  uauc=0.8043  loss=0.6382  (3.0s)
Round   21/30  coverage=0.3373  prec@K=0.0181  accepted=33  auc=0.2369  uauc=0.7578  loss=0.6373  (3.1s)
Round   22/30  coverage=0.3381  prec@K=0.0092  accepted=17  auc=0.1408  uauc=0.7322  loss=0.6328  (3.2s)
Round   23/30  coverage=0.3390  prec@K=0.0103  accepted=19  auc=0.2154  uauc=0.7943  loss=0.6302  (3.0s)
Round   24/30  coverage=0.3400  prec@K=0.0109  accepted=20  auc=0.2386  uauc=0.7604  loss=0.6284  (3.0s)
Round   25/30  coverage=0.3413  prec@K=0.0144  accepted=26  auc=0.1860  uauc=0.7823  loss=0.6258  (3.0s)
Round   26/30  coverage=0.3424  prec@K=0.0121  accepted=22  auc=0.1469  uauc=0.7604  loss=0.6214  (3.2s)
Round   27/30  coverage=0.3432  prec@K=0.0089  accepted=16  auc=0.2487  uauc=0.6771  loss=0.6172  (3.5s)
Round   28/30  coverage=0.3445  prec@K=0.0147  accepted=27  auc=0.1507  uauc=0.7269  loss=0.6171  (3.5s)
Round   29/30  coverage=0.3455  prec@K=0.0110  accepted=20  auc=0.2105  uauc=0.8218  loss=0.6160  (3.0s)
Round   30/30  coverage=0.3467  prec@K=0.0130  accepted=24  auc=0.1854  uauc=0.6696  loss=0.6137  (3.0s)

结果已写入 results\orchestrator\runs\ir30_constlr5e5_multiseed_bidir\college_msg\gnn_concat_s0/rounds.csv
