=== college_msg_gnn_h32_s3  started 2026-05-10T17:36:04 ===

C:\conda\envs\gnn\lib\site-packages\requests\__init__.py:86: RequestsDependencyWarning: Unable to find acceptable character detection dependency (chardet or charset_normalizer).
  warnings.warn(
C:\conda\envs\gnn\lib\site-packages\outdated\__init__.py:36: UserWarning: pkg_resources is deprecated as an API. See https://setuptools.pypa.io/en/latest/pkg_resources.html. The pkg_resources package is slated for removal as early as 2025-11-30. Refrain from using this package or pin to Setuptools<81.
  from pkg_resources import parse_version
Round    1/30  coverage=0.3009  prec@K=0.0109  accepted=20  auc=0.8032  uauc=0.5222  loss=0.6525  (3.7s)
Round    2/30  coverage=0.3018  prec@K=0.0098  accepted=18  auc=0.6597  uauc=0.6548  loss=0.6509  (2.6s)
Round    3/30  coverage=0.3033  prec@K=0.0159  accepted=29  auc=0.8041  uauc=0.5614  loss=0.6508  (2.4s)
Round    4/30  coverage=0.3043  prec@K=0.0122  accepted=22  auc=0.7444  uauc=0.3256  loss=0.6495  (2.7s)
Round    5/30  coverage=0.3053  prec@K=0.0109  accepted=20  auc=0.8710  uauc=0.6013  loss=0.6492  (3.2s)
Round    6/30  coverage=0.3062  prec@K=0.0092  accepted=17  auc=0.8225  uauc=0.5260  loss=0.6482  (3.0s)
Round    7/30  coverage=0.3073  prec@K=0.0124  accepted=23  auc=0.7074  uauc=0.5328  loss=0.6473  (2.8s)
Round    8/30  coverage=0.3080  prec@K=0.0082  accepted=15  auc=0.7843  uauc=0.4821  loss=0.6458  (2.4s)
Round    9/30  coverage=0.3092  prec@K=0.0130  accepted=24  auc=0.7988  uauc=0.5071  loss=0.6457  (2.8s)
Round   10/30  coverage=0.3100  prec@K=0.0088  accepted=16  auc=0.8199  uauc=0.6582  loss=0.6441  (2.5s)
Round   11/30  coverage=0.3110  prec@K=0.0110  accepted=20  auc=0.7886  uauc=0.3529  loss=0.6436  (3.0s)
Round   12/30  coverage=0.3116  prec@K=0.0065  accepted=12  auc=0.7939  uauc=0.4074  loss=0.6422  (2.6s)
Round   13/30  coverage=0.3127  prec@K=0.0121  accepted=22  auc=0.7081  uauc=0.5615  loss=0.6422  (2.9s)
Round   14/30  coverage=0.3133  prec@K=0.0070  accepted=13  auc=0.8244  uauc=0.6288  loss=0.6405  (3.0s)
Round   15/30  coverage=0.3140  prec@K=0.0076  accepted=14  auc=0.6862  uauc=0.4563  loss=0.6395  (3.1s)
Round   16/30  coverage=0.3147  prec@K=0.0077  accepted=14  auc=0.7709  uauc=0.4438  loss=0.6386  (2.9s)
Round   17/30  coverage=0.3150  prec@K=0.0038  accepted=7  auc=0.3925  uauc=0.6667  loss=0.6374  (2.5s)
Round   18/30  coverage=0.3157  prec@K=0.0077  accepted=14  auc=0.6136  uauc=0.4286  loss=0.6371  (2.7s)
Round   19/30  coverage=0.3167  prec@K=0.0111  accepted=20  auc=0.5633  uauc=0.6328  loss=0.6364  (2.8s)
Round   20/30  coverage=0.3176  prec@K=0.0093  accepted=17  auc=0.7459  uauc=0.6898  loss=0.6354  (3.2s)
Round   21/30  coverage=0.3188  prec@K=0.0135  accepted=25  auc=0.4958  uauc=0.6681  loss=0.6354  (2.8s)
Round   22/30  coverage=0.3195  prec@K=0.0082  accepted=15  auc=0.3644  uauc=0.6448  loss=0.6332  (3.1s)
Round   23/30  coverage=0.3205  prec@K=0.0108  accepted=20  auc=0.4479  uauc=0.6904  loss=0.6327  (2.8s)
Round   24/30  coverage=0.3219  prec@K=0.0158  accepted=29  auc=0.4049  uauc=0.6421  loss=0.6330  (2.8s)
Round   25/30  coverage=0.3229  prec@K=0.0108  accepted=20  auc=0.3040  uauc=0.7583  loss=0.6310  (2.7s)
Round   26/30  coverage=0.3244  prec@K=0.0165  accepted=30  auc=0.4137  uauc=0.7777  loss=0.6309  (3.1s)
Round   27/30  coverage=0.3262  prec@K=0.0200  accepted=37  auc=0.3501  uauc=0.6766  loss=0.6303  (3.2s)
Round   28/30  coverage=0.3274  prec@K=0.0125  accepted=23  auc=0.2205  uauc=0.7826  loss=0.6284  (2.7s)
Round   29/30  coverage=0.3289  prec@K=0.0173  accepted=32  auc=0.2122  uauc=0.6547  loss=0.6283  (2.8s)
Round   30/30  coverage=0.3306  prec@K=0.0184  accepted=34  auc=0.2497  uauc=0.6762  loss=0.6276  (2.9s)

结果已写入 results\orchestrator\runs\ir30_constlr5e5_multiseed_bidir\college_msg\gnn_h32_s3/rounds.csv
