=== dnc_email_seal_full_s42  started 2026-05-10T17:30:01 ===

C:\conda\envs\gnn\lib\site-packages\requests\__init__.py:86: RequestsDependencyWarning: Unable to find acceptable character detection dependency (chardet or charset_normalizer).
  warnings.warn(
C:\conda\envs\gnn\lib\site-packages\outdated\__init__.py:36: UserWarning: pkg_resources is deprecated as an API. See https://setuptools.pypa.io/en/latest/pkg_resources.html. The pkg_resources package is slated for removal as early as 2025-11-30. Refrain from using this package or pin to Setuptools<81.
  from pkg_resources import parse_version
Round    1/30  coverage=0.3058  prec@K=0.0177  accepted=32  auc=0.9070  uauc=0.6665  loss=0.6702  (7.5s)
Round    2/30  coverage=0.3116  prec@K=0.0175  accepted=32  auc=0.9211  uauc=0.6575  loss=0.6702  (6.7s)
Round    3/30  coverage=0.3177  prec@K=0.0188  accepted=34  auc=0.9348  uauc=0.5645  loss=0.6697  (7.1s)
Round    4/30  coverage=0.3255  prec@K=0.0238  accepted=43  auc=0.9485  uauc=0.5748  loss=0.6702  (7.2s)
Round    5/30  coverage=0.3303  prec@K=0.0141  accepted=26  auc=0.9623  uauc=0.6415  loss=0.6692  (7.1s)
Round    6/30  coverage=0.3355  prec@K=0.0158  accepted=29  auc=0.9138  uauc=0.6293  loss=0.6694  (7.8s)
Round    7/30  coverage=0.3400  prec@K=0.0137  accepted=25  auc=0.9772  uauc=0.5303  loss=0.6689  (7.8s)
Round    8/30  coverage=0.3440  prec@K=0.0121  accepted=22  auc=0.8931  uauc=0.5501  loss=0.6684  (7.8s)
Round    9/30  coverage=0.3477  prec@K=0.0110  accepted=20  auc=0.9218  uauc=0.5689  loss=0.6683  (7.6s)
Round   10/30  coverage=0.3506  prec@K=0.0089  accepted=16  auc=0.9572  uauc=0.5784  loss=0.6679  (7.8s)
Round   11/30  coverage=0.3538  prec@K=0.0099  accepted=18  auc=0.9019  uauc=0.5641  loss=0.6680  (8.2s)
Round   12/30  coverage=0.3569  prec@K=0.0093  accepted=17  auc=0.9364  uauc=0.5740  loss=0.6677  (8.1s)
Round   13/30  coverage=0.3594  prec@K=0.0076  accepted=14  auc=0.6603  uauc=0.5753  loss=0.6673  (8.4s)
Round   14/30  coverage=0.3607  prec@K=0.0038  accepted=7  auc=0.7806  uauc=0.5880  loss=0.6668  (8.2s)
Round   15/30  coverage=0.3627  prec@K=0.0060  accepted=11  auc=0.6927  uauc=0.5626  loss=0.6669  (7.9s)
Round   16/30  coverage=0.3641  prec@K=0.0044  accepted=8  auc=0.9652  uauc=0.8796  loss=0.6665  (7.4s)
Round   17/30  coverage=0.3672  prec@K=0.0093  accepted=17  auc=0.8014  uauc=0.4667  loss=0.6670  (7.4s)
Round   18/30  coverage=0.3701  prec@K=0.0087  accepted=16  auc=0.9557  uauc=0.6837  loss=0.6668  (7.1s)
Round   19/30  coverage=0.3707  prec@K=0.0016  accepted=3  auc=0.6540  uauc=0.6667  loss=0.6657  (7.4s)
Round   20/30  coverage=0.3719  prec@K=0.0038  accepted=7  auc=0.8151  uauc=0.4167  loss=0.6658  (6.8s)
Round   21/30  coverage=0.3734  prec@K=0.0044  accepted=8  auc=0.4539  uauc=0.7153  loss=0.6658  (6.8s)
Round   22/30  coverage=0.3767  prec@K=0.0100  accepted=18  auc=0.6328  uauc=0.8293  loss=0.6664  (6.0s)
Round   23/30  coverage=0.3783  prec@K=0.0049  accepted=9  auc=0.7690  uauc=0.5741  loss=0.6656  (4.8s)
Round   24/30  coverage=0.3794  prec@K=0.0033  accepted=6  auc=0.4340  uauc=0.5185  loss=0.6653  (4.5s)
Round   25/30  coverage=0.3805  prec@K=0.0033  accepted=6  auc=0.6157  uauc=0.6574  loss=0.6650  (4.5s)
Round   26/30  coverage=0.3819  prec@K=0.0044  accepted=8  auc=0.7857  uauc=0.6972  loss=0.6648  (4.0s)
Round   27/30  coverage=0.3834  prec@K=0.0044  accepted=8  auc=0.6658  uauc=0.6389  loss=0.6650  (3.8s)
Round   28/30  coverage=0.3843  prec@K=0.0027  accepted=5  auc=0.1296  uauc=0.5111  loss=0.6644  (3.3s)
Round   29/30  coverage=0.3857  prec@K=0.0043  accepted=8  auc=0.6118  uauc=0.8611  loss=0.6646  (3.5s)
Round   30/30  coverage=0.3861  prec@K=0.0011  accepted=2  auc=0.5033  uauc=0.0556  loss=0.6639  (3.4s)

结果已写入 results\orchestrator\runs\ir30_constlr5e5_multiseed_bidir\dnc_email\seal_full_s42/rounds.csv
