=== dnc_email_cn_s0  started 2026-05-10T17:22:56 ===

C:\conda\envs\gnn\lib\site-packages\requests\__init__.py:86: RequestsDependencyWarning: Unable to find acceptable character detection dependency (chardet or charset_normalizer).
  warnings.warn(
C:\conda\envs\gnn\lib\site-packages\outdated\__init__.py:36: UserWarning: pkg_resources is deprecated as an API. See https://setuptools.pypa.io/en/latest/pkg_resources.html. The pkg_resources package is slated for removal as early as 2025-11-30. Refrain from using this package or pin to Setuptools<81.
  from pkg_resources import parse_version
Round    1/30  coverage=0.3094  prec@K=0.0284  accepted=52  auc=0.9445  uauc=0.6477  loss=nan  (0.1s)
Round    2/30  coverage=0.3158  prec@K=0.0195  accepted=35  auc=0.9682  uauc=0.7337  loss=nan  (0.1s)
Round    3/30  coverage=0.3235  prec@K=0.0235  accepted=43  auc=0.9201  uauc=0.5959  loss=nan  (0.1s)
Round    4/30  coverage=0.3293  prec@K=0.0178  accepted=32  auc=0.9596  uauc=0.6651  loss=nan  (0.1s)
Round    5/30  coverage=0.3417  prec@K=0.0382  accepted=68  auc=0.9718  uauc=0.7421  loss=nan  (0.1s)
Round    6/30  coverage=0.3464  prec@K=0.0143  accepted=26  auc=0.9409  uauc=0.6790  loss=nan  (0.1s)
Round    7/30  coverage=0.3518  prec@K=0.0167  accepted=30  auc=0.9028  uauc=0.5904  loss=nan  (0.1s)
Round    8/30  coverage=0.3565  prec@K=0.0144  accepted=26  auc=0.9610  uauc=0.4881  loss=nan  (0.1s)
Round    9/30  coverage=0.3665  prec@K=0.0298  accepted=55  auc=0.9391  uauc=0.6374  loss=nan  (0.1s)
Round   10/30  coverage=0.3710  prec@K=0.0139  accepted=25  auc=0.9582  uauc=0.7234  loss=nan  (0.1s)
Round   11/30  coverage=0.3757  prec@K=0.0144  accepted=26  auc=0.9780  uauc=0.5538  loss=nan  (0.2s)
Round   12/30  coverage=0.3805  prec@K=0.0143  accepted=26  auc=0.9678  uauc=0.6083  loss=nan  (0.1s)
Round   13/30  coverage=0.3890  prec@K=0.0258  accepted=47  auc=0.9582  uauc=0.6166  loss=nan  (0.1s)
Round   14/30  coverage=0.3922  prec@K=0.0101  accepted=18  auc=0.9027  uauc=0.4614  loss=nan  (0.1s)
Round   15/30  coverage=0.3953  prec@K=0.0095  accepted=17  auc=0.9154  uauc=0.5523  loss=nan  (0.1s)
Round   16/30  coverage=0.4006  prec@K=0.0159  accepted=29  auc=0.9546  uauc=0.5738  loss=nan  (0.1s)
Round   17/30  coverage=0.4066  prec@K=0.0184  accepted=33  auc=0.9703  uauc=0.5528  loss=nan  (0.2s)
Round   18/30  coverage=0.4082  prec@K=0.0049  accepted=9  auc=0.9759  uauc=0.7283  loss=nan  (0.2s)
Round   19/30  coverage=0.4144  prec@K=0.0186  accepted=34  auc=0.9489  uauc=0.6315  loss=nan  (0.2s)
Round   20/30  coverage=0.4183  prec@K=0.0122  accepted=22  auc=0.9689  uauc=0.5685  loss=nan  (0.2s)
Round   21/30  coverage=0.4223  prec@K=0.0121  accepted=22  auc=0.9185  uauc=0.6302  loss=nan  (0.3s)
Round   22/30  coverage=0.4267  prec@K=0.0135  accepted=24  auc=0.9600  uauc=0.6119  loss=nan  (0.2s)
Round   23/30  coverage=0.4332  prec@K=0.0197  accepted=36  auc=0.9530  uauc=0.6435  loss=nan  (0.2s)
Round   24/30  coverage=0.4372  prec@K=0.0123  accepted=22  auc=0.9480  uauc=0.5494  loss=nan  (0.2s)
Round   25/30  coverage=0.4425  prec@K=0.0160  accepted=29  auc=0.9798  uauc=0.7010  loss=nan  (0.2s)
Round   26/30  coverage=0.4475  prec@K=0.0156  accepted=28  auc=0.9180  uauc=0.6156  loss=nan  (0.2s)
Round   27/30  coverage=0.4510  prec@K=0.0105  accepted=19  auc=0.9574  uauc=0.5835  loss=nan  (0.2s)
Round   28/30  coverage=0.4541  prec@K=0.0092  accepted=17  auc=0.9252  uauc=0.7307  loss=nan  (0.2s)
Round   29/30  coverage=0.4553  prec@K=0.0038  accepted=7  auc=0.9957  uauc=0.7778  loss=nan  (0.2s)
Round   30/30  coverage=0.4586  prec@K=0.0098  accepted=18  auc=0.8709  uauc=0.5167  loss=nan  (0.2s)

结果已写入 results\orchestrator\runs\ir30_constlr5e5_multiseed_bidir\dnc_email\cn_s0/rounds.csv
