=== dnc_email_seal_full_s3  started 2026-05-10T17:30:00 ===

C:\conda\envs\gnn\lib\site-packages\requests\__init__.py:86: RequestsDependencyWarning: Unable to find acceptable character detection dependency (chardet or charset_normalizer).
  warnings.warn(
C:\conda\envs\gnn\lib\site-packages\outdated\__init__.py:36: UserWarning: pkg_resources is deprecated as an API. See https://setuptools.pypa.io/en/latest/pkg_resources.html. The pkg_resources package is slated for removal as early as 2025-11-30. Refrain from using this package or pin to Setuptools<81.
  from pkg_resources import parse_version
Round    1/30  coverage=0.3038  prec@K=0.0116  accepted=21  auc=0.8709  uauc=0.6295  loss=0.6271  (7.4s)
Round    2/30  coverage=0.3056  prec@K=0.0054  accepted=10  auc=0.9442  uauc=0.8724  loss=0.6248  (6.6s)
Round    3/30  coverage=0.3105  prec@K=0.0147  accepted=27  auc=0.8575  uauc=0.6018  loss=0.6284  (7.1s)
Round    4/30  coverage=0.3129  prec@K=0.0071  accepted=13  auc=0.8771  uauc=0.8290  loss=0.6253  (6.7s)
Round    5/30  coverage=0.3156  prec@K=0.0083  accepted=15  auc=0.7440  uauc=0.5704  loss=0.6259  (7.1s)
Round    6/30  coverage=0.3172  prec@K=0.0049  accepted=9  auc=0.7434  uauc=0.7654  loss=0.6243  (7.9s)
Round    7/30  coverage=0.3196  prec@K=0.0072  accepted=13  auc=0.7300  uauc=0.6698  loss=0.6248  (7.7s)
Round    8/30  coverage=0.3214  prec@K=0.0055  accepted=10  auc=0.7138  uauc=0.7014  loss=0.6243  (8.2s)
Round    9/30  coverage=0.3221  prec@K=0.0022  accepted=4  auc=0.2527  uauc=0.5417  loss=0.6232  (7.6s)
Round   10/30  coverage=0.3255  prec@K=0.0104  accepted=19  auc=0.4225  uauc=0.5076  loss=0.6255  (8.3s)
Round   11/30  coverage=0.3275  prec@K=0.0060  accepted=11  auc=0.5028  uauc=0.6815  loss=0.6245  (8.0s)
Round   12/30  coverage=0.3301  prec@K=0.0076  accepted=14  auc=0.1135  uauc=0.6992  loss=0.6248  (8.2s)
Round   13/30  coverage=0.3341  prec@K=0.0122  accepted=22  auc=0.0739  uauc=0.5780  loss=0.6260  (8.6s)
Round   14/30  coverage=0.3370  prec@K=0.0088  accepted=16  auc=0.1493  uauc=0.6059  loss=0.6248  (8.5s)
Round   15/30  coverage=0.3391  prec@K=0.0065  accepted=12  auc=0.1336  uauc=0.6002  loss=0.6241  (7.9s)
Round   16/30  coverage=0.3419  prec@K=0.0082  accepted=15  auc=0.1314  uauc=0.6260  loss=0.6245  (7.8s)
Round   17/30  coverage=0.3446  prec@K=0.0082  accepted=15  auc=0.0961  uauc=0.4478  loss=0.6246  (6.9s)
Round   18/30  coverage=0.3484  prec@K=0.0114  accepted=21  auc=0.1265  uauc=0.7598  loss=0.6253  (7.5s)
Round   19/30  coverage=0.3509  prec@K=0.0076  accepted=14  auc=0.2210  uauc=0.6541  loss=0.6242  (7.6s)
Round   20/30  coverage=0.3544  prec@K=0.0105  accepted=19  auc=0.0622  uauc=0.5134  loss=0.6248  (6.9s)
Round   21/30  coverage=0.3576  prec@K=0.0099  accepted=18  auc=0.1095  uauc=0.5028  loss=0.6250  (6.4s)
RoRound   22/30  coverage=0.3598  prec@K=0.0066  accepted=12  auc=0.0315  uauc=0.7679  loss=0.6238  (7.1s)RoRound   23/30  coverage=0.3627  prec@K=0.0087  accepted=16  auc=0.0690  uauc=0.7249  loss=0.6238  (4.9s)RoRound   24/30  coverage=0.3658  prec@K=0.0094  accepted=17  auc=0.0681  uauc=0.6583  loss=0.6240  (4.8s)RoRound   25/30  coverage=0.3669  prec@K=0.0033  accepted=6  auc=0.1676  uauc=0.2694  loss=0.6221  (4.8s)RoRound   26/30  coverage=0.3687  prec@K=0.0055  accepted=10  auc=0.0255  uauc=0.5768  loss=0.6228  (4.4s)RoRound   27/30  coverage=0.3701  prec@K=0.0044  accepted=8  auc=0.1244  uauc=0.6298  loss=0.6223  (3.7s)RoRound   28/30  coverage=0.3747  prec@K=0.0139  accepted=25  auc=0.0806  uauc=0.5631  loss=0.6253  (3.8s)RoRound   29/30  coverage=0.3759  prec@K=0.0038  accepted=7  auc=0.1262  uauc=0.3075  loss=0.6219  (3.7s)RoRound   30/30  coverage=0.3792  prec@K=0.0100  accepted=18  auc=0.0516  uauc=0.6312  loss=0.6239  (3.3s)

结果已写入 results\orchestrator\runs\ir30_constlr5e5_multiseed_bidir\dnc_email\seal_full_s3/rounds.csv
