=== dnc_email_pa_s0  started 2026-05-10T17:28:35 ===

C:\conda\envs\gnn\lib\site-packages\requests\__init__.py:86: RequestsDependencyWarning: Unable to find acceptable character detection dependency (chardet or charset_normalizer).
  warnings.warn(
C:\conda\envs\gnn\lib\site-packages\outdated\__init__.py:36: UserWarning: pkg_resources is deprecated as an API. See https://setuptools.pypa.io/en/latest/pkg_resources.html. The pkg_resources package is slated for removal as early as 2025-11-30. Refrain from using this package or pin to Setuptools<81.
  from pkg_resources import parse_version
Round    1/30  coverage=0.3080  prec@K=0.0240  accepted=44  auc=0.9630  uauc=0.6526  loss=nan  (0.1s)
Round    2/30  coverage=0.3143  prec@K=0.0195  accepted=35  auc=0.9457  uauc=0.5284  loss=nan  (0.1s)
Round    3/30  coverage=0.3219  prec@K=0.0229  accepted=42  auc=0.8971  uauc=0.6164  loss=nan  (0.1s)
Round    4/30  coverage=0.3279  prec@K=0.0184  accepted=33  auc=0.9398  uauc=0.6279  loss=nan  (0.1s)
Round    5/30  coverage=0.3382  prec@K=0.0320  accepted=57  auc=0.9506  uauc=0.5571  loss=nan  (0.1s)
Round    6/30  coverage=0.3424  prec@K=0.0127  accepted=23  auc=0.9446  uauc=0.6627  loss=nan  (0.1s)
Round    7/30  coverage=0.3477  prec@K=0.0161  accepted=29  auc=0.8529  uauc=0.5757  loss=nan  (0.1s)
Round    8/30  coverage=0.3520  prec@K=0.0133  accepted=24  auc=0.9341  uauc=0.6605  loss=nan  (0.1s)
Round    9/30  coverage=0.3594  prec@K=0.0222  accepted=41  auc=0.9312  uauc=0.5926  loss=nan  (0.1s)
Round   10/30  coverage=0.3643  prec@K=0.0150  accepted=27  auc=0.9099  uauc=0.6174  loss=nan  (0.1s)
Round   11/30  coverage=0.3676  prec@K=0.0100  accepted=18  auc=0.9371  uauc=0.6194  loss=nan  (0.2s)
Round   12/30  coverage=0.3699  prec@K=0.0072  accepted=13  auc=0.9270  uauc=0.5833  loss=nan  (0.1s)
Round   13/30  coverage=0.3776  prec@K=0.0231  accepted=42  auc=0.9421  uauc=0.4914  loss=nan  (0.1s)
Round   14/30  coverage=0.3801  prec@K=0.0078  accepted=14  auc=0.9621  uauc=0.7921  loss=nan  (0.1s)
Round   15/30  coverage=0.3828  prec@K=0.0084  accepted=15  auc=0.8998  uauc=0.7488  loss=nan  (0.1s)
Round   16/30  coverage=0.3884  prec@K=0.0171  accepted=31  auc=0.9269  uauc=0.6708  loss=nan  (0.2s)
Round   17/30  coverage=0.3933  prec@K=0.0150  accepted=27  auc=0.9609  uauc=0.7564  loss=nan  (0.2s)
Round   18/30  coverage=0.3957  prec@K=0.0070  accepted=13  auc=0.9343  uauc=0.7503  loss=nan  (0.2s)
Round   19/30  coverage=0.4002  prec@K=0.0137  accepted=25  auc=0.9572  uauc=0.6870  loss=nan  (0.2s)
Round   20/30  coverage=0.4040  prec@K=0.0116  accepted=21  auc=0.9456  uauc=0.5896  loss=nan  (0.2s)
Round   21/30  coverage=0.4076  prec@K=0.0110  accepted=20  auc=0.9339  uauc=0.5074  loss=nan  (0.2s)
Round   22/30  coverage=0.4125  prec@K=0.0152  accepted=27  auc=0.9293  uauc=0.6352  loss=nan  (0.2s)
Round   23/30  coverage=0.4171  prec@K=0.0137  accepted=25  auc=0.8783  uauc=0.4325  loss=nan  (0.2s)
Round   24/30  coverage=0.4198  prec@K=0.0084  accepted=15  auc=0.9043  uauc=0.4118  loss=nan  (0.2s)
Round   25/30  coverage=0.4232  prec@K=0.0105  accepted=19  auc=0.9262  uauc=0.4791  loss=nan  (0.2s)
Round   26/30  coverage=0.4265  prec@K=0.0100  accepted=18  auc=0.9563  uauc=0.6594  loss=nan  (0.2s)
Round   27/30  coverage=0.4283  prec@K=0.0055  accepted=10  auc=0.9193  uauc=0.5228  loss=nan  (0.2s)
Round   28/30  coverage=0.4312  prec@K=0.0087  accepted=16  auc=0.9532  uauc=0.3960  loss=nan  (0.2s)
Round   29/30  coverage=0.4321  prec@K=0.0027  accepted=5  auc=0.9475  uauc=0.4089  loss=nan  (0.3s)
Round   30/30  coverage=0.4350  prec@K=0.0088  accepted=16  auc=0.8468  uauc=0.5506  loss=nan  (0.2s)

结果已写入 results\orchestrator\runs\ir30_constlr5e5_multiseed_bidir\dnc_email\pa_s0/rounds.csv
