=== dnc_email_jaccard_s0  started 2026-05-10T17:28:18 ===

C:\conda\envs\gnn\lib\site-packages\requests\__init__.py:86: RequestsDependencyWarning: Unable to find acceptable character detection dependency (chardet or charset_normalizer).
  warnings.warn(
C:\conda\envs\gnn\lib\site-packages\outdated\__init__.py:36: UserWarning: pkg_resources is deprecated as an API. See https://setuptools.pypa.io/en/latest/pkg_resources.html. The pkg_resources package is slated for removal as early as 2025-11-30. Refrain from using this package or pin to Setuptools<81.
  from pkg_resources import parse_version
Round    1/30  coverage=0.3042  prec@K=0.0126  accepted=23  auc=0.6756  uauc=0.5015  loss=nan  (0.1s)
Round    2/30  coverage=0.3067  prec@K=0.0078  accepted=14  auc=0.6745  uauc=0.4688  loss=nan  (0.1s)
Round    3/30  coverage=0.3110  prec@K=0.0131  accepted=24  auc=0.5535  uauc=0.6300  loss=nan  (0.1s)
Round    4/30  coverage=0.3154  prec@K=0.0134  accepted=24  auc=0.6532  uauc=0.6311  loss=nan  (0.1s)
Round    5/30  coverage=0.3268  prec@K=0.0353  accepted=63  auc=0.6157  uauc=0.5584  loss=nan  (0.1s)
Round    6/30  coverage=0.3297  prec@K=0.0088  accepted=16  auc=0.6042  uauc=0.7627  loss=nan  (0.1s)
Round    7/30  coverage=0.3332  prec@K=0.0106  accepted=19  auc=0.5771  uauc=0.5916  loss=nan  (0.1s)
Round    8/30  coverage=0.3351  prec@K=0.0061  accepted=11  auc=0.6180  uauc=0.3938  loss=nan  (0.1s)
Round    9/30  coverage=0.3453  prec@K=0.0304  accepted=56  auc=0.5688  uauc=0.5361  loss=nan  (0.1s)
Round   10/30  coverage=0.3500  prec@K=0.0144  accepted=26  auc=0.6456  uauc=0.6135  loss=nan  (0.1s)
Round   11/30  coverage=0.3540  prec@K=0.0122  accepted=22  auc=0.5768  uauc=0.5783  loss=nan  (0.2s)
Round   12/30  coverage=0.3576  prec@K=0.0110  accepted=20  auc=0.6562  uauc=0.5427  loss=nan  (0.1s)
Round   13/30  coverage=0.3640  prec@K=0.0192  accepted=35  auc=0.6018  uauc=0.6098  loss=nan  (0.1s)
Round   14/30  coverage=0.3667  prec@K=0.0084  accepted=15  auc=0.6221  uauc=0.5458  loss=nan  (0.2s)
Round   15/30  coverage=0.3692  prec@K=0.0078  accepted=14  auc=0.6075  uauc=0.6010  loss=nan  (0.2s)
Round   16/30  coverage=0.3745  prec@K=0.0160  accepted=29  auc=0.5933  uauc=0.6645  loss=nan  (0.2s)
Round   17/30  coverage=0.3790  prec@K=0.0139  accepted=25  auc=0.6646  uauc=0.4411  loss=nan  (0.2s)
Round   18/30  coverage=0.3806  prec@K=0.0049  accepted=9  auc=0.6460  uauc=0.4727  loss=nan  (0.2s)
Round   19/30  coverage=0.3873  prec@K=0.0202  accepted=37  auc=0.6458  uauc=0.5404  loss=nan  (0.2s)
Round   20/30  coverage=0.3904  prec@K=0.0094  accepted=17  auc=0.6083  uauc=0.5367  loss=nan  (0.2s)
Round   21/30  coverage=0.3944  prec@K=0.0122  accepted=22  auc=0.6270  uauc=0.5976  loss=nan  (0.2s)
Round   22/30  coverage=0.3991  prec@K=0.0146  accepted=26  auc=0.6375  uauc=0.6319  loss=nan  (0.2s)
Round   23/30  coverage=0.4040  prec@K=0.0148  accepted=27  auc=0.6246  uauc=0.7215  loss=nan  (0.2s)
Round   24/30  coverage=0.4064  prec@K=0.0073  accepted=13  auc=0.6055  uauc=0.6574  loss=nan  (0.2s)
Round   25/30  coverage=0.4100  prec@K=0.0110  accepted=20  auc=0.6500  uauc=0.6535  loss=nan  (0.2s)
Round   26/30  coverage=0.4160  prec@K=0.0185  accepted=33  auc=0.6250  uauc=0.4849  loss=nan  (0.2s)
Round   27/30  coverage=0.4176  prec@K=0.0050  accepted=9  auc=0.6560  uauc=0.5131  loss=nan  (0.2s)
Round   28/30  coverage=0.4205  prec@K=0.0087  accepted=16  auc=0.5701  uauc=0.5368  loss=nan  (0.2s)
Round   29/30  coverage=0.4216  prec@K=0.0033  accepted=6  auc=0.6291  uauc=0.8333  loss=nan  (0.2s)
Round   30/30  coverage=0.4249  prec@K=0.0098  accepted=18  auc=0.6027  uauc=0.4389  loss=nan  (0.2s)

结果已写入 results\orchestrator\runs\ir30_constlr5e5_multiseed_bidir\dnc_email\jaccard_s0/rounds.csv
