=== dnc_email_pa_s1  started 2026-05-10T17:28:38 ===

C:\conda\envs\gnn\lib\site-packages\requests\__init__.py:86: RequestsDependencyWarning: Unable to find acceptable character detection dependency (chardet or charset_normalizer).
  warnings.warn(
C:\conda\envs\gnn\lib\site-packages\outdated\__init__.py:36: UserWarning: pkg_resources is deprecated as an API. See https://setuptools.pypa.io/en/latest/pkg_resources.html. The pkg_resources package is slated for removal as early as 2025-11-30. Refrain from using this package or pin to Setuptools<81.
  from pkg_resources import parse_version
Round    1/30  coverage=0.3042  prec@K=0.0125  accepted=23  auc=0.9356  uauc=0.6192  loss=nan  (0.1s)
Round    2/30  coverage=0.3145  prec@K=0.0316  accepted=57  auc=0.9613  uauc=0.6176  loss=nan  (0.1s)
Round    3/30  coverage=0.3206  prec@K=0.0185  accepted=34  auc=0.9339  uauc=0.6910  loss=nan  (0.1s)
Round    4/30  coverage=0.3245  prec@K=0.0116  accepted=21  auc=0.9423  uauc=0.5602  loss=nan  (0.1s)
Round    5/30  coverage=0.3319  prec@K=0.0228  accepted=41  auc=0.9265  uauc=0.6018  loss=nan  (0.1s)
Round    6/30  coverage=0.3355  prec@K=0.0110  accepted=20  auc=0.9773  uauc=0.7005  loss=nan  (0.1s)
Round    7/30  coverage=0.3417  prec@K=0.0186  accepted=34  auc=0.9315  uauc=0.7630  loss=nan  (0.1s)
Round    8/30  coverage=0.3478  prec@K=0.0186  accepted=34  auc=0.9356  uauc=0.5652  loss=nan  (0.1s)
Round    9/30  coverage=0.3511  prec@K=0.0098  accepted=18  auc=0.9081  uauc=0.6021  loss=nan  (0.1s)
Round   10/30  coverage=0.3580  prec@K=0.0207  accepted=38  auc=0.9204  uauc=0.5538  loss=nan  (0.1s)
Round   11/30  coverage=0.3623  prec@K=0.0131  accepted=24  auc=0.9517  uauc=0.5883  loss=nan  (0.2s)
Round   12/30  coverage=0.3685  prec@K=0.0188  accepted=34  auc=0.9509  uauc=0.6708  loss=nan  (0.1s)
Round   13/30  coverage=0.3710  prec@K=0.0077  accepted=14  auc=0.9583  uauc=0.5131  loss=nan  (0.1s)
Round   14/30  coverage=0.3770  prec@K=0.0182  accepted=33  auc=0.9515  uauc=0.5422  loss=nan  (0.2s)
Round   15/30  coverage=0.3783  prec@K=0.0038  accepted=7  auc=0.7786  uauc=0.5317  loss=nan  (0.2s)
Round   16/30  coverage=0.3826  prec@K=0.0130  accepted=24  auc=0.9280  uauc=0.4038  loss=nan  (0.2s)
Round   17/30  coverage=0.3857  prec@K=0.0092  accepted=17  auc=0.9205  uauc=0.5332  loss=nan  (0.2s)
Round   18/30  coverage=0.3897  prec@K=0.0121  accepted=22  auc=0.9545  uauc=0.4174  loss=nan  (0.2s)
Round   19/30  coverage=0.3948  prec@K=0.0153  accepted=28  auc=0.9659  uauc=0.4364  loss=nan  (0.2s)
Round   20/30  coverage=0.3995  prec@K=0.0142  accepted=26  auc=0.9535  uauc=0.5998  loss=nan  (0.2s)
Round   21/30  coverage=0.4015  prec@K=0.0060  accepted=11  auc=0.8935  uauc=0.6901  loss=nan  (0.2s)
Round   22/30  coverage=0.4042  prec@K=0.0083  accepted=15  auc=0.9349  uauc=0.4894  loss=nan  (0.2s)
Round   23/30  coverage=0.4069  prec@K=0.0082  accepted=15  auc=0.9613  uauc=0.7492  loss=nan  (0.2s)
Round   24/30  coverage=0.4096  prec@K=0.0082  accepted=15  auc=0.9618  uauc=0.3831  loss=nan  (0.2s)
Round   25/30  coverage=0.4136  prec@K=0.0121  accepted=22  auc=0.9369  uauc=0.3701  loss=nan  (0.2s)
Round   26/30  coverage=0.4160  prec@K=0.0071  accepted=13  auc=0.9715  uauc=0.6227  loss=nan  (0.2s)
Round   27/30  coverage=0.4202  prec@K=0.0126  accepted=23  auc=0.9146  uauc=0.4630  loss=nan  (0.2s)
Round   28/30  coverage=0.4221  prec@K=0.0060  accepted=11  auc=0.9077  uauc=0.6094  loss=nan  (0.2s)
Round   29/30  coverage=0.4245  prec@K=0.0070  accepted=13  auc=0.9349  uauc=0.6073  loss=nan  (0.2s)
Round   30/30  coverage=0.4267  prec@K=0.0066  accepted=12  auc=0.8532  uauc=0.6475  loss=nan  (0.2s)

结果已写入 results\orchestrator\runs\ir30_constlr5e5_multiseed_bidir\dnc_email\pa_s1/rounds.csv
