=== dnc_email_gnn_concat_h8_s42  started 2026-05-10T17:25:31 ===

C:\conda\envs\gnn\lib\site-packages\requests\__init__.py:86: RequestsDependencyWarning: Unable to find acceptable character detection dependency (chardet or charset_normalizer).
  warnings.warn(
C:\conda\envs\gnn\lib\site-packages\outdated\__init__.py:36: UserWarning: pkg_resources is deprecated as an API. See https://setuptools.pypa.io/en/latest/pkg_resources.html. The pkg_resources package is slated for removal as early as 2025-11-30. Refrain from using this package or pin to Setuptools<81.
  from pkg_resources import parse_version
Round    1/30  coverage=0.3060  prec@K=0.0183  accepted=33  auc=0.5814  uauc=0.5744  loss=0.6773  (2.4s)
Round    2/30  coverage=0.3136  prec@K=0.0230  accepted=42  auc=0.4151  uauc=0.6531  loss=0.6775  (1.5s)
Round    3/30  coverage=0.3205  prec@K=0.0210  accepted=38  auc=0.4423  uauc=0.5757  loss=0.6762  (1.5s)
Round    4/30  coverage=0.3286  prec@K=0.0249  accepted=45  auc=0.3801  uauc=0.6219  loss=0.6747  (1.6s)
Round    5/30  coverage=0.3328  prec@K=0.0125  accepted=23  auc=0.4021  uauc=0.5786  loss=0.6752  (1.5s)
Round    6/30  coverage=0.3408  prec@K=0.0240  accepted=44  auc=0.4633  uauc=0.7322  loss=0.6735  (1.9s)
Round    7/30  coverage=0.3453  prec@K=0.0138  accepted=25  auc=0.4914  uauc=0.8286  loss=0.6723  (2.0s)
Round    8/30  coverage=0.3531  prec@K=0.0237  accepted=43  auc=0.3553  uauc=0.6770  loss=0.6731  (1.7s)
Round    9/30  coverage=0.3587  prec@K=0.0170  accepted=31  auc=0.3378  uauc=0.8139  loss=0.6718  (1.7s)
Round   10/30  coverage=0.3616  prec@K=0.0089  accepted=16  auc=0.3872  uauc=0.6341  loss=0.6712  (1.5s)
Round   11/30  coverage=0.3680  prec@K=0.0193  accepted=35  auc=0.2523  uauc=0.6268  loss=0.6712  (1.7s)
Round   12/30  coverage=0.3719  prec@K=0.0120  accepted=22  auc=0.4770  uauc=0.6361  loss=0.6695  (1.7s)
Round   13/30  coverage=0.3781  prec@K=0.0185  accepted=34  auc=0.2354  uauc=0.7555  loss=0.6705  (1.7s)
Round   14/30  coverage=0.3848  prec@K=0.0203  accepted=37  auc=0.1990  uauc=0.6289  loss=0.6685  (1.7s)
Round   15/30  coverage=0.3917  prec@K=0.0208  accepted=38  auc=0.2161  uauc=0.7244  loss=0.6689  (1.7s)
Round   16/30  coverage=0.3960  prec@K=0.0132  accepted=24  auc=0.2535  uauc=0.7674  loss=0.6671  (1.8s)
Round   17/30  coverage=0.4024  prec@K=0.0192  accepted=35  auc=0.3013  uauc=0.6574  loss=0.6659  (1.8s)
Round   18/30  coverage=0.4075  prec@K=0.0153  accepted=28  auc=0.5160  uauc=0.6378  loss=0.6660  (1.8s)
Round   19/30  coverage=0.4086  prec@K=0.0033  accepted=6  auc=0.1235  uauc=0.6745  loss=0.6636  (1.6s)
Round   20/30  coverage=0.4118  prec@K=0.0099  accepted=18  auc=0.4110  uauc=0.5951  loss=0.6623  (1.8s)
Round   21/30  coverage=0.4158  prec@K=0.0121  accepted=22  auc=0.2013  uauc=0.7147  loss=0.6639  (1.9s)
Round   22/30  coverage=0.4211  prec@K=0.0161  accepted=29  auc=0.3753  uauc=0.6379  loss=0.6639  (1.6s)
Round   23/30  coverage=0.4261  prec@K=0.0151  accepted=28  auc=0.3212  uauc=0.7157  loss=0.6653  (1.7s)
Round   24/30  coverage=0.4285  prec@K=0.0071  accepted=13  auc=0.1716  uauc=0.6261  loss=0.6611  (1.8s)
Round   25/30  coverage=0.4327  prec@K=0.0126  accepted=23  auc=0.3514  uauc=0.7817  loss=0.6612  (1.8s)
Round   26/30  coverage=0.4361  prec@K=0.0104  accepted=19  auc=0.2520  uauc=0.7188  loss=0.6604  (1.9s)
Round   27/30  coverage=0.4396  prec@K=0.0104  accepted=19  auc=0.1610  uauc=0.6101  loss=0.6586  (1.8s)
Round   28/30  coverage=0.4443  prec@K=0.0142  accepted=26  auc=0.2179  uauc=0.6669  loss=0.6600  (1.7s)
Round   29/30  coverage=0.4479  prec@K=0.0109  accepted=20  auc=0.3117  uauc=0.5640  loss=0.6597  (1.9s)
Round   30/30  coverage=0.4508  prec@K=0.0088  accepted=16  auc=0.2102  uauc=0.6198  loss=0.6586  (1.9s)

结果已写入 results\orchestrator\runs\ir30_constlr5e5_multiseed_bidir\dnc_email\gnn_concat_h8_s42/rounds.csv
