=== email_eu_gnn_h32_s0  started 2026-05-10T17:17:17 ===

C:\conda\envs\gnn\lib\site-packages\requests\__init__.py:86: RequestsDependencyWarning: Unable to find acceptable character detection dependency (chardet or charset_normalizer).
  warnings.warn(
C:\conda\envs\gnn\lib\site-packages\outdated\__init__.py:36: UserWarning: pkg_resources is deprecated as an API. See https://setuptools.pypa.io/en/latest/pkg_resources.html. The pkg_resources package is slated for removal as early as 2025-11-30. Refrain from using this package or pin to Setuptools<81.
  from pkg_resources import parse_version
Round    1/30  coverage=0.3078  prec@K=0.1992  accepted=195  auc=0.8000  uauc=0.6711  loss=0.6991  (2.8s)
Round    2/30  coverage=0.3156  prec@K=0.1980  accepted=194  auc=0.7474  uauc=0.6140  loss=0.6988  (1.8s)
Round    3/30  coverage=0.3232  prec@K=0.1963  accepted=189  auc=0.7861  uauc=0.6920  loss=0.6987  (1.9s)
Round    4/30  coverage=0.3314  prec@K=0.2119  accepted=206  auc=0.7762  uauc=0.6394  loss=0.6976  (2.0s)
Round    5/30  coverage=0.3382  prec@K=0.1751  accepted=170  auc=0.7770  uauc=0.6831  loss=0.6985  (2.0s)
Round    6/30  coverage=0.3445  prec@K=0.1607  accepted=156  auc=0.7580  uauc=0.6400  loss=0.6983  (1.9s)
Round    7/30  coverage=0.3506  prec@K=0.1571  accepted=153  auc=0.7248  uauc=0.7073  loss=0.6983  (1.9s)
Round    8/30  coverage=0.3573  prec@K=0.1684  accepted=165  auc=0.7032  uauc=0.6192  loss=0.6977  (2.2s)
Round    9/30  coverage=0.3647  prec@K=0.1921  accepted=186  auc=0.6956  uauc=0.6900  loss=0.6965  (1.9s)
Round   10/30  coverage=0.3709  prec@K=0.1584  accepted=153  auc=0.6928  uauc=0.6290  loss=0.6981  (2.1s)
Round   11/30  coverage=0.3757  prec@K=0.1253  accepted=122  auc=0.6591  uauc=0.6260  loss=0.6975  (2.0s)
Round   12/30  coverage=0.3823  prec@K=0.1663  accepted=163  auc=0.6335  uauc=0.7190  loss=0.6965  (2.1s)
Round   13/30  coverage=0.3877  prec@K=0.1377  accepted=134  auc=0.6107  uauc=0.7086  loss=0.6957  (2.1s)
Round   14/30  coverage=0.3923  prec@K=0.1184  accepted=116  auc=0.6023  uauc=0.7191  loss=0.6960  (2.2s)
Round   15/30  coverage=0.3970  prec@K=0.1233  accepted=118  auc=0.5837  uauc=0.7130  loss=0.6941  (2.1s)
Round   16/30  coverage=0.4012  prec@K=0.1068  accepted=104  auc=0.5319  uauc=0.7285  loss=0.6940  (2.3s)
Round   17/30  coverage=0.4048  prec@K=0.0908  accepted=89  auc=0.5080  uauc=0.7127  loss=0.6926  (2.2s)
Round   18/30  coverage=0.4085  prec@K=0.0944  accepted=92  auc=0.4950  uauc=0.6989  loss=0.6912  (2.3s)
Round   19/30  coverage=0.4118  prec@K=0.0848  accepted=83  auc=0.4735  uauc=0.6526  loss=0.6904  (2.1s)
Round   20/30  coverage=0.4158  prec@K=0.1030  accepted=100  auc=0.4760  uauc=0.7165  loss=0.6888  (2.3s)
Round   21/30  coverage=0.4183  prec@K=0.0649  accepted=63  auc=0.4892  uauc=0.6562  loss=0.6874  (2.4s)
Round   22/30  coverage=0.4221  prec@K=0.0959  accepted=93  auc=0.3541  uauc=0.7349  loss=0.6867  (2.2s)
Round   23/30  coverage=0.4250  prec@K=0.0755  accepted=74  auc=0.3581  uauc=0.6676  loss=0.6857  (2.4s)
Round   24/30  coverage=0.4277  prec@K=0.0684  accepted=67  auc=0.4537  uauc=0.7818  loss=0.6837  (2.1s)
Round   25/30  coverage=0.4309  prec@K=0.0807  accepted=79  auc=0.3945  uauc=0.6876  loss=0.6838  (2.1s)
Round   26/30  coverage=0.4340  prec@K=0.0811  accepted=78  auc=0.3978  uauc=0.7569  loss=0.6816  (2.3s)
Round   27/30  coverage=0.4369  prec@K=0.0735  accepted=72  auc=0.3357  uauc=0.7214  loss=0.6810  (2.1s)
Round   28/30  coverage=0.4401  prec@K=0.0816  accepted=80  auc=0.3162  uauc=0.7428  loss=0.6804  (2.2s)
Round   29/30  coverage=0.4434  prec@K=0.0843  accepted=82  auc=0.3571  uauc=0.7505  loss=0.6785  (2.2s)
Round   30/30  coverage=0.4463  prec@K=0.0745  accepted=73  auc=0.2808  uauc=0.6149  loss=0.6783  (2.1s)

结果已写入 results\orchestrator\runs\ir30_constlr5e5_multiseed_bidir\email_eu\gnn_h32_s0/rounds.csv
