=== email_eu_jaccard_s1  started 2026-05-10T17:20:39 ===

C:\conda\envs\gnn\lib\site-packages\requests\__init__.py:86: RequestsDependencyWarning: Unable to find acceptable character detection dependency (chardet or charset_normalizer).
  warnings.warn(
C:\conda\envs\gnn\lib\site-packages\outdated\__init__.py:36: UserWarning: pkg_resources is deprecated as an API. See https://setuptools.pypa.io/en/latest/pkg_resources.html. The pkg_resources package is slated for removal as early as 2025-11-30. Refrain from using this package or pin to Setuptools<81.
  from pkg_resources import parse_version
Round    1/30  coverage=0.3081  prec@K=0.2078  accepted=203  auc=0.6619  uauc=0.6259  loss=nan  (0.2s)
Round    2/30  coverage=0.3157  prec@K=0.1949  accepted=190  auc=0.6866  uauc=0.6397  loss=nan  (0.1s)
Round    3/30  coverage=0.3242  prec@K=0.2160  accepted=211  auc=0.6671  uauc=0.6041  loss=nan  (0.1s)
Round    4/30  coverage=0.3290  prec@K=0.1226  accepted=119  auc=0.6577  uauc=0.6324  loss=nan  (0.1s)
Round    5/30  coverage=0.3365  prec@K=0.1932  accepted=188  auc=0.7296  uauc=0.6093  loss=nan  (0.1s)
Round    6/30  coverage=0.3438  prec@K=0.1847  accepted=181  auc=0.6888  uauc=0.5727  loss=nan  (0.1s)
Round    7/30  coverage=0.3500  prec@K=0.1583  accepted=155  auc=0.7304  uauc=0.6241  loss=nan  (0.1s)
Round    8/30  coverage=0.3579  prec@K=0.2014  accepted=196  auc=0.6442  uauc=0.5881  loss=nan  (0.1s)
Round    9/30  coverage=0.3647  prec@K=0.1759  accepted=171  auc=0.6970  uauc=0.6239  loss=nan  (0.1s)
Round   10/30  coverage=0.3705  prec@K=0.1503  accepted=144  auc=0.7283  uauc=0.6712  loss=nan  (0.1s)
Round   11/30  coverage=0.3763  prec@K=0.1483  accepted=144  auc=0.6877  uauc=0.6326  loss=nan  (0.2s)
Round   12/30  coverage=0.3829  prec@K=0.1706  accepted=165  auc=0.6673  uauc=0.6195  loss=nan  (0.1s)
Round   13/30  coverage=0.3897  prec@K=0.1745  accepted=170  auc=0.6897  uauc=0.5544  loss=nan  (0.1s)
Round   14/30  coverage=0.3954  prec@K=0.1469  accepted=141  auc=0.6899  uauc=0.6076  loss=nan  (0.1s)
Round   15/30  coverage=0.4007  prec@K=0.1374  accepted=134  auc=0.6547  uauc=0.6094  loss=nan  (0.1s)
Round   16/30  coverage=0.4078  prec@K=0.1823  accepted=177  auc=0.6909  uauc=0.5799  loss=nan  (0.1s)
Round   17/30  coverage=0.4120  prec@K=0.1051  accepted=103  auc=0.7314  uauc=0.6601  loss=nan  (0.1s)
Round   18/30  coverage=0.4169  prec@K=0.1255  accepted=123  auc=0.6953  uauc=0.5493  loss=nan  (0.1s)
Round   19/30  coverage=0.4224  prec@K=0.1421  accepted=138  auc=0.7401  uauc=0.6273  loss=nan  (0.1s)
Round   20/30  coverage=0.4281  prec@K=0.1458  accepted=142  auc=0.6783  uauc=0.6250  loss=nan  (0.1s)
Round   21/30  coverage=0.4335  prec@K=0.1379  accepted=134  auc=0.7345  uauc=0.6452  loss=nan  (0.3s)
Round   22/30  coverage=0.4389  prec@K=0.1367  accepted=134  auc=0.7113  uauc=0.6121  loss=nan  (0.1s)
Round   23/30  coverage=0.4440  prec@K=0.1304  accepted=127  auc=0.6807  uauc=0.6141  loss=nan  (0.1s)
Round   24/30  coverage=0.4502  prec@K=0.1571  accepted=154  auc=0.7509  uauc=0.6632  loss=nan  (0.1s)
Round   25/30  coverage=0.4548  prec@K=0.1201  accepted=116  auc=0.7356  uauc=0.6563  loss=nan  (0.1s)
Round   26/30  coverage=0.4596  prec@K=0.1227  accepted=120  auc=0.7052  uauc=0.6592  loss=nan  (0.1s)
Round   27/30  coverage=0.4644  prec@K=0.1227  accepted=120  auc=0.7241  uauc=0.6875  loss=nan  (0.1s)
Round   28/30  coverage=0.4685  prec@K=0.1038  accepted=101  auc=0.7084  uauc=0.6226  loss=nan  (0.1s)
Round   29/30  coverage=0.4738  prec@K=0.1367  accepted=133  auc=0.7119  uauc=0.6532  loss=nan  (0.1s)
Round   30/30  coverage=0.4780  prec@K=0.1052  accepted=103  auc=0.7325  uauc=0.6633  loss=nan  (0.1s)

结果已写入 results\orchestrator\runs\ir30_constlr5e5_multiseed_bidir\email_eu\jaccard_s1/rounds.csv
