=== email_eu_aa_s1  started 2026-05-10T17:14:48 ===

C:\conda\envs\gnn\lib\site-packages\requests\__init__.py:86: RequestsDependencyWarning: Unable to find acceptable character detection dependency (chardet or charset_normalizer).
  warnings.warn(
C:\conda\envs\gnn\lib\site-packages\outdated\__init__.py:36: UserWarning: pkg_resources is deprecated as an API. See https://setuptools.pypa.io/en/latest/pkg_resources.html. The pkg_resources package is slated for removal as early as 2025-11-30. Refrain from using this package or pin to Setuptools<81.
  from pkg_resources import parse_version
Round    1/30  coverage=0.3100  prec@K=0.2549  accepted=249  auc=0.8455  uauc=0.6091  loss=nan  (0.2s)
Round    2/30  coverage=0.3186  prec@K=0.2215  accepted=216  auc=0.8089  uauc=0.6767  loss=nan  (0.1s)
Round    3/30  coverage=0.3275  prec@K=0.2272  accepted=222  auc=0.8343  uauc=0.6432  loss=nan  (0.1s)
Round    4/30  coverage=0.3346  prec@K=0.1816  accepted=176  auc=0.8511  uauc=0.6752  loss=nan  (0.1s)
Round    5/30  coverage=0.3427  prec@K=0.2088  accepted=203  auc=0.8255  uauc=0.6308  loss=nan  (0.1s)
Round    6/30  coverage=0.3501  prec@K=0.1867  accepted=183  auc=0.8272  uauc=0.6249  loss=nan  (0.1s)
Round    7/30  coverage=0.3581  prec@K=0.2033  accepted=199  auc=0.7937  uauc=0.6457  loss=nan  (0.1s)
Round    8/30  coverage=0.3664  prec@K=0.2127  accepted=207  auc=0.8125  uauc=0.6367  loss=nan  (0.1s)
Round    9/30  coverage=0.3741  prec@K=0.1986  accepted=193  auc=0.8302  uauc=0.6799  loss=nan  (0.1s)
Round   10/30  coverage=0.3800  prec@K=0.1534  accepted=147  auc=0.8750  uauc=0.7436  loss=nan  (0.1s)
Round   11/30  coverage=0.3864  prec@K=0.1636  accepted=159  auc=0.8586  uauc=0.6541  loss=nan  (0.2s)
Round   12/30  coverage=0.3930  prec@K=0.1717  accepted=166  auc=0.8125  uauc=0.6112  loss=nan  (0.1s)
Round   13/30  coverage=0.4002  prec@K=0.1829  accepted=178  auc=0.8097  uauc=0.6249  loss=nan  (0.1s)
Round   14/30  coverage=0.4067  prec@K=0.1691  accepted=162  auc=0.8569  uauc=0.6895  loss=nan  (0.1s)
Round   15/30  coverage=0.4130  prec@K=0.1610  accepted=157  auc=0.8377  uauc=0.6621  loss=nan  (0.1s)
Round   16/30  coverage=0.4200  prec@K=0.1792  accepted=174  auc=0.8560  uauc=0.7088  loss=nan  (0.1s)
Round   17/30  coverage=0.4249  prec@K=0.1265  accepted=124  auc=0.8289  uauc=0.6158  loss=nan  (0.1s)
Round   18/30  coverage=0.4297  prec@K=0.1214  accepted=119  auc=0.8409  uauc=0.6362  loss=nan  (0.1s)
Round   19/30  coverage=0.4354  prec@K=0.1473  accepted=143  auc=0.8520  uauc=0.5956  loss=nan  (0.1s)
Round   20/30  coverage=0.4419  prec@K=0.1643  accepted=160  auc=0.8648  uauc=0.6214  loss=nan  (0.1s)
Round   21/30  coverage=0.4477  prec@K=0.1502  accepted=146  auc=0.8190  uauc=0.6217  loss=nan  (0.3s)
Round   22/30  coverage=0.4523  prec@K=0.1163  accepted=114  auc=0.8301  uauc=0.6039  loss=nan  (0.1s)
Round   23/30  coverage=0.4576  prec@K=0.1355  accepted=132  auc=0.8003  uauc=0.6057  loss=nan  (0.1s)
Round   24/30  coverage=0.4630  prec@K=0.1367  accepted=134  auc=0.8321  uauc=0.6648  loss=nan  (0.1s)
Round   25/30  coverage=0.4680  prec@K=0.1323  accepted=127  auc=0.8053  uauc=0.6296  loss=nan  (0.1s)
Round   26/30  coverage=0.4733  prec@K=0.1338  accepted=131  auc=0.8231  uauc=0.6870  loss=nan  (0.1s)
Round   27/30  coverage=0.4777  prec@K=0.1131  accepted=110  auc=0.8033  uauc=0.6591  loss=nan  (0.1s)
Round   28/30  coverage=0.4817  prec@K=0.1023  accepted=99  auc=0.8227  uauc=0.6073  loss=nan  (0.1s)
Round   29/30  coverage=0.4866  prec@K=0.1263  accepted=123  auc=0.8388  uauc=0.5963  loss=nan  (0.2s)
Round   30/30  coverage=0.4918  prec@K=0.1318  accepted=129  auc=0.8348  uauc=0.6566  loss=nan  (0.2s)

结果已写入 results\orchestrator\runs\ir30_constlr5e5_multiseed_bidir\email_eu\aa_s1/rounds.csv
