=== email_eu_cn_s1  started 2026-05-10T17:14:48 ===

C:\conda\envs\gnn\lib\site-packages\requests\__init__.py:86: RequestsDependencyWarning: Unable to find acceptable character detection dependency (chardet or charset_normalizer).
  warnings.warn(
C:\conda\envs\gnn\lib\site-packages\outdated\__init__.py:36: UserWarning: pkg_resources is deprecated as an API. See https://setuptools.pypa.io/en/latest/pkg_resources.html. The pkg_resources package is slated for removal as early as 2025-11-30. Refrain from using this package or pin to Setuptools<81.
  from pkg_resources import parse_version
Round    1/30  coverage=0.3093  prec@K=0.2375  accepted=232  auc=0.8638  uauc=0.6414  loss=nan  (0.2s)
Round    2/30  coverage=0.3175  prec@K=0.2092  accepted=204  auc=0.8098  uauc=0.6835  loss=nan  (0.1s)
Round    3/30  coverage=0.3254  prec@K=0.2037  accepted=199  auc=0.8095  uauc=0.6108  loss=nan  (0.1s)
Round    4/30  coverage=0.3312  prec@K=0.1485  accepted=144  auc=0.8583  uauc=0.6952  loss=nan  (0.1s)
Round    5/30  coverage=0.3393  prec@K=0.2078  accepted=202  auc=0.8211  uauc=0.6516  loss=nan  (0.1s)
Round    6/30  coverage=0.3463  prec@K=0.1765  accepted=173  auc=0.8183  uauc=0.6315  loss=nan  (0.1s)
Round    7/30  coverage=0.3528  prec@K=0.1655  accepted=162  auc=0.7869  uauc=0.6254  loss=nan  (0.1s)
Round    8/30  coverage=0.3606  prec@K=0.2004  accepted=195  auc=0.7975  uauc=0.5900  loss=nan  (0.1s)
Round    9/30  coverage=0.3678  prec@K=0.1852  accepted=180  auc=0.8213  uauc=0.6323  loss=nan  (0.1s)
Round   10/30  coverage=0.3737  prec@K=0.1524  accepted=146  auc=0.8485  uauc=0.6146  loss=nan  (0.1s)
Round   11/30  coverage=0.3796  prec@K=0.1512  accepted=147  auc=0.8437  uauc=0.5819  loss=nan  (0.2s)
Round   12/30  coverage=0.3861  prec@K=0.1696  accepted=164  auc=0.8406  uauc=0.6629  loss=nan  (0.1s)
Round   13/30  coverage=0.3930  prec@K=0.1757  accepted=171  auc=0.8162  uauc=0.6327  loss=nan  (0.1s)
Round   14/30  coverage=0.3992  prec@K=0.1609  accepted=154  auc=0.8504  uauc=0.6704  loss=nan  (0.1s)
Round   15/30  coverage=0.4051  prec@K=0.1508  accepted=147  auc=0.8166  uauc=0.6443  loss=nan  (0.1s)
Round   16/30  coverage=0.4115  prec@K=0.1658  accepted=161  auc=0.8381  uauc=0.7010  loss=nan  (0.1s)
Round   17/30  coverage=0.4167  prec@K=0.1327  accepted=130  auc=0.8272  uauc=0.6201  loss=nan  (0.1s)
Round   18/30  coverage=0.4210  prec@K=0.1092  accepted=107  auc=0.8166  uauc=0.6396  loss=nan  (0.1s)
Round   19/30  coverage=0.4271  prec@K=0.1565  accepted=152  auc=0.8651  uauc=0.6229  loss=nan  (0.1s)
Round   20/30  coverage=0.4320  prec@K=0.1253  accepted=122  auc=0.8755  uauc=0.6356  loss=nan  (0.1s)
Round   21/30  coverage=0.4371  prec@K=0.1296  accepted=126  auc=0.8322  uauc=0.6818  loss=nan  (0.2s)
Round   22/30  coverage=0.4425  prec@K=0.1388  accepted=136  auc=0.7909  uauc=0.5288  loss=nan  (0.1s)
Round   23/30  coverage=0.4480  prec@K=0.1407  accepted=137  auc=0.8012  uauc=0.6096  loss=nan  (0.1s)
Round   24/30  coverage=0.4539  prec@K=0.1500  accepted=147  auc=0.8374  uauc=0.6430  loss=nan  (0.1s)
Round   25/30  coverage=0.4592  prec@K=0.1376  accepted=132  auc=0.8279  uauc=0.5929  loss=nan  (0.1s)
Round   26/30  coverage=0.4648  prec@K=0.1410  accepted=138  auc=0.8220  uauc=0.6085  loss=nan  (0.1s)
Round   27/30  coverage=0.4690  prec@K=0.1080  accepted=105  auc=0.7712  uauc=0.6518  loss=nan  (0.1s)
Round   28/30  coverage=0.4732  prec@K=0.1096  accepted=106  auc=0.8079  uauc=0.5647  loss=nan  (0.1s)
Round   29/30  coverage=0.4781  prec@K=0.1253  accepted=122  auc=0.8144  uauc=0.5206  loss=nan  (0.1s)
Round   30/30  coverage=0.4827  prec@K=0.1175  accepted=115  auc=0.7904  uauc=0.5584  loss=nan  (0.1s)

结果已写入 results\orchestrator\runs\ir30_constlr5e5_multiseed_bidir\email_eu\cn_s1/rounds.csv
