=== email_eu_seal_full_s0  started 2026-05-10T17:21:10 ===

C:\conda\envs\gnn\lib\site-packages\requests\__init__.py:86: RequestsDependencyWarning: Unable to find acceptable character detection dependency (chardet or charset_normalizer).
  warnings.warn(
C:\conda\envs\gnn\lib\site-packages\outdated\__init__.py:36: UserWarning: pkg_resources is deprecated as an API. See https://setuptools.pypa.io/en/latest/pkg_resources.html. The pkg_resources package is slated for removal as early as 2025-11-30. Refrain from using this package or pin to Setuptools<81.
  from pkg_resources import parse_version
Round    1/30  coverage=0.3016  prec@K=0.0419  accepted=41  auc=0.5318  uauc=0.6301  loss=0.6654  (5.7s)
Round    2/30  coverage=0.3030  prec@K=0.0357  accepted=35  auc=0.5440  uauc=0.5781  loss=0.6648  (4.1s)
Round    3/30  coverage=0.3043  prec@K=0.0343  accepted=33  auc=0.4183  uauc=0.5972  loss=0.6645  (4.1s)
Round    4/30  coverage=0.3059  prec@K=0.0412  accepted=40  auc=0.4049  uauc=0.5929  loss=0.6649  (4.0s)
Round    5/30  coverage=0.3071  prec@K=0.0289  accepted=28  auc=0.4692  uauc=0.5266  loss=0.6635  (4.1s)
Round    6/30  coverage=0.3084  prec@K=0.0350  accepted=34  auc=0.2228  uauc=0.5571  loss=0.6641  (3.8s)
Round    7/30  coverage=0.3098  prec@K=0.0349  accepted=34  auc=0.4968  uauc=0.6277  loss=0.6636  (3.8s)
Round    8/30  coverage=0.3113  prec@K=0.0378  accepted=37  auc=0.3907  uauc=0.4450  loss=0.6636  (4.3s)
Round    9/30  coverage=0.3130  prec@K=0.0433  accepted=42  auc=0.4590  uauc=0.5617  loss=0.6640  (3.8s)
Round   10/30  coverage=0.3139  prec@K=0.0228  accepted=22  auc=0.4505  uauc=0.5714  loss=0.6620  (4.0s)
Round   11/30  coverage=0.3149  prec@K=0.0257  accepted=25  auc=0.3635  uauc=0.5529  loss=0.6623  (4.2s)
Round   12/30  coverage=0.3163  prec@K=0.0358  accepted=35  auc=0.3335  uauc=0.5499  loss=0.6628  (3.8s)
Round   13/30  coverage=0.3177  prec@K=0.0360  accepted=35  auc=0.3993  uauc=0.5526  loss=0.6625  (3.9s)
Round   14/30  coverage=0.3187  prec@K=0.0276  accepted=27  auc=0.4412  uauc=0.5688  loss=0.6616  (4.1s)
Round   15/30  coverage=0.3202  prec@K=0.0376  accepted=36  auc=0.4565  uauc=0.5851  loss=0.6622  (4.0s)
Round   16/30  coverage=0.3216  prec@K=0.0370  accepted=36  auc=0.4395  uauc=0.5099  loss=0.6619  (4.3s)
Round   17/30  coverage=0.3225  prec@K=0.0224  accepted=22  auc=0.3982  uauc=0.6175  loss=0.6608  (4.4s)
Round   18/30  coverage=0.3237  prec@K=0.0308  accepted=30  auc=0.3393  uauc=0.3858  loss=0.6614  (4.9s)
Round   19/30  coverage=0.3249  prec@K=0.0307  accepted=30  auc=0.2201  uauc=0.4175  loss=0.6615  (4.7s)
Round   20/30  coverage=0.3257  prec@K=0.0196  accepted=19  auc=0.3953  uauc=0.6215  loss=0.6600  (4.6s)
Round   21/30  coverage=0.3268  prec@K=0.0279  accepted=27  auc=0.3761  uauc=0.4599  loss=0.6604  (5.3s)
Round   22/30  coverage=0.3279  prec@K=0.0289  accepted=28  auc=0.3522  uauc=0.4040  loss=0.6603  (5.4s)
Round   23/30  coverage=0.3290  prec@K=0.0276  accepted=27  auc=0.4208  uauc=0.6325  loss=0.6600  (5.5s)
Round   24/30  coverage=0.3298  prec@K=0.0214  accepted=21  auc=0.3779  uauc=0.4998  loss=0.6596  (5.2s)
Round   25/30  coverage=0.3309  prec@K=0.0277  accepted=27  auc=0.3448  uauc=0.4847  loss=0.6600  (5.2s)
Round   26/30  coverage=0.3316  prec@K=0.0187  accepted=18  auc=0.4413  uauc=0.4772  loss=0.6586  (4.6s)
Round   27/30  coverage=0.3329  prec@K=0.0316  accepted=31  auc=0.3514  uauc=0.5135  loss=0.6596  (4.8s)
Round   28/30  coverage=0.3335  prec@K=0.0173  accepted=17  auc=0.3215  uauc=0.4165  loss=0.6582  (4.9s)
Round   29/30  coverage=0.3346  prec@K=0.0267  accepted=26  auc=0.3472  uauc=0.4807  loss=0.6590  (4.6s)
Round   30/30  coverage=0.3353  prec@K=0.0173  accepted=17  auc=0.2927  uauc=0.6801  loss=0.6580  (4.9s)

结果已写入 results\orchestrator\runs\ir30_constlr5e5_multiseed_bidir\email_eu\seal_full_s0/rounds.csv
