=== email_eu_aa_s0  started 2026-05-10T17:14:48 ===

C:\conda\envs\gnn\lib\site-packages\requests\__init__.py:86: RequestsDependencyWarning: Unable to find acceptable character detection dependency (chardet or charset_normalizer).
  warnings.warn(
C:\conda\envs\gnn\lib\site-packages\outdated\__init__.py:36: UserWarning: pkg_resources is deprecated as an API. See https://setuptools.pypa.io/en/latest/pkg_resources.html. The pkg_resources package is slated for removal as early as 2025-11-30. Refrain from using this package or pin to Setuptools<81.
  from pkg_resources import parse_version
Round    1/30  coverage=0.3084  prec@K=0.2155  accepted=211  auc=0.8185  uauc=0.6654  loss=nan  (0.2s)
Round    2/30  coverage=0.3161  prec@K=0.1949  accepted=191  auc=0.8201  uauc=0.6196  loss=nan  (0.1s)
Round    3/30  coverage=0.3243  prec@K=0.2129  accepted=205  auc=0.8311  uauc=0.6177  loss=nan  (0.1s)
Round    4/30  coverage=0.3331  prec@K=0.2253  accepted=219  auc=0.8415  uauc=0.6509  loss=nan  (0.1s)
Round    5/30  coverage=0.3409  prec@K=0.2008  accepted=195  auc=0.8364  uauc=0.6736  loss=nan  (0.1s)
Round    6/30  coverage=0.3477  prec@K=0.1740  accepted=169  auc=0.8582  uauc=0.5941  loss=nan  (0.1s)
Round    7/30  coverage=0.3543  prec@K=0.1684  accepted=164  auc=0.8439  uauc=0.6784  loss=nan  (0.1s)
Round    8/30  coverage=0.3621  prec@K=0.2000  accepted=196  auc=0.8393  uauc=0.6204  loss=nan  (0.1s)
Round    9/30  coverage=0.3699  prec@K=0.1983  accepted=192  auc=0.8250  uauc=0.5990  loss=nan  (0.1s)
Round   10/30  coverage=0.3764  prec@K=0.1687  accepted=163  auc=0.8338  uauc=0.6472  loss=nan  (0.1s)
Round   11/30  coverage=0.3828  prec@K=0.1643  accepted=160  auc=0.8321  uauc=0.6511  loss=nan  (0.2s)
Round   12/30  coverage=0.3910  prec@K=0.2084  accepted=204  auc=0.8355  uauc=0.6141  loss=nan  (0.1s)
Round   13/30  coverage=0.3982  prec@K=0.1850  accepted=180  auc=0.7944  uauc=0.6323  loss=nan  (0.1s)
Round   14/30  coverage=0.4055  prec@K=0.1857  accepted=182  auc=0.8156  uauc=0.6565  loss=nan  (0.1s)
Round   15/30  coverage=0.4128  prec@K=0.1900  accepted=182  auc=0.8495  uauc=0.6729  loss=nan  (0.1s)
Round   16/30  coverage=0.4204  prec@K=0.1940  accepted=189  auc=0.8515  uauc=0.6590  loss=nan  (0.1s)
Round   17/30  coverage=0.4265  prec@K=0.1561  accepted=153  auc=0.8329  uauc=0.6291  loss=nan  (0.1s)
Round   18/30  coverage=0.4332  prec@K=0.1694  accepted=165  auc=0.8263  uauc=0.6442  loss=nan  (0.1s)
Round   19/30  coverage=0.4383  prec@K=0.1307  accepted=128  auc=0.8744  uauc=0.6657  loss=nan  (0.1s)
Round   20/30  coverage=0.4451  prec@K=0.1739  accepted=169  auc=0.8530  uauc=0.6900  loss=nan  (0.1s)
Round   21/30  coverage=0.4511  prec@K=0.1555  accepted=151  auc=0.8439  uauc=0.6982  loss=nan  (0.3s)
Round   22/30  coverage=0.4571  prec@K=0.1524  accepted=148  auc=0.8185  uauc=0.6391  loss=nan  (0.1s)
Round   23/30  coverage=0.4629  prec@K=0.1480  accepted=145  auc=0.8512  uauc=0.6685  loss=nan  (0.1s)
Round   24/30  coverage=0.4671  prec@K=0.1071  accepted=105  auc=0.8462  uauc=0.6705  loss=nan  (0.1s)
Round   25/30  coverage=0.4715  prec@K=0.1124  accepted=110  auc=0.8336  uauc=0.6139  loss=nan  (0.1s)
Round   26/30  coverage=0.4758  prec@K=0.1111  accepted=107  auc=0.8292  uauc=0.5761  loss=nan  (0.1s)
Round   27/30  coverage=0.4805  prec@K=0.1204  accepted=118  auc=0.8425  uauc=0.6262  loss=nan  (0.1s)
Round   28/30  coverage=0.4858  prec@K=0.1347  accepted=132  auc=0.8414  uauc=0.5922  loss=nan  (0.2s)
Round   29/30  coverage=0.4909  prec@K=0.1294  accepted=126  auc=0.7839  uauc=0.6089  loss=nan  (0.2s)
Round   30/30  coverage=0.4951  prec@K=0.1071  accepted=105  auc=0.8676  uauc=0.7202  loss=nan  (0.1s)

结果已写入 results\orchestrator\runs\ir30_constlr5e5_multiseed_bidir\email_eu\aa_s0/rounds.csv
