=== email_eu_gnn_sum_h8_s0  started 2026-05-10T17:18:28 ===

C:\conda\envs\gnn\lib\site-packages\requests\__init__.py:86: RequestsDependencyWarning: Unable to find acceptable character detection dependency (chardet or charset_normalizer).
  warnings.warn(
C:\conda\envs\gnn\lib\site-packages\outdated\__init__.py:36: UserWarning: pkg_resources is deprecated as an API. See https://setuptools.pypa.io/en/latest/pkg_resources.html. The pkg_resources package is slated for removal as early as 2025-11-30. Refrain from using this package or pin to Setuptools<81.
  from pkg_resources import parse_version
Round    1/30  coverage=0.3036  prec@K=0.0930  accepted=91  auc=0.5942  uauc=0.6780  loss=0.5803  (2.9s)
Round    2/30  coverage=0.3072  prec@K=0.0908  accepted=89  auc=0.5309  uauc=0.7026  loss=0.5793  (1.8s)
Round    3/30  coverage=0.3101  prec@K=0.0748  accepted=72  auc=0.6019  uauc=0.7292  loss=0.5735  (1.9s)
Round    4/30  coverage=0.3127  prec@K=0.0679  accepted=66  auc=0.5908  uauc=0.6633  loss=0.5726  (2.0s)
Round    5/30  coverage=0.3153  prec@K=0.0669  accepted=65  auc=0.5246  uauc=0.7541  loss=0.5705  (2.0s)
Round    6/30  coverage=0.3183  prec@K=0.0752  accepted=73  auc=0.4957  uauc=0.7103  loss=0.5746  (1.9s)
Round    7/30  coverage=0.3202  prec@K=0.0503  accepted=49  auc=0.5142  uauc=0.6779  loss=0.5643  (2.0s)
Round    8/30  coverage=0.3229  prec@K=0.0684  accepted=67  auc=0.5537  uauc=0.7581  loss=0.5700  (2.2s)
Round    9/30  coverage=0.3262  prec@K=0.0857  accepted=83  auc=0.5362  uauc=0.6840  loss=0.5770  (1.9s)
Round   10/30  coverage=0.3287  prec@K=0.0621  accepted=60  auc=0.5397  uauc=0.6839  loss=0.5687  (2.0s)
Round   11/30  coverage=0.3308  prec@K=0.0544  accepted=53  auc=0.4972  uauc=0.7315  loss=0.5658  (2.0s)
Round   12/30  coverage=0.3333  prec@K=0.0654  accepted=64  auc=0.5840  uauc=0.7468  loss=0.5704  (2.1s)
Round   13/30  coverage=0.3356  prec@K=0.0586  accepted=57  auc=0.5217  uauc=0.7256  loss=0.5659  (2.0s)
Round   14/30  coverage=0.3379  prec@K=0.0582  accepted=57  auc=0.5715  uauc=0.6189  loss=0.5669  (2.1s)
Round   15/30  coverage=0.3401  prec@K=0.0575  accepted=55  auc=0.4309  uauc=0.6636  loss=0.5658  (2.1s)
Round   16/30  coverage=0.3423  prec@K=0.0544  accepted=53  auc=0.4098  uauc=0.6698  loss=0.5641  (2.2s)
Round   17/30  coverage=0.3442  prec@K=0.0500  accepted=49  auc=0.4898  uauc=0.7721  loss=0.5627  (2.1s)
Round   18/30  coverage=0.3466  prec@K=0.0606  accepted=59  auc=0.4318  uauc=0.6626  loss=0.5659  (2.3s)
Round   19/30  coverage=0.3480  prec@K=0.0369  accepted=36  auc=0.4895  uauc=0.6918  loss=0.5590  (2.0s)
Round   20/30  coverage=0.3505  prec@K=0.0639  accepted=62  auc=0.4186  uauc=0.5651  loss=0.5667  (2.2s)
Round   21/30  coverage=0.3527  prec@K=0.0566  accepted=55  auc=0.5182  uauc=0.6370  loss=0.5654  (2.3s)
Round   22/30  coverage=0.3545  prec@K=0.0454  accepted=44  auc=0.4611  uauc=0.6175  loss=0.5605  (2.1s)
Round   23/30  coverage=0.3562  prec@K=0.0429  accepted=42  auc=0.4880  uauc=0.7200  loss=0.5589  (2.2s)
Round   24/30  coverage=0.3579  prec@K=0.0439  accepted=43  auc=0.4767  uauc=0.5452  loss=0.5605  (2.0s)
Round   25/30  coverage=0.3590  prec@K=0.0287  accepted=28  auc=0.4458  uauc=0.6131  loss=0.5540  (2.0s)
Round   26/30  coverage=0.3609  prec@K=0.0499  accepted=48  auc=0.3939  uauc=0.5045  loss=0.5605  (2.2s)
Round   27/30  coverage=0.3630  prec@K=0.0510  accepted=50  auc=0.4607  uauc=0.5866  loss=0.5630  (2.0s)
Round   28/30  coverage=0.3652  prec@K=0.0571  accepted=56  auc=0.3472  uauc=0.5977  loss=0.5648  (2.1s)
Round   29/30  coverage=0.3673  prec@K=0.0544  accepted=53  auc=0.3773  uauc=0.7234  loss=0.5620  (2.1s)
Round   30/30  coverage=0.3685  prec@K=0.0296  accepted=29  auc=0.2936  uauc=0.6343  loss=0.5533  (2.0s)

结果已写入 results\orchestrator\runs\ir30_constlr5e5_multiseed_bidir\email_eu\gnn_sum_h8_s0/rounds.csv
