=== epinions_pa_s2  started 2026-05-10T20:42:35 ===

C:\conda\envs\gnn\lib\site-packages\requests\__init__.py:86: RequestsDependencyWarning: Unable to find acceptable character detection dependency (chardet or charset_normalizer).
  warnings.warn(
C:\conda\envs\gnn\lib\site-packages\outdated\__init__.py:36: UserWarning: pkg_resources is deprecated as an API. See https://setuptools.pypa.io/en/latest/pkg_resources.html. The pkg_resources package is slated for removal as early as 2025-11-30. Refrain from using this package or pin to Setuptools<81.
  from pkg_resources import parse_version
Round    1/30  coverage=0.3001  prec@K=0.0095  accepted=66  auc=0.7308  uauc=0.4825  loss=nan  (3.7s)
Round    2/30  coverage=0.3003  prec@K=0.0110  accepted=75  auc=0.7302  uauc=0.6028  loss=nan  (0.7s)
Round    3/30  coverage=0.3004  prec@K=0.0092  accepted=64  auc=0.8133  uauc=0.5626  loss=nan  (0.8s)
Round    4/30  coverage=0.3006  prec@K=0.0119  accepted=82  auc=0.7166  uauc=0.5198  loss=nan  (0.9s)
Round    5/30  coverage=0.3007  prec@K=0.0077  accepted=54  auc=0.7592  uauc=0.5867  loss=nan  (1.0s)
Round    6/30  coverage=0.3008  prec@K=0.0105  accepted=73  auc=0.7667  uauc=0.5370  loss=nan  (1.1s)
Round    7/30  coverage=0.3010  prec@K=0.0112  accepted=78  auc=0.8187  uauc=0.5545  loss=nan  (2.0s)
Round    8/30  coverage=0.3011  prec@K=0.0071  accepted=49  auc=0.8020  uauc=0.5501  loss=nan  (1.5s)
Round    9/30  coverage=0.3012  prec@K=0.0116  accepted=81  auc=0.7424  uauc=0.5722  loss=nan  (1.8s)
Round   10/30  coverage=0.3013  prec@K=0.0079  accepted=55  auc=0.7986  uauc=0.4862  loss=nan  (2.1s)
Round   11/30  coverage=0.3015  prec@K=0.0098  accepted=68  auc=0.7913  uauc=0.4575  loss=nan  (5.4s)
Round   12/30  coverage=0.3016  prec@K=0.0090  accepted=63  auc=0.8190  uauc=0.4726  loss=nan  (2.5s)
Round   13/30  coverage=0.3018  prec@K=0.0127  accepted=88  auc=0.7904  uauc=0.5962  loss=nan  (2.5s)
Round   14/30  coverage=0.3019  prec@K=0.0066  accepted=46  auc=0.7793  uauc=0.5479  loss=nan  (2.9s)
Round   15/30  coverage=0.3020  prec@K=0.0113  accepted=79  auc=0.8002  uauc=0.5477  loss=nan  (3.5s)
Round   16/30  coverage=0.3021  prec@K=0.0073  accepted=51  auc=0.8206  uauc=0.6122  loss=nan  (3.9s)
Round   17/30  coverage=0.3023  prec@K=0.0118  accepted=81  auc=0.7360  uauc=0.5419  loss=nan  (4.3s)
Round   18/30  coverage=0.3024  prec@K=0.0080  accepted=56  auc=0.7772  uauc=0.5746  loss=nan  (4.7s)
Round   19/30  coverage=0.3025  prec@K=0.0087  accepted=61  auc=0.7722  uauc=0.5084  loss=nan  (5.6s)
Round   20/30  coverage=0.3026  prec@K=0.0081  accepted=55  auc=0.7583  uauc=0.5983  loss=nan  (5.8s)
Round   21/30  coverage=0.3028  prec@K=0.0131  accepted=91  auc=0.7680  uauc=0.5682  loss=nan  (9.6s)
Round   22/30  coverage=0.3029  prec@K=0.0098  accepted=68  auc=0.7200  uauc=0.6101  loss=nan  (6.4s)
Round   23/30  coverage=0.3030  prec@K=0.0087  accepted=60  auc=0.7940  uauc=0.5681  loss=nan  (6.8s)
Round   24/30  coverage=0.3032  prec@K=0.0094  accepted=66  auc=0.7379  uauc=0.5507  loss=nan  (7.2s)
Round   25/30  coverage=0.3033  prec@K=0.0081  accepted=56  auc=0.8034  uauc=0.5641  loss=nan  (7.9s)
Round   26/30  coverage=0.3034  prec@K=0.0086  accepted=60  auc=0.7932  uauc=0.5102  loss=nan  (7.5s)
Round   27/30  coverage=0.3035  prec@K=0.0097  accepted=68  auc=0.7590  uauc=0.5140  loss=nan  (8.8s)
Round   28/30  coverage=0.3037  prec@K=0.0104  accepted=72  auc=0.7835  uauc=0.5952  loss=nan  (8.7s)
Round   29/30  coverage=0.3038  prec@K=0.0091  accepted=63  auc=0.7272  uauc=0.5583  loss=nan  (9.3s)
Round   30/30  coverage=0.3039  prec@K=0.0085  accepted=58  auc=0.7894  uauc=0.4840  loss=nan  (10.3s)

结果已写入 results\orchestrator\runs\ir30_constlr5e5_multiseed_bidir\epinions\pa_s2/rounds.csv
