=== epinions_pa_s1  started 2026-05-10T20:41:43 ===

C:\conda\envs\gnn\lib\site-packages\requests\__init__.py:86: RequestsDependencyWarning: Unable to find acceptable character detection dependency (chardet or charset_normalizer).
  warnings.warn(
C:\conda\envs\gnn\lib\site-packages\outdated\__init__.py:36: UserWarning: pkg_resources is deprecated as an API. See https://setuptools.pypa.io/en/latest/pkg_resources.html. The pkg_resources package is slated for removal as early as 2025-11-30. Refrain from using this package or pin to Setuptools<81.
  from pkg_resources import parse_version
Round    1/30  coverage=0.3001  prec@K=0.0096  accepted=67  auc=0.7702  uauc=0.5684  loss=nan  (3.7s)
Round    2/30  coverage=0.3003  prec@K=0.0110  accepted=77  auc=0.7810  uauc=0.5163  loss=nan  (0.7s)
Round    3/30  coverage=0.3004  prec@K=0.0120  accepted=83  auc=0.7637  uauc=0.5014  loss=nan  (0.8s)
Round    4/30  coverage=0.3006  prec@K=0.0090  accepted=62  auc=0.7205  uauc=0.5123  loss=nan  (0.9s)
Round    5/30  coverage=0.3007  prec@K=0.0084  accepted=58  auc=0.7084  uauc=0.5802  loss=nan  (1.0s)
Round    6/30  coverage=0.3008  prec@K=0.0081  accepted=57  auc=0.7780  uauc=0.5070  loss=nan  (1.2s)
Round    7/30  coverage=0.3009  prec@K=0.0090  accepted=62  auc=0.7417  uauc=0.4949  loss=nan  (2.1s)
Round    8/30  coverage=0.3011  prec@K=0.0103  accepted=71  auc=0.8032  uauc=0.6189  loss=nan  (1.6s)
Round    9/30  coverage=0.3012  prec@K=0.0092  accepted=64  auc=0.7817  uauc=0.5768  loss=nan  (1.9s)
Round   10/30  coverage=0.3013  prec@K=0.0103  accepted=73  auc=0.7630  uauc=0.5218  loss=nan  (2.3s)
Round   11/30  coverage=0.3015  prec@K=0.0105  accepted=73  auc=0.8057  uauc=0.5425  loss=nan  (5.9s)
Round   12/30  coverage=0.3016  prec@K=0.0102  accepted=71  auc=0.7628  uauc=0.5324  loss=nan  (2.9s)
Round   13/30  coverage=0.3017  prec@K=0.0099  accepted=69  auc=0.7561  uauc=0.5261  loss=nan  (3.2s)
Round   14/30  coverage=0.3019  prec@K=0.0082  accepted=57  auc=0.7602  uauc=0.5535  loss=nan  (3.4s)
Round   15/30  coverage=0.3020  prec@K=0.0083  accepted=59  auc=0.8221  uauc=0.5092  loss=nan  (3.9s)
Round   16/30  coverage=0.3021  prec@K=0.0087  accepted=61  auc=0.7693  uauc=0.5442  loss=nan  (4.2s)
Round   17/30  coverage=0.3022  prec@K=0.0086  accepted=61  auc=0.7112  uauc=0.4265  loss=nan  (4.6s)
Round   18/30  coverage=0.3023  prec@K=0.0074  accepted=52  auc=0.7953  uauc=0.5498  loss=nan  (4.9s)
Round   19/30  coverage=0.3024  prec@K=0.0064  accepted=45  auc=0.7756  uauc=0.5615  loss=nan  (5.9s)
Round   20/30  coverage=0.3025  prec@K=0.0095  accepted=66  auc=0.7486  uauc=0.6429  loss=nan  (6.4s)
Round   21/30  coverage=0.3026  prec@K=0.0086  accepted=60  auc=0.7805  uauc=0.5609  loss=nan  (10.1s)
Round   22/30  coverage=0.3028  prec@K=0.0086  accepted=60  auc=0.7535  uauc=0.5387  loss=nan  (7.2s)
Round   23/30  coverage=0.3029  prec@K=0.0089  accepted=62  auc=0.7848  uauc=0.6260  loss=nan  (7.0s)
Round   24/30  coverage=0.3030  prec@K=0.0093  accepted=65  auc=0.8051  uauc=0.5787  loss=nan  (7.2s)
Round   25/30  coverage=0.3031  prec@K=0.0083  accepted=58  auc=0.7155  uauc=0.4263  loss=nan  (8.6s)
Round   26/30  coverage=0.3033  prec@K=0.0113  accepted=79  auc=0.7925  uauc=0.6280  loss=nan  (9.0s)
Round   27/30  coverage=0.3034  prec@K=0.0096  accepted=67  auc=0.7981  uauc=0.6339  loss=nan  (9.6s)
Round   28/30  coverage=0.3036  prec@K=0.0114  accepted=79  auc=0.7467  uauc=0.4753  loss=nan  (8.6s)
Round   29/30  coverage=0.3037  prec@K=0.0086  accepted=60  auc=0.7771  uauc=0.5031  loss=nan  (8.9s)
Round   30/30  coverage=0.3038  prec@K=0.0083  accepted=57  auc=0.7706  uauc=0.5708  loss=nan  (9.2s)

结果已写入 results\orchestrator\runs\ir30_constlr5e5_multiseed_bidir\epinions\pa_s1/rounds.csv
