=== epinions_jaccard_s1  started 2026-05-10T20:40:52 ===

C:\conda\envs\gnn\lib\site-packages\requests\__init__.py:86: RequestsDependencyWarning: Unable to find acceptable character detection dependency (chardet or charset_normalizer).
  warnings.warn(
C:\conda\envs\gnn\lib\site-packages\outdated\__init__.py:36: UserWarning: pkg_resources is deprecated as an API. See https://setuptools.pypa.io/en/latest/pkg_resources.html. The pkg_resources package is slated for removal as early as 2025-11-30. Refrain from using this package or pin to Setuptools<81.
  from pkg_resources import parse_version
Round    1/30  coverage=0.3001  prec@K=0.0092  accepted=64  auc=0.7100  uauc=0.4978  loss=nan  (3.6s)
Round    2/30  coverage=0.3003  prec@K=0.0133  accepted=93  auc=0.7049  uauc=0.6014  loss=nan  (0.7s)
Round    3/30  coverage=0.3005  prec@K=0.0156  accepted=108  auc=0.6959  uauc=0.6419  loss=nan  (0.8s)
Round    4/30  coverage=0.3007  prec@K=0.0144  accepted=99  auc=0.7113  uauc=0.6171  loss=nan  (0.9s)
Round    5/30  coverage=0.3008  prec@K=0.0099  accepted=68  auc=0.7040  uauc=0.5162  loss=nan  (1.1s)
Round    6/30  coverage=0.3010  prec@K=0.0103  accepted=72  auc=0.7094  uauc=0.6165  loss=nan  (1.2s)
Round    7/30  coverage=0.3012  prec@K=0.0141  accepted=97  auc=0.7052  uauc=0.5970  loss=nan  (2.1s)
Round    8/30  coverage=0.3014  prec@K=0.0126  accepted=87  auc=0.6602  uauc=0.5858  loss=nan  (1.8s)
Round    9/30  coverage=0.3015  prec@K=0.0110  accepted=76  auc=0.7044  uauc=0.7123  loss=nan  (2.2s)
Round   10/30  coverage=0.3016  prec@K=0.0092  accepted=65  auc=0.6943  uauc=0.6628  loss=nan  (2.8s)
Round   11/30  coverage=0.3018  prec@K=0.0105  accepted=73  auc=0.7001  uauc=0.6484  loss=nan  (6.2s)
Round   12/30  coverage=0.3019  prec@K=0.0093  accepted=65  auc=0.6842  uauc=0.5821  loss=nan  (3.0s)
Round   13/30  coverage=0.3021  prec@K=0.0145  accepted=101  auc=0.7170  uauc=0.6394  loss=nan  (3.2s)
Round   14/30  coverage=0.3022  prec@K=0.0098  accepted=68  auc=0.7174  uauc=0.6937  loss=nan  (4.1s)
Round   15/30  coverage=0.3024  prec@K=0.0090  accepted=64  auc=0.7007  uauc=0.6193  loss=nan  (4.7s)
Round   16/30  coverage=0.3025  prec@K=0.0090  accepted=63  auc=0.6948  uauc=0.6659  loss=nan  (4.7s)
Round   17/30  coverage=0.3027  prec@K=0.0123  accepted=87  auc=0.7093  uauc=0.6078  loss=nan  (5.2s)
Round   18/30  coverage=0.3028  prec@K=0.0116  accepted=81  auc=0.6948  uauc=0.6117  loss=nan  (5.5s)
Round   19/30  coverage=0.3030  prec@K=0.0136  accepted=96  auc=0.7348  uauc=0.6669  loss=nan  (6.7s)
Round   20/30  coverage=0.3032  prec@K=0.0142  accepted=99  auc=0.7485  uauc=0.6711  loss=nan  (7.1s)
Round   21/30  coverage=0.3033  prec@K=0.0109  accepted=76  auc=0.7206  uauc=0.5916  loss=nan  (10.6s)
Round   22/30  coverage=0.3035  prec@K=0.0112  accepted=78  auc=0.7047  uauc=0.5320  loss=nan  (7.6s)
Round   23/30  coverage=0.3037  prec@K=0.0149  accepted=104  auc=0.6733  uauc=0.5992  loss=nan  (7.5s)
Round   24/30  coverage=0.3039  prec@K=0.0130  accepted=91  auc=0.6788  uauc=0.6638  loss=nan  (7.5s)
Round   25/30  coverage=0.3041  prec@K=0.0126  accepted=88  auc=0.7331  uauc=0.6115  loss=nan  (9.3s)
Round   26/30  coverage=0.3042  prec@K=0.0127  accepted=89  auc=0.7285  uauc=0.6743  loss=nan  (9.5s)
Round   27/30  coverage=0.3044  prec@K=0.0116  accepted=81  auc=0.7090  uauc=0.5979  loss=nan  (10.6s)
Round   28/30  coverage=0.3046  prec@K=0.0179  accepted=124  auc=0.7031  uauc=0.6144  loss=nan  (9.7s)
Round   29/30  coverage=0.3048  prec@K=0.0105  accepted=73  auc=0.6875  uauc=0.5803  loss=nan  (9.9s)
Round   30/30  coverage=0.3050  prec@K=0.0148  accepted=102  auc=0.7134  uauc=0.5523  loss=nan  (10.6s)

结果已写入 results\orchestrator\runs\ir30_constlr5e5_multiseed_bidir\epinions\jaccard_s1/rounds.csv

