=== epinions_seal_full_s1  started 2026-05-10T20:47:25 ===

C:\conda\envs\gnn\lib\site-packages\requests\__init__.py:86: RequestsDependencyWarning: Unable to find acceptable character detection dependency (chardet or charset_normalizer).
  warnings.warn(
C:\conda\envs\gnn\lib\site-packages\outdated\__init__.py:36: UserWarning: pkg_resources is deprecated as an API. See https://setuptools.pypa.io/en/latest/pkg_resources.html. The pkg_resources package is slated for removal as early as 2025-11-30. Refrain from using this package or pin to Setuptools<81.
  from pkg_resources import parse_version
Round    1/30  coverage=0.3001  prec@K=0.0058  accepted=40  auc=0.6231  uauc=0.5345  loss=0.7327  (24.9s)
Round    2/30  coverage=0.3002  prec@K=0.0058  accepted=41  auc=0.6756  uauc=0.5699  loss=0.7325  (22.1s)
Round    3/30  coverage=0.3003  prec@K=0.0069  accepted=48  auc=0.6305  uauc=0.5388  loss=0.7322  (21.9s)
Round    4/30  coverage=0.3004  prec@K=0.0081  accepted=56  auc=0.6160  uauc=0.6200  loss=0.7318  (21.4s)
Round    5/30  coverage=0.3005  prec@K=0.0077  accepted=53  auc=0.5925  uauc=0.5124  loss=0.7317  (23.5s)
Round    6/30  coverage=0.3005  prec@K=0.0037  accepted=26  auc=0.4624  uauc=0.5683  loss=0.7321  (23.3s)
Round    7/30  coverage=0.3006  prec@K=0.0052  accepted=36  auc=0.6123  uauc=0.5229  loss=0.7315  (21.9s)
Round    8/30  coverage=0.3007  prec@K=0.0055  accepted=38  auc=0.6262  uauc=0.6810  loss=0.7315  (21.0s)
Round    9/30  coverage=0.3007  prec@K=0.0062  accepted=43  auc=0.6132  uauc=0.4691  loss=0.7312  (21.7s)
Round   10/30  coverage=0.3008  prec@K=0.0052  accepted=37  auc=0.4950  uauc=0.5364  loss=0.7311  (22.2s)
Round   11/30  coverage=0.3009  prec@K=0.0063  accepted=44  auc=0.4324  uauc=0.5361  loss=0.7307  (23.1s)
Round   12/30  coverage=0.3010  prec@K=0.0054  accepted=38  auc=0.4741  uauc=0.6040  loss=0.7306  (21.6s)
Round   13/30  coverage=0.3011  prec@K=0.0059  accepted=41  auc=0.4097  uauc=0.4647  loss=0.7303  (27.8s)
Round   14/30  coverage=0.3011  prec@K=0.0051  accepted=35  auc=0.3986  uauc=0.4459  loss=0.7303  (27.5s)
Round   15/30  coverage=0.3012  prec@K=0.0048  accepted=34  auc=0.4988  uauc=0.5593  loss=0.7301  (32.2s)
Round   16/30  coverage=0.3013  prec@K=0.0054  accepted=38  auc=0.3636  uauc=0.5657  loss=0.7299  (33.5s)
Round   17/30  coverage=0.3014  prec@K=0.0074  accepted=52  auc=0.2613  uauc=0.4846  loss=0.7294  (34.3s)
Round   18/30  coverage=0.3015  prec@K=0.0059  accepted=41  auc=0.3042  uauc=0.4935  loss=0.7293  (35.5s)
Round   19/30  coverage=0.3015  prec@K=0.0048  accepted=34  auc=0.1809  uauc=0.6350  loss=0.7292  (32.5s)
Round   20/30  coverage=0.3016  prec@K=0.0066  accepted=46  auc=0.1912  uauc=0.5242  loss=0.7288  (31.9s)
Round   21/30  coverage=0.3017  prec@K=0.0054  accepted=38  auc=0.2093  uauc=0.5662  loss=0.7288  (36.8s)
Round   22/30  coverage=0.3018  prec@K=0.0066  accepted=46  auc=0.1943  uauc=0.5226  loss=0.7284  (30.9s)
Round   23/30  coverage=0.3019  prec@K=0.0055  accepted=38  auc=0.1880  uauc=0.5781  loss=0.7284  (34.3s)
Round   24/30  coverage=0.3019  prec@K=0.0057  accepted=40  auc=0.2260  uauc=0.5824  loss=0.7283  (34.7s)
Round   25/30  coverage=0.3020  prec@K=0.0066  accepted=46  auc=0.1678  uauc=0.4373  loss=0.7277  (33.7s)
Round   26/30  coverage=0.3021  prec@K=0.0063  accepted=44  auc=0.1598  uauc=0.6037  loss=0.7275  (36.4s)
Round   27/30  coverage=0.3022  prec@K=0.0065  accepted=45  auc=0.1918  uauc=0.4788  loss=0.7275  (33.0s)
Round   28/30  coverage=0.3023  prec@K=0.0075  accepted=52  auc=0.1905  uauc=0.4986  loss=0.7270  (34.2s)
Round   29/30  coverage=0.3024  prec@K=0.0066  accepted=46  auc=0.1807  uauc=0.4996  loss=0.7271  (30.8s)
Round   30/30  coverage=0.3025  prec@K=0.0064  accepted=44  auc=0.1851  uauc=0.5589  loss=0.7269  (24.2s)

结果已写入 results\orchestrator\runs\ir30_constlr5e5_multiseed_bidir\epinions\seal_full_s1/rounds.csv
