=== epinions_gnn_s1  started 2026-05-10T20:09:27 ===

C:\conda\envs\gnn\lib\site-packages\requests\__init__.py:86: RequestsDependencyWarning: Unable to find acceptable character detection dependency (chardet or charset_normalizer).
  warnings.warn(
C:\conda\envs\gnn\lib\site-packages\outdated\__init__.py:36: UserWarning: pkg_resources is deprecated as an API. See https://setuptools.pypa.io/en/latest/pkg_resources.html. The pkg_resources package is slated for removal as early as 2025-11-30. Refrain from using this package or pin to Setuptools<81.
  from pkg_resources import parse_version
Round    1/30  coverage=0.3001  prec@K=0.0070  accepted=49  auc=0.1372  uauc=0.5264  loss=0.7697  (12.0s)
Round    2/30  coverage=0.3002  prec@K=0.0067  accepted=47  auc=0.1412  uauc=0.5548  loss=0.7698  (6.5s)
Round    3/30  coverage=0.3003  prec@K=0.0085  accepted=59  auc=0.1604  uauc=0.5355  loss=0.7684  (7.2s)
Round    4/30  coverage=0.3004  prec@K=0.0081  accepted=56  auc=0.1622  uauc=0.4891  loss=0.7686  (6.5s)
Round    5/30  coverage=0.3005  prec@K=0.0077  accepted=53  auc=0.1549  uauc=0.5343  loss=0.7679  (6.8s)
Round    6/30  coverage=0.3006  prec@K=0.0060  accepted=42  auc=0.1571  uauc=0.6605  loss=0.7681  (7.3s)
Round    7/30  coverage=0.3007  prec@K=0.0083  accepted=57  auc=0.1513  uauc=0.5020  loss=0.7672  (6.8s)
Round    8/30  coverage=0.3008  prec@K=0.0071  accepted=49  auc=0.1331  uauc=0.4931  loss=0.7677  (8.0s)
Round    9/30  coverage=0.3009  prec@K=0.0066  accepted=46  auc=0.1787  uauc=0.6150  loss=0.7671  (8.2s)
Round   10/30  coverage=0.3010  prec@K=0.0066  accepted=47  auc=0.1349  uauc=0.5161  loss=0.7669  (8.7s)
Round   11/30  coverage=0.3011  prec@K=0.0062  accepted=43  auc=0.1670  uauc=0.4363  loss=0.7664  (11.8s)
Round   12/30  coverage=0.3012  prec@K=0.0073  accepted=51  auc=0.1479  uauc=0.5824  loss=0.7659  (9.3s)
Round   13/30  coverage=0.3013  prec@K=0.0069  accepted=48  auc=0.1598  uauc=0.4841  loss=0.7653  (9.7s)
Round   14/30  coverage=0.3014  prec@K=0.0069  accepted=48  auc=0.1761  uauc=0.5833  loss=0.7657  (9.5s)
Round   15/30  coverage=0.3014  prec@K=0.0046  accepted=33  auc=0.1887  uauc=0.5335  loss=0.7655  (11.3s)
Round   16/30  coverage=0.3015  prec@K=0.0070  accepted=49  auc=0.1697  uauc=0.5928  loss=0.7653  (10.6s)
Round   17/30  coverage=0.3016  prec@K=0.0076  accepted=54  auc=0.1672  uauc=0.5880  loss=0.7645  (10.9s)
Round   18/30  coverage=0.3017  prec@K=0.0059  accepted=41  auc=0.1576  uauc=0.5448  loss=0.7642  (12.1s)
Round   19/30  coverage=0.3018  prec@K=0.0050  accepted=35  auc=0.1515  uauc=0.5511  loss=0.7639  (12.5s)
Round   20/30  coverage=0.3019  prec@K=0.0062  accepted=43  auc=0.1708  uauc=0.4799  loss=0.7635  (12.6s)
Round   21/30  coverage=0.3019  prec@K=0.0056  accepted=39  auc=0.1880  uauc=0.6128  loss=0.7636  (16.0s)
Round   22/30  coverage=0.3020  prec@K=0.0069  accepted=48  auc=0.1690  uauc=0.5813  loss=0.7631  (13.6s)
Round   23/30  coverage=0.3021  prec@K=0.0052  accepted=36  auc=0.1609  uauc=0.5450  loss=0.7633  (13.6s)
Round   24/30  coverage=0.3022  prec@K=0.0050  accepted=35  auc=0.1551  uauc=0.6161  loss=0.7633  (14.3s)
Round   25/30  coverage=0.3023  prec@K=0.0069  accepted=48  auc=0.1436  uauc=0.5628  loss=0.7623  (15.0s)
Round   26/30  coverage=0.3024  prec@K=0.0063  accepted=44  auc=0.1483  uauc=0.5219  loss=0.7618  (15.9s)
Round   27/30  coverage=0.3025  prec@K=0.0072  accepted=50  auc=0.1572  uauc=0.5730  loss=0.7616  (19.7s)
Round   28/30  coverage=0.3026  prec@K=0.0091  accepted=63  auc=0.1520  uauc=0.5784  loss=0.7605  (18.4s)
Round   29/30  coverage=0.3027  prec@K=0.0052  accepted=36  auc=0.1680  uauc=0.4452  loss=0.7619  (17.6s)
Round   30/30  coverage=0.3028  prec@K=0.0078  accepted=54  auc=0.1530  uauc=0.5886  loss=0.7601  (17.2s)

结果已写入 results\orchestrator\runs\ir30_constlr5e5_multiseed_bidir\epinions\gnn_s1/rounds.csv
