=== epinions_aa_s3  started 2026-05-10T20:05:19 ===

C:\conda\envs\gnn\lib\site-packages\requests\__init__.py:86: RequestsDependencyWarning: Unable to find acceptable character detection dependency (chardet or charset_normalizer).
  warnings.warn(
C:\conda\envs\gnn\lib\site-packages\outdated\__init__.py:36: UserWarning: pkg_resources is deprecated as an API. See https://setuptools.pypa.io/en/latest/pkg_resources.html. The pkg_resources package is slated for removal as early as 2025-11-30. Refrain from using this package or pin to Setuptools<81.
  from pkg_resources import parse_version
Round    1/30  coverage=0.3002  prec@K=0.0172  accepted=119  auc=0.9254  uauc=0.6251  loss=nan  (3.2s)
Round    2/30  coverage=0.3005  prec@K=0.0207  accepted=144  auc=0.9421  uauc=0.6725  loss=nan  (0.7s)
Round    3/30  coverage=0.3008  prec@K=0.0185  accepted=128  auc=0.9348  uauc=0.6610  loss=nan  (0.8s)
Round    4/30  coverage=0.3010  prec@K=0.0184  accepted=126  auc=0.9207  uauc=0.6570  loss=nan  (0.9s)
Round    5/30  coverage=0.3013  prec@K=0.0194  accepted=137  auc=0.9379  uauc=0.6554  loss=nan  (1.0s)
Round    6/30  coverage=0.3015  prec@K=0.0166  accepted=116  auc=0.9415  uauc=0.6810  loss=nan  (1.1s)
Round    7/30  coverage=0.3018  prec@K=0.0212  accepted=146  auc=0.9329  uauc=0.6434  loss=nan  (1.7s)
Round    8/30  coverage=0.3020  prec@K=0.0156  accepted=108  auc=0.9386  uauc=0.6118  loss=nan  (1.4s)
Round    9/30  coverage=0.3023  prec@K=0.0226  accepted=160  auc=0.9360  uauc=0.6928  loss=nan  (1.5s)
Round   10/30  coverage=0.3026  prec@K=0.0209  accepted=146  auc=0.9438  uauc=0.6914  loss=nan  (1.9s)
Round   11/30  coverage=0.3029  prec@K=0.0193  accepted=135  auc=0.9491  uauc=0.7222  loss=nan  (4.9s)
Round   12/30  coverage=0.3031  prec@K=0.0190  accepted=133  auc=0.9502  uauc=0.7375  loss=nan  (2.4s)
Round   13/30  coverage=0.3034  prec@K=0.0214  accepted=150  auc=0.9354  uauc=0.6805  loss=nan  (2.8s)
Round   14/30  coverage=0.3038  prec@K=0.0231  accepted=164  auc=0.9295  uauc=0.7161  loss=nan  (2.9s)
Round   15/30  coverage=0.3039  prec@K=0.0125  accepted=86  auc=0.9376  uauc=0.6629  loss=nan  (3.0s)
Round   16/30  coverage=0.3042  prec@K=0.0170  accepted=117  auc=0.9325  uauc=0.6453  loss=nan  (4.5s)
Round   17/30  coverage=0.3044  prec@K=0.0206  accepted=142  auc=0.9422  uauc=0.6776  loss=nan  (4.5s)
Round   18/30  coverage=0.3047  prec@K=0.0162  accepted=114  auc=0.9310  uauc=0.6602  loss=nan  (5.3s)
Round   19/30  coverage=0.3049  prec@K=0.0154  accepted=106  auc=0.9482  uauc=0.6773  loss=nan  (5.9s)
Round   20/30  coverage=0.3051  prec@K=0.0187  accepted=131  auc=0.9386  uauc=0.6741  loss=nan  (6.5s)
Round   21/30  coverage=0.3054  prec@K=0.0201  accepted=140  auc=0.9535  uauc=0.6985  loss=nan  (9.5s)
Round   22/30  coverage=0.3057  prec@K=0.0208  accepted=146  auc=0.9395  uauc=0.6858  loss=nan  (5.9s)
Round   23/30  coverage=0.3059  prec@K=0.0131  accepted=90  auc=0.9371  uauc=0.7125  loss=nan  (6.2s)
Round   24/30  coverage=0.3061  prec@K=0.0174  accepted=122  auc=0.9427  uauc=0.6753  loss=nan  (6.7s)
Round   25/30  coverage=0.3064  prec@K=0.0215  accepted=151  auc=0.9495  uauc=0.6564  loss=nan  (7.5s)
Round   26/30  coverage=0.3067  prec@K=0.0206  accepted=144  auc=0.9503  uauc=0.6981  loss=nan  (7.6s)
Round   27/30  coverage=0.3069  prec@K=0.0168  accepted=115  auc=0.9332  uauc=0.6661  loss=nan  (8.2s)
Round   28/30  coverage=0.3071  prec@K=0.0165  accepted=115  auc=0.9405  uauc=0.6354  loss=nan  (8.2s)
Round   29/30  coverage=0.3074  prec@K=0.0208  accepted=146  auc=0.9434  uauc=0.6901  loss=nan  (8.5s)
Round   30/30  coverage=0.3077  prec@K=0.0180  accepted=126  auc=0.9499  uauc=0.6945  loss=nan  (8.3s)

结果已写入 results\orchestrator\runs\ir30_constlr5e5_multiseed_bidir\epinions\aa_s3/rounds.csv
