=== slashdot_gnn_s1  started 2026-05-10T21:06:16 ===

C:\conda\envs\gnn\lib\site-packages\requests\__init__.py:86: RequestsDependencyWarning: Unable to find acceptable character detection dependency (chardet or charset_normalizer).
  warnings.warn(
C:\conda\envs\gnn\lib\site-packages\outdated\__init__.py:36: UserWarning: pkg_resources is deprecated as an API. See https://setuptools.pypa.io/en/latest/pkg_resources.html. The pkg_resources package is slated for removal as early as 2025-11-30. Refrain from using this package or pin to Setuptools<81.
  from pkg_resources import parse_version
Round    1/30  coverage=0.3000  prec@K=0.0027  accepted=20  auc=0.2219  uauc=0.6814  loss=0.7726  (11.1s)
Round    2/30  coverage=0.3001  prec@K=0.0025  accepted=18  auc=0.1467  uauc=0.5017  loss=0.7729  (6.7s)
Round    3/30  coverage=0.3001  prec@K=0.0022  accepted=16  auc=0.1541  uauc=0.4332  loss=0.7725  (7.2s)
Round    4/30  coverage=0.3001  prec@K=0.0028  accepted=21  auc=0.0907  uauc=0.6546  loss=0.7717  (6.8s)
Round    5/30  coverage=0.3002  prec@K=0.0036  accepted=26  auc=0.1064  uauc=0.5166  loss=0.7717  (7.5s)
Round    6/30  coverage=0.3002  prec@K=0.0016  accepted=12  auc=0.1341  uauc=0.5476  loss=0.7718  (7.2s)
Round    7/30  coverage=0.3002  prec@K=0.0014  accepted=10  auc=0.1152  uauc=0.4958  loss=0.7716  (8.1s)
Round    8/30  coverage=0.3003  prec@K=0.0020  accepted=15  auc=0.2036  uauc=0.5736  loss=0.7708  (8.4s)
Round    9/30  coverage=0.3003  prec@K=0.0021  accepted=15  auc=0.1301  uauc=0.6047  loss=0.7704  (8.6s)
Round   10/30  coverage=0.3003  prec@K=0.0023  accepted=17  auc=0.2046  uauc=0.5748  loss=0.7705  (8.5s)
Round   11/30  coverage=0.3004  prec@K=0.0028  accepted=20  auc=0.1208  uauc=0.6009  loss=0.7700  (11.3s)
Round   12/30  coverage=0.3004  prec@K=0.0015  accepted=11  auc=0.1219  uauc=0.7222  loss=0.7700  (9.7s)
Round   13/30  coverage=0.3004  prec@K=0.0021  accepted=15  auc=0.1332  uauc=0.5376  loss=0.7694  (11.9s)
Round   14/30  coverage=0.3004  prec@K=0.0022  accepted=16  auc=0.1575  uauc=0.5094  loss=0.7691  (15.4s)
Round   15/30  coverage=0.3005  prec@K=0.0022  accepted=16  auc=0.1337  uauc=0.6435  loss=0.7685  (11.4s)
Round   16/30  coverage=0.3005  prec@K=0.0019  accepted=14  auc=0.1329  uauc=0.5544  loss=0.7686  (10.4s)
Round   17/30  coverage=0.3005  prec@K=0.0018  accepted=13  auc=0.1510  uauc=0.6447  loss=0.7684  (12.5s)
Round   18/30  coverage=0.3006  prec@K=0.0016  accepted=12  auc=0.1237  uauc=0.4319  loss=0.7680  (15.6s)
Round   19/30  coverage=0.3006  prec@K=0.0004  accepted=3  auc=0.1570  uauc=0.8889  loss=0.7682  (12.1s)
Round   20/30  coverage=0.3006  prec@K=0.0010  accepted=7  auc=0.0852  uauc=0.4884  loss=0.7677  (12.9s)
Round   21/30  coverage=0.3006  prec@K=0.0014  accepted=10  auc=0.1605  uauc=0.5890  loss=0.7673  (15.2s)
Round   22/30  coverage=0.3006  prec@K=0.0015  accepted=11  auc=0.1425  uauc=0.7143  loss=0.7668  (12.8s)
Round   23/30  coverage=0.3006  prec@K=0.0020  accepted=15  auc=0.1047  uauc=0.5540  loss=0.7665  (12.8s)
Round   24/30  coverage=0.3007  prec@K=0.0019  accepted=14  auc=0.2265  uauc=0.5403  loss=0.7659  (12.9s)
Round   25/30  coverage=0.3007  prec@K=0.0016  accepted=12  auc=0.2008  uauc=0.6365  loss=0.7658  (13.5s)
Round   26/30  coverage=0.3007  prec@K=0.0027  accepted=20  auc=0.0961  uauc=0.4833  loss=0.7658  (14.5s)
Round   27/30  coverage=0.3008  prec@K=0.0018  accepted=13  auc=0.1193  uauc=0.5931  loss=0.7654  (14.2s)
Round   28/30  coverage=0.3008  prec@K=0.0025  accepted=18  auc=0.1185  uauc=0.4367  loss=0.7647  (14.5s)
Round   29/30  coverage=0.3008  prec@K=0.0014  accepted=10  auc=0.1697  uauc=0.4855  loss=0.7651  (13.8s)
Round   30/30  coverage=0.3008  prec@K=0.0018  accepted=13  auc=0.1283  uauc=0.4944  loss=0.7649  (15.5s)

结果已写入 results\orchestrator\runs\ir30_constlr5e5_multiseed_bidir\slashdot\gnn_s1/rounds.csv
