=== slashdot_seal_full_s0  started 2026-05-10T21:40:47 ===

C:\conda\envs\gnn\lib\site-packages\requests\__init__.py:86: RequestsDependencyWarning: Unable to find acceptable character detection dependency (chardet or charset_normalizer).
  warnings.warn(
C:\conda\envs\gnn\lib\site-packages\outdated\__init__.py:36: UserWarning: pkg_resources is deprecated as an API. See https://setuptools.pypa.io/en/latest/pkg_resources.html. The pkg_resources package is slated for removal as early as 2025-11-30. Refrain from using this package or pin to Setuptools<81.
  from pkg_resources import parse_version
Round    1/30  coverage=0.3000  prec@K=0.0031  accepted=22  auc=0.4866  uauc=0.4620  loss=0.6631  (18.0s)
Round    2/30  coverage=0.3001  prec@K=0.0029  accepted=21  auc=0.5849  uauc=0.6181  loss=0.6630  (17.6s)
Round    3/30  coverage=0.3001  prec@K=0.0021  accepted=15  auc=0.4141  uauc=0.5170  loss=0.6627  (19.5s)
Round    4/30  coverage=0.3001  prec@K=0.0020  accepted=15  auc=0.4095  uauc=0.6111  loss=0.6626  (20.4s)
Round    5/30  coverage=0.3002  prec@K=0.0022  accepted=16  auc=0.2715  uauc=0.5345  loss=0.6625  (22.3s)
Round    6/30  coverage=0.3002  prec@K=0.0031  accepted=22  auc=0.5355  uauc=0.6061  loss=0.6624  (20.6s)
Round    7/30  coverage=0.3003  prec@K=0.0046  accepted=34  auc=0.3704  uauc=0.5743  loss=0.6625  (22.8s)
Round    8/30  coverage=0.3003  prec@K=0.0035  accepted=25  auc=0.3484  uauc=0.5840  loss=0.6622  (22.5s)
Round    9/30  coverage=0.3003  prec@K=0.0015  accepted=11  auc=0.4727  uauc=0.4228  loss=0.6619  (23.4s)
Round   10/30  coverage=0.3004  prec@K=0.0030  accepted=22  auc=0.4311  uauc=0.6254  loss=0.6619  (23.7s)
Round   11/30  coverage=0.3004  prec@K=0.0029  accepted=21  auc=0.4127  uauc=0.5928  loss=0.6618  (25.9s)
Round   12/30  coverage=0.3005  prec@K=0.0018  accepted=13  auc=0.2725  uauc=0.7037  loss=0.6615  (23.0s)
Round   13/30  coverage=0.3005  prec@K=0.0029  accepted=21  auc=0.5511  uauc=0.6242  loss=0.6615  (22.7s)
Round   14/30  coverage=0.3005  prec@K=0.0025  accepted=18  auc=0.3807  uauc=0.6190  loss=0.6613  (31.8s)
Round   15/30  coverage=0.3006  prec@K=0.0033  accepted=24  auc=0.2833  uauc=0.6827  loss=0.6613  (36.3s)
Round   16/30  coverage=0.3006  prec@K=0.0033  accepted=24  auc=0.3576  uauc=0.6936  loss=0.6612  (38.0s)
Round   17/30  coverage=0.3007  prec@K=0.0023  accepted=17  auc=0.3202  uauc=0.5975  loss=0.6610  (36.3s)
Round   18/30  coverage=0.3007  prec@K=0.0018  accepted=13  auc=0.2582  uauc=0.8032  loss=0.6608  (32.9s)
Round   19/30  coverage=0.3007  prec@K=0.0038  accepted=28  auc=0.3459  uauc=0.6313  loss=0.6608  (37.6s)
Round   20/30  coverage=0.3008  prec@K=0.0041  accepted=30  auc=0.3288  uauc=0.6301  loss=0.6607  (34.8s)
Round   21/30  coverage=0.3008  prec@K=0.0025  accepted=18  auc=0.3420  uauc=0.7181  loss=0.6604  (37.5s)
Round   22/30  coverage=0.3009  prec@K=0.0028  accepted=21  auc=0.1782  uauc=0.6803  loss=0.6604  (36.3s)
Round   23/30  coverage=0.3009  prec@K=0.0018  accepted=13  auc=0.1694  uauc=0.6188  loss=0.6601  (33.1s)
Round   24/30  coverage=0.3009  prec@K=0.0024  accepted=18  auc=0.1936  uauc=0.5880  loss=0.6600  (36.7s)
Round   25/30  coverage=0.3010  prec@K=0.0017  accepted=12  auc=0.3241  uauc=0.5525  loss=0.6598  (36.9s)
Round   26/30  coverage=0.3010  prec@K=0.0039  accepted=28  auc=0.1766  uauc=0.6137  loss=0.6599  (33.5s)
Round   27/30  coverage=0.3010  prec@K=0.0018  accepted=13  auc=0.2125  uauc=0.7323  loss=0.6596  (34.3s)
Round   28/30  coverage=0.3011  prec@K=0.0018  accepted=13  auc=0.2454  uauc=0.7449  loss=0.6594  (35.4s)
Round   29/30  coverage=0.3011  prec@K=0.0042  accepted=31  auc=0.1833  uauc=0.5483  loss=0.6596  (34.7s)
Round   30/30  coverage=0.3012  prec@K=0.0029  accepted=21  auc=0.2479  uauc=0.7431  loss=0.6593  (30.7s)

结果已写入 results\orchestrator\runs\ir30_constlr5e5_multiseed_bidir\slashdot\seal_full_s0/rounds.csv
