=== slashdot_cn_s3  started 2026-05-10T20:58:45 ===

C:\conda\envs\gnn\lib\site-packages\requests\__init__.py:86: RequestsDependencyWarning: Unable to find acceptable character detection dependency (chardet or charset_normalizer).
  warnings.warn(
C:\conda\envs\gnn\lib\site-packages\outdated\__init__.py:36: UserWarning: pkg_resources is deprecated as an API. See https://setuptools.pypa.io/en/latest/pkg_resources.html. The pkg_resources package is slated for removal as early as 2025-11-30. Refrain from using this package or pin to Setuptools<81.
  from pkg_resources import parse_version
Round    1/30  coverage=0.3001  prec@K=0.0044  accepted=32  auc=0.8435  uauc=0.6406  loss=nan  (2.9s)
Round    2/30  coverage=0.3001  prec@K=0.0041  accepted=30  auc=0.8023  uauc=0.5496  loss=nan  (0.6s)
Round    3/30  coverage=0.3002  prec@K=0.0055  accepted=40  auc=0.8546  uauc=0.6778  loss=nan  (0.6s)
Round    4/30  coverage=0.3003  prec@K=0.0051  accepted=37  auc=0.8156  uauc=0.6009  loss=nan  (0.8s)
Round    5/30  coverage=0.3003  prec@K=0.0033  accepted=24  auc=0.8452  uauc=0.6471  loss=nan  (1.3s)
Round    6/30  coverage=0.3004  prec@K=0.0031  accepted=23  auc=0.8921  uauc=0.7138  loss=nan  (1.0s)
Round    7/30  coverage=0.3004  prec@K=0.0039  accepted=28  auc=0.8839  uauc=0.6382  loss=nan  (1.1s)
Round    8/30  coverage=0.3005  prec@K=0.0048  accepted=35  auc=0.8720  uauc=0.6939  loss=nan  (1.2s)
Round    9/30  coverage=0.3006  prec@K=0.0054  accepted=39  auc=0.8532  uauc=0.5256  loss=nan  (1.5s)
Round   10/30  coverage=0.3006  prec@K=0.0048  accepted=35  auc=0.8587  uauc=0.6391  loss=nan  (1.8s)
Round   11/30  coverage=0.3007  prec@K=0.0047  accepted=34  auc=0.8501  uauc=0.6985  loss=nan  (4.6s)
Round   12/30  coverage=0.3008  prec@K=0.0049  accepted=36  auc=0.9020  uauc=0.7481  loss=nan  (2.1s)
Round   13/30  coverage=0.3008  prec@K=0.0051  accepted=37  auc=0.8898  uauc=0.6748  loss=nan  (2.3s)
Round   14/30  coverage=0.3009  prec@K=0.0042  accepted=30  auc=0.8689  uauc=0.6342  loss=nan  (2.8s)
Round   15/30  coverage=0.3009  prec@K=0.0043  accepted=31  auc=0.8774  uauc=0.6198  loss=nan  (3.1s)
Round   16/30  coverage=0.3010  prec@K=0.0026  accepted=19  auc=0.8130  uauc=0.5653  loss=nan  (3.6s)
Round   17/30  coverage=0.3010  prec@K=0.0040  accepted=29  auc=0.8495  uauc=0.5957  loss=nan  (3.5s)
Round   18/30  coverage=0.3011  prec@K=0.0036  accepted=26  auc=0.8170  uauc=0.5219  loss=nan  (4.1s)
Round   19/30  coverage=0.3012  prec@K=0.0041  accepted=30  auc=0.8853  uauc=0.6335  loss=nan  (4.5s)
Round   20/30  coverage=0.3012  prec@K=0.0032  accepted=23  auc=0.8590  uauc=0.5251  loss=nan  (5.0s)
Round   21/30  coverage=0.3012  prec@K=0.0035  accepted=26  auc=0.8790  uauc=0.6260  loss=nan  (9.2s)
Round   22/30  coverage=0.3013  prec@K=0.0032  accepted=23  auc=0.8292  uauc=0.5962  loss=nan  (5.9s)
Round   23/30  coverage=0.3013  prec@K=0.0036  accepted=26  auc=0.8397  uauc=0.5963  loss=nan  (5.9s)
Round   24/30  coverage=0.3014  prec@K=0.0039  accepted=29  auc=0.7993  uauc=0.6270  loss=nan  (4.8s)
Round   25/30  coverage=0.3014  prec@K=0.0026  accepted=19  auc=0.7503  uauc=0.4915  loss=nan  (5.1s)
Round   26/30  coverage=0.3015  prec@K=0.0029  accepted=21  auc=0.9070  uauc=0.6220  loss=nan  (5.8s)
Round   27/30  coverage=0.3015  prec@K=0.0045  accepted=33  auc=0.9030  uauc=0.6400  loss=nan  (6.4s)
Round   28/30  coverage=0.3016  prec@K=0.0040  accepted=29  auc=0.8245  uauc=0.6104  loss=nan  (7.2s)
Round   29/30  coverage=0.3016  prec@K=0.0036  accepted=26  auc=0.9067  uauc=0.5942  loss=nan  (7.2s)
Round   30/30  coverage=0.3017  prec@K=0.0049  accepted=36  auc=0.8768  uauc=0.6601  loss=nan  (7.5s)

结果已写入 results\orchestrator\runs\ir30_constlr5e5_multiseed_bidir\slashdot\cn_s3/rounds.csv
