=== slashdot_jaccard_s0  started 2026-05-10T21:33:29 ===

C:\conda\envs\gnn\lib\site-packages\requests\__init__.py:86: RequestsDependencyWarning: Unable to find acceptable character detection dependency (chardet or charset_normalizer).
  warnings.warn(
C:\conda\envs\gnn\lib\site-packages\outdated\__init__.py:36: UserWarning: pkg_resources is deprecated as an API. See https://setuptools.pypa.io/en/latest/pkg_resources.html. The pkg_resources package is slated for removal as early as 2025-11-30. Refrain from using this package or pin to Setuptools<81.
  from pkg_resources import parse_version
Round    1/30  coverage=0.3000  prec@K=0.0029  accepted=21  auc=0.6521  uauc=0.6732  loss=nan  (2.7s)
Round    2/30  coverage=0.3001  prec@K=0.0026  accepted=19  auc=0.6911  uauc=0.6534  loss=nan  (0.6s)
Round    3/30  coverage=0.3001  prec@K=0.0018  accepted=13  auc=0.6456  uauc=0.7670  loss=nan  (0.7s)
Round    4/30  coverage=0.3001  prec@K=0.0022  accepted=16  auc=0.6766  uauc=0.6351  loss=nan  (0.9s)
Round    5/30  coverage=0.3002  prec@K=0.0023  accepted=17  auc=0.6063  uauc=0.6341  loss=nan  (1.7s)
Round    6/30  coverage=0.3002  prec@K=0.0040  accepted=29  auc=0.7168  uauc=0.6593  loss=nan  (1.7s)
Round    7/30  coverage=0.3003  prec@K=0.0035  accepted=26  auc=0.6849  uauc=0.6971  loss=nan  (2.1s)
Round    8/30  coverage=0.3003  prec@K=0.0036  accepted=26  auc=0.6356  uauc=0.6264  loss=nan  (2.2s)
Round    9/30  coverage=0.3004  prec@K=0.0029  accepted=21  auc=0.6281  uauc=0.5923  loss=nan  (2.5s)
Round   10/30  coverage=0.3004  prec@K=0.0035  accepted=25  auc=0.6549  uauc=0.6182  loss=nan  (2.7s)
Round   11/30  coverage=0.3005  prec@K=0.0038  accepted=28  auc=0.6560  uauc=0.5940  loss=nan  (6.3s)
Round   12/30  coverage=0.3005  prec@K=0.0026  accepted=19  auc=0.6175  uauc=0.7015  loss=nan  (2.3s)
Round   13/30  coverage=0.3005  prec@K=0.0032  accepted=23  auc=0.6998  uauc=0.7907  loss=nan  (2.9s)
Round   14/30  coverage=0.3006  prec@K=0.0028  accepted=20  auc=0.6201  uauc=0.5265  loss=nan  (3.1s)
Round   15/30  coverage=0.3006  prec@K=0.0025  accepted=18  auc=0.7180  uauc=0.6099  loss=nan  (3.6s)
Round   16/30  coverage=0.3007  prec@K=0.0034  accepted=25  auc=0.6631  uauc=0.5780  loss=nan  (3.7s)
Round   17/30  coverage=0.3007  prec@K=0.0027  accepted=20  auc=0.6267  uauc=0.6852  loss=nan  (4.7s)
Round   18/30  coverage=0.3007  prec@K=0.0027  accepted=20  auc=0.5828  uauc=0.6797  loss=nan  (5.3s)
Round   19/30  coverage=0.3008  prec@K=0.0042  accepted=31  auc=0.6625  uauc=0.6001  loss=nan  (5.0s)
Round   20/30  coverage=0.3009  prec@K=0.0048  accepted=35  auc=0.6984  uauc=0.5988  loss=nan  (5.0s)
Round   21/30  coverage=0.3009  prec@K=0.0027  accepted=20  auc=0.6379  uauc=0.5175  loss=nan  (8.6s)
Round   22/30  coverage=0.3009  prec@K=0.0026  accepted=19  auc=0.6624  uauc=0.6742  loss=nan  (6.1s)
Round   23/30  coverage=0.3010  prec@K=0.0025  accepted=18  auc=0.6270  uauc=0.6861  loss=nan  (7.3s)
Round   24/30  coverage=0.3010  prec@K=0.0027  accepted=20  auc=0.6487  uauc=0.6917  loss=nan  (7.2s)
Round   25/30  coverage=0.3011  prec@K=0.0024  accepted=17  auc=0.6277  uauc=0.5179  loss=nan  (7.1s)
Round   26/30  coverage=0.3011  prec@K=0.0031  accepted=22  auc=0.5779  uauc=0.6011  loss=nan  (7.3s)
Round   27/30  coverage=0.3011  prec@K=0.0015  accepted=11  auc=0.5544  uauc=0.6667  loss=nan  (7.8s)
Round   28/30  coverage=0.3012  prec@K=0.0027  accepted=20  auc=0.6114  uauc=0.5720  loss=nan  (8.9s)
Round   29/30  coverage=0.3012  prec@K=0.0029  accepted=21  auc=0.5960  uauc=0.6005  loss=nan  (8.9s)
Round   30/30  coverage=0.3012  prec@K=0.0025  accepted=18  auc=0.7111  uauc=0.5612  loss=nan  (8.2s)

结果已写入 results\orchestrator\runs\ir30_constlr5e5_multiseed_bidir\slashdot\jaccard_s0/rounds.csv
