=== slashdot_pa_s1  started 2026-05-10T21:36:08 ===

C:\conda\envs\gnn\lib\site-packages\requests\__init__.py:86: RequestsDependencyWarning: Unable to find acceptable character detection dependency (chardet or charset_normalizer).
  warnings.warn(
C:\conda\envs\gnn\lib\site-packages\outdated\__init__.py:36: UserWarning: pkg_resources is deprecated as an API. See https://setuptools.pypa.io/en/latest/pkg_resources.html. The pkg_resources package is slated for removal as early as 2025-11-30. Refrain from using this package or pin to Setuptools<81.
  from pkg_resources import parse_version
Round    1/30  coverage=0.3001  prec@K=0.0038  accepted=28  auc=0.7968  uauc=0.6013  loss=nan  (3.2s)
Round    2/30  coverage=0.3001  prec@K=0.0057  accepted=41  auc=0.7984  uauc=0.6713  loss=nan  (0.6s)
Round    3/30  coverage=0.3002  prec@K=0.0054  accepted=40  auc=0.7514  uauc=0.5839  loss=nan  (0.7s)
Round    4/30  coverage=0.3003  prec@K=0.0050  accepted=37  auc=0.8010  uauc=0.5894  loss=nan  (0.8s)
Round    5/30  coverage=0.3003  prec@K=0.0044  accepted=32  auc=0.7242  uauc=0.4363  loss=nan  (1.6s)
Round    6/30  coverage=0.3004  prec@K=0.0042  accepted=31  auc=0.7676  uauc=0.7067  loss=nan  (1.1s)
Round    7/30  coverage=0.3005  prec@K=0.0042  accepted=30  auc=0.8639  uauc=0.7011  loss=nan  (1.2s)
Round    8/30  coverage=0.3005  prec@K=0.0049  accepted=36  auc=0.8239  uauc=0.5568  loss=nan  (1.6s)
Round    9/30  coverage=0.3006  prec@K=0.0052  accepted=37  auc=0.8582  uauc=0.6264  loss=nan  (1.7s)
Round   10/30  coverage=0.3007  prec@K=0.0062  accepted=45  auc=0.7817  uauc=0.6069  loss=nan  (2.1s)
Round   11/30  coverage=0.3007  prec@K=0.0032  accepted=23  auc=0.7407  uauc=0.6488  loss=nan  (5.3s)
Round   12/30  coverage=0.3008  prec@K=0.0033  accepted=24  auc=0.8228  uauc=0.6701  loss=nan  (2.8s)
Round   13/30  coverage=0.3009  prec@K=0.0049  accepted=36  auc=0.8408  uauc=0.5784  loss=nan  (3.1s)
Round   14/30  coverage=0.3009  prec@K=0.0049  accepted=36  auc=0.8470  uauc=0.5659  loss=nan  (3.3s)
Round   15/30  coverage=0.3010  prec@K=0.0048  accepted=35  auc=0.8224  uauc=0.6193  loss=nan  (3.6s)
Round   16/30  coverage=0.3011  prec@K=0.0046  accepted=33  auc=0.8079  uauc=0.6924  loss=nan  (3.9s)
Round   17/30  coverage=0.3011  prec@K=0.0059  accepted=43  auc=0.8584  uauc=0.6692  loss=nan  (4.5s)
Round   18/30  coverage=0.3012  prec@K=0.0042  accepted=31  auc=0.8333  uauc=0.7176  loss=nan  (5.1s)
Round   19/30  coverage=0.3013  prec@K=0.0045  accepted=33  auc=0.8619  uauc=0.7590  loss=nan  (5.3s)
Round   20/30  coverage=0.3013  prec@K=0.0046  accepted=34  auc=0.8820  uauc=0.7623  loss=nan  (5.3s)
Round   21/30  coverage=0.3014  prec@K=0.0033  accepted=24  auc=0.7922  uauc=0.6422  loss=nan  (8.5s)
Round   22/30  coverage=0.3014  prec@K=0.0054  accepted=39  auc=0.8590  uauc=0.6755  loss=nan  (6.2s)
Round   23/30  coverage=0.3015  prec@K=0.0044  accepted=32  auc=0.8521  uauc=0.6391  loss=nan  (7.5s)
Round   24/30  coverage=0.3016  prec@K=0.0046  accepted=33  auc=0.8526  uauc=0.5683  loss=nan  (6.7s)
Round   25/30  coverage=0.3016  prec@K=0.0045  accepted=33  auc=0.8528  uauc=0.6243  loss=nan  (7.3s)
Round   26/30  coverage=0.3017  prec@K=0.0056  accepted=41  auc=0.7192  uauc=0.4860  loss=nan  (8.0s)
Round   27/30  coverage=0.3018  prec@K=0.0043  accepted=31  auc=0.9052  uauc=0.7565  loss=nan  (7.8s)
Round   28/30  coverage=0.3019  prec@K=0.0058  accepted=42  auc=0.7807  uauc=0.6492  loss=nan  (8.3s)
Round   29/30  coverage=0.3019  prec@K=0.0026  accepted=19  auc=0.7791  uauc=0.5758  loss=nan  (8.2s)
Round   30/30  coverage=0.3019  prec@K=0.0037  accepted=27  auc=0.8258  uauc=0.6685  loss=nan  (8.8s)

结果已写入 results\orchestrator\runs\ir30_constlr5e5_multiseed_bidir\slashdot\pa_s1/rounds.csv
