=== sx_askubuntu_jaccard_s42  started 2026-05-10T23:51:10 ===

C:\conda\envs\gnn\lib\site-packages\requests\__init__.py:86: RequestsDependencyWarning: Unable to find acceptable character detection dependency (chardet or charset_normalizer).
  warnings.warn(
C:\conda\envs\gnn\lib\site-packages\outdated\__init__.py:36: UserWarning: pkg_resources is deprecated as an API. See https://setuptools.pypa.io/en/latest/pkg_resources.html. The pkg_resources package is slated for removal as early as 2025-11-30. Refrain from using this package or pin to Setuptools<81.
  from pkg_resources import parse_version
Round    1/30  coverage=0.3000  prec@K=0.0000  accepted=0  loss=nan  (7.5s)
Round    2/30  coverage=0.3000  prec@K=0.0003  accepted=5  auc=0.5701  uauc=0.3635  loss=nan  (1.8s)
Round    3/30  coverage=0.3000  prec@K=0.0003  accepted=5  auc=0.5492  uauc=0.7639  loss=nan  (3.3s)
Round    4/30  coverage=0.3000  prec@K=0.0002  accepted=3  auc=0.5351  uauc=0.0000  loss=nan  (5.9s)
Round    5/30  coverage=0.3000  prec@K=0.0002  accepted=3  auc=0.5921  uauc=0.3111  loss=nan  (7.8s)
Round    6/30  coverage=0.3000  prec@K=0.0002  accepted=3  auc=0.6154  uauc=0.7222  loss=nan  (10.8s)
Round    7/30  coverage=0.3000  prec@K=0.0001  accepted=1  auc=0.7817  uauc=0.5000  loss=nan  (12.1s)
Round    8/30  coverage=0.3000  prec@K=0.0003  accepted=5  auc=0.5503  uauc=0.5162  loss=nan  (12.8s)
Round    9/30  coverage=0.3001  prec@K=0.0006  accepted=8  auc=0.5388  uauc=0.3155  loss=nan  (14.1s)
Round   10/30  coverage=0.3001  prec@K=0.0001  accepted=2  auc=0.7016  uauc=0.3611  loss=nan  (16.0s)
Round   11/30  coverage=0.3001  prec@K=0.0003  accepted=4  auc=0.5382  uauc=0.5833  loss=nan  (22.8s)
Round   12/30  coverage=0.3001  prec@K=0.0004  accepted=6  auc=0.6673  uauc=0.4681  loss=nan  (19.8s)
Round   13/30  coverage=0.3001  prec@K=0.0003  accepted=4  auc=0.6251  uauc=0.7222  loss=nan  (23.2s)
Round   14/30  coverage=0.3001  prec@K=0.0001  accepted=2  auc=0.5167  uauc=0.3333  loss=nan  (23.3s)
Round   15/30  coverage=0.3001  prec@K=0.0005  accepted=7  auc=0.5772  uauc=0.8651  loss=nan  (25.2s)
Round   16/30  coverage=0.3001  prec@K=0.0003  accepted=5  auc=0.5356  uauc=0.4444  loss=nan  (27.0s)
Round   17/30  coverage=0.3001  prec@K=0.0004  accepted=6  auc=0.6417  uauc=0.7167  loss=nan  (29.2s)
Round   18/30  coverage=0.3001  prec@K=0.0002  accepted=3  auc=0.5380  uauc=0.5278  loss=nan  (29.8s)
Round   19/30  coverage=0.3001  prec@K=0.0004  accepted=6  auc=0.5433  uauc=0.6019  loss=nan  (30.1s)
Round   20/30  coverage=0.3002  prec@K=0.0004  accepted=6  auc=0.5825  uauc=0.5231  loss=nan  (34.2s)
Round   21/30  coverage=0.3002  prec@K=0.0002  accepted=3  auc=0.5120  uauc=0.0741  loss=nan  (40.6s)
Round   22/30  coverage=0.3002  prec@K=0.0002  accepted=3  auc=0.5169  uauc=0.9444  loss=nan  (35.0s)
Round   23/30  coverage=0.3002  prec@K=0.0002  accepted=3  auc=0.5448  uauc=0.3056  loss=nan  (38.7s)
Round   24/30  coverage=0.3002  prec@K=0.0003  accepted=4  auc=0.5337  uauc=0.8148  loss=nan  (39.6s)
Round   25/30  coverage=0.3002  prec@K=0.0001  accepted=1  auc=0.5654  uauc=0.3333  loss=nan  (45.3s)
Round   26/30  coverage=0.3002  prec@K=0.0003  accepted=5  auc=0.6004  uauc=0.5903  loss=nan  (46.7s)
Round   27/30  coverage=0.3002  prec@K=0.0001  accepted=2  auc=0.5275  uauc=0.6389  loss=nan  (44.2s)
Round   28/30  coverage=0.3002  prec@K=0.0001  accepted=2  auc=0.5358  uauc=0.6746  loss=nan  (47.0s)
Round   29/30  coverage=0.3002  prec@K=0.0003  accepted=5  auc=0.5611  uauc=0.5377  loss=nan  (48.5s)
Round   30/30  coverage=0.3002  prec@K=0.0003  accepted=4  auc=0.5550  uauc=0.6389  loss=nan  (50.9s)

结果已写入 results\orchestrator\runs\ir30_constlr5e5_multiseed_bidir\sx_askubuntu\jaccard_s42/rounds.csv
