=== sx_askubuntu_jaccard_s0  started 2026-05-10T23:38:36 ===

C:\conda\envs\gnn\lib\site-packages\requests\__init__.py:86: RequestsDependencyWarning: Unable to find acceptable character detection dependency (chardet or charset_normalizer).
  warnings.warn(
C:\conda\envs\gnn\lib\site-packages\outdated\__init__.py:36: UserWarning: pkg_resources is deprecated as an API. See https://setuptools.pypa.io/en/latest/pkg_resources.html. The pkg_resources package is slated for removal as early as 2025-11-30. Refrain from using this package or pin to Setuptools<81.
  from pkg_resources import parse_version
Round    1/30  coverage=0.3000  prec@K=0.0002  accepted=3  auc=0.6201  uauc=0.7434  loss=nan  (6.6s)
Round    2/30  coverage=0.3000  prec@K=0.0003  accepted=5  auc=0.5941  uauc=0.6533  loss=nan  (1.7s)
Round    3/30  coverage=0.3000  prec@K=0.0002  accepted=3  auc=0.5641  uauc=0.7743  loss=nan  (2.2s)
Round    4/30  coverage=0.3000  prec@K=0.0003  accepted=4  auc=0.5212  uauc=0.3704  loss=nan  (2.9s)
Round    5/30  coverage=0.3000  prec@K=0.0002  accepted=3  auc=0.5273  uauc=0.2500  loss=nan  (4.4s)
Round    6/30  coverage=0.3001  prec@K=0.0008  accepted=11  auc=0.5391  uauc=0.5988  loss=nan  (6.5s)
Round    7/30  coverage=0.3001  prec@K=0.0001  accepted=1  auc=0.6866  uauc=1.0000  loss=nan  (7.3s)
Round    8/30  coverage=0.3001  prec@K=0.0005  accepted=7  auc=0.5612  uauc=0.7817  loss=nan  (9.0s)
Round    9/30  coverage=0.3001  prec@K=0.0005  accepted=8  auc=0.5524  uauc=0.6887  loss=nan  (11.1s)
Round   10/30  coverage=0.3001  prec@K=0.0001  accepted=2  auc=0.6492  uauc=0.7222  loss=nan  (13.9s)
Round   11/30  coverage=0.3001  prec@K=0.0003  accepted=4  auc=0.6439  uauc=0.6296  loss=nan  (20.2s)
Round   12/30  coverage=0.3001  prec@K=0.0001  accepted=2  auc=0.6336  uauc=0.3611  loss=nan  (16.8s)
Round   13/30  coverage=0.3001  prec@K=0.0001  accepted=1  auc=0.5287  uauc=1.0000  loss=nan  (19.3s)
Round   14/30  coverage=0.3001  prec@K=0.0004  accepted=6  auc=0.6208  uauc=0.6667  loss=nan  (20.3s)
Round   15/30  coverage=0.3001  prec@K=0.0002  accepted=3  auc=0.5749  uauc=0.5741  loss=nan  (22.1s)
Round   16/30  coverage=0.3001  prec@K=0.0001  accepted=1  auc=0.6255  uauc=0.8333  loss=nan  (24.3s)
Round   17/30  coverage=0.3001  prec@K=0.0003  accepted=4  auc=0.5475  uauc=0.7083  loss=nan  (25.4s)
Round   18/30  coverage=0.3001  prec@K=0.0003  accepted=4  auc=0.5584  uauc=0.1806  loss=nan  (29.6s)
Round   19/30  coverage=0.3001  prec@K=0.0001  accepted=2  auc=0.5570  uauc=0.2778  loss=nan  (31.2s)
Round   20/30  coverage=0.3001  prec@K=0.0003  accepted=5  auc=0.5360  uauc=0.4778  loss=nan  (30.4s)
Round   21/30  coverage=0.3001  prec@K=0.0001  accepted=2  auc=0.5656  uauc=1.0000  loss=nan  (40.3s)
Round   22/30  coverage=0.3002  prec@K=0.0003  accepted=5  auc=0.5953  uauc=0.5347  loss=nan  (36.6s)
Round   23/30  coverage=0.3002  prec@K=0.0006  accepted=8  auc=0.5738  uauc=0.6438  loss=nan  (35.9s)
Round   24/30  coverage=0.3002  prec@K=0.0001  accepted=2  auc=0.5246  uauc=0.4921  loss=nan  (39.1s)
Round   25/30  coverage=0.3002  prec@K=0.0004  accepted=6  auc=0.5925  uauc=0.4806  loss=nan  (43.0s)
Round   26/30  coverage=0.3002  prec@K=0.0004  accepted=6  auc=0.5406  uauc=0.7083  loss=nan  (42.0s)
Round   27/30  coverage=0.3002  prec@K=0.0007  accepted=10  auc=0.5945  uauc=0.4583  loss=nan  (44.1s)
Round   28/30  coverage=0.3002  prec@K=0.0003  accepted=5  auc=0.6071  uauc=0.2917  loss=nan  (47.8s)
Round   29/30  coverage=0.3002  prec@K=0.0003  accepted=5  auc=0.5445  uauc=0.1944  loss=nan  (51.6s)
Round   30/30  coverage=0.3002  prec@K=0.0005  accepted=8  auc=0.5578  uauc=0.5119  loss=nan  (56.6s)

结果已写入 results\orchestrator\runs\ir30_constlr5e5_multiseed_bidir\sx_askubuntu\jaccard_s0/rounds.csv

