=== sx_askubuntu_gnn_concat_s2  started 2026-05-10T22:32:07 ===

C:\conda\envs\gnn\lib\site-packages\requests\__init__.py:86: RequestsDependencyWarning: Unable to find acceptable character detection dependency (chardet or charset_normalizer).
  warnings.warn(
C:\conda\envs\gnn\lib\site-packages\outdated\__init__.py:36: UserWarning: pkg_resources is deprecated as an API. See https://setuptools.pypa.io/en/latest/pkg_resources.html. The pkg_resources package is slated for removal as early as 2025-11-30. Refrain from using this package or pin to Setuptools<81.
  from pkg_resources import parse_version
Round    1/30  coverage=0.3000  prec@K=0.0006  accepted=9  auc=0.6191  uauc=0.5370  loss=0.6599  (22.1s)
Round    2/30  coverage=0.3000  prec@K=0.0006  accepted=9  auc=0.6977  uauc=0.6914  loss=0.6580  (13.8s)
Round    3/30  coverage=0.3000  prec@K=0.0003  accepted=4  auc=0.6147  uauc=0.6389  loss=0.6557  (13.8s)
Round    4/30  coverage=0.3001  prec@K=0.0004  accepted=6  auc=0.4091  uauc=0.5317  loss=0.6537  (15.2s)
Round    5/30  coverage=0.3001  prec@K=0.0005  accepted=7  auc=0.5275  uauc=0.5370  loss=0.6518  (17.9s)
Round    6/30  coverage=0.3001  prec@K=0.0009  accepted=13  auc=0.4224  uauc=0.6496  loss=0.6499  (20.1s)
Round    7/30  coverage=0.3001  prec@K=0.0005  accepted=7  auc=0.3840  uauc=0.6587  loss=0.6480  (21.6s)
Round    8/30  coverage=0.3001  prec@K=0.0002  accepted=3  auc=0.3313  uauc=0.5000  loss=0.6459  (23.5s)
Round    9/30  coverage=0.3001  prec@K=0.0003  accepted=5  auc=0.2773  uauc=0.3576  loss=0.6441  (24.7s)
Round   10/30  coverage=0.3001  prec@K=0.0004  accepted=6  auc=0.5681  uauc=0.7222  loss=0.6424  (26.2s)
Round   11/30  coverage=0.3001  prec@K=0.0007  accepted=10  auc=0.5098  uauc=0.6821  loss=0.6407  (32.6s)
Round   12/30  coverage=0.3002  prec@K=0.0005  accepted=7  auc=0.2835  uauc=0.7381  loss=0.6392  (30.6s)
Round   13/30  coverage=0.3002  prec@K=0.0006  accepted=9  auc=0.2819  uauc=0.5265  loss=0.6372  (31.2s)
Round   14/30  coverage=0.3002  prec@K=0.0002  accepted=3  auc=0.7676  uauc=0.3426  loss=0.6356  (34.1s)
Round   15/30  coverage=0.3002  prec@K=0.0005  accepted=8  auc=0.1745  uauc=0.4184  loss=0.6337  (35.4s)
Round   16/30  coverage=0.3002  prec@K=0.0004  accepted=6  auc=0.3027  uauc=0.7000  loss=0.6319  (36.9s)
Round   17/30  coverage=0.3002  prec@K=0.0006  accepted=8  auc=0.1541  uauc=0.5851  loss=0.6303  (39.0s)
Round   18/30  coverage=0.3002  prec@K=0.0003  accepted=4  auc=0.4339  uauc=0.7407  loss=0.6287  (43.2s)
Round   19/30  coverage=0.3002  prec@K=0.0004  accepted=6  auc=0.3924  uauc=0.5370  loss=0.6272  (43.4s)
Round   20/30  coverage=0.3002  prec@K=0.0003  accepted=4  auc=0.1026  uauc=0.5729  loss=0.6248  (44.8s)
Round   21/30  coverage=0.3003  prec@K=0.0005  accepted=7  auc=0.3951  uauc=0.5794  loss=0.6238  (50.0s)
Round   22/30  coverage=0.3003  prec@K=0.0001  accepted=2  auc=0.4561  uauc=0.4722  loss=0.6217  (49.3s)
Round   23/30  coverage=0.3003  prec@K=0.0003  accepted=5  auc=0.1439  uauc=0.4861  loss=0.6204  (48.7s)
Round   24/30  coverage=0.3003  prec@K=0.0003  accepted=5  auc=0.2776  uauc=0.4769  loss=0.6191  (52.1s)
Round   25/30  coverage=0.3003  prec@K=0.0003  accepted=5  auc=0.0547  uauc=0.6667  loss=0.6175  (51.9s)
Round   26/30  coverage=0.3003  prec@K=0.0001  accepted=2  auc=0.1428  uauc=0.4167  loss=0.6160  (54.9s)
Round   27/30  coverage=0.3003  prec@K=0.0004  accepted=6  auc=0.1295  uauc=0.7000  loss=0.6145  (59.6s)
Round   28/30  coverage=0.3003  prec@K=0.0003  accepted=5  auc=0.2050  uauc=0.8000  loss=0.6136  (59.7s)
Round   29/30  coverage=0.3003  prec@K=0.0004  accepted=6  auc=0.1655  uauc=0.5856  loss=0.6123  (61.5s)
Round   30/30  coverage=0.3003  prec@K=0.0005  accepted=7  auc=0.0615  uauc=0.5139  loss=0.6110  (63.7s)

结果已写入 results\orchestrator\runs\ir30_constlr5e5_multiseed_bidir\sx_askubuntu\gnn_concat_s2/rounds.csv
