=== sx_askubuntu_pa_s42  started 2026-05-11T00:03:18 ===

C:\conda\envs\gnn\lib\site-packages\requests\__init__.py:86: RequestsDependencyWarning: Unable to find acceptable character detection dependency (chardet or charset_normalizer).
  warnings.warn(
C:\conda\envs\gnn\lib\site-packages\outdated\__init__.py:36: UserWarning: pkg_resources is deprecated as an API. See https://setuptools.pypa.io/en/latest/pkg_resources.html. The pkg_resources package is slated for removal as early as 2025-11-30. Refrain from using this package or pin to Setuptools<81.
  from pkg_resources import parse_version
Round    1/30  coverage=0.3000  prec@K=0.0010  accepted=14  auc=0.8571  uauc=0.5085  loss=nan  (7.1s)
Round    2/30  coverage=0.3001  prec@K=0.0018  accepted=26  auc=0.8930  uauc=0.5846  loss=nan  (1.8s)
Round    3/30  coverage=0.3001  prec@K=0.0010  accepted=14  auc=0.9389  uauc=0.7062  loss=nan  (2.4s)
Round    4/30  coverage=0.3001  prec@K=0.0014  accepted=20  auc=0.8635  uauc=0.7455  loss=nan  (4.0s)
Round    5/30  coverage=0.3002  prec@K=0.0010  accepted=14  auc=0.8630  uauc=0.6359  loss=nan  (7.6s)
Round    6/30  coverage=0.3002  prec@K=0.0010  accepted=14  auc=0.9051  uauc=0.5657  loss=nan  (8.5s)
Round    7/30  coverage=0.3002  prec@K=0.0006  accepted=9  auc=0.9530  uauc=0.7302  loss=nan  (10.4s)
Round    8/30  coverage=0.3002  prec@K=0.0010  accepted=15  auc=0.9157  uauc=0.6185  loss=nan  (11.6s)
Round    9/30  coverage=0.3003  prec@K=0.0012  accepted=17  auc=0.9491  uauc=0.7877  loss=nan  (13.2s)
Round   10/30  coverage=0.3003  prec@K=0.0016  accepted=23  auc=0.8979  uauc=0.5187  loss=nan  (15.3s)
Round   11/30  coverage=0.3003  prec@K=0.0013  accepted=19  auc=0.9284  uauc=0.6754  loss=nan  (22.8s)
Round   12/30  coverage=0.3004  prec@K=0.0015  accepted=22  auc=0.9179  uauc=0.6197  loss=nan  (19.7s)
Round   13/30  coverage=0.3004  prec@K=0.0013  accepted=19  auc=0.8869  uauc=0.6528  loss=nan  (21.2s)
Round   14/30  coverage=0.3005  prec@K=0.0016  accepted=24  auc=0.9349  uauc=0.6397  loss=nan  (20.9s)
Round   15/30  coverage=0.3005  prec@K=0.0020  accepted=29  auc=0.9400  uauc=0.6792  loss=nan  (22.3s)
Round   16/30  coverage=0.3005  prec@K=0.0008  accepted=11  auc=0.8390  uauc=0.6566  loss=nan  (24.0s)
Round   17/30  coverage=0.3006  prec@K=0.0014  accepted=20  auc=0.8743  uauc=0.6439  loss=nan  (26.1s)
Round   18/30  coverage=0.3006  prec@K=0.0007  accepted=10  auc=0.9036  uauc=0.7832  loss=nan  (27.3s)
Round   19/30  coverage=0.3006  prec@K=0.0017  accepted=25  auc=0.8923  uauc=0.6004  loss=nan  (27.7s)
Round   20/30  coverage=0.3007  prec@K=0.0010  accepted=15  auc=0.9450  uauc=0.7847  loss=nan  (31.4s)
Round   21/30  coverage=0.3007  prec@K=0.0016  accepted=24  auc=0.9126  uauc=0.6806  loss=nan  (37.8s)
Round   22/30  coverage=0.3007  prec@K=0.0012  accepted=17  auc=0.9283  uauc=0.6652  loss=nan  (32.3s)
Round   23/30  coverage=0.3008  prec@K=0.0009  accepted=13  auc=0.9689  uauc=0.7399  loss=nan  (36.0s)
Round   24/30  coverage=0.3008  prec@K=0.0017  accepted=25  auc=0.9128  uauc=0.7495  loss=nan  (36.1s)
Round   25/30  coverage=0.3008  prec@K=0.0010  accepted=14  auc=0.9061  uauc=0.5873  loss=nan  (40.7s)
Round   26/30  coverage=0.3009  prec@K=0.0014  accepted=21  auc=0.9115  uauc=0.5427  loss=nan  (42.7s)
Round   27/30  coverage=0.3009  prec@K=0.0011  accepted=16  auc=0.9031  uauc=0.6389  loss=nan  (40.8s)
Round   28/30  coverage=0.3009  prec@K=0.0009  accepted=13  auc=0.9281  uauc=0.6497  loss=nan  (43.4s)
Round   29/30  coverage=0.3010  prec@K=0.0014  accepted=20  auc=0.8936  uauc=0.7026  loss=nan  (44.4s)
Round   30/30  coverage=0.3010  prec@K=0.0011  accepted=16  auc=0.9143  uauc=0.7296  loss=nan  (46.0s)

结果已写入 results\orchestrator\runs\ir30_constlr5e5_multiseed_bidir\sx_askubuntu\pa_s42/rounds.csv
