=== sx_askubuntu_aa_s42  started 2026-05-10T21:56:38 ===

C:\conda\envs\gnn\lib\site-packages\requests\__init__.py:86: RequestsDependencyWarning: Unable to find acceptable character detection dependency (chardet or charset_normalizer).
  warnings.warn(
C:\conda\envs\gnn\lib\site-packages\outdated\__init__.py:36: UserWarning: pkg_resources is deprecated as an API. See https://setuptools.pypa.io/en/latest/pkg_resources.html. The pkg_resources package is slated for removal as early as 2025-11-30. Refrain from using this package or pin to Setuptools<81.
  from pkg_resources import parse_version
Round    1/30  coverage=0.3000  prec@K=0.0004  accepted=6  auc=0.8847  uauc=0.6667  loss=nan  (7.9s)
Round    2/30  coverage=0.3000  prec@K=0.0012  accepted=17  auc=0.9078  uauc=0.6443  loss=nan  (2.9s)
Round    3/30  coverage=0.3001  prec@K=0.0008  accepted=11  auc=0.9712  uauc=0.7312  loss=nan  (3.7s)
Round    4/30  coverage=0.3001  prec@K=0.0004  accepted=6  auc=0.9713  uauc=0.6111  loss=nan  (4.9s)
Round    5/30  coverage=0.3001  prec@K=0.0005  accepted=7  auc=0.9705  uauc=0.7130  loss=nan  (7.3s)
Round    6/30  coverage=0.3001  prec@K=0.0008  accepted=11  auc=0.9544  uauc=0.7382  loss=nan  (7.6s)
Round    7/30  coverage=0.3001  prec@K=0.0004  accepted=6  auc=0.9380  uauc=0.7458  loss=nan  (9.8s)
Round    8/30  coverage=0.3001  prec@K=0.0012  accepted=17  auc=0.9142  uauc=0.5779  loss=nan  (11.2s)
Round    9/30  coverage=0.3002  prec@K=0.0010  accepted=15  auc=0.9216  uauc=0.6453  loss=nan  (12.4s)
Round   10/30  coverage=0.3002  prec@K=0.0008  accepted=12  auc=0.9026  uauc=0.6471  loss=nan  (14.7s)
Round   11/30  coverage=0.3002  prec@K=0.0005  accepted=7  auc=0.8752  uauc=0.6905  loss=nan  (21.5s)
Round   12/30  coverage=0.3002  prec@K=0.0010  accepted=15  auc=0.9073  uauc=0.7035  loss=nan  (19.2s)
Round   13/30  coverage=0.3003  prec@K=0.0006  accepted=9  auc=0.9289  uauc=0.7346  loss=nan  (23.1s)
Round   14/30  coverage=0.3003  prec@K=0.0010  accepted=14  auc=0.9590  uauc=0.6853  loss=nan  (23.8s)
Round   15/30  coverage=0.3003  prec@K=0.0010  accepted=15  auc=0.9484  uauc=0.6919  loss=nan  (26.0s)
Round   16/30  coverage=0.3003  prec@K=0.0009  accepted=13  auc=0.9579  uauc=0.6894  loss=nan  (28.0s)
Round   17/30  coverage=0.3004  prec@K=0.0010  accepted=14  auc=0.9537  uauc=0.7841  loss=nan  (29.3s)
Round   18/30  coverage=0.3004  prec@K=0.0008  accepted=11  auc=0.9731  uauc=0.7980  loss=nan  (30.0s)
Round   19/30  coverage=0.3004  prec@K=0.0009  accepted=13  auc=0.9661  uauc=0.7361  loss=nan  (30.5s)
Round   20/30  coverage=0.3004  prec@K=0.0005  accepted=7  auc=0.9539  uauc=0.7381  loss=nan  (34.6s)
Round   21/30  coverage=0.3004  prec@K=0.0010  accepted=15  auc=0.9109  uauc=0.6593  loss=nan  (41.4s)
Round   22/30  coverage=0.3005  prec@K=0.0006  accepted=9  auc=0.9277  uauc=0.7469  loss=nan  (35.6s)
Round   23/30  coverage=0.3005  prec@K=0.0005  accepted=7  auc=0.9582  uauc=0.8571  loss=nan  (38.9s)
Round   24/30  coverage=0.3005  prec@K=0.0008  accepted=11  auc=0.9623  uauc=0.9097  loss=nan  (38.7s)
Round   25/30  coverage=0.3005  prec@K=0.0008  accepted=12  auc=0.9380  uauc=0.7269  loss=nan  (43.2s)
Round   26/30  coverage=0.3005  prec@K=0.0007  accepted=10  auc=0.9437  uauc=0.5864  loss=nan  (45.4s)
Round   27/30  coverage=0.3005  prec@K=0.0003  accepted=4  auc=0.8944  uauc=0.8194  loss=nan  (43.2s)
Round   28/30  coverage=0.3005  prec@K=0.0003  accepted=4  auc=0.9330  uauc=0.4306  loss=nan  (46.0s)
Round   29/30  coverage=0.3006  prec@K=0.0009  accepted=13  auc=0.9262  uauc=0.6000  loss=nan  (47.3s)
Round   30/30  coverage=0.3006  prec@K=0.0008  accepted=11  auc=0.8898  uauc=0.6257  loss=nan  (49.1s)

结果已写入 results\orchestrator\runs\ir30_constlr5e5_multiseed_bidir\sx_askubuntu\aa_s42/rounds.csv

