=== sx_askubuntu_gnn_concat_h8_s0  started 2026-05-10T22:32:35 ===

C:\conda\envs\gnn\lib\site-packages\requests\__init__.py:86: RequestsDependencyWarning: Unable to find acceptable character detection dependency (chardet or charset_normalizer).
  warnings.warn(
C:\conda\envs\gnn\lib\site-packages\outdated\__init__.py:36: UserWarning: pkg_resources is deprecated as an API. See https://setuptools.pypa.io/en/latest/pkg_resources.html. The pkg_resources package is slated for removal as early as 2025-11-30. Refrain from using this package or pin to Setuptools<81.
  from pkg_resources import parse_version
Round    1/30  coverage=0.3000  prec@K=0.0003  accepted=5  auc=0.6948  uauc=0.6857  loss=0.8133  (18.6s)
Round    2/30  coverage=0.3000  prec@K=0.0007  accepted=10  auc=0.7598  uauc=0.5956  loss=0.8129  (13.0s)
Round    3/30  coverage=0.3000  prec@K=0.0007  accepted=10  auc=0.6772  uauc=0.5185  loss=0.8121  (13.7s)
Round    4/30  coverage=0.3001  prec@K=0.0002  accepted=3  auc=0.9188  uauc=0.6389  loss=0.8114  (15.5s)
Round    5/30  coverage=0.3001  prec@K=0.0005  accepted=7  auc=0.8143  uauc=0.6349  loss=0.8107  (18.2s)
Round    6/30  coverage=0.3001  prec@K=0.0005  accepted=8  auc=0.8457  uauc=0.7194  loss=0.8101  (19.4s)
Round    7/30  coverage=0.3001  prec@K=0.0002  accepted=3  auc=0.7172  uauc=0.6713  loss=0.8097  (20.5s)
Round    8/30  coverage=0.3001  prec@K=0.0005  accepted=8  auc=0.6950  uauc=0.4712  loss=0.8085  (24.0s)
Round    9/30  coverage=0.3001  prec@K=0.0005  accepted=8  auc=0.6676  uauc=0.6042  loss=0.8079  (24.6s)
Round   10/30  coverage=0.3001  prec@K=0.0000  accepted=0  loss=0.8076  (26.2s)
Round   11/30  coverage=0.3001  prec@K=0.0003  accepted=5  auc=0.8310  uauc=0.4583  loss=0.8067  (33.6s)
Round   12/30  coverage=0.3001  prec@K=0.0002  accepted=3  auc=0.7064  uauc=0.4259  loss=0.8063  (29.7s)
Round   13/30  coverage=0.3001  prec@K=0.0005  accepted=8  auc=0.6737  uauc=0.5635  loss=0.8052  (32.5s)
Round   14/30  coverage=0.3002  prec@K=0.0005  accepted=7  auc=0.7357  uauc=0.6176  loss=0.8045  (33.0s)
Round   15/30  coverage=0.3002  prec@K=0.0003  accepted=4  auc=0.7026  uauc=0.5417  loss=0.8042  (35.7s)
Round   16/30  coverage=0.3002  prec@K=0.0003  accepted=4  auc=0.7579  uauc=0.6111  loss=0.8035  (37.6s)
Round   17/30  coverage=0.3002  prec@K=0.0005  accepted=7  auc=0.6130  uauc=0.5476  loss=0.8031  (39.2s)
Round   18/30  coverage=0.3002  prec@K=0.0003  accepted=5  auc=0.7701  uauc=0.3000  loss=0.8023  (42.5s)
Round   19/30  coverage=0.3002  prec@K=0.0002  accepted=3  auc=0.6629  uauc=0.4630  loss=0.8016  (44.6s)
Round   20/30  coverage=0.3002  prec@K=0.0003  accepted=5  auc=0.6482  uauc=0.6244  loss=0.8011  (44.4s)
Round   21/30  coverage=0.3002  prec@K=0.0004  accepted=6  auc=0.6595  uauc=0.5778  loss=0.8003  (52.1s)
Round   22/30  coverage=0.3002  prec@K=0.0003  accepted=5  auc=0.6649  uauc=0.6389  loss=0.7998  (49.9s)
Round   23/30  coverage=0.3002  prec@K=0.0005  accepted=7  auc=0.8436  uauc=0.6290  loss=0.7992  (49.0s)
Round   24/30  coverage=0.3002  prec@K=0.0002  accepted=3  auc=0.6161  uauc=0.5608  loss=0.7987  (52.9s)
Round   25/30  coverage=0.3003  prec@K=0.0006  accepted=9  auc=0.6341  uauc=0.4219  loss=0.7978  (56.4s)
Round   26/30  coverage=0.3003  prec@K=0.0001  accepted=2  auc=0.7646  uauc=0.5000  loss=0.7977  (55.5s)
Round   27/30  coverage=0.3003  prec@K=0.0004  accepted=6  auc=0.7471  uauc=0.4769  loss=0.7969  (58.2s)
Round   28/30  coverage=0.3003  prec@K=0.0002  accepted=3  auc=0.7228  uauc=0.7500  loss=0.7969  (58.7s)
Round   29/30  coverage=0.3003  prec@K=0.0005  accepted=7  auc=0.7162  uauc=0.6019  loss=0.7960  (63.3s)
Round   30/30  coverage=0.3003  prec@K=0.0001  accepted=1  auc=0.4994  uauc=0.5000  loss=0.7958  (67.5s)

结果已写入 results\orchestrator\runs\ir30_constlr5e5_multiseed_bidir\sx_askubuntu\gnn_concat_h8_s0/rounds.csv
