=== sx_askubuntu_gnn_h32_s42  started 2026-05-10T22:59:59 ===

C:\conda\envs\gnn\lib\site-packages\requests\__init__.py:86: RequestsDependencyWarning: Unable to find acceptable character detection dependency (chardet or charset_normalizer).
  warnings.warn(
C:\conda\envs\gnn\lib\site-packages\outdated\__init__.py:36: UserWarning: pkg_resources is deprecated as an API. See https://setuptools.pypa.io/en/latest/pkg_resources.html. The pkg_resources package is slated for removal as early as 2025-11-30. Refrain from using this package or pin to Setuptools<81.
  from pkg_resources import parse_version
Round    1/30  coverage=0.3000  prec@K=0.0002  accepted=3  auc=0.2873  uauc=0.5926  loss=0.7775  (18.4s)
Round    2/30  coverage=0.3000  prec@K=0.0009  accepted=13  auc=0.2516  uauc=0.5663  loss=0.7766  (13.1s)
Round    3/30  coverage=0.3000  prec@K=0.0003  accepted=4  auc=0.2516  uauc=0.4583  loss=0.7762  (13.4s)
Round    4/30  coverage=0.3000  prec@K=0.0003  accepted=5  auc=0.1472  uauc=0.5608  loss=0.7755  (14.4s)
Round    5/30  coverage=0.3001  prec@K=0.0006  accepted=9  auc=0.0921  uauc=0.5333  loss=0.7748  (16.5s)
Round    6/30  coverage=0.3001  prec@K=0.0005  accepted=7  auc=0.0592  uauc=0.5873  loss=0.7741  (18.5s)
Round    7/30  coverage=0.3001  prec@K=0.0001  accepted=1  auc=0.0088  uauc=1.0000  loss=0.7734  (20.4s)
Round    8/30  coverage=0.3001  prec@K=0.0004  accepted=6  auc=0.0539  uauc=0.6667  loss=0.7728  (23.1s)
Round    9/30  coverage=0.3001  prec@K=0.0004  accepted=6  auc=0.2712  uauc=0.6157  loss=0.7721  (23.7s)
Round   10/30  coverage=0.3001  prec@K=0.0006  accepted=9  auc=0.0328  uauc=0.4012  loss=0.7713  (25.4s)
Round   11/30  coverage=0.3001  prec@K=0.0003  accepted=5  auc=0.1817  uauc=0.6222  loss=0.7707  (31.9s)
Round   12/30  coverage=0.3001  prec@K=0.0006  accepted=9  auc=0.1215  uauc=0.6003  loss=0.7699  (29.8s)
Round   13/30  coverage=0.3002  prec@K=0.0003  accepted=5  auc=0.0978  uauc=0.7444  loss=0.7693  (32.0s)
Round   14/30  coverage=0.3002  prec@K=0.0007  accepted=10  auc=0.0465  uauc=0.5667  loss=0.7688  (32.8s)
Round   15/30  coverage=0.3002  prec@K=0.0006  accepted=9  auc=0.1174  uauc=0.7654  loss=0.7680  (35.0s)
Round   16/30  coverage=0.3002  prec@K=0.0008  accepted=11  auc=0.1339  uauc=0.6222  loss=0.7672  (37.1s)
Round   17/30  coverage=0.3002  prec@K=0.0004  accepted=6  auc=0.1623  uauc=0.8500  loss=0.7667  (39.0s)
Round   18/30  coverage=0.3002  prec@K=0.0003  accepted=4  auc=0.0531  uauc=0.8611  loss=0.7661  (40.7s)
Round   19/30  coverage=0.3002  prec@K=0.0008  accepted=11  auc=0.1126  uauc=0.6654  loss=0.7653  (41.9s)
Round   20/30  coverage=0.3003  prec@K=0.0003  accepted=4  auc=0.1033  uauc=0.5278  loss=0.7645  (45.2s)
Round   21/30  coverage=0.3003  prec@K=0.0005  accepted=8  auc=0.0730  uauc=0.6528  loss=0.7638  (52.7s)
Round   22/30  coverage=0.3003  prec@K=0.0004  accepted=6  auc=0.0757  uauc=0.6007  loss=0.7631  (45.2s)
Round   23/30  coverage=0.3003  prec@K=0.0002  accepted=3  auc=0.2357  uauc=0.5185  loss=0.7625  (55.3s)
Round   24/30  coverage=0.3003  prec@K=0.0003  accepted=4  auc=0.0779  uauc=0.5278  loss=0.7616  (49.7s)
Round   25/30  coverage=0.3003  prec@K=0.0002  accepted=3  auc=0.0583  uauc=0.4259  loss=0.7611  (51.3s)
Round   26/30  coverage=0.3003  prec@K=0.0004  accepted=6  auc=0.1716  uauc=0.8000  loss=0.7602  (55.2s)
Round   27/30  coverage=0.3003  prec@K=0.0003  accepted=5  auc=0.0430  uauc=0.6778  loss=0.7596  (53.5s)
Round   28/30  coverage=0.3003  prec@K=0.0003  accepted=5  auc=0.0718  uauc=0.8349  loss=0.7588  (56.8s)
Round   29/30  coverage=0.3003  prec@K=0.0006  accepted=9  auc=0.1020  uauc=0.5704  loss=0.7579  (59.9s)
Round   30/30  coverage=0.3003  prec@K=0.0002  accepted=3  auc=0.1595  uauc=0.6667  loss=0.7573  (61.2s)

结果已写入 results\orchestrator\runs\ir30_constlr5e5_multiseed_bidir\sx_askubuntu\gnn_h32_s42/rounds.csv
