=== sx_mathoverflow_seal_full_s0  started 2026-05-10T20:00:45 ===

C:\conda\envs\gnn\lib\site-packages\requests\__init__.py:86: RequestsDependencyWarning: Unable to find acceptable character detection dependency (chardet or charset_normalizer).
  warnings.warn(
C:\conda\envs\gnn\lib\site-packages\outdated\__init__.py:36: UserWarning: pkg_resources is deprecated as an API. See https://setuptools.pypa.io/en/latest/pkg_resources.html. The pkg_resources package is slated for removal as early as 2025-11-30. Refrain from using this package or pin to Setuptools<81.
  from pkg_resources import parse_version
Round    1/30  coverage=0.3000  prec@K=0.0021  accepted=5  auc=0.3415  uauc=0.6222  loss=0.6631  (9.2s)
Round    2/30  coverage=0.3001  prec@K=0.0037  accepted=9  auc=0.2771  uauc=0.6007  loss=0.6630  (8.7s)
Round    3/30  coverage=0.3001  prec@K=0.0013  accepted=3  auc=0.3158  uauc=0.4444  loss=0.6627  (7.9s)
Round    4/30  coverage=0.3001  prec@K=0.0008  accepted=2  auc=0.4519  uauc=0.2222  loss=0.6625  (8.9s)
Round    5/30  coverage=0.3001  prec@K=0.0045  accepted=11  auc=0.2166  uauc=0.5212  loss=0.6627  (9.3s)
Round    6/30  coverage=0.3001  prec@K=0.0017  accepted=4  auc=0.1276  uauc=0.5000  loss=0.6623  (9.1s)
Round    7/30  coverage=0.3002  prec@K=0.0016  accepted=4  auc=0.3845  uauc=0.7361  loss=0.6622  (9.0s)
Round    8/30  coverage=0.3002  prec@K=0.0034  accepted=8  auc=0.2256  uauc=0.5383  loss=0.6622  (8.8s)
Round    9/30  coverage=0.3002  prec@K=0.0025  accepted=6  auc=0.2198  uauc=0.4259  loss=0.6620  (7.9s)
Round   10/30  coverage=0.3002  prec@K=0.0008  accepted=2  auc=0.6370  uauc=0.6667  loss=0.6618  (9.2s)
Round   11/30  coverage=0.3003  prec@K=0.0025  accepted=6  auc=0.0463  uauc=0.4417  loss=0.6617  (11.7s)
Round   12/30  coverage=0.3003  prec@K=0.0021  accepted=5  auc=0.2212  uauc=0.7667  loss=0.6615  (10.7s)
Round   13/30  coverage=0.3003  prec@K=0.0013  accepted=3  auc=0.4788  uauc=0.6481  loss=0.6613  (10.5s)
Round   14/30  coverage=0.3003  prec@K=0.0025  accepted=6  auc=0.4139  uauc=0.7037  loss=0.6613  (12.2s)
Round   15/30  coverage=0.3004  prec@K=0.0037  accepted=9  auc=0.2885  uauc=0.4084  loss=0.6613  (12.6s)
Round   16/30  coverage=0.3004  prec@K=0.0021  accepted=5  auc=0.2581  uauc=0.4333  loss=0.6610  (12.8s)
Round   17/30  coverage=0.3004  prec@K=0.0021  accepted=5  auc=0.3408  uauc=0.8556  loss=0.6609  (11.9s)
Round   18/30  coverage=0.3004  prec@K=0.0008  accepted=2  auc=0.5032  uauc=0.6389  loss=0.6607  (11.8s)
Round   19/30  coverage=0.3004  prec@K=0.0017  accepted=4  auc=0.1230  uauc=0.6528  loss=0.6607  (11.3s)
Round   20/30  coverage=0.3005  prec@K=0.0021  accepted=5  auc=0.1182  uauc=0.8000  loss=0.6606  (11.9s)
Round   21/30  coverage=0.3005  prec@K=0.0021  accepted=5  auc=0.1220  uauc=0.6296  loss=0.6605  (14.0s)
Round   22/30  coverage=0.3005  prec@K=0.0021  accepted=5  auc=0.0981  uauc=0.7111  loss=0.6602  (12.8s)
Round   23/30  coverage=0.3005  prec@K=0.0021  accepted=5  auc=0.2062  uauc=0.7111  loss=0.6601  (12.7s)
Round   24/30  coverage=0.3005  prec@K=0.0025  accepted=6  auc=0.1827  uauc=0.4875  loss=0.6600  (11.6s)
Round   25/30  coverage=0.3006  prec@K=0.0038  accepted=9  auc=0.1391  uauc=0.5427  loss=0.6601  (12.5s)
Round   26/30  coverage=0.3006  prec@K=0.0016  accepted=4  auc=0.1407  uauc=0.6944  loss=0.6598  (12.0s)
Round   27/30  coverage=0.3006  prec@K=0.0013  accepted=3  auc=0.0470  uauc=0.7593  loss=0.6597  (11.8s)
Round   28/30  coverage=0.3006  prec@K=0.0008  accepted=2  auc=0.1553  uauc=0.8889  loss=0.6593  (12.3s)
Round   29/30  coverage=0.3006  prec@K=0.0017  accepted=4  auc=0.1011  uauc=0.6250  loss=0.6593  (11.3s)
Round   30/30  coverage=0.3007  prec@K=0.0038  accepted=9  auc=0.2424  uauc=0.7876  loss=0.6594  (10.1s)

结果已写入 results\orchestrator\runs\ir30_constlr5e5_multiseed_bidir\sx_mathoverflow\seal_full_s0/rounds.csv
