=== sx_mathoverflow_jaccard_s1  started 2026-05-10T19:58:44 ===

C:\conda\envs\gnn\lib\site-packages\requests\__init__.py:86: RequestsDependencyWarning: Unable to find acceptable character detection dependency (chardet or charset_normalizer).
  warnings.warn(
C:\conda\envs\gnn\lib\site-packages\outdated\__init__.py:36: UserWarning: pkg_resources is deprecated as an API. See https://setuptools.pypa.io/en/latest/pkg_resources.html. The pkg_resources package is slated for removal as early as 2025-11-30. Refrain from using this package or pin to Setuptools<81.
  from pkg_resources import parse_version
Round    1/30  coverage=0.3000  prec@K=0.0021  accepted=5  auc=0.3663  uauc=0.3950  loss=nan  (1.9s)
Round    2/30  coverage=0.3000  prec@K=0.0013  accepted=3  auc=0.4298  uauc=0.6111  loss=nan  (0.2s)
Round    3/30  coverage=0.3001  prec@K=0.0080  accepted=19  auc=0.3842  uauc=0.6768  loss=nan  (0.2s)
Round    4/30  coverage=0.3001  prec@K=0.0012  accepted=3  auc=0.3882  uauc=0.4444  loss=nan  (0.2s)
Round    5/30  coverage=0.3001  prec@K=0.0013  accepted=3  auc=0.3290  uauc=0.5741  loss=nan  (0.2s)
Round    6/30  coverage=0.3002  prec@K=0.0029  accepted=7  auc=0.4237  uauc=0.5605  loss=nan  (0.2s)
Round    7/30  coverage=0.3002  prec@K=0.0037  accepted=9  auc=0.3468  uauc=0.5741  loss=nan  (0.3s)
Round    8/30  coverage=0.3003  prec@K=0.0079  accepted=19  auc=0.4568  uauc=0.4600  loss=nan  (0.3s)
Round    9/30  coverage=0.3003  prec@K=0.0041  accepted=10  auc=0.4538  uauc=0.5530  loss=nan  (0.5s)
Round   10/30  coverage=0.3004  prec@K=0.0046  accepted=11  auc=0.3331  uauc=0.5940  loss=nan  (0.3s)
Round   11/30  coverage=0.3004  prec@K=0.0033  accepted=8  auc=0.3355  uauc=0.6167  loss=nan  (2.0s)
Round   12/30  coverage=0.3004  prec@K=0.0008  accepted=2  auc=0.2878  uauc=0.4444  loss=nan  (0.3s)
Round   13/30  coverage=0.3005  prec@K=0.0021  accepted=5  auc=0.4177  uauc=0.6222  loss=nan  (0.4s)
Round   14/30  coverage=0.3005  prec@K=0.0083  accepted=20  auc=0.3702  uauc=0.7227  loss=nan  (0.3s)
Round   15/30  coverage=0.3006  prec@K=0.0072  accepted=17  auc=0.3534  uauc=0.6354  loss=nan  (0.3s)
Round   16/30  coverage=0.3006  prec@K=0.0012  accepted=3  auc=0.3280  uauc=0.7037  loss=nan  (0.4s)
Round   17/30  coverage=0.3007  prec@K=0.0038  accepted=9  auc=0.4206  uauc=0.8105  loss=nan  (0.4s)
Round   18/30  coverage=0.3007  prec@K=0.0017  accepted=4  auc=0.3955  uauc=0.5347  loss=nan  (0.4s)
Round   19/30  coverage=0.3007  prec@K=0.0051  accepted=12  auc=0.3968  uauc=0.6768  loss=nan  (0.4s)
Round   20/30  coverage=0.3008  prec@K=0.0042  accepted=10  auc=0.3816  uauc=0.5904  loss=nan  (0.4s)
Round   21/30  coverage=0.3008  prec@K=0.0059  accepted=14  auc=0.3487  uauc=0.6341  loss=nan  (2.3s)
Round   22/30  coverage=0.3009  prec@K=0.0013  accepted=3  auc=0.4084  uauc=0.5938  loss=nan  (0.5s)
Round   23/30  coverage=0.3009  prec@K=0.0045  accepted=11  auc=0.3997  uauc=0.7303  loss=nan  (0.6s)
Round   24/30  coverage=0.3009  prec@K=0.0017  accepted=4  auc=0.3460  uauc=0.6944  loss=nan  (0.5s)
Round   25/30  coverage=0.3009  prec@K=0.0017  accepted=4  auc=0.4457  uauc=0.6644  loss=nan  (0.6s)
Round   26/30  coverage=0.3010  prec@K=0.0008  accepted=2  auc=0.3440  uauc=0.9444  loss=nan  (0.5s)
Round   27/30  coverage=0.3010  prec@K=0.0033  accepted=8  auc=0.4096  uauc=0.6356  loss=nan  (0.6s)
Round   28/30  coverage=0.3010  prec@K=0.0021  accepted=5  auc=0.4216  uauc=0.3958  loss=nan  (0.7s)
Round   29/30  coverage=0.3010  prec@K=0.0033  accepted=8  auc=0.4068  uauc=0.7865  loss=nan  (0.7s)
Round   30/30  coverage=0.3011  prec@K=0.0068  accepted=16  auc=0.3782  uauc=0.6134  loss=nan  (0.6s)

结果已写入 results\orchestrator\runs\ir30_constlr5e5_multiseed_bidir\sx_mathoverflow\jaccard_s1/rounds.csv
