=== sx_mathoverflow_cn_s2  started 2026-05-10T19:41:26 ===

C:\conda\envs\gnn\lib\site-packages\requests\__init__.py:86: RequestsDependencyWarning: Unable to find acceptable character detection dependency (chardet or charset_normalizer).
  warnings.warn(
C:\conda\envs\gnn\lib\site-packages\outdated\__init__.py:36: UserWarning: pkg_resources is deprecated as an API. See https://setuptools.pypa.io/en/latest/pkg_resources.html. The pkg_resources package is slated for removal as early as 2025-11-30. Refrain from using this package or pin to Setuptools<81.
  from pkg_resources import parse_version
Round    1/30  coverage=0.3001  prec@K=0.0084  accepted=20  auc=0.9510  uauc=0.6711  loss=nan  (1.6s)
Round    2/30  coverage=0.3002  prec@K=0.0088  accepted=21  auc=0.9206  uauc=0.6062  loss=nan  (0.2s)
Round    3/30  coverage=0.3002  prec@K=0.0067  accepted=16  auc=0.8294  uauc=0.4864  loss=nan  (0.2s)
Round    4/30  coverage=0.3003  prec@K=0.0051  accepted=12  auc=0.9469  uauc=0.6066  loss=nan  (0.2s)
Round    5/30  coverage=0.3005  prec@K=0.0141  accepted=34  auc=0.9766  uauc=0.7094  loss=nan  (0.2s)
Round    6/30  coverage=0.3005  prec@K=0.0075  accepted=18  auc=0.9305  uauc=0.6347  loss=nan  (0.2s)
Round    7/30  coverage=0.3006  prec@K=0.0041  accepted=10  auc=0.8888  uauc=0.6344  loss=nan  (0.2s)
Round    8/30  coverage=0.3006  prec@K=0.0058  accepted=14  auc=0.9432  uauc=0.7937  loss=nan  (0.2s)
Round    9/30  coverage=0.3007  prec@K=0.0059  accepted=14  auc=0.9686  uauc=0.5969  loss=nan  (0.4s)
Round   10/30  coverage=0.3008  prec@K=0.0058  accepted=14  auc=0.8694  uauc=0.6667  loss=nan  (0.2s)
Round   11/30  coverage=0.3008  prec@K=0.0067  accepted=16  auc=0.8839  uauc=0.7942  loss=nan  (1.7s)
Round   12/30  coverage=0.3009  prec@K=0.0108  accepted=26  auc=0.9379  uauc=0.7865  loss=nan  (0.3s)
Round   13/30  coverage=0.3010  prec@K=0.0072  accepted=17  auc=0.9149  uauc=0.7006  loss=nan  (0.3s)
Round   14/30  coverage=0.3011  prec@K=0.0087  accepted=21  auc=0.9620  uauc=0.6680  loss=nan  (0.4s)
Round   15/30  coverage=0.3012  prec@K=0.0045  accepted=11  auc=0.8994  uauc=0.6818  loss=nan  (0.4s)
Round   16/30  coverage=0.3012  prec@K=0.0033  accepted=8  auc=0.9472  uauc=0.7062  loss=nan  (0.5s)
Round   17/30  coverage=0.3013  prec@K=0.0071  accepted=17  auc=0.9214  uauc=0.5486  loss=nan  (0.5s)
Round   18/30  coverage=0.3013  prec@K=0.0042  accepted=10  auc=0.9434  uauc=0.7594  loss=nan  (0.5s)
Round   19/30  coverage=0.3014  prec@K=0.0075  accepted=18  auc=0.9480  uauc=0.6329  loss=nan  (0.5s)
Round   20/30  coverage=0.3015  prec@K=0.0099  accepted=24  auc=0.9524  uauc=0.6231  loss=nan  (0.5s)
Round   21/30  coverage=0.3016  prec@K=0.0054  accepted=13  auc=0.9368  uauc=0.6395  loss=nan  (3.0s)
Round   22/30  coverage=0.3016  prec@K=0.0054  accepted=13  auc=0.9292  uauc=0.6502  loss=nan  (0.6s)
Round   23/30  coverage=0.3017  prec@K=0.0096  accepted=23  auc=0.9175  uauc=0.7651  loss=nan  (0.6s)
Round   24/30  coverage=0.3017  prec@K=0.0038  accepted=9  auc=0.9503  uauc=0.6905  loss=nan  (0.7s)
Round   25/30  coverage=0.3018  prec@K=0.0086  accepted=21  auc=0.9279  uauc=0.7047  loss=nan  (0.7s)
Round   26/30  coverage=0.3019  prec@K=0.0025  accepted=6  auc=0.9884  uauc=0.8056  loss=nan  (0.6s)
Round   27/30  coverage=0.3019  prec@K=0.0042  accepted=10  auc=0.9770  uauc=0.5998  loss=nan  (0.6s)
Round   28/30  coverage=0.3020  prec@K=0.0084  accepted=20  auc=0.9111  uauc=0.7072  loss=nan  (0.7s)
Round   29/30  coverage=0.3021  prec@K=0.0070  accepted=17  auc=0.9730  uauc=0.5908  loss=nan  (0.7s)
Round   30/30  coverage=0.3021  prec@K=0.0060  accepted=14  auc=0.9513  uauc=0.6644  loss=nan  (0.7s)

结果已写入 results\orchestrator\runs\ir30_constlr5e5_multiseed_bidir\sx_mathoverflow\cn_s2/rounds.csv
