=== sx_mathoverflow_gnn_concat_h8_s3  started 2026-05-10T19:51:17 ===

C:\conda\envs\gnn\lib\site-packages\requests\__init__.py:86: RequestsDependencyWarning: Unable to find acceptable character detection dependency (chardet or charset_normalizer).
  warnings.warn(
C:\conda\envs\gnn\lib\site-packages\outdated\__init__.py:36: UserWarning: pkg_resources is deprecated as an API. See https://setuptools.pypa.io/en/latest/pkg_resources.html. The pkg_resources package is slated for removal as early as 2025-11-30. Refrain from using this package or pin to Setuptools<81.
  from pkg_resources import parse_version
Round    1/30  coverage=0.3000  prec@K=0.0016  accepted=4  auc=0.5600  uauc=0.6296  loss=0.8322  (5.7s)
Round    2/30  coverage=0.3000  prec@K=0.0017  accepted=4  auc=0.6017  uauc=0.5278  loss=0.8322  (5.2s)
Round    3/30  coverage=0.3001  prec@K=0.0016  accepted=4  auc=0.6233  uauc=0.4780  loss=0.8322  (3.8s)
Round    4/30  coverage=0.3001  prec@K=0.0008  accepted=2  auc=0.1416  uauc=0.5000  loss=0.8324  (3.0s)
Round    5/30  coverage=0.3001  prec@K=0.0008  accepted=2  auc=0.6062  uauc=0.5556  loss=0.8323  (3.1s)
Round    6/30  coverage=0.3001  prec@K=0.0021  accepted=5  auc=0.4342  uauc=0.6556  loss=0.8319  (3.3s)
Round    7/30  coverage=0.3001  prec@K=0.0021  accepted=5  auc=0.3322  uauc=0.4778  loss=0.8318  (3.4s)
Round    8/30  coverage=0.3001  prec@K=0.0025  accepted=6  auc=0.4798  uauc=0.5722  loss=0.8316  (3.6s)
Round    9/30  coverage=0.3001  prec@K=0.0008  accepted=2  auc=0.5785  uauc=0.5312  loss=0.8320  (4.2s)
Round   10/30  coverage=0.3002  prec@K=0.0025  accepted=6  auc=0.4688  uauc=0.4292  loss=0.8315  (5.3s)
Round   11/30  coverage=0.3002  prec@K=0.0021  accepted=5  auc=0.5098  uauc=0.6481  loss=0.8314  (6.1s)
Round   12/30  coverage=0.3002  prec@K=0.0033  accepted=8  auc=0.6523  uauc=0.8241  loss=0.8310  (3.6s)
Round   13/30  coverage=0.3003  prec@K=0.0021  accepted=5  auc=0.5717  uauc=0.5312  loss=0.8315  (3.2s)
Round   14/30  coverage=0.3003  prec@K=0.0004  accepted=1  auc=0.6077  uauc=0.4444  loss=0.8320  (3.1s)
Round   15/30  coverage=0.3003  prec@K=0.0017  accepted=4  auc=0.5413  uauc=0.5139  loss=0.8314  (3.3s)
Round   16/30  coverage=0.3003  prec@K=0.0000  accepted=0  loss=0.8320  (3.3s)
Round   17/30  coverage=0.3003  prec@K=0.0017  accepted=4  auc=0.5371  uauc=0.5972  loss=0.8313  (3.9s)
Round   18/30  coverage=0.3003  prec@K=0.0017  accepted=4  auc=0.3782  uauc=0.5000  loss=0.8313  (3.8s)
Round   19/30  coverage=0.3003  prec@K=0.0000  accepted=0  loss=0.8318  (3.1s)
Round   20/30  coverage=0.3003  prec@K=0.0008  accepted=2  auc=0.5264  uauc=0.4444  loss=0.8314  (3.2s)
Round   21/30  coverage=0.3003  prec@K=0.0008  accepted=2  auc=0.4629  uauc=0.6944  loss=0.8313  (5.0s)
Round   22/30  coverage=0.3003  prec@K=0.0004  accepted=1  auc=0.6243  uauc=0.5000  loss=0.8315  (3.7s)
Round   23/30  coverage=0.3003  prec@K=0.0017  accepted=4  auc=0.4522  uauc=0.5833  loss=0.8309  (3.7s)
Round   24/30  coverage=0.3004  prec@K=0.0012  accepted=3  auc=0.4317  uauc=0.5556  loss=0.8310  (3.4s)
Round   25/30  coverage=0.3004  prec@K=0.0004  accepted=1  auc=0.3646  uauc=0.5000  loss=0.8312  (3.3s)
Round   26/30  coverage=0.3004  prec@K=0.0034  accepted=8  auc=0.4721  uauc=0.5417  loss=0.8301  (3.8s)
Round   27/30  coverage=0.3004  prec@K=0.0012  accepted=3  auc=0.5205  uauc=0.7778  loss=0.8309  (3.5s)
Round   28/30  coverage=0.3004  prec@K=0.0004  accepted=1  auc=0.5004  uauc=0.5000  loss=0.8310  (3.6s)
Round   29/30  coverage=0.3005  prec@K=0.0029  accepted=7  auc=0.5745  uauc=0.5596  loss=0.8300  (5.6s)
Round   30/30  coverage=0.3005  prec@K=0.0008  accepted=2  auc=0.4112  uauc=0.7500  loss=0.8309  (6.3s)

结果已写入 results\orchestrator\runs\ir30_constlr5e5_multiseed_bidir\sx_mathoverflow\gnn_concat_h8_s3/rounds.csv
