=== sx_mathoverflow_gat_emb_s42  started 2026-05-10T19:44:33 ===

C:\conda\envs\gnn\lib\site-packages\requests\__init__.py:86: RequestsDependencyWarning: Unable to find acceptable character detection dependency (chardet or charset_normalizer).
  warnings.warn(
C:\conda\envs\gnn\lib\site-packages\outdated\__init__.py:36: UserWarning: pkg_resources is deprecated as an API. See https://setuptools.pypa.io/en/latest/pkg_resources.html. The pkg_resources package is slated for removal as early as 2025-11-30. Refrain from using this package or pin to Setuptools<81.
  from pkg_resources import parse_version
Round    1/30  coverage=0.3000  prec@K=0.0021  accepted=5  auc=0.6300  uauc=0.4000  loss=0.7012  (5.6s)
Round    2/30  coverage=0.3000  prec@K=0.0021  accepted=5  auc=0.5331  uauc=0.5564  loss=0.7011  (3.5s)
Round    3/30  coverage=0.3001  prec@K=0.0025  accepted=6  auc=0.3564  uauc=0.4537  loss=0.7009  (4.0s)
Round    4/30  coverage=0.3001  prec@K=0.0025  accepted=6  auc=0.4719  uauc=0.5556  loss=0.7008  (3.6s)
Round    5/30  coverage=0.3001  prec@K=0.0037  accepted=9  auc=0.3127  uauc=0.5129  loss=0.7007  (3.7s)
Round    6/30  coverage=0.3001  prec@K=0.0013  accepted=3  auc=0.0848  uauc=0.5556  loss=0.7006  (3.5s)
Round    7/30  coverage=0.3002  prec@K=0.0046  accepted=11  auc=0.1819  uauc=0.5606  loss=0.7004  (3.9s)
Round    8/30  coverage=0.3002  prec@K=0.0042  accepted=10  auc=0.1859  uauc=0.6127  loss=0.7003  (3.6s)
Round    9/30  coverage=0.3003  prec@K=0.0029  accepted=7  auc=0.1457  uauc=0.3825  loss=0.7003  (3.8s)
Round   10/30  coverage=0.3003  prec@K=0.0025  accepted=6  auc=0.3611  uauc=0.6892  loss=0.7002  (3.7s)
Round   11/30  coverage=0.3003  prec@K=0.0029  accepted=7  auc=0.2182  uauc=0.5162  loss=0.7001  (5.1s)
Round   12/30  coverage=0.3003  prec@K=0.0021  accepted=5  auc=0.1621  uauc=0.8360  loss=0.7000  (3.7s)
Round   13/30  coverage=0.3004  prec@K=0.0029  accepted=7  auc=0.0865  uauc=0.3368  loss=0.6998  (3.8s)
Round   14/30  coverage=0.3004  prec@K=0.0037  accepted=9  auc=0.2848  uauc=0.6562  loss=0.6997  (3.8s)
Round   15/30  coverage=0.3004  prec@K=0.0012  accepted=3  auc=0.4340  uauc=0.6852  loss=0.6997  (3.5s)
Round   16/30  coverage=0.3005  prec@K=0.0045  accepted=11  auc=0.1726  uauc=0.5667  loss=0.6995  (3.7s)
Round   17/30  coverage=0.3005  prec@K=0.0033  accepted=8  auc=0.2762  uauc=0.6146  loss=0.6994  (3.4s)
Round   18/30  coverage=0.3005  prec@K=0.0029  accepted=7  auc=0.1159  uauc=0.6088  loss=0.6993  (3.6s)
Round   19/30  coverage=0.3006  prec@K=0.0029  accepted=7  auc=0.2466  uauc=0.5451  loss=0.6992  (3.8s)
Round   20/30  coverage=0.3006  prec@K=0.0025  accepted=6  auc=0.1186  uauc=0.5942  loss=0.6991  (3.6s)
Round   21/30  coverage=0.3006  prec@K=0.0013  accepted=3  auc=0.1139  uauc=0.6852  loss=0.6990  (5.1s)
Round   22/30  coverage=0.3007  prec@K=0.0033  accepted=8  auc=0.1428  uauc=0.5903  loss=0.6988  (3.8s)
Round   23/30  coverage=0.3007  prec@K=0.0033  accepted=8  auc=0.1333  uauc=0.7292  loss=0.6988  (4.3s)
Round   24/30  coverage=0.3007  prec@K=0.0017  accepted=4  auc=0.0183  uauc=0.6389  loss=0.6987  (3.7s)
Round   25/30  coverage=0.3007  prec@K=0.0025  accepted=6  auc=0.1534  uauc=0.5278  loss=0.6985  (4.4s)
Round   26/30  coverage=0.3008  prec@K=0.0029  accepted=7  auc=0.1068  uauc=0.5891  loss=0.6984  (3.8s)
Round   27/30  coverage=0.3008  prec@K=0.0008  accepted=2  auc=0.0899  uauc=0.5556  loss=0.6984  (3.9s)
Round   28/30  coverage=0.3008  prec@K=0.0029  accepted=7  auc=0.1549  uauc=0.6681  loss=0.6982  (4.1s)
Round   29/30  coverage=0.3008  prec@K=0.0021  accepted=5  auc=0.1392  uauc=0.5667  loss=0.6981  (4.0s)
Round   30/30  coverage=0.3009  prec@K=0.0033  accepted=8  auc=0.2760  uauc=0.6498  loss=0.6980  (4.0s)

结果已写入 results\orchestrator\runs\ir30_constlr5e5_multiseed_bidir\sx_mathoverflow\gat_emb_s42/rounds.csv
