=== sx_mathoverflow_gnn_s42  started 2026-05-10T19:48:08 ===

C:\conda\envs\gnn\lib\site-packages\requests\__init__.py:86: RequestsDependencyWarning: Unable to find acceptable character detection dependency (chardet or charset_normalizer).
  warnings.warn(
C:\conda\envs\gnn\lib\site-packages\outdated\__init__.py:36: UserWarning: pkg_resources is deprecated as an API. See https://setuptools.pypa.io/en/latest/pkg_resources.html. The pkg_resources package is slated for removal as early as 2025-11-30. Refrain from using this package or pin to Setuptools<81.
  from pkg_resources import parse_version
Round    1/30  coverage=0.3000  prec@K=0.0038  accepted=9  auc=0.9120  uauc=0.4331  loss=0.7618  (5.3s)
Round    2/30  coverage=0.3001  prec@K=0.0054  accepted=13  auc=0.8525  uauc=0.7188  loss=0.7616  (3.0s)
Round    3/30  coverage=0.3001  prec@K=0.0033  accepted=8  auc=0.7504  uauc=0.7431  loss=0.7620  (3.3s)
Round    4/30  coverage=0.3002  prec@K=0.0033  accepted=8  auc=0.8203  uauc=0.3968  loss=0.7618  (3.2s)
Round    5/30  coverage=0.3003  prec@K=0.0090  accepted=22  auc=0.8997  uauc=0.6309  loss=0.7606  (3.5s)
Round    6/30  coverage=0.3003  prec@K=0.0054  accepted=13  auc=0.9473  uauc=0.6540  loss=0.7609  (3.1s)
Round    7/30  coverage=0.3004  prec@K=0.0070  accepted=17  auc=0.9280  uauc=0.6343  loss=0.7608  (3.3s)
Round    8/30  coverage=0.3005  prec@K=0.0072  accepted=17  auc=0.9039  uauc=0.6351  loss=0.7607  (3.2s)
Round    9/30  coverage=0.3005  prec@K=0.0038  accepted=9  auc=0.9077  uauc=0.6270  loss=0.7612  (3.5s)
Round   10/30  coverage=0.3006  prec@K=0.0063  accepted=15  auc=0.9146  uauc=0.7171  loss=0.7606  (3.3s)
Round   11/30  coverage=0.3006  prec@K=0.0045  accepted=11  auc=0.8819  uauc=0.5960  loss=0.7609  (4.4s)
Round   12/30  coverage=0.3007  prec@K=0.0045  accepted=11  auc=0.9445  uauc=0.5748  loss=0.7610  (3.4s)
Round   13/30  coverage=0.3007  prec@K=0.0037  accepted=9  auc=0.8786  uauc=0.4911  loss=0.7609  (3.4s)
Round   14/30  coverage=0.3007  prec@K=0.0037  accepted=9  auc=0.8447  uauc=0.6270  loss=0.7611  (3.3s)
Round   15/30  coverage=0.3008  prec@K=0.0041  accepted=10  auc=0.8248  uauc=0.5944  loss=0.7606  (3.4s)
Round   16/30  coverage=0.3008  prec@K=0.0045  accepted=11  auc=0.8400  uauc=0.4730  loss=0.7604  (3.3s)
Round   17/30  coverage=0.3009  prec@K=0.0037  accepted=9  auc=0.9139  uauc=0.5637  loss=0.7602  (3.0s)
Round   18/30  coverage=0.3009  prec@K=0.0037  accepted=9  auc=0.8580  uauc=0.6111  loss=0.7604  (3.3s)
Round   19/30  coverage=0.3009  prec@K=0.0017  accepted=4  auc=0.8296  uauc=0.4028  loss=0.7608  (3.3s)
Round   20/30  coverage=0.3010  prec@K=0.0037  accepted=9  auc=0.8739  uauc=0.8148  loss=0.7604  (3.2s)
Round   21/30  coverage=0.3010  prec@K=0.0038  accepted=9  auc=0.9205  uauc=0.5893  loss=0.7601  (4.6s)
Round   22/30  coverage=0.3011  prec@K=0.0033  accepted=8  auc=0.9269  uauc=0.6969  loss=0.7603  (3.4s)
Round   23/30  coverage=0.3011  prec@K=0.0070  accepted=17  auc=0.8715  uauc=0.6394  loss=0.7595  (3.7s)
Round   24/30  coverage=0.3012  prec@K=0.0084  accepted=20  auc=0.9010  uauc=0.6363  loss=0.7590  (3.4s)
Round   25/30  coverage=0.3013  prec@K=0.0041  accepted=10  auc=0.9180  uauc=0.6259  loss=0.7598  (3.4s)
Round   26/30  coverage=0.3013  prec@K=0.0063  accepted=15  auc=0.7826  uauc=0.5508  loss=0.7593  (3.6s)
Round   27/30  coverage=0.3013  prec@K=0.0012  accepted=3  auc=0.9411  uauc=0.2407  loss=0.7599  (3.5s)
Round   28/30  coverage=0.3014  prec@K=0.0058  accepted=14  auc=0.9405  uauc=0.6802  loss=0.7591  (3.2s)
Round   29/30  coverage=0.3015  prec@K=0.0054  accepted=13  auc=0.8836  uauc=0.8359  loss=0.7591  (3.5s)
Round   30/30  coverage=0.3015  prec@K=0.0042  accepted=10  auc=0.9037  uauc=0.6130  loss=0.7594  (3.5s)

结果已写入 results\orchestrator\runs\ir30_constlr5e5_multiseed_bidir\sx_mathoverflow\gnn_s42/rounds.csv
