=== sx_superuser_pa_s1  started 2026-05-11T03:43:54 ===

C:\conda\envs\gnn\lib\site-packages\requests\__init__.py:86: RequestsDependencyWarning: Unable to find acceptable character detection dependency (chardet or charset_normalizer).
  warnings.warn(
C:\conda\envs\gnn\lib\site-packages\outdated\__init__.py:36: UserWarning: pkg_resources is deprecated as an API. See https://setuptools.pypa.io/en/latest/pkg_resources.html. The pkg_resources package is slated for removal as early as 2025-11-30. Refrain from using this package or pin to Setuptools<81.
  from pkg_resources import parse_version
Round    1/30  coverage=0.3000  prec@K=0.0012  accepted=21  auc=0.9231  uauc=0.6611  loss=nan  (13.0s)
Round    2/30  coverage=0.3001  prec@K=0.0017  accepted=31  auc=0.8871  uauc=0.6782  loss=nan  (2.6s)
Round    3/30  coverage=0.3001  prec@K=0.0018  accepted=33  auc=0.9034  uauc=0.6175  loss=nan  (3.5s)
Round    4/30  coverage=0.3001  prec@K=0.0016  accepted=29  auc=0.9012  uauc=0.6980  loss=nan  (6.9s)
Round    5/30  coverage=0.3002  prec@K=0.0014  accepted=25  auc=0.9055  uauc=0.6120  loss=nan  (9.5s)
Round    6/30  coverage=0.3002  prec@K=0.0018  accepted=33  auc=0.8673  uauc=0.6389  loss=nan  (11.2s)
Round    7/30  coverage=0.3002  prec@K=0.0015  accepted=27  auc=0.9339  uauc=0.7840  loss=nan  (14.3s)
Round    8/30  coverage=0.3003  prec@K=0.0016  accepted=29  auc=0.9153  uauc=0.5737  loss=nan  (17.1s)
Round    9/30  coverage=0.3003  prec@K=0.0012  accepted=21  auc=0.9378  uauc=0.6280  loss=nan  (20.4s)
Round   10/30  coverage=0.3003  prec@K=0.0018  accepted=33  auc=0.9305  uauc=0.6864  loss=nan  (22.2s)
Round   11/30  coverage=0.3004  prec@K=0.0016  accepted=29  auc=0.8979  uauc=0.6661  loss=nan  (35.2s)
Round   12/30  coverage=0.3004  prec@K=0.0013  accepted=23  auc=0.8944  uauc=0.6310  loss=nan  (27.8s)
Round   13/30  coverage=0.3004  prec@K=0.0018  accepted=32  auc=0.8709  uauc=0.6792  loss=nan  (28.8s)
Round   14/30  coverage=0.3005  prec@K=0.0014  accepted=25  auc=0.8885  uauc=0.6760  loss=nan  (33.5s)
Round   15/30  coverage=0.3005  prec@K=0.0011  accepted=19  auc=0.8668  uauc=0.5029  loss=nan  (33.2s)
Round   16/30  coverage=0.3005  prec@K=0.0013  accepted=24  auc=0.9020  uauc=0.6905  loss=nan  (37.4s)
Round   17/30  coverage=0.3005  prec@K=0.0012  accepted=21  auc=0.9153  uauc=0.6512  loss=nan  (38.3s)
Round   18/30  coverage=0.3006  prec@K=0.0016  accepted=28  auc=0.8607  uauc=0.6469  loss=nan  (42.9s)
Round   19/30  coverage=0.3006  prec@K=0.0014  accepted=26  auc=0.9043  uauc=0.5922  loss=nan  (46.7s)
Round   20/30  coverage=0.3006  prec@K=0.0014  accepted=26  auc=0.8862  uauc=0.6244  loss=nan  (46.5s)
Round   21/30  coverage=0.3007  prec@K=0.0014  accepted=26  auc=0.8931  uauc=0.6230  loss=nan  (60.9s)
Round   22/30  coverage=0.3007  prec@K=0.0016  accepted=28  auc=0.9339  uauc=0.5984  loss=nan  (51.7s)
Round   23/30  coverage=0.3007  prec@K=0.0009  accepted=16  auc=0.9254  uauc=0.6667  loss=nan  (53.2s)
Round   24/30  coverage=0.3007  prec@K=0.0013  accepted=23  auc=0.9090  uauc=0.7010  loss=nan  (58.5s)
Round   25/30  coverage=0.3008  prec@K=0.0013  accepted=23  auc=0.8688  uauc=0.6672  loss=nan  (62.5s)
Round   26/30  coverage=0.3008  prec@K=0.0011  accepted=19  auc=0.9211  uauc=0.5353  loss=nan  (66.9s)
Round   27/30  coverage=0.3008  prec@K=0.0009  accepted=17  auc=0.9603  uauc=0.6012  loss=nan  (67.9s)
Round   28/30  coverage=0.3008  prec@K=0.0009  accepted=16  auc=0.8867  uauc=0.6606  loss=nan  (68.8s)
Round   29/30  coverage=0.3009  prec@K=0.0014  accepted=26  auc=0.9263  uauc=0.6923  loss=nan  (64.4s)
Round   30/30  coverage=0.3009  prec@K=0.0018  accepted=32  auc=0.8700  uauc=0.6360  loss=nan  (68.9s)

结果已写入 results\orchestrator\runs\ir30_constlr5e5_multiseed_bidir\sx_superuser\pa_s1/rounds.csv
