=== sx_superuser_cn_s0  started 2026-05-11T00:53:28 ===

C:\conda\envs\gnn\lib\site-packages\requests\__init__.py:86: RequestsDependencyWarning: Unable to find acceptable character detection dependency (chardet or charset_normalizer).
  warnings.warn(
C:\conda\envs\gnn\lib\site-packages\outdated\__init__.py:36: UserWarning: pkg_resources is deprecated as an API. See https://setuptools.pypa.io/en/latest/pkg_resources.html. The pkg_resources package is slated for removal as early as 2025-11-30. Refrain from using this package or pin to Setuptools<81.
  from pkg_resources import parse_version
Round    1/30  coverage=0.3000  prec@K=0.0008  accepted=15  auc=0.9131  uauc=0.6285  loss=nan  (13.8s)
Round    2/30  coverage=0.3000  prec@K=0.0012  accepted=21  auc=0.8966  uauc=0.5857  loss=nan  (2.7s)
Round    3/30  coverage=0.3001  prec@K=0.0006  accepted=10  auc=0.9289  uauc=0.7323  loss=nan  (3.7s)
Round    4/30  coverage=0.3001  prec@K=0.0007  accepted=13  auc=0.8810  uauc=0.6296  loss=nan  (7.5s)
Round    5/30  coverage=0.3001  prec@K=0.0014  accepted=25  auc=0.9060  uauc=0.6283  loss=nan  (10.3s)
Round    6/30  coverage=0.3001  prec@K=0.0008  accepted=14  auc=0.9416  uauc=0.7041  loss=nan  (13.0s)
Round    7/30  coverage=0.3001  prec@K=0.0006  accepted=11  auc=0.8276  uauc=0.5413  loss=nan  (15.7s)
Round    8/30  coverage=0.3001  prec@K=0.0006  accepted=11  auc=0.8846  uauc=0.6049  loss=nan  (18.8s)
Round    9/30  coverage=0.3002  prec@K=0.0012  accepted=22  auc=0.9364  uauc=0.7308  loss=nan  (21.4s)
Round   10/30  coverage=0.3002  prec@K=0.0007  accepted=13  auc=0.9450  uauc=0.8615  loss=nan  (23.4s)
Round   11/30  coverage=0.3002  prec@K=0.0007  accepted=13  auc=0.9034  uauc=0.6496  loss=nan  (41.6s)
Round   12/30  coverage=0.3002  prec@K=0.0007  accepted=12  auc=0.9231  uauc=0.7042  loss=nan  (31.0s)
Round   13/30  coverage=0.3002  prec@K=0.0009  accepted=17  auc=0.9057  uauc=0.6354  loss=nan  (31.3s)
Round   14/30  coverage=0.3002  prec@K=0.0008  accepted=15  auc=0.8762  uauc=0.6587  loss=nan  (35.5s)
Round   15/30  coverage=0.3003  prec@K=0.0010  accepted=17  auc=0.9208  uauc=0.6350  loss=nan  (37.4s)
Round   16/30  coverage=0.3003  prec@K=0.0006  accepted=10  auc=0.9566  uauc=0.7778  loss=nan  (39.3s)
Round   17/30  coverage=0.3003  prec@K=0.0006  accepted=11  auc=0.9071  uauc=0.7172  loss=nan  (42.4s)
Round   18/30  coverage=0.3003  prec@K=0.0009  accepted=17  auc=0.8730  uauc=0.6693  loss=nan  (43.4s)
Round   19/30  coverage=0.3003  prec@K=0.0007  accepted=12  auc=0.8418  uauc=0.6295  loss=nan  (43.4s)
Round   20/30  coverage=0.3003  prec@K=0.0006  accepted=11  auc=0.9045  uauc=0.7475  loss=nan  (44.9s)
Round   21/30  coverage=0.3004  prec@K=0.0008  accepted=15  auc=0.9353  uauc=0.6647  loss=nan  (61.1s)
Round   22/30  coverage=0.3004  prec@K=0.0004  accepted=7  auc=0.9461  uauc=0.7381  loss=nan  (50.6s)
Round   23/30  coverage=0.3004  prec@K=0.0008  accepted=14  auc=0.8904  uauc=0.7025  loss=nan  (53.8s)
Round   24/30  coverage=0.3004  prec@K=0.0012  accepted=21  auc=0.8915  uauc=0.7250  loss=nan  (53.4s)
Round   25/30  coverage=0.3004  prec@K=0.0008  accepted=15  auc=0.8580  uauc=0.5987  loss=nan  (60.7s)
Round   26/30  coverage=0.3004  prec@K=0.0012  accepted=22  auc=0.9268  uauc=0.6562  loss=nan  (62.4s)
Round   27/30  coverage=0.3005  prec@K=0.0008  accepted=15  auc=0.9326  uauc=0.6649  loss=nan  (62.7s)
Round   28/30  coverage=0.3005  prec@K=0.0008  accepted=14  auc=0.9263  uauc=0.6418  loss=nan  (68.1s)
Round   29/30  coverage=0.3005  prec@K=0.0004  accepted=8  auc=0.9242  uauc=0.7708  loss=nan  (69.7s)
Round   30/30  coverage=0.3005  prec@K=0.0003  accepted=6  auc=0.8923  uauc=0.5463  loss=nan  (71.8s)

结果已写入 results\orchestrator\runs\ir30_constlr5e5_multiseed_bidir\sx_superuser\cn_s0/rounds.csv
