=== sx_superuser_pa_s0  started 2026-05-11T03:38:31 ===

C:\conda\envs\gnn\lib\site-packages\requests\__init__.py:86: RequestsDependencyWarning: Unable to find acceptable character detection dependency (chardet or charset_normalizer).
  warnings.warn(
C:\conda\envs\gnn\lib\site-packages\outdated\__init__.py:36: UserWarning: pkg_resources is deprecated as an API. See https://setuptools.pypa.io/en/latest/pkg_resources.html. The pkg_resources package is slated for removal as early as 2025-11-30. Refrain from using this package or pin to Setuptools<81.
  from pkg_resources import parse_version
Round    1/30  coverage=0.3000  prec@K=0.0011  accepted=19  auc=0.9118  uauc=0.5070  loss=nan  (13.7s)
Round    2/30  coverage=0.3001  prec@K=0.0015  accepted=27  auc=0.8691  uauc=0.7062  loss=nan  (2.7s)
Round    3/30  coverage=0.3001  prec@K=0.0016  accepted=28  auc=0.8914  uauc=0.7341  loss=nan  (4.6s)
Round    4/30  coverage=0.3001  prec@K=0.0012  accepted=22  auc=0.9542  uauc=0.6455  loss=nan  (7.6s)
Round    5/30  coverage=0.3002  prec@K=0.0021  accepted=37  auc=0.9110  uauc=0.5473  loss=nan  (9.8s)
Round    6/30  coverage=0.3002  prec@K=0.0019  accepted=34  auc=0.9153  uauc=0.6546  loss=nan  (13.0s)
Round    7/30  coverage=0.3002  prec@K=0.0015  accepted=27  auc=0.9054  uauc=0.6912  loss=nan  (15.4s)
Round    8/30  coverage=0.3003  prec@K=0.0012  accepted=21  auc=0.9069  uauc=0.6270  loss=nan  (18.4s)
Round    9/30  coverage=0.3003  prec@K=0.0019  accepted=35  auc=0.9070  uauc=0.7229  loss=nan  (19.7s)
Round   10/30  coverage=0.3003  prec@K=0.0011  accepted=20  auc=0.9292  uauc=0.7111  loss=nan  (21.7s)
Round   11/30  coverage=0.3003  prec@K=0.0015  accepted=27  auc=0.9276  uauc=0.7102  loss=nan  (36.7s)
Round   12/30  coverage=0.3004  prec@K=0.0011  accepted=20  auc=0.9364  uauc=0.6813  loss=nan  (27.6s)
Round   13/30  coverage=0.3004  prec@K=0.0012  accepted=21  auc=0.9061  uauc=0.7143  loss=nan  (29.8s)
Round   14/30  coverage=0.3004  prec@K=0.0019  accepted=35  auc=0.8795  uauc=0.6631  loss=nan  (33.1s)
Round   15/30  coverage=0.3005  prec@K=0.0017  accepted=30  auc=0.8926  uauc=0.6071  loss=nan  (35.2s)
Round   16/30  coverage=0.3005  prec@K=0.0014  accepted=25  auc=0.9440  uauc=0.7162  loss=nan  (36.7s)
Round   17/30  coverage=0.3005  prec@K=0.0011  accepted=19  auc=0.8974  uauc=0.6520  loss=nan  (39.2s)
Round   18/30  coverage=0.3005  prec@K=0.0012  accepted=22  auc=0.8641  uauc=0.7264  loss=nan  (41.1s)
Round   19/30  coverage=0.3006  prec@K=0.0010  accepted=18  auc=0.8557  uauc=0.5948  loss=nan  (42.2s)
Round   20/30  coverage=0.3006  prec@K=0.0014  accepted=25  auc=0.8832  uauc=0.6329  loss=nan  (44.7s)
Round   21/30  coverage=0.3006  prec@K=0.0011  accepted=19  auc=0.8957  uauc=0.6840  loss=nan  (61.7s)
Round   22/30  coverage=0.3006  prec@K=0.0010  accepted=18  auc=0.8704  uauc=0.4663  loss=nan  (51.9s)
Round   23/30  coverage=0.3007  prec@K=0.0011  accepted=19  auc=0.9169  uauc=0.7310  loss=nan  (54.1s)
Round   24/30  coverage=0.3007  prec@K=0.0017  accepted=30  auc=0.9276  uauc=0.6523  loss=nan  (54.7s)
Round   25/30  coverage=0.3007  prec@K=0.0020  accepted=36  auc=0.9027  uauc=0.6748  loss=nan  (61.1s)
Round   26/30  coverage=0.3008  prec@K=0.0013  accepted=23  auc=0.9425  uauc=0.8068  loss=nan  (63.2s)
Round   27/30  coverage=0.3008  prec@K=0.0012  accepted=22  auc=0.8983  uauc=0.7751  loss=nan  (63.3s)
Round   28/30  coverage=0.3008  prec@K=0.0014  accepted=25  auc=0.9032  uauc=0.6439  loss=nan  (69.1s)
Round   29/30  coverage=0.3008  prec@K=0.0009  accepted=16  auc=0.8835  uauc=0.7109  loss=nan  (71.8s)
Round   30/30  coverage=0.3009  prec@K=0.0010  accepted=18  auc=0.9439  uauc=0.5609  loss=nan  (75.1s)

结果已写入 results\orchestrator\runs\ir30_constlr5e5_multiseed_bidir\sx_superuser\pa_s0/rounds.csv
