=== sx_superuser_aa_s0  started 2026-05-11T00:35:17 ===

C:\conda\envs\gnn\lib\site-packages\requests\__init__.py:86: RequestsDependencyWarning: Unable to find acceptable character detection dependency (chardet or charset_normalizer).
  warnings.warn(
C:\conda\envs\gnn\lib\site-packages\outdated\__init__.py:36: UserWarning: pkg_resources is deprecated as an API. See https://setuptools.pypa.io/en/latest/pkg_resources.html. The pkg_resources package is slated for removal as early as 2025-11-30. Refrain from using this package or pin to Setuptools<81.
  from pkg_resources import parse_version
Round    1/30  coverage=0.3000  prec@K=0.0011  accepted=19  auc=0.9332  uauc=0.6269  loss=nan  (18.0s)
Round    2/30  coverage=0.3000  prec@K=0.0013  accepted=23  auc=0.9346  uauc=0.5901  loss=nan  (5.0s)
Round    3/30  coverage=0.3001  prec@K=0.0007  accepted=13  auc=0.8867  uauc=0.6325  loss=nan  (8.8s)
Round    4/30  coverage=0.3001  prec@K=0.0009  accepted=16  auc=0.9306  uauc=0.8249  loss=nan  (9.9s)
Round    5/30  coverage=0.3001  prec@K=0.0014  accepted=25  auc=0.9286  uauc=0.6911  loss=nan  (12.1s)
Round    6/30  coverage=0.3001  prec@K=0.0011  accepted=19  auc=0.9169  uauc=0.7234  loss=nan  (14.1s)
Round    7/30  coverage=0.3001  prec@K=0.0007  accepted=12  auc=0.8864  uauc=0.5682  loss=nan  (15.1s)
Round    8/30  coverage=0.3002  prec@K=0.0010  accepted=18  auc=0.9019  uauc=0.6354  loss=nan  (19.1s)
Round    9/30  coverage=0.3002  prec@K=0.0014  accepted=26  auc=0.9320  uauc=0.7146  loss=nan  (19.3s)
Round   10/30  coverage=0.3002  prec@K=0.0007  accepted=12  auc=0.9527  uauc=0.6852  loss=nan  (22.6s)
Round   11/30  coverage=0.3002  prec@K=0.0008  accepted=14  auc=0.8818  uauc=0.5214  loss=nan  (36.1s)
Round   12/30  coverage=0.3003  prec@K=0.0010  accepted=18  auc=0.9166  uauc=0.6326  loss=nan  (26.1s)
Round   13/30  coverage=0.3003  prec@K=0.0012  accepted=21  auc=0.9226  uauc=0.7139  loss=nan  (31.6s)
Round   14/30  coverage=0.3003  prec@K=0.0010  accepted=18  auc=0.9041  uauc=0.6845  loss=nan  (32.1s)
Round   15/30  coverage=0.3003  prec@K=0.0015  accepted=27  auc=0.9461  uauc=0.7413  loss=nan  (33.1s)
Round   16/30  coverage=0.3004  prec@K=0.0012  accepted=21  auc=0.9431  uauc=0.7236  loss=nan  (37.8s)
Round   17/30  coverage=0.3004  prec@K=0.0011  accepted=19  auc=0.8837  uauc=0.6503  loss=nan  (37.5s)
Round   18/30  coverage=0.3004  prec@K=0.0009  accepted=16  auc=0.8743  uauc=0.6560  loss=nan  (40.5s)
Round   19/30  coverage=0.3004  prec@K=0.0006  accepted=11  auc=0.8603  uauc=0.5540  loss=nan  (41.9s)
Round   20/30  coverage=0.3004  prec@K=0.0008  accepted=14  auc=0.9081  uauc=0.6047  loss=nan  (44.9s)
Round   21/30  coverage=0.3004  prec@K=0.0012  accepted=22  auc=0.9304  uauc=0.7257  loss=nan  (59.5s)
Round   22/30  coverage=0.3005  prec@K=0.0010  accepted=18  auc=0.9241  uauc=0.6825  loss=nan  (52.0s)
Round   23/30  coverage=0.3005  prec@K=0.0010  accepted=18  auc=0.9553  uauc=0.7451  loss=nan  (52.5s)
Round   24/30  coverage=0.3005  prec@K=0.0016  accepted=28  auc=0.9308  uauc=0.7544  loss=nan  (52.2s)
Round   25/30  coverage=0.3005  prec@K=0.0012  accepted=21  auc=0.9380  uauc=0.6319  loss=nan  (59.7s)
Round   26/30  coverage=0.3006  prec@K=0.0011  accepted=20  auc=0.9363  uauc=0.5936  loss=nan  (61.8s)
Round   27/30  coverage=0.3006  prec@K=0.0011  accepted=19  auc=0.9346  uauc=0.6033  loss=nan  (62.8s)
Round   28/30  coverage=0.3006  prec@K=0.0011  accepted=19  auc=0.8740  uauc=0.5702  loss=nan  (69.3s)
Round   29/30  coverage=0.3006  prec@K=0.0007  accepted=12  auc=0.9571  uauc=0.7185  loss=nan  (74.5s)
Round   30/30  coverage=0.3006  prec@K=0.0004  accepted=7  auc=0.8865  uauc=0.5579  loss=nan  (76.6s)

结果已写入 results\orchestrator\runs\ir30_constlr5e5_multiseed_bidir\sx_superuser\aa_s0/rounds.csv
