=== sx_superuser_pa_s2  started 2026-05-11T03:49:24 ===

C:\conda\envs\gnn\lib\site-packages\requests\__init__.py:86: RequestsDependencyWarning: Unable to find acceptable character detection dependency (chardet or charset_normalizer).
  warnings.warn(
C:\conda\envs\gnn\lib\site-packages\outdated\__init__.py:36: UserWarning: pkg_resources is deprecated as an API. See https://setuptools.pypa.io/en/latest/pkg_resources.html. The pkg_resources package is slated for removal as early as 2025-11-30. Refrain from using this package or pin to Setuptools<81.
  from pkg_resources import parse_version
Round    1/30  coverage=0.3000  prec@K=0.0012  accepted=21  auc=0.8690  uauc=0.4722  loss=nan  (12.8s)
Round    2/30  coverage=0.3001  prec@K=0.0015  accepted=27  auc=0.8702  uauc=0.5633  loss=nan  (2.6s)
Round    3/30  coverage=0.3001  prec@K=0.0013  accepted=24  auc=0.9028  uauc=0.5778  loss=nan  (3.6s)
Round    4/30  coverage=0.3001  prec@K=0.0018  accepted=33  auc=0.9033  uauc=0.7147  loss=nan  (5.8s)
Round    5/30  coverage=0.3001  prec@K=0.0013  accepted=23  auc=0.8138  uauc=0.4981  loss=nan  (8.2s)
Round    6/30  coverage=0.3002  prec@K=0.0013  accepted=24  auc=0.9063  uauc=0.5764  loss=nan  (11.4s)
Round    7/30  coverage=0.3002  prec@K=0.0015  accepted=28  auc=0.8896  uauc=0.6754  loss=nan  (14.1s)
Round    8/30  coverage=0.3002  prec@K=0.0011  accepted=19  auc=0.9053  uauc=0.6161  loss=nan  (16.1s)
Round    9/30  coverage=0.3003  prec@K=0.0012  accepted=22  auc=0.8225  uauc=0.7431  loss=nan  (18.4s)
Round   10/30  coverage=0.3003  prec@K=0.0011  accepted=20  auc=0.9131  uauc=0.6852  loss=nan  (20.3s)
Round   11/30  coverage=0.3003  prec@K=0.0017  accepted=30  auc=0.8997  uauc=0.6783  loss=nan  (35.5s)
Round   12/30  coverage=0.3003  prec@K=0.0014  accepted=26  auc=0.9049  uauc=0.6197  loss=nan  (26.7s)
Round   13/30  coverage=0.3004  prec@K=0.0011  accepted=20  auc=0.9335  uauc=0.6462  loss=nan  (29.6s)
Round   14/30  coverage=0.3004  prec@K=0.0018  accepted=33  auc=0.9170  uauc=0.6432  loss=nan  (30.6s)
Round   15/30  coverage=0.3004  prec@K=0.0016  accepted=29  auc=0.9087  uauc=0.6744  loss=nan  (34.6s)
Round   16/30  coverage=0.3005  prec@K=0.0013  accepted=24  auc=0.8524  uauc=0.6196  loss=nan  (36.8s)
Round   17/30  coverage=0.3005  prec@K=0.0010  accepted=19  auc=0.8580  uauc=0.6901  loss=nan  (40.8s)
Round   18/30  coverage=0.3005  prec@K=0.0013  accepted=23  auc=0.8962  uauc=0.5820  loss=nan  (42.7s)
Round   19/30  coverage=0.3005  prec@K=0.0013  accepted=24  auc=0.8914  uauc=0.5923  loss=nan  (46.8s)
Round   20/30  coverage=0.3006  prec@K=0.0013  accepted=24  auc=0.9264  uauc=0.7424  loss=nan  (51.9s)
Round   21/30  coverage=0.3006  prec@K=0.0011  accepted=20  auc=0.8643  uauc=0.7831  loss=nan  (65.2s)
Round   22/30  coverage=0.3006  prec@K=0.0015  accepted=26  auc=0.8634  uauc=0.6947  loss=nan  (53.6s)
Round   23/30  coverage=0.3007  prec@K=0.0013  accepted=23  auc=0.9405  uauc=0.6442  loss=nan  (56.0s)
Round   24/30  coverage=0.3007  prec@K=0.0015  accepted=27  auc=0.8954  uauc=0.6811  loss=nan  (54.9s)
Round   25/30  coverage=0.3007  prec@K=0.0011  accepted=19  auc=0.9094  uauc=0.6790  loss=nan  (57.1s)
Round   26/30  coverage=0.3007  prec@K=0.0012  accepted=22  auc=0.8873  uauc=0.6540  loss=nan  (59.5s)
Round   27/30  coverage=0.3008  prec@K=0.0016  accepted=28  auc=0.9174  uauc=0.6383  loss=nan  (61.7s)
Round   28/30  coverage=0.3008  prec@K=0.0010  accepted=17  auc=0.8846  uauc=0.7083  loss=nan  (62.8s)
Round   29/30  coverage=0.3008  prec@K=0.0014  accepted=26  auc=0.8794  uauc=0.7000  loss=nan  (65.2s)
Round   30/30  coverage=0.3008  prec@K=0.0012  accepted=21  auc=0.8724  uauc=0.6561  loss=nan  (66.1s)

结果已写入 results\orchestrator\runs\ir30_constlr5e5_multiseed_bidir\sx_superuser\pa_s2/rounds.csv
