=== wiki_vote_gnn_concat_h8_s1  started 2026-05-10T19:10:04 ===

C:\conda\envs\gnn\lib\site-packages\requests\__init__.py:86: RequestsDependencyWarning: Unable to find acceptable character detection dependency (chardet or charset_normalizer).
  warnings.warn(
C:\conda\envs\gnn\lib\site-packages\outdated\__init__.py:36: UserWarning: pkg_resources is deprecated as an API. See https://setuptools.pypa.io/en/latest/pkg_resources.html. The pkg_resources package is slated for removal as early as 2025-11-30. Refrain from using this package or pin to Setuptools<81.
  from pkg_resources import parse_version
Round    1/30  coverage=0.3010  prec@K=0.0146  accepted=103  auc=0.7728  uauc=0.5407  loss=0.7460  (12.3s)
Round    2/30  coverage=0.3020  prec@K=0.0149  accepted=105  auc=0.7466  uauc=0.5887  loss=0.7462  (10.9s)
Round    3/30  coverage=0.3028  prec@K=0.0114  accepted=80  auc=0.7422  uauc=0.5751  loss=0.7456  (10.9s)
Round    4/30  coverage=0.3036  prec@K=0.0123  accepted=87  auc=0.7542  uauc=0.5362  loss=0.7458  (10.7s)
Round    5/30  coverage=0.3044  prec@K=0.0120  accepted=85  auc=0.7254  uauc=0.5282  loss=0.7454  (11.0s)
Round    6/30  coverage=0.3053  prec@K=0.0129  accepted=91  auc=0.7519  uauc=0.5759  loss=0.7454  (10.9s)
Round    7/30  coverage=0.3059  prec@K=0.0081  accepted=57  auc=0.8212  uauc=0.5390  loss=0.7437  (11.8s)
Round    8/30  coverage=0.3065  prec@K=0.0098  accepted=69  auc=0.7518  uauc=0.5443  loss=0.7444  (12.3s)
Round    9/30  coverage=0.3071  prec@K=0.0088  accepted=62  auc=0.7546  uauc=0.5390  loss=0.7441  (10.8s)
Round   10/30  coverage=0.3077  prec@K=0.0090  accepted=63  auc=0.7603  uauc=0.5999  loss=0.7438  (11.5s)
Round   11/30  coverage=0.3084  prec@K=0.0095  accepted=67  auc=0.7827  uauc=0.5169  loss=0.7424  (12.2s)
Round   12/30  coverage=0.3089  prec@K=0.0080  accepted=56  auc=0.8287  uauc=0.5907  loss=0.7430  (11.0s)
Round   13/30  coverage=0.3094  prec@K=0.0076  accepted=54  auc=0.7328  uauc=0.5874  loss=0.7432  (12.0s)
Round   14/30  coverage=0.3101  prec@K=0.0103  accepted=72  auc=0.6719  uauc=0.5378  loss=0.7428  (12.5s)
Round   15/30  coverage=0.3107  prec@K=0.0083  accepted=58  auc=0.7430  uauc=0.4745  loss=0.7416  (12.2s)
Round   16/30  coverage=0.3113  prec@K=0.0092  accepted=65  auc=0.7103  uauc=0.5260  loss=0.7418  (12.6s)
Round   17/30  coverage=0.3117  prec@K=0.0060  accepted=42  auc=0.7354  uauc=0.5574  loss=0.7413  (12.2s)
Round   18/30  coverage=0.3122  prec@K=0.0066  accepted=47  auc=0.7392  uauc=0.5567  loss=0.7413  (11.7s)
Round   19/30  coverage=0.3127  prec@K=0.0083  accepted=58  auc=0.6916  uauc=0.5424  loss=0.7401  (11.7s)
Round   20/30  coverage=0.3132  prec@K=0.0075  accepted=53  auc=0.6692  uauc=0.4974  loss=0.7399  (12.0s)
Round   21/30  coverage=0.3138  prec@K=0.0080  accepted=56  auc=0.6925  uauc=0.5171  loss=0.7396  (13.5s)
Round   22/30  coverage=0.3142  prec@K=0.0066  accepted=47  auc=0.7324  uauc=0.5367  loss=0.7391  (11.9s)
Round   23/30  coverage=0.3147  prec@K=0.0069  accepted=49  auc=0.7740  uauc=0.5039  loss=0.7380  (14.5s)
Round   24/30  coverage=0.3151  prec@K=0.0053  accepted=37  auc=0.7036  uauc=0.5255  loss=0.7384  (13.2s)
Round   25/30  coverage=0.3154  prec@K=0.0055  accepted=39  auc=0.7209  uauc=0.4876  loss=0.7376  (13.6s)
Round   26/30  coverage=0.3159  prec@K=0.0070  accepted=49  auc=0.7442  uauc=0.5260  loss=0.7375  (13.3s)
Round   27/30  coverage=0.3163  prec@K=0.0057  accepted=40  auc=0.7199  uauc=0.5210  loss=0.7369  (13.5s)
Round   28/30  coverage=0.3167  prec@K=0.0060  accepted=42  auc=0.7399  uauc=0.5411  loss=0.7370  (12.8s)
Round   29/30  coverage=0.3171  prec@K=0.0053  accepted=37  auc=0.6870  uauc=0.5182  loss=0.7363  (13.2s)
Round   30/30  coverage=0.3175  prec@K=0.0070  accepted=49  auc=0.6582  uauc=0.4625  loss=0.7354  (14.0s)

结果已写入 results\orchestrator\runs\ir30_constlr5e5_multiseed_bidir\wiki_vote\gnn_concat_h8_s1/rounds.csv
