=== wiki_vote_random_s42  started 2026-05-10T19:32:48 ===

C:\conda\envs\gnn\lib\site-packages\requests\__init__.py:86: RequestsDependencyWarning: Unable to find acceptable character detection dependency (chardet or charset_normalizer).
  warnings.warn(
C:\conda\envs\gnn\lib\site-packages\outdated\__init__.py:36: UserWarning: pkg_resources is deprecated as an API. See https://setuptools.pypa.io/en/latest/pkg_resources.html. The pkg_resources package is slated for removal as early as 2025-11-30. Refrain from using this package or pin to Setuptools<81.
  from pkg_resources import parse_version
Round    1/30  coverage=0.3007  prec@K=0.0106  accepted=75  loss=nan  (0.6s)
Round    2/30  coverage=0.3013  prec@K=0.0092  accepted=65  loss=nan  (0.2s)
Round    3/30  coverage=0.3017  prec@K=0.0057  accepted=40  loss=nan  (0.3s)
Round    4/30  coverage=0.3023  prec@K=0.0079  accepted=55  loss=nan  (0.4s)
Round    5/30  coverage=0.3028  prec@K=0.0083  accepted=58  loss=nan  (0.6s)
Round    6/30  coverage=0.3034  prec@K=0.0092  accepted=65  loss=nan  (0.6s)
Round    7/30  coverage=0.3042  prec@K=0.0105  accepted=74  loss=nan  (0.6s)
Round    8/30  coverage=0.3049  prec@K=0.0112  accepted=79  loss=nan  (0.8s)
Round    9/30  coverage=0.3056  prec@K=0.0096  accepted=68  loss=nan  (0.8s)
Round   10/30  coverage=0.3062  prec@K=0.0086  accepted=61  loss=nan  (0.9s)
Round   11/30  coverage=0.3066  prec@K=0.0071  accepted=50  loss=nan  (1.4s)
Round   12/30  coverage=0.3072  prec@K=0.0081  accepted=57  loss=nan  (1.0s)
Round   13/30  coverage=0.3079  prec@K=0.0105  accepted=74  loss=nan  (1.0s)
Round   14/30  coverage=0.3086  prec@K=0.0100  accepted=70  loss=nan  (1.2s)
Round   15/30  coverage=0.3091  prec@K=0.0071  accepted=50  loss=nan  (1.2s)
Round   16/30  coverage=0.3096  prec@K=0.0085  accepted=60  loss=nan  (1.3s)
Round   17/30  coverage=0.3103  prec@K=0.0094  accepted=66  loss=nan  (1.4s)
Round   18/30  coverage=0.3108  prec@K=0.0075  accepted=53  loss=nan  (1.3s)
Round   19/30  coverage=0.3113  prec@K=0.0070  accepted=49  loss=nan  (1.4s)
Round   20/30  coverage=0.3118  prec@K=0.0078  accepted=55  loss=nan  (1.6s)
Round   21/30  coverage=0.3124  prec@K=0.0087  accepted=61  loss=nan  (2.2s)
Round   22/30  coverage=0.3132  prec@K=0.0117  accepted=82  loss=nan  (1.6s)
Round   23/30  coverage=0.3136  prec@K=0.0062  accepted=44  loss=nan  (1.5s)
Round   24/30  coverage=0.3143  prec@K=0.0105  accepted=74  loss=nan  (1.6s)
Round   25/30  coverage=0.3148  prec@K=0.0073  accepted=51  loss=nan  (1.7s)
Round   26/30  coverage=0.3152  prec@K=0.0064  accepted=45  loss=nan  (1.7s)
Round   27/30  coverage=0.3159  prec@K=0.0093  accepted=65  loss=nan  (1.8s)
Round   28/30  coverage=0.3163  prec@K=0.0071  accepted=50  loss=nan  (2.0s)
Round   29/30  coverage=0.3168  prec@K=0.0068  accepted=48  loss=nan  (1.8s)
Round   30/30  coverage=0.3172  prec@K=0.0060  accepted=42  loss=nan  (1.8s)

结果已写入 results\orchestrator\runs\ir30_constlr5e5_multiseed_bidir\wiki_vote\random_s42/rounds.csv
