=== wiki_vote_gnn_concat_s0  started 2026-05-10T19:04:26 ===

C:\conda\envs\gnn\lib\site-packages\requests\__init__.py:86: RequestsDependencyWarning: Unable to find acceptable character detection dependency (chardet or charset_normalizer).
  warnings.warn(
C:\conda\envs\gnn\lib\site-packages\outdated\__init__.py:36: UserWarning: pkg_resources is deprecated as an API. See https://setuptools.pypa.io/en/latest/pkg_resources.html. The pkg_resources package is slated for removal as early as 2025-11-30. Refrain from using this package or pin to Setuptools<81.
  from pkg_resources import parse_version
Round    1/30  coverage=0.3004  prec@K=0.0057  accepted=40  auc=0.4948  uauc=0.5420  loss=0.6837  (10.9s)
Round    2/30  coverage=0.3007  prec@K=0.0044  accepted=31  auc=0.4273  uauc=0.5736  loss=0.6811  (10.7s)
Round    3/30  coverage=0.3011  prec@K=0.0065  accepted=46  auc=0.5925  uauc=0.4776  loss=0.6794  (10.5s)
Round    4/30  coverage=0.3016  prec@K=0.0064  accepted=45  auc=0.3733  uauc=0.6147  loss=0.6771  (10.3s)
Round    5/30  coverage=0.3019  prec@K=0.0054  accepted=38  auc=0.4651  uauc=0.5828  loss=0.6756  (10.4s)
Round    6/30  coverage=0.3022  prec@K=0.0047  accepted=33  auc=0.4953  uauc=0.5598  loss=0.6721  (10.6s)
Round    7/30  coverage=0.3027  prec@K=0.0064  accepted=45  auc=0.4932  uauc=0.6022  loss=0.6701  (10.8s)
Round    8/30  coverage=0.3031  prec@K=0.0065  accepted=46  auc=0.4493  uauc=0.5205  loss=0.6678  (11.7s)
Round    9/30  coverage=0.3035  prec@K=0.0050  accepted=35  auc=0.5208  uauc=0.5690  loss=0.6663  (11.2s)
Round   10/30  coverage=0.3038  prec@K=0.0048  accepted=34  auc=0.3178  uauc=0.5582  loss=0.6627  (11.4s)
Round   11/30  coverage=0.3041  prec@K=0.0046  accepted=32  auc=0.3938  uauc=0.5747  loss=0.6607  (11.9s)
Round   12/30  coverage=0.3045  prec@K=0.0055  accepted=39  auc=0.3838  uauc=0.5583  loss=0.6585  (11.3s)
Round   13/30  coverage=0.3048  prec@K=0.0048  accepted=34  auc=0.3651  uauc=0.6580  loss=0.6550  (11.9s)
Round   14/30  coverage=0.3051  prec@K=0.0038  accepted=27  auc=0.3632  uauc=0.5259  loss=0.6522  (11.9s)
Round   15/30  coverage=0.3054  prec@K=0.0054  accepted=38  auc=0.4382  uauc=0.4871  loss=0.6524  (11.7s)
Round   16/30  coverage=0.3056  prec@K=0.0026  accepted=18  auc=0.2968  uauc=0.5432  loss=0.6493  (11.3s)
Round   17/30  coverage=0.3058  prec@K=0.0036  accepted=25  auc=0.3637  uauc=0.5204  loss=0.6452  (12.4s)
Round   18/30  coverage=0.3061  prec@K=0.0037  accepted=26  auc=0.3748  uauc=0.6197  loss=0.6432  (12.5s)
Round   19/30  coverage=0.3064  prec@K=0.0040  accepted=28  auc=0.2768  uauc=0.5654  loss=0.6409  (12.9s)
Round   20/30  coverage=0.3066  prec@K=0.0040  accepted=28  auc=0.3544  uauc=0.5519  loss=0.6384  (13.0s)
Round   21/30  coverage=0.3070  prec@K=0.0054  accepted=38  auc=0.3392  uauc=0.4657  loss=0.6372  (12.2s)
Round   22/30  coverage=0.3073  prec@K=0.0048  accepted=34  auc=0.2750  uauc=0.5611  loss=0.6333  (12.8s)
Round   23/30  coverage=0.3077  prec@K=0.0054  accepted=38  auc=0.2995  uauc=0.5897  loss=0.6329  (12.2s)
Round   24/30  coverage=0.3079  prec@K=0.0037  accepted=26  auc=0.3506  uauc=0.5928  loss=0.6278  (12.6s)
Round   25/30  coverage=0.3083  prec@K=0.0053  accepted=37  auc=0.2842  uauc=0.6487  loss=0.6261  (13.1s)
Round   26/30  coverage=0.3087  prec@K=0.0053  accepted=37  auc=0.3665  uauc=0.5112  loss=0.6233  (13.4s)
Round   27/30  coverage=0.3088  prec@K=0.0027  accepted=19  auc=0.3278  uauc=0.5497  loss=0.6205  (12.9s)
Round   28/30  coverage=0.3090  prec@K=0.0027  accepted=19  auc=0.3064  uauc=0.5483  loss=0.6191  (14.6s)
Round   29/30  coverage=0.3093  prec@K=0.0036  accepted=25  auc=0.2766  uauc=0.5707  loss=0.6155  (14.6s)
Round   30/30  coverage=0.3094  prec@K=0.0026  accepted=18  auc=0.3657  uauc=0.5203  loss=0.6150  (13.6s)

结果已写入 results\orchestrator\runs\ir30_constlr5e5_multiseed_bidir\wiki_vote\gnn_concat_s0/rounds.csv
