=== wiki_vote_gnn_concat_s3  started 2026-05-10T19:07:46 ===

C:\conda\envs\gnn\lib\site-packages\requests\__init__.py:86: RequestsDependencyWarning: Unable to find acceptable character detection dependency (chardet or charset_normalizer).
  warnings.warn(
C:\conda\envs\gnn\lib\site-packages\outdated\__init__.py:36: UserWarning: pkg_resources is deprecated as an API. See https://setuptools.pypa.io/en/latest/pkg_resources.html. The pkg_resources package is slated for removal as early as 2025-11-30. Refrain from using this package or pin to Setuptools<81.
  from pkg_resources import parse_version
Round    1/30  coverage=0.3003  prec@K=0.0041  accepted=29  auc=0.6132  uauc=0.6246  loss=0.5983  (12.5s)
Round    2/30  coverage=0.3006  prec@K=0.0048  accepted=34  auc=0.5942  uauc=0.6682  loss=0.5949  (10.1s)
Round    3/30  coverage=0.3009  prec@K=0.0045  accepted=32  auc=0.5730  uauc=0.6427  loss=0.5928  (11.3s)
Round    4/30  coverage=0.3012  prec@K=0.0050  accepted=35  auc=0.5619  uauc=0.6393  loss=0.5903  (11.2s)
Round    5/30  coverage=0.3016  prec@K=0.0046  accepted=32  auc=0.3996  uauc=0.5632  loss=0.5875  (10.4s)
Round    6/30  coverage=0.3019  prec@K=0.0057  accepted=40  auc=0.5206  uauc=0.6538  loss=0.5841  (10.1s)
Round    7/30  coverage=0.3024  prec@K=0.0072  accepted=51  auc=0.5125  uauc=0.5705  loss=0.5828  (11.5s)
Round    8/30  coverage=0.3028  prec@K=0.0055  accepted=39  auc=0.4848  uauc=0.5678  loss=0.5793  (11.4s)
Round    9/30  coverage=0.3031  prec@K=0.0047  accepted=33  auc=0.4728  uauc=0.5233  loss=0.5764  (11.3s)
Round   10/30  coverage=0.3035  prec@K=0.0048  accepted=34  auc=0.4284  uauc=0.5589  loss=0.5745  (12.0s)
Round   11/30  coverage=0.3038  prec@K=0.0045  accepted=32  auc=0.4896  uauc=0.6333  loss=0.5711  (13.0s)
Round   12/30  coverage=0.3041  prec@K=0.0046  accepted=32  auc=0.4213  uauc=0.5153  loss=0.5686  (12.6s)
Round   13/30  coverage=0.3044  prec@K=0.0046  accepted=32  auc=0.4169  uauc=0.5227  loss=0.5659  (11.8s)
Round   14/30  coverage=0.3047  prec@K=0.0041  accepted=29  auc=0.5100  uauc=0.6257  loss=0.5629  (11.4s)
Round   15/30  coverage=0.3050  prec@K=0.0046  accepted=32  auc=0.3881  uauc=0.5681  loss=0.5610  (12.1s)
Round   16/30  coverage=0.3053  prec@K=0.0044  accepted=31  auc=0.4505  uauc=0.5883  loss=0.5582  (12.7s)
Round   17/30  coverage=0.3055  prec@K=0.0027  accepted=19  auc=0.3983  uauc=0.6478  loss=0.5547  (11.2s)
Round   18/30  coverage=0.3057  prec@K=0.0034  accepted=24  auc=0.4913  uauc=0.5671  loss=0.5522  (11.9s)
Round   19/30  coverage=0.3060  prec@K=0.0044  accepted=31  auc=0.5419  uauc=0.5757  loss=0.5504  (12.8s)
Round   20/30  coverage=0.3063  prec@K=0.0044  accepted=31  auc=0.5287  uauc=0.6479  loss=0.5476  (12.9s)
Round   21/30  coverage=0.3066  prec@K=0.0048  accepted=34  auc=0.3980  uauc=0.6002  loss=0.5451  (12.9s)
Round   22/30  coverage=0.3070  prec@K=0.0052  accepted=37  auc=0.3682  uauc=0.5145  loss=0.5426  (12.8s)
Round   23/30  coverage=0.3073  prec@K=0.0051  accepted=36  auc=0.3844  uauc=0.6286  loss=0.5402  (13.3s)
Round   24/30  coverage=0.3076  prec@K=0.0037  accepted=26  auc=0.3957  uauc=0.5754  loss=0.5370  (12.9s)
Round   25/30  coverage=0.3079  prec@K=0.0051  accepted=36  auc=0.5133  uauc=0.5657  loss=0.5350  (13.5s)
Round   26/30  coverage=0.3082  prec@K=0.0048  accepted=34  auc=0.3542  uauc=0.6641  loss=0.5321  (14.5s)
Round   27/30  coverage=0.3085  prec@K=0.0041  accepted=29  auc=0.3314  uauc=0.5972  loss=0.5295  (13.8s)
Round   28/30  coverage=0.3088  prec@K=0.0044  accepted=31  auc=0.3536  uauc=0.5634  loss=0.5270  (13.3s)
Round   29/30  coverage=0.3092  prec@K=0.0054  accepted=38  auc=0.4205  uauc=0.5779  loss=0.5248  (13.5s)
Round   30/30  coverage=0.3095  prec@K=0.0051  accepted=36  auc=0.2826  uauc=0.5377  loss=0.5226  (13.8s)

结果已写入 results\orchestrator\runs\ir30_constlr5e5_multiseed_bidir\wiki_vote\gnn_concat_s3/rounds.csv
