=== wiki_vote_seal_full_s2  started 2026-05-10T19:35:07 ===

C:\conda\envs\gnn\lib\site-packages\requests\__init__.py:86: RequestsDependencyWarning: Unable to find acceptable character detection dependency (chardet or charset_normalizer).
  warnings.warn(
C:\conda\envs\gnn\lib\site-packages\outdated\__init__.py:36: UserWarning: pkg_resources is deprecated as an API. See https://setuptools.pypa.io/en/latest/pkg_resources.html. The pkg_resources package is slated for removal as early as 2025-11-30. Refrain from using this package or pin to Setuptools<81.
  from pkg_resources import parse_version
Round    1/30  coverage=0.3007  prec@K=0.0101  accepted=71  auc=0.4191  uauc=0.5160  loss=0.6032  (26.4s)
Round    2/30  coverage=0.3012  prec@K=0.0082  accepted=58  auc=0.2513  uauc=0.5326  loss=0.6027  (21.9s)
Round    3/30  coverage=0.3020  prec@K=0.0119  accepted=83  auc=0.3958  uauc=0.5439  loss=0.6037  (23.1s)
Round    4/30  coverage=0.3026  prec@K=0.0084  accepted=59  auc=0.3321  uauc=0.5893  loss=0.6025  (22.7s)
Round    5/30  coverage=0.3030  prec@K=0.0062  accepted=43  auc=0.3638  uauc=0.5938  loss=0.6019  (22.7s)
Round    6/30  coverage=0.3035  prec@K=0.0075  accepted=53  auc=0.3233  uauc=0.5454  loss=0.6022  (21.3s)
Round    7/30  coverage=0.3043  prec@K=0.0110  accepted=77  auc=0.3281  uauc=0.5548  loss=0.6029  (21.7s)
Round    8/30  coverage=0.3049  prec@K=0.0087  accepted=61  auc=0.3175  uauc=0.5539  loss=0.6023  (23.0s)
Round    9/30  coverage=0.3054  prec@K=0.0074  accepted=52  auc=0.2628  uauc=0.5630  loss=0.6019  (22.0s)
Round   10/30  coverage=0.3060  prec@K=0.0089  accepted=62  auc=0.3700  uauc=0.5489  loss=0.6022  (21.5s)
Round   11/30  coverage=0.3064  prec@K=0.0070  accepted=49  auc=0.2735  uauc=0.5631  loss=0.6016  (23.3s)
Round   12/30  coverage=0.3070  prec@K=0.0079  accepted=55  auc=0.2862  uauc=0.5826  loss=0.6019  (26.0s)
Round   13/30  coverage=0.3075  prec@K=0.0083  accepted=58  auc=0.3088  uauc=0.4506  loss=0.6019  (33.9s)
Round   14/30  coverage=0.3081  prec@K=0.0091  accepted=64  auc=0.2577  uauc=0.5049  loss=0.6021  (36.7s)
Round   15/30  coverage=0.3086  prec@K=0.0074  accepted=52  auc=0.3334  uauc=0.5355  loss=0.6016  (29.4s)
Round   16/30  coverage=0.3091  prec@K=0.0062  accepted=43  auc=0.3214  uauc=0.5967  loss=0.6011  (31.1s)
Round   17/30  coverage=0.3095  prec@K=0.0062  accepted=44  auc=0.3635  uauc=0.5891  loss=0.6010  (34.2s)
Round   18/30  coverage=0.3099  prec@K=0.0064  accepted=45  auc=0.2300  uauc=0.4570  loss=0.6011  (36.2s)
Round   19/30  coverage=0.3105  prec@K=0.0088  accepted=62  auc=0.3072  uauc=0.5741  loss=0.6016  (35.7s)
Round   20/30  coverage=0.3109  prec@K=0.0050  accepted=35  auc=0.2806  uauc=0.5139  loss=0.6005  (34.0s)
Round   21/30  coverage=0.3115  prec@K=0.0094  accepted=66  auc=0.3277  uauc=0.5547  loss=0.6017  (33.2s)
Round   22/30  coverage=0.3118  prec@K=0.0048  accepted=34  auc=0.1901  uauc=0.5243  loss=0.6004  (34.9s)
Round   23/30  coverage=0.3123  prec@K=0.0070  accepted=49  auc=0.1976  uauc=0.4861  loss=0.6009  (34.3s)
Round   24/30  coverage=0.3127  prec@K=0.0063  accepted=44  auc=0.1513  uauc=0.5396  loss=0.6006  (34.0s)
Round   25/30  coverage=0.3131  prec@K=0.0064  accepted=45  auc=0.1716  uauc=0.4861  loss=0.6006  (31.4s)
Round   26/30  coverage=0.3136  prec@K=0.0062  accepted=44  auc=0.2197  uauc=0.5406  loss=0.6005  (33.4s)
Round   27/30  coverage=0.3141  prec@K=0.0071  accepted=50  auc=0.1891  uauc=0.4990  loss=0.6008  (30.1s)
Round   28/30  coverage=0.3144  prec@K=0.0055  accepted=39  auc=0.1935  uauc=0.5443  loss=0.6002  (28.9s)
Round   29/30  coverage=0.3149  prec@K=0.0074  accepted=52  auc=0.2005  uauc=0.5051  loss=0.6006  (28.9s)
Round   30/30  coverage=0.3154  prec@K=0.0065  accepted=46  auc=0.1536  uauc=0.5950  loss=0.6003  (26.6s)

结果已写入 results\orchestrator\runs\ir30_constlr5e5_multiseed_bidir\wiki_vote\seal_full_s2/rounds.csv
