=== wiki_vote_aa_s0  started 2026-05-10T18:53:32 ===

C:\conda\envs\gnn\lib\site-packages\requests\__init__.py:86: RequestsDependencyWarning: Unable to find acceptable character detection dependency (chardet or charset_normalizer).
  warnings.warn(
C:\conda\envs\gnn\lib\site-packages\outdated\__init__.py:36: UserWarning: pkg_resources is deprecated as an API. See https://setuptools.pypa.io/en/latest/pkg_resources.html. The pkg_resources package is slated for removal as early as 2025-11-30. Refrain from using this package or pin to Setuptools<81.
  from pkg_resources import parse_version
Round    1/30  coverage=0.3013  prec@K=0.0198  accepted=139  auc=0.8861  uauc=0.5785  loss=nan  (1.4s)
Round    2/30  coverage=0.3025  prec@K=0.0167  accepted=118  auc=0.8645  uauc=0.5734  loss=nan  (0.8s)
Round    3/30  coverage=0.3036  prec@K=0.0165  accepted=116  auc=0.8795  uauc=0.5558  loss=nan  (1.0s)
Round    4/30  coverage=0.3048  prec@K=0.0184  accepted=129  auc=0.8947  uauc=0.5652  loss=nan  (1.1s)
Round    5/30  coverage=0.3062  prec@K=0.0207  accepted=146  auc=0.9206  uauc=0.6309  loss=nan  (1.3s)
Round    6/30  coverage=0.3072  prec@K=0.0140  accepted=99  auc=0.8806  uauc=0.5496  loss=nan  (1.2s)
Round    7/30  coverage=0.3085  prec@K=0.0197  accepted=139  auc=0.8956  uauc=0.5651  loss=nan  (1.3s)
Round    8/30  coverage=0.3098  prec@K=0.0187  accepted=132  auc=0.9090  uauc=0.6004  loss=nan  (1.5s)
Round    9/30  coverage=0.3111  prec@K=0.0191  accepted=135  auc=0.8753  uauc=0.5569  loss=nan  (1.5s)
Round   10/30  coverage=0.3121  prec@K=0.0144  accepted=102  auc=0.8644  uauc=0.5658  loss=nan  (1.5s)
Round   11/30  coverage=0.3131  prec@K=0.0151  accepted=106  auc=0.8648  uauc=0.5289  loss=nan  (2.3s)
Round   12/30  coverage=0.3143  prec@K=0.0177  accepted=125  auc=0.8568  uauc=0.4877  loss=nan  (1.8s)
Round   13/30  coverage=0.3153  prec@K=0.0150  accepted=105  auc=0.8955  uauc=0.5441  loss=nan  (2.0s)
Round   14/30  coverage=0.3167  prec@K=0.0203  accepted=143  auc=0.9004  uauc=0.5703  loss=nan  (2.1s)
Round   15/30  coverage=0.3180  prec@K=0.0186  accepted=131  auc=0.8758  uauc=0.5368  loss=nan  (1.9s)
Round   16/30  coverage=0.3189  prec@K=0.0143  accepted=100  auc=0.9016  uauc=0.6012  loss=nan  (2.1s)
Round   17/30  coverage=0.3200  prec@K=0.0156  accepted=110  auc=0.8772  uauc=0.5565  loss=nan  (2.2s)
Round   18/30  coverage=0.3212  prec@K=0.0171  accepted=120  auc=0.8874  uauc=0.6103  loss=nan  (2.4s)
Round   19/30  coverage=0.3226  prec@K=0.0208  accepted=146  auc=0.8874  uauc=0.5168  loss=nan  (2.4s)
Round   20/30  coverage=0.3238  prec@K=0.0181  accepted=128  auc=0.8956  uauc=0.5594  loss=nan  (2.6s)
Round   21/30  coverage=0.3248  prec@K=0.0153  accepted=108  auc=0.9210  uauc=0.5515  loss=nan  (3.3s)
Round   22/30  coverage=0.3263  prec@K=0.0215  accepted=152  auc=0.9198  uauc=0.5839  loss=nan  (2.6s)
Round   23/30  coverage=0.3277  prec@K=0.0210  accepted=148  auc=0.9015  uauc=0.5972  loss=nan  (2.9s)
Round   24/30  coverage=0.3289  prec@K=0.0170  accepted=120  auc=0.9058  uauc=0.5104  loss=nan  (2.9s)
Round   25/30  coverage=0.3302  prec@K=0.0190  accepted=134  auc=0.9006  uauc=0.5071  loss=nan  (2.8s)
Round   26/30  coverage=0.3315  prec@K=0.0194  accepted=137  auc=0.8902  uauc=0.5864  loss=nan  (2.6s)
Round   27/30  coverage=0.3326  prec@K=0.0167  accepted=117  auc=0.8917  uauc=0.5269  loss=nan  (2.0s)
Round   28/30  coverage=0.3337  prec@K=0.0152  accepted=107  auc=0.9032  uauc=0.5751  loss=nan  (2.0s)
Round   29/30  coverage=0.3349  prec@K=0.0184  accepted=129  auc=0.9033  uauc=0.5345  loss=nan  (2.2s)
Round   30/30  coverage=0.3358  prec@K=0.0126  accepted=89  auc=0.9237  uauc=0.5651  loss=nan  (2.5s)

结果已写入 results\orchestrator\runs\ir30_constlr5e5_multiseed_bidir\wiki_vote\aa_s0/rounds.csv
