=== wiki_vote_seal_full_s42  started 2026-05-10T19:39:37 ===

C:\conda\envs\gnn\lib\site-packages\requests\__init__.py:86: RequestsDependencyWarning: Unable to find acceptable character detection dependency (chardet or charset_normalizer).
  warnings.warn(
C:\conda\envs\gnn\lib\site-packages\outdated\__init__.py:36: UserWarning: pkg_resources is deprecated as an API. See https://setuptools.pypa.io/en/latest/pkg_resources.html. The pkg_resources package is slated for removal as early as 2025-11-30. Refrain from using this package or pin to Setuptools<81.
  from pkg_resources import parse_version
Round    1/30  coverage=0.3006  prec@K=0.0097  accepted=68  auc=0.7883  uauc=0.5767  loss=0.6688  (31.9s)
Round    2/30  coverage=0.3013  prec@K=0.0092  accepted=65  auc=0.8037  uauc=0.5880  loss=0.6687  (34.2s)
Round    3/30  coverage=0.3019  prec@K=0.0087  accepted=61  auc=0.8506  uauc=0.6067  loss=0.6685  (30.9s)
Round    4/30  coverage=0.3023  prec@K=0.0067  accepted=47  auc=0.8367  uauc=0.5467  loss=0.6682  (28.3s)
Round    5/30  coverage=0.3029  prec@K=0.0084  accepted=59  auc=0.8242  uauc=0.6430  loss=0.6682  (32.1s)
Round    6/30  coverage=0.3034  prec@K=0.0081  accepted=57  auc=0.8277  uauc=0.5346  loss=0.6680  (32.3s)
Round    7/30  coverage=0.3039  prec@K=0.0065  accepted=46  auc=0.8521  uauc=0.5753  loss=0.6677  (33.5s)
Round    8/30  coverage=0.3045  prec@K=0.0090  accepted=63  auc=0.8112  uauc=0.5477  loss=0.6678  (34.8s)
Round    9/30  coverage=0.3050  prec@K=0.0075  accepted=53  auc=0.8249  uauc=0.5628  loss=0.6676  (31.4s)
Round   10/30  coverage=0.3056  prec@K=0.0089  accepted=63  auc=0.7606  uauc=0.5716  loss=0.6675  (32.2s)
Round   11/30  coverage=0.3061  prec@K=0.0070  accepted=49  auc=0.7400  uauc=0.5787  loss=0.6672  (33.6s)
Round   12/30  coverage=0.3066  prec@K=0.0072  accepted=51  auc=0.8043  uauc=0.5003  loss=0.6671  (34.7s)
Round   13/30  coverage=0.3073  prec@K=0.0101  accepted=71  auc=0.8047  uauc=0.5117  loss=0.6672  (31.1s)
Round   14/30  coverage=0.3078  prec@K=0.0078  accepted=55  auc=0.8133  uauc=0.5445  loss=0.6669  (29.4s)
Round   15/30  coverage=0.3083  prec@K=0.0080  accepted=56  auc=0.8255  uauc=0.4983  loss=0.6668  (30.6s)
Round   16/30  coverage=0.3088  prec@K=0.0068  accepted=48  auc=0.8148  uauc=0.5280  loss=0.6665  (30.0s)
Round   17/30  coverage=0.3092  prec@K=0.0060  accepted=42  auc=0.8351  uauc=0.5416  loss=0.6663  (28.0s)
Round   18/30  coverage=0.3096  prec@K=0.0064  accepted=45  auc=0.8652  uauc=0.5238  loss=0.6662  (25.2s)
Round   19/30  coverage=0.3102  prec@K=0.0087  accepted=61  auc=0.7676  uauc=0.5674  loss=0.6662  (26.5s)
Round   20/30  coverage=0.3106  prec@K=0.0051  accepted=36  auc=0.8481  uauc=0.5030  loss=0.6658  (23.3s)
Round   21/30  coverage=0.3109  prec@K=0.0055  accepted=39  auc=0.8261  uauc=0.5125  loss=0.6658  (24.4s)
Round   22/30  coverage=0.3114  prec@K=0.0074  accepted=52  auc=0.8739  uauc=0.5809  loss=0.6657  (23.2s)
Round   23/30  coverage=0.3119  prec@K=0.0066  accepted=47  auc=0.8520  uauc=0.5858  loss=0.6656  (22.6s)
Round   24/30  coverage=0.3124  prec@K=0.0078  accepted=55  auc=0.7774  uauc=0.5229  loss=0.6655  (25.4s)
Round   25/30  coverage=0.3129  prec@K=0.0071  accepted=50  auc=0.6504  uauc=0.5538  loss=0.6653  (24.8s)
Round   26/30  coverage=0.3133  prec@K=0.0058  accepted=41  auc=0.6762  uauc=0.5630  loss=0.6651  (24.9s)
Round   27/30  coverage=0.3137  prec@K=0.0061  accepted=43  auc=0.6185  uauc=0.5057  loss=0.6650  (23.0s)
Round   28/30  coverage=0.3140  prec@K=0.0048  accepted=34  auc=0.4878  uauc=0.5127  loss=0.6648  (22.5s)
Round   29/30  coverage=0.3144  prec@K=0.0051  accepted=36  auc=0.4377  uauc=0.5672  loss=0.6646  (22.8s)
Round   30/30  coverage=0.3148  prec@K=0.0063  accepted=44  auc=0.4168  uauc=0.5858  loss=0.6646  (32.5s)

结果已写入 results\orchestrator\runs\ir30_constlr5e5_multiseed_bidir\wiki_vote\seal_full_s42/rounds.csv
