=== wiki_vote_gat_emb_s42  started 2026-05-10T19:00:37 ===

C:\conda\envs\gnn\lib\site-packages\requests\__init__.py:86: RequestsDependencyWarning: Unable to find acceptable character detection dependency (chardet or charset_normalizer).
  warnings.warn(
C:\conda\envs\gnn\lib\site-packages\outdated\__init__.py:36: UserWarning: pkg_resources is deprecated as an API. See https://setuptools.pypa.io/en/latest/pkg_resources.html. The pkg_resources package is slated for removal as early as 2025-11-30. Refrain from using this package or pin to Setuptools<81.
  from pkg_resources import parse_version
Round    1/30  coverage=0.3006  prec@K=0.0082  accepted=58  auc=0.3448  uauc=0.5648  loss=0.6422  (13.5s)
Round    2/30  coverage=0.3010  prec@K=0.0068  accepted=48  auc=0.2861  uauc=0.5146  loss=0.6418  (12.0s)
Round    3/30  coverage=0.3014  prec@K=0.0051  accepted=36  auc=0.2235  uauc=0.4022  loss=0.6414  (12.0s)
Round    4/30  coverage=0.3018  prec@K=0.0067  accepted=47  auc=0.2815  uauc=0.5208  loss=0.6416  (11.9s)
Round    5/30  coverage=0.3023  prec@K=0.0078  accepted=55  auc=0.2071  uauc=0.5664  loss=0.6417  (15.8s)
Round    6/30  coverage=0.3027  prec@K=0.0054  accepted=38  auc=0.2013  uauc=0.4313  loss=0.6411  (13.4s)
Round    7/30  coverage=0.3031  prec@K=0.0061  accepted=43  auc=0.1422  uauc=0.4918  loss=0.6411  (12.2s)
Round    8/30  coverage=0.3035  prec@K=0.0053  accepted=37  auc=0.1670  uauc=0.5679  loss=0.6409  (12.8s)
Round    9/30  coverage=0.3038  prec@K=0.0045  accepted=32  auc=0.2229  uauc=0.4887  loss=0.6406  (16.7s)
Round   10/30  coverage=0.3041  prec@K=0.0045  accepted=32  auc=0.1239  uauc=0.6023  loss=0.6405  (13.3s)
Round   11/30  coverage=0.3044  prec@K=0.0043  accepted=30  auc=0.1575  uauc=0.4635  loss=0.6403  (14.2s)
Round   12/30  coverage=0.3047  prec@K=0.0045  accepted=32  auc=0.1593  uauc=0.4488  loss=0.6403  (15.8s)
Round   13/30  coverage=0.3051  prec@K=0.0064  accepted=45  auc=0.1597  uauc=0.4592  loss=0.6404  (11.3s)
Round   14/30  coverage=0.3054  prec@K=0.0046  accepted=32  auc=0.0886  uauc=0.5887  loss=0.6400  (11.7s)
Round   15/30  coverage=0.3056  prec@K=0.0027  accepted=19  auc=0.1234  uauc=0.5439  loss=0.6396  (11.3s)
Round   16/30  coverage=0.3060  prec@K=0.0052  accepted=37  auc=0.1712  uauc=0.5075  loss=0.6399  (12.2s)
Round   17/30  coverage=0.3063  prec@K=0.0040  accepted=28  auc=0.1696  uauc=0.5943  loss=0.6396  (11.7s)
Round   18/30  coverage=0.3065  prec@K=0.0034  accepted=24  auc=0.1519  uauc=0.5047  loss=0.6393  (12.0s)
Round   19/30  coverage=0.3069  prec@K=0.0060  accepted=42  auc=0.1255  uauc=0.5067  loss=0.6396  (12.0s)
Round   20/30  coverage=0.3072  prec@K=0.0051  accepted=36  auc=0.1550  uauc=0.4296  loss=0.6394  (13.1s)
Round   21/30  coverage=0.3075  prec@K=0.0036  accepted=25  auc=0.1210  uauc=0.4893  loss=0.6390  (12.8s)
Round   22/30  coverage=0.3077  prec@K=0.0040  accepted=28  auc=0.1574  uauc=0.4847  loss=0.6389  (12.5s)
Round   23/30  coverage=0.3080  prec@K=0.0042  accepted=30  auc=0.1229  uauc=0.5423  loss=0.6388  (13.5s)
Round   24/30  coverage=0.3084  prec@K=0.0047  accepted=33  auc=0.1455  uauc=0.4438  loss=0.6388  (13.3s)
Round   25/30  coverage=0.3087  prec@K=0.0047  accepted=33  auc=0.1108  uauc=0.4677  loss=0.6387  (13.4s)
Round   26/30  coverage=0.3089  prec@K=0.0030  accepted=21  auc=0.1219  uauc=0.5493  loss=0.6383  (13.2s)
Round   27/30  coverage=0.3092  prec@K=0.0043  accepted=30  auc=0.1710  uauc=0.5542  loss=0.6384  (13.4s)
Round   28/30  coverage=0.3094  prec@K=0.0034  accepted=24  auc=0.0990  uauc=0.4662  loss=0.6381  (13.9s)
Round   29/30  coverage=0.3096  prec@K=0.0034  accepted=24  auc=0.1640  uauc=0.4694  loss=0.6380  (13.5s)
Round   30/30  coverage=0.3099  prec@K=0.0043  accepted=30  auc=0.1718  uauc=0.5733  loss=0.6380  (13.7s)

结果已写入 results\orchestrator\runs\ir30_constlr5e5_multiseed_bidir\wiki_vote\gat_emb_s42/rounds.csv
