=== wiki_vote_pa_s0  started 2026-05-10T19:30:29 ===

C:\conda\envs\gnn\lib\site-packages\requests\__init__.py:86: RequestsDependencyWarning: Unable to find acceptable character detection dependency (chardet or charset_normalizer).
  warnings.warn(
C:\conda\envs\gnn\lib\site-packages\outdated\__init__.py:36: UserWarning: pkg_resources is deprecated as an API. See https://setuptools.pypa.io/en/latest/pkg_resources.html. The pkg_resources package is slated for removal as early as 2025-11-30. Refrain from using this package or pin to Setuptools<81.
  from pkg_resources import parse_version
Round    1/30  coverage=0.3009  prec@K=0.0130  accepted=91  auc=0.8361  uauc=0.4900  loss=nan  (0.7s)
Round    2/30  coverage=0.3017  prec@K=0.0120  accepted=85  auc=0.8456  uauc=0.4848  loss=nan  (0.4s)
Round    3/30  coverage=0.3027  prec@K=0.0145  accepted=102  auc=0.8653  uauc=0.5050  loss=nan  (0.5s)
Round    4/30  coverage=0.3038  prec@K=0.0171  accepted=120  auc=0.8579  uauc=0.5073  loss=nan  (0.6s)
Round    5/30  coverage=0.3048  prec@K=0.0144  accepted=101  auc=0.9044  uauc=0.5983  loss=nan  (0.8s)
Round    6/30  coverage=0.3056  prec@K=0.0121  accepted=85  auc=0.8450  uauc=0.4770  loss=nan  (0.7s)
Round    7/30  coverage=0.3065  prec@K=0.0133  accepted=94  auc=0.8592  uauc=0.5393  loss=nan  (0.7s)
Round    8/30  coverage=0.3074  prec@K=0.0135  accepted=95  auc=0.8634  uauc=0.4717  loss=nan  (0.9s)
Round    9/30  coverage=0.3083  prec@K=0.0132  accepted=93  auc=0.8410  uauc=0.4871  loss=nan  (0.9s)
Round   10/30  coverage=0.3091  prec@K=0.0113  accepted=80  auc=0.8634  uauc=0.5212  loss=nan  (1.0s)
Round   11/30  coverage=0.3098  prec@K=0.0108  accepted=76  auc=0.8907  uauc=0.5420  loss=nan  (1.5s)
Round   12/30  coverage=0.3106  prec@K=0.0110  accepted=78  auc=0.8315  uauc=0.5754  loss=nan  (1.1s)
Round   13/30  coverage=0.3114  prec@K=0.0117  accepted=82  auc=0.8454  uauc=0.5849  loss=nan  (1.2s)
Round   14/30  coverage=0.3122  prec@K=0.0125  accepted=88  auc=0.8975  uauc=0.5660  loss=nan  (1.2s)
Round   15/30  coverage=0.3130  prec@K=0.0107  accepted=75  auc=0.8789  uauc=0.5525  loss=nan  (1.2s)
Round   16/30  coverage=0.3136  prec@K=0.0091  accepted=64  auc=0.8850  uauc=0.5014  loss=nan  (1.3s)
Round   17/30  coverage=0.3143  prec@K=0.0108  accepted=76  auc=0.8427  uauc=0.5206  loss=nan  (1.4s)
Round   18/30  coverage=0.3150  prec@K=0.0102  accepted=72  auc=0.8753  uauc=0.4826  loss=nan  (1.5s)
Round   19/30  coverage=0.3157  prec@K=0.0105  accepted=74  auc=0.8783  uauc=0.5921  loss=nan  (1.6s)
Round   20/30  coverage=0.3165  prec@K=0.0110  accepted=78  auc=0.8973  uauc=0.5518  loss=nan  (1.5s)
Round   21/30  coverage=0.3173  prec@K=0.0116  accepted=82  auc=0.9090  uauc=0.5637  loss=nan  (2.1s)
Round   22/30  coverage=0.3181  prec@K=0.0118  accepted=83  auc=0.8857  uauc=0.5701  loss=nan  (1.7s)
Round   23/30  coverage=0.3189  prec@K=0.0121  accepted=85  auc=0.8880  uauc=0.5918  loss=nan  (1.7s)
Round   24/30  coverage=0.3196  prec@K=0.0102  accepted=72  auc=0.8916  uauc=0.4723  loss=nan  (1.7s)
Round   25/30  coverage=0.3205  prec@K=0.0141  accepted=99  auc=0.8890  uauc=0.4672  loss=nan  (1.8s)
Round   26/30  coverage=0.3214  prec@K=0.0128  accepted=90  auc=0.8681  uauc=0.4956  loss=nan  (1.8s)
Round   27/30  coverage=0.3220  prec@K=0.0087  accepted=61  auc=0.8745  uauc=0.4956  loss=nan  (2.0s)
Round   28/30  coverage=0.3227  prec@K=0.0106  accepted=75  auc=0.9116  uauc=0.5269  loss=nan  (2.0s)
Round   29/30  coverage=0.3234  prec@K=0.0107  accepted=75  auc=0.9015  uauc=0.5494  loss=nan  (2.0s)
Round   30/30  coverage=0.3241  prec@K=0.0092  accepted=65  auc=0.9092  uauc=0.5781  loss=nan  (2.3s)

结果已写入 results\orchestrator\runs\ir30_constlr5e5_multiseed_bidir\wiki_vote\pa_s0/rounds.csv
