=== wiki_vote_gnn_concat_h8_s3  started 2026-05-10T19:10:37 ===

C:\conda\envs\gnn\lib\site-packages\requests\__init__.py:86: RequestsDependencyWarning: Unable to find acceptable character detection dependency (chardet or charset_normalizer).
  warnings.warn(
C:\conda\envs\gnn\lib\site-packages\outdated\__init__.py:36: UserWarning: pkg_resources is deprecated as an API. See https://setuptools.pypa.io/en/latest/pkg_resources.html. The pkg_resources package is slated for removal as early as 2025-11-30. Refrain from using this package or pin to Setuptools<81.
  from pkg_resources import parse_version
Round    1/30  coverage=0.3006  prec@K=0.0090  accepted=63  auc=0.4218  uauc=0.5487  loss=0.8296  (12.0s)
Round    2/30  coverage=0.3010  prec@K=0.0064  accepted=45  auc=0.4217  uauc=0.5816  loss=0.8305  (10.1s)
Round    3/30  coverage=0.3016  prec@K=0.0084  accepted=59  auc=0.4187  uauc=0.5464  loss=0.8299  (11.1s)
Round    4/30  coverage=0.3022  prec@K=0.0090  accepted=63  auc=0.4195  uauc=0.5347  loss=0.8294  (10.8s)
Round    5/30  coverage=0.3028  prec@K=0.0080  accepted=56  auc=0.3630  uauc=0.6536  loss=0.8296  (12.2s)
Round    6/30  coverage=0.3031  prec@K=0.0053  accepted=37  auc=0.4321  uauc=0.6255  loss=0.8307  (10.5s)
Round    7/30  coverage=0.3036  prec@K=0.0077  accepted=54  auc=0.4542  uauc=0.5692  loss=0.8298  (11.6s)
Round    8/30  coverage=0.3040  prec@K=0.0058  accepted=41  auc=0.4159  uauc=0.5321  loss=0.8303  (11.5s)
Round    9/30  coverage=0.3044  prec@K=0.0055  accepted=39  auc=0.4351  uauc=0.5205  loss=0.8304  (11.6s)
Round   10/30  coverage=0.3050  prec@K=0.0085  accepted=60  auc=0.3863  uauc=0.5277  loss=0.8291  (11.7s)
Round   11/30  coverage=0.3053  prec@K=0.0045  accepted=32  auc=0.4591  uauc=0.6542  loss=0.8307  (12.2s)
Round   12/30  coverage=0.3057  prec@K=0.0058  accepted=41  auc=0.4174  uauc=0.5297  loss=0.8300  (11.7s)
Round   13/30  coverage=0.3061  prec@K=0.0067  accepted=47  auc=0.4121  uauc=0.5639  loss=0.8297  (12.1s)
Round   14/30  coverage=0.3064  prec@K=0.0044  accepted=31  auc=0.4785  uauc=0.5324  loss=0.8305  (11.1s)
Round   15/30  coverage=0.3068  prec@K=0.0056  accepted=39  auc=0.4303  uauc=0.5665  loss=0.8300  (12.6s)
Round   16/30  coverage=0.3072  prec@K=0.0061  accepted=43  auc=0.4343  uauc=0.5587  loss=0.8297  (12.0s)
Round   17/30  coverage=0.3075  prec@K=0.0047  accepted=33  auc=0.4617  uauc=0.4774  loss=0.8300  (11.5s)
Round   18/30  coverage=0.3079  prec@K=0.0047  accepted=33  auc=0.5017  uauc=0.5877  loss=0.8299  (12.1s)
Round   19/30  coverage=0.3080  prec@K=0.0024  accepted=17  auc=0.5087  uauc=0.5243  loss=0.8307  (12.1s)
Round   20/30  coverage=0.3083  prec@K=0.0041  accepted=29  auc=0.4798  uauc=0.4925  loss=0.8301  (12.9s)
Round   21/30  coverage=0.3086  prec@K=0.0048  accepted=34  auc=0.3893  uauc=0.4891  loss=0.8297  (14.1s)
Round   22/30  coverage=0.3089  prec@K=0.0041  accepted=29  auc=0.4399  uauc=0.3606  loss=0.8299  (12.2s)
Round   23/30  coverage=0.3093  prec@K=0.0053  accepted=37  auc=0.5046  uauc=0.5910  loss=0.8294  (13.2s)
Round   24/30  coverage=0.3095  prec@K=0.0034  accepted=24  auc=0.4123  uauc=0.4855  loss=0.8299  (12.5s)
Round   25/30  coverage=0.3098  prec@K=0.0047  accepted=33  auc=0.4691  uauc=0.5179  loss=0.8295  (13.7s)
Round   26/30  coverage=0.3101  prec@K=0.0035  accepted=25  auc=0.4429  uauc=0.4172  loss=0.8297  (14.1s)
Round   27/30  coverage=0.3103  prec@K=0.0041  accepted=29  auc=0.4522  uauc=0.4938  loss=0.8293  (12.4s)
Round   28/30  coverage=0.3105  prec@K=0.0027  accepted=19  auc=0.4261  uauc=0.5000  loss=0.8297  (12.6s)
Round   29/30  coverage=0.3109  prec@K=0.0048  accepted=34  auc=0.4594  uauc=0.5027  loss=0.8289  (13.4s)
Round   30/30  coverage=0.3112  prec@K=0.0053  accepted=37  auc=0.4547  uauc=0.5105  loss=0.8285  (13.1s)

结果已写入 results\orchestrator\runs\ir30_constlr5e5_multiseed_bidir\wiki_vote\gnn_concat_h8_s3/rounds.csv
