=== wiki_vote_random_s3  started 2026-05-10T19:32:27 ===

C:\conda\envs\gnn\lib\site-packages\requests\__init__.py:86: RequestsDependencyWarning: Unable to find acceptable character detection dependency (chardet or charset_normalizer).
  warnings.warn(
C:\conda\envs\gnn\lib\site-packages\outdated\__init__.py:36: UserWarning: pkg_resources is deprecated as an API. See https://setuptools.pypa.io/en/latest/pkg_resources.html. The pkg_resources package is slated for removal as early as 2025-11-30. Refrain from using this package or pin to Setuptools<81.
  from pkg_resources import parse_version
Round    1/30  coverage=0.3005  prec@K=0.0079  accepted=55  loss=nan  (0.6s)
Round    2/30  coverage=0.3010  prec@K=0.0071  accepted=50  loss=nan  (0.3s)
Round    3/30  coverage=0.3014  prec@K=0.0061  accepted=43  loss=nan  (0.3s)
Round    4/30  coverage=0.3019  prec@K=0.0064  accepted=45  loss=nan  (0.4s)
Round    5/30  coverage=0.3025  prec@K=0.0089  accepted=62  loss=nan  (0.5s)
Round    6/30  coverage=0.3030  prec@K=0.0076  accepted=53  loss=nan  (0.5s)
Round    7/30  coverage=0.3036  prec@K=0.0097  accepted=68  loss=nan  (0.6s)
Round    8/30  coverage=0.3042  prec@K=0.0079  accepted=56  loss=nan  (0.7s)
Round    9/30  coverage=0.3048  prec@K=0.0098  accepted=69  loss=nan  (0.8s)
Round   10/30  coverage=0.3055  prec@K=0.0092  accepted=65  loss=nan  (1.0s)
Round   11/30  coverage=0.3061  prec@K=0.0091  accepted=64  loss=nan  (1.3s)
Round   12/30  coverage=0.3067  prec@K=0.0097  accepted=68  loss=nan  (1.1s)
Round   13/30  coverage=0.3074  prec@K=0.0104  accepted=73  loss=nan  (1.1s)
Round   14/30  coverage=0.3080  prec@K=0.0091  accepted=64  loss=nan  (1.1s)
Round   15/30  coverage=0.3086  prec@K=0.0078  accepted=55  loss=nan  (1.3s)
Round   16/30  coverage=0.3091  prec@K=0.0075  accepted=53  loss=nan  (1.2s)
Round   17/30  coverage=0.3095  prec@K=0.0060  accepted=42  loss=nan  (1.4s)
Round   18/30  coverage=0.3100  prec@K=0.0068  accepted=48  loss=nan  (1.5s)
Round   19/30  coverage=0.3104  prec@K=0.0063  accepted=44  loss=nan  (1.6s)
Round   20/30  coverage=0.3109  prec@K=0.0075  accepted=53  loss=nan  (1.6s)
Round   21/30  coverage=0.3113  prec@K=0.0062  accepted=44  loss=nan  (2.0s)
Round   22/30  coverage=0.3119  prec@K=0.0085  accepted=60  loss=nan  (1.7s)
Round   23/30  coverage=0.3124  prec@K=0.0074  accepted=52  loss=nan  (2.0s)
Round   24/30  coverage=0.3130  prec@K=0.0083  accepted=58  loss=nan  (2.2s)
Round   25/30  coverage=0.3135  prec@K=0.0082  accepted=58  loss=nan  (2.0s)
Round   26/30  coverage=0.3141  prec@K=0.0084  accepted=59  loss=nan  (2.2s)
Round   27/30  coverage=0.3146  prec@K=0.0073  accepted=51  loss=nan  (2.1s)
Round   28/30  coverage=0.3150  prec@K=0.0065  accepted=46  loss=nan  (2.4s)
Round   29/30  coverage=0.3155  prec@K=0.0075  accepted=53  loss=nan  (2.2s)
Round   30/30  coverage=0.3160  prec@K=0.0075  accepted=53  loss=nan  (2.4s)

结果已写入 results\orchestrator\runs\ir30_constlr5e5_multiseed_bidir\wiki_vote\random_s3/rounds.csv
