=== wiki_vote_aa_s3  started 2026-05-10T18:54:45 ===

C:\conda\envs\gnn\lib\site-packages\requests\__init__.py:86: RequestsDependencyWarning: Unable to find acceptable character detection dependency (chardet or charset_normalizer).
  warnings.warn(
C:\conda\envs\gnn\lib\site-packages\outdated\__init__.py:36: UserWarning: pkg_resources is deprecated as an API. See https://setuptools.pypa.io/en/latest/pkg_resources.html. The pkg_resources package is slated for removal as early as 2025-11-30. Refrain from using this package or pin to Setuptools<81.
  from pkg_resources import parse_version
Round    1/30  coverage=0.3012  prec@K=0.0185  accepted=129  auc=0.8865  uauc=0.5792  loss=nan  (1.0s)
Round    2/30  coverage=0.3025  prec@K=0.0186  accepted=131  auc=0.9036  uauc=0.5655  loss=nan  (0.5s)
Round    3/30  coverage=0.3035  prec@K=0.0152  accepted=107  auc=0.8554  uauc=0.5519  loss=nan  (0.6s)
Round    4/30  coverage=0.3047  prec@K=0.0171  accepted=120  auc=0.8764  uauc=0.5763  loss=nan  (0.6s)
Round    5/30  coverage=0.3060  prec@K=0.0193  accepted=135  auc=0.8833  uauc=0.5564  loss=nan  (0.8s)
Round    6/30  coverage=0.3072  prec@K=0.0177  accepted=124  auc=0.9033  uauc=0.6203  loss=nan  (0.9s)
Round    7/30  coverage=0.3088  prec@K=0.0233  accepted=164  auc=0.9102  uauc=0.6220  loss=nan  (0.9s)
Round    8/30  coverage=0.3103  prec@K=0.0225  accepted=159  auc=0.8987  uauc=0.5811  loss=nan  (1.0s)
Round    9/30  coverage=0.3117  prec@K=0.0206  accepted=145  auc=0.8760  uauc=0.5479  loss=nan  (1.0s)
Round   10/30  coverage=0.3131  prec@K=0.0204  accepted=144  auc=0.8978  uauc=0.5734  loss=nan  (1.2s)
Round   11/30  coverage=0.3142  prec@K=0.0171  accepted=120  auc=0.8861  uauc=0.5904  loss=nan  (1.5s)
Round   12/30  coverage=0.3154  prec@K=0.0164  accepted=115  auc=0.8986  uauc=0.5750  loss=nan  (1.2s)
Round   13/30  coverage=0.3167  prec@K=0.0202  accepted=142  auc=0.8901  uauc=0.5057  loss=nan  (1.3s)
Round   14/30  coverage=0.3179  prec@K=0.0176  accepted=124  auc=0.8800  uauc=0.5850  loss=nan  (1.3s)
Round   15/30  coverage=0.3191  prec@K=0.0181  accepted=127  auc=0.8804  uauc=0.5330  loss=nan  (1.4s)
Round   16/30  coverage=0.3201  prec@K=0.0138  accepted=97  auc=0.8692  uauc=0.5708  loss=nan  (1.5s)
Round   17/30  coverage=0.3211  prec@K=0.0152  accepted=106  auc=0.8863  uauc=0.5666  loss=nan  (1.5s)
Round   18/30  coverage=0.3222  prec@K=0.0160  accepted=113  auc=0.9040  uauc=0.5829  loss=nan  (1.5s)
Round   19/30  coverage=0.3231  prec@K=0.0132  accepted=93  auc=0.8671  uauc=0.5894  loss=nan  (1.6s)
Round   20/30  coverage=0.3243  prec@K=0.0172  accepted=121  auc=0.8887  uauc=0.5606  loss=nan  (1.9s)
Round   21/30  coverage=0.3252  prec@K=0.0143  accepted=101  auc=0.8846  uauc=0.5583  loss=nan  (2.7s)
Round   22/30  coverage=0.3263  prec@K=0.0156  accepted=110  auc=0.9000  uauc=0.5626  loss=nan  (1.9s)
Round   23/30  coverage=0.3276  prec@K=0.0189  accepted=133  auc=0.9012  uauc=0.5308  loss=nan  (1.9s)
Round   24/30  coverage=0.3287  prec@K=0.0168  accepted=118  auc=0.8985  uauc=0.5453  loss=nan  (1.9s)
Round   25/30  coverage=0.3299  prec@K=0.0179  accepted=126  auc=0.8642  uauc=0.5154  loss=nan  (2.0s)
Round   26/30  coverage=0.3314  prec@K=0.0213  accepted=150  auc=0.8943  uauc=0.5509  loss=nan  (2.0s)
Round   27/30  coverage=0.3326  prec@K=0.0178  accepted=125  auc=0.9069  uauc=0.5413  loss=nan  (2.0s)
Round   28/30  coverage=0.3335  prec@K=0.0139  accepted=98  auc=0.9267  uauc=0.5986  loss=nan  (2.4s)
Round   29/30  coverage=0.3345  prec@K=0.0141  accepted=99  auc=0.8905  uauc=0.5699  loss=nan  (2.2s)
Round   30/30  coverage=0.3357  prec@K=0.0182  accepted=128  auc=0.9230  uauc=0.5975  loss=nan  (2.7s)

结果已写入 results\orchestrator\runs\ir30_constlr5e5_multiseed_bidir\wiki_vote\aa_s3/rounds.csv
