C:\conda\envs\gnn\lib\site-packages\requests\__init__.py:86: RequestsDependencyWarning: Unable to find acceptable character detection dependency (chardet or charset_normalizer).
  warnings.warn(
C:\conda\envs\gnn\lib\site-packages\outdated\__init__.py:36: UserWarning: pkg_resources is deprecated as an API. See https://setuptools.pypa.io/en/latest/pkg_resources.html. The pkg_resources package is slated for removal as early as 2025-11-30. Refrain from using this package or pin to Setuptools<81.
  from pkg_resources import parse_version
Round    1/30  coverage=0.4000  prec@K=0.0003  accepted=5  loss=0.7519  (21.2s)
Round    2/30  coverage=0.4000  prec@K=0.0004  accepted=6  loss=0.7502  (13.6s)
Round    3/30  coverage=0.4000  prec@K=0.0003  accepted=4  loss=0.7468  (22.1s)
Round    4/30  coverage=0.4000  prec@K=0.0002  accepted=3  loss=0.7408  (28.3s)
Round    5/30  coverage=0.4000  prec@K=0.0003  accepted=5  loss=0.7346  (28.5s)
Round    6/30  coverage=0.4000  prec@K=0.0002  accepted=3  loss=0.7258  (31.0s)
Round    7/30  coverage=0.4001  prec@K=0.0001  accepted=2  loss=0.7170  (33.2s)
Round    8/30  coverage=0.4001  prec@K=0.0001  accepted=2  loss=0.7085  (37.6s)
Round    9/30  coverage=0.4001  prec@K=0.0001  accepted=2  loss=0.7006  (57.3s)
Round   10/30  coverage=0.4001  prec@K=0.0002  accepted=3  loss=0.6916  (41.8s)
Round   11/30  coverage=0.4001  prec@K=0.0003  accepted=4  loss=0.6845  (53.4s)
Round   12/30  coverage=0.4001  prec@K=0.0003  accepted=4  loss=0.6770  (51.4s)
Round   13/30  coverage=0.4001  prec@K=0.0005  accepted=7  loss=0.6711  (54.7s)
Round   14/30  coverage=0.4001  prec@K=0.0003  accepted=4  loss=0.6664  (57.3s)
Round   15/30  coverage=0.4001  prec@K=0.0005  accepted=7  loss=0.6628  (57.6s)
Round   16/30  coverage=0.4001  prec@K=0.0005  accepted=8  loss=0.6593  (57.9s)
Round   17/30  coverage=0.4001  prec@K=0.0005  accepted=7  loss=0.6561  (60.4s)
Round   18/30  coverage=0.4001  prec@K=0.0003  accepted=4  loss=0.6534  (63.7s)
Round   19/30  coverage=0.4002  prec@K=0.0007  accepted=10  loss=0.6511  (65.8s)
Round   20/30  coverage=0.4002  prec@K=0.0003  accepted=5  loss=0.6482  (68.2s)
Round   21/30  coverage=0.4002  prec@K=0.0002  accepted=3  loss=0.6465  (75.3s)
Round   22/30  coverage=0.4002  prec@K=0.0001  accepted=1  loss=0.6449  (75.5s)
Round   23/30  coverage=0.4002  prec@K=0.0003  accepted=5  loss=0.6432  (76.8s)
Round   24/30  coverage=0.4002  prec@K=0.0003  accepted=4  loss=0.6419  (81.0s)
Round   25/30  coverage=0.4002  prec@K=0.0009  accepted=13  loss=0.6413  (82.7s)
Round   26/30  coverage=0.4002  prec@K=0.0006  accepted=9  loss=0.6402  (83.8s)
Round   27/30  coverage=0.4002  prec@K=0.0003  accepted=4  loss=0.6397  (84.1s)
Round   28/30  coverage=0.4003  prec@K=0.0006  accepted=9  loss=0.6392  (87.8s)
Round   29/30  coverage=0.4003  prec@K=0.0003  accepted=4  loss=0.6392  (93.5s)
Round   30/30  coverage=0.4003  prec@K=0.0003  accepted=4  loss=0.6399  (103.6s)

结果已写入 results\online\algo_sweep_sx_askubuntu_v2_ir40_s1\sx_askubuntu_gnn_concat_h8/rounds.csv
