C:\conda\envs\gnn\lib\site-packages\requests\__init__.py:86: RequestsDependencyWarning: Unable to find acceptable character detection dependency (chardet or charset_normalizer).
  warnings.warn(
C:\conda\envs\gnn\lib\site-packages\outdated\__init__.py:36: UserWarning: pkg_resources is deprecated as an API. See https://setuptools.pypa.io/en/latest/pkg_resources.html. The pkg_resources package is slated for removal as early as 2025-11-30. Refrain from using this package or pin to Setuptools<81.
  from pkg_resources import parse_version
Round    1/30  coverage=0.2509  prec@K=0.0103  accepted=18  loss=0.6754  (0.6s)
Round    2/30  coverage=0.2521  prec@K=0.0141  accepted=25  loss=0.6736  (0.4s)
Round    3/30  coverage=0.2532  prec@K=0.0126  accepted=22  loss=0.6719  (0.4s)
Round    4/30  coverage=0.2544  prec@K=0.0134  accepted=24  loss=0.6693  (0.4s)
Round    5/30  coverage=0.2553  prec@K=0.0103  accepted=18  loss=0.6656  (0.4s)
Round    6/30  coverage=0.2562  prec@K=0.0106  accepted=19  loss=0.6636  (0.4s)
Round    7/30  coverage=0.2571  prec@K=0.0104  accepted=18  loss=0.6617  (0.6s)
Round    8/30  coverage=0.2582  prec@K=0.0132  accepted=23  loss=0.6592  (0.5s)
Round    9/30  coverage=0.2590  prec@K=0.0092  accepted=16  loss=0.6564  (0.5s)
Round   10/30  coverage=0.2597  prec@K=0.0073  accepted=13  loss=0.6536  (0.5s)
Round   11/30  coverage=0.2606  prec@K=0.0108  accepted=19  loss=0.6515  (0.6s)
Round   12/30  coverage=0.2611  prec@K=0.0057  accepted=10  loss=0.6494  (0.5s)
Round   13/30  coverage=0.2616  prec@K=0.0056  accepted=10  loss=0.6467  (0.5s)
Round   14/30  coverage=0.2622  prec@K=0.0068  accepted=12  loss=0.6442  (0.5s)
Round   15/30  coverage=0.2635  prec@K=0.0147  accepted=26  loss=0.6429  (0.5s)
Round   16/30  coverage=0.2641  prec@K=0.0079  accepted=14  loss=0.6390  (0.5s)
Round   17/30  coverage=0.2651  prec@K=0.0115  accepted=20  loss=0.6372  (0.5s)
Round   18/30  coverage=0.2659  prec@K=0.0090  accepted=16  loss=0.6346  (0.5s)
Round   19/30  coverage=0.2665  prec@K=0.0068  accepted=12  loss=0.6322  (0.5s)
Round   20/30  coverage=0.2673  prec@K=0.0095  accepted=17  loss=0.6306  (0.5s)
Round   21/30  coverage=0.2682  prec@K=0.0094  accepted=17  loss=0.6280  (0.5s)
Round   22/30  coverage=0.2690  prec@K=0.0094  accepted=17  loss=0.6247  (0.5s)
Round   23/30  coverage=0.2699  prec@K=0.0104  accepted=18  loss=0.6235  (0.5s)
Round   24/30  coverage=0.2704  prec@K=0.0056  accepted=10  loss=0.6206  (0.5s)
Round   25/30  coverage=0.2710  prec@K=0.0069  accepted=12  loss=0.6179  (0.4s)
Round   26/30  coverage=0.2716  prec@K=0.0067  accepted=12  loss=0.6132  (0.4s)
Round   27/30  coverage=0.2721  prec@K=0.0063  accepted=11  loss=0.6119  (0.4s)
Round   28/30  coverage=0.2727  prec@K=0.0061  accepted=11  loss=0.6088  (0.5s)
Round   29/30  coverage=0.2732  prec@K=0.0057  accepted=10  loss=0.6082  (0.5s)
Round   30/30  coverage=0.2739  prec@K=0.0084  accepted=15  loss=0.6057  (0.5s)

结果已写入 results\online\algo_sweep_college_msg_v2_constlr5e5_s0\college_msg_gnn_sum/rounds.csv
