C:\conda\envs\gnn\lib\site-packages\requests\__init__.py:86: RequestsDependencyWarning: Unable to find acceptable character detection dependency (chardet or charset_normalizer).
  warnings.warn(
C:\conda\envs\gnn\lib\site-packages\outdated\__init__.py:36: UserWarning: pkg_resources is deprecated as an API. See https://setuptools.pypa.io/en/latest/pkg_resources.html. The pkg_resources package is slated for removal as early as 2025-11-30. Refrain from using this package or pin to Setuptools<81.
  from pkg_resources import parse_version
Round    1/30  coverage=0.2526  prec@K=0.0299  accepted=53  loss=0.6717  (0.5s)
Round    2/30  coverage=0.2545  prec@K=0.0216  accepted=38  loss=0.6699  (0.2s)
Round    3/30  coverage=0.2563  prec@K=0.0200  accepted=36  loss=0.6657  (0.2s)
Round    4/30  coverage=0.2580  prec@K=0.0199  accepted=35  loss=0.6592  (0.2s)
Round    5/30  coverage=0.2601  prec@K=0.0238  accepted=43  loss=0.6504  (0.4s)
Round    6/30  coverage=0.2621  prec@K=0.0231  accepted=41  loss=0.6392  (0.3s)
Round    7/30  coverage=0.2630  prec@K=0.0095  accepted=17  loss=0.6243  (0.3s)
Round    8/30  coverage=0.2650  prec@K=0.0228  accepted=41  loss=0.6202  (0.3s)
Round    9/30  coverage=0.2663  prec@K=0.0154  accepted=26  loss=0.6093  (0.2s)
Round   10/30  coverage=0.2674  prec@K=0.0128  accepted=23  loss=0.5994  (0.3s)
Round   11/30  coverage=0.2683  prec@K=0.0105  accepted=19  loss=0.5905  (0.3s)
Round   12/30  coverage=0.2694  prec@K=0.0125  accepted=22  loss=0.5868  (0.3s)
Round   13/30  coverage=0.2699  prec@K=0.0058  accepted=10  loss=0.5785  (0.3s)
Round   14/30  coverage=0.2707  prec@K=0.0098  accepted=17  loss=0.5772  (0.2s)
Round   15/30  coverage=0.2716  prec@K=0.0097  accepted=17  loss=0.5727  (0.3s)
Round   16/30  coverage=0.2724  prec@K=0.0096  accepted=17  loss=0.5682  (0.2s)
Round   17/30  coverage=0.2728  prec@K=0.0045  accepted=8  loss=0.5627  (0.3s)
Round   18/30  coverage=0.2737  prec@K=0.0104  accepted=19  loss=0.5645  (0.3s)
Round   19/30  coverage=0.2747  prec@K=0.0106  accepted=19  loss=0.5602  (0.3s)
Round   20/30  coverage=0.2754  prec@K=0.0078  accepted=14  loss=0.5563  (0.3s)
Round   21/30  coverage=0.2757  prec@K=0.0034  accepted=6  loss=0.5518  (0.3s)
Round   22/30  coverage=0.2759  prec@K=0.0028  accepted=5  loss=0.5488  (0.3s)
Round   23/30  coverage=0.2762  prec@K=0.0028  accepted=5  loss=0.5474  (0.3s)
Round   24/30  coverage=0.2765  prec@K=0.0040  accepted=7  loss=0.5471  (0.3s)
Round   25/30  coverage=0.2770  prec@K=0.0057  accepted=10  loss=0.5476  (0.3s)
Round   26/30  coverage=0.2772  prec@K=0.0028  accepted=5  loss=0.5439  (0.3s)
Round   27/30  coverage=0.2774  prec@K=0.0017  accepted=3  loss=0.5431  (0.3s)
Round   28/30  coverage=0.2775  prec@K=0.0017  accepted=3  loss=0.5430  (0.3s)
Round   29/30  coverage=0.2778  prec@K=0.0028  accepted=5  loss=0.5435  (0.3s)
Round   30/30  coverage=0.2782  prec@K=0.0045  accepted=8  loss=0.5455  (0.3s)

结果已写入 results\online\algo_sweep_college_msg_v2\college_msg_gnn_concat_h8/rounds.csv
