C:\conda\envs\gnn\lib\site-packages\requests\__init__.py:86: RequestsDependencyWarning: Unable to find acceptable character detection dependency (chardet or charset_normalizer).
  warnings.warn(
C:\conda\envs\gnn\lib\site-packages\outdated\__init__.py:36: UserWarning: pkg_resources is deprecated as an API. See https://setuptools.pypa.io/en/latest/pkg_resources.html. The pkg_resources package is slated for removal as early as 2025-11-30. Refrain from using this package or pin to Setuptools<81.
  from pkg_resources import parse_version
Round    1/30  coverage=0.2519  prec@K=0.0214  accepted=38  loss=nan  (0.2s)
Round    2/30  coverage=0.2534  prec@K=0.0171  accepted=30  loss=nan  (0.0s)
Round    3/30  coverage=0.2549  prec@K=0.0178  accepted=32  loss=nan  (0.0s)
Round    4/30  coverage=0.2562  prec@K=0.0148  accepted=26  loss=nan  (0.0s)
Round    5/30  coverage=0.2576  prec@K=0.0155  accepted=28  loss=nan  (0.1s)
Round    6/30  coverage=0.2590  prec@K=0.0158  accepted=28  loss=nan  (0.1s)
Round    7/30  coverage=0.2602  prec@K=0.0140  accepted=25  loss=nan  (0.1s)
Round    8/30  coverage=0.2615  prec@K=0.0145  accepted=26  loss=nan  (0.1s)
Round    9/30  coverage=0.2629  prec@K=0.0171  accepted=29  loss=nan  (0.1s)
Round   10/30  coverage=0.2643  prec@K=0.0161  accepted=29  loss=nan  (0.1s)
Round   11/30  coverage=0.2655  prec@K=0.0127  accepted=23  loss=nan  (0.1s)
Round   12/30  coverage=0.2668  prec@K=0.0153  accepted=27  loss=nan  (0.1s)
Round   13/30  coverage=0.2678  prec@K=0.0115  accepted=20  loss=nan  (0.1s)
Round   14/30  coverage=0.2690  prec@K=0.0137  accepted=24  loss=nan  (0.1s)
Round   15/30  coverage=0.2700  prec@K=0.0114  accepted=20  loss=nan  (0.1s)
Round   16/30  coverage=0.2708  prec@K=0.0102  accepted=18  loss=nan  (0.1s)
Round   17/30  coverage=0.2717  prec@K=0.0101  accepted=18  loss=nan  (0.1s)
Round   18/30  coverage=0.2727  prec@K=0.0109  accepted=20  loss=nan  (0.1s)
Round   19/30  coverage=0.2736  prec@K=0.0106  accepted=19  loss=nan  (0.1s)
Round   20/30  coverage=0.2747  prec@K=0.0116  accepted=21  loss=nan  (0.1s)
Round   21/30  coverage=0.2755  prec@K=0.0091  accepted=16  loss=nan  (0.1s)
Round   22/30  coverage=0.2762  prec@K=0.0078  accepted=14  loss=nan  (0.1s)
Round   23/30  coverage=0.2772  prec@K=0.0123  accepted=22  loss=nan  (0.1s)
Round   24/30  coverage=0.2779  prec@K=0.0075  accepted=13  loss=nan  (0.1s)
Round   25/30  coverage=0.2783  prec@K=0.0046  accepted=8  loss=nan  (0.1s)
Round   26/30  coverage=0.2787  prec@K=0.0045  accepted=8  loss=nan  (0.1s)
Round   27/30  coverage=0.2792  prec@K=0.0056  accepted=10  loss=nan  (0.1s)
Round   28/30  coverage=0.2799  prec@K=0.0078  accepted=14  loss=nan  (0.1s)
Round   29/30  coverage=0.2805  prec@K=0.0079  accepted=14  loss=nan  (0.1s)
Round   30/30  coverage=0.2813  prec@K=0.0091  accepted=16  loss=nan  (0.1s)

结果已写入 results\online\algo_sweep_college_msg_v2\college_msg_aa/rounds.csv
