C:\conda\envs\gnn\lib\site-packages\requests\__init__.py:86: RequestsDependencyWarning: Unable to find acceptable character detection dependency (chardet or charset_normalizer).
  warnings.warn(
C:\conda\envs\gnn\lib\site-packages\outdated\__init__.py:36: UserWarning: pkg_resources is deprecated as an API. See https://setuptools.pypa.io/en/latest/pkg_resources.html. The pkg_resources package is slated for removal as early as 2025-11-30. Refrain from using this package or pin to Setuptools<81.
  from pkg_resources import parse_version
Round    1/40  coverage=0.1014  prec@K=0.0189  accepted=30  loss=nan  (0.2s)
Round    2/40  coverage=0.1032  prec@K=0.0223  accepted=36  loss=nan  (0.0s)
Round    3/40  coverage=0.1055  prec@K=0.0292  accepted=47  loss=nan  (0.0s)
Round    4/40  coverage=0.1076  prec@K=0.0254  accepted=42  loss=nan  (0.1s)
Round    5/40  coverage=0.1086  prec@K=0.0126  accepted=21  loss=nan  (0.1s)
Round    6/40  coverage=0.1102  prec@K=0.0198  accepted=32  loss=nan  (0.1s)
Round    7/40  coverage=0.1116  prec@K=0.0179  accepted=29  loss=nan  (0.1s)
Round    8/40  coverage=0.1132  prec@K=0.0186  accepted=31  loss=nan  (0.1s)
Round    9/40  coverage=0.1143  prec@K=0.0136  accepted=23  loss=nan  (0.1s)
Round   10/40  coverage=0.1155  prec@K=0.0145  accepted=24  loss=nan  (0.1s)
Round   11/40  coverage=0.1165  prec@K=0.0122  accepted=21  loss=nan  (0.1s)
Round   12/40  coverage=0.1178  prec@K=0.0156  accepted=26  loss=nan  (0.1s)
Round   13/40  coverage=0.1190  prec@K=0.0150  accepted=25  loss=nan  (0.1s)
Round   14/40  coverage=0.1201  prec@K=0.0127  accepted=21  loss=nan  (0.1s)
Round   15/40  coverage=0.1213  prec@K=0.0151  accepted=25  loss=nan  (0.1s)
Round   16/40  coverage=0.1225  prec@K=0.0144  accepted=24  loss=nan  (0.1s)
Round   17/40  coverage=0.1236  prec@K=0.0132  accepted=22  loss=nan  (0.1s)
Round   18/40  coverage=0.1241  prec@K=0.0065  accepted=11  loss=nan  (0.1s)
Round   19/40  coverage=0.1249  prec@K=0.0092  accepted=15  loss=nan  (0.1s)
Round   20/40  coverage=0.1256  prec@K=0.0099  accepted=16  loss=nan  (0.1s)
Round   21/40  coverage=0.1266  prec@K=0.0112  accepted=19  loss=nan  (0.2s)
Round   22/40  coverage=0.1276  prec@K=0.0121  accepted=21  loss=nan  (0.2s)
Round   23/40  coverage=0.1283  prec@K=0.0087  accepted=14  loss=nan  (0.2s)
Round   24/40  coverage=0.1291  prec@K=0.0094  accepted=16  loss=nan  (0.2s)
Round   25/40  coverage=0.1300  prec@K=0.0105  accepted=18  loss=nan  (0.2s)
Round   26/40  coverage=0.1309  prec@K=0.0108  accepted=18  loss=nan  (0.2s)
Round   27/40  coverage=0.1316  prec@K=0.0094  accepted=15  loss=nan  (0.2s)
Round   28/40  coverage=0.1328  prec@K=0.0142  accepted=24  loss=nan  (0.2s)
Round   29/40  coverage=0.1337  prec@K=0.0110  accepted=18  loss=nan  (0.2s)
Round   30/40  coverage=0.1347  prec@K=0.0129  accepted=21  loss=nan  (0.2s)
Round   31/40  coverage=0.1357  prec@K=0.0128  accepted=21  loss=nan  (0.2s)
Round   32/40  coverage=0.1366  prec@K=0.0099  accepted=17  loss=nan  (0.2s)
Round   33/40  coverage=0.1375  prec@K=0.0107  accepted=18  loss=nan  (0.2s)
Round   34/40  coverage=0.1382  prec@K=0.0081  accepted=14  loss=nan  (0.2s)
Round   35/40  coverage=0.1388  prec@K=0.0084  accepted=14  loss=nan  (0.2s)
Round   36/40  coverage=0.1400  prec@K=0.0145  accepted=24  loss=nan  (0.2s)
Round   37/40  coverage=0.1410  prec@K=0.0119  accepted=20  loss=nan  (0.2s)
Round   38/40  coverage=0.1419  prec@K=0.0107  accepted=18  loss=nan  (0.2s)
Round   39/40  coverage=0.1427  prec@K=0.0101  accepted=17  loss=nan  (0.2s)
Round   40/40  coverage=0.1441  prec@K=0.0170  accepted=28  loss=nan  (0.2s)

˝áąűŇŃĐ´Čë results\online\init_ratio_sweep_college_msg\r010_random/rounds.csv
