C:\conda\envs\gnn\lib\site-packages\requests\__init__.py:86: RequestsDependencyWarning: Unable to find acceptable character detection dependency (chardet or charset_normalizer).
  warnings.warn(
C:\conda\envs\gnn\lib\site-packages\outdated\__init__.py:36: UserWarning: pkg_resources is deprecated as an API. See https://setuptools.pypa.io/en/latest/pkg_resources.html. The pkg_resources package is slated for removal as early as 2025-11-30. Refrain from using this package or pin to Setuptools<81.
  from pkg_resources import parse_version
Round    1/40  coverage=0.3141  prec@K=0.1603  accepted=286  loss=nan  (0.2s)
Round    2/40  coverage=0.3308  prec@K=0.1857  accepted=339  loss=nan  (0.0s)
Round    3/40  coverage=0.3499  prec@K=0.2106  accepted=389  loss=nan  (0.0s)
Round    4/40  coverage=0.3674  prec@K=0.1910  accepted=354  loss=nan  (0.0s)
Round    5/40  coverage=0.3804  prec@K=0.1457  accepted=265  loss=nan  (0.1s)
Round    6/40  coverage=0.3940  prec@K=0.1495  accepted=275  loss=nan  (0.1s)
Round    7/40  coverage=0.4040  prec@K=0.1125  accepted=204  loss=nan  (0.1s)
Round    8/40  coverage=0.4158  prec@K=0.1306  accepted=240  loss=nan  (0.1s)
Round    9/40  coverage=0.4258  prec@K=0.1109  accepted=203  loss=nan  (0.1s)
Round   10/40  coverage=0.4346  prec@K=0.0956  accepted=177  loss=nan  (0.1s)
Round   11/40  coverage=0.4426  prec@K=0.0886  accepted=164  loss=nan  (0.3s)
Round   12/40  coverage=0.4512  prec@K=0.0951  accepted=174  loss=nan  (0.1s)
Round   13/40  coverage=0.4590  prec@K=0.0865  accepted=157  loss=nan  (0.1s)
Round   14/40  coverage=0.4667  prec@K=0.0856  accepted=157  loss=nan  (0.1s)
Round   15/40  coverage=0.4732  prec@K=0.0717  accepted=133  loss=nan  (0.1s)
Round   16/40  coverage=0.4792  prec@K=0.0647  accepted=120  loss=nan  (0.1s)
Round   17/40  coverage=0.4834  prec@K=0.0466  accepted=86  loss=nan  (0.1s)
Round   18/40  coverage=0.4876  prec@K=0.0457  accepted=85  loss=nan  (0.1s)
Round   19/40  coverage=0.4912  prec@K=0.0399  accepted=73  loss=nan  (0.1s)
Round   20/40  coverage=0.4945  prec@K=0.0365  accepted=67  loss=nan  (0.1s)
Round   21/40  coverage=0.4987  prec@K=0.0459  accepted=85  loss=nan  (0.3s)
Round   22/40  coverage=0.5015  prec@K=0.0318  accepted=58  loss=nan  (0.1s)
Round   23/40  coverage=0.5050  prec@K=0.0378  accepted=70  loss=nan  (0.1s)
Round   24/40  coverage=0.5074  prec@K=0.0267  accepted=49  loss=nan  (0.1s)
Round   25/40  coverage=0.5093  prec@K=0.0215  accepted=39  loss=nan  (0.1s)
Round   26/40  coverage=0.5112  prec@K=0.0209  accepted=38  loss=nan  (0.1s)
Round   27/40  coverage=0.5134  prec@K=0.0244  accepted=45  loss=nan  (0.1s)
Round   28/40  coverage=0.5157  prec@K=0.0253  accepted=46  loss=nan  (0.1s)
Round   29/40  coverage=0.5176  prec@K=0.0214  accepted=39  loss=nan  (0.1s)
Round   30/40  coverage=0.5191  prec@K=0.0163  accepted=30  loss=nan  (0.1s)
Round   31/40  coverage=0.5211  prec@K=0.0231  accepted=42  loss=nan  (0.3s)
Round   32/40  coverage=0.5223  prec@K=0.0132  accepted=24  loss=nan  (0.1s)
Round   33/40  coverage=0.5241  prec@K=0.0204  accepted=37  loss=nan  (0.1s)
Round   34/40  coverage=0.5254  prec@K=0.0138  accepted=25  loss=nan  (0.1s)
Round   35/40  coverage=0.5273  prec@K=0.0216  accepted=39  loss=nan  (0.1s)
Round   36/40  coverage=0.5293  prec@K=0.0223  accepted=41  loss=nan  (0.1s)
Round   37/40  coverage=0.5314  prec@K=0.0229  accepted=42  loss=nan  (0.1s)
Round   38/40  coverage=0.5325  prec@K=0.0127  accepted=23  loss=nan  (0.1s)
Round   39/40  coverage=0.5340  prec@K=0.0162  accepted=30  loss=nan  (0.1s)
Round   40/40  coverage=0.5350  prec@K=0.0108  accepted=20  loss=nan  (0.1s)

˝áąűŇŃĐ´Čë results\online\init_ratio_sweep_college_msg\r030_ground_truth/rounds.csv
