C:\conda\envs\gnn\lib\site-packages\requests\__init__.py:86: RequestsDependencyWarning: Unable to find acceptable character detection dependency (chardet or charset_normalizer).
  warnings.warn(
C:\conda\envs\gnn\lib\site-packages\outdated\__init__.py:36: UserWarning: pkg_resources is deprecated as an API. See https://setuptools.pypa.io/en/latest/pkg_resources.html. The pkg_resources package is slated for removal as early as 2025-11-30. Refrain from using this package or pin to Setuptools<81.
  from pkg_resources import parse_version
Round    1/40  coverage=0.4013  prec@K=0.0142  accepted=26  loss=nan  (0.3s)
Round    2/40  coverage=0.4030  prec@K=0.0192  accepted=35  loss=nan  (0.0s)
Round    3/40  coverage=0.4054  prec@K=0.0264  accepted=49  loss=nan  (0.0s)
Round    4/40  coverage=0.4073  prec@K=0.0213  accepted=39  loss=nan  (0.1s)
Round    5/40  coverage=0.4095  prec@K=0.0241  accepted=45  loss=nan  (0.1s)
Round    6/40  coverage=0.4119  prec@K=0.0260  accepted=48  loss=nan  (0.1s)
Round    7/40  coverage=0.4144  prec@K=0.0281  accepted=51  loss=nan  (0.1s)
Round    8/40  coverage=0.4162  prec@K=0.0195  accepted=36  loss=nan  (0.1s)
Round    9/40  coverage=0.4175  prec@K=0.0145  accepted=27  loss=nan  (0.1s)
Round   10/40  coverage=0.4196  prec@K=0.0227  accepted=42  loss=nan  (0.1s)
Round   11/40  coverage=0.4219  prec@K=0.0247  accepted=46  loss=nan  (0.2s)
Round   12/40  coverage=0.4236  prec@K=0.0196  accepted=36  loss=nan  (0.1s)
Round   13/40  coverage=0.4254  prec@K=0.0195  accepted=36  loss=nan  (0.1s)
Round   14/40  coverage=0.4267  prec@K=0.0147  accepted=27  loss=nan  (0.1s)
Round   15/40  coverage=0.4285  prec@K=0.0189  accepted=35  loss=nan  (0.1s)
Round   16/40  coverage=0.4307  prec@K=0.0247  accepted=46  loss=nan  (0.1s)
Round   17/40  coverage=0.4323  prec@K=0.0173  accepted=32  loss=nan  (0.1s)
Round   18/40  coverage=0.4342  prec@K=0.0211  accepted=39  loss=nan  (0.1s)
Round   19/40  coverage=0.4359  prec@K=0.0191  accepted=35  loss=nan  (0.1s)
Round   20/40  coverage=0.4379  prec@K=0.0212  accepted=39  loss=nan  (0.1s)
Round   21/40  coverage=0.4393  prec@K=0.0159  accepted=29  loss=nan  (0.3s)
Round   22/40  coverage=0.4412  prec@K=0.0215  accepted=39  loss=nan  (0.1s)
Round   23/40  coverage=0.4432  prec@K=0.0223  accepted=41  loss=nan  (0.1s)
Round   24/40  coverage=0.4444  prec@K=0.0129  accepted=24  loss=nan  (0.1s)
Round   25/40  coverage=0.4459  prec@K=0.0164  accepted=30  loss=nan  (0.1s)
Round   26/40  coverage=0.4474  prec@K=0.0167  accepted=31  loss=nan  (0.1s)
Round   27/40  coverage=0.4484  prec@K=0.0103  accepted=19  loss=nan  (0.1s)
Round   28/40  coverage=0.4500  prec@K=0.0177  accepted=33  loss=nan  (0.1s)
Round   29/40  coverage=0.4513  prec@K=0.0144  accepted=27  loss=nan  (0.1s)
Round   30/40  coverage=0.4526  prec@K=0.0134  accepted=25  loss=nan  (0.1s)
Round   31/40  coverage=0.4549  prec@K=0.0260  accepted=48  loss=nan  (0.3s)
Round   32/40  coverage=0.4564  prec@K=0.0166  accepted=31  loss=nan  (0.1s)
Round   33/40  coverage=0.4578  prec@K=0.0150  accepted=28  loss=nan  (0.1s)
Round   34/40  coverage=0.4590  prec@K=0.0124  accepted=23  loss=nan  (0.1s)
Round   35/40  coverage=0.4601  prec@K=0.0126  accepted=23  loss=nan  (0.2s)
Round   36/40  coverage=0.4614  prec@K=0.0141  accepted=26  loss=nan  (0.1s)
Round   37/40  coverage=0.4625  prec@K=0.0124  accepted=23  loss=nan  (0.1s)
Round   38/40  coverage=0.4641  prec@K=0.0179  accepted=33  loss=nan  (0.1s)
Round   39/40  coverage=0.4660  prec@K=0.0201  accepted=37  loss=nan  (0.1s)
Round   40/40  coverage=0.4674  prec@K=0.0157  accepted=29  loss=nan  (0.1s)

˝áąűŇŃĐ´Čë results\online\init_ratio_sweep_college_msg\r040_random/rounds.csv
