C:\conda\envs\gnn\lib\site-packages\requests\__init__.py:86: RequestsDependencyWarning: Unable to find acceptable character detection dependency (chardet or charset_normalizer).
  warnings.warn(
C:\conda\envs\gnn\lib\site-packages\outdated\__init__.py:36: UserWarning: pkg_resources is deprecated as an API. See https://setuptools.pypa.io/en/latest/pkg_resources.html. The pkg_resources package is slated for removal as early as 2025-11-30. Refrain from using this package or pin to Setuptools<81.
  from pkg_resources import parse_version
Round    1/30  coverage=0.4001  prec@K=0.0051  accepted=12  loss=0.6453  (4.1s)
Round    2/30  coverage=0.4001  prec@K=0.0051  accepted=12  loss=0.6447  (1.5s)
Round    3/30  coverage=0.4002  prec@K=0.0079  accepted=19  loss=0.6440  (1.3s)
Round    4/30  coverage=0.4003  prec@K=0.0067  accepted=16  loss=0.6389  (1.3s)
Round    5/30  coverage=0.4004  prec@K=0.0097  accepted=23  loss=0.6340  (1.3s)
Round    6/30  coverage=0.4004  prec@K=0.0046  accepted=11  loss=0.6276  (1.4s)
Round    7/30  coverage=0.4005  prec@K=0.0081  accepted=19  loss=0.6215  (1.7s)
Round    8/30  coverage=0.4005  prec@K=0.0055  accepted=13  loss=0.6141  (1.7s)
Round    9/30  coverage=0.4006  prec@K=0.0071  accepted=17  loss=0.6111  (2.0s)
Round   10/30  coverage=0.4007  prec@K=0.0080  accepted=19  loss=0.6052  (1.4s)
Round   11/30  coverage=0.4007  prec@K=0.0042  accepted=10  loss=0.5974  (3.4s)
Round   12/30  coverage=0.4008  prec@K=0.0062  accepted=15  loss=0.5950  (1.9s)
Round   13/30  coverage=0.4009  prec@K=0.0067  accepted=16  loss=0.5914  (1.5s)
Round   14/30  coverage=0.4010  prec@K=0.0071  accepted=17  loss=0.5864  (2.3s)
Round   15/30  coverage=0.4010  prec@K=0.0075  accepted=18  loss=0.5864  (2.0s)
Round   16/30  coverage=0.4011  prec@K=0.0066  accepted=16  loss=0.5815  (2.1s)
Round   17/30  coverage=0.4011  prec@K=0.0021  accepted=5  loss=0.5755  (1.7s)
Round   18/30  coverage=0.4012  prec@K=0.0063  accepted=15  loss=0.5768  (1.6s)
Round   19/30  coverage=0.4013  prec@K=0.0059  accepted=14  loss=0.5741  (1.8s)
Round   20/30  coverage=0.4013  prec@K=0.0063  accepted=15  loss=0.5744  (1.7s)
Round   21/30  coverage=0.4014  prec@K=0.0077  accepted=18  loss=0.5744  (3.9s)
Round   22/30  coverage=0.4015  prec@K=0.0083  accepted=20  loss=0.5736  (3.5s)
Round   23/30  coverage=0.4016  prec@K=0.0101  accepted=24  loss=0.5735  (3.4s)
Round   24/30  coverage=0.4017  prec@K=0.0071  accepted=17  loss=0.5723  (2.9s)
Round   25/30  coverage=0.4017  prec@K=0.0075  accepted=18  loss=0.5724  (2.6s)
Round   26/30  coverage=0.4018  prec@K=0.0067  accepted=16  loss=0.5713  (2.4s)
Round   27/30  coverage=0.4018  prec@K=0.0025  accepted=6  loss=0.5675  (1.6s)
Round   28/30  coverage=0.4019  prec@K=0.0070  accepted=17  loss=0.5715  (2.5s)
Round   29/30  coverage=0.4020  prec@K=0.0062  accepted=15  loss=0.5714  (1.5s)
Round   30/30  coverage=0.4021  prec@K=0.0067  accepted=16  loss=0.5703  (1.3s)

结果已写入 results\online\algo_sweep_sx_mathoverflow_v2_ir40_s42\sx_mathoverflow_gnn_sum_h8/rounds.csv
