C:\conda\envs\gnn\lib\site-packages\requests\__init__.py:86: RequestsDependencyWarning: Unable to find acceptable character detection dependency (chardet or charset_normalizer).
  warnings.warn(
C:\conda\envs\gnn\lib\site-packages\outdated\__init__.py:36: UserWarning: pkg_resources is deprecated as an API. See https://setuptools.pypa.io/en/latest/pkg_resources.html. The pkg_resources package is slated for removal as early as 2025-11-30. Refrain from using this package or pin to Setuptools<81.
  from pkg_resources import parse_version
Round    1/30  coverage=0.4000  prec@K=0.0021  accepted=5  loss=0.6728  (5.8s)
Round    2/30  coverage=0.4001  prec@K=0.0051  accepted=12  loss=0.6625  (1.4s)
Round    3/30  coverage=0.4001  prec@K=0.0054  accepted=13  loss=0.6413  (4.8s)
Round    4/30  coverage=0.4002  prec@K=0.0046  accepted=11  loss=0.6158  (2.4s)
Round    5/30  coverage=0.4003  prec@K=0.0076  accepted=18  loss=0.5826  (4.8s)
Round    6/30  coverage=0.4003  prec@K=0.0021  accepted=5  loss=0.5403  (3.0s)
Round    7/30  coverage=0.4003  prec@K=0.0042  accepted=10  loss=0.4981  (4.9s)
Round    8/30  coverage=0.4004  prec@K=0.0034  accepted=8  loss=0.4540  (3.2s)
Round    9/30  coverage=0.4004  prec@K=0.0029  accepted=7  loss=0.4109  (3.4s)
Round   10/30  coverage=0.4004  prec@K=0.0038  accepted=9  loss=0.3758  (2.7s)
Round   11/30  coverage=0.4005  prec@K=0.0021  accepted=5  loss=0.3349  (4.3s)
Round   12/30  coverage=0.4005  prec@K=0.0037  accepted=9  loss=0.2994  (1.9s)
Round   13/30  coverage=0.4005  prec@K=0.0046  accepted=11  loss=0.2706  (1.9s)
Round   14/30  coverage=0.4006  prec@K=0.0029  accepted=7  loss=0.2307  (1.8s)
Round   15/30  coverage=0.4006  prec@K=0.0017  accepted=4  loss=0.1997  (2.1s)
Round   16/30  coverage=0.4006  prec@K=0.0029  accepted=7  loss=0.1871  (2.1s)
Round   17/30  coverage=0.4006  prec@K=0.0017  accepted=4  loss=0.1665  (3.2s)
Round   18/30  coverage=0.4007  prec@K=0.0021  accepted=5  loss=0.1471  (2.0s)
Round   19/30  coverage=0.4007  prec@K=0.0042  accepted=10  loss=0.1402  (2.0s)
Round   20/30  coverage=0.4007  prec@K=0.0034  accepted=8  loss=0.1291  (2.2s)
Round   21/30  coverage=0.4008  prec@K=0.0030  accepted=7  loss=0.1185  (5.4s)
Round   22/30  coverage=0.4008  prec@K=0.0042  accepted=10  loss=0.1167  (2.2s)
Round   23/30  coverage=0.4009  prec@K=0.0059  accepted=14  loss=0.1194  (3.2s)
Round   24/30  coverage=0.4009  prec@K=0.0013  accepted=3  loss=0.0906  (2.3s)
Round   25/30  coverage=0.4009  prec@K=0.0021  accepted=5  loss=0.0912  (3.1s)
Round   26/30  coverage=0.4010  prec@K=0.0042  accepted=10  loss=0.1021  (2.5s)
Round   27/30  coverage=0.4010  prec@K=0.0021  accepted=5  loss=0.0891  (2.7s)
Round   28/30  coverage=0.4010  prec@K=0.0033  accepted=8  loss=0.0989  (2.6s)
Round   29/30  coverage=0.4010  prec@K=0.0037  accepted=9  loss=0.1046  (3.2s)
Round   30/30  coverage=0.4011  prec@K=0.0046  accepted=11  loss=0.1027  (4.2s)

结果已写入 results\online\algo_sweep_sx_mathoverflow_v2_ir40_s42\sx_mathoverflow_gnn_concat/rounds.csv
