C:\conda\envs\gnn\lib\site-packages\requests\__init__.py:86: RequestsDependencyWarning: Unable to find acceptable character detection dependency (chardet or charset_normalizer).
  warnings.warn(
C:\conda\envs\gnn\lib\site-packages\outdated\__init__.py:36: UserWarning: pkg_resources is deprecated as an API. See https://setuptools.pypa.io/en/latest/pkg_resources.html. The pkg_resources package is slated for removal as early as 2025-11-30. Refrain from using this package or pin to Setuptools<81.
  from pkg_resources import parse_version
Round    1/30  coverage=0.4002  prec@K=0.0148  accepted=35  loss=nan  (2.6s)
Round    2/30  coverage=0.4003  prec@K=0.0144  accepted=34  loss=nan  (0.2s)
Round    3/30  coverage=0.4005  prec@K=0.0146  accepted=35  loss=nan  (0.2s)
Round    4/30  coverage=0.4006  prec@K=0.0125  accepted=30  loss=nan  (0.2s)
Round    5/30  coverage=0.4008  prec@K=0.0215  accepted=51  loss=nan  (0.2s)
Round    6/30  coverage=0.4010  prec@K=0.0134  accepted=32  loss=nan  (0.3s)
Round    7/30  coverage=0.4012  prec@K=0.0242  accepted=57  loss=nan  (0.3s)
Round    8/30  coverage=0.4015  prec@K=0.0259  accepted=61  loss=nan  (0.3s)
Round    9/30  coverage=0.4016  prec@K=0.0163  accepted=39  loss=nan  (0.3s)
Round   10/30  coverage=0.4018  prec@K=0.0185  accepted=44  loss=nan  (0.3s)
Round   11/30  coverage=0.4020  prec@K=0.0143  accepted=34  loss=nan  (2.7s)
Round   12/30  coverage=0.4022  prec@K=0.0179  accepted=43  loss=nan  (0.4s)
Round   13/30  coverage=0.4023  prec@K=0.0146  accepted=35  loss=nan  (0.4s)
Round   14/30  coverage=0.4025  prec@K=0.0197  accepted=47  loss=nan  (0.4s)
Round   15/30  coverage=0.4027  prec@K=0.0201  accepted=48  loss=nan  (0.4s)
Round   16/30  coverage=0.4029  prec@K=0.0189  accepted=46  loss=nan  (0.5s)
Round   17/30  coverage=0.4030  prec@K=0.0080  accepted=19  loss=nan  (0.5s)
Round   18/30  coverage=0.4031  prec@K=0.0114  accepted=27  loss=nan  (0.5s)
Round   19/30  coverage=0.4033  prec@K=0.0194  accepted=46  loss=nan  (0.5s)
Round   20/30  coverage=0.4035  prec@K=0.0138  accepted=33  loss=nan  (0.5s)
Round   21/30  coverage=0.4036  prec@K=0.0132  accepted=31  loss=nan  (3.0s)
Round   22/30  coverage=0.4038  prec@K=0.0158  accepted=38  loss=nan  (0.5s)
Round   23/30  coverage=0.4041  prec@K=0.0282  accepted=67  loss=nan  (0.6s)
Round   24/30  coverage=0.4042  prec@K=0.0092  accepted=22  loss=nan  (0.6s)
Round   25/30  coverage=0.4043  prec@K=0.0150  accepted=36  loss=nan  (0.6s)
Round   26/30  coverage=0.4045  prec@K=0.0150  accepted=36  loss=nan  (0.7s)
Round   27/30  coverage=0.4046  prec@K=0.0115  accepted=28  loss=nan  (0.7s)
Round   28/30  coverage=0.4048  prec@K=0.0178  accepted=43  loss=nan  (0.7s)
Round   29/30  coverage=0.4050  prec@K=0.0145  accepted=35  loss=nan  (0.7s)
Round   30/30  coverage=0.4051  prec@K=0.0150  accepted=36  loss=nan  (0.6s)

结果已写入 results\online\algo_sweep_sx_mathoverflow_v2_ir40_s42\sx_mathoverflow_ground_truth/rounds.csv
