C:\conda\envs\gnn\lib\site-packages\requests\__init__.py:86: RequestsDependencyWarning: Unable to find acceptable character detection dependency (chardet or charset_normalizer).
  warnings.warn(
C:\conda\envs\gnn\lib\site-packages\outdated\__init__.py:36: UserWarning: pkg_resources is deprecated as an API. See https://setuptools.pypa.io/en/latest/pkg_resources.html. The pkg_resources package is slated for removal as early as 2025-11-30. Refrain from using this package or pin to Setuptools<81.
  from pkg_resources import parse_version
Round    1/30  coverage=0.2501  prec@K=0.0056  accepted=41  loss=0.6666  (4.1s)
Round    2/30  coverage=0.2502  prec@K=0.0065  accepted=47  loss=0.6661  (2.3s)
Round    3/30  coverage=0.2502  prec@K=0.0038  accepted=28  loss=0.6656  (2.9s)
Round    4/30  coverage=0.2503  prec@K=0.0071  accepted=52  loss=0.6646  (3.3s)
Round    5/30  coverage=0.2504  prec@K=0.0067  accepted=49  loss=0.6647  (3.2s)
Round    6/30  coverage=0.2505  prec@K=0.0060  accepted=44  loss=0.6634  (3.8s)
Round    7/30  coverage=0.2506  prec@K=0.0053  accepted=39  loss=0.6602  (4.2s)
Round    8/30  coverage=0.2507  prec@K=0.0074  accepted=54  loss=0.6596  (5.0s)
Round    9/30  coverage=0.2508  prec@K=0.0047  accepted=35  loss=0.6579  (5.6s)
Round   10/30  coverage=0.2508  prec@K=0.0051  accepted=37  loss=0.6580  (5.7s)
Round   11/30  coverage=0.2509  prec@K=0.0050  accepted=37  loss=0.6583  (8.4s)
Round   12/30  coverage=0.2510  prec@K=0.0055  accepted=40  loss=0.6579  (7.5s)
Round   13/30  coverage=0.2510  prec@K=0.0050  accepted=37  loss=0.6572  (7.4s)
Round   14/30  coverage=0.2511  prec@K=0.0059  accepted=43  loss=0.6537  (8.6s)
Round   15/30  coverage=0.2512  prec@K=0.0073  accepted=53  loss=0.6533  (8.6s)
Round   16/30  coverage=0.2513  prec@K=0.0057  accepted=42  loss=0.6529  (9.6s)
Round   17/30  coverage=0.2514  prec@K=0.0055  accepted=40  loss=0.6535  (12.3s)
Round   18/30  coverage=0.2515  prec@K=0.0054  accepted=39  loss=0.6498  (11.4s)
Round   19/30  coverage=0.2516  prec@K=0.0068  accepted=50  loss=0.6506  (12.3s)
Round   20/30  coverage=0.2516  prec@K=0.0058  accepted=43  loss=0.6495  (13.4s)
Round   21/30  coverage=0.2518  prec@K=0.0075  accepted=55  loss=0.6496  (15.4s)
Round   22/30  coverage=0.2518  prec@K=0.0070  accepted=51  loss=0.6468  (14.1s)
Round   23/30  coverage=0.2520  prec@K=0.0087  accepted=64  loss=0.6479  (15.8s)
Round   24/30  coverage=0.2521  prec@K=0.0063  accepted=46  loss=0.6464  (16.0s)
Round   25/30  coverage=0.2521  prec@K=0.0059  accepted=44  loss=0.6437  (16.9s)
Round   26/30  coverage=0.2522  prec@K=0.0065  accepted=48  loss=0.6432  (17.9s)
Round   27/30  coverage=0.2523  prec@K=0.0058  accepted=42  loss=0.6424  (17.6s)
Round   28/30  coverage=0.2524  prec@K=0.0082  accepted=60  loss=0.6431  (18.3s)
Round   29/30  coverage=0.2525  prec@K=0.0064  accepted=47  loss=0.6412  (18.6s)
Round   30/30  coverage=0.2526  prec@K=0.0060  accepted=44  loss=0.6393  (19.0s)

结果已写入 results\online\algo_sweep_slashdot_v2_s0\slashdot_mlp/rounds.csv
