C:\conda\envs\gnn\lib\site-packages\requests\__init__.py:86: RequestsDependencyWarning: Unable to find acceptable character detection dependency (chardet or charset_normalizer).
  warnings.warn(
C:\conda\envs\gnn\lib\site-packages\outdated\__init__.py:36: UserWarning: pkg_resources is deprecated as an API. See https://setuptools.pypa.io/en/latest/pkg_resources.html. The pkg_resources package is slated for removal as early as 2025-11-30. Refrain from using this package or pin to Setuptools<81.
  from pkg_resources import parse_version
Round    1/30  coverage=0.2501  prec@K=0.0039  accepted=28  loss=0.6720  (9.2s)
Round    2/30  coverage=0.2501  prec@K=0.0025  accepted=18  loss=0.6630  (7.8s)
Round    3/30  coverage=0.2501  prec@K=0.0022  accepted=16  loss=0.6465  (9.8s)
Round    4/30  coverage=0.2502  prec@K=0.0033  accepted=24  loss=0.6219  (9.2s)
Round    5/30  coverage=0.2502  prec@K=0.0037  accepted=27  loss=0.5941  (12.4s)
Round    6/30  coverage=0.2503  prec@K=0.0030  accepted=22  loss=0.5627  (7.2s)
Round    7/30  coverage=0.2503  prec@K=0.0030  accepted=22  loss=0.5314  (8.4s)
Round    8/30  coverage=0.2503  prec@K=0.0030  accepted=22  loss=0.5014  (9.0s)
Round    9/30  coverage=0.2504  prec@K=0.0009  accepted=7  loss=0.4667  (11.1s)
Round   10/30  coverage=0.2504  prec@K=0.0022  accepted=16  loss=0.4347  (12.3s)
Round   11/30  coverage=0.2504  prec@K=0.0019  accepted=14  loss=0.3983  (14.2s)
Round   12/30  coverage=0.2504  prec@K=0.0011  accepted=8  loss=0.3625  (11.6s)
Round   13/30  coverage=0.2505  prec@K=0.0035  accepted=26  loss=0.3452  (12.9s)
Round   14/30  coverage=0.2505  prec@K=0.0014  accepted=10  loss=0.2997  (13.0s)
Round   15/30  coverage=0.2505  prec@K=0.0025  accepted=18  loss=0.2760  (13.4s)
Round   16/30  coverage=0.2506  prec@K=0.0022  accepted=16  loss=0.2600  (17.9s)
Round   17/30  coverage=0.2506  prec@K=0.0019  accepted=14  loss=0.2319  (14.8s)
Round   18/30  coverage=0.2506  prec@K=0.0008  accepted=6  loss=0.2051  (15.4s)
Round   19/30  coverage=0.2506  prec@K=0.0025  accepted=18  loss=0.1996  (16.4s)
Round   20/30  coverage=0.2507  prec@K=0.0022  accepted=16  loss=0.1874  (17.2s)
Round   21/30  coverage=0.2507  prec@K=0.0016  accepted=12  loss=0.1676  (19.4s)
Round   22/30  coverage=0.2507  prec@K=0.0019  accepted=14  loss=0.1637  (18.9s)
Round   23/30  coverage=0.2508  prec@K=0.0041  accepted=30  loss=0.1757  (19.3s)
Round   24/30  coverage=0.2508  prec@K=0.0014  accepted=10  loss=0.1442  (19.7s)
Round   25/30  coverage=0.2508  prec@K=0.0019  accepted=14  loss=0.1471  (20.8s)
Round   26/30  coverage=0.2508  prec@K=0.0015  accepted=11  loss=0.1391  (21.2s)
Round   27/30  coverage=0.2509  prec@K=0.0022  accepted=16  loss=0.1463  (22.4s)
Round   28/30  coverage=0.2509  prec@K=0.0016  accepted=12  loss=0.1370  (23.1s)
Round   29/30  coverage=0.2509  prec@K=0.0018  accepted=13  loss=0.1375  (23.8s)
Round   30/30  coverage=0.2510  prec@K=0.0025  accepted=18  loss=0.1437  (25.0s)

结果已写入 results\online\algo_sweep_slashdot_v2_s0\slashdot_gnn_sum/rounds.csv
