C:\conda\envs\gnn\lib\site-packages\requests\__init__.py:86: RequestsDependencyWarning: Unable to find acceptable character detection dependency (chardet or charset_normalizer).
  warnings.warn(
C:\conda\envs\gnn\lib\site-packages\outdated\__init__.py:36: UserWarning: pkg_resources is deprecated as an API. See https://setuptools.pypa.io/en/latest/pkg_resources.html. The pkg_resources package is slated for removal as early as 2025-11-30. Refrain from using this package or pin to Setuptools<81.
  from pkg_resources import parse_version
Round    1/30  coverage=0.4002  prec@K=0.0149  accepted=108  loss=nan  (4.9s)
Round    2/30  coverage=0.4004  prec@K=0.0125  accepted=91  loss=nan  (1.8s)
Round    3/30  coverage=0.4006  prec@K=0.0165  accepted=120  loss=nan  (2.2s)
Round    4/30  coverage=0.4008  prec@K=0.0149  accepted=107  loss=nan  (2.7s)
Round    5/30  coverage=0.4010  prec@K=0.0119  accepted=87  loss=nan  (2.8s)
Round    6/30  coverage=0.4012  prec@K=0.0150  accepted=110  loss=nan  (3.1s)
Round    7/30  coverage=0.4014  prec@K=0.0123  accepted=90  loss=nan  (3.3s)
Round    8/30  coverage=0.4016  prec@K=0.0170  accepted=125  loss=nan  (4.5s)
Round    9/30  coverage=0.4019  prec@K=0.0172  accepted=125  loss=nan  (5.2s)
Round   10/30  coverage=0.4021  prec@K=0.0148  accepted=108  loss=nan  (5.9s)
Round   11/30  coverage=0.4022  prec@K=0.0114  accepted=82  loss=nan  (10.0s)
Round   12/30  coverage=0.4025  prec@K=0.0184  accepted=134  loss=nan  (7.1s)
Round   13/30  coverage=0.4027  prec@K=0.0156  accepted=113  loss=nan  (7.3s)
Round   14/30  coverage=0.4029  prec@K=0.0161  accepted=117  loss=nan  (8.3s)
Round   15/30  coverage=0.4031  prec@K=0.0136  accepted=100  loss=nan  (8.9s)
Round   16/30  coverage=0.4033  prec@K=0.0107  accepted=78  loss=nan  (9.4s)
Round   17/30  coverage=0.4034  prec@K=0.0100  accepted=73  loss=nan  (10.0s)
Round   18/30  coverage=0.4036  prec@K=0.0136  accepted=98  loss=nan  (10.4s)
Round   19/30  coverage=0.4038  prec@K=0.0154  accepted=111  loss=nan  (10.9s)
Round   20/30  coverage=0.4040  prec@K=0.0106  accepted=77  loss=nan  (11.5s)
Round   21/30  coverage=0.4042  prec@K=0.0138  accepted=101  loss=nan  (15.6s)
Round   22/30  coverage=0.4043  prec@K=0.0106  accepted=77  loss=nan  (13.3s)
Round   23/30  coverage=0.4045  prec@K=0.0149  accepted=108  loss=nan  (13.3s)
Round   24/30  coverage=0.4047  prec@K=0.0127  accepted=92  loss=nan  (14.7s)
Round   25/30  coverage=0.4049  prec@K=0.0116  accepted=84  loss=nan  (14.6s)
Round   26/30  coverage=0.4050  prec@K=0.0125  accepted=91  loss=nan  (15.5s)
Round   27/30  coverage=0.4053  prec@K=0.0163  accepted=119  loss=nan  (17.0s)
Round   28/30  coverage=0.4055  prec@K=0.0138  accepted=101  loss=nan  (16.5s)
Round   29/30  coverage=0.4057  prec@K=0.0153  accepted=111  loss=nan  (16.7s)
Round   30/30  coverage=0.4059  prec@K=0.0148  accepted=108  loss=nan  (17.7s)

结果已写入 results\online\algo_sweep_slashdot_v2_ir40_s3\slashdot_ground_truth/rounds.csv
