C:\conda\envs\gnn\lib\site-packages\requests\__init__.py:86: RequestsDependencyWarning: Unable to find acceptable character detection dependency (chardet or charset_normalizer).
  warnings.warn(
C:\conda\envs\gnn\lib\site-packages\outdated\__init__.py:36: UserWarning: pkg_resources is deprecated as an API. See https://setuptools.pypa.io/en/latest/pkg_resources.html. The pkg_resources package is slated for removal as early as 2025-11-30. Refrain from using this package or pin to Setuptools<81.
  from pkg_resources import parse_version
Round    1/30  coverage=0.4001  prec@K=0.0039  accepted=28  loss=0.7531  (16.7s)
Round    2/30  coverage=0.4001  prec@K=0.0029  accepted=21  loss=0.7449  (6.7s)
Round    3/30  coverage=0.4001  prec@K=0.0039  accepted=28  loss=0.7291  (11.3s)
Round    4/30  coverage=0.4002  prec@K=0.0026  accepted=19  loss=0.7033  (16.9s)
Round    5/30  coverage=0.4002  prec@K=0.0037  accepted=27  loss=0.6709  (17.9s)
Round    6/30  coverage=0.4003  prec@K=0.0011  accepted=8  loss=0.6308  (14.0s)
Round    7/30  coverage=0.4003  prec@K=0.0027  accepted=20  loss=0.5988  (13.3s)
Round    8/30  coverage=0.4003  prec@K=0.0030  accepted=22  loss=0.5594  (21.4s)
Round    9/30  coverage=0.4004  prec@K=0.0021  accepted=15  loss=0.5205  (20.7s)
Round   10/30  coverage=0.4004  prec@K=0.0041  accepted=30  loss=0.4850  (19.6s)
Round   11/30  coverage=0.4005  prec@K=0.0022  accepted=16  loss=0.4464  (23.0s)
Round   12/30  coverage=0.4005  prec@K=0.0037  accepted=27  loss=0.4071  (21.4s)
Round   13/30  coverage=0.4005  prec@K=0.0029  accepted=21  loss=0.3745  (24.9s)
Round   14/30  coverage=0.4006  prec@K=0.0026  accepted=19  loss=0.3399  (30.3s)
Round   15/30  coverage=0.4006  prec@K=0.0010  accepted=7  loss=0.2987  (28.1s)
Round   16/30  coverage=0.4006  prec@K=0.0027  accepted=20  loss=0.2828  (34.2s)
Round   17/30  coverage=0.4007  prec@K=0.0014  accepted=10  loss=0.2470  (36.7s)
Round   18/30  coverage=0.4007  prec@K=0.0015  accepted=11  loss=0.2191  (34.9s)
Round   19/30  coverage=0.4007  prec@K=0.0017  accepted=12  loss=0.2041  (34.0s)
Round   20/30  coverage=0.4007  prec@K=0.0018  accepted=13  loss=0.1903  (38.8s)
Round   21/30  coverage=0.4008  prec@K=0.0025  accepted=18  loss=0.1826  (19.7s)
Round   22/30  coverage=0.4008  prec@K=0.0022  accepted=16  loss=0.1674  (17.0s)
Round   23/30  coverage=0.4008  prec@K=0.0018  accepted=13  loss=0.1593  (16.1s)
Round   24/30  coverage=0.4008  prec@K=0.0024  accepted=17  loss=0.1523  (20.9s)
Round   25/30  coverage=0.4009  prec@K=0.0022  accepted=16  loss=0.1517  (17.6s)
Round   26/30  coverage=0.4009  prec@K=0.0015  accepted=11  loss=0.1384  (19.3s)
Round   27/30  coverage=0.4009  prec@K=0.0019  accepted=14  loss=0.1411  (20.9s)
Round   28/30  coverage=0.4010  prec@K=0.0022  accepted=16  loss=0.1383  (24.4s)
Round   29/30  coverage=0.4010  prec@K=0.0021  accepted=15  loss=0.1363  (25.1s)
Round   30/30  coverage=0.4010  prec@K=0.0030  accepted=22  loss=0.1477  (25.6s)

结果已写入 results\online\algo_sweep_slashdot_v2_ir40_s3\slashdot_gnn_sum/rounds.csv
