C:\conda\envs\gnn\lib\site-packages\requests\__init__.py:86: RequestsDependencyWarning: Unable to find acceptable character detection dependency (chardet or charset_normalizer).
  warnings.warn(
C:\conda\envs\gnn\lib\site-packages\outdated\__init__.py:36: UserWarning: pkg_resources is deprecated as an API. See https://setuptools.pypa.io/en/latest/pkg_resources.html. The pkg_resources package is slated for removal as early as 2025-11-30. Refrain from using this package or pin to Setuptools<81.
  from pkg_resources import parse_version
Round    1/30  coverage=0.2551  prec@K=0.0515  accepted=242  loss=0.6535  (1.2s)
Round    2/30  coverage=0.2602  prec@K=0.0506  accepted=238  loss=0.6514  (0.7s)
Round    3/30  coverage=0.2645  prec@K=0.0428  accepted=202  loss=0.6493  (0.9s)
Round    4/30  coverage=0.2691  prec@K=0.0476  accepted=220  loss=0.6468  (0.9s)
Round    5/30  coverage=0.2746  prec@K=0.0543  accepted=259  loss=0.6473  (0.9s)
Round    6/30  coverage=0.2791  prec@K=0.0443  accepted=212  loss=0.6376  (1.0s)
Round    7/30  coverage=0.2836  prec@K=0.0446  accepted=213  loss=0.6327  (1.0s)
Round    8/30  coverage=0.2875  prec@K=0.0380  accepted=184  loss=0.6275  (1.1s)
Round    9/30  coverage=0.2920  prec@K=0.0448  accepted=211  loss=0.6252  (1.1s)
Round   10/30  coverage=0.2960  prec@K=0.0399  accepted=190  loss=0.6186  (1.2s)
Round   11/30  coverage=0.2995  prec@K=0.0346  accepted=165  loss=0.6126  (1.3s)
Round   12/30  coverage=0.3031  prec@K=0.0348  accepted=167  loss=0.6075  (1.2s)
Round   13/30  coverage=0.3068  prec@K=0.0365  accepted=176  loss=0.6065  (1.4s)
Round   14/30  coverage=0.3104  prec@K=0.0347  accepted=167  loss=0.6022  (1.4s)
Round   15/30  coverage=0.3143  prec@K=0.0383  accepted=186  loss=0.5997  (1.6s)
Round   16/30  coverage=0.3181  prec@K=0.0378  accepted=181  loss=0.5982  (1.9s)
Round   17/30  coverage=0.3225  prec@K=0.0417  accepted=204  loss=0.5991  (1.9s)
Round   18/30  coverage=0.3256  prec@K=0.0302  accepted=146  loss=0.5911  (1.7s)
Round   19/30  coverage=0.3287  prec@K=0.0314  accepted=149  loss=0.5902  (1.7s)
Round   20/30  coverage=0.3326  prec@K=0.0370  accepted=181  loss=0.5917  (1.8s)
Round   21/30  coverage=0.3358  prec@K=0.0314  accepted=152  loss=0.5900  (2.2s)
Round   22/30  coverage=0.3387  prec@K=0.0280  accepted=136  loss=0.5856  (2.0s)
Round   23/30  coverage=0.3411  prec@K=0.0241  accepted=116  loss=0.5837  (2.1s)
Round   24/30  coverage=0.3442  prec@K=0.0304  accepted=146  loss=0.5869  (1.7s)
Round   25/30  coverage=0.3474  prec@K=0.0305  accepted=151  loss=0.5878  (1.9s)
Round   26/30  coverage=0.3501  prec@K=0.0258  accepted=125  loss=0.5825  (1.9s)
Round   27/30  coverage=0.3525  prec@K=0.0237  accepted=114  loss=0.5834  (2.0s)
Round   28/30  coverage=0.3548  prec@K=0.0221  accepted=107  loss=0.5820  (1.8s)
Round   29/30  coverage=0.3566  prec@K=0.0181  accepted=87  loss=0.5796  (1.9s)
Round   30/30  coverage=0.3590  prec@K=0.0228  accepted=110  loss=0.5810  (1.9s)

结果已写入 results\online\algo_sweep_advogato_v2\advogato_gnn_sum_h8/rounds.csv
