C:\conda\envs\gnn\lib\site-packages\requests\__init__.py:86: RequestsDependencyWarning: Unable to find acceptable character detection dependency (chardet or charset_normalizer).
  warnings.warn(
C:\conda\envs\gnn\lib\site-packages\outdated\__init__.py:36: UserWarning: pkg_resources is deprecated as an API. See https://setuptools.pypa.io/en/latest/pkg_resources.html. The pkg_resources package is slated for removal as early as 2025-11-30. Refrain from using this package or pin to Setuptools<81.
  from pkg_resources import parse_version
Round    1/30  coverage=0.2501  prec@K=0.0053  accepted=38  loss=0.6537  (8.2s)
Round    2/30  coverage=0.2501  prec@K=0.0030  accepted=22  loss=0.6495  (4.3s)
Round    3/30  coverage=0.2502  prec@K=0.0040  accepted=29  loss=0.6435  (6.9s)
Round    4/30  coverage=0.2502  prec@K=0.0030  accepted=22  loss=0.6323  (9.0s)
Round    5/30  coverage=0.2503  prec@K=0.0034  accepted=25  loss=0.6182  (15.9s)
Round    6/30  coverage=0.2503  prec@K=0.0023  accepted=17  loss=0.5988  (12.1s)
Round    7/30  coverage=0.2503  prec@K=0.0036  accepted=26  loss=0.5830  (5.7s)
Round    8/30  coverage=0.2504  prec@K=0.0027  accepted=20  loss=0.5642  (7.8s)
Round    9/30  coverage=0.2504  prec@K=0.0022  accepted=16  loss=0.5472  (8.0s)
Round   10/30  coverage=0.2505  prec@K=0.0030  accepted=22  loss=0.5334  (7.9s)
Round   11/30  coverage=0.2505  prec@K=0.0016  accepted=12  loss=0.5142  (17.2s)
Round   12/30  coverage=0.2505  prec@K=0.0030  accepted=22  loss=0.4994  (10.1s)
Round   13/30  coverage=0.2506  prec@K=0.0032  accepted=23  loss=0.4841  (10.7s)
Round   14/30  coverage=0.2506  prec@K=0.0026  accepted=19  loss=0.4630  (19.2s)
Round   15/30  coverage=0.2506  prec@K=0.0020  accepted=15  loss=0.4481  (12.1s)
Round   16/30  coverage=0.2507  prec@K=0.0022  accepted=16  loss=0.4343  (12.9s)
Round   17/30  coverage=0.2507  prec@K=0.0030  accepted=22  loss=0.4238  (20.0s)
Round   18/30  coverage=0.2507  prec@K=0.0022  accepted=16  loss=0.4043  (14.2s)
Round   19/30  coverage=0.2508  prec@K=0.0016  accepted=12  loss=0.3918  (14.7s)
Round   20/30  coverage=0.2508  prec@K=0.0021  accepted=15  loss=0.3817  (15.9s)
Round   21/30  coverage=0.2508  prec@K=0.0028  accepted=20  loss=0.3758  (17.8s)
Round   22/30  coverage=0.2509  prec@K=0.0021  accepted=15  loss=0.3637  (26.8s)
Round   23/30  coverage=0.2509  prec@K=0.0025  accepted=18  loss=0.3603  (17.4s)
Round   24/30  coverage=0.2509  prec@K=0.0029  accepted=21  loss=0.3561  (18.3s)
Round   25/30  coverage=0.2510  prec@K=0.0026  accepted=19  loss=0.3499  (23.6s)
Round   26/30  coverage=0.2510  prec@K=0.0029  accepted=21  loss=0.3488  (19.6s)
Round   27/30  coverage=0.2511  prec@K=0.0035  accepted=26  loss=0.3498  (22.1s)
Round   28/30  coverage=0.2511  prec@K=0.0030  accepted=22  loss=0.3454  (22.1s)
Round   29/30  coverage=0.2511  prec@K=0.0015  accepted=11  loss=0.3359  (22.6s)
Round   30/30  coverage=0.2512  prec@K=0.0033  accepted=24  loss=0.3458  (29.9s)

结果已写入 results\online\algo_sweep_slashdot_v2_s3\slashdot_gnn_h32/rounds.csv
