C:\conda\envs\gnn\lib\site-packages\requests\__init__.py:86: RequestsDependencyWarning: Unable to find acceptable character detection dependency (chardet or charset_normalizer).
  warnings.warn(
C:\conda\envs\gnn\lib\site-packages\outdated\__init__.py:36: UserWarning: pkg_resources is deprecated as an API. See https://setuptools.pypa.io/en/latest/pkg_resources.html. The pkg_resources package is slated for removal as early as 2025-11-30. Refrain from using this package or pin to Setuptools<81.
  from pkg_resources import parse_version
Round    1/30  coverage=0.2500  prec@K=0.0028  accepted=20  loss=0.7321  (3.9s)
Round    2/30  coverage=0.2501  prec@K=0.0025  accepted=18  loss=0.7316  (2.7s)
Round    3/30  coverage=0.2501  prec@K=0.0037  accepted=27  loss=0.7301  (2.7s)
Round    4/30  coverage=0.2502  prec@K=0.0023  accepted=17  loss=0.7293  (3.0s)
Round    5/30  coverage=0.2502  prec@K=0.0018  accepted=13  loss=0.7276  (3.4s)
Round    6/30  coverage=0.2502  prec@K=0.0012  accepted=9  loss=0.7255  (3.8s)
Round    7/30  coverage=0.2502  prec@K=0.0030  accepted=22  loss=0.7228  (4.2s)
Round    8/30  coverage=0.2503  prec@K=0.0023  accepted=17  loss=0.7207  (4.8s)
Round    9/30  coverage=0.2503  prec@K=0.0015  accepted=11  loss=0.7188  (5.4s)
Round   10/30  coverage=0.2503  prec@K=0.0032  accepted=23  loss=0.7162  (5.6s)
Round   11/30  coverage=0.2504  prec@K=0.0019  accepted=14  loss=0.7144  (8.4s)
Round   12/30  coverage=0.2504  prec@K=0.0034  accepted=25  loss=0.7120  (7.2s)
Round   13/30  coverage=0.2504  prec@K=0.0019  accepted=14  loss=0.7101  (7.7s)
Round   14/30  coverage=0.2505  prec@K=0.0016  accepted=12  loss=0.7082  (8.6s)
Round   15/30  coverage=0.2505  prec@K=0.0017  accepted=13  loss=0.7064  (9.1s)
Round   16/30  coverage=0.2505  prec@K=0.0019  accepted=14  loss=0.7046  (10.0s)
Round   17/30  coverage=0.2505  prec@K=0.0014  accepted=10  loss=0.7030  (10.7s)
Round   18/30  coverage=0.2506  prec@K=0.0010  accepted=7  loss=0.7015  (10.9s)
Round   19/30  coverage=0.2506  prec@K=0.0010  accepted=7  loss=0.7001  (11.9s)
Round   20/30  coverage=0.2506  prec@K=0.0005  accepted=4  loss=0.6990  (12.9s)
Round   21/30  coverage=0.2506  prec@K=0.0025  accepted=18  loss=0.6976  (14.6s)
Round   22/30  coverage=0.2506  prec@K=0.0012  accepted=9  loss=0.6971  (14.3s)
Round   23/30  coverage=0.2507  prec@K=0.0018  accepted=13  loss=0.6958  (14.3s)
Round   24/30  coverage=0.2507  prec@K=0.0024  accepted=17  loss=0.6952  (14.9s)
Round   25/30  coverage=0.2507  prec@K=0.0011  accepted=8  loss=0.6951  (15.6s)
Round   26/30  coverage=0.2507  prec@K=0.0015  accepted=11  loss=0.6946  (16.3s)
Round   27/30  coverage=0.2508  prec@K=0.0023  accepted=17  loss=0.6944  (18.8s)
Round   28/30  coverage=0.2508  prec@K=0.0018  accepted=13  loss=0.6943  (19.8s)
Round   29/30  coverage=0.2508  prec@K=0.0010  accepted=7  loss=0.6945  (20.3s)
Round   30/30  coverage=0.2508  prec@K=0.0026  accepted=19  loss=0.6940  (19.0s)

结果已写入 results\online\algo_sweep_slashdot_v2_s3\slashdot_node_emb/rounds.csv
