C:\conda\envs\gnn\lib\site-packages\requests\__init__.py:86: RequestsDependencyWarning: Unable to find acceptable character detection dependency (chardet or charset_normalizer).
  warnings.warn(
C:\conda\envs\gnn\lib\site-packages\outdated\__init__.py:36: UserWarning: pkg_resources is deprecated as an API. See https://setuptools.pypa.io/en/latest/pkg_resources.html. The pkg_resources package is slated for removal as early as 2025-11-30. Refrain from using this package or pin to Setuptools<81.
  from pkg_resources import parse_version
Round    1/30  coverage=0.2501  prec@K=0.0037  accepted=27  loss=nan  (3.7s)
Round    2/30  coverage=0.2501  prec@K=0.0021  accepted=15  loss=nan  (2.3s)
Round    3/30  coverage=0.2501  prec@K=0.0036  accepted=26  loss=nan  (2.9s)
Round    4/30  coverage=0.2502  prec@K=0.0036  accepted=26  loss=nan  (3.1s)
Round    5/30  coverage=0.2502  prec@K=0.0035  accepted=26  loss=nan  (3.6s)
Round    6/30  coverage=0.2503  prec@K=0.0023  accepted=17  loss=nan  (4.1s)
Round    7/30  coverage=0.2503  prec@K=0.0036  accepted=26  loss=nan  (4.6s)
Round    8/30  coverage=0.2504  prec@K=0.0030  accepted=22  loss=nan  (5.7s)
Round    9/30  coverage=0.2504  prec@K=0.0040  accepted=29  loss=nan  (6.8s)
Round   10/30  coverage=0.2505  prec@K=0.0032  accepted=23  loss=nan  (7.4s)
Round   11/30  coverage=0.2505  prec@K=0.0024  accepted=18  loss=nan  (9.7s)
Round   12/30  coverage=0.2506  prec@K=0.0049  accepted=36  loss=nan  (7.6s)
Round   13/30  coverage=0.2506  prec@K=0.0041  accepted=30  loss=nan  (8.9s)
Round   14/30  coverage=0.2507  prec@K=0.0034  accepted=25  loss=nan  (9.8s)
Round   15/30  coverage=0.2507  prec@K=0.0023  accepted=17  loss=nan  (10.6s)
Round   16/30  coverage=0.2507  prec@K=0.0015  accepted=11  loss=nan  (11.4s)
Round   17/30  coverage=0.2508  prec@K=0.0025  accepted=18  loss=nan  (11.8s)
Round   18/30  coverage=0.2508  prec@K=0.0025  accepted=18  loss=nan  (12.3s)
Round   19/30  coverage=0.2508  prec@K=0.0025  accepted=18  loss=nan  (13.3s)
Round   20/30  coverage=0.2509  prec@K=0.0023  accepted=17  loss=nan  (13.0s)
Round   21/30  coverage=0.2509  prec@K=0.0036  accepted=26  loss=nan  (16.5s)
Round   22/30  coverage=0.2509  prec@K=0.0018  accepted=13  loss=nan  (15.5s)
Round   23/30  coverage=0.2510  prec@K=0.0041  accepted=30  loss=nan  (15.8s)
Round   24/30  coverage=0.2510  prec@K=0.0038  accepted=27  loss=nan  (16.6s)
Round   25/30  coverage=0.2511  prec@K=0.0030  accepted=22  loss=nan  (18.4s)
Round   26/30  coverage=0.2511  prec@K=0.0026  accepted=19  loss=nan  (18.0s)
Round   27/30  coverage=0.2512  prec@K=0.0035  accepted=26  loss=nan  (19.3s)
Round   28/30  coverage=0.2512  prec@K=0.0034  accepted=25  loss=nan  (19.1s)
Round   29/30  coverage=0.2513  prec@K=0.0022  accepted=16  loss=nan  (20.2s)
Round   30/30  coverage=0.2513  prec@K=0.0039  accepted=28  loss=nan  (17.1s)

结果已写入 results\online\algo_sweep_slashdot_v2_s3\slashdot_random/rounds.csv
