C:\conda\envs\gnn\lib\site-packages\requests\__init__.py:86: RequestsDependencyWarning: Unable to find acceptable character detection dependency (chardet or charset_normalizer).
  warnings.warn(
C:\conda\envs\gnn\lib\site-packages\outdated\__init__.py:36: UserWarning: pkg_resources is deprecated as an API. See https://setuptools.pypa.io/en/latest/pkg_resources.html. The pkg_resources package is slated for removal as early as 2025-11-30. Refrain from using this package or pin to Setuptools<81.
  from pkg_resources import parse_version
Round    1/30  coverage=0.2567  prec@K=0.0202  accepted=37  loss=nan  (0.1s)
Round    2/30  coverage=0.2626  prec@K=0.0182  accepted=33  loss=nan  (0.1s)
Round    3/30  coverage=0.2693  prec@K=0.0201  accepted=37  loss=nan  (0.1s)
Round    4/30  coverage=0.2764  prec@K=0.0214  accepted=39  loss=nan  (0.1s)
Round    5/30  coverage=0.2895  prec@K=0.0395  accepted=72  loss=nan  (0.1s)
Round    6/30  coverage=0.2942  prec@K=0.0143  accepted=26  loss=nan  (0.1s)
Round    7/30  coverage=0.2980  prec@K=0.0114  accepted=21  loss=nan  (0.1s)
Round    8/30  coverage=0.3014  prec@K=0.0102  accepted=19  loss=nan  (0.1s)
Round    9/30  coverage=0.3138  prec@K=0.0370  accepted=68  loss=nan  (0.1s)
Round   10/30  coverage=0.3192  prec@K=0.0164  accepted=30  loss=nan  (0.1s)
Round   11/30  coverage=0.3245  prec@K=0.0158  accepted=29  loss=nan  (0.2s)
Round   12/30  coverage=0.3313  prec@K=0.0208  accepted=38  loss=nan  (0.1s)
Round   13/30  coverage=0.3391  prec@K=0.0234  accepted=43  loss=nan  (0.1s)
Round   14/30  coverage=0.3444  prec@K=0.0158  accepted=29  loss=nan  (0.1s)
Round   15/30  coverage=0.3473  prec@K=0.0086  accepted=16  loss=nan  (0.2s)
Round   16/30  coverage=0.3549  prec@K=0.0227  accepted=42  loss=nan  (0.2s)
Round   17/30  coverage=0.3605  prec@K=0.0170  accepted=31  loss=nan  (0.2s)
Round   18/30  coverage=0.3640  prec@K=0.0103  accepted=19  loss=nan  (0.2s)
Round   19/30  coverage=0.3707  prec@K=0.0201  accepted=37  loss=nan  (0.2s)
Round   20/30  coverage=0.3745  prec@K=0.0113  accepted=21  loss=nan  (0.2s)
Round   21/30  coverage=0.3799  prec@K=0.0162  accepted=30  loss=nan  (0.3s)
Round   22/30  coverage=0.3864  prec@K=0.0195  accepted=36  loss=nan  (0.2s)
Round   23/30  coverage=0.3930  prec@K=0.0194  accepted=36  loss=nan  (0.3s)
Round   24/30  coverage=0.3977  prec@K=0.0141  accepted=26  loss=nan  (0.3s)
Round   25/30  coverage=0.4044  prec@K=0.0201  accepted=37  loss=nan  (0.3s)
Round   26/30  coverage=0.4078  prec@K=0.0104  accepted=19  loss=nan  (0.3s)
Round   27/30  coverage=0.4113  prec@K=0.0103  accepted=19  loss=nan  (0.3s)
Round   28/30  coverage=0.4144  prec@K=0.0092  accepted=17  loss=nan  (0.3s)
Round   29/30  coverage=0.4167  prec@K=0.0071  accepted=13  loss=nan  (0.3s)
Round   30/30  coverage=0.4191  prec@K=0.0072  accepted=13  loss=nan  (0.3s)

结果已写入 results\online\algo_sweep_dnc_email_v2_s0\dnc_email_cn/rounds.csv
