C:\conda\envs\gnn\lib\site-packages\requests\__init__.py:86: RequestsDependencyWarning: Unable to find acceptable character detection dependency (chardet or charset_normalizer).
  warnings.warn(
C:\conda\envs\gnn\lib\site-packages\outdated\__init__.py:36: UserWarning: pkg_resources is deprecated as an API. See https://setuptools.pypa.io/en/latest/pkg_resources.html. The pkg_resources package is slated for removal as early as 2025-11-30. Refrain from using this package or pin to Setuptools<81.
  from pkg_resources import parse_version
Round    1/30  coverage=0.2587  prec@K=0.0262  accepted=48  loss=nan  (0.1s)
Round    2/30  coverage=0.2646  prec@K=0.0182  accepted=33  loss=nan  (0.1s)
Round    3/30  coverage=0.2692  prec@K=0.0137  accepted=25  loss=nan  (0.1s)
Round    4/30  coverage=0.2762  prec@K=0.0214  accepted=39  loss=nan  (0.1s)
Round    5/30  coverage=0.2878  prec@K=0.0351  accepted=64  loss=nan  (0.1s)
Round    6/30  coverage=0.2922  prec@K=0.0132  accepted=24  loss=nan  (0.1s)
Round    7/30  coverage=0.2956  prec@K=0.0103  accepted=19  loss=nan  (0.1s)
Round    8/30  coverage=0.2989  prec@K=0.0097  accepted=18  loss=nan  (0.1s)
Round    9/30  coverage=0.3087  prec@K=0.0294  accepted=54  loss=nan  (0.1s)
Round   10/30  coverage=0.3127  prec@K=0.0120  accepted=22  loss=nan  (0.1s)
Round   11/30  coverage=0.3177  prec@K=0.0152  accepted=28  loss=nan  (0.1s)
Round   12/30  coverage=0.3228  prec@K=0.0153  accepted=28  loss=nan  (0.1s)
Round   13/30  coverage=0.3288  prec@K=0.0180  accepted=33  loss=nan  (0.1s)
Round   14/30  coverage=0.3326  prec@K=0.0114  accepted=21  loss=nan  (0.2s)
Round   15/30  coverage=0.3355  prec@K=0.0087  accepted=16  loss=nan  (0.2s)
Round   16/30  coverage=0.3409  prec@K=0.0162  accepted=30  loss=nan  (0.2s)
Round   17/30  coverage=0.3460  prec@K=0.0154  accepted=28  loss=nan  (0.2s)
Round   18/30  coverage=0.3484  prec@K=0.0070  accepted=13  loss=nan  (0.2s)
Round   19/30  coverage=0.3545  prec@K=0.0184  accepted=34  loss=nan  (0.2s)
Round   20/30  coverage=0.3587  prec@K=0.0124  accepted=23  loss=nan  (0.2s)
Round   21/30  coverage=0.3638  prec@K=0.0152  accepted=28  loss=nan  (0.3s)
Round   22/30  coverage=0.3680  prec@K=0.0126  accepted=23  loss=nan  (0.2s)
Round   23/30  coverage=0.3721  prec@K=0.0124  accepted=23  loss=nan  (0.2s)
Round   24/30  coverage=0.3772  prec@K=0.0152  accepted=28  loss=nan  (0.3s)
Round   25/30  coverage=0.3821  prec@K=0.0148  accepted=27  loss=nan  (0.3s)
Round   26/30  coverage=0.3857  prec@K=0.0110  accepted=20  loss=nan  (0.3s)
Round   27/30  coverage=0.3892  prec@K=0.0103  accepted=19  loss=nan  (0.3s)
Round   28/30  coverage=0.3924  prec@K=0.0098  accepted=18  loss=nan  (0.3s)
Round   29/30  coverage=0.3950  prec@K=0.0077  accepted=14  loss=nan  (0.3s)
Round   30/30  coverage=0.3971  prec@K=0.0066  accepted=12  loss=nan  (0.3s)

结果已写入 results\online\algo_sweep_dnc_email_v2_s0\dnc_email_pa/rounds.csv
