>>> Running: epinions_v2_random_topk10
    done.
>>> Running: epinions_v2_random_topk20
    done.
>>> Running: epinions_v2_gnn_topk10
    done.
>>> Running: epinions_v2_gnn_topk20
    done.
>>> Running: epinions_v2_node_emb_topk10
    done.
>>> Running: epinions_v2_node_emb_topk20
    done.
>>> Running: epinions_v2_gnn_node_emb_topk10
    done.
>>> Running: epinions_v2_gnn_node_emb_topk20
    done.
>>> Running: sx_askubuntu_v2_random_topk10
    done.
>>> Running: sx_askubuntu_v2_random_topk20
    done.
>>> Running: sx_askubuntu_v2_gnn_topk10
    done.
>>> Running: sx_askubuntu_v2_gnn_topk20
