=== configs/online/college_msg_init2_gnn_h64_ppos1_recall200.yaml ===
C:\conda\envs\gnn\lib\site-packages\requests\__init__.py:86: RequestsDependencyWarning: Unable to find acceptable character detection dependency (chardet or charset_normalizer).
  warnings.warn(
C:\conda\envs\gnn\lib\site-packages\outdated\__init__.py:36: UserWarning: pkg_resources is deprecated as an API. See https://setuptools.pypa.io/en/latest/pkg_resources.html. The pkg_resources package is slated for removal as early as 2025-11-30. Refrain from using this package or pin to Setuptools<81.
  from pkg_resources import parse_version
C:\conda\envs\gnn\lib\site-packages\dgl\backend\pytorch\sparse.py:157: FutureWarning: `torch.cuda.amp.autocast_mode._cast(value, dtype)` is deprecated. Please use `torch.amp.autocast_mode._cast(value, 'cuda', dtype)` instead.
  return th.cuda.amp.autocast_mode._cast(
C:\conda\envs\gnn\lib\site-packages\dgl\backend\pytorch\sparse.py:148: FutureWarning: `torch.cuda.amp.autocast(args...)` is deprecated. Please use `torch.amp.autocast('cuda', args...)` instead.
  return th.cuda.amp.autocast(enabled=False)
Round    1/100  coverage=0.2019  prec@K=0.0407  accepted=38  loss=0.7386  (1.4s)
Round    2/100  coverage=0.2050  prec@K=0.0679  accepted=64  loss=0.7296  (0.5s)
Round    3/100  coverage=0.2079  prec@K=0.0628  accepted=59  loss=0.7217  (0.5s)
Round    4/100  coverage=0.2102  prec@K=0.0489  accepted=46  loss=0.7134  (0.5s)
Round    5/100  coverage=0.2121  prec@K=0.0415  accepted=39  loss=0.7038  (0.6s)
Round    6/100  coverage=0.2132  prec@K=0.0245  accepted=23  loss=0.6927  (0.6s)
Round    7/100  coverage=0.2143  prec@K=0.0224  accepted=21  loss=0.6797  (0.6s)
Round    8/100  coverage=0.2153  prec@K=0.0212  accepted=20  loss=0.6651  (0.6s)
Round    9/100  coverage=0.2160  prec@K=0.0160  accepted=15  loss=0.6485  (0.6s)
Round   10/100  coverage=0.2167  prec@K=0.0160  accepted=15  loss=0.6282  (0.7s)
Round   11/100  coverage=0.2170  prec@K=0.0063  accepted=6  loss=0.6054  (0.7s)
Round   12/100  coverage=0.2177  prec@K=0.0138  accepted=13  loss=0.5794  (0.9s)
Round   13/100  coverage=0.2186  prec@K=0.0202  accepted=19  loss=0.5495  (0.7s)
Round   14/100  coverage=0.2192  prec@K=0.0128  accepted=12  loss=0.5156  (0.7s)
Round   15/100  coverage=0.2200  prec@K=0.0180  accepted=17  loss=0.4779  (0.8s)
Round   16/100  coverage=0.2207  prec@K=0.0138  accepted=13  loss=0.4355  (0.6s)
Round   17/100  coverage=0.2214  prec@K=0.0159  accepted=15  loss=0.3920  (0.7s)
Round   18/100  coverage=0.2220  prec@K=0.0116  accepted=11  loss=0.3485  (0.7s)
Round   19/100  coverage=0.2226  prec@K=0.0127  accepted=12  loss=0.3091  (0.6s)
Round   20/100  coverage=0.2229  prec@K=0.0074  accepted=7  loss=0.2754  (0.6s)
Round   21/100  coverage=0.2234  prec@K=0.0106  accepted=10  loss=0.2528  (0.6s)
Round   22/100  coverage=0.2238  prec@K=0.0095  accepted=9  loss=0.2411  (0.9s)
Round   23/100  coverage=0.2242  prec@K=0.0085  accepted=8  loss=0.2369  (0.6s)
Round   24/100  coverage=0.2247  prec@K=0.0106  accepted=10  loss=0.2320  (0.6s)
Round   25/100  coverage=0.2251  prec@K=0.0085  accepted=8  loss=0.2306  (0.6s)
Round   26/100  coverage=0.2254  prec@K=0.0064  accepted=6  loss=0.2256  (0.8s)
Round   27/100  coverage=0.2256  prec@K=0.0042  accepted=4  loss=0.2204  (0.6s)
Round   28/100  coverage=0.2262  prec@K=0.0128  accepted=12  loss=0.2170  (0.6s)
Round   29/100  coverage=0.2264  prec@K=0.0043  accepted=4  loss=0.2203  (0.8s)
Round   30/100  coverage=0.2266  prec@K=0.0053  accepted=5  loss=0.2157  (0.7s)
Round   31/100  coverage=0.2269  prec@K=0.0064  accepted=6  loss=0.2111  (0.8s)
Round   32/100  coverage=0.2272  prec@K=0.0063  accepted=6  loss=0.2069  (0.7s)
Round   33/100  coverage=0.2276  prec@K=0.0075  accepted=7  loss=0.2035  (0.7s)
Round   34/100  coverage=0.2279  prec@K=0.0075  accepted=7  loss=0.2142  (0.8s)
Round   35/100  coverage=0.2281  prec@K=0.0043  accepted=4  loss=0.2132  (0.6s)
Round   36/100  coverage=0.2283  prec@K=0.0043  accepted=4  loss=0.2086  (0.8s)
Round   37/100  coverage=0.2286  prec@K=0.0064  accepted=6  loss=0.2472  (0.6s)
Round   38/100  coverage=0.2290  prec@K=0.0085  accepted=8  loss=0.2182  (0.7s)
Round   39/100  coverage=0.2292  prec@K=0.0043  accepted=4  loss=0.2438  (0.8s)
Round   40/100  coverage=0.2293  prec@K=0.0011  accepted=1  loss=0.2405  (0.7s)
Round   41/100  coverage=0.2297  prec@K=0.0085  accepted=8  loss=0.2544  (0.9s)
Round   42/100  coverage=0.2298  prec@K=0.0032  accepted=3  loss=0.2054  (0.7s)
Round   43/100  coverage=0.2300  prec@K=0.0053  accepted=5  loss=0.2082  (0.7s)
Round   44/100  coverage=0.2300  prec@K=0.0000  accepted=0  loss=0.2471  (0.8s)
Round   45/100  coverage=0.2301  prec@K=0.0011  accepted=1  loss=0.2085  (0.7s)
Round   46/100  coverage=0.2302  prec@K=0.0021  accepted=2  loss=0.2063  (0.8s)
Round   47/100  coverage=0.2302  prec@K=0.0000  accepted=0  loss=0.1762  (0.7s)
Round   48/100  coverage=0.2303  prec@K=0.0032  accepted=3  loss=0.2143  (0.7s)
Round   49/100  coverage=0.2304  prec@K=0.0011  accepted=1  loss=0.1739  (0.8s)
Round   50/100  coverage=0.2305  prec@K=0.0021  accepted=2  loss=0.2071  (0.7s)
Round   51/100  coverage=0.2305  prec@K=0.0011  accepted=1  loss=0.2112  (0.7s)
Round   52/100  coverage=0.2305  prec@K=0.0000  accepted=0  loss=0.1756  (0.9s)
Round   53/100  coverage=0.2308  prec@K=0.0064  accepted=6  loss=0.1598  (0.7s)
Round   54/100  coverage=0.2310  prec@K=0.0032  accepted=3  loss=0.2761  (0.8s)
Round   55/100  coverage=0.2310  prec@K=0.0000  accepted=0  loss=0.2032  (0.7s)
Round   56/100  coverage=0.2311  prec@K=0.0032  accepted=3  loss=0.3712  (0.8s)
Round   57/100  coverage=0.2313  prec@K=0.0043  accepted=4  loss=0.4253  (0.6s)
Round   58/100  coverage=0.2317  prec@K=0.0074  accepted=7  loss=0.3111  (0.7s)
Round   59/100  coverage=0.2318  prec@K=0.0021  accepted=2  loss=0.4309  (0.8s)
Round   60/100  coverage=0.2319  prec@K=0.0032  accepted=3  loss=0.5399  (0.7s)
Round   61/100  coverage=0.2321  prec@K=0.0042  accepted=4  loss=0.4583  (0.9s)
Round   62/100  coverage=0.2323  prec@K=0.0032  accepted=3  loss=0.4399  (0.7s)
Round   63/100  coverage=0.2324  prec@K=0.0021  accepted=2  loss=0.4910  (0.7s)
Round   64/100  coverage=0.2326  prec@K=0.0043  accepted=4  loss=0.5510  (0.8s)
Round   65/100  coverage=0.2328  prec@K=0.0043  accepted=4  loss=0.5835  (0.7s)
Round   66/100  coverage=0.2331  prec@K=0.0075  accepted=7  loss=0.5610  (0.8s)
Round   67/100  coverage=0.2333  prec@K=0.0053  accepted=5  loss=0.5287  (0.7s)
Round   68/100  coverage=0.2335  prec@K=0.0042  accepted=4  loss=0.6629  (0.7s)
Round   69/100  coverage=0.2336  prec@K=0.0011  accepted=1  loss=0.5903  (0.9s)
Round   70/100  coverage=0.2336  prec@K=0.0000  accepted=0  loss=0.3605  (0.7s)
Round   71/100  coverage=0.2336  prec@K=0.0000  accepted=0  loss=0.5355  (0.9s)
Round   72/100  coverage=0.2337  prec@K=0.0021  accepted=2  loss=0.3095  (0.7s)
Round   73/100  coverage=0.2338  prec@K=0.0032  accepted=3  loss=0.4128  (0.9s)
Round   74/100  coverage=0.2340  prec@K=0.0032  accepted=3  loss=0.6306  (0.7s)
Round   75/100  coverage=0.2342  prec@K=0.0043  accepted=4  loss=0.5966  (0.7s)
Round   76/100  coverage=0.2343  prec@K=0.0021  accepted=2  loss=0.2446  (0.8s)
Round   77/100  coverage=0.2344  prec@K=0.0032  accepted=3  loss=0.6495  (0.7s)
Round   78/100  coverage=0.2346  prec@K=0.0043  accepted=4  loss=0.5715  (0.9s)
Round   79/100  coverage=0.2348  prec@K=0.0032  accepted=3  loss=0.4827  (0.7s)
Round   80/100  coverage=0.2348  prec@K=0.0011  accepted=1  loss=0.2978  (0.7s)
Round   81/100  coverage=0.2349  prec@K=0.0021  accepted=2  loss=0.2534  (0.9s)
Round   82/100  coverage=0.2351  prec@K=0.0043  accepted=4  loss=0.3766  (0.7s)
Round   83/100  coverage=0.2353  prec@K=0.0032  accepted=3  loss=0.2764  (0.8s)
Round   84/100  coverage=0.2354  prec@K=0.0021  accepted=2  loss=0.3267  (0.7s)
Round   85/100  coverage=0.2354  prec@K=0.0000  accepted=0  loss=0.2629  (0.8s)
Round   86/100  coverage=0.2354  prec@K=0.0000  accepted=0  loss=0.3205  (0.7s)
Round   87/100  coverage=0.2354  prec@K=0.0000  accepted=0  loss=0.2762  (0.7s)
Round   88/100  coverage=0.2354  prec@K=0.0000  accepted=0  loss=0.2396  (0.8s)
Round   89/100  coverage=0.2354  prec@K=0.0011  accepted=1  loss=0.3772  (0.7s)
Round   90/100  coverage=0.2354  prec@K=0.0000  accepted=0  loss=0.2415  (0.8s)
Round   91/100  coverage=0.2355  prec@K=0.0021  accepted=2  loss=0.2654  (0.7s)
Round   92/100  coverage=0.2355  prec@K=0.0000  accepted=0  loss=0.1363  (0.8s)
Round   93/100  coverage=0.2355  prec@K=0.0000  accepted=0  loss=0.1908  (0.7s)
Round   94/100  coverage=0.2355  prec@K=0.0000  accepted=0  loss=0.1893  (0.7s)
Round   95/100  coverage=0.2356  prec@K=0.0011  accepted=1  loss=0.1308  (0.9s)
Round   96/100  coverage=0.2356  prec@K=0.0000  accepted=0  loss=0.1568  (0.7s)
Round   97/100  coverage=0.2357  prec@K=0.0021  accepted=2  loss=0.0934  (0.8s)
Round   98/100  coverage=0.2357  prec@K=0.0000  accepted=0  loss=0.1441  (0.7s)
Round   99/100  coverage=0.2357  prec@K=0.0011  accepted=1  loss=0.1221  (0.8s)
Round  100/100  coverage=0.2357  prec@K=0.0000  accepted=0  loss=0.1165  (0.7s)

˝áąűŇŃĐ´Čë results\online\college_msg_init2_gnn_h64_ppos1_recall200/rounds.csv
OK
=== configs/online/college_msg_init2_gnn_h64_ppos1_recall500.yaml ===
C:\conda\envs\gnn\lib\site-packages\requests\__init__.py:86: RequestsDependencyWarning: Unable to find acceptable character detection dependency (chardet or charset_normalizer).
  warnings.warn(
C:\conda\envs\gnn\lib\site-packages\outdated\__init__.py:36: UserWarning: pkg_resources is deprecated as an API. See https://setuptools.pypa.io/en/latest/pkg_resources.html. The pkg_resources package is slated for removal as early as 2025-11-30. Refrain from using this package or pin to Setuptools<81.
  from pkg_resources import parse_version
C:\conda\envs\gnn\lib\site-packages\dgl\backend\pytorch\sparse.py:157: FutureWarning: `torch.cuda.amp.autocast_mode._cast(value, dtype)` is deprecated. Please use `torch.amp.autocast_mode._cast(value, 'cuda', dtype)` instead.
  return th.cuda.amp.autocast_mode._cast(
C:\conda\envs\gnn\lib\site-packages\dgl\backend\pytorch\sparse.py:148: FutureWarning: `torch.cuda.amp.autocast(args...)` is deprecated. Please use `torch.amp.autocast('cuda', args...)` instead.
  return th.cuda.amp.autocast(enabled=False)
Round    1/100  coverage=0.2020  prec@K=0.0429  accepted=40  loss=0.7383  (1.5s)
Round    2/100  coverage=0.2050  prec@K=0.0658  accepted=62  loss=0.7294  (0.8s)
Round    3/100  coverage=0.2076  prec@K=0.0555  accepted=52  loss=0.7214  (0.8s)
Round    4/100  coverage=0.2102  prec@K=0.0571  accepted=54  loss=0.7125  (0.8s)
Round    5/100  coverage=0.2121  prec@K=0.0402  accepted=38  loss=0.7025  (0.8s)
Round    6/100  coverage=0.2130  prec@K=0.0191  accepted=18  loss=0.6910  (0.8s)
Round    7/100  coverage=0.2139  prec@K=0.0190  accepted=18  loss=0.6775  (0.9s)
Round    8/100  coverage=0.2146  prec@K=0.0149  accepted=14  loss=0.6617  (0.9s)
Round    9/100  coverage=0.2152  prec@K=0.0138  accepted=13  loss=0.6440  (0.9s)
Round   10/100  coverage=0.2161  prec@K=0.0181  accepted=17  loss=0.6237  (0.9s)
Round   11/100  coverage=0.2169  prec@K=0.0191  accepted=18  loss=0.5996  (0.9s)
Round   12/100  coverage=0.2176  prec@K=0.0149  accepted=14  loss=0.5719  (1.0s)
Round   13/100  coverage=0.2183  prec@K=0.0138  accepted=13  loss=0.5403  (0.9s)
Round   14/100  coverage=0.2187  prec@K=0.0085  accepted=8  loss=0.5045  (1.0s)
Round   15/100  coverage=0.2191  prec@K=0.0085  accepted=8  loss=0.4639  (0.8s)
Round   16/100  coverage=0.2197  prec@K=0.0138  accepted=13  loss=0.4208  (0.9s)
Round   17/100  coverage=0.2205  prec@K=0.0171  accepted=16  loss=0.3771  (0.9s)
Round   18/100  coverage=0.2211  prec@K=0.0127  accepted=12  loss=0.3356  (1.2s)
Round   19/100  coverage=0.2216  prec@K=0.0106  accepted=10  loss=0.2987  (1.0s)
Round   20/100  coverage=0.2219  prec@K=0.0063  accepted=6  loss=0.2685  (0.9s)
Round   21/100  coverage=0.2222  prec@K=0.0063  accepted=6  loss=0.2495  (1.0s)
Round   22/100  coverage=0.2224  prec@K=0.0053  accepted=5  loss=0.2412  (0.9s)
Round   23/100  coverage=0.2226  prec@K=0.0032  accepted=3  loss=0.2356  (1.1s)
Round   24/100  coverage=0.2228  prec@K=0.0042  accepted=4  loss=0.2306  (0.9s)
Round   25/100  coverage=0.2229  prec@K=0.0032  accepted=3  loss=0.2254  (1.0s)
Round   26/100  coverage=0.2231  prec@K=0.0053  accepted=5  loss=0.2246  (1.1s)
Round   27/100  coverage=0.2236  prec@K=0.0095  accepted=9  loss=0.2212  (1.0s)
Round   28/100  coverage=0.2240  prec@K=0.0095  accepted=9  loss=0.2180  (1.0s)
Round   29/100  coverage=0.2244  prec@K=0.0085  accepted=8  loss=0.2148  (1.1s)
Round   30/100  coverage=0.2246  prec@K=0.0042  accepted=4  loss=0.2187  (1.0s)
Round   31/100  coverage=0.2247  prec@K=0.0021  accepted=2  loss=0.2136  (1.0s)
Round   32/100  coverage=0.2248  prec@K=0.0011  accepted=1  loss=0.2083  (1.1s)
Round   33/100  coverage=0.2249  prec@K=0.0021  accepted=2  loss=0.2038  (1.0s)
Round   34/100  coverage=0.2249  prec@K=0.0011  accepted=1  loss=0.2006  (1.1s)
Round   35/100  coverage=0.2251  prec@K=0.0043  accepted=4  loss=0.2376  (1.0s)
Round   36/100  coverage=0.2253  prec@K=0.0032  accepted=3  loss=0.2339  (1.1s)
Round   37/100  coverage=0.2256  prec@K=0.0064  accepted=6  loss=0.2325  (1.0s)
Round   38/100  coverage=0.2258  prec@K=0.0053  accepted=5  loss=0.2033  (1.0s)
Round   39/100  coverage=0.2260  prec@K=0.0042  accepted=4  loss=0.2299  (1.1s)
Round   40/100  coverage=0.2266  prec@K=0.0127  accepted=12  loss=0.2320  (1.0s)
Round   41/100  coverage=0.2267  prec@K=0.0032  accepted=3  loss=0.2192  (1.0s)
Round   42/100  coverage=0.2271  prec@K=0.0074  accepted=7  loss=0.1741  (1.1s)
Round   43/100  coverage=0.2273  prec@K=0.0042  accepted=4  loss=0.1841  (1.0s)
Round   44/100  coverage=0.2275  prec@K=0.0042  accepted=4  loss=0.2181  (1.2s)
Round   45/100  coverage=0.2278  prec@K=0.0064  accepted=6  loss=0.1725  (1.0s)
Round   46/100  coverage=0.2280  prec@K=0.0043  accepted=4  loss=0.1805  (1.1s)
Round   47/100  coverage=0.2282  prec@K=0.0053  accepted=5  loss=0.1574  (0.9s)
Round   48/100  coverage=0.2285  prec@K=0.0064  accepted=6  loss=0.1866  (1.0s)
Round   49/100  coverage=0.2288  prec@K=0.0063  accepted=6  loss=0.1633  (1.2s)
Round   50/100  coverage=0.2290  prec@K=0.0032  accepted=3  loss=0.1758  (1.0s)
Round   51/100  coverage=0.2293  prec@K=0.0063  accepted=6  loss=0.1934  (1.2s)
Round   52/100  coverage=0.2295  prec@K=0.0053  accepted=5  loss=0.1652  (1.0s)
Round   53/100  coverage=0.2299  prec@K=0.0085  accepted=8  loss=0.2200  (1.2s)
Round   54/100  coverage=0.2300  prec@K=0.0032  accepted=3  loss=0.4711  (1.0s)
Round   55/100  coverage=0.2303  prec@K=0.0053  accepted=5  loss=0.4175  (1.1s)
Round   56/100  coverage=0.2304  prec@K=0.0032  accepted=3  loss=0.6240  (1.2s)
Round   57/100  coverage=0.2310  prec@K=0.0117  accepted=11  loss=0.7306  (1.0s)
Round   58/100  coverage=0.2313  prec@K=0.0075  accepted=7  loss=0.5258  (1.2s)
Round   59/100  coverage=0.2319  prec@K=0.0117  accepted=11  loss=0.7163  (1.0s)
Round   60/100  coverage=0.2324  prec@K=0.0106  accepted=10  loss=0.7805  (1.2s)
Round   61/100  coverage=0.2326  prec@K=0.0053  accepted=5  loss=0.6731  (1.0s)
Round   62/100  coverage=0.2328  prec@K=0.0032  accepted=3  loss=0.7154  (1.0s)
Round   63/100  coverage=0.2328  prec@K=0.0000  accepted=0  loss=0.8265  (1.1s)
Round   64/100  coverage=0.2329  prec@K=0.0021  accepted=2  loss=0.8128  (1.0s)
Round   65/100  coverage=0.2330  prec@K=0.0032  accepted=3  loss=0.8000  (1.2s)
Round   66/100  coverage=0.2332  prec@K=0.0042  accepted=4  loss=0.8136  (1.1s)
Round   67/100  coverage=0.2332  prec@K=0.0000  accepted=0  loss=0.7495  (1.0s)
Round   68/100  coverage=0.2332  prec@K=0.0000  accepted=0  loss=0.8227  (1.2s)
Round   69/100  coverage=0.2332  prec@K=0.0011  accepted=1  loss=0.7824  (1.0s)
Round   70/100  coverage=0.2333  prec@K=0.0011  accepted=1  loss=0.6343  (1.1s)
Round   71/100  coverage=0.2334  prec@K=0.0021  accepted=2  loss=0.7869  (1.0s)
Round   72/100  coverage=0.2335  prec@K=0.0032  accepted=3  loss=0.5119  (1.2s)
Round   73/100  coverage=0.2337  prec@K=0.0042  accepted=4  loss=0.5668  (1.0s)
Round   74/100  coverage=0.2339  prec@K=0.0043  accepted=4  loss=0.8767  (1.0s)
Round   75/100  coverage=0.2340  prec@K=0.0021  accepted=2  loss=0.8943  (1.2s)
Round   76/100  coverage=0.2344  prec@K=0.0085  accepted=8  loss=0.4298  (1.0s)
Round   77/100  coverage=0.2347  prec@K=0.0053  accepted=5  loss=0.9480  (1.1s)
Round   78/100  coverage=0.2350  prec@K=0.0064  accepted=6  loss=0.8390  (1.0s)
Round   79/100  coverage=0.2352  prec@K=0.0053  accepted=5  loss=0.7744  (1.0s)
Round   80/100  coverage=0.2354  prec@K=0.0043  accepted=4  loss=0.4727  (1.2s)
Round   81/100  coverage=0.2356  prec@K=0.0043  accepted=4  loss=0.4126  (1.1s)
Round   82/100  coverage=0.2357  prec@K=0.0021  accepted=2  loss=0.5791  (1.2s)
Round   83/100  coverage=0.2360  prec@K=0.0053  accepted=5  loss=0.5218  (1.0s)
Round   84/100  coverage=0.2363  prec@K=0.0063  accepted=6  loss=0.5276  (1.2s)
Round   85/100  coverage=0.2363  prec@K=0.0011  accepted=1  loss=0.5783  (1.0s)
Round   86/100  coverage=0.2365  prec@K=0.0043  accepted=4  loss=0.5957  (1.1s)
Round   87/100  coverage=0.2366  prec@K=0.0021  accepted=2  loss=0.6660  (1.0s)
Round   88/100  coverage=0.2368  prec@K=0.0043  accepted=4  loss=0.5200  (1.0s)
Round   89/100  coverage=0.2371  prec@K=0.0075  accepted=7  loss=0.7672  (1.1s)
Round   90/100  coverage=0.2372  prec@K=0.0021  accepted=2  loss=0.5733  (1.0s)
Round   91/100  coverage=0.2373  prec@K=0.0021  accepted=2  loss=0.6767  (1.2s)
Round   92/100  coverage=0.2374  prec@K=0.0021  accepted=2  loss=0.4081  (1.0s)
Round   93/100  coverage=0.2377  prec@K=0.0064  accepted=6  loss=0.5213  (1.2s)
Round   94/100  coverage=0.2378  prec@K=0.0021  accepted=2  loss=0.5655  (1.0s)
Round   95/100  coverage=0.2379  prec@K=0.0021  accepted=2  loss=0.4815  (1.1s)
Round   96/100  coverage=0.2381  prec@K=0.0042  accepted=4  loss=0.5541  (1.0s)
Round   97/100  coverage=0.2383  prec@K=0.0042  accepted=4  loss=0.2509  (1.0s)
Round   98/100  coverage=0.2384  prec@K=0.0021  accepted=2  loss=0.5217  (1.2s)
Round   99/100  coverage=0.2385  prec@K=0.0021  accepted=2  loss=0.3595  (1.0s)
Round  100/100  coverage=0.2385  prec@K=0.0000  accepted=0  loss=0.3875  (1.2s)

˝áąűŇŃĐ´Čë results\online\college_msg_init2_gnn_h64_ppos1_recall500/rounds.csv
OK
=== configs/online/college_msg_init2_gnn_h64_ppos1_globalrand30.yaml ===
C:\conda\envs\gnn\lib\site-packages\requests\__init__.py:86: RequestsDependencyWarning: Unable to find acceptable character detection dependency (chardet or charset_normalizer).
  warnings.warn(
C:\conda\envs\gnn\lib\site-packages\outdated\__init__.py:36: UserWarning: pkg_resources is deprecated as an API. See https://setuptools.pypa.io/en/latest/pkg_resources.html. The pkg_resources package is slated for removal as early as 2025-11-30. Refrain from using this package or pin to Setuptools<81.
  from pkg_resources import parse_version
C:\conda\envs\gnn\lib\site-packages\dgl\backend\pytorch\sparse.py:157: FutureWarning: `torch.cuda.amp.autocast_mode._cast(value, dtype)` is deprecated. Please use `torch.amp.autocast_mode._cast(value, 'cuda', dtype)` instead.
  return th.cuda.amp.autocast_mode._cast(
C:\conda\envs\gnn\lib\site-packages\dgl\backend\pytorch\sparse.py:148: FutureWarning: `torch.cuda.amp.autocast(args...)` is deprecated. Please use `torch.amp.autocast('cuda', args...)` instead.
  return th.cuda.amp.autocast(enabled=False)
Round    1/100  coverage=0.2007  prec@K=0.0159  accepted=15  loss=0.7425  (1.1s)
Round    2/100  coverage=0.2022  prec@K=0.0317  accepted=30  loss=0.7340  (0.3s)
Round    3/100  coverage=0.2040  prec@K=0.0392  accepted=37  loss=0.7252  (0.3s)
Round    4/100  coverage=0.2049  prec@K=0.0190  accepted=18  loss=0.7166  (0.3s)
Round    5/100  coverage=0.2059  prec@K=0.0212  accepted=20  loss=0.7070  (0.4s)
Round    6/100  coverage=0.2063  prec@K=0.0095  accepted=9  loss=0.6959  (0.4s)
Round    7/100  coverage=0.2067  prec@K=0.0085  accepted=8  loss=0.6832  (0.4s)
Round    8/100  coverage=0.2070  prec@K=0.0063  accepted=6  loss=0.6687  (0.4s)
Round    9/100  coverage=0.2073  prec@K=0.0053  accepted=5  loss=0.6522  (0.4s)
Round   10/100  coverage=0.2074  prec@K=0.0021  accepted=2  loss=0.6334  (0.4s)
Round   11/100  coverage=0.2076  prec@K=0.0042  accepted=4  loss=0.6116  (0.7s)
Round   12/100  coverage=0.2080  prec@K=0.0095  accepted=9  loss=0.5868  (0.4s)
Round   13/100  coverage=0.2084  prec@K=0.0085  accepted=8  loss=0.5580  (0.4s)
Round   14/100  coverage=0.2090  prec@K=0.0116  accepted=11  loss=0.5250  (0.5s)
Round   15/100  coverage=0.2093  prec@K=0.0074  accepted=7  loss=0.4883  (0.5s)
Round   16/100  coverage=0.2095  prec@K=0.0053  accepted=5  loss=0.4475  (0.6s)
Round   17/100  coverage=0.2100  prec@K=0.0095  accepted=9  loss=0.4030  (0.5s)
Round   18/100  coverage=0.2105  prec@K=0.0106  accepted=10  loss=0.3564  (0.5s)
Round   19/100  coverage=0.2109  prec@K=0.0085  accepted=8  loss=0.3092  (0.5s)
Round   20/100  coverage=0.2114  prec@K=0.0116  accepted=11  loss=0.2660  (0.7s)
Round   21/100  coverage=0.2118  prec@K=0.0074  accepted=7  loss=0.2272  (0.5s)
Round   22/100  coverage=0.2122  prec@K=0.0095  accepted=9  loss=0.1981  (0.5s)
Round   23/100  coverage=0.2128  prec@K=0.0127  accepted=12  loss=0.1783  (0.5s)
Round   24/100  coverage=0.2132  prec@K=0.0095  accepted=9  loss=0.1771  (0.7s)
Round   25/100  coverage=0.2136  prec@K=0.0074  accepted=7  loss=0.1752  (0.5s)
Round   26/100  coverage=0.2139  prec@K=0.0074  accepted=7  loss=0.1733  (0.7s)
Round   27/100  coverage=0.2143  prec@K=0.0085  accepted=8  loss=0.1625  (0.6s)
Round   28/100  coverage=0.2147  prec@K=0.0074  accepted=7  loss=0.1614  (0.6s)
Round   29/100  coverage=0.2151  prec@K=0.0085  accepted=8  loss=0.1608  (0.8s)
Round   30/100  coverage=0.2156  prec@K=0.0106  accepted=10  loss=0.1599  (0.6s)
Round   31/100  coverage=0.2161  prec@K=0.0106  accepted=10  loss=0.1585  (0.8s)
Round   32/100  coverage=0.2163  prec@K=0.0063  accepted=6  loss=0.1559  (0.6s)
Round   33/100  coverage=0.2169  prec@K=0.0116  accepted=11  loss=0.1553  (0.8s)
Round   34/100  coverage=0.2172  prec@K=0.0074  accepted=7  loss=0.1547  (0.6s)
Round   35/100  coverage=0.2175  prec@K=0.0063  accepted=6  loss=0.2330  (0.7s)
Round   36/100  coverage=0.2177  prec@K=0.0042  accepted=4  loss=0.2342  (0.6s)
Round   37/100  coverage=0.2184  prec@K=0.0138  accepted=13  loss=0.2245  (0.8s)
Round   38/100  coverage=0.2188  prec@K=0.0095  accepted=9  loss=0.2285  (0.6s)
Round   39/100  coverage=0.2194  prec@K=0.0116  accepted=11  loss=0.2133  (0.6s)
Round   40/100  coverage=0.2198  prec@K=0.0106  accepted=10  loss=0.2092  (0.8s)
Round   41/100  coverage=0.2203  prec@K=0.0106  accepted=10  loss=0.2295  (0.7s)
Round   42/100  coverage=0.2208  prec@K=0.0095  accepted=9  loss=0.1994  (0.8s)
Round   43/100  coverage=0.2213  prec@K=0.0116  accepted=11  loss=0.1770  (0.6s)
Round   44/100  coverage=0.2218  prec@K=0.0095  accepted=9  loss=0.2281  (0.8s)
Round   45/100  coverage=0.2222  prec@K=0.0085  accepted=8  loss=0.2165  (0.6s)
Round   46/100  coverage=0.2226  prec@K=0.0085  accepted=8  loss=0.1670  (0.8s)
Round   47/100  coverage=0.2229  prec@K=0.0074  accepted=7  loss=0.1773  (0.6s)
Round   48/100  coverage=0.2234  prec@K=0.0106  accepted=10  loss=0.2228  (0.8s)
Round   49/100  coverage=0.2240  prec@K=0.0138  accepted=13  loss=0.1721  (0.6s)
Round   50/100  coverage=0.2244  prec@K=0.0085  accepted=8  loss=0.2182  (0.8s)
Round   51/100  coverage=0.2249  prec@K=0.0095  accepted=9  loss=0.1884  (0.8s)
Round   52/100  coverage=0.2254  prec@K=0.0116  accepted=11  loss=0.2820  (0.6s)
Round   53/100  coverage=0.2260  prec@K=0.0127  accepted=12  loss=0.2974  (0.6s)
Round   54/100  coverage=0.2264  prec@K=0.0085  accepted=8  loss=0.6573  (0.7s)
Round   55/100  coverage=0.2267  prec@K=0.0074  accepted=7  loss=0.6312  (0.7s)
Round   56/100  coverage=0.2274  prec@K=0.0138  accepted=13  loss=0.8521  (0.8s)
Round   57/100  coverage=0.2278  prec@K=0.0095  accepted=9  loss=0.7961  (0.7s)
Round   58/100  coverage=0.2283  prec@K=0.0095  accepted=9  loss=0.7966  (0.8s)
Round   59/100  coverage=0.2285  prec@K=0.0042  accepted=4  loss=0.8054  (0.6s)
Round   60/100  coverage=0.2289  prec@K=0.0095  accepted=9  loss=0.9588  (0.8s)
Round   61/100  coverage=0.2293  prec@K=0.0074  accepted=7  loss=0.8379  (0.7s)
Round   62/100  coverage=0.2298  prec@K=0.0116  accepted=11  loss=0.8543  (0.8s)
Round   63/100  coverage=0.2303  prec@K=0.0116  accepted=11  loss=0.9102  (0.6s)
Round   64/100  coverage=0.2306  prec@K=0.0063  accepted=6  loss=0.9185  (0.8s)
Round   65/100  coverage=0.2310  prec@K=0.0085  accepted=8  loss=0.9352  (0.6s)
Round   66/100  coverage=0.2318  prec@K=0.0169  accepted=16  loss=0.9439  (0.8s)
Round   67/100  coverage=0.2322  prec@K=0.0085  accepted=8  loss=0.9383  (0.6s)
Round   68/100  coverage=0.2327  prec@K=0.0095  accepted=9  loss=1.0920  (0.8s)
Round   69/100  coverage=0.2329  prec@K=0.0042  accepted=4  loss=1.1198  (0.6s)
Round   70/100  coverage=0.2337  prec@K=0.0180  accepted=17  loss=0.8963  (0.8s)
Round   71/100  coverage=0.2344  prec@K=0.0159  accepted=15  loss=0.9694  (0.7s)
Round   72/100  coverage=0.2349  prec@K=0.0106  accepted=10  loss=0.9438  (0.8s)
Round   73/100  coverage=0.2357  prec@K=0.0159  accepted=15  loss=1.0016  (0.6s)
Round   74/100  coverage=0.2366  prec@K=0.0201  accepted=19  loss=1.1719  (0.8s)
Round   75/100  coverage=0.2370  prec@K=0.0085  accepted=8  loss=1.1128  (0.7s)
Round   76/100  coverage=0.2376  prec@K=0.0127  accepted=12  loss=0.9606  (0.8s)
Round   77/100  coverage=0.2379  prec@K=0.0063  accepted=6  loss=1.0935  (0.7s)
Round   78/100  coverage=0.2385  prec@K=0.0127  accepted=12  loss=1.1433  (0.8s)
Round   79/100  coverage=0.2387  prec@K=0.0053  accepted=5  loss=0.9872  (0.6s)
Round   80/100  coverage=0.2391  prec@K=0.0074  accepted=7  loss=0.9904  (0.6s)
Round   81/100  coverage=0.2397  prec@K=0.0127  accepted=12  loss=0.9085  (0.9s)
Round   82/100  coverage=0.2400  prec@K=0.0085  accepted=8  loss=0.9278  (0.6s)
Round   83/100  coverage=0.2408  prec@K=0.0169  accepted=16  loss=0.9546  (0.8s)
Round   84/100  coverage=0.2411  prec@K=0.0063  accepted=6  loss=1.0754  (0.7s)
Round   85/100  coverage=0.2421  prec@K=0.0201  accepted=19  loss=0.9908  (0.8s)
Round   86/100  coverage=0.2424  prec@K=0.0074  accepted=7  loss=0.9990  (0.6s)
Round   87/100  coverage=0.2428  prec@K=0.0074  accepted=7  loss=1.0140  (0.8s)
Round   88/100  coverage=0.2432  prec@K=0.0106  accepted=10  loss=0.9643  (0.8s)
Round   89/100  coverage=0.2439  prec@K=0.0148  accepted=14  loss=1.1298  (0.7s)
Round   90/100  coverage=0.2446  prec@K=0.0138  accepted=13  loss=1.0325  (0.7s)
Round   91/100  coverage=0.2453  prec@K=0.0148  accepted=14  loss=1.1507  (0.9s)
Round   92/100  coverage=0.2463  prec@K=0.0212  accepted=20  loss=1.0742  (0.7s)
Round   93/100  coverage=0.2468  prec@K=0.0116  accepted=11  loss=1.0353  (0.8s)
Round   94/100  coverage=0.2472  prec@K=0.0085  accepted=8  loss=1.0091  (0.7s)
Round   95/100  coverage=0.2476  prec@K=0.0095  accepted=9  loss=1.1116  (0.8s)
Round   96/100  coverage=0.2482  prec@K=0.0116  accepted=11  loss=1.1187  (0.8s)
Round   97/100  coverage=0.2487  prec@K=0.0106  accepted=10  loss=1.0102  (0.7s)
Round   98/100  coverage=0.2491  prec@K=0.0085  accepted=8  loss=1.1721  (0.7s)
Round   99/100  coverage=0.2495  prec@K=0.0085  accepted=8  loss=1.0294  (0.8s)
Round  100/100  coverage=0.2500  prec@K=0.0106  accepted=10  loss=1.0021  (0.7s)

˝áąűŇŃĐ´Čë results\online\college_msg_init2_gnn_h64_ppos1_globalrand30/rounds.csv
OK
=== configs/online/college_msg_init2_gnn_h64_ppos1_globalrand50.yaml ===
C:\conda\envs\gnn\lib\site-packages\requests\__init__.py:86: RequestsDependencyWarning: Unable to find acceptable character detection dependency (chardet or charset_normalizer).
  warnings.warn(
C:\conda\envs\gnn\lib\site-packages\outdated\__init__.py:36: UserWarning: pkg_resources is deprecated as an API. See https://setuptools.pypa.io/en/latest/pkg_resources.html. The pkg_resources package is slated for removal as early as 2025-11-30. Refrain from using this package or pin to Setuptools<81.
  from pkg_resources import parse_version
C:\conda\envs\gnn\lib\site-packages\dgl\backend\pytorch\sparse.py:157: FutureWarning: `torch.cuda.amp.autocast_mode._cast(value, dtype)` is deprecated. Please use `torch.amp.autocast_mode._cast(value, 'cuda', dtype)` instead.
  return th.cuda.amp.autocast_mode._cast(
C:\conda\envs\gnn\lib\site-packages\dgl\backend\pytorch\sparse.py:148: FutureWarning: `torch.cuda.amp.autocast(args...)` is deprecated. Please use `torch.amp.autocast('cuda', args...)` instead.
  return th.cuda.amp.autocast(enabled=False)
Round    1/100  coverage=0.2007  prec@K=0.0159  accepted=15  loss=0.7425  (1.1s)
Round    2/100  coverage=0.2017  prec@K=0.0201  accepted=19  loss=0.7344  (0.4s)
Round    3/100  coverage=0.2024  prec@K=0.0159  accepted=15  loss=0.7259  (0.4s)
Round    4/100  coverage=0.2033  prec@K=0.0190  accepted=18  loss=0.7171  (0.4s)
Round    5/100  coverage=0.2039  prec@K=0.0138  accepted=13  loss=0.7071  (0.4s)
Round    6/100  coverage=0.2044  prec@K=0.0095  accepted=9  loss=0.6961  (0.4s)
Round    7/100  coverage=0.2046  prec@K=0.0053  accepted=5  loss=0.6833  (0.4s)
Round    8/100  coverage=0.2049  prec@K=0.0053  accepted=5  loss=0.6688  (0.4s)
Round    9/100  coverage=0.2051  prec@K=0.0053  accepted=5  loss=0.6521  (0.4s)
Round   10/100  coverage=0.2054  prec@K=0.0063  accepted=6  loss=0.6331  (0.4s)
Round   11/100  coverage=0.2058  prec@K=0.0085  accepted=8  loss=0.6108  (0.6s)
Round   12/100  coverage=0.2061  prec@K=0.0053  accepted=5  loss=0.5850  (0.6s)
Round   13/100  coverage=0.2067  prec@K=0.0138  accepted=13  loss=0.5560  (0.6s)
Round   14/100  coverage=0.2072  prec@K=0.0116  accepted=11  loss=0.5219  (0.5s)
Round   15/100  coverage=0.2076  prec@K=0.0085  accepted=8  loss=0.4840  (0.5s)
Round   16/100  coverage=0.2080  prec@K=0.0085  accepted=8  loss=0.4415  (0.7s)
Round   17/100  coverage=0.2084  prec@K=0.0074  accepted=7  loss=0.3949  (0.5s)
Round   18/100  coverage=0.2086  prec@K=0.0053  accepted=5  loss=0.3463  (0.5s)
Round   19/100  coverage=0.2091  prec@K=0.0095  accepted=9  loss=0.2968  (0.5s)
Round   20/100  coverage=0.2093  prec@K=0.0053  accepted=5  loss=0.2501  (0.7s)
Round   21/100  coverage=0.2099  prec@K=0.0127  accepted=12  loss=0.2110  (0.5s)
Round   22/100  coverage=0.2104  prec@K=0.0106  accepted=10  loss=0.1801  (0.5s)
Round   23/100  coverage=0.2109  prec@K=0.0116  accepted=11  loss=0.1602  (0.5s)
Round   24/100  coverage=0.2113  prec@K=0.0085  accepted=8  loss=0.1590  (0.7s)
Round   25/100  coverage=0.2117  prec@K=0.0085  accepted=8  loss=0.1592  (0.6s)
Round   26/100  coverage=0.2120  prec@K=0.0063  accepted=6  loss=0.1463  (0.7s)
Round   27/100  coverage=0.2126  prec@K=0.0127  accepted=12  loss=0.1457  (0.6s)
Round   28/100  coverage=0.2128  prec@K=0.0053  accepted=5  loss=0.1448  (0.6s)
Round   29/100  coverage=0.2131  prec@K=0.0063  accepted=6  loss=0.1430  (0.8s)
Round   30/100  coverage=0.2135  prec@K=0.0085  accepted=8  loss=0.1428  (0.6s)
Round   31/100  coverage=0.2137  prec@K=0.0042  accepted=4  loss=0.1387  (0.8s)
Round   32/100  coverage=0.2140  prec@K=0.0063  accepted=6  loss=0.1378  (0.6s)
Round   33/100  coverage=0.2145  prec@K=0.0106  accepted=10  loss=0.1409  (0.8s)
Round   34/100  coverage=0.2150  prec@K=0.0095  accepted=9  loss=0.1390  (0.6s)
Round   35/100  coverage=0.2153  prec@K=0.0074  accepted=7  loss=0.1425  (0.8s)
Round   36/100  coverage=0.2157  prec@K=0.0085  accepted=8  loss=0.2204  (0.6s)
Round   37/100  coverage=0.2161  prec@K=0.0074  accepted=7  loss=0.2148  (0.6s)
Round   38/100  coverage=0.2165  prec@K=0.0095  accepted=9  loss=0.2228  (0.8s)
Round   39/100  coverage=0.2169  prec@K=0.0085  accepted=8  loss=0.2182  (0.6s)
Round   40/100  coverage=0.2173  prec@K=0.0085  accepted=8  loss=0.2240  (0.8s)
Round   41/100  coverage=0.2177  prec@K=0.0085  accepted=8  loss=0.1975  (0.7s)
Round   42/100  coverage=0.2183  prec@K=0.0127  accepted=12  loss=0.1730  (0.8s)
Round   43/100  coverage=0.2188  prec@K=0.0106  accepted=10  loss=0.1797  (0.6s)
Round   44/100  coverage=0.2195  prec@K=0.0159  accepted=15  loss=0.1788  (0.8s)
Round   45/100  coverage=0.2198  prec@K=0.0074  accepted=7  loss=0.1787  (0.6s)
Round   46/100  coverage=0.2202  prec@K=0.0085  accepted=8  loss=0.1704  (0.9s)
Round   47/100  coverage=0.2208  prec@K=0.0127  accepted=12  loss=0.1669  (0.6s)
Round   48/100  coverage=0.2212  prec@K=0.0085  accepted=8  loss=0.1710  (0.8s)
Round   49/100  coverage=0.2219  prec@K=0.0148  accepted=14  loss=0.1419  (0.6s)
Round   50/100  coverage=0.2222  prec@K=0.0063  accepted=6  loss=0.1542  (0.8s)
Round   51/100  coverage=0.2228  prec@K=0.0116  accepted=11  loss=0.1538  (0.7s)
Round   52/100  coverage=0.2231  prec@K=0.0085  accepted=8  loss=0.3352  (0.8s)
Round   53/100  coverage=0.2234  prec@K=0.0053  accepted=5  loss=0.4213  (0.6s)
Round   54/100  coverage=0.2237  prec@K=0.0074  accepted=7  loss=0.5677  (0.8s)
Round   55/100  coverage=0.2243  prec@K=0.0127  accepted=12  loss=0.6038  (0.7s)
Round   56/100  coverage=0.2250  prec@K=0.0148  accepted=14  loss=0.7501  (0.7s)
Round   57/100  coverage=0.2253  prec@K=0.0063  accepted=6  loss=0.7098  (0.8s)
Round   58/100  coverage=0.2260  prec@K=0.0138  accepted=13  loss=0.8564  (0.7s)
Round   59/100  coverage=0.2264  prec@K=0.0095  accepted=9  loss=0.8118  (0.8s)
Round   60/100  coverage=0.2270  prec@K=0.0127  accepted=12  loss=0.8960  (0.7s)
Round   61/100  coverage=0.2276  prec@K=0.0127  accepted=12  loss=0.8241  (0.8s)
Round   62/100  coverage=0.2283  prec@K=0.0148  accepted=14  loss=0.8630  (0.8s)
Round   63/100  coverage=0.2288  prec@K=0.0106  accepted=10  loss=0.9037  (0.7s)
Round   64/100  coverage=0.2291  prec@K=0.0074  accepted=7  loss=0.9372  (0.7s)
Round   65/100  coverage=0.2296  prec@K=0.0106  accepted=10  loss=0.8867  (0.8s)
Round   66/100  coverage=0.2303  prec@K=0.0159  accepted=15  loss=0.9179  (0.7s)
Round   67/100  coverage=0.2310  prec@K=0.0148  accepted=14  loss=0.9597  (0.8s)
Round   68/100  coverage=0.2317  prec@K=0.0148  accepted=14  loss=0.9848  (0.7s)
Round   69/100  coverage=0.2324  prec@K=0.0148  accepted=14  loss=0.9851  (0.8s)
Round   70/100  coverage=0.2330  prec@K=0.0127  accepted=12  loss=0.9445  (0.7s)
Round   71/100  coverage=0.2335  prec@K=0.0106  accepted=10  loss=0.9798  (0.8s)
Round   72/100  coverage=0.2344  prec@K=0.0190  accepted=18  loss=1.0058  (0.7s)
Round   73/100  coverage=0.2354  prec@K=0.0222  accepted=21  loss=0.9958  (0.8s)
Round   74/100  coverage=0.2361  prec@K=0.0148  accepted=14  loss=1.0781  (0.7s)
Round   75/100  coverage=0.2366  prec@K=0.0106  accepted=10  loss=1.0465  (0.7s)
Round   76/100  coverage=0.2372  prec@K=0.0127  accepted=12  loss=1.0396  (0.8s)
Round   77/100  coverage=0.2379  prec@K=0.0148  accepted=14  loss=1.0471  (0.7s)
Round   78/100  coverage=0.2387  prec@K=0.0180  accepted=17  loss=1.0759  (0.8s)
Round   79/100  coverage=0.2393  prec@K=0.0127  accepted=12  loss=1.0401  (0.7s)
Round   80/100  coverage=0.2398  prec@K=0.0106  accepted=10  loss=1.1048  (0.8s)
Round   81/100  coverage=0.2405  prec@K=0.0148  accepted=14  loss=0.9755  (0.7s)
Round   82/100  coverage=0.2413  prec@K=0.0169  accepted=16  loss=1.0380  (0.8s)
Round   83/100  coverage=0.2419  prec@K=0.0138  accepted=13  loss=1.0519  (0.8s)
Round   84/100  coverage=0.2427  prec@K=0.0169  accepted=16  loss=1.1363  (0.7s)
Round   85/100  coverage=0.2436  prec@K=0.0201  accepted=19  loss=1.0524  (0.8s)
Round   86/100  coverage=0.2443  prec@K=0.0148  accepted=14  loss=1.0973  (0.7s)
Round   87/100  coverage=0.2448  prec@K=0.0095  accepted=9  loss=1.1491  (0.7s)
Round   88/100  coverage=0.2452  prec@K=0.0085  accepted=8  loss=0.9653  (0.8s)
Round   89/100  coverage=0.2463  prec@K=0.0233  accepted=22  loss=1.1972  (0.7s)
Round   90/100  coverage=0.2466  prec@K=0.0074  accepted=7  loss=1.1395  (0.9s)
Round   91/100  coverage=0.2472  prec@K=0.0127  accepted=12  loss=1.1165  (0.9s)
Round   92/100  coverage=0.2481  prec@K=0.0190  accepted=18  loss=1.1304  (0.7s)
Round   93/100  coverage=0.2487  prec@K=0.0127  accepted=12  loss=1.0909  (0.8s)
Round   94/100  coverage=0.2495  prec@K=0.0169  accepted=16  loss=1.1812  (0.7s)
Round   95/100  coverage=0.2497  prec@K=0.0053  accepted=5  loss=1.1032  (0.9s)
Round   96/100  coverage=0.2501  prec@K=0.0095  accepted=9  loss=1.0807  (0.7s)
Round   97/100  coverage=0.2510  prec@K=0.0190  accepted=18  loss=1.0663  (0.7s)
Round   98/100  coverage=0.2515  prec@K=0.0106  accepted=10  loss=1.1582  (0.8s)
Round   99/100  coverage=0.2522  prec@K=0.0148  accepted=14  loss=1.2608  (0.8s)
Round  100/100  coverage=0.2526  prec@K=0.0074  accepted=7  loss=1.1197  (0.7s)

˝áąűŇŃĐ´Čë results\online\college_msg_init2_gnn_h64_ppos1_globalrand50/rounds.csv
OK
=== ALL DONE ===
