C:\conda\envs\gnn\lib\site-packages\requests\__init__.py:86: RequestsDependencyWarning: Unable to find acceptable character detection dependency (chardet or charset_normalizer).
  warnings.warn(
C:\conda\envs\gnn\lib\site-packages\outdated\__init__.py:36: UserWarning: pkg_resources is deprecated as an API. See https://setuptools.pypa.io/en/latest/pkg_resources.html. The pkg_resources package is slated for removal as early as 2025-11-30. Refrain from using this package or pin to Setuptools<81.
  from pkg_resources import parse_version
Round    1/30  coverage=0.2500  prec@K=0.0008  accepted=14  loss=0.8036  (23.8s)
Round    2/30  coverage=0.2500  prec@K=0.0009  accepted=17  loss=0.8017  (21.0s)
Round    3/30  coverage=0.2500  prec@K=0.0006  accepted=11  loss=0.7994  (40.6s)
Round    4/30  coverage=0.2501  prec@K=0.0008  accepted=15  loss=0.7951  (35.2s)
Round    5/30  coverage=0.2501  prec@K=0.0007  accepted=13  loss=0.7902  (78.7s)
Round    6/30  coverage=0.2501  prec@K=0.0008  accepted=15  loss=0.7837  (47.6s)
Round    7/30  coverage=0.2501  prec@K=0.0007  accepted=12  loss=0.7785  (54.5s)
Round    8/30  coverage=0.2501  prec@K=0.0006  accepted=11  loss=0.7713  (100.7s)
Round    9/30  coverage=0.2501  prec@K=0.0007  accepted=12  loss=0.7674  (74.7s)
Round   10/30  coverage=0.2502  prec@K=0.0008  accepted=14  loss=0.7619  (70.3s)
Round   11/30  coverage=0.2502  prec@K=0.0006  accepted=11  loss=0.7570  (75.9s)
Round   12/30  coverage=0.2502  prec@K=0.0004  accepted=8  loss=0.7524  (80.6s)
Round   13/30  coverage=0.2502  prec@K=0.0004  accepted=8  loss=0.7485  (79.6s)
Round   14/30  coverage=0.2502  prec@K=0.0004  accepted=7  loss=0.7443  (119.4s)
Round   15/30  coverage=0.2502  prec@K=0.0003  accepted=5  loss=0.7409  (95.2s)
Round   16/30  coverage=0.2502  prec@K=0.0004  accepted=7  loss=0.7379  (96.1s)
Round   17/30  coverage=0.2502  prec@K=0.0002  accepted=4  loss=0.7340  (117.0s)
Round   18/30  coverage=0.2502  prec@K=0.0003  accepted=6  loss=0.7306  (105.6s)
Round   19/30  coverage=0.2502  prec@K=0.0003  accepted=6  loss=0.7278  (111.4s)
Round   20/30  coverage=0.2502  prec@K=0.0001  accepted=1  loss=0.7260  (116.2s)
Round   21/30  coverage=0.2502  prec@K=0.0004  accepted=7  loss=0.7237  (123.9s)
Round   22/30  coverage=0.2502  prec@K=0.0002  accepted=4  loss=0.7221  (140.7s)
Round   23/30  coverage=0.2503  prec@K=0.0005  accepted=9  loss=0.7204  (127.1s)
Round   24/30  coverage=0.2503  prec@K=0.0004  accepted=7  loss=0.7192  (130.5s)
Round   25/30  coverage=0.2503  prec@K=0.0003  accepted=5  loss=0.7184  (135.2s)
Round   26/30  coverage=0.2503  prec@K=0.0002  accepted=3  loss=0.7184  (148.7s)
Round   27/30  coverage=0.2503  prec@K=0.0003  accepted=6  loss=0.7170  (146.4s)
Round   28/30  coverage=0.2503  prec@K=0.0002  accepted=4  loss=0.7168  (151.1s)
Round   29/30  coverage=0.2503  prec@K=0.0003  accepted=6  loss=0.7164  (159.7s)
Round   30/30  coverage=0.2503  prec@K=0.0003  accepted=6  loss=0.7164  (160.8s)

结果已写入 results\online\algo_sweep_sx_superuser_v2_s1\sx_superuser_gnn_sum_h8/rounds.csv
