C:\conda\envs\gnn\lib\site-packages\requests\__init__.py:86: RequestsDependencyWarning: Unable to find acceptable character detection dependency (chardet or charset_normalizer).
  warnings.warn(
C:\conda\envs\gnn\lib\site-packages\outdated\__init__.py:36: UserWarning: pkg_resources is deprecated as an API. See https://setuptools.pypa.io/en/latest/pkg_resources.html. The pkg_resources package is slated for removal as early as 2025-11-30. Refrain from using this package or pin to Setuptools<81.
  from pkg_resources import parse_version
Round    1/30  coverage=0.2500  prec@K=0.0013  accepted=23  loss=nan  (21.8s)
Round    2/30  coverage=0.2501  prec@K=0.0015  accepted=27  loss=nan  (24.3s)
Round    3/30  coverage=0.2501  prec@K=0.0014  accepted=26  loss=nan  (32.9s)
Round    4/30  coverage=0.2501  prec@K=0.0019  accepted=34  loss=nan  (34.5s)
Round    5/30  coverage=0.2502  prec@K=0.0011  accepted=20  loss=nan  (42.2s)
Round    6/30  coverage=0.2502  prec@K=0.0012  accepted=22  loss=nan  (46.3s)
Round    7/30  coverage=0.2502  prec@K=0.0008  accepted=14  loss=nan  (51.6s)
Round    8/30  coverage=0.2502  prec@K=0.0008  accepted=15  loss=nan  (53.4s)
Round    9/30  coverage=0.2502  prec@K=0.0013  accepted=23  loss=nan  (61.2s)
Round   10/30  coverage=0.2503  prec@K=0.0020  accepted=37  loss=nan  (62.9s)
Round   11/30  coverage=0.2503  prec@K=0.0011  accepted=19  loss=nan  (74.3s)
Round   12/30  coverage=0.2503  prec@K=0.0007  accepted=13  loss=nan  (74.8s)
Round   13/30  coverage=0.2503  prec@K=0.0012  accepted=21  loss=nan  (76.7s)
Round   14/30  coverage=0.2504  prec@K=0.0010  accepted=19  loss=nan  (83.5s)
Round   15/30  coverage=0.2504  prec@K=0.0006  accepted=10  loss=nan  (88.2s)
Round   16/30  coverage=0.2504  prec@K=0.0009  accepted=16  loss=nan  (89.2s)
Round   17/30  coverage=0.2504  prec@K=0.0011  accepted=20  loss=nan  (94.5s)
Round   18/30  coverage=0.2504  prec@K=0.0012  accepted=21  loss=nan  (98.7s)
Round   19/30  coverage=0.2505  prec@K=0.0007  accepted=12  loss=nan  (102.5s)
Round   20/30  coverage=0.2505  prec@K=0.0010  accepted=18  loss=nan  (105.7s)
Round   21/30  coverage=0.2505  prec@K=0.0011  accepted=20  loss=nan  (115.0s)
Round   22/30  coverage=0.2505  prec@K=0.0010  accepted=18  loss=nan  (113.4s)
Round   23/30  coverage=0.2506  prec@K=0.0014  accepted=25  loss=nan  (120.8s)
Round   24/30  coverage=0.2506  prec@K=0.0011  accepted=20  loss=nan  (127.1s)
Round   25/30  coverage=0.2506  prec@K=0.0010  accepted=19  loss=nan  (131.9s)
Round   26/30  coverage=0.2506  prec@K=0.0008  accepted=14  loss=nan  (136.6s)
Round   27/30  coverage=0.2506  prec@K=0.0014  accepted=25  loss=nan  (139.6s)
Round   28/30  coverage=0.2507  prec@K=0.0012  accepted=21  loss=nan  (145.1s)
Round   29/30  coverage=0.2507  prec@K=0.0010  accepted=19  loss=nan  (146.1s)
Round   30/30  coverage=0.2507  prec@K=0.0012  accepted=21  loss=nan  (149.6s)

结果已写入 results\online\algo_sweep_sx_superuser_v2_s1\sx_superuser_cn/rounds.csv
