C:\conda\envs\gnn\lib\site-packages\requests\__init__.py:86: RequestsDependencyWarning: Unable to find acceptable character detection dependency (chardet or charset_normalizer).
  warnings.warn(
C:\conda\envs\gnn\lib\site-packages\outdated\__init__.py:36: UserWarning: pkg_resources is deprecated as an API. See https://setuptools.pypa.io/en/latest/pkg_resources.html. The pkg_resources package is slated for removal as early as 2025-11-30. Refrain from using this package or pin to Setuptools<81.
  from pkg_resources import parse_version
Round    1/30  coverage=0.2500  prec@K=0.0004  accepted=8  loss=0.7518  (30.6s)
Round    2/30  coverage=0.2500  prec@K=0.0008  accepted=14  loss=0.7493  (22.1s)
Round    3/30  coverage=0.2500  prec@K=0.0004  accepted=8  loss=0.7461  (42.8s)
Round    4/30  coverage=0.2500  prec@K=0.0005  accepted=9  loss=0.7407  (37.1s)
Round    5/30  coverage=0.2501  prec@K=0.0003  accepted=5  loss=0.7339  (43.6s)
Round    6/30  coverage=0.2501  prec@K=0.0003  accepted=5  loss=0.7250  (46.4s)
Round    7/30  coverage=0.2501  prec@K=0.0001  accepted=2  loss=0.7172  (57.3s)
Round    8/30  coverage=0.2501  prec@K=0.0004  accepted=7  loss=0.7069  (60.3s)
Round    9/30  coverage=0.2501  prec@K=0.0002  accepted=4  loss=0.7001  (67.4s)
Round   10/30  coverage=0.2501  prec@K=0.0004  accepted=8  loss=0.6922  (69.3s)
Round   11/30  coverage=0.2501  prec@K=0.0006  accepted=10  loss=0.6838  (79.1s)
Round   12/30  coverage=0.2501  prec@K=0.0001  accepted=2  loss=0.6760  (80.4s)
Round   13/30  coverage=0.2501  prec@K=0.0005  accepted=9  loss=0.6705  (83.4s)
Round   14/30  coverage=0.2501  prec@K=0.0004  accepted=7  loss=0.6659  (86.8s)
Round   15/30  coverage=0.2501  prec@K=0.0004  accepted=8  loss=0.6626  (92.3s)
Round   16/30  coverage=0.2501  prec@K=0.0004  accepted=7  loss=0.6601  (132.2s)
Round   17/30  coverage=0.2501  prec@K=0.0004  accepted=8  loss=0.6560  (100.1s)
Round   18/30  coverage=0.2502  prec@K=0.0004  accepted=8  loss=0.6528  (124.6s)
Round   19/30  coverage=0.2502  prec@K=0.0004  accepted=8  loss=0.6503  (130.2s)
Round   20/30  coverage=0.2502  prec@K=0.0004  accepted=7  loss=0.6483  (110.4s)
Round   21/30  coverage=0.2502  prec@K=0.0004  accepted=8  loss=0.6461  (145.2s)
Round   22/30  coverage=0.2502  prec@K=0.0005  accepted=10  loss=0.6447  (147.7s)
Round   23/30  coverage=0.2502  prec@K=0.0004  accepted=8  loss=0.6431  (146.8s)
Round   24/30  coverage=0.2502  prec@K=0.0005  accepted=9  loss=0.6418  (141.8s)
Round   25/30  coverage=0.2502  prec@K=0.0005  accepted=9  loss=0.6412  (154.8s)
Round   26/30  coverage=0.2502  prec@K=0.0003  accepted=6  loss=0.6409  (141.3s)
Round   27/30  coverage=0.2502  prec@K=0.0004  accepted=8  loss=0.6395  (152.8s)
Round   28/30  coverage=0.2502  prec@K=0.0004  accepted=7  loss=0.6395  (153.2s)
Round   29/30  coverage=0.2503  prec@K=0.0006  accepted=11  loss=0.6391  (155.0s)
Round   30/30  coverage=0.2503  prec@K=0.0004  accepted=8  loss=0.6391  (159.6s)

结果已写入 results\online\algo_sweep_sx_superuser_v2_s1\sx_superuser_gnn_concat_h8/rounds.csv
