C:\conda\envs\gnn\lib\site-packages\requests\__init__.py:86: RequestsDependencyWarning: Unable to find acceptable character detection dependency (chardet or charset_normalizer).
  warnings.warn(
C:\conda\envs\gnn\lib\site-packages\outdated\__init__.py:36: UserWarning: pkg_resources is deprecated as an API. See https://setuptools.pypa.io/en/latest/pkg_resources.html. The pkg_resources package is slated for removal as early as 2025-11-30. Refrain from using this package or pin to Setuptools<81.
  from pkg_resources import parse_version
Round    1/30  coverage=0.2500  prec@K=0.0006  accepted=10  loss=0.7131  (35.5s)
Round    2/30  coverage=0.2500  prec@K=0.0010  accepted=18  loss=0.7023  (20.9s)
Round    3/30  coverage=0.2500  prec@K=0.0005  accepted=9  loss=0.6809  (29.8s)
Round    4/30  coverage=0.2501  prec@K=0.0006  accepted=10  loss=0.6489  (38.4s)
Round    5/30  coverage=0.2501  prec@K=0.0005  accepted=9  loss=0.6096  (81.4s)
Round    6/30  coverage=0.2501  prec@K=0.0006  accepted=11  loss=0.5638  (54.3s)
Round    7/30  coverage=0.2501  prec@K=0.0003  accepted=5  loss=0.5207  (54.8s)
Round    8/30  coverage=0.2501  prec@K=0.0006  accepted=11  loss=0.4745  (59.2s)
Round    9/30  coverage=0.2501  prec@K=0.0005  accepted=9  loss=0.4343  (68.0s)
Round   10/30  coverage=0.2501  prec@K=0.0006  accepted=10  loss=0.3896  (69.1s)
Round   11/30  coverage=0.2501  prec@K=0.0009  accepted=16  loss=0.3505  (78.5s)
Round   12/30  coverage=0.2501  prec@K=0.0002  accepted=4  loss=0.3071  (89.7s)
Round   13/30  coverage=0.2502  prec@K=0.0004  accepted=7  loss=0.2711  (80.8s)
Round   14/30  coverage=0.2502  prec@K=0.0004  accepted=8  loss=0.2393  (88.5s)
Round   15/30  coverage=0.2502  prec@K=0.0004  accepted=7  loss=0.2082  (91.0s)
Round   16/30  coverage=0.2502  prec@K=0.0003  accepted=5  loss=0.1837  (131.7s)
Round   17/30  coverage=0.2502  prec@K=0.0003  accepted=6  loss=0.1607  (101.2s)
Round   18/30  coverage=0.2502  prec@K=0.0004  accepted=7  loss=0.1415  (106.6s)
Round   19/30  coverage=0.2502  prec@K=0.0003  accepted=6  loss=0.1252  (110.3s)
Round   20/30  coverage=0.2502  prec@K=0.0003  accepted=6  loss=0.1135  (114.5s)
Round   21/30  coverage=0.2502  prec@K=0.0005  accepted=10  loss=0.1066  (125.0s)
Round   22/30  coverage=0.2502  prec@K=0.0005  accepted=9  loss=0.0977  (124.0s)
Round   23/30  coverage=0.2502  prec@K=0.0003  accepted=5  loss=0.0884  (129.1s)
Round   24/30  coverage=0.2502  prec@K=0.0005  accepted=10  loss=0.0880  (136.9s)
Round   25/30  coverage=0.2503  prec@K=0.0004  accepted=7  loss=0.0822  (138.0s)
Round   26/30  coverage=0.2503  prec@K=0.0000  accepted=0  loss=0.0746  (141.8s)
Round   27/30  coverage=0.2503  prec@K=0.0006  accepted=10  loss=0.0822  (153.8s)
Round   28/30  coverage=0.2503  prec@K=0.0005  accepted=9  loss=0.0799  (152.5s)
Round   29/30  coverage=0.2503  prec@K=0.0004  accepted=8  loss=0.0772  (155.4s)
Round   30/30  coverage=0.2503  prec@K=0.0004  accepted=7  loss=0.0763  (158.4s)

结果已写入 results\online\algo_sweep_sx_superuser_v2_s1\sx_superuser_gnn_sum/rounds.csv
