C:\conda\envs\gnn\lib\site-packages\requests\__init__.py:86: RequestsDependencyWarning: Unable to find acceptable character detection dependency (chardet or charset_normalizer).
  warnings.warn(
C:\conda\envs\gnn\lib\site-packages\outdated\__init__.py:36: UserWarning: pkg_resources is deprecated as an API. See https://setuptools.pypa.io/en/latest/pkg_resources.html. The pkg_resources package is slated for removal as early as 2025-11-30. Refrain from using this package or pin to Setuptools<81.
  from pkg_resources import parse_version
Round    1/30  coverage=0.4078  prec@K=0.1992  accepted=195  loss=nan  (0.2s)
Round    2/30  coverage=0.4158  prec@K=0.2062  accepted=199  loss=nan  (0.1s)
Round    3/30  coverage=0.4257  prec@K=0.2531  accepted=248  loss=nan  (0.1s)
Round    4/30  coverage=0.4336  prec@K=0.2019  accepted=195  loss=nan  (0.1s)
Round    5/30  coverage=0.4419  prec@K=0.2122  accepted=208  loss=nan  (0.1s)
Round    6/30  coverage=0.4505  prec@K=0.2240  accepted=215  loss=nan  (0.1s)
Round    7/30  coverage=0.4591  prec@K=0.2196  accepted=215  loss=nan  (0.1s)
Round    8/30  coverage=0.4662  prec@K=0.1796  accepted=176  loss=nan  (0.1s)
Round    9/30  coverage=0.4720  prec@K=0.1502  accepted=144  loss=nan  (0.1s)
Round   10/30  coverage=0.4791  prec@K=0.1820  accepted=178  loss=nan  (0.1s)
Round   11/30  coverage=0.4864  prec@K=0.1858  accepted=181  loss=nan  (0.4s)
Round   12/30  coverage=0.4928  prec@K=0.1656  accepted=160  loss=nan  (0.1s)
Round   13/30  coverage=0.4992  prec@K=0.1639  accepted=159  loss=nan  (0.1s)
Round   14/30  coverage=0.5064  prec@K=0.1870  accepted=181  loss=nan  (0.1s)
Round   15/30  coverage=0.5120  prec@K=0.1426  accepted=139  loss=nan  (0.1s)
Round   16/30  coverage=0.5169  prec@K=0.1235  accepted=121  loss=nan  (0.1s)
Round   17/30  coverage=0.5232  prec@K=0.1602  accepted=157  loss=nan  (0.1s)
Round   18/30  coverage=0.5288  prec@K=0.1449  accepted=141  loss=nan  (0.1s)
Round   19/30  coverage=0.5338  prec@K=0.1287  accepted=125  loss=nan  (0.1s)
Round   20/30  coverage=0.5395  prec@K=0.1439  accepted=141  loss=nan  (0.1s)
Round   21/30  coverage=0.5436  prec@K=0.1051  accepted=103  loss=nan  (0.3s)
Round   22/30  coverage=0.5474  prec@K=0.0949  accepted=93  loss=nan  (0.1s)
Round   23/30  coverage=0.5519  prec@K=0.1161  accepted=113  loss=nan  (0.1s)
Round   24/30  coverage=0.5574  prec@K=0.1420  accepted=137  loss=nan  (0.1s)
Round   25/30  coverage=0.5618  prec@K=0.1138  accepted=111  loss=nan  (0.1s)
Round   26/30  coverage=0.5660  prec@K=0.1062  accepted=104  loss=nan  (0.1s)
Round   27/30  coverage=0.5703  prec@K=0.1096  accepted=106  loss=nan  (0.1s)
Round   28/30  coverage=0.5753  prec@K=0.1276  accepted=125  loss=nan  (0.1s)
Round   29/30  coverage=0.5793  prec@K=0.1026  accepted=100  loss=nan  (0.1s)
Round   30/30  coverage=0.5829  prec@K=0.0925  accepted=90  loss=nan  (0.1s)

结果已写入 results\online\algo_sweep_email_eu_v2_ir40_s2\email_eu_aa/rounds.csv
