C:\conda\envs\gnn\lib\site-packages\requests\__init__.py:86: RequestsDependencyWarning: Unable to find acceptable character detection dependency (chardet or charset_normalizer).
  warnings.warn(
C:\conda\envs\gnn\lib\site-packages\outdated\__init__.py:36: UserWarning: pkg_resources is deprecated as an API. See https://setuptools.pypa.io/en/latest/pkg_resources.html. The pkg_resources package is slated for removal as early as 2025-11-30. Refrain from using this package or pin to Setuptools<81.
  from pkg_resources import parse_version
Round    1/30  coverage=0.4007  prec@K=0.0103  accepted=69  loss=0.5261  (11.2s)
Round    2/30  coverage=0.4013  prec@K=0.0092  accepted=62  loss=0.5244  (19.0s)
Round    3/30  coverage=0.4020  prec@K=0.0106  accepted=72  loss=0.5233  (12.6s)
Round    4/30  coverage=0.4024  prec@K=0.0075  accepted=50  loss=0.5163  (13.4s)
Round    5/30  coverage=0.4029  prec@K=0.0077  accepted=51  loss=0.5111  (9.7s)
Round    6/30  coverage=0.4035  prec@K=0.0087  accepted=58  loss=0.5048  (7.9s)
Round    7/30  coverage=0.4040  prec@K=0.0083  accepted=56  loss=0.4962  (12.2s)
Round    8/30  coverage=0.4046  prec@K=0.0084  accepted=56  loss=0.4883  (11.8s)
Round    9/30  coverage=0.4050  prec@K=0.0071  accepted=47  loss=0.4795  (11.0s)
Round   10/30  coverage=0.4055  prec@K=0.0068  accepted=45  loss=0.4718  (9.9s)
Round   11/30  coverage=0.4059  prec@K=0.0065  accepted=43  loss=0.4636  (14.7s)
Round   12/30  coverage=0.4063  prec@K=0.0069  accepted=46  loss=0.4580  (11.3s)
Round   13/30  coverage=0.4067  prec@K=0.0067  accepted=45  loss=0.4511  (13.2s)
Round   14/30  coverage=0.4072  prec@K=0.0067  accepted=45  loss=0.4440  (18.8s)
Round   15/30  coverage=0.4076  prec@K=0.0058  accepted=39  loss=0.4372  (22.4s)
Round   16/30  coverage=0.4079  prec@K=0.0056  accepted=38  loss=0.4309  (18.1s)
Round   17/30  coverage=0.4083  prec@K=0.0065  accepted=43  loss=0.4257  (19.0s)
Round   18/30  coverage=0.4086  prec@K=0.0043  accepted=29  loss=0.4191  (19.5s)
Round   19/30  coverage=0.4090  prec@K=0.0057  accepted=39  loss=0.4163  (23.6s)
Round   20/30  coverage=0.4094  prec@K=0.0059  accepted=40  loss=0.4127  (15.0s)
Round   21/30  coverage=0.4097  prec@K=0.0054  accepted=36  loss=0.4085  (17.1s)
Round   22/30  coverage=0.4101  prec@K=0.0063  accepted=42  loss=0.4072  (19.9s)
Round   23/30  coverage=0.4104  prec@K=0.0046  accepted=31  loss=0.4028  (22.4s)
Round   24/30  coverage=0.4107  prec@K=0.0049  accepted=33  loss=0.4001  (24.9s)
Round   25/30  coverage=0.4111  prec@K=0.0060  accepted=40  loss=0.4004  (20.4s)
Round   26/30  coverage=0.4114  prec@K=0.0045  accepted=30  loss=0.3970  (19.3s)
Round   27/30  coverage=0.4117  prec@K=0.0039  accepted=26  loss=0.3961  (14.8s)
Round   28/30  coverage=0.4120  prec@K=0.0051  accepted=34  loss=0.3987  (21.8s)
Round   29/30  coverage=0.4124  prec@K=0.0060  accepted=40  loss=0.3985  (36.2s)
Round   30/30  coverage=0.4127  prec@K=0.0045  accepted=30  loss=0.3968  (20.9s)

结果已写入 results\online\algo_sweep_wiki_vote_v2_ir40_s2\wiki_vote_gnn_sum_h8/rounds.csv
