C:\conda\envs\gnn\lib\site-packages\requests\__init__.py:86: RequestsDependencyWarning: Unable to find acceptable character detection dependency (chardet or charset_normalizer).
  warnings.warn(
C:\conda\envs\gnn\lib\site-packages\outdated\__init__.py:36: UserWarning: pkg_resources is deprecated as an API. See https://setuptools.pypa.io/en/latest/pkg_resources.html. The pkg_resources package is slated for removal as early as 2025-11-30. Refrain from using this package or pin to Setuptools<81.
  from pkg_resources import parse_version
Round    1/30  coverage=0.2500  prec@K=0.0001  accepted=2  loss=0.6559  (15.8s)
Round    2/30  coverage=0.2500  prec@K=0.0002  accepted=3  loss=0.6550  (14.4s)
Round    3/30  coverage=0.2500  prec@K=0.0003  accepted=6  loss=0.6545  (16.9s)
Round    4/30  coverage=0.2500  prec@K=0.0002  accepted=4  loss=0.6535  (18.8s)
Round    5/30  coverage=0.2500  prec@K=0.0003  accepted=6  loss=0.6527  (21.3s)
Round    6/30  coverage=0.2500  prec@K=0.0001  accepted=1  loss=0.6517  (24.3s)
Round    7/30  coverage=0.2500  prec@K=0.0000  accepted=0  loss=nan  (27.1s)
Round    8/30  coverage=0.2500  prec@K=0.0002  accepted=4  loss=0.6511  (29.4s)
Round    9/30  coverage=0.2500  prec@K=0.0003  accepted=6  loss=0.6503  (32.8s)
Round   10/30  coverage=0.2500  prec@K=0.0002  accepted=4  loss=0.6494  (35.2s)
Round   11/30  coverage=0.2500  prec@K=0.0001  accepted=2  loss=0.6486  (43.2s)
Round   12/30  coverage=0.2500  prec@K=0.0001  accepted=2  loss=0.6478  (41.4s)
Round   13/30  coverage=0.2501  prec@K=0.0002  accepted=3  loss=0.6469  (44.7s)
Round   14/30  coverage=0.2501  prec@K=0.0002  accepted=3  loss=0.6461  (49.0s)
Round   15/30  coverage=0.2501  prec@K=0.0001  accepted=2  loss=0.6453  (51.7s)
Round   16/30  coverage=0.2501  prec@K=0.0002  accepted=3  loss=0.6444  (54.7s)
Round   17/30  coverage=0.2501  prec@K=0.0003  accepted=5  loss=0.6438  (58.1s)
Round   18/30  coverage=0.2501  prec@K=0.0002  accepted=3  loss=0.6429  (68.3s)
Round   19/30  coverage=0.2501  prec@K=0.0001  accepted=1  loss=0.6419  (91.7s)
Round   20/30  coverage=0.2501  prec@K=0.0000  accepted=0  loss=nan  (86.3s)
Round   21/30  coverage=0.2501  prec@K=0.0002  accepted=3  loss=0.6413  (91.9s)
Round   22/30  coverage=0.2501  prec@K=0.0002  accepted=3  loss=0.6404  (88.8s)
Round   23/30  coverage=0.2501  prec@K=0.0001  accepted=2  loss=0.6396  (89.5s)
Round   24/30  coverage=0.2501  prec@K=0.0001  accepted=1  loss=0.6388  (83.0s)
Round   25/30  coverage=0.2501  prec@K=0.0001  accepted=2  loss=0.6380  (96.9s)
Round   26/30  coverage=0.2501  prec@K=0.0002  accepted=3  loss=0.6372  (110.4s)
Round   27/30  coverage=0.2501  prec@K=0.0001  accepted=2  loss=0.6363  (108.5s)
Round   28/30  coverage=0.2501  prec@K=0.0000  accepted=0  loss=nan  (113.3s)
Round   29/30  coverage=0.2501  prec@K=0.0001  accepted=2  loss=0.6356  (120.4s)
Round   30/30  coverage=0.2501  prec@K=0.0003  accepted=5  loss=0.6349  (106.4s)

结果已写入 results\online\algo_sweep_sx_superuser_v2\sx_superuser_mlp/rounds.csv
