C:\conda\envs\gnn\lib\site-packages\requests\__init__.py:86: RequestsDependencyWarning: Unable to find acceptable character detection dependency (chardet or charset_normalizer).
  warnings.warn(
C:\conda\envs\gnn\lib\site-packages\outdated\__init__.py:36: UserWarning: pkg_resources is deprecated as an API. See https://setuptools.pypa.io/en/latest/pkg_resources.html. The pkg_resources package is slated for removal as early as 2025-11-30. Refrain from using this package or pin to Setuptools<81.
  from pkg_resources import parse_version
Round    1/30  coverage=0.2500  prec@K=0.0008  accepted=14  loss=0.7621  (17.7s)
Round    2/30  coverage=0.2500  prec@K=0.0008  accepted=14  loss=0.7617  (14.4s)
Round    3/30  coverage=0.2501  prec@K=0.0013  accepted=24  loss=0.7607  (18.4s)
Round    4/30  coverage=0.2501  prec@K=0.0015  accepted=27  loss=0.7596  (23.0s)
Round    5/30  coverage=0.2501  prec@K=0.0009  accepted=16  loss=0.7586  (26.0s)
Round    6/30  coverage=0.2501  prec@K=0.0010  accepted=18  loss=0.7564  (30.3s)
Round    7/30  coverage=0.2501  prec@K=0.0008  accepted=15  loss=0.7542  (33.1s)
Round    8/30  coverage=0.2502  prec@K=0.0010  accepted=19  loss=0.7511  (36.9s)
Round    9/30  coverage=0.2502  prec@K=0.0008  accepted=15  loss=0.7480  (40.0s)
Round   10/30  coverage=0.2502  prec@K=0.0009  accepted=16  loss=0.7441  (44.2s)
Round   11/30  coverage=0.2502  prec@K=0.0008  accepted=14  loss=0.7400  (51.9s)
Round   12/30  coverage=0.2503  prec@K=0.0014  accepted=25  loss=0.7364  (49.8s)
Round   13/30  coverage=0.2503  prec@K=0.0005  accepted=9  loss=0.7326  (53.2s)
Round   14/30  coverage=0.2503  prec@K=0.0012  accepted=21  loss=0.7294  (58.3s)
Round   15/30  coverage=0.2503  prec@K=0.0013  accepted=23  loss=0.7258  (60.7s)
Round   16/30  coverage=0.2503  prec@K=0.0010  accepted=18  loss=0.7227  (64.8s)
Round   17/30  coverage=0.2503  prec@K=0.0005  accepted=9  loss=0.7200  (68.2s)
Round   18/30  coverage=0.2504  prec@K=0.0008  accepted=14  loss=0.7172  (72.4s)
Round   19/30  coverage=0.2504  prec@K=0.0008  accepted=14  loss=0.7150  (76.1s)
Round   20/30  coverage=0.2504  prec@K=0.0005  accepted=10  loss=0.7130  (78.1s)
Round   21/30  coverage=0.2504  prec@K=0.0016  accepted=28  loss=0.7110  (85.3s)
Round   22/30  coverage=0.2504  prec@K=0.0011  accepted=21  loss=0.7097  (87.3s)
Round   23/30  coverage=0.2505  prec@K=0.0010  accepted=19  loss=0.7085  (89.9s)
Round   24/30  coverage=0.2505  prec@K=0.0008  accepted=14  loss=0.7075  (93.2s)
Round   25/30  coverage=0.2505  prec@K=0.0009  accepted=17  loss=0.7065  (96.4s)
Round   26/30  coverage=0.2505  prec@K=0.0011  accepted=19  loss=0.7059  (99.2s)
Round   27/30  coverage=0.2505  prec@K=0.0008  accepted=14  loss=0.7055  (101.8s)
Round   28/30  coverage=0.2506  prec@K=0.0008  accepted=14  loss=0.7053  (107.5s)
Round   29/30  coverage=0.2506  prec@K=0.0003  accepted=5  loss=0.7052  (112.8s)
Round   30/30  coverage=0.2506  prec@K=0.0010  accepted=18  loss=0.7050  (114.4s)

结果已写入 results\online\algo_sweep_sx_superuser_v2\sx_superuser_gnn/rounds.csv
