dataset=sbm5k  init=0.25  cooldown_mode=hard  cooldown_rounds=5  共 11 个实验，最多 4 并行
[OK] algo_sweep_sbm5k_init025_cd_hard5/sbm5k_ground_truth
  进度 1/11: sbm5k_ground_truth
[OK] algo_sweep_sbm5k_init025_cd_hard5/sbm5k_random
  进度 2/11: sbm5k_random
[OK] algo_sweep_sbm5k_init025_cd_hard5/sbm5k_cn
  进度 3/11: sbm5k_cn
[OK] algo_sweep_sbm5k_init025_cd_hard5/sbm5k_aa
  进度 4/11: sbm5k_aa
[OK] algo_sweep_sbm5k_init025_cd_hard5/sbm5k_jaccard
  进度 5/11: sbm5k_jaccard
[OK] algo_sweep_sbm5k_init025_cd_hard5/sbm5k_pa
  进度 6/11: sbm5k_pa
[OK] algo_sweep_sbm5k_init025_cd_hard5/sbm5k_mlp
  进度 7/11: sbm5k_mlp
[OK] algo_sweep_sbm5k_init025_cd_hard5/sbm5k_node_emb
  进度 8/11: sbm5k_node_emb
[OK] algo_sweep_sbm5k_init025_cd_hard5/sbm5k_gnn
  进度 9/11: sbm5k_gnn
[OK] algo_sweep_sbm5k_init025_cd_hard5/sbm5k_gnn_concat
  进度 10/11: sbm5k_gnn_concat
[OK] algo_sweep_sbm5k_init025_cd_hard5/sbm5k_gnn_sum
  进度 11/11: sbm5k_gnn_sum

全部完成，结果在 results/online/algo_sweep_sbm5k_init025_cd_hard5/
