C:\conda\envs\gnn\lib\site-packages\requests\__init__.py:86: RequestsDependencyWarning: Unable to find acceptable character detection dependency (chardet or charset_normalizer).
  warnings.warn(
C:\conda\envs\gnn\lib\site-packages\outdated\__init__.py:36: UserWarning: pkg_resources is deprecated as an API. See https://setuptools.pypa.io/en/latest/pkg_resources.html. The pkg_resources package is slated for removal as early as 2025-11-30. Refrain from using this package or pin to Setuptools<81.
  from pkg_resources import parse_version
Round    1/100  coverage=0.1355  prec@K=0.0215  accepted=41  loss=nan  (0.1s)
Round    2/100  coverage=0.1359  prec@K=0.0262  accepted=51  loss=nan  (0.0s)
Round    3/100  coverage=0.1362  prec@K=0.0278  accepted=47  loss=nan  (0.0s)
Round    4/100  coverage=0.1366  prec@K=0.0268  accepted=48  loss=nan  (0.1s)
Round    5/100  coverage=0.1371  prec@K=0.0360  accepted=62  loss=nan  (0.1s)
Round    6/100  coverage=0.1374  prec@K=0.0184  accepted=30  loss=nan  (0.1s)
Round    7/100  coverage=0.1375  prec@K=0.0209  accepted=35  loss=nan  (0.1s)
Round    8/100  coverage=0.1377  prec@K=0.0243  accepted=41  loss=nan  (0.1s)
Round    9/100  coverage=0.1379  prec@K=0.0280  accepted=44  loss=nan  (0.1s)
Round   10/100  coverage=0.1380  prec@K=0.0289  accepted=49  loss=nan  (0.1s)
Round   11/100  coverage=0.1381  prec@K=0.0248  accepted=39  loss=nan  (0.1s)
Round   12/100  coverage=0.1382  prec@K=0.0191  accepted=31  loss=nan  (0.1s)
Round   13/100  coverage=0.1383  prec@K=0.0272  accepted=43  loss=nan  (0.1s)
Round   14/100  coverage=0.1385  prec@K=0.0257  accepted=41  loss=nan  (0.2s)
Round   15/100  coverage=0.1386  prec@K=0.0237  accepted=34  loss=nan  (0.1s)
Round   16/100  coverage=0.1387  prec@K=0.0153  accepted=21  loss=nan  (0.1s)
Round   17/100  coverage=0.1388  prec@K=0.0228  accepted=30  loss=nan  (0.1s)
Round   18/100  coverage=0.1389  prec@K=0.0287  accepted=39  loss=nan  (0.1s)
Round   19/100  coverage=0.1390  prec@K=0.0233  accepted=29  loss=nan  (0.1s)
Round   20/100  coverage=0.1391  prec@K=0.0219  accepted=29  loss=nan  (0.1s)
Round   21/100  coverage=0.1391  prec@K=0.0260  accepted=34  loss=nan  (0.1s)
Round   22/100  coverage=0.1392  prec@K=0.0150  accepted=20  loss=nan  (0.1s)
Round   23/100  coverage=0.1392  prec@K=0.0177  accepted=24  loss=nan  (0.1s)
Round   24/100  coverage=0.1392  prec@K=0.0227  accepted=29  loss=nan  (0.1s)
Round   25/100  coverage=0.1393  prec@K=0.0255  accepted=32  loss=nan  (0.1s)
Round   26/100  coverage=0.1394  prec@K=0.0203  accepted=25  loss=nan  (0.1s)
Round   27/100  coverage=0.1395  prec@K=0.0241  accepted=30  loss=nan  (0.1s)
Round   28/100  coverage=0.1396  prec@K=0.0187  accepted=24  loss=nan  (0.1s)
Round   29/100  coverage=0.1396  prec@K=0.0151  accepted=19  loss=nan  (0.1s)
Round   30/100  coverage=0.1396  prec@K=0.0211  accepted=27  loss=nan  (0.1s)
Round   31/100  coverage=0.1397  prec@K=0.0228  accepted=28  loss=nan  (0.1s)
Round   32/100  coverage=0.1397  prec@K=0.0154  accepted=19  loss=nan  (0.1s)
Round   33/100  coverage=0.1397  prec@K=0.0229  accepted=29  loss=nan  (0.1s)
Round   34/100  coverage=0.1398  prec@K=0.0215  accepted=24  loss=nan  (0.0s)
Round   35/100  coverage=0.1398  prec@K=0.0174  accepted=21  loss=nan  (0.1s)
Round   36/100  coverage=0.1399  prec@K=0.0216  accepted=26  loss=nan  (0.1s)
Round   37/100  coverage=0.1399  prec@K=0.0319  accepted=35  loss=nan  (0.0s)
Round   38/100  coverage=0.1399  prec@K=0.0223  accepted=25  loss=nan  (0.1s)
Round   39/100  coverage=0.1399  prec@K=0.0214  accepted=23  loss=nan  (0.0s)
Round   40/100  coverage=0.1399  prec@K=0.0121  accepted=13  loss=nan  (0.0s)
Round   41/100  coverage=0.1399  prec@K=0.0208  accepted=22  loss=nan  (0.1s)
Round   42/100  coverage=0.1400  prec@K=0.0216  accepted=23  loss=nan  (0.0s)
Round   43/100  coverage=0.1400  prec@K=0.0209  accepted=24  loss=nan  (0.0s)
Round   44/100  coverage=0.1401  prec@K=0.0152  accepted=17  loss=nan  (0.0s)
Round   45/100  coverage=0.1401  prec@K=0.0226  accepted=23  loss=nan  (0.0s)
Round   46/100  coverage=0.1401  prec@K=0.0190  accepted=21  loss=nan  (0.0s)
Round   47/100  coverage=0.1401  prec@K=0.0122  accepted=14  loss=nan  (0.1s)
Round   48/100  coverage=0.1401  prec@K=0.0162  accepted=19  loss=nan  (0.1s)
Round   49/100  coverage=0.1401  prec@K=0.0146  accepted=17  loss=nan  (0.1s)
Round   50/100  coverage=0.1401  prec@K=0.0311  accepted=34  loss=nan  (0.0s)
Round   51/100  coverage=0.1401  prec@K=0.0139  accepted=15  loss=nan  (0.1s)
Round   52/100  coverage=0.1401  prec@K=0.0146  accepted=17  loss=nan  (0.1s)
Round   53/100  coverage=0.1401  prec@K=0.0166  accepted=17  loss=nan  (0.0s)
Round   54/100  coverage=0.1402  prec@K=0.0301  accepted=33  loss=nan  (0.1s)
Round   55/100  coverage=0.1402  prec@K=0.0170  accepted=18  loss=nan  (0.0s)
Round   56/100  coverage=0.1403  prec@K=0.0177  accepted=19  loss=nan  (0.0s)
Round   57/100  coverage=0.1403  prec@K=0.0248  accepted=25  loss=nan  (0.0s)
Round   58/100  coverage=0.1403  prec@K=0.0197  accepted=20  loss=nan  (0.0s)
Round   59/100  coverage=0.1403  prec@K=0.0274  accepted=27  loss=nan  (0.0s)
Round   60/100  coverage=0.1403  prec@K=0.0208  accepted=22  loss=nan  (0.0s)
Round   61/100  coverage=0.1403  prec@K=0.0187  accepted=19  loss=nan  (0.1s)
Round   62/100  coverage=0.1403  prec@K=0.0151  accepted=16  loss=nan  (0.0s)
Round   63/100  coverage=0.1403  prec@K=0.0220  accepted=22  loss=nan  (0.0s)
Round   64/100  coverage=0.1403  prec@K=0.0209  accepted=21  loss=nan  (0.0s)
Round   65/100  coverage=0.1403  prec@K=0.0241  accepted=25  loss=nan  (0.0s)
Round   66/100  coverage=0.1403  prec@K=0.0195  accepted=20  loss=nan  (0.0s)
Round   67/100  coverage=0.1404  prec@K=0.0183  accepted=19  loss=nan  (0.0s)
Round   68/100  coverage=0.1404  prec@K=0.0257  accepted=28  loss=nan  (0.0s)
Round   69/100  coverage=0.1404  prec@K=0.0255  accepted=26  loss=nan  (0.0s)
Round   70/100  coverage=0.1404  prec@K=0.0161  accepted=16  loss=nan  (0.0s)
Round   71/100  coverage=0.1404  prec@K=0.0228  accepted=23  loss=nan  (0.1s)
Round   72/100  coverage=0.1404  prec@K=0.0240  accepted=24  loss=nan  (0.0s)
Round   73/100  coverage=0.1404  prec@K=0.0187  accepted=19  loss=nan  (0.0s)
Round   74/100  coverage=0.1405  prec@K=0.0207  accepted=22  loss=nan  (0.0s)
Round   75/100  coverage=0.1405  prec@K=0.0180  accepted=19  loss=nan  (0.0s)
Round   76/100  coverage=0.1405  prec@K=0.0189  accepted=20  loss=nan  (0.0s)
Round   77/100  coverage=0.1405  prec@K=0.0252  accepted=27  loss=nan  (0.0s)
Round   78/100  coverage=0.1405  prec@K=0.0216  accepted=22  loss=nan  (0.0s)
Round   79/100  coverage=0.1405  prec@K=0.0248  accepted=27  loss=nan  (0.0s)
Round   80/100  coverage=0.1406  prec@K=0.0196  accepted=21  loss=nan  (0.0s)
Round   81/100  coverage=0.1406  prec@K=0.0251  accepted=26  loss=nan  (0.1s)
Round   82/100  coverage=0.1406  prec@K=0.0198  accepted=21  loss=nan  (0.0s)
Round   83/100  coverage=0.1407  prec@K=0.0224  accepted=24  loss=nan  (0.0s)
Round   84/100  coverage=0.1407  prec@K=0.0237  accepted=26  loss=nan  (0.0s)
Round   85/100  coverage=0.1408  prec@K=0.0210  accepted=23  loss=nan  (0.0s)
Round   86/100  coverage=0.1408  prec@K=0.0220  accepted=24  loss=nan  (0.0s)
Round   87/100  coverage=0.1408  prec@K=0.0151  accepted=17  loss=nan  (0.0s)
Round   88/100  coverage=0.1408  prec@K=0.0173  accepted=19  loss=nan  (0.0s)
Round   89/100  coverage=0.1408  prec@K=0.0158  accepted=17  loss=nan  (0.0s)
Round   90/100  coverage=0.1408  prec@K=0.0222  accepted=25  loss=nan  (0.0s)
Round   91/100  coverage=0.1408  prec@K=0.0234  accepted=25  loss=nan  (0.1s)
Round   92/100  coverage=0.1408  prec@K=0.0152  accepted=17  loss=nan  (0.0s)
Round   93/100  coverage=0.1408  prec@K=0.0194  accepted=22  loss=nan  (0.0s)
Round   94/100  coverage=0.1408  prec@K=0.0196  accepted=22  loss=nan  (0.0s)
Round   95/100  coverage=0.1408  prec@K=0.0245  accepted=26  loss=nan  (0.0s)
Round   96/100  coverage=0.1408  prec@K=0.0222  accepted=25  loss=nan  (0.0s)
Round   97/100  coverage=0.1408  prec@K=0.0289  accepted=33  loss=nan  (0.0s)
Round   98/100  coverage=0.1409  prec@K=0.0166  accepted=18  loss=nan  (0.0s)
Round   99/100  coverage=0.1409  prec@K=0.0259  accepted=27  loss=nan  (0.0s)
Round  100/100  coverage=0.1409  prec@K=0.0100  accepted=11  loss=nan  (0.0s)

˝áąűŇŃĐ´Čë results\online\bitcoin_otc_thr_random_k10_r100/rounds.csv
