C:\conda\envs\gnn\lib\site-packages\requests\__init__.py:86: RequestsDependencyWarning: Unable to find acceptable character detection dependency (chardet or charset_normalizer).
  warnings.warn(
C:\conda\envs\gnn\lib\site-packages\outdated\__init__.py:36: UserWarning: pkg_resources is deprecated as an API. See https://setuptools.pypa.io/en/latest/pkg_resources.html. The pkg_resources package is slated for removal as early as 2025-11-30. Refrain from using this package or pin to Setuptools<81.
  from pkg_resources import parse_version
Round    1/100  coverage=0.1393  prec@K=0.0407  accepted=139  loss=nan  (0.4s)
Round    2/100  coverage=0.1433  prec@K=0.0470  accepted=160  loss=nan  (0.3s)
Round    3/100  coverage=0.1463  prec@K=0.0418  accepted=139  loss=nan  (0.3s)
Round    4/100  coverage=0.1497  prec@K=0.0407  accepted=138  loss=nan  (0.3s)
Round    5/100  coverage=0.1531  prec@K=0.0466  accepted=161  loss=nan  (0.3s)
Round    6/100  coverage=0.1558  prec@K=0.0404  accepted=139  loss=nan  (0.3s)
Round    7/100  coverage=0.1581  prec@K=0.0381  accepted=133  loss=nan  (0.3s)
Round    8/100  coverage=0.1611  prec@K=0.0377  accepted=130  loss=nan  (0.3s)
Round    9/100  coverage=0.1643  prec@K=0.0454  accepted=158  loss=nan  (0.3s)
Round   10/100  coverage=0.1678  prec@K=0.0437  accepted=151  loss=nan  (0.3s)
Round   11/100  coverage=0.1710  prec@K=0.0419  accepted=144  loss=nan  (0.3s)
Round   12/100  coverage=0.1740  prec@K=0.0408  accepted=141  loss=nan  (0.3s)
Round   13/100  coverage=0.1765  prec@K=0.0333  accepted=116  loss=nan  (0.3s)
Round   14/100  coverage=0.1792  prec@K=0.0396  accepted=139  loss=nan  (0.3s)
Round   15/100  coverage=0.1812  prec@K=0.0305  accepted=106  loss=nan  (0.3s)
Round   16/100  coverage=0.1832  prec@K=0.0377  accepted=131  loss=nan  (0.3s)
Round   17/100  coverage=0.1847  prec@K=0.0256  accepted=87  loss=nan  (0.3s)
Round   18/100  coverage=0.1863  prec@K=0.0317  accepted=111  loss=nan  (0.3s)
Round   19/100  coverage=0.1884  prec@K=0.0294  accepted=103  loss=nan  (0.3s)
Round   20/100  coverage=0.1896  prec@K=0.0268  accepted=93  loss=nan  (0.9s)
Round   21/100  coverage=0.1905  prec@K=0.0266  accepted=93  loss=nan  (0.3s)
Round   22/100  coverage=0.1914  prec@K=0.0265  accepted=93  loss=nan  (0.3s)
Round   23/100  coverage=0.1926  prec@K=0.0279  accepted=98  loss=nan  (0.3s)
Round   24/100  coverage=0.1933  prec@K=0.0240  accepted=83  loss=nan  (0.3s)
Round   25/100  coverage=0.1940  prec@K=0.0272  accepted=95  loss=nan  (0.3s)
Round   26/100  coverage=0.1949  prec@K=0.0272  accepted=97  loss=nan  (0.3s)
Round   27/100  coverage=0.1960  prec@K=0.0261  accepted=91  loss=nan  (0.3s)
Round   28/100  coverage=0.1966  prec@K=0.0253  accepted=88  loss=nan  (0.3s)
Round   29/100  coverage=0.1973  prec@K=0.0275  accepted=96  loss=nan  (0.3s)
Round   30/100  coverage=0.1979  prec@K=0.0240  accepted=84  loss=nan  (0.3s)
Round   31/100  coverage=0.1985  prec@K=0.0213  accepted=75  loss=nan  (0.4s)
Round   32/100  coverage=0.1990  prec@K=0.0243  accepted=85  loss=nan  (0.3s)
Round   33/100  coverage=0.1997  prec@K=0.0240  accepted=86  loss=nan  (0.3s)
Round   34/100  coverage=0.2004  prec@K=0.0275  accepted=96  loss=nan  (0.3s)
Round   35/100  coverage=0.2011  prec@K=0.0214  accepted=75  loss=nan  (0.3s)
Round   36/100  coverage=0.2019  prec@K=0.0255  accepted=89  loss=nan  (0.3s)
Round   37/100  coverage=0.2028  prec@K=0.0282  accepted=97  loss=nan  (0.3s)
Round   38/100  coverage=0.2035  prec@K=0.0268  accepted=95  loss=nan  (0.3s)
Round   39/100  coverage=0.2040  prec@K=0.0257  accepted=89  loss=nan  (0.3s)
Round   40/100  coverage=0.2043  prec@K=0.0258  accepted=91  loss=nan  (1.3s)
Round   41/100  coverage=0.2046  prec@K=0.0235  accepted=83  loss=nan  (0.4s)
Round   42/100  coverage=0.2048  prec@K=0.0216  accepted=76  loss=nan  (0.3s)
Round   43/100  coverage=0.2051  prec@K=0.0189  accepted=66  loss=nan  (0.4s)
Round   44/100  coverage=0.2054  prec@K=0.0231  accepted=81  loss=nan  (0.3s)
Round   45/100  coverage=0.2056  prec@K=0.0231  accepted=81  loss=nan  (0.3s)
Round   46/100  coverage=0.2061  prec@K=0.0203  accepted=70  loss=nan  (0.3s)
Round   47/100  coverage=0.2064  prec@K=0.0254  accepted=90  loss=nan  (0.3s)
Round   48/100  coverage=0.2069  prec@K=0.0233  accepted=83  loss=nan  (0.3s)
Round   49/100  coverage=0.2073  prec@K=0.0198  accepted=70  loss=nan  (0.3s)
Round   50/100  coverage=0.2077  prec@K=0.0217  accepted=76  loss=nan  (0.3s)
Round   51/100  coverage=0.2079  prec@K=0.0221  accepted=78  loss=nan  (0.4s)
Round   52/100  coverage=0.2082  prec@K=0.0210  accepted=74  loss=nan  (0.3s)
Round   53/100  coverage=0.2085  prec@K=0.0183  accepted=63  loss=nan  (0.3s)
Round   54/100  coverage=0.2088  prec@K=0.0182  accepted=63  loss=nan  (0.3s)
Round   55/100  coverage=0.2090  prec@K=0.0184  accepted=65  loss=nan  (0.4s)
Round   56/100  coverage=0.2092  prec@K=0.0225  accepted=80  loss=nan  (0.3s)
Round   57/100  coverage=0.2095  prec@K=0.0202  accepted=72  loss=nan  (0.3s)
Round   58/100  coverage=0.2098  prec@K=0.0232  accepted=82  loss=nan  (0.3s)
Round   59/100  coverage=0.2101  prec@K=0.0170  accepted=59  loss=nan  (0.4s)
Round   60/100  coverage=0.2104  prec@K=0.0195  accepted=68  loss=nan  (1.5s)
Round   61/100  coverage=0.2106  prec@K=0.0218  accepted=75  loss=nan  (0.4s)
Round   62/100  coverage=0.2109  prec@K=0.0209  accepted=73  loss=nan  (0.4s)
Round   63/100  coverage=0.2111  prec@K=0.0196  accepted=69  loss=nan  (0.3s)
Round   64/100  coverage=0.2112  prec@K=0.0188  accepted=65  loss=nan  (0.3s)
Round   65/100  coverage=0.2114  prec@K=0.0255  accepted=89  loss=nan  (0.3s)
Round   66/100  coverage=0.2117  prec@K=0.0198  accepted=69  loss=nan  (0.3s)
Round   67/100  coverage=0.2118  prec@K=0.0221  accepted=79  loss=nan  (0.4s)
Round   68/100  coverage=0.2121  prec@K=0.0255  accepted=90  loss=nan  (0.3s)
Round   69/100  coverage=0.2122  prec@K=0.0257  accepted=90  loss=nan  (0.3s)
Round   70/100  coverage=0.2125  prec@K=0.0187  accepted=66  loss=nan  (0.4s)
Round   71/100  coverage=0.2126  prec@K=0.0191  accepted=67  loss=nan  (0.4s)
Round   72/100  coverage=0.2128  prec@K=0.0195  accepted=68  loss=nan  (0.3s)
Round   73/100  coverage=0.2129  prec@K=0.0207  accepted=72  loss=nan  (0.3s)
Round   74/100  coverage=0.2130  prec@K=0.0186  accepted=65  loss=nan  (0.4s)
Round   75/100  coverage=0.2130  prec@K=0.0189  accepted=67  loss=nan  (0.3s)
Round   76/100  coverage=0.2132  prec@K=0.0231  accepted=80  loss=nan  (0.3s)
Round   77/100  coverage=0.2133  prec@K=0.0264  accepted=91  loss=nan  (0.3s)
Round   78/100  coverage=0.2134  prec@K=0.0197  accepted=69  loss=nan  (0.4s)
Round   79/100  coverage=0.2135  prec@K=0.0179  accepted=63  loss=nan  (0.4s)
Round   80/100  coverage=0.2136  prec@K=0.0174  accepted=61  loss=nan  (1.7s)
Round   81/100  coverage=0.2139  prec@K=0.0212  accepted=74  loss=nan  (0.4s)
Round   82/100  coverage=0.2140  prec@K=0.0214  accepted=76  loss=nan  (0.4s)
Round   83/100  coverage=0.2140  prec@K=0.0162  accepted=56  loss=nan  (0.4s)
Round   84/100  coverage=0.2142  prec@K=0.0223  accepted=78  loss=nan  (0.3s)
Round   85/100  coverage=0.2144  prec@K=0.0179  accepted=62  loss=nan  (0.4s)
Round   86/100  coverage=0.2145  prec@K=0.0183  accepted=65  loss=nan  (0.4s)
Round   87/100  coverage=0.2147  prec@K=0.0216  accepted=75  loss=nan  (0.4s)
Round   88/100  coverage=0.2148  prec@K=0.0216  accepted=76  loss=nan  (0.3s)
Round   89/100  coverage=0.2149  prec@K=0.0165  accepted=58  loss=nan  (0.4s)
Round   90/100  coverage=0.2149  prec@K=0.0197  accepted=69  loss=nan  (0.4s)
Round   91/100  coverage=0.2149  prec@K=0.0202  accepted=71  loss=nan  (0.5s)
Round   92/100  coverage=0.2150  prec@K=0.0188  accepted=66  loss=nan  (0.4s)
Round   93/100  coverage=0.2150  prec@K=0.0231  accepted=82  loss=nan  (0.4s)
Round   94/100  coverage=0.2151  prec@K=0.0189  accepted=66  loss=nan  (0.4s)
Round   95/100  coverage=0.2152  prec@K=0.0216  accepted=76  loss=nan  (0.4s)
Round   96/100  coverage=0.2154  prec@K=0.0195  accepted=69  loss=nan  (0.4s)
Round   97/100  coverage=0.2154  prec@K=0.0190  accepted=67  loss=nan  (0.4s)
Round   98/100  coverage=0.2156  prec@K=0.0230  accepted=81  loss=nan  (0.4s)
Round   99/100  coverage=0.2157  prec@K=0.0206  accepted=73  loss=nan  (0.4s)
Round  100/100  coverage=0.2157  prec@K=0.0209  accepted=74  loss=nan  (2.1s)

˝áąűŇŃĐ´Čë results\online\bitcoin_alpha_weak_recall_random/rounds.csv
