C:\conda\envs\gnn\lib\site-packages\requests\__init__.py:86: RequestsDependencyWarning: Unable to find acceptable character detection dependency (chardet or charset_normalizer).
  warnings.warn(
Round    1/100  coverage=0.0506  prec@K=0.0080  accepted=13  loss=0.7354  (4.1s)
Round    6/100  coverage=0.0539  prec@K=0.0083  accepted=14  loss=0.7089  (4.1s)
Round   11/100  coverage=0.0553  prec@K=0.0017  accepted=3  loss=0.6337  (4.6s)
Round   16/100  coverage=0.0571  prec@K=0.0012  accepted=2  loss=0.4687  (4.2s)
Round   21/100  coverage=0.0586  prec@K=0.0035  accepted=6  loss=0.2098  (4.9s)
Round   26/100  coverage=0.0601  prec@K=0.0046  accepted=8  loss=0.2175  (4.6s)
Round   31/100  coverage=0.0613  prec@K=0.0063  accepted=11  loss=0.2774  (4.9s)
Round   36/100  coverage=0.0623  prec@K=0.0017  accepted=3  loss=0.0967  (4.7s)
Round   41/100  coverage=0.0635  prec@K=0.0069  accepted=12  loss=0.3938  (5.1s)
Round   46/100  coverage=0.0643  prec@K=0.0023  accepted=4  loss=0.1095  (4.5s)
Round   51/100  coverage=0.0654  prec@K=0.0035  accepted=6  loss=0.1206  (4.9s)
Round   56/100  coverage=0.0666  prec@K=0.0006  accepted=1  loss=0.0478  (4.5s)
Round   61/100  coverage=0.0676  prec@K=0.0017  accepted=3  loss=0.0827  (4.8s)
Round   66/100  coverage=0.0682  prec@K=0.0011  accepted=2  loss=0.0530  (4.6s)
Round   71/100  coverage=0.0697  prec@K=0.0035  accepted=6  loss=0.0965  (4.8s)
Round   76/100  coverage=0.0708  prec@K=0.0023  accepted=4  loss=0.0676  (4.7s)
Round   81/100  coverage=0.0719  prec@K=0.0000  accepted=0  loss=0.0179  (4.6s)
Round   86/100  coverage=0.0727  prec@K=0.0034  accepted=6  loss=0.1805  (4.7s)
Round   91/100  coverage=0.0734  prec@K=0.0034  accepted=6  loss=0.1059  (4.9s)
Round   96/100  coverage=0.0742  prec@K=0.0023  accepted=4  loss=0.1133  (4.6s)

Ω·π˚“—–¥»Î results\online\college_msg/rounds.csv
