C:\conda\envs\gnn\lib\site-packages\requests\__init__.py:86: RequestsDependencyWarning: Unable to find acceptable character detection dependency (chardet or charset_normalizer).
  warnings.warn(
Round    1/100  coverage=0.3009  prec@K=0.0109  accepted=20  loss=0.7330  (9.2s)
Round    6/100  coverage=0.3039  prec@K=0.0055  accepted=10  loss=0.6361  (9.3s)
Round   11/100  coverage=0.3063  prec@K=0.0017  accepted=3  loss=0.4203  (9.9s)
Round   16/100  coverage=0.3089  prec@K=0.0050  accepted=9  loss=0.1333  (10.1s)
Round   21/100  coverage=0.3116  prec@K=0.0033  accepted=6  loss=0.0695  (10.1s)
Round   26/100  coverage=0.3136  prec@K=0.0062  accepted=11  loss=0.2008  (8.9s)
Round   31/100  coverage=0.3152  prec@K=0.0032  accepted=6  loss=0.0962  (8.8s)
Round   36/100  coverage=0.3164  prec@K=0.0033  accepted=6  loss=0.0642  (8.2s)
Round   41/100  coverage=0.3178  prec@K=0.0011  accepted=2  loss=0.0318  (8.4s)
Round   46/100  coverage=0.3189  prec@K=0.0017  accepted=3  loss=0.0416  (8.6s)
Round   51/100  coverage=0.3192  prec@K=0.0005  accepted=1  loss=0.0249  (8.4s)
Round   56/100  coverage=0.3197  prec@K=0.0011  accepted=2  loss=0.0320  (8.4s)
Round   61/100  coverage=0.3205  prec@K=0.0033  accepted=6  loss=0.0700  (9.0s)
Round   66/100  coverage=0.3210  prec@K=0.0016  accepted=3  loss=0.0489  (8.4s)
Round   71/100  coverage=0.3216  prec@K=0.0006  accepted=1  loss=0.0233  (7.9s)
Round   76/100  coverage=0.3221  prec@K=0.0000  accepted=0  loss=0.0089  (8.0s)
Round   81/100  coverage=0.3225  prec@K=0.0006  accepted=1  loss=0.0185  (8.5s)
Round   86/100  coverage=0.3233  prec@K=0.0005  accepted=1  loss=0.0187  (8.6s)
Round   91/100  coverage=0.3235  prec@K=0.0000  accepted=0  loss=0.0055  (9.1s)
Round   96/100  coverage=0.3237  prec@K=0.0005  accepted=1  loss=0.0199  (8.4s)

Ω·π˚“—–¥»Î results\online\college_msg_init030/rounds.csv
