C:\conda\envs\gnn\lib\site-packages\requests\__init__.py:86: RequestsDependencyWarning: Unable to find acceptable character detection dependency (chardet or charset_normalizer).
  warnings.warn(
C:\conda\envs\gnn\lib\site-packages\outdated\__init__.py:36: UserWarning: pkg_resources is deprecated as an API. See https://setuptools.pypa.io/en/latest/pkg_resources.html. The pkg_resources package is slated for removal as early as 2025-11-30. Refrain from using this package or pin to Setuptools<81.
  from pkg_resources import parse_version
Round    1/50  coverage=0.0526  prec@K=0.1659  accepted=71  loss=nan  (0.0s)
Round    2/50  coverage=0.0542  prec@K=0.0978  accepted=44  loss=nan  (0.0s)
Round    3/50  coverage=0.0558  prec@K=0.1062  accepted=48  loss=nan  (0.0s)
Round    4/50  coverage=0.0577  prec@K=0.1063  accepted=52  loss=nan  (0.0s)
Round    5/50  coverage=0.0595  prec@K=0.1049  accepted=54  loss=nan  (0.0s)
Round    6/50  coverage=0.0619  prec@K=0.1333  accepted=72  loss=nan  (0.0s)
Round    7/50  coverage=0.0647  prec@K=0.1333  accepted=76  loss=nan  (0.0s)
Round    8/50  coverage=0.0666  prec@K=0.1055  accepted=59  loss=nan  (0.0s)
Round    9/50  coverage=0.0690  prec@K=0.1228  accepted=71  loss=nan  (0.0s)
Round   10/50  coverage=0.0721  prec@K=0.1322  accepted=85  loss=nan  (0.0s)
Round   11/50  coverage=0.0747  prec@K=0.1214  accepted=71  loss=nan  (0.0s)
Round   12/50  coverage=0.0769  prec@K=0.1132  accepted=71  loss=nan  (0.0s)
Round   13/50  coverage=0.0795  prec@K=0.1163  accepted=77  loss=nan  (0.0s)
Round   14/50  coverage=0.0826  prec@K=0.1331  accepted=86  loss=nan  (0.0s)
Round   15/50  coverage=0.0852  prec@K=0.1063  accepted=78  loss=nan  (0.0s)
Round   16/50  coverage=0.0877  prec@K=0.1014  accepted=78  loss=nan  (0.0s)
Round   17/50  coverage=0.0911  prec@K=0.1378  accepted=102  loss=nan  (0.0s)
Round   18/50  coverage=0.0945  prec@K=0.1229  accepted=94  loss=nan  (0.0s)
Round   19/50  coverage=0.0972  prec@K=0.1051  accepted=80  loss=nan  (0.0s)
Round   20/50  coverage=0.0996  prec@K=0.0937  accepted=71  loss=nan  (0.0s)
Round   21/50  coverage=0.1017  prec@K=0.0866  accepted=67  loss=nan  (0.0s)
Round   22/50  coverage=0.1040  prec@K=0.0924  accepted=68  loss=nan  (0.0s)
Round   23/50  coverage=0.1063  prec@K=0.0907  accepted=72  loss=nan  (0.0s)
Round   24/50  coverage=0.1087  prec@K=0.1008  accepted=78  loss=nan  (0.0s)
Round   25/50  coverage=0.1105  prec@K=0.0731  accepted=58  loss=nan  (0.0s)
Round   26/50  coverage=0.1129  prec@K=0.0976  accepted=81  loss=nan  (0.0s)
Round   27/50  coverage=0.1150  prec@K=0.0811  accepted=65  loss=nan  (0.0s)
Round   28/50  coverage=0.1171  prec@K=0.0898  accepted=75  loss=nan  (0.0s)
Round   29/50  coverage=0.1195  prec@K=0.0876  accepted=72  loss=nan  (0.0s)
Round   30/50  coverage=0.1219  prec@K=0.0948  accepted=75  loss=nan  (0.0s)
Round   31/50  coverage=0.1241  prec@K=0.0751  accepted=65  loss=nan  (0.0s)
Round   32/50  coverage=0.1262  prec@K=0.0915  accepted=73  loss=nan  (0.0s)
Round   33/50  coverage=0.1280  prec@K=0.0758  accepted=58  loss=nan  (0.0s)
Round   34/50  coverage=0.1294  prec@K=0.0712  accepted=59  loss=nan  (0.0s)
Round   35/50  coverage=0.1313  prec@K=0.0754  accepted=60  loss=nan  (0.0s)
Round   36/50  coverage=0.1327  prec@K=0.0649  accepted=54  loss=nan  (0.0s)
Round   37/50  coverage=0.1342  prec@K=0.0607  accepted=51  loss=nan  (0.0s)
Round   38/50  coverage=0.1361  prec@K=0.0682  accepted=58  loss=nan  (0.0s)
Round   39/50  coverage=0.1377  prec@K=0.0599  accepted=48  loss=nan  (0.0s)
Round   40/50  coverage=0.1398  prec@K=0.0802  accepted=65  loss=nan  (0.0s)
Round   41/50  coverage=0.1411  prec@K=0.0692  accepted=59  loss=nan  (0.0s)
Round   42/50  coverage=0.1428  prec@K=0.0703  accepted=60  loss=nan  (0.0s)
Round   43/50  coverage=0.1448  prec@K=0.0795  accepted=67  loss=nan  (0.0s)
Round   44/50  coverage=0.1465  prec@K=0.0656  accepted=56  loss=nan  (0.0s)
Round   45/50  coverage=0.1485  prec@K=0.0821  accepted=69  loss=nan  (0.0s)
Round   46/50  coverage=0.1504  prec@K=0.0791  accepted=67  loss=nan  (0.0s)
Round   47/50  coverage=0.1517  prec@K=0.0532  accepted=44  loss=nan  (0.0s)
Round   48/50  coverage=0.1533  prec@K=0.0664  accepted=56  loss=nan  (0.0s)
Round   49/50  coverage=0.1551  prec@K=0.0635  accepted=54  loss=nan  (0.0s)
Round   50/50  coverage=0.1567  prec@K=0.0658  accepted=56  loss=nan  (0.0s)

˝áąűŇŃĐ´Čë results\online\email_eu_thr_random_k10_r50/rounds.csv
