C:\conda\envs\gnn\lib\site-packages\requests\__init__.py:86: RequestsDependencyWarning: Unable to find acceptable character detection dependency (chardet or charset_normalizer).
  warnings.warn(
C:\conda\envs\gnn\lib\site-packages\outdated\__init__.py:36: UserWarning: pkg_resources is deprecated as an API. See https://setuptools.pypa.io/en/latest/pkg_resources.html. The pkg_resources package is slated for removal as early as 2025-11-30. Refrain from using this package or pin to Setuptools<81.
  from pkg_resources import parse_version
C:\conda\envs\gnn\lib\site-packages\dgl\backend\pytorch\sparse.py:157: FutureWarning: `torch.cuda.amp.autocast_mode._cast(value, dtype)` is deprecated. Please use `torch.amp.autocast_mode._cast(value, 'cuda', dtype)` instead.
  return th.cuda.amp.autocast_mode._cast(
C:\conda\envs\gnn\lib\site-packages\dgl\backend\pytorch\sparse.py:148: FutureWarning: `torch.cuda.amp.autocast(args...)` is deprecated. Please use `torch.amp.autocast('cuda', args...)` instead.
  return th.cuda.amp.autocast(enabled=False)
Round    1/50  coverage=0.0525  prec@K=0.1612  accepted=69  loss=0.7148  (0.7s)
Round    2/50  coverage=0.0546  prec@K=0.1273  accepted=56  loss=0.7186  (0.0s)
Round    3/50  coverage=0.0562  prec@K=0.1048  accepted=50  loss=0.7201  (0.0s)
Round    4/50  coverage=0.0583  prec@K=0.1129  accepted=55  loss=0.7199  (0.0s)
Round    5/50  coverage=0.0605  prec@K=0.1157  accepted=61  loss=0.7192  (0.0s)
Round    6/50  coverage=0.0625  prec@K=0.1191  accepted=61  loss=0.7179  (0.0s)
Round    7/50  coverage=0.0650  prec@K=0.1245  accepted=69  loss=0.7165  (0.1s)
Round    8/50  coverage=0.0675  prec@K=0.1244  accepted=73  loss=0.7152  (0.1s)
Round    9/50  coverage=0.0702  prec@K=0.1246  accepted=78  loss=0.7138  (0.1s)
Round   10/50  coverage=0.0731  prec@K=0.1272  accepted=85  loss=0.7123  (0.1s)
Round   11/50  coverage=0.0763  prec@K=0.1286  accepted=94  loss=0.7108  (0.1s)
Round   12/50  coverage=0.0793  prec@K=0.1252  accepted=88  loss=0.7092  (0.1s)
Round   13/50  coverage=0.0818  prec@K=0.1001  accepted=70  loss=0.7078  (0.1s)
Round   14/50  coverage=0.0849  prec@K=0.1308  accepted=96  loss=0.7063  (0.1s)
Round   15/50  coverage=0.0878  prec@K=0.1104  accepted=83  loss=0.7050  (0.1s)
Round   16/50  coverage=0.0905  prec@K=0.1273  accepted=91  loss=0.7036  (0.1s)
Round   17/50  coverage=0.0926  prec@K=0.0791  accepted=58  loss=0.7023  (0.2s)
Round   18/50  coverage=0.0960  prec@K=0.1381  accepted=95  loss=0.7009  (0.3s)
Round   19/50  coverage=0.0984  prec@K=0.0950  accepted=72  loss=0.6996  (0.2s)
Round   20/50  coverage=0.1001  prec@K=0.0764  accepted=57  loss=0.6985  (0.2s)
Round   21/50  coverage=0.1018  prec@K=0.0715  accepted=52  loss=0.6974  (0.2s)
Round   22/50  coverage=0.1038  prec@K=0.0882  accepted=65  loss=0.6963  (0.2s)
Round   23/50  coverage=0.1053  prec@K=0.0673  accepted=49  loss=0.6956  (0.2s)
Round   24/50  coverage=0.1065  prec@K=0.0684  accepted=51  loss=0.6948  (0.3s)
Round   25/50  coverage=0.1077  prec@K=0.0594  accepted=45  loss=0.6943  (0.2s)
Round   26/50  coverage=0.1092  prec@K=0.0743  accepted=55  loss=0.6938  (0.2s)
Round   27/50  coverage=0.1112  prec@K=0.0813  accepted=64  loss=0.6933  (0.2s)
Round   28/50  coverage=0.1126  prec@K=0.0734  accepted=60  loss=0.6933  (0.3s)
Round   29/50  coverage=0.1140  prec@K=0.0602  accepted=49  loss=0.6930  (0.3s)
Round   30/50  coverage=0.1151  prec@K=0.0498  accepted=41  loss=0.6926  (0.3s)
Round   31/50  coverage=0.1165  prec@K=0.0597  accepted=46  loss=0.6925  (0.4s)
Round   32/50  coverage=0.1181  prec@K=0.0666  accepted=52  loss=0.6896  (0.3s)
Round   33/50  coverage=0.1194  prec@K=0.0671  accepted=55  loss=0.6871  (0.3s)
Round   34/50  coverage=0.1211  prec@K=0.0761  accepted=62  loss=0.6846  (0.3s)
Round   35/50  coverage=0.1224  prec@K=0.0607  accepted=47  loss=0.6827  (0.4s)
Round   36/50  coverage=0.1239  prec@K=0.0678  accepted=52  loss=0.6806  (0.3s)
Round   37/50  coverage=0.1249  prec@K=0.0478  accepted=38  loss=0.6786  (0.3s)
Round   38/50  coverage=0.1262  prec@K=0.0542  accepted=45  loss=0.6763  (0.4s)
Round   39/50  coverage=0.1279  prec@K=0.0619  accepted=50  loss=0.6742  (0.3s)
Round   40/50  coverage=0.1288  prec@K=0.0524  accepted=40  loss=0.6726  (0.3s)
Round   41/50  coverage=0.1300  prec@K=0.0564  accepted=46  loss=0.6713  (0.4s)
Round   42/50  coverage=0.1313  prec@K=0.0681  accepted=53  loss=0.6687  (0.3s)
Round   43/50  coverage=0.1326  prec@K=0.0615  accepted=50  loss=0.6671  (0.4s)
Round   44/50  coverage=0.1343  prec@K=0.0699  accepted=56  loss=0.6663  (0.3s)
Round   45/50  coverage=0.1358  prec@K=0.0633  accepted=54  loss=0.6650  (0.3s)
Round   46/50  coverage=0.1367  prec@K=0.0561  accepted=46  loss=0.6643  (0.4s)
Round   47/50  coverage=0.1377  prec@K=0.0506  accepted=44  loss=0.6628  (0.3s)
Round   48/50  coverage=0.1384  prec@K=0.0336  accepted=28  loss=0.6622  (0.3s)
Round   49/50  coverage=0.1392  prec@K=0.0398  accepted=33  loss=0.6616  (0.4s)
Round   50/50  coverage=0.1399  prec@K=0.0368  accepted=31  loss=0.6604  (0.3s)

˝áąűŇŃĐ´Čë results\online\email_eu_thr_gnn_k10_r50/rounds.csv
