C:\conda\envs\gnn\lib\site-packages\requests\__init__.py:86: RequestsDependencyWarning: Unable to find acceptable character detection dependency (chardet or charset_normalizer).
  warnings.warn(
C:\conda\envs\gnn\lib\site-packages\outdated\__init__.py:36: UserWarning: pkg_resources is deprecated as an API. See https://setuptools.pypa.io/en/latest/pkg_resources.html. The pkg_resources package is slated for removal as early as 2025-11-30. Refrain from using this package or pin to Setuptools<81.
  from pkg_resources import parse_version
Round    1/100  coverage=0.0526  prec@K=0.1659  accepted=71  loss=nan  (0.0s)
Round    2/100  coverage=0.0542  prec@K=0.0978  accepted=44  loss=nan  (0.0s)
Round    3/100  coverage=0.0558  prec@K=0.1062  accepted=48  loss=nan  (0.0s)
Round    4/100  coverage=0.0577  prec@K=0.1063  accepted=52  loss=nan  (0.0s)
Round    5/100  coverage=0.0595  prec@K=0.1049  accepted=54  loss=nan  (0.0s)
Round    6/100  coverage=0.0619  prec@K=0.1333  accepted=72  loss=nan  (0.0s)
Round    7/100  coverage=0.0647  prec@K=0.1333  accepted=76  loss=nan  (0.0s)
Round    8/100  coverage=0.0666  prec@K=0.1055  accepted=59  loss=nan  (0.0s)
Round    9/100  coverage=0.0690  prec@K=0.1228  accepted=71  loss=nan  (0.0s)
Round   10/100  coverage=0.0721  prec@K=0.1322  accepted=85  loss=nan  (0.0s)
Round   11/100  coverage=0.0747  prec@K=0.1214  accepted=71  loss=nan  (0.0s)
Round   12/100  coverage=0.0769  prec@K=0.1132  accepted=71  loss=nan  (0.0s)
Round   13/100  coverage=0.0795  prec@K=0.1163  accepted=77  loss=nan  (0.0s)
Round   14/100  coverage=0.0826  prec@K=0.1331  accepted=86  loss=nan  (0.0s)
Round   15/100  coverage=0.0852  prec@K=0.1063  accepted=78  loss=nan  (0.0s)
Round   16/100  coverage=0.0877  prec@K=0.1014  accepted=78  loss=nan  (0.0s)
Round   17/100  coverage=0.0911  prec@K=0.1378  accepted=102  loss=nan  (0.0s)
Round   18/100  coverage=0.0945  prec@K=0.1229  accepted=94  loss=nan  (0.0s)
Round   19/100  coverage=0.0972  prec@K=0.1051  accepted=80  loss=nan  (0.0s)
Round   20/100  coverage=0.0996  prec@K=0.0937  accepted=71  loss=nan  (0.0s)
Round   21/100  coverage=0.1017  prec@K=0.0866  accepted=67  loss=nan  (0.0s)
Round   22/100  coverage=0.1040  prec@K=0.0924  accepted=68  loss=nan  (0.0s)
Round   23/100  coverage=0.1063  prec@K=0.0907  accepted=72  loss=nan  (0.0s)
Round   24/100  coverage=0.1087  prec@K=0.1008  accepted=78  loss=nan  (0.0s)
Round   25/100  coverage=0.1105  prec@K=0.0731  accepted=58  loss=nan  (0.0s)
Round   26/100  coverage=0.1129  prec@K=0.0976  accepted=81  loss=nan  (0.0s)
Round   27/100  coverage=0.1150  prec@K=0.0811  accepted=65  loss=nan  (0.0s)
Round   28/100  coverage=0.1171  prec@K=0.0898  accepted=75  loss=nan  (0.0s)
Round   29/100  coverage=0.1195  prec@K=0.0876  accepted=72  loss=nan  (0.0s)
Round   30/100  coverage=0.1219  prec@K=0.0948  accepted=75  loss=nan  (0.0s)
Round   31/100  coverage=0.1241  prec@K=0.0751  accepted=65  loss=nan  (0.0s)
Round   32/100  coverage=0.1262  prec@K=0.0915  accepted=73  loss=nan  (0.0s)
Round   33/100  coverage=0.1280  prec@K=0.0758  accepted=58  loss=nan  (0.0s)
Round   34/100  coverage=0.1294  prec@K=0.0712  accepted=59  loss=nan  (0.0s)
Round   35/100  coverage=0.1313  prec@K=0.0754  accepted=60  loss=nan  (0.0s)
Round   36/100  coverage=0.1327  prec@K=0.0649  accepted=54  loss=nan  (0.0s)
Round   37/100  coverage=0.1342  prec@K=0.0607  accepted=51  loss=nan  (0.0s)
Round   38/100  coverage=0.1361  prec@K=0.0682  accepted=58  loss=nan  (0.0s)
Round   39/100  coverage=0.1377  prec@K=0.0599  accepted=48  loss=nan  (0.0s)
Round   40/100  coverage=0.1398  prec@K=0.0802  accepted=65  loss=nan  (0.0s)
Round   41/100  coverage=0.1411  prec@K=0.0692  accepted=59  loss=nan  (0.0s)
Round   42/100  coverage=0.1428  prec@K=0.0703  accepted=60  loss=nan  (0.0s)
Round   43/100  coverage=0.1448  prec@K=0.0795  accepted=67  loss=nan  (0.0s)
Round   44/100  coverage=0.1465  prec@K=0.0656  accepted=56  loss=nan  (0.0s)
Round   45/100  coverage=0.1485  prec@K=0.0821  accepted=69  loss=nan  (0.0s)
Round   46/100  coverage=0.1504  prec@K=0.0791  accepted=67  loss=nan  (0.0s)
Round   47/100  coverage=0.1517  prec@K=0.0532  accepted=44  loss=nan  (0.0s)
Round   48/100  coverage=0.1533  prec@K=0.0664  accepted=56  loss=nan  (0.0s)
Round   49/100  coverage=0.1551  prec@K=0.0635  accepted=54  loss=nan  (0.0s)
Round   50/100  coverage=0.1567  prec@K=0.0658  accepted=56  loss=nan  (0.0s)
Round   51/100  coverage=0.1584  prec@K=0.0741  accepted=64  loss=nan  (0.1s)
Round   52/100  coverage=0.1598  prec@K=0.0584  accepted=50  loss=nan  (0.0s)
Round   53/100  coverage=0.1614  prec@K=0.0684  accepted=59  loss=nan  (0.0s)
Round   54/100  coverage=0.1624  prec@K=0.0491  accepted=43  loss=nan  (0.0s)
Round   55/100  coverage=0.1632  prec@K=0.0434  accepted=36  loss=nan  (0.0s)
Round   56/100  coverage=0.1639  prec@K=0.0361  accepted=31  loss=nan  (0.0s)
Round   57/100  coverage=0.1653  prec@K=0.0593  accepted=52  loss=nan  (0.0s)
Round   58/100  coverage=0.1662  prec@K=0.0382  accepted=35  loss=nan  (0.0s)
Round   59/100  coverage=0.1672  prec@K=0.0448  accepted=39  loss=nan  (0.0s)
Round   60/100  coverage=0.1689  prec@K=0.0656  accepted=59  loss=nan  (0.0s)
Round   61/100  coverage=0.1702  prec@K=0.0565  accepted=52  loss=nan  (0.1s)
Round   62/100  coverage=0.1713  prec@K=0.0488  accepted=43  loss=nan  (0.0s)
Round   63/100  coverage=0.1723  prec@K=0.0496  accepted=44  loss=nan  (0.0s)
Round   64/100  coverage=0.1735  prec@K=0.0482  accepted=44  loss=nan  (0.0s)
Round   65/100  coverage=0.1747  prec@K=0.0534  accepted=46  loss=nan  (0.0s)
Round   66/100  coverage=0.1760  prec@K=0.0515  accepted=45  loss=nan  (0.0s)
Round   67/100  coverage=0.1771  prec@K=0.0486  accepted=43  loss=nan  (0.0s)
Round   68/100  coverage=0.1778  prec@K=0.0414  accepted=36  loss=nan  (0.0s)
Round   69/100  coverage=0.1787  prec@K=0.0554  accepted=48  loss=nan  (0.0s)
Round   70/100  coverage=0.1800  prec@K=0.0582  accepted=51  loss=nan  (0.0s)
Round   71/100  coverage=0.1807  prec@K=0.0403  accepted=35  loss=nan  (0.1s)
Round   72/100  coverage=0.1814  prec@K=0.0375  accepted=33  loss=nan  (0.0s)
Round   73/100  coverage=0.1826  prec@K=0.0450  accepted=39  loss=nan  (0.0s)
Round   74/100  coverage=0.1834  prec@K=0.0466  accepted=40  loss=nan  (0.0s)
Round   75/100  coverage=0.1841  prec@K=0.0309  accepted=27  loss=nan  (0.0s)
Round   76/100  coverage=0.1848  prec@K=0.0438  accepted=40  loss=nan  (0.0s)
Round   77/100  coverage=0.1855  prec@K=0.0400  accepted=36  loss=nan  (0.0s)
Round   78/100  coverage=0.1862  prec@K=0.0381  accepted=34  loss=nan  (0.0s)
Round   79/100  coverage=0.1870  prec@K=0.0420  accepted=37  loss=nan  (0.0s)
Round   80/100  coverage=0.1879  prec@K=0.0410  accepted=35  loss=nan  (0.0s)
Round   81/100  coverage=0.1884  prec@K=0.0308  accepted=27  loss=nan  (0.1s)
Round   82/100  coverage=0.1891  prec@K=0.0287  accepted=25  loss=nan  (0.0s)
Round   83/100  coverage=0.1898  prec@K=0.0371  accepted=32  loss=nan  (0.0s)
Round   84/100  coverage=0.1907  prec@K=0.0406  accepted=34  loss=nan  (0.0s)
Round   85/100  coverage=0.1915  prec@K=0.0499  accepted=44  loss=nan  (0.0s)
Round   86/100  coverage=0.1922  prec@K=0.0396  accepted=36  loss=nan  (0.0s)
Round   87/100  coverage=0.1928  prec@K=0.0297  accepted=26  loss=nan  (0.0s)
Round   88/100  coverage=0.1938  prec@K=0.0416  accepted=37  loss=nan  (0.0s)
Round   89/100  coverage=0.1943  prec@K=0.0330  accepted=29  loss=nan  (0.0s)
Round   90/100  coverage=0.1950  prec@K=0.0464  accepted=40  loss=nan  (0.0s)
Round   91/100  coverage=0.1957  prec@K=0.0385  accepted=33  loss=nan  (0.1s)
Round   92/100  coverage=0.1964  prec@K=0.0375  accepted=33  loss=nan  (0.0s)
Round   93/100  coverage=0.1972  prec@K=0.0394  accepted=34  loss=nan  (0.0s)
Round   94/100  coverage=0.1979  prec@K=0.0391  accepted=34  loss=nan  (0.0s)
Round   95/100  coverage=0.1987  prec@K=0.0454  accepted=41  loss=nan  (0.0s)
Round   96/100  coverage=0.1992  prec@K=0.0382  accepted=34  loss=nan  (0.0s)
Round   97/100  coverage=0.1996  prec@K=0.0313  accepted=29  loss=nan  (0.0s)
Round   98/100  coverage=0.2002  prec@K=0.0388  accepted=35  loss=nan  (0.0s)
Round   99/100  coverage=0.2009  prec@K=0.0337  accepted=30  loss=nan  (0.0s)
Round  100/100  coverage=0.2015  prec@K=0.0321  accepted=29  loss=nan  (0.0s)

˝áąűŇŃĐ´Čë results\online\email_eu_thr_random_k10_r100/rounds.csv
