C:\conda\envs\gnn\lib\site-packages\requests\__init__.py:86: RequestsDependencyWarning: Unable to find acceptable character detection dependency (chardet or charset_normalizer).
  warnings.warn(
C:\conda\envs\gnn\lib\site-packages\outdated\__init__.py:36: UserWarning: pkg_resources is deprecated as an API. See https://setuptools.pypa.io/en/latest/pkg_resources.html. The pkg_resources package is slated for removal as early as 2025-11-30. Refrain from using this package or pin to Setuptools<81.
  from pkg_resources import parse_version
C:\conda\envs\gnn\lib\site-packages\dgl\backend\pytorch\sparse.py:157: FutureWarning: `torch.cuda.amp.autocast_mode._cast(value, dtype)` is deprecated. Please use `torch.amp.autocast_mode._cast(value, 'cuda', dtype)` instead.
  return th.cuda.amp.autocast_mode._cast(
C:\conda\envs\gnn\lib\site-packages\dgl\backend\pytorch\sparse.py:148: FutureWarning: `torch.cuda.amp.autocast(args...)` is deprecated. Please use `torch.amp.autocast('cuda', args...)` instead.
  return th.cuda.amp.autocast(enabled=False)
Round    1/100  coverage=0.1186  prec@K=0.0082  accepted=20  loss=0.6809  (2.7s)
Round    2/100  coverage=0.1187  prec@K=0.0092  accepted=24  loss=0.6789  (1.0s)
Round    3/100  coverage=0.1188  prec@K=0.0185  accepted=43  loss=0.6749  (0.9s)
Round    4/100  coverage=0.1188  prec@K=0.0117  accepted=27  loss=0.6689  (1.0s)
Round    5/100  coverage=0.1189  prec@K=0.0080  accepted=22  loss=0.6608  (1.3s)
Round    6/100  coverage=0.1189  prec@K=0.0107  accepted=27  loss=0.6512  (1.2s)
Round    7/100  coverage=0.1190  prec@K=0.0095  accepted=25  loss=0.6420  (1.4s)
Round    8/100  coverage=0.1190  prec@K=0.0088  accepted=24  loss=0.6336  (1.4s)
Round    9/100  coverage=0.1190  prec@K=0.0073  accepted=19  loss=0.6253  (1.3s)
Round   10/100  coverage=0.1191  prec@K=0.0104  accepted=25  loss=0.6175  (1.3s)
Round   11/100  coverage=0.1191  prec@K=0.0075  accepted=20  loss=0.6101  (2.0s)
Round   12/100  coverage=0.1192  prec@K=0.0113  accepted=29  loss=0.6032  (1.5s)
Round   13/100  coverage=0.1192  prec@K=0.0075  accepted=19  loss=0.5973  (1.5s)
Round   14/100  coverage=0.1193  prec@K=0.0063  accepted=16  loss=0.5915  (1.9s)
Round   15/100  coverage=0.1193  prec@K=0.0100  accepted=27  loss=0.5870  (1.8s)
Round   16/100  coverage=0.1193  prec@K=0.0060  accepted=17  loss=0.5824  (1.8s)
Round   17/100  coverage=0.1194  prec@K=0.0054  accepted=14  loss=0.5784  (1.6s)
Round   18/100  coverage=0.1194  prec@K=0.0081  accepted=20  loss=0.5761  (1.7s)
Round   19/100  coverage=0.1194  prec@K=0.0072  accepted=18  loss=0.5740  (1.7s)
Round   20/100  coverage=0.1195  prec@K=0.0062  accepted=16  loss=0.5719  (1.8s)
Round   21/100  coverage=0.1195  prec@K=0.0081  accepted=19  loss=0.5699  (2.5s)
Round   22/100  coverage=0.1195  prec@K=0.0056  accepted=14  loss=0.5685  (1.9s)
Round   23/100  coverage=0.1195  prec@K=0.0016  accepted=4  loss=0.5666  (1.9s)
Round   24/100  coverage=0.1196  prec@K=0.0052  accepted=13  loss=0.5656  (1.9s)
Round   25/100  coverage=0.1196  prec@K=0.0035  accepted=9  loss=0.5646  (2.0s)
Round   26/100  coverage=0.1196  prec@K=0.0082  accepted=20  loss=0.5638  (2.0s)
Round   27/100  coverage=0.1197  prec@K=0.0048  accepted=12  loss=0.5632  (2.1s)
Round   28/100  coverage=0.1197  prec@K=0.0046  accepted=11  loss=0.5627  (2.0s)
Round   29/100  coverage=0.1197  prec@K=0.0045  accepted=12  loss=0.5625  (2.7s)
Round   30/100  coverage=0.1197  prec@K=0.0025  accepted=7  loss=0.5623  (2.5s)
Round   31/100  coverage=0.1197  prec@K=0.0023  accepted=6  loss=0.5621  (2.8s)
Round   32/100  coverage=0.1197  prec@K=0.0020  accepted=5  loss=0.5568  (2.4s)
Round   33/100  coverage=0.1198  prec@K=0.0054  accepted=14  loss=0.5520  (2.8s)
Round   34/100  coverage=0.1198  prec@K=0.0022  accepted=6  loss=0.5469  (2.7s)
Round   35/100  coverage=0.1198  prec@K=0.0012  accepted=3  loss=0.5417  (2.6s)
Round   36/100  coverage=0.1198  prec@K=0.0015  accepted=4  loss=0.5367  (2.7s)
Round   37/100  coverage=0.1198  prec@K=0.0036  accepted=9  loss=0.5316  (2.6s)
Round   38/100  coverage=0.1198  prec@K=0.0027  accepted=7  loss=0.5264  (2.8s)
Round   39/100  coverage=0.1198  prec@K=0.0018  accepted=5  loss=0.5217  (3.3s)
Round   40/100  coverage=0.1198  prec@K=0.0008  accepted=2  loss=0.5170  (2.8s)
Round   41/100  coverage=0.1198  prec@K=0.0015  accepted=4  loss=0.5126  (3.5s)
Round   42/100  coverage=0.1198  prec@K=0.0000  accepted=0  loss=0.5070  (3.0s)
Round   43/100  coverage=0.1198  prec@K=0.0004  accepted=1  loss=0.5034  (3.7s)
Round   44/100  coverage=0.1198  prec@K=0.0012  accepted=3  loss=0.5006  (3.2s)
Round   45/100  coverage=0.1199  prec@K=0.0012  accepted=3  loss=0.4961  (3.3s)
Round   46/100  coverage=0.1199  prec@K=0.0021  accepted=5  loss=0.4944  (3.1s)
Round   47/100  coverage=0.1199  prec@K=0.0017  accepted=4  loss=0.4909  (3.2s)
Round   48/100  coverage=0.1199  prec@K=0.0004  accepted=1  loss=0.4895  (3.8s)
Round   49/100  coverage=0.1199  prec@K=0.0013  accepted=3  loss=0.4883  (3.6s)
Round   50/100  coverage=0.1199  prec@K=0.0004  accepted=1  loss=0.4861  (3.5s)
Round   51/100  coverage=0.1199  prec@K=0.0008  accepted=2  loss=0.4851  (4.0s)
Round   52/100  coverage=0.1199  prec@K=0.0000  accepted=0  loss=0.4843  (3.2s)
Round   53/100  coverage=0.1199  prec@K=0.0000  accepted=0  loss=0.4825  (3.6s)
Round   54/100  coverage=0.1199  prec@K=0.0000  accepted=0  loss=0.4844  (3.5s)
Round   55/100  coverage=0.1199  prec@K=0.0004  accepted=1  loss=0.4837  (3.6s)
Round   56/100  coverage=0.1199  prec@K=0.0008  accepted=2  loss=0.4817  (3.8s)
Round   57/100  coverage=0.1199  prec@K=0.0000  accepted=0  loss=0.4778  (3.8s)
Round   58/100  coverage=0.1199  prec@K=0.0008  accepted=2  loss=0.4648  (3.7s)
Round   59/100  coverage=0.1199  prec@K=0.0008  accepted=2  loss=0.4591  (4.1s)
Round   60/100  coverage=0.1199  prec@K=0.0000  accepted=0  loss=0.4517  (3.8s)
Round   61/100  coverage=0.1199  prec@K=0.0004  accepted=1  loss=0.4434  (4.4s)
Round   62/100  coverage=0.1199  prec@K=0.0004  accepted=1  loss=0.4349  (3.5s)
Round   63/100  coverage=0.1199  prec@K=0.0004  accepted=1  loss=0.4288  (3.5s)
Round   64/100  coverage=0.1199  prec@K=0.0004  accepted=1  loss=0.4200  (3.8s)
Round   65/100  coverage=0.1199  prec@K=0.0008  accepted=2  loss=0.4180  (3.9s)
Round   66/100  coverage=0.1199  prec@K=0.0004  accepted=1  loss=0.4096  (3.6s)
Round   67/100  coverage=0.1199  prec@K=0.0000  accepted=0  loss=0.4043  (4.0s)
Round   68/100  coverage=0.1199  prec@K=0.0012  accepted=3  loss=0.3987  (4.4s)
Round   69/100  coverage=0.1199  prec@K=0.0016  accepted=4  loss=0.3920  (4.2s)
Round   70/100  coverage=0.1199  prec@K=0.0000  accepted=0  loss=0.3883  (4.2s)
Round   71/100  coverage=0.1199  prec@K=0.0004  accepted=1  loss=0.3846  (4.7s)
Round   72/100  coverage=0.1199  prec@K=0.0004  accepted=1  loss=0.3786  (3.8s)
Round   73/100  coverage=0.1199  prec@K=0.0004  accepted=1  loss=0.3791  (4.0s)
Round   74/100  coverage=0.1199  prec@K=0.0004  accepted=1  loss=0.3780  (3.8s)
Round   75/100  coverage=0.1199  prec@K=0.0004  accepted=1  loss=0.3748  (4.1s)
Round   76/100  coverage=0.1199  prec@K=0.0000  accepted=0  loss=0.3679  (3.9s)
Round   77/100  coverage=0.1199  prec@K=0.0000  accepted=0  loss=0.3726  (4.1s)
Round   78/100  coverage=0.1199  prec@K=0.0000  accepted=0  loss=0.3718  (4.2s)
Round   79/100  coverage=0.1199  prec@K=0.0004  accepted=1  loss=0.3728  (3.9s)
Round   80/100  coverage=0.1199  prec@K=0.0000  accepted=0  loss=0.3670  (4.1s)
Round   81/100  coverage=0.1199  prec@K=0.0000  accepted=0  loss=0.3681  (4.9s)
Round   82/100  coverage=0.1199  prec@K=0.0000  accepted=0  loss=0.3626  (3.6s)
Round   83/100  coverage=0.1199  prec@K=0.0004  accepted=1  loss=0.3477  (4.1s)
Round   84/100  coverage=0.1199  prec@K=0.0000  accepted=0  loss=0.3409  (3.6s)
Round   85/100  coverage=0.1199  prec@K=0.0000  accepted=0  loss=0.3325  (4.0s)
Round   86/100  coverage=0.1199  prec@K=0.0000  accepted=0  loss=0.3234  (3.7s)
Round   87/100  coverage=0.1199  prec@K=0.0000  accepted=0  loss=0.3111  (4.0s)
Round   88/100  coverage=0.1199  prec@K=0.0000  accepted=0  loss=0.3071  (4.7s)
Round   89/100  coverage=0.1199  prec@K=0.0000  accepted=0  loss=0.2967  (3.9s)
Round   90/100  coverage=0.1199  prec@K=0.0000  accepted=0  loss=0.2880  (3.9s)
Round   91/100  coverage=0.1199  prec@K=0.0000  accepted=0  loss=0.2842  (4.8s)
Round   92/100  coverage=0.1199  prec@K=0.0000  accepted=0  loss=0.2729  (3.9s)
Round   93/100  coverage=0.1199  prec@K=0.0000  accepted=0  loss=0.2697  (4.0s)
Round   94/100  coverage=0.1199  prec@K=0.0004  accepted=1  loss=0.2632  (4.0s)
Round   95/100  coverage=0.1199  prec@K=0.0000  accepted=0  loss=0.2603  (4.0s)
Round   96/100  coverage=0.1199  prec@K=0.0000  accepted=0  loss=0.2617  (3.7s)
Round   97/100  coverage=0.1199  prec@K=0.0000  accepted=0  loss=0.2495  (3.4s)
Round   98/100  coverage=0.1199  prec@K=0.0000  accepted=0  loss=0.2518  (4.0s)
Round   99/100  coverage=0.1199  prec@K=0.0000  accepted=0  loss=0.2504  (3.7s)
Round  100/100  coverage=0.1199  prec@K=0.0000  accepted=0  loss=0.2487  (3.6s)

˝áąűŇŃĐ´Čë results\online\epinions_v2_gnn_lc_topk10/rounds.csv
