C:\conda\envs\gnn\lib\site-packages\requests\__init__.py:86: RequestsDependencyWarning: Unable to find acceptable character detection dependency (chardet or charset_normalizer).
  warnings.warn(
C:\conda\envs\gnn\lib\site-packages\outdated\__init__.py:36: UserWarning: pkg_resources is deprecated as an API. See https://setuptools.pypa.io/en/latest/pkg_resources.html. The pkg_resources package is slated for removal as early as 2025-11-30. Refrain from using this package or pin to Setuptools<81.
  from pkg_resources import parse_version
Round    1/100  coverage=0.1186  prec@K=0.0078  accepted=19  loss=nan  (1.2s)
Round    2/100  coverage=0.1187  prec@K=0.0099  accepted=28  loss=nan  (0.7s)
Round    3/100  coverage=0.1187  prec@K=0.0106  accepted=27  loss=nan  (0.6s)
Round    4/100  coverage=0.1188  prec@K=0.0102  accepted=26  loss=nan  (0.7s)
Round    5/100  coverage=0.1188  prec@K=0.0091  accepted=24  loss=nan  (0.7s)
Round    6/100  coverage=0.1189  prec@K=0.0068  accepted=18  loss=nan  (0.8s)
Round    7/100  coverage=0.1189  prec@K=0.0078  accepted=20  loss=nan  (0.8s)
Round    8/100  coverage=0.1189  prec@K=0.0075  accepted=21  loss=nan  (0.9s)
Round    9/100  coverage=0.1190  prec@K=0.0084  accepted=23  loss=nan  (0.9s)
Round   10/100  coverage=0.1190  prec@K=0.0108  accepted=26  loss=nan  (0.8s)
Round   11/100  coverage=0.1191  prec@K=0.0066  accepted=17  loss=nan  (1.6s)
Round   12/100  coverage=0.1191  prec@K=0.0087  accepted=22  loss=nan  (0.9s)
Round   13/100  coverage=0.1192  prec@K=0.0082  accepted=21  loss=nan  (0.9s)
Round   14/100  coverage=0.1192  prec@K=0.0053  accepted=14  loss=nan  (1.0s)
Round   15/100  coverage=0.1192  prec@K=0.0058  accepted=16  loss=nan  (1.1s)
Round   16/100  coverage=0.1193  prec@K=0.0066  accepted=16  loss=nan  (1.0s)
Round   17/100  coverage=0.1193  prec@K=0.0051  accepted=13  loss=nan  (1.0s)
Round   18/100  coverage=0.1193  prec@K=0.0066  accepted=16  loss=nan  (1.0s)
Round   19/100  coverage=0.1193  prec@K=0.0077  accepted=20  loss=nan  (1.1s)
Round   20/100  coverage=0.1194  prec@K=0.0044  accepted=12  loss=nan  (1.2s)
Round   21/100  coverage=0.1194  prec@K=0.0051  accepted=13  loss=nan  (1.6s)
Round   22/100  coverage=0.1194  prec@K=0.0065  accepted=16  loss=nan  (1.1s)
Round   23/100  coverage=0.1194  prec@K=0.0039  accepted=10  loss=nan  (1.2s)
Round   24/100  coverage=0.1195  prec@K=0.0074  accepted=19  loss=nan  (1.2s)
Round   25/100  coverage=0.1195  prec@K=0.0049  accepted=12  loss=nan  (1.2s)
Round   26/100  coverage=0.1195  prec@K=0.0057  accepted=14  loss=nan  (1.2s)
Round   27/100  coverage=0.1196  prec@K=0.0049  accepted=13  loss=nan  (1.3s)
Round   28/100  coverage=0.1196  prec@K=0.0048  accepted=12  loss=nan  (1.3s)
Round   29/100  coverage=0.1196  prec@K=0.0036  accepted=9  loss=nan  (1.3s)
Round   30/100  coverage=0.1196  prec@K=0.0027  accepted=7  loss=nan  (1.4s)
Round   31/100  coverage=0.1196  prec@K=0.0022  accepted=6  loss=nan  (2.3s)
Round   32/100  coverage=0.1196  prec@K=0.0034  accepted=8  loss=nan  (1.3s)
Round   33/100  coverage=0.1197  prec@K=0.0029  accepted=7  loss=nan  (1.4s)
Round   34/100  coverage=0.1197  prec@K=0.0024  accepted=6  loss=nan  (1.5s)
Round   35/100  coverage=0.1197  prec@K=0.0020  accepted=5  loss=nan  (1.4s)
Round   36/100  coverage=0.1197  prec@K=0.0024  accepted=6  loss=nan  (1.5s)
Round   37/100  coverage=0.1197  prec@K=0.0028  accepted=7  loss=nan  (1.5s)
Round   38/100  coverage=0.1197  prec@K=0.0032  accepted=8  loss=nan  (1.6s)
Round   39/100  coverage=0.1197  prec@K=0.0025  accepted=6  loss=nan  (1.5s)
Round   40/100  coverage=0.1197  prec@K=0.0020  accepted=5  loss=nan  (1.6s)
Round   41/100  coverage=0.1198  prec@K=0.0020  accepted=5  loss=nan  (2.1s)
Round   42/100  coverage=0.1198  prec@K=0.0021  accepted=5  loss=nan  (1.6s)
Round   43/100  coverage=0.1198  prec@K=0.0019  accepted=5  loss=nan  (1.9s)
Round   44/100  coverage=0.1198  prec@K=0.0008  accepted=2  loss=nan  (1.6s)
Round   45/100  coverage=0.1198  prec@K=0.0037  accepted=9  loss=nan  (1.8s)
Round   46/100  coverage=0.1198  prec@K=0.0015  accepted=4  loss=nan  (2.0s)
Round   47/100  coverage=0.1198  prec@K=0.0004  accepted=1  loss=nan  (1.9s)
Round   48/100  coverage=0.1198  prec@K=0.0011  accepted=3  loss=nan  (2.0s)
Round   49/100  coverage=0.1198  prec@K=0.0004  accepted=1  loss=nan  (1.9s)
Round   50/100  coverage=0.1198  prec@K=0.0008  accepted=2  loss=nan  (2.1s)
Round   51/100  coverage=0.1198  prec@K=0.0000  accepted=0  loss=nan  (2.4s)
Round   52/100  coverage=0.1198  prec@K=0.0004  accepted=1  loss=nan  (2.1s)
Round   53/100  coverage=0.1198  prec@K=0.0000  accepted=0  loss=nan  (2.0s)
Round   54/100  coverage=0.1198  prec@K=0.0004  accepted=1  loss=nan  (1.9s)
Round   55/100  coverage=0.1198  prec@K=0.0004  accepted=1  loss=nan  (2.2s)
Round   56/100  coverage=0.1198  prec@K=0.0000  accepted=0  loss=nan  (2.0s)
Round   57/100  coverage=0.1198  prec@K=0.0000  accepted=0  loss=nan  (2.2s)
Round   58/100  coverage=0.1198  prec@K=0.0004  accepted=1  loss=nan  (1.9s)
Round   59/100  coverage=0.1198  prec@K=0.0008  accepted=2  loss=nan  (2.3s)
Round   60/100  coverage=0.1198  prec@K=0.0000  accepted=0  loss=nan  (2.2s)
Round   61/100  coverage=0.1198  prec@K=0.0000  accepted=0  loss=nan  (3.0s)
Round   62/100  coverage=0.1198  prec@K=0.0008  accepted=2  loss=nan  (2.0s)
Round   63/100  coverage=0.1198  prec@K=0.0000  accepted=0  loss=nan  (2.1s)
Round   64/100  coverage=0.1198  prec@K=0.0004  accepted=1  loss=nan  (1.8s)
Round   65/100  coverage=0.1198  prec@K=0.0000  accepted=0  loss=nan  (1.9s)
Round   66/100  coverage=0.1198  prec@K=0.0000  accepted=0  loss=nan  (1.9s)
Round   67/100  coverage=0.1198  prec@K=0.0004  accepted=1  loss=nan  (1.9s)
Round   68/100  coverage=0.1198  prec@K=0.0000  accepted=0  loss=nan  (2.2s)
Round   69/100  coverage=0.1198  prec@K=0.0000  accepted=0  loss=nan  (2.1s)
Round   70/100  coverage=0.1198  prec@K=0.0004  accepted=1  loss=nan  (2.1s)
Round   71/100  coverage=0.1198  prec@K=0.0000  accepted=0  loss=nan  (2.6s)
Round   72/100  coverage=0.1198  prec@K=0.0000  accepted=0  loss=nan  (1.9s)
Round   73/100  coverage=0.1198  prec@K=0.0000  accepted=0  loss=nan  (1.9s)
Round   74/100  coverage=0.1198  prec@K=0.0000  accepted=0  loss=nan  (2.0s)
Round   75/100  coverage=0.1198  prec@K=0.0000  accepted=0  loss=nan  (1.8s)
Round   76/100  coverage=0.1198  prec@K=0.0000  accepted=0  loss=nan  (2.0s)
Round   77/100  coverage=0.1198  prec@K=0.0000  accepted=0  loss=nan  (2.0s)
Round   78/100  coverage=0.1198  prec@K=0.0000  accepted=0  loss=nan  (2.0s)
Round   79/100  coverage=0.1198  prec@K=0.0004  accepted=1  loss=nan  (1.9s)
Round   80/100  coverage=0.1198  prec@K=0.0000  accepted=0  loss=nan  (2.2s)
Round   81/100  coverage=0.1198  prec@K=0.0000  accepted=0  loss=nan  (2.8s)
Round   82/100  coverage=0.1198  prec@K=0.0000  accepted=0  loss=nan  (2.0s)
Round   83/100  coverage=0.1198  prec@K=0.0000  accepted=0  loss=nan  (1.8s)
Round   84/100  coverage=0.1198  prec@K=0.0000  accepted=0  loss=nan  (1.9s)
Round   85/100  coverage=0.1198  prec@K=0.0004  accepted=1  loss=nan  (1.9s)
Round   86/100  coverage=0.1198  prec@K=0.0000  accepted=0  loss=nan  (2.2s)
Round   87/100  coverage=0.1198  prec@K=0.0000  accepted=0  loss=nan  (2.0s)
Round   88/100  coverage=0.1198  prec@K=0.0000  accepted=0  loss=nan  (2.0s)
Round   89/100  coverage=0.1198  prec@K=0.0000  accepted=0  loss=nan  (2.0s)
Round   90/100  coverage=0.1198  prec@K=0.0000  accepted=0  loss=nan  (2.1s)
Round   91/100  coverage=0.1198  prec@K=0.0000  accepted=0  loss=nan  (2.6s)
Round   92/100  coverage=0.1198  prec@K=0.0000  accepted=0  loss=nan  (1.9s)
Round   93/100  coverage=0.1198  prec@K=0.0000  accepted=0  loss=nan  (1.8s)
Round   94/100  coverage=0.1198  prec@K=0.0000  accepted=0  loss=nan  (1.7s)
Round   95/100  coverage=0.1198  prec@K=0.0000  accepted=0  loss=nan  (2.0s)
Round   96/100  coverage=0.1198  prec@K=0.0000  accepted=0  loss=nan  (2.0s)
Round   97/100  coverage=0.1198  prec@K=0.0000  accepted=0  loss=nan  (1.9s)
Round   98/100  coverage=0.1198  prec@K=0.0000  accepted=0  loss=nan  (2.0s)
Round   99/100  coverage=0.1198  prec@K=0.0000  accepted=0  loss=nan  (2.0s)
Round  100/100  coverage=0.1198  prec@K=0.0000  accepted=0  loss=nan  (2.0s)

˝áąűŇŃĐ´Čë results\online\epinions_thr_random_k10_r100/rounds.csv
