共 20 个实验，最多 4 并行
[OK] email_eu_eps00
  进度 1/20: email_eu_eps00
[OK] email_eu_eps03
[OK] email_eu_eps05
[OK] email_eu_eps01
  进度 2/20: email_eu_eps01
  进度 3/20: email_eu_eps03
  进度 4/20: email_eu_eps05
[OK] email_eu_eps05_01
  进度 5/20: email_eu_eps05_01
[OK] bitcoin_alpha_eps00
  进度 6/20: bitcoin_alpha_eps00
[OK] bitcoin_alpha_eps01
  进度 7/20: bitcoin_alpha_eps01
[OK] bitcoin_alpha_eps03
  进度 8/20: bitcoin_alpha_eps03
[OK] bitcoin_alpha_eps05
  进度 9/20: bitcoin_alpha_eps05
[OK] dnc_email_eps00
[OK] dnc_email_eps01
[OK] bitcoin_alpha_eps05_01
  进度 10/20: bitcoin_alpha_eps05_01
  进度 11/20: dnc_email_eps00
  进度 12/20: dnc_email_eps01
[OK] dnc_email_eps03
  进度 13/20: dnc_email_eps03
[OK] dnc_email_eps05
  进度 14/20: dnc_email_eps05
[OK] dnc_email_eps05_01
  进度 15/20: dnc_email_eps05_01
[OK] college_msg_eps00
  进度 16/20: college_msg_eps00
[OK] college_msg_eps01
  进度 17/20: college_msg_eps01
[OK] college_msg_eps03
  进度 18/20: college_msg_eps03
[OK] college_msg_eps05
  进度 19/20: college_msg_eps05
[OK] college_msg_eps05_01
  进度 20/20: college_msg_eps05_01

全部完成，结果在 results/online/eps_sweep/
