C:\conda\envs\gnn\lib\site-packages\requests\__init__.py:86: RequestsDependencyWarning: Unable to find acceptable character detection dependency (chardet or charset_normalizer).
  warnings.warn(
C:\conda\envs\gnn\lib\site-packages\outdated\__init__.py:36: UserWarning: pkg_resources is deprecated as an API. See https://setuptools.pypa.io/en/latest/pkg_resources.html. The pkg_resources package is slated for removal as early as 2025-11-30. Refrain from using this package or pin to Setuptools<81.
  from pkg_resources import parse_version
Round    1/100  coverage=0.0547  prec@K=0.2222  accepted=894  loss=nan  (0.6s)
Round    2/100  coverage=0.0599  prec@K=0.2397  accepted=964  loss=nan  (0.6s)
Round    3/100  coverage=0.0652  prec@K=0.2484  accepted=999  loss=nan  (0.7s)
Round    4/100  coverage=0.0710  prec@K=0.2676  accepted=1074  loss=nan  (0.6s)
Round    5/100  coverage=0.0772  prec@K=0.2882  accepted=1157  loss=nan  (0.7s)
Round    6/100  coverage=0.0837  prec@K=0.2969  accepted=1194  loss=nan  (0.6s)
Round    7/100  coverage=0.0895  prec@K=0.2707  accepted=1091  loss=nan  (0.7s)
Round    8/100  coverage=0.0959  prec@K=0.2876  accepted=1159  loss=nan  (0.7s)
Round    9/100  coverage=0.1020  prec@K=0.2851  accepted=1149  loss=nan  (0.7s)
Round   10/100  coverage=0.1079  prec@K=0.2705  accepted=1080  loss=nan  (0.7s)
Round   11/100  coverage=0.1143  prec@K=0.2951  accepted=1184  loss=nan  (1.0s)
Round   12/100  coverage=0.1203  prec@K=0.2747  accepted=1103  loss=nan  (0.8s)
Round   13/100  coverage=0.1266  prec@K=0.2912  accepted=1169  loss=nan  (0.8s)
Round   14/100  coverage=0.1322  prec@K=0.2584  accepted=1039  loss=nan  (0.8s)
Round   15/100  coverage=0.1382  prec@K=0.2764  accepted=1114  loss=nan  (0.8s)
Round   16/100  coverage=0.1439  prec@K=0.2634  accepted=1055  loss=nan  (0.8s)
Round   17/100  coverage=0.1493  prec@K=0.2484  accepted=999  loss=nan  (0.8s)
Round   18/100  coverage=0.1546  prec@K=0.2481  accepted=1000  loss=nan  (0.8s)
Round   19/100  coverage=0.1600  prec@K=0.2489  accepted=1001  loss=nan  (0.8s)
Round   20/100  coverage=0.1651  prec@K=0.2432  accepted=980  loss=nan  (6.6s)
Round   21/100  coverage=0.1701  prec@K=0.2335  accepted=939  loss=nan  (1.3s)
Round   22/100  coverage=0.1748  prec@K=0.2231  accepted=897  loss=nan  (0.8s)
Round   23/100  coverage=0.1794  prec@K=0.2129  accepted=858  loss=nan  (0.8s)
Round   24/100  coverage=0.1839  prec@K=0.2156  accepted=865  loss=nan  (0.9s)
Round   25/100  coverage=0.1883  prec@K=0.2092  accepted=841  loss=nan  (0.8s)
Round   26/100  coverage=0.1926  prec@K=0.2001  accepted=803  loss=nan  (0.8s)
Round   27/100  coverage=0.1967  prec@K=0.1958  accepted=789  loss=nan  (0.9s)
Round   28/100  coverage=0.2010  prec@K=0.2025  accepted=816  loss=nan  (0.8s)
Round   29/100  coverage=0.2050  prec@K=0.1934  accepted=778  loss=nan  (0.8s)
Round   30/100  coverage=0.2091  prec@K=0.1935  accepted=778  loss=nan  (0.8s)
Round   31/100  coverage=0.2131  prec@K=0.1938  accepted=781  loss=nan  (1.7s)
Round   32/100  coverage=0.2168  prec@K=0.1746  accepted=702  loss=nan  (0.9s)
Round   33/100  coverage=0.2203  prec@K=0.1757  accepted=708  loss=nan  (0.9s)
Round   34/100  coverage=0.2237  prec@K=0.1684  accepted=677  loss=nan  (0.8s)
Round   35/100  coverage=0.2271  prec@K=0.1629  accepted=655  loss=nan  (0.8s)
Round   36/100  coverage=0.2304  prec@K=0.1597  accepted=642  loss=nan  (0.8s)
Round   37/100  coverage=0.2332  prec@K=0.1406  accepted=563  loss=nan  (0.9s)
Round   38/100  coverage=0.2359  prec@K=0.1378  accepted=554  loss=nan  (0.9s)
Round   39/100  coverage=0.2386  prec@K=0.1349  accepted=543  loss=nan  (0.8s)
Round   40/100  coverage=0.2414  prec@K=0.1367  accepted=551  loss=nan  (8.9s)
Round   41/100  coverage=0.2440  prec@K=0.1311  accepted=527  loss=nan  (2.1s)
Round   42/100  coverage=0.2463  prec@K=0.1184  accepted=477  loss=nan  (0.9s)
Round   43/100  coverage=0.2486  prec@K=0.1181  accepted=475  loss=nan  (0.9s)
Round   44/100  coverage=0.2508  prec@K=0.1112  accepted=447  loss=nan  (0.9s)
Round   45/100  coverage=0.2531  prec@K=0.1171  accepted=470  loss=nan  (0.9s)
Round   46/100  coverage=0.2553  prec@K=0.1102  accepted=444  loss=nan  (0.9s)
Round   47/100  coverage=0.2571  prec@K=0.0962  accepted=387  loss=nan  (0.9s)
Round   48/100  coverage=0.2590  prec@K=0.1025  accepted=413  loss=nan  (0.9s)
Round   49/100  coverage=0.2609  prec@K=0.0965  accepted=388  loss=nan  (0.9s)
Round   50/100  coverage=0.2626  prec@K=0.0911  accepted=367  loss=nan  (0.8s)
Round   51/100  coverage=0.2641  prec@K=0.0816  accepted=329  loss=nan  (2.2s)
Round   52/100  coverage=0.2656  prec@K=0.0839  accepted=338  loss=nan  (0.9s)
Round   53/100  coverage=0.2671  prec@K=0.0831  accepted=335  loss=nan  (0.9s)
Round   54/100  coverage=0.2685  prec@K=0.0778  accepted=313  loss=nan  (0.9s)
Round   55/100  coverage=0.2698  prec@K=0.0772  accepted=311  loss=nan  (0.9s)
Round   56/100  coverage=0.2711  prec@K=0.0763  accepted=307  loss=nan  (0.9s)
Round   57/100  coverage=0.2723  prec@K=0.0732  accepted=295  loss=nan  (0.9s)
Round   58/100  coverage=0.2737  prec@K=0.0792  accepted=319  loss=nan  (0.9s)
Round   59/100  coverage=0.2750  prec@K=0.0794  accepted=320  loss=nan  (0.9s)
Round   60/100  coverage=0.2763  prec@K=0.0759  accepted=306  loss=nan  (10.1s)
Round   61/100  coverage=0.2774  prec@K=0.0669  accepted=269  loss=nan  (2.3s)
Round   62/100  coverage=0.2787  prec@K=0.0709  accepted=285  loss=nan  (0.9s)
Round   63/100  coverage=0.2798  prec@K=0.0691  accepted=278  loss=nan  (1.0s)
Round   64/100  coverage=0.2808  prec@K=0.0604  accepted=243  loss=nan  (0.9s)
Round   65/100  coverage=0.2818  prec@K=0.0627  accepted=252  loss=nan  (0.9s)
Round   66/100  coverage=0.2828  prec@K=0.0662  accepted=266  loss=nan  (0.9s)
Round   67/100  coverage=0.2837  prec@K=0.0599  accepted=241  loss=nan  (0.9s)
Round   68/100  coverage=0.2847  prec@K=0.0574  accepted=231  loss=nan  (0.9s)
Round   69/100  coverage=0.2856  prec@K=0.0576  accepted=232  loss=nan  (0.9s)
Round   70/100  coverage=0.2865  prec@K=0.0613  accepted=247  loss=nan  (0.9s)
Round   71/100  coverage=0.2874  prec@K=0.0543  accepted=219  loss=nan  (2.5s)
Round   72/100  coverage=0.2883  prec@K=0.0567  accepted=228  loss=nan  (0.9s)
Round   73/100  coverage=0.2893  prec@K=0.0602  accepted=242  loss=nan  (0.9s)
Round   74/100  coverage=0.2901  prec@K=0.0542  accepted=218  loss=nan  (1.0s)
Round   75/100  coverage=0.2909  prec@K=0.0505  accepted=203  loss=nan  (0.9s)
Round   76/100  coverage=0.2916  prec@K=0.0522  accepted=210  loss=nan  (1.0s)
Round   77/100  coverage=0.2924  prec@K=0.0490  accepted=197  loss=nan  (1.1s)
Round   78/100  coverage=0.2931  prec@K=0.0533  accepted=215  loss=nan  (1.0s)
Round   79/100  coverage=0.2938  prec@K=0.0462  accepted=186  loss=nan  (0.9s)
Round   80/100  coverage=0.2945  prec@K=0.0510  accepted=205  loss=nan  (10.8s)
Round   81/100  coverage=0.2953  prec@K=0.0519  accepted=209  loss=nan  (2.6s)
Round   82/100  coverage=0.2960  prec@K=0.0504  accepted=203  loss=nan  (0.9s)
Round   83/100  coverage=0.2967  prec@K=0.0526  accepted=212  loss=nan  (1.0s)
Round   84/100  coverage=0.2974  prec@K=0.0467  accepted=188  loss=nan  (1.0s)
Round   85/100  coverage=0.2981  prec@K=0.0514  accepted=207  loss=nan  (0.9s)
Round   86/100  coverage=0.2989  prec@K=0.0519  accepted=209  loss=nan  (0.9s)
Round   87/100  coverage=0.2996  prec@K=0.0542  accepted=218  loss=nan  (1.0s)
Round   88/100  coverage=0.3002  prec@K=0.0408  accepted=164  loss=nan  (0.9s)
Round   89/100  coverage=0.3008  prec@K=0.0469  accepted=189  loss=nan  (0.9s)
Round   90/100  coverage=0.3014  prec@K=0.0516  accepted=208  loss=nan  (1.0s)
Round   91/100  coverage=0.3020  prec@K=0.0442  accepted=178  loss=nan  (2.7s)
Round   92/100  coverage=0.3026  prec@K=0.0457  accepted=184  loss=nan  (1.0s)
Round   93/100  coverage=0.3032  prec@K=0.0474  accepted=191  loss=nan  (1.0s)
Round   94/100  coverage=0.3038  prec@K=0.0433  accepted=174  loss=nan  (1.0s)
Round   95/100  coverage=0.3044  prec@K=0.0497  accepted=200  loss=nan  (0.9s)
Round   96/100  coverage=0.3050  prec@K=0.0428  accepted=172  loss=nan  (0.9s)
Round   97/100  coverage=0.3054  prec@K=0.0355  accepted=143  loss=nan  (0.9s)
Round   98/100  coverage=0.3059  prec@K=0.0385  accepted=155  loss=nan  (1.0s)
Round   99/100  coverage=0.3064  prec@K=0.0455  accepted=183  loss=nan  (1.1s)
Round  100/100  coverage=0.3068  prec@K=0.0375  accepted=151  loss=nan  (11.4s)

˝áąűŇŃĐ´Čë results\online\facebook_ego_random_cyclic/rounds.csv
