C:\conda\envs\gnn\lib\site-packages\requests\__init__.py:86: RequestsDependencyWarning: Unable to find acceptable character detection dependency (chardet or charset_normalizer).
  warnings.warn(
C:\conda\envs\gnn\lib\site-packages\outdated\__init__.py:36: UserWarning: pkg_resources is deprecated as an API. See https://setuptools.pypa.io/en/latest/pkg_resources.html. The pkg_resources package is slated for removal as early as 2025-11-30. Refrain from using this package or pin to Setuptools<81.
  from pkg_resources import parse_version
Round    1/100  coverage=0.1441  prec@K=0.0769  accepted=507  loss=nan  (1.1s)
Round    2/100  coverage=0.1498  prec@K=0.0674  accepted=442  loss=nan  (1.2s)
Round    3/100  coverage=0.1545  prec@K=0.0608  accepted=403  loss=nan  (1.1s)
Round    4/100  coverage=0.1596  prec@K=0.0611  accepted=396  loss=nan  (1.2s)
Round    5/100  coverage=0.1646  prec@K=0.0630  accepted=416  loss=nan  (1.3s)
Round    6/100  coverage=0.1689  prec@K=0.0551  accepted=370  loss=nan  (1.2s)
Round    7/100  coverage=0.1729  prec@K=0.0517  accepted=348  loss=nan  (1.2s)
Round    8/100  coverage=0.1769  prec@K=0.0525  accepted=357  loss=nan  (1.2s)
Round    9/100  coverage=0.1810  prec@K=0.0518  accepted=347  loss=nan  (1.2s)
Round   10/100  coverage=0.1848  prec@K=0.0479  accepted=322  loss=nan  (1.3s)
Round   11/100  coverage=0.1881  prec@K=0.0459  accepted=308  loss=nan  (1.3s)
Round   12/100  coverage=0.1912  prec@K=0.0452  accepted=305  loss=nan  (1.3s)
Round   13/100  coverage=0.1940  prec@K=0.0435  accepted=295  loss=nan  (1.3s)
Round   14/100  coverage=0.1970  prec@K=0.0443  accepted=301  loss=nan  (1.3s)
Round   15/100  coverage=0.1994  prec@K=0.0414  accepted=276  loss=nan  (1.2s)
Round   16/100  coverage=0.2016  prec@K=0.0356  accepted=240  loss=nan  (1.3s)
Round   17/100  coverage=0.2039  prec@K=0.0393  accepted=268  loss=nan  (1.2s)
Round   18/100  coverage=0.2063  prec@K=0.0394  accepted=269  loss=nan  (1.2s)
Round   19/100  coverage=0.2087  prec@K=0.0411  accepted=279  loss=nan  (1.3s)
Round   20/100  coverage=0.2109  prec@K=0.0391  accepted=270  loss=nan  (2.4s)
Round   21/100  coverage=0.2129  prec@K=0.0384  accepted=262  loss=nan  (1.3s)
Round   22/100  coverage=0.2147  prec@K=0.0322  accepted=221  loss=nan  (1.2s)
Round   23/100  coverage=0.2164  prec@K=0.0347  accepted=237  loss=nan  (1.2s)
Round   24/100  coverage=0.2180  prec@K=0.0324  accepted=224  loss=nan  (1.3s)
Round   25/100  coverage=0.2200  prec@K=0.0340  accepted=233  loss=nan  (1.3s)
Round   26/100  coverage=0.2218  prec@K=0.0336  accepted=232  loss=nan  (1.2s)
Round   27/100  coverage=0.2234  prec@K=0.0308  accepted=214  loss=nan  (1.3s)
Round   28/100  coverage=0.2249  prec@K=0.0271  accepted=186  loss=nan  (1.3s)
Round   29/100  coverage=0.2264  prec@K=0.0326  accepted=227  loss=nan  (1.3s)
Round   30/100  coverage=0.2278  prec@K=0.0305  accepted=208  loss=nan  (1.3s)
Round   31/100  coverage=0.2291  prec@K=0.0281  accepted=191  loss=nan  (1.4s)
Round   32/100  coverage=0.2305  prec@K=0.0295  accepted=203  loss=nan  (1.3s)
Round   33/100  coverage=0.2316  prec@K=0.0278  accepted=190  loss=nan  (1.3s)
Round   34/100  coverage=0.2326  prec@K=0.0283  accepted=196  loss=nan  (1.3s)
Round   35/100  coverage=0.2337  prec@K=0.0318  accepted=221  loss=nan  (1.2s)
Round   36/100  coverage=0.2347  prec@K=0.0273  accepted=185  loss=nan  (1.3s)
Round   37/100  coverage=0.2359  prec@K=0.0272  accepted=188  loss=nan  (1.2s)
Round   38/100  coverage=0.2369  prec@K=0.0279  accepted=189  loss=nan  (1.3s)
Round   39/100  coverage=0.2378  prec@K=0.0279  accepted=190  loss=nan  (1.2s)
Round   40/100  coverage=0.2386  prec@K=0.0286  accepted=196  loss=nan  (3.1s)
Round   41/100  coverage=0.2396  prec@K=0.0238  accepted=164  loss=nan  (1.4s)
Round   42/100  coverage=0.2406  prec@K=0.0282  accepted=195  loss=nan  (1.3s)
Round   43/100  coverage=0.2412  prec@K=0.0236  accepted=162  loss=nan  (1.3s)
Round   44/100  coverage=0.2421  prec@K=0.0239  accepted=165  loss=nan  (1.3s)
Round   45/100  coverage=0.2428  prec@K=0.0263  accepted=182  loss=nan  (1.3s)
Round   46/100  coverage=0.2435  prec@K=0.0237  accepted=163  loss=nan  (1.3s)
Round   47/100  coverage=0.2443  prec@K=0.0252  accepted=173  loss=nan  (1.3s)
Round   48/100  coverage=0.2449  prec@K=0.0254  accepted=176  loss=nan  (1.2s)
Round   49/100  coverage=0.2455  prec@K=0.0244  accepted=167  loss=nan  (1.3s)
Round   50/100  coverage=0.2460  prec@K=0.0243  accepted=167  loss=nan  (1.3s)
Round   51/100  coverage=0.2464  prec@K=0.0230  accepted=158  loss=nan  (1.6s)
Round   52/100  coverage=0.2471  prec@K=0.0259  accepted=179  loss=nan  (1.3s)
Round   53/100  coverage=0.2477  prec@K=0.0250  accepted=172  loss=nan  (1.3s)
Round   54/100  coverage=0.2483  prec@K=0.0248  accepted=171  loss=nan  (1.4s)
Round   55/100  coverage=0.2489  prec@K=0.0248  accepted=169  loss=nan  (1.2s)
Round   56/100  coverage=0.2495  prec@K=0.0255  accepted=177  loss=nan  (1.2s)
Round   57/100  coverage=0.2498  prec@K=0.0215  accepted=148  loss=nan  (1.3s)
Round   58/100  coverage=0.2501  prec@K=0.0205  accepted=139  loss=nan  (1.2s)
Round   59/100  coverage=0.2505  prec@K=0.0253  accepted=173  loss=nan  (1.2s)
Round   60/100  coverage=0.2509  prec@K=0.0224  accepted=153  loss=nan  (3.5s)
Round   61/100  coverage=0.2513  prec@K=0.0217  accepted=148  loss=nan  (1.4s)
Round   62/100  coverage=0.2516  prec@K=0.0237  accepted=162  loss=nan  (1.2s)
Round   63/100  coverage=0.2519  prec@K=0.0220  accepted=151  loss=nan  (1.2s)
Round   64/100  coverage=0.2523  prec@K=0.0246  accepted=169  loss=nan  (1.3s)
Round   65/100  coverage=0.2526  prec@K=0.0227  accepted=157  loss=nan  (1.2s)
Round   66/100  coverage=0.2529  prec@K=0.0197  accepted=135  loss=nan  (1.2s)
Round   67/100  coverage=0.2530  prec@K=0.0216  accepted=148  loss=nan  (1.3s)
Round   68/100  coverage=0.2533  prec@K=0.0252  accepted=173  loss=nan  (1.3s)
Round   69/100  coverage=0.2535  prec@K=0.0222  accepted=152  loss=nan  (1.2s)
Round   70/100  coverage=0.2538  prec@K=0.0244  accepted=168  loss=nan  (1.3s)
Round   71/100  coverage=0.2539  prec@K=0.0202  accepted=139  loss=nan  (1.4s)
Round   72/100  coverage=0.2541  prec@K=0.0200  accepted=136  loss=nan  (1.2s)
Round   73/100  coverage=0.2544  prec@K=0.0191  accepted=130  loss=nan  (1.3s)
Round   74/100  coverage=0.2544  prec@K=0.0218  accepted=148  loss=nan  (1.2s)
Round   75/100  coverage=0.2546  prec@K=0.0180  accepted=122  loss=nan  (1.3s)
Round   76/100  coverage=0.2549  prec@K=0.0219  accepted=149  loss=nan  (1.3s)
Round   77/100  coverage=0.2550  prec@K=0.0202  accepted=138  loss=nan  (1.2s)
Round   78/100  coverage=0.2552  prec@K=0.0219  accepted=150  loss=nan  (1.3s)
Round   79/100  coverage=0.2553  prec@K=0.0205  accepted=141  loss=nan  (1.3s)
Round   80/100  coverage=0.2554  prec@K=0.0207  accepted=143  loss=nan  (4.0s)
Round   81/100  coverage=0.2556  prec@K=0.0203  accepted=139  loss=nan  (1.5s)
Round   82/100  coverage=0.2557  prec@K=0.0250  accepted=171  loss=nan  (1.2s)
Round   83/100  coverage=0.2560  prec@K=0.0241  accepted=166  loss=nan  (1.3s)
Round   84/100  coverage=0.2561  prec@K=0.0204  accepted=140  loss=nan  (1.2s)
Round   85/100  coverage=0.2563  prec@K=0.0219  accepted=149  loss=nan  (1.2s)
Round   86/100  coverage=0.2564  prec@K=0.0197  accepted=134  loss=nan  (1.2s)
Round   87/100  coverage=0.2565  prec@K=0.0188  accepted=128  loss=nan  (1.3s)
Round   88/100  coverage=0.2567  prec@K=0.0200  accepted=137  loss=nan  (1.3s)
Round   89/100  coverage=0.2568  prec@K=0.0206  accepted=141  loss=nan  (1.3s)
Round   90/100  coverage=0.2570  prec@K=0.0222  accepted=152  loss=nan  (1.3s)
Round   91/100  coverage=0.2571  prec@K=0.0190  accepted=130  loss=nan  (1.6s)
Round   92/100  coverage=0.2573  prec@K=0.0229  accepted=157  loss=nan  (1.2s)
Round   93/100  coverage=0.2575  prec@K=0.0217  accepted=148  loss=nan  (1.3s)
Round   94/100  coverage=0.2577  prec@K=0.0238  accepted=162  loss=nan  (1.3s)
Round   95/100  coverage=0.2578  prec@K=0.0193  accepted=131  loss=nan  (1.4s)
Round   96/100  coverage=0.2578  prec@K=0.0207  accepted=141  loss=nan  (1.3s)
Round   97/100  coverage=0.2578  prec@K=0.0219  accepted=149  loss=nan  (1.3s)
Round   98/100  coverage=0.2579  prec@K=0.0196  accepted=133  loss=nan  (1.3s)
Round   99/100  coverage=0.2581  prec@K=0.0209  accepted=142  loss=nan  (1.3s)
Round  100/100  coverage=0.2584  prec@K=0.0211  accepted=143  loss=nan  (4.6s)

˝áąűŇŃĐ´Čë results\online\lastfm_asia_random_cyclic/rounds.csv
