C:\conda\envs\gnn\lib\site-packages\requests\__init__.py:86: RequestsDependencyWarning: Unable to find acceptable character detection dependency (chardet or charset_normalizer).
  warnings.warn(
C:\conda\envs\gnn\lib\site-packages\outdated\__init__.py:36: UserWarning: pkg_resources is deprecated as an API. See https://setuptools.pypa.io/en/latest/pkg_resources.html. The pkg_resources package is slated for removal as early as 2025-11-30. Refrain from using this package or pin to Setuptools<81.
  from pkg_resources import parse_version
[preprocess] Éľłý 384 ¸öąÂÁ˘˝ÚµăŁ¬ĘŁÓŕ 9616 ¸ö˝Úµă
C:\conda\envs\gnn\lib\site-packages\dgl\backend\pytorch\sparse.py:157: FutureWarning: `torch.cuda.amp.autocast_mode._cast(value, dtype)` is deprecated. Please use `torch.amp.autocast_mode._cast(value, 'cuda', dtype)` instead.
  return th.cuda.amp.autocast_mode._cast(
C:\conda\envs\gnn\lib\site-packages\dgl\backend\pytorch\sparse.py:148: FutureWarning: `torch.cuda.amp.autocast(args...)` is deprecated. Please use `torch.amp.autocast('cuda', args...)` instead.
  return th.cuda.amp.autocast(enabled=False)
Round    1/100  coverage=0.0519  prec@K=0.0021  accepted=20  loss=0.8504  (1.5s)
Round    2/100  coverage=0.0539  prec@K=0.0021  accepted=20  loss=0.8492  (1.0s)
Round    3/100  coverage=0.0559  prec@K=0.0021  accepted=20  loss=0.8474  (1.2s)
Round    4/100  coverage=0.0560  prec@K=0.0001  accepted=1  loss=0.8446  (1.3s)
Round    5/100  coverage=0.0582  prec@K=0.0024  accepted=23  loss=0.8407  (1.5s)
Round    6/100  coverage=0.0605  prec@K=0.0024  accepted=23  loss=0.8363  (1.7s)
Round    7/100  coverage=0.0626  prec@K=0.0022  accepted=21  loss=0.8317  (1.9s)
Round    8/100  coverage=0.0647  prec@K=0.0022  accepted=21  loss=0.8274  (2.3s)
Round    9/100  coverage=0.0669  prec@K=0.0023  accepted=22  loss=0.8231  (2.6s)
Round   10/100  coverage=0.0690  prec@K=0.0023  accepted=22  loss=0.8189  (2.9s)
Round   11/100  coverage=0.0710  prec@K=0.0021  accepted=20  loss=0.8147  (3.3s)
Round   12/100  coverage=0.0730  prec@K=0.0021  accepted=20  loss=0.8107  (3.7s)
Round   13/100  coverage=0.0749  prec@K=0.0020  accepted=19  loss=0.8055  (4.0s)
Round   14/100  coverage=0.0758  prec@K=0.0009  accepted=9  loss=0.7998  (4.4s)
Round   15/100  coverage=0.0760  prec@K=0.0002  accepted=2  loss=0.7948  (4.7s)
Round   16/100  coverage=0.0761  prec@K=0.0001  accepted=1  loss=0.7902  (5.1s)
Round   17/100  coverage=0.0761  prec@K=0.0000  accepted=0  loss=0.7861  (5.7s)
Round   18/100  coverage=0.0761  prec@K=0.0000  accepted=0  loss=0.7827  (6.0s)
Round   19/100  coverage=0.0761  prec@K=0.0000  accepted=0  loss=0.7796  (6.9s)
Round   20/100  coverage=0.0762  prec@K=0.0001  accepted=1  loss=0.7769  (7.4s)
Round   21/100  coverage=0.0763  prec@K=0.0001  accepted=1  loss=0.7744  (8.1s)
Round   22/100  coverage=0.0764  prec@K=0.0001  accepted=1  loss=0.7720  (8.6s)
Round   23/100  coverage=0.0765  prec@K=0.0001  accepted=1  loss=0.7699  (8.8s)
Round   24/100  coverage=0.0765  prec@K=0.0000  accepted=0  loss=0.7678  (8.6s)
Round   25/100  coverage=0.0765  prec@K=0.0000  accepted=0  loss=0.7659  (9.4s)
Round   26/100  coverage=0.0765  prec@K=0.0000  accepted=0  loss=0.7641  (10.4s)
Round   27/100  coverage=0.0767  prec@K=0.0002  accepted=2  loss=0.7626  (11.4s)
Round   28/100  coverage=0.0769  prec@K=0.0002  accepted=2  loss=0.7612  (11.6s)
Round   29/100  coverage=0.0770  prec@K=0.0001  accepted=1  loss=0.7597  (12.3s)
Round   30/100  coverage=0.0771  prec@K=0.0001  accepted=1  loss=0.7583  (12.9s)
Round   31/100  coverage=0.0772  prec@K=0.0001  accepted=1  loss=0.7570  (13.4s)
Round   32/100  coverage=0.0772  prec@K=0.0000  accepted=0  loss=0.7540  (14.1s)
Round   33/100  coverage=0.0772  prec@K=0.0000  accepted=0  loss=0.7511  (14.3s)
Round   34/100  coverage=0.0772  prec@K=0.0000  accepted=0  loss=0.7495  (14.9s)
Round   35/100  coverage=0.0772  prec@K=0.0000  accepted=0  loss=0.7446  (15.8s)
Round   36/100  coverage=0.0773  prec@K=0.0001  accepted=1  loss=0.7465  (16.3s)
Round   37/100  coverage=0.0774  prec@K=0.0001  accepted=1  loss=0.7435  (16.6s)
Round   38/100  coverage=0.0777  prec@K=0.0003  accepted=3  loss=0.7387  (16.8s)
Round   39/100  coverage=0.0779  prec@K=0.0002  accepted=2  loss=0.7388  (16.6s)
Round   40/100  coverage=0.0779  prec@K=0.0000  accepted=0  loss=0.7340  (16.8s)
Round   41/100  coverage=0.0780  prec@K=0.0001  accepted=1  loss=0.7317  (17.9s)
Round   42/100  coverage=0.0781  prec@K=0.0001  accepted=1  loss=0.7231  (18.3s)
Round   43/100  coverage=0.0783  prec@K=0.0002  accepted=2  loss=0.7185  (18.6s)
Round   44/100  coverage=0.0785  prec@K=0.0002  accepted=2  loss=0.7275  (19.3s)
Round   45/100  coverage=0.0785  prec@K=0.0000  accepted=0  loss=0.7244  (19.7s)
Round   46/100  coverage=0.0785  prec@K=0.0000  accepted=0  loss=0.7197  (20.6s)
Round   47/100  coverage=0.0785  prec@K=0.0000  accepted=0  loss=0.7051  (20.7s)
Round   48/100  coverage=0.0786  prec@K=0.0001  accepted=1  loss=0.7238  (21.2s)
Round   49/100  coverage=0.0789  prec@K=0.0003  accepted=3  loss=0.7176  (21.0s)
Round   50/100  coverage=0.0790  prec@K=0.0002  accepted=2  loss=0.7150  (22.0s)
Round   51/100  coverage=0.0791  prec@K=0.0001  accepted=1  loss=0.7211  (23.1s)
Round   52/100  coverage=0.0792  prec@K=0.0001  accepted=1  loss=0.7162  (23.3s)
Round   53/100  coverage=0.0792  prec@K=0.0000  accepted=0  loss=0.7086  (23.9s)
Round   54/100  coverage=0.0794  prec@K=0.0002  accepted=2  loss=0.7214  (25.0s)
Round   55/100  coverage=0.0796  prec@K=0.0002  accepted=2  loss=0.7177  (25.2s)
Round   56/100  coverage=0.0796  prec@K=0.0000  accepted=0  loss=0.7120  (25.1s)
Round   57/100  coverage=0.0796  prec@K=0.0000  accepted=0  loss=0.7206  (25.2s)
Round   58/100  coverage=0.0796  prec@K=0.0000  accepted=0  loss=0.6869  (24.3s)
Round   59/100  coverage=0.0796  prec@K=0.0000  accepted=0  loss=0.7092  (25.3s)
Round   60/100  coverage=0.0797  prec@K=0.0001  accepted=1  loss=0.7031  (26.3s)
Round   61/100  coverage=0.0797  prec@K=0.0000  accepted=0  loss=0.7078  (27.4s)
Round   62/100  coverage=0.0798  prec@K=0.0001  accepted=1  loss=0.6951  (24.7s)
Round   63/100  coverage=0.0799  prec@K=0.0001  accepted=1  loss=0.6914  (25.1s)
Round   64/100  coverage=0.0800  prec@K=0.0001  accepted=1  loss=0.7008  (25.6s)
Round   65/100  coverage=0.0801  prec@K=0.0001  accepted=1  loss=0.6961  (26.0s)
Round   66/100  coverage=0.0802  prec@K=0.0001  accepted=1  loss=0.6897  (26.5s)
Round   67/100  coverage=0.0802  prec@K=0.0000  accepted=0  loss=0.6936  (26.6s)
Round   68/100  coverage=0.0802  prec@K=0.0000  accepted=0  loss=0.6985  (27.6s)
Round   69/100  coverage=0.0803  prec@K=0.0001  accepted=1  loss=0.6932  (27.7s)
Round   70/100  coverage=0.0803  prec@K=0.0000  accepted=0  loss=0.6897  (27.3s)
Round   71/100  coverage=0.0803  prec@K=0.0000  accepted=0  loss=0.6912  (28.3s)
Round   72/100  coverage=0.0805  prec@K=0.0002  accepted=2  loss=0.6812  (25.7s)
Round   73/100  coverage=0.0808  prec@K=0.0003  accepted=3  loss=0.6900  (26.4s)
Round   74/100  coverage=0.0809  prec@K=0.0001  accepted=1  loss=0.6918  (26.8s)
Round   75/100  coverage=0.0809  prec@K=0.0000  accepted=0  loss=0.6870  (27.3s)
Round   76/100  coverage=0.0809  prec@K=0.0000  accepted=0  loss=0.6604  (27.7s)
Round   77/100  coverage=0.0809  prec@K=0.0000  accepted=0  loss=0.6961  (28.0s)
Round   78/100  coverage=0.0809  prec@K=0.0000  accepted=0  loss=0.6884  (28.2s)
Round   79/100  coverage=0.0809  prec@K=0.0000  accepted=0  loss=0.6867  (28.7s)
Round   80/100  coverage=0.0809  prec@K=0.0000  accepted=0  loss=0.6750  (29.1s)
Round   81/100  coverage=0.0809  prec@K=0.0000  accepted=0  loss=0.6799  (29.9s)
Round   82/100  coverage=0.0811  prec@K=0.0002  accepted=2  loss=0.6884  (26.7s)
Round   83/100  coverage=0.0813  prec@K=0.0002  accepted=2  loss=0.6828  (27.7s)
Round   84/100  coverage=0.0813  prec@K=0.0000  accepted=0  loss=0.6783  (28.0s)
Round   85/100  coverage=0.0813  prec@K=0.0000  accepted=0  loss=0.6803  (28.3s)
Round   86/100  coverage=0.0813  prec@K=0.0000  accepted=0  loss=0.6835  (28.8s)
Round   87/100  coverage=0.0813  prec@K=0.0000  accepted=0  loss=0.6750  (29.6s)
Round   88/100  coverage=0.0813  prec@K=0.0000  accepted=0  loss=0.6813  (30.0s)
Round   89/100  coverage=0.0813  prec@K=0.0000  accepted=0  loss=0.6767  (30.3s)
Round   90/100  coverage=0.0813  prec@K=0.0000  accepted=0  loss=0.6659  (31.2s)
Round   91/100  coverage=0.0814  prec@K=0.0001  accepted=1  loss=0.6766  (31.9s)
Round   92/100  coverage=0.0814  prec@K=0.0000  accepted=0  loss=0.6586  (28.9s)
Round   93/100  coverage=0.0815  prec@K=0.0001  accepted=1  loss=0.6691  (29.5s)
Round   94/100  coverage=0.0816  prec@K=0.0001  accepted=1  loss=0.6675  (30.1s)
Round   95/100  coverage=0.0816  prec@K=0.0000  accepted=0  loss=0.6683  (30.3s)
Round   96/100  coverage=0.0816  prec@K=0.0000  accepted=0  loss=0.6748  (30.6s)
Round   97/100  coverage=0.0817  prec@K=0.0001  accepted=1  loss=0.6423  (30.8s)
Round   98/100  coverage=0.0818  prec@K=0.0001  accepted=1  loss=0.6638  (29.5s)
Round   99/100  coverage=0.0818  prec@K=0.0000  accepted=0  loss=0.6693  (30.0s)
Round  100/100  coverage=0.0818  prec@K=0.0000  accepted=0  loss=0.6627  (30.7s)

˝áąűŇŃĐ´Čë results\online\sbm10k_v2_gnn_node_emb_topk20/rounds.csv
