C:\conda\envs\gnn\lib\site-packages\requests\__init__.py:86: RequestsDependencyWarning: Unable to find acceptable character detection dependency (chardet or charset_normalizer).
  warnings.warn(
C:\conda\envs\gnn\lib\site-packages\outdated\__init__.py:36: UserWarning: pkg_resources is deprecated as an API. See https://setuptools.pypa.io/en/latest/pkg_resources.html. The pkg_resources package is slated for removal as early as 2025-11-30. Refrain from using this package or pin to Setuptools<81.
  from pkg_resources import parse_version
[SBMGenerator] ÉúłÉÍęłÉŁş10000 ˝ÚµăŁ¬10095 ±ß
[preprocess] Éľłý 384 ¸öąÂÁ˘˝ÚµăŁ¬ĘŁÓŕ 9616 ¸ö˝Úµă
C:\conda\envs\gnn\lib\site-packages\dgl\backend\pytorch\sparse.py:157: FutureWarning: `torch.cuda.amp.autocast_mode._cast(value, dtype)` is deprecated. Please use `torch.amp.autocast_mode._cast(value, 'cuda', dtype)` instead.
  return th.cuda.amp.autocast_mode._cast(
C:\conda\envs\gnn\lib\site-packages\dgl\backend\pytorch\sparse.py:148: FutureWarning: `torch.cuda.amp.autocast(args...)` is deprecated. Please use `torch.amp.autocast('cuda', args...)` instead.
  return th.cuda.amp.autocast(enabled=False)
Round    1/100  coverage=0.0519  prec@K=0.0021  accepted=20  loss=0.6343  (1.8s)
Round    2/100  coverage=0.0539  prec@K=0.0021  accepted=20  loss=0.6309  (1.2s)
Round    3/100  coverage=0.0559  prec@K=0.0021  accepted=20  loss=0.6237  (1.3s)
Round    4/100  coverage=0.0579  prec@K=0.0021  accepted=20  loss=0.6129  (1.5s)
Round    5/100  coverage=0.0598  prec@K=0.0021  accepted=20  loss=0.5990  (1.7s)
Round    6/100  coverage=0.0619  prec@K=0.0022  accepted=21  loss=0.5834  (1.9s)
Round    7/100  coverage=0.0639  prec@K=0.0021  accepted=20  loss=0.5677  (2.2s)
Round    8/100  coverage=0.0659  prec@K=0.0021  accepted=20  loss=0.5522  (2.4s)
Round    9/100  coverage=0.0680  prec@K=0.0022  accepted=21  loss=0.5366  (2.6s)
Round   10/100  coverage=0.0699  prec@K=0.0021  accepted=20  loss=0.5213  (2.9s)
Round   11/100  coverage=0.0719  prec@K=0.0021  accepted=20  loss=0.5065  (3.3s)
Round   12/100  coverage=0.0741  prec@K=0.0023  accepted=22  loss=0.4923  (3.5s)
Round   13/100  coverage=0.0762  prec@K=0.0022  accepted=21  loss=0.4785  (3.9s)
Round   14/100  coverage=0.0782  prec@K=0.0021  accepted=20  loss=0.4653  (4.2s)
Round   15/100  coverage=0.0801  prec@K=0.0021  accepted=20  loss=0.4531  (4.4s)
Round   16/100  coverage=0.0822  prec@K=0.0022  accepted=21  loss=0.4418  (4.7s)
Round   17/100  coverage=0.0842  prec@K=0.0021  accepted=20  loss=0.4313  (5.2s)
Round   18/100  coverage=0.0863  prec@K=0.0022  accepted=21  loss=0.4217  (5.7s)
Round   19/100  coverage=0.0885  prec@K=0.0023  accepted=22  loss=0.4132  (5.9s)
Round   20/100  coverage=0.0904  prec@K=0.0021  accepted=20  loss=0.4057  (6.4s)
Round   21/100  coverage=0.0924  prec@K=0.0021  accepted=20  loss=0.3993  (7.0s)
Round   22/100  coverage=0.0944  prec@K=0.0021  accepted=20  loss=0.3937  (7.4s)
Round   23/100  coverage=0.0965  prec@K=0.0022  accepted=21  loss=0.3892  (7.7s)
Round   24/100  coverage=0.0985  prec@K=0.0021  accepted=20  loss=0.3855  (8.3s)
Round   25/100  coverage=0.1004  prec@K=0.0021  accepted=20  loss=0.3827  (8.9s)
Round   26/100  coverage=0.1024  prec@K=0.0021  accepted=20  loss=0.3804  (9.1s)
Round   27/100  coverage=0.1045  prec@K=0.0022  accepted=21  loss=0.3790  (9.7s)
Round   28/100  coverage=0.1065  prec@K=0.0021  accepted=20  loss=0.3780  (10.2s)
Round   29/100  coverage=0.1087  prec@K=0.0023  accepted=22  loss=0.3775  (10.6s)
Round   30/100  coverage=0.1107  prec@K=0.0022  accepted=21  loss=0.3772  (11.7s)
Round   31/100  coverage=0.1128  prec@K=0.0022  accepted=21  loss=0.3771  (12.2s)
Round   32/100  coverage=0.1148  prec@K=0.0021  accepted=20  loss=0.3610  (12.5s)
Round   33/100  coverage=0.1168  prec@K=0.0021  accepted=20  loss=0.3451  (12.8s)
Round   34/100  coverage=0.1188  prec@K=0.0021  accepted=20  loss=0.3294  (13.7s)
Round   35/100  coverage=0.1208  prec@K=0.0021  accepted=20  loss=0.3143  (14.0s)
Round   36/100  coverage=0.1228  prec@K=0.0022  accepted=21  loss=0.2998  (14.3s)
Round   37/100  coverage=0.1248  prec@K=0.0021  accepted=20  loss=0.2859  (14.9s)
Round   38/100  coverage=0.1268  prec@K=0.0021  accepted=20  loss=0.2729  (15.7s)
Round   39/100  coverage=0.1288  prec@K=0.0021  accepted=20  loss=0.2608  (16.0s)
Round   40/100  coverage=0.1308  prec@K=0.0021  accepted=20  loss=0.2498  (16.5s)
Round   41/100  coverage=0.1327  prec@K=0.0021  accepted=20  loss=0.2397  (17.3s)
Round   42/100  coverage=0.1347  prec@K=0.0021  accepted=20  loss=0.2307  (17.8s)
Round   43/100  coverage=0.1367  prec@K=0.0021  accepted=20  loss=0.2226  (18.2s)
Round   44/100  coverage=0.1387  prec@K=0.0021  accepted=20  loss=0.2155  (18.5s)
Round   45/100  coverage=0.1407  prec@K=0.0021  accepted=20  loss=0.2096  (19.1s)
Round   46/100  coverage=0.1427  prec@K=0.0022  accepted=21  loss=0.2043  (19.5s)
Round   47/100  coverage=0.1447  prec@K=0.0021  accepted=20  loss=0.2001  (20.3s)
Round   48/100  coverage=0.1467  prec@K=0.0021  accepted=20  loss=0.1967  (20.9s)
Round   49/100  coverage=0.1487  prec@K=0.0021  accepted=20  loss=0.1938  (21.2s)
Round   50/100  coverage=0.1509  prec@K=0.0023  accepted=22  loss=0.1918  (21.7s)
Round   51/100  coverage=0.1529  prec@K=0.0022  accepted=21  loss=0.1901  (22.6s)
Round   52/100  coverage=0.1549  prec@K=0.0021  accepted=20  loss=0.1890  (22.3s)
Round   53/100  coverage=0.1569  prec@K=0.0021  accepted=20  loss=0.1882  (22.6s)
Round   54/100  coverage=0.1589  prec@K=0.0021  accepted=20  loss=0.1877  (23.4s)
Round   55/100  coverage=0.1609  prec@K=0.0021  accepted=20  loss=0.1878  (23.8s)
Round   56/100  coverage=0.1629  prec@K=0.0021  accepted=20  loss=0.1878  (24.2s)
Round   57/100  coverage=0.1649  prec@K=0.0022  accepted=21  loss=0.1763  (24.9s)
Round   58/100  coverage=0.1669  prec@K=0.0021  accepted=20  loss=0.1661  (25.0s)
Round   59/100  coverage=0.1689  prec@K=0.0021  accepted=20  loss=0.1556  (27.2s)
Round   60/100  coverage=0.1709  prec@K=0.0021  accepted=20  loss=0.1463  (27.1s)
Round   61/100  coverage=0.1729  prec@K=0.0021  accepted=20  loss=0.1373  (29.2s)
Round   62/100  coverage=0.1748  prec@K=0.0021  accepted=20  loss=0.1291  (26.8s)
Round   63/100  coverage=0.1750  prec@K=0.0002  accepted=2  loss=0.1215  (25.1s)
Round   64/100  coverage=0.1770  prec@K=0.0021  accepted=20  loss=0.1152  (25.5s)
Round   65/100  coverage=0.1790  prec@K=0.0021  accepted=20  loss=0.1090  (26.9s)
Round   66/100  coverage=0.1810  prec@K=0.0021  accepted=20  loss=0.1039  (28.1s)
Round   67/100  coverage=0.1830  prec@K=0.0021  accepted=20  loss=0.0994  (28.6s)
Round   68/100  coverage=0.1848  prec@K=0.0020  accepted=19  loss=0.0954  (28.5s)
Round   69/100  coverage=0.1868  prec@K=0.0021  accepted=20  loss=0.0922  (29.0s)
Round   70/100  coverage=0.1887  prec@K=0.0020  accepted=19  loss=0.0891  (29.8s)
Round   71/100  coverage=0.1907  prec@K=0.0021  accepted=20  loss=0.0867  (30.3s)
Round   72/100  coverage=0.1928  prec@K=0.0022  accepted=21  loss=0.0850  (27.2s)
Round   73/100  coverage=0.1947  prec@K=0.0021  accepted=20  loss=0.0833  (29.3s)
Round   74/100  coverage=0.1967  prec@K=0.0021  accepted=20  loss=0.0822  (27.7s)
Round   75/100  coverage=0.1987  prec@K=0.0021  accepted=20  loss=0.0812  (27.9s)
Round   76/100  coverage=0.2007  prec@K=0.0021  accepted=20  loss=0.0807  (28.6s)
Round   77/100  coverage=0.2027  prec@K=0.0021  accepted=20  loss=0.0801  (29.3s)
Round   78/100  coverage=0.2047  prec@K=0.0021  accepted=20  loss=0.0799  (29.8s)
Round   79/100  coverage=0.2066  prec@K=0.0021  accepted=20  loss=0.0794  (29.9s)
Round   80/100  coverage=0.2086  prec@K=0.0021  accepted=20  loss=0.0798  (30.5s)
Round   81/100  coverage=0.2106  prec@K=0.0021  accepted=20  loss=0.0795  (31.2s)
Round   82/100  coverage=0.2126  prec@K=0.0021  accepted=20  loss=0.0749  (27.5s)
Round   83/100  coverage=0.2146  prec@K=0.0021  accepted=20  loss=0.0707  (28.6s)
Round   84/100  coverage=0.2165  prec@K=0.0021  accepted=20  loss=0.0667  (29.1s)
Round   85/100  coverage=0.2187  prec@K=0.0023  accepted=22  loss=0.0627  (29.5s)
Round   86/100  coverage=0.2207  prec@K=0.0021  accepted=20  loss=0.0595  (30.3s)
Round   87/100  coverage=0.2227  prec@K=0.0021  accepted=20  loss=0.0564  (30.8s)
Round   88/100  coverage=0.2247  prec@K=0.0021  accepted=20  loss=0.0534  (31.4s)
Round   89/100  coverage=0.2266  prec@K=0.0021  accepted=20  loss=0.0510  (34.4s)
Round   90/100  coverage=0.2286  prec@K=0.0021  accepted=20  loss=0.0487  (33.9s)
Round   91/100  coverage=0.2306  prec@K=0.0021  accepted=20  loss=0.0467  (33.5s)
Round   92/100  coverage=0.2326  prec@K=0.0021  accepted=20  loss=0.0451  (29.8s)
Round   93/100  coverage=0.2346  prec@K=0.0021  accepted=20  loss=0.0436  (30.5s)
Round   94/100  coverage=0.2366  prec@K=0.0021  accepted=20  loss=0.0424  (31.1s)
Round   95/100  coverage=0.2385  prec@K=0.0021  accepted=20  loss=0.0412  (31.0s)
Round   96/100  coverage=0.2387  prec@K=0.0002  accepted=2  loss=0.0402  (32.3s)
Round   97/100  coverage=0.2407  prec@K=0.0021  accepted=20  loss=0.0397  (32.4s)
Round   98/100  coverage=0.2427  prec@K=0.0021  accepted=20  loss=0.0391  (32.5s)
Round   99/100  coverage=0.2447  prec@K=0.0021  accepted=20  loss=0.0386  (34.2s)
Round  100/100  coverage=0.2468  prec@K=0.0022  accepted=21  loss=0.0381  (33.8s)

˝áąűŇŃĐ´Čë results\online\sbm10k_v2_gnn_node_emb_lc_topk20/rounds.csv
