C:\conda\envs\gnn\lib\site-packages\requests\__init__.py:86: RequestsDependencyWarning: Unable to find acceptable character detection dependency (chardet or charset_normalizer).
  warnings.warn(
C:\conda\envs\gnn\lib\site-packages\outdated\__init__.py:36: UserWarning: pkg_resources is deprecated as an API. See https://setuptools.pypa.io/en/latest/pkg_resources.html. The pkg_resources package is slated for removal as early as 2025-11-30. Refrain from using this package or pin to Setuptools<81.
  from pkg_resources import parse_version
[preprocess] 删除 412 个孤立节点，剩余 19588 个节点
Round    1/100  coverage=0.0505  prec@K=0.0010  accepted=10  loss=nan  (1.2s)
Round    2/100  coverage=0.0510  prec@K=0.0010  accepted=10  loss=nan  (1.3s)
Round    3/100  coverage=0.0515  prec@K=0.0010  accepted=10  loss=nan  (1.7s)
Round    4/100  coverage=0.0520  prec@K=0.0010  accepted=10  loss=nan  (2.2s)
Round    5/100  coverage=0.0525  prec@K=0.0010  accepted=10  loss=nan  (2.8s)
Round    6/100  coverage=0.0530  prec@K=0.0010  accepted=10  loss=nan  (3.3s)
Round    7/100  coverage=0.0535  prec@K=0.0010  accepted=10  loss=nan  (4.5s)
Round    8/100  coverage=0.0541  prec@K=0.0011  accepted=11  loss=nan  (5.4s)
Round    9/100  coverage=0.0546  prec@K=0.0010  accepted=10  loss=nan  (6.0s)
Round   10/100  coverage=0.0551  prec@K=0.0010  accepted=10  loss=nan  (7.2s)
Round   11/100  coverage=0.0556  prec@K=0.0010  accepted=10  loss=nan  (7.8s)
Round   12/100  coverage=0.0561  prec@K=0.0010  accepted=10  loss=nan  (7.8s)
Round   13/100  coverage=0.0566  prec@K=0.0010  accepted=10  loss=nan  (8.9s)
Round   14/100  coverage=0.0571  prec@K=0.0010  accepted=10  loss=nan  (9.6s)
Round   15/100  coverage=0.0576  prec@K=0.0010  accepted=10  loss=nan  (10.6s)
Round   16/100  coverage=0.0581  prec@K=0.0010  accepted=10  loss=nan  (15.7s)
