C:\conda\envs\gnn\lib\site-packages\requests\__init__.py:86: RequestsDependencyWarning: Unable to find acceptable character detection dependency (chardet or charset_normalizer).
  warnings.warn(
C:\conda\envs\gnn\lib\site-packages\outdated\__init__.py:36: UserWarning: pkg_resources is deprecated as an API. See https://setuptools.pypa.io/en/latest/pkg_resources.html. The pkg_resources package is slated for removal as early as 2025-11-30. Refrain from using this package or pin to Setuptools<81.
  from pkg_resources import parse_version
[preprocess] Éľłý 627 ¸öąÂÁ˘˝ÚµăŁ¬ĘŁÓŕ 4373 ¸ö˝Úµă
C:\conda\envs\gnn\lib\site-packages\dgl\backend\pytorch\sparse.py:157: FutureWarning: `torch.cuda.amp.autocast_mode._cast(value, dtype)` is deprecated. Please use `torch.amp.autocast_mode._cast(value, 'cuda', dtype)` instead.
  return th.cuda.amp.autocast_mode._cast(
C:\conda\envs\gnn\lib\site-packages\dgl\backend\pytorch\sparse.py:148: FutureWarning: `torch.cuda.amp.autocast(args...)` is deprecated. Please use `torch.amp.autocast('cuda', args...)` instead.
  return th.cuda.amp.autocast(enabled=False)
Round    1/100  coverage=0.0501  prec@K=0.0001  accepted=1  loss=nan  (3.6s)
Round    2/100  coverage=0.0545  prec@K=0.0023  accepted=20  loss=0.6760  (2.4s)
Round    3/100  coverage=0.0589  prec@K=0.0023  accepted=20  loss=0.6754  (2.7s)
Round    4/100  coverage=0.0636  prec@K=0.0024  accepted=21  loss=0.6741  (2.5s)
Round    5/100  coverage=0.0684  prec@K=0.0025  accepted=22  loss=0.6724  (3.7s)
Round    6/100  coverage=0.0728  prec@K=0.0023  accepted=20  loss=0.6702  (4.0s)
Round    7/100  coverage=0.0772  prec@K=0.0023  accepted=20  loss=0.6675  (3.6s)
Round    8/100  coverage=0.0816  prec@K=0.0023  accepted=20  loss=0.6646  (4.4s)
Round    9/100  coverage=0.0818  prec@K=0.0001  accepted=1  loss=0.6618  (4.3s)
Round   10/100  coverage=0.0862  prec@K=0.0023  accepted=20  loss=0.6592  (4.6s)
Round   11/100  coverage=0.0906  prec@K=0.0023  accepted=20  loss=0.6567  (5.9s)
Round   12/100  coverage=0.0950  prec@K=0.0023  accepted=20  loss=0.6541  (6.2s)
Round   13/100  coverage=0.0996  prec@K=0.0024  accepted=21  loss=0.6516  (6.7s)
Round   14/100  coverage=0.1040  prec@K=0.0023  accepted=20  loss=0.6493  (7.1s)
Round   15/100  coverage=0.1042  prec@K=0.0001  accepted=1  loss=0.6471  (6.9s)
Round   16/100  coverage=0.1091  prec@K=0.0025  accepted=22  loss=0.6450  (7.8s)
Round   17/100  coverage=0.1135  prec@K=0.0023  accepted=20  loss=0.6434  (8.4s)
Round   18/100  coverage=0.1181  prec@K=0.0024  accepted=21  loss=0.6419  (8.9s)
Round   19/100  coverage=0.1227  prec@K=0.0024  accepted=21  loss=0.6407  (9.1s)
Round   20/100  coverage=0.1273  prec@K=0.0024  accepted=21  loss=0.6396  (10.4s)
Round   21/100  coverage=0.1317  prec@K=0.0023  accepted=20  loss=0.6387  (11.1s)
Round   22/100  coverage=0.1366  prec@K=0.0025  accepted=22  loss=0.6380  (12.0s)
Round   23/100  coverage=0.1370  prec@K=0.0002  accepted=2  loss=0.6374  (12.4s)
Round   24/100  coverage=0.1414  prec@K=0.0023  accepted=20  loss=0.6369  (12.3s)
Round   25/100  coverage=0.1458  prec@K=0.0023  accepted=20  loss=0.6365  (12.0s)
Round   26/100  coverage=0.1502  prec@K=0.0023  accepted=20  loss=0.6361  (13.0s)
Round   27/100  coverage=0.1546  prec@K=0.0023  accepted=20  loss=0.6359  (14.4s)
Round   28/100  coverage=0.1590  prec@K=0.0023  accepted=20  loss=0.6358  (15.1s)
Round   29/100  coverage=0.1634  prec@K=0.0023  accepted=20  loss=0.6357  (15.4s)
Round   30/100  coverage=0.1678  prec@K=0.0023  accepted=20  loss=0.6356  (14.7s)
Round   31/100  coverage=0.1726  prec@K=0.0025  accepted=22  loss=0.6356  (15.8s)
Round   32/100  coverage=0.1770  prec@K=0.0023  accepted=20  loss=0.6356  (16.6s)
Round   33/100  coverage=0.1814  prec@K=0.0023  accepted=20  loss=0.6337  (17.6s)
Round   34/100  coverage=0.1858  prec@K=0.0023  accepted=20  loss=0.6318  (17.3s)
Round   35/100  coverage=0.1902  prec@K=0.0023  accepted=20  loss=0.6299  (17.9s)
Round   36/100  coverage=0.1946  prec@K=0.0023  accepted=20  loss=0.6280  (18.0s)
Round   37/100  coverage=0.1990  prec@K=0.0023  accepted=20  loss=0.6262  (18.6s)
Round   38/100  coverage=0.2034  prec@K=0.0023  accepted=20  loss=0.6244  (19.6s)
Round   39/100  coverage=0.2078  prec@K=0.0023  accepted=20  loss=0.6226  (20.8s)
Round   40/100  coverage=0.2122  prec@K=0.0023  accepted=20  loss=0.6211  (20.2s)
Round   41/100  coverage=0.2166  prec@K=0.0023  accepted=20  loss=0.6196  (19.8s)
Round   42/100  coverage=0.2210  prec@K=0.0023  accepted=20  loss=0.6181  (21.9s)
Round   43/100  coverage=0.2256  prec@K=0.0024  accepted=21  loss=0.6168  (22.7s)
Round   44/100  coverage=0.2300  prec@K=0.0023  accepted=20  loss=0.6156  (21.2s)
Round   45/100  coverage=0.2347  prec@K=0.0024  accepted=21  loss=0.6146  (21.5s)
Round   46/100  coverage=0.2393  prec@K=0.0024  accepted=21  loss=0.6136  (24.1s)
Round   47/100  coverage=0.2439  prec@K=0.0024  accepted=21  loss=0.6127  (23.6s)
Round   48/100  coverage=0.2485  prec@K=0.0024  accepted=21  loss=0.6121  (23.0s)
Round   49/100  coverage=0.2527  prec@K=0.0022  accepted=19  loss=0.6114  (24.5s)
Round   50/100  coverage=0.2573  prec@K=0.0024  accepted=21  loss=0.6111  (25.0s)
Round   51/100  coverage=0.2619  prec@K=0.0024  accepted=21  loss=0.6107  (25.4s)
Round   52/100  coverage=0.2624  prec@K=0.0002  accepted=2  loss=0.6104  (25.1s)
Round   53/100  coverage=0.2665  prec@K=0.0022  accepted=19  loss=0.6101  (24.6s)
Round   54/100  coverage=0.2707  prec@K=0.0022  accepted=19  loss=0.6101  (25.2s)
Round   55/100  coverage=0.2751  prec@K=0.0023  accepted=20  loss=0.6100  (24.2s)
Round   56/100  coverage=0.2795  prec@K=0.0023  accepted=20  loss=0.6101  (25.1s)
Round   57/100  coverage=0.2839  prec@K=0.0023  accepted=20  loss=0.6099  (26.8s)
Round   58/100  coverage=0.2883  prec@K=0.0023  accepted=20  loss=0.6081  (24.8s)
Round   59/100  coverage=0.2925  prec@K=0.0022  accepted=19  loss=0.6060  (26.5s)
Round   60/100  coverage=0.2969  prec@K=0.0023  accepted=20  loss=0.6041  (28.0s)
Round   61/100  coverage=0.2982  prec@K=0.0007  accepted=6  loss=0.6027  (25.8s)
Round   62/100  coverage=0.2982  prec@K=0.0000  accepted=0  loss=0.6013  (25.2s)
Round   63/100  coverage=0.2982  prec@K=0.0000  accepted=0  loss=0.5990  (25.5s)
Round   64/100  coverage=0.2982  prec@K=0.0000  accepted=0  loss=0.5981  (25.0s)
Round   65/100  coverage=0.2982  prec@K=0.0000  accepted=0  loss=0.5972  (26.3s)
Round   66/100  coverage=0.2982  prec@K=0.0000  accepted=0  loss=0.5948  (26.3s)
Round   67/100  coverage=0.2982  prec@K=0.0000  accepted=0  loss=0.5958  (26.6s)
Round   68/100  coverage=0.2982  prec@K=0.0000  accepted=0  loss=0.5956  (27.3s)
Round   69/100  coverage=0.2984  prec@K=0.0001  accepted=1  loss=0.5943  (27.9s)
Round   70/100  coverage=0.2984  prec@K=0.0000  accepted=0  loss=0.5913  (26.6s)
Round   71/100  coverage=0.2984  prec@K=0.0000  accepted=0  loss=0.5891  (26.8s)
Round   72/100  coverage=0.2984  prec@K=0.0000  accepted=0  loss=0.5909  (25.2s)
Round   73/100  coverage=0.2984  prec@K=0.0000  accepted=0  loss=0.5912  (24.1s)
Round   74/100  coverage=0.2984  prec@K=0.0000  accepted=0  loss=0.5909  (24.5s)
Round   75/100  coverage=0.2987  prec@K=0.0001  accepted=1  loss=0.5881  (26.6s)
Round   76/100  coverage=0.2987  prec@K=0.0000  accepted=0  loss=0.5897  (23.7s)
Round   77/100  coverage=0.2989  prec@K=0.0001  accepted=1  loss=0.5877  (24.1s)
Round   78/100  coverage=0.2989  prec@K=0.0000  accepted=0  loss=0.5898  (26.1s)
Round   79/100  coverage=0.2989  prec@K=0.0000  accepted=0  loss=0.5872  (22.8s)
Round   80/100  coverage=0.2989  prec@K=0.0000  accepted=0  loss=0.5943  (26.5s)
Round   81/100  coverage=0.2989  prec@K=0.0000  accepted=0  loss=0.5907  (25.8s)
Round   82/100  coverage=0.2989  prec@K=0.0000  accepted=0  loss=0.5905  (21.5s)
Round   83/100  coverage=0.2989  prec@K=0.0000  accepted=0  loss=0.5929  (24.5s)
Round   84/100  coverage=0.2991  prec@K=0.0001  accepted=1  loss=0.5936  (23.9s)
Round   85/100  coverage=0.2991  prec@K=0.0000  accepted=0  loss=0.5855  (23.6s)
Round   86/100  coverage=0.2991  prec@K=0.0000  accepted=0  loss=0.5892  (26.2s)
Round   87/100  coverage=0.2991  prec@K=0.0000  accepted=0  loss=0.5844  (24.7s)
Round   88/100  coverage=0.2991  prec@K=0.0000  accepted=0  loss=0.5787  (25.2s)
Round   89/100  coverage=0.2991  prec@K=0.0000  accepted=0  loss=0.5824  (24.8s)
Round   90/100  coverage=0.2993  prec@K=0.0001  accepted=1  loss=0.5787  (26.0s)
Round   91/100  coverage=0.2993  prec@K=0.0000  accepted=0  loss=0.5735  (28.3s)
Round   92/100  coverage=0.2993  prec@K=0.0000  accepted=0  loss=0.5752  (24.3s)
Round   93/100  coverage=0.2995  prec@K=0.0001  accepted=1  loss=0.5734  (26.2s)
Round   94/100  coverage=0.2995  prec@K=0.0000  accepted=0  loss=0.5744  (25.4s)
Round   95/100  coverage=0.2995  prec@K=0.0000  accepted=0  loss=0.5667  (25.7s)
Round   96/100  coverage=0.2998  prec@K=0.0001  accepted=1  loss=0.5638  (27.0s)
Round   97/100  coverage=0.3000  prec@K=0.0001  accepted=1  loss=0.5739  (26.0s)
Round   98/100  coverage=0.3000  prec@K=0.0000  accepted=0  loss=0.5654  (27.5s)
Round   99/100  coverage=0.3004  prec@K=0.0002  accepted=2  loss=0.5715  (26.9s)
Round  100/100  coverage=0.3004  prec@K=0.0000  accepted=0  loss=0.5603  (26.5s)

˝áąűŇŃĐ´Čë results\online\sbm5k_v2_gnn_node_emb_topk20/rounds.csv
