C:\conda\envs\gnn\lib\site-packages\requests\__init__.py:86: RequestsDependencyWarning: Unable to find acceptable character detection dependency (chardet or charset_normalizer).
  warnings.warn(
C:\conda\envs\gnn\lib\site-packages\outdated\__init__.py:36: UserWarning: pkg_resources is deprecated as an API. See https://setuptools.pypa.io/en/latest/pkg_resources.html. The pkg_resources package is slated for removal as early as 2025-11-30. Refrain from using this package or pin to Setuptools<81.
  from pkg_resources import parse_version
[preprocess] Éľłý 627 ¸öąÂÁ˘˝ÚµăŁ¬ĘŁÓŕ 4373 ¸ö˝Úµă
C:\conda\envs\gnn\lib\site-packages\dgl\backend\pytorch\sparse.py:157: FutureWarning: `torch.cuda.amp.autocast_mode._cast(value, dtype)` is deprecated. Please use `torch.amp.autocast_mode._cast(value, 'cuda', dtype)` instead.
  return th.cuda.amp.autocast_mode._cast(
C:\conda\envs\gnn\lib\site-packages\dgl\backend\pytorch\sparse.py:148: FutureWarning: `torch.cuda.amp.autocast(args...)` is deprecated. Please use `torch.amp.autocast('cuda', args...)` instead.
  return th.cuda.amp.autocast(enabled=False)
Round    1/100  coverage=0.0501  prec@K=0.0001  accepted=1  loss=nan  (2.3s)
Round    2/100  coverage=0.0541  prec@K=0.0021  accepted=18  loss=0.6761  (1.8s)
Round    3/100  coverage=0.0585  prec@K=0.0023  accepted=20  loss=0.6755  (1.8s)
Round    4/100  coverage=0.0631  prec@K=0.0024  accepted=21  loss=0.6744  (2.5s)
Round    5/100  coverage=0.0675  prec@K=0.0023  accepted=20  loss=0.6728  (2.5s)
Round    6/100  coverage=0.0721  prec@K=0.0024  accepted=21  loss=0.6705  (2.7s)
Round    7/100  coverage=0.0765  prec@K=0.0023  accepted=20  loss=0.6677  (3.3s)
Round    8/100  coverage=0.0809  prec@K=0.0023  accepted=20  loss=0.6649  (3.5s)
Round    9/100  coverage=0.0849  prec@K=0.0021  accepted=18  loss=0.6621  (4.3s)
Round   10/100  coverage=0.0891  prec@K=0.0022  accepted=19  loss=0.6594  (4.4s)
Round   11/100  coverage=0.0937  prec@K=0.0024  accepted=21  loss=0.6567  (4.9s)
Round   12/100  coverage=0.0981  prec@K=0.0023  accepted=20  loss=0.6541  (5.5s)
Round   13/100  coverage=0.1025  prec@K=0.0023  accepted=20  loss=0.6517  (6.2s)
Round   14/100  coverage=0.1069  prec@K=0.0023  accepted=20  loss=0.6493  (6.8s)
Round   15/100  coverage=0.1113  prec@K=0.0023  accepted=20  loss=0.6472  (6.8s)
Round   16/100  coverage=0.1152  prec@K=0.0021  accepted=18  loss=0.6453  (7.4s)
Round   17/100  coverage=0.1194  prec@K=0.0022  accepted=19  loss=0.6436  (8.0s)
Round   18/100  coverage=0.1199  prec@K=0.0002  accepted=2  loss=0.6421  (9.0s)
Round   19/100  coverage=0.1238  prec@K=0.0021  accepted=18  loss=0.6408  (8.8s)
Round   20/100  coverage=0.1282  prec@K=0.0023  accepted=20  loss=0.6397  (9.9s)
Round   21/100  coverage=0.1326  prec@K=0.0023  accepted=20  loss=0.6389  (10.0s)
Round   22/100  coverage=0.1372  prec@K=0.0024  accepted=21  loss=0.6380  (11.0s)
Round   23/100  coverage=0.1414  prec@K=0.0022  accepted=19  loss=0.6374  (11.3s)
Round   24/100  coverage=0.1456  prec@K=0.0022  accepted=19  loss=0.6369  (11.2s)
Round   25/100  coverage=0.1500  prec@K=0.0023  accepted=20  loss=0.6365  (11.7s)
Round   26/100  coverage=0.1544  prec@K=0.0023  accepted=20  loss=0.6362  (12.3s)
Round   27/100  coverage=0.1588  prec@K=0.0023  accepted=20  loss=0.6360  (13.2s)
Round   28/100  coverage=0.1630  prec@K=0.0022  accepted=19  loss=0.6359  (13.7s)
Round   29/100  coverage=0.1671  prec@K=0.0022  accepted=19  loss=0.6358  (14.6s)
Round   30/100  coverage=0.1715  prec@K=0.0023  accepted=20  loss=0.6357  (14.9s)
Round   31/100  coverage=0.1759  prec@K=0.0023  accepted=20  loss=0.6357  (15.3s)
Round   32/100  coverage=0.1801  prec@K=0.0022  accepted=19  loss=0.6358  (16.0s)
Round   33/100  coverage=0.1843  prec@K=0.0022  accepted=19  loss=0.6339  (16.2s)
Round   34/100  coverage=0.1887  prec@K=0.0023  accepted=20  loss=0.6319  (16.6s)
Round   35/100  coverage=0.1931  prec@K=0.0023  accepted=20  loss=0.6300  (17.3s)
Round   36/100  coverage=0.1975  prec@K=0.0023  accepted=20  loss=0.6282  (17.4s)
Round   37/100  coverage=0.2017  prec@K=0.0022  accepted=19  loss=0.6264  (18.0s)
Round   38/100  coverage=0.2059  prec@K=0.0022  accepted=19  loss=0.6246  (18.7s)
Round   39/100  coverage=0.2100  prec@K=0.0022  accepted=19  loss=0.6229  (18.9s)
Round   40/100  coverage=0.2142  prec@K=0.0022  accepted=19  loss=0.6213  (19.1s)
Round   41/100  coverage=0.2186  prec@K=0.0023  accepted=20  loss=0.6197  (20.0s)
Round   42/100  coverage=0.2188  prec@K=0.0001  accepted=1  loss=0.6183  (20.1s)
Round   43/100  coverage=0.2232  prec@K=0.0023  accepted=20  loss=0.6169  (20.3s)
Round   44/100  coverage=0.2276  prec@K=0.0023  accepted=20  loss=0.6157  (21.0s)
Round   45/100  coverage=0.2320  prec@K=0.0023  accepted=20  loss=0.6146  (21.5s)
Round   46/100  coverage=0.2362  prec@K=0.0022  accepted=19  loss=0.6137  (21.8s)
Round   47/100  coverage=0.2406  prec@K=0.0023  accepted=20  loss=0.6129  (22.2s)
Round   48/100  coverage=0.2450  prec@K=0.0023  accepted=20  loss=0.6122  (22.4s)
Round   49/100  coverage=0.2496  prec@K=0.0024  accepted=21  loss=0.6116  (23.1s)
Round   50/100  coverage=0.2540  prec@K=0.0023  accepted=20  loss=0.6112  (23.2s)
Round   51/100  coverage=0.2582  prec@K=0.0022  accepted=19  loss=0.6108  (24.0s)
Round   52/100  coverage=0.2584  prec@K=0.0001  accepted=1  loss=0.6105  (23.8s)
Round   53/100  coverage=0.2624  prec@K=0.0021  accepted=18  loss=0.6103  (22.9s)
Round   54/100  coverage=0.2665  prec@K=0.0022  accepted=19  loss=0.6102  (22.4s)
Round   55/100  coverage=0.2701  prec@K=0.0018  accepted=16  loss=0.6101  (23.2s)
Round   56/100  coverage=0.2738  prec@K=0.0019  accepted=17  loss=0.6102  (23.2s)
Round   57/100  coverage=0.2742  prec@K=0.0002  accepted=2  loss=0.6105  (23.7s)
Round   58/100  coverage=0.2745  prec@K=0.0001  accepted=1  loss=0.6091  (23.7s)
Round   59/100  coverage=0.2745  prec@K=0.0000  accepted=0  loss=0.6065  (24.2s)
Round   60/100  coverage=0.2745  prec@K=0.0000  accepted=0  loss=0.6056  (24.6s)
Round   61/100  coverage=0.2745  prec@K=0.0000  accepted=0  loss=0.6032  (25.5s)
Round   62/100  coverage=0.2749  prec@K=0.0002  accepted=2  loss=0.6021  (23.1s)
Round   63/100  coverage=0.2751  prec@K=0.0001  accepted=1  loss=0.6007  (23.5s)
Round   64/100  coverage=0.2753  prec@K=0.0001  accepted=1  loss=0.5992  (23.8s)
Round   65/100  coverage=0.2756  prec@K=0.0001  accepted=1  loss=0.5967  (24.4s)
Round   66/100  coverage=0.2758  prec@K=0.0001  accepted=1  loss=0.5958  (24.7s)
Round   67/100  coverage=0.2758  prec@K=0.0000  accepted=0  loss=0.5956  (25.2s)
Round   68/100  coverage=0.2758  prec@K=0.0000  accepted=0  loss=0.5938  (25.4s)
Round   69/100  coverage=0.2758  prec@K=0.0000  accepted=0  loss=0.5934  (26.0s)
Round   70/100  coverage=0.2758  prec@K=0.0000  accepted=0  loss=0.5908  (25.6s)
Round   71/100  coverage=0.2758  prec@K=0.0000  accepted=0  loss=0.5894  (25.2s)
Round   72/100  coverage=0.2758  prec@K=0.0000  accepted=0  loss=0.5886  (22.6s)
Round   73/100  coverage=0.2758  prec@K=0.0000  accepted=0  loss=0.5890  (23.2s)
Round   74/100  coverage=0.2758  prec@K=0.0000  accepted=0  loss=0.5881  (22.0s)
Round   75/100  coverage=0.2758  prec@K=0.0000  accepted=0  loss=0.5885  (20.7s)
Round   76/100  coverage=0.2758  prec@K=0.0000  accepted=0  loss=0.5890  (21.0s)
Round   77/100  coverage=0.2758  prec@K=0.0000  accepted=0  loss=0.5873  (21.2s)
Round   78/100  coverage=0.2758  prec@K=0.0000  accepted=0  loss=0.5870  (21.7s)
Round   79/100  coverage=0.2758  prec@K=0.0000  accepted=0  loss=0.5858  (22.3s)
Round   80/100  coverage=0.2760  prec@K=0.0001  accepted=1  loss=0.5895  (23.0s)
Round   81/100  coverage=0.2760  prec@K=0.0000  accepted=0  loss=0.5871  (23.3s)
Round   82/100  coverage=0.2762  prec@K=0.0001  accepted=1  loss=0.5874  (21.0s)
Round   83/100  coverage=0.2764  prec@K=0.0001  accepted=1  loss=0.5886  (21.4s)
Round   84/100  coverage=0.2764  prec@K=0.0000  accepted=0  loss=0.5862  (21.5s)
Round   85/100  coverage=0.2764  prec@K=0.0000  accepted=0  loss=0.5852  (21.8s)
Round   86/100  coverage=0.2764  prec@K=0.0000  accepted=0  loss=0.5813  (22.5s)
Round   87/100  coverage=0.2767  prec@K=0.0001  accepted=1  loss=0.5829  (22.9s)
Round   88/100  coverage=0.2767  prec@K=0.0000  accepted=0  loss=0.5761  (23.1s)
Round   89/100  coverage=0.2767  prec@K=0.0000  accepted=0  loss=0.5779  (23.8s)
Round   90/100  coverage=0.2769  prec@K=0.0001  accepted=1  loss=0.5734  (23.7s)
Round   91/100  coverage=0.2769  prec@K=0.0000  accepted=0  loss=0.5701  (23.8s)
Round   92/100  coverage=0.2769  prec@K=0.0000  accepted=0  loss=0.5708  (22.1s)
Round   93/100  coverage=0.2771  prec@K=0.0001  accepted=1  loss=0.5680  (22.0s)
Round   94/100  coverage=0.2773  prec@K=0.0001  accepted=1  loss=0.5674  (22.7s)
Round   95/100  coverage=0.2773  prec@K=0.0000  accepted=0  loss=0.5625  (23.0s)
Round   96/100  coverage=0.2773  prec@K=0.0000  accepted=0  loss=0.5620  (23.7s)
Round   97/100  coverage=0.2773  prec@K=0.0000  accepted=0  loss=0.5631  (22.7s)
Round   98/100  coverage=0.2773  prec@K=0.0000  accepted=0  loss=0.5602  (24.7s)
Round   99/100  coverage=0.2773  prec@K=0.0000  accepted=0  loss=0.5639  (24.1s)
Round  100/100  coverage=0.2773  prec@K=0.0000  accepted=0  loss=0.5598  (23.0s)

˝áąűŇŃĐ´Čë results\online\sbm5k_gnn_node_emb_topk20/rounds.csv
