C:\conda\envs\gnn\lib\site-packages\requests\__init__.py:86: RequestsDependencyWarning: Unable to find acceptable character detection dependency (chardet or charset_normalizer).
  warnings.warn(
Round    1/100  coverage=0.0461  prec@K=0.0000  accepted=0  loss=0.7232  (2.1s)
Round    2/100  coverage=0.0461  prec@K=0.0000  accepted=0  loss=0.7212  (1.8s)
Round    3/100  coverage=0.0461  prec@K=0.0000  accepted=0  loss=0.7155  (1.7s)
Round    4/100  coverage=0.0461  prec@K=0.0000  accepted=0  loss=0.7066  (1.7s)
Round    5/100  coverage=0.0461  prec@K=0.0000  accepted=0  loss=0.6960  (1.6s)
Round    6/100  coverage=0.0461  prec@K=0.0000  accepted=0  loss=0.6819  (1.7s)
Round    7/100  coverage=0.0461  prec@K=0.0000  accepted=0  loss=0.6688  (1.8s)
Round    8/100  coverage=0.0461  prec@K=0.0000  accepted=0  loss=0.6560  (1.7s)
Round    9/100  coverage=0.0461  prec@K=0.0000  accepted=0  loss=0.6412  (1.8s)
Round   10/100  coverage=0.0507  prec@K=0.0020  accepted=1  loss=0.6276  (1.7s)
Round   11/100  coverage=0.0553  prec@K=0.0020  accepted=1  loss=0.6123  (1.8s)
Round   12/100  coverage=0.0553  prec@K=0.0000  accepted=0  loss=0.5949  (1.7s)
Round   13/100  coverage=0.0553  prec@K=0.0000  accepted=0  loss=0.5770  (1.7s)
Round   14/100  coverage=0.0553  prec@K=0.0000  accepted=0  loss=0.5575  (1.8s)
Round   15/100  coverage=0.0553  prec@K=0.0000  accepted=0  loss=0.5356  (1.7s)
Round   16/100  coverage=0.0553  prec@K=0.0000  accepted=0  loss=0.5123  (1.8s)
Round   17/100  coverage=0.0553  prec@K=0.0000  accepted=0  loss=0.4861  (1.7s)
Round   18/100  coverage=0.0645  prec@K=0.0060  accepted=3  loss=0.4658  (1.7s)
Round   19/100  coverage=0.0691  prec@K=0.0020  accepted=1  loss=0.4317  (1.8s)
Round   20/100  coverage=0.0737  prec@K=0.0020  accepted=1  loss=0.3999  (1.7s)
Round   21/100  coverage=0.0737  prec@K=0.0000  accepted=0  loss=0.3727  (1.8s)
Round   22/100  coverage=0.0737  prec@K=0.0000  accepted=0  loss=0.3405  (1.7s)
Round   23/100  coverage=0.0737  prec@K=0.0000  accepted=0  loss=0.3038  (1.7s)
Round   24/100  coverage=0.0737  prec@K=0.0000  accepted=0  loss=0.2666  (1.8s)
Round   25/100  coverage=0.0737  prec@K=0.0000  accepted=0  loss=0.2341  (1.7s)
Round   26/100  coverage=0.0829  prec@K=0.0040  accepted=2  loss=0.2009  (1.7s)
Round   27/100  coverage=0.0829  prec@K=0.0000  accepted=0  loss=0.1576  (1.7s)
Round   28/100  coverage=0.0829  prec@K=0.0000  accepted=0  loss=0.1289  (1.7s)
Round   29/100  coverage=0.0829  prec@K=0.0000  accepted=0  loss=0.1011  (1.8s)
Round   30/100  coverage=0.0829  prec@K=0.0000  accepted=0  loss=0.0789  (1.7s)
Round   31/100  coverage=0.0876  prec@K=0.0020  accepted=1  loss=0.0654  (1.7s)
Round   32/100  coverage=0.0876  prec@K=0.0000  accepted=0  loss=0.0380  (1.8s)
Round   33/100  coverage=0.0876  prec@K=0.0000  accepted=0  loss=0.0250  (1.7s)
Round   34/100  coverage=0.0876  prec@K=0.0000  accepted=0  loss=0.0157  (1.8s)
Round   35/100  coverage=0.0876  prec@K=0.0000  accepted=0  loss=0.0107  (1.7s)
Round   36/100  coverage=0.0876  prec@K=0.0000  accepted=0  loss=0.0064  (1.8s)
Round   37/100  coverage=0.0922  prec@K=0.0020  accepted=1  loss=0.0259  (1.7s)
Round   38/100  coverage=0.0922  prec@K=0.0000  accepted=0  loss=0.0022  (1.7s)
Round   39/100  coverage=0.0922  prec@K=0.0000  accepted=0  loss=0.0015  (1.8s)
Round   40/100  coverage=0.0968  prec@K=0.0020  accepted=1  loss=0.0307  (1.7s)
Round   41/100  coverage=0.0968  prec@K=0.0000  accepted=0  loss=0.0006  (1.7s)
Round   42/100  coverage=0.0968  prec@K=0.0000  accepted=0  loss=0.0004  (1.8s)
Round   43/100  coverage=0.0968  prec@K=0.0000  accepted=0  loss=0.0003  (1.6s)
Round   44/100  coverage=0.0968  prec@K=0.0000  accepted=0  loss=0.0002  (1.8s)
Round   45/100  coverage=0.0968  prec@K=0.0000  accepted=0  loss=0.0001  (1.7s)
Round   46/100  coverage=0.0968  prec@K=0.0000  accepted=0  loss=0.0001  (1.7s)
Round   47/100  coverage=0.0968  prec@K=0.0000  accepted=0  loss=0.0001  (1.8s)
Round   48/100  coverage=0.0968  prec@K=0.0000  accepted=0  loss=0.0001  (1.7s)
Round   49/100  coverage=0.0968  prec@K=0.0000  accepted=0  loss=0.0000  (1.8s)
Round   50/100  coverage=0.0968  prec@K=0.0000  accepted=0  loss=0.0000  (1.9s)
Round   51/100  coverage=0.0968  prec@K=0.0000  accepted=0  loss=0.0000  (1.8s)
Round   52/100  coverage=0.0968  prec@K=0.0000  accepted=0  loss=0.0000  (1.8s)
Round   53/100  coverage=0.0968  prec@K=0.0000  accepted=0  loss=0.0000  (1.8s)
Round   54/100  coverage=0.0968  prec@K=0.0000  accepted=0  loss=0.0000  (1.8s)
Round   55/100  coverage=0.0968  prec@K=0.0000  accepted=0  loss=0.0000  (1.9s)
Round   56/100  coverage=0.0968  prec@K=0.0000  accepted=0  loss=0.0000  (1.8s)
Round   57/100  coverage=0.1014  prec@K=0.0020  accepted=1  loss=0.0518  (1.9s)
Round   58/100  coverage=0.1014  prec@K=0.0000  accepted=0  loss=0.0000  (1.8s)
Round   59/100  coverage=0.1014  prec@K=0.0000  accepted=0  loss=0.0000  (1.8s)
Round   60/100  coverage=0.1014  prec@K=0.0000  accepted=0  loss=0.0000  (1.8s)
Round   61/100  coverage=0.1014  prec@K=0.0000  accepted=0  loss=0.0000  (1.8s)
Round   62/100  coverage=0.1014  prec@K=0.0000  accepted=0  loss=0.0000  (1.8s)
Round   63/100  coverage=0.1014  prec@K=0.0000  accepted=0  loss=0.0000  (1.8s)
Round   64/100  coverage=0.1014  prec@K=0.0000  accepted=0  loss=0.0000  (1.8s)
Round   65/100  coverage=0.1014  prec@K=0.0000  accepted=0  loss=0.0000  (1.9s)
Round   66/100  coverage=0.1014  prec@K=0.0000  accepted=0  loss=0.0000  (1.8s)
Round   67/100  coverage=0.1060  prec@K=0.0020  accepted=1  loss=0.0402  (1.8s)
Round   68/100  coverage=0.1152  prec@K=0.0060  accepted=3  loss=0.1612  (1.8s)
Round   69/100  coverage=0.1152  prec@K=0.0000  accepted=0  loss=0.0000  (1.8s)
Round   70/100  coverage=0.1152  prec@K=0.0000  accepted=0  loss=0.0000  (1.8s)
Round   71/100  coverage=0.1152  prec@K=0.0000  accepted=0  loss=0.0000  (1.8s)
Round   72/100  coverage=0.1198  prec@K=0.0020  accepted=1  loss=0.0487  (1.8s)
Round   73/100  coverage=0.1198  prec@K=0.0000  accepted=0  loss=0.0000  (1.8s)
Round   74/100  coverage=0.1198  prec@K=0.0000  accepted=0  loss=0.0000  (1.7s)
Round   75/100  coverage=0.1198  prec@K=0.0000  accepted=0  loss=0.0000  (1.8s)
Round   76/100  coverage=0.1198  prec@K=0.0000  accepted=0  loss=0.0000  (1.8s)
Round   77/100  coverage=0.1198  prec@K=0.0000  accepted=0  loss=0.0000  (1.8s)
Round   78/100  coverage=0.1198  prec@K=0.0000  accepted=0  loss=0.0000  (1.8s)
Round   79/100  coverage=0.1198  prec@K=0.0000  accepted=0  loss=0.0000  (1.9s)
Round   80/100  coverage=0.1198  prec@K=0.0000  accepted=0  loss=0.0000  (1.8s)
Round   81/100  coverage=0.1198  prec@K=0.0000  accepted=0  loss=0.0000  (1.7s)
Round   82/100  coverage=0.1198  prec@K=0.0000  accepted=0  loss=0.0000  (1.9s)
Round   83/100  coverage=0.1198  prec@K=0.0000  accepted=0  loss=0.0000  (1.8s)
Round   84/100  coverage=0.1198  prec@K=0.0000  accepted=0  loss=0.0000  (1.8s)
Round   85/100  coverage=0.1198  prec@K=0.0000  accepted=0  loss=0.0000  (1.7s)
Round   86/100  coverage=0.1198  prec@K=0.0000  accepted=0  loss=0.0000  (1.8s)
Round   87/100  coverage=0.1198  prec@K=0.0000  accepted=0  loss=0.0000  (1.8s)
Round   88/100  coverage=0.1198  prec@K=0.0000  accepted=0  loss=0.0000  (1.8s)
Round   89/100  coverage=0.1198  prec@K=0.0000  accepted=0  loss=0.0000  (1.8s)
Round   90/100  coverage=0.1198  prec@K=0.0000  accepted=0  loss=0.0000  (1.8s)
Round   91/100  coverage=0.1198  prec@K=0.0000  accepted=0  loss=0.0000  (1.8s)
Round   92/100  coverage=0.1198  prec@K=0.0000  accepted=0  loss=0.0000  (1.9s)
Round   93/100  coverage=0.1198  prec@K=0.0000  accepted=0  loss=0.0000  (1.8s)
Round   94/100  coverage=0.1244  prec@K=0.0020  accepted=1  loss=0.0459  (1.8s)
Round   95/100  coverage=0.1244  prec@K=0.0000  accepted=0  loss=0.0000  (1.8s)
Round   96/100  coverage=0.1244  prec@K=0.0000  accepted=0  loss=0.0000  (1.8s)
Round   97/100  coverage=0.1244  prec@K=0.0000  accepted=0  loss=0.0000  (1.9s)
Round   98/100  coverage=0.1244  prec@K=0.0000  accepted=0  loss=0.0000  (1.8s)
Round   99/100  coverage=0.1244  prec@K=0.0000  accepted=0  loss=0.0000  (1.8s)
Round  100/100  coverage=0.1244  prec@K=0.0000  accepted=0  loss=0.0000  (1.9s)

˝áąűŇŃĐ´Čë results\online\sbm_default/rounds.csv
