C:\conda\envs\gnn\lib\site-packages\requests\__init__.py:86: RequestsDependencyWarning: Unable to find acceptable character detection dependency (chardet or charset_normalizer).
  warnings.warn(
C:\conda\envs\gnn\lib\site-packages\outdated\__init__.py:36: UserWarning: pkg_resources is deprecated as an API. See https://setuptools.pypa.io/en/latest/pkg_resources.html. The pkg_resources package is slated for removal as early as 2025-11-30. Refrain from using this package or pin to Setuptools<81.
  from pkg_resources import parse_version
[preprocess] Éľłý 38 ¸öąÂÁ˘˝ÚµăŁ¬ĘŁÓŕ 462 ¸ö˝Úµă
C:\conda\envs\gnn\lib\site-packages\dgl\backend\pytorch\sparse.py:157: FutureWarning: `torch.cuda.amp.autocast_mode._cast(value, dtype)` is deprecated. Please use `torch.amp.autocast_mode._cast(value, 'cuda', dtype)` instead.
  return th.cuda.amp.autocast_mode._cast(
C:\conda\envs\gnn\lib\site-packages\dgl\backend\pytorch\sparse.py:148: FutureWarning: `torch.cuda.amp.autocast(args...)` is deprecated. Please use `torch.amp.autocast('cuda', args...)` instead.
  return th.cuda.amp.autocast(enabled=False)
Round    1/100  coverage=0.0673  prec@K=0.0217  accepted=10  loss=0.5880  (1.3s)
Round    2/100  coverage=0.0879  prec@K=0.0239  accepted=11  loss=0.5869  (0.1s)
Round    3/100  coverage=0.1028  prec@K=0.0174  accepted=8  loss=0.5854  (0.1s)
Round    4/100  coverage=0.1196  prec@K=0.0196  accepted=9  loss=0.5839  (0.1s)
Round    5/100  coverage=0.1234  prec@K=0.0044  accepted=2  loss=0.5817  (0.1s)
Round    6/100  coverage=0.1383  prec@K=0.0174  accepted=8  loss=0.5791  (0.1s)
Round    7/100  coverage=0.1551  prec@K=0.0196  accepted=9  loss=0.5767  (0.1s)
Round    8/100  coverage=0.1720  prec@K=0.0196  accepted=9  loss=0.5744  (0.1s)
Round    9/100  coverage=0.1907  prec@K=0.0217  accepted=10  loss=0.5718  (0.1s)
Round   10/100  coverage=0.2075  prec@K=0.0196  accepted=9  loss=0.5693  (0.2s)
Round   11/100  coverage=0.2093  prec@K=0.0022  accepted=1  loss=0.5668  (0.2s)
Round   12/100  coverage=0.2280  prec@K=0.0217  accepted=10  loss=0.5645  (0.2s)
Round   13/100  coverage=0.2449  prec@K=0.0196  accepted=9  loss=0.5624  (0.2s)
Round   14/100  coverage=0.2598  prec@K=0.0174  accepted=8  loss=0.5603  (0.2s)
Round   15/100  coverage=0.2766  prec@K=0.0196  accepted=9  loss=0.5585  (0.2s)
Round   16/100  coverage=0.2916  prec@K=0.0174  accepted=8  loss=0.5566  (0.1s)
Round   17/100  coverage=0.2935  prec@K=0.0022  accepted=1  loss=0.5549  (0.2s)
Round   18/100  coverage=0.3121  prec@K=0.0217  accepted=10  loss=0.5537  (0.1s)
Round   19/100  coverage=0.3308  prec@K=0.0217  accepted=10  loss=0.5525  (0.1s)
Round   20/100  coverage=0.3477  prec@K=0.0196  accepted=9  loss=0.5514  (0.1s)
Round   21/100  coverage=0.3626  prec@K=0.0174  accepted=8  loss=0.5506  (0.1s)
Round   22/100  coverage=0.3776  prec@K=0.0174  accepted=8  loss=0.5498  (0.2s)
Round   23/100  coverage=0.3963  prec@K=0.0217  accepted=10  loss=0.5493  (0.1s)
Round   24/100  coverage=0.4150  prec@K=0.0217  accepted=10  loss=0.5489  (0.1s)
Round   25/100  coverage=0.4150  prec@K=0.0000  accepted=0  loss=0.5500  (0.1s)
Round   26/100  coverage=0.4150  prec@K=0.0000  accepted=0  loss=0.5513  (0.1s)
Round   27/100  coverage=0.4150  prec@K=0.0000  accepted=0  loss=0.5526  (0.1s)
Round   28/100  coverage=0.4150  prec@K=0.0000  accepted=0  loss=0.5539  (0.1s)
Round   29/100  coverage=0.4150  prec@K=0.0000  accepted=0  loss=0.5554  (0.1s)
Round   30/100  coverage=0.4150  prec@K=0.0000  accepted=0  loss=0.5569  (0.1s)
Round   31/100  coverage=0.4150  prec@K=0.0000  accepted=0  loss=0.5569  (0.1s)
Round   32/100  coverage=0.4150  prec@K=0.0000  accepted=0  loss=0.5560  (0.1s)
Round   33/100  coverage=0.4150  prec@K=0.0000  accepted=0  loss=0.5551  (0.1s)
Round   34/100  coverage=0.4150  prec@K=0.0000  accepted=0  loss=0.5549  (0.1s)
Round   35/100  coverage=0.4150  prec@K=0.0000  accepted=0  loss=0.5545  (0.2s)
Round   36/100  coverage=0.4150  prec@K=0.0000  accepted=0  loss=0.5530  (0.1s)
Round   37/100  coverage=0.4150  prec@K=0.0000  accepted=0  loss=0.5561  (0.1s)
Round   38/100  coverage=0.4150  prec@K=0.0000  accepted=0  loss=0.5535  (0.1s)
Round   39/100  coverage=0.4150  prec@K=0.0000  accepted=0  loss=0.5513  (0.1s)
Round   40/100  coverage=0.4150  prec@K=0.0000  accepted=0  loss=0.5501  (0.1s)
Round   41/100  coverage=0.4150  prec@K=0.0000  accepted=0  loss=0.5479  (0.1s)
Round   42/100  coverage=0.4150  prec@K=0.0000  accepted=0  loss=0.5564  (0.1s)
Round   43/100  coverage=0.4150  prec@K=0.0000  accepted=0  loss=0.5642  (0.1s)
Round   44/100  coverage=0.4150  prec@K=0.0000  accepted=0  loss=0.5506  (0.1s)
Round   45/100  coverage=0.4150  prec@K=0.0000  accepted=0  loss=0.5584  (0.1s)
Round   46/100  coverage=0.4150  prec@K=0.0000  accepted=0  loss=0.5536  (0.1s)
Round   47/100  coverage=0.4150  prec@K=0.0000  accepted=0  loss=0.5553  (0.1s)
Round   48/100  coverage=0.4168  prec@K=0.0022  accepted=1  loss=0.5513  (0.1s)
Round   49/100  coverage=0.4168  prec@K=0.0000  accepted=0  loss=0.5474  (0.1s)
Round   50/100  coverage=0.4168  prec@K=0.0000  accepted=0  loss=0.5539  (0.1s)
Round   51/100  coverage=0.4168  prec@K=0.0000  accepted=0  loss=0.5507  (0.1s)
Round   52/100  coverage=0.4168  prec@K=0.0000  accepted=0  loss=0.5521  (0.1s)
Round   53/100  coverage=0.4168  prec@K=0.0000  accepted=0  loss=0.5711  (0.1s)
Round   54/100  coverage=0.4168  prec@K=0.0000  accepted=0  loss=0.5519  (0.1s)
Round   55/100  coverage=0.4168  prec@K=0.0000  accepted=0  loss=0.5586  (0.1s)
Round   56/100  coverage=0.4168  prec@K=0.0000  accepted=0  loss=0.5786  (0.1s)
Round   57/100  coverage=0.4168  prec@K=0.0000  accepted=0  loss=0.5412  (0.1s)
Round   58/100  coverage=0.4168  prec@K=0.0000  accepted=0  loss=0.5914  (0.1s)
Round   59/100  coverage=0.4168  prec@K=0.0000  accepted=0  loss=0.5508  (0.1s)
Round   60/100  coverage=0.4187  prec@K=0.0022  accepted=1  loss=0.5613  (0.1s)
Round   61/100  coverage=0.4187  prec@K=0.0000  accepted=0  loss=0.5644  (0.1s)
Round   62/100  coverage=0.4187  prec@K=0.0000  accepted=0  loss=0.5902  (0.1s)
Round   63/100  coverage=0.4187  prec@K=0.0000  accepted=0  loss=0.5544  (0.1s)
Round   64/100  coverage=0.4187  prec@K=0.0000  accepted=0  loss=0.5802  (0.1s)
Round   65/100  coverage=0.4187  prec@K=0.0000  accepted=0  loss=0.5458  (0.1s)
Round   66/100  coverage=0.4187  prec@K=0.0000  accepted=0  loss=0.5682  (0.1s)
Round   67/100  coverage=0.4187  prec@K=0.0000  accepted=0  loss=0.5535  (0.1s)
Round   68/100  coverage=0.4187  prec@K=0.0000  accepted=0  loss=0.5510  (0.1s)
Round   69/100  coverage=0.4187  prec@K=0.0000  accepted=0  loss=0.5827  (0.1s)
Round   70/100  coverage=0.4187  prec@K=0.0000  accepted=0  loss=0.5467  (0.1s)
Round   71/100  coverage=0.4187  prec@K=0.0000  accepted=0  loss=0.5662  (0.1s)
Round   72/100  coverage=0.4187  prec@K=0.0000  accepted=0  loss=0.6008  (0.1s)
Round   73/100  coverage=0.4187  prec@K=0.0000  accepted=0  loss=0.5676  (0.2s)
Round   74/100  coverage=0.4187  prec@K=0.0000  accepted=0  loss=0.5644  (0.1s)
Round   75/100  coverage=0.4187  prec@K=0.0000  accepted=0  loss=0.5720  (0.1s)
Round   76/100  coverage=0.4187  prec@K=0.0000  accepted=0  loss=0.6404  (0.1s)
Round   77/100  coverage=0.4187  prec@K=0.0000  accepted=0  loss=0.5570  (0.1s)
Round   78/100  coverage=0.4187  prec@K=0.0000  accepted=0  loss=0.5801  (0.1s)
Round   79/100  coverage=0.4187  prec@K=0.0000  accepted=0  loss=0.5592  (0.1s)
Round   80/100  coverage=0.4187  prec@K=0.0000  accepted=0  loss=0.6121  (0.1s)
Round   81/100  coverage=0.4187  prec@K=0.0000  accepted=0  loss=0.5916  (0.1s)
Round   82/100  coverage=0.4187  prec@K=0.0000  accepted=0  loss=0.5445  (0.1s)
Round   83/100  coverage=0.4187  prec@K=0.0000  accepted=0  loss=0.6145  (0.1s)
Round   84/100  coverage=0.4187  prec@K=0.0000  accepted=0  loss=0.5680  (0.1s)
Round   85/100  coverage=0.4187  prec@K=0.0000  accepted=0  loss=0.5662  (0.1s)
Round   86/100  coverage=0.4187  prec@K=0.0000  accepted=0  loss=0.5421  (0.1s)
Round   87/100  coverage=0.4187  prec@K=0.0000  accepted=0  loss=0.6022  (0.1s)
Round   88/100  coverage=0.4187  prec@K=0.0000  accepted=0  loss=0.5554  (0.1s)
Round   89/100  coverage=0.4187  prec@K=0.0000  accepted=0  loss=0.5639  (0.1s)
Round   90/100  coverage=0.4206  prec@K=0.0022  accepted=1  loss=0.6167  (0.1s)
Round   91/100  coverage=0.4206  prec@K=0.0000  accepted=0  loss=0.5480  (0.1s)
Round   92/100  coverage=0.4206  prec@K=0.0000  accepted=0  loss=0.6196  (0.1s)
Round   93/100  coverage=0.4206  prec@K=0.0000  accepted=0  loss=0.5760  (0.1s)
Round   94/100  coverage=0.4206  prec@K=0.0000  accepted=0  loss=0.6139  (0.1s)
Round   95/100  coverage=0.4206  prec@K=0.0000  accepted=0  loss=0.6257  (0.1s)
Round   96/100  coverage=0.4206  prec@K=0.0000  accepted=0  loss=0.5509  (0.1s)
Round   97/100  coverage=0.4206  prec@K=0.0000  accepted=0  loss=0.6845  (0.1s)
Round   98/100  coverage=0.4206  prec@K=0.0000  accepted=0  loss=0.5684  (0.1s)
Round   99/100  coverage=0.4206  prec@K=0.0000  accepted=0  loss=0.5525  (0.1s)
Round  100/100  coverage=0.4206  prec@K=0.0000  accepted=0  loss=0.5715  (0.1s)

˝áąűŇŃĐ´Čë results\online\sbm_gnn_node_emb_topk10/rounds.csv
