共 33 个实验
[RUN  1/33] advogato_aa
       → OK  log: results\online\algo_sweep_advogato_v2\advogato_aa.log
[RUN  2/33] advogato_cn
       → OK  log: results\online\algo_sweep_advogato_v2\advogato_cn.log
[RUN  3/33] advogato_gnn
       → OK  log: results\online\algo_sweep_advogato_v2\advogato_gnn.log
[RUN  4/33] advogato_gnn_concat
       → OK  log: results\online\algo_sweep_advogato_v2\advogato_gnn_concat.log
[RUN  5/33] advogato_gnn_sum
       → OK  log: results\online\algo_sweep_advogato_v2\advogato_gnn_sum.log
[RUN  6/33] advogato_ground_truth
       → OK  log: results\online\algo_sweep_advogato_v2\advogato_ground_truth.log
[RUN  7/33] advogato_jaccard
       → OK  log: results\online\algo_sweep_advogato_v2\advogato_jaccard.log
[RUN  8/33] advogato_mlp
       → OK  log: results\online\algo_sweep_advogato_v2\advogato_mlp.log
[RUN  9/33] advogato_node_emb
       → OK  log: results\online\algo_sweep_advogato_v2\advogato_node_emb.log
[RUN  10/33] advogato_pa
       → OK  log: results\online\algo_sweep_advogato_v2\advogato_pa.log
[RUN  11/33] advogato_random
       → OK  log: results\online\algo_sweep_advogato_v2\advogato_random.log
[RUN  12/33] digg_aa
       → OK  log: results\online\algo_sweep_digg_v2\digg_aa.log
[RUN  13/33] digg_cn
       → OK  log: results\online\algo_sweep_digg_v2\digg_cn.log
[RUN  14/33] digg_gnn
       → OK  log: results\online\algo_sweep_digg_v2\digg_gnn.log
[RUN  15/33] digg_gnn_concat
       → OK  log: results\online\algo_sweep_digg_v2\digg_gnn_concat.log
[RUN  16/33] digg_gnn_sum
       → OK  log: results\online\algo_sweep_digg_v2\digg_gnn_sum.log
[RUN  17/33] digg_ground_truth
       → OK  log: results\online\algo_sweep_digg_v2\digg_ground_truth.log
[RUN  18/33] digg_jaccard
       → OK  log: results\online\algo_sweep_digg_v2\digg_jaccard.log
[RUN  19/33] digg_mlp
       → OK  log: results\online\algo_sweep_digg_v2\digg_mlp.log
[RUN  20/33] digg_node_emb
       → OK  log: results\online\algo_sweep_digg_v2\digg_node_emb.log
[RUN  21/33] digg_pa
       → OK  log: results\online\algo_sweep_digg_v2\digg_pa.log
[RUN  22/33] digg_random
       → OK  log: results\online\algo_sweep_digg_v2\digg_random.log
[RUN  23/33] higgs_reply_aa
       → OK  log: results\online\algo_sweep_higgs_reply_v2\higgs_reply_aa.log
[RUN  24/33] higgs_reply_cn
       → OK  log: results\online\algo_sweep_higgs_reply_v2\higgs_reply_cn.log
[RUN  25/33] higgs_reply_gnn
       → OK  log: results\online\algo_sweep_higgs_reply_v2\higgs_reply_gnn.log
[RUN  26/33] higgs_reply_gnn_concat
       → OK  log: results\online\algo_sweep_higgs_reply_v2\higgs_reply_gnn_concat.log
[RUN  27/33] higgs_reply_gnn_sum
       → OK  log: results\online\algo_sweep_higgs_reply_v2\higgs_reply_gnn_sum.log
[RUN  28/33] higgs_reply_ground_truth
       → OK  log: results\online\algo_sweep_higgs_reply_v2\higgs_reply_ground_truth.log
[RUN  29/33] higgs_reply_jaccard
       → OK  log: results\online\algo_sweep_higgs_reply_v2\higgs_reply_jaccard.log
[RUN  30/33] higgs_reply_mlp
       → OK  log: results\online\algo_sweep_higgs_reply_v2\higgs_reply_mlp.log
[RUN  31/33] higgs_reply_node_emb
       → OK  log: results\online\algo_sweep_higgs_reply_v2\higgs_reply_node_emb.log
[RUN  32/33] higgs_reply_pa
       → OK  log: results\online\algo_sweep_higgs_reply_v2\higgs_reply_pa.log
[RUN  33/33] higgs_reply_random
       → OK  log: results\online\algo_sweep_higgs_reply_v2\higgs_reply_random.log
