共 55 个实验
[SKIP 1/55] wiki_vote_aa (rounds.csv already exists)
[SKIP 2/55] wiki_vote_cn (rounds.csv already exists)
[SKIP 3/55] wiki_vote_gnn (rounds.csv already exists)
[SKIP 4/55] wiki_vote_gnn_concat (rounds.csv already exists)
[SKIP 5/55] wiki_vote_gnn_sum (rounds.csv already exists)
[SKIP 6/55] wiki_vote_ground_truth (rounds.csv already exists)
[SKIP 7/55] wiki_vote_jaccard (rounds.csv already exists)
[SKIP 8/55] wiki_vote_mlp (rounds.csv already exists)
[SKIP 9/55] wiki_vote_node_emb (rounds.csv already exists)
[SKIP 10/55] wiki_vote_pa (rounds.csv already exists)
[SKIP 11/55] wiki_vote_random (rounds.csv already exists)
[SKIP 12/55] sx_mathoverflow_aa (rounds.csv already exists)
[SKIP 13/55] sx_mathoverflow_cn (rounds.csv already exists)
[SKIP 14/55] sx_mathoverflow_gnn (rounds.csv already exists)
[SKIP 15/55] sx_mathoverflow_gnn_concat (rounds.csv already exists)
[SKIP 16/55] sx_mathoverflow_gnn_sum (rounds.csv already exists)
[SKIP 17/55] sx_mathoverflow_ground_truth (rounds.csv already exists)
[SKIP 18/55] sx_mathoverflow_jaccard (rounds.csv already exists)
[SKIP 19/55] sx_mathoverflow_mlp (rounds.csv already exists)
[SKIP 20/55] sx_mathoverflow_node_emb (rounds.csv already exists)
[SKIP 21/55] sx_mathoverflow_pa (rounds.csv already exists)
[SKIP 22/55] sx_mathoverflow_random (rounds.csv already exists)
[SKIP 23/55] slashdot_aa (rounds.csv already exists)
[SKIP 24/55] slashdot_cn (rounds.csv already exists)
[SKIP 25/55] slashdot_gnn (rounds.csv already exists)
[SKIP 26/55] slashdot_gnn_concat (rounds.csv already exists)
[SKIP 27/55] slashdot_gnn_sum (rounds.csv already exists)
[SKIP 28/55] slashdot_ground_truth (rounds.csv already exists)
[SKIP 29/55] slashdot_jaccard (rounds.csv already exists)
[SKIP 30/55] slashdot_mlp (rounds.csv already exists)
[SKIP 31/55] slashdot_node_emb (rounds.csv already exists)
[SKIP 32/55] slashdot_pa (rounds.csv already exists)
[SKIP 33/55] slashdot_random (rounds.csv already exists)
[SKIP 34/55] sx_askubuntu_aa (rounds.csv already exists)
[SKIP 35/55] sx_askubuntu_cn (rounds.csv already exists)
[SKIP 36/55] sx_askubuntu_gnn (rounds.csv already exists)
[SKIP 37/55] sx_askubuntu_gnn_concat (rounds.csv already exists)
[SKIP 38/55] sx_askubuntu_gnn_sum (rounds.csv already exists)
[SKIP 39/55] sx_askubuntu_ground_truth (rounds.csv already exists)
[SKIP 40/55] sx_askubuntu_jaccard (rounds.csv already exists)
[SKIP 41/55] sx_askubuntu_mlp (rounds.csv already exists)
[SKIP 42/55] sx_askubuntu_node_emb (rounds.csv already exists)
[SKIP 43/55] sx_askubuntu_pa (rounds.csv already exists)
[SKIP 44/55] sx_askubuntu_random (rounds.csv already exists)
[SKIP 45/55] sx_superuser_aa (rounds.csv already exists)
[SKIP 46/55] sx_superuser_cn (rounds.csv already exists)
[SKIP 47/55] sx_superuser_gnn (rounds.csv already exists)
[SKIP 48/55] sx_superuser_gnn_concat (rounds.csv already exists)
[SKIP 49/55] sx_superuser_gnn_sum (rounds.csv already exists)
[SKIP 50/55] sx_superuser_ground_truth (rounds.csv already exists)
[SKIP 51/55] sx_superuser_jaccard (rounds.csv already exists)
[SKIP 52/55] sx_superuser_mlp (rounds.csv already exists)
[SKIP 53/55] sx_superuser_node_emb (rounds.csv already exists)
[SKIP 54/55] sx_superuser_pa (rounds.csv already exists)
[SKIP 55/55] sx_superuser_random (rounds.csv already exists)
