C:\conda\envs\gnn\lib\site-packages\requests\__init__.py:86: RequestsDependencyWarning: Unable to find acceptable character detection dependency (chardet or charset_normalizer).
  warnings.warn(
C:\conda\envs\gnn\lib\site-packages\outdated\__init__.py:36: UserWarning: pkg_resources is deprecated as an API. See https://setuptools.pypa.io/en/latest/pkg_resources.html. The pkg_resources package is slated for removal as early as 2025-11-30. Refrain from using this package or pin to Setuptools<81.
  from pkg_resources import parse_version
Round    1/200  coverage=0.1874  prec@K=0.0004  accepted=3  loss=nan  (6.1s)
Round    2/200  coverage=0.1874  prec@K=0.0000  accepted=0  loss=nan  (5.9s)
Round    3/200  coverage=0.1874  prec@K=0.0008  accepted=6  loss=nan  (6.7s)
Round    4/200  coverage=0.1874  prec@K=0.0003  accepted=2  loss=nan  (8.0s)
Round    5/200  coverage=0.1874  prec@K=0.0003  accepted=2  loss=nan  (8.6s)
Round    6/200  coverage=0.1874  prec@K=0.0000  accepted=0  loss=nan  (9.1s)
Round    7/200  coverage=0.1874  prec@K=0.0005  accepted=4  loss=nan  (10.6s)
Round    8/200  coverage=0.1874  prec@K=0.0001  accepted=1  loss=nan  (11.6s)
Round    9/200  coverage=0.1874  prec@K=0.0004  accepted=3  loss=nan  (11.8s)
Round   10/200  coverage=0.1874  prec@K=0.0002  accepted=2  loss=nan  (12.7s)
Round   11/200  coverage=0.1874  prec@K=0.0004  accepted=3  loss=nan  (13.9s)
Round   12/200  coverage=0.1874  prec@K=0.0003  accepted=2  loss=nan  (14.1s)
Round   13/200  coverage=0.1874  prec@K=0.0000  accepted=0  loss=nan  (14.9s)
Round   14/200  coverage=0.1874  prec@K=0.0004  accepted=3  loss=nan  (15.2s)
Round   15/200  coverage=0.1874  prec@K=0.0000  accepted=0  loss=nan  (16.9s)
Round   16/200  coverage=0.1874  prec@K=0.0003  accepted=2  loss=nan  (16.8s)
Round   17/200  coverage=0.1875  prec@K=0.0004  accepted=3  loss=nan  (18.0s)
Round   18/200  coverage=0.1875  prec@K=0.0000  accepted=0  loss=nan  (19.3s)
Round   19/200  coverage=0.1875  prec@K=0.0004  accepted=3  loss=nan  (19.5s)
Round   20/200  coverage=0.1875  prec@K=0.0001  accepted=1  loss=nan  (20.2s)
Round   21/200  coverage=0.1875  prec@K=0.0004  accepted=3  loss=nan  (22.5s)
Round   22/200  coverage=0.1875  prec@K=0.0003  accepted=2  loss=nan  (22.0s)
Round   23/200  coverage=0.1875  prec@K=0.0000  accepted=0  loss=nan  (22.1s)
Round   24/200  coverage=0.1875  prec@K=0.0001  accepted=1  loss=nan  (22.2s)
Round   25/200  coverage=0.1875  prec@K=0.0004  accepted=3  loss=nan  (23.5s)
Round   26/200  coverage=0.1875  prec@K=0.0000  accepted=0  loss=nan  (24.5s)
Round   27/200  coverage=0.1875  prec@K=0.0001  accepted=1  loss=nan  (24.4s)
Round   28/200  coverage=0.1875  prec@K=0.0001  accepted=1  loss=nan  (25.4s)
Round   29/200  coverage=0.1875  prec@K=0.0000  accepted=0  loss=nan  (26.4s)
Round   30/200  coverage=0.1875  prec@K=0.0001  accepted=1  loss=nan  (25.6s)
Round   31/200  coverage=0.1875  prec@K=0.0004  accepted=3  loss=nan  (27.2s)
Round   32/200  coverage=0.1875  prec@K=0.0001  accepted=1  loss=nan  (26.9s)
Round   33/200  coverage=0.1875  prec@K=0.0000  accepted=0  loss=nan  (28.7s)
Round   34/200  coverage=0.1875  prec@K=0.0001  accepted=1  loss=nan  (28.5s)
Round   35/200  coverage=0.1875  prec@K=0.0001  accepted=1  loss=nan  (28.6s)
Round   36/200  coverage=0.1875  prec@K=0.0001  accepted=1  loss=nan  (29.3s)
Round   37/200  coverage=0.1875  prec@K=0.0003  accepted=2  loss=nan  (29.9s)
Round   38/200  coverage=0.1875  prec@K=0.0000  accepted=0  loss=nan  (30.6s)
Round   39/200  coverage=0.1875  prec@K=0.0001  accepted=1  loss=nan  (31.7s)
Round   40/200  coverage=0.1875  prec@K=0.0000  accepted=0  loss=nan  (32.9s)
Round   41/200  coverage=0.1875  prec@K=0.0001  accepted=1  loss=nan  (34.9s)
Round   42/200  coverage=0.1875  prec@K=0.0000  accepted=0  loss=nan  (34.2s)
Round   43/200  coverage=0.1875  prec@K=0.0000  accepted=0  loss=nan  (33.6s)
Round   44/200  coverage=0.1875  prec@K=0.0000  accepted=0  loss=nan  (33.4s)
Round   45/200  coverage=0.1875  prec@K=0.0000  accepted=0  loss=nan  (36.2s)
Round   46/200  coverage=0.1875  prec@K=0.0000  accepted=0  loss=nan  (35.0s)
Round   47/200  coverage=0.1875  prec@K=0.0000  accepted=0  loss=nan  (35.7s)
Round   48/200  coverage=0.1875  prec@K=0.0000  accepted=0  loss=nan  (36.5s)
Round   49/200  coverage=0.1875  prec@K=0.0000  accepted=0  loss=nan  (38.7s)
Round   50/200  coverage=0.1875  prec@K=0.0000  accepted=0  loss=nan  (38.7s)
Round   51/200  coverage=0.1875  prec@K=0.0001  accepted=1  loss=nan  (40.8s)
Round   52/200  coverage=0.1875  prec@K=0.0003  accepted=2  loss=nan  (38.5s)
Round   53/200  coverage=0.1875  prec@K=0.0000  accepted=0  loss=nan  (40.1s)
Round   54/200  coverage=0.1875  prec@K=0.0000  accepted=0  loss=nan  (41.5s)
Round   55/200  coverage=0.1875  prec@K=0.0001  accepted=1  loss=nan  (40.3s)
Round   56/200  coverage=0.1875  prec@K=0.0000  accepted=0  loss=nan  (40.3s)
Round   57/200  coverage=0.1875  prec@K=0.0001  accepted=1  loss=nan  (43.4s)
Round   58/200  coverage=0.1875  prec@K=0.0000  accepted=0  loss=nan  (42.6s)
Round   59/200  coverage=0.1875  prec@K=0.0000  accepted=0  loss=nan  (45.2s)
Round   60/200  coverage=0.1875  prec@K=0.0000  accepted=0  loss=nan  (44.7s)
Round   61/200  coverage=0.1875  prec@K=0.0000  accepted=0  loss=nan  (44.2s)
Round   62/200  coverage=0.1875  prec@K=0.0000  accepted=0  loss=nan  (39.2s)
Round   63/200  coverage=0.1875  prec@K=0.0000  accepted=0  loss=nan  (39.7s)
Round   64/200  coverage=0.1875  prec@K=0.0000  accepted=0  loss=nan  (38.7s)
Round   65/200  coverage=0.1875  prec@K=0.0000  accepted=0  loss=nan  (40.4s)
Round   66/200  coverage=0.1875  prec@K=0.0000  accepted=0  loss=nan  (39.0s)
Round   67/200  coverage=0.1875  prec@K=0.0000  accepted=0  loss=nan  (44.6s)
Round   68/200  coverage=0.1875  prec@K=0.0000  accepted=0  loss=nan  (43.9s)
Round   69/200  coverage=0.1875  prec@K=0.0000  accepted=0  loss=nan  (42.7s)
Round   70/200  coverage=0.1875  prec@K=0.0000  accepted=0  loss=nan  (43.9s)
Round   71/200  coverage=0.1875  prec@K=0.0000  accepted=0  loss=nan  (45.2s)
Round   72/200  coverage=0.1875  prec@K=0.0000  accepted=0  loss=nan  (38.8s)
Round   73/200  coverage=0.1875  prec@K=0.0001  accepted=1  loss=nan  (39.3s)
Round   74/200  coverage=0.1875  prec@K=0.0003  accepted=2  loss=nan  (39.6s)
Round   75/200  coverage=0.1875  prec@K=0.0000  accepted=0  loss=nan  (41.1s)
Round   76/200  coverage=0.1875  prec@K=0.0000  accepted=0  loss=nan  (41.0s)
Round   77/200  coverage=0.1875  prec@K=0.0000  accepted=0  loss=nan  (39.8s)
Round   78/200  coverage=0.1875  prec@K=0.0000  accepted=0  loss=nan  (41.2s)
Round   79/200  coverage=0.1875  prec@K=0.0000  accepted=0  loss=nan  (44.1s)
Round   80/200  coverage=0.1875  prec@K=0.0000  accepted=0  loss=nan  (43.5s)
Round   81/200  coverage=0.1875  prec@K=0.0001  accepted=1  loss=nan  (45.5s)
Round   82/200  coverage=0.1875  prec@K=0.0000  accepted=0  loss=nan  (38.9s)
Round   83/200  coverage=0.1875  prec@K=0.0000  accepted=0  loss=nan  (39.9s)
Round   84/200  coverage=0.1875  prec@K=0.0000  accepted=0  loss=nan  (41.1s)
Round   85/200  coverage=0.1875  prec@K=0.0000  accepted=0  loss=nan  (39.7s)
Round   86/200  coverage=0.1875  prec@K=0.0000  accepted=0  loss=nan  (42.2s)
Round   87/200  coverage=0.1875  prec@K=0.0000  accepted=0  loss=nan  (41.6s)
Round   88/200  coverage=0.1875  prec@K=0.0000  accepted=0  loss=nan  (44.6s)
Round   89/200  coverage=0.1875  prec@K=0.0000  accepted=0  loss=nan  (44.2s)
Round   90/200  coverage=0.1875  prec@K=0.0000  accepted=0  loss=nan  (44.9s)
Round   91/200  coverage=0.1875  prec@K=0.0000  accepted=0  loss=nan  (45.9s)
Round   92/200  coverage=0.1875  prec@K=0.0000  accepted=0  loss=nan  (39.7s)
Round   93/200  coverage=0.1875  prec@K=0.0000  accepted=0  loss=nan  (40.1s)
Round   94/200  coverage=0.1875  prec@K=0.0000  accepted=0  loss=nan  (39.9s)
Round   95/200  coverage=0.1875  prec@K=0.0000  accepted=0  loss=nan  (40.6s)
Round   96/200  coverage=0.1875  prec@K=0.0000  accepted=0  loss=nan  (42.7s)
Round   97/200  coverage=0.1875  prec@K=0.0000  accepted=0  loss=nan  (44.2s)
Round   98/200  coverage=0.1875  prec@K=0.0000  accepted=0  loss=nan  (46.3s)
Round   99/200  coverage=0.1875  prec@K=0.0001  accepted=1  loss=nan  (44.3s)
Round  100/200  coverage=0.1875  prec@K=0.0000  accepted=0  loss=nan  (44.8s)
Round  101/200  coverage=0.1875  prec@K=0.0000  accepted=0  loss=nan  (47.1s)
Round  102/200  coverage=0.1875  prec@K=0.0000  accepted=0  loss=nan  (37.9s)
Round  103/200  coverage=0.1875  prec@K=0.0000  accepted=0  loss=nan  (38.4s)
Round  104/200  coverage=0.1875  prec@K=0.0000  accepted=0  loss=nan  (39.7s)
Round  105/200  coverage=0.1875  prec@K=0.0000  accepted=0  loss=nan  (40.4s)
Round  106/200  coverage=0.1875  prec@K=0.0000  accepted=0  loss=nan  (39.9s)
Round  107/200  coverage=0.1875  prec@K=0.0000  accepted=0  loss=nan  (42.1s)
Round  108/200  coverage=0.1875  prec@K=0.0000  accepted=0  loss=nan  (40.3s)
Round  109/200  coverage=0.1875  prec@K=0.0001  accepted=1  loss=nan  (42.6s)
Round  110/200  coverage=0.1875  prec@K=0.0000  accepted=0  loss=nan  (42.2s)
Round  111/200  coverage=0.1875  prec@K=0.0000  accepted=0  loss=nan  (48.3s)
Round  112/200  coverage=0.1875  prec@K=0.0000  accepted=0  loss=nan  (37.9s)
Round  113/200  coverage=0.1875  prec@K=0.0000  accepted=0  loss=nan  (39.1s)
Round  114/200  coverage=0.1875  prec@K=0.0000  accepted=0  loss=nan  (40.1s)
Round  115/200  coverage=0.1875  prec@K=0.0000  accepted=0  loss=nan  (39.3s)
Round  116/200  coverage=0.1875  prec@K=0.0000  accepted=0  loss=nan  (39.4s)
Round  117/200  coverage=0.1875  prec@K=0.0001  accepted=1  loss=nan  (41.0s)
Round  118/200  coverage=0.1875  prec@K=0.0000  accepted=0  loss=nan  (41.5s)
Round  119/200  coverage=0.1875  prec@K=0.0000  accepted=0  loss=nan  (41.9s)
Round  120/200  coverage=0.1875  prec@K=0.0000  accepted=0  loss=nan  (42.1s)
Round  121/200  coverage=0.1875  prec@K=0.0000  accepted=0  loss=nan  (45.1s)
Round  122/200  coverage=0.1875  prec@K=0.0000  accepted=0  loss=nan  (38.4s)
Round  123/200  coverage=0.1875  prec@K=0.0000  accepted=0  loss=nan  (39.0s)
Round  124/200  coverage=0.1875  prec@K=0.0000  accepted=0  loss=nan  (39.6s)
Round  125/200  coverage=0.1875  prec@K=0.0000  accepted=0  loss=nan  (40.6s)
Round  126/200  coverage=0.1875  prec@K=0.0000  accepted=0  loss=nan  (40.2s)
Round  127/200  coverage=0.1875  prec@K=0.0000  accepted=0  loss=nan  (41.2s)
Round  128/200  coverage=0.1875  prec@K=0.0000  accepted=0  loss=nan  (44.6s)
Round  129/200  coverage=0.1875  prec@K=0.0000  accepted=0  loss=nan  (44.8s)
Round  130/200  coverage=0.1875  prec@K=0.0001  accepted=1  loss=nan  (45.4s)
Round  131/200  coverage=0.1875  prec@K=0.0000  accepted=0  loss=nan  (47.1s)
Round  132/200  coverage=0.1875  prec@K=0.0000  accepted=0  loss=nan  (39.2s)
Round  133/200  coverage=0.1875  prec@K=0.0000  accepted=0  loss=nan  (40.5s)
Round  134/200  coverage=0.1875  prec@K=0.0000  accepted=0  loss=nan  (40.0s)
Round  135/200  coverage=0.1875  prec@K=0.0000  accepted=0  loss=nan  (42.6s)
Round  136/200  coverage=0.1875  prec@K=0.0000  accepted=0  loss=nan  (43.2s)
Round  137/200  coverage=0.1875  prec@K=0.0000  accepted=0  loss=nan  (41.4s)
Round  138/200  coverage=0.1875  prec@K=0.0000  accepted=0  loss=nan  (42.0s)
Round  139/200  coverage=0.1875  prec@K=0.0000  accepted=0  loss=nan  (43.2s)
Round  140/200  coverage=0.1875  prec@K=0.0000  accepted=0  loss=nan  (46.1s)
Round  141/200  coverage=0.1875  prec@K=0.0000  accepted=0  loss=nan  (49.9s)
Round  142/200  coverage=0.1875  prec@K=0.0000  accepted=0  loss=nan  (42.3s)
Round  143/200  coverage=0.1875  prec@K=0.0000  accepted=0  loss=nan  (41.5s)
Round  144/200  coverage=0.1875  prec@K=0.0000  accepted=0  loss=nan  (40.9s)
Round  145/200  coverage=0.1875  prec@K=0.0000  accepted=0  loss=nan  (43.9s)
Round  146/200  coverage=0.1875  prec@K=0.0000  accepted=0  loss=nan  (45.7s)
Round  147/200  coverage=0.1875  prec@K=0.0001  accepted=1  loss=nan  (45.6s)
Round  148/200  coverage=0.1875  prec@K=0.0000  accepted=0  loss=nan  (45.5s)
Round  149/200  coverage=0.1875  prec@K=0.0000  accepted=0  loss=nan  (45.6s)
Round  150/200  coverage=0.1875  prec@K=0.0000  accepted=0  loss=nan  (48.8s)
Round  151/200  coverage=0.1875  prec@K=0.0000  accepted=0  loss=nan  (50.5s)
Round  152/200  coverage=0.1875  prec@K=0.0000  accepted=0  loss=nan  (42.5s)
Round  153/200  coverage=0.1875  prec@K=0.0000  accepted=0  loss=nan  (42.7s)
Round  154/200  coverage=0.1875  prec@K=0.0000  accepted=0  loss=nan  (44.2s)
Round  155/200  coverage=0.1875  prec@K=0.0000  accepted=0  loss=nan  (44.0s)
Round  156/200  coverage=0.1875  prec@K=0.0000  accepted=0  loss=nan  (45.0s)
Round  157/200  coverage=0.1875  prec@K=0.0000  accepted=0  loss=nan  (45.5s)
Round  158/200  coverage=0.1875  prec@K=0.0000  accepted=0  loss=nan  (47.2s)
Round  159/200  coverage=0.1875  prec@K=0.0000  accepted=0  loss=nan  (46.0s)
Round  160/200  coverage=0.1875  prec@K=0.0000  accepted=0  loss=nan  (48.3s)
Round  161/200  coverage=0.1875  prec@K=0.0000  accepted=0  loss=nan  (48.0s)
Round  162/200  coverage=0.1875  prec@K=0.0000  accepted=0  loss=nan  (42.5s)
Round  163/200  coverage=0.1875  prec@K=0.0000  accepted=0  loss=nan  (43.1s)
Round  164/200  coverage=0.1875  prec@K=0.0000  accepted=0  loss=nan  (44.3s)
Round  165/200  coverage=0.1875  prec@K=0.0001  accepted=1  loss=nan  (44.8s)
Round  166/200  coverage=0.1875  prec@K=0.0000  accepted=0  loss=nan  (45.6s)
Round  167/200  coverage=0.1875  prec@K=0.0000  accepted=0  loss=nan  (45.5s)
Round  168/200  coverage=0.1875  prec@K=0.0000  accepted=0  loss=nan  (46.0s)
Round  169/200  coverage=0.1875  prec@K=0.0000  accepted=0  loss=nan  (45.5s)
Round  170/200  coverage=0.1875  prec@K=0.0000  accepted=0  loss=nan  (48.0s)
Round  171/200  coverage=0.1875  prec@K=0.0000  accepted=0  loss=nan  (49.8s)
Round  172/200  coverage=0.1875  prec@K=0.0000  accepted=0  loss=nan  (42.2s)
Round  173/200  coverage=0.1875  prec@K=0.0000  accepted=0  loss=nan  (42.6s)
Round  174/200  coverage=0.1875  prec@K=0.0000  accepted=0  loss=nan  (42.5s)
Round  175/200  coverage=0.1875  prec@K=0.0000  accepted=0  loss=nan  (44.4s)
Round  176/200  coverage=0.1875  prec@K=0.0000  accepted=0  loss=nan  (44.5s)
Round  177/200  coverage=0.1875  prec@K=0.0000  accepted=0  loss=nan  (47.2s)
Round  178/200  coverage=0.1875  prec@K=0.0000  accepted=0  loss=nan  (47.9s)
Round  179/200  coverage=0.1875  prec@K=0.0000  accepted=0  loss=nan  (48.1s)
Round  180/200  coverage=0.1875  prec@K=0.0000  accepted=0  loss=nan  (46.4s)
Round  181/200  coverage=0.1875  prec@K=0.0000  accepted=0  loss=nan  (50.1s)
Round  182/200  coverage=0.1875  prec@K=0.0000  accepted=0  loss=nan  (41.4s)
Round  183/200  coverage=0.1875  prec@K=0.0000  accepted=0  loss=nan  (40.5s)
Round  184/200  coverage=0.1875  prec@K=0.0000  accepted=0  loss=nan  (44.7s)
Round  185/200  coverage=0.1875  prec@K=0.0000  accepted=0  loss=nan  (42.1s)
Round  186/200  coverage=0.1875  prec@K=0.0001  accepted=1  loss=nan  (45.0s)
Round  187/200  coverage=0.1875  prec@K=0.0000  accepted=0  loss=nan  (47.1s)
Round  188/200  coverage=0.1875  prec@K=0.0000  accepted=0  loss=nan  (44.5s)
Round  189/200  coverage=0.1875  prec@K=0.0000  accepted=0  loss=nan  (46.8s)
Round  190/200  coverage=0.1875  prec@K=0.0000  accepted=0  loss=nan  (49.8s)
Round  191/200  coverage=0.1875  prec@K=0.0000  accepted=0  loss=nan  (48.8s)
Round  192/200  coverage=0.1875  prec@K=0.0000  accepted=0  loss=nan  (41.5s)
Round  193/200  coverage=0.1875  prec@K=0.0000  accepted=0  loss=nan  (43.4s)
Round  194/200  coverage=0.1875  prec@K=0.0000  accepted=0  loss=nan  (42.2s)
Round  195/200  coverage=0.1875  prec@K=0.0000  accepted=0  loss=nan  (42.6s)
Round  196/200  coverage=0.1875  prec@K=0.0000  accepted=0  loss=nan  (45.7s)
Round  197/200  coverage=0.1875  prec@K=0.0001  accepted=1  loss=nan  (44.0s)
Round  198/200  coverage=0.1875  prec@K=0.0000  accepted=0  loss=nan  (48.2s)
Round  199/200  coverage=0.1875  prec@K=0.0000  accepted=0  loss=nan  (46.1s)
Round  200/200  coverage=0.1875  prec@K=0.0000  accepted=0  loss=nan  (47.8s)

˝áąűŇŃĐ´Čë results\online\sx_askubuntu_thr_random_k10_r200/rounds.csv
