C:\conda\envs\gnn\lib\site-packages\requests\__init__.py:86: RequestsDependencyWarning: Unable to find acceptable character detection dependency (chardet or charset_normalizer).
  warnings.warn(
C:\conda\envs\gnn\lib\site-packages\outdated\__init__.py:36: UserWarning: pkg_resources is deprecated as an API. See https://setuptools.pypa.io/en/latest/pkg_resources.html. The pkg_resources package is slated for removal as early as 2025-11-30. Refrain from using this package or pin to Setuptools<81.
  from pkg_resources import parse_version
C:\conda\envs\gnn\lib\site-packages\dgl\backend\pytorch\sparse.py:157: FutureWarning: `torch.cuda.amp.autocast_mode._cast(value, dtype)` is deprecated. Please use `torch.amp.autocast_mode._cast(value, 'cuda', dtype)` instead.
  return th.cuda.amp.autocast_mode._cast(
C:\conda\envs\gnn\lib\site-packages\dgl\backend\pytorch\sparse.py:148: FutureWarning: `torch.cuda.amp.autocast(args...)` is deprecated. Please use `torch.amp.autocast('cuda', args...)` instead.
  return th.cuda.amp.autocast(enabled=False)
Round    1/50  coverage=0.1874  prec@K=0.0221  accepted=174  loss=0.7197  (6.8s)
Round    2/50  coverage=0.1874  prec@K=0.0203  accepted=166  loss=0.7193  (5.1s)
Round    3/50  coverage=0.1874  prec@K=0.0206  accepted=167  loss=0.7193  (5.9s)
Round    4/50  coverage=0.1874  prec@K=0.0189  accepted=144  loss=0.7185  (6.0s)
Round    5/50  coverage=0.1874  prec@K=0.0201  accepted=161  loss=0.7178  (6.7s)
Round    6/50  coverage=0.1874  prec@K=0.0182  accepted=144  loss=0.7159  (7.8s)
Round    7/50  coverage=0.1874  prec@K=0.0192  accepted=152  loss=0.7145  (7.5s)
Round    8/50  coverage=0.1874  prec@K=0.0198  accepted=159  loss=0.7131  (9.0s)
Round    9/50  coverage=0.1874  prec@K=0.0215  accepted=177  loss=0.7116  (9.5s)
Round   10/50  coverage=0.1874  prec@K=0.0210  accepted=166  loss=0.7102  (8.7s)
Round   11/50  coverage=0.1874  prec@K=0.0212  accepted=163  loss=0.7089  (10.4s)
Round   12/50  coverage=0.1874  prec@K=0.0192  accepted=150  loss=0.7075  (10.3s)
Round   13/50  coverage=0.1874  prec@K=0.0217  accepted=160  loss=0.7068  (10.4s)
Round   14/50  coverage=0.1874  prec@K=0.0190  accepted=142  loss=0.7055  (11.0s)
Round   15/50  coverage=0.1874  prec@K=0.0232  accepted=173  loss=0.7041  (10.9s)
Round   16/50  coverage=0.1874  prec@K=0.0221  accepted=163  loss=0.7034  (11.5s)
Round   17/50  coverage=0.1874  prec@K=0.0195  accepted=146  loss=0.7021  (11.9s)
Round   18/50  coverage=0.1875  prec@K=0.0218  accepted=154  loss=0.7014  (11.9s)
Round   19/50  coverage=0.1875  prec@K=0.0202  accepted=147  loss=0.7008  (13.4s)
Round   20/50  coverage=0.1875  prec@K=0.0193  accepted=134  loss=0.7001  (12.3s)
Round   21/50  coverage=0.1875  prec@K=0.0197  accepted=136  loss=0.6994  (14.1s)
Round   22/50  coverage=0.1875  prec@K=0.0187  accepted=130  loss=0.6994  (13.2s)
Round   23/50  coverage=0.1875  prec@K=0.0148  accepted=100  loss=0.6987  (13.0s)
Round   24/50  coverage=0.1875  prec@K=0.0208  accepted=133  loss=0.6981  (12.4s)
Round   25/50  coverage=0.1875  prec@K=0.0191  accepted=128  loss=0.6981  (13.4s)
Round   26/50  coverage=0.1875  prec@K=0.0186  accepted=121  loss=0.6981  (14.1s)
Round   27/50  coverage=0.1875  prec@K=0.0194  accepted=125  loss=0.6981  (13.7s)
Round   28/50  coverage=0.1875  prec@K=0.0176  accepted=112  loss=0.6975  (14.0s)
Round   29/50  coverage=0.1875  prec@K=0.0212  accepted=133  loss=0.6975  (14.0s)
Round   30/50  coverage=0.1875  prec@K=0.0215  accepted=127  loss=0.6975  (13.4s)
Round   31/50  coverage=0.1875  prec@K=0.0236  accepted=150  loss=0.6975  (16.7s)
Round   32/50  coverage=0.1875  prec@K=0.0183  accepted=112  loss=0.6961  (14.8s)
Round   33/50  coverage=0.1875  prec@K=0.0177  accepted=106  loss=0.6946  (14.7s)
Round   34/50  coverage=0.1875  prec@K=0.0199  accepted=115  loss=0.6931  (14.8s)
Round   35/50  coverage=0.1875  prec@K=0.0205  accepted=115  loss=0.6920  (14.1s)
Round   36/50  coverage=0.1875  prec@K=0.0233  accepted=127  loss=0.6905  (14.1s)
Round   37/50  coverage=0.1875  prec@K=0.0176  accepted=98  loss=0.6894  (14.2s)
Round   38/50  coverage=0.1875  prec@K=0.0178  accepted=88  loss=0.6879  (13.3s)
Round   39/50  coverage=0.1875  prec@K=0.0202  accepted=104  loss=0.6868  (13.4s)
Round   40/50  coverage=0.1875  prec@K=0.0186  accepted=98  loss=0.6856  (14.0s)
Round   41/50  coverage=0.1875  prec@K=0.0170  accepted=84  loss=0.6848  (14.5s)
Round   42/50  coverage=0.1875  prec@K=0.0180  accepted=94  loss=0.6837  (15.6s)
Round   43/50  coverage=0.1875  prec@K=0.0225  accepted=116  loss=0.6830  (14.8s)
Round   44/50  coverage=0.1875  prec@K=0.0160  accepted=78  loss=0.6822  (14.4s)
Round   45/50  coverage=0.1875  prec@K=0.0204  accepted=100  loss=0.6814  (14.3s)
Round   46/50  coverage=0.1875  prec@K=0.0195  accepted=92  loss=0.6809  (14.1s)
Round   47/50  coverage=0.1875  prec@K=0.0215  accepted=99  loss=0.6805  (14.2s)
Round   48/50  coverage=0.1875  prec@K=0.0179  accepted=84  loss=0.6798  (14.1s)
Round   49/50  coverage=0.1875  prec@K=0.0200  accepted=89  loss=0.6796  (13.3s)
Round   50/50  coverage=0.1875  prec@K=0.0191  accepted=87  loss=0.6792  (13.4s)

˝áąűŇŃĐ´Čë results\online\sx_askubuntu_thr_gnn_k10_r50/rounds.csv
