C:\conda\envs\gnn\lib\site-packages\requests\__init__.py:86: RequestsDependencyWarning: Unable to find acceptable character detection dependency (chardet or charset_normalizer).
  warnings.warn(
C:\conda\envs\gnn\lib\site-packages\outdated\__init__.py:36: UserWarning: pkg_resources is deprecated as an API. See https://setuptools.pypa.io/en/latest/pkg_resources.html. The pkg_resources package is slated for removal as early as 2025-11-30. Refrain from using this package or pin to Setuptools<81.
  from pkg_resources import parse_version
C:\conda\envs\gnn\lib\site-packages\dgl\backend\pytorch\sparse.py:157: FutureWarning: `torch.cuda.amp.autocast_mode._cast(value, dtype)` is deprecated. Please use `torch.amp.autocast_mode._cast(value, 'cuda', dtype)` instead.
  return th.cuda.amp.autocast_mode._cast(
C:\conda\envs\gnn\lib\site-packages\dgl\backend\pytorch\sparse.py:148: FutureWarning: `torch.cuda.amp.autocast(args...)` is deprecated. Please use `torch.amp.autocast('cuda', args...)` instead.
  return th.cuda.amp.autocast(enabled=False)
Round    1/200  coverage=0.0722  prec@K=0.0022  accepted=2  loss=0.7321  (1.1s)
Round    2/200  coverage=0.0722  prec@K=0.0009  accepted=1  loss=0.7313  (0.2s)
Round    3/200  coverage=0.0722  prec@K=0.0019  accepted=2  loss=0.7312  (0.2s)
Round    4/200  coverage=0.0723  prec@K=0.0046  accepted=5  loss=0.7288  (0.2s)
Round    5/200  coverage=0.0723  prec@K=0.0031  accepted=3  loss=0.7278  (0.2s)
Round    6/200  coverage=0.0723  prec@K=0.0059  accepted=6  loss=0.7248  (0.2s)
Round    7/200  coverage=0.0723  prec@K=0.0020  accepted=2  loss=0.7228  (0.2s)
Round    8/200  coverage=0.0723  prec@K=0.0000  accepted=0  loss=0.7210  (0.2s)
Round    9/200  coverage=0.0723  prec@K=0.0053  accepted=5  loss=0.7190  (0.2s)
Round   10/200  coverage=0.0724  prec@K=0.0043  accepted=4  loss=0.7170  (0.2s)
Round   11/200  coverage=0.0724  prec@K=0.0010  accepted=1  loss=0.7152  (0.4s)
Round   12/200  coverage=0.0724  prec@K=0.0010  accepted=1  loss=0.7134  (0.2s)
Round   13/200  coverage=0.0724  prec@K=0.0009  accepted=1  loss=0.7122  (0.3s)
Round   14/200  coverage=0.0724  prec@K=0.0030  accepted=3  loss=0.7103  (0.3s)
Round   15/200  coverage=0.0724  prec@K=0.0030  accepted=3  loss=0.7085  (0.2s)
Round   16/200  coverage=0.0724  prec@K=0.0010  accepted=1  loss=0.7074  (0.3s)
Round   17/200  coverage=0.0724  prec@K=0.0021  accepted=2  loss=0.7057  (0.2s)
Round   18/200  coverage=0.0724  prec@K=0.0011  accepted=1  loss=0.7047  (0.2s)
Round   19/200  coverage=0.0724  prec@K=0.0010  accepted=1  loss=0.7037  (0.3s)
Round   20/200  coverage=0.0724  prec@K=0.0019  accepted=2  loss=0.7027  (0.3s)
Round   21/200  coverage=0.0724  prec@K=0.0000  accepted=0  loss=0.7018  (0.5s)
Round   22/200  coverage=0.0724  prec@K=0.0020  accepted=2  loss=0.7017  (0.3s)
Round   23/200  coverage=0.0724  prec@K=0.0010  accepted=1  loss=0.7008  (0.3s)
Round   24/200  coverage=0.0725  prec@K=0.0032  accepted=3  loss=0.6999  (0.3s)
Round   25/200  coverage=0.0725  prec@K=0.0019  accepted=2  loss=0.6998  (0.3s)
Round   26/200  coverage=0.0725  prec@K=0.0009  accepted=1  loss=0.6998  (0.3s)
Round   27/200  coverage=0.0725  prec@K=0.0000  accepted=0  loss=0.6998  (0.3s)
Round   28/200  coverage=0.0725  prec@K=0.0021  accepted=2  loss=0.6998  (0.3s)
Round   29/200  coverage=0.0725  prec@K=0.0011  accepted=1  loss=0.6989  (0.3s)
Round   30/200  coverage=0.0725  prec@K=0.0011  accepted=1  loss=0.6990  (0.3s)
Round   31/200  coverage=0.0725  prec@K=0.0000  accepted=0  loss=0.6990  (0.4s)
Round   32/200  coverage=0.0725  prec@K=0.0000  accepted=0  loss=0.6970  (0.3s)
Round   33/200  coverage=0.0725  prec@K=0.0000  accepted=0  loss=0.6951  (0.3s)
Round   34/200  coverage=0.0725  prec@K=0.0022  accepted=2  loss=0.6932  (0.3s)
Round   35/200  coverage=0.0725  prec@K=0.0000  accepted=0  loss=0.6917  (0.3s)
Round   36/200  coverage=0.0725  prec@K=0.0000  accepted=0  loss=0.6898  (0.5s)
Round   37/200  coverage=0.0725  prec@K=0.0011  accepted=1  loss=0.6883  (0.3s)
Round   38/200  coverage=0.0725  prec@K=0.0000  accepted=0  loss=0.6869  (0.3s)
Round   39/200  coverage=0.0725  prec@K=0.0023  accepted=2  loss=0.6854  (0.3s)
Round   40/200  coverage=0.0725  prec@K=0.0022  accepted=2  loss=0.6840  (0.3s)
Round   41/200  coverage=0.0725  prec@K=0.0011  accepted=1  loss=0.6826  (0.5s)
Round   42/200  coverage=0.0725  prec@K=0.0000  accepted=0  loss=0.6816  (0.3s)
Round   43/200  coverage=0.0725  prec@K=0.0000  accepted=0  loss=0.6806  (0.4s)
Round   44/200  coverage=0.0725  prec@K=0.0011  accepted=1  loss=0.6797  (0.3s)
Round   45/200  coverage=0.0725  prec@K=0.0000  accepted=0  loss=0.6788  (0.3s)
Round   46/200  coverage=0.0725  prec@K=0.0000  accepted=0  loss=0.6783  (0.3s)
Round   47/200  coverage=0.0725  prec@K=0.0000  accepted=0  loss=0.6773  (0.5s)
Round   48/200  coverage=0.0725  prec@K=0.0000  accepted=0  loss=0.6769  (0.4s)
Round   49/200  coverage=0.0725  prec@K=0.0000  accepted=0  loss=0.6768  (0.3s)
Round   50/200  coverage=0.0725  prec@K=0.0000  accepted=0  loss=0.6763  (0.4s)
Round   51/200  coverage=0.0725  prec@K=0.0000  accepted=0  loss=0.6759  (0.5s)
Round   52/200  coverage=0.0725  prec@K=0.0000  accepted=0  loss=0.6759  (0.4s)
Round   53/200  coverage=0.0725  prec@K=0.0011  accepted=1  loss=0.6758  (0.4s)
Round   54/200  coverage=0.0725  prec@K=0.0000  accepted=0  loss=0.6758  (0.4s)
Round   55/200  coverage=0.0725  prec@K=0.0000  accepted=0  loss=0.6757  (0.6s)
Round   56/200  coverage=0.0725  prec@K=0.0000  accepted=0  loss=0.6754  (0.4s)
Round   57/200  coverage=0.0725  prec@K=0.0010  accepted=1  loss=0.6739  (0.4s)
Round   58/200  coverage=0.0725  prec@K=0.0000  accepted=0  loss=0.6720  (0.4s)
Round   59/200  coverage=0.0725  prec@K=0.0011  accepted=1  loss=0.6702  (0.4s)
Round   60/200  coverage=0.0725  prec@K=0.0000  accepted=0  loss=0.6683  (0.4s)
Round   61/200  coverage=0.0725  prec@K=0.0012  accepted=1  loss=0.6668  (0.5s)
Round   62/200  coverage=0.0725  prec@K=0.0012  accepted=1  loss=0.6649  (0.5s)
Round   63/200  coverage=0.0725  prec@K=0.0000  accepted=0  loss=0.6634  (0.4s)
Round   64/200  coverage=0.0725  prec@K=0.0000  accepted=0  loss=0.6617  (0.4s)
Round   65/200  coverage=0.0725  prec@K=0.0000  accepted=0  loss=0.6602  (0.4s)
Round   66/200  coverage=0.0725  prec@K=0.0000  accepted=0  loss=0.6588  (0.4s)
Round   67/200  coverage=0.0725  prec@K=0.0000  accepted=0  loss=0.6578  (0.4s)
Round   68/200  coverage=0.0725  prec@K=0.0000  accepted=0  loss=0.6564  (0.4s)
Round   69/200  coverage=0.0725  prec@K=0.0000  accepted=0  loss=0.6555  (0.6s)
Round   70/200  coverage=0.0725  prec@K=0.0000  accepted=0  loss=0.6545  (0.4s)
Round   71/200  coverage=0.0725  prec@K=0.0000  accepted=0  loss=0.6536  (0.5s)
Round   72/200  coverage=0.0725  prec@K=0.0000  accepted=0  loss=0.6530  (0.4s)
Round   73/200  coverage=0.0725  prec@K=0.0000  accepted=0  loss=0.6525  (0.3s)
Round   74/200  coverage=0.0725  prec@K=0.0000  accepted=0  loss=0.6521  (0.3s)
Round   75/200  coverage=0.0725  prec@K=0.0000  accepted=0  loss=0.6517  (0.4s)
Round   76/200  coverage=0.0725  prec@K=0.0000  accepted=0  loss=0.6515  (0.5s)
Round   77/200  coverage=0.0725  prec@K=0.0000  accepted=0  loss=0.6512  (0.4s)
Round   78/200  coverage=0.0725  prec@K=0.0000  accepted=0  loss=0.6511  (0.4s)
Round   79/200  coverage=0.0725  prec@K=0.0000  accepted=0  loss=0.6511  (0.4s)
Round   80/200  coverage=0.0725  prec@K=0.0000  accepted=0  loss=0.6511  (0.4s)
Round   81/200  coverage=0.0725  prec@K=0.0010  accepted=1  loss=0.6511  (0.6s)
Round   82/200  coverage=0.0726  prec@K=0.0010  accepted=1  loss=0.6492  (0.6s)
Round   83/200  coverage=0.0726  prec@K=0.0000  accepted=0  loss=0.6469  (0.4s)
Round   84/200  coverage=0.0726  prec@K=0.0011  accepted=1  loss=0.6449  (0.4s)
Round   85/200  coverage=0.0726  prec@K=0.0000  accepted=0  loss=0.6427  (0.4s)
Round   86/200  coverage=0.0726  prec@K=0.0011  accepted=1  loss=0.6407  (0.4s)
Round   87/200  coverage=0.0726  prec@K=0.0000  accepted=0  loss=0.6388  (0.4s)
Round   88/200  coverage=0.0726  prec@K=0.0000  accepted=0  loss=0.6365  (0.3s)
Round   89/200  coverage=0.0726  prec@K=0.0000  accepted=0  loss=0.6345  (0.6s)
Round   90/200  coverage=0.0726  prec@K=0.0000  accepted=0  loss=0.6324  (0.4s)
Round   91/200  coverage=0.0726  prec@K=0.0000  accepted=0  loss=0.6304  (0.5s)
Round   92/200  coverage=0.0726  prec@K=0.0000  accepted=0  loss=0.6286  (0.4s)
Round   93/200  coverage=0.0726  prec@K=0.0000  accepted=0  loss=0.6269  (0.4s)
Round   94/200  coverage=0.0726  prec@K=0.0000  accepted=0  loss=0.6250  (0.4s)
Round   95/200  coverage=0.0726  prec@K=0.0000  accepted=0  loss=0.6237  (0.4s)
Round   96/200  coverage=0.0726  prec@K=0.0000  accepted=0  loss=0.6223  (0.5s)
Round   97/200  coverage=0.0726  prec@K=0.0000  accepted=0  loss=0.6213  (0.4s)
Round   98/200  coverage=0.0726  prec@K=0.0000  accepted=0  loss=0.6204  (0.4s)
Round   99/200  coverage=0.0726  prec@K=0.0000  accepted=0  loss=0.6197  (0.4s)
Round  100/200  coverage=0.0726  prec@K=0.0000  accepted=0  loss=0.6192  (0.4s)
Round  101/200  coverage=0.0726  prec@K=0.0000  accepted=0  loss=0.6187  (0.4s)
Round  102/200  coverage=0.0726  prec@K=0.0000  accepted=0  loss=0.6184  (0.4s)
Round  103/200  coverage=0.0726  prec@K=0.0000  accepted=0  loss=0.6182  (0.6s)
Round  104/200  coverage=0.0726  prec@K=0.0000  accepted=0  loss=0.6181  (0.4s)
Round  105/200  coverage=0.0726  prec@K=0.0000  accepted=0  loss=0.6180  (0.4s)
Round  106/200  coverage=0.0726  prec@K=0.0000  accepted=0  loss=0.6183  (0.4s)
Round  107/200  coverage=0.0726  prec@K=0.0000  accepted=0  loss=0.6146  (0.4s)
Round  108/200  coverage=0.0726  prec@K=0.0000  accepted=0  loss=0.6114  (0.4s)
Round  109/200  coverage=0.0726  prec@K=0.0000  accepted=0  loss=0.6078  (0.4s)
Round  110/200  coverage=0.0726  prec@K=0.0000  accepted=0  loss=0.6043  (0.6s)
Round  111/200  coverage=0.0726  prec@K=0.0000  accepted=0  loss=0.6013  (0.5s)
Round  112/200  coverage=0.0726  prec@K=0.0000  accepted=0  loss=0.5977  (0.4s)
Round  113/200  coverage=0.0726  prec@K=0.0000  accepted=0  loss=0.5944  (0.4s)
Round  114/200  coverage=0.0726  prec@K=0.0000  accepted=0  loss=0.5911  (0.4s)
Round  115/200  coverage=0.0726  prec@K=0.0000  accepted=0  loss=0.5884  (0.4s)
Round  116/200  coverage=0.0726  prec@K=0.0000  accepted=0  loss=0.5854  (0.4s)
Round  117/200  coverage=0.0726  prec@K=0.0000  accepted=0  loss=0.5829  (0.6s)
Round  118/200  coverage=0.0726  prec@K=0.0011  accepted=1  loss=0.5800  (0.4s)
Round  119/200  coverage=0.0726  prec@K=0.0000  accepted=0  loss=0.5780  (0.4s)
Round  120/200  coverage=0.0726  prec@K=0.0000  accepted=0  loss=0.5763  (0.3s)
Round  121/200  coverage=0.0726  prec@K=0.0000  accepted=0  loss=0.5743  (0.5s)
Round  122/200  coverage=0.0726  prec@K=0.0000  accepted=0  loss=0.5724  (0.4s)
Round  123/200  coverage=0.0726  prec@K=0.0000  accepted=0  loss=0.5718  (0.3s)
Round  124/200  coverage=0.0726  prec@K=0.0000  accepted=0  loss=0.5704  (0.5s)
Round  125/200  coverage=0.0726  prec@K=0.0000  accepted=0  loss=0.5697  (0.4s)
Round  126/200  coverage=0.0726  prec@K=0.0000  accepted=0  loss=0.5691  (0.4s)
Round  127/200  coverage=0.0726  prec@K=0.0000  accepted=0  loss=0.5687  (0.4s)
Round  128/200  coverage=0.0726  prec@K=0.0000  accepted=0  loss=0.5682  (0.4s)
Round  129/200  coverage=0.0726  prec@K=0.0000  accepted=0  loss=0.5684  (0.3s)
Round  130/200  coverage=0.0726  prec@K=0.0000  accepted=0  loss=0.5684  (0.4s)
Round  131/200  coverage=0.0726  prec@K=0.0000  accepted=0  loss=0.5686  (0.6s)
Round  132/200  coverage=0.0726  prec@K=0.0000  accepted=0  loss=0.5634  (0.4s)
Round  133/200  coverage=0.0726  prec@K=0.0000  accepted=0  loss=0.5596  (0.3s)
Round  134/200  coverage=0.0726  prec@K=0.0000  accepted=0  loss=0.5545  (0.3s)
Round  135/200  coverage=0.0726  prec@K=0.0000  accepted=0  loss=0.5500  (0.4s)
Round  136/200  coverage=0.0726  prec@K=0.0000  accepted=0  loss=0.5456  (0.4s)
Round  137/200  coverage=0.0726  prec@K=0.0000  accepted=0  loss=0.5412  (0.4s)
Round  138/200  coverage=0.0726  prec@K=0.0000  accepted=0  loss=0.5368  (0.5s)
Round  139/200  coverage=0.0726  prec@K=0.0000  accepted=0  loss=0.5326  (0.4s)
Round  140/200  coverage=0.0726  prec@K=0.0000  accepted=0  loss=0.5286  (0.3s)
Round  141/200  coverage=0.0726  prec@K=0.0000  accepted=0  loss=0.5245  (0.4s)
Round  142/200  coverage=0.0726  prec@K=0.0000  accepted=0  loss=0.5215  (0.4s)
Round  143/200  coverage=0.0726  prec@K=0.0000  accepted=0  loss=0.5179  (0.4s)
Round  144/200  coverage=0.0726  prec@K=0.0000  accepted=0  loss=0.5149  (0.4s)
Round  145/200  coverage=0.0726  prec@K=0.0000  accepted=0  loss=0.5121  (0.5s)
Round  146/200  coverage=0.0726  prec@K=0.0000  accepted=0  loss=0.5099  (0.4s)
Round  147/200  coverage=0.0726  prec@K=0.0000  accepted=0  loss=0.5082  (0.3s)
Round  148/200  coverage=0.0726  prec@K=0.0000  accepted=0  loss=0.5065  (0.4s)
Round  149/200  coverage=0.0726  prec@K=0.0000  accepted=0  loss=0.5051  (0.4s)
Round  150/200  coverage=0.0726  prec@K=0.0000  accepted=0  loss=0.5037  (0.4s)
Round  151/200  coverage=0.0726  prec@K=0.0000  accepted=0  loss=0.5032  (0.4s)
Round  152/200  coverage=0.0726  prec@K=0.0000  accepted=0  loss=0.5021  (0.6s)
Round  153/200  coverage=0.0726  prec@K=0.0000  accepted=0  loss=0.5024  (0.4s)
Round  154/200  coverage=0.0726  prec@K=0.0000  accepted=0  loss=0.5016  (0.4s)
Round  155/200  coverage=0.0726  prec@K=0.0000  accepted=0  loss=0.5021  (0.4s)
Round  156/200  coverage=0.0726  prec@K=0.0000  accepted=0  loss=0.5016  (0.4s)
Round  157/200  coverage=0.0726  prec@K=0.0000  accepted=0  loss=0.4957  (0.4s)
Round  158/200  coverage=0.0726  prec@K=0.0000  accepted=0  loss=0.4896  (0.4s)
Round  159/200  coverage=0.0726  prec@K=0.0000  accepted=0  loss=0.4832  (0.6s)
Round  160/200  coverage=0.0726  prec@K=0.0000  accepted=0  loss=0.4774  (0.4s)
Round  161/200  coverage=0.0726  prec@K=0.0000  accepted=0  loss=0.4706  (0.5s)
Round  162/200  coverage=0.0726  prec@K=0.0000  accepted=0  loss=0.4651  (0.4s)
Round  163/200  coverage=0.0726  prec@K=0.0000  accepted=0  loss=0.4594  (0.4s)
Round  164/200  coverage=0.0726  prec@K=0.0000  accepted=0  loss=0.4536  (0.3s)
Round  165/200  coverage=0.0726  prec@K=0.0000  accepted=0  loss=0.4478  (0.4s)
Round  166/200  coverage=0.0726  prec@K=0.0000  accepted=0  loss=0.4417  (0.5s)
Round  167/200  coverage=0.0726  prec@K=0.0000  accepted=0  loss=0.4377  (0.4s)
Round  168/200  coverage=0.0726  prec@K=0.0000  accepted=0  loss=0.4329  (0.4s)
Round  169/200  coverage=0.0726  prec@K=0.0000  accepted=0  loss=0.4290  (0.4s)
Round  170/200  coverage=0.0726  prec@K=0.0000  accepted=0  loss=0.4256  (0.4s)
Round  171/200  coverage=0.0726  prec@K=0.0000  accepted=0  loss=0.4224  (0.5s)
Round  172/200  coverage=0.0726  prec@K=0.0000  accepted=0  loss=0.4201  (0.4s)
Round  173/200  coverage=0.0726  prec@K=0.0000  accepted=0  loss=0.4174  (0.5s)
Round  174/200  coverage=0.0726  prec@K=0.0000  accepted=0  loss=0.4149  (0.4s)
Round  175/200  coverage=0.0726  prec@K=0.0000  accepted=0  loss=0.4138  (0.3s)
Round  176/200  coverage=0.0726  prec@K=0.0000  accepted=0  loss=0.4124  (0.4s)
Round  177/200  coverage=0.0726  prec@K=0.0000  accepted=0  loss=0.4108  (0.4s)
Round  178/200  coverage=0.0726  prec@K=0.0000  accepted=0  loss=0.4106  (0.4s)
Round  179/200  coverage=0.0726  prec@K=0.0011  accepted=1  loss=0.4109  (0.4s)
Round  180/200  coverage=0.0726  prec@K=0.0000  accepted=0  loss=0.4108  (0.6s)
Round  181/200  coverage=0.0726  prec@K=0.0000  accepted=0  loss=0.4108  (0.5s)
Round  182/200  coverage=0.0726  prec@K=0.0000  accepted=0  loss=0.4021  (0.4s)
Round  183/200  coverage=0.0726  prec@K=0.0000  accepted=0  loss=0.3930  (0.4s)
Round  184/200  coverage=0.0726  prec@K=0.0000  accepted=0  loss=0.3852  (0.4s)
Round  185/200  coverage=0.0726  prec@K=0.0000  accepted=0  loss=0.3767  (0.4s)
Round  186/200  coverage=0.0726  prec@K=0.0000  accepted=0  loss=0.3685  (0.6s)
Round  187/200  coverage=0.0726  prec@K=0.0000  accepted=0  loss=0.3597  (0.4s)
Round  188/200  coverage=0.0726  prec@K=0.0000  accepted=0  loss=0.3520  (0.4s)
Round  189/200  coverage=0.0726  prec@K=0.0000  accepted=0  loss=0.3445  (0.4s)
Round  190/200  coverage=0.0726  prec@K=0.0000  accepted=0  loss=0.3364  (0.4s)
Round  191/200  coverage=0.0726  prec@K=0.0000  accepted=0  loss=0.3293  (0.4s)
Round  192/200  coverage=0.0726  prec@K=0.0000  accepted=0  loss=0.3230  (0.6s)
Round  193/200  coverage=0.0726  prec@K=0.0000  accepted=0  loss=0.3167  (0.4s)
Round  194/200  coverage=0.0726  prec@K=0.0000  accepted=0  loss=0.3118  (0.4s)
Round  195/200  coverage=0.0726  prec@K=0.0000  accepted=0  loss=0.3078  (0.4s)
Round  196/200  coverage=0.0726  prec@K=0.0000  accepted=0  loss=0.3022  (0.4s)
Round  197/200  coverage=0.0726  prec@K=0.0000  accepted=0  loss=0.2986  (0.3s)
Round  198/200  coverage=0.0726  prec@K=0.0000  accepted=0  loss=0.2963  (0.4s)
Round  199/200  coverage=0.0726  prec@K=0.0000  accepted=0  loss=0.2939  (0.5s)
Round  200/200  coverage=0.0726  prec@K=0.0000  accepted=0  loss=0.2909  (0.4s)

˝áąűŇŃĐ´Čë results\online\sx_mathoverflow_thr_gnn_k10_r200/rounds.csv
