C:\conda\envs\gnn\lib\site-packages\requests\__init__.py:86: RequestsDependencyWarning: Unable to find acceptable character detection dependency (chardet or charset_normalizer).
  warnings.warn(
C:\conda\envs\gnn\lib\site-packages\outdated\__init__.py:36: UserWarning: pkg_resources is deprecated as an API. See https://setuptools.pypa.io/en/latest/pkg_resources.html. The pkg_resources package is slated for removal as early as 2025-11-30. Refrain from using this package or pin to Setuptools<81.
  from pkg_resources import parse_version
Round    1/50  coverage=0.0722  prec@K=0.0221  accepted=20  loss=nan  (0.3s)
Round    2/50  coverage=0.0722  prec@K=0.0201  accepted=20  loss=nan  (0.1s)
Round    3/50  coverage=0.0722  prec@K=0.0210  accepted=22  loss=nan  (0.1s)
Round    4/50  coverage=0.0722  prec@K=0.0219  accepted=20  loss=nan  (0.1s)
Round    5/50  coverage=0.0723  prec@K=0.0215  accepted=22  loss=nan  (0.1s)
Round    6/50  coverage=0.0723  prec@K=0.0200  accepted=21  loss=nan  (0.1s)
Round    7/50  coverage=0.0723  prec@K=0.0309  accepted=28  loss=nan  (0.1s)
Round    8/50  coverage=0.0723  prec@K=0.0147  accepted=14  loss=nan  (0.1s)
Round    9/50  coverage=0.0723  prec@K=0.0243  accepted=23  loss=nan  (0.1s)
Round   10/50  coverage=0.0723  prec@K=0.0194  accepted=21  loss=nan  (0.1s)
Round   11/50  coverage=0.0723  prec@K=0.0194  accepted=18  loss=nan  (0.2s)
Round   12/50  coverage=0.0723  prec@K=0.0238  accepted=24  loss=nan  (0.1s)
Round   13/50  coverage=0.0723  prec@K=0.0250  accepted=23  loss=nan  (0.1s)
Round   14/50  coverage=0.0723  prec@K=0.0276  accepted=23  loss=nan  (0.1s)
Round   15/50  coverage=0.0723  prec@K=0.0260  accepted=25  loss=nan  (0.1s)
Round   16/50  coverage=0.0724  prec@K=0.0289  accepted=26  loss=nan  (0.1s)
Round   17/50  coverage=0.0724  prec@K=0.0226  accepted=21  loss=nan  (0.1s)
Round   18/50  coverage=0.0724  prec@K=0.0200  accepted=17  loss=nan  (0.1s)
Round   19/50  coverage=0.0724  prec@K=0.0177  accepted=17  loss=nan  (0.1s)
Round   20/50  coverage=0.0724  prec@K=0.0253  accepted=22  loss=nan  (0.1s)
Round   21/50  coverage=0.0724  prec@K=0.0300  accepted=34  loss=nan  (0.3s)
Round   22/50  coverage=0.0724  prec@K=0.0214  accepted=22  loss=nan  (0.1s)
Round   23/50  coverage=0.0724  prec@K=0.0209  accepted=20  loss=nan  (0.1s)
Round   24/50  coverage=0.0724  prec@K=0.0227  accepted=21  loss=nan  (0.1s)
Round   25/50  coverage=0.0724  prec@K=0.0111  accepted=9  loss=nan  (0.1s)
Round   26/50  coverage=0.0724  prec@K=0.0117  accepted=9  loss=nan  (0.1s)
Round   27/50  coverage=0.0724  prec@K=0.0240  accepted=20  loss=nan  (0.1s)
Round   28/50  coverage=0.0724  prec@K=0.0314  accepted=26  loss=nan  (0.1s)
Round   29/50  coverage=0.0724  prec@K=0.0191  accepted=14  loss=nan  (0.1s)
Round   30/50  coverage=0.0724  prec@K=0.0243  accepted=19  loss=nan  (0.1s)
Round   31/50  coverage=0.0724  prec@K=0.0180  accepted=15  loss=nan  (0.3s)
Round   32/50  coverage=0.0724  prec@K=0.0233  accepted=16  loss=nan  (0.1s)
Round   33/50  coverage=0.0724  prec@K=0.0244  accepted=20  loss=nan  (0.1s)
Round   34/50  coverage=0.0724  prec@K=0.0266  accepted=19  loss=nan  (0.1s)
Round   35/50  coverage=0.0724  prec@K=0.0099  accepted=7  loss=nan  (0.1s)
Round   36/50  coverage=0.0724  prec@K=0.0176  accepted=12  loss=nan  (0.1s)
Round   37/50  coverage=0.0724  prec@K=0.0143  accepted=11  loss=nan  (0.1s)
Round   38/50  coverage=0.0724  prec@K=0.0176  accepted=12  loss=nan  (0.1s)
Round   39/50  coverage=0.0724  prec@K=0.0278  accepted=20  loss=nan  (0.1s)
Round   40/50  coverage=0.0724  prec@K=0.0223  accepted=19  loss=nan  (0.1s)
Round   41/50  coverage=0.0725  prec@K=0.0294  accepted=19  loss=nan  (0.2s)
Round   42/50  coverage=0.0725  prec@K=0.0165  accepted=11  loss=nan  (0.1s)
Round   43/50  coverage=0.0725  prec@K=0.0247  accepted=15  loss=nan  (0.1s)
Round   44/50  coverage=0.0725  prec@K=0.0212  accepted=14  loss=nan  (0.1s)
Round   45/50  coverage=0.0725  prec@K=0.0172  accepted=10  loss=nan  (0.1s)
Round   46/50  coverage=0.0725  prec@K=0.0158  accepted=9  loss=nan  (0.1s)
Round   47/50  coverage=0.0725  prec@K=0.0199  accepted=12  loss=nan  (0.1s)
Round   48/50  coverage=0.0725  prec@K=0.0203  accepted=12  loss=nan  (0.1s)
Round   49/50  coverage=0.0725  prec@K=0.0092  accepted=5  loss=nan  (0.1s)
Round   50/50  coverage=0.0725  prec@K=0.0147  accepted=9  loss=nan  (0.1s)

˝áąűŇŃĐ´Čë results\online\sx_mathoverflow_thr_random_k10_r50/rounds.csv
