C:\conda\envs\gnn\lib\site-packages\requests\__init__.py:86: RequestsDependencyWarning: Unable to find acceptable character detection dependency (chardet or charset_normalizer).
  warnings.warn(
C:\conda\envs\gnn\lib\site-packages\outdated\__init__.py:36: UserWarning: pkg_resources is deprecated as an API. See https://setuptools.pypa.io/en/latest/pkg_resources.html. The pkg_resources package is slated for removal as early as 2025-11-30. Refrain from using this package or pin to Setuptools<81.
  from pkg_resources import parse_version
Round    1/50  coverage=0.1611  prec@K=0.0201  accepted=167  loss=nan  (7.3s)
Round    2/50  coverage=0.1611  prec@K=0.0203  accepted=169  loss=nan  (6.3s)
Round    3/50  coverage=0.1611  prec@K=0.0184  accepted=146  loss=nan  (6.3s)
Round    4/50  coverage=0.1611  prec@K=0.0207  accepted=165  loss=nan  (6.7s)
Round    5/50  coverage=0.1611  prec@K=0.0181  accepted=143  loss=nan  (7.3s)
Round    6/50  coverage=0.1611  prec@K=0.0198  accepted=158  loss=nan  (8.1s)
Round    7/50  coverage=0.1611  prec@K=0.0202  accepted=161  loss=nan  (8.0s)
Round    8/50  coverage=0.1611  prec@K=0.0217  accepted=176  loss=nan  (8.9s)
Round    9/50  coverage=0.1611  prec@K=0.0209  accepted=158  loss=nan  (8.2s)
Round   10/50  coverage=0.1611  prec@K=0.0214  accepted=158  loss=nan  (8.4s)
Round   11/50  coverage=0.1611  prec@K=0.0195  accepted=150  loss=nan  (10.8s)
Round   12/50  coverage=0.1611  prec@K=0.0218  accepted=175  loss=nan  (10.5s)
Round   13/50  coverage=0.1611  prec@K=0.0190  accepted=144  loss=nan  (10.6s)
Round   14/50  coverage=0.1611  prec@K=0.0227  accepted=171  loss=nan  (11.3s)
Round   15/50  coverage=0.1611  prec@K=0.0233  accepted=173  loss=nan  (10.5s)
Round   16/50  coverage=0.1611  prec@K=0.0189  accepted=140  loss=nan  (10.7s)
Round   17/50  coverage=0.1611  prec@K=0.0214  accepted=149  loss=nan  (10.4s)
Round   18/50  coverage=0.1611  prec@K=0.0204  accepted=150  loss=nan  (11.4s)
Round   19/50  coverage=0.1611  prec@K=0.0192  accepted=139  loss=nan  (11.7s)
Round   20/50  coverage=0.1611  prec@K=0.0199  accepted=136  loss=nan  (11.0s)
Round   21/50  coverage=0.1611  prec@K=0.0182  accepted=122  loss=nan  (13.1s)
Round   22/50  coverage=0.1611  prec@K=0.0166  accepted=117  loss=nan  (12.7s)
Round   23/50  coverage=0.1611  prec@K=0.0202  accepted=133  loss=nan  (13.2s)
Round   24/50  coverage=0.1611  prec@K=0.0203  accepted=128  loss=nan  (10.7s)
Round   25/50  coverage=0.1611  prec@K=0.0174  accepted=113  loss=nan  (11.3s)
Round   26/50  coverage=0.1611  prec@K=0.0194  accepted=122  loss=nan  (11.2s)
Round   27/50  coverage=0.1611  prec@K=0.0179  accepted=111  loss=nan  (11.2s)
Round   28/50  coverage=0.1611  prec@K=0.0210  accepted=133  loss=nan  (11.9s)
Round   29/50  coverage=0.1611  prec@K=0.0216  accepted=132  loss=nan  (11.4s)
Round   30/50  coverage=0.1611  prec@K=0.0228  accepted=140  loss=nan  (11.8s)
Round   31/50  coverage=0.1611  prec@K=0.0186  accepted=108  loss=nan  (13.1s)
Round   32/50  coverage=0.1611  prec@K=0.0176  accepted=104  loss=nan  (11.6s)
Round   33/50  coverage=0.1611  prec@K=0.0206  accepted=120  loss=nan  (11.5s)
Round   34/50  coverage=0.1611  prec@K=0.0202  accepted=120  loss=nan  (12.2s)
Round   35/50  coverage=0.1611  prec@K=0.0224  accepted=131  loss=nan  (16.3s)
Round   36/50  coverage=0.1611  prec@K=0.0166  accepted=90  loss=nan  (14.9s)
Round   37/50  coverage=0.1612  prec@K=0.0201  accepted=113  loss=nan  (16.1s)
Round   38/50  coverage=0.1612  prec@K=0.0191  accepted=103  loss=nan  (15.3s)
Round   39/50  coverage=0.1612  prec@K=0.0189  accepted=102  loss=nan  (15.4s)
Round   40/50  coverage=0.1612  prec@K=0.0163  accepted=85  loss=nan  (14.9s)
Round   41/50  coverage=0.1612  prec@K=0.0201  accepted=102  loss=nan  (15.9s)
Round   42/50  coverage=0.1612  prec@K=0.0205  accepted=104  loss=nan  (14.6s)
Round   43/50  coverage=0.1612  prec@K=0.0165  accepted=84  loss=nan  (14.7s)
Round   44/50  coverage=0.1612  prec@K=0.0203  accepted=103  loss=nan  (14.8s)
Round   45/50  coverage=0.1612  prec@K=0.0213  accepted=101  loss=nan  (13.4s)
Round   46/50  coverage=0.1612  prec@K=0.0190  accepted=90  loss=nan  (13.5s)
Round   47/50  coverage=0.1612  prec@K=0.0196  accepted=92  loss=nan  (13.4s)
Round   48/50  coverage=0.1612  prec@K=0.0203  accepted=98  loss=nan  (14.2s)
Round   49/50  coverage=0.1612  prec@K=0.0210  accepted=94  loss=nan  (12.7s)
Round   50/50  coverage=0.1612  prec@K=0.0183  accepted=82  loss=nan  (12.9s)

˝áąűŇŃĐ´Čë results\online\sx_superuser_thr_random_k10_r50/rounds.csv
