C:\conda\envs\gnn\lib\site-packages\requests\__init__.py:86: RequestsDependencyWarning: Unable to find acceptable character detection dependency (chardet or charset_normalizer).
  warnings.warn(
C:\conda\envs\gnn\lib\site-packages\outdated\__init__.py:36: UserWarning: pkg_resources is deprecated as an API. See https://setuptools.pypa.io/en/latest/pkg_resources.html. The pkg_resources package is slated for removal as early as 2025-11-30. Refrain from using this package or pin to Setuptools<81.
  from pkg_resources import parse_version
C:\conda\envs\gnn\lib\site-packages\dgl\backend\pytorch\sparse.py:157: FutureWarning: `torch.cuda.amp.autocast_mode._cast(value, dtype)` is deprecated. Please use `torch.amp.autocast_mode._cast(value, 'cuda', dtype)` instead.
  return th.cuda.amp.autocast_mode._cast(
C:\conda\envs\gnn\lib\site-packages\dgl\backend\pytorch\sparse.py:148: FutureWarning: `torch.cuda.amp.autocast(args...)` is deprecated. Please use `torch.amp.autocast('cuda', args...)` instead.
  return th.cuda.amp.autocast(enabled=False)
Round    1/100  coverage=0.1611  prec@K=0.0004  accepted=3  loss=0.7064  (9.9s)
Round    2/100  coverage=0.1611  prec@K=0.0006  accepted=5  loss=0.7044  (7.8s)
Round    3/100  coverage=0.1611  prec@K=0.0004  accepted=3  loss=0.7004  (8.6s)
Round    4/100  coverage=0.1611  prec@K=0.0004  accepted=3  loss=0.6942  (10.3s)
Round    5/100  coverage=0.1611  prec@K=0.0002  accepted=2  loss=0.6861  (11.0s)
Round    6/100  coverage=0.1611  prec@K=0.0007  accepted=6  loss=0.6755  (11.7s)
Round    7/100  coverage=0.1611  prec@K=0.0005  accepted=4  loss=0.6636  (12.2s)
Round    8/100  coverage=0.1611  prec@K=0.0005  accepted=4  loss=0.6517  (13.1s)
Round    9/100  coverage=0.1611  prec@K=0.0004  accepted=3  loss=0.6393  (14.2s)
Round   10/100  coverage=0.1611  prec@K=0.0005  accepted=4  loss=0.6270  (15.1s)
Round   11/100  coverage=0.1611  prec@K=0.0004  accepted=3  loss=0.6148  (17.4s)
Round   12/100  coverage=0.1611  prec@K=0.0003  accepted=2  loss=0.6029  (16.1s)
Round   13/100  coverage=0.1611  prec@K=0.0003  accepted=2  loss=0.5915  (15.9s)
Round   14/100  coverage=0.1611  prec@K=0.0004  accepted=3  loss=0.5804  (17.2s)
Round   15/100  coverage=0.1611  prec@K=0.0006  accepted=5  loss=0.5701  (19.4s)
Round   16/100  coverage=0.1611  prec@K=0.0001  accepted=1  loss=0.5604  (20.2s)
Round   17/100  coverage=0.1611  prec@K=0.0003  accepted=2  loss=0.5516  (20.4s)
Round   18/100  coverage=0.1611  prec@K=0.0002  accepted=2  loss=0.5434  (21.3s)
Round   19/100  coverage=0.1611  prec@K=0.0003  accepted=2  loss=0.5361  (21.3s)
Round   20/100  coverage=0.1611  prec@K=0.0000  accepted=0  loss=0.5295  (21.7s)
Round   21/100  coverage=0.1611  prec@K=0.0001  accepted=1  loss=0.5238  (25.1s)
Round   22/100  coverage=0.1611  prec@K=0.0002  accepted=2  loss=0.5189  (25.6s)
Round   23/100  coverage=0.1611  prec@K=0.0001  accepted=1  loss=0.5149  (23.3s)
Round   24/100  coverage=0.1611  prec@K=0.0004  accepted=3  loss=0.5115  (24.9s)
Round   25/100  coverage=0.1612  prec@K=0.0006  accepted=5  loss=0.5090  (27.1s)
Round   26/100  coverage=0.1612  prec@K=0.0003  accepted=2  loss=0.5071  (27.1s)
Round   27/100  coverage=0.1612  prec@K=0.0004  accepted=3  loss=0.5057  (25.2s)
Round   28/100  coverage=0.1612  prec@K=0.0004  accepted=3  loss=0.5048  (27.4s)
Round   29/100  coverage=0.1612  prec@K=0.0001  accepted=1  loss=0.5043  (26.5s)
Round   30/100  coverage=0.1612  prec@K=0.0005  accepted=4  loss=0.5041  (28.5s)
Round   31/100  coverage=0.1612  prec@K=0.0000  accepted=0  loss=0.5040  (31.8s)
Round   32/100  coverage=0.1612  prec@K=0.0004  accepted=3  loss=0.4894  (29.7s)
Round   33/100  coverage=0.1612  prec@K=0.0000  accepted=0  loss=0.4746  (30.3s)
Round   34/100  coverage=0.1612  prec@K=0.0000  accepted=0  loss=0.4600  (31.7s)
Round   35/100  coverage=0.1612  prec@K=0.0000  accepted=0  loss=0.4454  (32.0s)
Round   36/100  coverage=0.1612  prec@K=0.0001  accepted=1  loss=0.4313  (31.8s)
Round   37/100  coverage=0.1612  prec@K=0.0003  accepted=2  loss=0.4176  (33.0s)
Round   38/100  coverage=0.1612  prec@K=0.0000  accepted=0  loss=0.4044  (33.9s)
Round   39/100  coverage=0.1612  prec@K=0.0001  accepted=1  loss=0.3920  (34.5s)
Round   40/100  coverage=0.1612  prec@K=0.0000  accepted=0  loss=0.3804  (34.8s)
Round   41/100  coverage=0.1612  prec@K=0.0000  accepted=0  loss=0.3695  (36.4s)
Round   42/100  coverage=0.1612  prec@K=0.0000  accepted=0  loss=0.3595  (33.7s)
Round   43/100  coverage=0.1612  prec@K=0.0000  accepted=0  loss=0.3505  (35.4s)
Round   44/100  coverage=0.1612  prec@K=0.0000  accepted=0  loss=0.3423  (35.3s)
Round   45/100  coverage=0.1612  prec@K=0.0000  accepted=0  loss=0.3354  (37.0s)
Round   46/100  coverage=0.1612  prec@K=0.0000  accepted=0  loss=0.3293  (37.3s)
Round   47/100  coverage=0.1612  prec@K=0.0000  accepted=0  loss=0.3241  (39.2s)
Round   48/100  coverage=0.1612  prec@K=0.0000  accepted=0  loss=0.3198  (40.3s)
Round   49/100  coverage=0.1612  prec@K=0.0001  accepted=1  loss=0.3166  (38.9s)
Round   50/100  coverage=0.1612  prec@K=0.0000  accepted=0  loss=0.3137  (38.7s)
Round   51/100  coverage=0.1612  prec@K=0.0000  accepted=0  loss=0.3115  (43.1s)
Round   52/100  coverage=0.1612  prec@K=0.0000  accepted=0  loss=0.3103  (40.1s)
Round   53/100  coverage=0.1612  prec@K=0.0000  accepted=0  loss=0.3095  (40.7s)
Round   54/100  coverage=0.1612  prec@K=0.0000  accepted=0  loss=0.3089  (40.9s)
Round   55/100  coverage=0.1612  prec@K=0.0000  accepted=0  loss=0.3086  (45.1s)
Round   56/100  coverage=0.1612  prec@K=0.0000  accepted=0  loss=0.3082  (41.3s)
Round   57/100  coverage=0.1612  prec@K=0.0000  accepted=0  loss=0.2942  (40.0s)
Round   58/100  coverage=0.1612  prec@K=0.0000  accepted=0  loss=0.2795  (42.3s)
Round   59/100  coverage=0.1612  prec@K=0.0000  accepted=0  loss=0.2660  (45.3s)
Round   60/100  coverage=0.1612  prec@K=0.0000  accepted=0  loss=0.2526  (42.4s)
Round   61/100  coverage=0.1612  prec@K=0.0001  accepted=1  loss=0.2403  (46.1s)
Round   62/100  coverage=0.1612  prec@K=0.0000  accepted=0  loss=0.2281  (42.2s)
Round   63/100  coverage=0.1612  prec@K=0.0000  accepted=0  loss=0.2175  (42.6s)
Round   64/100  coverage=0.1612  prec@K=0.0000  accepted=0  loss=0.2072  (40.6s)
Round   65/100  coverage=0.1612  prec@K=0.0000  accepted=0  loss=0.1984  (39.9s)
Round   66/100  coverage=0.1612  prec@K=0.0000  accepted=0  loss=0.1899  (40.7s)
Round   67/100  coverage=0.1612  prec@K=0.0000  accepted=0  loss=0.1827  (43.5s)
Round   68/100  coverage=0.1612  prec@K=0.0000  accepted=0  loss=0.1763  (42.4s)
Round   69/100  coverage=0.1612  prec@K=0.0000  accepted=0  loss=0.1701  (44.4s)
Round   70/100  coverage=0.1612  prec@K=0.0000  accepted=0  loss=0.1656  (43.9s)
Round   71/100  coverage=0.1612  prec@K=0.0000  accepted=0  loss=0.1617  (44.8s)
Round   72/100  coverage=0.1612  prec@K=0.0000  accepted=0  loss=0.1574  (37.7s)
Round   73/100  coverage=0.1612  prec@K=0.0000  accepted=0  loss=0.1552  (39.5s)
Round   74/100  coverage=0.1612  prec@K=0.0000  accepted=0  loss=0.1533  (39.7s)
Round   75/100  coverage=0.1612  prec@K=0.0000  accepted=0  loss=0.1512  (42.5s)
Round   76/100  coverage=0.1612  prec@K=0.0000  accepted=0  loss=0.1492  (40.1s)
Round   77/100  coverage=0.1612  prec@K=0.0000  accepted=0  loss=0.1493  (42.4s)
Round   78/100  coverage=0.1612  prec@K=0.0000  accepted=0  loss=0.1486  (43.6s)
Round   79/100  coverage=0.1612  prec@K=0.0000  accepted=0  loss=0.1487  (43.3s)
Round   80/100  coverage=0.1612  prec@K=0.0000  accepted=0  loss=0.1474  (44.8s)
Round   81/100  coverage=0.1612  prec@K=0.0000  accepted=0  loss=0.1476  (44.3s)
Round   82/100  coverage=0.1612  prec@K=0.0000  accepted=0  loss=0.1397  (39.8s)
Round   83/100  coverage=0.1612  prec@K=0.0000  accepted=0  loss=0.1308  (40.0s)
Round   84/100  coverage=0.1612  prec@K=0.0000  accepted=0  loss=0.1235  (38.1s)
Round   85/100  coverage=0.1612  prec@K=0.0000  accepted=0  loss=0.1164  (40.4s)
Round   86/100  coverage=0.1612  prec@K=0.0000  accepted=0  loss=0.1098  (42.4s)
Round   87/100  coverage=0.1612  prec@K=0.0000  accepted=0  loss=0.1040  (40.2s)
Round   88/100  coverage=0.1612  prec@K=0.0000  accepted=0  loss=0.0986  (42.6s)
Round   89/100  coverage=0.1612  prec@K=0.0000  accepted=0  loss=0.0932  (43.5s)
Round   90/100  coverage=0.1612  prec@K=0.0000  accepted=0  loss=0.0889  (43.6s)
Round   91/100  coverage=0.1612  prec@K=0.0001  accepted=1  loss=0.0854  (46.0s)
Round   92/100  coverage=0.1612  prec@K=0.0000  accepted=0  loss=0.0808  (40.3s)
Round   93/100  coverage=0.1612  prec@K=0.0000  accepted=0  loss=0.0789  (39.8s)
Round   94/100  coverage=0.1612  prec@K=0.0000  accepted=0  loss=0.0762  (40.3s)
Round   95/100  coverage=0.1612  prec@K=0.0000  accepted=0  loss=0.0742  (39.6s)
Round   96/100  coverage=0.1612  prec@K=0.0000  accepted=0  loss=0.0724  (40.7s)
Round   97/100  coverage=0.1612  prec@K=0.0000  accepted=0  loss=0.0703  (43.3s)
Round   98/100  coverage=0.1612  prec@K=0.0000  accepted=0  loss=0.0695  (43.9s)
Round   99/100  coverage=0.1612  prec@K=0.0000  accepted=0  loss=0.0684  (43.8s)
Round  100/100  coverage=0.1612  prec@K=0.0000  accepted=0  loss=0.0681  (43.1s)

˝áąűŇŃĐ´Čë results\online\sx_superuser_v2_gnn_node_emb_lc_topk10/rounds.csv
