C:\conda\envs\gnn\lib\site-packages\requests\__init__.py:86: RequestsDependencyWarning: Unable to find acceptable character detection dependency (chardet or charset_normalizer).
  warnings.warn(
C:\conda\envs\gnn\lib\site-packages\outdated\__init__.py:36: UserWarning: pkg_resources is deprecated as an API. See https://setuptools.pypa.io/en/latest/pkg_resources.html. The pkg_resources package is slated for removal as early as 2025-11-30. Refrain from using this package or pin to Setuptools<81.
  from pkg_resources import parse_version
Round    1/30  coverage=0.4036  prec@K=0.0250  accepted=87  loss=0.6670  (0.2s)
Round    2/30  coverage=0.4069  prec@K=0.0231  accepted=81  loss=0.6681  (0.1s)
Round    3/30  coverage=0.4098  prec@K=0.0199  accepted=69  loss=0.6673  (0.1s)
Round    4/30  coverage=0.4132  prec@K=0.0231  accepted=82  loss=0.6673  (0.1s)
Round    5/30  coverage=0.4166  prec@K=0.0238  accepted=83  loss=0.6664  (0.2s)
Round    6/30  coverage=0.4192  prec@K=0.0185  accepted=63  loss=0.6650  (0.2s)
Round    7/30  coverage=0.4213  prec@K=0.0145  accepted=51  loss=0.6638  (0.3s)
Round    8/30  coverage=0.4246  prec@K=0.0225  accepted=79  loss=0.6647  (0.2s)
Round    9/30  coverage=0.4275  prec@K=0.0202  accepted=71  loss=0.6636  (0.2s)
Round   10/30  coverage=0.4299  prec@K=0.0160  accepted=57  loss=0.6638  (0.2s)
Round   11/30  coverage=0.4326  prec@K=0.0186  accepted=65  loss=0.6627  (0.4s)
Round   12/30  coverage=0.4348  prec@K=0.0153  accepted=54  loss=0.6619  (0.3s)
Round   13/30  coverage=0.4365  prec@K=0.0117  accepted=41  loss=0.6613  (0.3s)
Round   14/30  coverage=0.4387  prec@K=0.0153  accepted=54  loss=0.6607  (0.3s)
Round   15/30  coverage=0.4407  prec@K=0.0138  accepted=48  loss=0.6589  (0.3s)
Round   16/30  coverage=0.4424  prec@K=0.0115  accepted=40  loss=0.6583  (0.3s)
Round   17/30  coverage=0.4436  prec@K=0.0085  accepted=30  loss=0.6577  (0.4s)
Round   18/30  coverage=0.4455  prec@K=0.0133  accepted=46  loss=0.6573  (0.4s)
Round   19/30  coverage=0.4473  prec@K=0.0122  accepted=43  loss=0.6557  (0.4s)
Round   20/30  coverage=0.4496  prec@K=0.0161  accepted=56  loss=0.6558  (0.4s)
Round   21/30  coverage=0.4512  prec@K=0.0111  accepted=39  loss=0.6543  (0.5s)
Round   22/30  coverage=0.4527  prec@K=0.0105  accepted=36  loss=0.6537  (0.4s)
Round   23/30  coverage=0.4544  prec@K=0.0118  accepted=41  loss=0.6528  (0.4s)
Round   24/30  coverage=0.4557  prec@K=0.0091  accepted=32  loss=0.6527  (0.4s)
Round   25/30  coverage=0.4573  prec@K=0.0112  accepted=39  loss=0.6514  (0.4s)
Round   26/30  coverage=0.4586  prec@K=0.0091  accepted=31  loss=0.6491  (0.4s)
Round   27/30  coverage=0.4603  prec@K=0.0117  accepted=41  loss=0.6493  (0.5s)
Round   28/30  coverage=0.4613  prec@K=0.0071  accepted=25  loss=0.6481  (0.5s)
Round   29/30  coverage=0.4625  prec@K=0.0084  accepted=29  loss=0.6469  (0.5s)
Round   30/30  coverage=0.4640  prec@K=0.0101  accepted=36  loss=0.6471  (0.5s)

结果已写入 results\online\algo_sweep_bitcoin_alpha_v2_ir40_s0\bitcoin_alpha_mlp/rounds.csv
