C:\conda\envs\gnn\lib\site-packages\requests\__init__.py:86: RequestsDependencyWarning: Unable to find acceptable character detection dependency (chardet or charset_normalizer).
  warnings.warn(
C:\conda\envs\gnn\lib\site-packages\outdated\__init__.py:36: UserWarning: pkg_resources is deprecated as an API. See https://setuptools.pypa.io/en/latest/pkg_resources.html. The pkg_resources package is slated for removal as early as 2025-11-30. Refrain from using this package or pin to Setuptools<81.
  from pkg_resources import parse_version
Round    1/30  coverage=0.4023  prec@K=0.0158  accepted=55  loss=0.5589  (1.4s)
Round    2/30  coverage=0.4044  prec@K=0.0145  accepted=51  loss=0.5582  (1.0s)
Round    3/30  coverage=0.4066  prec@K=0.0156  accepted=54  loss=0.5575  (1.1s)
Round    4/30  coverage=0.4086  prec@K=0.0136  accepted=48  loss=0.5547  (1.0s)
Round    5/30  coverage=0.4104  prec@K=0.0126  accepted=44  loss=0.5519  (1.1s)
Round    6/30  coverage=0.4123  prec@K=0.0135  accepted=46  loss=0.5487  (1.0s)
Round    7/30  coverage=0.4142  prec@K=0.0128  accepted=45  loss=0.5462  (1.5s)
Round    8/30  coverage=0.4164  prec@K=0.0151  accepted=53  loss=0.5444  (1.3s)
Round    9/30  coverage=0.4186  prec@K=0.0157  accepted=55  loss=0.5419  (0.7s)
Round   10/30  coverage=0.4204  prec@K=0.0118  accepted=42  loss=0.5363  (0.7s)
Round   11/30  coverage=0.4232  prec@K=0.0194  accepted=68  loss=0.5382  (0.8s)
Round   12/30  coverage=0.4247  prec@K=0.0105  accepted=37  loss=0.5292  (0.8s)
Round   13/30  coverage=0.4260  prec@K=0.0089  accepted=31  loss=0.5259  (0.8s)
Round   14/30  coverage=0.4274  prec@K=0.0093  accepted=33  loss=0.5216  (0.8s)
Round   15/30  coverage=0.4293  prec@K=0.0139  accepted=48  loss=0.5239  (0.9s)
Round   16/30  coverage=0.4303  prec@K=0.0068  accepted=24  loss=0.5147  (0.8s)
Round   17/30  coverage=0.4314  prec@K=0.0076  accepted=27  loss=0.5134  (1.0s)
Round   18/30  coverage=0.4330  prec@K=0.0107  accepted=37  loss=0.5134  (1.0s)
Round   19/30  coverage=0.4341  prec@K=0.0077  accepted=27  loss=0.5082  (1.1s)
Round   20/30  coverage=0.4353  prec@K=0.0086  accepted=30  loss=0.5067  (1.0s)
Round   21/30  coverage=0.4367  prec@K=0.0094  accepted=33  loss=0.5066  (1.0s)
Round   22/30  coverage=0.4376  prec@K=0.0067  accepted=23  loss=0.5023  (1.0s)
Round   23/30  coverage=0.4385  prec@K=0.0060  accepted=21  loss=0.5008  (1.0s)
Round   24/30  coverage=0.4391  prec@K=0.0039  accepted=14  loss=0.4985  (6.8s)
Round   25/30  coverage=0.4405  prec@K=0.0095  accepted=33  loss=0.5007  (8.2s)
Round   26/30  coverage=0.4411  prec@K=0.0044  accepted=15  loss=0.4977  (0.9s)
Round   27/30  coverage=0.4422  prec@K=0.0074  accepted=26  loss=0.4992  (3.8s)
Round   28/30  coverage=0.4430  prec@K=0.0056  accepted=20  loss=0.4985  (1.3s)
Round   29/30  coverage=0.4438  prec@K=0.0058  accepted=20  loss=0.4968  (1.2s)
Round   30/30  coverage=0.4448  prec@K=0.0067  accepted=24  loss=0.4972  (1.2s)

结果已写入 results\online\algo_sweep_bitcoin_alpha_v2_ir40_s0\bitcoin_alpha_gnn_sum_h8/rounds.csv
