=== bitcoin_alpha_gnn_sum_h8_s0  started 2026-05-07T02:17:33 ===

C:\conda\envs\gnn\lib\site-packages\requests\__init__.py:86: RequestsDependencyWarning: Unable to find acceptable character detection dependency (chardet or charset_normalizer).
  warnings.warn(
C:\conda\envs\gnn\lib\site-packages\outdated\__init__.py:36: UserWarning: pkg_resources is deprecated as an API. See https://setuptools.pypa.io/en/latest/pkg_resources.html. The pkg_resources package is slated for removal as early as 2025-11-30. Refrain from using this package or pin to Setuptools<81.
  from pkg_resources import parse_version
Round    1/30  coverage=0.4023  prec@K=0.0158  accepted=55  auc=0.4817  uauc=0.7095  loss=0.5589  (1.8s)
Round    2/30  coverage=0.4044  prec@K=0.0151  accepted=53  auc=0.4863  uauc=0.7914  loss=0.5588  (0.9s)
Round    3/30  coverage=0.4068  prec@K=0.0167  accepted=58  auc=0.5520  uauc=0.6615  loss=0.5594  (1.0s)
Round    4/30  coverage=0.4087  prec@K=0.0124  accepted=44  auc=0.4422  uauc=0.8224  loss=0.5565  (1.0s)
Round    5/30  coverage=0.4107  prec@K=0.0138  accepted=48  auc=0.5471  uauc=0.7381  loss=0.5573  (1.0s)
Round    6/30  coverage=0.4124  prec@K=0.0126  accepted=43  auc=0.4326  uauc=0.7443  loss=0.5558  (0.9s)
Round    7/30  coverage=0.4141  prec@K=0.0116  accepted=41  auc=0.4377  uauc=0.8430  loss=0.5559  (1.0s)
Round    8/30  coverage=0.4164  prec@K=0.0154  accepted=54  auc=0.4267  uauc=0.7338  loss=0.5578  (1.0s)
Round    9/30  coverage=0.4181  prec@K=0.0120  accepted=42  auc=0.3978  uauc=0.7406  loss=0.5557  (1.0s)
Round   10/30  coverage=0.4199  prec@K=0.0124  accepted=44  auc=0.5247  uauc=0.7569  loss=0.5562  (1.1s)
Round   11/30  coverage=0.4220  prec@K=0.0143  accepted=50  auc=0.4677  uauc=0.7477  loss=0.5568  (1.1s)
Round   12/30  coverage=0.4232  prec@K=0.0082  accepted=29  auc=0.3813  uauc=0.6519  loss=0.5535  (1.1s)
Round   13/30  coverage=0.4240  prec@K=0.0054  accepted=19  auc=0.5178  uauc=0.7198  loss=0.5521  (1.1s)
Round   14/30  coverage=0.4253  prec@K=0.0094  accepted=33  auc=0.4680  uauc=0.7462  loss=0.5533  (1.2s)
Round   15/30  coverage=0.4269  prec@K=0.0113  accepted=39  auc=0.4392  uauc=0.8061  loss=0.5552  (1.3s)
Round   16/30  coverage=0.4281  prec@K=0.0083  accepted=29  auc=0.4862  uauc=0.6176  loss=0.5529  (1.2s)
Round   17/30  coverage=0.4290  prec@K=0.0056  accepted=20  auc=0.4754  uauc=0.6791  loss=0.5514  (1.3s)
Round   18/30  coverage=0.4299  prec@K=0.0067  accepted=23  auc=0.3768  uauc=0.6922  loss=0.5517  (1.2s)
Round   19/30  coverage=0.4310  prec@K=0.0074  accepted=26  auc=0.3814  uauc=0.7686  loss=0.5517  (1.3s)
Round   20/30  coverage=0.4325  prec@K=0.0103  accepted=36  auc=0.3931  uauc=0.6967  loss=0.5531  (1.3s)
Round   21/30  coverage=0.4337  prec@K=0.0083  accepted=29  auc=0.4592  uauc=0.6543  loss=0.5521  (1.5s)
Round   22/30  coverage=0.4344  prec@K=0.0053  accepted=18  auc=0.5138  uauc=0.7646  loss=0.5497  (1.3s)
Round   23/30  coverage=0.4353  prec@K=0.0063  accepted=22  auc=0.3998  uauc=0.7127  loss=0.5504  (1.3s)
Round   24/30  coverage=0.4360  prec@K=0.0042  accepted=15  auc=0.5090  uauc=0.6916  loss=0.5491  (1.5s)
Round   25/30  coverage=0.4372  prec@K=0.0083  accepted=29  auc=0.4878  uauc=0.7924  loss=0.5508  (1.6s)
Round   26/30  coverage=0.4379  prec@K=0.0050  accepted=17  auc=0.3441  uauc=0.7573  loss=0.5494  (1.6s)
Round   27/30  coverage=0.4388  prec@K=0.0065  accepted=23  auc=0.3850  uauc=0.7637  loss=0.5498  (1.6s)
Round   28/30  coverage=0.4396  prec@K=0.0054  accepted=19  auc=0.4570  uauc=0.6732  loss=0.5497  (1.7s)
Round   29/30  coverage=0.4402  prec@K=0.0044  accepted=15  auc=0.4518  uauc=0.7637  loss=0.5481  (1.6s)
Round   30/30  coverage=0.4415  prec@K=0.0086  accepted=31  auc=0.4630  uauc=0.8056  loss=0.5501  (1.6s)

结果已写入 results\orchestrator\runs\ir40_constlr5e5\bitcoin_alpha\gnn_sum_h8/rounds.csv
