=== bitcoin_alpha_seal_s0  started 2026-05-07T09:55:42 ===

C:\conda\envs\gnn\lib\site-packages\requests\__init__.py:86: RequestsDependencyWarning: Unable to find acceptable character detection dependency (chardet or charset_normalizer).
  warnings.warn(
C:\conda\envs\gnn\lib\site-packages\outdated\__init__.py:36: UserWarning: pkg_resources is deprecated as an API. See https://setuptools.pypa.io/en/latest/pkg_resources.html. The pkg_resources package is slated for removal as early as 2025-11-30. Refrain from using this package or pin to Setuptools<81.
  from pkg_resources import parse_version
Round    1/30  coverage=0.4024  prec@K=0.0167  accepted=58  auc=0.8911  uauc=0.6291  loss=0.6445  (272.5s)
Round    2/30  coverage=0.4050  prec@K=0.0182  accepted=64  auc=0.8944  uauc=0.7054  loss=0.6442  (303.5s)
Round    3/30  coverage=0.4076  prec@K=0.0179  accepted=62  auc=0.8688  uauc=0.5988  loss=0.6439  (305.2s)
Round    4/30  coverage=0.4102  prec@K=0.0181  accepted=64  auc=0.8906  uauc=0.7363  loss=0.6437  (307.8s)
Round    5/30  coverage=0.4125  prec@K=0.0155  accepted=54  auc=0.8656  uauc=0.6340  loss=0.6428  (290.7s)
Round    6/30  coverage=0.4146  prec@K=0.0152  accepted=52  auc=0.8435  uauc=0.6349  loss=0.6421  (296.7s)
Round    7/30  coverage=0.4162  prec@K=0.0108  accepted=38  auc=0.9069  uauc=0.6370  loss=0.6411  (307.5s)
Round    8/30  coverage=0.4184  prec@K=0.0151  accepted=53  auc=0.9120  uauc=0.6233  loss=0.6416  (299.6s)
Round    9/30  coverage=0.4203  prec@K=0.0131  accepted=46  auc=0.8902  uauc=0.6221  loss=0.6411  (301.3s)
Round   10/30  coverage=0.4219  prec@K=0.0107  accepted=38  auc=0.8829  uauc=0.5526  loss=0.6405  (319.9s)
Round   11/30  coverage=0.4238  prec@K=0.0137  accepted=48  auc=0.7856  uauc=0.6513  loss=0.6403  (297.0s)
Round   12/30  coverage=0.4251  prec@K=0.0088  accepted=31  auc=0.9181  uauc=0.6674  loss=0.6395  (326.6s)
Round   13/30  coverage=0.4260  prec@K=0.0060  accepted=21  auc=0.8600  uauc=0.5837  loss=0.6385  (310.6s)
Round   14/30  coverage=0.4276  prec@K=0.0111  accepted=39  auc=0.8773  uauc=0.6082  loss=0.6389  (311.8s)
Round   15/30  coverage=0.4290  prec@K=0.0098  accepted=34  auc=0.8740  uauc=0.6462  loss=0.6384  (305.1s)
Round   16/30  coverage=0.4304  prec@K=0.0097  accepted=34  auc=0.8273  uauc=0.6565  loss=0.6380  (307.7s)
Round   17/30  coverage=0.4319  prec@K=0.0099  accepted=35  auc=0.8039  uauc=0.5611  loss=0.6380  (299.7s)
Round   18/30  coverage=0.4331  prec@K=0.0084  accepted=29  auc=0.7679  uauc=0.5634  loss=0.6369  (292.7s)
Round   19/30  coverage=0.4342  prec@K=0.0080  accepted=28  auc=0.5839  uauc=0.7212  loss=0.6367  (314.1s)
Round   20/30  coverage=0.4353  prec@K=0.0075  accepted=26  auc=0.6984  uauc=0.5994  loss=0.6356  (313.4s)
Round   21/30  coverage=0.4364  prec@K=0.0077  accepted=27  auc=0.8160  uauc=0.6901  loss=0.6353  (300.2s)
Round   22/30  coverage=0.4372  prec@K=0.0053  accepted=18  auc=0.7021  uauc=0.5920  loss=0.6348  (294.0s)
Round   23/30  coverage=0.4383  prec@K=0.0077  accepted=27  auc=0.4967  uauc=0.5003  loss=0.6347  (307.8s)
Round   24/30  coverage=0.4391  prec@K=0.0054  accepted=19  auc=0.6038  uauc=0.5122  loss=0.6338  (351.9s)
Round   25/30  coverage=0.4399  prec@K=0.0057  accepted=20  auc=0.5891  uauc=0.5219  loss=0.6335  (490.3s)
Round   26/30  coverage=0.4406  prec@K=0.0052  accepted=18  auc=0.6322  uauc=0.5652  loss=0.6329  (461.0s)
Round   27/30  coverage=0.4413  prec@K=0.0048  accepted=17  auc=0.2353  uauc=0.4444  loss=0.6324  (472.6s)
Round   28/30  coverage=0.4417  prec@K=0.0025  accepted=9  auc=0.5672  uauc=0.5842  loss=0.6320  (477.2s)
Round   29/30  coverage=0.4422  prec@K=0.0032  accepted=11  auc=0.5188  uauc=0.3731  loss=0.6313  (456.0s)
Round   30/30  coverage=0.4429  prec@K=0.0050  accepted=18  auc=0.3037  uauc=0.3900  loss=0.6314  (490.7s)

结果已写入 results\orchestrator\runs\ir40_constlr5e5\bitcoin_alpha\seal/rounds.csv
