=== college_msg_random_s0  started 2026-05-07T02:16:39 ===

C:\conda\envs\gnn\lib\site-packages\requests\__init__.py:86: RequestsDependencyWarning: Unable to find acceptable character detection dependency (chardet or charset_normalizer).
  warnings.warn(
C:\conda\envs\gnn\lib\site-packages\outdated\__init__.py:36: UserWarning: pkg_resources is deprecated as an API. See https://setuptools.pypa.io/en/latest/pkg_resources.html. The pkg_resources package is slated for removal as early as 2025-11-30. Refrain from using this package or pin to Setuptools<81.
  from pkg_resources import parse_version
Round    1/30  coverage=0.4007  prec@K=0.0080  accepted=14  loss=nan  (0.1s)
Round    2/30  coverage=0.4018  prec@K=0.0122  accepted=22  loss=nan  (0.0s)
Round    3/30  coverage=0.4024  prec@K=0.0078  accepted=14  loss=nan  (0.0s)
Round    4/30  coverage=0.4031  prec@K=0.0078  accepted=14  loss=nan  (0.0s)
Round    5/30  coverage=0.4044  prec@K=0.0139  accepted=25  loss=nan  (0.0s)
Round    6/30  coverage=0.4054  prec@K=0.0119  accepted=22  loss=nan  (0.0s)
Round    7/30  coverage=0.4062  prec@K=0.0085  accepted=15  loss=nan  (0.0s)
Round    8/30  coverage=0.4073  prec@K=0.0128  accepted=23  loss=nan  (0.1s)
Round    9/30  coverage=0.4080  prec@K=0.0079  accepted=14  loss=nan  (0.1s)
Round   10/30  coverage=0.4089  prec@K=0.0100  accepted=18  loss=nan  (0.1s)
Round   11/30  coverage=0.4096  prec@K=0.0083  accepted=15  loss=nan  (0.1s)
Round   12/30  coverage=0.4102  prec@K=0.0068  accepted=12  loss=nan  (0.1s)
Round   13/30  coverage=0.4110  prec@K=0.0088  accepted=16  loss=nan  (0.1s)
Round   14/30  coverage=0.4115  prec@K=0.0055  accepted=10  loss=nan  (0.1s)
Round   15/30  coverage=0.4125  prec@K=0.0115  accepted=21  loss=nan  (0.1s)
Round   16/30  coverage=0.4133  prec@K=0.0088  accepted=16  loss=nan  (0.1s)
Round   17/30  coverage=0.4143  prec@K=0.0106  accepted=19  loss=nan  (0.1s)
Round   18/30  coverage=0.4151  prec@K=0.0095  accepted=17  loss=nan  (0.1s)
Round   19/30  coverage=0.4158  prec@K=0.0077  accepted=14  loss=nan  (0.1s)
Round   20/30  coverage=0.4164  prec@K=0.0072  accepted=13  loss=nan  (0.1s)
Round   21/30  coverage=0.4175  prec@K=0.0116  accepted=21  loss=nan  (0.2s)
Round   22/30  coverage=0.4182  prec@K=0.0075  accepted=14  loss=nan  (0.1s)
Round   23/30  coverage=0.4189  prec@K=0.0084  accepted=15  loss=nan  (0.1s)
Round   24/30  coverage=0.4194  prec@K=0.0055  accepted=10  loss=nan  (0.1s)
Round   25/30  coverage=0.4202  prec@K=0.0090  accepted=16  loss=nan  (0.1s)
Round   26/30  coverage=0.4207  prec@K=0.0060  accepted=11  loss=nan  (0.1s)
Round   27/30  coverage=0.4213  prec@K=0.0061  accepted=11  loss=nan  (0.1s)
Round   28/30  coverage=0.4221  prec@K=0.0090  accepted=16  loss=nan  (0.1s)
Round   29/30  coverage=0.4226  prec@K=0.0067  accepted=12  loss=nan  (0.2s)
Round   30/30  coverage=0.4234  prec@K=0.0083  accepted=15  loss=nan  (0.1s)

结果已写入 results\orchestrator\runs\ir40_constlr5e5\college_msg\random/rounds.csv
