=== college_msg_gnn_sum_h8_s0  started 2026-05-07T02:16:29 ===

C:\conda\envs\gnn\lib\site-packages\requests\__init__.py:86: RequestsDependencyWarning: Unable to find acceptable character detection dependency (chardet or charset_normalizer).
  warnings.warn(
C:\conda\envs\gnn\lib\site-packages\outdated\__init__.py:36: UserWarning: pkg_resources is deprecated as an API. See https://setuptools.pypa.io/en/latest/pkg_resources.html. The pkg_resources package is slated for removal as early as 2025-11-30. Refrain from using this package or pin to Setuptools<81.
  from pkg_resources import parse_version
Round    1/30  coverage=0.4015  prec@K=0.0171  accepted=30  auc=0.5430  uauc=0.7231  loss=0.5569  (1.3s)
Round    2/30  coverage=0.4030  prec@K=0.0177  accepted=32  auc=0.4857  uauc=0.6659  loss=0.5573  (0.5s)
Round    3/30  coverage=0.4041  prec@K=0.0117  accepted=21  auc=0.5074  uauc=0.6990  loss=0.5549  (0.5s)
Round    4/30  coverage=0.4059  prec@K=0.0209  accepted=37  auc=0.5291  uauc=0.8269  loss=0.5586  (0.5s)
Round    5/30  coverage=0.4073  prec@K=0.0161  accepted=29  auc=0.5762  uauc=0.7513  loss=0.5563  (0.4s)
Round    6/30  coverage=0.4089  prec@K=0.0179  accepted=33  auc=0.6014  uauc=0.7001  loss=0.5555  (0.5s)
Round    7/30  coverage=0.4105  prec@K=0.0181  accepted=32  auc=0.5659  uauc=0.6633  loss=0.5566  (0.5s)
Round    8/30  coverage=0.4118  prec@K=0.0145  accepted=26  auc=0.6659  uauc=0.6046  loss=0.5549  (0.4s)
Round    9/30  coverage=0.4130  prec@K=0.0141  accepted=25  auc=0.5145  uauc=0.7287  loss=0.5546  (0.4s)
Round   10/30  coverage=0.4143  prec@K=0.0143  accepted=26  auc=0.3584  uauc=0.6706  loss=0.5546  (0.5s)
Round   11/30  coverage=0.4154  prec@K=0.0122  accepted=22  auc=0.5640  uauc=0.8154  loss=0.5521  (0.5s)
Round   12/30  coverage=0.4165  prec@K=0.0124  accepted=22  auc=0.3917  uauc=0.7391  loss=0.5530  (0.4s)
Round   13/30  coverage=0.4175  prec@K=0.0115  accepted=21  auc=0.5263  uauc=0.7254  loss=0.5519  (0.4s)
Round   14/30  coverage=0.4189  prec@K=0.0154  accepted=28  auc=0.5584  uauc=0.7378  loss=0.5537  (0.5s)
Round   15/30  coverage=0.4207  prec@K=0.0197  accepted=36  auc=0.5702  uauc=0.7788  loss=0.5557  (0.5s)
Round   16/30  coverage=0.4217  prec@K=0.0110  accepted=20  auc=0.4186  uauc=0.8413  loss=0.5506  (0.5s)
Round   17/30  coverage=0.4227  prec@K=0.0122  accepted=22  auc=0.5042  uauc=0.8669  loss=0.5515  (0.4s)
Round   18/30  coverage=0.4234  prec@K=0.0078  accepted=14  auc=0.4213  uauc=0.7776  loss=0.5489  (0.5s)
Round   19/30  coverage=0.4242  prec@K=0.0088  accepted=16  auc=0.5357  uauc=0.8363  loss=0.5500  (0.5s)
Round   20/30  coverage=0.4251  prec@K=0.0095  accepted=17  auc=0.5566  uauc=0.6837  loss=0.5493  (0.5s)
Round   21/30  coverage=0.4263  prec@K=0.0144  accepted=26  auc=0.5264  uauc=0.7926  loss=0.5520  (0.6s)
Round   22/30  coverage=0.4272  prec@K=0.0097  accepted=18  auc=0.4662  uauc=0.5829  loss=0.5490  (0.5s)
Round   23/30  coverage=0.4284  prec@K=0.0135  accepted=24  auc=0.4996  uauc=0.7429  loss=0.5516  (0.5s)
Round   24/30  coverage=0.4293  prec@K=0.0105  accepted=19  auc=0.3696  uauc=0.6326  loss=0.5491  (0.5s)
Round   25/30  coverage=0.4300  prec@K=0.0079  accepted=14  auc=0.4743  uauc=0.7033  loss=0.5471  (0.5s)
Round   26/30  coverage=0.4307  prec@K=0.0076  accepted=14  auc=0.4895  uauc=0.7553  loss=0.5474  (0.5s)
Round   27/30  coverage=0.4312  prec@K=0.0055  accepted=10  auc=0.4300  uauc=0.6889  loss=0.5454  (0.5s)
Round   28/30  coverage=0.4322  prec@K=0.0112  accepted=20  auc=0.4357  uauc=0.7133  loss=0.5490  (0.5s)
Round   29/30  coverage=0.4331  prec@K=0.0106  accepted=19  auc=0.4432  uauc=0.8792  loss=0.5490  (0.5s)
Round   30/30  coverage=0.4340  prec@K=0.0094  accepted=17  auc=0.3748  uauc=0.8585  loss=0.5478  (0.5s)

结果已写入 results\orchestrator\runs\ir40_constlr5e5\college_msg\gnn_sum_h8/rounds.csv
