=== college_msg_pa_s0  started 2026-05-07T02:16:38 ===

C:\conda\envs\gnn\lib\site-packages\requests\__init__.py:86: RequestsDependencyWarning: Unable to find acceptable character detection dependency (chardet or charset_normalizer).
  warnings.warn(
C:\conda\envs\gnn\lib\site-packages\outdated\__init__.py:36: UserWarning: pkg_resources is deprecated as an API. See https://setuptools.pypa.io/en/latest/pkg_resources.html. The pkg_resources package is slated for removal as early as 2025-11-30. Refrain from using this package or pin to Setuptools<81.
  from pkg_resources import parse_version
Round    1/30  coverage=0.4016  prec@K=0.0188  accepted=33  auc=0.8583  uauc=0.5909  loss=nan  (0.1s)
Round    2/30  coverage=0.4038  prec@K=0.0249  accepted=45  auc=0.8511  uauc=0.5953  loss=nan  (0.1s)
Round    3/30  coverage=0.4056  prec@K=0.0200  accepted=36  auc=0.8924  uauc=0.6140  loss=nan  (0.1s)
Round    4/30  coverage=0.4073  prec@K=0.0196  accepted=35  auc=0.8709  uauc=0.6240  loss=nan  (0.1s)
Round    5/30  coverage=0.4091  prec@K=0.0206  accepted=37  auc=0.8452  uauc=0.6617  loss=nan  (0.1s)
Round    6/30  coverage=0.4112  prec@K=0.0228  accepted=42  auc=0.8431  uauc=0.5236  loss=nan  (0.1s)
Round    7/30  coverage=0.4132  prec@K=0.0226  accepted=40  auc=0.7991  uauc=0.5395  loss=nan  (0.1s)
Round    8/30  coverage=0.4150  prec@K=0.0200  accepted=36  auc=0.8577  uauc=0.6118  loss=nan  (0.1s)
Round    9/30  coverage=0.4159  prec@K=0.0113  accepted=20  auc=0.7990  uauc=0.5656  loss=nan  (0.1s)
Round   10/30  coverage=0.4172  prec@K=0.0144  accepted=26  auc=0.8650  uauc=0.4918  loss=nan  (0.1s)
Round   11/30  coverage=0.4185  prec@K=0.0139  accepted=25  auc=0.8779  uauc=0.5658  loss=nan  (0.2s)
Round   12/30  coverage=0.4197  prec@K=0.0147  accepted=26  auc=0.8211  uauc=0.5590  loss=nan  (0.1s)
Round   13/30  coverage=0.4215  prec@K=0.0197  accepted=36  auc=0.8955  uauc=0.6981  loss=nan  (0.1s)
Round   14/30  coverage=0.4225  prec@K=0.0115  accepted=21  auc=0.7797  uauc=0.5373  loss=nan  (0.1s)
Round   15/30  coverage=0.4240  prec@K=0.0164  accepted=30  auc=0.7826  uauc=0.4313  loss=nan  (0.1s)
Round   16/30  coverage=0.4256  prec@K=0.0176  accepted=32  auc=0.8581  uauc=0.5449  loss=nan  (0.1s)
Round   17/30  coverage=0.4267  prec@K=0.0123  accepted=22  auc=0.8680  uauc=0.5464  loss=nan  (0.1s)
Round   18/30  coverage=0.4278  prec@K=0.0123  accepted=22  auc=0.9164  uauc=0.6462  loss=nan  (0.1s)
Round   19/30  coverage=0.4285  prec@K=0.0083  accepted=15  auc=0.8498  uauc=0.6159  loss=nan  (0.1s)
Round   20/30  coverage=0.4293  prec@K=0.0089  accepted=16  auc=0.8622  uauc=0.6282  loss=nan  (0.1s)
Round   21/30  coverage=0.4307  prec@K=0.0155  accepted=28  auc=0.8574  uauc=0.6340  loss=nan  (0.2s)
Round   22/30  coverage=0.4316  prec@K=0.0102  accepted=19  auc=0.8615  uauc=0.5995  loss=nan  (0.1s)
Round   23/30  coverage=0.4324  prec@K=0.0089  accepted=16  auc=0.8408  uauc=0.6285  loss=nan  (0.1s)
Round   24/30  coverage=0.4333  prec@K=0.0105  accepted=19  auc=0.8877  uauc=0.6111  loss=nan  (0.1s)
Round   25/30  coverage=0.4340  prec@K=0.0079  accepted=14  auc=0.8924  uauc=0.5783  loss=nan  (0.1s)
Round   26/30  coverage=0.4347  prec@K=0.0076  accepted=14  auc=0.8485  uauc=0.7548  loss=nan  (0.1s)
Round   27/30  coverage=0.4353  prec@K=0.0061  accepted=11  auc=0.8132  uauc=0.6970  loss=nan  (0.1s)
Round   28/30  coverage=0.4364  prec@K=0.0135  accepted=24  auc=0.8380  uauc=0.5382  loss=nan  (0.1s)
Round   29/30  coverage=0.4374  prec@K=0.0111  accepted=20  auc=0.8853  uauc=0.5028  loss=nan  (0.1s)
Round   30/30  coverage=0.4384  prec@K=0.0112  accepted=20  auc=0.8774  uauc=0.6458  loss=nan  (0.2s)

结果已写入 results\orchestrator\runs\ir40_constlr5e5\college_msg\pa/rounds.csv
