=== dnc_email_gnn_sum_h8_s0  started 2026-05-07T02:15:47 ===

C:\conda\envs\gnn\lib\site-packages\requests\__init__.py:86: RequestsDependencyWarning: Unable to find acceptable character detection dependency (chardet or charset_normalizer).
  warnings.warn(
C:\conda\envs\gnn\lib\site-packages\outdated\__init__.py:36: UserWarning: pkg_resources is deprecated as an API. See https://setuptools.pypa.io/en/latest/pkg_resources.html. The pkg_resources package is slated for removal as early as 2025-11-30. Refrain from using this package or pin to Setuptools<81.
  from pkg_resources import parse_version
Round    1/30  coverage=0.4055  prec@K=0.0171  accepted=31  auc=0.5824  uauc=0.6327  loss=0.5725  (1.3s)
Round    2/30  coverage=0.4098  prec@K=0.0131  accepted=24  auc=0.6765  uauc=0.5083  loss=0.5670  (0.5s)
Round    3/30  coverage=0.4144  prec@K=0.0136  accepted=25  auc=0.7264  uauc=0.7876  loss=0.5677  (0.5s)
Round    4/30  coverage=0.4180  prec@K=0.0109  accepted=20  auc=0.6685  uauc=0.6479  loss=0.5639  (0.5s)
Round    5/30  coverage=0.4240  prec@K=0.0180  accepted=33  auc=0.6946  uauc=0.6657  loss=0.5813  (0.5s)
Round    6/30  coverage=0.4258  prec@K=0.0055  accepted=10  auc=0.5590  uauc=0.6783  loss=0.5578  (0.5s)
Round    7/30  coverage=0.4289  prec@K=0.0093  accepted=17  auc=0.6215  uauc=0.5448  loss=0.5627  (0.6s)
Round    8/30  coverage=0.4309  prec@K=0.0061  accepted=11  auc=0.6005  uauc=0.7450  loss=0.5592  (0.5s)
Round    9/30  coverage=0.4350  prec@K=0.0127  accepted=23  auc=0.5713  uauc=0.3651  loss=0.5641  (0.5s)
Round   10/30  coverage=0.4376  prec@K=0.0077  accepted=14  auc=0.6057  uauc=0.7164  loss=0.5582  (0.5s)
Round   11/30  coverage=0.4392  prec@K=0.0049  accepted=9  auc=0.5775  uauc=0.5929  loss=0.5564  (0.5s)
Round   12/30  coverage=0.4419  prec@K=0.0083  accepted=15  auc=0.5641  uauc=0.6094  loss=0.5590  (0.5s)
Round   13/30  coverage=0.4444  prec@K=0.0077  accepted=14  auc=0.5938  uauc=0.6949  loss=0.5586  (0.5s)
Round   14/30  coverage=0.4464  prec@K=0.0060  accepted=11  auc=0.5302  uauc=0.6144  loss=0.5576  (0.6s)
Round   15/30  coverage=0.4477  prec@K=0.0038  accepted=7  auc=0.5987  uauc=0.3528  loss=0.5554  (0.5s)
Round   16/30  coverage=0.4508  prec@K=0.0092  accepted=17  auc=0.5886  uauc=0.5478  loss=0.5597  (0.5s)
Round   17/30  coverage=0.4537  prec@K=0.0088  accepted=16  auc=0.5614  uauc=0.4378  loss=0.5605  (0.5s)
Round   18/30  coverage=0.4555  prec@K=0.0055  accepted=10  auc=0.5199  uauc=0.6015  loss=0.5572  (0.6s)
Round   19/30  coverage=0.4580  prec@K=0.0076  accepted=14  auc=0.4566  uauc=0.4926  loss=0.5585  (0.5s)
Round   20/30  coverage=0.4602  prec@K=0.0065  accepted=12  auc=0.6771  uauc=0.6893  loss=0.5580  (0.5s)
Round   21/30  coverage=0.4624  prec@K=0.0066  accepted=12  auc=0.5497  uauc=0.3569  loss=0.5576  (0.6s)
Round   22/30  coverage=0.4642  prec@K=0.0055  accepted=10  auc=0.5382  uauc=0.7273  loss=0.5551  (0.6s)
Round   23/30  coverage=0.4664  prec@K=0.0066  accepted=12  auc=0.5130  uauc=0.6658  loss=0.5577  (0.6s)
Round   24/30  coverage=0.4686  prec@K=0.0065  accepted=12  auc=0.5577  uauc=0.5818  loss=0.5560  (0.6s)
Round   25/30  coverage=0.4713  prec@K=0.0083  accepted=15  auc=0.4847  uauc=0.5484  loss=0.5584  (0.6s)
Round   26/30  coverage=0.4740  prec@K=0.0081  accepted=15  auc=0.5052  uauc=0.6915  loss=0.5582  (0.6s)
Round   27/30  coverage=0.4751  prec@K=0.0033  accepted=6  auc=0.7070  uauc=0.9021  loss=0.5533  (0.6s)
Round   28/30  coverage=0.4780  prec@K=0.0089  accepted=16  auc=0.3606  uauc=0.6315  loss=0.5589  (0.7s)
Round   29/30  coverage=0.4791  prec@K=0.0033  accepted=6  auc=0.3001  uauc=0.6181  loss=0.5537  (0.6s)
Round   30/30  coverage=0.4802  prec@K=0.0033  accepted=6  auc=0.4973  uauc=0.7093  loss=0.5522  (0.7s)

结果已写入 results\orchestrator\runs\ir40_constlr5e5\dnc_email\gnn_sum_h8/rounds.csv
