=== dnc_email_cn_s0  started 2026-05-07T02:15:30 ===

C:\conda\envs\gnn\lib\site-packages\requests\__init__.py:86: RequestsDependencyWarning: Unable to find acceptable character detection dependency (chardet or charset_normalizer).
  warnings.warn(
C:\conda\envs\gnn\lib\site-packages\outdated\__init__.py:36: UserWarning: pkg_resources is deprecated as an API. See https://setuptools.pypa.io/en/latest/pkg_resources.html. The pkg_resources package is slated for removal as early as 2025-11-30. Refrain from using this package or pin to Setuptools<81.
  from pkg_resources import parse_version
Round    1/30  coverage=0.4091  prec@K=0.0282  accepted=51  auc=0.9738  uauc=0.6657  loss=nan  (0.1s)
Round    2/30  coverage=0.4169  prec@K=0.0235  accepted=43  auc=0.9791  uauc=0.5178  loss=nan  (0.0s)
Round    3/30  coverage=0.4236  prec@K=0.0202  accepted=37  auc=0.9611  uauc=0.5849  loss=nan  (0.0s)
Round    4/30  coverage=0.4316  prec@K=0.0241  accepted=44  auc=0.9798  uauc=0.5796  loss=nan  (0.1s)
Round    5/30  coverage=0.4443  prec@K=0.0381  accepted=70  auc=0.9868  uauc=0.6594  loss=nan  (0.1s)
Round    6/30  coverage=0.4488  prec@K=0.0138  accepted=25  auc=0.9779  uauc=0.6351  loss=nan  (0.1s)
Round    7/30  coverage=0.4531  prec@K=0.0131  accepted=24  auc=0.9149  uauc=0.5796  loss=nan  (0.1s)
Round    8/30  coverage=0.4573  prec@K=0.0127  accepted=23  auc=0.9868  uauc=0.7659  loss=nan  (0.1s)
Round    9/30  coverage=0.4696  prec@K=0.0375  accepted=68  auc=0.9790  uauc=0.6407  loss=nan  (0.1s)
Round   10/30  coverage=0.4747  prec@K=0.0153  accepted=28  auc=0.9444  uauc=0.6500  loss=nan  (0.1s)
Round   11/30  coverage=0.4787  prec@K=0.0120  accepted=22  auc=0.9814  uauc=0.6875  loss=nan  (0.1s)
Round   12/30  coverage=0.4834  prec@K=0.0143  accepted=26  auc=0.9685  uauc=0.6324  loss=nan  (0.1s)
Round   13/30  coverage=0.4896  prec@K=0.0188  accepted=34  auc=0.9798  uauc=0.6938  loss=nan  (0.1s)
Round   14/30  coverage=0.4934  prec@K=0.0114  accepted=21  auc=0.9417  uauc=0.6986  loss=nan  (0.1s)
Round   15/30  coverage=0.4963  prec@K=0.0087  accepted=16  auc=0.9576  uauc=0.6542  loss=nan  (0.1s)
Round   16/30  coverage=0.5012  prec@K=0.0147  accepted=27  auc=0.9809  uauc=0.6639  loss=nan  (0.1s)
Round   17/30  coverage=0.5079  prec@K=0.0204  accepted=37  auc=0.9833  uauc=0.6848  loss=nan  (0.1s)
Round   18/30  coverage=0.5108  prec@K=0.0088  accepted=16  auc=0.9228  uauc=0.6189  loss=nan  (0.1s)
Round   19/30  coverage=0.5150  prec@K=0.0125  accepted=23  auc=0.9720  uauc=0.6828  loss=nan  (0.1s)
Round   20/30  coverage=0.5191  prec@K=0.0125  accepted=23  auc=0.9312  uauc=0.4981  loss=nan  (0.1s)
Round   21/30  coverage=0.5231  prec@K=0.0121  accepted=22  auc=0.9507  uauc=0.6130  loss=nan  (0.2s)
Round   22/30  coverage=0.5285  prec@K=0.0164  accepted=30  auc=0.9400  uauc=0.7064  loss=nan  (0.2s)
Round   23/30  coverage=0.5329  prec@K=0.0131  accepted=24  auc=0.9579  uauc=0.6861  loss=nan  (0.2s)
Round   24/30  coverage=0.5362  prec@K=0.0098  accepted=18  auc=0.9747  uauc=0.5245  loss=nan  (0.2s)
Round   25/30  coverage=0.5405  prec@K=0.0133  accepted=24  auc=0.9855  uauc=0.5992  loss=nan  (0.2s)
Round   26/30  coverage=0.5456  prec@K=0.0152  accepted=28  auc=0.9761  uauc=0.5721  loss=nan  (0.2s)
Round   27/30  coverage=0.5485  prec@K=0.0088  accepted=16  auc=0.9656  uauc=0.6624  loss=nan  (0.2s)
Round   28/30  coverage=0.5512  prec@K=0.0083  accepted=15  auc=0.9322  uauc=0.7030  loss=nan  (0.2s)
Round   29/30  coverage=0.5523  prec@K=0.0033  accepted=6  auc=0.9395  uauc=0.7002  loss=nan  (0.2s)
Round   30/30  coverage=0.5550  prec@K=0.0082  accepted=15  auc=0.9699  uauc=0.7174  loss=nan  (0.2s)

结果已写入 results\orchestrator\runs\ir40_constlr5e5\dnc_email\cn/rounds.csv
