=== dnc_email_graphsage_emb_s0  started 2026-05-07T02:15:57 ===

C:\conda\envs\gnn\lib\site-packages\requests\__init__.py:86: RequestsDependencyWarning: Unable to find acceptable character detection dependency (chardet or charset_normalizer).
  warnings.warn(
C:\conda\envs\gnn\lib\site-packages\outdated\__init__.py:36: UserWarning: pkg_resources is deprecated as an API. See https://setuptools.pypa.io/en/latest/pkg_resources.html. The pkg_resources package is slated for removal as early as 2025-11-30. Refrain from using this package or pin to Setuptools<81.
  from pkg_resources import parse_version
Round    1/30  coverage=0.4029  prec@K=0.0094  accepted=17  auc=0.1046  uauc=0.7566  loss=0.6841  (1.0s)
Round    2/30  coverage=0.4047  prec@K=0.0055  accepted=10  auc=0.0828  uauc=0.5003  loss=0.6834  (0.3s)
Round    3/30  coverage=0.4066  prec@K=0.0054  accepted=10  auc=0.1308  uauc=0.5039  loss=0.6829  (0.3s)
Round    4/30  coverage=0.4100  prec@K=0.0104  accepted=19  auc=0.0982  uauc=0.5288  loss=0.6829  (0.4s)
Round    5/30  coverage=0.4142  prec@K=0.0125  accepted=23  auc=0.0940  uauc=0.5929  loss=0.6834  (0.4s)
Round    6/30  coverage=0.4158  prec@K=0.0050  accepted=9  auc=0.1562  uauc=0.4435  loss=0.6817  (0.4s)
Round    7/30  coverage=0.4173  prec@K=0.0044  accepted=8  auc=0.1069  uauc=0.3667  loss=0.6812  (0.4s)
Round    8/30  coverage=0.4185  prec@K=0.0039  accepted=7  auc=0.1172  uauc=0.7232  loss=0.6809  (0.4s)
Round    9/30  coverage=0.4211  prec@K=0.0077  accepted=14  auc=0.1656  uauc=0.5999  loss=0.6803  (0.4s)
Round   10/30  coverage=0.4232  prec@K=0.0066  accepted=12  auc=0.1803  uauc=0.6390  loss=0.6798  (0.4s)
Round   11/30  coverage=0.4238  prec@K=0.0016  accepted=3  auc=0.1251  uauc=0.8148  loss=0.6790  (0.4s)
Round   12/30  coverage=0.4252  prec@K=0.0044  accepted=8  auc=0.0651  uauc=0.5169  loss=0.6805  (0.4s)
Round   13/30  coverage=0.4263  prec@K=0.0033  accepted=6  auc=0.0846  uauc=0.2118  loss=0.6786  (0.4s)
Round   14/30  coverage=0.4270  prec@K=0.0022  accepted=4  auc=0.1272  uauc=0.6076  loss=0.6789  (0.4s)
Round   15/30  coverage=0.4285  prec@K=0.0044  accepted=8  auc=0.1320  uauc=0.3333  loss=0.6791  (0.4s)
Round   16/30  coverage=0.4298  prec@K=0.0038  accepted=7  auc=0.3552  uauc=0.4167  loss=0.6783  (0.5s)
Round   17/30  coverage=0.4325  prec@K=0.0083  accepted=15  auc=0.0823  uauc=0.5040  loss=0.6785  (0.4s)
Round   18/30  coverage=0.4330  prec@K=0.0016  accepted=3  auc=0.0733  uauc=0.5238  loss=0.6785  (0.5s)
Round   19/30  coverage=0.4345  prec@K=0.0043  accepted=8  auc=0.1012  uauc=0.4167  loss=0.6772  (0.5s)
Round   20/30  coverage=0.4365  prec@K=0.0060  accepted=11  auc=0.1781  uauc=0.6349  loss=0.6768  (0.5s)
Round   21/30  coverage=0.4374  prec@K=0.0028  accepted=5  auc=0.0736  uauc=0.7333  loss=0.6757  (0.5s)
Round   22/30  coverage=0.4385  prec@K=0.0033  accepted=6  auc=0.0857  uauc=0.4333  loss=0.6755  (0.5s)
Round   23/30  coverage=0.4394  prec@K=0.0027  accepted=5  auc=0.0873  uauc=0.5938  loss=0.6747  (0.5s)
Round   24/30  coverage=0.4403  prec@K=0.0027  accepted=5  auc=0.0896  uauc=0.4444  loss=0.6748  (0.5s)
Round   25/30  coverage=0.4406  prec@K=0.0011  accepted=2  auc=0.0658  uauc=0.7222  loss=0.6736  (0.6s)
Round   26/30  coverage=0.4412  prec@K=0.0016  accepted=3  auc=0.0515  uauc=0.6389  loss=0.6733  (0.6s)
Round   27/30  coverage=0.4425  prec@K=0.0038  accepted=7  auc=0.0351  uauc=0.2452  loss=0.6741  (0.6s)
Round   28/30  coverage=0.4434  prec@K=0.0028  accepted=5  auc=0.1000  uauc=0.3175  loss=0.6721  (0.5s)
Round   29/30  coverage=0.4443  prec@K=0.0027  accepted=5  auc=0.2573  uauc=0.7801  loss=0.6737  (0.6s)
Round   30/30  coverage=0.4446  prec@K=0.0011  accepted=2  auc=0.1447  uauc=0.3611  loss=0.6722  (0.6s)

结果已写入 results\orchestrator\runs\ir40_constlr5e5\dnc_email\graphsage_emb/rounds.csv
