=== email_eu_random_s0  started 2026-05-07T02:15:30 ===

C:\conda\envs\gnn\lib\site-packages\requests\__init__.py:86: RequestsDependencyWarning: Unable to find acceptable character detection dependency (chardet or charset_normalizer).
  warnings.warn(
C:\conda\envs\gnn\lib\site-packages\outdated\__init__.py:36: UserWarning: pkg_resources is deprecated as an API. See https://setuptools.pypa.io/en/latest/pkg_resources.html. The pkg_resources package is slated for removal as early as 2025-11-30. Refrain from using this package or pin to Setuptools<81.
  from pkg_resources import parse_version
Round    1/30  coverage=0.4025  prec@K=0.0637  accepted=62  loss=nan  (0.1s)
Round    2/30  coverage=0.4052  prec@K=0.0699  accepted=67  loss=nan  (0.0s)
Round    3/30  coverage=0.4079  prec@K=0.0711  accepted=69  loss=nan  (0.0s)
Round    4/30  coverage=0.4102  prec@K=0.0577  accepted=56  loss=nan  (0.0s)
Round    5/30  coverage=0.4118  prec@K=0.0433  accepted=42  loss=nan  (0.0s)
Round    6/30  coverage=0.4141  prec@K=0.0589  accepted=56  loss=nan  (0.0s)
Round    7/30  coverage=0.4163  prec@K=0.0556  accepted=54  loss=nan  (0.0s)
Round    8/30  coverage=0.4184  prec@K=0.0541  accepted=53  loss=nan  (0.0s)
Round    9/30  coverage=0.4205  prec@K=0.0535  accepted=52  loss=nan  (0.0s)
Round   10/30  coverage=0.4229  prec@K=0.0618  accepted=60  loss=nan  (0.0s)
Round   11/30  coverage=0.4250  prec@K=0.0534  accepted=52  loss=nan  (0.1s)
Round   12/30  coverage=0.4271  prec@K=0.0551  accepted=54  loss=nan  (0.0s)
Round   13/30  coverage=0.4297  prec@K=0.0649  accepted=63  loss=nan  (0.0s)
Round   14/30  coverage=0.4314  prec@K=0.0454  accepted=44  loss=nan  (0.0s)
Round   15/30  coverage=0.4338  prec@K=0.0608  accepted=59  loss=nan  (0.0s)
Round   16/30  coverage=0.4358  prec@K=0.0513  accepted=50  loss=nan  (0.0s)
Round   17/30  coverage=0.4375  prec@K=0.0432  accepted=42  loss=nan  (0.0s)
Round   18/30  coverage=0.4396  prec@K=0.0540  accepted=52  loss=nan  (0.0s)
Round   19/30  coverage=0.4411  prec@K=0.0400  accepted=39  loss=nan  (0.0s)
Round   20/30  coverage=0.4432  prec@K=0.0524  accepted=51  loss=nan  (0.0s)
Round   21/30  coverage=0.4454  prec@K=0.0567  accepted=55  loss=nan  (0.1s)
Round   22/30  coverage=0.4472  prec@K=0.0473  accepted=46  loss=nan  (0.0s)
Round   23/30  coverage=0.4488  prec@K=0.0388  accepted=38  loss=nan  (0.0s)
Round   24/30  coverage=0.4503  prec@K=0.0388  accepted=38  loss=nan  (0.0s)
Round   25/30  coverage=0.4517  prec@K=0.0369  accepted=36  loss=nan  (0.0s)
Round   26/30  coverage=0.4538  prec@K=0.0520  accepted=51  loss=nan  (0.0s)
Round   27/30  coverage=0.4555  prec@K=0.0443  accepted=43  loss=nan  (0.0s)
Round   28/30  coverage=0.4575  prec@K=0.0520  accepted=51  loss=nan  (0.0s)
Round   29/30  coverage=0.4591  prec@K=0.0408  accepted=40  loss=nan  (0.0s)
Round   30/30  coverage=0.4609  prec@K=0.0460  accepted=45  loss=nan  (0.0s)

结果已写入 results\orchestrator\runs\ir40_constlr5e5\email_eu\random/rounds.csv
