=== slashdot_cn_s0  started 2026-05-07T03:32:37 ===

C:\conda\envs\gnn\lib\site-packages\requests\__init__.py:86: RequestsDependencyWarning: Unable to find acceptable character detection dependency (chardet or charset_normalizer).
  warnings.warn(
C:\conda\envs\gnn\lib\site-packages\outdated\__init__.py:36: UserWarning: pkg_resources is deprecated as an API. See https://setuptools.pypa.io/en/latest/pkg_resources.html. The pkg_resources package is slated for removal as early as 2025-11-30. Refrain from using this package or pin to Setuptools<81.
  from pkg_resources import parse_version
Round    1/30  coverage=0.4001  prec@K=0.0058  accepted=43  auc=0.9380  uauc=0.6361  loss=nan  (5.1s)
Round    2/30  coverage=0.4001  prec@K=0.0036  accepted=26  auc=0.9548  uauc=0.6447  loss=nan  (2.1s)
Round    3/30  coverage=0.4002  prec@K=0.0054  accepted=39  auc=0.9415  uauc=0.5618  loss=nan  (2.4s)
Round    4/30  coverage=0.4003  prec@K=0.0054  accepted=39  auc=0.9411  uauc=0.6695  loss=nan  (2.6s)
Round    5/30  coverage=0.4004  prec@K=0.0084  accepted=62  auc=0.9372  uauc=0.5827  loss=nan  (3.0s)
Round    6/30  coverage=0.4005  prec@K=0.0057  accepted=41  auc=0.9242  uauc=0.6313  loss=nan  (3.4s)
Round    7/30  coverage=0.4006  prec@K=0.0070  accepted=51  auc=0.9231  uauc=0.6657  loss=nan  (3.5s)
Round    8/30  coverage=0.4007  prec@K=0.0080  accepted=58  auc=0.9539  uauc=0.5962  loss=nan  (4.0s)
Round    9/30  coverage=0.4008  prec@K=0.0042  accepted=31  auc=0.9461  uauc=0.5969  loss=nan  (4.6s)
Round   10/30  coverage=0.4008  prec@K=0.0048  accepted=35  auc=0.9377  uauc=0.5735  loss=nan  (4.7s)
Round   11/30  coverage=0.4009  prec@K=0.0062  accepted=45  auc=0.9196  uauc=0.6390  loss=nan  (8.0s)
Round   12/30  coverage=0.4010  prec@K=0.0041  accepted=30  auc=0.9472  uauc=0.6633  loss=nan  (5.6s)
Round   13/30  coverage=0.4011  prec@K=0.0061  accepted=44  auc=0.9397  uauc=0.5964  loss=nan  (6.4s)
Round   14/30  coverage=0.4011  prec@K=0.0055  accepted=40  auc=0.9535  uauc=0.6775  loss=nan  (6.6s)
Round   15/30  coverage=0.4012  prec@K=0.0047  accepted=34  auc=0.9274  uauc=0.5350  loss=nan  (7.0s)
Round   16/30  coverage=0.4013  prec@K=0.0058  accepted=43  auc=0.9466  uauc=0.6234  loss=nan  (7.7s)
Round   17/30  coverage=0.4014  prec@K=0.0054  accepted=39  auc=0.9467  uauc=0.5846  loss=nan  (8.0s)
Round   18/30  coverage=0.4014  prec@K=0.0058  accepted=42  auc=0.9608  uauc=0.6337  loss=nan  (8.3s)
Round   19/30  coverage=0.4015  prec@K=0.0067  accepted=49  auc=0.9249  uauc=0.6882  loss=nan  (8.9s)
Round   20/30  coverage=0.4016  prec@K=0.0056  accepted=41  auc=0.9331  uauc=0.6183  loss=nan  (9.2s)
Round   21/30  coverage=0.4017  prec@K=0.0040  accepted=29  auc=0.9409  uauc=0.5556  loss=nan  (13.1s)
Round   22/30  coverage=0.4017  prec@K=0.0039  accepted=29  auc=0.9520  uauc=0.7184  loss=nan  (10.6s)
Round   23/30  coverage=0.4018  prec@K=0.0053  accepted=39  auc=0.9268  uauc=0.6987  loss=nan  (10.7s)
Round   24/30  coverage=0.4019  prec@K=0.0048  accepted=35  auc=0.9476  uauc=0.5758  loss=nan  (11.2s)
Round   25/30  coverage=0.4019  prec@K=0.0041  accepted=30  auc=0.9330  uauc=0.5249  loss=nan  (11.1s)
Round   26/30  coverage=0.4020  prec@K=0.0045  accepted=33  auc=0.9474  uauc=0.5593  loss=nan  (11.8s)
Round   27/30  coverage=0.4021  prec@K=0.0050  accepted=36  auc=0.9412  uauc=0.5830  loss=nan  (12.6s)
Round   28/30  coverage=0.4022  prec@K=0.0067  accepted=49  auc=0.9503  uauc=0.6745  loss=nan  (13.3s)
Round   29/30  coverage=0.4022  prec@K=0.0061  accepted=45  auc=0.9553  uauc=0.5765  loss=nan  (14.0s)
Round   30/30  coverage=0.4023  prec@K=0.0052  accepted=38  auc=0.9320  uauc=0.6908  loss=nan  (14.2s)

结果已写入 results\orchestrator\runs\ir40_constlr5e5\slashdot\cn/rounds.csv
