=== sx_askubuntu_pa_s0  started 2026-05-07T05:00:18 ===

C:\conda\envs\gnn\lib\site-packages\requests\__init__.py:86: RequestsDependencyWarning: Unable to find acceptable character detection dependency (chardet or charset_normalizer).
  warnings.warn(
C:\conda\envs\gnn\lib\site-packages\outdated\__init__.py:36: UserWarning: pkg_resources is deprecated as an API. See https://setuptools.pypa.io/en/latest/pkg_resources.html. The pkg_resources package is slated for removal as early as 2025-11-30. Refrain from using this package or pin to Setuptools<81.
  from pkg_resources import parse_version
Round    1/30  coverage=0.4000  prec@K=0.0009  accepted=13  auc=0.9392  uauc=0.6065  loss=nan  (14.0s)
Round    2/30  coverage=0.4001  prec@K=0.0014  accepted=21  auc=0.9218  uauc=0.5610  loss=nan  (12.8s)
Round    3/30  coverage=0.4001  prec@K=0.0015  accepted=22  auc=0.9761  uauc=0.7115  loss=nan  (14.8s)
Round    4/30  coverage=0.4001  prec@K=0.0010  accepted=15  auc=0.9456  uauc=0.6234  loss=nan  (18.9s)
Round    5/30  coverage=0.4001  prec@K=0.0006  accepted=9  auc=0.9586  uauc=0.6241  loss=nan  (21.7s)
Round    6/30  coverage=0.4002  prec@K=0.0012  accepted=18  auc=0.9815  uauc=0.5457  loss=nan  (24.7s)
Round    7/30  coverage=0.4002  prec@K=0.0006  accepted=9  auc=0.9384  uauc=0.6974  loss=nan  (27.3s)
Round    8/30  coverage=0.4002  prec@K=0.0010  accepted=15  auc=0.9460  uauc=0.5593  loss=nan  (30.4s)
Round    9/30  coverage=0.4002  prec@K=0.0009  accepted=14  auc=0.9786  uauc=0.6063  loss=nan  (33.6s)
Round   10/30  coverage=0.4003  prec@K=0.0009  accepted=13  auc=0.9608  uauc=0.6730  loss=nan  (35.6s)
Round   11/30  coverage=0.4003  prec@K=0.0018  accepted=27  auc=0.9644  uauc=0.5592  loss=nan  (44.3s)
Round   12/30  coverage=0.4003  prec@K=0.0010  accepted=15  auc=0.9512  uauc=0.6860  loss=nan  (40.1s)
Round   13/30  coverage=0.4004  prec@K=0.0012  accepted=18  auc=0.9674  uauc=0.6819  loss=nan  (43.9s)
Round   14/30  coverage=0.4004  prec@K=0.0008  accepted=12  auc=0.9107  uauc=0.6914  loss=nan  (47.5s)
Round   15/30  coverage=0.4004  prec@K=0.0005  accepted=8  auc=0.9312  uauc=0.7639  loss=nan  (50.1s)
Round   16/30  coverage=0.4004  prec@K=0.0003  accepted=5  auc=0.9906  uauc=0.7778  loss=nan  (53.9s)
Round   17/30  coverage=0.4004  prec@K=0.0007  accepted=10  auc=0.9496  uauc=0.4228  loss=nan  (53.3s)
Round   18/30  coverage=0.4005  prec@K=0.0007  accepted=11  auc=0.9585  uauc=0.7556  loss=nan  (56.9s)
Round   19/30  coverage=0.4005  prec@K=0.0009  accepted=13  auc=0.9437  uauc=0.6597  loss=nan  (59.5s)
Round   20/30  coverage=0.4005  prec@K=0.0011  accepted=16  auc=0.9199  uauc=0.6886  loss=nan  (60.7s)
Round   21/30  coverage=0.4005  prec@K=0.0010  accepted=15  auc=0.9721  uauc=0.6905  loss=nan  (71.9s)
Round   22/30  coverage=0.4006  prec@K=0.0012  accepted=18  auc=0.9429  uauc=0.5952  loss=nan  (66.4s)
Round   23/30  coverage=0.4006  prec@K=0.0009  accepted=14  auc=0.8783  uauc=0.6154  loss=nan  (69.7s)
Round   24/30  coverage=0.4006  prec@K=0.0011  accepted=16  auc=0.9651  uauc=0.6632  loss=nan  (70.9s)
Round   25/30  coverage=0.4007  prec@K=0.0011  accepted=16  auc=0.9801  uauc=0.7370  loss=nan  (74.8s)
Round   26/30  coverage=0.4007  prec@K=0.0008  accepted=12  auc=0.9888  uauc=0.7736  loss=nan  (77.5s)
Round   27/30  coverage=0.4007  prec@K=0.0015  accepted=23  auc=0.9783  uauc=0.6574  loss=nan  (82.0s)
Round   28/30  coverage=0.4008  prec@K=0.0013  accepted=20  auc=0.9309  uauc=0.6510  loss=nan  (84.4s)
Round   29/30  coverage=0.4008  prec@K=0.0007  accepted=11  auc=0.9684  uauc=0.6736  loss=nan  (87.6s)
Round   30/30  coverage=0.4008  prec@K=0.0009  accepted=14  auc=0.9678  uauc=0.7724  loss=nan  (87.5s)

结果已写入 results\orchestrator\runs\ir40_constlr5e5\sx_askubuntu\pa/rounds.csv
