=== sx_askubuntu_gnn_sum_h8_s0  started 2026-05-07T04:50:15 ===

C:\conda\envs\gnn\lib\site-packages\requests\__init__.py:86: RequestsDependencyWarning: Unable to find acceptable character detection dependency (chardet or charset_normalizer).
  warnings.warn(
C:\conda\envs\gnn\lib\site-packages\outdated\__init__.py:36: UserWarning: pkg_resources is deprecated as an API. See https://setuptools.pypa.io/en/latest/pkg_resources.html. The pkg_resources package is slated for removal as early as 2025-11-30. Refrain from using this package or pin to Setuptools<81.
  from pkg_resources import parse_version
Round    1/30  coverage=0.4000  prec@K=0.0003  accepted=5  auc=0.6196  uauc=0.9667  loss=0.5504  (17.9s)
Round    2/30  coverage=0.4000  prec@K=0.0010  accepted=15  auc=0.6271  uauc=0.8312  loss=0.5513  (13.4s)
Round    3/30  coverage=0.4001  prec@K=0.0007  accepted=11  auc=0.6932  uauc=0.6792  loss=0.5506  (18.3s)
Round    4/30  coverage=0.4001  prec@K=0.0004  accepted=6  auc=0.4845  uauc=0.5111  loss=0.5502  (21.8s)
Round    5/30  coverage=0.4001  prec@K=0.0003  accepted=5  auc=0.8173  uauc=0.7760  loss=0.5499  (26.9s)
Round    6/30  coverage=0.4001  prec@K=0.0005  accepted=7  auc=0.6884  uauc=0.6111  loss=0.5501  (29.1s)
Round    7/30  coverage=0.4001  prec@K=0.0003  accepted=5  auc=0.8385  uauc=0.8472  loss=0.5499  (32.9s)
Round    8/30  coverage=0.4001  prec@K=0.0006  accepted=9  auc=0.7074  uauc=0.7270  loss=0.5499  (35.4s)
Round    9/30  coverage=0.4001  prec@K=0.0003  accepted=5  auc=0.6142  uauc=0.4556  loss=0.5496  (38.8s)
Round   10/30  coverage=0.4001  prec@K=0.0003  accepted=4  auc=0.7355  uauc=0.7222  loss=0.5493  (41.3s)
Round   11/30  coverage=0.4001  prec@K=0.0007  accepted=10  auc=0.6300  uauc=0.8455  loss=0.5496  (50.6s)
Round   12/30  coverage=0.4002  prec@K=0.0004  accepted=6  auc=0.5898  uauc=0.6852  loss=0.5489  (45.2s)
Round   13/30  coverage=0.4002  prec@K=0.0005  accepted=8  auc=0.7542  uauc=0.8194  loss=0.5489  (49.8s)
Round   14/30  coverage=0.4002  prec@K=0.0004  accepted=6  auc=0.7579  uauc=0.8056  loss=0.5487  (52.2s)
Round   15/30  coverage=0.4002  prec@K=0.0004  accepted=6  auc=0.5714  uauc=0.5926  loss=0.5488  (54.9s)
Round   16/30  coverage=0.4002  prec@K=0.0001  accepted=1  auc=0.4864  uauc=1.0000  loss=0.5484  (59.2s)
Round   17/30  coverage=0.4002  prec@K=0.0003  accepted=4  auc=0.6471  uauc=0.7500  loss=0.5484  (60.3s)
Round   18/30  coverage=0.4002  prec@K=0.0004  accepted=6  auc=0.7619  uauc=0.6481  loss=0.5485  (63.7s)
Round   19/30  coverage=0.4002  prec@K=0.0004  accepted=6  auc=0.5669  uauc=0.6292  loss=0.5482  (65.5s)
Round   20/30  coverage=0.4003  prec@K=0.0008  accepted=12  auc=0.6273  uauc=0.7681  loss=0.5483  (66.2s)
Round   21/30  coverage=0.4003  prec@K=0.0007  accepted=11  auc=0.6650  uauc=0.7778  loss=0.5486  (78.7s)
Round   22/30  coverage=0.4003  prec@K=0.0004  accepted=6  auc=0.6767  uauc=0.8148  loss=0.5477  (73.4s)
Round   23/30  coverage=0.4003  prec@K=0.0005  accepted=7  auc=0.5379  uauc=0.5463  loss=0.5479  (77.1s)
Round   24/30  coverage=0.4003  prec@K=0.0004  accepted=6  auc=0.6295  uauc=0.4907  loss=0.5470  (79.2s)
Round   25/30  coverage=0.4003  prec@K=0.0008  accepted=12  auc=0.6266  uauc=0.6882  loss=0.5478  (82.7s)
Round   26/30  coverage=0.4003  prec@K=0.0007  accepted=10  auc=0.5941  uauc=0.8542  loss=0.5475  (85.2s)
Round   27/30  coverage=0.4004  prec@K=0.0007  accepted=11  auc=0.5824  uauc=0.8385  loss=0.5473  (89.0s)
Round   28/30  coverage=0.4004  prec@K=0.0007  accepted=11  auc=0.5980  uauc=0.7040  loss=0.5475  (89.1s)
Round   29/30  coverage=0.4004  prec@K=0.0005  accepted=8  auc=0.6026  uauc=0.8194  loss=0.5470  (93.9s)
Round   30/30  coverage=0.4004  prec@K=0.0003  accepted=4  auc=0.4625  uauc=0.7083  loss=0.5464  (95.1s)

结果已写入 results\orchestrator\runs\ir40_constlr5e5\sx_askubuntu\gnn_sum_h8/rounds.csv
