=== sx_mathoverflow_gat_emb_s0  started 2026-05-07T02:39:45 ===

C:\conda\envs\gnn\lib\site-packages\requests\__init__.py:86: RequestsDependencyWarning: Unable to find acceptable character detection dependency (chardet or charset_normalizer).
  warnings.warn(
C:\conda\envs\gnn\lib\site-packages\outdated\__init__.py:36: UserWarning: pkg_resources is deprecated as an API. See https://setuptools.pypa.io/en/latest/pkg_resources.html. The pkg_resources package is slated for removal as early as 2025-11-30. Refrain from using this package or pin to Setuptools<81.
  from pkg_resources import parse_version
Round    1/30  coverage=0.4001  prec@K=0.0050  accepted=12  auc=0.2407  uauc=0.5972  loss=0.6894  (3.9s)
Round    2/30  coverage=0.4001  prec@K=0.0026  accepted=6  auc=0.0832  uauc=0.6852  loss=0.6892  (1.0s)
Round    3/30  coverage=0.4001  prec@K=0.0037  accepted=9  auc=0.1232  uauc=0.5880  loss=0.6891  (1.1s)
Round    4/30  coverage=0.4002  prec@K=0.0033  accepted=8  auc=0.1221  uauc=0.5486  loss=0.6890  (1.1s)
Round    5/30  coverage=0.4002  prec@K=0.0033  accepted=8  auc=0.2355  uauc=0.6772  loss=0.6888  (1.1s)
Round    6/30  coverage=0.4002  prec@K=0.0038  accepted=9  auc=0.1061  uauc=0.5476  loss=0.6887  (1.0s)
Round    7/30  coverage=0.4003  prec@K=0.0038  accepted=9  auc=0.2400  uauc=0.7083  loss=0.6886  (1.1s)
Round    8/30  coverage=0.4003  prec@K=0.0021  accepted=5  auc=0.1139  uauc=0.5990  loss=0.6885  (1.2s)
Round    9/30  coverage=0.4003  prec@K=0.0042  accepted=10  auc=0.1149  uauc=0.6505  loss=0.6884  (1.2s)
Round   10/30  coverage=0.4003  prec@K=0.0017  accepted=4  auc=0.1115  uauc=0.5972  loss=0.6882  (1.2s)
Round   11/30  coverage=0.4004  prec@K=0.0038  accepted=9  auc=0.1095  uauc=0.5444  loss=0.6881  (3.1s)
Round   12/30  coverage=0.4004  prec@K=0.0025  accepted=6  auc=0.1478  uauc=0.6528  loss=0.6880  (1.2s)
Round   13/30  coverage=0.4004  prec@K=0.0025  accepted=6  auc=0.0705  uauc=0.4444  loss=0.6878  (1.2s)
Round   14/30  coverage=0.4005  prec@K=0.0033  accepted=8  auc=0.1813  uauc=0.6415  loss=0.6877  (1.3s)
Round   15/30  coverage=0.4005  prec@K=0.0025  accepted=6  auc=0.1870  uauc=0.5046  loss=0.6876  (1.2s)
Round   16/30  coverage=0.4005  prec@K=0.0021  accepted=5  auc=0.2204  uauc=0.4653  loss=0.6874  (1.2s)
Round   17/30  coverage=0.4006  prec@K=0.0038  accepted=9  auc=0.1530  uauc=0.5756  loss=0.6874  (1.3s)
Round   18/30  coverage=0.4006  prec@K=0.0008  accepted=2  auc=0.0629  uauc=0.6667  loss=0.6872  (1.4s)
Round   19/30  coverage=0.4006  prec@K=0.0050  accepted=12  auc=0.1700  uauc=0.6844  loss=0.6872  (1.3s)
Round   20/30  coverage=0.4007  prec@K=0.0025  accepted=6  auc=0.1293  uauc=0.6549  loss=0.6869  (1.3s)
Round   21/30  coverage=0.4007  prec@K=0.0033  accepted=8  auc=0.1173  uauc=0.6192  loss=0.6868  (3.5s)
Round   22/30  coverage=0.4007  prec@K=0.0029  accepted=7  auc=0.1629  uauc=0.7079  loss=0.6867  (1.5s)
Round   23/30  coverage=0.4008  prec@K=0.0034  accepted=8  auc=0.1211  uauc=0.5496  loss=0.6866  (1.3s)
Round   24/30  coverage=0.4008  prec@K=0.0008  accepted=2  auc=0.1734  uauc=0.5833  loss=0.6863  (1.4s)
Round   25/30  coverage=0.4008  prec@K=0.0037  accepted=9  auc=0.1457  uauc=0.5997  loss=0.6863  (1.5s)
Round   26/30  coverage=0.4008  prec@K=0.0033  accepted=8  auc=0.1707  uauc=0.5000  loss=0.6862  (1.6s)
Round   27/30  coverage=0.4009  prec@K=0.0021  accepted=5  auc=0.2006  uauc=0.8229  loss=0.6861  (1.4s)
Round   28/30  coverage=0.4009  prec@K=0.0046  accepted=11  auc=0.1842  uauc=0.7014  loss=0.6860  (1.6s)
Round   29/30  coverage=0.4009  prec@K=0.0029  accepted=7  auc=0.1959  uauc=0.5405  loss=0.6857  (1.6s)
Round   30/30  coverage=0.4010  prec@K=0.0034  accepted=8  auc=0.1600  uauc=0.6056  loss=0.6857  (1.5s)

结果已写入 results\orchestrator\runs\ir40_constlr5e5\sx_mathoverflow\gat_emb/rounds.csv
