=== sx_superuser_pa_s0  started 2026-05-07T06:09:50 ===

C:\conda\envs\gnn\lib\site-packages\requests\__init__.py:86: RequestsDependencyWarning: Unable to find acceptable character detection dependency (chardet or charset_normalizer).
  warnings.warn(
C:\conda\envs\gnn\lib\site-packages\outdated\__init__.py:36: UserWarning: pkg_resources is deprecated as an API. See https://setuptools.pypa.io/en/latest/pkg_resources.html. The pkg_resources package is slated for removal as early as 2025-11-30. Refrain from using this package or pin to Setuptools<81.
  from pkg_resources import parse_version
Round    1/30  coverage=0.4000  prec@K=0.0016  accepted=28  auc=0.9212  uauc=0.6501  loss=nan  (24.5s)
Round    2/30  coverage=0.4001  prec@K=0.0013  accepted=24  auc=0.9469  uauc=0.7215  loss=nan  (18.6s)
Round    3/30  coverage=0.4001  prec@K=0.0012  accepted=21  auc=0.8650  uauc=0.5617  loss=nan  (25.2s)
Round    4/30  coverage=0.4001  prec@K=0.0015  accepted=27  auc=0.9587  uauc=0.6263  loss=nan  (28.1s)
Round    5/30  coverage=0.4001  prec@K=0.0016  accepted=28  auc=0.9155  uauc=0.6321  loss=nan  (32.2s)
Round    6/30  coverage=0.4002  prec@K=0.0012  accepted=22  auc=0.9508  uauc=0.6845  loss=nan  (37.0s)
Round    7/30  coverage=0.4002  prec@K=0.0009  accepted=16  auc=0.9148  uauc=0.6773  loss=nan  (40.0s)
Round    8/30  coverage=0.4002  prec@K=0.0009  accepted=17  auc=0.9415  uauc=0.7614  loss=nan  (44.9s)
Round    9/30  coverage=0.4002  prec@K=0.0013  accepted=23  auc=0.9645  uauc=0.6524  loss=nan  (46.7s)
Round   10/30  coverage=0.4003  prec@K=0.0011  accepted=20  auc=0.9760  uauc=0.6790  loss=nan  (50.3s)
Round   11/30  coverage=0.4003  prec@K=0.0013  accepted=23  auc=0.9264  uauc=0.6771  loss=nan  (69.1s)
Round   12/30  coverage=0.4003  prec@K=0.0011  accepted=19  auc=0.9406  uauc=0.6645  loss=nan  (57.4s)
Round   13/30  coverage=0.4003  prec@K=0.0009  accepted=17  auc=0.9321  uauc=0.6592  loss=nan  (63.0s)
Round   14/30  coverage=0.4004  prec@K=0.0015  accepted=27  auc=0.9608  uauc=0.6720  loss=nan  (67.1s)
Round   15/30  coverage=0.4004  prec@K=0.0015  accepted=27  auc=0.9546  uauc=0.6302  loss=nan  (69.0s)
Round   16/30  coverage=0.4004  prec@K=0.0013  accepted=24  auc=0.9337  uauc=0.7219  loss=nan  (70.8s)
Round   17/30  coverage=0.4004  prec@K=0.0010  accepted=18  auc=0.9437  uauc=0.6658  loss=nan  (76.8s)
Round   18/30  coverage=0.4005  prec@K=0.0010  accepted=18  auc=0.9154  uauc=0.6441  loss=nan  (77.9s)
Round   19/30  coverage=0.4005  prec@K=0.0013  accepted=23  auc=0.9733  uauc=0.6177  loss=nan  (80.7s)
Round   20/30  coverage=0.4005  prec@K=0.0009  accepted=16  auc=0.9483  uauc=0.7812  loss=nan  (85.1s)
Round   21/30  coverage=0.4005  prec@K=0.0011  accepted=19  auc=0.9631  uauc=0.6516  loss=nan  (100.1s)
Round   22/30  coverage=0.4006  prec@K=0.0012  accepted=22  auc=0.9627  uauc=0.7566  loss=nan  (91.7s)
Round   23/30  coverage=0.4006  prec@K=0.0010  accepted=17  auc=0.9631  uauc=0.7296  loss=nan  (97.6s)
Round   24/30  coverage=0.4006  prec@K=0.0020  accepted=36  auc=0.9677  uauc=0.6432  loss=nan  (97.5s)
Round   25/30  coverage=0.4006  prec@K=0.0013  accepted=23  auc=0.9281  uauc=0.5975  loss=nan  (105.5s)
Round   26/30  coverage=0.4007  prec@K=0.0011  accepted=19  auc=0.9608  uauc=0.5980  loss=nan  (107.4s)
Round   27/30  coverage=0.4007  prec@K=0.0016  accepted=28  auc=0.9696  uauc=0.7512  loss=nan  (108.2s)
Round   28/30  coverage=0.4007  prec@K=0.0012  accepted=21  auc=0.9597  uauc=0.6649  loss=nan  (112.2s)
Round   29/30  coverage=0.4007  prec@K=0.0010  accepted=17  auc=0.9778  uauc=0.7144  loss=nan  (107.9s)
Round   30/30  coverage=0.4008  prec@K=0.0009  accepted=16  auc=0.9416  uauc=0.7000  loss=nan  (113.8s)

结果已写入 results\orchestrator\runs\ir40_constlr5e5\sx_superuser\pa/rounds.csv
