=== wiki_vote_gnn_sum_h8_s0  started 2026-05-07T02:34:12 ===

C:\conda\envs\gnn\lib\site-packages\requests\__init__.py:86: RequestsDependencyWarning: Unable to find acceptable character detection dependency (chardet or charset_normalizer).
  warnings.warn(
C:\conda\envs\gnn\lib\site-packages\outdated\__init__.py:36: UserWarning: pkg_resources is deprecated as an API. See https://setuptools.pypa.io/en/latest/pkg_resources.html. The pkg_resources package is slated for removal as early as 2025-11-30. Refrain from using this package or pin to Setuptools<81.
  from pkg_resources import parse_version
Round    1/30  coverage=0.4011  prec@K=0.0164  accepted=111  auc=0.7953  uauc=0.5808  loss=0.5619  (3.6s)
Round    2/30  coverage=0.4019  prec@K=0.0126  accepted=84  auc=0.7262  uauc=0.5858  loss=0.5590  (2.2s)
Round    3/30  coverage=0.4028  prec@K=0.0139  accepted=94  auc=0.7843  uauc=0.5533  loss=0.5597  (2.7s)
Round    4/30  coverage=0.4036  prec@K=0.0124  accepted=84  auc=0.7762  uauc=0.5551  loss=0.5588  (2.7s)
Round    5/30  coverage=0.4045  prec@K=0.0142  accepted=96  auc=0.7245  uauc=0.5290  loss=0.5602  (2.7s)
Round    6/30  coverage=0.4051  prec@K=0.0094  accepted=64  auc=0.7474  uauc=0.4899  loss=0.5562  (3.2s)
Round    7/30  coverage=0.4060  prec@K=0.0136  accepted=93  auc=0.6954  uauc=0.6472  loss=0.5589  (3.5s)
Round    8/30  coverage=0.4070  prec@K=0.0146  accepted=99  auc=0.7085  uauc=0.5650  loss=0.5595  (3.1s)
Round    9/30  coverage=0.4078  prec@K=0.0125  accepted=85  auc=0.7210  uauc=0.5344  loss=0.5581  (3.1s)
Round   10/30  coverage=0.4084  prec@K=0.0097  accepted=66  auc=0.7391  uauc=0.6046  loss=0.5559  (3.3s)
Round   11/30  coverage=0.4092  prec@K=0.0121  accepted=82  auc=0.7075  uauc=0.6098  loss=0.5574  (4.1s)
Round   12/30  coverage=0.4099  prec@K=0.0104  accepted=71  auc=0.7472  uauc=0.4832  loss=0.5564  (3.6s)
Round   13/30  coverage=0.4106  prec@K=0.0102  accepted=69  auc=0.6873  uauc=0.5003  loss=0.5557  (3.7s)
Round   14/30  coverage=0.4113  prec@K=0.0110  accepted=74  auc=0.7153  uauc=0.5797  loss=0.5559  (3.5s)
Round   15/30  coverage=0.4121  prec@K=0.0127  accepted=86  auc=0.6867  uauc=0.5499  loss=0.5572  (4.0s)
Round   16/30  coverage=0.4128  prec@K=0.0099  accepted=66  auc=0.6774  uauc=0.4748  loss=0.5557  (4.2s)
Round   17/30  coverage=0.4134  prec@K=0.0103  accepted=69  auc=0.6596  uauc=0.5256  loss=0.5551  (4.4s)
Round   18/30  coverage=0.4141  prec@K=0.0101  accepted=68  auc=0.6771  uauc=0.5203  loss=0.5553  (5.1s)
Round   19/30  coverage=0.4148  prec@K=0.0103  accepted=70  auc=0.7201  uauc=0.5499  loss=0.5548  (5.0s)
Round   20/30  coverage=0.4155  prec@K=0.0112  accepted=76  auc=0.7076  uauc=0.5842  loss=0.5554  (5.1s)
Round   21/30  coverage=0.4161  prec@K=0.0090  accepted=61  auc=0.7004  uauc=0.5978  loss=0.5545  (5.9s)
Round   22/30  coverage=0.4169  prec@K=0.0124  accepted=84  auc=0.7260  uauc=0.6453  loss=0.5558  (5.5s)
Round   23/30  coverage=0.4176  prec@K=0.0107  accepted=72  auc=0.6962  uauc=0.5216  loss=0.5546  (5.3s)
Round   24/30  coverage=0.4181  prec@K=0.0081  accepted=55  auc=0.6878  uauc=0.5366  loss=0.5527  (5.7s)
Round   25/30  coverage=0.4188  prec@K=0.0101  accepted=68  auc=0.6600  uauc=0.5930  loss=0.5542  (6.1s)
Round   26/30  coverage=0.4194  prec@K=0.0099  accepted=66  auc=0.6987  uauc=0.5501  loss=0.5533  (6.2s)
Round   27/30  coverage=0.4198  prec@K=0.0053  accepted=36  auc=0.7065  uauc=0.6987  loss=0.5504  (7.0s)
Round   28/30  coverage=0.4202  prec@K=0.0068  accepted=46  auc=0.6130  uauc=0.5400  loss=0.5515  (7.1s)
Round   29/30  coverage=0.4207  prec@K=0.0084  accepted=57  auc=0.6469  uauc=0.5274  loss=0.5521  (7.0s)
Round   30/30  coverage=0.4211  prec@K=0.0057  accepted=38  auc=0.6838  uauc=0.5748  loss=0.5509  (7.1s)

结果已写入 results\orchestrator\runs\ir40_constlr5e5\wiki_vote\gnn_sum_h8/rounds.csv
