=== wiki_vote_aa_s0  started 2026-05-07T02:26:03 ===

C:\conda\envs\gnn\lib\site-packages\requests\__init__.py:86: RequestsDependencyWarning: Unable to find acceptable character detection dependency (chardet or charset_normalizer).
  warnings.warn(
C:\conda\envs\gnn\lib\site-packages\outdated\__init__.py:36: UserWarning: pkg_resources is deprecated as an API. See https://setuptools.pypa.io/en/latest/pkg_resources.html. The pkg_resources package is slated for removal as early as 2025-11-30. Refrain from using this package or pin to Setuptools<81.
  from pkg_resources import parse_version
Round    1/30  coverage=0.4020  prec@K=0.0306  accepted=207  auc=0.9188  uauc=0.6019  loss=nan  (0.9s)
Round    2/30  coverage=0.4039  prec@K=0.0297  accepted=199  auc=0.9106  uauc=0.6022  loss=nan  (0.5s)
Round    3/30  coverage=0.4055  prec@K=0.0244  accepted=166  auc=0.9232  uauc=0.5943  loss=nan  (0.6s)
Round    4/30  coverage=0.4072  prec@K=0.0261  accepted=177  auc=0.9163  uauc=0.6059  loss=nan  (0.7s)
Round    5/30  coverage=0.4091  prec@K=0.0293  accepted=198  auc=0.9197  uauc=0.4841  loss=nan  (0.9s)
Round    6/30  coverage=0.4105  prec@K=0.0212  accepted=144  auc=0.9193  uauc=0.5489  loss=nan  (0.9s)
Round    7/30  coverage=0.4125  prec@K=0.0305  accepted=209  auc=0.9126  uauc=0.5965  loss=nan  (1.0s)
Round    8/30  coverage=0.4144  prec@K=0.0286  accepted=194  auc=0.9158  uauc=0.5537  loss=nan  (1.1s)
Round    9/30  coverage=0.4162  prec@K=0.0274  accepted=187  auc=0.9082  uauc=0.5213  loss=nan  (1.2s)
Round   10/30  coverage=0.4179  prec@K=0.0251  accepted=172  auc=0.9129  uauc=0.5421  loss=nan  (1.2s)
Round   11/30  coverage=0.4195  prec@K=0.0247  accepted=168  auc=0.9060  uauc=0.5582  loss=nan  (1.9s)
Round   12/30  coverage=0.4210  prec@K=0.0225  accepted=154  auc=0.9242  uauc=0.5963  loss=nan  (1.4s)
Round   13/30  coverage=0.4225  prec@K=0.0238  accepted=161  auc=0.9131  uauc=0.5568  loss=nan  (1.5s)
Round   14/30  coverage=0.4241  prec@K=0.0238  accepted=160  auc=0.9178  uauc=0.5649  loss=nan  (1.6s)
Round   15/30  coverage=0.4257  prec@K=0.0247  accepted=168  auc=0.8957  uauc=0.5065  loss=nan  (1.6s)
Round   16/30  coverage=0.4271  prec@K=0.0219  accepted=147  auc=0.9221  uauc=0.5311  loss=nan  (1.7s)
Round   17/30  coverage=0.4286  prec@K=0.0234  accepted=158  auc=0.9106  uauc=0.5550  loss=nan  (1.9s)
Round   18/30  coverage=0.4304  prec@K=0.0265  accepted=179  auc=0.9046  uauc=0.5239  loss=nan  (2.1s)
Round   19/30  coverage=0.4320  prec@K=0.0246  accepted=167  auc=0.9040  uauc=0.5927  loss=nan  (2.2s)
Round   20/30  coverage=0.4334  prec@K=0.0223  accepted=152  auc=0.9109  uauc=0.5435  loss=nan  (2.8s)
Round   21/30  coverage=0.4349  prec@K=0.0219  accepted=148  auc=0.9147  uauc=0.5930  loss=nan  (3.2s)
Round   22/30  coverage=0.4365  prec@K=0.0251  accepted=171  auc=0.9211  uauc=0.5916  loss=nan  (2.6s)
Round   23/30  coverage=0.4380  prec@K=0.0233  accepted=158  auc=0.9268  uauc=0.5775  loss=nan  (2.5s)
Round   24/30  coverage=0.4394  prec@K=0.0215  accepted=146  auc=0.9273  uauc=0.5203  loss=nan  (2.7s)
Round   25/30  coverage=0.4409  prec@K=0.0223  accepted=151  auc=0.9280  uauc=0.5634  loss=nan  (2.8s)
Round   26/30  coverage=0.4423  prec@K=0.0210  accepted=141  auc=0.9070  uauc=0.5013  loss=nan  (2.9s)
Round   27/30  coverage=0.4434  prec@K=0.0177  accepted=119  auc=0.9122  uauc=0.5246  loss=nan  (3.2s)
Round   28/30  coverage=0.4448  prec@K=0.0210  accepted=142  auc=0.9225  uauc=0.5278  loss=nan  (3.0s)
Round   29/30  coverage=0.4460  prec@K=0.0190  accepted=129  auc=0.9241  uauc=0.5685  loss=nan  (3.2s)
Round   30/30  coverage=0.4471  prec@K=0.0166  accepted=112  auc=0.9174  uauc=0.4964  loss=nan  (3.5s)

结果已写入 results\orchestrator\runs\ir40_constlr5e5\wiki_vote\aa/rounds.csv
