C:\conda\envs\gnn\lib\site-packages\requests\__init__.py:86: RequestsDependencyWarning: Unable to find acceptable character detection dependency (chardet or charset_normalizer).
  warnings.warn(
C:\conda\envs\gnn\lib\site-packages\outdated\__init__.py:36: UserWarning: pkg_resources is deprecated as an API. See https://setuptools.pypa.io/en/latest/pkg_resources.html. The pkg_resources package is slated for removal as early as 2025-11-30. Refrain from using this package or pin to Setuptools<81.
  from pkg_resources import parse_version
Round    1/30  coverage=0.4000  prec@K=0.0006  accepted=9  loss=0.8319  (20.9s)
Round    2/30  coverage=0.4000  prec@K=0.0004  accepted=6  loss=0.8319  (23.2s)
Round    3/30  coverage=0.4000  prec@K=0.0005  accepted=7  loss=0.8314  (43.0s)
Round    4/30  coverage=0.4001  prec@K=0.0004  accepted=6  loss=0.8308  (45.0s)
Round    5/30  coverage=0.4001  prec@K=0.0006  accepted=9  loss=0.8293  (31.3s)
Round    6/30  coverage=0.4001  prec@K=0.0006  accepted=9  loss=0.8272  (30.2s)
Round    7/30  coverage=0.4001  prec@K=0.0007  accepted=11  loss=0.8248  (34.5s)
Round    8/30  coverage=0.4001  prec@K=0.0005  accepted=8  loss=0.8227  (45.1s)
Round    9/30  coverage=0.4001  prec@K=0.0006  accepted=9  loss=0.8201  (57.7s)
Round   10/30  coverage=0.4001  prec@K=0.0004  accepted=6  loss=0.8179  (50.4s)
Round   11/30  coverage=0.4002  prec@K=0.0002  accepted=3  loss=0.8157  (63.2s)
Round   12/30  coverage=0.4002  prec@K=0.0005  accepted=7  loss=0.8131  (66.5s)
Round   13/30  coverage=0.4002  prec@K=0.0003  accepted=5  loss=0.8108  (48.0s)
Round   14/30  coverage=0.4002  prec@K=0.0001  accepted=1  loss=0.8088  (53.3s)
Round   15/30  coverage=0.4002  prec@K=0.0003  accepted=5  loss=0.8063  (89.7s)
Round   16/30  coverage=0.4002  prec@K=0.0002  accepted=3  loss=0.8042  (56.7s)
Round   17/30  coverage=0.4002  prec@K=0.0008  accepted=12  loss=0.8016  (60.8s)
Round   18/30  coverage=0.4002  prec@K=0.0003  accepted=4  loss=0.8003  (84.7s)
Round   19/30  coverage=0.4002  prec@K=0.0005  accepted=7  loss=0.7983  (78.5s)
Round   20/30  coverage=0.4002  prec@K=0.0001  accepted=2  loss=0.7971  (70.1s)
Round   21/30  coverage=0.4002  prec@K=0.0001  accepted=2  loss=0.7958  (76.4s)
Round   22/30  coverage=0.4002  prec@K=0.0003  accepted=4  loss=0.7946  (91.1s)
Round   23/30  coverage=0.4003  prec@K=0.0002  accepted=3  loss=0.7937  (123.4s)
Round   24/30  coverage=0.4003  prec@K=0.0004  accepted=6  loss=0.7928  (123.3s)
Round   25/30  coverage=0.4003  prec@K=0.0004  accepted=6  loss=0.7921  (153.4s)
Round   26/30  coverage=0.4003  prec@K=0.0002  accepted=3  loss=0.7918  (138.4s)
Round   27/30  coverage=0.4003  prec@K=0.0003  accepted=4  loss=0.7915  (135.7s)
Round   28/30  coverage=0.4003  prec@K=0.0003  accepted=5  loss=0.7912  (131.1s)
Round   29/30  coverage=0.4003  prec@K=0.0001  accepted=1  loss=0.7913  (140.6s)
Round   30/30  coverage=0.4003  prec@K=0.0003  accepted=5  loss=0.7909  (141.3s)

结果已写入 results\online\algo_sweep_sx_askubuntu_v2_ir40_s3\sx_askubuntu_gnn_concat_h8/rounds.csv
