C:\conda\envs\gnn\lib\site-packages\requests\__init__.py:86: RequestsDependencyWarning: Unable to find acceptable character detection dependency (chardet or charset_normalizer).
  warnings.warn(
C:\conda\envs\gnn\lib\site-packages\outdated\__init__.py:36: UserWarning: pkg_resources is deprecated as an API. See https://setuptools.pypa.io/en/latest/pkg_resources.html. The pkg_resources package is slated for removal as early as 2025-11-30. Refrain from using this package or pin to Setuptools<81.
  from pkg_resources import parse_version
Round    1/30  coverage=0.4000  prec@K=0.0001  accepted=1  loss=0.5218  (45.1s)
Round    2/30  coverage=0.4000  prec@K=0.0001  accepted=2  loss=0.5204  (40.0s)
Round    3/30  coverage=0.4000  prec@K=0.0002  accepted=3  loss=0.5180  (64.1s)
Round    4/30  coverage=0.4000  prec@K=0.0001  accepted=1  loss=0.5132  (45.7s)
Round    5/30  coverage=0.4000  prec@K=0.0002  accepted=3  loss=0.5071  (90.0s)
Round    6/30  coverage=0.4000  prec@K=0.0001  accepted=2  loss=0.4990  (69.9s)
Round    7/30  coverage=0.4000  prec@K=0.0002  accepted=3  loss=0.4911  (118.7s)
Round    8/30  coverage=0.4000  prec@K=0.0002  accepted=3  loss=0.4827  (70.6s)
Round    9/30  coverage=0.4000  prec@K=0.0003  accepted=5  loss=0.4750  (130.2s)
Round   10/30  coverage=0.4000  prec@K=0.0001  accepted=1  loss=0.4664  (81.8s)
Round   11/30  coverage=0.4000  prec@K=0.0001  accepted=2  loss=0.4589  (123.4s)
Round   12/30  coverage=0.4001  prec@K=0.0003  accepted=4  loss=0.4520  (77.7s)
Round   13/30  coverage=0.4001  prec@K=0.0003  accepted=4  loss=0.4448  (122.9s)
Round   14/30  coverage=0.4001  prec@K=0.0002  accepted=3  loss=0.4383  (90.4s)
Round   15/30  coverage=0.4001  prec@K=0.0002  accepted=3  loss=0.4317  (146.6s)
Round   16/30  coverage=0.4001  prec@K=0.0003  accepted=4  loss=0.4262  (108.8s)
Round   17/30  coverage=0.4001  prec@K=0.0003  accepted=4  loss=0.4204  (133.1s)
Round   18/30  coverage=0.4001  prec@K=0.0001  accepted=1  loss=0.4156  (112.7s)
Round   19/30  coverage=0.4001  prec@K=0.0001  accepted=2  loss=0.4108  (117.4s)
Round   20/30  coverage=0.4001  prec@K=0.0001  accepted=1  loss=0.4068  (106.6s)
Round   21/30  coverage=0.4001  prec@K=0.0001  accepted=2  loss=0.4032  (122.3s)
Round   22/30  coverage=0.4001  prec@K=0.0000  accepted=0  loss=0.4001  (115.9s)
Round   23/30  coverage=0.4001  prec@K=0.0002  accepted=3  loss=0.3981  (128.4s)
Round   24/30  coverage=0.4001  prec@K=0.0001  accepted=2  loss=0.3960  (141.0s)
Round   25/30  coverage=0.4001  prec@K=0.0001  accepted=1  loss=0.3942  (151.9s)
Round   26/30  coverage=0.4001  prec@K=0.0001  accepted=2  loss=0.3933  (118.9s)
Round   27/30  coverage=0.4001  prec@K=0.0003  accepted=4  loss=0.3929  (140.1s)
Round   28/30  coverage=0.4001  prec@K=0.0001  accepted=2  loss=0.3922  (144.3s)
Round   29/30  coverage=0.4001  prec@K=0.0001  accepted=1  loss=0.3913  (158.6s)
Round   30/30  coverage=0.4001  prec@K=0.0003  accepted=4  loss=0.3921  (171.3s)

结果已写入 results\online\algo_sweep_sx_askubuntu_v2_ir40_s2\sx_askubuntu_gnn_sum_h8/rounds.csv
