C:\conda\envs\gnn\lib\site-packages\requests\__init__.py:86: RequestsDependencyWarning: Unable to find acceptable character detection dependency (chardet or charset_normalizer).
  warnings.warn(
C:\conda\envs\gnn\lib\site-packages\outdated\__init__.py:36: UserWarning: pkg_resources is deprecated as an API. See https://setuptools.pypa.io/en/latest/pkg_resources.html. The pkg_resources package is slated for removal as early as 2025-11-30. Refrain from using this package or pin to Setuptools<81.
  from pkg_resources import parse_version
Round    1/30  coverage=0.4000  prec@K=0.0015  accepted=22  loss=nan  (16.1s)
Round    2/30  coverage=0.4001  prec@K=0.0015  accepted=22  loss=nan  (13.2s)
Round    3/30  coverage=0.4001  prec@K=0.0019  accepted=28  loss=nan  (16.7s)
Round    4/30  coverage=0.4002  prec@K=0.0022  accepted=32  loss=nan  (19.8s)
Round    5/30  coverage=0.4002  prec@K=0.0014  accepted=21  loss=nan  (25.0s)
Round    6/30  coverage=0.4003  prec@K=0.0023  accepted=34  loss=nan  (29.2s)
Round    7/30  coverage=0.4003  prec@K=0.0022  accepted=32  loss=nan  (29.0s)
Round    8/30  coverage=0.4004  prec@K=0.0012  accepted=18  loss=nan  (31.8s)
Round    9/30  coverage=0.4004  prec@K=0.0018  accepted=26  loss=nan  (37.5s)
Round   10/30  coverage=0.4005  prec@K=0.0016  accepted=23  loss=nan  (38.5s)
Round   11/30  coverage=0.4005  prec@K=0.0022  accepted=32  loss=nan  (54.4s)
Round   12/30  coverage=0.4006  prec@K=0.0016  accepted=23  loss=nan  (45.4s)
Round   13/30  coverage=0.4006  prec@K=0.0020  accepted=29  loss=nan  (48.4s)
Round   14/30  coverage=0.4007  prec@K=0.0016  accepted=23  loss=nan  (53.6s)
Round   15/30  coverage=0.4007  prec@K=0.0018  accepted=27  loss=nan  (53.9s)
Round   16/30  coverage=0.4008  prec@K=0.0026  accepted=39  loss=nan  (55.3s)
Round   17/30  coverage=0.4008  prec@K=0.0016  accepted=24  loss=nan  (64.9s)
Round   18/30  coverage=0.4009  prec@K=0.0014  accepted=20  loss=nan  (60.4s)
Round   19/30  coverage=0.4009  prec@K=0.0017  accepted=25  loss=nan  (67.6s)
Round   20/30  coverage=0.4010  prec@K=0.0018  accepted=27  loss=nan  (74.8s)
Round   21/30  coverage=0.4010  prec@K=0.0015  accepted=23  loss=nan  (80.2s)
Round   22/30  coverage=0.4011  prec@K=0.0026  accepted=38  loss=nan  (74.9s)
Round   23/30  coverage=0.4011  prec@K=0.0016  accepted=23  loss=nan  (79.6s)
Round   24/30  coverage=0.4011  prec@K=0.0007  accepted=11  loss=nan  (79.5s)
Round   25/30  coverage=0.4012  prec@K=0.0018  accepted=27  loss=nan  (83.0s)
Round   26/30  coverage=0.4012  prec@K=0.0019  accepted=28  loss=nan  (89.3s)
Round   27/30  coverage=0.4013  prec@K=0.0012  accepted=18  loss=nan  (90.4s)
Round   28/30  coverage=0.4013  prec@K=0.0014  accepted=21  loss=nan  (97.0s)
Round   29/30  coverage=0.4014  prec@K=0.0015  accepted=23  loss=nan  (99.3s)
Round   30/30  coverage=0.4014  prec@K=0.0020  accepted=30  loss=nan  (99.5s)

结果已写入 results\online\algo_sweep_sx_askubuntu_v2_ir40_s2\sx_askubuntu_ground_truth/rounds.csv
