C:\conda\envs\gnn\lib\site-packages\requests\__init__.py:86: RequestsDependencyWarning: Unable to find acceptable character detection dependency (chardet or charset_normalizer).
  warnings.warn(
C:\conda\envs\gnn\lib\site-packages\outdated\__init__.py:36: UserWarning: pkg_resources is deprecated as an API. See https://setuptools.pypa.io/en/latest/pkg_resources.html. The pkg_resources package is slated for removal as early as 2025-11-30. Refrain from using this package or pin to Setuptools<81.
  from pkg_resources import parse_version
Round    1/30  coverage=0.4000  prec@K=0.0028  accepted=20  loss=nan  (4.9s)
Round    2/30  coverage=0.4001  prec@K=0.0043  accepted=31  loss=nan  (1.8s)
Round    3/30  coverage=0.4001  prec@K=0.0026  accepted=19  loss=nan  (2.3s)
Round    4/30  coverage=0.4002  prec@K=0.0029  accepted=21  loss=nan  (3.1s)
Round    5/30  coverage=0.4002  prec@K=0.0037  accepted=27  loss=nan  (2.9s)
Round    6/30  coverage=0.4003  prec@K=0.0026  accepted=19  loss=nan  (3.5s)
Round    7/30  coverage=0.4003  prec@K=0.0023  accepted=17  loss=nan  (4.0s)
Round    8/30  coverage=0.4003  prec@K=0.0019  accepted=14  loss=nan  (4.4s)
Round    9/30  coverage=0.4004  prec@K=0.0026  accepted=19  loss=nan  (5.6s)
Round   10/30  coverage=0.4004  prec@K=0.0029  accepted=21  loss=nan  (5.8s)
Round   11/30  coverage=0.4004  prec@K=0.0029  accepted=21  loss=nan  (10.0s)
Round   12/30  coverage=0.4005  prec@K=0.0036  accepted=26  loss=nan  (6.6s)
Round   13/30  coverage=0.4005  prec@K=0.0033  accepted=24  loss=nan  (7.6s)
Round   14/30  coverage=0.4006  prec@K=0.0026  accepted=19  loss=nan  (7.9s)
Round   15/30  coverage=0.4006  prec@K=0.0015  accepted=11  loss=nan  (8.9s)
Round   16/30  coverage=0.4006  prec@K=0.0023  accepted=17  loss=nan  (10.0s)
Round   17/30  coverage=0.4007  prec@K=0.0030  accepted=22  loss=nan  (10.4s)
Round   18/30  coverage=0.4007  prec@K=0.0022  accepted=16  loss=nan  (11.4s)
Round   19/30  coverage=0.4007  prec@K=0.0025  accepted=18  loss=nan  (12.0s)
Round   20/30  coverage=0.4008  prec@K=0.0021  accepted=15  loss=nan  (12.8s)
Round   21/30  coverage=0.4008  prec@K=0.0014  accepted=10  loss=nan  (15.8s)
Round   22/30  coverage=0.4008  prec@K=0.0035  accepted=26  loss=nan  (13.7s)
Round   23/30  coverage=0.4009  prec@K=0.0050  accepted=36  loss=nan  (14.0s)
Round   24/30  coverage=0.4009  prec@K=0.0016  accepted=12  loss=nan  (16.3s)
Round   25/30  coverage=0.4010  prec@K=0.0029  accepted=21  loss=nan  (16.0s)
Round   26/30  coverage=0.4010  prec@K=0.0019  accepted=14  loss=nan  (16.6s)
Round   27/30  coverage=0.4010  prec@K=0.0023  accepted=17  loss=nan  (16.1s)
Round   28/30  coverage=0.4011  prec@K=0.0023  accepted=17  loss=nan  (18.3s)
Round   29/30  coverage=0.4011  prec@K=0.0019  accepted=14  loss=nan  (19.6s)
Round   30/30  coverage=0.4011  prec@K=0.0031  accepted=23  loss=nan  (18.9s)

结果已写入 results\online\algo_sweep_slashdot_v2_ir40_s42\slashdot_random/rounds.csv
