C:\conda\envs\gnn\lib\site-packages\requests\__init__.py:86: RequestsDependencyWarning: Unable to find acceptable character detection dependency (chardet or charset_normalizer).
  warnings.warn(
C:\conda\envs\gnn\lib\site-packages\outdated\__init__.py:36: UserWarning: pkg_resources is deprecated as an API. See https://setuptools.pypa.io/en/latest/pkg_resources.html. The pkg_resources package is slated for removal as early as 2025-11-30. Refrain from using this package or pin to Setuptools<81.
  from pkg_resources import parse_version
Round    1/30  coverage=0.2503  prec@K=0.0266  accepted=64  loss=nan  (1.4s)
Round    2/30  coverage=0.2505  prec@K=0.0234  accepted=56  loss=nan  (0.2s)
Round    3/30  coverage=0.2508  prec@K=0.0292  accepted=71  loss=nan  (0.3s)
Round    4/30  coverage=0.2511  prec@K=0.0232  accepted=56  loss=nan  (0.3s)
Round    5/30  coverage=0.2513  prec@K=0.0209  accepted=51  loss=nan  (0.4s)
Round    6/30  coverage=0.2515  prec@K=0.0228  accepted=54  loss=nan  (0.3s)
Round    7/30  coverage=0.2518  prec@K=0.0241  accepted=58  loss=nan  (0.3s)
Round    8/30  coverage=0.2521  prec@K=0.0294  accepted=70  loss=nan  (0.4s)
Round    9/30  coverage=0.2525  prec@K=0.0409  accepted=98  loss=nan  (0.4s)
Round   10/30  coverage=0.2527  prec@K=0.0138  accepted=33  loss=nan  (0.4s)
Round   11/30  coverage=0.2530  prec@K=0.0286  accepted=69  loss=nan  (1.6s)
Round   12/30  coverage=0.2532  prec@K=0.0207  accepted=50  loss=nan  (0.4s)
Round   13/30  coverage=0.2535  prec@K=0.0250  accepted=60  loss=nan  (0.5s)
Round   14/30  coverage=0.2538  prec@K=0.0286  accepted=69  loss=nan  (0.6s)
Round   15/30  coverage=0.2539  prec@K=0.0170  accepted=41  loss=nan  (0.5s)
Round   16/30  coverage=0.2542  prec@K=0.0260  accepted=62  loss=nan  (0.5s)
Round   17/30  coverage=0.2544  prec@K=0.0180  accepted=43  loss=nan  (0.5s)
Round   18/30  coverage=0.2545  prec@K=0.0124  accepted=30  loss=nan  (0.6s)
Round   19/30  coverage=0.2548  prec@K=0.0267  accepted=64  loss=nan  (0.6s)
Round   20/30  coverage=0.2550  prec@K=0.0166  accepted=39  loss=nan  (0.6s)
Round   21/30  coverage=0.2551  prec@K=0.0147  accepted=35  loss=nan  (1.8s)
Round   22/30  coverage=0.2553  prec@K=0.0187  accepted=45  loss=nan  (0.7s)
Round   23/30  coverage=0.2557  prec@K=0.0312  accepted=74  loss=nan  (0.7s)
Round   24/30  coverage=0.2558  prec@K=0.0163  accepted=39  loss=nan  (0.7s)
Round   25/30  coverage=0.2561  prec@K=0.0261  accepted=63  loss=nan  (0.8s)
Round   26/30  coverage=0.2562  prec@K=0.0078  accepted=19  loss=nan  (0.8s)
Round   27/30  coverage=0.2564  prec@K=0.0226  accepted=55  loss=nan  (0.8s)
Round   28/30  coverage=0.2567  prec@K=0.0262  accepted=63  loss=nan  (0.8s)
Round   29/30  coverage=0.2571  prec@K=0.0326  accepted=79  loss=nan  (0.9s)
Round   30/30  coverage=0.2573  prec@K=0.0197  accepted=47  loss=nan  (0.8s)

结果已写入 results\online\algo_sweep_sx_mathoverflow_v2_s0\sx_mathoverflow_ground_truth/rounds.csv
