C:\conda\envs\gnn\lib\site-packages\requests\__init__.py:86: RequestsDependencyWarning: Unable to find acceptable character detection dependency (chardet or charset_normalizer).
  warnings.warn(
C:\conda\envs\gnn\lib\site-packages\outdated\__init__.py:36: UserWarning: pkg_resources is deprecated as an API. See https://setuptools.pypa.io/en/latest/pkg_resources.html. The pkg_resources package is slated for removal as early as 2025-11-30. Refrain from using this package or pin to Setuptools<81.
  from pkg_resources import parse_version
Round    1/30  coverage=0.2501  prec@K=0.0054  accepted=13  loss=0.5560  (2.8s)
Round    2/30  coverage=0.2501  prec@K=0.0050  accepted=12  loss=0.5534  (1.7s)
Round    3/30  coverage=0.2502  prec@K=0.0045  accepted=11  loss=0.5524  (1.6s)
Round    4/30  coverage=0.2502  prec@K=0.0029  accepted=7  loss=0.5501  (1.8s)
Round    5/30  coverage=0.2502  prec@K=0.0045  accepted=11  loss=0.5495  (1.5s)
Round    6/30  coverage=0.2503  prec@K=0.0042  accepted=10  loss=0.5446  (1.3s)
Round    7/30  coverage=0.2503  prec@K=0.0067  accepted=16  loss=0.5455  (1.4s)
Round    8/30  coverage=0.2504  prec@K=0.0050  accepted=12  loss=0.5411  (1.7s)
Round    9/30  coverage=0.2505  prec@K=0.0104  accepted=25  loss=0.5437  (1.5s)
Round   10/30  coverage=0.2505  prec@K=0.0025  accepted=6  loss=0.5311  (1.6s)
Round   11/30  coverage=0.2506  prec@K=0.0046  accepted=11  loss=0.5307  (2.9s)
Round   12/30  coverage=0.2507  prec@K=0.0066  accepted=16  loss=0.5288  (1.8s)
Round   13/30  coverage=0.2507  prec@K=0.0033  accepted=8  loss=0.5217  (1.9s)
Round   14/30  coverage=0.2508  prec@K=0.0075  accepted=18  loss=0.5245  (1.7s)
Round   15/30  coverage=0.2508  prec@K=0.0029  accepted=7  loss=0.5161  (1.5s)
Round   16/30  coverage=0.2508  prec@K=0.0046  accepted=11  loss=0.5148  (1.6s)
Round   17/30  coverage=0.2509  prec@K=0.0029  accepted=7  loss=0.5108  (1.6s)
Round   18/30  coverage=0.2509  prec@K=0.0033  accepted=8  loss=0.5103  (2.0s)
Round   19/30  coverage=0.2510  prec@K=0.0063  accepted=15  loss=0.5136  (2.2s)
Round   20/30  coverage=0.2510  prec@K=0.0051  accepted=12  loss=0.5113  (2.1s)
Round   21/30  coverage=0.2510  prec@K=0.0017  accepted=4  loss=0.5022  (3.2s)
Round   22/30  coverage=0.2511  prec@K=0.0025  accepted=6  loss=0.4992  (1.8s)
Round   23/30  coverage=0.2511  prec@K=0.0042  accepted=10  loss=0.5021  (1.5s)
Round   24/30  coverage=0.2512  prec@K=0.0038  accepted=9  loss=0.5013  (1.6s)
Round   25/30  coverage=0.2512  prec@K=0.0041  accepted=10  loss=0.5011  (2.4s)
Round   26/30  coverage=0.2512  prec@K=0.0033  accepted=8  loss=0.5013  (5.7s)
Round   27/30  coverage=0.2513  prec@K=0.0041  accepted=10  loss=0.5024  (2.8s)
Round   28/30  coverage=0.2513  prec@K=0.0042  accepted=10  loss=0.4976  (2.9s)
Round   29/30  coverage=0.2514  prec@K=0.0062  accepted=15  loss=0.5014  (1.7s)
Round   30/30  coverage=0.2515  prec@K=0.0067  accepted=16  loss=0.5035  (1.8s)

结果已写入 results\online\algo_sweep_sx_mathoverflow_v2_s0\sx_mathoverflow_gnn_sum_h8/rounds.csv
