C:\conda\envs\gnn\lib\site-packages\requests\__init__.py:86: RequestsDependencyWarning: Unable to find acceptable character detection dependency (chardet or charset_normalizer).
  warnings.warn(
C:\conda\envs\gnn\lib\site-packages\outdated\__init__.py:36: UserWarning: pkg_resources is deprecated as an API. See https://setuptools.pypa.io/en/latest/pkg_resources.html. The pkg_resources package is slated for removal as early as 2025-11-30. Refrain from using this package or pin to Setuptools<81.
  from pkg_resources import parse_version
Round    1/30  coverage=0.2501  prec@K=0.0116  accepted=28  loss=0.6704  (1.5s)
Round    2/30  coverage=0.2502  prec@K=0.0117  accepted=28  loss=0.6704  (0.3s)
Round    3/30  coverage=0.2504  prec@K=0.0115  accepted=28  loss=0.6683  (0.3s)
Round    4/30  coverage=0.2505  prec@K=0.0124  accepted=30  loss=0.6677  (0.3s)
Round    5/30  coverage=0.2506  prec@K=0.0107  accepted=26  loss=0.6652  (0.4s)
Round    6/30  coverage=0.2507  prec@K=0.0110  accepted=26  loss=0.6630  (0.4s)
Round    7/30  coverage=0.2508  prec@K=0.0062  accepted=15  loss=0.6633  (0.4s)
Round    8/30  coverage=0.2509  prec@K=0.0113  accepted=27  loss=0.6618  (0.4s)
Round    9/30  coverage=0.2511  prec@K=0.0154  accepted=37  loss=0.6632  (0.5s)
Round   10/30  coverage=0.2511  prec@K=0.0050  accepted=12  loss=0.6622  (0.5s)
Round   11/30  coverage=0.2512  prec@K=0.0104  accepted=25  loss=0.6602  (1.5s)
Round   12/30  coverage=0.2513  prec@K=0.0087  accepted=21  loss=0.6595  (0.5s)
Round   13/30  coverage=0.2515  prec@K=0.0121  accepted=29  loss=0.6582  (0.5s)
Round   14/30  coverage=0.2516  prec@K=0.0116  accepted=28  loss=0.6576  (0.6s)
Round   15/30  coverage=0.2517  prec@K=0.0083  accepted=20  loss=0.6526  (0.5s)
Round   16/30  coverage=0.2518  prec@K=0.0143  accepted=34  loss=0.6526  (0.6s)
Round   17/30  coverage=0.2519  prec@K=0.0071  accepted=17  loss=0.6527  (0.7s)
Round   18/30  coverage=0.2520  prec@K=0.0087  accepted=21  loss=0.6539  (0.7s)
Round   19/30  coverage=0.2521  prec@K=0.0138  accepted=33  loss=0.6517  (0.6s)
Round   20/30  coverage=0.2522  prec@K=0.0068  accepted=16  loss=0.6500  (0.6s)
Round   21/30  coverage=0.2523  prec@K=0.0055  accepted=13  loss=0.6500  (1.7s)
Round   22/30  coverage=0.2523  prec@K=0.0062  accepted=15  loss=0.6480  (0.8s)
Round   23/30  coverage=0.2524  prec@K=0.0118  accepted=28  loss=0.6469  (0.8s)
Round   24/30  coverage=0.2525  prec@K=0.0058  accepted=14  loss=0.6463  (0.7s)
Round   25/30  coverage=0.2526  prec@K=0.0104  accepted=25  loss=0.6467  (0.9s)
Round   26/30  coverage=0.2527  prec@K=0.0041  accepted=10  loss=0.6431  (0.9s)
Round   27/30  coverage=0.2528  prec@K=0.0148  accepted=36  loss=0.6457  (0.8s)
Round   28/30  coverage=0.2529  prec@K=0.0083  accepted=20  loss=0.6412  (0.8s)
Round   29/30  coverage=0.2531  prec@K=0.0149  accepted=36  loss=0.6425  (0.9s)
Round   30/30  coverage=0.2532  prec@K=0.0121  accepted=29  loss=0.6395  (0.9s)

结果已写入 results\online\algo_sweep_sx_mathoverflow_v2_s0\sx_mathoverflow_mlp/rounds.csv
