=== advogato_cn_s2  started 2026-05-07T16:02:26 ===

C:\conda\envs\gnn\lib\site-packages\requests\__init__.py:86: RequestsDependencyWarning: Unable to find acceptable character detection dependency (chardet or charset_normalizer).
  warnings.warn(
C:\conda\envs\gnn\lib\site-packages\outdated\__init__.py:36: UserWarning: pkg_resources is deprecated as an API. See https://setuptools.pypa.io/en/latest/pkg_resources.html. The pkg_resources package is slated for removal as early as 2025-11-30. Refrain from using this package or pin to Setuptools<81.
  from pkg_resources import parse_version
Round    1/30  coverage=0.4064  prec@K=0.0634  accepted=302  auc=0.8908  uauc=0.6896  loss=nan  (0.4s)
Round    2/30  coverage=0.4137  prec@K=0.0726  accepted=346  auc=0.8789  uauc=0.6404  loss=nan  (0.2s)
Round    3/30  coverage=0.4199  prec@K=0.0609  accepted=291  auc=0.8843  uauc=0.6473  loss=nan  (0.3s)
Round    4/30  coverage=0.4260  prec@K=0.0594  accepted=288  auc=0.8704  uauc=0.5934  loss=nan  (0.3s)
Round    5/30  coverage=0.4316  prec@K=0.0541  accepted=264  auc=0.8933  uauc=0.6636  loss=nan  (0.3s)
Round    6/30  coverage=0.4372  prec@K=0.0546  accepted=264  auc=0.9068  uauc=0.6528  loss=nan  (0.4s)
Round    7/30  coverage=0.4428  prec@K=0.0544  accepted=264  auc=0.8669  uauc=0.5881  loss=nan  (0.4s)
Round    8/30  coverage=0.4479  prec@K=0.0499  accepted=240  auc=0.8936  uauc=0.5979  loss=nan  (0.5s)
Round    9/30  coverage=0.4520  prec@K=0.0394  accepted=193  auc=0.8838  uauc=0.6136  loss=nan  (0.6s)
Round   10/30  coverage=0.4564  prec@K=0.0426  accepted=207  auc=0.9069  uauc=0.6338  loss=nan  (0.5s)
Round   11/30  coverage=0.4616  prec@K=0.0501  accepted=245  auc=0.8837  uauc=0.5945  loss=nan  (0.8s)
Round   12/30  coverage=0.4656  prec@K=0.0381  accepted=186  auc=0.8864  uauc=0.6428  loss=nan  (0.6s)
Round   13/30  coverage=0.4699  prec@K=0.0425  accepted=206  auc=0.8985  uauc=0.6500  loss=nan  (0.6s)
Round   14/30  coverage=0.4735  prec@K=0.0351  accepted=170  auc=0.9084  uauc=0.5887  loss=nan  (0.7s)
Round   15/30  coverage=0.4780  prec@K=0.0432  accepted=210  auc=0.8726  uauc=0.5966  loss=nan  (0.6s)
Round   16/30  coverage=0.4816  prec@K=0.0346  accepted=169  auc=0.8678  uauc=0.5881  loss=nan  (0.7s)
Round   17/30  coverage=0.4852  prec@K=0.0344  accepted=170  auc=0.9070  uauc=0.5996  loss=nan  (0.7s)
Round   18/30  coverage=0.4882  prec@K=0.0288  accepted=140  auc=0.9053  uauc=0.6248  loss=nan  (0.8s)
Round   19/30  coverage=0.4914  prec@K=0.0315  accepted=154  auc=0.9026  uauc=0.5744  loss=nan  (0.8s)
Round   20/30  coverage=0.4949  prec@K=0.0341  accepted=166  auc=0.8931  uauc=0.6011  loss=nan  (0.9s)
Round   21/30  coverage=0.4983  prec@K=0.0323  accepted=159  auc=0.8805  uauc=0.6189  loss=nan  (1.3s)
Round   22/30  coverage=0.5011  prec@K=0.0269  accepted=130  auc=0.8920  uauc=0.5653  loss=nan  (1.1s)
Round   23/30  coverage=0.5039  prec@K=0.0272  accepted=133  auc=0.8967  uauc=0.6104  loss=nan  (1.0s)
Round   24/30  coverage=0.5066  prec@K=0.0263  accepted=126  auc=0.8943  uauc=0.6255  loss=nan  (1.0s)
Round   25/30  coverage=0.5097  prec@K=0.0299  accepted=147  auc=0.8845  uauc=0.5923  loss=nan  (1.0s)
Round   26/30  coverage=0.5119  prec@K=0.0217  accepted=106  auc=0.8531  uauc=0.5935  loss=nan  (1.0s)
Round   27/30  coverage=0.5143  prec@K=0.0228  accepted=111  auc=0.9053  uauc=0.5707  loss=nan  (1.1s)
Round   28/30  coverage=0.5166  prec@K=0.0227  accepted=111  auc=0.8841  uauc=0.5524  loss=nan  (1.2s)
Round   29/30  coverage=0.5184  prec@K=0.0173  accepted=85  auc=0.8992  uauc=0.5165  loss=nan  (1.2s)
Round   30/30  coverage=0.5204  prec@K=0.0186  accepted=92  auc=0.9177  uauc=0.5476  loss=nan  (1.2s)

结果已写入 results\orchestrator\runs\ir40_constlr5e5_multiseed\advogato\cn_s2/rounds.csv
