=== advogato_gnn_sum_s3  started 2026-05-07T16:18:05 ===

C:\conda\envs\gnn\lib\site-packages\requests\__init__.py:86: RequestsDependencyWarning: Unable to find acceptable character detection dependency (chardet or charset_normalizer).
  warnings.warn(
C:\conda\envs\gnn\lib\site-packages\outdated\__init__.py:36: UserWarning: pkg_resources is deprecated as an API. See https://setuptools.pypa.io/en/latest/pkg_resources.html. The pkg_resources package is slated for removal as early as 2025-11-30. Refrain from using this package or pin to Setuptools<81.
  from pkg_resources import parse_version
Round    1/30  coverage=0.4046  prec@K=0.0449  accepted=217  auc=0.6410  uauc=0.6373  loss=0.7446  (5.7s)
Round    2/30  coverage=0.4084  prec@K=0.0380  accepted=180  auc=0.6173  uauc=0.5667  loss=0.7436  (4.8s)
Round    3/30  coverage=0.4112  prec@K=0.0283  accepted=132  auc=0.5769  uauc=0.5742  loss=0.7433  (4.4s)
Round    4/30  coverage=0.4139  prec@K=0.0259  accepted=124  auc=0.6164  uauc=0.6275  loss=0.7424  (4.7s)
Round    5/30  coverage=0.4167  prec@K=0.0289  accepted=136  auc=0.5663  uauc=0.5592  loss=0.7396  (4.8s)
Round    6/30  coverage=0.4188  prec@K=0.0207  accepted=99  auc=0.5989  uauc=0.5365  loss=0.7398  (4.4s)
Round    7/30  coverage=0.4203  prec@K=0.0141  accepted=69  auc=0.5478  uauc=0.5115  loss=0.7364  (4.8s)
Round    8/30  coverage=0.4216  prec@K=0.0131  accepted=63  auc=0.5265  uauc=0.5604  loss=0.7345  (4.8s)
Round    9/30  coverage=0.4232  prec@K=0.0153  accepted=74  auc=0.5135  uauc=0.5515  loss=0.7310  (5.1s)
Round   10/30  coverage=0.4247  prec@K=0.0143  accepted=69  auc=0.5349  uauc=0.5740  loss=0.7307  (4.9s)
Round   11/30  coverage=0.4263  prec@K=0.0161  accepted=78  auc=0.4719  uauc=0.4772  loss=0.7280  (5.4s)
Round   12/30  coverage=0.4273  prec@K=0.0091  accepted=44  auc=0.4494  uauc=0.4814  loss=0.7257  (5.1s)
Round   13/30  coverage=0.4283  prec@K=0.0098  accepted=47  auc=0.5354  uauc=0.5056  loss=0.7234  (5.4s)
Round   14/30  coverage=0.4294  prec@K=0.0116  accepted=56  auc=0.5054  uauc=0.5164  loss=0.7215  (5.3s)
Round   15/30  coverage=0.4307  prec@K=0.0117  accepted=57  auc=0.4564  uauc=0.5341  loss=0.7185  (5.3s)
Round   16/30  coverage=0.4317  prec@K=0.0103  accepted=50  auc=0.4251  uauc=0.4582  loss=0.7178  (5.3s)
Round   17/30  coverage=0.4327  prec@K=0.0097  accepted=47  auc=0.4969  uauc=0.5743  loss=0.7163  (5.4s)
Round   18/30  coverage=0.4337  prec@K=0.0095  accepted=45  auc=0.3795  uauc=0.4616  loss=0.7113  (5.4s)
Round   19/30  coverage=0.4346  prec@K=0.0086  accepted=42  auc=0.4460  uauc=0.4533  loss=0.7099  (5.6s)
Round   20/30  coverage=0.4354  prec@K=0.0083  accepted=40  auc=0.4755  uauc=0.5053  loss=0.7084  (5.5s)
Round   21/30  coverage=0.4360  prec@K=0.0054  accepted=26  auc=0.5625  uauc=0.5782  loss=0.7059  (5.7s)
Round   22/30  coverage=0.4367  prec@K=0.0071  accepted=34  auc=0.4567  uauc=0.3974  loss=0.7037  (6.0s)
Round   23/30  coverage=0.4373  prec@K=0.0065  accepted=31  auc=0.5428  uauc=0.4415  loss=0.7020  (5.4s)
Round   24/30  coverage=0.4380  prec@K=0.0064  accepted=31  auc=0.4549  uauc=0.5028  loss=0.6981  (5.7s)
Round   25/30  coverage=0.4385  prec@K=0.0046  accepted=22  auc=0.2909  uauc=0.4883  loss=0.6956  (5.7s)
Round   26/30  coverage=0.4390  prec@K=0.0048  accepted=23  auc=0.3539  uauc=0.6867  loss=0.6935  (6.1s)
Round   27/30  coverage=0.4393  prec@K=0.0037  accepted=18  auc=0.3365  uauc=0.5118  loss=0.6923  (5.7s)
Round   28/30  coverage=0.4397  prec@K=0.0035  accepted=17  auc=0.2794  uauc=0.5227  loss=0.6878  (6.0s)
Round   29/30  coverage=0.4401  prec@K=0.0041  accepted=20  auc=0.2286  uauc=0.4625  loss=0.6893  (6.0s)
Round   30/30  coverage=0.4404  prec@K=0.0023  accepted=11  auc=0.3829  uauc=0.6481  loss=0.6846  (6.2s)

结果已写入 results\orchestrator\runs\ir40_constlr5e5_multiseed\advogato\gnn_sum_s3/rounds.csv
