=== advogato_random_s3  started 2026-05-07T16:27:25 ===

C:\conda\envs\gnn\lib\site-packages\requests\__init__.py:86: RequestsDependencyWarning: Unable to find acceptable character detection dependency (chardet or charset_normalizer).
  warnings.warn(
C:\conda\envs\gnn\lib\site-packages\outdated\__init__.py:36: UserWarning: pkg_resources is deprecated as an API. See https://setuptools.pypa.io/en/latest/pkg_resources.html. The pkg_resources package is slated for removal as early as 2025-11-30. Refrain from using this package or pin to Setuptools<81.
  from pkg_resources import parse_version
Round    1/30  coverage=0.4032  prec@K=0.0308  accepted=149  loss=nan  (0.2s)
Round    2/30  coverage=0.4062  prec@K=0.0302  accepted=143  loss=nan  (0.1s)
Round    3/30  coverage=0.4084  prec@K=0.0227  accepted=106  loss=nan  (0.1s)
Round    4/30  coverage=0.4108  prec@K=0.0234  accepted=112  loss=nan  (0.2s)
Round    5/30  coverage=0.4135  prec@K=0.0266  accepted=125  loss=nan  (0.2s)
Round    6/30  coverage=0.4156  prec@K=0.0205  accepted=98  loss=nan  (0.2s)
Round    7/30  coverage=0.4174  prec@K=0.0182  accepted=89  loss=nan  (0.3s)
Round    8/30  coverage=0.4196  prec@K=0.0215  accepted=104  loss=nan  (0.3s)
Round    9/30  coverage=0.4220  prec@K=0.0228  accepted=111  loss=nan  (0.4s)
Round   10/30  coverage=0.4246  prec@K=0.0252  accepted=122  loss=nan  (0.4s)
Round   11/30  coverage=0.4269  prec@K=0.0221  accepted=107  loss=nan  (0.6s)
Round   12/30  coverage=0.4283  prec@K=0.0143  accepted=69  loss=nan  (0.5s)
Round   13/30  coverage=0.4304  prec@K=0.0208  accepted=100  loss=nan  (0.5s)
Round   14/30  coverage=0.4325  prec@K=0.0199  accepted=96  loss=nan  (0.5s)
Round   15/30  coverage=0.4345  prec@K=0.0189  accepted=93  loss=nan  (0.7s)
Round   16/30  coverage=0.4363  prec@K=0.0177  accepted=86  loss=nan  (0.6s)
Round   17/30  coverage=0.4382  prec@K=0.0186  accepted=90  loss=nan  (0.6s)
Round   18/30  coverage=0.4402  prec@K=0.0194  accepted=93  loss=nan  (0.7s)
Round   19/30  coverage=0.4420  prec@K=0.0179  accepted=87  loss=nan  (0.7s)
Round   20/30  coverage=0.4437  prec@K=0.0165  accepted=80  loss=nan  (0.8s)
Round   21/30  coverage=0.4456  prec@K=0.0184  accepted=89  loss=nan  (1.0s)
Round   22/30  coverage=0.4474  prec@K=0.0180  accepted=87  loss=nan  (0.8s)
Round   23/30  coverage=0.4489  prec@K=0.0148  accepted=71  loss=nan  (1.0s)
Round   24/30  coverage=0.4506  prec@K=0.0158  accepted=77  loss=nan  (1.0s)
Round   25/30  coverage=0.4519  prec@K=0.0126  accepted=61  loss=nan  (1.0s)
Round   26/30  coverage=0.4531  prec@K=0.0123  accepted=59  loss=nan  (1.1s)
Round   27/30  coverage=0.4542  prec@K=0.0106  accepted=51  loss=nan  (1.1s)
Round   28/30  coverage=0.4555  prec@K=0.0123  accepted=60  loss=nan  (1.3s)
Round   29/30  coverage=0.4566  prec@K=0.0111  accepted=54  loss=nan  (1.1s)
Round   30/30  coverage=0.4581  prec@K=0.0145  accepted=70  loss=nan  (1.1s)

结果已写入 results\orchestrator\runs\ir40_constlr5e5_multiseed\advogato\random_s3/rounds.csv
