=== advogato_gnn_concat_h8_s3  started 2026-05-07T16:11:54 ===

C:\conda\envs\gnn\lib\site-packages\requests\__init__.py:86: RequestsDependencyWarning: Unable to find acceptable character detection dependency (chardet or charset_normalizer).
  warnings.warn(
C:\conda\envs\gnn\lib\site-packages\outdated\__init__.py:36: UserWarning: pkg_resources is deprecated as an API. See https://setuptools.pypa.io/en/latest/pkg_resources.html. The pkg_resources package is slated for removal as early as 2025-11-30. Refrain from using this package or pin to Setuptools<81.
  from pkg_resources import parse_version
Round    1/30  coverage=0.4028  prec@K=0.0273  accepted=132  auc=0.4289  uauc=0.5799  loss=0.8198  (5.8s)
Round    2/30  coverage=0.4053  prec@K=0.0254  accepted=120  auc=0.3372  uauc=0.5587  loss=0.8207  (4.7s)
Round    3/30  coverage=0.4073  prec@K=0.0195  accepted=91  auc=0.3069  uauc=0.5136  loss=0.8221  (4.4s)
Round    4/30  coverage=0.4092  prec@K=0.0186  accepted=89  auc=0.3889  uauc=0.6083  loss=0.8233  (4.7s)
Round    5/30  coverage=0.4114  prec@K=0.0225  accepted=106  auc=0.4289  uauc=0.5936  loss=0.8223  (4.7s)
Round    6/30  coverage=0.4129  prec@K=0.0148  accepted=71  auc=0.3733  uauc=0.5136  loss=0.8252  (4.5s)
Round    7/30  coverage=0.4143  prec@K=0.0131  accepted=64  auc=0.4140  uauc=0.5581  loss=0.8257  (4.8s)
Round    8/30  coverage=0.4156  prec@K=0.0133  accepted=64  auc=0.3964  uauc=0.5416  loss=0.8257  (4.9s)
Round    9/30  coverage=0.4171  prec@K=0.0144  accepted=70  auc=0.3769  uauc=0.5903  loss=0.8253  (6.4s)
Round   10/30  coverage=0.4187  prec@K=0.0153  accepted=74  auc=0.4257  uauc=0.4587  loss=0.8250  (5.4s)
Round   11/30  coverage=0.4203  prec@K=0.0155  accepted=75  auc=0.4391  uauc=0.6159  loss=0.8248  (6.0s)
Round   12/30  coverage=0.4214  prec@K=0.0110  accepted=53  auc=0.3999  uauc=0.5484  loss=0.8266  (6.2s)
Round   13/30  coverage=0.4229  prec@K=0.0150  accepted=72  auc=0.4139  uauc=0.6455  loss=0.8246  (6.3s)
Round   14/30  coverage=0.4244  prec@K=0.0139  accepted=67  auc=0.3806  uauc=0.5124  loss=0.8255  (6.4s)
Round   15/30  coverage=0.4258  prec@K=0.0135  accepted=66  auc=0.3742  uauc=0.7108  loss=0.8252  (6.4s)
Round   16/30  coverage=0.4273  prec@K=0.0149  accepted=72  auc=0.4244  uauc=0.6102  loss=0.8248  (6.4s)
Round   17/30  coverage=0.4288  prec@K=0.0144  accepted=70  auc=0.4442  uauc=0.7075  loss=0.8249  (6.6s)
Round   18/30  coverage=0.4302  prec@K=0.0145  accepted=69  auc=0.3524  uauc=0.6368  loss=0.8245  (6.3s)
Round   19/30  coverage=0.4316  prec@K=0.0129  accepted=63  auc=0.3666  uauc=0.6332  loss=0.8255  (7.1s)
Round   20/30  coverage=0.4328  prec@K=0.0116  accepted=56  auc=0.3656  uauc=0.6675  loss=0.8255  (6.7s)
Round   21/30  coverage=0.4339  prec@K=0.0112  accepted=54  auc=0.3853  uauc=0.6842  loss=0.8259  (7.3s)
Round   22/30  coverage=0.4352  prec@K=0.0129  accepted=62  auc=0.4002  uauc=0.6981  loss=0.8253  (7.4s)
Round   23/30  coverage=0.4363  prec@K=0.0104  accepted=50  auc=0.4015  uauc=0.7367  loss=0.8258  (6.4s)
Round   24/30  coverage=0.4377  prec@K=0.0136  accepted=66  auc=0.3727  uauc=0.7867  loss=0.8241  (7.1s)
Round   25/30  coverage=0.4387  prec@K=0.0099  accepted=48  auc=0.3698  uauc=0.6914  loss=0.8258  (7.4s)
Round   26/30  coverage=0.4395  prec@K=0.0079  accepted=38  auc=0.3813  uauc=0.7798  loss=0.8267  (7.5s)
Round   27/30  coverage=0.4401  prec@K=0.0056  accepted=27  auc=0.3487  uauc=0.6486  loss=0.8276  (7.6s)
Round   28/30  coverage=0.4408  prec@K=0.0074  accepted=36  auc=0.3706  uauc=0.7125  loss=0.8263  (6.7s)
Round   29/30  coverage=0.4417  prec@K=0.0080  accepted=39  auc=0.3819  uauc=0.7296  loss=0.8262  (6.1s)
Round   30/30  coverage=0.4425  prec@K=0.0085  accepted=41  auc=0.3872  uauc=0.7533  loss=0.8260  (6.4s)

结果已写入 results\orchestrator\runs\ir40_constlr5e5_multiseed\advogato\gnn_concat_h8_s3/rounds.csv
