=== bitcoin_otc_jaccard_s42  started 2026-05-07T16:55:12 ===

C:\conda\envs\gnn\lib\site-packages\requests\__init__.py:86: RequestsDependencyWarning: Unable to find acceptable character detection dependency (chardet or charset_normalizer).
  warnings.warn(
C:\conda\envs\gnn\lib\site-packages\outdated\__init__.py:36: UserWarning: pkg_resources is deprecated as an API. See https://setuptools.pypa.io/en/latest/pkg_resources.html. The pkg_resources package is slated for removal as early as 2025-11-30. Refrain from using this package or pin to Setuptools<81.
  from pkg_resources import parse_version
Round    1/30  coverage=0.4009  prec@K=0.0060  accepted=33  auc=0.5942  uauc=0.5138  loss=nan  (0.3s)
Round    2/30  coverage=0.4027  prec@K=0.0115  accepted=63  auc=0.5875  uauc=0.5513  loss=nan  (0.2s)
Round    3/30  coverage=0.4046  prec@K=0.0127  accepted=70  auc=0.6013  uauc=0.5497  loss=nan  (0.3s)
Round    4/30  coverage=0.4069  prec@K=0.0143  accepted=79  auc=0.5978  uauc=0.5018  loss=nan  (0.4s)
Round    5/30  coverage=0.4085  prec@K=0.0104  accepted=57  auc=0.6131  uauc=0.6917  loss=nan  (0.4s)
Round    6/30  coverage=0.4097  prec@K=0.0081  accepted=45  auc=0.5453  uauc=0.4984  loss=nan  (0.5s)
Round    7/30  coverage=0.4116  prec@K=0.0117  accepted=65  auc=0.6032  uauc=0.5075  loss=nan  (0.5s)
Round    8/30  coverage=0.4129  prec@K=0.0088  accepted=48  auc=0.5901  uauc=0.5324  loss=nan  (0.5s)
Round    9/30  coverage=0.4138  prec@K=0.0059  accepted=32  auc=0.5786  uauc=0.4578  loss=nan  (0.6s)
Round   10/30  coverage=0.4148  prec@K=0.0062  accepted=34  auc=0.5592  uauc=0.5236  loss=nan  (0.6s)
Round   11/30  coverage=0.4162  prec@K=0.0092  accepted=50  auc=0.5495  uauc=0.4896  loss=nan  (0.8s)
Round   12/30  coverage=0.4175  prec@K=0.0086  accepted=47  auc=0.5722  uauc=0.5160  loss=nan  (0.7s)
Round   13/30  coverage=0.4186  prec@K=0.0075  accepted=41  auc=0.5998  uauc=0.4573  loss=nan  (0.8s)
Round   14/30  coverage=0.4202  prec@K=0.0101  accepted=55  auc=0.6006  uauc=0.5350  loss=nan  (0.8s)
Round   15/30  coverage=0.4210  prec@K=0.0053  accepted=29  auc=0.5813  uauc=0.4596  loss=nan  (0.8s)
Round   16/30  coverage=0.4218  prec@K=0.0053  accepted=29  auc=0.6155  uauc=0.5527  loss=nan  (0.9s)
Round   17/30  coverage=0.4227  prec@K=0.0055  accepted=30  auc=0.5918  uauc=0.5610  loss=nan  (0.9s)
Round   18/30  coverage=0.4239  prec@K=0.0082  accepted=45  auc=0.6088  uauc=0.6034  loss=nan  (1.0s)
Round   19/30  coverage=0.4250  prec@K=0.0070  accepted=38  auc=0.6021  uauc=0.6437  loss=nan  (1.1s)
Round   20/30  coverage=0.4263  prec@K=0.0083  accepted=46  auc=0.5510  uauc=0.5458  loss=nan  (1.1s)
Round   21/30  coverage=0.4274  prec@K=0.0072  accepted=40  auc=0.5995  uauc=0.5354  loss=nan  (1.4s)
Round   22/30  coverage=0.4284  prec@K=0.0064  accepted=35  auc=0.6212  uauc=0.5407  loss=nan  (1.3s)
Round   23/30  coverage=0.4296  prec@K=0.0080  accepted=43  auc=0.5939  uauc=0.6048  loss=nan  (1.3s)
Round   24/30  coverage=0.4308  prec@K=0.0078  accepted=43  auc=0.5999  uauc=0.5936  loss=nan  (1.4s)
Round   25/30  coverage=0.4314  prec@K=0.0036  accepted=20  auc=0.5800  uauc=0.5649  loss=nan  (1.4s)
Round   26/30  coverage=0.4320  prec@K=0.0038  accepted=21  auc=0.5888  uauc=0.6861  loss=nan  (1.4s)
Round   27/30  coverage=0.4335  prec@K=0.0100  accepted=56  auc=0.5524  uauc=0.5077  loss=nan  (1.4s)
Round   28/30  coverage=0.4344  prec@K=0.0056  accepted=31  auc=0.5780  uauc=0.5639  loss=nan  (1.4s)
Round   29/30  coverage=0.4352  prec@K=0.0054  accepted=29  auc=0.5179  uauc=0.5930  loss=nan  (1.4s)
Round   30/30  coverage=0.4359  prec@K=0.0047  accepted=26  auc=0.5504  uauc=0.6268  loss=nan  (1.6s)

结果已写入 results\orchestrator\runs\ir40_constlr5e5_multiseed\bitcoin_otc\jaccard_s42/rounds.csv
