=== bitcoin_alpha_jaccard_s42  started 2026-05-07T15:59:43 ===

C:\conda\envs\gnn\lib\site-packages\requests\__init__.py:86: RequestsDependencyWarning: Unable to find acceptable character detection dependency (chardet or charset_normalizer).
  warnings.warn(
C:\conda\envs\gnn\lib\site-packages\outdated\__init__.py:36: UserWarning: pkg_resources is deprecated as an API. See https://setuptools.pypa.io/en/latest/pkg_resources.html. The pkg_resources package is slated for removal as early as 2025-11-30. Refrain from using this package or pin to Setuptools<81.
  from pkg_resources import parse_version
Round    1/30  coverage=0.4020  prec@K=0.0137  accepted=48  auc=0.5369  uauc=0.3778  loss=nan  (0.2s)
Round    2/30  coverage=0.4041  prec@K=0.0146  accepted=51  auc=0.5716  uauc=0.4478  loss=nan  (0.1s)
Round    3/30  coverage=0.4061  prec@K=0.0140  accepted=49  auc=0.5438  uauc=0.5078  loss=nan  (0.2s)
Round    4/30  coverage=0.4084  prec@K=0.0159  accepted=55  auc=0.5588  uauc=0.4672  loss=nan  (0.2s)
Round    5/30  coverage=0.4106  prec@K=0.0153  accepted=53  auc=0.6173  uauc=0.5462  loss=nan  (0.2s)
Round    6/30  coverage=0.4119  prec@K=0.0096  accepted=33  auc=0.5360  uauc=0.4752  loss=nan  (0.2s)
Round    7/30  coverage=0.4138  prec@K=0.0127  accepted=44  auc=0.5728  uauc=0.3865  loss=nan  (0.2s)
Round    8/30  coverage=0.4157  prec@K=0.0132  accepted=46  auc=0.5383  uauc=0.4576  loss=nan  (0.2s)
Round    9/30  coverage=0.4170  prec@K=0.0091  accepted=32  auc=0.5645  uauc=0.4131  loss=nan  (0.2s)
Round   10/30  coverage=0.4193  prec@K=0.0159  accepted=56  auc=0.5399  uauc=0.5779  loss=nan  (0.3s)
Round   11/30  coverage=0.4198  prec@K=0.0037  accepted=13  auc=0.5914  uauc=0.4741  loss=nan  (0.4s)
Round   12/30  coverage=0.4220  prec@K=0.0149  accepted=52  auc=0.5945  uauc=0.6751  loss=nan  (0.3s)
Round   13/30  coverage=0.4243  prec@K=0.0159  accepted=56  auc=0.5351  uauc=0.6507  loss=nan  (0.3s)
Round   14/30  coverage=0.4260  prec@K=0.0117  accepted=42  auc=0.5961  uauc=0.6268  loss=nan  (0.4s)
Round   15/30  coverage=0.4272  prec@K=0.0082  accepted=29  auc=0.5544  uauc=0.4826  loss=nan  (0.3s)
Round   16/30  coverage=0.4281  prec@K=0.0058  accepted=20  auc=0.5257  uauc=0.4590  loss=nan  (0.3s)
Round   17/30  coverage=0.4295  prec@K=0.0100  accepted=35  auc=0.5621  uauc=0.5455  loss=nan  (0.4s)
Round   18/30  coverage=0.4305  prec@K=0.0071  accepted=25  auc=0.5107  uauc=0.5805  loss=nan  (0.4s)
Round   19/30  coverage=0.4314  prec@K=0.0060  accepted=21  auc=0.5365  uauc=0.4733  loss=nan  (0.4s)
Round   20/30  coverage=0.4327  prec@K=0.0091  accepted=32  auc=0.5892  uauc=0.4705  loss=nan  (0.5s)
Round   21/30  coverage=0.4343  prec@K=0.0107  accepted=37  auc=0.5834  uauc=0.6841  loss=nan  (0.6s)
Round   22/30  coverage=0.4348  prec@K=0.0034  accepted=12  auc=0.5284  uauc=0.6875  loss=nan  (0.4s)
Round   23/30  coverage=0.4358  prec@K=0.0073  accepted=26  auc=0.5357  uauc=0.3807  loss=nan  (0.5s)
Round   24/30  coverage=0.4374  prec@K=0.0108  accepted=38  auc=0.5378  uauc=0.6078  loss=nan  (0.4s)
Round   25/30  coverage=0.4377  prec@K=0.0020  accepted=7  auc=0.5393  uauc=0.5476  loss=nan  (0.5s)
Round   26/30  coverage=0.4388  prec@K=0.0073  accepted=26  auc=0.5541  uauc=0.5012  loss=nan  (0.5s)
Round   27/30  coverage=0.4395  prec@K=0.0051  accepted=18  auc=0.5893  uauc=0.5496  loss=nan  (0.6s)
Round   28/30  coverage=0.4405  prec@K=0.0066  accepted=23  auc=0.5096  uauc=0.4629  loss=nan  (0.5s)
Round   29/30  coverage=0.4412  prec@K=0.0048  accepted=17  auc=0.5666  uauc=0.4744  loss=nan  (0.6s)
Round   30/30  coverage=0.4420  prec@K=0.0060  accepted=21  auc=0.5533  uauc=0.5574  loss=nan  (0.6s)

结果已写入 results\orchestrator\runs\ir40_constlr5e5_multiseed\bitcoin_alpha\jaccard_s42/rounds.csv
