=== bitcoin_otc_cn_s1  started 2026-05-07T16:31:05 ===

C:\conda\envs\gnn\lib\site-packages\requests\__init__.py:86: RequestsDependencyWarning: Unable to find acceptable character detection dependency (chardet or charset_normalizer).
  warnings.warn(
C:\conda\envs\gnn\lib\site-packages\outdated\__init__.py:36: UserWarning: pkg_resources is deprecated as an API. See https://setuptools.pypa.io/en/latest/pkg_resources.html. The pkg_resources package is slated for removal as early as 2025-11-30. Refrain from using this package or pin to Setuptools<81.
  from pkg_resources import parse_version
Round    1/30  coverage=0.4028  prec@K=0.0186  accepted=100  auc=0.8930  uauc=0.6014  loss=nan  (0.3s)
Round    2/30  coverage=0.4060  prec@K=0.0216  accepted=115  auc=0.9030  uauc=0.6610  loss=nan  (0.2s)
Round    3/30  coverage=0.4086  prec@K=0.0173  accepted=93  auc=0.9131  uauc=0.6434  loss=nan  (0.3s)
Round    4/30  coverage=0.4117  prec@K=0.0199  accepted=109  auc=0.9396  uauc=0.6033  loss=nan  (0.3s)
Round    5/30  coverage=0.4147  prec@K=0.0196  accepted=107  auc=0.9437  uauc=0.6386  loss=nan  (0.4s)
Round    6/30  coverage=0.4177  prec@K=0.0200  accepted=107  auc=0.9234  uauc=0.6002  loss=nan  (0.5s)
Round    7/30  coverage=0.4206  prec@K=0.0189  accepted=103  auc=0.9347  uauc=0.6167  loss=nan  (0.5s)
Round    8/30  coverage=0.4227  prec@K=0.0136  accepted=74  auc=0.8872  uauc=0.6397  loss=nan  (0.5s)
Round    9/30  coverage=0.4250  prec@K=0.0149  accepted=81  auc=0.9124  uauc=0.5817  loss=nan  (0.6s)
Round   10/30  coverage=0.4276  prec@K=0.0169  accepted=93  auc=0.9042  uauc=0.5651  loss=nan  (0.6s)
Round   11/30  coverage=0.4301  prec@K=0.0166  accepted=91  auc=0.8990  uauc=0.5665  loss=nan  (0.9s)
Round   12/30  coverage=0.4323  prec@K=0.0144  accepted=78  auc=0.9307  uauc=0.6100  loss=nan  (0.7s)
Round   13/30  coverage=0.4354  prec@K=0.0203  accepted=110  auc=0.9117  uauc=0.6254  loss=nan  (0.7s)
Round   14/30  coverage=0.4375  prec@K=0.0134  accepted=74  auc=0.9033  uauc=0.6367  loss=nan  (0.8s)
Round   15/30  coverage=0.4393  prec@K=0.0117  accepted=64  auc=0.9461  uauc=0.5403  loss=nan  (0.9s)
Round   16/30  coverage=0.4420  prec@K=0.0172  accepted=96  auc=0.9254  uauc=0.6262  loss=nan  (1.0s)
Round   17/30  coverage=0.4441  prec@K=0.0140  accepted=77  auc=0.9307  uauc=0.6248  loss=nan  (1.0s)
Round   18/30  coverage=0.4463  prec@K=0.0141  accepted=77  auc=0.9251  uauc=0.5994  loss=nan  (1.0s)
Round   19/30  coverage=0.4480  prec@K=0.0110  accepted=60  auc=0.8815  uauc=0.5460  loss=nan  (1.1s)
Round   20/30  coverage=0.4495  prec@K=0.0098  accepted=53  auc=0.9334  uauc=0.5676  loss=nan  (1.1s)
Round   21/30  coverage=0.4511  prec@K=0.0109  accepted=59  auc=0.9223  uauc=0.6218  loss=nan  (1.4s)
Round   22/30  coverage=0.4527  prec@K=0.0097  accepted=54  auc=0.9225  uauc=0.6620  loss=nan  (1.3s)
Round   23/30  coverage=0.4548  prec@K=0.0139  accepted=75  auc=0.9143  uauc=0.5274  loss=nan  (1.2s)
Round   24/30  coverage=0.4567  prec@K=0.0126  accepted=69  auc=0.9078  uauc=0.5837  loss=nan  (1.3s)
Round   25/30  coverage=0.4587  prec@K=0.0127  accepted=70  auc=0.9406  uauc=0.6095  loss=nan  (1.4s)
Round   26/30  coverage=0.4606  prec@K=0.0125  accepted=69  auc=0.9363  uauc=0.6017  loss=nan  (1.4s)
Round   27/30  coverage=0.4621  prec@K=0.0097  accepted=53  auc=0.9319  uauc=0.4954  loss=nan  (1.5s)
Round   28/30  coverage=0.4641  prec@K=0.0133  accepted=73  auc=0.9508  uauc=0.5631  loss=nan  (1.5s)
Round   29/30  coverage=0.4653  prec@K=0.0077  accepted=42  auc=0.9510  uauc=0.5370  loss=nan  (1.5s)
Round   30/30  coverage=0.4670  prec@K=0.0108  accepted=60  auc=0.9554  uauc=0.6070  loss=nan  (1.7s)

结果已写入 results\orchestrator\runs\ir40_constlr5e5_multiseed\bitcoin_otc\cn_s1/rounds.csv
