=== bitcoin_otc_seal_s1  started 2026-05-07T16:56:17 ===

C:\conda\envs\gnn\lib\site-packages\requests\__init__.py:86: RequestsDependencyWarning: Unable to find acceptable character detection dependency (chardet or charset_normalizer).
  warnings.warn(
C:\conda\envs\gnn\lib\site-packages\outdated\__init__.py:36: UserWarning: pkg_resources is deprecated as an API. See https://setuptools.pypa.io/en/latest/pkg_resources.html. The pkg_resources package is slated for removal as early as 2025-11-30. Refrain from using this package or pin to Setuptools<81.
  from pkg_resources import parse_version
Round    1/30  coverage=0.4013  prec@K=0.0089  accepted=48  auc=0.6454  uauc=0.5968  loss=0.7652  (5.1s)
Round    2/30  coverage=0.4029  prec@K=0.0103  accepted=55  auc=0.6406  uauc=0.6178  loss=0.7642  (4.3s)
Round    3/30  coverage=0.4039  prec@K=0.0067  accepted=36  auc=0.6970  uauc=0.6012  loss=0.7645  (4.3s)
Round    4/30  coverage=0.4049  prec@K=0.0068  accepted=37  auc=0.6795  uauc=0.6464  loss=0.7639  (4.6s)
Round    5/30  coverage=0.4061  prec@K=0.0075  accepted=41  auc=0.6300  uauc=0.5679  loss=0.7632  (4.9s)
Round    6/30  coverage=0.4073  prec@K=0.0078  accepted=42  auc=0.5027  uauc=0.6931  loss=0.7630  (4.3s)
Round    7/30  coverage=0.4081  prec@K=0.0053  accepted=29  auc=0.5222  uauc=0.6313  loss=0.7632  (4.7s)
Round    8/30  coverage=0.4088  prec@K=0.0050  accepted=27  auc=0.7369  uauc=0.5956  loss=0.7633  (4.5s)
Round    9/30  coverage=0.4095  prec@K=0.0042  accepted=23  auc=0.5584  uauc=0.5965  loss=0.7618  (4.9s)
Round   10/30  coverage=0.4101  prec@K=0.0044  accepted=24  auc=0.5618  uauc=0.6484  loss=0.7619  (5.1s)
Round   11/30  coverage=0.4107  prec@K=0.0033  accepted=18  auc=0.4480  uauc=0.6389  loss=0.7617  (5.2s)
Round   12/30  coverage=0.4112  prec@K=0.0039  accepted=21  auc=0.3641  uauc=0.5820  loss=0.7603  (5.2s)
Round   13/30  coverage=0.4122  prec@K=0.0061  accepted=33  auc=0.4194  uauc=0.6736  loss=0.7603  (5.2s)
Round   14/30  coverage=0.4129  prec@K=0.0045  accepted=25  auc=0.4468  uauc=0.4552  loss=0.7607  (5.2s)
Round   15/30  coverage=0.4135  prec@K=0.0038  accepted=21  auc=0.5605  uauc=0.5331  loss=0.7597  (5.3s)
Round   16/30  coverage=0.4139  prec@K=0.0029  accepted=16  auc=0.4448  uauc=0.5470  loss=0.7595  (5.7s)
Round   17/30  coverage=0.4143  prec@K=0.0027  accepted=15  auc=0.5306  uauc=0.5677  loss=0.7587  (5.9s)
Round   18/30  coverage=0.4146  prec@K=0.0018  accepted=10  auc=0.3482  uauc=0.6636  loss=0.7586  (5.4s)
Round   19/30  coverage=0.4149  prec@K=0.0020  accepted=11  auc=0.4898  uauc=0.5076  loss=0.7585  (5.5s)
Round   20/30  coverage=0.4152  prec@K=0.0020  accepted=11  auc=0.5560  uauc=0.6793  loss=0.7587  (5.8s)
Round   21/30  coverage=0.4156  prec@K=0.0026  accepted=14  auc=0.3077  uauc=0.7058  loss=0.7578  (6.1s)
Round   22/30  coverage=0.4159  prec@K=0.0020  accepted=11  auc=0.4418  uauc=0.5606  loss=0.7574  (6.2s)
Round   23/30  coverage=0.4161  prec@K=0.0013  accepted=7  auc=0.3986  uauc=0.6806  loss=0.7568  (6.0s)
Round   24/30  coverage=0.4166  prec@K=0.0029  accepted=16  auc=0.3167  uauc=0.4976  loss=0.7557  (6.5s)
Round   25/30  coverage=0.4171  prec@K=0.0033  accepted=18  auc=0.2859  uauc=0.4564  loss=0.7556  (6.3s)
Round   26/30  coverage=0.4175  prec@K=0.0029  accepted=16  auc=0.1454  uauc=0.3664  loss=0.7551  (6.9s)
Round   27/30  coverage=0.4177  prec@K=0.0011  accepted=6  auc=0.6200  uauc=0.5556  loss=0.7552  (7.0s)
Round   28/30  coverage=0.4180  prec@K=0.0018  accepted=10  auc=0.0592  uauc=0.4102  loss=0.7544  (7.0s)
Round   29/30  coverage=0.4182  prec@K=0.0013  accepted=7  auc=0.4386  uauc=0.7302  loss=0.7548  (6.6s)
Round   30/30  coverage=0.4185  prec@K=0.0018  accepted=10  auc=0.2640  uauc=0.4688  loss=0.7540  (7.1s)

结果已写入 results\orchestrator\runs\ir40_constlr5e5_multiseed\bitcoin_otc\seal_s1/rounds.csv
