=== bitcoin_alpha_random_s1  started 2026-05-07T15:59:59 ===

C:\conda\envs\gnn\lib\site-packages\requests\__init__.py:86: RequestsDependencyWarning: Unable to find acceptable character detection dependency (chardet or charset_normalizer).
  warnings.warn(
C:\conda\envs\gnn\lib\site-packages\outdated\__init__.py:36: UserWarning: pkg_resources is deprecated as an API. See https://setuptools.pypa.io/en/latest/pkg_resources.html. The pkg_resources package is slated for removal as early as 2025-11-30. Refrain from using this package or pin to Setuptools<81.
  from pkg_resources import parse_version
Round    1/30  coverage=0.4018  prec@K=0.0124  accepted=43  loss=nan  (0.1s)
Round    2/30  coverage=0.4032  prec@K=0.0100  accepted=35  loss=nan  (0.1s)
Round    3/30  coverage=0.4051  prec@K=0.0129  accepted=46  loss=nan  (0.1s)
Round    4/30  coverage=0.4067  prec@K=0.0110  accepted=39  loss=nan  (0.1s)
Round    5/30  coverage=0.4084  prec@K=0.0117  accepted=41  loss=nan  (0.1s)
Round    6/30  coverage=0.4097  prec@K=0.0091  accepted=32  loss=nan  (0.1s)
Round    7/30  coverage=0.4112  prec@K=0.0100  accepted=35  loss=nan  (0.2s)
Round    8/30  coverage=0.4125  prec@K=0.0088  accepted=31  loss=nan  (0.2s)
Round    9/30  coverage=0.4138  prec@K=0.0093  accepted=33  loss=nan  (0.2s)
Round   10/30  coverage=0.4147  prec@K=0.0060  accepted=21  loss=nan  (0.2s)
Round   11/30  coverage=0.4161  prec@K=0.0094  accepted=33  loss=nan  (0.3s)
Round   12/30  coverage=0.4171  prec@K=0.0074  accepted=26  loss=nan  (0.2s)
Round   13/30  coverage=0.4182  prec@K=0.0072  accepted=25  loss=nan  (0.3s)
Round   14/30  coverage=0.4197  prec@K=0.0100  accepted=36  loss=nan  (0.3s)
Round   15/30  coverage=0.4210  prec@K=0.0093  accepted=33  loss=nan  (0.3s)
Round   16/30  coverage=0.4221  prec@K=0.0073  accepted=26  loss=nan  (0.3s)
Round   17/30  coverage=0.4233  prec@K=0.0085  accepted=30  loss=nan  (0.3s)
Round   18/30  coverage=0.4247  prec@K=0.0093  accepted=33  loss=nan  (0.4s)
Round   19/30  coverage=0.4257  prec@K=0.0067  accepted=24  loss=nan  (0.4s)
Round   20/30  coverage=0.4267  prec@K=0.0072  accepted=25  loss=nan  (0.4s)
Round   21/30  coverage=0.4276  prec@K=0.0056  accepted=20  loss=nan  (0.5s)
Round   22/30  coverage=0.4287  prec@K=0.0081  accepted=28  loss=nan  (0.4s)
Round   23/30  coverage=0.4293  prec@K=0.0040  accepted=14  loss=nan  (0.4s)
Round   24/30  coverage=0.4302  prec@K=0.0066  accepted=23  loss=nan  (0.5s)
Round   25/30  coverage=0.4313  prec@K=0.0074  accepted=26  loss=nan  (0.5s)
Round   26/30  coverage=0.4329  prec@K=0.0111  accepted=39  loss=nan  (0.5s)
Round   27/30  coverage=0.4336  prec@K=0.0043  accepted=15  loss=nan  (0.5s)
Round   28/30  coverage=0.4344  prec@K=0.0057  accepted=20  loss=nan  (0.6s)
Round   29/30  coverage=0.4354  prec@K=0.0070  accepted=25  loss=nan  (0.6s)
Round   30/30  coverage=0.4366  prec@K=0.0082  accepted=29  loss=nan  (0.5s)

结果已写入 results\orchestrator\runs\ir40_constlr5e5_multiseed\bitcoin_alpha\random_s1/rounds.csv
