=== bitcoin_alpha_gnn_concat_s2  started 2026-05-07T15:55:28 ===

C:\conda\envs\gnn\lib\site-packages\requests\__init__.py:86: RequestsDependencyWarning: Unable to find acceptable character detection dependency (chardet or charset_normalizer).
  warnings.warn(
C:\conda\envs\gnn\lib\site-packages\outdated\__init__.py:36: UserWarning: pkg_resources is deprecated as an API. See https://setuptools.pypa.io/en/latest/pkg_resources.html. The pkg_resources package is slated for removal as early as 2025-11-30. Refrain from using this package or pin to Setuptools<81.
  from pkg_resources import parse_version
Round    1/30  coverage=0.4026  prec@K=0.0182  accepted=63  auc=0.4873  uauc=0.6430  loss=0.6594  (7.6s)
Round    2/30  coverage=0.4058  prec@K=0.0224  accepted=77  auc=0.3586  uauc=0.5907  loss=0.6580  (6.2s)
Round    3/30  coverage=0.4073  prec@K=0.0110  accepted=38  auc=0.3821  uauc=0.5836  loss=0.6541  (4.6s)
Round    4/30  coverage=0.4092  prec@K=0.0133  accepted=46  auc=0.3448  uauc=0.5773  loss=0.6519  (5.3s)
Round    5/30  coverage=0.4116  prec@K=0.0162  accepted=56  auc=0.2172  uauc=0.5979  loss=0.6500  (5.6s)
Round    6/30  coverage=0.4127  prec@K=0.0078  accepted=27  auc=0.2478  uauc=0.6015  loss=0.6462  (4.7s)
Round    7/30  coverage=0.4139  prec@K=0.0083  accepted=29  auc=0.1632  uauc=0.5762  loss=0.6442  (5.4s)
Round    8/30  coverage=0.4154  prec@K=0.0109  accepted=38  auc=0.2639  uauc=0.6317  loss=0.6423  (4.3s)
Round    9/30  coverage=0.4168  prec@K=0.0093  accepted=33  auc=0.1279  uauc=0.5249  loss=0.6401  (5.1s)
Round   10/30  coverage=0.4179  prec@K=0.0073  accepted=26  auc=0.1839  uauc=0.5745  loss=0.6376  (4.4s)
Round   11/30  coverage=0.4189  prec@K=0.0071  accepted=25  auc=0.1761  uauc=0.5647  loss=0.6356  (5.8s)
Round   12/30  coverage=0.4198  prec@K=0.0059  accepted=21  auc=0.0728  uauc=0.4974  loss=0.6332  (6.0s)
Round   13/30  coverage=0.4206  prec@K=0.0056  accepted=20  auc=0.2413  uauc=0.5997  loss=0.6303  (6.6s)
Round   14/30  coverage=0.4213  prec@K=0.0045  accepted=16  auc=0.1706  uauc=0.4681  loss=0.6285  (5.8s)
Round   15/30  coverage=0.4219  prec@K=0.0043  accepted=15  auc=0.0984  uauc=0.4769  loss=0.6272  (5.6s)
Round   16/30  coverage=0.4223  prec@K=0.0029  accepted=10  auc=0.1470  uauc=0.6584  loss=0.6238  (5.6s)
Round   17/30  coverage=0.4230  prec@K=0.0046  accepted=16  auc=0.0996  uauc=0.5174  loss=0.6231  (6.1s)
Round   18/30  coverage=0.4235  prec@K=0.0034  accepted=12  auc=0.1732  uauc=0.4722  loss=0.6213  (5.7s)
Round   19/30  coverage=0.4240  prec@K=0.0037  accepted=13  auc=0.2205  uauc=0.4861  loss=0.6184  (6.5s)
Round   20/30  coverage=0.4244  prec@K=0.0029  accepted=10  auc=0.0379  uauc=0.6020  loss=0.6174  (4.9s)
Round   21/30  coverage=0.4250  prec@K=0.0040  accepted=14  auc=0.1234  uauc=0.6044  loss=0.6149  (6.2s)
Round   22/30  coverage=0.4254  prec@K=0.0028  accepted=10  auc=0.0762  uauc=0.5137  loss=0.6132  (4.9s)
Round   23/30  coverage=0.4257  prec@K=0.0023  accepted=8  auc=0.0871  uauc=0.5556  loss=0.6111  (5.1s)
Round   24/30  coverage=0.4263  prec@K=0.0037  accepted=13  auc=0.2368  uauc=0.5127  loss=0.6106  (4.9s)
Round   25/30  coverage=0.4265  prec@K=0.0014  accepted=5  auc=0.1602  uauc=0.5667  loss=0.6076  (6.4s)
Round   26/30  coverage=0.4267  prec@K=0.0014  accepted=5  auc=0.1762  uauc=0.6000  loss=0.6075  (6.1s)
Round   27/30  coverage=0.4270  prec@K=0.0023  accepted=8  auc=0.1165  uauc=0.4960  loss=0.6060  (4.3s)
Round   28/30  coverage=0.4272  prec@K=0.0011  accepted=4  auc=0.0699  uauc=0.5417  loss=0.6035  (4.7s)
Round   29/30  coverage=0.4275  prec@K=0.0023  accepted=8  auc=0.0709  uauc=0.5885  loss=0.6025  (4.7s)
Round   30/30  coverage=0.4277  prec@K=0.0012  accepted=4  auc=0.3692  uauc=0.5000  loss=0.6013  (4.1s)

结果已写入 results\orchestrator\runs\ir40_constlr5e5_multiseed\bitcoin_alpha\gnn_concat_s2/rounds.csv
