=== bitcoin_otc_gat_emb_s42  started 2026-05-07T16:32:09 ===

C:\conda\envs\gnn\lib\site-packages\requests\__init__.py:86: RequestsDependencyWarning: Unable to find acceptable character detection dependency (chardet or charset_normalizer).
  warnings.warn(
C:\conda\envs\gnn\lib\site-packages\outdated\__init__.py:36: UserWarning: pkg_resources is deprecated as an API. See https://setuptools.pypa.io/en/latest/pkg_resources.html. The pkg_resources package is slated for removal as early as 2025-11-30. Refrain from using this package or pin to Setuptools<81.
  from pkg_resources import parse_version
Round    1/30  coverage=0.4008  prec@K=0.0051  accepted=28  auc=0.6908  uauc=0.5331  loss=0.7148  (5.3s)
Round    2/30  coverage=0.4023  prec@K=0.0102  accepted=56  auc=0.6597  uauc=0.4282  loss=0.7143  (4.5s)
Round    3/30  coverage=0.4040  prec@K=0.0105  accepted=58  auc=0.6199  uauc=0.5281  loss=0.7140  (4.6s)
Round    4/30  coverage=0.4058  prec@K=0.0117  accepted=65  auc=0.7004  uauc=0.5679  loss=0.7139  (4.7s)
Round    5/30  coverage=0.4067  prec@K=0.0058  accepted=32  auc=0.5935  uauc=0.4977  loss=0.7142  (4.3s)
Round    6/30  coverage=0.4078  prec@K=0.0070  accepted=39  auc=0.6331  uauc=0.5697  loss=0.7140  (5.0s)
Round    7/30  coverage=0.4089  prec@K=0.0074  accepted=41  auc=0.6555  uauc=0.5503  loss=0.7138  (5.0s)
Round    8/30  coverage=0.4098  prec@K=0.0059  accepted=32  auc=0.5558  uauc=0.5187  loss=0.7138  (4.6s)
Round    9/30  coverage=0.4107  prec@K=0.0053  accepted=29  auc=0.5952  uauc=0.5726  loss=0.7137  (4.7s)
Round   10/30  coverage=0.4115  prec@K=0.0055  accepted=30  auc=0.4881  uauc=0.4719  loss=0.7135  (4.8s)
Round   11/30  coverage=0.4123  prec@K=0.0055  accepted=30  auc=0.6208  uauc=0.4680  loss=0.7134  (5.1s)
Round   12/30  coverage=0.4133  prec@K=0.0061  accepted=33  auc=0.5071  uauc=0.6970  loss=0.7132  (5.4s)
Round   13/30  coverage=0.4144  prec@K=0.0075  accepted=41  auc=0.6089  uauc=0.5041  loss=0.7130  (5.2s)
Round   14/30  coverage=0.4155  prec@K=0.0074  accepted=40  auc=0.4655  uauc=0.6791  loss=0.7129  (5.4s)
Round   15/30  coverage=0.4163  prec@K=0.0047  accepted=26  auc=0.4726  uauc=0.5961  loss=0.7129  (5.5s)
Round   16/30  coverage=0.4169  prec@K=0.0038  accepted=21  auc=0.5220  uauc=0.4832  loss=0.7128  (5.5s)
Round   17/30  coverage=0.4175  prec@K=0.0039  accepted=21  auc=0.3759  uauc=0.4196  loss=0.7127  (5.4s)
Round   18/30  coverage=0.4185  prec@K=0.0066  accepted=36  auc=0.4125  uauc=0.5663  loss=0.7123  (5.8s)
Round   19/30  coverage=0.4189  prec@K=0.0031  accepted=17  auc=0.2880  uauc=0.5174  loss=0.7124  (5.7s)
Round   20/30  coverage=0.4197  prec@K=0.0051  accepted=28  auc=0.3564  uauc=0.5283  loss=0.7122  (6.4s)
Round   21/30  coverage=0.4202  prec@K=0.0031  accepted=17  auc=0.4036  uauc=0.5712  loss=0.7122  (6.3s)
Round   22/30  coverage=0.4209  prec@K=0.0048  accepted=26  auc=0.2848  uauc=0.5486  loss=0.7119  (6.3s)
Round   23/30  coverage=0.4218  prec@K=0.0059  accepted=32  auc=0.3072  uauc=0.4871  loss=0.7117  (6.2s)
Round   24/30  coverage=0.4226  prec@K=0.0047  accepted=26  auc=0.2657  uauc=0.5435  loss=0.7116  (6.6s)
Round   25/30  coverage=0.4232  prec@K=0.0043  accepted=24  auc=0.3714  uauc=0.6132  loss=0.7115  (6.5s)
Round   26/30  coverage=0.4237  prec@K=0.0031  accepted=17  auc=0.3876  uauc=0.4973  loss=0.7115  (6.8s)
Round   27/30  coverage=0.4242  prec@K=0.0029  accepted=16  auc=0.2668  uauc=0.4931  loss=0.7114  (7.3s)
Round   28/30  coverage=0.4250  prec@K=0.0053  accepted=29  auc=0.2247  uauc=0.3700  loss=0.7110  (6.6s)
Round   29/30  coverage=0.4255  prec@K=0.0033  accepted=18  auc=0.3177  uauc=0.4641  loss=0.7111  (6.6s)
Round   30/30  coverage=0.4259  prec@K=0.0029  accepted=16  auc=0.2051  uauc=0.5125  loss=0.7109  (6.8s)

结果已写入 results\orchestrator\runs\ir40_constlr5e5_multiseed\bitcoin_otc\gat_emb_s42/rounds.csv
