=== college_msg_gat_emb_s42  started 2026-05-07T15:18:37 ===

C:\conda\envs\gnn\lib\site-packages\requests\__init__.py:86: RequestsDependencyWarning: Unable to find acceptable character detection dependency (chardet or charset_normalizer).
  warnings.warn(
C:\conda\envs\gnn\lib\site-packages\outdated\__init__.py:36: UserWarning: pkg_resources is deprecated as an API. See https://setuptools.pypa.io/en/latest/pkg_resources.html. The pkg_resources package is slated for removal as early as 2025-11-30. Refrain from using this package or pin to Setuptools<81.
  from pkg_resources import parse_version
Round    1/30  coverage=0.4014  prec@K=0.0154  accepted=28  auc=0.6537  uauc=0.6204  loss=0.6657  (6.6s)
Round    2/30  coverage=0.4024  prec@K=0.0121  accepted=22  auc=0.4605  uauc=0.5181  loss=0.6650  (4.2s)
Round    3/30  coverage=0.4033  prec@K=0.0100  accepted=18  auc=0.4796  uauc=0.5207  loss=0.6646  (4.3s)
Round    4/30  coverage=0.4040  prec@K=0.0072  accepted=13  auc=0.6368  uauc=0.3449  loss=0.6641  (4.1s)
Round    5/30  coverage=0.4049  prec@K=0.0103  accepted=19  auc=0.4901  uauc=0.5143  loss=0.6645  (4.3s)
Round    6/30  coverage=0.4057  prec@K=0.0092  accepted=17  auc=0.5633  uauc=0.5738  loss=0.6641  (3.0s)
Round    7/30  coverage=0.4062  prec@K=0.0049  accepted=9  auc=0.5594  uauc=0.4696  loss=0.6636  (3.1s)
Round    8/30  coverage=0.4068  prec@K=0.0071  accepted=13  auc=0.4409  uauc=0.5714  loss=0.6636  (3.9s)
Round    9/30  coverage=0.4077  prec@K=0.0096  accepted=17  auc=0.6605  uauc=0.5029  loss=0.6636  (2.7s)
Round   10/30  coverage=0.4083  prec@K=0.0071  accepted=13  auc=0.5250  uauc=0.4722  loss=0.6633  (3.2s)
Round   11/30  coverage=0.4091  prec@K=0.0094  accepted=17  auc=0.4110  uauc=0.4899  loss=0.6633  (3.9s)
Round   12/30  coverage=0.4100  prec@K=0.0101  accepted=18  auc=0.3443  uauc=0.6533  loss=0.6632  (3.9s)
Round   13/30  coverage=0.4105  prec@K=0.0056  accepted=10  auc=0.3144  uauc=0.4213  loss=0.6626  (3.5s)
Round   14/30  coverage=0.4111  prec@K=0.0066  accepted=12  auc=0.4110  uauc=0.5959  loss=0.6625  (4.4s)
Round   15/30  coverage=0.4117  prec@K=0.0067  accepted=12  auc=0.3861  uauc=0.5028  loss=0.6624  (4.8s)
Round   16/30  coverage=0.4123  prec@K=0.0072  accepted=13  auc=0.5061  uauc=0.4583  loss=0.6624  (5.0s)
Round   17/30  coverage=0.4131  prec@K=0.0084  accepted=15  auc=0.4032  uauc=0.3563  loss=0.6623  (4.7s)
Round   18/30  coverage=0.4138  prec@K=0.0081  accepted=15  auc=0.3385  uauc=0.6467  loss=0.6623  (3.8s)
Round   19/30  coverage=0.4144  prec@K=0.0067  accepted=12  auc=0.2262  uauc=0.5056  loss=0.6618  (3.7s)
Round   20/30  coverage=0.4150  prec@K=0.0061  accepted=11  auc=0.2450  uauc=0.5417  loss=0.6617  (3.5s)
Round   21/30  coverage=0.4152  prec@K=0.0027  accepted=5  auc=0.3392  uauc=0.4667  loss=0.6609  (3.0s)
Round   22/30  coverage=0.4158  prec@K=0.0065  accepted=12  auc=0.4559  uauc=0.4205  loss=0.6613  (3.2s)
Round   23/30  coverage=0.4164  prec@K=0.0067  accepted=12  auc=0.1904  uauc=0.5840  loss=0.6613  (3.8s)
Round   24/30  coverage=0.4168  prec@K=0.0044  accepted=8  auc=0.4727  uauc=0.4225  loss=0.6608  (3.6s)
Round   25/30  coverage=0.4175  prec@K=0.0079  accepted=14  auc=0.2935  uauc=0.4497  loss=0.6609  (4.2s)
Round   26/30  coverage=0.4178  prec@K=0.0038  accepted=7  auc=0.3712  uauc=0.5714  loss=0.6605  (4.1s)
Round   27/30  coverage=0.4182  prec@K=0.0039  accepted=7  auc=0.4472  uauc=0.4062  loss=0.6601  (3.2s)
Round   28/30  coverage=0.4184  prec@K=0.0027  accepted=5  auc=0.2739  uauc=0.5191  loss=0.6598  (3.2s)
Round   29/30  coverage=0.4189  prec@K=0.0055  accepted=10  auc=0.3565  uauc=0.4222  loss=0.6602  (3.2s)
Round   30/30  coverage=0.4192  prec@K=0.0038  accepted=7  auc=0.1597  uauc=0.4875  loss=0.6597  (3.9s)

结果已写入 results\orchestrator\runs\ir40_constlr5e5_multiseed\college_msg\gat_emb_s42/rounds.csv
