=== college_msg_cn_s42  started 2026-05-07T15:16:57 ===

C:\conda\envs\gnn\lib\site-packages\requests\__init__.py:86: RequestsDependencyWarning: Unable to find acceptable character detection dependency (chardet or charset_normalizer).
  warnings.warn(
C:\conda\envs\gnn\lib\site-packages\outdated\__init__.py:36: UserWarning: pkg_resources is deprecated as an API. See https://setuptools.pypa.io/en/latest/pkg_resources.html. The pkg_resources package is slated for removal as early as 2025-11-30. Refrain from using this package or pin to Setuptools<81.
  from pkg_resources import parse_version
Round    1/30  coverage=0.4017  prec@K=0.0187  accepted=34  auc=0.8781  uauc=0.6220  loss=nan  (0.1s)
Round    2/30  coverage=0.4031  prec@K=0.0165  accepted=30  auc=0.8336  uauc=0.5396  loss=nan  (0.1s)
Round    3/30  coverage=0.4048  prec@K=0.0182  accepted=33  auc=0.8092  uauc=0.6058  loss=nan  (0.1s)
Round    4/30  coverage=0.4059  prec@K=0.0132  accepted=24  auc=0.8796  uauc=0.5955  loss=nan  (0.1s)
Round    5/30  coverage=0.4073  prec@K=0.0147  accepted=27  auc=0.8445  uauc=0.5950  loss=nan  (0.1s)
Round    6/30  coverage=0.4088  prec@K=0.0162  accepted=30  auc=0.8174  uauc=0.5446  loss=nan  (0.1s)
Round    7/30  coverage=0.4100  prec@K=0.0136  accepted=25  auc=0.8506  uauc=0.5469  loss=nan  (0.1s)
Round    8/30  coverage=0.4109  prec@K=0.0098  accepted=18  auc=0.8854  uauc=0.4630  loss=nan  (0.1s)
Round    9/30  coverage=0.4118  prec@K=0.0108  accepted=19  auc=0.8367  uauc=0.5402  loss=nan  (0.1s)
Round   10/30  coverage=0.4129  prec@K=0.0125  accepted=23  auc=0.8218  uauc=0.5304  loss=nan  (0.1s)
Round   11/30  coverage=0.4142  prec@K=0.0138  accepted=25  auc=0.8865  uauc=0.5621  loss=nan  (0.2s)
Round   12/30  coverage=0.4154  prec@K=0.0140  accepted=25  auc=0.8712  uauc=0.5731  loss=nan  (0.1s)
Round   13/30  coverage=0.4162  prec@K=0.0095  accepted=17  auc=0.8603  uauc=0.5527  loss=nan  (0.1s)
Round   14/30  coverage=0.4173  prec@K=0.0116  accepted=21  auc=0.8653  uauc=0.6385  loss=nan  (0.1s)
Round   15/30  coverage=0.4181  prec@K=0.0094  accepted=17  auc=0.8459  uauc=0.4469  loss=nan  (0.1s)
Round   16/30  coverage=0.4192  prec@K=0.0127  accepted=23  auc=0.8616  uauc=0.5950  loss=nan  (0.1s)
Round   17/30  coverage=0.4201  prec@K=0.0101  accepted=18  auc=0.7924  uauc=0.6014  loss=nan  (0.1s)
Round   18/30  coverage=0.4213  prec@K=0.0125  accepted=23  auc=0.8572  uauc=0.6225  loss=nan  (0.1s)
Round   19/30  coverage=0.4223  prec@K=0.0112  accepted=20  auc=0.8341  uauc=0.5087  loss=nan  (0.1s)
Round   20/30  coverage=0.4234  prec@K=0.0127  accepted=23  auc=0.8923  uauc=0.4724  loss=nan  (0.1s)
Round   21/30  coverage=0.4239  prec@K=0.0061  accepted=11  auc=0.8738  uauc=0.5000  loss=nan  (0.2s)
Round   22/30  coverage=0.4247  prec@K=0.0081  accepted=15  auc=0.8204  uauc=0.5025  loss=nan  (0.2s)
Round   23/30  coverage=0.4258  prec@K=0.0133  accepted=24  auc=0.8919  uauc=0.5528  loss=nan  (0.2s)
Round   24/30  coverage=0.4267  prec@K=0.0094  accepted=17  auc=0.7852  uauc=0.5535  loss=nan  (0.2s)
Round   25/30  coverage=0.4278  prec@K=0.0124  accepted=22  auc=0.8355  uauc=0.4867  loss=nan  (0.2s)
Round   26/30  coverage=0.4282  prec@K=0.0048  accepted=9  auc=0.9092  uauc=0.3530  loss=nan  (0.2s)
Round   27/30  coverage=0.4288  prec@K=0.0061  accepted=11  auc=0.8510  uauc=0.4983  loss=nan  (0.2s)
Round   28/30  coverage=0.4293  prec@K=0.0060  accepted=11  auc=0.9447  uauc=0.4782  loss=nan  (0.3s)
Round   29/30  coverage=0.4300  prec@K=0.0077  accepted=14  auc=0.7529  uauc=0.4087  loss=nan  (0.3s)
Round   30/30  coverage=0.4306  prec@K=0.0071  accepted=13  auc=0.8355  uauc=0.6056  loss=nan  (0.2s)

结果已写入 results\orchestrator\runs\ir40_constlr5e5_multiseed\college_msg\cn_s42/rounds.csv
