=== college_msg_graphsage_emb_s3  started 2026-05-07T15:31:52 ===

C:\conda\envs\gnn\lib\site-packages\requests\__init__.py:86: RequestsDependencyWarning: Unable to find acceptable character detection dependency (chardet or charset_normalizer).
  warnings.warn(
C:\conda\envs\gnn\lib\site-packages\outdated\__init__.py:36: UserWarning: pkg_resources is deprecated as an API. See https://setuptools.pypa.io/en/latest/pkg_resources.html. The pkg_resources package is slated for removal as early as 2025-11-30. Refrain from using this package or pin to Setuptools<81.
  from pkg_resources import parse_version
Round    1/30  coverage=0.4008  prec@K=0.0087  accepted=16  auc=0.3803  uauc=0.6633  loss=0.6783  (4.2s)
Round    2/30  coverage=0.4017  prec@K=0.0099  accepted=18  auc=0.3247  uauc=0.4986  loss=0.6781  (2.9s)
Round    3/30  coverage=0.4024  prec@K=0.0083  accepted=15  auc=0.2823  uauc=0.5972  loss=0.6776  (2.7s)
Round    4/30  coverage=0.4030  prec@K=0.0072  accepted=13  auc=0.3865  uauc=0.5054  loss=0.6768  (2.5s)
Round    5/30  coverage=0.4040  prec@K=0.0109  accepted=20  auc=0.3143  uauc=0.5056  loss=0.6770  (3.2s)
Round    6/30  coverage=0.4047  prec@K=0.0077  accepted=14  auc=0.3652  uauc=0.3492  loss=0.6762  (3.0s)
Round    7/30  coverage=0.4054  prec@K=0.0081  accepted=15  auc=0.2619  uauc=0.3414  loss=0.6767  (2.8s)
Round    8/30  coverage=0.4059  prec@K=0.0050  accepted=9  auc=0.4005  uauc=0.5926  loss=0.6761  (2.5s)
Round    9/30  coverage=0.4062  prec@K=0.0033  accepted=6  auc=0.1727  uauc=0.4708  loss=0.6751  (2.6s)
Round   10/30  coverage=0.4068  prec@K=0.0065  accepted=12  auc=0.3401  uauc=0.4167  loss=0.6752  (3.6s)
Round   11/30  coverage=0.4076  prec@K=0.0087  accepted=16  auc=0.4476  uauc=0.5527  loss=0.6748  (4.4s)
Round   12/30  coverage=0.4079  prec@K=0.0033  accepted=6  auc=0.4123  uauc=0.4074  loss=0.6740  (4.0s)
Round   13/30  coverage=0.4081  prec@K=0.0028  accepted=5  auc=0.2559  uauc=0.3111  loss=0.6735  (4.2s)
Round   14/30  coverage=0.4088  prec@K=0.0072  accepted=13  auc=0.3349  uauc=0.4872  loss=0.6737  (4.4s)
Round   15/30  coverage=0.4091  prec@K=0.0043  accepted=8  auc=0.2788  uauc=0.3439  loss=0.6735  (4.4s)
Round   16/30  coverage=0.4097  prec@K=0.0067  accepted=12  auc=0.4101  uauc=0.5535  loss=0.6729  (4.1s)
Round   17/30  coverage=0.4102  prec@K=0.0050  accepted=9  auc=0.2951  uauc=0.3793  loss=0.6725  (3.7s)
Round   18/30  coverage=0.4104  prec@K=0.0022  accepted=4  auc=0.2548  uauc=0.6991  loss=0.6721  (2.8s)
Round   19/30  coverage=0.4108  prec@K=0.0049  accepted=9  auc=0.3347  uauc=0.3056  loss=0.6721  (3.6s)
Round   20/30  coverage=0.4113  prec@K=0.0050  accepted=9  auc=0.3625  uauc=0.5494  loss=0.6715  (3.1s)
Round   21/30  coverage=0.4117  prec@K=0.0044  accepted=8  auc=0.1729  uauc=0.5821  loss=0.6713  (3.0s)
Round   22/30  coverage=0.4122  prec@K=0.0054  accepted=10  auc=0.3228  uauc=0.2855  loss=0.6707  (3.0s)
Round   23/30  coverage=0.4124  prec@K=0.0033  accepted=6  auc=0.2935  uauc=0.6333  loss=0.6704  (2.9s)
Round   24/30  coverage=0.4127  prec@K=0.0033  accepted=6  auc=0.2202  uauc=0.7056  loss=0.6699  (2.8s)
Round   25/30  coverage=0.4130  prec@K=0.0027  accepted=5  auc=0.1810  uauc=0.3556  loss=0.6697  (2.9s)
Round   26/30  coverage=0.4133  prec@K=0.0033  accepted=6  auc=0.2678  uauc=0.5667  loss=0.6696  (3.6s)
Round   27/30  coverage=0.4138  prec@K=0.0062  accepted=11  auc=0.1899  uauc=0.3422  loss=0.6689  (3.2s)
Round   28/30  coverage=0.4140  prec@K=0.0017  accepted=3  auc=0.2063  uauc=0.4074  loss=0.6690  (3.4s)
Round   29/30  coverage=0.4142  prec@K=0.0022  accepted=4  auc=0.3587  uauc=0.3056  loss=0.6687  (3.7s)
Round   30/30  coverage=0.4143  prec@K=0.0017  accepted=3  auc=0.3664  uauc=0.4815  loss=0.6674  (4.3s)

结果已写入 results\orchestrator\runs\ir40_constlr5e5_multiseed\college_msg\graphsage_emb_s3/rounds.csv
