=== college_msg_jaccard_s3  started 2026-05-07T15:33:26 ===

C:\conda\envs\gnn\lib\site-packages\requests\__init__.py:86: RequestsDependencyWarning: Unable to find acceptable character detection dependency (chardet or charset_normalizer).
  warnings.warn(
C:\conda\envs\gnn\lib\site-packages\outdated\__init__.py:36: UserWarning: pkg_resources is deprecated as an API. See https://setuptools.pypa.io/en/latest/pkg_resources.html. The pkg_resources package is slated for removal as early as 2025-11-30. Refrain from using this package or pin to Setuptools<81.
  from pkg_resources import parse_version
Round    1/30  coverage=0.4014  prec@K=0.0158  accepted=29  auc=0.6509  uauc=0.5884  loss=nan  (0.2s)
Round    2/30  coverage=0.4025  prec@K=0.0121  accepted=22  auc=0.5248  uauc=0.5588  loss=nan  (0.1s)
Round    3/30  coverage=0.4034  prec@K=0.0100  accepted=18  auc=0.6199  uauc=0.5911  loss=nan  (0.1s)
Round    4/30  coverage=0.4043  prec@K=0.0105  accepted=19  auc=0.6049  uauc=0.6116  loss=nan  (0.1s)
Round    5/30  coverage=0.4057  prec@K=0.0157  accepted=29  auc=0.6208  uauc=0.5688  loss=nan  (0.2s)
Round    6/30  coverage=0.4069  prec@K=0.0132  accepted=24  auc=0.5944  uauc=0.5113  loss=nan  (0.1s)
Round    7/30  coverage=0.4075  prec@K=0.0059  accepted=11  auc=0.5706  uauc=0.5538  loss=nan  (0.2s)
Round    8/30  coverage=0.4081  prec@K=0.0072  accepted=13  auc=0.6428  uauc=0.4859  loss=nan  (0.2s)
Round    9/30  coverage=0.4088  prec@K=0.0072  accepted=13  auc=0.6217  uauc=0.5903  loss=nan  (0.2s)
Round   10/30  coverage=0.4096  prec@K=0.0098  accepted=18  auc=0.6156  uauc=0.6334  loss=nan  (0.2s)
Round   11/30  coverage=0.4103  prec@K=0.0076  accepted=14  auc=0.4968  uauc=0.5583  loss=nan  (0.3s)
Round   12/30  coverage=0.4109  prec@K=0.0061  accepted=11  auc=0.6052  uauc=0.4604  loss=nan  (0.2s)
Round   13/30  coverage=0.4114  prec@K=0.0061  accepted=11  auc=0.5476  uauc=0.5335  loss=nan  (0.1s)
Round   14/30  coverage=0.4125  prec@K=0.0127  accepted=23  auc=0.6095  uauc=0.6585  loss=nan  (0.1s)
Round   15/30  coverage=0.4132  prec@K=0.0076  accepted=14  auc=0.7192  uauc=0.7355  loss=nan  (0.1s)
Round   16/30  coverage=0.4143  prec@K=0.0123  accepted=22  auc=0.5357  uauc=0.5486  loss=nan  (0.1s)
Round   17/30  coverage=0.4147  prec@K=0.0039  accepted=7  auc=0.5652  uauc=0.3333  loss=nan  (0.1s)
Round   18/30  coverage=0.4153  prec@K=0.0066  accepted=12  auc=0.5613  uauc=0.6891  loss=nan  (0.1s)
Round   19/30  coverage=0.4162  prec@K=0.0104  accepted=19  auc=0.6240  uauc=0.6833  loss=nan  (0.2s)
Round   20/30  coverage=0.4169  prec@K=0.0083  accepted=15  auc=0.5217  uauc=0.4700  loss=nan  (0.2s)
Round   21/30  coverage=0.4174  prec@K=0.0055  accepted=10  auc=0.6451  uauc=0.7407  loss=nan  (0.2s)
Round   22/30  coverage=0.4178  prec@K=0.0043  accepted=8  auc=0.4939  uauc=0.3333  loss=nan  (0.1s)
Round   23/30  coverage=0.4183  prec@K=0.0050  accepted=9  auc=0.5992  uauc=0.4296  loss=nan  (0.1s)
Round   24/30  coverage=0.4189  prec@K=0.0066  accepted=12  auc=0.5312  uauc=0.5524  loss=nan  (0.1s)
Round   25/30  coverage=0.4192  prec@K=0.0044  accepted=8  auc=0.5910  uauc=0.3333  loss=nan  (0.2s)
Round   26/30  coverage=0.4198  prec@K=0.0065  accepted=12  auc=0.5193  uauc=0.3105  loss=nan  (0.2s)
Round   27/30  coverage=0.4203  prec@K=0.0050  accepted=9  auc=0.4783  uauc=0.3307  loss=nan  (0.2s)
Round   28/30  coverage=0.4205  prec@K=0.0028  accepted=5  auc=0.5572  uauc=0.5889  loss=nan  (0.2s)
Round   29/30  coverage=0.4210  prec@K=0.0049  accepted=9  auc=0.5322  uauc=0.3733  loss=nan  (0.2s)
Round   30/30  coverage=0.4213  prec@K=0.0038  accepted=7  auc=0.5257  uauc=0.5208  loss=nan  (0.2s)

结果已写入 results\orchestrator\runs\ir40_constlr5e5_multiseed\college_msg\jaccard_s3/rounds.csv
