=== college_msg_aa_s42  started 2026-05-07T15:16:39 ===

C:\conda\envs\gnn\lib\site-packages\requests\__init__.py:86: RequestsDependencyWarning: Unable to find acceptable character detection dependency (chardet or charset_normalizer).
  warnings.warn(
C:\conda\envs\gnn\lib\site-packages\outdated\__init__.py:36: UserWarning: pkg_resources is deprecated as an API. See https://setuptools.pypa.io/en/latest/pkg_resources.html. The pkg_resources package is slated for removal as early as 2025-11-30. Refrain from using this package or pin to Setuptools<81.
  from pkg_resources import parse_version
Round    1/30  coverage=0.4018  prec@K=0.0203  accepted=37  auc=0.8761  uauc=0.5869  loss=nan  (0.2s)
Round    2/30  coverage=0.4036  prec@K=0.0204  accepted=37  auc=0.8340  uauc=0.5319  loss=nan  (0.1s)
Round    3/30  coverage=0.4055  prec@K=0.0210  accepted=38  auc=0.8347  uauc=0.5685  loss=nan  (0.1s)
Round    4/30  coverage=0.4068  prec@K=0.0149  accepted=27  auc=0.9103  uauc=0.5967  loss=nan  (0.1s)
Round    5/30  coverage=0.4084  prec@K=0.0174  accepted=32  auc=0.8763  uauc=0.6711  loss=nan  (0.1s)
Round    6/30  coverage=0.4102  prec@K=0.0195  accepted=36  auc=0.8245  uauc=0.5304  loss=nan  (0.1s)
Round    7/30  coverage=0.4113  prec@K=0.0125  accepted=23  auc=0.8401  uauc=0.5556  loss=nan  (0.1s)
Round    8/30  coverage=0.4123  prec@K=0.0109  accepted=20  auc=0.9027  uauc=0.6026  loss=nan  (0.1s)
Round    9/30  coverage=0.4136  prec@K=0.0153  accepted=27  auc=0.8634  uauc=0.6315  loss=nan  (0.1s)
Round   10/30  coverage=0.4148  prec@K=0.0130  accepted=24  auc=0.8049  uauc=0.6149  loss=nan  (0.1s)
Round   11/30  coverage=0.4161  prec@K=0.0143  accepted=26  auc=0.8892  uauc=0.5822  loss=nan  (0.2s)
Round   12/30  coverage=0.4175  prec@K=0.0162  accepted=29  auc=0.8708  uauc=0.4625  loss=nan  (0.1s)
Round   13/30  coverage=0.4183  prec@K=0.0090  accepted=16  auc=0.8865  uauc=0.5184  loss=nan  (0.1s)
Round   14/30  coverage=0.4194  prec@K=0.0121  accepted=22  auc=0.8497  uauc=0.6662  loss=nan  (0.1s)
Round   15/30  coverage=0.4202  prec@K=0.0094  accepted=17  auc=0.8865  uauc=0.4369  loss=nan  (0.1s)
Round   16/30  coverage=0.4214  prec@K=0.0127  accepted=23  auc=0.8576  uauc=0.5865  loss=nan  (0.2s)
Round   17/30  coverage=0.4222  prec@K=0.0095  accepted=17  auc=0.8155  uauc=0.4460  loss=nan  (0.2s)
Round   18/30  coverage=0.4231  prec@K=0.0103  accepted=19  auc=0.8602  uauc=0.6364  loss=nan  (0.2s)
Round   19/30  coverage=0.4238  prec@K=0.0078  accepted=14  auc=0.8111  uauc=0.4797  loss=nan  (0.2s)
Round   20/30  coverage=0.4247  prec@K=0.0099  accepted=18  auc=0.8962  uauc=0.5200  loss=nan  (0.2s)
Round   21/30  coverage=0.4253  prec@K=0.0066  accepted=12  auc=0.8781  uauc=0.5221  loss=nan  (0.3s)
Round   22/30  coverage=0.4260  prec@K=0.0076  accepted=14  auc=0.7905  uauc=0.3756  loss=nan  (0.2s)
Round   23/30  coverage=0.4268  prec@K=0.0094  accepted=17  auc=0.9070  uauc=0.4675  loss=nan  (0.2s)
Round   24/30  coverage=0.4278  prec@K=0.0111  accepted=20  auc=0.8230  uauc=0.5913  loss=nan  (0.2s)
Round   25/30  coverage=0.4288  prec@K=0.0107  accepted=19  auc=0.8166  uauc=0.4551  loss=nan  (0.2s)
Round   26/30  coverage=0.4290  prec@K=0.0027  accepted=5  auc=0.8446  uauc=0.2444  loss=nan  (0.2s)
Round   27/30  coverage=0.4294  prec@K=0.0044  accepted=8  auc=0.9252  uauc=0.5017  loss=nan  (0.2s)
Round   28/30  coverage=0.4303  prec@K=0.0098  accepted=18  auc=0.8895  uauc=0.6122  loss=nan  (0.2s)
Round   29/30  coverage=0.4308  prec@K=0.0061  accepted=11  auc=0.8071  uauc=0.6056  loss=nan  (0.2s)
Round   30/30  coverage=0.4314  prec@K=0.0060  accepted=11  auc=0.7660  uauc=0.5833  loss=nan  (0.2s)

结果已写入 results\orchestrator\runs\ir40_constlr5e5_multiseed\college_msg\aa_s42/rounds.csv
