=== college_msg_aa_s2  started 2026-05-07T15:16:27 ===

C:\conda\envs\gnn\lib\site-packages\requests\__init__.py:86: RequestsDependencyWarning: Unable to find acceptable character detection dependency (chardet or charset_normalizer).
  warnings.warn(
C:\conda\envs\gnn\lib\site-packages\outdated\__init__.py:36: UserWarning: pkg_resources is deprecated as an API. See https://setuptools.pypa.io/en/latest/pkg_resources.html. The pkg_resources package is slated for removal as early as 2025-11-30. Refrain from using this package or pin to Setuptools<81.
  from pkg_resources import parse_version
Round    1/30  coverage=0.4015  prec@K=0.0171  accepted=31  auc=0.8233  uauc=0.6109  loss=nan  (0.3s)
Round    2/30  coverage=0.4030  prec@K=0.0164  accepted=30  auc=0.8688  uauc=0.6537  loss=nan  (0.1s)
Round    3/30  coverage=0.4045  prec@K=0.0168  accepted=31  auc=0.8423  uauc=0.6095  loss=nan  (0.1s)
Round    4/30  coverage=0.4065  prec@K=0.0218  accepted=40  auc=0.8439  uauc=0.6106  loss=nan  (0.1s)
Round    5/30  coverage=0.4082  prec@K=0.0192  accepted=35  auc=0.8361  uauc=0.5260  loss=nan  (0.1s)
Round    6/30  coverage=0.4095  prec@K=0.0147  accepted=27  auc=0.8420  uauc=0.5172  loss=nan  (0.1s)
Round    7/30  coverage=0.4105  prec@K=0.0102  accepted=19  auc=0.8832  uauc=0.6481  loss=nan  (0.1s)
Round    8/30  coverage=0.4117  prec@K=0.0139  accepted=25  auc=0.8621  uauc=0.5855  loss=nan  (0.1s)
Round    9/30  coverage=0.4128  prec@K=0.0122  accepted=22  auc=0.8531  uauc=0.4352  loss=nan  (0.1s)
Round   10/30  coverage=0.4144  prec@K=0.0173  accepted=32  auc=0.8904  uauc=0.5362  loss=nan  (0.1s)
Round   11/30  coverage=0.4153  prec@K=0.0106  accepted=19  auc=0.8374  uauc=0.3816  loss=nan  (0.2s)
Round   12/30  coverage=0.4162  prec@K=0.0097  accepted=18  auc=0.8475  uauc=0.5464  loss=nan  (0.1s)
Round   13/30  coverage=0.4172  prec@K=0.0109  accepted=20  auc=0.8405  uauc=0.5867  loss=nan  (0.1s)
Round   14/30  coverage=0.4184  prec@K=0.0139  accepted=25  auc=0.8239  uauc=0.5995  loss=nan  (0.1s)
Round   15/30  coverage=0.4192  prec@K=0.0093  accepted=17  auc=0.9091  uauc=0.4730  loss=nan  (0.1s)
Round   16/30  coverage=0.4203  prec@K=0.0115  accepted=21  auc=0.8532  uauc=0.6334  loss=nan  (0.1s)
Round   17/30  coverage=0.4213  prec@K=0.0111  accepted=20  auc=0.7813  uauc=0.3088  loss=nan  (0.1s)
Round   18/30  coverage=0.4221  prec@K=0.0092  accepted=17  auc=0.8019  uauc=0.7382  loss=nan  (0.2s)
Round   19/30  coverage=0.4230  prec@K=0.0103  accepted=19  auc=0.7973  uauc=0.4079  loss=nan  (0.2s)
Round   20/30  coverage=0.4239  prec@K=0.0092  accepted=17  auc=0.8561  uauc=0.6042  loss=nan  (0.2s)
Round   21/30  coverage=0.4244  prec@K=0.0055  accepted=10  auc=0.8504  uauc=0.3420  loss=nan  (0.3s)
Round   22/30  coverage=0.4253  prec@K=0.0099  accepted=18  auc=0.8982  uauc=0.4552  loss=nan  (0.2s)
Round   23/30  coverage=0.4263  prec@K=0.0123  accepted=22  auc=0.8739  uauc=0.5917  loss=nan  (0.2s)
Round   24/30  coverage=0.4273  prec@K=0.0104  accepted=19  auc=0.8825  uauc=0.5791  loss=nan  (0.2s)
Round   25/30  coverage=0.4282  prec@K=0.0098  accepted=18  auc=0.9096  uauc=0.4342  loss=nan  (0.2s)
Round   26/30  coverage=0.4289  prec@K=0.0083  accepted=15  auc=0.9211  uauc=0.4797  loss=nan  (0.2s)
Round   27/30  coverage=0.4295  prec@K=0.0066  accepted=12  auc=0.8705  uauc=0.5389  loss=nan  (0.2s)
Round   28/30  coverage=0.4302  prec@K=0.0077  accepted=14  auc=0.8597  uauc=0.5046  loss=nan  (0.2s)
Round   29/30  coverage=0.4307  prec@K=0.0054  accepted=10  auc=0.8866  uauc=0.5085  loss=nan  (0.2s)
Round   30/30  coverage=0.4307  prec@K=0.0006  accepted=1  auc=0.6740  uauc=0.5000  loss=nan  (0.2s)

结果已写入 results\orchestrator\runs\ir40_constlr5e5_multiseed\college_msg\aa_s2/rounds.csv
