=== dnc_email_gnn_concat_h8_s1  started 2026-05-07T13:19:21 ===

C:\conda\envs\gnn\lib\site-packages\requests\__init__.py:86: RequestsDependencyWarning: Unable to find acceptable character detection dependency (chardet or charset_normalizer).
  warnings.warn(
C:\conda\envs\gnn\lib\site-packages\outdated\__init__.py:36: UserWarning: pkg_resources is deprecated as an API. See https://setuptools.pypa.io/en/latest/pkg_resources.html. The pkg_resources package is slated for removal as early as 2025-11-30. Refrain from using this package or pin to Setuptools<81.
  from pkg_resources import parse_version
Round    1/30  coverage=0.4015  prec@K=0.0050  accepted=9  auc=0.5148  uauc=0.4184  loss=0.7536  (1.5s)
Round    2/30  coverage=0.4031  prec@K=0.0049  accepted=9  auc=0.8024  uauc=0.5669  loss=0.7539  (0.8s)
Round    3/30  coverage=0.4040  prec@K=0.0028  accepted=5  auc=0.6708  uauc=0.6556  loss=0.7535  (0.8s)
Round    4/30  coverage=0.4049  prec@K=0.0027  accepted=5  auc=0.3767  uauc=0.2963  loss=0.7536  (0.9s)
Round    5/30  coverage=0.4062  prec@K=0.0038  accepted=7  auc=0.7324  uauc=0.4571  loss=0.7521  (0.8s)
Round    6/30  coverage=0.4069  prec@K=0.0022  accepted=4  auc=0.6845  uauc=0.6852  loss=0.7533  (0.9s)
Round    7/30  coverage=0.4078  prec@K=0.0027  accepted=5  auc=0.7462  uauc=0.6667  loss=0.7529  (0.8s)
Round    8/30  coverage=0.4089  prec@K=0.0032  accepted=6  auc=0.8607  uauc=0.6417  loss=0.7508  (0.8s)
Round    9/30  coverage=0.4100  prec@K=0.0033  accepted=6  auc=0.6274  uauc=0.5060  loss=0.7505  (0.8s)
Round   10/30  coverage=0.4111  prec@K=0.0033  accepted=6  auc=0.6840  uauc=0.6208  loss=0.7513  (0.9s)
Round   11/30  coverage=0.4116  prec@K=0.0016  accepted=3  auc=0.8812  uauc=0.2407  loss=0.7514  (1.0s)
Round   12/30  coverage=0.4120  prec@K=0.0011  accepted=2  auc=0.6056  uauc=0.7500  loss=0.7503  (0.8s)
Round   13/30  coverage=0.4125  prec@K=0.0016  accepted=3  auc=0.7042  uauc=0.6481  loss=0.7513  (0.8s)
Round   14/30  coverage=0.4142  prec@K=0.0050  accepted=9  auc=0.8134  uauc=0.4603  loss=0.7485  (0.8s)
Round   15/30  coverage=0.4142  prec@K=0.0000  accepted=0  loss=0.7506  (0.9s)
Round   16/30  coverage=0.4154  prec@K=0.0039  accepted=7  auc=0.6612  uauc=0.4282  loss=0.7462  (0.9s)
Round   17/30  coverage=0.4162  prec@K=0.0022  accepted=4  auc=0.7260  uauc=0.5417  loss=0.7478  (1.1s)
Round   18/30  coverage=0.4169  prec@K=0.0022  accepted=4  auc=0.7726  uauc=0.6285  loss=0.7488  (1.0s)
Round   19/30  coverage=0.4191  prec@K=0.0065  accepted=12  auc=0.6490  uauc=0.6633  loss=0.7465  (1.0s)
Round   20/30  coverage=0.4191  prec@K=0.0000  accepted=0  loss=0.7479  (1.0s)
Round   21/30  coverage=0.4196  prec@K=0.0016  accepted=3  auc=0.7916  uauc=0.5714  loss=0.7461  (1.0s)
Round   22/30  coverage=0.4209  prec@K=0.0038  accepted=7  auc=0.5518  uauc=0.6071  loss=0.7448  (1.0s)
Round   23/30  coverage=0.4227  prec@K=0.0054  accepted=10  auc=0.5378  uauc=0.7113  loss=0.7443  (1.0s)
Round   24/30  coverage=0.4238  prec@K=0.0033  accepted=6  auc=0.5927  uauc=0.5218  loss=0.7438  (1.1s)
Round   25/30  coverage=0.4241  prec@K=0.0011  accepted=2  auc=0.5221  uauc=0.7500  loss=0.7446  (1.0s)
Round   26/30  coverage=0.4243  prec@K=0.0005  accepted=1  auc=0.9882  uauc=0.1667  loss=0.7441  (1.0s)
Round   27/30  coverage=0.4247  prec@K=0.0011  accepted=2  auc=0.7112  uauc=0.7500  loss=0.7447  (0.9s)
Round   28/30  coverage=0.4249  prec@K=0.0005  accepted=1  auc=0.2918  uauc=1.0000  loss=0.7434  (1.1s)
Round   29/30  coverage=0.4249  prec@K=0.0000  accepted=0  loss=0.7436  (0.9s)
Round   30/30  coverage=0.4250  prec@K=0.0005  accepted=1  auc=0.8069  uauc=0.5000  loss=0.7427  (1.1s)

结果已写入 results\orchestrator\runs\ir40_constlr5e5_multiseed\dnc_email\gnn_concat_h8_s1/rounds.csv
