=== dnc_email_gnn_s1  started 2026-05-07T13:18:01 ===

C:\conda\envs\gnn\lib\site-packages\requests\__init__.py:86: RequestsDependencyWarning: Unable to find acceptable character detection dependency (chardet or charset_normalizer).
  warnings.warn(
C:\conda\envs\gnn\lib\site-packages\outdated\__init__.py:36: UserWarning: pkg_resources is deprecated as an API. See https://setuptools.pypa.io/en/latest/pkg_resources.html. The pkg_resources package is slated for removal as early as 2025-11-30. Refrain from using this package or pin to Setuptools<81.
  from pkg_resources import parse_version
Round    1/30  coverage=0.4040  prec@K=0.0127  accepted=23  auc=0.0645  uauc=0.8718  loss=0.7610  (1.5s)
Round    2/30  coverage=0.4100  prec@K=0.0179  accepted=33  auc=0.0563  uauc=0.8289  loss=0.7579  (0.6s)
Round    3/30  coverage=0.4122  prec@K=0.0066  accepted=12  auc=0.0383  uauc=0.6667  loss=0.7625  (0.6s)
Round    4/30  coverage=0.4149  prec@K=0.0082  accepted=15  auc=0.0683  uauc=0.5941  loss=0.7610  (0.7s)
Round    5/30  coverage=0.4185  prec@K=0.0109  accepted=20  auc=0.0296  uauc=0.7544  loss=0.7606  (0.6s)
Round    6/30  coverage=0.4200  prec@K=0.0044  accepted=8  auc=0.0297  uauc=0.6722  loss=0.7635  (0.7s)
Round    7/30  coverage=0.4234  prec@K=0.0104  accepted=19  auc=0.0909  uauc=0.6755  loss=0.7585  (0.7s)
Round    8/30  coverage=0.4272  prec@K=0.0113  accepted=21  auc=0.0274  uauc=0.7869  loss=0.7561  (0.8s)
Round    9/30  coverage=0.4290  prec@K=0.0055  accepted=10  auc=0.0519  uauc=0.7989  loss=0.7599  (0.7s)
Round   10/30  coverage=0.4328  prec@K=0.0115  accepted=21  auc=0.1052  uauc=0.5782  loss=0.7561  (0.8s)
Round   11/30  coverage=0.4348  prec@K=0.0060  accepted=11  auc=0.0278  uauc=0.7996  loss=0.7564  (0.8s)
Round   12/30  coverage=0.4367  prec@K=0.0055  accepted=10  auc=0.0489  uauc=0.9252  loss=0.7561  (0.8s)
Round   13/30  coverage=0.4376  prec@K=0.0027  accepted=5  auc=0.1913  uauc=0.6493  loss=0.7590  (0.7s)
Round   14/30  coverage=0.4399  prec@K=0.0072  accepted=13  auc=0.0622  uauc=0.7153  loss=0.7566  (0.8s)
Round   15/30  coverage=0.4401  prec@K=0.0006  accepted=1  auc=0.0215  uauc=1.0000  loss=0.7636  (0.7s)
Round   16/30  coverage=0.4410  prec@K=0.0028  accepted=5  auc=0.0555  uauc=0.6684  loss=0.7561  (0.7s)
Round   17/30  coverage=0.4415  prec@K=0.0016  accepted=3  auc=0.0292  uauc=1.0000  loss=0.7548  (0.7s)
Round   18/30  coverage=0.4425  prec@K=0.0027  accepted=5  auc=0.0307  uauc=0.5000  loss=0.7575  (0.8s)
Round   19/30  coverage=0.4444  prec@K=0.0059  accepted=11  auc=0.1059  uauc=0.6875  loss=0.7526  (0.8s)
Round   20/30  coverage=0.4450  prec@K=0.0016  accepted=3  auc=0.0420  uauc=0.9688  loss=0.7533  (0.9s)
Round   21/30  coverage=0.4459  prec@K=0.0027  accepted=5  auc=0.0787  uauc=0.8333  loss=0.7568  (0.9s)
Round   22/30  coverage=0.4484  prec@K=0.0076  accepted=14  auc=0.0598  uauc=0.6492  loss=0.7529  (0.8s)
Round   23/30  coverage=0.4493  prec@K=0.0027  accepted=5  auc=0.0261  uauc=0.6111  loss=0.7546  (0.8s)
Round   24/30  coverage=0.4502  prec@K=0.0027  accepted=5  auc=0.0896  uauc=0.5333  loss=0.7524  (0.8s)
Round   25/30  coverage=0.4513  prec@K=0.0033  accepted=6  auc=0.0499  uauc=0.6667  loss=0.7534  (0.9s)
Round   26/30  coverage=0.4521  prec@K=0.0022  accepted=4  auc=0.0135  uauc=0.7500  loss=0.7566  (0.8s)
Round   27/30  coverage=0.4533  prec@K=0.0038  accepted=7  auc=0.0775  uauc=0.5556  loss=0.7520  (0.9s)
Round   28/30  coverage=0.4535  prec@K=0.0005  accepted=1  auc=0.0241  uauc=0.5000  loss=0.7550  (0.9s)
Round   29/30  coverage=0.4546  prec@K=0.0033  accepted=6  auc=0.2099  uauc=0.7500  loss=0.7512  (0.8s)
Round   30/30  coverage=0.4551  prec@K=0.0016  accepted=3  auc=0.0437  uauc=0.7500  loss=0.7556  (0.9s)

结果已写入 results\orchestrator\runs\ir40_constlr5e5_multiseed\dnc_email\gnn_s1/rounds.csv
