=== dnc_email_aa_s1  started 2026-05-07T13:16:42 ===

C:\conda\envs\gnn\lib\site-packages\requests\__init__.py:86: RequestsDependencyWarning: Unable to find acceptable character detection dependency (chardet or charset_normalizer).
  warnings.warn(
C:\conda\envs\gnn\lib\site-packages\outdated\__init__.py:36: UserWarning: pkg_resources is deprecated as an API. See https://setuptools.pypa.io/en/latest/pkg_resources.html. The pkg_resources package is slated for removal as early as 2025-11-30. Refrain from using this package or pin to Setuptools<81.
  from pkg_resources import parse_version
Round    1/30  coverage=0.4069  prec@K=0.0216  accepted=39  auc=0.9841  uauc=0.6374  loss=nan  (0.1s)
Round    2/30  coverage=0.4202  prec@K=0.0395  accepted=73  auc=0.9810  uauc=0.6899  loss=nan  (0.1s)
Round    3/30  coverage=0.4260  prec@K=0.0177  accepted=32  auc=0.9931  uauc=0.6477  loss=nan  (0.1s)
Round    4/30  coverage=0.4328  prec@K=0.0207  accepted=38  auc=0.9758  uauc=0.6906  loss=nan  (0.1s)
Round    5/30  coverage=0.4419  prec@K=0.0273  accepted=50  auc=0.9822  uauc=0.5745  loss=nan  (0.1s)
Round    6/30  coverage=0.4464  prec@K=0.0137  accepted=25  auc=0.9891  uauc=0.8194  loss=nan  (0.1s)
Round    7/30  coverage=0.4555  prec@K=0.0273  accepted=50  auc=0.9574  uauc=0.6720  loss=nan  (0.1s)
Round    8/30  coverage=0.4638  prec@K=0.0249  accepted=46  auc=0.9829  uauc=0.5905  loss=nan  (0.1s)
Round    9/30  coverage=0.4682  prec@K=0.0131  accepted=24  auc=0.9644  uauc=0.5702  loss=nan  (0.1s)
Round   10/30  coverage=0.4769  prec@K=0.0263  accepted=48  auc=0.9643  uauc=0.6447  loss=nan  (0.1s)
Round   11/30  coverage=0.4847  prec@K=0.0235  accepted=43  auc=0.9841  uauc=0.6354  loss=nan  (0.2s)
Round   12/30  coverage=0.4957  prec@K=0.0334  accepted=61  auc=0.9752  uauc=0.5784  loss=nan  (0.1s)
Round   13/30  coverage=0.4986  prec@K=0.0088  accepted=16  auc=0.9325  uauc=0.6233  loss=nan  (0.1s)
Round   14/30  coverage=0.5055  prec@K=0.0210  accepted=38  auc=0.9851  uauc=0.7829  loss=nan  (0.2s)
Round   15/30  coverage=0.5066  prec@K=0.0033  accepted=6  auc=0.9827  uauc=0.5986  loss=nan  (0.2s)
Round   16/30  coverage=0.5110  prec@K=0.0132  accepted=24  auc=0.9698  uauc=0.6424  loss=nan  (0.2s)
Round   17/30  coverage=0.5142  prec@K=0.0097  accepted=18  auc=0.9624  uauc=0.5224  loss=nan  (0.2s)
Round   18/30  coverage=0.5180  prec@K=0.0114  accepted=21  auc=0.9739  uauc=0.7693  loss=nan  (0.2s)
Round   19/30  coverage=0.5251  prec@K=0.0210  accepted=39  auc=0.9519  uauc=0.6557  loss=nan  (0.2s)
Round   20/30  coverage=0.5295  prec@K=0.0130  accepted=24  auc=0.9466  uauc=0.6472  loss=nan  (0.2s)
Round   21/30  coverage=0.5322  prec@K=0.0081  accepted=15  auc=0.9806  uauc=0.5505  loss=nan  (0.2s)
Round   22/30  coverage=0.5351  prec@K=0.0087  accepted=16  auc=0.9919  uauc=0.5711  loss=nan  (0.2s)
Round   23/30  coverage=0.5409  prec@K=0.0173  accepted=32  auc=0.9762  uauc=0.6585  loss=nan  (0.2s)
Round   24/30  coverage=0.5454  prec@K=0.0136  accepted=25  auc=0.9656  uauc=0.5909  loss=nan  (0.2s)
Round   25/30  coverage=0.5492  prec@K=0.0115  accepted=21  auc=0.9609  uauc=0.4932  loss=nan  (0.2s)
Round   26/30  coverage=0.5512  prec@K=0.0060  accepted=11  auc=0.9233  uauc=0.6605  loss=nan  (0.2s)
Round   27/30  coverage=0.5545  prec@K=0.0099  accepted=18  auc=0.9880  uauc=0.7539  loss=nan  (0.2s)
Round   28/30  coverage=0.5572  prec@K=0.0081  accepted=15  auc=0.9751  uauc=0.5846  loss=nan  (0.3s)
Round   29/30  coverage=0.5601  prec@K=0.0087  accepted=16  auc=0.9536  uauc=0.6267  loss=nan  (0.3s)
Round   30/30  coverage=0.5621  prec@K=0.0059  accepted=11  auc=0.9777  uauc=0.5477  loss=nan  (0.3s)

结果已写入 results\orchestrator\runs\ir40_constlr5e5_multiseed\dnc_email\aa_s1/rounds.csv
