=== dnc_email_gat_emb_s42  started 2026-05-07T13:18:00 ===

C:\conda\envs\gnn\lib\site-packages\requests\__init__.py:86: RequestsDependencyWarning: Unable to find acceptable character detection dependency (chardet or charset_normalizer).
  warnings.warn(
C:\conda\envs\gnn\lib\site-packages\outdated\__init__.py:36: UserWarning: pkg_resources is deprecated as an API. See https://setuptools.pypa.io/en/latest/pkg_resources.html. The pkg_resources package is slated for removal as early as 2025-11-30. Refrain from using this package or pin to Setuptools<81.
  from pkg_resources import parse_version
Round    1/30  coverage=0.4029  prec@K=0.0092  accepted=17  auc=0.5552  uauc=0.5708  loss=0.6648  (1.7s)
Round    2/30  coverage=0.4053  prec@K=0.0071  accepted=13  auc=0.2542  uauc=0.6205  loss=0.6640  (0.8s)
Round    3/30  coverage=0.4086  prec@K=0.0098  accepted=18  auc=0.3314  uauc=0.5952  loss=0.6644  (0.8s)
Round    4/30  coverage=0.4122  prec@K=0.0109  accepted=20  auc=0.2523  uauc=0.6474  loss=0.6643  (0.8s)
Round    5/30  coverage=0.4133  prec@K=0.0033  accepted=6  auc=0.4470  uauc=0.7491  loss=0.6624  (0.8s)
Round    6/30  coverage=0.4189  prec@K=0.0168  accepted=31  auc=0.1830  uauc=0.4876  loss=0.6661  (0.9s)
Round    7/30  coverage=0.4231  prec@K=0.0124  accepted=23  auc=0.1093  uauc=0.4184  loss=0.6647  (0.9s)
Round    8/30  coverage=0.4263  prec@K=0.0098  accepted=18  auc=0.2218  uauc=0.7292  loss=0.6638  (0.8s)
Round    9/30  coverage=0.4285  prec@K=0.0065  accepted=12  auc=0.2912  uauc=0.6444  loss=0.6627  (0.8s)
Round   10/30  coverage=0.4298  prec@K=0.0038  accepted=7  auc=0.3634  uauc=0.6777  loss=0.6620  (0.8s)
Round   11/30  coverage=0.4332  prec@K=0.0102  accepted=19  auc=0.4194  uauc=0.4818  loss=0.6628  (0.8s)
Round   12/30  coverage=0.4345  prec@K=0.0038  accepted=7  auc=0.0568  uauc=0.5856  loss=0.6616  (0.8s)
Round   13/30  coverage=0.4365  prec@K=0.0060  accepted=11  auc=0.1705  uauc=0.7143  loss=0.6619  (0.9s)
Round   14/30  coverage=0.4383  prec@K=0.0054  accepted=10  auc=0.0696  uauc=0.5660  loss=0.6619  (1.0s)
Round   15/30  coverage=0.4415  prec@K=0.0098  accepted=18  auc=0.0755  uauc=0.5406  loss=0.6629  (1.0s)
Round   16/30  coverage=0.4426  prec@K=0.0033  accepted=6  auc=0.1918  uauc=0.5486  loss=0.6611  (0.9s)
Round   17/30  coverage=0.4441  prec@K=0.0044  accepted=8  auc=0.0665  uauc=0.2889  loss=0.6610  (0.9s)
Round   18/30  coverage=0.4466  prec@K=0.0076  accepted=14  auc=0.1330  uauc=0.3931  loss=0.6616  (1.0s)
Round   19/30  coverage=0.4490  prec@K=0.0071  accepted=13  auc=0.3185  uauc=0.6806  loss=0.6621  (1.0s)
Round   20/30  coverage=0.4510  prec@K=0.0059  accepted=11  auc=0.3311  uauc=0.5378  loss=0.6611  (1.0s)
Round   21/30  coverage=0.4528  prec@K=0.0054  accepted=10  auc=0.1779  uauc=0.6397  loss=0.6609  (0.9s)
Round   22/30  coverage=0.4544  prec@K=0.0049  accepted=9  auc=0.1193  uauc=0.3724  loss=0.6608  (1.0s)
Round   23/30  coverage=0.4553  prec@K=0.0027  accepted=5  auc=0.0609  uauc=0.5265  loss=0.6600  (1.0s)
Round   24/30  coverage=0.4566  prec@K=0.0038  accepted=7  auc=0.2859  uauc=0.5498  loss=0.6601  (1.0s)
Round   25/30  coverage=0.4593  prec@K=0.0082  accepted=15  auc=0.2740  uauc=0.5966  loss=0.6610  (1.0s)
Round   26/30  coverage=0.4604  prec@K=0.0032  accepted=6  auc=0.2762  uauc=0.4222  loss=0.6596  (1.0s)
Round   27/30  coverage=0.4618  prec@K=0.0043  accepted=8  auc=0.0466  uauc=0.3889  loss=0.6596  (1.0s)
Round   28/30  coverage=0.4635  prec@K=0.0049  accepted=9  auc=0.0634  uauc=0.5258  loss=0.6598  (1.0s)
Round   29/30  coverage=0.4644  prec@K=0.0027  accepted=5  auc=0.2592  uauc=0.5764  loss=0.6593  (1.0s)
Round   30/30  coverage=0.4662  prec@K=0.0054  accepted=10  auc=0.1967  uauc=0.4644  loss=0.6596  (1.1s)

结果已写入 results\orchestrator\runs\ir40_constlr5e5_multiseed\dnc_email\gat_emb_s42/rounds.csv
