=== dnc_email_random_s2  started 2026-05-07T13:22:31 ===

C:\conda\envs\gnn\lib\site-packages\requests\__init__.py:86: RequestsDependencyWarning: Unable to find acceptable character detection dependency (chardet or charset_normalizer).
  warnings.warn(
C:\conda\envs\gnn\lib\site-packages\outdated\__init__.py:36: UserWarning: pkg_resources is deprecated as an API. See https://setuptools.pypa.io/en/latest/pkg_resources.html. The pkg_resources package is slated for removal as early as 2025-11-30. Refrain from using this package or pin to Setuptools<81.
  from pkg_resources import parse_version
Round    1/30  coverage=0.4015  prec@K=0.0050  accepted=9  loss=nan  (0.0s)
Round    2/30  coverage=0.4049  prec@K=0.0105  accepted=19  loss=nan  (0.0s)
Round    3/30  coverage=0.4075  prec@K=0.0077  accepted=14  loss=nan  (0.0s)
Round    4/30  coverage=0.4087  prec@K=0.0038  accepted=7  loss=nan  (0.0s)
Round    5/30  coverage=0.4104  prec@K=0.0049  accepted=9  loss=nan  (0.1s)
Round    6/30  coverage=0.4138  prec@K=0.0104  accepted=19  loss=nan  (0.1s)
Round    7/30  coverage=0.4153  prec@K=0.0044  accepted=8  loss=nan  (0.1s)
Round    8/30  coverage=0.4180  prec@K=0.0081  accepted=15  loss=nan  (0.1s)
Round    9/30  coverage=0.4205  prec@K=0.0077  accepted=14  loss=nan  (0.1s)
Round   10/30  coverage=0.4216  prec@K=0.0033  accepted=6  loss=nan  (0.1s)
Round   11/30  coverage=0.4240  prec@K=0.0071  accepted=13  loss=nan  (0.2s)
Round   12/30  coverage=0.4247  prec@K=0.0022  accepted=4  loss=nan  (0.1s)
Round   13/30  coverage=0.4254  prec@K=0.0022  accepted=4  loss=nan  (0.1s)
Round   14/30  coverage=0.4270  prec@K=0.0049  accepted=9  loss=nan  (0.1s)
Round   15/30  coverage=0.4278  prec@K=0.0022  accepted=4  loss=nan  (0.1s)
Round   16/30  coverage=0.4309  prec@K=0.0093  accepted=17  loss=nan  (0.1s)
Round   17/30  coverage=0.4316  prec@K=0.0022  accepted=4  loss=nan  (0.1s)
Round   18/30  coverage=0.4328  prec@K=0.0038  accepted=7  loss=nan  (0.2s)
Round   19/30  coverage=0.4348  prec@K=0.0060  accepted=11  loss=nan  (0.2s)
Round   20/30  coverage=0.4365  prec@K=0.0049  accepted=9  loss=nan  (0.2s)
Round   21/30  coverage=0.4381  prec@K=0.0049  accepted=9  loss=nan  (0.2s)
Round   22/30  coverage=0.4408  prec@K=0.0081  accepted=15  loss=nan  (0.2s)
Round   23/30  coverage=0.4437  prec@K=0.0088  accepted=16  loss=nan  (0.2s)
Round   24/30  coverage=0.4443  prec@K=0.0016  accepted=3  loss=nan  (0.2s)
Round   25/30  coverage=0.4461  prec@K=0.0055  accepted=10  loss=nan  (0.2s)
Round   26/30  coverage=0.4468  prec@K=0.0022  accepted=4  loss=nan  (0.3s)
Round   27/30  coverage=0.4484  prec@K=0.0049  accepted=9  loss=nan  (0.2s)
Round   28/30  coverage=0.4504  prec@K=0.0060  accepted=11  loss=nan  (0.2s)
Round   29/30  coverage=0.4517  prec@K=0.0038  accepted=7  loss=nan  (0.3s)
Round   30/30  coverage=0.4522  prec@K=0.0016  accepted=3  loss=nan  (0.3s)

结果已写入 results\orchestrator\runs\ir40_constlr5e5_multiseed\dnc_email\random_s2/rounds.csv
