=== dnc_email_jaccard_s42  started 2026-05-07T13:22:17 ===

C:\conda\envs\gnn\lib\site-packages\requests\__init__.py:86: RequestsDependencyWarning: Unable to find acceptable character detection dependency (chardet or charset_normalizer).
  warnings.warn(
C:\conda\envs\gnn\lib\site-packages\outdated\__init__.py:36: UserWarning: pkg_resources is deprecated as an API. See https://setuptools.pypa.io/en/latest/pkg_resources.html. The pkg_resources package is slated for removal as early as 2025-11-30. Refrain from using this package or pin to Setuptools<81.
  from pkg_resources import parse_version
Round    1/30  coverage=0.4060  prec@K=0.0185  accepted=34  auc=0.6909  uauc=0.5759  loss=nan  (0.1s)
Round    2/30  coverage=0.4124  prec@K=0.0191  accepted=35  auc=0.7298  uauc=0.5586  loss=nan  (0.1s)
Round    3/30  coverage=0.4196  prec@K=0.0218  accepted=40  auc=0.6714  uauc=0.5262  loss=nan  (0.1s)
Round    4/30  coverage=0.4267  prec@K=0.0212  accepted=39  auc=0.7199  uauc=0.6693  loss=nan  (0.1s)
Round    5/30  coverage=0.4298  prec@K=0.0092  accepted=17  auc=0.7058  uauc=0.6623  loss=nan  (0.1s)
Round    6/30  coverage=0.4359  prec@K=0.0185  accepted=34  auc=0.7047  uauc=0.4976  loss=nan  (0.1s)
Round    7/30  coverage=0.4401  prec@K=0.0124  accepted=23  auc=0.6878  uauc=0.4976  loss=nan  (0.1s)
Round    8/30  coverage=0.4475  prec@K=0.0223  accepted=41  auc=0.6801  uauc=0.5352  loss=nan  (0.1s)
Round    9/30  coverage=0.4541  prec@K=0.0194  accepted=36  auc=0.7078  uauc=0.5793  loss=nan  (0.1s)
Round   10/30  coverage=0.4573  prec@K=0.0097  accepted=18  auc=0.7212  uauc=0.4909  loss=nan  (0.1s)
Round   11/30  coverage=0.4629  prec@K=0.0167  accepted=31  auc=0.6303  uauc=0.4879  loss=nan  (0.2s)
Round   12/30  coverage=0.4662  prec@K=0.0098  accepted=18  auc=0.6437  uauc=0.5020  loss=nan  (0.1s)
Round   13/30  coverage=0.4702  prec@K=0.0119  accepted=22  auc=0.6768  uauc=0.5223  loss=nan  (0.2s)
Round   14/30  coverage=0.4747  prec@K=0.0135  accepted=25  auc=0.7152  uauc=0.5000  loss=nan  (0.2s)
Round   15/30  coverage=0.4811  prec@K=0.0191  accepted=35  auc=0.6996  uauc=0.6479  loss=nan  (0.2s)
Round   16/30  coverage=0.4852  prec@K=0.0127  accepted=23  auc=0.6534  uauc=0.5890  loss=nan  (0.2s)
Round   17/30  coverage=0.4885  prec@K=0.0098  accepted=18  auc=0.6811  uauc=0.3175  loss=nan  (0.2s)
Round   18/30  coverage=0.4921  prec@K=0.0109  accepted=20  auc=0.6722  uauc=0.4121  loss=nan  (0.2s)
Round   19/30  coverage=0.4941  prec@K=0.0060  accepted=11  auc=0.7263  uauc=0.3787  loss=nan  (0.2s)
Round   20/30  coverage=0.4956  prec@K=0.0043  accepted=8  auc=0.6450  uauc=0.1429  loss=nan  (0.2s)
Round   21/30  coverage=0.4981  prec@K=0.0076  accepted=14  auc=0.7178  uauc=0.4155  loss=nan  (0.3s)
Round   22/30  coverage=0.5012  prec@K=0.0092  accepted=17  auc=0.7259  uauc=0.5739  loss=nan  (0.2s)
Round   23/30  coverage=0.5041  prec@K=0.0087  accepted=16  auc=0.6959  uauc=0.6413  loss=nan  (0.2s)
Round   24/30  coverage=0.5063  prec@K=0.0065  accepted=12  auc=0.6838  uauc=0.3912  loss=nan  (0.2s)
Round   25/30  coverage=0.5081  prec@K=0.0054  accepted=10  auc=0.6509  uauc=0.3757  loss=nan  (0.2s)
Round   26/30  coverage=0.5110  prec@K=0.0087  accepted=16  auc=0.6852  uauc=0.4785  loss=nan  (0.2s)
Round   27/30  coverage=0.5128  prec@K=0.0054  accepted=10  auc=0.6941  uauc=0.3652  loss=nan  (0.2s)
Round   28/30  coverage=0.5159  prec@K=0.0092  accepted=17  auc=0.7190  uauc=0.5233  loss=nan  (0.3s)
Round   29/30  coverage=0.5179  prec@K=0.0060  accepted=11  auc=0.6898  uauc=0.4697  loss=nan  (0.3s)
Round   30/30  coverage=0.5202  prec@K=0.0070  accepted=13  auc=0.6442  uauc=0.5952  loss=nan  (0.3s)

结果已写入 results\orchestrator\runs\ir40_constlr5e5_multiseed\dnc_email\jaccard_s42/rounds.csv
