=== email_eu_gnn_concat_s3  started 2026-05-07T11:54:35 ===

C:\conda\envs\gnn\lib\site-packages\requests\__init__.py:86: RequestsDependencyWarning: Unable to find acceptable character detection dependency (chardet or charset_normalizer).
  warnings.warn(
C:\conda\envs\gnn\lib\site-packages\outdated\__init__.py:36: UserWarning: pkg_resources is deprecated as an API. See https://setuptools.pypa.io/en/latest/pkg_resources.html. The pkg_resources package is slated for removal as early as 2025-11-30. Refrain from using this package or pin to Setuptools<81.
  from pkg_resources import parse_version
Round    1/30  coverage=0.4073  prec@K=0.1889  accepted=183  auc=0.8003  uauc=0.7860  loss=0.6458  (1.5s)
Round    2/30  coverage=0.4145  prec@K=0.1850  accepted=180  auc=0.8024  uauc=0.7555  loss=0.6474  (0.6s)
Round    3/30  coverage=0.4210  prec@K=0.1663  accepted=162  auc=0.7573  uauc=0.7452  loss=0.6424  (0.6s)
Round    4/30  coverage=0.4277  prec@K=0.1696  accepted=165  auc=0.8260  uauc=0.7743  loss=0.6377  (0.6s)
Round    5/30  coverage=0.4325  prec@K=0.1259  accepted=122  auc=0.7854  uauc=0.7124  loss=0.6248  (0.6s)
Round    6/30  coverage=0.4398  prec@K=0.1887  accepted=181  auc=0.7596  uauc=0.7819  loss=0.6400  (0.7s)
Round    7/30  coverage=0.4455  prec@K=0.1439  accepted=141  auc=0.7597  uauc=0.7109  loss=0.6269  (0.6s)
Round    8/30  coverage=0.4516  prec@K=0.1566  accepted=153  auc=0.7388  uauc=0.7353  loss=0.6277  (0.6s)
Round    9/30  coverage=0.4573  prec@K=0.1459  accepted=142  auc=0.7559  uauc=0.7641  loss=0.6220  (0.6s)
Round   10/30  coverage=0.4622  prec@K=0.1287  accepted=123  auc=0.7752  uauc=0.7391  loss=0.6132  (0.6s)
Round   11/30  coverage=0.4680  prec@K=0.1469  accepted=144  auc=0.6990  uauc=0.8001  loss=0.6175  (0.7s)
Round   12/30  coverage=0.4734  prec@K=0.1396  accepted=135  auc=0.7397  uauc=0.7993  loss=0.6105  (0.6s)
Round   13/30  coverage=0.4776  prec@K=0.1061  accepted=104  auc=0.7034  uauc=0.7604  loss=0.5998  (0.6s)
Round   14/30  coverage=0.4833  prec@K=0.1443  accepted=141  auc=0.7067  uauc=0.7971  loss=0.6071  (0.6s)
Round   15/30  coverage=0.4873  prec@K=0.1033  accepted=101  auc=0.6313  uauc=0.7502  loss=0.5918  (0.6s)
Round   16/30  coverage=0.4916  prec@K=0.1111  accepted=108  auc=0.6917  uauc=0.8015  loss=0.5909  (0.7s)
Round   17/30  coverage=0.4960  prec@K=0.1112  accepted=108  auc=0.6094  uauc=0.8060  loss=0.5894  (0.7s)
Round   18/30  coverage=0.5002  prec@K=0.1088  accepted=106  auc=0.6737  uauc=0.8223  loss=0.5837  (0.6s)
Round   19/30  coverage=0.5032  prec@K=0.0765  accepted=74  auc=0.5846  uauc=0.7184  loss=0.5720  (0.6s)
Round   20/30  coverage=0.5071  prec@K=0.0990  accepted=97  auc=0.5872  uauc=0.8616  loss=0.5783  (0.6s)
Round   21/30  coverage=0.5103  prec@K=0.0816  accepted=80  auc=0.6204  uauc=0.8885  loss=0.5661  (0.8s)
Round   22/30  coverage=0.5146  prec@K=0.1113  accepted=108  auc=0.5608  uauc=0.8322  loss=0.5754  (0.6s)
Round   23/30  coverage=0.5175  prec@K=0.0736  accepted=72  auc=0.5203  uauc=0.8635  loss=0.5574  (0.5s)
Round   24/30  coverage=0.5214  prec@K=0.1009  accepted=98  auc=0.5566  uauc=0.8092  loss=0.5646  (0.6s)
Round   25/30  coverage=0.5240  prec@K=0.0653  accepted=64  auc=0.4509  uauc=0.8330  loss=0.5494  (0.6s)
Round   26/30  coverage=0.5274  prec@K=0.0862  accepted=84  auc=0.4801  uauc=0.8156  loss=0.5538  (0.6s)
Round   27/30  coverage=0.5321  prec@K=0.1213  accepted=118  auc=0.5483  uauc=0.8081  loss=0.5649  (0.6s)
Round   28/30  coverage=0.5349  prec@K=0.0714  accepted=70  auc=0.4692  uauc=0.8077  loss=0.5408  (0.6s)
Round   29/30  coverage=0.5373  prec@K=0.0603  accepted=59  auc=0.4357  uauc=0.8511  loss=0.5360  (0.6s)
Round   30/30  coverage=0.5398  prec@K=0.0644  accepted=62  auc=0.3762  uauc=0.8167  loss=0.5314  (0.5s)

结果已写入 results\orchestrator\runs\ir40_constlr5e5_multiseed\email_eu\gnn_concat_s3/rounds.csv
