=== email_eu_gnn_h32_s42  started 2026-05-07T11:55:27 ===

C:\conda\envs\gnn\lib\site-packages\requests\__init__.py:86: RequestsDependencyWarning: Unable to find acceptable character detection dependency (chardet or charset_normalizer).
  warnings.warn(
C:\conda\envs\gnn\lib\site-packages\outdated\__init__.py:36: UserWarning: pkg_resources is deprecated as an API. See https://setuptools.pypa.io/en/latest/pkg_resources.html. The pkg_resources package is slated for removal as early as 2025-11-30. Refrain from using this package or pin to Setuptools<81.
  from pkg_resources import parse_version
Round    1/30  coverage=0.4081  prec@K=0.2128  accepted=203  auc=0.1744  uauc=0.6405  loss=0.7283  (1.4s)
Round    2/30  coverage=0.4161  prec@K=0.2037  accepted=198  auc=0.2192  uauc=0.6314  loss=0.7268  (0.5s)
Round    3/30  coverage=0.4225  prec@K=0.1633  accepted=160  auc=0.2065  uauc=0.6434  loss=0.7330  (0.4s)
Round    4/30  coverage=0.4301  prec@K=0.1951  accepted=190  auc=0.2986  uauc=0.6609  loss=0.7287  (0.4s)
Round    5/30  coverage=0.4363  prec@K=0.1578  accepted=154  auc=0.2914  uauc=0.6122  loss=0.7310  (0.5s)
Round    6/30  coverage=0.4416  prec@K=0.1407  accepted=133  auc=0.2696  uauc=0.5478  loss=0.7331  (0.4s)
Round    7/30  coverage=0.4486  prec@K=0.1796  accepted=174  auc=0.2981  uauc=0.6328  loss=0.7282  (0.6s)
Round    8/30  coverage=0.4541  prec@K=0.1412  accepted=138  auc=0.2746  uauc=0.6246  loss=0.7300  (0.4s)
Round    9/30  coverage=0.4607  prec@K=0.1692  accepted=165  auc=0.2730  uauc=0.6335  loss=0.7289  (0.4s)
Round   10/30  coverage=0.4657  prec@K=0.1278  accepted=124  auc=0.2849  uauc=0.5813  loss=0.7321  (0.5s)
Round   11/30  coverage=0.4710  prec@K=0.1372  accepted=132  auc=0.2753  uauc=0.6742  loss=0.7302  (0.7s)
Round   12/30  coverage=0.4773  prec@K=0.1602  accepted=157  auc=0.3271  uauc=0.6695  loss=0.7251  (0.4s)
Round   13/30  coverage=0.4824  prec@K=0.1307  accepted=127  auc=0.3316  uauc=0.7065  loss=0.7287  (0.5s)
Round   14/30  coverage=0.4885  prec@K=0.1576  accepted=153  auc=0.3403  uauc=0.7317  loss=0.7243  (0.5s)
Round   15/30  coverage=0.4937  prec@K=0.1318  accepted=129  auc=0.2757  uauc=0.7315  loss=0.7257  (0.5s)
Round   16/30  coverage=0.4999  prec@K=0.1582  accepted=155  auc=0.3168  uauc=0.6032  loss=0.7238  (0.5s)
Round   17/30  coverage=0.5058  prec@K=0.1500  accepted=147  auc=0.2966  uauc=0.6551  loss=0.7221  (0.5s)
Round   18/30  coverage=0.5112  prec@K=0.1393  accepted=134  auc=0.3578  uauc=0.7158  loss=0.7209  (0.5s)
Round   19/30  coverage=0.5161  prec@K=0.1256  accepted=122  auc=0.2532  uauc=0.6030  loss=0.7215  (0.5s)
Round   20/30  coverage=0.5202  prec@K=0.1070  accepted=103  auc=0.2824  uauc=0.6523  loss=0.7229  (0.5s)
Round   21/30  coverage=0.5245  prec@K=0.1082  accepted=106  auc=0.3100  uauc=0.6162  loss=0.7190  (0.7s)
Round   22/30  coverage=0.5300  prec@K=0.1408  accepted=138  auc=0.2836  uauc=0.6080  loss=0.7153  (0.6s)
Round   23/30  coverage=0.5341  prec@K=0.1040  accepted=101  auc=0.2610  uauc=0.6754  loss=0.7189  (0.5s)
Round   24/30  coverage=0.5385  prec@K=0.1133  accepted=110  auc=0.3021  uauc=0.6660  loss=0.7156  (0.5s)
Round   25/30  coverage=0.5420  prec@K=0.0894  accepted=87  auc=0.2787  uauc=0.6878  loss=0.7172  (0.5s)
Round   26/30  coverage=0.5457  prec@K=0.0949  accepted=93  auc=0.2640  uauc=0.5840  loss=0.7147  (0.5s)
Round   27/30  coverage=0.5496  prec@K=0.0990  accepted=97  auc=0.3804  uauc=0.6252  loss=0.7126  (0.4s)
Round   28/30  coverage=0.5526  prec@K=0.0772  accepted=75  auc=0.2683  uauc=0.6764  loss=0.7104  (0.4s)
Round   29/30  coverage=0.5552  prec@K=0.0669  accepted=65  auc=0.2736  uauc=0.6327  loss=0.7145  (0.4s)
Round   30/30  coverage=0.5577  prec@K=0.0644  accepted=62  auc=0.2560  uauc=0.6376  loss=0.7114  (0.4s)

结果已写入 results\orchestrator\runs\ir40_constlr5e5_multiseed\email_eu\gnn_h32_s42/rounds.csv
