=== email_eu_pa_s2  started 2026-05-07T11:57:07 ===

C:\conda\envs\gnn\lib\site-packages\requests\__init__.py:86: RequestsDependencyWarning: Unable to find acceptable character detection dependency (chardet or charset_normalizer).
  warnings.warn(
C:\conda\envs\gnn\lib\site-packages\outdated\__init__.py:36: UserWarning: pkg_resources is deprecated as an API. See https://setuptools.pypa.io/en/latest/pkg_resources.html. The pkg_resources package is slated for removal as early as 2025-11-30. Refrain from using this package or pin to Setuptools<81.
  from pkg_resources import parse_version
Round    1/30  coverage=0.4029  prec@K=0.0746  accepted=73  auc=0.7628  uauc=0.5827  loss=nan  (0.2s)
Round    2/30  coverage=0.4065  prec@K=0.0922  accepted=89  auc=0.7571  uauc=0.5346  loss=nan  (0.1s)
Round    3/30  coverage=0.4103  prec@K=0.0980  accepted=96  auc=0.7874  uauc=0.4950  loss=nan  (0.1s)
Round    4/30  coverage=0.4135  prec@K=0.0828  accepted=80  auc=0.8562  uauc=0.5259  loss=nan  (0.1s)
Round    5/30  coverage=0.4172  prec@K=0.0940  accepted=92  auc=0.8631  uauc=0.5308  loss=nan  (0.1s)
Round    6/30  coverage=0.4201  prec@K=0.0755  accepted=72  auc=0.8008  uauc=0.6013  loss=nan  (0.1s)
Round    7/30  coverage=0.4232  prec@K=0.0787  accepted=77  auc=0.8308  uauc=0.5809  loss=nan  (0.1s)
Round    8/30  coverage=0.4266  prec@K=0.0857  accepted=84  auc=0.7860  uauc=0.4973  loss=nan  (0.1s)
Round    9/30  coverage=0.4293  prec@K=0.0699  accepted=67  auc=0.8610  uauc=0.5651  loss=nan  (0.1s)
Round   10/30  coverage=0.4315  prec@K=0.0568  accepted=55  auc=0.8332  uauc=0.5658  loss=nan  (0.1s)
Round   11/30  coverage=0.4334  prec@K=0.0503  accepted=49  auc=0.8693  uauc=0.6653  loss=nan  (0.2s)
Round   12/30  coverage=0.4360  prec@K=0.0672  accepted=64  auc=0.8445  uauc=0.4901  loss=nan  (0.1s)
Round   13/30  coverage=0.4390  prec@K=0.0763  accepted=74  auc=0.8448  uauc=0.5081  loss=nan  (0.1s)
Round   14/30  coverage=0.4416  prec@K=0.0682  accepted=66  auc=0.8107  uauc=0.5017  loss=nan  (0.1s)
Round   15/30  coverage=0.4444  prec@K=0.0718  accepted=70  auc=0.8384  uauc=0.5323  loss=nan  (0.1s)
Round   16/30  coverage=0.4467  prec@K=0.0592  accepted=58  auc=0.8556  uauc=0.5623  loss=nan  (0.1s)
Round   17/30  coverage=0.4489  prec@K=0.0541  accepted=53  auc=0.8374  uauc=0.5804  loss=nan  (0.1s)
Round   18/30  coverage=0.4506  prec@K=0.0442  accepted=43  auc=0.8761  uauc=0.5113  loss=nan  (0.1s)
Round   19/30  coverage=0.4527  prec@K=0.0537  accepted=52  auc=0.7947  uauc=0.4886  loss=nan  (0.1s)
Round   20/30  coverage=0.4552  prec@K=0.0633  accepted=62  auc=0.8316  uauc=0.5607  loss=nan  (0.1s)
Round   21/30  coverage=0.4566  prec@K=0.0369  accepted=36  auc=0.8602  uauc=0.4610  loss=nan  (0.2s)
Round   22/30  coverage=0.4587  prec@K=0.0521  accepted=51  auc=0.7872  uauc=0.4689  loss=nan  (0.1s)
Round   23/30  coverage=0.4603  prec@K=0.0434  accepted=42  auc=0.8720  uauc=0.6305  loss=nan  (0.1s)
Round   24/30  coverage=0.4628  prec@K=0.0646  accepted=62  auc=0.8962  uauc=0.5251  loss=nan  (0.1s)
Round   25/30  coverage=0.4646  prec@K=0.0451  accepted=44  auc=0.7586  uauc=0.4288  loss=nan  (0.1s)
Round   26/30  coverage=0.4666  prec@K=0.0501  accepted=49  auc=0.8979  uauc=0.5995  loss=nan  (0.1s)
Round   27/30  coverage=0.4683  prec@K=0.0457  accepted=44  auc=0.8485  uauc=0.5024  loss=nan  (0.1s)
Round   28/30  coverage=0.4704  prec@K=0.0531  accepted=52  auc=0.8357  uauc=0.6702  loss=nan  (0.1s)
Round   29/30  coverage=0.4723  prec@K=0.0476  accepted=46  auc=0.9238  uauc=0.4581  loss=nan  (0.1s)
Round   30/30  coverage=0.4739  prec@K=0.0413  accepted=40  auc=0.8527  uauc=0.4749  loss=nan  (0.1s)

结果已写入 results\orchestrator\runs\ir40_constlr5e5_multiseed\email_eu\pa_s2/rounds.csv
