=== email_eu_pa_s3  started 2026-05-07T11:57:09 ===

C:\conda\envs\gnn\lib\site-packages\requests\__init__.py:86: RequestsDependencyWarning: Unable to find acceptable character detection dependency (chardet or charset_normalizer).
  warnings.warn(
C:\conda\envs\gnn\lib\site-packages\outdated\__init__.py:36: UserWarning: pkg_resources is deprecated as an API. See https://setuptools.pypa.io/en/latest/pkg_resources.html. The pkg_resources package is slated for removal as early as 2025-11-30. Refrain from using this package or pin to Setuptools<81.
  from pkg_resources import parse_version
Round    1/30  coverage=0.4041  prec@K=0.1073  accepted=104  auc=0.8182  uauc=0.5212  loss=nan  (0.2s)
Round    2/30  coverage=0.4075  prec@K=0.0852  accepted=83  auc=0.7576  uauc=0.5335  loss=nan  (0.1s)
Round    3/30  coverage=0.4104  prec@K=0.0749  accepted=73  auc=0.7888  uauc=0.5122  loss=nan  (0.1s)
Round    4/30  coverage=0.4131  prec@K=0.0678  accepted=66  auc=0.8591  uauc=0.6336  loss=nan  (0.0s)
Round    5/30  coverage=0.4151  prec@K=0.0526  accepted=51  auc=0.8073  uauc=0.5176  loss=nan  (0.0s)
Round    6/30  coverage=0.4180  prec@K=0.0762  accepted=73  auc=0.7813  uauc=0.5486  loss=nan  (0.1s)
Round    7/30  coverage=0.4212  prec@K=0.0807  accepted=79  auc=0.8513  uauc=0.5823  loss=nan  (0.1s)
Round    8/30  coverage=0.4238  prec@K=0.0656  accepted=64  auc=0.8449  uauc=0.5549  loss=nan  (0.1s)
Round    9/30  coverage=0.4267  prec@K=0.0749  accepted=73  auc=0.8120  uauc=0.5978  loss=nan  (0.1s)
Round   10/30  coverage=0.4291  prec@K=0.0637  accepted=61  auc=0.8658  uauc=0.5279  loss=nan  (0.1s)
Round   11/30  coverage=0.4321  prec@K=0.0765  accepted=75  auc=0.8134  uauc=0.5429  loss=nan  (0.2s)
Round   12/30  coverage=0.4345  prec@K=0.0611  accepted=59  auc=0.8283  uauc=0.6787  loss=nan  (0.1s)
Round   13/30  coverage=0.4364  prec@K=0.0480  accepted=47  auc=0.8684  uauc=0.6228  loss=nan  (0.1s)
Round   14/30  coverage=0.4391  prec@K=0.0686  accepted=67  auc=0.8878  uauc=0.6287  loss=nan  (0.1s)
Round   15/30  coverage=0.4413  prec@K=0.0573  accepted=56  auc=0.8587  uauc=0.5406  loss=nan  (0.1s)
Round   16/30  coverage=0.4431  prec@K=0.0465  accepted=45  auc=0.9079  uauc=0.5265  loss=nan  (0.0s)
Round   17/30  coverage=0.4457  prec@K=0.0669  accepted=65  auc=0.8787  uauc=0.5763  loss=nan  (0.1s)
Round   18/30  coverage=0.4481  prec@K=0.0595  accepted=58  auc=0.8221  uauc=0.4950  loss=nan  (0.1s)
Round   19/30  coverage=0.4503  prec@K=0.0569  accepted=55  auc=0.8329  uauc=0.5653  loss=nan  (0.1s)
Round   20/30  coverage=0.4526  prec@K=0.0592  accepted=58  auc=0.8700  uauc=0.5417  loss=nan  (0.1s)
Round   21/30  coverage=0.4547  prec@K=0.0541  accepted=53  auc=0.8662  uauc=0.7355  loss=nan  (0.2s)
Round   22/30  coverage=0.4579  prec@K=0.0826  accepted=80  auc=0.8093  uauc=0.5625  loss=nan  (0.1s)
Round   23/30  coverage=0.4593  prec@K=0.0348  accepted=34  auc=0.8386  uauc=0.6391  loss=nan  (0.0s)
Round   24/30  coverage=0.4619  prec@K=0.0672  accepted=65  auc=0.8216  uauc=0.5926  loss=nan  (0.1s)
Round   25/30  coverage=0.4638  prec@K=0.0471  accepted=46  auc=0.9108  uauc=0.5823  loss=nan  (0.1s)
Round   26/30  coverage=0.4659  prec@K=0.0544  accepted=53  auc=0.8192  uauc=0.6046  loss=nan  (0.1s)
Round   27/30  coverage=0.4685  prec@K=0.0677  accepted=66  auc=0.8530  uauc=0.4876  loss=nan  (0.1s)
Round   28/30  coverage=0.4701  prec@K=0.0398  accepted=39  auc=0.8244  uauc=0.5959  loss=nan  (0.1s)
Round   29/30  coverage=0.4713  prec@K=0.0317  accepted=31  auc=0.8760  uauc=0.5968  loss=nan  (0.1s)
Round   30/30  coverage=0.4733  prec@K=0.0520  accepted=50  auc=0.8363  uauc=0.4321  loss=nan  (0.1s)

结果已写入 results\orchestrator\runs\ir40_constlr5e5_multiseed\email_eu\pa_s3/rounds.csv
