=== email_eu_gnn_sum_s3  started 2026-05-07T11:55:47 ===

C:\conda\envs\gnn\lib\site-packages\requests\__init__.py:86: RequestsDependencyWarning: Unable to find acceptable character detection dependency (chardet or charset_normalizer).
  warnings.warn(
C:\conda\envs\gnn\lib\site-packages\outdated\__init__.py:36: UserWarning: pkg_resources is deprecated as an API. See https://setuptools.pypa.io/en/latest/pkg_resources.html. The pkg_resources package is slated for removal as early as 2025-11-30. Refrain from using this package or pin to Setuptools<81.
  from pkg_resources import parse_version
Round    1/30  coverage=0.4033  prec@K=0.0846  accepted=82  auc=0.7067  uauc=0.6364  loss=0.7430  (1.5s)
Round    2/30  coverage=0.4056  prec@K=0.0606  accepted=59  auc=0.6399  uauc=0.6481  loss=0.7439  (0.6s)
Round    3/30  coverage=0.4074  prec@K=0.0462  accepted=45  auc=0.7515  uauc=0.6509  loss=0.7412  (0.5s)
Round    4/30  coverage=0.4098  prec@K=0.0618  accepted=60  auc=0.6616  uauc=0.5506  loss=0.7387  (0.6s)
Round    5/30  coverage=0.4110  prec@K=0.0310  accepted=30  auc=0.5786  uauc=0.4520  loss=0.7402  (0.5s)
Round    6/30  coverage=0.4130  prec@K=0.0511  accepted=49  auc=0.5072  uauc=0.5969  loss=0.7335  (0.6s)
Round    7/30  coverage=0.4144  prec@K=0.0348  accepted=34  auc=0.5520  uauc=0.6883  loss=0.7318  (0.6s)
Round    8/30  coverage=0.4155  prec@K=0.0277  accepted=27  auc=0.5479  uauc=0.6584  loss=0.7319  (0.5s)
Round    9/30  coverage=0.4165  prec@K=0.0267  accepted=26  auc=0.6190  uauc=0.6096  loss=0.7266  (0.6s)
Round   10/30  coverage=0.4172  prec@K=0.0188  accepted=18  auc=0.4288  uauc=0.5525  loss=0.7257  (0.5s)
Round   11/30  coverage=0.4181  prec@K=0.0235  accepted=23  auc=0.5376  uauc=0.5271  loss=0.7211  (0.7s)
Round   12/30  coverage=0.4191  prec@K=0.0249  accepted=24  auc=0.5930  uauc=0.5123  loss=0.7192  (0.5s)
Round   13/30  coverage=0.4197  prec@K=0.0143  accepted=14  auc=0.5035  uauc=0.5365  loss=0.7179  (0.6s)
Round   14/30  coverage=0.4204  prec@K=0.0194  accepted=19  auc=0.4445  uauc=0.5610  loss=0.7154  (0.5s)
Round   15/30  coverage=0.4211  prec@K=0.0174  accepted=17  auc=0.5111  uauc=0.5745  loss=0.7095  (0.6s)
Round   16/30  coverage=0.4217  prec@K=0.0156  accepted=15  auc=0.4024  uauc=0.3967  loss=0.7098  (0.5s)
Round   17/30  coverage=0.4224  prec@K=0.0165  accepted=16  auc=0.4074  uauc=0.4950  loss=0.7047  (0.5s)
Round   18/30  coverage=0.4228  prec@K=0.0103  accepted=10  auc=0.6080  uauc=0.5833  loss=0.7015  (0.6s)
Round   19/30  coverage=0.4233  prec@K=0.0134  accepted=13  auc=0.4779  uauc=0.4832  loss=0.6981  (0.5s)
Round   20/30  coverage=0.4239  prec@K=0.0153  accepted=15  auc=0.2765  uauc=0.3898  loss=0.6987  (0.6s)
Round   21/30  coverage=0.4241  prec@K=0.0061  accepted=6  auc=0.6202  uauc=0.5333  loss=0.6924  (0.7s)
Round   22/30  coverage=0.4244  prec@K=0.0062  accepted=6  auc=0.3773  uauc=0.3148  loss=0.6910  (0.6s)
Round   23/30  coverage=0.4248  prec@K=0.0112  accepted=11  auc=0.4314  uauc=0.6722  loss=0.6897  (0.5s)
Round   24/30  coverage=0.4251  prec@K=0.0083  accepted=8  auc=0.6228  uauc=0.4486  loss=0.6814  (0.6s)
Round   25/30  coverage=0.4255  prec@K=0.0102  accepted=10  auc=0.3782  uauc=0.6186  loss=0.6810  (0.5s)
Round   26/30  coverage=0.4260  prec@K=0.0113  accepted=11  auc=0.5143  uauc=0.4819  loss=0.6784  (0.6s)
Round   27/30  coverage=0.4265  prec@K=0.0144  accepted=14  auc=0.4612  uauc=0.5678  loss=0.6766  (0.6s)
Round   28/30  coverage=0.4267  prec@K=0.0051  accepted=5  auc=0.3318  uauc=0.7000  loss=0.6724  (0.5s)
Round   29/30  coverage=0.4271  prec@K=0.0092  accepted=9  auc=0.3467  uauc=0.4630  loss=0.6704  (0.6s)
Round   30/30  coverage=0.4273  prec@K=0.0062  accepted=6  auc=0.3475  uauc=0.4625  loss=0.6728  (0.5s)

结果已写入 results\orchestrator\runs\ir40_constlr5e5_multiseed\email_eu\gnn_sum_s3/rounds.csv
