=== email_eu_gnn_sum_h8_s2  started 2026-05-07T11:56:12 ===

C:\conda\envs\gnn\lib\site-packages\requests\__init__.py:86: RequestsDependencyWarning: Unable to find acceptable character detection dependency (chardet or charset_normalizer).
  warnings.warn(
C:\conda\envs\gnn\lib\site-packages\outdated\__init__.py:36: UserWarning: pkg_resources is deprecated as an API. See https://setuptools.pypa.io/en/latest/pkg_resources.html. The pkg_resources package is slated for removal as early as 2025-11-30. Refrain from using this package or pin to Setuptools<81.
  from pkg_resources import parse_version
Round    1/30  coverage=0.4004  prec@K=0.0112  accepted=11  auc=0.4172  uauc=0.5000  loss=0.5182  (1.4s)
Round    2/30  coverage=0.4009  prec@K=0.0114  accepted=11  auc=0.3299  uauc=0.3922  loss=0.5172  (0.4s)
Round    3/30  coverage=0.4013  prec@K=0.0122  accepted=12  auc=0.3532  uauc=0.4840  loss=0.5177  (0.5s)
Round    4/30  coverage=0.4017  prec@K=0.0104  accepted=10  auc=0.3855  uauc=0.4475  loss=0.5159  (0.4s)
Round    5/30  coverage=0.4021  prec@K=0.0102  accepted=10  auc=0.4666  uauc=0.4333  loss=0.5161  (0.4s)
Round    6/30  coverage=0.4026  prec@K=0.0126  accepted=12  auc=0.3778  uauc=0.4262  loss=0.5159  (0.5s)
Round    7/30  coverage=0.4029  prec@K=0.0082  accepted=8  auc=0.4983  uauc=0.4537  loss=0.5145  (0.5s)
Round    8/30  coverage=0.4032  prec@K=0.0071  accepted=7  auc=0.4578  uauc=0.5093  loss=0.5136  (0.6s)
Round    9/30  coverage=0.4033  prec@K=0.0031  accepted=3  auc=0.4042  uauc=0.5556  loss=0.5109  (0.5s)
Round   10/30  coverage=0.4037  prec@K=0.0083  accepted=8  auc=0.4536  uauc=0.4722  loss=0.5123  (0.4s)
Round   11/30  coverage=0.4039  prec@K=0.0072  accepted=7  auc=0.3972  uauc=0.4832  loss=0.5125  (0.6s)
Round   12/30  coverage=0.4041  prec@K=0.0042  accepted=4  auc=0.2287  uauc=0.3889  loss=0.5111  (0.6s)
Round   13/30  coverage=0.4043  prec@K=0.0052  accepted=5  auc=0.5248  uauc=0.5139  loss=0.5093  (0.6s)
Round   14/30  coverage=0.4045  prec@K=0.0062  accepted=6  auc=0.5031  uauc=0.5720  loss=0.5090  (0.5s)
Round   15/30  coverage=0.4047  prec@K=0.0051  accepted=5  auc=0.3624  uauc=0.5833  loss=0.5096  (0.5s)
Round   16/30  coverage=0.4050  prec@K=0.0051  accepted=5  auc=0.4329  uauc=0.6000  loss=0.5104  (0.5s)
Round   17/30  coverage=0.4052  prec@K=0.0051  accepted=5  auc=0.3903  uauc=0.3333  loss=0.5084  (0.5s)
Round   18/30  coverage=0.4055  prec@K=0.0082  accepted=8  auc=0.4532  uauc=0.4815  loss=0.5106  (0.5s)
Round   19/30  coverage=0.4057  prec@K=0.0062  accepted=6  auc=0.3452  uauc=0.4978  loss=0.5086  (0.6s)
Round   20/30  coverage=0.4059  prec@K=0.0051  accepted=5  auc=0.4475  uauc=0.7222  loss=0.5065  (0.5s)
Round   21/30  coverage=0.4062  prec@K=0.0072  accepted=7  auc=0.3797  uauc=0.5787  loss=0.5098  (0.6s)
Round   22/30  coverage=0.4064  prec@K=0.0041  accepted=4  auc=0.4505  uauc=0.3750  loss=0.5069  (0.6s)
Round   23/30  coverage=0.4064  prec@K=0.0021  accepted=2  auc=0.4211  uauc=0.4167  loss=0.5057  (0.4s)
Round   24/30  coverage=0.4066  prec@K=0.0031  accepted=3  auc=0.3086  uauc=0.4074  loss=0.5049  (0.5s)
Round   25/30  coverage=0.4068  prec@K=0.0051  accepted=5  auc=0.5729  uauc=0.5000  loss=0.5030  (0.6s)
Round   26/30  coverage=0.4068  prec@K=0.0020  accepted=2  auc=0.4882  uauc=0.1111  loss=0.5033  (0.5s)
Round   27/30  coverage=0.4070  prec@K=0.0031  accepted=3  auc=0.3670  uauc=0.3333  loss=0.5044  (0.5s)
Round   28/30  coverage=0.4072  prec@K=0.0051  accepted=5  auc=0.3078  uauc=0.5667  loss=0.5048  (0.5s)
Round   29/30  coverage=0.4073  prec@K=0.0031  accepted=3  auc=0.3403  uauc=0.4074  loss=0.5041  (0.5s)
Round   30/30  coverage=0.4075  prec@K=0.0062  accepted=6  auc=0.4325  uauc=0.6444  loss=0.5052  (0.5s)

结果已写入 results\orchestrator\runs\ir40_constlr5e5_multiseed\email_eu\gnn_sum_h8_s2/rounds.csv
