=== email_eu_gnn_concat_h8_s42  started 2026-05-07T11:55:02 ===

C:\conda\envs\gnn\lib\site-packages\requests\__init__.py:86: RequestsDependencyWarning: Unable to find acceptable character detection dependency (chardet or charset_normalizer).
  warnings.warn(
C:\conda\envs\gnn\lib\site-packages\outdated\__init__.py:36: UserWarning: pkg_resources is deprecated as an API. See https://setuptools.pypa.io/en/latest/pkg_resources.html. The pkg_resources package is slated for removal as early as 2025-11-30. Refrain from using this package or pin to Setuptools<81.
  from pkg_resources import parse_version
Round    1/30  coverage=0.4073  prec@K=0.1918  accepted=183  auc=0.2627  uauc=0.7529  loss=0.6762  (1.5s)
Round    2/30  coverage=0.4163  prec@K=0.2294  accepted=223  auc=0.3222  uauc=0.7109  loss=0.6768  (0.6s)
Round    3/30  coverage=0.4235  prec@K=0.1847  accepted=181  auc=0.2094  uauc=0.6760  loss=0.6755  (0.5s)
Round    4/30  coverage=0.4315  prec@K=0.2033  accepted=198  auc=0.3264  uauc=0.6678  loss=0.6722  (0.5s)
Round    5/30  coverage=0.4382  prec@K=0.1732  accepted=169  auc=0.2849  uauc=0.7168  loss=0.6682  (0.7s)
Round    6/30  coverage=0.4439  prec@K=0.1483  accepted=141  auc=0.2622  uauc=0.6816  loss=0.6667  (0.5s)
Round    7/30  coverage=0.4511  prec@K=0.1856  accepted=180  auc=0.2892  uauc=0.6825  loss=0.6694  (0.6s)
Round    8/30  coverage=0.4572  prec@K=0.1546  accepted=151  auc=0.2444  uauc=0.6912  loss=0.6679  (0.6s)
Round    9/30  coverage=0.4646  prec@K=0.1903  accepted=185  auc=0.2299  uauc=0.7156  loss=0.6729  (0.6s)
Round   10/30  coverage=0.4701  prec@K=0.1423  accepted=138  auc=0.3124  uauc=0.7046  loss=0.6615  (0.5s)
Round   11/30  coverage=0.4753  prec@K=0.1332  accepted=128  auc=0.2621  uauc=0.6730  loss=0.6628  (0.7s)
Round   12/30  coverage=0.4810  prec@K=0.1469  accepted=144  auc=0.3100  uauc=0.7090  loss=0.6599  (0.6s)
Round   13/30  coverage=0.4874  prec@K=0.1636  accepted=159  auc=0.2686  uauc=0.7292  loss=0.6644  (0.6s)
Round   14/30  coverage=0.4942  prec@K=0.1732  accepted=168  auc=0.3048  uauc=0.7302  loss=0.6647  (0.7s)
Round   15/30  coverage=0.4993  prec@K=0.1307  accepted=128  auc=0.2610  uauc=0.7295  loss=0.6620  (0.7s)
Round   16/30  coverage=0.5046  prec@K=0.1347  accepted=132  auc=0.3527  uauc=0.7279  loss=0.6569  (0.6s)
Round   17/30  coverage=0.5104  prec@K=0.1469  accepted=144  auc=0.2879  uauc=0.6033  loss=0.6583  (0.5s)
Round   18/30  coverage=0.5153  prec@K=0.1264  accepted=123  auc=0.3814  uauc=0.6580  loss=0.6538  (0.6s)
Round   19/30  coverage=0.5191  prec@K=0.0978  accepted=95  auc=0.3176  uauc=0.6664  loss=0.6502  (0.6s)
Round   20/30  coverage=0.5228  prec@K=0.0934  accepted=91  auc=0.3252  uauc=0.6516  loss=0.6484  (0.6s)
Round   21/30  coverage=0.5262  prec@K=0.0878  accepted=86  auc=0.3017  uauc=0.7040  loss=0.6459  (0.8s)
Round   22/30  coverage=0.5305  prec@K=0.1093  accepted=107  auc=0.3261  uauc=0.6730  loss=0.6500  (0.6s)
Round   23/30  coverage=0.5339  prec@K=0.0875  accepted=85  auc=0.2835  uauc=0.7181  loss=0.6468  (0.6s)
Round   24/30  coverage=0.5377  prec@K=0.0969  accepted=94  auc=0.3253  uauc=0.6771  loss=0.6478  (0.7s)
Round   25/30  coverage=0.5413  prec@K=0.0925  accepted=90  auc=0.3493  uauc=0.7273  loss=0.6475  (0.6s)
Round   26/30  coverage=0.5441  prec@K=0.0704  accepted=69  auc=0.3041  uauc=0.6836  loss=0.6414  (0.6s)
Round   27/30  coverage=0.5480  prec@K=0.1000  accepted=98  auc=0.3455  uauc=0.7710  loss=0.6453  (0.6s)
Round   28/30  coverage=0.5506  prec@K=0.0679  accepted=66  auc=0.3432  uauc=0.6971  loss=0.6381  (0.5s)
Round   29/30  coverage=0.5527  prec@K=0.0525  accepted=51  auc=0.3482  uauc=0.7774  loss=0.6358  (0.5s)
Round   30/30  coverage=0.5543  prec@K=0.0422  accepted=41  auc=0.3054  uauc=0.5982  loss=0.6354  (0.5s)

结果已写入 results\orchestrator\runs\ir40_constlr5e5_multiseed\email_eu\gnn_concat_h8_s42/rounds.csv
