=== email_eu_gat_emb_s42  started 2026-05-07T11:53:45 ===

C:\conda\envs\gnn\lib\site-packages\requests\__init__.py:86: RequestsDependencyWarning: Unable to find acceptable character detection dependency (chardet or charset_normalizer).
  warnings.warn(
C:\conda\envs\gnn\lib\site-packages\outdated\__init__.py:36: UserWarning: pkg_resources is deprecated as an API. See https://setuptools.pypa.io/en/latest/pkg_resources.html. The pkg_resources package is slated for removal as early as 2025-11-30. Refrain from using this package or pin to Setuptools<81.
  from pkg_resources import parse_version
Round    1/30  coverage=0.4033  prec@K=0.0870  accepted=83  auc=0.3329  uauc=0.6369  loss=0.7328  (3.3s)
Round    2/30  coverage=0.4070  prec@K=0.0955  accepted=93  auc=0.3013  uauc=0.5852  loss=0.7308  (0.6s)
Round    3/30  coverage=0.4103  prec@K=0.0838  accepted=82  auc=0.3417  uauc=0.6013  loss=0.7319  (0.6s)
Round    4/30  coverage=0.4132  prec@K=0.0729  accepted=71  auc=0.3472  uauc=0.6037  loss=0.7341  (0.5s)
Round    5/30  coverage=0.4163  prec@K=0.0811  accepted=79  auc=0.4193  uauc=0.6028  loss=0.7323  (0.6s)
Round    6/30  coverage=0.4187  prec@K=0.0612  accepted=58  auc=0.2900  uauc=0.6843  loss=0.7349  (0.5s)
Round    7/30  coverage=0.4224  prec@K=0.0959  accepted=93  auc=0.3331  uauc=0.5363  loss=0.7309  (0.5s)
Round    8/30  coverage=0.4245  prec@K=0.0532  accepted=52  auc=0.3438  uauc=0.5346  loss=0.7353  (0.5s)
Round    9/30  coverage=0.4270  prec@K=0.0648  accepted=63  auc=0.3519  uauc=0.6216  loss=0.7342  (0.5s)
Round   10/30  coverage=0.4290  prec@K=0.0516  accepted=50  auc=0.4119  uauc=0.6202  loss=0.7352  (0.6s)
Round   11/30  coverage=0.4309  prec@K=0.0500  accepted=48  auc=0.3357  uauc=0.5775  loss=0.7356  (0.7s)
Round   12/30  coverage=0.4338  prec@K=0.0714  accepted=70  auc=0.3886  uauc=0.5956  loss=0.7329  (0.4s)
Round   13/30  coverage=0.4359  prec@K=0.0546  accepted=53  auc=0.3672  uauc=0.5876  loss=0.7345  (0.5s)
Round   14/30  coverage=0.4386  prec@K=0.0713  accepted=69  auc=0.3299  uauc=0.5176  loss=0.7327  (0.6s)
Round   15/30  coverage=0.4405  prec@K=0.0461  accepted=45  auc=0.2523  uauc=0.6026  loss=0.7349  (0.5s)
Round   16/30  coverage=0.4424  prec@K=0.0490  accepted=48  auc=0.3439  uauc=0.6064  loss=0.7354  (0.5s)
Round   17/30  coverage=0.4447  prec@K=0.0583  accepted=57  auc=0.3579  uauc=0.4930  loss=0.7335  (0.6s)
Round   18/30  coverage=0.4464  prec@K=0.0447  accepted=43  auc=0.3569  uauc=0.6813  loss=0.7353  (0.6s)
Round   19/30  coverage=0.4481  prec@K=0.0433  accepted=42  auc=0.4169  uauc=0.5574  loss=0.7344  (0.6s)
Round   20/30  coverage=0.4496  prec@K=0.0385  accepted=37  auc=0.3593  uauc=0.4790  loss=0.7354  (0.6s)
Round   21/30  coverage=0.4510  prec@K=0.0358  accepted=35  auc=0.3184  uauc=0.6697  loss=0.7355  (0.7s)
Round   22/30  coverage=0.4529  prec@K=0.0502  accepted=49  auc=0.3245  uauc=0.5554  loss=0.7332  (0.5s)
Round   23/30  coverage=0.4540  prec@K=0.0290  accepted=28  auc=0.2533  uauc=0.5633  loss=0.7359  (0.5s)
Round   24/30  coverage=0.4559  prec@K=0.0475  accepted=46  auc=0.3205  uauc=0.6416  loss=0.7329  (0.5s)
Round   25/30  coverage=0.4575  prec@K=0.0402  accepted=39  auc=0.3328  uauc=0.5742  loss=0.7340  (0.5s)
Round   26/30  coverage=0.4586  prec@K=0.0296  accepted=29  auc=0.4116  uauc=0.4320  loss=0.7350  (0.6s)
Round   27/30  coverage=0.4607  prec@K=0.0541  accepted=53  auc=0.3313  uauc=0.4738  loss=0.7323  (0.6s)
Round   28/30  coverage=0.4619  prec@K=0.0288  accepted=28  auc=0.2943  uauc=0.6407  loss=0.7344  (0.5s)
Round   29/30  coverage=0.4638  prec@K=0.0505  accepted=49  auc=0.3379  uauc=0.5850  loss=0.7321  (0.6s)
Round   30/30  coverage=0.4648  prec@K=0.0249  accepted=24  auc=0.2714  uauc=0.7930  loss=0.7346  (0.5s)

结果已写入 results\orchestrator\runs\ir40_constlr5e5_multiseed\email_eu\gat_emb_s42/rounds.csv
