=== email_eu_pa_s42  started 2026-05-07T11:57:10 ===

C:\conda\envs\gnn\lib\site-packages\requests\__init__.py:86: RequestsDependencyWarning: Unable to find acceptable character detection dependency (chardet or charset_normalizer).
  warnings.warn(
C:\conda\envs\gnn\lib\site-packages\outdated\__init__.py:36: UserWarning: pkg_resources is deprecated as an API. See https://setuptools.pypa.io/en/latest/pkg_resources.html. The pkg_resources package is slated for removal as early as 2025-11-30. Refrain from using this package or pin to Setuptools<81.
  from pkg_resources import parse_version
Round    1/30  coverage=0.4039  prec@K=0.1027  accepted=98  auc=0.8453  uauc=0.5672  loss=nan  (0.2s)
Round    2/30  coverage=0.4081  prec@K=0.1069  accepted=104  auc=0.7865  uauc=0.6000  loss=nan  (0.1s)
Round    3/30  coverage=0.4118  prec@K=0.0940  accepted=92  auc=0.8536  uauc=0.5690  loss=nan  (0.1s)
Round    4/30  coverage=0.4145  prec@K=0.0688  accepted=67  auc=0.7815  uauc=0.5260  loss=nan  (0.1s)
Round    5/30  coverage=0.4173  prec@K=0.0738  accepted=72  auc=0.7864  uauc=0.5791  loss=nan  (0.1s)
Round    6/30  coverage=0.4198  prec@K=0.0643  accepted=61  auc=0.7936  uauc=0.5618  loss=nan  (0.0s)
Round    7/30  coverage=0.4234  prec@K=0.0929  accepted=90  auc=0.7907  uauc=0.5729  loss=nan  (0.1s)
Round    8/30  coverage=0.4263  prec@K=0.0727  accepted=71  auc=0.8495  uauc=0.5835  loss=nan  (0.1s)
Round    9/30  coverage=0.4288  prec@K=0.0658  accepted=64  auc=0.7516  uauc=0.5350  loss=nan  (0.1s)
Round   10/30  coverage=0.4313  prec@K=0.0640  accepted=62  auc=0.7928  uauc=0.5047  loss=nan  (0.1s)
Round   11/30  coverage=0.4339  prec@K=0.0667  accepted=64  auc=0.8160  uauc=0.5227  loss=nan  (0.2s)
Round   12/30  coverage=0.4362  prec@K=0.0602  accepted=59  auc=0.8446  uauc=0.6571  loss=nan  (0.1s)
Round   13/30  coverage=0.4387  prec@K=0.0628  accepted=61  auc=0.8152  uauc=0.5696  loss=nan  (0.1s)
Round   14/30  coverage=0.4417  prec@K=0.0774  accepted=75  auc=0.8350  uauc=0.5505  loss=nan  (0.1s)
Round   15/30  coverage=0.4439  prec@K=0.0552  accepted=54  auc=0.8417  uauc=0.5664  loss=nan  (0.1s)
Round   16/30  coverage=0.4463  prec@K=0.0622  accepted=61  auc=0.8768  uauc=0.5737  loss=nan  (0.1s)
Round   17/30  coverage=0.4481  prec@K=0.0459  accepted=45  auc=0.7748  uauc=0.4870  loss=nan  (0.1s)
Round   18/30  coverage=0.4504  prec@K=0.0577  accepted=56  auc=0.8416  uauc=0.5608  loss=nan  (0.1s)
Round   19/30  coverage=0.4520  prec@K=0.0422  accepted=41  auc=0.8577  uauc=0.6996  loss=nan  (0.1s)
Round   20/30  coverage=0.4542  prec@K=0.0557  accepted=54  auc=0.8189  uauc=0.5476  loss=nan  (0.1s)
Round   21/30  coverage=0.4556  prec@K=0.0358  accepted=35  auc=0.8431  uauc=0.5920  loss=nan  (0.2s)
Round   22/30  coverage=0.4572  prec@K=0.0419  accepted=41  auc=0.8634  uauc=0.5305  loss=nan  (0.1s)
Round   23/30  coverage=0.4587  prec@K=0.0391  accepted=38  auc=0.8183  uauc=0.5278  loss=nan  (0.1s)
Round   24/30  coverage=0.4610  prec@K=0.0588  accepted=57  auc=0.8613  uauc=0.6105  loss=nan  (0.1s)
Round   25/30  coverage=0.4628  prec@K=0.0465  accepted=45  auc=0.8411  uauc=0.5074  loss=nan  (0.1s)
Round   26/30  coverage=0.4644  prec@K=0.0388  accepted=38  auc=0.8675  uauc=0.6454  loss=nan  (0.1s)
Round   27/30  coverage=0.4663  prec@K=0.0490  accepted=48  auc=0.8973  uauc=0.5840  loss=nan  (0.1s)
Round   28/30  coverage=0.4676  prec@K=0.0340  accepted=33  auc=0.9021  uauc=0.5689  loss=nan  (0.1s)
Round   29/30  coverage=0.4695  prec@K=0.0474  accepted=46  auc=0.8114  uauc=0.5054  loss=nan  (0.1s)
Round   30/30  coverage=0.4710  prec@K=0.0391  accepted=38  auc=0.8830  uauc=0.3404  loss=nan  (0.1s)

结果已写入 results\orchestrator\runs\ir40_constlr5e5_multiseed\email_eu\pa_s42/rounds.csv
