=== email_eu_gnn_s2  started 2026-05-07T11:54:12 ===

C:\conda\envs\gnn\lib\site-packages\requests\__init__.py:86: RequestsDependencyWarning: Unable to find acceptable character detection dependency (chardet or charset_normalizer).
  warnings.warn(
C:\conda\envs\gnn\lib\site-packages\outdated\__init__.py:36: UserWarning: pkg_resources is deprecated as an API. See https://setuptools.pypa.io/en/latest/pkg_resources.html. The pkg_resources package is slated for removal as early as 2025-11-30. Refrain from using this package or pin to Setuptools<81.
  from pkg_resources import parse_version
Round    1/30  coverage=0.4056  prec@K=0.1440  accepted=141  auc=0.7292  uauc=0.5881  loss=0.7570  (1.5s)
Round    2/30  coverage=0.4108  prec@K=0.1347  accepted=130  auc=0.7487  uauc=0.6089  loss=0.7582  (0.4s)
Round    3/30  coverage=0.4183  prec@K=0.1888  accepted=185  auc=0.7856  uauc=0.6122  loss=0.7452  (0.4s)
Round    4/30  coverage=0.4241  prec@K=0.1501  accepted=145  auc=0.7536  uauc=0.5928  loss=0.7544  (0.4s)
Round    5/30  coverage=0.4292  prec@K=0.1297  accepted=127  auc=0.7018  uauc=0.5506  loss=0.7618  (0.4s)
Round    6/30  coverage=0.4351  prec@K=0.1545  accepted=148  auc=0.7492  uauc=0.5562  loss=0.7542  (0.4s)
Round    7/30  coverage=0.4409  prec@K=0.1481  accepted=145  auc=0.6961  uauc=0.5916  loss=0.7596  (0.5s)
Round    8/30  coverage=0.4456  prec@K=0.1194  accepted=117  auc=0.6875  uauc=0.6197  loss=0.7641  (0.4s)
Round    9/30  coverage=0.4498  prec@K=0.1086  accepted=104  auc=0.7578  uauc=0.5626  loss=0.7651  (0.5s)
Round   10/30  coverage=0.4543  prec@K=0.1143  accepted=111  auc=0.7209  uauc=0.5919  loss=0.7666  (0.5s)
Round   11/30  coverage=0.4581  prec@K=0.0996  accepted=97  auc=0.7213  uauc=0.5893  loss=0.7704  (0.6s)
Round   12/30  coverage=0.4626  prec@K=0.1173  accepted=112  auc=0.7184  uauc=0.5483  loss=0.7645  (0.4s)
Round   13/30  coverage=0.4671  prec@K=0.1144  accepted=111  auc=0.6784  uauc=0.6399  loss=0.7671  (0.4s)
Round   14/30  coverage=0.4719  prec@K=0.1250  accepted=121  auc=0.7072  uauc=0.5986  loss=0.7647  (0.4s)
Round   15/30  coverage=0.4747  prec@K=0.0708  accepted=69  auc=0.7443  uauc=0.6255  loss=0.7754  (0.4s)
Round   16/30  coverage=0.4779  prec@K=0.0816  accepted=80  auc=0.6821  uauc=0.4769  loss=0.7727  (0.4s)
Round   17/30  coverage=0.4816  prec@K=0.0939  accepted=92  auc=0.7371  uauc=0.5530  loss=0.7705  (0.4s)
Round   18/30  coverage=0.4850  prec@K=0.0874  accepted=85  auc=0.6956  uauc=0.5175  loss=0.7715  (0.5s)
Round   19/30  coverage=0.4885  prec@K=0.0898  accepted=87  auc=0.6602  uauc=0.5638  loss=0.7724  (0.4s)
Round   20/30  coverage=0.4928  prec@K=0.1092  accepted=107  auc=0.6645  uauc=0.5871  loss=0.7689  (0.4s)
Round   21/30  coverage=0.4962  prec@K=0.0867  accepted=85  auc=0.7044  uauc=0.4621  loss=0.7726  (0.6s)
Round   22/30  coverage=0.4985  prec@K=0.0586  accepted=57  auc=0.7047  uauc=0.6014  loss=0.7790  (0.5s)
Round   23/30  coverage=0.5013  prec@K=0.0721  accepted=70  auc=0.6761  uauc=0.5500  loss=0.7748  (0.4s)
Round   24/30  coverage=0.5048  prec@K=0.0904  accepted=87  auc=0.7002  uauc=0.5588  loss=0.7706  (0.4s)
Round   25/30  coverage=0.5081  prec@K=0.0852  accepted=83  auc=0.6061  uauc=0.5136  loss=0.7773  (0.5s)
Round   26/30  coverage=0.5110  prec@K=0.0730  accepted=71  auc=0.6332  uauc=0.5598  loss=0.7785  (0.5s)
Round   27/30  coverage=0.5137  prec@K=0.0694  accepted=67  auc=0.6628  uauc=0.5295  loss=0.7750  (0.5s)
Round   28/30  coverage=0.5162  prec@K=0.0653  accepted=64  auc=0.6150  uauc=0.6159  loss=0.7777  (0.4s)
Round   29/30  coverage=0.5189  prec@K=0.0685  accepted=66  auc=0.6744  uauc=0.5370  loss=0.7740  (0.4s)
Round   30/30  coverage=0.5210  prec@K=0.0545  accepted=53  auc=0.6438  uauc=0.3792  loss=0.7788  (0.4s)

结果已写入 results\orchestrator\runs\ir40_constlr5e5_multiseed\email_eu\gnn_s2/rounds.csv
