=== email_eu_gnn_sum_h8_s42  started 2026-05-07T11:56:15 ===

C:\conda\envs\gnn\lib\site-packages\requests\__init__.py:86: RequestsDependencyWarning: Unable to find acceptable character detection dependency (chardet or charset_normalizer).
  warnings.warn(
C:\conda\envs\gnn\lib\site-packages\outdated\__init__.py:36: UserWarning: pkg_resources is deprecated as an API. See https://setuptools.pypa.io/en/latest/pkg_resources.html. The pkg_resources package is slated for removal as early as 2025-11-30. Refrain from using this package or pin to Setuptools<81.
  from pkg_resources import parse_version
Round    1/30  coverage=0.4060  prec@K=0.1562  accepted=149  auc=0.7771  uauc=0.5846  loss=0.6765  (1.5s)
Round    2/30  coverage=0.4119  prec@K=0.1528  accepted=149  auc=0.7301  uauc=0.6043  loss=0.6804  (0.6s)
Round    3/30  coverage=0.4169  prec@K=0.1276  accepted=125  auc=0.8217  uauc=0.6183  loss=0.6754  (0.6s)
Round    4/30  coverage=0.4226  prec@K=0.1437  accepted=140  auc=0.7229  uauc=0.5524  loss=0.6799  (0.5s)
Round    5/30  coverage=0.4282  prec@K=0.1434  accepted=140  auc=0.7435  uauc=0.5325  loss=0.6816  (0.5s)
Round    6/30  coverage=0.4327  prec@K=0.1192  accepted=113  auc=0.7842  uauc=0.4981  loss=0.6780  (0.6s)
Round    7/30  coverage=0.4383  prec@K=0.1443  accepted=139  auc=0.6956  uauc=0.5701  loss=0.6801  (0.5s)
Round    8/30  coverage=0.4425  prec@K=0.1064  accepted=104  auc=0.7321  uauc=0.5612  loss=0.6784  (0.6s)
Round    9/30  coverage=0.4470  prec@K=0.1172  accepted=114  auc=0.7512  uauc=0.4789  loss=0.6754  (0.6s)
Round   10/30  coverage=0.4518  prec@K=0.1228  accepted=119  auc=0.7082  uauc=0.5698  loss=0.6789  (0.5s)
Round   11/30  coverage=0.4547  prec@K=0.0740  accepted=71  auc=0.7112  uauc=0.6077  loss=0.6741  (0.7s)
Round   12/30  coverage=0.4578  prec@K=0.0806  accepted=79  auc=0.6922  uauc=0.5281  loss=0.6778  (0.5s)
Round   13/30  coverage=0.4616  prec@K=0.0983  accepted=95  auc=0.6830  uauc=0.6178  loss=0.6765  (0.5s)
Round   14/30  coverage=0.4659  prec@K=0.1092  accepted=106  auc=0.6566  uauc=0.4969  loss=0.6791  (0.5s)
Round   15/30  coverage=0.4694  prec@K=0.0898  accepted=88  auc=0.7360  uauc=0.5280  loss=0.6751  (0.5s)
Round   16/30  coverage=0.4736  prec@K=0.1071  accepted=105  auc=0.6587  uauc=0.5769  loss=0.6776  (0.6s)
Round   17/30  coverage=0.4770  prec@K=0.0867  accepted=85  auc=0.7424  uauc=0.4797  loss=0.6778  (0.4s)
Round   18/30  coverage=0.4803  prec@K=0.0845  accepted=82  auc=0.6598  uauc=0.5611  loss=0.6782  (0.6s)
Round   19/30  coverage=0.4835  prec@K=0.0825  accepted=80  auc=0.6817  uauc=0.5145  loss=0.6785  (0.6s)
Round   20/30  coverage=0.4864  prec@K=0.0743  accepted=72  auc=0.6488  uauc=0.4776  loss=0.6757  (0.5s)
Round   21/30  coverage=0.4890  prec@K=0.0654  accepted=64  auc=0.6867  uauc=0.4696  loss=0.6778  (0.8s)
Round   22/30  coverage=0.4918  prec@K=0.0728  accepted=71  auc=0.6006  uauc=0.4848  loss=0.6770  (0.5s)
Round   23/30  coverage=0.4939  prec@K=0.0540  accepted=52  auc=0.6499  uauc=0.5328  loss=0.6730  (0.6s)
Round   24/30  coverage=0.4969  prec@K=0.0773  accepted=75  auc=0.6877  uauc=0.4220  loss=0.6756  (0.5s)
Round   25/30  coverage=0.4995  prec@K=0.0648  accepted=63  auc=0.6211  uauc=0.5360  loss=0.6732  (0.5s)
Round   26/30  coverage=0.5021  prec@K=0.0673  accepted=66  auc=0.6650  uauc=0.4908  loss=0.6754  (0.6s)
Round   27/30  coverage=0.5046  prec@K=0.0622  accepted=61  auc=0.5824  uauc=0.4749  loss=0.6728  (0.5s)
Round   28/30  coverage=0.5066  prec@K=0.0514  accepted=50  auc=0.6024  uauc=0.4989  loss=0.6765  (0.5s)
Round   29/30  coverage=0.5086  prec@K=0.0525  accepted=51  auc=0.6941  uauc=0.5055  loss=0.6719  (0.5s)
Round   30/30  coverage=0.5113  prec@K=0.0681  accepted=66  auc=0.6745  uauc=0.4808  loss=0.6743  (0.6s)

结果已写入 results\orchestrator\runs\ir40_constlr5e5_multiseed\email_eu\gnn_sum_h8_s42/rounds.csv
