=== email_eu_jaccard_s2  started 2026-05-07T11:56:59 ===

C:\conda\envs\gnn\lib\site-packages\requests\__init__.py:86: RequestsDependencyWarning: Unable to find acceptable character detection dependency (chardet or charset_normalizer).
  warnings.warn(
C:\conda\envs\gnn\lib\site-packages\outdated\__init__.py:36: UserWarning: pkg_resources is deprecated as an API. See https://setuptools.pypa.io/en/latest/pkg_resources.html. The pkg_resources package is slated for removal as early as 2025-11-30. Refrain from using this package or pin to Setuptools<81.
  from pkg_resources import parse_version
Round    1/30  coverage=0.4075  prec@K=0.1920  accepted=188  auc=0.7538  uauc=0.5563  loss=nan  (0.2s)
Round    2/30  coverage=0.4144  prec@K=0.1782  accepted=172  auc=0.7763  uauc=0.6338  loss=nan  (0.1s)
Round    3/30  coverage=0.4241  prec@K=0.2459  accepted=241  auc=0.8094  uauc=0.5955  loss=nan  (0.1s)
Round    4/30  coverage=0.4312  prec@K=0.1832  accepted=177  auc=0.7740  uauc=0.5805  loss=nan  (0.1s)
Round    5/30  coverage=0.4389  prec@K=0.1975  accepted=193  auc=0.7633  uauc=0.5631  loss=nan  (0.1s)
Round    6/30  coverage=0.4471  prec@K=0.2115  accepted=203  auc=0.8064  uauc=0.6161  loss=nan  (0.1s)
Round    7/30  coverage=0.4557  prec@K=0.2206  accepted=216  auc=0.7362  uauc=0.5299  loss=nan  (0.1s)
Round    8/30  coverage=0.4629  prec@K=0.1827  accepted=179  auc=0.7994  uauc=0.6195  loss=nan  (0.1s)
Round    9/30  coverage=0.4685  prec@K=0.1461  accepted=140  auc=0.8035  uauc=0.6352  loss=nan  (0.1s)
Round   10/30  coverage=0.4761  prec@K=0.1922  accepted=188  auc=0.7414  uauc=0.6151  loss=nan  (0.1s)
Round   11/30  coverage=0.4827  prec@K=0.1704  accepted=166  auc=0.8083  uauc=0.6049  loss=nan  (0.3s)
Round   12/30  coverage=0.4890  prec@K=0.1629  accepted=157  auc=0.7842  uauc=0.6888  loss=nan  (0.1s)
Round   13/30  coverage=0.4964  prec@K=0.1887  accepted=183  auc=0.7666  uauc=0.5932  loss=nan  (0.1s)
Round   14/30  coverage=0.5028  prec@K=0.1663  accepted=161  auc=0.7554  uauc=0.5578  loss=nan  (0.1s)
Round   15/30  coverage=0.5078  prec@K=0.1262  accepted=123  auc=0.7772  uauc=0.6026  loss=nan  (0.1s)
Round   16/30  coverage=0.5128  prec@K=0.1276  accepted=125  auc=0.7592  uauc=0.6081  loss=nan  (0.1s)
Round   17/30  coverage=0.5179  prec@K=0.1306  accepted=128  auc=0.7428  uauc=0.6465  loss=nan  (0.1s)
Round   18/30  coverage=0.5229  prec@K=0.1274  accepted=124  auc=0.7681  uauc=0.5136  loss=nan  (0.1s)
Round   19/30  coverage=0.5279  prec@K=0.1287  accepted=125  auc=0.7550  uauc=0.6462  loss=nan  (0.1s)
Round   20/30  coverage=0.5338  prec@K=0.1510  accepted=148  auc=0.7207  uauc=0.6148  loss=nan  (0.1s)
Round   21/30  coverage=0.5384  prec@K=0.1154  accepted=113  auc=0.7327  uauc=0.5390  loss=nan  (0.3s)
Round   22/30  coverage=0.5427  prec@K=0.1105  accepted=108  auc=0.7395  uauc=0.6130  loss=nan  (0.1s)
Round   23/30  coverage=0.5471  prec@K=0.1121  accepted=109  auc=0.7237  uauc=0.4996  loss=nan  (0.1s)
Round   24/30  coverage=0.5521  prec@K=0.1302  accepted=125  auc=0.7765  uauc=0.6285  loss=nan  (0.1s)
Round   25/30  coverage=0.5572  prec@K=0.1311  accepted=128  auc=0.6977  uauc=0.5629  loss=nan  (0.1s)
Round   26/30  coverage=0.5618  prec@K=0.1175  accepted=115  auc=0.7322  uauc=0.6242  loss=nan  (0.1s)
Round   27/30  coverage=0.5661  prec@K=0.1109  accepted=107  auc=0.7710  uauc=0.6183  loss=nan  (0.1s)
Round   28/30  coverage=0.5714  prec@K=0.1337  accepted=131  auc=0.7691  uauc=0.6113  loss=nan  (0.1s)
Round   29/30  coverage=0.5753  prec@K=0.0998  accepted=97  auc=0.7717  uauc=0.6713  loss=nan  (0.1s)
Round   30/30  coverage=0.5779  prec@K=0.0683  accepted=66  auc=0.7116  uauc=0.6231  loss=nan  (0.1s)

结果已写入 results\orchestrator\runs\ir40_constlr5e5_multiseed\email_eu\jaccard_s2/rounds.csv
