=== email_eu_gnn_concat_s2  started 2026-05-07T11:54:35 ===

C:\conda\envs\gnn\lib\site-packages\requests\__init__.py:86: RequestsDependencyWarning: Unable to find acceptable character detection dependency (chardet or charset_normalizer).
  warnings.warn(
C:\conda\envs\gnn\lib\site-packages\outdated\__init__.py:36: UserWarning: pkg_resources is deprecated as an API. See https://setuptools.pypa.io/en/latest/pkg_resources.html. The pkg_resources package is slated for removal as early as 2025-11-30. Refrain from using this package or pin to Setuptools<81.
  from pkg_resources import parse_version
Round    1/30  coverage=0.4049  prec@K=0.1256  accepted=123  auc=0.5180  uauc=0.5997  loss=0.6697  (1.5s)
Round    2/30  coverage=0.4094  prec@K=0.1150  accepted=111  auc=0.4269  uauc=0.5611  loss=0.6662  (0.5s)
Round    3/30  coverage=0.4152  prec@K=0.1490  accepted=146  auc=0.4367  uauc=0.6738  loss=0.6681  (0.5s)
Round    4/30  coverage=0.4198  prec@K=0.1171  accepted=113  auc=0.3745  uauc=0.6403  loss=0.6637  (0.5s)
Round    5/30  coverage=0.4239  prec@K=0.1062  accepted=104  auc=0.3563  uauc=0.5649  loss=0.6592  (0.6s)
Round    6/30  coverage=0.4281  prec@K=0.1088  accepted=104  auc=0.3117  uauc=0.6311  loss=0.6582  (0.6s)
Round    7/30  coverage=0.4321  prec@K=0.1032  accepted=101  auc=0.3265  uauc=0.5774  loss=0.6539  (0.6s)
Round    8/30  coverage=0.4353  prec@K=0.0796  accepted=78  auc=0.3214  uauc=0.5421  loss=0.6499  (0.6s)
Round    9/30  coverage=0.4374  prec@K=0.0553  accepted=53  auc=0.2627  uauc=0.5732  loss=0.6443  (0.5s)
Round   10/30  coverage=0.4396  prec@K=0.0578  accepted=56  auc=0.2779  uauc=0.5339  loss=0.6411  (0.6s)
Round   11/30  coverage=0.4418  prec@K=0.0544  accepted=53  auc=0.3236  uauc=0.6814  loss=0.6378  (0.8s)
Round   12/30  coverage=0.4434  prec@K=0.0430  accepted=41  auc=0.2487  uauc=0.4931  loss=0.6338  (0.5s)
Round   13/30  coverage=0.4446  prec@K=0.0309  accepted=30  auc=0.3232  uauc=0.6177  loss=0.6281  (0.6s)
Round   14/30  coverage=0.4460  prec@K=0.0362  accepted=35  auc=0.4017  uauc=0.7090  loss=0.6260  (0.5s)
Round   15/30  coverage=0.4469  prec@K=0.0215  accepted=21  auc=0.3451  uauc=0.6359  loss=0.6214  (0.6s)
Round   16/30  coverage=0.4471  prec@K=0.0051  accepted=5  auc=0.3797  uauc=0.4253  loss=0.6168  (0.6s)
Round   17/30  coverage=0.4475  prec@K=0.0112  accepted=11  auc=0.2620  uauc=0.6162  loss=0.6150  (0.6s)
Round   18/30  coverage=0.4482  prec@K=0.0164  accepted=16  auc=0.3643  uauc=0.6285  loss=0.6152  (0.5s)
Round   19/30  coverage=0.4487  prec@K=0.0144  accepted=14  auc=0.5236  uauc=0.6244  loss=0.6120  (0.6s)
Round   20/30  coverage=0.4494  prec@K=0.0184  accepted=18  auc=0.4505  uauc=0.5244  loss=0.6093  (0.6s)
Round   21/30  coverage=0.4497  prec@K=0.0061  accepted=6  auc=0.1950  uauc=0.5278  loss=0.6080  (0.7s)
Round   22/30  coverage=0.4502  prec@K=0.0143  accepted=14  auc=0.3380  uauc=0.3734  loss=0.6057  (0.5s)
Round   23/30  coverage=0.4508  prec@K=0.0134  accepted=13  auc=0.3176  uauc=0.6875  loss=0.6029  (0.5s)
Round   24/30  coverage=0.4511  prec@K=0.0083  accepted=8  auc=0.4533  uauc=0.5119  loss=0.5999  (0.5s)
Round   25/30  coverage=0.4516  prec@K=0.0123  accepted=12  auc=0.4239  uauc=0.5152  loss=0.5961  (0.6s)
Round   26/30  coverage=0.4521  prec@K=0.0133  accepted=13  auc=0.4459  uauc=0.6833  loss=0.5962  (0.6s)
Round   27/30  coverage=0.4524  prec@K=0.0083  accepted=8  auc=0.3775  uauc=0.5833  loss=0.5951  (0.5s)
Round   28/30  coverage=0.4528  prec@K=0.0112  accepted=11  auc=0.3498  uauc=0.5035  loss=0.5917  (0.6s)
Round   29/30  coverage=0.4534  prec@K=0.0134  accepted=13  auc=0.3651  uauc=0.4677  loss=0.5917  (0.5s)
Round   30/30  coverage=0.4538  prec@K=0.0114  accepted=11  auc=0.2598  uauc=0.6971  loss=0.5904  (0.5s)

结果已写入 results\orchestrator\runs\ir40_constlr5e5_multiseed\email_eu\gnn_concat_s2/rounds.csv
