=== epinions_gnn_s1  started 2026-05-07T18:29:12 ===

C:\conda\envs\gnn\lib\site-packages\requests\__init__.py:86: RequestsDependencyWarning: Unable to find acceptable character detection dependency (chardet or charset_normalizer).
  warnings.warn(
C:\conda\envs\gnn\lib\site-packages\outdated\__init__.py:36: UserWarning: pkg_resources is deprecated as an API. See https://setuptools.pypa.io/en/latest/pkg_resources.html. The pkg_resources package is slated for removal as early as 2025-11-30. Refrain from using this package or pin to Setuptools<81.
  from pkg_resources import parse_version
Round    1/30  coverage=0.4001  prec@K=0.0068  accepted=48  auc=0.0836  uauc=0.8292  loss=0.7654  (10.9s)
Round    2/30  coverage=0.4002  prec@K=0.0090  accepted=63  auc=0.1099  uauc=0.7816  loss=0.7645  (6.2s)
Round    3/30  coverage=0.4004  prec@K=0.0107  accepted=75  auc=0.1029  uauc=0.6466  loss=0.7638  (7.0s)
Round    4/30  coverage=0.4005  prec@K=0.0093  accepted=64  auc=0.1136  uauc=0.6376  loss=0.7641  (6.9s)
Round    5/30  coverage=0.4006  prec@K=0.0076  accepted=53  auc=0.1242  uauc=0.6695  loss=0.7632  (7.3s)
Round    6/30  coverage=0.4007  prec@K=0.0064  accepted=45  auc=0.0787  uauc=0.7657  loss=0.7635  (8.2s)
Round    7/30  coverage=0.4008  prec@K=0.0100  accepted=70  auc=0.0922  uauc=0.7136  loss=0.7618  (8.2s)
Round    8/30  coverage=0.4010  prec@K=0.0102  accepted=70  auc=0.1181  uauc=0.6401  loss=0.7624  (9.3s)
Round    9/30  coverage=0.4011  prec@K=0.0086  accepted=60  auc=0.1260  uauc=0.7433  loss=0.7619  (9.5s)
Round   10/30  coverage=0.4012  prec@K=0.0059  accepted=42  auc=0.1235  uauc=0.8480  loss=0.7628  (9.7s)
Round   11/30  coverage=0.4013  prec@K=0.0083  accepted=58  auc=0.1318  uauc=0.6893  loss=0.7610  (14.2s)
Round   12/30  coverage=0.4013  prec@K=0.0056  accepted=39  auc=0.1342  uauc=0.6324  loss=0.7621  (10.8s)
Round   13/30  coverage=0.4015  prec@K=0.0091  accepted=64  auc=0.1129  uauc=0.6579  loss=0.7599  (10.8s)
Round   14/30  coverage=0.4016  prec@K=0.0059  accepted=41  auc=0.0873  uauc=0.7232  loss=0.7612  (11.4s)
Round   15/30  coverage=0.4017  prec@K=0.0077  accepted=55  auc=0.1175  uauc=0.7342  loss=0.7598  (12.5s)
Round   16/30  coverage=0.4018  prec@K=0.0096  accepted=67  auc=0.1104  uauc=0.6701  loss=0.7599  (11.9s)
Round   17/30  coverage=0.4019  prec@K=0.0092  accepted=65  auc=0.1047  uauc=0.7082  loss=0.7592  (12.8s)
Round   18/30  coverage=0.4020  prec@K=0.0084  accepted=58  auc=0.1208  uauc=0.7127  loss=0.7589  (13.2s)
Round   19/30  coverage=0.4021  prec@K=0.0080  accepted=56  auc=0.1251  uauc=0.6702  loss=0.7585  (13.6s)
Round   20/30  coverage=0.4023  prec@K=0.0075  accepted=53  auc=0.1058  uauc=0.7005  loss=0.7583  (14.2s)
Round   21/30  coverage=0.4023  prec@K=0.0057  accepted=40  auc=0.1259  uauc=0.7148  loss=0.7589  (18.2s)
Round   22/30  coverage=0.4024  prec@K=0.0084  accepted=59  auc=0.0894  uauc=0.7116  loss=0.7581  (15.0s)
Round   23/30  coverage=0.4025  prec@K=0.0074  accepted=52  auc=0.1396  uauc=0.7127  loss=0.7578  (15.4s)
Round   24/30  coverage=0.4026  prec@K=0.0070  accepted=49  auc=0.1311  uauc=0.6272  loss=0.7586  (15.1s)
Round   25/30  coverage=0.4028  prec@K=0.0097  accepted=68  auc=0.0779  uauc=0.7287  loss=0.7568  (16.6s)
Round   26/30  coverage=0.4029  prec@K=0.0083  accepted=58  auc=0.0808  uauc=0.6406  loss=0.7564  (17.1s)
Round   27/30  coverage=0.4030  prec@K=0.0057  accepted=40  auc=0.1431  uauc=0.6871  loss=0.7575  (16.8s)
Round   28/30  coverage=0.4031  prec@K=0.0075  accepted=53  auc=0.1207  uauc=0.6393  loss=0.7560  (17.7s)
Round   29/30  coverage=0.4032  prec@K=0.0072  accepted=50  auc=0.1267  uauc=0.6108  loss=0.7569  (17.1s)
Round   30/30  coverage=0.4033  prec@K=0.0079  accepted=55  auc=0.0853  uauc=0.6571  loss=0.7551  (17.9s)

结果已写入 results\orchestrator\runs\ir40_constlr5e5_multiseed\epinions\gnn_s1/rounds.csv
