=== epinions_random_s42  started 2026-05-07T19:25:28 ===

C:\conda\envs\gnn\lib\site-packages\requests\__init__.py:86: RequestsDependencyWarning: Unable to find acceptable character detection dependency (chardet or charset_normalizer).
  warnings.warn(
C:\conda\envs\gnn\lib\site-packages\outdated\__init__.py:36: UserWarning: pkg_resources is deprecated as an API. See https://setuptools.pypa.io/en/latest/pkg_resources.html. The pkg_resources package is slated for removal as early as 2025-11-30. Refrain from using this package or pin to Setuptools<81.
  from pkg_resources import parse_version
Round    1/30  coverage=0.4001  prec@K=0.0070  accepted=50  loss=nan  (6.3s)
Round    2/30  coverage=0.4002  prec@K=0.0069  accepted=48  loss=nan  (2.2s)
Round    3/30  coverage=0.4003  prec@K=0.0085  accepted=59  loss=nan  (2.8s)
Round    4/30  coverage=0.4004  prec@K=0.0057  accepted=40  loss=nan  (2.9s)
Round    5/30  coverage=0.4005  prec@K=0.0075  accepted=52  loss=nan  (4.1s)
Round    6/30  coverage=0.4006  prec@K=0.0084  accepted=58  loss=nan  (4.1s)
Round    7/30  coverage=0.4007  prec@K=0.0087  accepted=61  loss=nan  (4.2s)
Round    8/30  coverage=0.4008  prec@K=0.0084  accepted=59  loss=nan  (4.5s)
Round    9/30  coverage=0.4009  prec@K=0.0077  accepted=54  loss=nan  (5.4s)
Round   10/30  coverage=0.4010  prec@K=0.0070  accepted=49  loss=nan  (6.2s)
Round   11/30  coverage=0.4011  prec@K=0.0072  accepted=50  loss=nan  (10.5s)
Round   12/30  coverage=0.4013  prec@K=0.0100  accepted=70  loss=nan  (6.8s)
Round   13/30  coverage=0.4014  prec@K=0.0087  accepted=60  loss=nan  (7.2s)
Round   14/30  coverage=0.4015  prec@K=0.0070  accepted=50  loss=nan  (7.7s)
Round   15/30  coverage=0.4016  prec@K=0.0083  accepted=58  loss=nan  (8.0s)
Round   16/30  coverage=0.4017  prec@K=0.0078  accepted=54  loss=nan  (8.2s)
Round   17/30  coverage=0.4018  prec@K=0.0057  accepted=40  loss=nan  (8.8s)
Round   18/30  coverage=0.4019  prec@K=0.0049  accepted=34  loss=nan  (9.8s)
Round   19/30  coverage=0.4020  prec@K=0.0069  accepted=49  loss=nan  (10.0s)
Round   20/30  coverage=0.4021  prec@K=0.0081  accepted=57  loss=nan  (10.4s)
Round   21/30  coverage=0.4021  prec@K=0.0060  accepted=42  loss=nan  (15.2s)
Round   22/30  coverage=0.4023  prec@K=0.0080  accepted=56  loss=nan  (11.0s)
Round   23/30  coverage=0.4024  prec@K=0.0084  accepted=58  loss=nan  (10.8s)
Round   24/30  coverage=0.4025  prec@K=0.0076  accepted=53  loss=nan  (12.7s)
Round   25/30  coverage=0.4026  prec@K=0.0074  accepted=52  loss=nan  (12.0s)
Round   26/30  coverage=0.4027  prec@K=0.0063  accepted=44  loss=nan  (13.1s)
Round   27/30  coverage=0.4028  prec@K=0.0070  accepted=49  loss=nan  (13.0s)
Round   28/30  coverage=0.4029  prec@K=0.0078  accepted=54  loss=nan  (13.9s)
Round   29/30  coverage=0.4030  prec@K=0.0073  accepted=51  loss=nan  (14.5s)
Round   30/30  coverage=0.4031  prec@K=0.0079  accepted=56  loss=nan  (14.9s)

结果已写入 results\orchestrator\runs\ir40_constlr5e5_multiseed\epinions\random_s42/rounds.csv
