=== epinions_gnn_sum_h8_s3  started 2026-05-07T19:03:30 ===

C:\conda\envs\gnn\lib\site-packages\requests\__init__.py:86: RequestsDependencyWarning: Unable to find acceptable character detection dependency (chardet or charset_normalizer).
  warnings.warn(
C:\conda\envs\gnn\lib\site-packages\outdated\__init__.py:36: UserWarning: pkg_resources is deprecated as an API. See https://setuptools.pypa.io/en/latest/pkg_resources.html. The pkg_resources package is slated for removal as early as 2025-11-30. Refrain from using this package or pin to Setuptools<81.
  from pkg_resources import parse_version
Round    1/30  coverage=0.4002  prec@K=0.0119  accepted=84  auc=0.6964  uauc=0.7318  loss=0.8387  (11.4s)
Round    2/30  coverage=0.4003  prec@K=0.0119  accepted=82  auc=0.6476  uauc=0.7505  loss=0.8389  (6.4s)
Round    3/30  coverage=0.4005  prec@K=0.0124  accepted=88  auc=0.6594  uauc=0.7363  loss=0.8384  (6.9s)
Round    4/30  coverage=0.4006  prec@K=0.0111  accepted=77  auc=0.6602  uauc=0.7006  loss=0.8395  (7.1s)
Round    5/30  coverage=0.4008  prec@K=0.0126  accepted=88  auc=0.6530  uauc=0.7321  loss=0.8389  (8.0s)
Round    6/30  coverage=0.4010  prec@K=0.0118  accepted=84  auc=0.6707  uauc=0.7165  loss=0.8388  (8.4s)
Round    7/30  coverage=0.4012  prec@K=0.0165  accepted=114  auc=0.6694  uauc=0.7475  loss=0.8363  (8.7s)
Round    8/30  coverage=0.4013  prec@K=0.0100  accepted=70  auc=0.6800  uauc=0.7454  loss=0.8392  (9.1s)
Round    9/30  coverage=0.4015  prec@K=0.0131  accepted=91  auc=0.6658  uauc=0.6994  loss=0.8372  (9.2s)
Round   10/30  coverage=0.4017  prec@K=0.0123  accepted=87  auc=0.6872  uauc=0.8356  loss=0.8378  (9.2s)
Round   11/30  coverage=0.4019  prec@K=0.0125  accepted=88  auc=0.6448  uauc=0.6533  loss=0.8371  (12.5s)
Round   12/30  coverage=0.4020  prec@K=0.0112  accepted=79  auc=0.6863  uauc=0.7891  loss=0.8379  (10.7s)
Round   13/30  coverage=0.4022  prec@K=0.0119  accepted=83  auc=0.6657  uauc=0.7267  loss=0.8371  (9.8s)
Round   14/30  coverage=0.4024  prec@K=0.0120  accepted=85  auc=0.6770  uauc=0.7666  loss=0.8375  (10.6s)
Round   15/30  coverage=0.4025  prec@K=0.0098  accepted=69  auc=0.6597  uauc=0.7313  loss=0.8374  (11.4s)
Round   16/30  coverage=0.4027  prec@K=0.0117  accepted=81  auc=0.7013  uauc=0.7340  loss=0.8367  (11.7s)
Round   17/30  coverage=0.4028  prec@K=0.0139  accepted=97  auc=0.6420  uauc=0.7253  loss=0.8346  (12.8s)
Round   18/30  coverage=0.4030  prec@K=0.0102  accepted=71  auc=0.6946  uauc=0.7060  loss=0.8376  (12.7s)
Round   19/30  coverage=0.4031  prec@K=0.0110  accepted=78  auc=0.6925  uauc=0.8429  loss=0.8363  (13.8s)
Round   20/30  coverage=0.4033  prec@K=0.0116  accepted=81  auc=0.6565  uauc=0.7044  loss=0.8355  (13.5s)
Round   21/30  coverage=0.4034  prec@K=0.0112  accepted=77  auc=0.6398  uauc=0.7360  loss=0.8356  (17.5s)
Round   22/30  coverage=0.4036  prec@K=0.0120  accepted=84  auc=0.6514  uauc=0.7137  loss=0.8354  (14.7s)
Round   23/30  coverage=0.4037  prec@K=0.0077  accepted=54  auc=0.6200  uauc=0.7519  loss=0.8379  (15.3s)
Round   24/30  coverage=0.4039  prec@K=0.0132  accepted=93  auc=0.6355  uauc=0.6867  loss=0.8340  (15.8s)
Round   25/30  coverage=0.4041  prec@K=0.0113  accepted=80  auc=0.6992  uauc=0.7260  loss=0.8349  (16.3s)
Round   26/30  coverage=0.4042  prec@K=0.0125  accepted=86  auc=0.6731  uauc=0.7254  loss=0.8344  (16.3s)
Round   27/30  coverage=0.4044  prec@K=0.0113  accepted=78  auc=0.6368  uauc=0.6582  loss=0.8349  (17.1s)
Round   28/30  coverage=0.4045  prec@K=0.0108  accepted=76  auc=0.7217  uauc=0.6822  loss=0.8345  (17.7s)
Round   29/30  coverage=0.4047  prec@K=0.0121  accepted=85  auc=0.6387  uauc=0.7284  loss=0.8342  (17.6s)
Round   30/30  coverage=0.4048  prec@K=0.0100  accepted=69  auc=0.6717  uauc=0.6977  loss=0.8354  (17.4s)

结果已写入 results\orchestrator\runs\ir40_constlr5e5_multiseed\epinions\gnn_sum_h8_s3/rounds.csv
