=== epinions_random_s2  started 2026-05-07T19:25:20 ===

C:\conda\envs\gnn\lib\site-packages\requests\__init__.py:86: RequestsDependencyWarning: Unable to find acceptable character detection dependency (chardet or charset_normalizer).
  warnings.warn(
C:\conda\envs\gnn\lib\site-packages\outdated\__init__.py:36: UserWarning: pkg_resources is deprecated as an API. See https://setuptools.pypa.io/en/latest/pkg_resources.html. The pkg_resources package is slated for removal as early as 2025-11-30. Refrain from using this package or pin to Setuptools<81.
  from pkg_resources import parse_version
Round    1/30  coverage=0.4001  prec@K=0.0090  accepted=62  loss=nan  (5.9s)
Round    2/30  coverage=0.4002  prec@K=0.0089  accepted=62  loss=nan  (2.0s)
Round    3/30  coverage=0.4003  prec@K=0.0076  accepted=53  loss=nan  (2.4s)
Round    4/30  coverage=0.4005  prec@K=0.0093  accepted=65  loss=nan  (3.1s)
Round    5/30  coverage=0.4006  prec@K=0.0066  accepted=47  loss=nan  (4.1s)
Round    6/30  coverage=0.4007  prec@K=0.0082  accepted=57  loss=nan  (4.1s)
Round    7/30  coverage=0.4008  prec@K=0.0083  accepted=58  loss=nan  (4.6s)
Round    8/30  coverage=0.4009  prec@K=0.0058  accepted=41  loss=nan  (4.8s)
Round    9/30  coverage=0.4010  prec@K=0.0092  accepted=65  loss=nan  (5.2s)
Round   10/30  coverage=0.4011  prec@K=0.0073  accepted=50  loss=nan  (5.5s)
Round   11/30  coverage=0.4012  prec@K=0.0091  accepted=63  loss=nan  (10.8s)
Round   12/30  coverage=0.4013  prec@K=0.0063  accepted=44  loss=nan  (6.0s)
Round   13/30  coverage=0.4015  prec@K=0.0126  accepted=88  loss=nan  (6.7s)
Round   14/30  coverage=0.4016  prec@K=0.0074  accepted=52  loss=nan  (7.4s)
Round   15/30  coverage=0.4017  prec@K=0.0090  accepted=64  loss=nan  (8.2s)
Round   16/30  coverage=0.4018  prec@K=0.0083  accepted=58  loss=nan  (8.5s)
Round   17/30  coverage=0.4019  prec@K=0.0073  accepted=51  loss=nan  (8.6s)
Round   18/30  coverage=0.4020  prec@K=0.0069  accepted=49  loss=nan  (8.8s)
Round   19/30  coverage=0.4021  prec@K=0.0069  accepted=49  loss=nan  (10.3s)
Round   20/30  coverage=0.4022  prec@K=0.0068  accepted=47  loss=nan  (9.8s)
Round   21/30  coverage=0.4023  prec@K=0.0093  accepted=65  loss=nan  (15.5s)
Round   22/30  coverage=0.4024  prec@K=0.0068  accepted=48  loss=nan  (11.0s)
Round   23/30  coverage=0.4025  prec@K=0.0062  accepted=43  loss=nan  (11.5s)
Round   24/30  coverage=0.4026  prec@K=0.0088  accepted=62  loss=nan  (11.8s)
Round   25/30  coverage=0.4027  prec@K=0.0080  accepted=55  loss=nan  (12.8s)
Round   26/30  coverage=0.4029  prec@K=0.0076  accepted=53  loss=nan  (12.6s)
Round   27/30  coverage=0.4030  prec@K=0.0093  accepted=65  loss=nan  (12.9s)
Round   28/30  coverage=0.4031  prec@K=0.0074  accepted=52  loss=nan  (13.7s)
Round   29/30  coverage=0.4032  prec@K=0.0074  accepted=51  loss=nan  (13.8s)
Round   30/30  coverage=0.4033  prec@K=0.0068  accepted=47  loss=nan  (15.4s)

结果已写入 results\orchestrator\runs\ir40_constlr5e5_multiseed\epinions\random_s2/rounds.csv
