=== epinions_gnn_sum_s1  started 2026-05-07T18:56:48 ===

C:\conda\envs\gnn\lib\site-packages\requests\__init__.py:86: RequestsDependencyWarning: Unable to find acceptable character detection dependency (chardet or charset_normalizer).
  warnings.warn(
C:\conda\envs\gnn\lib\site-packages\outdated\__init__.py:36: UserWarning: pkg_resources is deprecated as an API. See https://setuptools.pypa.io/en/latest/pkg_resources.html. The pkg_resources package is slated for removal as early as 2025-11-30. Refrain from using this package or pin to Setuptools<81.
  from pkg_resources import parse_version
Round    1/30  coverage=0.4001  prec@K=0.0077  accepted=54  auc=0.1698  uauc=0.6619  loss=0.7131  (11.2s)
Round    2/30  coverage=0.4002  prec@K=0.0080  accepted=56  auc=0.1900  uauc=0.7293  loss=0.7107  (6.4s)
Round    3/30  coverage=0.4003  prec@K=0.0088  accepted=62  auc=0.2118  uauc=0.6664  loss=0.7070  (7.0s)
Round    4/30  coverage=0.4005  prec@K=0.0087  accepted=60  auc=0.1638  uauc=0.6949  loss=0.7055  (6.9s)
Round    5/30  coverage=0.4005  prec@K=0.0066  accepted=46  auc=0.1786  uauc=0.7550  loss=0.7013  (7.6s)
Round    6/30  coverage=0.4006  prec@K=0.0060  accepted=42  auc=0.1500  uauc=0.7818  loss=0.6990  (8.3s)
Round    7/30  coverage=0.4007  prec@K=0.0078  accepted=55  auc=0.1690  uauc=0.7544  loss=0.6962  (7.9s)
Round    8/30  coverage=0.4009  prec@K=0.0090  accepted=62  auc=0.1598  uauc=0.6238  loss=0.6940  (8.1s)
Round    9/30  coverage=0.4009  prec@K=0.0067  accepted=47  auc=0.1579  uauc=0.7629  loss=0.6907  (8.8s)
Round   10/30  coverage=0.4011  prec@K=0.0088  accepted=63  auc=0.1608  uauc=0.7498  loss=0.6882  (9.4s)
Round   11/30  coverage=0.4012  prec@K=0.0064  accepted=45  auc=0.1348  uauc=0.5647  loss=0.6853  (13.7s)
Round   12/30  coverage=0.4012  prec@K=0.0059  accepted=41  auc=0.1671  uauc=0.6641  loss=0.6828  (10.4s)
Round   13/30  coverage=0.4014  prec@K=0.0096  accepted=67  auc=0.1609  uauc=0.6507  loss=0.6789  (10.6s)
Round   14/30  coverage=0.4014  prec@K=0.0049  accepted=34  auc=0.1300  uauc=0.7031  loss=0.6767  (11.4s)
Round   15/30  coverage=0.4016  prec@K=0.0082  accepted=58  auc=0.1421  uauc=0.7357  loss=0.6736  (12.4s)
Round   16/30  coverage=0.4017  prec@K=0.0080  accepted=56  auc=0.1319  uauc=0.7242  loss=0.6724  (11.8s)
Round   17/30  coverage=0.4018  prec@K=0.0070  accepted=50  auc=0.1284  uauc=0.6657  loss=0.6696  (12.7s)
Round   18/30  coverage=0.4018  prec@K=0.0061  accepted=42  auc=0.1670  uauc=0.7019  loss=0.6658  (13.1s)
Round   19/30  coverage=0.4020  prec@K=0.0079  accepted=55  auc=0.1679  uauc=0.6784  loss=0.6630  (13.3s)
Round   20/30  coverage=0.4021  prec@K=0.0075  accepted=53  auc=0.1280  uauc=0.7295  loss=0.6600  (14.4s)
Round   21/30  coverage=0.4021  prec@K=0.0050  accepted=35  auc=0.1500  uauc=0.6686  loss=0.6581  (17.8s)
Round   22/30  coverage=0.4022  prec@K=0.0069  accepted=48  auc=0.1179  uauc=0.6890  loss=0.6560  (14.5s)
Round   23/30  coverage=0.4023  prec@K=0.0061  accepted=43  auc=0.1330  uauc=0.6253  loss=0.6522  (14.9s)
Round   24/30  coverage=0.4024  prec@K=0.0060  accepted=42  auc=0.1449  uauc=0.5698  loss=0.6509  (14.9s)
Round   25/30  coverage=0.4025  prec@K=0.0064  accepted=45  auc=0.1006  uauc=0.7448  loss=0.6483  (16.6s)
Round   26/30  coverage=0.4026  prec@K=0.0067  accepted=47  auc=0.1227  uauc=0.6615  loss=0.6454  (17.6s)
Round   27/30  coverage=0.4027  prec@K=0.0060  accepted=42  auc=0.1721  uauc=0.6329  loss=0.6427  (17.3s)
Round   28/30  coverage=0.4028  prec@K=0.0078  accepted=55  auc=0.1870  uauc=0.6747  loss=0.6399  (17.3s)
Round   29/30  coverage=0.4029  prec@K=0.0071  accepted=49  auc=0.1645  uauc=0.5953  loss=0.6387  (17.3s)
Round   30/30  coverage=0.4029  prec@K=0.0063  accepted=44  auc=0.1419  uauc=0.7065  loss=0.6344  (18.1s)

结果已写入 results\orchestrator\runs\ir40_constlr5e5_multiseed\epinions\gnn_sum_s1/rounds.csv
