=== epinions_gnn_h32_s3  started 2026-05-07T18:50:11 ===

C:\conda\envs\gnn\lib\site-packages\requests\__init__.py:86: RequestsDependencyWarning: Unable to find acceptable character detection dependency (chardet or charset_normalizer).
  warnings.warn(
C:\conda\envs\gnn\lib\site-packages\outdated\__init__.py:36: UserWarning: pkg_resources is deprecated as an API. See https://setuptools.pypa.io/en/latest/pkg_resources.html. The pkg_resources package is slated for removal as early as 2025-11-30. Refrain from using this package or pin to Setuptools<81.
  from pkg_resources import parse_version
Round    1/30  coverage=0.4001  prec@K=0.0086  accepted=61  auc=0.8751  uauc=0.5986  loss=0.6544  (11.4s)
Round    2/30  coverage=0.4002  prec@K=0.0086  accepted=59  auc=0.8511  uauc=0.6031  loss=0.6533  (6.3s)
Round    3/30  coverage=0.4003  prec@K=0.0079  accepted=56  auc=0.9057  uauc=0.6137  loss=0.6523  (6.9s)
Round    4/30  coverage=0.4004  prec@K=0.0068  accepted=47  auc=0.8487  uauc=0.5686  loss=0.6511  (7.2s)
Round    5/30  coverage=0.4006  prec@K=0.0089  accepted=62  auc=0.8472  uauc=0.6229  loss=0.6506  (8.2s)
Round    6/30  coverage=0.4007  prec@K=0.0079  accepted=56  auc=0.8328  uauc=0.5373  loss=0.6497  (8.8s)
Round    7/30  coverage=0.4008  prec@K=0.0129  accepted=89  auc=0.7991  uauc=0.5808  loss=0.6499  (9.2s)
Round    8/30  coverage=0.4009  prec@K=0.0075  accepted=53  auc=0.8229  uauc=0.4542  loss=0.6479  (9.7s)
Round    9/30  coverage=0.4011  prec@K=0.0088  accepted=61  auc=0.7905  uauc=0.4967  loss=0.6474  (10.3s)
Round   10/30  coverage=0.4012  prec@K=0.0079  accepted=56  auc=0.7674  uauc=0.5747  loss=0.6463  (9.9s)
Round   11/30  coverage=0.4013  prec@K=0.0075  accepted=53  auc=0.7018  uauc=0.4785  loss=0.6454  (14.3s)
Round   12/30  coverage=0.4014  prec@K=0.0055  accepted=39  auc=0.8091  uauc=0.6229  loss=0.6439  (11.0s)
Round   13/30  coverage=0.4015  prec@K=0.0076  accepted=53  auc=0.7774  uauc=0.5553  loss=0.6437  (11.2s)
Round   14/30  coverage=0.4016  prec@K=0.0076  accepted=54  auc=0.7320  uauc=0.4983  loss=0.6426  (11.7s)
Round   15/30  coverage=0.4016  prec@K=0.0057  accepted=40  auc=0.7366  uauc=0.5612  loss=0.6415  (12.2s)
Round   16/30  coverage=0.4017  prec@K=0.0049  accepted=34  auc=0.6418  uauc=0.5311  loss=0.6401  (12.3s)
Round   17/30  coverage=0.4018  prec@K=0.0049  accepted=34  auc=0.6079  uauc=0.5060  loss=0.6392  (13.3s)
Round   18/30  coverage=0.4019  prec@K=0.0066  accepted=46  auc=0.5842  uauc=0.4779  loss=0.6386  (13.1s)
Round   19/30  coverage=0.4019  prec@K=0.0038  accepted=27  auc=0.6320  uauc=0.5246  loss=0.6370  (14.1s)
Round   20/30  coverage=0.4020  prec@K=0.0074  accepted=52  auc=0.3408  uauc=0.4659  loss=0.6372  (14.1s)
Round   21/30  coverage=0.4021  prec@K=0.0077  accepted=53  auc=0.4418  uauc=0.5788  loss=0.6363  (17.8s)
Round   22/30  coverage=0.4022  prec@K=0.0083  accepted=58  auc=0.2869  uauc=0.5702  loss=0.6353  (14.7s)
Round   23/30  coverage=0.4023  prec@K=0.0034  accepted=24  auc=0.2446  uauc=0.4602  loss=0.6330  (15.1s)
Round   24/30  coverage=0.4024  prec@K=0.0073  accepted=51  auc=0.2507  uauc=0.4287  loss=0.6331  (15.6s)
Round   25/30  coverage=0.4025  prec@K=0.0059  accepted=42  auc=0.1968  uauc=0.5754  loss=0.6316  (16.2s)
Round   26/30  coverage=0.4025  prec@K=0.0047  accepted=32  auc=0.1840  uauc=0.4763  loss=0.6300  (16.6s)
Round   27/30  coverage=0.4026  prec@K=0.0062  accepted=43  auc=0.2216  uauc=0.4461  loss=0.6296  (16.8s)
Round   28/30  coverage=0.4027  prec@K=0.0057  accepted=40  auc=0.1396  uauc=0.5877  loss=0.6287  (17.7s)
Round   29/30  coverage=0.4028  prec@K=0.0055  accepted=39  auc=0.2022  uauc=0.6319  loss=0.6274  (17.9s)
Round   30/30  coverage=0.4029  prec@K=0.0064  accepted=44  auc=0.1347  uauc=0.5850  loss=0.6269  (17.6s)

结果已写入 results\orchestrator\runs\ir40_constlr5e5_multiseed\epinions\gnn_h32_s3/rounds.csv
