=== slashdot_pa_s2  started 2026-05-07T20:57:46 ===

C:\conda\envs\gnn\lib\site-packages\requests\__init__.py:86: RequestsDependencyWarning: Unable to find acceptable character detection dependency (chardet or charset_normalizer).
  warnings.warn(
C:\conda\envs\gnn\lib\site-packages\outdated\__init__.py:36: UserWarning: pkg_resources is deprecated as an API. See https://setuptools.pypa.io/en/latest/pkg_resources.html. The pkg_resources package is slated for removal as early as 2025-11-30. Refrain from using this package or pin to Setuptools<81.
  from pkg_resources import parse_version
Round    1/30  coverage=0.4001  prec@K=0.0057  accepted=42  auc=0.9087  uauc=0.5704  loss=nan  (4.0s)
Round    2/30  coverage=0.4002  prec@K=0.0068  accepted=49  auc=0.8609  uauc=0.5510  loss=nan  (0.6s)
Round    3/30  coverage=0.4003  prec@K=0.0069  accepted=50  auc=0.8574  uauc=0.5743  loss=nan  (0.7s)
Round    4/30  coverage=0.4004  prec@K=0.0086  accepted=62  auc=0.8487  uauc=0.6881  loss=nan  (0.8s)
Round    5/30  coverage=0.4005  prec@K=0.0055  accepted=40  auc=0.8695  uauc=0.6490  loss=nan  (0.9s)
Round    6/30  coverage=0.4006  prec@K=0.0104  accepted=75  auc=0.9130  uauc=0.6384  loss=nan  (1.1s)
Round    7/30  coverage=0.4007  prec@K=0.0069  accepted=50  auc=0.8806  uauc=0.6377  loss=nan  (1.2s)
Round    8/30  coverage=0.4008  prec@K=0.0060  accepted=44  auc=0.9077  uauc=0.5491  loss=nan  (1.5s)
Round    9/30  coverage=0.4009  prec@K=0.0073  accepted=53  auc=0.7947  uauc=0.6201  loss=nan  (1.7s)
Round   10/30  coverage=0.4010  prec@K=0.0056  accepted=41  auc=0.9267  uauc=0.5628  loss=nan  (1.9s)
Round   11/30  coverage=0.4011  prec@K=0.0073  accepted=53  auc=0.8750  uauc=0.6669  loss=nan  (5.5s)
Round   12/30  coverage=0.4012  prec@K=0.0056  accepted=41  auc=0.9318  uauc=0.6874  loss=nan  (2.2s)
Round   13/30  coverage=0.4013  prec@K=0.0086  accepted=63  auc=0.8713  uauc=0.6164  loss=nan  (2.5s)
Round   14/30  coverage=0.4014  prec@K=0.0077  accepted=56  auc=0.8846  uauc=0.6595  loss=nan  (2.8s)
Round   15/30  coverage=0.4015  prec@K=0.0043  accepted=32  auc=0.9118  uauc=0.7145  loss=nan  (3.1s)
Round   16/30  coverage=0.4016  prec@K=0.0077  accepted=56  auc=0.8344  uauc=0.6413  loss=nan  (3.2s)
Round   17/30  coverage=0.4016  prec@K=0.0046  accepted=34  auc=0.8928  uauc=0.6411  loss=nan  (3.5s)
Round   18/30  coverage=0.4017  prec@K=0.0047  accepted=34  auc=0.8633  uauc=0.6774  loss=nan  (4.0s)
Round   19/30  coverage=0.4018  prec@K=0.0054  accepted=39  auc=0.9419  uauc=0.6633  loss=nan  (4.6s)
Round   20/30  coverage=0.4019  prec@K=0.0078  accepted=56  auc=0.8494  uauc=0.5433  loss=nan  (4.7s)
Round   21/30  coverage=0.4019  prec@K=0.0041  accepted=30  auc=0.8471  uauc=0.6566  loss=nan  (8.2s)
Round   22/30  coverage=0.4021  prec@K=0.0083  accepted=60  auc=0.8780  uauc=0.6737  loss=nan  (5.7s)
Round   23/30  coverage=0.4021  prec@K=0.0064  accepted=47  auc=0.8549  uauc=0.6352  loss=nan  (5.7s)
Round   24/30  coverage=0.4023  prec@K=0.0078  accepted=57  auc=0.8388  uauc=0.6160  loss=nan  (5.8s)
Round   25/30  coverage=0.4023  prec@K=0.0044  accepted=32  auc=0.8672  uauc=0.5573  loss=nan  (5.9s)
Round   26/30  coverage=0.4024  prec@K=0.0064  accepted=47  auc=0.8795  uauc=0.6092  loss=nan  (6.6s)
Round   27/30  coverage=0.4025  prec@K=0.0079  accepted=58  auc=0.8625  uauc=0.5450  loss=nan  (7.0s)
Round   28/30  coverage=0.4026  prec@K=0.0074  accepted=54  auc=0.8047  uauc=0.5304  loss=nan  (6.9s)
Round   29/30  coverage=0.4027  prec@K=0.0051  accepted=37  auc=0.9211  uauc=0.5668  loss=nan  (7.7s)
Round   30/30  coverage=0.4028  prec@K=0.0073  accepted=53  auc=0.8657  uauc=0.6219  loss=nan  (7.6s)

结果已写入 results\orchestrator\runs\ir40_constlr5e5_multiseed\slashdot\pa_s2/rounds.csv
