=== slashdot_gnn_h32_s1  started 2026-05-07T20:28:19 ===

C:\conda\envs\gnn\lib\site-packages\requests\__init__.py:86: RequestsDependencyWarning: Unable to find acceptable character detection dependency (chardet or charset_normalizer).
  warnings.warn(
C:\conda\envs\gnn\lib\site-packages\outdated\__init__.py:36: UserWarning: pkg_resources is deprecated as an API. See https://setuptools.pypa.io/en/latest/pkg_resources.html. The pkg_resources package is slated for removal as early as 2025-11-30. Refrain from using this package or pin to Setuptools<81.
  from pkg_resources import parse_version
Round    1/30  coverage=0.4001  prec@K=0.0071  accepted=52  auc=0.8990  uauc=0.6536  loss=0.6843  (11.2s)
Round    2/30  coverage=0.4002  prec@K=0.0035  accepted=26  auc=0.7851  uauc=0.6411  loss=0.6834  (7.4s)
Round    3/30  coverage=0.4002  prec@K=0.0058  accepted=42  auc=0.6681  uauc=0.6191  loss=0.6825  (8.4s)
Round    4/30  coverage=0.4003  prec@K=0.0041  accepted=30  auc=0.8230  uauc=0.6053  loss=0.6815  (8.7s)
Round    5/30  coverage=0.4004  prec@K=0.0049  accepted=36  auc=0.6459  uauc=0.6369  loss=0.6809  (9.7s)
Round    6/30  coverage=0.4004  prec@K=0.0045  accepted=33  auc=0.5996  uauc=0.6728  loss=0.6799  (10.0s)
Round    7/30  coverage=0.4005  prec@K=0.0031  accepted=23  auc=0.3643  uauc=0.6172  loss=0.6791  (10.7s)
Round    8/30  coverage=0.4005  prec@K=0.0044  accepted=32  auc=0.4814  uauc=0.7247  loss=0.6783  (12.1s)
Round    9/30  coverage=0.4006  prec@K=0.0047  accepted=34  auc=0.4220  uauc=0.7196  loss=0.6774  (12.4s)
Round   10/30  coverage=0.4007  prec@K=0.0044  accepted=32  auc=0.3450  uauc=0.5957  loss=0.6767  (12.5s)
Round   11/30  coverage=0.4007  prec@K=0.0037  accepted=27  auc=0.2709  uauc=0.5345  loss=0.6757  (16.6s)
Round   12/30  coverage=0.4008  prec@K=0.0034  accepted=25  auc=0.2392  uauc=0.7483  loss=0.6749  (14.0s)
Round   13/30  coverage=0.4008  prec@K=0.0044  accepted=32  auc=0.1817  uauc=0.7116  loss=0.6744  (14.8s)
Round   14/30  coverage=0.4009  prec@K=0.0046  accepted=34  auc=0.2034  uauc=0.6387  loss=0.6734  (14.9s)
Round   15/30  coverage=0.4010  prec@K=0.0057  accepted=42  auc=0.2309  uauc=0.7165  loss=0.6726  (15.5s)
Round   16/30  coverage=0.4010  prec@K=0.0037  accepted=27  auc=0.0947  uauc=0.5653  loss=0.6717  (16.2s)
Round   17/30  coverage=0.4011  prec@K=0.0030  accepted=22  auc=0.0975  uauc=0.8040  loss=0.6707  (16.7s)
Round   18/30  coverage=0.4011  prec@K=0.0038  accepted=28  auc=0.1552  uauc=0.6266  loss=0.6700  (16.9s)
Round   19/30  coverage=0.4012  prec@K=0.0030  accepted=22  auc=0.1252  uauc=0.7478  loss=0.6691  (18.2s)
Round   20/30  coverage=0.4012  prec@K=0.0037  accepted=27  auc=0.0693  uauc=0.6143  loss=0.6686  (18.8s)
Round   21/30  coverage=0.4013  prec@K=0.0039  accepted=29  auc=0.1135  uauc=0.5647  loss=0.6677  (22.9s)
Round   22/30  coverage=0.4013  prec@K=0.0047  accepted=34  auc=0.1070  uauc=0.5743  loss=0.6669  (19.9s)
Round   23/30  coverage=0.4014  prec@K=0.0044  accepted=32  auc=0.0780  uauc=0.6674  loss=0.6662  (20.2s)
Round   24/30  coverage=0.4015  prec@K=0.0049  accepted=36  auc=0.1063  uauc=0.6351  loss=0.6651  (21.2s)
Round   25/30  coverage=0.4015  prec@K=0.0029  accepted=21  auc=0.0992  uauc=0.7765  loss=0.6639  (21.8s)
Round   26/30  coverage=0.4016  prec@K=0.0044  accepted=32  auc=0.0892  uauc=0.6947  loss=0.6637  (22.6s)
Round   27/30  coverage=0.4016  prec@K=0.0031  accepted=22  auc=0.0912  uauc=0.6727  loss=0.6625  (22.7s)
Round   28/30  coverage=0.4017  prec@K=0.0039  accepted=28  auc=0.0731  uauc=0.6353  loss=0.6616  (23.8s)
Round   29/30  coverage=0.4017  prec@K=0.0044  accepted=32  auc=0.0902  uauc=0.5951  loss=0.6612  (23.9s)
Round   30/30  coverage=0.4018  prec@K=0.0027  accepted=20  auc=0.0984  uauc=0.6579  loss=0.6602  (25.5s)

结果已写入 results\orchestrator\runs\ir40_constlr5e5_multiseed\slashdot\gnn_h32_s1/rounds.csv
