=== slashdot_gat_emb_s2  started 2026-05-07T19:51:05 ===

C:\conda\envs\gnn\lib\site-packages\requests\__init__.py:86: RequestsDependencyWarning: Unable to find acceptable character detection dependency (chardet or charset_normalizer).
  warnings.warn(
C:\conda\envs\gnn\lib\site-packages\outdated\__init__.py:36: UserWarning: pkg_resources is deprecated as an API. See https://setuptools.pypa.io/en/latest/pkg_resources.html. The pkg_resources package is slated for removal as early as 2025-11-30. Refrain from using this package or pin to Setuptools<81.
  from pkg_resources import parse_version
Round    1/30  coverage=0.4000  prec@K=0.0031  accepted=23  auc=0.6045  uauc=0.6835  loss=0.7116  (13.5s)
Round    2/30  coverage=0.4001  prec@K=0.0041  accepted=30  auc=0.6834  uauc=0.5020  loss=0.7114  (9.5s)
Round    3/30  coverage=0.4001  prec@K=0.0033  accepted=24  auc=0.6819  uauc=0.5835  loss=0.7114  (9.6s)
Round    4/30  coverage=0.4002  prec@K=0.0040  accepted=29  auc=0.5220  uauc=0.6828  loss=0.7111  (10.0s)
Round    5/30  coverage=0.4002  prec@K=0.0030  accepted=22  auc=0.4415  uauc=0.5956  loss=0.7111  (10.6s)
Round    6/30  coverage=0.4003  prec@K=0.0033  accepted=24  auc=0.3131  uauc=0.5526  loss=0.7109  (11.8s)
Round    7/30  coverage=0.4004  prec@K=0.0045  accepted=33  auc=0.2478  uauc=0.6185  loss=0.7107  (12.7s)
Round    8/30  coverage=0.4004  prec@K=0.0026  accepted=19  auc=0.1812  uauc=0.5582  loss=0.7108  (13.8s)
Round    9/30  coverage=0.4005  prec@K=0.0049  accepted=36  auc=0.1717  uauc=0.5740  loss=0.7104  (14.4s)
Round   10/30  coverage=0.4005  prec@K=0.0037  accepted=27  auc=0.2785  uauc=0.7179  loss=0.7104  (14.7s)
Round   11/30  coverage=0.4006  prec@K=0.0032  accepted=23  auc=0.1897  uauc=0.4954  loss=0.7103  (18.8s)
Round   12/30  coverage=0.4006  prec@K=0.0026  accepted=19  auc=0.2090  uauc=0.5471  loss=0.7103  (16.0s)
Round   13/30  coverage=0.4007  prec@K=0.0046  accepted=34  auc=0.1673  uauc=0.5855  loss=0.7100  (16.8s)
Round   14/30  coverage=0.4007  prec@K=0.0034  accepted=25  auc=0.1488  uauc=0.6833  loss=0.7099  (18.0s)
Round   15/30  coverage=0.4007  prec@K=0.0018  accepted=13  auc=0.1202  uauc=0.7111  loss=0.7100  (18.1s)
Round   16/30  coverage=0.4008  prec@K=0.0036  accepted=26  auc=0.1405  uauc=0.6343  loss=0.7096  (18.9s)
Round   17/30  coverage=0.4008  prec@K=0.0022  accepted=16  auc=0.1307  uauc=0.4599  loss=0.7097  (19.9s)
Round   18/30  coverage=0.4009  prec@K=0.0032  accepted=23  auc=0.1006  uauc=0.4936  loss=0.7094  (19.7s)
Round   19/30  coverage=0.4009  prec@K=0.0026  accepted=19  auc=0.1282  uauc=0.6113  loss=0.7093  (21.3s)
Round   20/30  coverage=0.4010  prec@K=0.0036  accepted=26  auc=0.1433  uauc=0.5467  loss=0.7091  (21.7s)
Round   21/30  coverage=0.4010  prec@K=0.0029  accepted=21  auc=0.1071  uauc=0.5716  loss=0.7091  (25.3s)
Round   22/30  coverage=0.4010  prec@K=0.0039  accepted=28  auc=0.1587  uauc=0.4968  loss=0.7089  (22.5s)
Round   23/30  coverage=0.4011  prec@K=0.0034  accepted=25  auc=0.1426  uauc=0.5288  loss=0.7087  (23.6s)
Round   24/30  coverage=0.4012  prec@K=0.0041  accepted=30  auc=0.0822  uauc=0.6633  loss=0.7085  (25.5s)
Round   25/30  coverage=0.4012  prec@K=0.0038  accepted=28  auc=0.1308  uauc=0.6772  loss=0.7085  (24.6s)
Round   26/30  coverage=0.4013  prec@K=0.0033  accepted=24  auc=0.1431  uauc=0.6729  loss=0.7084  (24.8s)
Round   27/30  coverage=0.4013  prec@K=0.0056  accepted=41  auc=0.0908  uauc=0.5538  loss=0.7080  (26.3s)
Round   28/30  coverage=0.4014  prec@K=0.0040  accepted=29  auc=0.1247  uauc=0.5133  loss=0.7081  (26.3s)
Round   29/30  coverage=0.4014  prec@K=0.0022  accepted=16  auc=0.0956  uauc=0.5841  loss=0.7081  (28.5s)
Round   30/30  coverage=0.4015  prec@K=0.0045  accepted=33  auc=0.1221  uauc=0.6485  loss=0.7077  (28.6s)

结果已写入 results\orchestrator\runs\ir40_constlr5e5_multiseed\slashdot\gat_emb_s2/rounds.csv
