=== slashdot_graphsage_emb_s1  started 2026-05-07T20:49:22 ===

C:\conda\envs\gnn\lib\site-packages\requests\__init__.py:86: RequestsDependencyWarning: Unable to find acceptable character detection dependency (chardet or charset_normalizer).
  warnings.warn(
C:\conda\envs\gnn\lib\site-packages\outdated\__init__.py:36: UserWarning: pkg_resources is deprecated as an API. See https://setuptools.pypa.io/en/latest/pkg_resources.html. The pkg_resources package is slated for removal as early as 2025-11-30. Refrain from using this package or pin to Setuptools<81.
  from pkg_resources import parse_version
Round    1/30  coverage=0.4001  prec@K=0.0052  accepted=38  auc=0.8207  uauc=0.5568  loss=0.7074  (10.0s)
Round    2/30  coverage=0.4001  prec@K=0.0022  accepted=16  auc=0.6858  uauc=0.5171  loss=0.7071  (5.8s)
Round    3/30  coverage=0.4002  prec@K=0.0044  accepted=32  auc=0.5296  uauc=0.5082  loss=0.7063  (6.2s)
Round    4/30  coverage=0.4002  prec@K=0.0034  accepted=25  auc=0.7264  uauc=0.5722  loss=0.7062  (6.1s)
Round    5/30  coverage=0.4003  prec@K=0.0029  accepted=21  auc=0.6642  uauc=0.6638  loss=0.7052  (6.3s)
Round    6/30  coverage=0.4003  prec@K=0.0036  accepted=26  auc=0.7295  uauc=0.5155  loss=0.7048  (6.4s)
Round    7/30  coverage=0.4003  prec@K=0.0025  accepted=18  auc=0.7346  uauc=0.5104  loss=0.7045  (6.7s)
Round    8/30  coverage=0.4004  prec@K=0.0033  accepted=24  auc=0.6022  uauc=0.5291  loss=0.7043  (7.8s)
Round    9/30  coverage=0.4004  prec@K=0.0028  accepted=20  auc=0.6394  uauc=0.6011  loss=0.7042  (7.9s)
Round   10/30  coverage=0.4005  prec@K=0.0026  accepted=19  auc=0.5895  uauc=0.5532  loss=0.7029  (8.0s)
Round   11/30  coverage=0.4005  prec@K=0.0030  accepted=22  auc=0.5452  uauc=0.5212  loss=0.7023  (11.5s)
Round   12/30  coverage=0.4005  prec@K=0.0028  accepted=20  auc=0.5473  uauc=0.6719  loss=0.7028  (8.9s)
Round   13/30  coverage=0.4006  prec@K=0.0033  accepted=24  auc=0.6334  uauc=0.6241  loss=0.7021  (9.5s)
Round   14/30  coverage=0.4006  prec@K=0.0037  accepted=27  auc=0.6316  uauc=0.5714  loss=0.7011  (9.9s)
Round   15/30  coverage=0.4007  prec@K=0.0035  accepted=26  auc=0.5672  uauc=0.7242  loss=0.7009  (10.6s)
Round   16/30  coverage=0.4007  prec@K=0.0019  accepted=14  auc=0.7693  uauc=0.6012  loss=0.7004  (11.0s)
Round   17/30  coverage=0.4008  prec@K=0.0030  accepted=22  auc=0.5337  uauc=0.4528  loss=0.6999  (11.4s)
Round   18/30  coverage=0.4008  prec@K=0.0038  accepted=28  auc=0.5318  uauc=0.4935  loss=0.6994  (11.7s)
Round   19/30  coverage=0.4008  prec@K=0.0023  accepted=17  auc=0.4892  uauc=0.5899  loss=0.6987  (12.5s)
Round   20/30  coverage=0.4009  prec@K=0.0027  accepted=20  auc=0.5564  uauc=0.6769  loss=0.6988  (13.0s)
Round   21/30  coverage=0.4009  prec@K=0.0023  accepted=17  auc=0.4986  uauc=0.6486  loss=0.6982  (16.9s)
Round   22/30  coverage=0.4010  prec@K=0.0033  accepted=24  auc=0.4519  uauc=0.5541  loss=0.6981  (14.2s)
Round   23/30  coverage=0.4010  prec@K=0.0029  accepted=21  auc=0.3559  uauc=0.4415  loss=0.6974  (14.2s)
Round   24/30  coverage=0.4010  prec@K=0.0029  accepted=21  auc=0.4065  uauc=0.4752  loss=0.6970  (15.3s)
Round   25/30  coverage=0.4011  prec@K=0.0035  accepted=26  auc=0.5530  uauc=0.6594  loss=0.6965  (15.8s)
Round   26/30  coverage=0.4012  prec@K=0.0038  accepted=28  auc=0.5357  uauc=0.6572  loss=0.6954  (16.3s)
Round   27/30  coverage=0.4012  prec@K=0.0025  accepted=18  auc=0.4649  uauc=0.6736  loss=0.6956  (16.7s)
Round   28/30  coverage=0.4012  prec@K=0.0039  accepted=28  auc=0.4550  uauc=0.4989  loss=0.6951  (17.2s)
Round   29/30  coverage=0.4013  prec@K=0.0036  accepted=26  auc=0.3934  uauc=0.4747  loss=0.6946  (18.0s)
Round   30/30  coverage=0.4013  prec@K=0.0030  accepted=22  auc=0.3663  uauc=0.5629  loss=0.6941  (19.6s)

结果已写入 results\orchestrator\runs\ir40_constlr5e5_multiseed\slashdot\graphsage_emb_s1/rounds.csv
