=== slashdot_aa_s2  started 2026-05-07T19:39:34 ===

C:\conda\envs\gnn\lib\site-packages\requests\__init__.py:86: RequestsDependencyWarning: Unable to find acceptable character detection dependency (chardet or charset_normalizer).
  warnings.warn(
C:\conda\envs\gnn\lib\site-packages\outdated\__init__.py:36: UserWarning: pkg_resources is deprecated as an API. See https://setuptools.pypa.io/en/latest/pkg_resources.html. The pkg_resources package is slated for removal as early as 2025-11-30. Refrain from using this package or pin to Setuptools<81.
  from pkg_resources import parse_version
Round    1/30  coverage=0.4001  prec@K=0.0059  accepted=43  auc=0.9605  uauc=0.6720  loss=nan  (6.3s)
Round    2/30  coverage=0.4002  prec@K=0.0065  accepted=47  auc=0.9691  uauc=0.6783  loss=nan  (2.9s)
Round    3/30  coverage=0.4003  prec@K=0.0070  accepted=51  auc=0.9398  uauc=0.5831  loss=nan  (3.3s)
Round    4/30  coverage=0.4004  prec@K=0.0068  accepted=49  auc=0.9360  uauc=0.7054  loss=nan  (3.8s)
Round    5/30  coverage=0.4004  prec@K=0.0043  accepted=31  auc=0.9592  uauc=0.6649  loss=nan  (4.8s)
Round    6/30  coverage=0.4006  prec@K=0.0093  accepted=67  auc=0.9635  uauc=0.6825  loss=nan  (5.3s)
Round    7/30  coverage=0.4007  prec@K=0.0092  accepted=67  auc=0.9603  uauc=0.6597  loss=nan  (6.0s)
Round    8/30  coverage=0.4008  prec@K=0.0061  accepted=45  auc=0.9623  uauc=0.6626  loss=nan  (6.4s)
Round    9/30  coverage=0.4009  prec@K=0.0073  accepted=53  auc=0.9401  uauc=0.5822  loss=nan  (6.8s)
Round   10/30  coverage=0.4010  prec@K=0.0059  accepted=43  auc=0.9459  uauc=0.6148  loss=nan  (7.8s)
Round   11/30  coverage=0.4010  prec@K=0.0044  accepted=32  auc=0.9558  uauc=0.6496  loss=nan  (11.6s)
Round   12/30  coverage=0.4011  prec@K=0.0069  accepted=50  auc=0.9368  uauc=0.6311  loss=nan  (8.2s)
Round   13/30  coverage=0.4012  prec@K=0.0077  accepted=57  auc=0.9572  uauc=0.6712  loss=nan  (8.9s)
Round   14/30  coverage=0.4013  prec@K=0.0071  accepted=52  auc=0.9463  uauc=0.6896  loss=nan  (10.2s)
Round   15/30  coverage=0.4014  prec@K=0.0035  accepted=26  auc=0.9601  uauc=0.7156  loss=nan  (11.1s)
Round   16/30  coverage=0.4015  prec@K=0.0067  accepted=49  auc=0.9446  uauc=0.6214  loss=nan  (11.1s)
Round   17/30  coverage=0.4015  prec@K=0.0038  accepted=28  auc=0.9525  uauc=0.7253  loss=nan  (11.3s)
Round   18/30  coverage=0.4016  prec@K=0.0052  accepted=38  auc=0.9585  uauc=0.6014  loss=nan  (12.0s)
Round   19/30  coverage=0.4017  prec@K=0.0063  accepted=46  auc=0.9694  uauc=0.5636  loss=nan  (13.5s)
Round   20/30  coverage=0.4018  prec@K=0.0086  accepted=62  auc=0.9414  uauc=0.6260  loss=nan  (13.7s)
Round   21/30  coverage=0.4019  prec@K=0.0037  accepted=27  auc=0.9255  uauc=0.6292  loss=nan  (16.9s)
Round   22/30  coverage=0.4020  prec@K=0.0079  accepted=57  auc=0.9497  uauc=0.6063  loss=nan  (14.6s)
Round   23/30  coverage=0.4021  prec@K=0.0060  accepted=44  auc=0.9686  uauc=0.6453  loss=nan  (14.9s)
Round   24/30  coverage=0.4022  prec@K=0.0064  accepted=47  auc=0.9527  uauc=0.7118  loss=nan  (15.7s)
Round   25/30  coverage=0.4022  prec@K=0.0052  accepted=38  auc=0.9596  uauc=0.6239  loss=nan  (15.3s)
Round   26/30  coverage=0.4023  prec@K=0.0084  accepted=62  auc=0.9505  uauc=0.5730  loss=nan  (16.5s)
Round   27/30  coverage=0.4025  prec@K=0.0080  accepted=59  auc=0.9578  uauc=0.6218  loss=nan  (17.7s)
Round   28/30  coverage=0.4026  prec@K=0.0071  accepted=52  auc=0.9552  uauc=0.7238  loss=nan  (17.2s)
Round   29/30  coverage=0.4026  prec@K=0.0050  accepted=36  auc=0.9594  uauc=0.6638  loss=nan  (18.4s)
Round   30/30  coverage=0.4027  prec@K=0.0071  accepted=52  auc=0.9575  uauc=0.6640  loss=nan  (18.9s)

结果已写入 results\orchestrator\runs\ir40_constlr5e5_multiseed\slashdot\aa_s2/rounds.csv
