=== sx_askubuntu_gnn_s2  started 2026-05-07T21:54:01 ===

C:\conda\envs\gnn\lib\site-packages\requests\__init__.py:86: RequestsDependencyWarning: Unable to find acceptable character detection dependency (chardet or charset_normalizer).
  warnings.warn(
C:\conda\envs\gnn\lib\site-packages\outdated\__init__.py:36: UserWarning: pkg_resources is deprecated as an API. See https://setuptools.pypa.io/en/latest/pkg_resources.html. The pkg_resources package is slated for removal as early as 2025-11-30. Refrain from using this package or pin to Setuptools<81.
  from pkg_resources import parse_version
Round    1/30  coverage=0.4000  prec@K=0.0005  accepted=8  auc=0.9178  uauc=0.6458  loss=0.7672  (18.2s)
Round    2/30  coverage=0.4000  prec@K=0.0008  accepted=12  auc=0.9495  uauc=0.5671  loss=0.7667  (11.3s)
Round    3/30  coverage=0.4001  prec@K=0.0010  accepted=14  auc=0.9544  uauc=0.7004  loss=0.7667  (11.4s)
Round    4/30  coverage=0.4001  prec@K=0.0005  accepted=8  auc=0.9563  uauc=0.7639  loss=0.7665  (12.5s)
Round    5/30  coverage=0.4001  prec@K=0.0005  accepted=8  auc=0.9068  uauc=0.8704  loss=0.7662  (14.0s)
Round    6/30  coverage=0.4001  prec@K=0.0011  accepted=16  auc=0.9542  uauc=0.5903  loss=0.7657  (14.8s)
Round    7/30  coverage=0.4001  prec@K=0.0004  accepted=6  auc=0.9326  uauc=0.7685  loss=0.7659  (17.3s)
Round    8/30  coverage=0.4001  prec@K=0.0006  accepted=9  auc=0.9071  uauc=0.7919  loss=0.7656  (19.5s)
Round    9/30  coverage=0.4002  prec@K=0.0005  accepted=7  auc=0.8790  uauc=0.6651  loss=0.7655  (21.7s)
Round   10/30  coverage=0.4002  prec@K=0.0010  accepted=14  auc=0.9360  uauc=0.8161  loss=0.7651  (23.2s)
Round   11/30  coverage=0.4002  prec@K=0.0009  accepted=13  auc=0.9482  uauc=0.6389  loss=0.7646  (32.3s)
Round   12/30  coverage=0.4002  prec@K=0.0003  accepted=5  auc=0.9596  uauc=0.7111  loss=0.7649  (27.9s)
Round   13/30  coverage=0.4002  prec@K=0.0008  accepted=12  auc=0.9531  uauc=0.8232  loss=0.7646  (30.0s)
Round   14/30  coverage=0.4003  prec@K=0.0007  accepted=10  auc=0.9330  uauc=0.6345  loss=0.7641  (31.9s)
Round   15/30  coverage=0.4003  prec@K=0.0010  accepted=15  auc=0.9678  uauc=0.4544  loss=0.7638  (34.6s)
Round   16/30  coverage=0.4003  prec@K=0.0014  accepted=21  auc=0.9367  uauc=0.7549  loss=0.7634  (36.5s)
Round   17/30  coverage=0.4003  prec@K=0.0007  accepted=11  auc=0.9529  uauc=0.6372  loss=0.7638  (38.3s)
Round   18/30  coverage=0.4004  prec@K=0.0009  accepted=13  auc=0.9749  uauc=0.6026  loss=0.7630  (42.9s)
Round   19/30  coverage=0.4004  prec@K=0.0005  accepted=8  auc=0.9858  uauc=0.8426  loss=0.7633  (45.1s)
Round   20/30  coverage=0.4004  prec@K=0.0016  accepted=24  auc=0.9741  uauc=0.7569  loss=0.7621  (47.5s)
Round   21/30  coverage=0.4004  prec@K=0.0007  accepted=10  auc=0.9559  uauc=0.7716  loss=0.7626  (56.6s)
Round   22/30  coverage=0.4005  prec@K=0.0007  accepted=10  auc=0.9422  uauc=0.7257  loss=0.7622  (53.1s)
Round   23/30  coverage=0.4005  prec@K=0.0009  accepted=14  auc=0.9424  uauc=0.6238  loss=0.7618  (54.0s)
Round   24/30  coverage=0.4005  prec@K=0.0003  accepted=4  auc=0.9425  uauc=0.7083  loss=0.7621  (54.5s)
Round   25/30  coverage=0.4005  prec@K=0.0010  accepted=15  auc=0.9527  uauc=0.7188  loss=0.7617  (53.7s)
Round   26/30  coverage=0.4006  prec@K=0.0011  accepted=16  auc=0.9050  uauc=0.7428  loss=0.7612  (57.7s)
Round   27/30  coverage=0.4006  prec@K=0.0009  accepted=14  auc=0.9711  uauc=0.7463  loss=0.7611  (60.7s)
Round   28/30  coverage=0.4006  prec@K=0.0009  accepted=13  auc=0.9293  uauc=0.6608  loss=0.7607  (63.5s)
Round   29/30  coverage=0.4006  prec@K=0.0010  accepted=15  auc=0.9580  uauc=0.7014  loss=0.7607  (65.3s)
Round   30/30  coverage=0.4006  prec@K=0.0006  accepted=9  auc=0.9263  uauc=0.5590  loss=0.7603  (66.4s)

结果已写入 results\orchestrator\runs\ir40_constlr5e5_multiseed\sx_askubuntu\gnn_s2/rounds.csv
