=== sx_askubuntu_gnn_concat_s2  started 2026-05-07T22:13:08 ===

C:\conda\envs\gnn\lib\site-packages\requests\__init__.py:86: RequestsDependencyWarning: Unable to find acceptable character detection dependency (chardet or charset_normalizer).
  warnings.warn(
C:\conda\envs\gnn\lib\site-packages\outdated\__init__.py:36: UserWarning: pkg_resources is deprecated as an API. See https://setuptools.pypa.io/en/latest/pkg_resources.html. The pkg_resources package is slated for removal as early as 2025-11-30. Refrain from using this package or pin to Setuptools<81.
  from pkg_resources import parse_version
Round    1/30  coverage=0.4000  prec@K=0.0003  accepted=5  auc=0.3564  uauc=0.4444  loss=0.6562  (15.9s)
Round    2/30  coverage=0.4000  prec@K=0.0006  accepted=9  auc=0.2073  uauc=0.5312  loss=0.6539  (9.8s)
Round    3/30  coverage=0.4000  prec@K=0.0006  accepted=9  auc=0.3735  uauc=0.6866  loss=0.6515  (10.2s)
Round    4/30  coverage=0.4001  prec@K=0.0003  accepted=5  auc=0.2440  uauc=0.7333  loss=0.6492  (12.0s)
Round    5/30  coverage=0.4001  prec@K=0.0004  accepted=6  auc=0.2685  uauc=0.8750  loss=0.6473  (12.8s)
Round    6/30  coverage=0.4001  prec@K=0.0006  accepted=9  auc=0.2547  uauc=0.7531  loss=0.6448  (14.4s)
Round    7/30  coverage=0.4001  prec@K=0.0004  accepted=6  auc=0.3492  uauc=0.8056  loss=0.6429  (19.0s)
Round    8/30  coverage=0.4001  prec@K=0.0004  accepted=6  auc=0.4059  uauc=0.8188  loss=0.6407  (18.4s)
Round    9/30  coverage=0.4001  prec@K=0.0005  accepted=7  auc=0.2092  uauc=0.3825  loss=0.6387  (21.7s)
Round   10/30  coverage=0.4001  prec@K=0.0004  accepted=6  auc=0.1906  uauc=0.6406  loss=0.6371  (22.7s)
Round   11/30  coverage=0.4001  prec@K=0.0005  accepted=8  auc=0.1026  uauc=0.4415  loss=0.6350  (30.5s)
Round   12/30  coverage=0.4002  prec@K=0.0007  accepted=10  auc=0.0219  uauc=0.5741  loss=0.6332  (28.1s)
Round   13/30  coverage=0.4002  prec@K=0.0004  accepted=6  auc=0.0371  uauc=0.7500  loss=0.6308  (28.9s)
Round   14/30  coverage=0.4002  prec@K=0.0003  accepted=4  auc=0.0434  uauc=0.5000  loss=0.6293  (31.9s)
Round   15/30  coverage=0.4002  prec@K=0.0005  accepted=7  auc=0.0263  uauc=0.7604  loss=0.6269  (34.2s)
Round   16/30  coverage=0.4002  prec@K=0.0004  accepted=6  auc=0.1029  uauc=0.5778  loss=0.6250  (36.3s)
Round   17/30  coverage=0.4002  prec@K=0.0003  accepted=5  auc=0.0454  uauc=0.7222  loss=0.6230  (37.3s)
Round   18/30  coverage=0.4002  prec@K=0.0003  accepted=4  auc=0.0589  uauc=0.6806  loss=0.6217  (41.7s)
Round   19/30  coverage=0.4002  prec@K=0.0002  accepted=3  auc=0.0248  uauc=0.6296  loss=0.6193  (44.3s)
Round   20/30  coverage=0.4002  prec@K=0.0001  accepted=2  auc=0.0373  uauc=0.5278  loss=0.6171  (44.9s)
Round   21/30  coverage=0.4002  prec@K=0.0003  accepted=4  auc=0.0605  uauc=0.6528  loss=0.6160  (54.6s)
Round   22/30  coverage=0.4002  prec@K=0.0002  accepted=3  auc=0.1140  uauc=0.8333  loss=0.6142  (50.1s)
Round   23/30  coverage=0.4002  prec@K=0.0002  accepted=3  auc=0.0945  uauc=0.5000  loss=0.6127  (52.0s)
Round   24/30  coverage=0.4002  prec@K=0.0001  accepted=2  auc=0.1074  uauc=0.5000  loss=0.6114  (54.3s)
Round   25/30  coverage=0.4003  prec@K=0.0004  accepted=6  auc=0.0682  uauc=0.8148  loss=0.6099  (54.5s)
Round   26/30  coverage=0.4003  prec@K=0.0003  accepted=4  auc=0.2716  uauc=0.5347  loss=0.6088  (56.9s)
Round   27/30  coverage=0.4003  prec@K=0.0001  accepted=2  auc=0.1279  uauc=0.7778  loss=0.6070  (60.5s)
Round   28/30  coverage=0.4003  prec@K=0.0002  accepted=3  auc=0.0876  uauc=0.7778  loss=0.6062  (62.6s)
Round   29/30  coverage=0.4003  prec@K=0.0001  accepted=1  auc=0.0166  uauc=0.8889  loss=0.6045  (65.5s)
Round   30/30  coverage=0.4003  prec@K=0.0003  accepted=5  auc=0.0309  uauc=0.6889  loss=0.6033  (66.3s)

结果已写入 results\orchestrator\runs\ir40_constlr5e5_multiseed\sx_askubuntu\gnn_concat_s2/rounds.csv
