C:\conda\envs\gnn\lib\site-packages\requests\__init__.py:86: RequestsDependencyWarning: Unable to find acceptable character detection dependency (chardet or charset_normalizer).
  warnings.warn(
C:\conda\envs\gnn\lib\site-packages\outdated\__init__.py:36: UserWarning: pkg_resources is deprecated as an API. See https://setuptools.pypa.io/en/latest/pkg_resources.html. The pkg_resources package is slated for removal as early as 2025-11-30. Refrain from using this package or pin to Setuptools<81.
  from pkg_resources import parse_version
Round    1/30  coverage=0.4000  prec@K=0.0005  accepted=8  auc=0.9898  uauc=0.9062  loss=nan  (16.3s)
Round    2/30  coverage=0.4000  prec@K=0.0009  accepted=14  auc=0.9870  uauc=0.7170  loss=nan  (13.8s)
Round    3/30  coverage=0.4001  prec@K=0.0010  accepted=15  auc=0.9766  uauc=0.6608  loss=nan  (17.2s)
Round    4/30  coverage=0.4001  prec@K=0.0006  accepted=9  auc=0.9864  uauc=0.7778  loss=nan  (21.2s)
Round    5/30  coverage=0.4001  prec@K=0.0009  accepted=13  auc=0.9782  uauc=0.7562  loss=nan  (23.4s)
Round    6/30  coverage=0.4001  prec@K=0.0011  accepted=16  auc=0.9790  uauc=0.6840  loss=nan  (25.6s)
Round    7/30  coverage=0.4002  prec@K=0.0009  accepted=13  auc=0.9671  uauc=0.7321  loss=nan  (28.8s)
Round    8/30  coverage=0.4002  prec@K=0.0007  accepted=10  auc=0.9600  uauc=0.7198  loss=nan  (30.9s)
Round    9/30  coverage=0.4002  prec@K=0.0006  accepted=9  auc=0.9691  uauc=0.6780  loss=nan  (34.1s)
Round   10/30  coverage=0.4002  prec@K=0.0009  accepted=13  auc=0.9705  uauc=0.7208  loss=nan  (36.6s)
Round   11/30  coverage=0.4002  prec@K=0.0007  accepted=11  auc=0.9720  uauc=0.6278  loss=nan  (45.9s)
Round   12/30  coverage=0.4003  prec@K=0.0006  accepted=9  auc=0.9926  uauc=0.7049  loss=nan  (42.5s)
Round   13/30  coverage=0.4003  prec@K=0.0010  accepted=15  auc=0.9661  uauc=0.4855  loss=nan  (44.6s)
Round   14/30  coverage=0.4003  prec@K=0.0005  accepted=7  auc=0.9869  uauc=0.7407  loss=nan  (48.3s)
Round   15/30  coverage=0.4003  prec@K=0.0012  accepted=18  auc=0.9630  uauc=0.6087  loss=nan  (51.1s)
Round   16/30  coverage=0.4004  prec@K=0.0014  accepted=20  auc=0.9726  uauc=0.7443  loss=nan  (52.3s)
Round   17/30  coverage=0.4004  prec@K=0.0012  accepted=17  auc=0.9754  uauc=0.7639  loss=nan  (55.4s)
Round   18/30  coverage=0.4004  prec@K=0.0009  accepted=14  auc=0.9789  uauc=0.6499  loss=nan  (58.5s)
Round   19/30  coverage=0.4005  prec@K=0.0010  accepted=15  auc=0.9771  uauc=0.6306  loss=nan  (61.0s)
Round   20/30  coverage=0.4005  prec@K=0.0012  accepted=18  auc=0.9679  uauc=0.6806  loss=nan  (62.1s)
Round   21/30  coverage=0.4005  prec@K=0.0005  accepted=8  auc=0.9852  uauc=0.7877  loss=nan  (73.9s)
Round   22/30  coverage=0.4005  prec@K=0.0010  accepted=15  auc=0.9771  uauc=0.5271  loss=nan  (69.3s)
Round   23/30  coverage=0.4005  prec@K=0.0008  accepted=12  auc=0.9807  uauc=0.7159  loss=nan  (71.7s)
Round   24/30  coverage=0.4006  prec@K=0.0003  accepted=5  auc=0.9905  uauc=0.7000  loss=nan  (74.5s)
Round   25/30  coverage=0.4006  prec@K=0.0011  accepted=16  auc=0.9688  uauc=0.7336  loss=nan  (73.5s)
Round   26/30  coverage=0.4006  prec@K=0.0006  accepted=9  auc=0.9510  uauc=0.6111  loss=nan  (77.5s)
Round   27/30  coverage=0.4006  prec@K=0.0009  accepted=13  auc=0.9690  uauc=0.6273  loss=nan  (82.0s)
Round   28/30  coverage=0.4006  prec@K=0.0007  accepted=11  auc=0.9700  uauc=0.6350  loss=nan  (84.9s)
Round   29/30  coverage=0.4007  prec@K=0.0010  accepted=15  auc=0.9835  uauc=0.7089  loss=nan  (87.9s)
Round   30/30  coverage=0.4007  prec@K=0.0016  accepted=24  auc=0.9885  uauc=0.7413  loss=nan  (89.1s)

结果已写入 results\orchestrator\runs\ir40_constlr5e5_multiseed\sx_askubuntu\aa_s2/rounds.csv
