C:\conda\envs\gnn\lib\site-packages\requests\__init__.py:86: RequestsDependencyWarning: Unable to find acceptable character detection dependency (chardet or charset_normalizer).
  warnings.warn(
C:\conda\envs\gnn\lib\site-packages\outdated\__init__.py:36: UserWarning: pkg_resources is deprecated as an API. See https://setuptools.pypa.io/en/latest/pkg_resources.html. The pkg_resources package is slated for removal as early as 2025-11-30. Refrain from using this package or pin to Setuptools<81.
  from pkg_resources import parse_version
Round    1/30  coverage=0.4000  prec@K=0.0001  accepted=1  auc=0.0455  uauc=0.5000  loss=0.5218  (17.2s)
Round    2/30  coverage=0.4000  prec@K=0.0001  accepted=2  auc=0.1509  uauc=0.6250  loss=0.5215  (10.7s)
Round    3/30  coverage=0.4000  prec@K=0.0003  accepted=4  auc=0.2364  uauc=0.6111  loss=0.5217  (11.0s)
Round    4/30  coverage=0.4000  prec@K=0.0001  accepted=1  auc=0.2568  uauc=0.5000  loss=0.5208  (12.2s)
Round    5/30  coverage=0.4000  prec@K=0.0002  accepted=3  auc=0.1268  uauc=0.5000  loss=0.5206  (12.9s)
Round    6/30  coverage=0.4000  prec@K=0.0001  accepted=2  auc=0.2466  uauc=0.5000  loss=0.5202  (15.9s)
Round    7/30  coverage=0.4000  prec@K=0.0001  accepted=2  auc=0.2377  uauc=0.2500  loss=0.5200  (19.5s)
Round    8/30  coverage=0.4000  prec@K=0.0002  accepted=3  auc=0.0849  uauc=0.3095  loss=0.5197  (21.1s)
Round    9/30  coverage=0.4000  prec@K=0.0003  accepted=5  auc=0.0898  uauc=0.4800  loss=0.5198  (22.2s)
Round   10/30  coverage=0.4000  prec@K=0.0001  accepted=1  auc=0.0106  uauc=0.5000  loss=0.5186  (24.6s)
Round   11/30  coverage=0.4000  prec@K=0.0001  accepted=2  auc=0.1686  uauc=0.5000  loss=0.5187  (32.3s)
Round   12/30  coverage=0.4001  prec@K=0.0003  accepted=4  auc=0.2522  uauc=0.5417  loss=0.5184  (28.1s)
Round   13/30  coverage=0.4001  prec@K=0.0003  accepted=5  auc=0.1511  uauc=0.4000  loss=0.5182  (29.8s)
Round   14/30  coverage=0.4001  prec@K=0.0002  accepted=3  auc=0.0588  uauc=0.2500  loss=0.5172  (31.2s)
Round   15/30  coverage=0.4001  prec@K=0.0002  accepted=3  auc=0.2748  uauc=0.5312  loss=0.5174  (32.8s)
Round   16/30  coverage=0.4001  prec@K=0.0003  accepted=4  auc=0.1222  uauc=0.2778  loss=0.5171  (35.2s)
Round   17/30  coverage=0.4001  prec@K=0.0003  accepted=4  auc=0.1587  uauc=0.6528  loss=0.5167  (35.7s)
Round   18/30  coverage=0.4001  prec@K=0.0001  accepted=1  auc=0.1441  uauc=0.9444  loss=0.5157  (39.8s)
Round   19/30  coverage=0.4001  prec@K=0.0001  accepted=2  auc=0.1418  uauc=0.6667  loss=0.5158  (41.7s)
Round   20/30  coverage=0.4001  prec@K=0.0001  accepted=1  auc=0.2396  uauc=0.0556  loss=0.5147  (44.5s)
Round   21/30  coverage=0.4001  prec@K=0.0002  accepted=3  auc=0.1981  uauc=0.6481  loss=0.5153  (54.3s)
Round   22/30  coverage=0.4001  prec@K=0.0000  accepted=0  loss=0.5144  (48.2s)
Round   23/30  coverage=0.4001  prec@K=0.0002  accepted=3  auc=0.0360  uauc=0.5000  loss=0.5139  (50.4s)
Round   24/30  coverage=0.4001  prec@K=0.0001  accepted=2  auc=0.2667  uauc=0.5000  loss=0.5144  (55.2s)
Round   25/30  coverage=0.4001  prec@K=0.0001  accepted=1  auc=0.2773  uauc=0.8333  loss=0.5136  (54.1s)
Round   26/30  coverage=0.4001  prec@K=0.0002  accepted=3  auc=0.1628  uauc=0.4167  loss=0.5128  (57.8s)
Round   27/30  coverage=0.4001  prec@K=0.0003  accepted=4  auc=0.1727  uauc=0.5694  loss=0.5128  (60.0s)
Round   28/30  coverage=0.4001  prec@K=0.0001  accepted=2  auc=0.1502  uauc=0.5556  loss=0.5121  (63.1s)
Round   29/30  coverage=0.4001  prec@K=0.0001  accepted=1  auc=0.2777  uauc=0.5000  loss=0.5118  (66.3s)
Round   30/30  coverage=0.4001  prec@K=0.0003  accepted=5  auc=0.2012  uauc=0.5222  loss=0.5118  (66.6s)

结果已写入 results\orchestrator\runs\ir40_constlr5e5_multiseed\sx_askubuntu\gnn_sum_h8_s2/rounds.csv
