C:\conda\envs\gnn\lib\site-packages\requests\__init__.py:86: RequestsDependencyWarning: Unable to find acceptable character detection dependency (chardet or charset_normalizer).
  warnings.warn(
C:\conda\envs\gnn\lib\site-packages\outdated\__init__.py:36: UserWarning: pkg_resources is deprecated as an API. See https://setuptools.pypa.io/en/latest/pkg_resources.html. The pkg_resources package is slated for removal as early as 2025-11-30. Refrain from using this package or pin to Setuptools<81.
  from pkg_resources import parse_version
Round    1/30  coverage=0.4000  prec@K=0.0001  accepted=2  auc=0.6220  uauc=0.6111  loss=0.6789  (26.7s)
Round    2/30  coverage=0.4000  prec@K=0.0003  accepted=5  auc=0.6615  uauc=0.7361  loss=0.6788  (21.2s)
Round    3/30  coverage=0.4000  prec@K=0.0005  accepted=8  auc=0.4029  uauc=0.5486  loss=0.6787  (25.7s)
Round    4/30  coverage=0.4000  prec@K=0.0002  accepted=3  auc=0.3385  uauc=0.6667  loss=0.6783  (32.1s)
Round    5/30  coverage=0.4000  prec@K=0.0003  accepted=4  auc=0.5703  uauc=0.5556  loss=0.6780  (35.9s)
Round    6/30  coverage=0.4001  prec@K=0.0005  accepted=7  auc=0.6702  uauc=0.5556  loss=0.6781  (37.6s)
Round    7/30  coverage=0.4001  prec@K=0.0003  accepted=4  auc=0.0469  uauc=0.5000  loss=0.6779  (41.0s)
Round    8/30  coverage=0.4001  prec@K=0.0005  accepted=8  auc=0.3099  uauc=0.5260  loss=0.6777  (43.6s)
Round    9/30  coverage=0.4001  prec@K=0.0002  accepted=3  auc=0.2232  uauc=0.4667  loss=0.6776  (47.0s)
Round   10/30  coverage=0.4001  prec@K=0.0008  accepted=11  auc=0.4862  uauc=0.7980  loss=0.6774  (48.8s)
Round   11/30  coverage=0.4001  prec@K=0.0002  accepted=3  auc=0.0323  uauc=0.7222  loss=0.6772  (60.5s)
Round   12/30  coverage=0.4001  prec@K=0.0002  accepted=3  auc=0.1715  uauc=0.5000  loss=0.6769  (55.1s)
Round   13/30  coverage=0.4001  prec@K=0.0005  accepted=7  auc=0.4324  uauc=0.5317  loss=0.6769  (58.1s)
Round   14/30  coverage=0.4001  prec@K=0.0004  accepted=6  auc=0.3326  uauc=0.6667  loss=0.6766  (61.1s)
Round   15/30  coverage=0.4001  prec@K=0.0005  accepted=8  auc=0.5240  uauc=0.7500  loss=0.6765  (63.5s)
Round   16/30  coverage=0.4002  prec@K=0.0007  accepted=11  auc=0.2935  uauc=0.5833  loss=0.6764  (65.4s)
Round   17/30  coverage=0.4002  prec@K=0.0003  accepted=4  auc=0.3288  uauc=0.7639  loss=0.6761  (68.0s)
Round   18/30  coverage=0.4002  prec@K=0.0003  accepted=4  auc=0.3005  uauc=0.9028  loss=0.6762  (72.5s)
Round   19/30  coverage=0.4002  prec@K=0.0001  accepted=2  auc=0.5178  uauc=0.9167  loss=0.6759  (75.6s)
Round   20/30  coverage=0.4002  prec@K=0.0003  accepted=4  auc=0.5418  uauc=0.5694  loss=0.6758  (76.4s)
Round   21/30  coverage=0.4002  prec@K=0.0003  accepted=4  auc=0.5557  uauc=0.7917  loss=0.6753  (89.7s)
Round   22/30  coverage=0.4002  prec@K=0.0003  accepted=4  auc=0.0297  uauc=0.8750  loss=0.6754  (85.2s)
Round   23/30  coverage=0.4002  prec@K=0.0003  accepted=5  auc=0.1306  uauc=0.7000  loss=0.6751  (87.4s)
Round   24/30  coverage=0.4002  prec@K=0.0001  accepted=2  auc=0.0425  uauc=0.5000  loss=0.6749  (88.8s)
Round   25/30  coverage=0.4002  prec@K=0.0003  accepted=4  auc=0.0956  uauc=0.7083  loss=0.6749  (90.4s)
Round   26/30  coverage=0.4002  prec@K=0.0002  accepted=3  auc=0.2361  uauc=0.5833  loss=0.6746  (96.5s)
Round   27/30  coverage=0.4002  prec@K=0.0003  accepted=5  auc=0.0509  uauc=0.6000  loss=0.6745  (100.4s)
Round   28/30  coverage=0.4003  prec@K=0.0003  accepted=4  auc=0.1824  uauc=0.7778  loss=0.6744  (102.2s)
Round   29/30  coverage=0.4003  prec@K=0.0002  accepted=3  auc=0.0343  uauc=0.7222  loss=0.6741  (106.8s)
Round   30/30  coverage=0.4003  prec@K=0.0002  accepted=3  auc=0.1006  uauc=0.7037  loss=0.6740  (106.9s)

结果已写入 results\orchestrator\runs\ir40_constlr5e5_multiseed\sx_askubuntu\seal_s2/rounds.csv
