C:\conda\envs\gnn\lib\site-packages\requests\__init__.py:86: RequestsDependencyWarning: Unable to find acceptable character detection dependency (chardet or charset_normalizer).
  warnings.warn(
C:\conda\envs\gnn\lib\site-packages\outdated\__init__.py:36: UserWarning: pkg_resources is deprecated as an API. See https://setuptools.pypa.io/en/latest/pkg_resources.html. The pkg_resources package is slated for removal as early as 2025-11-30. Refrain from using this package or pin to Setuptools<81.
  from pkg_resources import parse_version
Round    1/30  coverage=0.4000  prec@K=0.0005  accepted=8  auc=0.6090  uauc=0.5347  loss=0.6915  (15.9s)
Round    2/30  coverage=0.4000  prec@K=0.0010  accepted=15  auc=0.8614  uauc=0.7766  loss=0.6900  (10.2s)
Round    3/30  coverage=0.4001  prec@K=0.0005  accepted=8  auc=0.9278  uauc=0.8681  loss=0.6874  (10.3s)
Round    4/30  coverage=0.4001  prec@K=0.0003  accepted=5  auc=0.6790  uauc=0.8056  loss=0.6855  (11.6s)
Round    5/30  coverage=0.4001  prec@K=0.0003  accepted=4  auc=0.5794  uauc=0.4630  loss=0.6844  (13.2s)
Round    6/30  coverage=0.4001  prec@K=0.0005  accepted=8  auc=0.7872  uauc=0.7857  loss=0.6822  (15.0s)
Round    7/30  coverage=0.4001  prec@K=0.0003  accepted=5  auc=0.6964  uauc=0.6146  loss=0.6799  (18.2s)
Round    8/30  coverage=0.4001  prec@K=0.0006  accepted=9  auc=0.7446  uauc=0.8395  loss=0.6786  (19.0s)
Round    9/30  coverage=0.4001  prec@K=0.0003  accepted=4  auc=0.6751  uauc=0.5139  loss=0.6760  (20.4s)
Round   10/30  coverage=0.4001  prec@K=0.0009  accepted=13  auc=0.6892  uauc=0.8148  loss=0.6743  (23.2s)
Round   11/30  coverage=0.4002  prec@K=0.0007  accepted=11  auc=0.7128  uauc=0.7929  loss=0.6728  (31.8s)
Round   12/30  coverage=0.4002  prec@K=0.0006  accepted=9  auc=0.8194  uauc=0.8457  loss=0.6711  (27.7s)
Round   13/30  coverage=0.4002  prec@K=0.0004  accepted=6  auc=0.7608  uauc=0.7956  loss=0.6690  (29.7s)
Round   14/30  coverage=0.4002  prec@K=0.0006  accepted=9  auc=0.6462  uauc=0.8457  loss=0.6675  (30.6s)
Round   15/30  coverage=0.4002  prec@K=0.0009  accepted=13  auc=0.7233  uauc=0.8725  loss=0.6656  (32.6s)
Round   16/30  coverage=0.4003  prec@K=0.0007  accepted=10  auc=0.8364  uauc=0.9506  loss=0.6637  (35.5s)
Round   17/30  coverage=0.4003  prec@K=0.0006  accepted=9  auc=0.7056  uauc=0.8272  loss=0.6629  (38.2s)
Round   18/30  coverage=0.4003  prec@K=0.0006  accepted=9  auc=0.9201  uauc=0.9444  loss=0.6602  (40.2s)
Round   19/30  coverage=0.4003  prec@K=0.0010  accepted=15  auc=0.5479  uauc=0.7970  loss=0.6597  (41.1s)
Round   20/30  coverage=0.4003  prec@K=0.0013  accepted=19  auc=0.6999  uauc=0.9151  loss=0.6574  (43.2s)
Round   21/30  coverage=0.4004  prec@K=0.0006  accepted=9  auc=0.6797  uauc=0.9410  loss=0.6556  (52.6s)
Round   22/30  coverage=0.4004  prec@K=0.0007  accepted=10  auc=0.5751  uauc=0.9248  loss=0.6543  (48.6s)
Round   23/30  coverage=0.4004  prec@K=0.0002  accepted=3  auc=0.3533  uauc=0.8333  loss=0.6526  (51.6s)
Round   24/30  coverage=0.4004  prec@K=0.0013  accepted=19  auc=0.4555  uauc=0.8980  loss=0.6513  (54.4s)
Round   25/30  coverage=0.4004  prec@K=0.0003  accepted=4  auc=0.5103  uauc=0.7222  loss=0.6495  (57.6s)
Round   26/30  coverage=0.4004  prec@K=0.0004  accepted=6  auc=0.3871  uauc=0.8875  loss=0.6486  (59.8s)
Round   27/30  coverage=0.4005  prec@K=0.0008  accepted=12  auc=0.4045  uauc=0.7741  loss=0.6473  (59.9s)
Round   28/30  coverage=0.4005  prec@K=0.0007  accepted=10  auc=0.3154  uauc=0.9111  loss=0.6456  (62.2s)
Round   29/30  coverage=0.4005  prec@K=0.0007  accepted=10  auc=0.6742  uauc=0.9056  loss=0.6439  (63.8s)
Round   30/30  coverage=0.4005  prec@K=0.0007  accepted=11  auc=0.4568  uauc=0.8750  loss=0.6426  (67.0s)

结果已写入 results\orchestrator\runs\ir40_constlr5e5_multiseed\sx_askubuntu\gnn_sum_s42/rounds.csv
