=== sx_mathoverflow_jaccard_s42  started 2026-05-07T18:11:03 ===

C:\conda\envs\gnn\lib\site-packages\requests\__init__.py:86: RequestsDependencyWarning: Unable to find acceptable character detection dependency (chardet or charset_normalizer).
  warnings.warn(
C:\conda\envs\gnn\lib\site-packages\outdated\__init__.py:36: UserWarning: pkg_resources is deprecated as an API. See https://setuptools.pypa.io/en/latest/pkg_resources.html. The pkg_resources package is slated for removal as early as 2025-11-30. Refrain from using this package or pin to Setuptools<81.
  from pkg_resources import parse_version
Round    1/30  coverage=0.4000  prec@K=0.0038  accepted=9  auc=0.6569  uauc=0.5608  loss=nan  (2.6s)
Round    2/30  coverage=0.4001  prec@K=0.0017  accepted=4  auc=0.6317  uauc=0.2381  loss=nan  (0.3s)
Round    3/30  coverage=0.4001  prec@K=0.0046  accepted=11  auc=0.6267  uauc=0.5601  loss=nan  (0.3s)
Round    4/30  coverage=0.4001  prec@K=0.0021  accepted=5  auc=0.6604  uauc=0.9010  loss=nan  (0.3s)
Round    5/30  coverage=0.4002  prec@K=0.0072  accepted=17  auc=0.6105  uauc=0.5768  loss=nan  (0.3s)
Round    6/30  coverage=0.4002  prec@K=0.0021  accepted=5  auc=0.7396  uauc=0.7556  loss=nan  (0.3s)
Round    7/30  coverage=0.4002  prec@K=0.0021  accepted=5  auc=0.6908  uauc=0.6250  loss=nan  (0.3s)
Round    8/30  coverage=0.4003  prec@K=0.0059  accepted=14  auc=0.7057  uauc=0.6444  loss=nan  (0.4s)
Round    9/30  coverage=0.4003  prec@K=0.0033  accepted=8  auc=0.7499  uauc=0.7718  loss=nan  (0.4s)
Round   10/30  coverage=0.4004  prec@K=0.0067  accepted=16  auc=0.6880  uauc=0.5469  loss=nan  (0.4s)
Round   11/30  coverage=0.4005  prec@K=0.0038  accepted=9  auc=0.6801  uauc=0.7873  loss=nan  (2.6s)
Round   12/30  coverage=0.4005  prec@K=0.0025  accepted=6  auc=0.6165  uauc=0.4841  loss=nan  (0.4s)
Round   13/30  coverage=0.4005  prec@K=0.0038  accepted=9  auc=0.7329  uauc=0.4491  loss=nan  (0.4s)
Round   14/30  coverage=0.4006  prec@K=0.0042  accepted=10  auc=0.6214  uauc=0.5996  loss=nan  (0.4s)
Round   15/30  coverage=0.4006  prec@K=0.0017  accepted=4  auc=0.7081  uauc=0.6667  loss=nan  (0.5s)
Round   16/30  coverage=0.4006  prec@K=0.0049  accepted=12  auc=0.6629  uauc=0.7251  loss=nan  (0.5s)
Round   17/30  coverage=0.4006  prec@K=0.0008  accepted=2  auc=0.7436  uauc=0.7222  loss=nan  (0.5s)
Round   18/30  coverage=0.4007  prec@K=0.0013  accepted=3  auc=0.6859  uauc=0.9375  loss=nan  (0.6s)
Round   19/30  coverage=0.4007  prec@K=0.0021  accepted=5  auc=0.6921  uauc=0.5079  loss=nan  (0.6s)
Round   20/30  coverage=0.4007  prec@K=0.0038  accepted=9  auc=0.7077  uauc=0.5840  loss=nan  (0.6s)
Round   21/30  coverage=0.4007  prec@K=0.0017  accepted=4  auc=0.6739  uauc=0.7060  loss=nan  (2.8s)
Round   22/30  coverage=0.4008  prec@K=0.0033  accepted=8  auc=0.6673  uauc=0.7882  loss=nan  (0.6s)
Round   23/30  coverage=0.4008  prec@K=0.0038  accepted=9  auc=0.6649  uauc=0.6944  loss=nan  (0.6s)
Round   24/30  coverage=0.4008  prec@K=0.0013  accepted=3  auc=0.6529  uauc=0.4815  loss=nan  (0.7s)
Round   25/30  coverage=0.4008  prec@K=0.0021  accepted=5  auc=0.6840  uauc=0.6889  loss=nan  (0.6s)
Round   26/30  coverage=0.4009  prec@K=0.0025  accepted=6  auc=0.6784  uauc=0.3854  loss=nan  (0.7s)
Round   27/30  coverage=0.4009  prec@K=0.0045  accepted=11  auc=0.6681  uauc=0.5419  loss=nan  (0.7s)
Round   28/30  coverage=0.4010  prec@K=0.0058  accepted=14  auc=0.7102  uauc=0.5864  loss=nan  (0.7s)
Round   29/30  coverage=0.4010  prec@K=0.0058  accepted=14  auc=0.7196  uauc=0.6890  loss=nan  (0.8s)
Round   30/30  coverage=0.4011  prec@K=0.0037  accepted=9  auc=0.6139  uauc=0.5880  loss=nan  (0.7s)

结果已写入 results\orchestrator\runs\ir40_constlr5e5_multiseed\sx_mathoverflow\jaccard_s42/rounds.csv
