=== sx_mathoverflow_gnn_sum_s42  started 2026-05-07T18:05:41 ===

C:\conda\envs\gnn\lib\site-packages\requests\__init__.py:86: RequestsDependencyWarning: Unable to find acceptable character detection dependency (chardet or charset_normalizer).
  warnings.warn(
C:\conda\envs\gnn\lib\site-packages\outdated\__init__.py:36: UserWarning: pkg_resources is deprecated as an API. See https://setuptools.pypa.io/en/latest/pkg_resources.html. The pkg_resources package is slated for removal as early as 2025-11-30. Refrain from using this package or pin to Setuptools<81.
  from pkg_resources import parse_version
Round    1/30  coverage=0.4001  prec@K=0.0055  accepted=13  auc=0.6779  uauc=0.6508  loss=0.6954  (5.3s)
Round    2/30  coverage=0.4001  prec@K=0.0055  accepted=13  auc=0.7699  uauc=0.6817  loss=0.6927  (2.3s)
Round    3/30  coverage=0.4002  prec@K=0.0062  accepted=15  auc=0.8221  uauc=0.8088  loss=0.6922  (2.7s)
Round    4/30  coverage=0.4002  prec@K=0.0050  accepted=12  auc=0.8195  uauc=0.7184  loss=0.6878  (2.6s)
Round    5/30  coverage=0.4003  prec@K=0.0114  accepted=27  auc=0.6582  uauc=0.6753  loss=0.6867  (2.6s)
Round    6/30  coverage=0.4004  prec@K=0.0042  accepted=10  auc=0.5233  uauc=0.6867  loss=0.6842  (2.5s)
Round    7/30  coverage=0.4005  prec@K=0.0076  accepted=18  auc=0.6202  uauc=0.6157  loss=0.6813  (2.7s)
Round    8/30  coverage=0.4006  prec@K=0.0081  accepted=19  auc=0.6447  uauc=0.8526  loss=0.6805  (2.5s)
Round    9/30  coverage=0.4006  prec@K=0.0038  accepted=9  auc=0.5224  uauc=0.5988  loss=0.6774  (2.7s)
Round   10/30  coverage=0.4007  prec@K=0.0067  accepted=16  auc=0.6337  uauc=0.7722  loss=0.6778  (2.6s)
Round   11/30  coverage=0.4007  prec@K=0.0046  accepted=11  auc=0.5763  uauc=0.6605  loss=0.6753  (4.7s)
Round   12/30  coverage=0.4008  prec@K=0.0075  accepted=18  auc=0.5176  uauc=0.8003  loss=0.6724  (2.7s)
Round   13/30  coverage=0.4008  prec@K=0.0054  accepted=13  auc=0.6587  uauc=0.7588  loss=0.6700  (2.7s)
Round   14/30  coverage=0.4009  prec@K=0.0042  accepted=10  auc=0.6402  uauc=0.8222  loss=0.6681  (2.7s)
Round   15/30  coverage=0.4010  prec@K=0.0067  accepted=16  auc=0.3545  uauc=0.6479  loss=0.6665  (2.8s)
Round   16/30  coverage=0.4010  prec@K=0.0041  accepted=10  auc=0.6374  uauc=0.8881  loss=0.6650  (2.7s)
Round   17/30  coverage=0.4011  prec@K=0.0042  accepted=10  auc=0.4473  uauc=0.7701  loss=0.6634  (2.3s)
Round   18/30  coverage=0.4011  prec@K=0.0034  accepted=8  auc=0.3847  uauc=0.8294  loss=0.6609  (2.6s)
Round   19/30  coverage=0.4011  prec@K=0.0042  accepted=10  auc=0.4415  uauc=0.8251  loss=0.6581  (2.9s)
Round   20/30  coverage=0.4012  prec@K=0.0042  accepted=10  auc=0.5134  uauc=0.8090  loss=0.6565  (2.8s)
Round   21/30  coverage=0.4012  prec@K=0.0038  accepted=9  auc=0.3311  uauc=0.8889  loss=0.6546  (4.9s)
Round   22/30  coverage=0.4013  prec@K=0.0067  accepted=16  auc=0.3143  uauc=0.7238  loss=0.6535  (3.0s)
Round   23/30  coverage=0.4014  prec@K=0.0071  accepted=17  auc=0.2613  uauc=0.8134  loss=0.6510  (3.2s)
Round   24/30  coverage=0.4014  prec@K=0.0029  accepted=7  auc=0.3354  uauc=0.7500  loss=0.6506  (2.9s)
Round   25/30  coverage=0.4014  prec@K=0.0042  accepted=10  auc=0.4095  uauc=0.8458  loss=0.6479  (2.9s)
Round   26/30  coverage=0.4015  prec@K=0.0046  accepted=11  auc=0.3128  uauc=0.7843  loss=0.6454  (2.8s)
Round   27/30  coverage=0.4015  prec@K=0.0045  accepted=11  auc=0.2970  uauc=0.7347  loss=0.6455  (2.7s)
Round   28/30  coverage=0.4016  prec@K=0.0066  accepted=16  auc=0.3725  uauc=0.9222  loss=0.6446  (2.9s)
Round   29/30  coverage=0.4016  prec@K=0.0025  accepted=6  auc=0.5596  uauc=0.9722  loss=0.6414  (2.9s)
Round   30/30  coverage=0.4017  prec@K=0.0054  accepted=13  auc=0.2498  uauc=0.8627  loss=0.6428  (2.9s)

结果已写入 results\orchestrator\runs\ir40_constlr5e5_multiseed\sx_mathoverflow\gnn_sum_s42/rounds.csv
