=== sx_mathoverflow_jaccard_s2  started 2026-05-07T18:10:41 ===

C:\conda\envs\gnn\lib\site-packages\requests\__init__.py:86: RequestsDependencyWarning: Unable to find acceptable character detection dependency (chardet or charset_normalizer).
  warnings.warn(
C:\conda\envs\gnn\lib\site-packages\outdated\__init__.py:36: UserWarning: pkg_resources is deprecated as an API. See https://setuptools.pypa.io/en/latest/pkg_resources.html. The pkg_resources package is slated for removal as early as 2025-11-30. Refrain from using this package or pin to Setuptools<81.
  from pkg_resources import parse_version
Round    1/30  coverage=0.4001  prec@K=0.0067  accepted=16  auc=0.6979  uauc=0.7360  loss=nan  (2.6s)
Round    2/30  coverage=0.4001  prec@K=0.0063  accepted=15  auc=0.6637  uauc=0.4953  loss=nan  (0.3s)
Round    3/30  coverage=0.4001  prec@K=0.0008  accepted=2  auc=0.7222  uauc=0.7500  loss=nan  (0.3s)
Round    4/30  coverage=0.4002  prec@K=0.0025  accepted=6  auc=0.6971  uauc=0.5741  loss=nan  (0.3s)
Round    5/30  coverage=0.4002  prec@K=0.0050  accepted=12  auc=0.6747  uauc=0.6626  loss=nan  (0.3s)
Round    6/30  coverage=0.4003  prec@K=0.0029  accepted=7  auc=0.6735  uauc=0.6567  loss=nan  (0.3s)
Round    7/30  coverage=0.4003  prec@K=0.0038  accepted=9  auc=0.7002  uauc=0.5174  loss=nan  (0.3s)
Round    8/30  coverage=0.4003  prec@K=0.0042  accepted=10  auc=0.6749  uauc=0.5455  loss=nan  (0.4s)
Round    9/30  coverage=0.4004  prec@K=0.0094  accepted=22  auc=0.6788  uauc=0.7199  loss=nan  (0.4s)
Round   10/30  coverage=0.4005  prec@K=0.0042  accepted=10  auc=0.7150  uauc=0.7231  loss=nan  (0.4s)
Round   11/30  coverage=0.4005  prec@K=0.0026  accepted=6  auc=0.7361  uauc=0.8839  loss=nan  (2.6s)
Round   12/30  coverage=0.4006  prec@K=0.0063  accepted=15  auc=0.6772  uauc=0.5908  loss=nan  (0.4s)
Round   13/30  coverage=0.4006  prec@K=0.0021  accepted=5  auc=0.7597  uauc=1.0000  loss=nan  (0.4s)
Round   14/30  coverage=0.4006  prec@K=0.0033  accepted=8  auc=0.7147  uauc=0.6200  loss=nan  (0.5s)
Round   15/30  coverage=0.4007  prec@K=0.0038  accepted=9  auc=0.6794  uauc=0.6576  loss=nan  (0.4s)
Round   16/30  coverage=0.4007  prec@K=0.0030  accepted=7  auc=0.6537  uauc=0.4825  loss=nan  (0.4s)
Round   17/30  coverage=0.4007  prec@K=0.0029  accepted=7  auc=0.6270  uauc=0.5903  loss=nan  (0.4s)
Round   18/30  coverage=0.4008  prec@K=0.0025  accepted=6  auc=0.6932  uauc=0.6587  loss=nan  (0.5s)
Round   19/30  coverage=0.4008  prec@K=0.0038  accepted=9  auc=0.6754  uauc=0.5266  loss=nan  (0.5s)
Round   20/30  coverage=0.4008  prec@K=0.0049  accepted=12  auc=0.7093  uauc=0.8028  loss=nan  (0.6s)
Round   21/30  coverage=0.4009  prec@K=0.0037  accepted=9  auc=0.6903  uauc=0.5126  loss=nan  (2.8s)
Round   22/30  coverage=0.4009  prec@K=0.0050  accepted=12  auc=0.6361  uauc=0.6005  loss=nan  (0.6s)
Round   23/30  coverage=0.4010  prec@K=0.0045  accepted=11  auc=0.6373  uauc=0.7007  loss=nan  (0.6s)
Round   24/30  coverage=0.4010  prec@K=0.0042  accepted=10  auc=0.6764  uauc=0.7156  loss=nan  (0.6s)
Round   25/30  coverage=0.4011  prec@K=0.0050  accepted=12  auc=0.7015  uauc=0.4812  loss=nan  (0.6s)
Round   26/30  coverage=0.4011  prec@K=0.0034  accepted=8  auc=0.6637  uauc=0.7937  loss=nan  (0.6s)
Round   27/30  coverage=0.4011  prec@K=0.0029  accepted=7  auc=0.7009  uauc=0.4670  loss=nan  (0.7s)
Round   28/30  coverage=0.4012  prec@K=0.0054  accepted=13  auc=0.6626  uauc=0.4761  loss=nan  (0.6s)
Round   29/30  coverage=0.4012  prec@K=0.0042  accepted=10  auc=0.6540  uauc=0.5959  loss=nan  (0.7s)
Round   30/30  coverage=0.4013  prec@K=0.0017  accepted=4  auc=0.6693  uauc=0.4745  loss=nan  (0.7s)

结果已写入 results\orchestrator\runs\ir40_constlr5e5_multiseed\sx_mathoverflow\jaccard_s2/rounds.csv
