=== sx_mathoverflow_gnn_s42  started 2026-05-07T17:58:34 ===

C:\conda\envs\gnn\lib\site-packages\requests\__init__.py:86: RequestsDependencyWarning: Unable to find acceptable character detection dependency (chardet or charset_normalizer).
  warnings.warn(
C:\conda\envs\gnn\lib\site-packages\outdated\__init__.py:36: UserWarning: pkg_resources is deprecated as an API. See https://setuptools.pypa.io/en/latest/pkg_resources.html. The pkg_resources package is slated for removal as early as 2025-11-30. Refrain from using this package or pin to Setuptools<81.
  from pkg_resources import parse_version
Round    1/30  coverage=0.4001  prec@K=0.0055  accepted=13  auc=0.9038  uauc=0.6208  loss=0.7617  (5.1s)
Round    2/30  coverage=0.4001  prec@K=0.0059  accepted=14  auc=0.9460  uauc=0.5100  loss=0.7619  (2.1s)
Round    3/30  coverage=0.4002  prec@K=0.0054  accepted=13  auc=0.8844  uauc=0.7163  loss=0.7622  (2.6s)
Round    4/30  coverage=0.4002  prec@K=0.0050  accepted=12  auc=0.9063  uauc=0.7387  loss=0.7621  (2.4s)
Round    5/30  coverage=0.4003  prec@K=0.0093  accepted=22  auc=0.8589  uauc=0.7191  loss=0.7609  (2.5s)
Round    6/30  coverage=0.4004  prec@K=0.0071  accepted=17  auc=0.9283  uauc=0.6252  loss=0.7601  (2.3s)
Round    7/30  coverage=0.4005  prec@K=0.0076  accepted=18  auc=0.9185  uauc=0.7895  loss=0.7607  (2.5s)
Round    8/30  coverage=0.4005  prec@K=0.0059  accepted=14  auc=0.9035  uauc=0.6476  loss=0.7613  (2.4s)
Round    9/30  coverage=0.4006  prec@K=0.0071  accepted=17  auc=0.9361  uauc=0.7396  loss=0.7604  (2.6s)
Round   10/30  coverage=0.4007  prec@K=0.0072  accepted=17  auc=0.8924  uauc=0.5770  loss=0.7606  (2.4s)
Round   11/30  coverage=0.4007  prec@K=0.0038  accepted=9  auc=0.9120  uauc=0.6379  loss=0.7618  (4.5s)
Round   12/30  coverage=0.4008  prec@K=0.0042  accepted=10  auc=0.9149  uauc=0.9093  loss=0.7618  (2.7s)
Round   13/30  coverage=0.4008  prec@K=0.0025  accepted=6  auc=0.8988  uauc=0.5833  loss=0.7623  (2.6s)
Round   14/30  coverage=0.4008  prec@K=0.0042  accepted=10  auc=0.8860  uauc=0.7330  loss=0.7618  (2.7s)
Round   15/30  coverage=0.4009  prec@K=0.0059  accepted=14  auc=0.8994  uauc=0.7381  loss=0.7608  (2.7s)
Round   16/30  coverage=0.4010  prec@K=0.0045  accepted=11  auc=0.9230  uauc=0.5988  loss=0.7611  (2.5s)
Round   17/30  coverage=0.4010  prec@K=0.0046  accepted=11  auc=0.9277  uauc=0.6667  loss=0.7603  (2.2s)
Round   18/30  coverage=0.4010  prec@K=0.0034  accepted=8  auc=0.9475  uauc=0.8611  loss=0.7612  (2.4s)
Round   19/30  coverage=0.4011  prec@K=0.0055  accepted=13  auc=0.8894  uauc=0.6543  loss=0.7606  (2.6s)
Round   20/30  coverage=0.4011  prec@K=0.0029  accepted=7  auc=0.9437  uauc=0.6190  loss=0.7614  (2.6s)
Round   21/30  coverage=0.4012  prec@K=0.0038  accepted=9  auc=0.9601  uauc=0.6279  loss=0.7609  (4.7s)
Round   22/30  coverage=0.4012  prec@K=0.0033  accepted=8  auc=0.9038  uauc=0.6111  loss=0.7613  (2.8s)
Round   23/30  coverage=0.4013  prec@K=0.0101  accepted=24  auc=0.8909  uauc=0.7126  loss=0.7593  (3.1s)
Round   24/30  coverage=0.4013  prec@K=0.0029  accepted=7  auc=0.8642  uauc=0.3854  loss=0.7609  (2.9s)
Round   25/30  coverage=0.4014  prec@K=0.0067  accepted=16  auc=0.9152  uauc=0.6691  loss=0.7598  (2.9s)
Round   26/30  coverage=0.4014  prec@K=0.0025  accepted=6  auc=0.7996  uauc=0.7958  loss=0.7613  (2.8s)
Round   27/30  coverage=0.4015  prec@K=0.0045  accepted=11  auc=0.9248  uauc=0.6465  loss=0.7600  (2.6s)
Round   28/30  coverage=0.4015  prec@K=0.0062  accepted=15  auc=0.9175  uauc=0.6811  loss=0.7594  (2.8s)
Round   29/30  coverage=0.4016  prec@K=0.0033  accepted=8  auc=0.9331  uauc=0.6597  loss=0.7606  (2.9s)
Round   30/30  coverage=0.4016  prec@K=0.0046  accepted=11  auc=0.8808  uauc=0.7303  loss=0.7600  (2.8s)

结果已写入 results\orchestrator\runs\ir40_constlr5e5_multiseed\sx_mathoverflow\gnn_s42/rounds.csv
