=== sx_mathoverflow_seal_s1  started 2026-05-07T18:12:31 ===

C:\conda\envs\gnn\lib\site-packages\requests\__init__.py:86: RequestsDependencyWarning: Unable to find acceptable character detection dependency (chardet or charset_normalizer).
  warnings.warn(
C:\conda\envs\gnn\lib\site-packages\outdated\__init__.py:36: UserWarning: pkg_resources is deprecated as an API. See https://setuptools.pypa.io/en/latest/pkg_resources.html. The pkg_resources package is slated for removal as early as 2025-11-30. Refrain from using this package or pin to Setuptools<81.
  from pkg_resources import parse_version
Round    1/30  coverage=0.4000  prec@K=0.0008  accepted=2  auc=0.8744  uauc=0.2500  loss=0.7648  (5.4s)
Round    2/30  coverage=0.4000  prec@K=0.0017  accepted=4  auc=0.9144  uauc=0.4977  loss=0.7648  (2.3s)
Round    3/30  coverage=0.4001  prec@K=0.0038  accepted=9  auc=0.6809  uauc=0.4325  loss=0.7636  (2.2s)
Round    4/30  coverage=0.4001  prec@K=0.0013  accepted=3  auc=0.8612  uauc=0.5625  loss=0.7629  (2.4s)
Round    5/30  coverage=0.4001  prec@K=0.0013  accepted=3  auc=0.7100  uauc=0.3519  loss=0.7650  (2.3s)
Round    6/30  coverage=0.4001  prec@K=0.0000  accepted=0  loss=0.7637  (2.3s)
Round    7/30  coverage=0.4001  prec@K=0.0038  accepted=9  auc=0.8406  uauc=0.6712  loss=0.7576  (2.4s)
Round    8/30  coverage=0.4001  prec@K=0.0008  accepted=2  auc=0.7123  uauc=0.7222  loss=0.7613  (2.5s)
Round    9/30  coverage=0.4002  prec@K=0.0025  accepted=6  auc=0.8632  uauc=0.4352  loss=0.7614  (2.4s)
Round   10/30  coverage=0.4002  prec@K=0.0033  accepted=8  auc=0.5471  uauc=0.6071  loss=0.7615  (2.5s)
Round   11/30  coverage=0.4002  prec@K=0.0013  accepted=3  auc=0.2464  uauc=0.2963  loss=0.7606  (4.4s)
Round   12/30  coverage=0.4002  prec@K=0.0008  accepted=2  auc=0.6319  uauc=0.5833  loss=0.7594  (2.6s)
Round   13/30  coverage=0.4003  prec@K=0.0029  accepted=7  auc=0.7340  uauc=0.5590  loss=0.7595  (2.6s)
Round   14/30  coverage=0.4003  prec@K=0.0017  accepted=4  auc=0.7133  uauc=0.7164  loss=0.7586  (2.9s)
Round   15/30  coverage=0.4003  prec@K=0.0038  accepted=9  auc=0.4188  uauc=0.7520  loss=0.7564  (2.8s)
Round   16/30  coverage=0.4003  prec@K=0.0008  accepted=2  auc=0.5351  uauc=0.5000  loss=0.7590  (2.8s)
Round   17/30  coverage=0.4003  prec@K=0.0017  accepted=4  auc=0.0925  uauc=0.4583  loss=0.7586  (2.6s)
Round   18/30  coverage=0.4003  prec@K=0.0008  accepted=2  auc=0.0969  uauc=1.0000  loss=0.7562  (2.9s)
Round   19/30  coverage=0.4004  prec@K=0.0029  accepted=7  auc=0.3940  uauc=0.5825  loss=0.7579  (2.6s)
Round   20/30  coverage=0.4004  prec@K=0.0000  accepted=0  loss=0.7587  (2.7s)
Round   21/30  coverage=0.4004  prec@K=0.0013  accepted=3  auc=0.2036  uauc=0.5417  loss=0.7584  (5.0s)
Round   22/30  coverage=0.4004  prec@K=0.0008  accepted=2  auc=0.9222  uauc=0.8889  loss=0.7568  (2.6s)
Round   23/30  coverage=0.4004  prec@K=0.0008  accepted=2  auc=0.3572  uauc=0.4167  loss=0.7532  (3.2s)
Round   24/30  coverage=0.4004  prec@K=0.0017  accepted=4  auc=0.7490  uauc=0.6667  loss=0.7553  (2.9s)
Round   25/30  coverage=0.4005  prec@K=0.0025  accepted=6  auc=0.3896  uauc=0.6472  loss=0.7561  (2.7s)
Round   26/30  coverage=0.4005  prec@K=0.0000  accepted=0  loss=0.7535  (3.0s)
Round   27/30  coverage=0.4005  prec@K=0.0008  accepted=2  auc=0.5078  uauc=0.3056  loss=0.7541  (3.0s)
Round   28/30  coverage=0.4005  prec@K=0.0012  accepted=3  auc=0.5461  uauc=0.5741  loss=0.7521  (2.9s)
Round   29/30  coverage=0.4005  prec@K=0.0004  accepted=1  auc=0.6110  uauc=0.2222  loss=0.7511  (2.7s)
Round   30/30  coverage=0.4005  prec@K=0.0017  accepted=4  auc=0.3772  uauc=0.5556  loss=0.7501  (3.0s)

结果已写入 results\orchestrator\runs\ir40_constlr5e5_multiseed\sx_mathoverflow\seal_s1/rounds.csv
