=== wiki_vote_pa_s2  started 2026-05-07T17:47:08 ===

C:\conda\envs\gnn\lib\site-packages\requests\__init__.py:86: RequestsDependencyWarning: Unable to find acceptable character detection dependency (chardet or charset_normalizer).
  warnings.warn(
C:\conda\envs\gnn\lib\site-packages\outdated\__init__.py:36: UserWarning: pkg_resources is deprecated as an API. See https://setuptools.pypa.io/en/latest/pkg_resources.html. The pkg_resources package is slated for removal as early as 2025-11-30. Refrain from using this package or pin to Setuptools<81.
  from pkg_resources import parse_version
Round    1/30  coverage=0.4018  prec@K=0.0279  accepted=186  auc=0.8596  uauc=0.5725  loss=nan  (0.8s)
Round    2/30  coverage=0.4033  prec@K=0.0232  accepted=157  auc=0.8826  uauc=0.5214  loss=nan  (0.4s)
Round    3/30  coverage=0.4050  prec@K=0.0260  accepted=176  auc=0.8467  uauc=0.4995  loss=nan  (0.5s)
Round    4/30  coverage=0.4065  prec@K=0.0226  accepted=151  auc=0.8833  uauc=0.5326  loss=nan  (0.5s)
Round    5/30  coverage=0.4076  prec@K=0.0181  accepted=121  auc=0.8366  uauc=0.5352  loss=nan  (0.8s)
Round    6/30  coverage=0.4088  prec@K=0.0190  accepted=127  auc=0.8618  uauc=0.5251  loss=nan  (0.7s)
Round    7/30  coverage=0.4102  prec@K=0.0214  accepted=145  auc=0.8918  uauc=0.5588  loss=nan  (0.8s)
Round    8/30  coverage=0.4114  prec@K=0.0183  accepted=123  auc=0.9061  uauc=0.4856  loss=nan  (0.9s)
Round    9/30  coverage=0.4126  prec@K=0.0185  accepted=123  auc=0.8884  uauc=0.4891  loss=nan  (0.9s)
Round   10/30  coverage=0.4137  prec@K=0.0171  accepted=114  auc=0.8913  uauc=0.5044  loss=nan  (1.0s)
Round   11/30  coverage=0.4147  prec@K=0.0157  accepted=105  auc=0.8781  uauc=0.5281  loss=nan  (1.8s)
Round   12/30  coverage=0.4157  prec@K=0.0149  accepted=100  auc=0.9016  uauc=0.5153  loss=nan  (1.3s)
Round   13/30  coverage=0.4167  prec@K=0.0160  accepted=107  auc=0.8793  uauc=0.5529  loss=nan  (1.5s)
Round   14/30  coverage=0.4178  prec@K=0.0169  accepted=113  auc=0.8813  uauc=0.5321  loss=nan  (1.6s)
Round   15/30  coverage=0.4189  prec@K=0.0166  accepted=113  auc=0.9151  uauc=0.4943  loss=nan  (1.8s)
Round   16/30  coverage=0.4199  prec@K=0.0156  accepted=106  auc=0.9026  uauc=0.5872  loss=nan  (1.8s)
Round   17/30  coverage=0.4210  prec@K=0.0159  accepted=106  auc=0.8852  uauc=0.5458  loss=nan  (1.8s)
Round   18/30  coverage=0.4217  prec@K=0.0112  accepted=76  auc=0.8473  uauc=0.5894  loss=nan  (2.2s)
Round   19/30  coverage=0.4227  prec@K=0.0151  accepted=103  auc=0.8944  uauc=0.5455  loss=nan  (2.2s)
Round   20/30  coverage=0.4233  prec@K=0.0100  accepted=68  auc=0.8943  uauc=0.5637  loss=nan  (2.0s)
Round   21/30  coverage=0.4241  prec@K=0.0121  accepted=81  auc=0.9089  uauc=0.5403  loss=nan  (2.7s)
Round   22/30  coverage=0.4248  prec@K=0.0112  accepted=75  auc=0.8820  uauc=0.5042  loss=nan  (2.3s)
Round   23/30  coverage=0.4256  prec@K=0.0116  accepted=78  auc=0.9150  uauc=0.5474  loss=nan  (2.5s)
Round   24/30  coverage=0.4264  prec@K=0.0116  accepted=79  auc=0.8982  uauc=0.5411  loss=nan  (2.6s)
Round   25/30  coverage=0.4270  prec@K=0.0100  accepted=67  auc=0.9135  uauc=0.4546  loss=nan  (2.6s)
Round   26/30  coverage=0.4278  prec@K=0.0119  accepted=79  auc=0.9002  uauc=0.5458  loss=nan  (2.7s)
Round   27/30  coverage=0.4285  prec@K=0.0121  accepted=81  auc=0.9425  uauc=0.5467  loss=nan  (3.0s)
Round   28/30  coverage=0.4293  prec@K=0.0118  accepted=79  auc=0.9256  uauc=0.5085  loss=nan  (3.3s)
Round   29/30  coverage=0.4300  prec@K=0.0108  accepted=72  auc=0.9279  uauc=0.5530  loss=nan  (3.3s)
Round   30/30  coverage=0.4305  prec@K=0.0085  accepted=57  auc=0.9186  uauc=0.5517  loss=nan  (3.7s)

结果已写入 results\orchestrator\runs\ir40_constlr5e5_multiseed\wiki_vote\pa_s2/rounds.csv
