=== wiki_vote_seal_s1  started 2026-05-07T17:49:17 ===

C:\conda\envs\gnn\lib\site-packages\requests\__init__.py:86: RequestsDependencyWarning: Unable to find acceptable character detection dependency (chardet or charset_normalizer).
  warnings.warn(
C:\conda\envs\gnn\lib\site-packages\outdated\__init__.py:36: UserWarning: pkg_resources is deprecated as an API. See https://setuptools.pypa.io/en/latest/pkg_resources.html. The pkg_resources package is slated for removal as early as 2025-11-30. Refrain from using this package or pin to Setuptools<81.
  from pkg_resources import parse_version
Round    1/30  coverage=0.4013  prec@K=0.0196  accepted=132  auc=0.7154  uauc=0.5471  loss=0.7590  (9.0s)
Round    2/30  coverage=0.4027  prec@K=0.0225  accepted=151  auc=0.6503  uauc=0.5735  loss=0.7585  (8.2s)
Round    3/30  coverage=0.4039  prec@K=0.0178  accepted=120  auc=0.6212  uauc=0.5071  loss=0.7591  (8.2s)
Round    4/30  coverage=0.4050  prec@K=0.0177  accepted=120  auc=0.6403  uauc=0.5726  loss=0.7589  (7.9s)
Round    5/30  coverage=0.4065  prec@K=0.0223  accepted=151  auc=0.6427  uauc=0.5063  loss=0.7575  (8.5s)
Round    6/30  coverage=0.4077  prec@K=0.0178  accepted=121  auc=0.5776  uauc=0.5269  loss=0.7584  (8.8s)
Round    7/30  coverage=0.4086  prec@K=0.0147  accepted=100  auc=0.6262  uauc=0.5196  loss=0.7580  (8.8s)
Round    8/30  coverage=0.4097  prec@K=0.0166  accepted=112  auc=0.6222  uauc=0.5543  loss=0.7577  (8.8s)
Round    9/30  coverage=0.4106  prec@K=0.0137  accepted=92  auc=0.6468  uauc=0.5368  loss=0.7580  (8.3s)
Round   10/30  coverage=0.4116  prec@K=0.0147  accepted=100  auc=0.5965  uauc=0.5064  loss=0.7574  (9.2s)
Round   11/30  coverage=0.4123  prec@K=0.0108  accepted=74  auc=0.6323  uauc=0.5706  loss=0.7581  (10.6s)
Round   12/30  coverage=0.4130  prec@K=0.0112  accepted=77  auc=0.5361  uauc=0.4765  loss=0.7579  (9.7s)
Round   13/30  coverage=0.4140  prec@K=0.0152  accepted=103  auc=0.5776  uauc=0.5531  loss=0.7565  (10.3s)
Round   14/30  coverage=0.4148  prec@K=0.0123  accepted=83  auc=0.5730  uauc=0.5197  loss=0.7567  (9.7s)
Round   15/30  coverage=0.4154  prec@K=0.0092  accepted=62  auc=0.5801  uauc=0.5697  loss=0.7570  (10.1s)
Round   16/30  coverage=0.4164  prec@K=0.0147  accepted=99  auc=0.4906  uauc=0.5415  loss=0.7553  (10.1s)
Round   17/30  coverage=0.4172  prec@K=0.0132  accepted=89  auc=0.3787  uauc=0.4933  loss=0.7556  (10.7s)
Round   18/30  coverage=0.4178  prec@K=0.0084  accepted=57  auc=0.4303  uauc=0.5853  loss=0.7565  (10.8s)
Round   19/30  coverage=0.4184  prec@K=0.0103  accepted=70  auc=0.5197  uauc=0.5767  loss=0.7554  (11.3s)
Round   20/30  coverage=0.4192  prec@K=0.0115  accepted=77  auc=0.4152  uauc=0.4633  loss=0.7547  (11.4s)
Round   21/30  coverage=0.4198  prec@K=0.0096  accepted=65  auc=0.3447  uauc=0.5188  loss=0.7549  (12.5s)
Round   22/30  coverage=0.4204  prec@K=0.0085  accepted=57  auc=0.4340  uauc=0.4024  loss=0.7544  (11.7s)
Round   23/30  coverage=0.4210  prec@K=0.0094  accepted=64  auc=0.3952  uauc=0.4701  loss=0.7537  (12.3s)
Round   24/30  coverage=0.4214  prec@K=0.0065  accepted=44  auc=0.3425  uauc=0.5751  loss=0.7543  (12.3s)
Round   25/30  coverage=0.4219  prec@K=0.0079  accepted=53  auc=0.4118  uauc=0.5415  loss=0.7533  (12.8s)
Round   26/30  coverage=0.4225  prec@K=0.0090  accepted=61  auc=0.3381  uauc=0.5595  loss=0.7530  (11.9s)
Round   27/30  coverage=0.4231  prec@K=0.0092  accepted=62  auc=0.3315  uauc=0.5251  loss=0.7526  (12.8s)
Round   28/30  coverage=0.4236  prec@K=0.0084  accepted=56  auc=0.2935  uauc=0.5234  loss=0.7527  (12.3s)
Round   29/30  coverage=0.4240  prec@K=0.0059  accepted=40  auc=0.2400  uauc=0.4615  loss=0.7526  (12.9s)
Round   30/30  coverage=0.4247  prec@K=0.0102  accepted=68  auc=0.3295  uauc=0.4982  loss=0.7509  (13.5s)

结果已写入 results\orchestrator\runs\ir40_constlr5e5_multiseed\wiki_vote\seal_s1/rounds.csv
