=== wiki_vote_seal_s2  started 2026-05-07T17:49:18 ===

C:\conda\envs\gnn\lib\site-packages\requests\__init__.py:86: RequestsDependencyWarning: Unable to find acceptable character detection dependency (chardet or charset_normalizer).
  warnings.warn(
C:\conda\envs\gnn\lib\site-packages\outdated\__init__.py:36: UserWarning: pkg_resources is deprecated as an API. See https://setuptools.pypa.io/en/latest/pkg_resources.html. The pkg_resources package is slated for removal as early as 2025-11-30. Refrain from using this package or pin to Setuptools<81.
  from pkg_resources import parse_version
Round    1/30  coverage=0.4008  prec@K=0.0124  accepted=83  auc=0.5141  uauc=0.5357  loss=0.6818  (9.8s)
Round    2/30  coverage=0.4015  prec@K=0.0108  accepted=73  auc=0.5067  uauc=0.5146  loss=0.6811  (8.2s)
Round    3/30  coverage=0.4024  prec@K=0.0143  accepted=97  auc=0.5733  uauc=0.5187  loss=0.6809  (8.3s)
Round    4/30  coverage=0.4032  prec@K=0.0112  accepted=75  auc=0.5715  uauc=0.5801  loss=0.6806  (8.3s)
Round    5/30  coverage=0.4038  prec@K=0.0093  accepted=62  auc=0.5300  uauc=0.4898  loss=0.6804  (7.9s)
Round    6/30  coverage=0.4046  prec@K=0.0127  accepted=85  auc=0.5527  uauc=0.5499  loss=0.6801  (8.0s)
Round    7/30  coverage=0.4053  prec@K=0.0105  accepted=71  auc=0.4813  uauc=0.4846  loss=0.6798  (8.8s)
Round    8/30  coverage=0.4060  prec@K=0.0108  accepted=72  auc=0.5362  uauc=0.4884  loss=0.6797  (9.3s)
Round    9/30  coverage=0.4066  prec@K=0.0102  accepted=68  auc=0.5891  uauc=0.4769  loss=0.6796  (8.7s)
Round   10/30  coverage=0.4072  prec@K=0.0089  accepted=59  auc=0.5258  uauc=0.4626  loss=0.6789  (8.3s)
Round   11/30  coverage=0.4078  prec@K=0.0098  accepted=65  auc=0.4853  uauc=0.4952  loss=0.6787  (9.3s)
Round   12/30  coverage=0.4084  prec@K=0.0086  accepted=58  auc=0.5142  uauc=0.4909  loss=0.6785  (8.6s)
Round   13/30  coverage=0.4089  prec@K=0.0084  accepted=56  auc=0.6284  uauc=0.5644  loss=0.6784  (9.5s)
Round   14/30  coverage=0.4094  prec@K=0.0079  accepted=53  auc=0.5718  uauc=0.5175  loss=0.6785  (10.1s)
Round   15/30  coverage=0.4100  prec@K=0.0091  accepted=62  auc=0.5952  uauc=0.5275  loss=0.6782  (10.3s)
Round   16/30  coverage=0.4107  prec@K=0.0099  accepted=67  auc=0.5212  uauc=0.5420  loss=0.6780  (11.0s)
Round   17/30  coverage=0.4113  prec@K=0.0095  accepted=63  auc=0.5890  uauc=0.5087  loss=0.6779  (11.0s)
Round   18/30  coverage=0.4117  prec@K=0.0061  accepted=41  auc=0.4837  uauc=0.4597  loss=0.6773  (11.3s)
Round   19/30  coverage=0.4122  prec@K=0.0087  accepted=59  auc=0.5046  uauc=0.5065  loss=0.6772  (12.1s)
Round   20/30  coverage=0.4127  prec@K=0.0077  accepted=52  auc=0.4529  uauc=0.5648  loss=0.6769  (12.2s)
Round   21/30  coverage=0.4133  prec@K=0.0091  accepted=61  auc=0.4372  uauc=0.5100  loss=0.6768  (12.5s)
Round   22/30  coverage=0.4139  prec@K=0.0084  accepted=56  auc=0.3595  uauc=0.4147  loss=0.6766  (11.8s)
Round   23/30  coverage=0.4143  prec@K=0.0063  accepted=42  auc=0.4762  uauc=0.4767  loss=0.6761  (12.0s)
Round   24/30  coverage=0.4148  prec@K=0.0077  accepted=52  auc=0.4486  uauc=0.4832  loss=0.6760  (11.9s)
Round   25/30  coverage=0.4153  prec@K=0.0076  accepted=51  auc=0.3161  uauc=0.4979  loss=0.6759  (12.5s)
Round   26/30  coverage=0.4157  prec@K=0.0071  accepted=47  auc=0.3010  uauc=0.5564  loss=0.6756  (12.5s)
Round   27/30  coverage=0.4161  prec@K=0.0055  accepted=37  auc=0.3083  uauc=0.4839  loss=0.6752  (12.5s)
Round   28/30  coverage=0.4165  prec@K=0.0061  accepted=41  auc=0.1843  uauc=0.4704  loss=0.6751  (13.0s)
Round   29/30  coverage=0.4168  prec@K=0.0053  accepted=35  auc=0.2320  uauc=0.5470  loss=0.6748  (13.0s)
Round   30/30  coverage=0.4171  prec@K=0.0040  accepted=27  auc=0.2713  uauc=0.4203  loss=0.6745  (13.6s)

结果已写入 results\orchestrator\runs\ir40_constlr5e5_multiseed\wiki_vote\seal_s2/rounds.csv
