=== wiki_vote_jaccard_s42  started 2026-05-07T17:47:02 ===

C:\conda\envs\gnn\lib\site-packages\requests\__init__.py:86: RequestsDependencyWarning: Unable to find acceptable character detection dependency (chardet or charset_normalizer).
  warnings.warn(
C:\conda\envs\gnn\lib\site-packages\outdated\__init__.py:36: UserWarning: pkg_resources is deprecated as an API. See https://setuptools.pypa.io/en/latest/pkg_resources.html. The pkg_resources package is slated for removal as early as 2025-11-30. Refrain from using this package or pin to Setuptools<81.
  from pkg_resources import parse_version
Round    1/30  coverage=0.4016  prec@K=0.0245  accepted=164  auc=0.7701  uauc=0.5490  loss=nan  (0.9s)
Round    2/30  coverage=0.4032  prec@K=0.0243  accepted=165  auc=0.7635  uauc=0.4709  loss=nan  (0.4s)
Round    3/30  coverage=0.4046  prec@K=0.0222  accepted=151  auc=0.7760  uauc=0.5193  loss=nan  (0.5s)
Round    4/30  coverage=0.4057  prec@K=0.0165  accepted=112  auc=0.7812  uauc=0.5366  loss=nan  (0.6s)
Round    5/30  coverage=0.4074  prec@K=0.0258  accepted=174  auc=0.7842  uauc=0.5518  loss=nan  (0.8s)
Round    6/30  coverage=0.4089  prec@K=0.0228  accepted=154  auc=0.7541  uauc=0.5109  loss=nan  (0.8s)
Round    7/30  coverage=0.4102  prec@K=0.0209  accepted=142  auc=0.7815  uauc=0.6310  loss=nan  (0.9s)
Round    8/30  coverage=0.4119  prec@K=0.0251  accepted=169  auc=0.7824  uauc=0.5542  loss=nan  (1.0s)
Round    9/30  coverage=0.4131  prec@K=0.0190  accepted=128  auc=0.8112  uauc=0.5504  loss=nan  (1.0s)
Round   10/30  coverage=0.4146  prec@K=0.0224  accepted=151  auc=0.7812  uauc=0.4768  loss=nan  (1.2s)
Round   11/30  coverage=0.4160  prec@K=0.0218  accepted=146  auc=0.7828  uauc=0.4999  loss=nan  (1.9s)
Round   12/30  coverage=0.4174  prec@K=0.0222  accepted=152  auc=0.7860  uauc=0.4997  loss=nan  (1.5s)
Round   13/30  coverage=0.4190  prec@K=0.0239  accepted=162  auc=0.7701  uauc=0.5391  loss=nan  (1.6s)
Round   14/30  coverage=0.4203  prec@K=0.0194  accepted=131  auc=0.7926  uauc=0.5047  loss=nan  (1.7s)
Round   15/30  coverage=0.4214  prec@K=0.0175  accepted=118  auc=0.7893  uauc=0.5095  loss=nan  (1.8s)
Round   16/30  coverage=0.4227  prec@K=0.0197  accepted=134  auc=0.8153  uauc=0.5714  loss=nan  (1.9s)
Round   17/30  coverage=0.4236  prec@K=0.0142  accepted=97  auc=0.8028  uauc=0.5241  loss=nan  (2.1s)
Round   18/30  coverage=0.4245  prec@K=0.0143  accepted=96  auc=0.7732  uauc=0.4954  loss=nan  (2.2s)
Round   19/30  coverage=0.4257  prec@K=0.0170  accepted=115  auc=0.7649  uauc=0.4927  loss=nan  (2.2s)
Round   20/30  coverage=0.4268  prec@K=0.0178  accepted=121  auc=0.8122  uauc=0.5313  loss=nan  (2.6s)
Round   21/30  coverage=0.4279  prec@K=0.0165  accepted=111  auc=0.8190  uauc=0.5576  loss=nan  (3.2s)
Round   22/30  coverage=0.4291  prec@K=0.0180  accepted=121  auc=0.7878  uauc=0.4893  loss=nan  (2.4s)
Round   23/30  coverage=0.4303  prec@K=0.0192  accepted=130  auc=0.7896  uauc=0.5306  loss=nan  (2.6s)
Round   24/30  coverage=0.4316  prec@K=0.0191  accepted=128  auc=0.7974  uauc=0.5890  loss=nan  (2.8s)
Round   25/30  coverage=0.4326  prec@K=0.0163  accepted=111  auc=0.7804  uauc=0.5647  loss=nan  (2.9s)
Round   26/30  coverage=0.4337  prec@K=0.0164  accepted=111  auc=0.7823  uauc=0.4565  loss=nan  (3.1s)
Round   27/30  coverage=0.4347  prec@K=0.0159  accepted=108  auc=0.7997  uauc=0.5337  loss=nan  (3.5s)
Round   28/30  coverage=0.4357  prec@K=0.0143  accepted=97  auc=0.8037  uauc=0.5109  loss=nan  (3.6s)
Round   29/30  coverage=0.4367  prec@K=0.0163  accepted=111  auc=0.8181  uauc=0.4576  loss=nan  (3.7s)
Round   30/30  coverage=0.4377  prec@K=0.0147  accepted=99  auc=0.7890  uauc=0.4514  loss=nan  (4.1s)

结果已写入 results\orchestrator\runs\ir40_constlr5e5_multiseed\wiki_vote\jaccard_s42/rounds.csv
