=== wiki_vote_cn_s3  started 2026-05-07T17:00:48 ===

C:\conda\envs\gnn\lib\site-packages\requests\__init__.py:86: RequestsDependencyWarning: Unable to find acceptable character detection dependency (chardet or charset_normalizer).
  warnings.warn(
C:\conda\envs\gnn\lib\site-packages\outdated\__init__.py:36: UserWarning: pkg_resources is deprecated as an API. See https://setuptools.pypa.io/en/latest/pkg_resources.html. The pkg_resources package is slated for removal as early as 2025-11-30. Refrain from using this package or pin to Setuptools<81.
  from pkg_resources import parse_version
Round    1/30  coverage=0.4020  prec@K=0.0304  accepted=206  auc=0.8979  uauc=0.5482  loss=nan  (0.9s)
Round    2/30  coverage=0.4039  prec@K=0.0288  accepted=194  auc=0.9043  uauc=0.5771  loss=nan  (0.4s)
Round    3/30  coverage=0.4052  prec@K=0.0214  accepted=141  auc=0.8917  uauc=0.5758  loss=nan  (0.5s)
Round    4/30  coverage=0.4069  prec@K=0.0259  accepted=176  auc=0.9026  uauc=0.5614  loss=nan  (0.6s)
Round    5/30  coverage=0.4086  prec@K=0.0262  accepted=176  auc=0.9125  uauc=0.5466  loss=nan  (0.8s)
Round    6/30  coverage=0.4106  prec@K=0.0304  accepted=202  auc=0.9023  uauc=0.5607  loss=nan  (0.7s)
Round    7/30  coverage=0.4125  prec@K=0.0305  accepted=206  auc=0.9077  uauc=0.5554  loss=nan  (0.8s)
Round    8/30  coverage=0.4145  prec@K=0.0299  accepted=203  auc=0.8988  uauc=0.5760  loss=nan  (0.9s)
Round    9/30  coverage=0.4166  prec@K=0.0316  accepted=215  auc=0.9061  uauc=0.5857  loss=nan  (1.0s)
Round   10/30  coverage=0.4183  prec@K=0.0270  accepted=184  auc=0.9160  uauc=0.6079  loss=nan  (1.2s)
Round   11/30  coverage=0.4199  prec@K=0.0240  accepted=161  auc=0.9059  uauc=0.5509  loss=nan  (1.7s)
Round   12/30  coverage=0.4213  prec@K=0.0210  accepted=142  auc=0.8884  uauc=0.5162  loss=nan  (1.4s)
Round   13/30  coverage=0.4232  prec@K=0.0290  accepted=197  auc=0.8873  uauc=0.5354  loss=nan  (1.5s)
Round   14/30  coverage=0.4247  prec@K=0.0244  accepted=163  auc=0.9008  uauc=0.5502  loss=nan  (1.5s)
Round   15/30  coverage=0.4263  prec@K=0.0241  accepted=162  auc=0.8943  uauc=0.5771  loss=nan  (1.7s)
Round   16/30  coverage=0.4274  prec@K=0.0171  accepted=115  auc=0.8880  uauc=0.5974  loss=nan  (1.7s)
Round   17/30  coverage=0.4286  prec@K=0.0177  accepted=120  auc=0.9189  uauc=0.5631  loss=nan  (1.9s)
Round   18/30  coverage=0.4301  prec@K=0.0228  accepted=154  auc=0.9260  uauc=0.5203  loss=nan  (2.0s)
Round   19/30  coverage=0.4314  prec@K=0.0201  accepted=136  auc=0.9145  uauc=0.5522  loss=nan  (2.1s)
Round   20/30  coverage=0.4328  prec@K=0.0220  accepted=149  auc=0.9284  uauc=0.5587  loss=nan  (2.2s)
Round   21/30  coverage=0.4340  prec@K=0.0178  accepted=120  auc=0.9049  uauc=0.4836  loss=nan  (3.0s)
Round   22/30  coverage=0.4353  prec@K=0.0204  accepted=138  auc=0.9129  uauc=0.5707  loss=nan  (2.5s)
Round   23/30  coverage=0.4367  prec@K=0.0218  accepted=148  auc=0.9158  uauc=0.5117  loss=nan  (2.6s)
Round   24/30  coverage=0.4378  prec@K=0.0172  accepted=116  auc=0.9119  uauc=0.5191  loss=nan  (2.5s)
Round   25/30  coverage=0.4391  prec@K=0.0202  accepted=136  auc=0.8919  uauc=0.5299  loss=nan  (2.5s)
Round   26/30  coverage=0.4408  prec@K=0.0245  accepted=167  auc=0.9180  uauc=0.5653  loss=nan  (2.9s)
Round   27/30  coverage=0.4420  prec@K=0.0185  accepted=125  auc=0.9329  uauc=0.5359  loss=nan  (2.8s)
Round   28/30  coverage=0.4432  prec@K=0.0191  accepted=128  auc=0.9198  uauc=0.5906  loss=nan  (3.0s)
Round   29/30  coverage=0.4444  prec@K=0.0189  accepted=128  auc=0.9112  uauc=0.5607  loss=nan  (3.0s)
Round   30/30  coverage=0.4457  prec@K=0.0197  accepted=133  auc=0.9249  uauc=0.5204  loss=nan  (3.3s)

结果已写入 results\orchestrator\runs\ir40_constlr5e5_multiseed\wiki_vote\cn_s3/rounds.csv
