=== wiki_vote_jaccard_s1  started 2026-05-07T17:46:03 ===

C:\conda\envs\gnn\lib\site-packages\requests\__init__.py:86: RequestsDependencyWarning: Unable to find acceptable character detection dependency (chardet or charset_normalizer).
  warnings.warn(
C:\conda\envs\gnn\lib\site-packages\outdated\__init__.py:36: UserWarning: pkg_resources is deprecated as an API. See https://setuptools.pypa.io/en/latest/pkg_resources.html. The pkg_resources package is slated for removal as early as 2025-11-30. Refrain from using this package or pin to Setuptools<81.
  from pkg_resources import parse_version
Round    1/30  coverage=0.4014  prec@K=0.0223  accepted=150  auc=0.7808  uauc=0.5176  loss=nan  (0.8s)
Round    2/30  coverage=0.4032  prec@K=0.0272  accepted=183  auc=0.7705  uauc=0.5656  loss=nan  (0.5s)
Round    3/30  coverage=0.4047  prec@K=0.0229  accepted=155  auc=0.7819  uauc=0.5703  loss=nan  (0.5s)
Round    4/30  coverage=0.4062  prec@K=0.0224  accepted=152  auc=0.7657  uauc=0.5750  loss=nan  (0.6s)
Round    5/30  coverage=0.4079  prec@K=0.0260  accepted=176  auc=0.7650  uauc=0.5314  loss=nan  (0.8s)
Round    6/30  coverage=0.4095  prec@K=0.0251  accepted=170  auc=0.7754  uauc=0.5959  loss=nan  (0.8s)
Round    7/30  coverage=0.4108  prec@K=0.0196  accepted=133  auc=0.7821  uauc=0.5519  loss=nan  (0.9s)
Round    8/30  coverage=0.4122  prec@K=0.0211  accepted=142  auc=0.7829  uauc=0.5253  loss=nan  (1.0s)
Round    9/30  coverage=0.4134  prec@K=0.0185  accepted=124  auc=0.8001  uauc=0.5194  loss=nan  (1.0s)
Round   10/30  coverage=0.4147  prec@K=0.0209  accepted=142  auc=0.7777  uauc=0.5332  loss=nan  (1.1s)
Round   11/30  coverage=0.4162  prec@K=0.0219  accepted=150  auc=0.7861  uauc=0.5760  loss=nan  (1.9s)
Round   12/30  coverage=0.4173  prec@K=0.0177  accepted=121  auc=0.7960  uauc=0.5959  loss=nan  (1.3s)
Round   13/30  coverage=0.4189  prec@K=0.0246  accepted=167  auc=0.7698  uauc=0.5353  loss=nan  (1.4s)
Round   14/30  coverage=0.4204  prec@K=0.0230  accepted=155  auc=0.7805  uauc=0.5099  loss=nan  (1.5s)
Round   15/30  coverage=0.4216  prec@K=0.0183  accepted=123  auc=0.8107  uauc=0.5289  loss=nan  (1.6s)
Round   16/30  coverage=0.4230  prec@K=0.0209  accepted=141  auc=0.7563  uauc=0.5175  loss=nan  (1.6s)
Round   17/30  coverage=0.4241  prec@K=0.0172  accepted=116  auc=0.7969  uauc=0.5698  loss=nan  (1.7s)
Round   18/30  coverage=0.4251  prec@K=0.0154  accepted=104  auc=0.7682  uauc=0.5128  loss=nan  (1.9s)
Round   19/30  coverage=0.4263  prec@K=0.0175  accepted=119  auc=0.8277  uauc=0.4902  loss=nan  (2.0s)
Round   20/30  coverage=0.4275  prec@K=0.0185  accepted=124  auc=0.7801  uauc=0.4908  loss=nan  (1.9s)
Round   21/30  coverage=0.4286  prec@K=0.0176  accepted=119  auc=0.7770  uauc=0.5132  loss=nan  (2.7s)
Round   22/30  coverage=0.4297  prec@K=0.0175  accepted=118  auc=0.8013  uauc=0.5868  loss=nan  (2.2s)
Round   23/30  coverage=0.4310  prec@K=0.0199  accepted=135  auc=0.7683  uauc=0.5262  loss=nan  (2.4s)
Round   24/30  coverage=0.4322  prec@K=0.0173  accepted=117  auc=0.7876  uauc=0.5237  loss=nan  (2.6s)
Round   25/30  coverage=0.4332  prec@K=0.0164  accepted=110  auc=0.8226  uauc=0.5495  loss=nan  (2.6s)
Round   26/30  coverage=0.4343  prec@K=0.0172  accepted=116  auc=0.7972  uauc=0.5306  loss=nan  (2.5s)
Round   27/30  coverage=0.4353  prec@K=0.0150  accepted=101  auc=0.7965  uauc=0.4805  loss=nan  (2.9s)
Round   28/30  coverage=0.4364  prec@K=0.0173  accepted=116  auc=0.7746  uauc=0.4301  loss=nan  (2.7s)
Round   29/30  coverage=0.4374  prec@K=0.0150  accepted=102  auc=0.8358  uauc=0.5132  loss=nan  (2.9s)
Round   30/30  coverage=0.4385  prec@K=0.0166  accepted=111  auc=0.7823  uauc=0.4815  loss=nan  (3.2s)

结果已写入 results\orchestrator\runs\ir40_constlr5e5_multiseed\wiki_vote\jaccard_s1/rounds.csv
