=== wiki_vote_cn_s42  started 2026-05-07T17:00:57 ===

C:\conda\envs\gnn\lib\site-packages\requests\__init__.py:86: RequestsDependencyWarning: Unable to find acceptable character detection dependency (chardet or charset_normalizer).
  warnings.warn(
C:\conda\envs\gnn\lib\site-packages\outdated\__init__.py:36: UserWarning: pkg_resources is deprecated as an API. See https://setuptools.pypa.io/en/latest/pkg_resources.html. The pkg_resources package is slated for removal as early as 2025-11-30. Refrain from using this package or pin to Setuptools<81.
  from pkg_resources import parse_version
Round    1/30  coverage=0.4021  prec@K=0.0323  accepted=216  auc=0.8849  uauc=0.6003  loss=nan  (0.8s)
Round    2/30  coverage=0.4039  prec@K=0.0275  accepted=187  auc=0.8892  uauc=0.5491  loss=nan  (0.4s)
Round    3/30  coverage=0.4058  prec@K=0.0288  accepted=196  auc=0.9159  uauc=0.5671  loss=nan  (0.5s)
Round    4/30  coverage=0.4074  prec@K=0.0246  accepted=167  auc=0.8979  uauc=0.5687  loss=nan  (0.6s)
Round    5/30  coverage=0.4093  prec@K=0.0295  accepted=199  auc=0.9152  uauc=0.6089  loss=nan  (0.8s)
Round    6/30  coverage=0.4112  prec@K=0.0284  accepted=192  auc=0.8981  uauc=0.5527  loss=nan  (0.8s)
Round    7/30  coverage=0.4129  prec@K=0.0268  accepted=182  auc=0.9085  uauc=0.5854  loss=nan  (0.9s)
Round    8/30  coverage=0.4147  prec@K=0.0284  accepted=191  auc=0.9078  uauc=0.5702  loss=nan  (0.9s)
Round    9/30  coverage=0.4163  prec@K=0.0243  accepted=164  auc=0.9101  uauc=0.6001  loss=nan  (1.0s)
Round   10/30  coverage=0.4180  prec@K=0.0251  accepted=170  auc=0.9116  uauc=0.5309  loss=nan  (1.0s)
Round   11/30  coverage=0.4193  prec@K=0.0206  accepted=138  auc=0.9236  uauc=0.6157  loss=nan  (1.8s)
Round   12/30  coverage=0.4210  prec@K=0.0260  accepted=178  auc=0.8807  uauc=0.5336  loss=nan  (1.4s)
Round   13/30  coverage=0.4227  prec@K=0.0251  accepted=170  auc=0.9071  uauc=0.5470  loss=nan  (1.4s)
Round   14/30  coverage=0.4241  prec@K=0.0222  accepted=150  auc=0.9219  uauc=0.5603  loss=nan  (1.6s)
Round   15/30  coverage=0.4256  prec@K=0.0235  accepted=159  auc=0.9227  uauc=0.5478  loss=nan  (1.7s)
Round   16/30  coverage=0.4272  prec@K=0.0231  accepted=157  auc=0.9168  uauc=0.5766  loss=nan  (1.8s)
Round   17/30  coverage=0.4285  prec@K=0.0200  accepted=137  auc=0.9251  uauc=0.5620  loss=nan  (2.0s)
Round   18/30  coverage=0.4297  prec@K=0.0193  accepted=130  auc=0.9141  uauc=0.5026  loss=nan  (2.0s)
Round   19/30  coverage=0.4313  prec@K=0.0238  accepted=161  auc=0.9145  uauc=0.5112  loss=nan  (2.0s)
Round   20/30  coverage=0.4324  prec@K=0.0167  accepted=113  auc=0.9308  uauc=0.5897  loss=nan  (2.2s)
Round   21/30  coverage=0.4337  prec@K=0.0198  accepted=133  auc=0.9147  uauc=0.5315  loss=nan  (2.9s)
Round   22/30  coverage=0.4349  prec@K=0.0198  accepted=133  auc=0.9108  uauc=0.5972  loss=nan  (2.2s)
Round   23/30  coverage=0.4364  prec@K=0.0224  accepted=152  auc=0.9165  uauc=0.5041  loss=nan  (2.3s)
Round   24/30  coverage=0.4379  prec@K=0.0237  accepted=159  auc=0.9096  uauc=0.5179  loss=nan  (2.4s)
Round   25/30  coverage=0.4390  prec@K=0.0167  accepted=114  auc=0.9045  uauc=0.5549  loss=nan  (2.5s)
Round   26/30  coverage=0.4404  prec@K=0.0204  accepted=138  auc=0.9151  uauc=0.5162  loss=nan  (2.6s)
Round   27/30  coverage=0.4415  prec@K=0.0179  accepted=122  auc=0.9022  uauc=0.5353  loss=nan  (2.8s)
Round   28/30  coverage=0.4425  prec@K=0.0152  accepted=103  auc=0.9002  uauc=0.5766  loss=nan  (3.0s)
Round   29/30  coverage=0.4436  prec@K=0.0169  accepted=115  auc=0.9221  uauc=0.5301  loss=nan  (2.9s)
Round   30/30  coverage=0.4448  prec@K=0.0185  accepted=124  auc=0.9095  uauc=0.5408  loss=nan  (3.0s)

结果已写入 results\orchestrator\runs\ir40_constlr5e5_multiseed\wiki_vote\cn_s42/rounds.csv
