=== wiki_vote_gnn_h32_s42  started 2026-05-07T17:24:48 ===

C:\conda\envs\gnn\lib\site-packages\requests\__init__.py:86: RequestsDependencyWarning: Unable to find acceptable character detection dependency (chardet or charset_normalizer).
  warnings.warn(
C:\conda\envs\gnn\lib\site-packages\outdated\__init__.py:36: UserWarning: pkg_resources is deprecated as an API. See https://setuptools.pypa.io/en/latest/pkg_resources.html. The pkg_resources package is slated for removal as early as 2025-11-30. Refrain from using this package or pin to Setuptools<81.
  from pkg_resources import parse_version
Round    1/30  coverage=0.4013  prec@K=0.0203  accepted=136  auc=0.1326  uauc=0.5776  loss=0.7682  (9.2s)
Round    2/30  coverage=0.4025  prec@K=0.0187  accepted=127  auc=0.1293  uauc=0.5697  loss=0.7679  (8.1s)
Round    3/30  coverage=0.4035  prec@K=0.0153  accepted=104  auc=0.1165  uauc=0.5244  loss=0.7682  (8.3s)
Round    4/30  coverage=0.4043  prec@K=0.0124  accepted=84  auc=0.1109  uauc=0.6506  loss=0.7680  (8.1s)
Round    5/30  coverage=0.4054  prec@K=0.0168  accepted=113  auc=0.1202  uauc=0.5406  loss=0.7661  (8.2s)
Round    6/30  coverage=0.4064  prec@K=0.0148  accepted=100  auc=0.1153  uauc=0.5816  loss=0.7655  (8.8s)
Round    7/30  coverage=0.4072  prec@K=0.0118  accepted=80  auc=0.1162  uauc=0.6226  loss=0.7657  (8.3s)
Round    8/30  coverage=0.4081  prec@K=0.0137  accepted=92  auc=0.1118  uauc=0.5456  loss=0.7636  (9.5s)
Round    9/30  coverage=0.4089  prec@K=0.0125  accepted=84  auc=0.1203  uauc=0.5917  loss=0.7631  (9.6s)
Round   10/30  coverage=0.4098  prec@K=0.0142  accepted=96  auc=0.1204  uauc=0.5431  loss=0.7626  (9.4s)
Round   11/30  coverage=0.4105  prec@K=0.0116  accepted=78  auc=0.1012  uauc=0.5860  loss=0.7620  (10.1s)
Round   12/30  coverage=0.4113  prec@K=0.0121  accepted=83  auc=0.1146  uauc=0.5704  loss=0.7609  (10.8s)
Round   13/30  coverage=0.4121  prec@K=0.0118  accepted=80  auc=0.0955  uauc=0.5435  loss=0.7602  (10.9s)
Round   14/30  coverage=0.4130  prec@K=0.0134  accepted=90  auc=0.1186  uauc=0.6114  loss=0.7590  (10.5s)
Round   15/30  coverage=0.4137  prec@K=0.0108  accepted=73  auc=0.1014  uauc=0.5933  loss=0.7591  (10.7s)
Round   16/30  coverage=0.4144  prec@K=0.0104  accepted=71  auc=0.1105  uauc=0.5232  loss=0.7582  (10.6s)
Round   17/30  coverage=0.4149  prec@K=0.0075  accepted=51  auc=0.0802  uauc=0.5470  loss=0.7579  (11.4s)
Round   18/30  coverage=0.4154  prec@K=0.0086  accepted=58  auc=0.1165  uauc=0.5430  loss=0.7568  (11.4s)
Round   19/30  coverage=0.4161  prec@K=0.0102  accepted=69  auc=0.1287  uauc=0.5284  loss=0.7556  (11.4s)
Round   20/30  coverage=0.4167  prec@K=0.0099  accepted=67  auc=0.1136  uauc=0.5708  loss=0.7546  (12.0s)
Round   21/30  coverage=0.4172  prec@K=0.0067  accepted=45  auc=0.1412  uauc=0.6222  loss=0.7545  (12.3s)
Round   22/30  coverage=0.4178  prec@K=0.0092  accepted=62  auc=0.1233  uauc=0.5292  loss=0.7533  (12.0s)
Round   23/30  coverage=0.4184  prec@K=0.0097  accepted=66  auc=0.1234  uauc=0.5545  loss=0.7518  (12.6s)
Round   24/30  coverage=0.4191  prec@K=0.0107  accepted=72  auc=0.1215  uauc=0.5549  loss=0.7503  (12.8s)
Round   25/30  coverage=0.4196  prec@K=0.0081  accepted=55  auc=0.1246  uauc=0.5917  loss=0.7506  (13.1s)
Round   26/30  coverage=0.4201  prec@K=0.0074  accepted=50  auc=0.0925  uauc=0.5403  loss=0.7501  (12.9s)
Round   27/30  coverage=0.4208  prec@K=0.0103  accepted=70  auc=0.1151  uauc=0.5838  loss=0.7482  (13.3s)
Round   28/30  coverage=0.4213  prec@K=0.0077  accepted=52  auc=0.0961  uauc=0.5352  loss=0.7479  (13.9s)
Round   29/30  coverage=0.4217  prec@K=0.0066  accepted=45  auc=0.0976  uauc=0.5393  loss=0.7477  (13.4s)
Round   30/30  coverage=0.4223  prec@K=0.0089  accepted=60  auc=0.0979  uauc=0.5783  loss=0.7461  (13.9s)

结果已写入 results\orchestrator\runs\ir40_constlr5e5_multiseed\wiki_vote\gnn_h32_s42/rounds.csv
