=== wiki_vote_seal_s42  started 2026-05-07T17:50:13 ===

C:\conda\envs\gnn\lib\site-packages\requests\__init__.py:86: RequestsDependencyWarning: Unable to find acceptable character detection dependency (chardet or charset_normalizer).
  warnings.warn(
C:\conda\envs\gnn\lib\site-packages\outdated\__init__.py:36: UserWarning: pkg_resources is deprecated as an API. See https://setuptools.pypa.io/en/latest/pkg_resources.html. The pkg_resources package is slated for removal as early as 2025-11-30. Refrain from using this package or pin to Setuptools<81.
  from pkg_resources import parse_version
Round    1/30  coverage=0.4017  prec@K=0.0263  accepted=176  auc=0.8520  uauc=0.5955  loss=0.6530  (9.4s)
Round    2/30  coverage=0.4032  prec@K=0.0229  accepted=156  auc=0.8632  uauc=0.6002  loss=0.6521  (8.4s)
Round    3/30  coverage=0.4047  prec@K=0.0237  accepted=161  auc=0.8721  uauc=0.5683  loss=0.6515  (8.4s)
Round    4/30  coverage=0.4062  prec@K=0.0217  accepted=147  auc=0.8668  uauc=0.6440  loss=0.6516  (8.4s)
Round    5/30  coverage=0.4078  prec@K=0.0247  accepted=167  auc=0.8653  uauc=0.5905  loss=0.6505  (8.4s)
Round    6/30  coverage=0.4092  prec@K=0.0225  accepted=152  auc=0.8562  uauc=0.6044  loss=0.6505  (8.9s)
Round    7/30  coverage=0.4108  prec@K=0.0231  accepted=157  auc=0.8657  uauc=0.6471  loss=0.6500  (8.4s)
Round    8/30  coverage=0.4122  prec@K=0.0226  accepted=152  auc=0.8589  uauc=0.5996  loss=0.6505  (9.6s)
Round    9/30  coverage=0.4136  prec@K=0.0215  accepted=145  auc=0.8650  uauc=0.5427  loss=0.6502  (9.6s)
Round   10/30  coverage=0.4150  prec@K=0.0216  accepted=146  auc=0.8640  uauc=0.5611  loss=0.6482  (9.2s)
Round   11/30  coverage=0.4163  prec@K=0.0202  accepted=135  auc=0.8877  uauc=0.5506  loss=0.6480  (9.8s)
Round   12/30  coverage=0.4179  prec@K=0.0241  accepted=165  auc=0.8736  uauc=0.5696  loss=0.6487  (10.2s)
Round   13/30  coverage=0.4194  prec@K=0.0225  accepted=152  auc=0.8578  uauc=0.5591  loss=0.6484  (9.8s)
Round   14/30  coverage=0.4206  prec@K=0.0188  accepted=127  auc=0.8722  uauc=0.6093  loss=0.6469  (9.6s)
Round   15/30  coverage=0.4219  prec@K=0.0202  accepted=137  auc=0.9017  uauc=0.5574  loss=0.6467  (10.7s)
Round   16/30  coverage=0.4233  prec@K=0.0201  accepted=137  auc=0.8959  uauc=0.5375  loss=0.6461  (10.1s)
Round   17/30  coverage=0.4243  prec@K=0.0155  accepted=106  auc=0.8864  uauc=0.4862  loss=0.6453  (11.1s)
Round   18/30  coverage=0.4254  prec@K=0.0169  accepted=114  auc=0.8896  uauc=0.5520  loss=0.6451  (10.8s)
Round   19/30  coverage=0.4267  prec@K=0.0207  accepted=140  auc=0.8515  uauc=0.5947  loss=0.6453  (11.1s)
Round   20/30  coverage=0.4278  prec@K=0.0168  accepted=114  auc=0.8823  uauc=0.5993  loss=0.6443  (11.3s)
Round   21/30  coverage=0.4289  prec@K=0.0164  accepted=110  auc=0.8840  uauc=0.5809  loss=0.6437  (11.7s)
Round   22/30  coverage=0.4302  prec@K=0.0198  accepted=133  auc=0.8607  uauc=0.5643  loss=0.6438  (11.3s)
Round   23/30  coverage=0.4314  prec@K=0.0190  accepted=129  auc=0.8415  uauc=0.5031  loss=0.6434  (11.7s)
Round   24/30  coverage=0.4329  prec@K=0.0224  accepted=151  auc=0.8713  uauc=0.5644  loss=0.6436  (12.3s)
Round   25/30  coverage=0.4338  prec@K=0.0141  accepted=96  auc=0.8681  uauc=0.5483  loss=0.6412  (12.5s)
Round   26/30  coverage=0.4349  prec@K=0.0163  accepted=110  auc=0.8598  uauc=0.4906  loss=0.6415  (12.4s)
Round   27/30  coverage=0.4361  prec@K=0.0182  accepted=124  auc=0.8750  uauc=0.5784  loss=0.6412  (12.9s)
Round   28/30  coverage=0.4370  prec@K=0.0147  accepted=100  auc=0.8826  uauc=0.5194  loss=0.6406  (13.9s)
Round   29/30  coverage=0.4381  prec@K=0.0173  accepted=117  auc=0.8426  uauc=0.5103  loss=0.6402  (13.7s)
Round   30/30  coverage=0.4393  prec@K=0.0178  accepted=120  auc=0.8706  uauc=0.5551  loss=0.6396  (14.2s)

结果已写入 results\orchestrator\runs\ir40_constlr5e5_multiseed\wiki_vote\seal_s42/rounds.csv
