C:\conda\envs\gnn\lib\site-packages\requests\__init__.py:86: RequestsDependencyWarning: Unable to find acceptable character detection dependency (chardet or charset_normalizer).
  warnings.warn(
C:\conda\envs\gnn\lib\site-packages\outdated\__init__.py:36: UserWarning: pkg_resources is deprecated as an API. See https://setuptools.pypa.io/en/latest/pkg_resources.html. The pkg_resources package is slated for removal as early as 2025-11-30. Refrain from using this package or pin to Setuptools<81.
  from pkg_resources import parse_version
Round    1/30  coverage=0.2500  prec@K=0.0002  accepted=3  loss=0.6863  (51.3s)
Round    2/30  coverage=0.2500  prec@K=0.0010  accepted=15  loss=0.6809  (55.7s)
Round    3/30  coverage=0.2501  prec@K=0.0008  accepted=12  loss=0.6752  (47.3s)
Round    4/30  coverage=0.2501  prec@K=0.0005  accepted=8  loss=0.6710  (50.5s)
Round    5/30  coverage=0.2501  prec@K=0.0007  accepted=11  loss=0.6665  (58.2s)
Round    6/30  coverage=0.2501  prec@K=0.0012  accepted=18  loss=0.6621  (72.6s)
Round    7/30  coverage=0.2501  prec@K=0.0002  accepted=3  loss=0.6564  (70.9s)
Round    8/30  coverage=0.2501  prec@K=0.0006  accepted=9  loss=0.6505  (72.2s)
Round    9/30  coverage=0.2502  prec@K=0.0010  accepted=15  loss=0.6467  (74.6s)
Round   10/30  coverage=0.2502  prec@K=0.0005  accepted=8  loss=0.6415  (72.2s)
Round   11/30  coverage=0.2502  prec@K=0.0010  accepted=15  loss=0.6349  (88.9s)
Round   12/30  coverage=0.2502  prec@K=0.0007  accepted=11  loss=0.6311  (92.5s)
Round   13/30  coverage=0.2503  prec@K=0.0009  accepted=14  loss=0.6258  (93.3s)
Round   14/30  coverage=0.2503  prec@K=0.0007  accepted=11  loss=0.6214  (93.2s)
Round   15/30  coverage=0.2503  prec@K=0.0003  accepted=5  loss=0.6171  (102.7s)
Round   16/30  coverage=0.2503  prec@K=0.0006  accepted=9  loss=0.6128  (131.3s)
Round   17/30  coverage=0.2503  prec@K=0.0005  accepted=8  loss=0.6082  (140.8s)
Round   18/30  coverage=0.2503  prec@K=0.0005  accepted=8  loss=0.6033  (152.3s)
Round   19/30  coverage=0.2504  prec@K=0.0009  accepted=14  loss=0.5997  (124.6s)
Round   20/30  coverage=0.2504  prec@K=0.0006  accepted=9  loss=0.5929  (117.1s)
Round   21/30  coverage=0.2504  prec@K=0.0005  accepted=7  loss=0.5885  (116.3s)
Round   22/30  coverage=0.2504  prec@K=0.0003  accepted=5  loss=0.5845  (140.1s)
Round   23/30  coverage=0.2504  prec@K=0.0003  accepted=4  loss=0.5798  (137.8s)
Round   24/30  coverage=0.2504  prec@K=0.0007  accepted=10  loss=0.5759  (146.0s)
Round   25/30  coverage=0.2504  prec@K=0.0007  accepted=10  loss=0.5707  (172.4s)
Round   26/30  coverage=0.2505  prec@K=0.0003  accepted=5  loss=0.5678  (171.5s)
Round   27/30  coverage=0.2505  prec@K=0.0004  accepted=6  loss=0.5611  (200.0s)
Round   28/30  coverage=0.2505  prec@K=0.0005  accepted=7  loss=0.5579  (204.2s)
Round   29/30  coverage=0.2505  prec@K=0.0004  accepted=6  loss=0.5527  (203.2s)
Round   30/30  coverage=0.2505  prec@K=0.0004  accepted=6  loss=0.5494  (243.6s)

结果已写入 results\online\algo_sweep_sx_askubuntu_v2_constlr_s0\sx_askubuntu_gnn_concat/rounds.csv
