C:\conda\envs\gnn\lib\site-packages\requests\__init__.py:86: RequestsDependencyWarning: Unable to find acceptable character detection dependency (chardet or charset_normalizer).
  warnings.warn(
C:\conda\envs\gnn\lib\site-packages\outdated\__init__.py:36: UserWarning: pkg_resources is deprecated as an API. See https://setuptools.pypa.io/en/latest/pkg_resources.html. The pkg_resources package is slated for removal as early as 2025-11-30. Refrain from using this package or pin to Setuptools<81.
  from pkg_resources import parse_version
Round    1/30  coverage=0.4000  prec@K=0.0004  accepted=8  loss=0.8037  (70.1s)
Round    2/30  coverage=0.4000  prec@K=0.0008  accepted=14  loss=0.8018  (45.7s)
Round    3/30  coverage=0.4000  prec@K=0.0008  accepted=14  loss=0.7996  (54.7s)
Round    4/30  coverage=0.4001  prec@K=0.0005  accepted=9  loss=0.7951  (49.0s)
Round    5/30  coverage=0.4001  prec@K=0.0004  accepted=8  loss=0.7901  (78.5s)
Round    6/30  coverage=0.4001  prec@K=0.0004  accepted=8  loss=0.7838  (70.3s)
Round    7/30  coverage=0.4001  prec@K=0.0003  accepted=5  loss=0.7788  (85.6s)
Round    8/30  coverage=0.4001  prec@K=0.0007  accepted=13  loss=0.7711  (105.8s)
Round    9/30  coverage=0.4001  prec@K=0.0003  accepted=6  loss=0.7671  (78.8s)
Round   10/30  coverage=0.4001  prec@K=0.0007  accepted=12  loss=0.7614  (110.1s)
Round   11/30  coverage=0.4001  prec@K=0.0003  accepted=6  loss=0.7564  (92.5s)
Round   12/30  coverage=0.4001  prec@K=0.0004  accepted=7  loss=0.7518  (131.1s)
Round   13/30  coverage=0.4001  prec@K=0.0002  accepted=4  loss=0.7479  (143.0s)
Round   14/30  coverage=0.4001  prec@K=0.0006  accepted=11  loss=0.7438  (127.8s)
Round   15/30  coverage=0.4002  prec@K=0.0004  accepted=8  loss=0.7397  (127.9s)
Round   16/30  coverage=0.4002  prec@K=0.0003  accepted=5  loss=0.7372  (116.8s)
Round   17/30  coverage=0.4002  prec@K=0.0003  accepted=5  loss=0.7333  (131.2s)
Round   18/30  coverage=0.4002  prec@K=0.0006  accepted=10  loss=0.7300  (153.9s)
Round   19/30  coverage=0.4002  prec@K=0.0001  accepted=1  loss=0.7269  (150.6s)
Round   20/30  coverage=0.4002  prec@K=0.0001  accepted=1  loss=0.7250  (126.0s)
Round   21/30  coverage=0.4002  prec@K=0.0005  accepted=9  loss=0.7225  (143.0s)
Round   22/30  coverage=0.4002  prec@K=0.0001  accepted=2  loss=0.7208  (142.7s)
Round   23/30  coverage=0.4002  prec@K=0.0004  accepted=8  loss=0.7196  (132.1s)
Round   24/30  coverage=0.4002  prec@K=0.0002  accepted=4  loss=0.7185  (130.6s)
Round   25/30  coverage=0.4002  prec@K=0.0002  accepted=4  loss=0.7171  (140.4s)
Round   26/30  coverage=0.4002  prec@K=0.0002  accepted=4  loss=0.7172  (146.4s)
Round   27/30  coverage=0.4002  prec@K=0.0003  accepted=5  loss=0.7159  (159.4s)
Round   28/30  coverage=0.4002  prec@K=0.0004  accepted=7  loss=0.7160  (147.3s)
Round   29/30  coverage=0.4002  prec@K=0.0002  accepted=3  loss=0.7152  (145.8s)
Round   30/30  coverage=0.4002  prec@K=0.0002  accepted=4  loss=0.7160  (162.8s)

结果已写入 results\online\algo_sweep_sx_superuser_v2_ir40_s1\sx_superuser_gnn_sum_h8/rounds.csv
