C:\conda\envs\gnn\lib\site-packages\requests\__init__.py:86: RequestsDependencyWarning: Unable to find acceptable character detection dependency (chardet or charset_normalizer).
  warnings.warn(
C:\conda\envs\gnn\lib\site-packages\outdated\__init__.py:36: UserWarning: pkg_resources is deprecated as an API. See https://setuptools.pypa.io/en/latest/pkg_resources.html. The pkg_resources package is slated for removal as early as 2025-11-30. Refrain from using this package or pin to Setuptools<81.
  from pkg_resources import parse_version
Round    1/30  coverage=0.4000  prec@K=0.0012  accepted=21  loss=nan  (26.7s)
Round    2/30  coverage=0.4001  prec@K=0.0016  accepted=28  loss=nan  (21.2s)
Round    3/30  coverage=0.4001  prec@K=0.0012  accepted=21  loss=nan  (27.6s)
Round    4/30  coverage=0.4001  prec@K=0.0013  accepted=24  loss=nan  (32.0s)
Round    5/30  coverage=0.4001  prec@K=0.0008  accepted=15  loss=nan  (36.0s)
Round    6/30  coverage=0.4001  prec@K=0.0011  accepted=19  loss=nan  (39.7s)
Round    7/30  coverage=0.4002  prec@K=0.0012  accepted=22  loss=nan  (42.8s)
Round    8/30  coverage=0.4002  prec@K=0.0013  accepted=23  loss=nan  (47.1s)
Round    9/30  coverage=0.4002  prec@K=0.0015  accepted=26  loss=nan  (50.8s)
Round   10/30  coverage=0.4003  prec@K=0.0018  accepted=32  loss=nan  (54.0s)
Round   11/30  coverage=0.4003  prec@K=0.0013  accepted=23  loss=nan  (70.9s)
Round   12/30  coverage=0.4003  prec@K=0.0014  accepted=26  loss=nan  (63.0s)
Round   13/30  coverage=0.4003  prec@K=0.0010  accepted=17  loss=nan  (63.3s)
Round   14/30  coverage=0.4004  prec@K=0.0011  accepted=19  loss=nan  (67.5s)
Round   15/30  coverage=0.4004  prec@K=0.0006  accepted=10  loss=nan  (72.4s)
Round   16/30  coverage=0.4004  prec@K=0.0008  accepted=14  loss=nan  (74.6s)
Round   17/30  coverage=0.4004  prec@K=0.0013  accepted=24  loss=nan  (77.3s)
Round   18/30  coverage=0.4005  prec@K=0.0012  accepted=22  loss=nan  (82.1s)
Round   19/30  coverage=0.4005  prec@K=0.0010  accepted=18  loss=nan  (86.8s)
Round   20/30  coverage=0.4005  prec@K=0.0006  accepted=11  loss=nan  (89.2s)
Round   21/30  coverage=0.4005  prec@K=0.0015  accepted=27  loss=nan  (111.3s)
Round   22/30  coverage=0.4005  prec@K=0.0008  accepted=15  loss=nan  (102.6s)
Round   23/30  coverage=0.4006  prec@K=0.0011  accepted=19  loss=nan  (106.1s)
Round   24/30  coverage=0.4006  prec@K=0.0009  accepted=16  loss=nan  (106.8s)
Round   25/30  coverage=0.4006  prec@K=0.0016  accepted=28  loss=nan  (115.9s)
Round   26/30  coverage=0.4006  prec@K=0.0008  accepted=15  loss=nan  (125.1s)
Round   27/30  coverage=0.4007  prec@K=0.0012  accepted=22  loss=nan  (124.6s)
Round   28/30  coverage=0.4007  prec@K=0.0008  accepted=14  loss=nan  (124.0s)
Round   29/30  coverage=0.4007  prec@K=0.0008  accepted=15  loss=nan  (127.8s)
Round   30/30  coverage=0.4007  prec@K=0.0007  accepted=13  loss=nan  (130.1s)

结果已写入 results\online\algo_sweep_sx_superuser_v2_ir40_s1\sx_superuser_aa/rounds.csv
