C:\conda\envs\gnn\lib\site-packages\requests\__init__.py:86: RequestsDependencyWarning: Unable to find acceptable character detection dependency (chardet or charset_normalizer).
  warnings.warn(
C:\conda\envs\gnn\lib\site-packages\outdated\__init__.py:36: UserWarning: pkg_resources is deprecated as an API. See https://setuptools.pypa.io/en/latest/pkg_resources.html. The pkg_resources package is slated for removal as early as 2025-11-30. Refrain from using this package or pin to Setuptools<81.
  from pkg_resources import parse_version
Round    1/30  coverage=0.4000  prec@K=0.0002  accepted=4  loss=0.7057  (48.0s)
Round    2/30  coverage=0.4000  prec@K=0.0004  accepted=8  loss=0.7052  (23.8s)
Round    3/30  coverage=0.4000  prec@K=0.0003  accepted=6  loss=0.7043  (29.7s)
Round    4/30  coverage=0.4000  prec@K=0.0002  accepted=3  loss=0.7028  (37.0s)
Round    5/30  coverage=0.4000  prec@K=0.0002  accepted=3  loss=0.7010  (42.8s)
Round    6/30  coverage=0.4000  prec@K=0.0002  accepted=4  loss=0.6987  (45.1s)
Round    7/30  coverage=0.4000  prec@K=0.0001  accepted=2  loss=0.6964  (57.9s)
Round    8/30  coverage=0.4000  prec@K=0.0003  accepted=5  loss=0.6941  (54.8s)
Round    9/30  coverage=0.4000  prec@K=0.0001  accepted=1  loss=0.6918  (66.0s)
Round   10/30  coverage=0.4000  prec@K=0.0002  accepted=3  loss=0.6896  (77.2s)
Round   11/30  coverage=0.4000  prec@K=0.0002  accepted=3  loss=0.6873  (89.9s)
Round   12/30  coverage=0.4000  prec@K=0.0000  accepted=0  loss=nan  (73.7s)
Round   13/30  coverage=0.4001  prec@K=0.0001  accepted=2  loss=0.6852  (85.9s)
Round   14/30  coverage=0.4001  prec@K=0.0002  accepted=4  loss=0.6831  (79.7s)
Round   15/30  coverage=0.4001  prec@K=0.0002  accepted=3  loss=0.6810  (101.2s)
Round   16/30  coverage=0.4001  prec@K=0.0002  accepted=3  loss=0.6792  (88.0s)
Round   17/30  coverage=0.4001  prec@K=0.0002  accepted=4  loss=0.6772  (88.1s)
Round   18/30  coverage=0.4001  prec@K=0.0003  accepted=5  loss=0.6757  (100.1s)
Round   19/30  coverage=0.4001  prec@K=0.0001  accepted=1  loss=0.6741  (97.7s)
Round   20/30  coverage=0.4001  prec@K=0.0001  accepted=1  loss=0.6726  (103.6s)
Round   21/30  coverage=0.4001  prec@K=0.0003  accepted=6  loss=0.6715  (122.4s)
Round   22/30  coverage=0.4001  prec@K=0.0001  accepted=1  loss=0.6702  (103.2s)
Round   23/30  coverage=0.4001  prec@K=0.0002  accepted=3  loss=0.6693  (106.1s)
Round   24/30  coverage=0.4001  prec@K=0.0003  accepted=5  loss=0.6685  (109.2s)
Round   25/30  coverage=0.4001  prec@K=0.0003  accepted=5  loss=0.6680  (117.0s)
Round   26/30  coverage=0.4001  prec@K=0.0000  accepted=0  loss=nan  (121.6s)
Round   27/30  coverage=0.4001  prec@K=0.0001  accepted=2  loss=0.6672  (135.2s)
Round   28/30  coverage=0.4001  prec@K=0.0001  accepted=1  loss=0.6670  (135.7s)
Round   29/30  coverage=0.4001  prec@K=0.0001  accepted=2  loss=0.6666  (127.3s)
Round   30/30  coverage=0.4001  prec@K=0.0001  accepted=1  loss=0.6664  (136.3s)

结果已写入 results\online\algo_sweep_sx_superuser_v2_ir40_s1\sx_superuser_node_emb/rounds.csv
